Scenario - FeedLearn_B.sce
Logfile written - 09/08/2020 10:01:26

Subject	Trial	Event Type	Code	Time	TTime	Uncertainty	Duration	Uncertainty	ReqTime	ReqDur	Stim Type	Pair Index

PEPE	0	Pulse	199	0	0	NA
PEPE	0	Pulse	199	10000	10000	NA
PEPE	1	Response	16	11493	1160	0
PEPE	2	Picture	fix	11835	0	1	19015	1	0	next	other	0
PEPE	2	Pulse	199	20000	8166	NA
PEPE	2	Pulse	199	30000	18166	NA
PEPE	4	Picture	stim	30849	0	1	4003	1	0	next	hit	8
PEPE	4	Response	16	34534	3685	0
PEPE	5	Picture	feedback	34852	0	1	20182	1	0	next	other	0
PEPE	5	Pulse	199	40000	5148	NA
PEPE	5	Pulse	199	50000	15148	NA
PEPE	6	Picture	fix	55035	0	1	25142	1	0	next	other	0
PEPE	6	Pulse	199	60000	4965	NA
PEPE	6	Response	16	64135	9101	0
PEPE	6	Response	32	65733	10698	0
PEPE	6	Pulse	199	70000	14965	NA
PEPE	6	Quit		73174	18139	NA
