Scenario - 
Logfile written - 03/19/2021 13:37:52

Subject	Trial	Event Type	Code	Time	TTime	Uncertainty	Duration	Uncertainty	ReqTime	ReqDur	Stim Type	Pair Index

G003	1	Response	20	117896	117731	0
G003	2	Picture	start	118045	0	1	743354	231	0	next	other	0
G003	2	Pulse	199	813277	695233	0
G003	2	Pulse	199	825776	707732	0
G003	2	Pulse	199	838277	720232	0
G003	2	Pulse	199	840117	722072	0
G003	2	Pulse	199	850777	732732	0
G003	2	Response	20	861397	743352	0
G003	3	Picture	100	861399	1	231	50134	231	0	50000	other	0
G003	3	Pulse	199	863277	1879	0
G003	3	Pulse	199	875776	14379	0
G003	3	Pulse	199	888276	26879	0
G003	3	Pulse	199	900776	39379	0
G003	4	Picture	70	911698	0	1	7129	1	0	7000	other	0
G003	4	Pulse	199	913277	1578	0
G003	5	Picture	40	918993	0	1	4476	1	0	4350	other	0
G003	6	Picture	70	923636	0	1	7129	1	0	7000	other	0
G003	6	Pulse	199	925777	2141	0
G003	7	Picture	40	930931	0	1	2155	1	0	1990	other	0
G003	8	Picture	70	933252	0	1	7129	1	0	7000	other	0
G003	8	Pulse	199	938277	5025	0
G003	9	Picture	40	940547	0	1	2984	1	0	2860	other	0
G003	10	Picture	70	943697	0	1	7129	1	0	7000	other	0
G003	10	Pulse	199	950777	7080	0
G003	11	Picture	40	950991	0	1	1824	1	0	1780	other	0
G003	12	Picture	70	952981	0	1	7129	1	0	7000	other	0
G003	13	Picture	40	960276	0	1	3813	1	0	3660	other	0
G003	13	Pulse	199	963277	3001	0
G003	14	Picture	70	964255	0	1	7129	1	0	7000	other	0
G003	15	Picture	40	971550	0	1	2819	1	0	2690	other	0
G003	16	Picture	70	974534	0	1	7129	1	0	7000	other	0
G003	16	Pulse	199	975777	1243	0
G003	17	Picture	40	981829	0	1	2155	1	0	2130	other	0
G003	18	Picture	70	984150	0	1	7129	1	0	7000	other	0
G003	18	Pulse	199	988277	4127	0
G003	19	Picture	40	991445	0	1	3482	1	0	3310	other	0
G003	20	Picture	70	995093	0	1	7129	1	0	7000	other	0
G003	20	Pulse	199	1000776	5684	0
G003	21	Picture	40	1002387	0	1	2653	1	0	2490	other	0
G003	22	Picture	70	1005206	0	1	7129	1	0	7000	other	0
G003	23	Picture	40	1012501	0	1	2155	1	0	2140	other	0
G003	23	Pulse	199	1013276	776	0
G003	24	Picture	50	1014666	0	156	30164	157	0	next	other	0
G003	24	Pulse	199	1025776	11110	0
G003	24	Pulse	199	1038277	23611	0
G003	25	Picture	80	1044831	0	1	7129	1	0	7000	other	0
G003	25	Pulse	199	1050777	5946	0
G003	26	Picture	40	1052126	0	1	2818	1	0	2690	other	0
G003	27	Picture	80	1055110	0	1	7129	1	0	7000	other	0
G003	28	Picture	40	1062405	0	1	1824	1	0	1780	other	0
G003	28	Pulse	199	1063277	872	0
G003	29	Picture	80	1064394	0	1	7129	1	0	7000	other	0
G003	30	Picture	40	1071689	0	1	3482	1	0	3310	other	0
G003	31	Picture	85	1075337	0	1	7129	1	0	7000	hit	56
G003	31	Pulse	199	1075777	440	0
G003	31	Response	25	1079067	3730	0
G003	32	Picture	40	1082632	0	1	2653	1	0	2490	other	0
G003	33	Picture	80	1085450	0	1	7129	1	0	7000	other	0
G003	33	Pulse	199	1088277	2826	0
G003	34	Picture	40	1092745	0	1	3813	1	0	3660	other	0
G003	35	Picture	80	1096724	0	1	7129	1	0	7000	other	0
G003	35	Pulse	199	1100777	4053	0
G003	36	Picture	40	1104019	0	1	2155	1	0	1990	other	0
G003	37	Picture	80	1106340	0	1	7129	1	0	7000	other	0
G003	37	Pulse	199	1113276	6936	0
G003	38	Picture	40	1113635	0	1	4477	1	0	4350	other	0
G003	39	Picture	80	1118277	0	1	7129	1	0	7000	other	0
G003	40	Picture	40	1125572	0	1	2155	1	0	2140	other	0
G003	40	Pulse	199	1125776	204	0
G003	41	Picture	80	1127737	0	322	7119	322	0	7000	other	0
G003	42	Picture	40	1135022	0	1	2984	1	0	2860	other	0
G003	43	Picture	80	1138172	0	1	7129	1	0	7000	other	0
G003	43	Pulse	199	1138276	104	0
G003	44	Picture	40	1145467	0	1	2155	1	0	2130	other	0
G003	45	Picture	50	1147788	0	1	50070	1	0	next	other	0
G003	45	Pulse	199	1150777	2989	0
G003	45	Pulse	199	1163276	15488	0
G003	45	Pulse	199	1175777	27988	0
G003	45	Pulse	199	1188276	40488	0
G003	46	Picture	90	1197858	0	1	7129	1	0	7000	other	0
G003	46	Pulse	199	1200777	2919	0
G003	47	Picture	40	1205153	0	1	3482	1	0	3310	other	0
G003	48	Picture	90	1208800	0	1	7129	1	0	7000	other	0
G003	48	Pulse	199	1213276	4476	0
G003	49	Picture	40	1216095	0	1	2155	1	0	1990	other	0
G003	50	Picture	95	1218416	0	1	7129	1	0	7000	hit	87
G003	50	Response	25	1222816	4400	0
G003	51	Picture	40	1225711	0	1	2155	1	0	2140	other	0
G003	51	Pulse	199	1225777	65	0
G003	52	Picture	90	1228033	0	1	7129	1	0	7000	other	0
G003	53	Picture	40	1235327	0	1	4476	1	0	4350	other	0
G003	53	Pulse	199	1238276	2949	0
G003	54	Picture	90	1239970	0	1	7129	1	0	7000	other	0
G003	55	Picture	40	1247265	0	1	2653	1	0	2490	other	0
G003	56	Picture	90	1250083	0	1	7129	1	0	7000	other	0
G003	56	Pulse	199	1250777	694	0
G003	57	Picture	40	1257378	0	1	2819	1	0	2690	other	0
G003	58	Picture	90	1260362	0	1	7129	1	0	7000	other	0
G003	58	Pulse	199	1263276	2914	0
G003	59	Picture	40	1267657	0	1	1824	1	0	1780	other	0
G003	60	Picture	90	1269647	0	1	7129	1	0	7000	other	0
G003	60	Pulse	199	1275777	6130	0
G003	61	Picture	40	1276942	0	1	3813	1	0	3660	other	0
G003	62	Picture	90	1280921	0	1	7129	1	0	7000	other	0
G003	63	Picture	40	1288216	0	1	2155	1	0	2130	other	0
G003	63	Pulse	199	1288276	61	0
G003	64	Picture	90	1290537	0	1	7129	1	0	7000	other	0
G003	65	Picture	40	1297832	0	1	2984	1	0	2860	other	0
G003	65	Pulse	199	1300777	2945	0
G003	66	Picture	50	1300982	0	1	70131	1	0	next	other	0
G003	66	Pulse	199	1313277	12295	0
G003	66	Pulse	199	1325777	24795	0
G003	66	Pulse	199	1338277	37295	0
G003	66	Pulse	199	1350776	49794	0
G003	66	Pulse	199	1363277	62295	0
G003	67	Picture	60	1371112	0	1	7129	1	0	7000	other	0
G003	67	Pulse	199	1375777	4665	0
G003	68	Picture	40	1378407	0	1	2984	1	0	2860	other	0
G003	69	Picture	60	1381557	0	1	7129	1	0	7000	other	0
G003	69	Pulse	199	1388277	6720	0
G003	70	Picture	40	1388852	0	1	1824	1	0	1780	other	0
G003	71	Picture	65	1390842	0	1	7129	1	0	7000	hit	123
G003	71	Response	25	1395197	4355	0
G003	72	Picture	40	1398137	0	1	2155	1	0	1990	other	0
G003	73	Picture	60	1400458	0	1	7129	1	0	7000	other	0
G003	73	Pulse	199	1400777	319	0
G003	74	Picture	40	1407753	0	1	3482	1	0	3310	other	0
G003	75	Picture	60	1411400	0	1	7129	1	0	7000	other	0
G003	75	Pulse	199	1413277	1877	0
G003	76	Picture	40	1418695	0	1	2819	1	0	2690	other	0
G003	77	Picture	60	1421679	0	1	7129	1	0	7000	other	0
G003	77	Pulse	199	1425777	4097	0
G003	78	Picture	40	1428974	0	1	2155	1	0	2140	other	0
G003	79	Picture	60	1431295	0	1	7129	1	0	7000	other	0
G003	79	Pulse	199	1438277	6982	0
G003	80	Picture	40	1438590	0	1	4476	1	0	4350	other	0
G003	81	Picture	60	1443232	0	1	7129	1	0	7000	other	0
G003	82	Picture	40	1450527	0	1	2155	1	0	2130	other	0
G003	82	Pulse	199	1450777	249	0
G003	83	Picture	65	1452848	0	1	7129	1	0	7000	hit	141
G003	83	Response	25	1458047	5199	0
G003	84	Picture	40	1460143	0	1	2653	1	0	2490	other	0
G003	85	Picture	60	1462962	0	1	7129	1	0	7000	other	0
G003	85	Pulse	199	1463277	315	0
G003	86	Picture	40	1470257	0	1	3813	1	0	3660	other	0
G003	87	Picture	50	1474236	0	1	90192	1	0	next	other	0
G003	87	Pulse	199	1475777	1541	0
G003	87	Pulse	199	1488277	14041	0
G003	87	Pulse	199	1500777	26541	0
G003	87	Pulse	199	1513277	39042	0
G003	87	Pulse	199	1525777	51541	0
G003	87	Pulse	199	1538277	64041	0
G003	87	Pulse	199	1550777	76541	0
G003	87	Pulse	199	1563277	89041	0
G003	88	Picture	70	1564428	0	1	7129	1	0	7000	other	0
G003	89	Picture	40	1571722	0	1	2818	1	0	2690	other	0
G003	90	Picture	70	1574707	0	1	7129	1	0	7000	other	0
G003	90	Pulse	199	1575777	1070	0
G003	91	Picture	40	1582002	0	1	3482	1	0	3310	other	0
G003	92	Picture	70	1585649	0	1	7129	1	0	7000	other	0
G003	92	Pulse	199	1588277	2628	0
G003	93	Picture	40	1592944	0	1	2155	1	0	2130	other	0
G003	94	Picture	70	1595265	0	1	7129	1	0	7000	other	0
G003	94	Pulse	199	1600777	5512	0
G003	95	Picture	40	1602560	0	1	2653	1	0	2490	other	0
G003	96	Picture	70	1605379	0	1	7129	1	0	7000	other	0
G003	97	Picture	40	1612673	0	1	3813	1	0	3660	other	0
G003	97	Pulse	199	1613277	604	0
G003	98	Picture	75	1616653	0	1	7129	1	0	7000	hit	170
G003	98	Response	25	1619667	3014	0
G003	99	Picture	40	1623947	0	1	4476	1	0	4350	other	0
G003	99	Pulse	199	1625777	1830	0
G003	100	Picture	70	1628589	0	1	7129	1	0	7000	other	0
G003	101	Picture	40	1635885	0	1	2155	1	0	2140	other	0
G003	102	Picture	70	1638050	0	322	7119	322	0	7000	other	0
G003	102	Pulse	199	1638277	227	0
G003	103	Picture	40	1645335	0	1	1824	1	0	1780	other	0
G003	104	Picture	70	1647324	0	1	7129	1	0	7000	other	0
G003	104	Pulse	199	1650777	3453	0
G003	105	Picture	40	1654619	0	1	2155	1	0	1990	other	0
G003	106	Picture	70	1656940	0	1	7129	1	0	7000	other	0
G003	106	Pulse	199	1663277	6337	0
G003	107	Picture	40	1664235	0	1	2984	1	0	2860	other	0
G003	108	Picture	50	1667385	0	1	90192	1	0	next	other	0
G003	108	Pulse	199	1675777	8391	0
G003	108	Pulse	199	1688276	20891	0
G003	108	Pulse	199	1700777	33391	0
G003	108	Pulse	199	1713277	45892	0
G003	108	Pulse	199	1725777	58392	0
G003	108	Pulse	199	1738277	70892	0
G003	108	Pulse	199	1750777	83392	0
G003	109	Picture	80	1757577	0	1	7129	1	0	7000	other	0
G003	109	Pulse	199	1763277	5700	0
G003	110	Picture	40	1764872	0	1	2155	1	0	1990	other	0
G003	111	Picture	80	1767193	0	1	7129	1	0	7000	other	0
G003	112	Picture	40	1774488	0	1	2984	1	0	2860	other	0
G003	112	Pulse	199	1775777	1289	0
G003	113	Picture	80	1777638	0	1	7129	1	0	7000	other	0
G003	114	Picture	40	1784933	0	1	1824	1	0	1780	other	0
G003	115	Picture	85	1786923	0	1	7129	1	0	7000	hit	202
G003	115	Pulse	199	1788277	1354	0
G003	115	Response	25	1791077	4155	0
G003	116	Picture	40	1794217	0	1	2818	1	0	2690	other	0
G003	117	Picture	80	1797202	0	1	7129	1	0	7000	other	0
G003	117	Pulse	199	1800777	3575	0
G003	118	Picture	40	1804497	0	1	3813	1	0	3660	other	0
G003	119	Picture	80	1808476	0	1	7129	1	0	7000	other	0
G003	119	Pulse	199	1813278	4802	0
G003	120	Picture	40	1815771	0	1	2653	1	0	2490	other	0
G003	121	Picture	80	1818589	0	1	7129	1	0	7000	other	0
G003	121	Pulse	199	1825778	7188	0
G003	122	Picture	40	1825884	0	1	4476	1	0	4350	other	0
G003	123	Picture	80	1830526	0	1	7129	1	0	7000	other	0
G003	124	Picture	40	1837821	0	1	3482	1	0	3310	other	0
G003	124	Pulse	199	1838277	456	0
G003	125	Picture	80	1841469	0	1	7129	1	0	7000	other	0
G003	126	Picture	40	1848763	0	1	2155	1	0	2140	other	0
G003	126	Pulse	199	1850787	2024	0
G003	127	Picture	80	1850929	0	156	7119	157	0	7000	other	0
G003	128	Picture	40	1858214	0	1	2155	1	0	2130	other	0
G003	129	Picture	50	1860535	0	1	70131	1	0	next	other	0
G003	129	Pulse	199	1863277	2742	0
G003	129	Pulse	199	1875787	15252	0
G003	129	Pulse	199	1888286	27752	0
G003	129	Pulse	199	1900787	40252	0
G003	129	Pulse	199	1913286	52752	0
G003	129	Pulse	199	1925787	65252	0
G003	130	Picture	90	1930665	0	1	7129	1	0	7000	other	0
G003	131	Picture	40	1937960	0	1	2155	1	0	2130	other	0
G003	131	Pulse	199	1938287	326	0
G003	132	Picture	90	1940282	0	1	7129	1	0	7000	other	0
G003	133	Picture	40	1947576	0	1	2653	1	0	2490	other	0
G003	134	Picture	90	1950395	0	1	7129	1	0	7000	other	0
G003	134	Pulse	199	1950787	393	0
G003	135	Picture	40	1957690	0	1	2155	1	0	1990	other	0
G003	136	Picture	95	1960011	0	1	7129	1	0	7000	hit	238
G003	136	Pulse	199	1963287	3276	0
G003	136	Response	25	1964837	4826	0
G003	137	Picture	40	1967306	0	1	2155	1	0	2140	other	0
G003	138	Picture	90	1969471	0	322	7119	322	0	7000	other	0
G003	138	Pulse	199	1975787	6316	0
G003	139	Picture	40	1976756	0	1	1824	1	0	1780	other	0
G003	140	Picture	90	1978746	0	1	7129	1	0	7000	other	0
G003	141	Picture	40	1986041	0	1	4476	1	0	4350	other	0
G003	141	Pulse	199	1988287	2246	0
G003	142	Picture	95	1990683	0	1	7129	1	0	7000	hit	247
G003	142	Response	25	1995228	4545	0
G003	143	Picture	40	1997978	0	1	2818	1	0	2690	other	0
G003	143	Pulse	199	2000787	2810	1
G003	144	Picture	90	2000962	0	1	7129	1	0	7000	other	0
G003	145	Picture	40	2008257	0	1	2984	1	0	2860	other	0
G003	146	Picture	90	2011407	0	1	7129	1	0	7000	other	0
G003	146	Pulse	199	2013287	1880	0
G003	147	Picture	40	2018702	0	1	3482	1	0	3310	other	0
G003	148	Picture	90	2022349	0	1	7129	1	0	7000	other	0
G003	148	Pulse	199	2025786	3437	0
G003	149	Picture	40	2029644	0	1	3813	1	0	3660	other	0
G003	150	Picture	50	2033623	0	1	50070	1	0	next	other	0
G003	150	Pulse	199	2038287	4664	0
G003	150	Pulse	199	2050787	17164	0
G003	150	Pulse	199	2063287	29664	0
G003	150	Pulse	199	2075787	42164	0
G003	151	Picture	60	2083693	0	1	7129	1	0	7000	other	0
G003	151	Pulse	199	2088288	4595	0
G003	152	Picture	40	2090988	0	1	2155	1	0	2140	other	0
G003	153	Picture	60	2093153	0	322	7119	322	0	7000	other	0
G003	154	Picture	40	2100438	0	1	2653	1	0	2490	other	0
G003	154	Pulse	199	2100788	349	0
G003	155	Picture	60	2103257	0	1	7129	1	0	7000	other	0
G003	156	Picture	40	2110551	0	1	2818	1	0	2690	other	0
G003	156	Pulse	199	2113287	2736	0
G003	157	Picture	60	2113536	0	1	7129	1	0	7000	other	0
G003	158	Picture	40	2120831	0	1	2984	1	0	2860	other	0
G003	159	Picture	60	2123981	0	1	7129	1	0	7000	other	0
G003	159	Pulse	199	2125787	1806	0
G003	160	Picture	40	2131276	0	1	4476	1	0	4350	other	0
G003	161	Picture	60	2135918	0	1	7129	1	0	7000	other	0
G003	161	Pulse	199	2138287	2369	0
G003	162	Picture	40	2143213	0	1	2155	1	0	1990	other	0
G003	163	Picture	60	2145534	0	1	7129	1	0	7000	other	0
G003	163	Pulse	199	2150787	5253	0
G003	164	Picture	40	2152829	0	1	1824	1	0	1780	other	0
G003	165	Picture	60	2154818	0	1	7129	1	0	7000	other	0
G003	166	Picture	40	2162113	0	1	3482	1	0	3310	other	0
G003	166	Pulse	199	2163288	1174	0
G003	167	Picture	60	2165761	0	1	7129	1	0	7000	other	0
G003	168	Picture	40	2173056	0	1	2155	1	0	2130	other	0
G003	169	Picture	60	2175377	0	1	7129	1	0	7000	other	0
G003	169	Pulse	199	2175788	411	0
G003	170	Picture	40	2182672	0	1	3813	1	0	3660	other	0
G003	171	Picture	50	2186651	0	1	30174	1	0	next	other	0
G003	171	Pulse	199	2188288	1637	0
G003	171	Pulse	199	2200787	14137	0
G003	171	Pulse	199	2213287	26637	0
G003	172	Picture	70	2216825	0	1	7129	1	0	7000	other	0
G003	173	Picture	40	2224120	0	1	2155	1	0	1990	other	0
G003	173	Pulse	199	2225788	1668	0
G003	174	Picture	70	2226441	0	1	7129	1	0	7000	other	0
G003	175	Picture	40	2233736	0	1	2819	1	0	2690	other	0
G003	176	Picture	70	2236720	0	1	7129	1	0	7000	other	0
G003	176	Pulse	199	2238287	1567	0
G003	177	Picture	40	2244015	0	1	2155	1	0	2130	other	0
G003	178	Picture	70	2246336	0	1	7129	1	0	7000	other	0
G003	178	Pulse	199	2250787	4451	0
G003	179	Picture	40	2253631	0	1	2653	1	0	2490	other	0
G003	180	Picture	70	2256450	0	1	7129	1	0	7000	other	0
G003	180	Pulse	199	2263287	6837	0
G003	181	Picture	40	2263745	0	1	4476	1	0	4350	other	0
G003	182	Picture	70	2268387	0	1	7129	1	0	7000	other	0
G003	183	Picture	40	2275682	0	1	2155	1	0	2140	other	0
G003	183	Pulse	199	2275787	106	0
G003	184	Picture	70	2277847	0	156	7119	156	0	7000	other	0
G003	185	Picture	40	2285132	0	1	2984	1	0	2860	other	0
G003	186	Picture	70	2288282	0	1	7129	1	0	7000	other	0
G003	186	Pulse	199	2288287	5	0
G003	187	Picture	40	2295577	0	1	3813	1	0	3660	other	0
G003	188	Picture	70	2299556	0	1	7129	1	0	7000	other	0
G003	188	Pulse	199	2300788	1232	0
G003	189	Picture	40	2306851	0	1	3482	1	0	3310	other	0
G003	190	Picture	75	2310498	0	1	7129	1	0	7000	hit	322
G003	190	Pulse	199	2313288	2789	0
G003	190	Response	25	2315398	4899	0
G003	191	Picture	40	2317793	0	1	1824	1	0	1780	other	0
G003	192	Picture	50	2319783	0	1	70131	1	0	next	other	0
G003	192	Pulse	199	2325788	6005	0
G003	192	Pulse	199	2338287	18504	0
G003	192	Pulse	199	2350787	31004	0
G003	192	Pulse	199	2363287	43504	0
G003	192	Pulse	199	2375787	56004	0
G003	192	Pulse	199	2388288	68505	0
G003	193	Picture	80	2389914	0	1	7129	1	0	7000	other	0
G003	194	Picture	40	2397208	0	1	2984	1	0	2860	other	0
G003	195	Picture	80	2400359	0	1	7129	1	0	7000	other	0
G003	195	Pulse	199	2400788	429	0
G003	196	Picture	40	2407653	0	1	3813	1	0	3660	other	0
G003	197	Picture	80	2411632	0	1	7129	1	0	7000	other	0
G003	197	Pulse	199	2413288	1655	0
G003	198	Picture	40	2418927	0	1	4476	1	0	4350	other	0
G003	199	Picture	85	2423570	0	1	7129	1	0	7000	hit	341
G003	199	Pulse	199	2425787	2218	0
G003	199	Response	25	2427478	3908	0
G003	200	Picture	40	2430865	0	1	2155	1	0	2130	other	0
G003	201	Picture	80	2433186	0	1	7129	1	0	7000	other	0
G003	201	Pulse	199	2438288	5102	0
G003	202	Picture	40	2440481	0	1	1824	1	0	1780	other	0
G003	203	Picture	85	2442470	0	1	7129	1	0	7000	hit	347
G003	203	Response	25	2446387	3917	0
G003	204	Picture	40	2449765	0	1	3482	1	0	3310	other	0
G003	204	Pulse	199	2450787	1022	0
G003	205	Picture	80	2453412	0	1	7129	1	0	7000	other	0
G003	206	Picture	40	2460707	0	1	2155	1	0	2140	other	0
G003	207	Picture	80	2463029	0	1	7129	1	0	7000	other	0
G003	207	Pulse	199	2463287	258	0
G003	208	Picture	40	2470323	0	1	2653	1	0	2490	other	0
G003	209	Picture	80	2473142	0	1	7129	1	0	7000	other	0
G003	209	Pulse	199	2475787	2645	0
G003	210	Picture	40	2480437	0	1	2819	1	0	2690	other	0
G003	211	Picture	80	2483421	0	1	7129	1	0	7000	other	0
G003	211	Pulse	199	2488288	4866	0
G003	212	Picture	40	2490716	0	1	2155	1	0	1990	other	0
G003	213	Picture	50	2493037	0	1	30174	1	0	next	other	0
G003	213	Pulse	199	2500787	7750	0
G003	213	Pulse	199	2513288	20250	0
G003	214	Picture	90	2523212	0	1	7129	1	0	7000	other	0
G003	214	Pulse	199	2525788	2576	0
G003	215	Picture	40	2530506	0	1	2155	1	0	2130	other	0
G003	216	Picture	90	2532828	0	1	7129	1	0	7000	other	0
G003	216	Pulse	199	2538288	5460	0
G003	217	Picture	40	2540122	0	1	3813	1	0	3660	other	0
G003	218	Picture	90	2544102	0	1	7129	1	0	7000	other	0
G003	218	Pulse	199	2550788	6686	0
G003	219	Picture	40	2551396	0	1	2155	1	0	2140	other	0
G003	220	Picture	90	2553718	0	1	7129	1	0	7000	other	0
G003	221	Picture	40	2561012	0	1	2155	1	0	1990	other	0
G003	221	Pulse	199	2563287	2275	0
G003	222	Picture	90	2563334	0	1	7129	1	0	7000	other	0
G003	223	Picture	40	2570628	0	1	3482	1	0	3310	other	0
G003	224	Picture	90	2574276	0	1	7129	1	0	7000	other	0
G003	224	Pulse	199	2575787	1511	0
G003	225	Picture	40	2581571	0	1	2653	1	0	2490	other	0
G003	226	Picture	90	2584389	0	1	7129	1	0	7000	other	0
G003	226	Pulse	199	2588288	3898	0
G003	227	Picture	40	2591684	0	1	1824	1	0	1780	other	0
G003	228	Picture	90	2593674	0	1	7129	1	0	7000	other	0
G003	228	Pulse	199	2600788	7114	0
G003	229	Picture	40	2600969	0	1	4476	1	0	4350	other	0
G003	230	Picture	90	2605611	0	1	7129	1	0	7000	other	0
G003	231	Picture	40	2612906	0	1	2818	1	0	2690	other	0
G003	231	Pulse	199	2613288	382	0
G003	232	Picture	90	2615890	0	1	7129	1	0	7000	other	0
G003	233	Picture	40	2623185	0	1	2984	1	0	2860	other	0
G003	233	Pulse	199	2625788	2603	0
G003	234	Picture	50	2626335	0	1	90192	1	0	next	other	0
G003	234	Pulse	199	2638288	11953	0
G003	234	Pulse	199	2650788	24453	0
G003	234	Pulse	199	2663288	36953	0
G003	234	Pulse	199	2675787	49452	0
G003	234	Pulse	199	2688287	61952	0
G003	234	Pulse	199	2700787	74452	0
G003	234	Pulse	199	2713288	86953	0
G003	235	Picture	60	2716527	0	1	7129	1	0	7000	other	0
G003	236	Picture	40	2723822	0	1	2155	1	0	2130	other	0
G003	236	Pulse	199	2725788	1966	0
G003	237	Picture	60	2726143	0	1	7129	1	0	7000	other	0
G003	238	Picture	40	2733438	0	1	2653	1	0	2490	other	0
G003	239	Picture	60	2736256	0	1	7129	1	0	7000	other	0
G003	239	Pulse	199	2738288	2032	0
G003	240	Picture	40	2743551	0	1	3813	1	0	3660	other	0
G003	241	Picture	60	2747530	0	1	7129	1	0	7000	other	0
G003	241	Pulse	199	2750788	3258	0
G003	242	Picture	40	2754825	0	1	2819	1	0	2690	other	0
G003	243	Picture	60	2757809	0	1	7129	1	0	7000	other	0
G003	243	Pulse	199	2763288	5479	0
G003	244	Picture	40	2765104	0	1	2155	1	0	1990	other	0
G003	245	Picture	60	2767425	0	1	7129	1	0	7000	other	0
G003	246	Picture	40	2774720	0	1	2155	1	0	2140	other	0
G003	246	Pulse	199	2775788	1068	0
G003	247	Picture	60	2776886	0	156	7119	157	0	7000	other	0
G003	248	Picture	40	2784171	0	1	4476	1	0	4350	other	0
G003	248	Pulse	199	2788288	4117	0
G003	249	Picture	60	2788813	0	1	7129	1	0	7000	other	0
G003	250	Picture	40	2796108	0	1	3482	1	0	3310	other	0
G003	251	Picture	60	2799755	0	1	7129	1	0	7000	other	0
G003	251	Pulse	199	2800787	1032	0
G003	252	Picture	40	2807050	0	1	1824	1	0	1780	other	0
G003	253	Picture	65	2809040	0	1	7129	1	0	7000	hit	428
G003	253	Pulse	199	2813287	4248	0
G003	253	Response	25	2814317	5277	0
G003	254	Picture	40	2816334	0	1	2984	1	0	2860	other	0
G003	255	Picture	50	2819485	0	1	50070	1	0	next	other	0
G003	255	Pulse	199	2825788	6304	0
G003	255	Pulse	199	2838288	18803	0
G003	255	Pulse	199	2850788	31303	0
G003	255	Pulse	199	2863287	43803	0
G003	256	Picture	70	2869554	0	1	7129	1	0	7000	other	0
G003	256	Pulse	199	2875788	6234	0
G003	257	Picture	40	2876849	0	1	3813	1	0	3660	other	0
G003	258	Picture	70	2880828	0	1	7129	1	0	7000	other	0
G003	259	Picture	40	2888123	0	1	2155	1	0	1990	other	0
G003	259	Pulse	199	2888288	165	0
G003	260	Picture	70	2890444	0	1	7129	1	0	7000	other	0
G003	261	Picture	40	2897739	0	1	4476	1	0	4350	other	0
G003	261	Pulse	199	2900788	3048	0
G003	262	Picture	75	2902381	0	1	7129	1	0	7000	hit	445
G003	262	Response	25	2906368	3986	0
G003	263	Picture	40	2909676	0	1	2984	1	0	2860	other	0
G003	264	Picture	70	2912826	0	1	7129	1	0	7000	other	0
G003	264	Pulse	199	2913287	461	0
G003	265	Picture	40	2920121	0	1	3482	1	0	3310	other	0
G003	266	Picture	70	2923769	0	1	7129	1	0	7000	other	0
G003	266	Pulse	199	2925787	2019	0
G003	267	Picture	40	2931064	0	1	1824	1	0	1780	other	0
G003	268	Picture	75	2933053	0	1	7129	1	0	7000	hit	454
G003	268	Response	25	2936928	3875	0
G003	268	Pulse	199	2938287	5234	0
G003	269	Picture	40	2940348	0	1	2653	1	0	2490	other	0
G003	270	Picture	70	2943167	0	1	7129	1	0	7000	other	0
G003	271	Picture	40	2950461	0	1	2819	1	0	2690	other	0
G003	271	Pulse	199	2950788	326	0
G003	272	Picture	70	2953446	0	1	7129	1	0	7000	other	0
G003	273	Picture	40	2960741	0	1	2155	1	0	2140	other	0
G003	274	Picture	70	2962906	0	322	7119	322	0	7000	other	0
G003	274	Pulse	199	2963288	382	0
G003	275	Picture	40	2970191	0	1	2155	1	0	2130	other	0
G003	276	Picture	50	2972512	0	1	50070	1	0	next	other	0
G003	276	Pulse	199	2975788	3276	0
G003	276	Pulse	199	2988288	15776	0
G003	276	Pulse	199	3000788	28276	0
G003	276	Pulse	199	3013287	40775	0
G003	277	Picture	80	3022582	0	1	7129	1	0	7000	other	0
G003	277	Pulse	199	3025787	3206	0
G003	278	Picture	40	3029877	0	1	2984	1	0	2860	other	0
G003	279	Picture	80	3033027	0	1	7129	1	0	7000	other	0
G003	279	Pulse	199	3038288	5261	0
G003	280	Picture	40	3040322	0	1	2155	1	0	1990	other	0
G003	281	Picture	80	3042643	0	1	7129	1	0	7000	other	0
G003	282	Picture	40	3049938	0	1	2155	1	0	2140	other	0
G003	282	Pulse	199	3050788	850	0
G003	283	Picture	80	3052259	0	1	7129	1	0	7000	other	0
G003	284	Picture	40	3059554	0	1	3482	1	0	3310	other	0
G003	285	Picture	80	3063201	0	1	7129	1	0	7000	other	0
G003	285	Pulse	199	3063288	87	0
G003	286	Picture	40	3070496	0	1	1824	1	0	1780	other	0
G003	287	Picture	80	3072486	0	1	7129	1	0	7000	other	0
G003	287	Pulse	199	3075788	3303	0
G003	288	Picture	40	3079780	0	1	3813	1	0	3660	other	0
G003	289	Picture	80	3083759	0	1	7129	1	0	7000	other	0
G003	289	Pulse	199	3088288	4529	0
G003	290	Picture	40	3091054	0	1	2819	1	0	2690	other	0
G003	291	Picture	80	3094039	0	1	7129	1	0	7000	other	0
G003	291	Pulse	199	3100788	6749	0
G003	292	Picture	40	3101334	0	1	2653	1	0	2490	other	0
G003	293	Picture	80	3104152	0	1	7129	1	0	7000	other	0
G003	294	Picture	40	3111447	0	1	4476	1	0	4350	other	0
G003	294	Pulse	199	3113288	1841	0
G003	295	Picture	80	3116089	0	1	7129	1	0	7000	other	0
G003	296	Picture	40	3123384	0	1	2155	1	0	2130	other	0
G003	297	Picture	50	3125705	0	1	90192	1	0	next	other	0
G003	297	Pulse	199	3125788	83	0
G003	297	Pulse	199	3138288	12582	0
G003	297	Pulse	199	3150787	25082	0
G003	297	Pulse	199	3163288	37583	0
G003	297	Pulse	199	3175788	50083	0
G003	297	Pulse	199	3188288	62583	0
G003	297	Pulse	199	3200788	75083	0
G003	297	Pulse	199	3213288	87583	0
G003	298	Picture	90	3215897	0	1	7129	1	0	7000	other	0
G003	298	Response	20	3219938	4041	0
G003	299	Picture	40	3223192	0	1	3813	1	0	3660	other	0
G003	299	Pulse	199	3225788	2596	0
G003	300	Picture	90	3227171	0	1	7129	1	0	7000	other	0
G003	301	Picture	40	3234466	0	1	2155	1	0	2140	other	0
G003	302	Picture	90	3236631	0	322	7119	323	0	7000	other	0
G003	302	Pulse	199	3238288	1657	0
G003	303	Picture	40	3243916	0	1	1824	1	0	1780	other	0
G003	304	Picture	90	3245906	0	1	7129	1	0	7000	other	0
G003	304	Pulse	199	3250788	4882	0
G003	305	Picture	40	3253200	0	1	4476	1	0	4350	other	0
G003	306	Picture	90	3257843	0	1	7129	1	0	7000	other	0
G003	306	Pulse	199	3263288	5445	0
G003	307	Picture	40	3265138	0	1	2155	1	0	2130	other	0
G003	308	Picture	90	3267459	0	1	7129	1	0	7000	other	0
G003	309	Picture	40	3274754	0	1	2653	1	0	2490	other	0
G003	309	Pulse	199	3275788	1035	0
G003	310	Picture	90	3277572	0	1	7129	1	0	7000	other	0
G003	311	Picture	40	3284867	0	1	2818	1	0	2690	other	0
G003	312	Picture	90	3287851	0	1	7129	1	0	7000	other	0
G003	312	Pulse	199	3288288	437	0
G003	313	Picture	40	3295146	0	1	2155	1	0	1990	other	0
G003	314	Picture	90	3297467	0	1	7129	1	0	7000	other	0
G003	314	Pulse	199	3300788	3321	0
G003	315	Picture	40	3304762	0	1	3482	1	0	3310	other	0
G003	316	Picture	95	3308410	0	1	7129	1	0	7000	hit	534
G003	316	Response	25	3311928	3518	0
G003	316	Pulse	199	3313288	4878	0
G003	317	Picture	40	3315705	0	1	2984	1	0	2860	other	0
G003	318	Picture	50	3318855	0	1	30174	1	0	next	other	0
G003	318	Pulse	199	3325788	6933	0
G003	318	Pulse	199	3338288	19433	0
G003	319	Picture	60	3349029	0	1	7129	1	0	7000	other	0
G003	319	Pulse	199	3350788	1758	0
G003	320	Picture	40	3356324	0	1	2984	1	0	2860	other	0
G003	321	Picture	60	3359474	0	1	7129	1	0	7000	other	0
G003	321	Pulse	199	3363288	3813	0
G003	322	Picture	40	3366769	0	1	2155	1	0	2130	other	0
G003	323	Picture	60	3369090	0	1	7129	1	0	7000	other	0
G003	323	Pulse	199	3375788	6698	0
G003	324	Picture	40	3376385	0	1	3482	1	0	3310	other	0
G003	325	Picture	60	3380033	0	1	7129	1	0	7000	other	0
G003	326	Picture	40	3387327	0	1	2818	1	0	2690	other	0
G003	326	Pulse	199	3388288	961	0
G003	327	Picture	60	3390312	0	1	7129	1	0	7000	other	0
G003	328	Picture	40	3397607	0	1	1824	1	0	1780	other	0
G003	329	Picture	60	3399596	0	1	7129	1	0	7000	other	0
G003	329	Pulse	199	3400788	1192	0
G003	330	Picture	40	3406891	0	1	2155	1	0	1990	other	0
G003	331	Picture	65	3409212	0	1	7129	1	0	7000	hit	559
G003	331	Pulse	199	3413288	4076	0
G003	331	Response	25	3413308	4096	0
G003	332	Picture	40	3416507	0	1	2155	1	0	2140	other	0
G003	333	Picture	60	3418672	0	322	7119	322	0	7000	other	0
G003	333	Pulse	199	3425788	7115	0
G003	334	Picture	40	3425957	0	1	3813	1	0	3660	other	0
G003	335	Picture	60	3429936	0	1	7129	1	0	7000	other	0
G003	336	Picture	40	3437231	0	1	2653	1	0	2490	other	0
G003	336	Pulse	199	3438288	1057	0
G003	337	Picture	60	3440050	0	1	7129	1	0	7000	other	0
G003	338	Picture	40	3447345	0	1	4476	1	0	4350	other	0
G003	338	Pulse	199	3450788	3443	0
G003	339	Picture	50	3451987	0	1	70131	1	0	next	other	0
G003	339	Pulse	199	3463288	11301	0
G003	339	Pulse	199	3475788	23801	0
G003	339	Pulse	199	3488288	36301	0
G003	339	Pulse	199	3500788	48801	0
G003	339	Pulse	199	3513288	61301	0
G003	340	Picture	70	3522118	0	1	7129	1	0	7000	other	0
G003	340	Pulse	199	3525788	3670	0
G003	341	Picture	40	3529412	0	1	2155	1	0	2130	other	0
G003	342	Picture	70	3531734	0	1	7129	1	0	7000	other	0
G003	342	Pulse	199	3538288	6555	0
G003	343	Picture	40	3539029	0	1	2984	1	0	2860	other	0
G003	344	Picture	70	3542179	0	1	7129	1	0	7000	other	0
G003	345	Picture	40	3549474	0	1	2653	1	0	2490	other	0
G003	345	Pulse	199	3550788	1315	0
G003	346	Picture	70	3552292	0	1	7129	1	0	7000	other	0
G003	347	Picture	40	3559587	0	1	4476	1	0	4350	other	0
G003	347	Pulse	199	3563298	3711	0
G003	348	Picture	70	3564229	0	1	7129	1	0	7000	other	0
G003	349	Picture	40	3571524	0	1	3482	1	0	3310	other	0
G003	350	Picture	70	3575172	0	1	7129	1	0	7000	other	0
G003	350	Pulse	199	3575788	616	0
G003	351	Picture	40	3582466	0	1	2155	1	0	1990	other	0
G003	352	Picture	70	3584788	0	1	7129	1	0	7000	other	0
G003	352	Pulse	199	3588297	3510	0
G003	353	Picture	40	3592082	0	1	3813	1	0	3660	other	0
G003	354	Picture	70	3596062	0	1	7129	1	0	7000	other	0
G003	354	Pulse	199	3600798	4736	0
G003	355	Picture	40	3603356	0	1	1824	1	0	1780	other	0
G003	356	Picture	70	3605346	0	1	7129	1	0	7000	other	0
G003	357	Picture	40	3612641	0	1	2155	1	0	2140	other	0
G003	357	Pulse	199	3613297	657	0
G003	358	Picture	75	3614806	0	322	7119	322	0	7000	hit	603
G003	358	Response	25	3619878	5072	0
G003	359	Picture	40	3622091	0	1	2818	1	0	2690	other	0
G003	360	Picture	50	3625075	0	1	90192	1	0	next	other	0
G003	360	Pulse	199	3625798	723	0
G003	360	Pulse	199	3638298	13222	0
G003	360	Pulse	199	3650798	25723	0
G003	360	Pulse	199	3663298	38222	0
G003	360	Pulse	199	3675798	50723	0
G003	360	Pulse	199	3688298	63222	0
G003	360	Pulse	199	3700798	75723	0
G003	360	Pulse	199	3713298	88222	0
G003	361	Picture	80	3715267	0	1	7129	1	0	7000	other	0
G003	362	Picture	40	3722562	0	1	2155	1	0	1990	other	0
G003	363	Picture	80	3724883	0	1	7129	1	0	7000	other	0
G003	363	Pulse	199	3725799	916	0
G003	364	Picture	40	3732178	0	1	3482	1	0	3310	other	0
G003	365	Picture	80	3735825	0	1	7129	1	0	7000	other	0
G003	365	Pulse	199	3738298	2473	0
G003	366	Picture	40	3743120	0	1	2818	1	0	2690	other	0
G003	367	Picture	80	3746105	0	1	7129	1	0	7000	other	0
G003	367	Pulse	199	3750799	4694	0
G003	368	Picture	40	3753400	0	1	2653	1	0	2490	other	0
G003	369	Picture	85	3756218	0	1	7129	1	0	7000	hit	626
G003	369	Response	25	3761209	4990	0
G003	369	Pulse	199	3763298	7080	0
G003	370	Picture	40	3763513	0	1	2155	1	0	2130	other	0
G003	371	Picture	80	3765834	0	1	7129	1	0	7000	other	0
G003	372	Picture	40	3773129	0	1	2984	1	0	2860	other	0
G003	372	Pulse	199	3775799	2670	0
G003	373	Picture	85	3776279	0	1	7129	1	0	7000	hit	633
G003	373	Response	25	3779918	3639	0
G003	374	Picture	40	3783574	0	1	3813	1	0	3660	other	0
G003	375	Picture	80	3787553	0	1	7129	1	0	7000	other	0
G003	375	Pulse	199	3788299	745	0
G003	376	Picture	40	3794848	0	1	4476	1	0	4350	other	0
G003	377	Picture	80	3799490	0	1	7129	1	0	7000	other	0
G003	377	Pulse	199	3800798	1308	0
G003	378	Picture	40	3806785	0	1	2155	1	0	2140	other	0
G003	379	Picture	80	3809106	0	1	7129	1	0	7000	other	0
G003	379	Pulse	199	3813299	4192	0
G003	380	Picture	40	3816401	0	1	1824	1	0	1780	other	0
G003	381	Picture	50	3818391	0	1	30174	1	0	next	other	0
G003	381	Pulse	199	3825799	7408	0
G003	381	Pulse	199	3838298	19908	0
G003	382	Picture	90	3848565	0	1	7129	1	0	7000	other	0
G003	382	Pulse	199	3850799	2234	0
G003	383	Picture	40	3855860	0	1	3482	1	0	3310	other	0
G003	384	Picture	90	3859507	0	1	7129	1	0	7000	other	0
G003	384	Pulse	199	3863299	3791	0
G003	385	Picture	40	3866802	0	1	4476	1	0	4350	other	0
G003	386	Picture	90	3871445	0	1	7129	1	0	7000	other	0
G003	386	Pulse	199	3875799	4354	0
G003	387	Picture	40	3878739	0	1	2155	1	0	2140	other	0
G003	388	Picture	90	3880905	0	156	7119	157	0	7000	other	0
G003	389	Picture	40	3888190	0	1	2155	1	0	1990	other	0
G003	389	Pulse	199	3888299	109	0
G003	390	Picture	90	3890511	0	1	7129	1	0	7000	other	0
G003	391	Picture	40	3897806	0	1	2653	1	0	2490	other	0
G003	392	Picture	90	3900624	0	1	7129	1	0	7000	other	0
G003	392	Pulse	199	3900798	174	0
G003	393	Picture	40	3907919	0	1	2984	1	0	2860	other	0
G003	394	Picture	90	3911069	0	1	7129	1	0	7000	other	0
G003	394	Pulse	199	3913299	2229	0
G003	395	Picture	40	3918364	0	1	2819	1	0	2690	other	0
G003	396	Picture	90	3921348	0	1	7129	1	0	7000	other	0
G003	396	Pulse	199	3925798	4450	0
G003	397	Picture	40	3928643	0	1	3813	1	0	3660	other	0
G003	398	Picture	90	3932622	0	1	7129	1	0	7000	other	0
G003	398	Pulse	199	3938299	5676	0
G003	399	Picture	40	3939917	0	1	1824	1	0	1780	other	0
G003	400	Picture	90	3941907	0	1	7129	1	0	7000	other	0
G003	401	Picture	40	3949202	0	1	2155	1	0	2130	other	0
G003	401	Pulse	199	3950798	1597	0
G003	402	Picture	50	3951523	0	1	50070	1	0	next	other	0
G003	402	Pulse	199	3963299	11776	0
G003	402	Pulse	199	3975799	24276	0
G003	402	Pulse	199	3988298	36776	0
G003	402	Pulse	199	4000799	49276	0
G003	403	Picture	60	4001593	0	1	7129	1	0	7000	other	0
G003	404	Picture	40	4008887	0	1	3482	1	0	3310	other	0
G003	405	Picture	60	4012535	0	1	7129	1	0	7000	other	0
G003	405	Pulse	199	4013299	764	0
G003	406	Picture	40	4019830	0	1	4476	1	0	4350	other	0
G003	407	Picture	60	4024472	0	1	7129	1	0	7000	other	0
G003	407	Pulse	199	4025798	1326	0
G003	408	Picture	40	4031767	0	1	2818	1	0	2690	other	0
G003	409	Picture	60	4034751	0	1	7129	1	0	7000	other	0
G003	409	Pulse	199	4038298	3547	0
G003	410	Picture	40	4042046	0	1	2653	1	0	2490	other	0
G003	411	Picture	60	4044865	0	1	7129	1	0	7000	other	0
G003	411	Pulse	199	4050798	5934	0
G003	412	Picture	40	4052160	0	1	1824	1	0	1780	other	0
G003	413	Picture	60	4054149	0	1	7129	1	0	7000	other	0
G003	414	Picture	40	4061444	0	1	2155	1	0	2130	other	0
G003	414	Pulse	199	4063299	1855	0
G003	415	Picture	60	4063765	0	1	7129	1	0	7000	other	0
G003	416	Picture	40	4071060	0	1	3813	1	0	3660	other	0
G003	417	Picture	65	4075039	0	1	7129	1	0	7000	hit	702
G003	417	Pulse	199	4075799	759	0
G003	417	Response	25	4080238	5199	0
G003	418	Picture	40	4082334	0	1	2155	1	0	2140	other	0
G003	419	Picture	60	4084655	0	1	7129	1	0	7000	other	0
G003	419	Pulse	199	4088299	3643	0
G003	420	Picture	40	4091950	0	1	2984	1	0	2860	other	0
G003	421	Picture	60	4095100	0	1	7129	1	0	7000	other	0
G003	421	Pulse	199	4100798	5698	0
G003	422	Picture	40	4102395	0	1	2155	1	0	1990	other	0
G003	423	Picture	50	4104716	0	1	70131	1	0	next	other	0
G003	423	Pulse	199	4113299	8583	0
G003	423	Pulse	199	4125798	21082	0
G003	423	Pulse	199	4138298	33582	0
G003	423	Pulse	199	4150798	46082	0
G003	423	Pulse	199	4163298	58582	0
G003	424	Picture	70	4174847	0	1	7129	1	0	7000	other	0
G003	424	Pulse	199	4175799	952	0
G003	425	Picture	40	4182142	0	1	2653	1	0	2490	other	0
G003	426	Picture	70	4184960	0	1	7129	1	0	7000	other	0
G003	426	Pulse	199	4188299	3339	0
G003	427	Picture	40	4192255	0	1	2155	1	0	1990	other	0
G003	428	Picture	75	4194576	0	1	7129	1	0	7000	hit	723
G003	428	Response	25	4198659	4083	0
G003	428	Pulse	199	4200798	6222	0
G003	429	Picture	40	4201871	0	1	2984	1	0	2860	other	0
G003	430	Picture	70	4205021	0	1	7129	1	0	7000	other	0
G003	431	Picture	40	4212316	0	1	4476	1	0	4350	other	0
G003	431	Pulse	199	4213299	983	0
G003	432	Picture	70	4216958	0	1	7129	1	0	7000	other	0
G003	433	Picture	40	4224253	0	1	2155	1	0	2130	other	0
G003	433	Pulse	199	4225799	1545	0
G003	434	Picture	70	4226574	0	1	7129	1	0	7000	other	0
G003	435	Picture	40	4233869	0	1	3813	1	0	3660	other	0
G003	436	Picture	70	4237848	0	1	7129	1	0	7000	other	0
G003	436	Pulse	199	4238298	450	0
G003	437	Picture	40	4245143	0	1	2140	16	0	2140	other	0
G003	438	Picture	70	4247309	0	156	7119	157	0	7000	other	0
G003	438	Pulse	199	4250798	3489	0
G003	439	Picture	40	4254593	0	1	2818	1	0	2690	other	0
G003	440	Picture	75	4257578	0	1	7129	1	0	7000	hit	741
G003	440	Response	25	4260639	3061	0
G003	440	Pulse	199	4263298	5720	0
G003	441	Picture	40	4264873	0	1	1824	1	0	1780	other	0
G003	442	Picture	70	4266862	0	1	7129	1	0	7000	other	0
G003	443	Picture	40	4274157	0	1	3482	1	0	3310	other	0
G003	443	Pulse	199	4275799	1642	0
G003	444	Picture	50	4277805	0	1	70131	1	0	next	other	0
G003	444	Pulse	199	4288299	10494	0
G003	444	Pulse	199	4300799	22994	0
G003	444	Pulse	199	4313299	35494	0
G003	444	Pulse	199	4325799	47994	0
G003	444	Pulse	199	4338299	60494	0
G003	445	Picture	80	4347935	0	1	7129	1	0	7000	other	0
G003	445	Pulse	199	4350799	2864	0
G003	446	Picture	40	4355230	0	1	2653	2	0	2490	other	0
G003	447	Picture	80	4358049	0	1	7129	1	0	7000	other	0
G003	447	Pulse	199	4363298	5250	0
G003	448	Picture	40	4365344	0	1	1824	1	0	1780	other	0
G003	449	Picture	80	4367333	0	1	7129	1	0	7000	other	0
G003	450	Picture	40	4374628	0	1	2155	1	0	2140	other	0
G003	450	Pulse	199	4375798	1170	0
G003	451	Picture	80	4376949	0	1	7129	1	0	7000	other	0
G003	452	Picture	40	4384244	0	1	2155	1	0	2130	other	0
G003	453	Picture	80	4386565	0	1	7129	1	0	7000	other	0
G003	453	Pulse	199	4388299	1734	0
G003	454	Picture	40	4393860	0	1	2155	1	0	1990	other	0
G003	455	Picture	80	4396181	0	1	7129	1	0	7000	other	0
G003	455	Pulse	199	4400799	4618	0
G003	456	Picture	40	4403476	0	1	3813	1	0	3660	other	0
G003	457	Picture	80	4407455	0	1	7129	1	0	7000	other	0
G003	457	Pulse	199	4413299	5844	0
G003	458	Picture	40	4414750	0	1	2984	1	0	2860	other	0
G003	459	Picture	80	4417900	0	1	7129	1	0	7000	other	0
G003	460	Picture	40	4425195	0	1	2819	1	0	2690	other	0
G003	460	Pulse	199	4425799	604	0
G003	461	Picture	80	4428179	0	1	7129	1	0	7000	other	0
G003	462	Picture	40	4435474	0	1	3482	1	0	3310	other	0
G003	462	Pulse	199	4438299	2825	0
G003	463	Picture	80	4439122	0	1	7129	1	0	7000	other	0
G003	464	Picture	40	4446417	0	1	4476	1	0	4350	other	0
G003	464	Pulse	199	4450799	4382	0
G003	465	Picture	50	4451059	0	1	50070	1	0	next	other	0
G003	465	Pulse	199	4463299	12240	0
G003	465	Pulse	199	4475798	24739	0
G003	465	Pulse	199	4488298	37239	0
G003	465	Pulse	199	4500799	49740	0
G003	466	Picture	90	4501128	0	1	7129	1	0	7000	other	0
G003	467	Picture	40	4508423	0	1	4476	1	0	4350	other	0
G003	468	Picture	90	4513066	0	1	7129	1	0	7000	other	0
G003	468	Pulse	199	4513299	234	0
G003	469	Picture	40	4520361	0	1	3813	1	0	3660	other	0
G003	470	Picture	90	4524340	0	1	7129	1	0	7000	other	0
G003	470	Pulse	199	4525799	1459	0
G003	471	Picture	40	4531634	0	1	2155	1	0	1990	other	0
G003	472	Picture	90	4533956	0	1	7129	1	0	7000	other	0
G003	472	Pulse	199	4538299	4343	0
G003	473	Picture	40	4541250	0	1	2155	1	0	2130	other	0
G003	474	Picture	90	4543572	0	1	7129	2	0	7000	other	0
G003	474	Pulse	199	4550799	7227	0
G003	475	Picture	40	4550866	0	1	2653	1	0	2490	other	0
G003	476	Picture	95	4553685	0	1	7129	1	0	7000	hit	802
G003	476	Response	25	4556868	3183	0
G003	477	Picture	40	4560980	0	1	1824	1	0	1780	other	0
G003	478	Picture	90	4562969	0	1	7129	1	0	7000	other	0
G003	478	Pulse	199	4563299	329	0
G003	479	Picture	40	4570264	0	1	2155	1	0	2140	other	0
G003	480	Picture	90	4572430	0	322	7119	322	0	7000	other	0
G003	480	Pulse	199	4575799	3369	0
G003	481	Picture	40	4579715	0	1	3482	1	0	3310	other	0
G003	482	Picture	90	4583362	0	1	7129	1	0	7000	other	0
G003	482	Pulse	199	4588298	4936	0
G003	483	Picture	40	4590657	0	1	2818	1	0	2690	other	0
G003	484	Picture	90	4593641	0	1	7129	1	0	7000	other	0
G003	484	Pulse	199	4600798	7157	0
G003	485	Picture	40	4600936	0	1	2984	1	0	2860	other	0
G003	486	Picture	50	4604086	0	1	90192	1	0	next	other	0
G003	486	Pulse	199	4613299	9213	0
G003	486	Pulse	199	4625799	21713	0
G003	486	Pulse	199	4638299	34212	0
G003	486	Pulse	199	4650799	46713	0
G003	486	Pulse	199	4663298	59212	0
G003	486	Pulse	199	4675799	71713	0
G003	486	Pulse	199	4688299	84212	0
G003	487	Picture	60	4694278	0	1	7129	1	0	7000	other	0
G003	487	Pulse	199	4700798	6521	0
G003	488	Picture	40	4701573	0	1	2984	1	0	2860	other	0
G003	489	Picture	60	4704723	0	1	7129	1	0	7000	other	0
G003	490	Picture	40	4712018	0	1	3813	1	0	3660	other	0
G003	490	Pulse	199	4713298	1280	0
G003	491	Picture	65	4715997	0	1	7129	1	0	7000	hit	831
G003	491	Response	25	4720129	4132	0
G003	492	Picture	40	4723292	0	1	2653	1	0	2490	other	0
G003	492	Pulse	199	4725789	2497	11
G003	493	Picture	60	4726110	0	1	7129	1	0	7000	other	0
G003	494	Picture	40	4733405	0	1	4476	1	0	4350	other	0
G003	495	Picture	60	4738047	0	1	7129	1	0	7000	other	0
G003	495	Pulse	199	4738299	251	0
G003	496	Picture	40	4745342	0	1	3482	1	0	3310	other	0
G003	497	Picture	60	4748990	0	1	7129	1	0	7000	other	0
G003	497	Pulse	199	4750799	1809	0
G003	498	Picture	40	4756285	0	1	2155	1	0	1990	other	0
G003	499	Picture	60	4758606	0	1	7129	1	0	7000	other	0
G003	499	Pulse	199	4763299	4693	0
G003	500	Picture	40	4765901	0	1	2819	1	0	2690	other	0
G003	501	Picture	60	4768885	0	1	7129	1	0	7000	other	0
G003	501	Pulse	199	4775799	6914	0
G003	502	Picture	40	4776180	0	1	2155	1	0	2140	other	0
G003	503	Picture	60	4778501	0	1	7129	1	0	7000	other	0
G003	504	Picture	40	4785796	0	1	1824	1	0	1780	other	0
G003	505	Picture	60	4787786	0	1	7129	1	0	7000	other	0
G003	505	Pulse	199	4788299	514	0
G003	506	Picture	40	4795080	0	1	2155	1	0	2130	other	0
G003	507	Picture	50	4797402	0	1	30174	1	0	next	other	0
G003	507	Pulse	199	4800799	3397	0
G003	507	Pulse	199	4813299	15897	0
G003	507	Pulse	199	4825798	28397	0
G003	508	Picture	70	4827576	0	1	7129	1	0	7000	other	0
G003	509	Picture	40	4834871	0	1	3813	1	0	3660	other	0
G003	509	Pulse	199	4838299	3429	0
G003	510	Picture	70	4838850	0	1	7129	1	0	7000	other	0
G003	511	Picture	40	4846145	0	1	1824	1	0	1780	other	0
G003	512	Picture	70	4848134	0	1	7129	1	0	7000	other	0
G003	512	Pulse	199	4850799	2665	0
G003	513	Picture	40	4855429	0	1	3482	1	0	3310	other	0
G003	514	Picture	70	4859077	0	1	7129	1	0	7000	other	0
G003	514	Pulse	199	4863299	4223	0
G003	515	Picture	40	4866372	0	1	2984	1	0	2860	other	0
G003	516	Picture	70	4869522	0	1	7129	1	0	7000	other	0
G003	516	Pulse	199	4875799	6278	0
G003	517	Picture	40	4876817	0	1	2155	1	0	2130	other	0
G003	518	Picture	70	4879138	0	1	7129	1	0	7000	other	0
G003	519	Picture	40	4886433	0	1	2155	1	0	2140	other	0
G003	519	Pulse	199	4888299	1866	0
G003	520	Picture	70	4888598	0	322	7119	322	0	7000	other	0
G003	521	Picture	40	4895883	0	1	4476	1	0	4350	other	0
G003	522	Picture	70	4900525	0	1	7129	1	0	7000	other	0
G003	522	Pulse	199	4900799	274	0
G003	523	Picture	40	4907820	0	1	2653	1	0	2490	other	0
G003	524	Picture	70	4910638	0	1	7129	1	0	7000	other	0
G003	524	Pulse	199	4913299	2661	0
G003	525	Picture	40	4917933	0	1	2155	1	0	1990	other	0
G003	526	Picture	70	4920255	0	1	7129	1	0	7000	other	0
G003	526	Pulse	199	4925799	5544	0
G003	527	Picture	40	4927549	0	1	2818	1	0	2690	other	0
G003	528	Picture	50	4930534	0	1	50070	1	0	next	other	0
G003	528	Pulse	199	4938298	7765	0
G003	528	Pulse	199	4950799	20265	0
G003	528	Pulse	199	4963299	32765	0
G003	528	Pulse	199	4975799	45265	0
G003	529	Picture	80	4980603	0	1	7129	1	0	7000	other	0
G003	530	Picture	40	4987898	0	1	2819	1	0	2690	other	0
G003	530	Pulse	199	4988299	401	0
G003	531	Picture	80	4990883	0	1	7129	1	0	7000	other	0
G003	532	Picture	40	4998177	0	1	3813	1	0	3660	other	0
G003	532	Pulse	199	5000799	2622	0
G003	533	Picture	85	5002157	0	1	7129	1	0	7000	hit	897
G003	533	Response	25	5006119	3963	0
G003	534	Picture	40	5009451	0	1	2140	16	0	2140	other	0
G003	535	Picture	80	5011773	0	1	7129	1	0	7000	other	0
G003	535	Pulse	199	5013299	1526	0
G003	536	Picture	40	5019067	0	1	3482	1	0	3310	other	0
G003	537	Picture	80	5022715	0	1	7129	1	0	7000	other	0
G003	537	Pulse	199	5025799	3084	0
G003	538	Picture	40	5030010	0	1	2155	1	0	2130	other	0
G003	539	Picture	80	5032331	0	1	7129	1	0	7000	other	0
G003	539	Pulse	199	5038299	5968	0
G003	540	Picture	40	5039626	0	1	2653	1	0	2490	other	0
G003	541	Picture	80	5042444	0	1	7129	1	0	7000	other	0
G003	542	Picture	40	5049739	0	1	2984	1	0	2860	other	0
G003	542	Pulse	199	5050799	1059	0
G003	543	Picture	80	5052889	0	1	7129	1	0	7000	other	0
G003	544	Picture	40	5060184	0	1	1824	1	0	1780	other	0
G003	545	Picture	80	5062174	0	1	7129	1	0	7000	other	0
G003	545	Pulse	199	5063299	1125	0
G003	546	Picture	40	5069469	0	1	4477	1	0	4350	other	0
G003	547	Picture	80	5074111	0	1	7129	1	0	7000	other	0
G003	547	Pulse	199	5075799	1688	0
G003	548	Picture	40	5081406	0	1	2155	1	0	1990	other	0
G003	549	Picture	50	5083727	0	1	70131	1	0	next	other	0
G003	549	Pulse	199	5088299	4572	0
G003	549	Pulse	199	5100799	17072	0
G003	549	Pulse	199	5113299	29572	0
G003	549	Pulse	199	5125799	42072	0
G003	549	Pulse	199	5138299	54572	0
G003	549	Pulse	199	5150798	67071	0
G003	550	Picture	90	5153858	0	1	7129	1	0	7000	other	0
G003	551	Picture	40	5161153	0	1	2155	1	0	2140	other	0
G003	551	Pulse	199	5163293	2140	7
G003	552	Picture	90	5163474	0	1	7129	1	0	7000	other	0
G003	553	Picture	40	5170769	0	1	2818	1	0	2690	other	0
G003	554	Picture	90	5173753	0	1	7129	1	0	7000	other	0
G003	554	Pulse	199	5175799	2046	0
G003	555	Picture	40	5181048	0	1	4476	1	0	4350	other	0
G003	556	Picture	95	5185690	0	1	7129	1	0	7000	hit	936
G003	556	Pulse	199	5188299	2609	0
G003	556	Response	25	5190168	4478	0
G003	557	Picture	40	5192985	0	1	1824	1	0	1780	other	0
G003	558	Picture	90	5194974	0	1	7129	1	0	7000	other	0
G003	558	Pulse	199	5200799	5825	0
G003	559	Picture	40	5202269	0	1	2984	1	0	2860	other	0
G003	560	Picture	90	5205419	0	1	7129	1	0	7000	other	0
G003	561	Picture	40	5212714	0	1	3482	1	0	3310	other	0
G003	561	Pulse	199	5213299	585	0
G003	562	Picture	90	5216362	0	1	7129	1	0	7000	other	0
G003	563	Picture	40	5223657	0	1	3813	1	0	3660	other	0
G003	563	Pulse	199	5225799	2143	0
G003	564	Picture	90	5227636	0	1	7129	1	0	7000	other	0
G003	565	Picture	40	5234931	0	1	2653	1	0	2490	other	0
G003	566	Picture	90	5237749	0	1	7129	1	0	7000	other	0
G003	566	Pulse	199	5238299	550	0
G003	567	Picture	40	5245044	0	1	2155	1	0	2130	other	0
G003	568	Picture	90	5247365	0	1	7129	1	0	7000	other	0
G003	568	Pulse	199	5250799	3434	0
G003	569	Picture	40	5254660	0	1	2155	1	0	1990	other	0
G003	570	Picture	50	5256981	0	1	30174	1	0	next	other	0
G003	570	Pulse	199	5263299	6318	0
G003	570	Pulse	199	5275799	18818	0
G003	571	Picture	60	5287156	0	1	7129	1	0	7000	other	0
G003	571	Pulse	199	5288300	1144	0
G003	572	Picture	40	5294450	0	1	2984	1	0	2860	other	0
G003	573	Picture	60	5297600	0	1	7129	1	0	7000	other	0
G003	573	Pulse	199	5300809	3209	0
G003	574	Picture	40	5304895	0	1	1824	1	0	1780	other	0
G003	575	Picture	60	5306885	0	1	7129	1	0	7000	other	0
G003	575	Pulse	199	5313309	6424	0
G003	576	Picture	40	5314180	0	1	3813	1	0	3660	other	0
G003	577	Picture	60	5318159	0	1	7129	1	0	7000	other	0
G003	578	Picture	40	5325454	0	1	4476	1	0	4350	other	0
G003	578	Pulse	199	5325800	346	0
G003	579	Picture	60	5330096	0	1	7129	1	0	7000	other	0
G003	580	Picture	40	5337391	0	1	2155	1	0	1990	other	0
G003	580	Pulse	199	5338309	918	0
G003	581	Picture	60	5339712	0	1	7129	1	0	7000	other	0
G003	582	Picture	40	5347007	0	1	2155	1	0	2130	other	0
G003	583	Picture	65	5349328	0	1	7129	1	0	7000	hit	977
G003	583	Pulse	199	5350809	1481	0
G003	583	Response	25	5352819	3491	0
G003	584	Picture	40	5356623	0	1	3482	1	0	3310	other	0
G003	585	Picture	60	5360271	0	1	7129	1	0	7000	other	0
G003	585	Pulse	199	5363309	3038	0
G003	586	Picture	40	5367565	0	1	2653	1	0	2490	other	0
G003	587	Picture	65	5370384	0	1	7129	1	0	7000	hit	983
G003	587	Response	25	5374579	4195	0
G003	587	Pulse	199	5375809	5425	0
G003	588	Picture	40	5377679	0	1	2819	1	0	2690	other	0
G003	589	Picture	60	5380663	0	1	7129	1	0	7000	other	0
G003	590	Picture	40	5387958	0	1	2155	1	0	2140	other	0
G003	590	Pulse	199	5388309	351	0
G003	591	Picture	50	5390123	0	322	90182	322	0	next	other	0
G003	591	Pulse	199	5400809	10686	0
G003	591	Pulse	199	5413310	23187	0
G003	591	Pulse	199	5425809	35686	0
G003	591	Pulse	199	5438309	48186	0
G003	591	Pulse	199	5450809	60686	0
G003	591	Pulse	199	5463309	73186	0
G003	591	Pulse	199	5475809	85685	0
G003	592	Picture	70	5480305	0	1	7129	1	0	7000	other	0
G003	593	Picture	40	5487600	0	1	3482	1	0	3310	other	0
G003	593	Pulse	199	5488309	709	0
G003	594	Picture	70	5491247	0	1	7129	1	0	7000	other	0
G003	595	Picture	40	5498542	0	1	2155	1	0	2140	other	0
G003	596	Picture	75	5500708	0	322	7119	322	0	7000	hit	1004
G003	596	Pulse	199	5500708	0	101
G003	596	Response	25	5504809	4101	0
G003	597	Picture	40	5507993	0	1	4476	1	0	4350	other	0
G003	598	Picture	70	5512635	0	1	7129	1	0	7000	other	0
G003	598	Pulse	199	5513309	674	0
G003	599	Picture	40	5519930	0	1	2155	1	0	1990	other	0
G003	600	Picture	70	5522251	0	1	7129	1	0	7000	other	0
G003	600	Pulse	199	5525809	3558	0
G003	601	Picture	40	5529546	0	1	2653	1	0	2490	other	0
G003	602	Picture	70	5532364	0	1	7129	1	0	7000	other	0
G003	602	Pulse	199	5538309	5945	0
G003	603	Picture	40	5539659	0	1	2984	1	0	2860	other	0
G003	604	Picture	70	5542809	0	1	7129	1	0	7000	other	0
G003	605	Picture	40	5550104	0	1	3813	1	0	3660	other	0
G003	605	Pulse	199	5550810	705	0
G003	606	Picture	70	5554083	0	1	7129	1	0	7000	other	0
G003	607	Picture	40	5561378	0	1	1824	1	0	1780	other	0
G003	607	Pulse	199	5563310	1932	0
G003	608	Picture	70	5563368	0	1	7129	1	0	7000	other	0
G003	609	Picture	40	5570663	0	1	2819	1	0	2690	other	0
G003	610	Picture	70	5573647	0	1	7129	1	0	7000	other	0
G003	610	Pulse	199	5575809	2163	0
G003	611	Picture	40	5580942	0	1	2155	1	0	2130	other	0
G003	612	Picture	50	5583263	0	1	30174	1	0	next	other	0
G003	612	Pulse	199	5588309	5046	0
G003	612	Pulse	199	5600809	17546	0
G003	612	Pulse	199	5613309	30046	0
G003	613	Picture	80	5613437	0	1	7129	1	0	7000	other	0
G003	614	Picture	40	5620732	0	1	1824	1	0	1780	other	0
G003	615	Picture	80	5622722	0	1	7129	1	0	7000	other	0
G003	615	Pulse	199	5625810	3088	0
G003	616	Picture	40	5630017	0	1	2818	1	0	2690	other	0
G003	617	Picture	85	5633001	0	1	7129	1	0	7000	hit	1036
G003	617	Response	25	5637410	4409	0
G003	617	Pulse	199	5638310	5309	0
G003	618	Picture	40	5640296	0	1	4476	1	0	4350	other	0
G003	619	Picture	80	5644938	0	1	7129	1	0	7000	other	0
G003	619	Pulse	199	5650810	5872	0
G003	620	Picture	40	5652233	0	1	2984	1	0	2860	other	0
G003	621	Picture	80	5655383	0	1	7129	1	0	7000	other	0
G003	622	Picture	40	5662678	0	1	3482	1	0	3310	other	0
G003	622	Pulse	199	5663310	632	0
G003	623	Picture	80	5666325	0	1	7129	1	0	7000	other	0
G003	624	Picture	40	5673620	0	1	2155	1	0	2140	other	0
G003	625	Picture	80	5675786	0	322	7119	323	0	7000	other	0
G003	625	Pulse	199	5675786	0	24
G003	626	Picture	40	5683071	0	1	3813	1	0	3660	other	0
G003	627	Picture	80	5687050	0	1	7129	1	0	7000	other	0
G003	627	Pulse	199	5688309	1260	0
G003	628	Picture	40	5694345	0	1	2155	1	0	1990	other	0
G003	629	Picture	80	5696666	0	1	7129	1	0	7000	other	0
G003	629	Pulse	199	5700809	4143	0
G003	630	Picture	40	5703961	0	1	2155	1	0	2130	other	0
G003	631	Picture	80	5706282	0	1	7129	1	0	7000	other	0
G003	631	Pulse	199	5713309	7027	0
G003	632	Picture	40	5713577	0	1	2653	1	0	2490	other	0
G003	633	Picture	50	5716395	0	1	90192	1	0	next	other	0
G003	633	Pulse	199	5725809	9414	0
G003	633	Pulse	199	5738309	21914	0
G003	633	Pulse	199	5750810	34415	0
G003	633	Pulse	199	5763309	46914	0
G003	633	Pulse	199	5775810	59415	0
G003	633	Pulse	199	5788310	71915	0
G003	633	Pulse	199	5800809	84414	0
G003	634	Picture	90	5806587	0	1	7129	1	0	7000	other	0
G003	634	Pulse	199	5813309	6723	0
G003	635	Picture	40	5813882	0	1	3482	1	0	3310	other	0
G003	636	Picture	90	5817529	0	1	7129	1	0	7000	other	0
G003	637	Picture	40	5824824	0	1	4476	1	0	4350	other	0
G003	637	Pulse	199	5825809	985	0
G003	638	Picture	95	5829466	0	1	7129	1	0	7000	hit	1074
G003	638	Response	25	5833569	4103	0
G003	639	Picture	40	5836761	0	1	2155	1	0	2130	other	0
G003	639	Pulse	199	5838309	1548	0
G003	640	Picture	90	5839082	0	1	7129	1	0	7000	other	0
G003	641	Picture	40	5846377	0	1	2155	1	0	2140	other	0
G003	642	Picture	95	5848542	0	323	7119	323	0	7000	hit	1081
G003	642	Pulse	199	5850810	2267	0
G003	642	Response	25	5853089	4547	0
G003	643	Picture	40	5855827	0	1	2984	1	0	2860	other	0
G003	644	Picture	90	5858978	0	1	7129	1	0	7000	other	0
G003	644	Pulse	199	5863310	4332	0
G003	645	Picture	40	5866272	0	1	2155	1	0	1990	other	0
G003	646	Picture	90	5868594	0	1	7129	1	0	7000	other	0
G003	646	Pulse	199	5875809	7216	1
G003	647	Picture	40	5875888	0	1	2818	1	0	2690	other	0
G003	648	Picture	90	5878873	0	1	7129	1	0	7000	other	0
G003	649	Picture	40	5886168	0	1	1824	1	0	1780	other	0
G003	650	Picture	90	5888157	0	1	7129	1	0	7000	other	0
G003	650	Pulse	199	5888310	153	0
G003	651	Picture	40	5895452	0	1	3813	1	0	3660	other	0
G003	652	Picture	90	5899431	0	1	7129	1	0	7000	other	0
G003	652	Pulse	199	5900809	1378	0
G003	653	Picture	40	5906726	0	1	2653	1	0	2490	other	0
G003	654	Picture	50	5909545	0	1	70131	1	0	next	other	0
G003	654	Pulse	199	5913310	3765	0
G003	654	Pulse	199	5925809	16264	0
G003	654	Pulse	199	5938309	28764	0
G003	654	Pulse	199	5950809	41265	0
G003	654	Pulse	199	5963310	53765	0
G003	654	Pulse	199	5975809	66265	0
G003	655	Picture	60	5979675	0	1	7129	1	0	7000	other	0
G003	656	Picture	40	5986970	0	1	2818	1	0	2690	other	0
G003	656	Pulse	199	5988310	1340	0
G003	657	Picture	60	5989954	0	1	7129	1	0	7000	other	0
G003	658	Picture	40	5997249	0	1	4476	1	0	4350	other	0
G003	658	Pulse	199	6000810	3561	0
G003	659	Picture	60	6001892	0	1	7129	1	0	7000	other	0
G003	660	Picture	40	6009186	0	1	3813	1	0	3660	other	0
G003	661	Picture	60	6013166	0	1	7129	1	0	7000	other	0
G003	661	Pulse	199	6013310	144	0
G003	662	Picture	40	6020460	0	1	2984	1	0	2860	other	0
G003	663	Picture	60	6023611	0	1	7129	1	0	7000	other	0
G003	663	Pulse	199	6025810	2200	0
G003	664	Picture	40	6030905	0	1	2155	1	0	2140	other	0
G003	665	Picture	60	6033071	0	157	7119	157	0	7000	other	0
G003	665	Pulse	199	6038309	5239	0
G003	666	Picture	40	6040356	0	1	2155	1	0	2130	other	0
G003	667	Picture	60	6042677	0	1	7129	1	0	7000	other	0
G003	668	Picture	40	6049972	0	1	1824	1	0	1780	other	0
G003	668	Pulse	199	6050809	837	0
G003	669	Picture	60	6051961	0	1	7129	1	0	7000	other	0
G003	670	Picture	40	6059256	0	1	2155	1	0	1990	other	0
G003	671	Picture	60	6061577	0	1	7129	1	0	7000	other	0
G003	671	Pulse	199	6063310	1733	0
G003	672	Picture	40	6068872	0	1	3482	1	0	3310	other	0
G003	673	Picture	60	6072520	0	1	7129	1	0	7000	other	0
G003	673	Pulse	199	6075810	3290	0
G003	674	Picture	40	6079815	0	1	2653	1	0	2490	other	0
G003	675	Picture	50	6082633	0	1	50070	1	0	next	other	0
G003	675	Pulse	199	6088310	5677	0
G003	675	Pulse	199	6100810	18177	0
G003	675	Pulse	199	6113310	30677	0
G003	675	Pulse	199	6125810	43177	0
G003	676	Picture	200	6132703	69	1	80078	1	0	80000	other	0
G003	676	Pulse	199	6138310	5677	0
G003	676	Pulse	199	6150809	18176	0
G003	676	Pulse	199	6163309	30676	0
G003	676	Pulse	199	6175810	43176	0
G003	676	Pulse	199	6188310	55677	0
G003	676	Pulse	199	6200810	68177	0
G003	677	Pulse	199	6213310	363	0
G003	677	Pulse	199	6225810	12863	0
G003	677	Pulse	199	6238310	25363	0
G003	677	Pulse	199	6250810	37863	0
G003	677	Pulse	199	6263309	50363	0
G003	677	Pulse	199	6275809	62863	0
G003	677	Pulse	199	6288309	75363	0
G003	677	Pulse	199	6300810	87863	0
