Scenario - FeedLearn_B.sce
Logfile written - 10/04/2020 20:23:17

Subject	Trial	Event Type	Code	Time	TTime	Uncertainty	Duration	Uncertainty	ReqTime	ReqDur	Stim Type	Pair Index

p005	0	Pulse	199	0	0	NA
p005	0	Pulse	199	10000	10000	NA
p005	1	Pulse	199	20000	9833	NA
p005	1	Pulse	199	30000	19833	NA
p005	1	Pulse	199	40000	29833	NA
p005	1	Pulse	199	50000	39833	NA
p005	1	Pulse	199	60000	49833	NA
p005	1	Pulse	199	70000	59833	NA
p005	1	Pulse	199	80000	69833	NA
p005	1	Pulse	199	90000	79833	NA
p005	1	Pulse	199	100000	89833	NA
p005	1	Pulse	199	110000	99833	NA
p005	1	Pulse	199	120000	109833	NA
p005	1	Pulse	199	130000	119833	NA
p005	1	Pulse	199	140000	129833	NA
p005	1	Pulse	199	150000	139833	NA
p005	1	Pulse	199	160000	149833	NA
p005	1	Pulse	199	170000	159833	NA
p005	1	Pulse	199	180000	169833	NA
p005	1	Pulse	199	190000	179833	NA
p005	1	Pulse	199	200000	189833	NA
p005	1	Pulse	199	210000	199833	NA
p005	1	Pulse	199	220000	209833	NA
p005	1	Pulse	199	230000	219833	NA
p005	1	Pulse	199	240000	229833	NA
p005	1	Pulse	199	250000	239833	NA
p005	1	Response	16	258926	248759	1
p005	2	Picture	fix	259082	0	1	22022	1	0	next	other	0
p005	2	Pulse	199	260000	918	NA
p005	2	Pulse	199	270000	10918	NA
p005	3	Pulse	199	280000	2374	NA
p005	4	Picture	stim	281104	0	1	18519	1	0	next	hit	34
p005	4	Pulse	199	290000	8896	NA
p005	4	Response	16	299486	18382	1
p005	5	Picture	feedback	299622	0	1	20187	1	0	next	other	0
p005	5	Pulse	199	300000	378	NA
p005	5	Pulse	199	310000	10378	NA
p005	6	Picture	fix	319809	0	1	32199	1	0	next	other	0
p005	6	Pulse	199	320000	191	NA
p005	6	Pulse	199	330000	10191	NA
p005	6	Pulse	199	340000	20191	NA
p005	6	Pulse	199	350000	30191	NA
p005	8	Picture	stim	352008	0	1	12346	1	0	next	incorrect	45
p005	8	Pulse	199	360000	7992	NA
p005	8	Response	32	364286	12277	1
p005	9	Picture	feedback	364354	0	1	20187	1	0	next	other	0
p005	9	Pulse	199	370000	5646	NA
p005	9	Pulse	199	380000	15646	NA
p005	10	Picture	fix	384541	0	1	24691	1	0	next	other	0
p005	10	Pulse	199	390000	5459	NA
p005	10	Pulse	199	400000	15459	NA
p005	12	Picture	stim	409232	0	1	11011	1	0	next	incorrect	55
p005	12	Pulse	199	410000	768	NA
p005	12	Pulse	199	420000	10768	NA
p005	12	Response	32	420126	10894	1
p005	13	Picture	feedback	420243	0	1	20187	1	0	next	other	0
p005	13	Pulse	199	430000	9757	NA
p005	13	Pulse	199	440000	19757	NA
p005	14	Picture	fix	440430	0	1	21522	1	0	next	other	0
p005	14	Pulse	199	450000	9570	NA
p005	14	Pulse	199	460000	19570	NA
p005	16	Picture	stim	461951	0	1	8342	1	0	next	hit	64
p005	16	Pulse	199	470000	8049	NA
p005	16	Response	16	470126	8175	1
p005	17	Picture	feedback	470293	0	1	20187	1	0	next	other	0
p005	17	Pulse	199	480000	9707	NA
p005	17	Pulse	199	490000	19707	NA
p005	18	Picture	fix	490480	0	1	22022	1	0	next	other	0
p005	18	Pulse	199	500000	9520	NA
p005	18	Pulse	199	510000	19520	NA
p005	20	Picture	stim	512502	0	1	17351	1	0	next	incorrect	73
p005	20	Pulse	199	520000	7498	NA
p005	20	Response	32	529725	17224	1
p005	21	Picture	feedback	529852	0	1	20187	1	0	next	other	0
p005	21	Pulse	199	530000	148	NA
p005	21	Pulse	199	540000	10148	NA
p005	21	Pulse	199	550000	20148	NA
p005	22	Picture	fix	550039	0	1	23690	1	0	next	other	0
p005	22	Pulse	199	560000	9961	NA
p005	22	Pulse	199	570000	19961	NA
p005	24	Picture	stim	573730	0	1	8008	1	0	next	hit	83
p005	24	Pulse	199	580000	6270	NA
p005	24	Response	16	581647	7917	1
p005	25	Picture	feedback	581738	0	1	20187	1	0	next	other	0
p005	25	Pulse	199	590000	8262	NA
p005	25	Pulse	199	600000	18262	NA
p005	26	Pulse	199	610000	8076	NA
p005	26	Pulse	199	620000	18076	NA
p005	26	Pulse	199	630000	28076	NA
p005	26	Pulse	199	640000	38076	NA
p005	26	Pulse	199	650000	48076	NA
p005	26	Pulse	199	660000	58076	NA
p005	26	Pulse	199	670000	68076	NA
p005	26	Pulse	199	680000	78076	NA
p005	26	Pulse	199	690000	88076	NA
p005	26	Pulse	199	700000	98076	NA
p005	26	Pulse	199	710000	108076	NA
p005	26	Pulse	199	720000	118076	NA
p005	26	Response	32	727966	126042	1
p005	27	Pulse	199	730000	2024	NA
p005	27	Pulse	199	740000	12024	NA
p005	27	Pulse	199	750000	22024	NA
p005	27	Pulse	199	760000	32024	NA
p005	27	Pulse	199	770000	42024	NA
p005	28	Picture	fix	778267	0	1	16350	1	0	next	other	0
p005	28	Pulse	199	780000	1733	NA
p005	28	Pulse	199	790000	11733	NA
p005	30	Picture	stim	794617	0	1	25192	1	0	25000	hit	111
p005	30	Pulse	199	800000	5383	NA
p005	30	Pulse	199	810000	15383	NA
p005	30	Response	16	810687	16070	1
p005	31	Picture	fix2	819809	0	1	11178	1	0	next	other	0
p005	31	Pulse	199	820000	191	NA
p005	31	Pulse	199	830000	10191	NA
p005	32	Picture	feedback	830987	0	1	20187	1	0	next	other	0
p005	32	Pulse	199	840000	9013	NA
p005	32	Pulse	199	850000	19013	NA
p005	33	Picture	fix	851173	0	1	28862	1	0	next	other	0
p005	33	Pulse	199	860000	8827	NA
p005	33	Pulse	199	870000	18827	NA
p005	34	Pulse	199	880000	115	NA
p005	35	Picture	stim	880036	0	1	25192	1	0	25000	hit	124
p005	35	Pulse	199	890000	9964	NA
p005	35	Response	16	895086	15051	1
p005	35	Pulse	199	900000	19964	NA
p005	36	Picture	fix2	905394	0	1	22022	1	0	next	other	0
p005	36	Pulse	199	910000	4606	NA
p005	36	Pulse	199	920000	14606	NA
p005	37	Picture	feedback	927416	0	1	20187	1	0	next	other	0
p005	37	Pulse	199	930000	2584	NA
p005	37	Pulse	199	940000	12584	NA
p005	38	Picture	fix	947603	0	1	32199	1	0	next	other	0
p005	38	Pulse	199	950000	2397	NA
p005	38	Pulse	199	960000	12397	NA
p005	38	Pulse	199	970000	22397	NA
p005	40	Picture	stim	979802	0	1	25192	1	0	25000	hit	139
p005	40	Pulse	199	980000	198	NA
p005	40	Pulse	199	990000	10198	NA
p005	40	Response	16	999646	19844	1
p005	40	Pulse	199	1000000	20198	NA
p005	41	Picture	fix2	1004994	0	1	15849	1	0	next	other	0
p005	41	Pulse	199	1010000	5006	NA
p005	41	Pulse	199	1020000	15006	NA
p005	42	Picture	feedback	1020843	0	1	20187	1	0	next	other	0
p005	42	Pulse	199	1030000	9157	NA
p005	42	Pulse	199	1040000	19157	NA
p005	43	Picture	fix	1041030	0	1	23524	1	0	next	other	0
p005	43	Pulse	199	1050000	8970	NA
p005	43	Pulse	199	1060000	18970	NA
p005	45	Picture	stim	1064553	0	1	25192	1	0	25000	hit	152
p005	45	Pulse	199	1070000	5447	NA
p005	45	Response	16	1076127	11574	1
p005	45	Pulse	199	1080000	15447	NA
p005	46	Picture	fix2	1089745	0	1	21355	1	0	next	other	0
p005	46	Pulse	199	1090000	255	NA
p005	46	Pulse	199	1100000	10255	NA
p005	46	Pulse	199	1110000	20255	NA
p005	47	Picture	feedback	1111100	0	1	20187	1	0	next	other	0
p005	47	Pulse	199	1120000	8900	NA
p005	47	Pulse	199	1130000	18900	NA
p005	48	Picture	fix	1131287	0	1	23524	1	0	next	other	0
p005	48	Pulse	199	1140000	8713	NA
p005	48	Pulse	199	1150000	18713	NA
p005	50	Picture	stim	1154810	0	1	25192	1	0	25000	hit	166
p005	50	Pulse	199	1160000	5190	NA
p005	50	Response	16	1167407	12597	1
p005	50	Pulse	199	1170000	15190	NA
p005	50	Pulse	199	1180000	25190	NA
p005	51	Picture	fix2	1180002	0	1	15849	1	0	next	other	0
p005	51	Pulse	199	1190000	9998	NA
p005	52	Picture	feedback	1195851	0	1	20187	1	0	next	other	0
p005	52	Pulse	199	1200000	4149	NA
p005	52	Pulse	199	1210000	14149	NA
p005	53	Picture	fix	1216038	0	1	26860	1	0	next	other	0
p005	53	Pulse	199	1220000	3962	NA
p005	53	Pulse	199	1230000	13962	NA
p005	53	Pulse	199	1240000	23962	NA
p005	55	Picture	stim	1242898	0	1	25192	1	0	25000	hit	180
p005	55	Pulse	199	1250000	7102	NA
p005	55	Response	16	1255646	12748	1
p005	55	Pulse	199	1260000	17102	NA
p005	56	Picture	fix2	1268090	0	1	16517	1	0	next	other	0
p005	56	Pulse	199	1270000	1910	NA
p005	56	Pulse	199	1280000	11910	NA
p005	57	Picture	feedback	1284606	0	1	20187	1	0	next	other	0
p005	57	Pulse	199	1290000	5394	NA
p005	57	Pulse	199	1300000	15394	NA
p005	58	Picture	fix	1304793	0	1	29029	1	0	next	other	0
p005	58	Pulse	199	1310000	5207	NA
p005	58	Pulse	199	1320000	15207	NA
p005	58	Pulse	199	1330000	25207	NA
p005	60	Picture	stim	1333822	0	1	25192	1	0	25000	incorrect	194
p005	60	Pulse	199	1340000	6178	NA
p005	60	Response	32	1348287	14464	1
p005	60	Pulse	199	1350000	16178	NA
p005	61	Picture	fix2	1359014	0	1	21355	1	0	next	other	0
p005	61	Pulse	199	1360000	986	NA
p005	61	Pulse	199	1370000	10986	NA
p005	61	Pulse	199	1380000	20986	NA
p005	62	Picture	feedback	1380369	0	1	20187	1	0	next	other	0
p005	62	Pulse	199	1390000	9631	NA
p005	62	Pulse	199	1400000	19631	NA
p005	63	Picture	fix	1400556	0	1	17517	1	0	next	other	0
p005	63	Pulse	199	1410000	9444	NA
p005	65	Picture	stim	1418073	0	1	25192	1	0	25000	incorrect	208
p005	65	Pulse	199	1420000	1927	NA
p005	65	Pulse	199	1430000	11927	NA
p005	65	Response	32	1432686	14613	1
p005	65	Pulse	199	1440000	21927	NA
p005	66	Picture	fix2	1443265	0	1	14014	1	0	next	other	0
p005	66	Pulse	199	1450000	6735	NA
p005	67	Picture	feedback	1457279	0	1	20187	1	0	next	other	0
p005	67	Pulse	199	1460000	2721	NA
p005	67	Pulse	199	1470000	12721	NA
p005	68	Picture	fix	1477466	0	1	30030	1	0	next	other	0
p005	68	Pulse	199	1480000	2534	NA
p005	68	Pulse	199	1490000	12534	NA
p005	68	Pulse	199	1500000	22534	NA
p005	70	Picture	stim	1507496	0	1	25192	1	0	25000	incorrect	222
p005	70	Pulse	199	1510000	2504	NA
p005	70	Pulse	199	1520000	12504	NA
p005	70	Response	32	1522845	15350	1
p005	70	Pulse	199	1530000	22504	NA
p005	71	Picture	fix2	1532688	0	1	13847	1	0	next	other	0
p005	71	Pulse	199	1540000	7312	NA
p005	72	Picture	feedback	1546535	0	1	20187	1	0	next	other	0
p005	72	Pulse	199	1550000	3465	NA
p005	72	Pulse	199	1560000	13465	NA
p005	73	Picture	fix	1566722	0	1	28028	1	0	next	other	0
p005	73	Pulse	199	1570000	3278	NA
p005	73	Pulse	199	1580000	13278	NA
p005	73	Pulse	199	1590000	23278	NA
p005	75	Picture	stim	1594750	0	1	25192	1	0	25000	incorrect	235
p005	75	Pulse	199	1600000	5250	NA
p005	75	Response	32	1605486	10737	1
p005	75	Pulse	199	1610000	15250	NA
p005	76	Picture	fix2	1619941	0	1	23523	1	0	next	other	0
p005	76	Pulse	199	1620000	59	NA
p005	76	Pulse	199	1630000	10059	NA
p005	76	Pulse	199	1640000	20059	NA
p005	77	Picture	feedback	1643465	0	1	20187	1	0	next	other	0
p005	77	Pulse	199	1650000	6535	NA
p005	77	Pulse	199	1660000	16535	NA
p005	78	Picture	fix	1663652	0	1	33200	1	0	next	other	0
p005	78	Pulse	199	1670000	6348	NA
p005	78	Pulse	199	1680000	16348	NA
p005	78	Pulse	199	1690000	26348	NA
p005	80	Picture	stim	1696852	0	1	25192	1	0	25000	hit	250
p005	80	Pulse	199	1700000	3148	NA
p005	80	Response	16	1707408	10556	1
p005	80	Pulse	199	1710000	13148	NA
p005	80	Pulse	199	1720000	23148	NA
p005	81	Picture	fix2	1722043	0	1	14681	1	0	next	other	0
p005	81	Pulse	199	1730000	7957	NA
p005	82	Picture	feedback	1736725	0	1	20187	1	0	next	other	0
p005	82	Pulse	199	1740000	3275	NA
p005	82	Pulse	199	1750000	13275	NA
p005	83	Picture	fix	1756912	0	1	28529	1	0	next	other	0
p005	83	Pulse	199	1760000	3088	NA
p005	83	Pulse	199	1770000	13088	NA
p005	83	Pulse	199	1780000	23088	NA
p005	85	Picture	stim	1785440	0	1	25192	1	0	25000	incorrect	264
p005	85	Pulse	199	1790000	4560	NA
p005	85	Response	32	1798847	13407	1
p005	85	Pulse	199	1800000	14560	NA
p005	85	Pulse	199	1810000	24560	NA
p005	86	Picture	fix2	1810632	0	1	22356	1	0	next	other	0
p005	86	Pulse	199	1820000	9368	NA
p005	86	Pulse	199	1830000	19368	NA
p005	87	Picture	feedback	1832988	0	1	20187	1	0	next	other	0
p005	87	Pulse	199	1840000	7012	NA
p005	87	Pulse	199	1850000	17012	NA
p005	88	Picture	fix	1853174	0	1	37538	1	0	next	other	0
p005	88	Pulse	199	1860000	6826	NA
p005	88	Pulse	199	1870000	16826	NA
p005	88	Pulse	199	1880000	26826	NA
p005	88	Pulse	199	1890000	36826	NA
p005	90	Picture	stim	1890712	0	1	25192	1	0	25000	hit	281
p005	90	Pulse	199	1900000	9288	NA
p005	90	Pulse	199	1910000	19288	NA
p005	90	Response	16	1910685	19973	1
p005	91	Picture	fix2	1915904	0	1	14681	1	0	next	other	0
p005	91	Pulse	199	1920000	4096	NA
p005	91	Pulse	199	1930000	14096	NA
p005	92	Picture	feedback	1930585	0	1	20187	1	0	next	other	0
p005	92	Pulse	199	1940000	9415	NA
p005	92	Pulse	199	1950000	19415	NA
p005	93	Picture	fix	1950772	0	1	26026	1	0	next	other	0
p005	93	Pulse	199	1960000	9228	NA
p005	93	Pulse	199	1970000	19228	NA
p005	95	Picture	stim	1976798	0	1	25192	1	0	25000	incorrect	294
p005	95	Pulse	199	1980000	3202	NA
p005	95	Pulse	199	1990000	13202	NA
p005	95	Response	32	1990046	13248	1
p005	95	Pulse	199	2000000	23202	NA
p005	96	Picture	fix2	2002157	0	1	23357	1	0	next	other	0
p005	96	Pulse	199	2010000	7843	NA
p005	96	Pulse	199	2020000	17843	NA
p005	97	Picture	feedback	2025513	0	1	20187	1	0	next	other	0
p005	97	Pulse	199	2030000	4487	NA
p005	97	Pulse	199	2040000	14487	NA
p005	98	Picture	fix	2045700	0	1	26360	1	0	next	other	0
p005	98	Pulse	199	2050000	4300	NA
p005	98	Pulse	199	2060000	14300	NA
p005	98	Pulse	199	2070000	24300	NA
p005	100	Picture	stim	2072060	0	1	25192	1	0	25000	hit	308
p005	100	Pulse	199	2080000	7940	NA
p005	100	Response	16	2084287	12227	1
p005	100	Pulse	199	2090000	17940	NA
p005	101	Picture	fix2	2097252	0	1	16016	1	0	next	other	0
p005	101	Pulse	199	2100000	2748	NA
p005	101	Pulse	199	2110000	12748	NA
p005	102	Picture	feedback	2113268	0	1	20187	1	0	next	other	0
p005	102	Pulse	199	2120000	6732	NA
p005	102	Pulse	199	2130000	16732	NA
p005	103	Picture	fix	2133454	0	1	35869	1	0	next	other	0
p005	103	Pulse	199	2140000	6546	NA
p005	103	Pulse	199	2150000	16546	NA
p005	103	Pulse	199	2160000	26546	NA
p005	105	Picture	stim	2169324	0	1	25192	1	0	25000	incorrect	323
p005	105	Pulse	199	2170000	676	NA
p005	105	Pulse	199	2180000	10676	NA
p005	105	Response	32	2185646	16322	1
p005	105	Pulse	199	2190000	20676	NA
p005	106	Picture	fix2	2194682	0	1	16350	1	0	next	other	0
p005	106	Pulse	199	2200000	5318	NA
p005	106	Pulse	199	2210000	15318	NA
p005	107	Picture	feedback	2211032	0	1	20187	1	0	next	other	0
p005	107	Pulse	199	2220000	8968	NA
p005	107	Pulse	199	2230000	18968	NA
p005	108	Picture	fix	2231219	0	1	26860	1	0	next	other	0
p005	108	Pulse	199	2240000	8781	NA
p005	108	Pulse	199	2250000	18781	NA
p005	110	Picture	stim	2258079	0	1	25192	1	0	25000	hit	336
p005	110	Pulse	199	2260000	1921	NA
p005	110	Response	16	2269726	11647	1
p005	110	Pulse	199	2270000	11921	NA
p005	110	Pulse	199	2280000	21921	NA
p005	111	Picture	fix2	2283271	0	1	27694	1	0	next	other	0
p005	111	Pulse	199	2290000	6729	NA
p005	111	Pulse	199	2300000	16729	NA
p005	111	Pulse	199	2310000	26729	NA
p005	112	Picture	feedback	2310965	0	1	20187	1	0	next	other	0
p005	112	Pulse	199	2320000	9035	NA
p005	112	Pulse	199	2330000	19035	NA
p005	113	Picture	fix	2331152	0	1	21522	1	0	next	other	0
p005	113	Pulse	199	2340000	8848	NA
p005	113	Pulse	199	2350000	18848	NA
p005	115	Picture	stim	2352674	0	1	25192	1	0	25000	hit	351
p005	115	Pulse	199	2360000	7326	NA
p005	115	Response	16	2363167	10494	1
p005	115	Pulse	199	2370000	17326	NA
p005	116	Picture	fix2	2377865	0	1	21355	1	0	next	other	0
p005	116	Pulse	199	2380000	2135	NA
p005	116	Pulse	199	2390000	12135	NA
p005	117	Picture	feedback	2399220	0	1	20187	1	0	next	other	0
p005	117	Pulse	199	2400000	780	NA
p005	117	Pulse	199	2410000	10780	NA
p005	118	Picture	fix	2419407	0	1	17684	1	0	next	other	0
p005	118	Pulse	199	2420000	593	NA
p005	118	Pulse	199	2430000	10593	NA
p005	120	Picture	stim	2437091	0	1	25192	1	0	25000	incorrect	364
p005	120	Pulse	199	2440000	2909	NA
p005	120	Response	32	2449165	12074	1
p005	120	Pulse	199	2450000	12909	NA
p005	120	Pulse	199	2460000	22909	NA
p005	121	Picture	fix2	2462450	0	1	17851	1	0	next	other	0
p005	121	Pulse	199	2470000	7550	NA
p005	121	Pulse	199	2480000	17550	NA
p005	122	Picture	feedback	2480301	0	1	20187	1	0	next	other	0
p005	122	Pulse	199	2490000	9699	NA
p005	122	Pulse	199	2500000	19699	NA
p005	123	Picture	fix	2500488	0	1	31198	1	0	next	other	0
p005	123	Pulse	199	2510000	9512	NA
p005	123	Pulse	199	2520000	19512	NA
p005	123	Pulse	199	2530000	29512	NA
p005	125	Picture	stim	2531686	0	1	25192	1	0	25000	incorrect	379
p005	125	Pulse	199	2540000	8314	NA
p005	125	Response	32	2544445	12760	1
p005	125	Pulse	199	2550000	18314	NA
p005	126	Picture	fix2	2556877	0	1	11512	1	0	next	other	0
p005	126	Pulse	199	2560000	3123	NA
p005	127	Picture	feedback	2568389	0	1	20187	1	0	next	other	0
p005	127	Pulse	199	2570000	1611	NA
p005	127	Pulse	199	2580000	11611	NA
p005	128	Picture	fix	2588576	0	1	19019	1	0	next	other	0
p005	128	Pulse	199	2590000	1424	NA
p005	128	Pulse	199	2600000	11424	NA
p005	130	Picture	stim	2607595	0	1	25192	1	0	25000	incorrect	391
p005	130	Pulse	199	2610000	2405	NA
p005	130	Response	32	2618607	11012	1
p005	130	Pulse	199	2620000	12405	NA
p005	130	Pulse	199	2630000	22405	NA
p005	131	Picture	fix2	2632787	0	1	20520	1	0	next	other	0
p005	131	Pulse	199	2640000	7213	NA
p005	131	Pulse	199	2650000	17213	NA
p005	132	Picture	feedback	2653307	0	1	20187	1	0	next	other	0
p005	132	Pulse	199	2660000	6693	NA
p005	132	Pulse	199	2670000	16693	NA
p005	133	Picture	fix	2673494	0	1	25526	1	0	next	other	0
p005	133	Pulse	199	2680000	6506	NA
p005	133	Pulse	199	2690000	16506	NA
p005	135	Picture	stim	2699020	0	1	25192	1	0	25000	hit	405
p005	135	Pulse	199	2700000	981	NA
p005	135	Response	16	2709967	10947	1
p005	135	Pulse	199	2710000	10981	NA
p005	135	Pulse	199	2720000	20981	NA
p005	136	Picture	fix2	2724211	0	1	21688	1	0	next	other	0
p005	136	Pulse	199	2730000	5789	NA
p005	136	Pulse	199	2740000	15789	NA
p005	137	Picture	feedback	2745900	0	1	20187	1	0	next	other	0
p005	137	Pulse	199	2750000	4100	NA
p005	137	Pulse	199	2760000	14100	NA
p005	138	Picture	fix	2766087	0	1	29696	1	0	next	other	0
p005	138	Pulse	199	2770000	3913	NA
p005	138	Pulse	199	2780000	13913	NA
p005	138	Pulse	199	2790000	23913	NA
p005	140	Picture	stim	2795783	0	1	25192	1	0	25000	hit	420
p005	140	Pulse	199	2800000	4217	NA
p005	140	Response	16	2806287	10504	1
p005	140	Pulse	199	2810000	14217	NA
p005	140	Pulse	199	2820000	24217	NA
p005	141	Picture	fix2	2820975	0	1	25859	1	0	next	other	0
p005	141	Pulse	199	2830000	9025	NA
p005	141	Pulse	199	2840000	19025	NA
p005	142	Picture	feedback	2846834	0	1	20187	1	0	next	other	0
p005	142	Pulse	199	2850000	3166	NA
p005	142	Pulse	199	2860000	13166	NA
p005	143	Picture	fix	2867021	0	1	26860	1	0	next	other	0
p005	143	Pulse	199	2870000	2979	NA
p005	143	Pulse	199	2880000	12979	NA
p005	143	Pulse	199	2890000	22979	NA
p005	145	Picture	stim	2893881	0	1	25192	1	0	25000	incorrect	435
p005	145	Pulse	199	2900000	6119	NA
p005	145	Response	32	2904687	10807	1
p005	145	Pulse	199	2910000	16119	NA
p005	146	Picture	fix2	2919073	0	1	13013	1	0	next	other	0
p005	146	Pulse	199	2920000	927	NA
p005	146	Pulse	199	2930000	10927	NA
p005	147	Picture	feedback	2932086	0	1	20187	1	0	next	other	0
p005	147	Pulse	199	2940000	7914	NA
p005	147	Pulse	199	2950000	17914	NA
p005	148	Picture	fix	2952273	0	1	24691	1	0	next	other	0
p005	148	Pulse	199	2960000	7727	NA
p005	148	Pulse	199	2970000	17727	NA
p005	150	Picture	stim	2976964	0	1	25192	1	0	25000	hit	448
p005	150	Pulse	199	2980000	3036	NA
p005	150	Response	16	2988447	11483	1
p005	150	Pulse	199	2990000	13036	NA
p005	150	Pulse	199	3000000	23036	NA
p005	151	Picture	fix2	3002322	0	1	18018	1	0	next	other	0
p005	151	Pulse	199	3010000	7678	NA
p005	151	Pulse	199	3020000	17678	NA
p005	152	Picture	feedback	3020341	0	1	20187	1	0	next	other	0
p005	152	Pulse	199	3030000	9659	NA
p005	152	Pulse	199	3040000	19659	NA
p005	153	Picture	fix	3040527	0	1	23690	1	0	next	other	0
p005	153	Pulse	199	3050000	9473	NA
p005	153	Pulse	199	3060000	19473	NA
p005	155	Picture	stim	3064218	0	1	25192	1	0	25000	hit	462
p005	155	Pulse	199	3070000	5782	NA
p005	155	Response	16	3075247	11029	1
p005	155	Pulse	199	3080000	15782	NA
p005	156	Picture	fix2	3089576	0	1	17351	1	0	next	other	0
p005	156	Pulse	199	3090000	424	NA
p005	156	Pulse	199	3100000	10424	NA
p005	157	Picture	feedback	3106927	0	1	20187	1	0	next	other	0
p005	157	Pulse	199	3110000	3073	NA
p005	157	Pulse	199	3120000	13073	NA
p005	158	Picture	fix	3127114	0	1	30864	1	0	next	other	0
p005	158	Pulse	199	3130000	2886	NA
p005	158	Pulse	199	3140000	12886	NA
p005	158	Pulse	199	3150000	22886	NA
p005	160	Picture	stim	3157978	0	1	25192	1	0	25000	hit	476
p005	160	Pulse	199	3160000	2022	NA
p005	160	Response	16	3168846	10868	1
p005	160	Pulse	199	3170000	12022	NA
p005	160	Pulse	199	3180000	22022	NA
p005	161	Picture	fix2	3183170	0	1	16683	1	0	next	other	0
p005	161	Pulse	199	3190000	6830	NA
p005	162	Picture	feedback	3199853	0	1	20187	1	0	next	other	0
p005	162	Pulse	199	3200000	147	NA
p005	162	Pulse	199	3210000	10147	NA
p005	162	Pulse	199	3220000	20147	NA
p005	163	Picture	fix	3220040	0	1	20020	1	0	next	other	0
p005	163	Pulse	199	3230000	9960	NA
p005	164	Pulse	199	3240000	49	NA
p005	165	Picture	stim	3240060	0	1	25192	1	0	25000	hit	490
p005	165	Pulse	199	3250000	9940	NA
p005	165	Response	16	3251006	10946	1
p005	165	Pulse	199	3260000	19940	NA
p005	166	Picture	fix2	3265419	0	1	16183	1	0	next	other	0
p005	166	Pulse	199	3270000	4581	NA
p005	166	Pulse	199	3280000	14581	NA
p005	167	Picture	feedback	3281602	0	1	20187	1	0	next	other	0
p005	167	Pulse	199	3290000	8398	NA
p005	167	Pulse	199	3300000	18398	NA
p005	168	Picture	fix	3301788	0	1	25192	1	0	next	other	0
p005	168	Pulse	199	3310000	8212	NA
p005	168	Pulse	199	3320000	18212	NA
p005	170	Picture	stim	3326980	0	1	25192	1	0	25000	incorrect	505
p005	170	Pulse	199	3330000	3020	NA
p005	170	Pulse	199	3340000	13020	NA
p005	170	Pulse	199	3350000	23020	NA
p005	170	Response	32	3351648	24668	1
p005	171	Picture	fix2	3352172	0	1	13347	1	0	next	other	0
p005	171	Pulse	199	3360000	7828	NA
p005	172	Picture	feedback	3365519	0	1	20187	1	0	next	other	0
p005	172	Pulse	199	3370000	4481	NA
p005	172	Pulse	199	3380000	14481	NA
p005	173	Picture	fix	3385706	0	1	27361	1	0	next	other	0
p005	173	Pulse	199	3390000	4294	NA
p005	173	Pulse	199	3400000	14294	NA
p005	173	Pulse	199	3410000	24294	NA
p005	175	Picture	stim	3413066	0	1	25192	1	0	25000	incorrect	517
p005	175	Pulse	199	3420000	6934	NA
p005	175	Response	32	3423565	10499	1
p005	175	Pulse	199	3430000	16934	NA
p005	176	Picture	fix2	3438258	0	1	24358	1	0	next	other	0
p005	176	Pulse	199	3440000	1742	NA
p005	176	Pulse	199	3450000	11742	NA
p005	176	Pulse	199	3460000	21742	NA
p005	177	Picture	feedback	3462616	0	1	20187	1	0	next	other	0
p005	177	Pulse	199	3470000	7384	NA
p005	177	Pulse	199	3480000	17384	NA
p005	178	Picture	fix	3482802	0	1	28529	1	0	next	other	0
p005	178	Pulse	199	3490000	7198	NA
p005	178	Pulse	199	3500000	17198	NA
p005	178	Pulse	199	3510000	27198	NA
p005	180	Picture	stim	3511331	0	1	25192	1	0	25000	hit	532
p005	180	Pulse	199	3520000	8669	NA
p005	180	Response	16	3522526	11195	1
p005	180	Pulse	199	3530000	18669	NA
p005	181	Picture	fix2	3536523	0	1	10844	1	0	next	other	0
p005	181	Pulse	199	3540000	3477	NA
p005	182	Picture	feedback	3547367	0	1	20187	1	0	next	other	0
p005	182	Pulse	199	3550000	2633	NA
p005	182	Pulse	199	3560000	12633	NA
p005	183	Picture	fix	3567554	0	1	26526	1	0	next	other	0
p005	183	Pulse	199	3570000	2446	NA
p005	183	Pulse	199	3580000	12446	NA
p005	183	Pulse	199	3590000	22446	NA
p005	185	Picture	stim	3594080	0	1	25192	1	0	25000	incorrect	545
p005	185	Pulse	199	3600000	5920	NA
p005	185	Response	32	3606206	12126	1
p005	185	Pulse	199	3610000	15920	NA
p005	186	Picture	fix2	3619272	0	1	18685	1	0	next	other	0
p005	186	Pulse	199	3620000	728	NA
p005	186	Pulse	199	3630000	10728	NA
p005	187	Picture	feedback	3637958	0	1	20187	1	0	next	other	0
p005	187	Pulse	199	3640000	2043	NA
p005	187	Pulse	199	3650000	12043	NA
p005	188	Picture	fix	3658144	0	1	23690	1	0	next	other	0
p005	188	Pulse	199	3660000	1856	NA
p005	188	Pulse	199	3670000	11856	NA
p005	188	Pulse	199	3680000	21856	NA
p005	190	Picture	stim	3681835	0	1	25192	1	0	25000	hit	559
p005	190	Pulse	199	3690000	8165	NA
p005	190	Response	16	3693967	12132	1
p005	190	Pulse	199	3700000	18165	NA
p005	191	Picture	fix2	3707027	0	1	16850	1	0	next	other	0
p005	191	Pulse	199	3710000	2974	NA
p005	191	Pulse	199	3720000	12974	NA
p005	192	Picture	feedback	3723877	0	1	20187	1	0	next	other	0
p005	192	Pulse	199	3730000	6123	NA
p005	192	Pulse	199	3740000	16123	NA
p005	193	Picture	fix	3744064	0	1	19353	1	0	next	other	0
p005	193	Pulse	199	3750000	5936	NA
p005	193	Pulse	199	3760000	15936	NA
p005	195	Picture	stim	3763416	0	1	25192	1	0	25000	hit	572
p005	195	Pulse	199	3770000	6584	NA
p005	195	Response	16	3778366	14950	1
p005	195	Pulse	199	3780000	16584	NA
p005	196	Picture	fix2	3788608	0	1	20520	1	0	next	other	0
p005	196	Pulse	199	3790000	1392	NA
p005	196	Pulse	199	3800000	11392	NA
p005	197	Picture	feedback	3809129	0	1	20187	1	0	next	other	0
p005	197	Pulse	199	3810000	872	NA
p005	197	Pulse	199	3820000	10872	NA
p005	198	Picture	fix	3829315	0	1	20520	1	0	next	other	0
p005	198	Pulse	199	3830000	685	NA
p005	198	Pulse	199	3840000	10685	NA
p005	200	Picture	stim	3849836	0	1	25192	1	0	25000	incorrect	585
p005	200	Pulse	199	3850000	164	NA
p005	200	Response	32	3859327	9491	1
p005	200	Pulse	199	3860000	10164	NA
p005	200	Pulse	199	3870000	20164	NA
p005	201	Picture	fix2	3875028	0	1	18018	1	0	next	other	0
p005	201	Pulse	199	3880000	4972	NA
p005	201	Pulse	199	3890000	14972	NA
p005	202	Picture	feedback	3893046	0	1	20187	1	0	next	other	0
p005	202	Pulse	199	3900000	6954	NA
p005	202	Pulse	199	3910000	16954	NA
p005	203	Picture	fix	3913233	0	1	20187	1	0	next	other	0
p005	203	Pulse	199	3920000	6768	NA
p005	203	Pulse	199	3930000	16768	NA
p005	205	Picture	stim	3933419	0	1	25192	1	0	25000	hit	599
p005	205	Pulse	199	3940000	6581	NA
p005	205	Response	16	3949886	16467	1
p005	205	Pulse	199	3950000	16581	NA
p005	206	Picture	fix2	3958611	0	1	20020	1	0	next	other	0
p005	206	Pulse	199	3960000	1389	NA
p005	206	Pulse	199	3970000	11389	NA
p005	207	Picture	feedback	3978631	0	1	20187	1	0	next	other	0
p005	207	Pulse	199	3980000	1369	NA
p005	207	Pulse	199	3990000	11369	NA
p005	208	Picture	fix	3998818	0	1	29363	1	0	next	other	0
p005	208	Pulse	199	4000000	1182	NA
p005	208	Pulse	199	4010000	11182	NA
p005	208	Pulse	199	4020000	21182	NA
p005	210	Picture	stim	4028181	0	1	25192	1	0	25000	hit	613
p005	210	Pulse	199	4030000	1819	NA
p005	210	Response	16	4039326	11145	1
p005	210	Pulse	199	4040000	11819	NA
p005	210	Pulse	199	4050000	21819	NA
p005	211	Picture	fix2	4053373	0	1	25859	1	0	next	other	0
p005	211	Pulse	199	4060000	6627	NA
p005	211	Pulse	199	4070000	16627	NA
p005	212	Picture	feedback	4079232	0	1	20187	1	0	next	other	0
p005	212	Pulse	199	4080000	768	NA
p005	212	Pulse	199	4090000	10768	NA
p005	213	Picture	fix	4099419	0	1	22356	1	0	next	other	0
p005	213	Pulse	199	4100000	581	NA
p005	213	Pulse	199	4110000	10581	NA
p005	213	Pulse	199	4120000	20581	NA
p005	215	Picture	stim	4121774	0	1	25192	1	0	25000	incorrect	627
p005	215	Response	32	4129807	8033	1
p005	215	Pulse	199	4130000	8226	NA
p005	215	Pulse	199	4140000	18226	NA
p005	216	Picture	fix2	4146966	0	1	21688	1	0	next	other	0
p005	216	Pulse	199	4150000	3034	NA
p005	216	Pulse	199	4160000	13034	NA
p005	217	Picture	feedback	4168654	0	1	20187	1	0	next	other	0
p005	217	Pulse	199	4170000	1346	NA
p005	217	Pulse	199	4180000	11346	NA
p005	218	Picture	fix	4188841	0	1	22356	1	0	next	other	0
p005	218	Pulse	199	4190000	1159	NA
p005	218	Pulse	199	4200000	11159	NA
p005	218	Pulse	199	4210000	21159	NA
p005	220	Picture	stim	4211197	0	1	25192	1	0	25000	hit	642
p005	220	Pulse	199	4220000	8803	NA
p005	220	Response	16	4220045	8848	1
p005	220	Pulse	199	4230000	18803	NA
p005	221	Picture	fix2	4236389	0	1	21855	1	0	next	other	0
p005	221	Pulse	199	4240000	3611	NA
p005	221	Pulse	199	4250000	13611	NA
p005	222	Picture	feedback	4258244	0	1	20187	1	0	next	other	0
p005	222	Pulse	199	4260000	1756	NA
p005	222	Pulse	199	4270000	11756	NA
p005	223	Picture	fix	4278431	0	1	24858	1	0	next	other	0
p005	223	Pulse	199	4280000	1569	NA
p005	223	Pulse	199	4290000	11569	NA
p005	223	Pulse	199	4300000	21569	NA
p005	225	Picture	stim	4303289	0	1	25192	1	0	25000	incorrect	656
p005	225	Pulse	199	4310000	6711	NA
p005	225	Response	32	4311566	8278	1
p005	225	Pulse	199	4320000	16711	NA
p005	226	Picture	fix2	4328481	0	1	29029	1	0	next	other	0
p005	226	Pulse	199	4330000	1519	NA
p005	226	Pulse	199	4340000	11519	NA
p005	226	Pulse	199	4350000	21519	NA
p005	227	Picture	feedback	4357510	0	1	20187	1	0	next	other	0
p005	227	Pulse	199	4360000	2490	NA
p005	227	Pulse	199	4370000	12490	NA
p005	228	Picture	fix	4377697	0	1	29196	1	0	next	other	0
p005	228	Pulse	199	4380000	2303	NA
p005	228	Pulse	199	4390000	12303	NA
p005	228	Pulse	199	4400000	22303	NA
p005	230	Picture	stim	4406892	0	1	25192	1	0	25000	incorrect	671
p005	230	Pulse	199	4410000	3108	NA
p005	230	Response	32	4417086	10194	1
p005	230	Pulse	199	4420000	13108	NA
p005	230	Pulse	199	4430000	23108	NA
p005	231	Picture	fix2	4432084	0	1	16683	1	0	next	other	0
p005	231	Pulse	199	4440000	7916	NA
p005	232	Picture	feedback	4448768	0	1	20187	1	0	next	other	0
p005	232	Pulse	199	4450000	1232	NA
p005	232	Pulse	199	4460000	11232	NA
p005	233	Picture	fix	4468954	0	1	22856	1	0	next	other	0
p005	233	Pulse	199	4470000	1046	NA
p005	233	Pulse	199	4480000	11046	NA
p005	233	Pulse	199	4490000	21046	NA
p005	235	Picture	stim	4491811	0	1	25192	1	0	25000	hit	685
p005	235	Pulse	199	4500000	8189	NA
p005	235	Response	16	4506847	15036	1
p005	235	Pulse	199	4510000	18189	NA
p005	236	Picture	fix2	4517002	0	1	26193	1	0	next	other	0
p005	236	Pulse	199	4520000	2998	NA
p005	236	Pulse	199	4530000	12998	NA
p005	236	Pulse	199	4540000	22998	NA
p005	237	Picture	feedback	4543195	0	1	20187	1	0	next	other	0
p005	237	Pulse	199	4550000	6805	NA
p005	237	Pulse	199	4560000	16805	NA
p005	238	Picture	fix	4563382	0	1	22022	1	0	next	other	0
p005	238	Pulse	199	4570000	6618	NA
p005	238	Pulse	199	4580000	16618	NA
p005	240	Picture	stim	4585404	0	1	25192	1	0	25000	incorrect	699
p005	240	Pulse	199	4590000	4596	NA
p005	240	Response	32	4595327	9923	1
p005	240	Pulse	199	4600000	14596	NA
p005	240	Pulse	199	4610000	24596	NA
p005	241	Picture	fix2	4610596	0	1	29363	1	0	next	other	0
p005	241	Pulse	199	4620000	9404	NA
p005	241	Pulse	199	4630000	19404	NA
p005	242	Picture	feedback	4639959	0	1	20187	1	0	next	other	0
p005	242	Pulse	199	4640000	41	NA
p005	242	Pulse	199	4650000	10041	NA
p005	242	Pulse	199	4660000	20041	NA
p005	243	Picture	fix	4660145	0	1	34034	1	0	next	other	0
p005	243	Pulse	199	4670000	9855	NA
p005	243	Pulse	199	4680000	19855	NA
p005	243	Pulse	199	4690000	29855	NA
p005	245	Picture	stim	4694179	0	1	25192	1	0	25000	hit	715
p005	245	Pulse	199	4700000	5821	NA
p005	245	Response	16	4701805	7626	1
p005	245	Pulse	199	4710000	15821	NA
p005	246	Picture	fix2	4719371	0	1	9176	1	0	next	other	0
p005	246	Pulse	199	4720000	629	NA
p005	247	Picture	feedback	4728547	0	1	20187	1	0	next	other	0
p005	247	Pulse	199	4730000	1453	NA
p005	247	Pulse	199	4740000	11453	NA
p005	248	Picture	fix	4748734	0	1	28862	1	0	next	other	0
p005	248	Pulse	199	4750000	1266	NA
p005	248	Pulse	199	4760000	11266	NA
p005	248	Pulse	199	4770000	21266	NA
p005	250	Picture	stim	4777596	0	1	25192	1	0	25000	incorrect	728
p005	250	Pulse	199	4780000	2404	NA
p005	250	Response	32	4787247	9651	1
p005	250	Pulse	199	4790000	12404	NA
p005	250	Pulse	199	4800000	22404	NA
p005	251	Picture	fix2	4802788	0	1	15182	1	0	next	other	0
p005	251	Pulse	199	4810000	7212	NA
p005	252	Picture	feedback	4817970	0	1	20187	1	0	next	other	0
p005	252	Pulse	199	4820000	2030	NA
p005	252	Pulse	199	4830000	12030	NA
p005	253	Picture	fix	4838157	0	1	22022	1	0	next	other	0
p005	253	Pulse	199	4840000	1843	NA
p005	253	Pulse	199	4850000	11843	NA
p005	253	Pulse	199	4860000	21843	NA
p005	255	Picture	stim	4860179	0	1	25192	1	0	25000	hit	742
p005	255	Pulse	199	4870000	9821	NA
p005	255	Response	16	4870925	10747	1
p005	255	Pulse	199	4880000	19821	NA
p005	256	Picture	fix2	4885370	0	1	22523	1	0	next	other	0
p005	256	Pulse	199	4890000	4630	NA
p005	256	Pulse	199	4900000	14630	NA
p005	257	Picture	feedback	4907893	0	1	20187	1	0	next	other	0
p005	257	Pulse	199	4910000	2107	NA
p005	257	Pulse	199	4920000	12107	NA
p005	258	Picture	fix	4928080	0	1	24525	1	0	next	other	0
p005	258	Pulse	199	4930000	1920	NA
p005	258	Pulse	199	4940000	11920	NA
p005	258	Pulse	199	4950000	21920	NA
p005	260	Picture	stim	4952604	0	1	25192	1	0	25000	incorrect	756
p005	260	Pulse	199	4960000	7396	NA
p005	260	Response	32	4961725	9121	1
p005	260	Pulse	199	4970000	17396	NA
p005	261	Picture	fix2	4977796	0	1	26360	1	0	next	other	0
p005	261	Pulse	199	4980000	2204	NA
p005	261	Pulse	199	4990000	12204	NA
p005	261	Pulse	199	5000000	22204	NA
p005	262	Picture	feedback	5004156	0	1	20187	1	0	next	other	0
p005	262	Pulse	199	5010000	5844	NA
p005	262	Pulse	199	5020000	15844	NA
p005	263	Picture	fix	5024343	0	1	18685	1	0	next	other	0
p005	263	Pulse	199	5030000	5657	NA
p005	263	Pulse	199	5040000	15657	NA
p005	265	Picture	stim	5043028	0	1	25192	1	0	25000	incorrect	770
p005	265	Pulse	199	5050000	6972	NA
p005	265	Response	32	5053885	10857	1
p005	265	Pulse	199	5060000	16972	NA
p005	266	Picture	fix2	5068220	0	1	24191	1	0	next	other	0
p005	266	Pulse	199	5070000	1780	NA
p005	266	Pulse	199	5080000	11780	NA
p005	266	Pulse	199	5090000	21780	NA
p005	267	Picture	feedback	5092411	0	1	20187	1	0	next	other	0
p005	267	Pulse	199	5100000	7589	NA
p005	267	Pulse	199	5110000	17589	NA
p005	268	Picture	100	5112597	0	1	80080	1	0	80000	other	0
p005	268	Pulse	199	5120000	7403	NA
p005	268	Pulse	199	5130000	17403	NA
p005	268	Pulse	199	5140000	27403	NA
p005	268	Pulse	199	5150000	37403	NA
p005	268	Pulse	199	5160000	47403	NA
p005	268	Pulse	199	5170000	57403	NA
p005	268	Pulse	199	5180000	67403	NA
p005	268	Pulse	199	5190000	77403	NA
