Scenario - FeedLearn_B.sce
Logfile written - 10/06/2020 12:00:43

Subject	Trial	Event Type	Code	Time	TTime	Uncertainty	Duration	Uncertainty	ReqTime	ReqDur	Stim Type	Pair Index

p006	0	Pulse	199	0	0	NA
p006	0	Pulse	199	10000	10000	NA
p006	1	Pulse	199	20000	9833	NA
p006	1	Pulse	199	30000	19833	NA
p006	1	Response	32	39921	29753	0
p006	1	Pulse	199	40000	29833	NA
p006	2	Picture	fix	40005	0	1	18774	1	0	next	other	0
p006	2	Pulse	199	50000	9995	NA
p006	4	Picture	stim	58780	0	1	17266	1	0	next	hit	12
p006	4	Pulse	199	60000	1220	NA
p006	4	Pulse	199	70000	11220	NA
p006	4	Response	16	75852	17073	0
p006	5	Picture	feedback	76045	0	1	20116	1	0	next	other	0
p006	5	Pulse	199	80000	3955	NA
p006	5	Pulse	199	90000	13955	NA
p006	6	Picture	fix	96161	0	1	32185	1	0	next	other	0
p006	6	Pulse	199	100000	3839	NA
p006	6	Pulse	199	110000	13839	NA
p006	6	Pulse	199	120000	23839	NA
p006	8	Picture	stim	128346	0	1	8884	1	0	next	incorrect	22
p006	8	Pulse	199	130000	1654	NA
p006	8	Response	32	137037	8691	0
p006	9	Picture	feedback	137230	0	1	20115	1	0	next	other	0
p006	9	Pulse	199	140000	2770	NA
p006	9	Pulse	199	150000	12770	NA
p006	10	Picture	fix	157346	0	1	24641	1	0	next	other	0
p006	10	Pulse	199	160000	2654	NA
p006	10	Pulse	199	170000	12654	NA
p006	10	Pulse	199	180000	22654	NA
p006	12	Picture	stim	181987	0	1	7879	1	0	next	incorrect	31
p006	12	Response	32	189738	7751	0
p006	13	Picture	feedback	189866	0	1	20115	1	0	next	other	0
p006	13	Pulse	199	190000	134	NA
p006	13	Pulse	199	200000	10134	NA
p006	14	Picture	fix	209981	0	1	21457	1	0	next	other	0
p006	14	Pulse	199	210000	19	NA
p006	14	Pulse	199	220000	10019	NA
p006	14	Pulse	199	230000	20019	NA
p006	16	Picture	stim	231438	0	1	10393	1	0	next	hit	41
p006	16	Pulse	199	240000	8562	NA
p006	16	Response	16	241637	10199	0
p006	17	Picture	feedback	241831	0	1	20116	1	0	next	other	0
p006	17	Pulse	199	250000	8169	NA
p006	17	Pulse	199	260000	18169	NA
p006	18	Picture	fix	261946	0	1	21959	1	0	next	other	0
p006	18	Pulse	199	270000	8054	NA
p006	18	Pulse	199	280000	18054	NA
p006	20	Picture	stim	283905	0	1	8717	1	0	next	incorrect	50
p006	20	Pulse	199	290000	6095	NA
p006	20	Response	32	292440	8535	0
p006	21	Picture	feedback	292622	0	1	20116	1	0	next	other	0
p006	21	Pulse	199	300000	7378	NA
p006	21	Pulse	199	310000	17378	NA
p006	22	Picture	fix	312738	0	1	23636	1	0	next	other	0
p006	22	Pulse	199	320000	7262	NA
p006	22	Pulse	199	330000	17262	NA
p006	24	Picture	stim	336373	0	1	7543	1	0	next	hit	59
p006	24	Pulse	199	340000	3627	NA
p006	24	Response	16	343841	7467	0
p006	25	Picture	feedback	343917	0	1	20115	1	0	next	other	0
p006	25	Pulse	199	350000	6083	NA
p006	25	Pulse	199	360000	16083	NA
p006	26	Pulse	199	370000	5968	NA
p006	26	Pulse	199	380000	15968	NA
p006	26	Pulse	199	390000	25968	NA
p006	26	Response	32	392849	28817	0
p006	27	Pulse	199	400000	7142	NA
p006	27	Pulse	199	410000	17142	NA
p006	27	Pulse	199	420000	27142	NA
p006	27	Pulse	199	430000	37142	NA
p006	27	Pulse	199	440000	47142	NA
p006	28	Picture	fix	443321	0	1	29000	1	0	next	other	0
p006	28	Pulse	199	450000	6679	NA
p006	28	Pulse	199	460000	16679	NA
p006	28	Pulse	199	470000	26679	NA
p006	30	Picture	stim	472320	0	1	25144	1	0	25000	hit	79
p006	30	Pulse	199	480000	7680	NA
p006	30	Pulse	199	490000	17680	NA
p006	30	Response	16	493661	21341	0
p006	31	Picture	fix2	497465	0	1	11231	1	0	next	other	0
p006	31	Pulse	199	500000	2535	NA
p006	32	Picture	feedback	508696	0	1	20115	1	0	next	other	0
p006	32	Pulse	199	510000	1304	NA
p006	32	Pulse	199	520000	11304	NA
p006	33	Picture	fix	528811	0	1	29000	1	0	next	other	0
p006	33	Pulse	199	530000	1189	NA
p006	33	Pulse	199	540000	11189	NA
p006	33	Pulse	199	550000	21189	NA
p006	35	Picture	stim	557811	0	1	25144	1	0	25000	hit	92
p006	35	Pulse	199	560000	2189	NA
p006	35	Pulse	199	570000	12189	NA
p006	35	Response	16	575108	17296	0
p006	35	Pulse	199	580000	22189	NA
p006	36	Picture	fix2	582956	0	1	14584	1	0	next	other	0
p006	36	Pulse	199	590000	7044	NA
p006	37	Picture	feedback	597539	0	1	20115	1	0	next	other	0
p006	37	Pulse	199	600000	2461	NA
p006	37	Pulse	199	610000	12461	NA
p006	38	Picture	fix	617655	0	1	26821	1	0	next	other	0
p006	38	Pulse	199	620000	2345	NA
p006	38	Pulse	199	630000	12345	NA
p006	38	Pulse	199	640000	22345	NA
p006	40	Picture	stim	644475	0	1	25144	1	0	25000	hit	106
p006	40	Pulse	199	650000	5525	NA
p006	40	Pulse	199	660000	15525	NA
p006	40	Response	16	660644	16169	0
p006	41	Picture	fix2	669620	0	1	21457	1	0	next	other	0
p006	41	Pulse	199	670000	380	NA
p006	41	Pulse	199	680000	10380	NA
p006	41	Pulse	199	690000	20380	NA
p006	42	Picture	feedback	691076	0	1	20115	1	0	next	other	0
p006	42	Pulse	199	700000	8924	NA
p006	42	Pulse	199	710000	18924	NA
p006	43	Picture	fix	711192	0	1	26485	1	0	next	other	0
p006	43	Pulse	199	720000	8808	NA
p006	43	Pulse	199	730000	18808	NA
p006	45	Picture	stim	737677	0	1	25144	1	0	25000	incorrect	120
p006	45	Pulse	199	740000	2323	NA
p006	45	Pulse	199	750000	12323	NA
p006	45	Response	32	757658	19981	0
p006	45	Pulse	199	760000	22323	NA
p006	46	Picture	fix2	762822	0	1	10728	1	0	next	other	0
p006	46	Pulse	199	770000	7178	NA
p006	47	Picture	feedback	773550	0	1	20116	1	0	next	other	0
p006	47	Pulse	199	780000	6450	NA
p006	47	Pulse	199	790000	16450	NA
p006	48	Picture	fix	793665	0	1	20283	1	0	next	other	0
p006	48	Pulse	199	800000	6335	NA
p006	48	Pulse	199	810000	16335	NA
p006	50	Picture	stim	813948	0	1	25144	1	0	25000	incorrect	132
p006	50	Pulse	199	820000	6052	NA
p006	50	Response	32	824930	10981	0
p006	50	Pulse	199	830000	16052	NA
p006	51	Picture	fix2	839093	0	1	16092	1	0	next	other	0
p006	51	Pulse	199	840000	907	NA
p006	51	Pulse	199	850000	10907	NA
p006	52	Picture	feedback	855185	0	1	20115	1	0	next	other	0
p006	52	Pulse	199	860000	4815	NA
p006	52	Pulse	199	870000	14815	NA
p006	53	Picture	fix	875301	0	1	23803	1	0	next	other	0
p006	53	Pulse	199	880000	4699	NA
p006	53	Pulse	199	890000	14699	NA
p006	55	Picture	stim	899104	0	1	25144	1	0	25000	hit	146
p006	55	Pulse	199	900000	896	NA
p006	55	Pulse	199	910000	10896	NA
p006	55	Response	16	918352	19248	0
p006	55	Pulse	199	920000	20896	NA
p006	56	Picture	fix2	924416	0	1	16092	1	0	next	other	0
p006	56	Pulse	199	930000	5584	NA
p006	56	Pulse	199	940000	15584	NA
p006	57	Picture	feedback	940508	0	1	20115	1	0	next	other	0
p006	57	Pulse	199	950000	9492	NA
p006	57	Pulse	199	960000	19492	NA
p006	58	Picture	fix	960624	0	1	17434	1	0	next	other	0
p006	58	Pulse	199	970000	9376	NA
p006	60	Picture	stim	978057	0	1	25144	1	0	25000	incorrect	158
p006	60	Pulse	199	980000	1943	NA
p006	60	Response	32	989514	11457	0
p006	60	Pulse	199	990000	11943	NA
p006	60	Pulse	199	1000000	21943	NA
p006	61	Picture	fix2	1003202	0	1	29167	1	0	next	other	0
p006	61	Pulse	199	1010000	6798	NA
p006	61	Pulse	199	1020000	16798	NA
p006	61	Pulse	199	1030000	26798	NA
p006	62	Picture	feedback	1032369	0	1	20115	1	0	next	other	0
p006	62	Pulse	199	1040000	7631	NA
p006	62	Pulse	199	1050000	17631	NA
p006	63	Picture	fix	1052484	0	1	22295	1	0	next	other	0
p006	63	Pulse	199	1060000	7516	NA
p006	63	Pulse	199	1070000	17516	NA
p006	65	Picture	stim	1074779	0	1	25144	1	0	25000	hit	173
p006	65	Pulse	199	1080000	5221	NA
p006	65	Response	16	1087024	12244	0
p006	65	Pulse	199	1090000	15221	NA
p006	66	Picture	fix2	1099923	0	1	29335	1	0	next	other	0
p006	66	Pulse	199	1100000	77	NA
p006	66	Pulse	199	1110000	10077	NA
p006	66	Pulse	199	1120000	20077	NA
p006	67	Picture	feedback	1129259	0	1	20115	1	0	next	other	0
p006	67	Pulse	199	1130000	741	NA
p006	67	Pulse	199	1140000	10741	NA
p006	68	Picture	fix	1149374	0	1	29335	1	0	next	other	0
p006	68	Pulse	199	1150000	626	NA
p006	68	Pulse	199	1160000	10626	NA
p006	68	Pulse	199	1170000	20626	NA
p006	70	Picture	stim	1178709	0	1	25144	1	0	25000	hit	189
p006	70	Pulse	199	1180000	1291	NA
p006	70	Pulse	199	1190000	11291	NA
p006	70	Response	16	1197606	18897	0
p006	70	Pulse	199	1200000	21291	NA
p006	71	Picture	fix2	1203853	0	1	21959	1	0	next	other	0
p006	71	Pulse	199	1210000	6147	NA
p006	71	Pulse	199	1220000	16147	NA
p006	72	Picture	feedback	1225813	0	1	20115	1	0	next	other	0
p006	72	Pulse	199	1230000	4187	NA
p006	72	Pulse	199	1240000	14187	NA
p006	73	Picture	fix	1245928	0	1	28832	1	0	next	other	0
p006	73	Pulse	199	1250000	4072	NA
p006	73	Pulse	199	1260000	14072	NA
p006	73	Pulse	199	1270000	24072	NA
p006	75	Picture	stim	1274761	0	1	25144	1	0	25000	hit	203
p006	75	Pulse	199	1280000	5239	NA
p006	75	Response	16	1286436	11676	0
p006	75	Pulse	199	1290000	15239	NA
p006	76	Picture	fix2	1299905	0	1	16428	1	0	next	other	0
p006	76	Pulse	199	1300000	95	NA
p006	76	Pulse	199	1310000	10095	NA
p006	77	Picture	feedback	1316333	0	1	20116	1	0	next	other	0
p006	77	Pulse	199	1320000	3667	NA
p006	77	Pulse	199	1330000	13667	NA
p006	78	Picture	fix	1336448	0	1	29168	1	0	next	other	0
p006	78	Pulse	199	1340000	3552	NA
p006	78	Pulse	199	1350000	13552	NA
p006	78	Pulse	199	1360000	23552	NA
p006	80	Picture	stim	1365616	0	1	25144	1	0	25000	hit	217
p006	80	Pulse	199	1370000	4384	NA
p006	80	Response	16	1376065	10449	0
p006	80	Pulse	199	1380000	14384	NA
p006	80	Pulse	199	1390000	24384	NA
p006	81	Picture	fix2	1390760	0	1	24139	1	0	next	other	0
p006	81	Pulse	199	1400000	9240	NA
p006	81	Pulse	199	1410000	19240	NA
p006	82	Picture	feedback	1414898	0	1	20116	1	0	next	other	0
p006	82	Pulse	199	1420000	5102	NA
p006	82	Pulse	199	1430000	15102	NA
p006	83	Picture	fix	1435014	0	1	19948	1	0	next	other	0
p006	83	Pulse	199	1440000	4986	NA
p006	83	Pulse	199	1450000	14986	NA
p006	85	Picture	stim	1454962	0	1	25144	1	0	25000	incorrect	232
p006	85	Pulse	199	1460000	5038	NA
p006	85	Pulse	199	1470000	15038	NA
p006	85	Response	32	1471182	16221	0
p006	85	Pulse	199	1480000	25038	NA
p006	86	Picture	fix2	1480106	0	1	26150	1	0	next	other	0
p006	86	Pulse	199	1490000	9894	NA
p006	86	Pulse	199	1500000	19894	NA
p006	87	Picture	feedback	1506256	0	1	20115	1	0	next	other	0
p006	87	Pulse	199	1510000	3744	NA
p006	87	Pulse	199	1520000	13744	NA
p006	88	Picture	fix	1526372	0	1	31179	1	0	next	other	0
p006	88	Pulse	199	1530000	3628	NA
p006	88	Pulse	199	1540000	13628	NA
p006	88	Pulse	199	1550000	23628	NA
p006	90	Picture	stim	1557551	0	1	25144	1	0	25000	hit	246
p006	90	Pulse	199	1560000	2449	NA
p006	90	Response	16	1566801	9250	0
p006	90	Pulse	199	1570000	12449	NA
p006	90	Pulse	199	1580000	22449	NA
p006	91	Picture	fix2	1582695	0	1	23468	1	0	next	other	0
p006	91	Pulse	199	1590000	7305	NA
p006	91	Pulse	199	1600000	17305	NA
p006	92	Picture	feedback	1606163	0	1	20115	1	0	next	other	0
p006	92	Pulse	199	1610000	3837	NA
p006	92	Pulse	199	1620000	13837	NA
p006	93	Picture	fix	1626279	0	1	22798	1	0	next	other	0
p006	93	Pulse	199	1630000	3721	NA
p006	93	Pulse	199	1640000	13721	NA
p006	95	Picture	stim	1649076	0	1	25144	1	0	25000	incorrect	260
p006	95	Pulse	199	1650000	924	NA
p006	95	Response	32	1659825	10749	0
p006	95	Pulse	199	1660000	10924	NA
p006	95	Pulse	199	1670000	20924	NA
p006	96	Picture	fix2	1674388	0	1	15254	1	0	next	other	0
p006	96	Pulse	199	1680000	5612	NA
p006	97	Picture	feedback	1689642	0	1	20116	1	0	next	other	0
p006	97	Pulse	199	1690000	358	NA
p006	97	Pulse	199	1700000	10358	NA
p006	98	Picture	fix	1709758	0	1	22127	1	0	next	other	0
p006	98	Pulse	199	1710000	242	NA
p006	98	Pulse	199	1720000	10242	NA
p006	98	Pulse	199	1730000	20242	NA
p006	100	Picture	stim	1731885	0	1	25144	1	0	25000	incorrect	274
p006	100	Pulse	199	1740000	8115	NA
p006	100	Response	32	1749358	17473	0
p006	100	Pulse	199	1750000	18115	NA
p006	101	Picture	fix2	1757029	0	1	21457	1	0	next	other	0
p006	101	Pulse	199	1760000	2971	NA
p006	101	Pulse	199	1770000	12971	NA
p006	102	Picture	feedback	1778486	0	1	20115	1	0	next	other	0
p006	102	Pulse	199	1780000	1514	NA
p006	102	Pulse	199	1790000	11514	NA
p006	103	Picture	fix	1798601	0	1	24642	1	0	next	other	0
p006	103	Pulse	199	1800000	1399	NA
p006	103	Pulse	199	1810000	11399	NA
p006	103	Pulse	199	1820000	21399	NA
p006	105	Picture	stim	1823243	0	1	25144	1	0	25000	hit	289
p006	105	Pulse	199	1830000	6757	NA
p006	105	Pulse	199	1840000	16757	NA
p006	105	Response	16	1840188	16945	0
p006	106	Picture	fix2	1848387	0	1	24306	1	0	next	other	0
p006	106	Pulse	199	1850000	1613	NA
p006	106	Pulse	199	1860000	11613	NA
p006	106	Pulse	199	1870000	21613	NA
p006	107	Picture	feedback	1872693	0	1	20116	1	0	next	other	0
p006	107	Pulse	199	1880000	7307	NA
p006	107	Pulse	199	1890000	17307	NA
p006	108	Picture	fix	1892809	0	1	19445	1	0	next	other	0
p006	108	Pulse	199	1900000	7191	NA
p006	108	Pulse	199	1910000	17191	NA
p006	110	Picture	stim	1912254	0	1	25144	1	0	25000	hit	302
p006	110	Pulse	199	1920000	7746	NA
p006	110	Response	16	1922339	10086	0
p006	110	Pulse	199	1930000	17746	NA
p006	111	Picture	fix2	1937566	0	1	20451	1	0	next	other	0
p006	111	Pulse	199	1940000	2434	NA
p006	111	Pulse	199	1950000	12434	NA
p006	112	Picture	feedback	1958016	0	1	20116	1	0	next	other	0
p006	112	Pulse	199	1960000	1984	NA
p006	112	Pulse	199	1970000	11984	NA
p006	113	Picture	fix	1978132	0	1	20451	1	0	next	other	0
p006	113	Pulse	199	1980000	1868	NA
p006	113	Pulse	199	1990000	11868	NA
p006	115	Picture	stim	1998583	0	1	25144	1	0	25000	incorrect	317
p006	115	Pulse	199	2000000	1417	NA
p006	115	Pulse	199	2010000	11417	NA
p006	115	Pulse	199	2020000	21417	NA
p006	115	Response	32	2022957	24374	0
p006	116	Picture	fix2	2023727	0	1	20451	1	0	next	other	0
p006	116	Pulse	199	2030000	6273	NA
p006	116	Pulse	199	2040000	16273	NA
p006	117	Picture	feedback	2044178	0	1	20115	1	0	next	other	0
p006	117	Pulse	199	2050000	5822	NA
p006	117	Pulse	199	2060000	15822	NA
p006	118	Picture	fix	2064293	0	1	18942	1	0	next	other	0
p006	118	Pulse	199	2070000	5707	NA
p006	118	Pulse	199	2080000	15707	NA
p006	120	Picture	stim	2083235	0	1	25144	1	0	25000	hit	329
p006	120	Pulse	199	2090000	6765	NA
p006	120	Response	16	2093026	9791	0
p006	120	Pulse	199	2100000	16765	NA
p006	121	Picture	fix2	2108380	0	1	26318	1	0	next	other	0
p006	121	Pulse	199	2110000	1620	NA
p006	121	Pulse	199	2120000	11620	NA
p006	121	Pulse	199	2130000	21620	NA
p006	122	Picture	feedback	2134697	0	1	20115	1	0	next	other	0
p006	122	Pulse	199	2140000	5303	NA
p006	122	Pulse	199	2150000	15303	NA
p006	123	Picture	fix	2154813	0	1	34029	1	0	next	other	0
p006	123	Pulse	199	2160000	5187	NA
p006	123	Pulse	199	2170000	15187	NA
p006	123	Pulse	199	2180000	25187	NA
p006	125	Picture	stim	2188842	0	1	25144	1	0	25000	incorrect	344
p006	125	Pulse	199	2190000	1158	NA
p006	125	Response	32	2198631	9790	0
p006	125	Pulse	199	2200000	11158	NA
p006	125	Pulse	199	2210000	21158	NA
p006	126	Picture	fix2	2213986	0	1	21624	1	0	next	other	0
p006	126	Pulse	199	2220000	6014	NA
p006	126	Pulse	199	2230000	16014	NA
p006	127	Picture	feedback	2235610	0	1	20115	1	0	next	other	0
p006	127	Pulse	199	2240000	4390	NA
p006	127	Pulse	199	2250000	14390	NA
p006	128	Picture	fix	2255726	0	1	25144	1	0	next	other	0
p006	128	Pulse	199	2260000	4274	NA
p006	128	Pulse	199	2270000	14274	NA
p006	128	Pulse	199	2280000	24274	NA
p006	130	Picture	stim	2280870	0	1	25144	1	0	25000	incorrect	359
p006	130	Pulse	199	2290000	9130	NA
p006	130	Response	32	2290462	9592	0
p006	130	Pulse	199	2300000	19130	NA
p006	131	Picture	fix2	2306014	0	1	16595	1	0	next	other	0
p006	131	Pulse	199	2310000	3986	NA
p006	131	Pulse	199	2320000	13986	NA
p006	132	Picture	feedback	2322610	0	1	20115	1	0	next	other	0
p006	132	Pulse	199	2330000	7391	NA
p006	132	Pulse	199	2340000	17391	NA
p006	133	Picture	fix	2342725	0	1	23468	1	0	next	other	0
p006	133	Pulse	199	2350000	7275	NA
p006	133	Pulse	199	2360000	17275	NA
p006	135	Picture	stim	2366193	0	1	25144	1	0	25000	incorrect	372
p006	135	Pulse	199	2370000	3807	NA
p006	135	Response	32	2378104	11911	0
p006	135	Pulse	199	2380000	13807	NA
p006	135	Pulse	199	2390000	23807	NA
p006	136	Picture	fix2	2391337	0	1	21624	1	0	next	other	0
p006	136	Pulse	199	2400000	8663	NA
p006	136	Pulse	199	2410000	18663	NA
p006	137	Picture	feedback	2412962	0	1	20115	1	0	next	other	0
p006	137	Pulse	199	2420000	7038	NA
p006	137	Pulse	199	2430000	17038	NA
p006	138	Picture	fix	2433077	0	1	27324	1	0	next	other	0
p006	138	Pulse	199	2440000	6923	NA
p006	138	Pulse	199	2450000	16923	NA
p006	138	Pulse	199	2460000	26923	NA
p006	140	Picture	stim	2460401	0	1	25144	1	0	25000	hit	386
p006	140	Response	16	2469243	8842	0
p006	140	Pulse	199	2470000	9599	NA
p006	140	Pulse	199	2480000	19599	NA
p006	141	Picture	fix2	2485545	0	1	14081	1	0	next	other	0
p006	141	Pulse	199	2490000	4455	NA
p006	142	Picture	feedback	2499626	0	1	20115	1	0	next	other	0
p006	142	Pulse	199	2500000	374	NA
p006	142	Pulse	199	2510000	10374	NA
p006	143	Picture	fix	2519741	0	1	24641	1	0	next	other	0
p006	143	Pulse	199	2520000	259	NA
p006	143	Pulse	199	2530000	10259	NA
p006	143	Pulse	199	2540000	20259	NA
p006	145	Picture	stim	2544383	0	1	25144	1	0	25000	hit	400
p006	145	Pulse	199	2550000	5617	NA
p006	145	Response	16	2557389	13006	0
p006	145	Pulse	199	2560000	15617	NA
p006	146	Picture	fix2	2569527	0	1	16763	1	0	next	other	0
p006	146	Pulse	199	2570000	473	NA
p006	146	Pulse	199	2580000	10473	NA
p006	147	Picture	feedback	2586290	0	1	20115	1	0	next	other	0
p006	147	Pulse	199	2590000	3710	NA
p006	147	Pulse	199	2600000	13710	NA
p006	148	Picture	fix	2606405	0	1	23636	1	0	next	other	0
p006	148	Pulse	199	2610000	3595	NA
p006	148	Pulse	199	2620000	13595	NA
p006	149	Pulse	199	2630000	94	NA
p006	150	Picture	stim	2630041	0	1	25144	1	0	25000	incorrect	414
p006	150	Pulse	199	2640000	9959	NA
p006	150	Response	32	2640373	10331	0
p006	150	Pulse	199	2650000	19959	NA
p006	151	Picture	fix2	2655186	0	1	21289	1	0	next	other	0
p006	151	Pulse	199	2660000	4814	NA
p006	151	Pulse	199	2670000	14814	NA
p006	152	Picture	feedback	2676474	0	1	20116	1	0	next	other	0
p006	152	Pulse	199	2680000	3526	NA
p006	152	Pulse	199	2690000	13526	NA
p006	153	Picture	fix	2696590	0	1	30844	1	0	next	other	0
p006	153	Pulse	199	2700000	3410	NA
p006	153	Pulse	199	2710000	13410	NA
p006	153	Pulse	199	2720000	23410	NA
p006	155	Picture	stim	2727434	0	1	25144	1	0	25000	incorrect	428
p006	155	Pulse	199	2730000	2566	NA
p006	155	Response	32	2735879	8445	0
p006	155	Pulse	199	2740000	12566	NA
p006	155	Pulse	199	2750000	22566	NA
p006	156	Picture	fix2	2752578	0	1	11566	1	0	next	other	0
p006	156	Pulse	199	2760000	7422	NA
p006	157	Picture	feedback	2764144	0	1	20116	1	0	next	other	0
p006	157	Pulse	199	2770000	5856	NA
p006	157	Pulse	199	2780000	15856	NA
p006	158	Picture	fix	2784260	0	1	17769	1	0	next	other	0
p006	158	Pulse	199	2790000	5740	NA
p006	158	Pulse	199	2800000	15740	NA
p006	160	Picture	stim	2802029	0	1	25144	1	0	25000	hit	441
p006	160	Pulse	199	2810000	7971	NA
p006	160	Response	16	2813948	11920	0
p006	160	Pulse	199	2820000	17971	NA
p006	161	Picture	fix2	2827173	0	1	25983	1	0	next	other	0
p006	161	Pulse	199	2830000	2827	NA
p006	161	Pulse	199	2840000	12827	NA
p006	161	Pulse	199	2850000	22827	NA
p006	162	Picture	feedback	2853155	0	1	20115	1	0	next	other	0
p006	162	Pulse	199	2860000	6845	NA
p006	162	Pulse	199	2870000	16845	NA
p006	163	Picture	fix	2873271	0	1	18607	1	0	next	other	0
p006	163	Pulse	199	2880000	6729	NA
p006	163	Pulse	199	2890000	16729	NA
p006	165	Picture	stim	2891878	0	1	25144	1	0	25000	hit	455
p006	165	Pulse	199	2900000	8122	NA
p006	165	Response	16	2901801	9923	0
p006	165	Pulse	199	2910000	18122	NA
p006	166	Picture	fix2	2917022	0	1	18104	1	0	next	other	0
p006	166	Pulse	199	2920000	2978	NA
p006	166	Pulse	199	2930000	12978	NA
p006	167	Picture	feedback	2935126	0	1	20115	1	0	next	other	0
p006	167	Pulse	199	2940000	4874	NA
p006	167	Pulse	199	2950000	14874	NA
p006	168	Picture	fix	2955241	0	1	24809	1	0	next	other	0
p006	168	Pulse	199	2960000	4759	NA
p006	168	Pulse	199	2970000	14759	NA
p006	169	Pulse	199	2980000	98	NA
p006	170	Picture	stim	2980051	0	1	25144	1	0	25000	incorrect	469
p006	170	Pulse	199	2990000	9949	NA
p006	170	Response	32	2995439	15388	0
p006	170	Pulse	199	3000000	19949	NA
p006	171	Picture	fix2	3005363	0	1	18607	1	0	next	other	0
p006	171	Pulse	199	3010000	4637	NA
p006	171	Pulse	199	3020000	14637	NA
p006	172	Picture	feedback	3023969	0	1	20115	1	0	next	other	0
p006	172	Pulse	199	3030000	6031	NA
p006	172	Pulse	199	3040000	16031	NA
p006	173	Picture	fix	3044085	0	1	26821	1	0	next	other	0
p006	173	Pulse	199	3050000	5915	NA
p006	173	Pulse	199	3060000	15915	NA
p006	173	Pulse	199	3070000	25915	NA
p006	175	Picture	stim	3070906	0	1	25144	1	0	25000	incorrect	483
p006	175	Pulse	199	3080000	9094	NA
p006	175	Response	32	3080893	9987	0
p006	175	Pulse	199	3090000	19094	NA
p006	176	Picture	fix2	3096050	0	1	16595	1	0	next	other	0
p006	176	Pulse	199	3100000	3950	NA
p006	176	Pulse	199	3110000	13950	NA
p006	177	Picture	feedback	3112645	0	1	20115	1	0	next	other	0
p006	177	Pulse	199	3120000	7355	NA
p006	177	Pulse	199	3130000	17355	NA
p006	178	Picture	fix	3132761	0	1	25983	1	0	next	other	0
p006	178	Pulse	199	3140000	7239	NA
p006	178	Pulse	199	3150000	17239	NA
p006	180	Picture	stim	3158743	0	1	25144	1	0	25000	incorrect	496
p006	180	Pulse	199	3160000	1257	NA
p006	180	Response	32	3167745	9002	0
p006	180	Pulse	199	3170000	11257	NA
p006	180	Pulse	199	3180000	21257	NA
p006	181	Picture	fix2	3183887	0	1	15925	1	0	next	other	0
p006	181	Pulse	199	3190000	6113	NA
p006	182	Picture	feedback	3199812	0	1	20115	1	0	next	other	0
p006	182	Pulse	199	3200000	188	NA
p006	182	Pulse	199	3210000	10188	NA
p006	183	Picture	fix	3219928	0	1	37549	1	0	next	other	0
p006	183	Pulse	199	3220000	72	NA
p006	183	Pulse	199	3230000	10072	NA
p006	183	Pulse	199	3240000	20072	NA
p006	183	Pulse	199	3250000	30072	NA
p006	185	Picture	stim	3257477	0	1	25144	1	0	25000	incorrect	511
p006	185	Pulse	199	3260000	2523	NA
p006	185	Response	32	3266083	8606	0
p006	185	Pulse	199	3270000	12523	NA
p006	185	Pulse	199	3280000	22523	NA
p006	186	Picture	fix2	3282621	0	1	13075	1	0	next	other	0
p006	186	Pulse	199	3290000	7379	NA
p006	187	Picture	feedback	3295696	0	1	20115	1	0	next	other	0
p006	187	Pulse	199	3300000	4304	NA
p006	187	Pulse	199	3310000	14304	NA
p006	188	Picture	fix	3315811	0	1	29670	1	0	next	other	0
p006	188	Pulse	199	3320000	4189	NA
p006	188	Pulse	199	3330000	14189	NA
p006	188	Pulse	199	3340000	24189	NA
p006	190	Picture	stim	3345482	0	1	25144	1	0	25000	incorrect	526
p006	190	Pulse	199	3350000	4518	NA
p006	190	Pulse	199	3360000	14518	NA
p006	190	Response	32	3365318	19836	0
p006	190	Pulse	199	3370000	24518	NA
p006	191	Picture	fix2	3370626	0	1	17936	1	0	next	other	0
p006	191	Pulse	199	3380000	9374	NA
p006	192	Picture	feedback	3388562	0	1	20115	1	0	next	other	0
p006	192	Pulse	199	3390000	1438	NA
p006	192	Pulse	199	3400000	11438	NA
p006	193	Picture	fix	3408678	0	1	25480	1	0	next	other	0
p006	193	Pulse	199	3410000	1322	NA
p006	193	Pulse	199	3420000	11322	NA
p006	193	Pulse	199	3430000	21322	NA
p006	195	Picture	stim	3434158	0	1	25144	1	0	25000	incorrect	539
p006	195	Pulse	199	3440000	5842	NA
p006	195	Response	32	3442687	8530	0
p006	195	Pulse	199	3450000	15842	NA
p006	196	Picture	fix2	3459302	0	1	18104	1	0	next	other	0
p006	196	Pulse	199	3460000	698	NA
p006	196	Pulse	199	3470000	10698	NA
p006	197	Picture	feedback	3477406	0	1	20115	1	0	next	other	0
p006	197	Pulse	199	3480000	2594	NA
p006	197	Pulse	199	3490000	12594	NA
p006	198	Picture	fix	3497521	0	1	21456	1	0	next	other	0
p006	198	Pulse	199	3500000	2479	NA
p006	198	Pulse	199	3510000	12479	NA
p006	200	Picture	stim	3518978	0	1	25144	1	0	25000	incorrect	553
p006	200	Pulse	199	3520000	1022	NA
p006	200	Pulse	199	3530000	11022	NA
p006	200	Response	32	3530938	11961	0
p006	200	Pulse	199	3540000	21022	NA
p006	201	Picture	fix2	3544122	0	1	13913	1	0	next	other	0
p006	201	Pulse	199	3550000	5878	NA
p006	202	Picture	feedback	3558035	0	1	20115	1	0	next	other	0
p006	202	Pulse	199	3560000	1965	NA
p006	202	Pulse	199	3570000	11965	NA
p006	203	Picture	fix	3578151	0	1	22295	1	0	next	other	0
p006	203	Pulse	199	3580000	1849	NA
p006	203	Pulse	199	3590000	11849	NA
p006	203	Pulse	199	3600000	21849	NA
p006	205	Picture	stim	3600446	0	1	25144	1	0	25000	hit	567
p006	205	Pulse	199	3610000	9554	NA
p006	205	Pulse	199	3620000	19554	NA
p006	205	Response	16	3623880	23434	0
p006	206	Picture	fix2	3625590	0	1	22630	1	0	next	other	0
p006	206	Pulse	199	3630000	4410	NA
p006	206	Pulse	199	3640000	14410	NA
p006	207	Picture	feedback	3648220	0	1	20115	1	0	next	other	0
p006	207	Pulse	199	3650000	1780	NA
p006	207	Pulse	199	3660000	11780	NA
p006	208	Picture	fix	3668335	0	1	21960	1	0	next	other	0
p006	208	Pulse	199	3670000	1665	NA
p006	208	Pulse	199	3680000	11665	NA
p006	208	Pulse	199	3690000	21665	NA
p006	210	Picture	stim	3690295	0	1	25144	1	0	25000	hit	580
p006	210	Pulse	199	3700000	9705	NA
p006	210	Response	16	3704041	13747	0
p006	210	Pulse	199	3710000	19705	NA
p006	211	Picture	fix2	3715439	0	1	23300	1	0	next	other	0
p006	211	Pulse	199	3720000	4561	NA
p006	211	Pulse	199	3730000	14561	NA
p006	212	Picture	feedback	3738740	0	1	20115	1	0	next	other	0
p006	212	Pulse	199	3740000	1260	NA
p006	212	Pulse	199	3750000	11260	NA
p006	213	Picture	fix	3758855	0	1	33191	1	0	next	other	0
p006	213	Pulse	199	3760000	1145	NA
p006	213	Pulse	199	3770000	11145	NA
p006	213	Pulse	199	3780000	21145	NA
p006	213	Pulse	199	3790000	31145	NA
p006	215	Picture	stim	3792045	0	1	25144	1	0	25000	incorrect	595
p006	215	Pulse	199	3800000	7955	NA
p006	215	Response	32	3800675	8630	0
p006	215	Pulse	199	3810000	17955	NA
p006	216	Picture	fix2	3817190	0	1	27659	1	0	next	other	0
p006	216	Pulse	199	3820000	2810	NA
p006	216	Pulse	199	3830000	12810	NA
p006	216	Pulse	199	3840000	22810	NA
p006	217	Picture	feedback	3844849	0	1	20115	1	0	next	other	0
p006	217	Pulse	199	3850000	5151	NA
p006	217	Pulse	199	3860000	15151	NA
p006	218	Picture	fix	3864964	0	1	28497	1	0	next	other	0
p006	218	Pulse	199	3870000	5036	NA
p006	218	Pulse	199	3880000	15036	NA
p006	218	Pulse	199	3890000	25036	NA
p006	220	Picture	stim	3893461	0	1	25144	1	0	25000	hit	610
p006	220	Pulse	199	3900000	6539	NA
p006	220	Response	16	3906903	13442	0
p006	220	Pulse	199	3910000	16539	NA
p006	221	Picture	fix2	3918605	0	1	25815	1	0	next	other	0
p006	221	Pulse	199	3920000	1395	NA
p006	221	Pulse	199	3930000	11395	NA
p006	221	Pulse	199	3940000	21395	NA
p006	222	Picture	feedback	3944420	0	1	20115	1	0	next	other	0
p006	222	Pulse	199	3950000	5580	NA
p006	222	Pulse	199	3960000	15580	NA
p006	223	Picture	fix	3964536	0	1	23468	1	0	next	other	0
p006	223	Pulse	199	3970000	5464	NA
p006	223	Pulse	199	3980000	15464	NA
p006	225	Picture	stim	3988004	0	1	25144	1	0	25000	hit	624
p006	225	Pulse	199	3990000	1996	NA
p006	225	Response	16	3999851	11847	0
p006	225	Pulse	199	4000000	11996	NA
p006	225	Pulse	199	4010000	21996	NA
p006	226	Picture	fix2	4013148	0	1	16428	1	0	next	other	0
p006	226	Pulse	199	4020000	6852	NA
p006	227	Picture	feedback	4029576	0	1	20115	1	0	next	other	0
p006	227	Pulse	199	4030000	424	NA
p006	227	Pulse	199	4040000	10424	NA
p006	228	Picture	fix	4049691	0	1	32185	1	0	next	other	0
p006	228	Pulse	199	4050000	309	NA
p006	228	Pulse	199	4060000	10309	NA
p006	228	Pulse	199	4070000	20309	NA
p006	228	Pulse	199	4080000	30309	NA
p006	230	Picture	stim	4081876	0	1	25144	1	0	25000	incorrect	639
p006	230	Pulse	199	4090000	8124	NA
p006	230	Response	32	4096300	14423	0
p006	230	Pulse	199	4100000	18124	NA
p006	231	Picture	fix2	4107188	0	1	20115	1	0	next	other	0
p006	231	Pulse	199	4110000	2812	NA
p006	231	Pulse	199	4120000	12812	NA
p006	232	Picture	feedback	4127304	0	1	20115	1	0	next	other	0
p006	232	Pulse	199	4130000	2696	NA
p006	232	Pulse	199	4140000	12696	NA
p006	233	Picture	fix	4147419	0	1	28497	1	0	next	other	0
p006	233	Pulse	199	4150000	2581	NA
p006	233	Pulse	199	4160000	12581	NA
p006	233	Pulse	199	4170000	22581	NA
p006	235	Picture	stim	4175916	0	1	25144	1	0	25000	hit	654
p006	235	Pulse	199	4180000	4084	NA
p006	235	Pulse	199	4190000	14084	NA
p006	235	Response	16	4192941	17025	0
p006	235	Pulse	199	4200000	24084	NA
p006	236	Picture	fix2	4201228	0	1	15925	1	0	next	other	0
p006	236	Pulse	199	4210000	8772	NA
p006	237	Picture	feedback	4217153	0	1	20115	1	0	next	other	0
p006	237	Pulse	199	4220000	2847	NA
p006	237	Pulse	199	4230000	12847	NA
p006	238	Picture	fix	4237268	0	1	35873	1	0	next	other	0
p006	238	Pulse	199	4240000	2732	NA
p006	238	Pulse	199	4250000	12732	NA
p006	238	Pulse	199	4260000	22732	NA
p006	238	Pulse	199	4270000	32732	NA
p006	240	Picture	stim	4273141	0	1	25144	1	0	25000	hit	668
p006	240	Pulse	199	4280000	6859	NA
p006	240	Response	16	4282101	8960	0
p006	240	Pulse	199	4290000	16859	NA
p006	241	Picture	fix2	4298285	0	1	14751	1	0	next	other	0
p006	241	Pulse	199	4300000	1715	NA
p006	241	Pulse	199	4310000	11715	NA
p006	242	Picture	feedback	4313036	0	1	20116	1	0	next	other	0
p006	242	Pulse	199	4320000	6964	NA
p006	242	Pulse	199	4330000	16964	NA
p006	243	Picture	fix	4333152	0	1	26821	1	0	next	other	0
p006	243	Pulse	199	4340000	6848	NA
p006	243	Pulse	199	4350000	16848	NA
p006	245	Picture	stim	4359973	0	1	25144	1	0	25000	incorrect	682
p006	245	Pulse	199	4360000	27	NA
p006	245	Pulse	199	4370000	10027	NA
p006	245	Response	32	4372462	12489	0
p006	245	Pulse	199	4380000	20027	NA
p006	246	Picture	fix2	4385117	0	1	9052	1	0	next	other	0
p006	246	Pulse	199	4390000	4883	NA
p006	247	Picture	feedback	4394169	0	1	20116	1	0	next	other	0
p006	247	Pulse	199	4400000	5831	NA
p006	247	Pulse	199	4410000	15831	NA
p006	248	Picture	fix	4414284	0	1	16260	1	0	next	other	0
p006	248	Pulse	199	4420000	5716	NA
p006	248	Pulse	199	4430000	15716	NA
p006	250	Picture	stim	4430544	0	1	25144	1	0	25000	incorrect	694
p006	250	Pulse	199	4440000	9456	NA
p006	250	Response	32	4441054	10510	0
p006	250	Pulse	199	4450000	19456	NA
p006	251	Picture	fix2	4455689	0	1	22295	1	0	next	other	0
p006	251	Pulse	199	4460000	4311	NA
p006	251	Pulse	199	4470000	14311	NA
p006	252	Picture	feedback	4477983	0	1	20115	1	0	next	other	0
p006	252	Pulse	199	4480000	2017	NA
p006	252	Pulse	199	4490000	12017	NA
p006	253	Picture	fix	4498099	0	1	26485	1	0	next	other	0
p006	253	Pulse	199	4500000	1901	NA
p006	253	Pulse	199	4510000	11901	NA
p006	253	Pulse	199	4520000	21901	NA
p006	255	Picture	stim	4524584	0	1	25144	1	0	25000	incorrect	708
p006	255	Pulse	199	4530000	5416	NA
p006	255	Response	32	4535410	10825	0
p006	255	Pulse	199	4540000	15416	NA
p006	256	Picture	fix2	4549729	0	1	17266	1	0	next	other	0
p006	256	Pulse	199	4550000	271	NA
p006	256	Pulse	199	4560000	10271	NA
p006	257	Picture	feedback	4566994	0	1	20115	1	0	next	other	0
p006	257	Pulse	199	4570000	3006	NA
p006	257	Pulse	199	4580000	13006	NA
p006	258	Picture	fix	4587110	0	1	30006	1	0	next	other	0
p006	258	Pulse	199	4590000	2890	NA
p006	258	Pulse	199	4600000	12890	NA
p006	258	Pulse	199	4610000	22890	NA
p006	260	Picture	stim	4617116	0	1	25144	1	0	25000	hit	723
p006	260	Pulse	199	4620000	2884	NA
p006	260	Pulse	199	4630000	12884	NA
p006	260	Response	16	4633760	16645	0
p006	260	Pulse	199	4640000	22884	NA
p006	261	Picture	fix2	4642428	0	1	13243	1	0	next	other	0
p006	261	Pulse	199	4650000	7573	NA
p006	262	Picture	feedback	4655670	0	1	20115	1	0	next	other	0
p006	262	Pulse	199	4660000	4330	NA
p006	262	Pulse	199	4670000	14330	NA
p006	263	Picture	fix	4675786	0	1	27994	1	0	next	other	0
p006	263	Pulse	199	4680000	4214	NA
p006	263	Pulse	199	4690000	14214	NA
p006	263	Pulse	199	4700000	24214	NA
p006	265	Picture	stim	4703780	0	1	25144	1	0	25000	hit	736
p006	265	Pulse	199	4710000	6220	NA
p006	265	Response	16	4713735	9956	0
p006	265	Pulse	199	4720000	16220	NA
p006	266	Picture	fix2	4729092	0	1	21792	1	0	next	other	0
p006	266	Pulse	199	4730000	908	NA
p006	266	Pulse	199	4740000	10908	NA
p006	266	Pulse	199	4750000	20908	NA
p006	267	Picture	feedback	4750884	0	1	20115	1	0	next	other	0
p006	267	Pulse	199	4760000	9116	NA
p006	267	Pulse	199	4770000	19116	NA
p006	268	Picture	100	4770999	0	1	80127	1	0	80000	other	0
p006	268	Pulse	199	4780000	9001	NA
p006	268	Pulse	199	4790000	19001	NA
p006	268	Pulse	199	4800000	29001	NA
p006	268	Pulse	199	4810000	39001	NA
p006	268	Pulse	199	4820000	49001	NA
p006	268	Pulse	199	4830000	59001	NA
p006	268	Pulse	199	4840000	69001	NA
p006	268	Pulse	199	4850000	79001	NA
