Scenario - FeedLearn_B.sce
Logfile written - 11/27/2020 14:44:34

Subject	Trial	Event Type	Code	Time	TTime	Uncertainty	Duration	Uncertainty	ReqTime	ReqDur	Stim Type	Pair Index

P007	0	Pulse	199	0	0	NA
P007	0	Pulse	199	10000	10000	NA
P007	1	Pulse	199	20000	9833	NA
P007	1	Response	32	27069	16902	0
P007	2	Picture	fix	27266	0	1	18774	1	0	next	other	0
P007	2	Pulse	199	30000	2734	NA
P007	2	Pulse	199	40000	12734	NA
P007	4	Picture	stim	46040	0	1	14416	1	0	next	hit	11
P007	4	Pulse	199	50000	3960	NA
P007	4	Pulse	199	60000	13960	NA
P007	4	Response	16	60267	14227	0
P007	5	Picture	feedback	60456	0	1	20116	1	0	next	other	0
P007	5	Pulse	199	70000	9544	NA
P007	5	Pulse	199	80000	19544	NA
P007	6	Picture	fix	80572	0	1	32185	1	0	next	other	0
P007	6	Pulse	199	90000	9428	NA
P007	6	Pulse	199	100000	19428	NA
P007	6	Pulse	199	110000	29428	NA
P007	8	Picture	stim	112757	0	1	12572	1	0	next	hit	21
P007	8	Pulse	199	120000	7243	NA
P007	8	Response	16	125270	12513	0
P007	9	Picture	feedback	125329	0	1	20116	1	0	next	other	0
P007	9	Pulse	199	130000	4671	NA
P007	9	Pulse	199	140000	14671	NA
P007	10	Picture	fix	145444	0	1	24642	1	0	next	other	0
P007	10	Pulse	199	150000	4556	NA
P007	10	Pulse	199	160000	14556	NA
P007	10	Pulse	199	170000	24556	NA
P007	12	Picture	stim	170086	0	1	9555	1	0	next	incorrect	30
P007	12	Response	32	179506	9420	0
P007	13	Picture	feedback	179641	0	1	20451	1	0	next	other	0
P007	13	Pulse	199	180000	359	NA
P007	13	Pulse	199	190000	10359	NA
P007	13	Pulse	199	200000	20359	NA
P007	14	Picture	fix	200092	0	1	21457	1	0	next	other	0
P007	14	Pulse	199	210000	9908	NA
P007	14	Pulse	199	220000	19908	NA
P007	16	Picture	stim	221548	0	1	13243	1	0	next	hit	40
P007	16	Pulse	199	230000	8452	NA
P007	16	Response	16	234642	13094	0
P007	17	Picture	feedback	234791	0	1	20116	1	0	next	other	0
P007	17	Pulse	199	240000	5209	NA
P007	17	Pulse	199	250000	15209	NA
P007	18	Picture	fix	254907	0	1	21960	1	0	next	other	0
P007	18	Pulse	199	260000	5093	NA
P007	18	Pulse	199	270000	15093	NA
P007	20	Picture	stim	276866	0	1	19780	1	0	next	hit	50
P007	20	Pulse	199	280000	3134	NA
P007	20	Pulse	199	290000	13134	NA
P007	20	Response	16	296458	19592	0
P007	21	Picture	feedback	296646	0	1	20116	1	0	next	other	0
P007	21	Pulse	199	300000	3354	NA
P007	21	Pulse	199	310000	13354	NA
P007	22	Picture	fix	316762	0	1	23636	1	0	next	other	0
P007	22	Pulse	199	320000	3238	NA
P007	22	Pulse	199	330000	13238	NA
P007	22	Pulse	199	340000	23238	NA
P007	24	Picture	stim	340398	0	1	10561	1	0	next	hit	60
P007	24	Pulse	199	350000	9602	NA
P007	24	Response	16	350795	10397	0
P007	25	Picture	feedback	350959	0	1	20116	1	0	next	other	0
P007	25	Pulse	199	360000	9041	NA
P007	25	Pulse	199	370000	19041	NA
P007	26	Pulse	199	380000	8926	NA
P007	26	Pulse	199	390000	18926	NA
P007	26	Pulse	199	400000	28926	NA
P007	26	Pulse	199	410000	38926	NA
P007	26	Pulse	199	420000	48926	NA
P007	26	Pulse	199	430000	58926	NA
P007	26	Pulse	199	440000	68926	NA
P007	26	Pulse	199	450000	78926	NA
P007	26	Pulse	199	460000	88926	NA
P007	26	Pulse	199	470000	98926	NA
P007	26	Pulse	199	480000	108926	NA
P007	26	Pulse	199	490000	118926	NA
P007	26	Pulse	199	500000	128926	NA
P007	26	Pulse	199	510000	138926	NA
P007	26	Pulse	199	520000	148926	NA
P007	26	Pulse	199	530000	158926	NA
P007	26	Response	32	533655	162581	0
P007	27	Pulse	199	540000	6336	NA
P007	27	Response	32	540236	6572	0
P007	27	Pulse	199	550000	16336	NA
P007	27	Pulse	199	560000	26336	NA
P007	27	Pulse	199	570000	36336	NA
P007	27	Pulse	199	580000	46336	NA
P007	28	Picture	fix	584467	0	1	29335	1	0	next	other	0
P007	28	Pulse	199	590000	5533	NA
P007	28	Pulse	199	600000	15533	NA
P007	28	Pulse	199	610000	25533	NA
P007	30	Picture	stim	613802	0	1	25144	1	0	25000	incorrect	94
P007	30	Pulse	199	620000	6198	NA
P007	30	Pulse	199	630000	16198	NA
P007	30	Response	32	632961	19159	0
P007	31	Picture	fix2	638946	0	1	11567	1	0	next	other	0
P007	31	Pulse	199	640000	1054	NA
P007	31	Pulse	199	650000	11054	NA
P007	32	Picture	feedback	650513	0	1	20283	1	0	next	other	0
P007	32	Pulse	199	660000	9487	NA
P007	32	Pulse	199	670000	19487	NA
P007	33	Picture	fix	670796	0	1	26486	1	0	next	other	0
P007	33	Pulse	199	680000	9204	NA
P007	33	Pulse	199	690000	19204	NA
P007	35	Picture	stim	697282	0	1	25144	1	0	25000	hit	107
P007	35	Pulse	199	700000	2718	NA
P007	35	Pulse	199	710000	12718	NA
P007	35	Response	16	712621	15340	0
P007	35	Pulse	199	720000	22718	NA
P007	36	Picture	fix2	722426	0	1	20116	1	0	next	other	0
P007	36	Pulse	199	730000	7574	NA
P007	36	Pulse	199	740000	17574	NA
P007	37	Picture	feedback	742542	0	1	20619	1	0	next	other	0
P007	37	Pulse	199	750000	7458	NA
P007	37	Pulse	199	760000	17458	NA
P007	38	Picture	fix	763160	0	1	23468	1	0	next	other	0
P007	38	Pulse	199	770000	6840	NA
P007	38	Pulse	199	780000	16840	NA
P007	40	Picture	stim	786628	0	1	25144	1	0	25000	hit	121
P007	40	Pulse	199	790000	3372	NA
P007	40	Pulse	199	800000	13372	NA
P007	40	Response	16	805046	18418	0
P007	40	Pulse	199	810000	23372	NA
P007	41	Picture	fix2	811773	0	1	10728	1	0	next	other	0
P007	41	Pulse	199	820000	8227	NA
P007	42	Picture	feedback	822501	0	1	20116	1	0	next	other	0
P007	42	Pulse	199	830000	7499	NA
P007	42	Pulse	199	840000	17499	NA
P007	43	Picture	fix	842617	0	1	23803	1	0	next	other	0
P007	43	Pulse	199	850000	7383	NA
P007	43	Pulse	199	860000	17383	NA
P007	45	Picture	stim	866420	0	1	25145	1	0	25000	incorrect	134
P007	45	Pulse	199	870000	3580	NA
P007	45	Pulse	199	880000	13580	NA
P007	45	Response	32	886103	19683	0
P007	45	Pulse	199	890000	23580	NA
P007	46	Picture	fix2	891564	0	1	26318	1	0	next	other	0
P007	46	Pulse	199	900000	8436	NA
P007	46	Pulse	199	910000	18436	NA
P007	47	Picture	feedback	917882	0	1	20116	1	0	next	other	0
P007	47	Pulse	199	920000	2118	NA
P007	47	Pulse	199	930000	12118	NA
P007	48	Picture	fix	937998	0	1	17433	1	0	next	other	0
P007	48	Pulse	199	940000	2002	NA
P007	48	Pulse	199	950000	12002	NA
P007	50	Picture	stim	955431	0	1	25144	1	0	25000	hit	148
P007	50	Pulse	199	960000	4569	NA
P007	50	Pulse	199	970000	14569	NA
P007	50	Response	16	974339	18908	0
P007	50	Pulse	199	980000	24569	NA
P007	51	Picture	fix2	980576	0	1	21289	1	0	next	other	0
P007	51	Pulse	199	990000	9424	NA
P007	51	Pulse	199	1000000	19424	NA
P007	52	Picture	feedback	1001865	0	1	20619	1	0	next	other	0
P007	52	Pulse	199	1010000	8135	NA
P007	52	Pulse	199	1020000	18135	NA
P007	53	Picture	fix	1022483	0	1	26821	1	0	next	other	0
P007	53	Pulse	199	1030000	7517	NA
P007	53	Pulse	199	1040000	17517	NA
P007	55	Picture	stim	1049304	0	1	25144	1	0	25000	hit	162
P007	55	Pulse	199	1050000	696	NA
P007	55	Pulse	199	1060000	10696	NA
P007	55	Response	16	1062079	12775	0
P007	55	Pulse	199	1070000	20696	NA
P007	56	Picture	fix2	1074448	0	1	27659	1	0	next	other	0
P007	56	Pulse	199	1080000	5552	NA
P007	56	Pulse	199	1090000	15552	NA
P007	56	Pulse	199	1100000	25552	NA
P007	57	Picture	feedback	1102107	0	1	20116	1	0	next	other	0
P007	57	Pulse	199	1110000	7893	NA
P007	57	Pulse	199	1120000	17893	NA
P007	58	Picture	fix	1122223	0	1	20451	1	0	next	other	0
P007	58	Pulse	199	1130000	7777	NA
P007	58	Pulse	199	1140000	17777	NA
P007	60	Picture	stim	1142674	0	1	25144	1	0	25000	incorrect	176
P007	60	Pulse	199	1150000	7326	NA
P007	60	Response	32	1156896	14222	0
P007	60	Pulse	199	1160000	17326	NA
P007	61	Picture	fix2	1167818	0	1	16092	1	0	next	other	0
P007	61	Pulse	199	1170000	2182	NA
P007	61	Pulse	199	1180000	12182	NA
P007	62	Picture	feedback	1183911	0	1	21121	1	0	next	other	0
P007	62	Pulse	199	1190000	6089	NA
P007	62	Pulse	199	1200000	16089	NA
P007	63	Picture	fix	1205032	0	1	20283	1	0	next	other	0
P007	63	Pulse	199	1210000	4968	NA
P007	63	Pulse	199	1220000	14968	NA
P007	65	Picture	stim	1225315	0	1	25144	1	0	25000	incorrect	190
P007	65	Pulse	199	1230000	4685	NA
P007	65	Pulse	199	1240000	14685	NA
P007	65	Response	32	1248923	23608	0
P007	65	Pulse	199	1250000	24685	NA
P007	66	Picture	fix2	1250460	0	1	21792	1	0	next	other	0
P007	66	Pulse	199	1260000	9540	NA
P007	66	Pulse	199	1270000	19540	NA
P007	67	Picture	feedback	1272252	0	1	20116	1	0	next	other	0
P007	67	Pulse	199	1280000	7748	NA
P007	67	Pulse	199	1290000	17748	NA
P007	68	Picture	fix	1292367	0	1	25144	1	0	next	other	0
P007	68	Pulse	199	1300000	7633	NA
P007	68	Pulse	199	1310000	17633	NA
P007	70	Picture	stim	1317512	0	1	25144	1	0	25000	hit	204
P007	70	Pulse	199	1320000	2488	NA
P007	70	Pulse	199	1330000	12488	NA
P007	70	Response	16	1331906	14395	0
P007	70	Pulse	199	1340000	22488	NA
P007	71	Picture	fix2	1342656	0	1	22295	1	0	next	other	0
P007	71	Pulse	199	1350000	7344	NA
P007	71	Pulse	199	1360000	17344	NA
P007	72	Picture	feedback	1364951	0	1	20116	1	0	next	other	0
P007	72	Pulse	199	1370000	5049	NA
P007	72	Pulse	199	1380000	15049	NA
P007	73	Picture	fix	1385066	0	1	17769	1	0	next	other	0
P007	73	Pulse	199	1390000	4934	NA
P007	73	Pulse	199	1400000	14934	NA
P007	75	Picture	stim	1402835	0	1	25144	1	0	25000	incorrect	218
P007	75	Pulse	199	1410000	7165	NA
P007	75	Pulse	199	1420000	17165	NA
P007	75	Response	32	1421715	18880	0
P007	76	Picture	fix2	1427980	0	1	16595	1	0	next	other	0
P007	76	Pulse	199	1430000	2020	NA
P007	76	Pulse	199	1440000	12020	NA
P007	77	Picture	feedback	1444575	0	1	20116	1	0	next	other	0
P007	77	Pulse	199	1450000	5425	NA
P007	77	Pulse	199	1460000	15425	NA
P007	78	Picture	fix	1464691	0	1	26821	1	0	next	other	0
P007	78	Pulse	199	1470000	5309	NA
P007	78	Pulse	199	1480000	15309	NA
P007	78	Pulse	199	1490000	25309	NA
P007	80	Picture	stim	1491511	0	1	25145	1	0	25000	hit	231
P007	80	Pulse	199	1500000	8489	NA
P007	80	Response	16	1502873	11362	0
P007	80	Pulse	199	1510000	18489	NA
P007	81	Picture	fix2	1516656	0	1	14081	1	0	next	other	0
P007	81	Pulse	199	1520000	3344	NA
P007	81	Pulse	199	1530000	13344	NA
P007	82	Picture	feedback	1530737	0	1	20116	1	0	next	other	0
P007	82	Pulse	199	1540000	9263	NA
P007	82	Pulse	199	1550000	19263	NA
P007	83	Picture	fix	1550852	0	1	22295	1	0	next	other	0
P007	83	Pulse	199	1560000	9148	NA
P007	83	Pulse	199	1570000	19148	NA
P007	85	Picture	stim	1573147	0	1	25144	1	0	25000	incorrect	244
P007	85	Pulse	199	1580000	6853	NA
P007	85	Response	32	1589119	15973	0
P007	85	Pulse	199	1590000	16853	NA
P007	86	Picture	fix2	1598291	0	1	23300	1	0	next	other	0
P007	86	Pulse	199	1600000	1709	NA
P007	86	Pulse	199	1610000	11709	NA
P007	86	Pulse	199	1620000	21709	NA
P007	87	Picture	feedback	1621592	0	1	20283	1	0	next	other	0
P007	87	Pulse	199	1630000	8408	NA
P007	87	Pulse	199	1640000	18408	NA
P007	88	Picture	fix	1641875	0	1	29670	1	0	next	other	0
P007	88	Pulse	199	1650000	8125	NA
P007	88	Pulse	199	1660000	18125	NA
P007	88	Pulse	199	1670000	28125	NA
P007	90	Picture	stim	1671546	0	1	25144	1	0	25000	hit	259
P007	90	Pulse	199	1680000	8454	NA
P007	90	Response	16	1687031	15485	0
P007	90	Pulse	199	1690000	18454	NA
P007	91	Picture	fix2	1696690	0	1	24139	1	0	next	other	0
P007	91	Pulse	199	1700000	3310	NA
P007	91	Pulse	199	1710000	13310	NA
P007	91	Pulse	199	1720000	23310	NA
P007	92	Picture	feedback	1720829	0	1	20116	1	0	next	other	0
P007	92	Pulse	199	1730000	9171	NA
P007	92	Pulse	199	1740000	19171	NA
P007	93	Picture	fix	1740944	0	1	18607	1	0	next	other	0
P007	93	Pulse	199	1750000	9056	NA
P007	95	Picture	stim	1759551	0	1	25144	1	0	25000	hit	274
P007	95	Pulse	199	1760000	449	NA
P007	95	Pulse	199	1770000	10449	NA
P007	95	Pulse	199	1780000	20449	NA
P007	95	Response	16	1782448	22897	0
P007	96	Picture	fix2	1784696	0	1	13243	1	0	next	other	0
P007	96	Pulse	199	1790000	5304	NA
P007	97	Picture	feedback	1797938	0	1	20116	1	0	next	other	0
P007	97	Pulse	199	1800000	2062	NA
P007	97	Pulse	199	1810000	12062	NA
P007	98	Picture	fix	1818054	0	1	26485	1	0	next	other	0
P007	98	Pulse	199	1820000	1946	NA
P007	98	Pulse	199	1830000	11946	NA
P007	98	Pulse	199	1840000	21946	NA
P007	100	Picture	stim	1844539	0	1	25144	1	0	25000	hit	286
P007	100	Pulse	199	1850000	5461	NA
P007	100	Response	16	1857231	12692	0
P007	100	Pulse	199	1860000	15461	NA
P007	101	Picture	fix2	1869684	0	1	16595	1	0	next	other	0
P007	101	Pulse	199	1870000	316	NA
P007	101	Pulse	199	1880000	10316	NA
P007	102	Picture	feedback	1886279	0	1	20116	1	0	next	other	0
P007	102	Pulse	199	1890000	3721	NA
P007	102	Pulse	199	1900000	13721	NA
P007	103	Picture	fix	1906395	0	1	26821	1	0	next	other	0
P007	103	Pulse	199	1910000	3605	NA
P007	103	Pulse	199	1920000	13605	NA
P007	103	Pulse	199	1930000	23605	NA
P007	105	Picture	stim	1933216	0	1	25144	1	0	25000	hit	301
P007	105	Pulse	199	1940000	6784	NA
P007	105	Pulse	199	1950000	16784	NA
P007	105	Response	16	1951954	18738	0
P007	106	Picture	fix2	1958528	0	1	13075	1	0	next	other	0
P007	106	Pulse	199	1960000	1472	NA
P007	106	Pulse	199	1970000	11472	NA
P007	107	Picture	feedback	1971603	0	1	20116	1	0	next	other	0
P007	107	Pulse	199	1980000	8397	NA
P007	107	Pulse	199	1990000	18397	NA
P007	108	Picture	fix	1991718	0	1	24642	1	0	next	other	0
P007	108	Pulse	199	2000000	8282	NA
P007	108	Pulse	199	2010000	18282	NA
P007	110	Picture	stim	2016360	0	1	25144	1	0	25000	incorrect	313
P007	110	Pulse	199	2020000	3640	NA
P007	110	Response	32	2025041	8681	0
P007	110	Pulse	199	2030000	13640	NA
P007	110	Pulse	199	2040000	23640	NA
P007	111	Picture	fix2	2041672	0	1	21457	1	0	next	other	0
P007	111	Pulse	199	2050000	8328	NA
P007	111	Pulse	199	2060000	18328	NA
P007	112	Picture	feedback	2063129	0	1	20116	1	0	next	other	0
P007	112	Pulse	199	2070000	6871	NA
P007	112	Pulse	199	2080000	16871	NA
P007	113	Picture	fix	2083244	0	1	37549	1	0	next	other	0
P007	113	Pulse	199	2090000	6756	NA
P007	113	Pulse	199	2100000	16756	NA
P007	113	Pulse	199	2110000	26756	NA
P007	113	Pulse	199	2120000	36756	NA
P007	115	Picture	stim	2120793	0	1	25144	1	0	25000	hit	329
P007	115	Pulse	199	2130000	9207	NA
P007	115	Response	16	2135521	14728	0
P007	115	Pulse	199	2140000	19207	NA
P007	116	Picture	fix2	2145938	0	1	16093	1	0	next	other	0
P007	116	Pulse	199	2150000	4062	NA
P007	116	Pulse	199	2160000	14062	NA
P007	117	Picture	feedback	2162030	0	1	20116	1	0	next	other	0
P007	117	Pulse	199	2170000	7970	NA
P007	117	Pulse	199	2180000	17970	NA
P007	118	Picture	fix	2182146	0	1	27324	1	0	next	other	0
P007	118	Pulse	199	2190000	7854	NA
P007	118	Pulse	199	2200000	17854	NA
P007	120	Picture	stim	2209469	0	1	25144	1	0	25000	incorrect	343
P007	120	Pulse	199	2210000	531	NA
P007	120	Pulse	199	2220000	10531	NA
P007	120	Response	32	2227250	17780	0
P007	120	Pulse	199	2230000	20531	NA
P007	121	Picture	fix2	2234614	0	1	18104	1	0	next	other	0
P007	121	Pulse	199	2240000	5386	NA
P007	121	Pulse	199	2250000	15386	NA
P007	122	Picture	feedback	2252718	0	1	20116	1	0	next	other	0
P007	122	Pulse	199	2260000	7282	NA
P007	122	Pulse	199	2270000	17282	NA
P007	123	Picture	fix	2272833	0	1	28832	1	0	next	other	0
P007	123	Pulse	199	2280000	7167	NA
P007	123	Pulse	199	2290000	17167	NA
P007	123	Pulse	199	2300000	27167	NA
P007	125	Picture	stim	2301666	0	1	25144	1	0	25000	incorrect	358
P007	125	Pulse	199	2310000	8334	NA
P007	125	Pulse	199	2320000	18334	NA
P007	125	Response	32	2320677	19011	0
P007	126	Picture	fix2	2326810	0	1	15925	1	0	next	other	0
P007	126	Pulse	199	2330000	3190	NA
P007	126	Pulse	199	2340000	13190	NA
P007	127	Picture	feedback	2342735	0	1	20116	1	0	next	other	0
P007	127	Pulse	199	2350000	7265	NA
P007	127	Pulse	199	2360000	17265	NA
P007	128	Picture	fix	2362851	0	1	33191	1	0	next	other	0
P007	128	Pulse	199	2370000	7149	NA
P007	128	Pulse	199	2380000	17149	NA
P007	128	Pulse	199	2390000	27149	NA
P007	130	Picture	stim	2396041	0	1	25144	1	0	25000	incorrect	371
P007	130	Pulse	199	2400000	3959	NA
P007	130	Response	32	2407918	11877	0
P007	130	Pulse	199	2410000	13959	NA
P007	130	Pulse	199	2420000	23959	NA
P007	131	Picture	fix2	2421186	0	1	23468	1	0	next	other	0
P007	131	Pulse	199	2430000	8814	NA
P007	131	Pulse	199	2440000	18814	NA
P007	132	Picture	feedback	2444654	0	1	20116	1	0	next	other	0
P007	132	Pulse	199	2450000	5346	NA
P007	132	Pulse	199	2460000	15346	NA
P007	133	Picture	fix	2464770	0	1	19445	1	0	next	other	0
P007	133	Pulse	199	2470000	5230	NA
P007	133	Pulse	199	2480000	15230	NA
P007	135	Picture	stim	2484215	0	1	25144	1	0	25000	incorrect	386
P007	135	Pulse	199	2490000	5785	NA
P007	135	Pulse	199	2500000	15785	NA
P007	135	Response	32	2501544	17329	0
P007	136	Picture	fix2	2509359	0	1	17266	1	0	next	other	0
P007	136	Pulse	199	2510000	641	NA
P007	136	Pulse	199	2520000	10641	NA
P007	137	Picture	feedback	2526625	0	1	20116	1	0	next	other	0
P007	137	Pulse	199	2530000	3375	NA
P007	137	Pulse	199	2540000	13375	NA
P007	138	Picture	fix	2546740	0	1	30844	1	0	next	other	0
P007	138	Pulse	199	2550000	3260	NA
P007	138	Pulse	199	2560000	13260	NA
P007	138	Pulse	199	2570000	23260	NA
P007	140	Picture	stim	2577584	0	1	25144	1	0	25000	incorrect	399
P007	140	Pulse	199	2580000	2416	NA
P007	140	Response	32	2589287	11703	0
P007	140	Pulse	199	2590000	12416	NA
P007	140	Pulse	199	2600000	22416	NA
P007	141	Picture	fix2	2602729	0	1	22462	1	0	next	other	0
P007	141	Pulse	199	2610000	7271	NA
P007	141	Pulse	199	2620000	17271	NA
P007	142	Picture	feedback	2625191	0	1	20116	1	0	next	other	0
P007	142	Pulse	199	2630000	4809	NA
P007	142	Pulse	199	2640000	14809	NA
P007	143	Picture	fix	2645307	0	1	27994	1	0	next	other	0
P007	143	Pulse	199	2650000	4693	NA
P007	143	Pulse	199	2660000	14693	NA
P007	143	Pulse	199	2670000	24693	NA
P007	145	Picture	stim	2673301	0	1	25144	1	0	25000	incorrect	414
P007	145	Pulse	199	2680000	6699	NA
P007	145	Response	32	2689100	15799	0
P007	145	Pulse	199	2690000	16699	NA
P007	146	Picture	fix2	2698613	0	1	13913	1	0	next	other	0
P007	146	Pulse	199	2700000	1387	NA
P007	146	Pulse	199	2710000	11387	NA
P007	147	Picture	feedback	2712526	0	1	20116	1	0	next	other	0
P007	147	Pulse	199	2720000	7474	NA
P007	147	Pulse	199	2730000	17474	NA
P007	148	Picture	fix	2732642	0	1	22127	1	0	next	other	0
P007	148	Pulse	199	2740000	7358	NA
P007	148	Pulse	199	2750000	17358	NA
P007	150	Picture	stim	2754769	0	1	25144	1	0	25000	hit	428
P007	150	Pulse	199	2760000	5231	NA
P007	150	Pulse	199	2770000	15231	NA
P007	150	Response	16	2778544	23775	0
P007	151	Picture	fix2	2779913	0	1	16763	1	0	next	other	0
P007	151	Pulse	199	2780000	87	NA
P007	151	Pulse	199	2790000	10087	NA
P007	152	Picture	feedback	2796676	0	1	20116	1	0	next	other	0
P007	152	Pulse	199	2800000	3324	NA
P007	152	Pulse	199	2810000	13324	NA
P007	153	Picture	fix	2816792	0	1	24642	1	0	next	other	0
P007	153	Pulse	199	2820000	3208	NA
P007	153	Pulse	199	2830000	13208	NA
P007	153	Pulse	199	2840000	23208	NA
P007	155	Picture	stim	2841433	0	1	25144	1	0	25000	hit	441
P007	155	Pulse	199	2850000	8567	NA
P007	155	Response	16	2855323	13890	0
P007	155	Pulse	199	2860000	18567	NA
P007	156	Picture	fix2	2866578	0	1	29168	1	0	next	other	0
P007	156	Pulse	199	2870000	3422	NA
P007	156	Pulse	199	2880000	13422	NA
P007	156	Pulse	199	2890000	23422	NA
P007	157	Picture	feedback	2895746	0	1	20116	1	0	next	other	0
P007	157	Pulse	199	2900000	4255	NA
P007	157	Pulse	199	2910000	14255	NA
P007	158	Picture	fix	2915861	0	1	23636	1	0	next	other	0
P007	158	Pulse	199	2920000	4139	NA
P007	158	Pulse	199	2930000	14139	NA
P007	160	Picture	stim	2939497	0	1	25144	1	0	25000	incorrect	456
P007	160	Pulse	199	2940000	503	NA
P007	160	Pulse	199	2950000	10503	NA
P007	160	Response	32	2956427	16930	0
P007	160	Pulse	199	2960000	20503	NA
P007	161	Picture	fix2	2964641	0	1	21624	1	0	next	other	0
P007	161	Pulse	199	2970000	5359	NA
P007	161	Pulse	199	2980000	15359	NA
P007	162	Picture	feedback	2986266	0	1	20116	1	0	next	other	0
P007	162	Pulse	199	2990000	3734	NA
P007	162	Pulse	199	3000000	13734	NA
P007	163	Picture	fix	3006381	0	1	32185	1	0	next	other	0
P007	163	Pulse	199	3010000	3619	NA
P007	163	Pulse	199	3020000	13619	NA
P007	163	Pulse	199	3030000	23619	NA
P007	165	Picture	stim	3038566	0	1	25144	1	0	25000	hit	471
P007	165	Pulse	199	3040000	1434	NA
P007	165	Pulse	199	3050000	11434	NA
P007	165	Response	16	3051448	12882	0
P007	165	Pulse	199	3060000	21434	NA
P007	166	Picture	fix2	3063711	0	1	18104	1	0	next	other	0
P007	166	Pulse	199	3070000	6290	NA
P007	166	Pulse	199	3080000	16290	NA
P007	167	Picture	feedback	3081815	0	1	20116	1	0	next	other	0
P007	167	Pulse	199	3090000	8186	NA
P007	167	Pulse	199	3100000	18186	NA
P007	168	Picture	fix	3101930	0	1	31179	1	0	next	other	0
P007	168	Pulse	199	3110000	8070	NA
P007	168	Pulse	199	3120000	18070	NA
P007	168	Pulse	199	3130000	28070	NA
P007	170	Picture	stim	3133109	0	1	25144	1	0	25000	hit	486
P007	170	Pulse	199	3140000	6891	NA
P007	170	Pulse	199	3150000	16891	NA
P007	170	Response	16	3150959	17850	0
P007	171	Picture	fix2	3158254	0	1	9052	1	0	next	other	0
P007	171	Pulse	199	3160000	1746	NA
P007	172	Picture	feedback	3167306	0	1	20116	1	0	next	other	0
P007	172	Pulse	199	3170000	2694	NA
P007	172	Pulse	199	3180000	12694	NA
P007	173	Picture	fix	3187421	0	1	23468	1	0	next	other	0
P007	173	Pulse	199	3190000	2579	NA
P007	173	Pulse	199	3200000	12579	NA
P007	173	Pulse	199	3210000	22579	NA
P007	175	Picture	stim	3210889	0	1	25144	1	0	25000	hit	499
P007	175	Pulse	199	3220000	9111	NA
P007	175	Pulse	199	3230000	19111	NA
P007	175	Response	16	3232918	22029	0
P007	176	Picture	fix2	3236034	0	1	29335	1	0	next	other	0
P007	176	Pulse	199	3240000	3966	NA
P007	176	Pulse	199	3250000	13966	NA
P007	176	Pulse	199	3260000	23966	NA
P007	177	Picture	feedback	3265369	0	1	20116	1	0	next	other	0
P007	177	Pulse	199	3270000	4631	NA
P007	177	Pulse	199	3280000	14631	NA
P007	178	Picture	fix	3285485	0	1	21960	1	0	next	other	0
P007	178	Pulse	199	3290000	4515	NA
P007	178	Pulse	199	3300000	14515	NA
P007	180	Picture	stim	3307444	0	1	25144	1	0	25000	incorrect	513
P007	180	Pulse	199	3310000	2556	NA
P007	180	Pulse	199	3320000	12556	NA
P007	180	Response	32	3324147	16703	0
P007	180	Pulse	199	3330000	22556	NA
P007	181	Picture	fix2	3332589	0	1	15925	1	0	next	other	0
P007	181	Pulse	199	3340000	7411	NA
P007	182	Picture	feedback	3348513	0	1	20116	1	0	next	other	0
P007	182	Pulse	199	3350000	1487	NA
P007	182	Pulse	199	3360000	11487	NA
P007	183	Picture	fix	3368629	0	1	34029	1	0	next	other	0
P007	183	Pulse	199	3370000	1371	NA
P007	183	Pulse	199	3380000	11371	NA
P007	183	Pulse	199	3390000	21371	NA
P007	183	Pulse	199	3400000	31371	NA
P007	185	Picture	stim	3402658	0	1	25144	1	0	25000	hit	527
P007	185	Pulse	199	3410000	7342	NA
P007	185	Response	16	3419163	16505	0
P007	185	Pulse	199	3420000	17342	NA
P007	186	Picture	fix2	3427802	0	1	14584	1	0	next	other	0
P007	186	Pulse	199	3430000	2198	NA
P007	186	Pulse	199	3440000	12198	NA
P007	187	Picture	feedback	3442386	0	1	20116	1	0	next	other	0
P007	187	Pulse	199	3450000	7614	NA
P007	187	Pulse	199	3460000	17614	NA
P007	188	Picture	fix	3462502	0	1	28497	1	0	next	other	0
P007	188	Pulse	199	3470000	7498	NA
P007	188	Pulse	199	3480000	17498	NA
P007	188	Pulse	199	3490000	27498	NA
P007	190	Picture	stim	3490999	0	1	25144	1	0	25000	incorrect	541
P007	190	Pulse	199	3500000	9001	NA
P007	190	Response	32	3505304	14306	0
P007	190	Pulse	199	3510000	19001	NA
P007	191	Picture	fix2	3516143	0	1	20451	1	0	next	other	0
P007	191	Pulse	199	3520000	3857	NA
P007	191	Pulse	199	3530000	13857	NA
P007	192	Picture	feedback	3536594	0	1	20116	1	0	next	other	0
P007	192	Pulse	199	3540000	3406	NA
P007	192	Pulse	199	3550000	13406	NA
P007	193	Picture	fix	3556710	0	1	25983	1	0	next	other	0
P007	193	Pulse	199	3560000	3290	NA
P007	193	Pulse	199	3570000	13290	NA
P007	193	Pulse	199	3580000	23290	NA
P007	195	Picture	stim	3582692	0	1	25144	1	0	25000	hit	555
P007	195	Pulse	199	3590000	7308	NA
P007	195	Response	16	3596534	13842	0
P007	195	Pulse	199	3600000	17308	NA
P007	196	Picture	fix2	3607837	0	1	24306	1	0	next	other	0
P007	196	Pulse	199	3610000	2163	NA
P007	196	Pulse	199	3620000	12163	NA
P007	196	Pulse	199	3630000	22163	NA
P007	197	Picture	feedback	3632143	0	1	20116	1	0	next	other	0
P007	197	Pulse	199	3640000	7857	NA
P007	197	Pulse	199	3650000	17857	NA
P007	198	Picture	fix	3652258	0	1	19948	1	0	next	other	0
P007	198	Pulse	199	3660000	7742	NA
P007	198	Pulse	199	3670000	17742	NA
P007	200	Picture	stim	3672207	0	1	25144	1	0	25000	incorrect	570
P007	200	Pulse	199	3680000	7794	NA
P007	200	Pulse	199	3690000	17794	NA
P007	200	Response	32	3691750	19543	0
P007	201	Picture	fix2	3697351	0	1	25815	1	0	next	other	0
P007	201	Pulse	199	3700000	2649	NA
P007	201	Pulse	199	3710000	12649	NA
P007	201	Pulse	199	3720000	22649	NA
P007	202	Picture	feedback	3723166	0	1	20116	1	0	next	other	0
P007	202	Pulse	199	3730000	6834	NA
P007	202	Pulse	199	3740000	16834	NA
P007	203	Picture	fix	3743281	0	1	22295	1	0	next	other	0
P007	203	Pulse	199	3750000	6719	NA
P007	203	Pulse	199	3760000	16719	NA
P007	205	Picture	stim	3765576	0	1	25144	1	0	25000	incorrect	584
P007	205	Pulse	199	3770000	4424	NA
P007	205	Pulse	199	3780000	14424	NA
P007	205	Response	32	3789257	23681	0
P007	205	Pulse	199	3790000	24424	NA
P007	206	Picture	fix2	3790888	0	1	17936	1	0	next	other	0
P007	206	Pulse	199	3800000	9112	NA
P007	207	Picture	feedback	3808825	0	1	20116	1	0	next	other	0
P007	207	Pulse	199	3810000	1175	NA
P007	207	Pulse	199	3820000	11175	NA
P007	208	Picture	fix	3828940	0	1	28497	1	0	next	other	0
P007	208	Pulse	199	3830000	1060	NA
P007	208	Pulse	199	3840000	11060	NA
P007	208	Pulse	199	3850000	21060	NA
P007	210	Picture	stim	3857437	0	1	25144	1	0	25000	hit	598
P007	210	Pulse	199	3860000	2563	NA
P007	210	Pulse	199	3870000	12563	NA
P007	210	Response	16	3872510	15073	0
P007	210	Pulse	199	3880000	22563	NA
P007	211	Picture	fix2	3882582	0	1	15254	1	0	next	other	0
P007	211	Pulse	199	3890000	7418	NA
P007	212	Picture	feedback	3897836	0	1	20116	1	0	next	other	0
P007	212	Pulse	199	3900000	2164	NA
P007	212	Pulse	199	3910000	12164	NA
P007	213	Picture	fix	3917952	0	1	21457	1	0	next	other	0
P007	213	Pulse	199	3920000	2048	NA
P007	213	Pulse	199	3930000	12048	NA
P007	215	Picture	stim	3939408	0	1	25144	1	0	25000	hit	611
P007	215	Pulse	199	3940000	592	NA
P007	215	Pulse	199	3950000	10592	NA
P007	215	Response	16	3954561	15153	0
P007	215	Pulse	199	3960000	20592	NA
P007	216	Picture	fix2	3964720	0	1	16428	1	0	next	other	0
P007	216	Pulse	199	3970000	5280	NA
P007	216	Pulse	199	3980000	15280	NA
P007	217	Picture	feedback	3981148	0	1	20116	1	0	next	other	0
P007	217	Pulse	199	3990000	8852	NA
P007	217	Pulse	199	4000000	18852	NA
P007	218	Picture	fix	4001264	0	1	30006	1	0	next	other	0
P007	218	Pulse	199	4010000	8736	NA
P007	218	Pulse	199	4020000	18736	NA
P007	218	Pulse	199	4030000	28736	NA
P007	220	Picture	stim	4031269	0	1	25144	1	0	25000	incorrect	625
P007	220	Pulse	199	4040000	8731	NA
P007	220	Response	32	4044095	12826	0
P007	220	Pulse	199	4050000	18731	NA
P007	221	Picture	fix2	4056414	0	1	21960	1	0	next	other	0
P007	221	Pulse	199	4060000	3586	NA
P007	221	Pulse	199	4070000	13586	NA
P007	222	Picture	feedback	4078373	0	1	20116	1	0	next	other	0
P007	222	Pulse	199	4080000	1627	NA
P007	222	Pulse	199	4090000	11627	NA
P007	223	Picture	fix	4098489	0	1	29000	1	0	next	other	0
P007	223	Pulse	199	4100000	1511	NA
P007	223	Pulse	199	4110000	11511	NA
P007	223	Pulse	199	4120000	21511	NA
P007	225	Picture	stim	4127489	0	1	25144	1	0	25000	incorrect	640
P007	225	Pulse	199	4130000	2511	NA
P007	225	Pulse	199	4140000	12511	NA
P007	225	Response	32	4144803	17314	0
P007	225	Pulse	199	4150000	22511	NA
P007	226	Picture	fix2	4152633	0	1	18607	1	0	next	other	0
P007	226	Pulse	199	4160000	7367	NA
P007	226	Pulse	199	4170000	17367	NA
P007	227	Picture	feedback	4171240	0	1	20116	1	0	next	other	0
P007	227	Pulse	199	4180000	8760	NA
P007	227	Pulse	199	4190000	18760	NA
P007	228	Picture	fix	4191356	0	1	35873	1	0	next	other	0
P007	228	Pulse	199	4200000	8644	NA
P007	228	Pulse	199	4210000	18644	NA
P007	228	Pulse	199	4220000	28644	NA
P007	230	Picture	stim	4227228	0	1	25145	1	0	25000	incorrect	655
P007	230	Pulse	199	4230000	2772	NA
P007	230	Pulse	199	4240000	12772	NA
P007	230	Response	32	4243115	15887	0
P007	230	Pulse	199	4250000	22772	NA
P007	231	Picture	fix2	4252373	0	1	25983	1	0	next	other	0
P007	231	Pulse	199	4260000	7627	NA
P007	231	Pulse	199	4270000	17627	NA
P007	232	Picture	feedback	4278356	0	1	20115	1	0	next	other	0
P007	232	Pulse	199	4280000	1644	NA
P007	232	Pulse	199	4290000	11644	NA
P007	233	Picture	fix	4298471	0	1	29000	1	0	next	other	0
P007	233	Pulse	199	4300000	1529	NA
P007	233	Pulse	199	4310000	11529	NA
P007	233	Pulse	199	4320000	21529	NA
P007	235	Picture	stim	4327471	0	1	25144	1	0	25000	incorrect	670
P007	235	Pulse	199	4330000	2529	NA
P007	235	Pulse	199	4340000	12529	NA
P007	235	Response	32	4349399	21928	0
P007	235	Pulse	199	4350000	22529	NA
P007	236	Picture	fix2	4352616	0	1	21624	1	0	next	other	0
P007	236	Pulse	199	4360000	7384	NA
P007	236	Pulse	199	4370000	17384	NA
P007	237	Picture	feedback	4374240	0	1	20116	1	0	next	other	0
P007	237	Pulse	199	4380000	5760	NA
P007	237	Pulse	199	4390000	15760	NA
P007	238	Picture	fix	4394355	0	1	22798	1	0	next	other	0
P007	238	Pulse	199	4400000	5645	NA
P007	238	Pulse	199	4410000	15645	NA
P007	240	Picture	stim	4417153	0	1	25144	1	0	25000	incorrect	685
P007	240	Pulse	199	4420000	2847	NA
P007	240	Pulse	199	4430000	12847	NA
P007	240	Pulse	199	4440000	22847	NA
P007	240	Response	32	4442126	24973	0
P007	241	Picture	fix2	4442297	0	1	21457	1	0	next	other	0
P007	241	Pulse	199	4450000	7703	NA
P007	241	Pulse	199	4460000	17703	NA
P007	242	Picture	feedback	4463754	0	1	20116	1	0	next	other	0
P007	242	Pulse	199	4470000	6246	NA
P007	242	Pulse	199	4480000	16246	NA
P007	243	Picture	fix	4483870	0	1	16260	1	0	next	other	0
P007	243	Pulse	199	4490000	6130	NA
P007	243	Pulse	199	4500000	16130	NA
P007	245	Picture	stim	4500130	0	1	25144	1	0	25000	hit	697
P007	245	Pulse	199	4510000	9870	NA
P007	245	Response	16	4511022	10893	0
P007	245	Pulse	199	4520000	19870	NA
P007	246	Picture	fix2	4525274	0	1	20451	1	0	next	other	0
P007	246	Pulse	199	4530000	4726	NA
P007	246	Pulse	199	4540000	14726	NA
P007	247	Picture	feedback	4545725	0	1	20116	1	0	next	other	0
P007	247	Pulse	199	4550000	4275	NA
P007	247	Pulse	199	4560000	14275	NA
P007	248	Picture	fix	4565841	0	1	25480	1	0	next	other	0
P007	248	Pulse	199	4570000	4159	NA
P007	248	Pulse	199	4580000	14159	NA
P007	248	Pulse	199	4590000	24159	NA
P007	250	Picture	stim	4591320	0	1	25144	1	0	25000	hit	712
P007	250	Pulse	199	4600000	8680	NA
P007	250	Pulse	199	4610000	18680	NA
P007	250	Response	16	4612727	21407	0
P007	251	Picture	fix2	4616465	0	1	11231	1	0	next	other	0
P007	251	Pulse	199	4620000	3535	NA
P007	252	Picture	feedback	4627696	0	1	20116	1	0	next	other	0
P007	252	Pulse	199	4630000	2304	NA
P007	252	Pulse	199	4640000	12304	NA
P007	253	Picture	fix	4647812	0	1	24809	1	0	next	other	0
P007	253	Pulse	199	4650000	2189	NA
P007	253	Pulse	199	4660000	12189	NA
P007	253	Pulse	199	4670000	22189	NA
P007	255	Picture	stim	4672621	0	1	25144	1	0	25000	incorrect	724
P007	255	Pulse	199	4680000	7379	NA
P007	255	Response	32	4682825	10204	0
P007	255	Pulse	199	4690000	17379	NA
P007	256	Picture	fix2	4697765	0	1	14751	1	0	next	other	0
P007	256	Pulse	199	4700000	2235	NA
P007	256	Pulse	199	4710000	12235	NA
P007	257	Picture	feedback	4712517	0	1	20116	1	0	next	other	0
P007	257	Pulse	199	4720000	7483	NA
P007	257	Pulse	199	4730000	17483	NA
P007	258	Picture	fix	4732632	0	1	29168	1	0	next	other	0
P007	258	Pulse	199	4740000	7368	NA
P007	258	Pulse	199	4750000	17368	NA
P007	258	Pulse	199	4760000	27368	NA
P007	260	Picture	stim	4761800	0	1	25144	1	0	25000	hit	738
P007	260	Pulse	199	4770000	8200	NA
P007	260	Response	16	4770870	9070	0
P007	260	Pulse	199	4780000	18200	NA
P007	261	Picture	fix2	4787112	0	1	26150	1	0	next	other	0
P007	261	Pulse	199	4790000	2888	NA
P007	261	Pulse	199	4800000	12888	NA
P007	261	Pulse	199	4810000	22888	NA
P007	262	Picture	feedback	4813262	0	1	20116	1	0	next	other	0
P007	262	Pulse	199	4820000	6738	NA
P007	262	Pulse	199	4830000	16738	NA
P007	263	Picture	fix	4833378	0	1	18942	1	0	next	other	0
P007	263	Pulse	199	4840000	6622	NA
P007	263	Pulse	199	4850000	16622	NA
P007	265	Picture	stim	4852320	0	1	25144	1	0	25000	hit	752
P007	265	Pulse	199	4860000	7680	NA
P007	265	Response	16	4869390	17070	0
P007	265	Pulse	199	4870000	17680	NA
P007	266	Picture	fix2	4877464	0	1	16428	1	0	next	other	0
P007	266	Pulse	199	4880000	2536	NA
P007	266	Pulse	199	4890000	12536	NA
P007	267	Picture	feedback	4893892	0	1	20116	1	0	next	other	0
P007	267	Pulse	199	4900000	6108	NA
P007	267	Pulse	199	4910000	16108	NA
P007	268	Picture	100	4914008	0	1	80127	1	0	80000	other	0
P007	268	Pulse	199	4920000	5992	NA
P007	268	Pulse	199	4930000	15992	NA
P007	268	Pulse	199	4940000	25992	NA
P007	268	Pulse	199	4950000	35992	NA
P007	268	Pulse	199	4960000	45992	NA
P007	268	Pulse	199	4970000	55992	NA
P007	268	Pulse	199	4980000	65992	NA
P007	268	Pulse	199	4990000	75992	NA
