Scenario - 
Logfile written - 03/09/2021 17:50:36

Subject	Trial	Event Type	Code	Time	TTime	Uncertainty	Duration	Uncertainty	ReqTime	ReqDur	Stim Type	Pair Index

G001	1	Pulse	199	769716	769706	0
G001	1	Response	20	780606	780596	0
G001	2	Pulse	199	782215	1493	0
G001	2	Response	20	788145	7423	0
G001	3	Picture	100	788146	1	204	50107	204	0	50000	other	0
G001	3	Pulse	199	794725	6580	0
G001	3	Pulse	199	807225	19080	0
G001	3	Pulse	199	819725	31580	0
G001	3	Pulse	199	832225	44080	0
G001	4	Picture	90	838418	0	1	7129	1	0	7000	other	0
G001	4	Pulse	199	844725	6307	0
G001	5	Picture	40	845713	0	1	2155	1	0	1990	other	0
G001	6	Picture	90	848034	0	1	7129	1	0	7000	other	0
G001	7	Picture	40	855329	0	1	4476	1	0	4350	other	0
G001	7	Pulse	199	857225	1896	0
G001	8	Picture	90	859972	0	1	7129	1	0	7000	other	0
G001	9	Picture	40	867266	0	1	2653	1	0	2490	other	0
G001	9	Pulse	199	869725	2458	0
G001	10	Picture	90	870085	0	1	7129	1	0	7000	other	0
G001	11	Picture	40	877380	0	1	2155	1	0	2140	other	0
G001	12	Picture	90	879545	0	157	7119	157	0	7000	other	0
G001	12	Pulse	199	882225	2680	0
G001	13	Picture	40	886830	0	1	1824	1	0	1780	other	0
G001	14	Picture	90	888820	0	1	7129	1	0	7000	other	0
G001	14	Pulse	199	894726	5906	0
G001	15	Picture	40	896115	0	1	2818	1	0	2690	other	0
G001	16	Picture	90	899099	0	1	7129	1	0	7000	other	0
G001	17	Picture	40	906393	0	1	3482	1	0	3310	other	0
G001	17	Pulse	199	907226	832	0
G001	18	Picture	90	910041	0	1	7129	1	0	7000	other	0
G001	19	Picture	40	917336	0	1	2155	1	0	2130	other	0
G001	20	Picture	90	919657	0	1	7129	1	0	7000	other	0
G001	20	Pulse	199	919726	68	0
G001	21	Picture	40	926952	0	1	3813	1	0	3660	other	0
G001	22	Picture	90	930931	0	1	7129	1	0	7000	other	0
G001	22	Pulse	199	932226	1295	0
G001	23	Picture	40	938226	0	1	2984	1	0	2860	other	0
G001	24	Picture	50	941376	0	1	30174	1	0	next	other	0
G001	24	Pulse	199	944725	3349	0
G001	24	Pulse	199	957225	15849	0
G001	24	Pulse	199	969725	28349	0
G001	25	Picture	60	971551	0	1	7129	1	0	7000	other	0
G001	26	Picture	40	978846	0	1	4477	1	0	4350	other	0
G001	26	Pulse	199	982226	3380	0
G001	27	Picture	60	983488	0	1	7129	1	0	7000	other	0
G001	28	Picture	40	990783	0	1	3813	1	0	3660	other	0
G001	28	Pulse	199	994726	3943	0
G001	29	Picture	60	994762	0	1	7129	1	0	7000	other	0
G001	30	Picture	40	1002057	0	1	2984	1	0	2860	other	0
G001	31	Picture	65	1005207	0	1	7129	1	0	7000	hit	52
G001	31	Pulse	199	1007226	2019	0
G001	31	Response	25	1009246	4039	0
G001	32	Picture	40	1012502	0	1	3482	1	0	3310	other	0
G001	33	Picture	60	1016149	0	1	7129	1	0	7000	other	0
G001	33	Pulse	199	1019726	3577	0
G001	34	Picture	40	1023444	0	1	2155	1	0	1990	other	0
G001	35	Picture	60	1025765	0	1	7129	1	0	7000	other	0
G001	35	Pulse	199	1032226	6461	0
G001	36	Picture	40	1033060	0	1	2819	1	0	2690	other	0
G001	37	Picture	60	1036044	0	1	7129	1	0	7000	other	0
G001	38	Picture	40	1043339	0	1	1824	1	0	1780	other	0
G001	38	Pulse	199	1044726	1387	0
G001	39	Picture	60	1045329	0	1	7129	1	0	7000	other	0
G001	40	Picture	40	1052624	0	1	2653	1	0	2490	other	0
G001	41	Picture	60	1055442	0	1	7129	1	0	7000	other	0
G001	41	Pulse	199	1057226	1784	0
G001	42	Picture	40	1062737	0	1	2155	1	0	2140	other	0
G001	43	Picture	60	1065058	0	1	7129	1	0	7000	other	0
G001	43	Pulse	199	1069726	4667	0
G001	44	Picture	40	1072353	0	1	2155	1	0	2130	other	0
G001	45	Picture	50	1074674	0	1	50070	1	0	next	other	0
G001	45	Pulse	199	1082226	7552	0
G001	45	Pulse	199	1094726	20052	0
G001	45	Pulse	199	1107226	32552	0
G001	45	Pulse	199	1119726	45052	0
G001	46	Picture	80	1124744	0	1	7129	1	0	7000	other	0
G001	47	Picture	40	1132039	0	1	3482	1	0	3310	other	0
G001	47	Pulse	199	1132226	187	0
G001	48	Picture	80	1135686	0	1	7129	1	0	7000	other	0
G001	49	Picture	40	1142981	0	1	4476	1	0	4350	other	0
G001	49	Pulse	199	1144726	1745	0
G001	50	Picture	80	1147624	0	1	7129	1	0	7000	other	0
G001	51	Picture	40	1154918	0	1	2984	1	0	2860	other	0
G001	51	Pulse	199	1157226	2308	0
G001	52	Picture	80	1158069	0	1	7129	1	0	7000	other	0
G001	53	Picture	40	1165363	0	1	2653	1	0	2490	other	0
G001	54	Picture	85	1168182	0	1	7129	1	0	7000	hit	89
G001	54	Pulse	199	1169726	1544	0
G001	54	Response	25	1172526	4344	0
G001	55	Picture	40	1175477	0	1	3813	1	0	3660	other	0
G001	56	Picture	80	1179456	0	1	7129	1	0	7000	other	0
G001	56	Pulse	199	1182226	2770	0
G001	57	Picture	40	1186751	0	1	2155	1	0	1990	other	0
G001	58	Picture	80	1189072	0	1	7129	1	0	7000	other	0
G001	58	Pulse	199	1194726	5654	0
G001	59	Picture	40	1196367	0	1	2155	1	0	2130	other	0
G001	60	Picture	80	1198688	0	1	7129	1	0	7000	other	0
G001	61	Picture	40	1205983	0	1	2818	1	0	2690	other	0
G001	61	Pulse	199	1207225	1243	0
G001	62	Picture	80	1208967	0	1	7129	1	0	7000	other	0
G001	63	Picture	40	1216262	0	1	2155	1	0	2140	other	0
G001	64	Picture	80	1218427	0	322	7119	322	0	7000	other	0
G001	64	Pulse	199	1219726	1299	0
G001	65	Picture	40	1225712	0	1	1824	1	0	1780	other	0
G001	66	Picture	50	1227702	0	1	70131	1	0	next	other	0
G001	66	Pulse	199	1232226	4524	0
G001	66	Pulse	199	1244726	17024	0
G001	66	Pulse	199	1257226	29524	0
G001	66	Pulse	199	1269726	42024	0
G001	66	Pulse	199	1282226	54524	0
G001	66	Pulse	199	1294726	67024	0
G001	67	Picture	70	1297833	0	1	7129	1	0	7000	other	0
G001	68	Picture	40	1305128	0	1	3813	1	0	3660	other	0
G001	68	Pulse	199	1307226	2098	0
G001	69	Picture	70	1309107	0	1	7129	1	0	7000	other	0
G001	70	Picture	40	1316402	0	1	4476	1	0	4350	other	0
G001	70	Pulse	199	1319726	3324	0
G001	71	Picture	70	1321044	0	1	7129	1	0	7000	other	0
G001	72	Picture	40	1328339	0	1	2819	1	0	2690	other	0
G001	73	Picture	70	1331323	0	1	7129	1	0	7000	other	0
G001	73	Pulse	199	1332227	904	0
G001	74	Picture	40	1338618	0	1	2155	1	0	1990	other	0
G001	75	Picture	75	1340939	0	1	7129	1	0	7000	hit	125
G001	75	Pulse	199	1344726	3787	0
G001	75	Response	25	1346516	5577	0
G001	76	Picture	40	1348234	0	1	1824	1	0	1780	other	0
G001	77	Picture	70	1350223	0	1	7129	1	0	7000	other	0
G001	77	Pulse	199	1357223	7000	4
G001	78	Picture	40	1357518	0	1	2984	1	0	2860	other	0
G001	79	Picture	70	1360668	0	1	7129	1	0	7000	other	0
G001	80	Picture	40	1367963	0	1	3482	1	0	3310	other	0
G001	80	Pulse	199	1369726	1763	0
G001	81	Picture	75	1371611	0	1	7129	1	0	7000	hit	134
G001	81	Response	25	1376106	4495	0
G001	82	Picture	40	1378906	0	1	2653	1	0	2490	other	0
G001	83	Picture	70	1381724	0	1	7129	1	0	7000	other	0
G001	83	Pulse	199	1382227	502	0
G001	84	Picture	40	1389019	0	1	2155	1	0	2130	other	0
G001	85	Picture	70	1391340	0	1	7129	1	0	7000	other	0
G001	85	Pulse	199	1394726	3386	0
G001	86	Picture	40	1398635	0	1	2155	1	0	2140	other	0
G001	87	Picture	50	1400801	0	322	90182	322	0	next	other	0
G001	87	Pulse	199	1407226	6425	0
G001	87	Pulse	199	1419726	18925	0
G001	87	Pulse	199	1432226	31425	0
G001	87	Pulse	199	1444727	43926	0
G001	87	Pulse	199	1457227	56426	0
G001	87	Pulse	199	1469727	68926	0
G001	87	Pulse	199	1482227	81426	0
G001	88	Picture	90	1490982	0	1	7129	1	0	7000	other	0
G001	88	Pulse	199	1494727	3745	0
G001	89	Picture	40	1498277	0	1	3813	1	0	3660	other	0
G001	90	Picture	90	1502256	0	1	7129	1	0	7000	other	0
G001	90	Pulse	199	1507227	4970	0
G001	91	Picture	40	1509551	0	1	2155	1	0	2140	other	0
G001	92	Picture	95	1511872	0	1	7129	1	0	7000	hit	157
G001	92	Response	25	1516676	4804	0
G001	93	Picture	40	1519167	0	1	2155	1	0	2130	other	0
G001	93	Pulse	199	1519726	559	0
G001	94	Picture	90	1521488	0	1	7129	1	0	7000	other	0
G001	95	Picture	40	1528783	0	1	3482	1	0	3310	other	0
G001	95	Pulse	199	1532226	3443	0
G001	96	Picture	90	1532431	0	1	7129	1	0	7000	other	0
G001	97	Picture	40	1539726	0	1	2155	1	0	1990	other	0
G001	98	Picture	90	1542047	0	1	7129	1	0	7000	other	0
G001	98	Pulse	199	1544727	2680	0
G001	99	Picture	40	1549342	0	1	2819	1	0	2690	other	0
G001	100	Picture	90	1552326	0	1	7129	1	0	7000	other	0
G001	100	Pulse	199	1557227	4901	0
G001	101	Picture	40	1559621	0	1	2653	1	0	2490	other	0
G001	102	Picture	90	1562439	0	1	7129	1	0	7000	other	0
G001	102	Pulse	199	1569727	7287	1
G001	103	Picture	40	1569734	0	1	1824	1	0	1780	other	0
G001	104	Picture	90	1571724	0	1	7129	1	0	7000	other	0
G001	105	Picture	40	1579019	0	1	4476	1	0	4350	other	0
G001	105	Pulse	199	1582227	3208	0
G001	106	Picture	90	1583661	0	1	7129	1	0	7000	other	0
G001	107	Picture	40	1590956	0	1	2984	1	0	2860	other	0
G001	108	Picture	50	1594106	0	1	90192	1	0	next	other	0
G001	108	Pulse	199	1594727	621	0
G001	108	Pulse	199	1607227	13121	0
G001	108	Pulse	199	1619727	25621	0
G001	108	Pulse	199	1632226	38120	0
G001	108	Pulse	199	1644726	50620	0
G001	108	Pulse	199	1657227	63121	0
G001	108	Pulse	199	1669727	75621	0
G001	108	Pulse	199	1682227	88121	0
G001	109	Picture	60	1684298	0	1	7129	1	0	7000	other	0
G001	110	Picture	40	1691593	0	1	2818	1	0	2690	other	0
G001	111	Picture	60	1694577	0	1	7129	1	0	7000	other	0
G001	111	Pulse	199	1694727	150	0
G001	112	Picture	40	1701872	0	1	2155	1	0	2140	other	0
G001	113	Picture	65	1704037	0	322	7119	322	0	7000	hit	195
G001	113	Pulse	199	1707227	3190	0
G001	113	Response	25	1709327	5290	0
G001	114	Picture	40	1711322	0	1	3813	1	0	3660	other	0
G001	115	Picture	60	1715301	0	1	7129	1	0	7000	other	0
G001	115	Pulse	199	1719727	4426	0
G001	116	Picture	40	1722596	0	1	2155	1	0	2130	other	0
G001	117	Picture	60	1724917	0	1	7129	1	0	7000	other	0
G001	118	Picture	40	1732212	0	1	3482	1	0	3310	other	0
G001	118	Pulse	199	1732227	15	0
G001	119	Picture	60	1735859	0	1	7129	1	0	7000	other	0
G001	120	Picture	40	1743154	0	1	1824	1	0	1780	other	0
G001	120	Pulse	199	1744726	1572	0
G001	121	Picture	60	1745144	0	1	7129	1	0	7000	other	0
G001	122	Picture	40	1752439	0	1	2155	1	0	1990	other	0
G001	123	Picture	60	1754760	0	1	7129	1	0	7000	other	0
G001	123	Pulse	199	1757226	2466	0
G001	124	Picture	40	1762055	0	1	2653	1	0	2490	other	0
G001	125	Picture	60	1764873	0	1	7129	1	0	7000	other	0
G001	125	Pulse	199	1769727	4854	0
G001	126	Picture	40	1772168	0	1	4476	1	0	4350	other	0
G001	127	Picture	60	1776811	0	1	7129	1	0	7000	other	0
G001	127	Pulse	199	1782227	5416	0
G001	128	Picture	40	1784105	0	1	2984	1	0	2860	other	0
G001	129	Picture	50	1787255	0	1	70131	1	0	next	other	0
G001	129	Pulse	199	1794727	7472	0
G001	129	Pulse	199	1807227	19971	0
G001	129	Pulse	199	1819727	32471	0
G001	129	Pulse	199	1832227	44971	0
G001	129	Pulse	199	1844727	57472	0
G001	129	Pulse	199	1857226	69971	0
G001	130	Picture	80	1857386	0	1	7129	1	0	7000	other	0
G001	131	Picture	40	1864681	0	1	2155	1	0	2130	other	0
G001	132	Picture	80	1867002	0	1	7129	1	0	7000	other	0
G001	132	Pulse	199	1869726	2724	0
G001	133	Picture	40	1874297	0	1	3482	1	0	3310	other	0
G001	134	Picture	80	1877945	0	1	7129	1	0	7000	other	0
G001	134	Pulse	199	1882227	4282	0
G001	135	Picture	40	1885239	0	1	2155	1	0	1990	other	0
G001	136	Picture	80	1887561	0	1	7129	1	0	7000	other	0
G001	136	Pulse	199	1894727	7166	0
G001	137	Picture	40	1894856	0	1	3813	1	0	3660	other	0
G001	138	Picture	85	1898835	0	1	7129	1	0	7000	hit	236
G001	138	Response	25	1902677	3843	0
G001	139	Picture	40	1906130	0	1	2653	1	0	2490	other	0
G001	139	Pulse	199	1907227	1097	0
G001	140	Picture	80	1908948	0	1	7129	1	0	7000	other	0
G001	141	Picture	40	1916243	0	1	2818	1	0	2690	other	0
G001	142	Picture	85	1919227	0	1	7129	1	0	7000	hit	243
G001	142	Pulse	199	1919727	500	0
G001	142	Response	25	1924297	5070	0
G001	143	Picture	40	1926522	0	1	4476	1	0	4350	other	0
G001	144	Picture	80	1931164	0	1	7129	1	0	7000	other	0
G001	144	Pulse	199	1932228	1063	0
G001	145	Picture	40	1938459	0	1	2984	1	0	2860	other	0
G001	146	Picture	80	1941609	0	1	7129	1	0	7000	other	0
G001	146	Pulse	199	1944727	3118	0
G001	147	Picture	40	1948904	0	1	2155	1	0	2140	other	0
G001	148	Picture	80	1951070	0	157	7119	157	0	7000	other	0
G001	148	Pulse	199	1957227	6158	0
G001	149	Picture	40	1958355	0	1	1824	1	0	1780	other	0
G001	150	Picture	50	1960344	0	1	50070	1	0	next	other	0
G001	150	Pulse	199	1969727	9383	0
G001	150	Pulse	199	1982227	21883	0
G001	150	Pulse	199	1994727	34383	0
G001	150	Pulse	199	2007227	46883	0
G001	151	Picture	70	2010414	0	1	7129	1	0	7000	other	0
G001	152	Picture	40	2017709	0	1	2819	1	0	2690	other	0
G001	152	Pulse	199	2019728	2019	0
G001	153	Picture	70	2020693	0	1	7129	1	0	7000	other	0
G001	154	Picture	40	2027988	0	1	2984	1	0	2860	other	0
G001	155	Picture	70	2031138	0	1	7129	1	0	7000	other	0
G001	155	Pulse	199	2032228	1090	0
G001	156	Picture	40	2038433	0	1	1824	1	0	1780	other	0
G001	157	Picture	70	2040422	0	1	7129	1	0	7000	other	0
G001	157	Pulse	199	2044727	4305	0
G001	158	Picture	40	2047717	0	1	2155	1	0	1990	other	0
G001	159	Picture	70	2050038	0	1	7129	1	0	7000	other	0
G001	159	Pulse	199	2057228	7189	0
G001	160	Picture	40	2057333	0	1	4476	1	0	4350	other	0
G001	161	Picture	70	2061976	0	1	7129	1	0	7000	other	0
G001	162	Picture	40	2069271	0	1	3813	1	0	3660	other	0
G001	162	Pulse	199	2069727	457	0
G001	163	Picture	70	2073250	0	1	7129	1	0	7000	other	0
G001	164	Picture	40	2080544	0	1	2155	1	0	2130	other	0
G001	164	Pulse	199	2082227	1682	0
G001	165	Picture	70	2082865	0	1	7129	1	0	7000	other	0
G001	166	Picture	40	2090161	0	1	2653	1	0	2490	other	0
G001	167	Picture	70	2092979	0	1	7129	1	0	7000	other	0
G001	167	Pulse	199	2094727	1748	0
G001	168	Picture	40	2100274	0	1	2155	1	0	2140	other	0
G001	169	Picture	70	2102595	0	1	7129	1	0	7000	other	0
G001	169	Pulse	199	2107227	4632	0
G001	170	Picture	40	2109890	0	1	3482	1	0	3310	other	0
G001	171	Picture	50	2113537	0	1	30174	1	0	next	other	0
G001	171	Pulse	199	2119728	6190	0
G001	171	Pulse	199	2132228	18690	0
G001	172	Picture	90	2143712	0	1	7129	1	0	7000	other	0
G001	172	Pulse	199	2144728	1016	0
G001	173	Picture	40	2151007	0	1	2155	1	0	1990	other	0
G001	174	Picture	90	2153328	0	1	7129	1	0	7000	other	0
G001	174	Pulse	199	2157228	3900	0
G001	175	Picture	40	2160623	0	1	2155	1	0	2140	other	0
G001	176	Picture	95	2162788	0	322	7119	322	0	7000	hit	297
G001	176	Response	25	2167167	4379	0
G001	176	Pulse	199	2169728	6939	0
G001	177	Picture	40	2170073	0	1	3813	1	0	3660	other	0
G001	178	Picture	90	2174052	0	1	7129	1	0	7000	other	0
G001	179	Picture	40	2181347	0	1	2818	1	0	2690	other	0
G001	179	Pulse	199	2182228	881	0
G001	180	Picture	90	2184331	0	1	7129	1	0	7000	other	0
G001	181	Picture	40	2191626	0	1	2653	1	0	2490	other	0
G001	182	Picture	90	2194445	0	1	7129	1	0	7000	other	0
G001	182	Pulse	199	2194727	283	0
G001	183	Picture	40	2201740	0	1	1824	1	0	1780	other	0
G001	184	Picture	90	2203729	0	1	7129	1	0	7000	other	0
G001	184	Pulse	199	2207227	3498	0
G001	185	Picture	40	2211024	0	1	2984	1	0	2860	other	0
G001	186	Picture	90	2214174	0	1	7129	1	0	7000	other	0
G001	186	Pulse	199	2219728	5554	0
G001	187	Picture	40	2221469	0	1	4476	1	0	4350	other	0
G001	188	Picture	90	2226111	0	1	7129	1	0	7000	other	0
G001	188	Pulse	199	2232228	6116	0
G001	189	Picture	40	2233406	0	1	3482	1	0	3310	other	0
G001	190	Picture	90	2237054	0	1	7129	1	0	7000	other	0
G001	191	Picture	40	2244349	0	1	2155	1	0	2130	other	0
G001	191	Pulse	199	2244728	379	0
G001	192	Picture	50	2246670	0	1	70131	1	0	next	other	0
G001	192	Pulse	199	2257228	10558	0
G001	192	Pulse	199	2269728	23058	0
G001	192	Pulse	199	2282228	35558	0
G001	192	Pulse	199	2294728	48058	0
G001	192	Pulse	199	2307227	60558	0
G001	193	Picture	60	2316800	0	1	7129	1	0	7000	other	0
G001	193	Pulse	199	2319727	2927	0
G001	194	Picture	40	2324095	0	1	2819	1	0	2690	other	0
G001	195	Picture	60	2327080	0	1	7129	1	0	7000	other	0
G001	195	Pulse	199	2332228	5148	0
G001	196	Picture	40	2334374	0	1	3482	1	0	3310	other	0
G001	197	Picture	60	2338022	0	1	7129	1	0	7000	other	0
G001	197	Pulse	199	2344728	6706	0
G001	198	Picture	40	2345317	0	1	4476	1	0	4350	other	0
G001	199	Picture	60	2349959	0	1	7129	1	0	7000	other	0
G001	199	Pulse	199	2357228	7269	0
G001	200	Picture	40	2357254	0	1	2653	1	0	2490	other	0
G001	201	Picture	65	2360073	0	1	7129	1	0	7000	hit	339
G001	201	Response	25	2364328	4255	0
G001	202	Picture	40	2367367	0	1	1824	1	0	1780	other	0
G001	203	Picture	60	2369357	0	1	7129	1	0	7000	other	0
G001	203	Pulse	199	2369728	371	0
G001	204	Picture	40	2376652	0	1	2155	1	0	2140	other	0
G001	205	Picture	60	2378817	0	322	7119	322	0	7000	other	0
G001	205	Pulse	199	2382228	3411	0
G001	206	Picture	40	2386102	0	1	3813	1	0	3660	other	0
G001	207	Picture	65	2390081	0	1	7129	1	0	7000	hit	348
G001	207	Response	25	2394188	4107	0
G001	207	Pulse	199	2394728	4646	0
G001	208	Picture	40	2397376	0	1	2984	1	0	2860	other	0
G001	209	Picture	60	2400526	0	1	7129	1	0	7000	other	0
G001	209	Pulse	199	2407228	6702	0
G001	210	Picture	40	2407821	0	1	2155	1	0	2130	other	0
G001	211	Picture	60	2410142	0	1	7129	1	0	7000	other	0
G001	212	Picture	40	2417437	0	1	2155	1	0	1990	other	0
G001	212	Pulse	199	2419727	2290	0
G001	213	Picture	50	2419758	0	1	30174	1	0	next	other	0
G001	213	Pulse	199	2432227	12469	0
G001	213	Pulse	199	2444728	24970	0
G001	214	Picture	80	2449933	0	1	7129	1	0	7000	other	0
G001	215	Picture	40	2457228	0	1	2818	1	0	2690	other	0
G001	215	Pulse	199	2457228	1	0
G001	216	Picture	80	2460212	0	1	7129	1	0	7000	other	0
G001	217	Picture	40	2467507	0	1	2155	1	0	1990	other	0
G001	217	Pulse	199	2469728	2222	0
G001	218	Picture	80	2469828	0	1	7129	1	0	7000	other	0
G001	219	Picture	40	2477123	0	1	2155	1	0	2140	other	0
G001	220	Picture	80	2479288	0	322	7119	322	0	7000	other	0
G001	220	Pulse	199	2482228	2940	0
G001	221	Picture	40	2486573	0	1	3813	1	0	3660	other	0
G001	222	Picture	80	2490552	0	1	7129	1	0	7000	other	0
G001	222	Pulse	199	2494728	4176	0
G001	223	Picture	40	2497847	0	1	2984	1	0	2860	other	0
G001	224	Picture	80	2500997	0	1	7129	1	0	7000	other	0
G001	224	Pulse	199	2507228	6231	0
G001	225	Picture	40	2508292	0	1	2155	1	0	2130	other	0
G001	226	Picture	80	2510613	0	1	7129	1	0	7000	other	0
G001	227	Picture	40	2517908	0	1	2653	1	0	2490	other	0
G001	227	Pulse	199	2519728	1820	0
G001	228	Picture	80	2520727	0	1	7129	1	0	7000	other	0
G001	229	Picture	40	2528021	0	1	3482	1	0	3310	other	0
G001	230	Picture	80	2531669	0	1	7129	1	0	7000	other	0
G001	230	Pulse	199	2532238	569	0
G001	231	Picture	40	2538964	0	1	4476	1	0	4350	other	0
G001	232	Picture	80	2543606	0	1	7129	1	0	7000	other	0
G001	232	Pulse	199	2544737	1131	0
G001	233	Picture	40	2550901	0	1	1824	1	0	1780	other	0
G001	234	Picture	50	2552891	0	1	90192	1	0	next	other	0
G001	234	Pulse	199	2557238	4347	0
G001	234	Pulse	199	2569728	16838	0
G001	234	Pulse	199	2582238	29347	0
G001	234	Pulse	199	2594738	41848	0
G001	234	Pulse	199	2607238	54347	0
G001	234	Pulse	199	2619738	66848	0
G001	234	Pulse	199	2632238	79347	0
G001	235	Picture	70	2643082	0	1	7129	1	0	7000	other	0
G001	235	Pulse	199	2644738	1655	0
G001	236	Picture	40	2650377	0	1	2155	1	0	2140	other	0
G001	237	Picture	70	2652698	0	1	7129	1	0	7000	other	0
G001	237	Pulse	199	2657238	4539	0
G001	238	Picture	40	2659993	0	1	4476	1	0	4350	other	0
G001	239	Picture	70	2664635	0	1	7129	1	0	7000	other	0
G001	239	Pulse	199	2669739	5103	0
G001	240	Picture	40	2671930	0	1	3482	1	0	3310	other	0
G001	241	Picture	75	2675578	0	1	7129	1	0	7000	hit	406
G001	241	Response	25	2679988	4411	0
G001	241	Pulse	199	2682238	6661	0
G001	242	Picture	40	2682872	0	2	1825	2	0	1780	other	0
G001	243	Picture	70	2684862	0	1	7129	1	0	7000	other	0
G001	244	Picture	40	2692157	0	1	3813	1	0	3660	other	0
G001	244	Pulse	199	2694739	2581	0
G001	245	Picture	70	2696136	0	1	7129	1	0	7000	other	0
G001	246	Picture	40	2703431	0	1	2818	1	0	2690	other	0
G001	247	Picture	70	2706415	0	1	7129	1	0	7000	other	0
G001	247	Pulse	199	2707239	823	0
G001	248	Picture	40	2713710	0	1	2155	1	0	2130	other	0
G001	249	Picture	70	2716032	0	1	7129	1	0	7000	other	0
G001	249	Pulse	199	2719739	3707	0
G001	250	Picture	40	2723326	0	1	2984	1	0	2860	other	0
G001	251	Picture	70	2726477	0	1	7129	1	0	7000	other	0
G001	251	Pulse	199	2732238	5762	0
G001	252	Picture	40	2733771	0	1	2155	2	0	1990	other	0
G001	253	Picture	70	2736093	0	1	7129	1	0	7000	other	0
G001	254	Picture	40	2743387	0	1	2653	1	0	2490	other	0
G001	254	Pulse	199	2744738	1351	0
G001	255	Picture	50	2746206	0	1	50070	1	0	next	other	0
G001	255	Pulse	199	2757238	11032	0
G001	255	Pulse	199	2769738	23532	0
G001	255	Pulse	199	2782239	36033	0
G001	255	Pulse	199	2794739	48533	0
G001	256	Picture	90	2796276	0	1	7129	1	0	7000	other	0
G001	257	Picture	40	2803571	0	1	2653	1	0	2490	other	0
G001	258	Picture	90	2806389	0	1	7129	1	0	7000	other	0
G001	258	Pulse	199	2807239	850	0
G001	259	Picture	40	2813684	0	1	2819	1	0	2690	other	0
G001	260	Picture	95	2816668	0	1	7129	1	0	7000	hit	438
G001	260	Pulse	199	2819739	3070	0
G001	260	Response	25	2821929	5260	0
G001	261	Picture	40	2823963	0	1	2984	1	0	2860	other	0
G001	262	Picture	90	2827113	0	1	7129	1	0	7000	other	0
G001	262	Pulse	199	2832239	5126	0
G001	263	Picture	40	2834408	0	1	3482	1	0	3310	other	0
G001	264	Picture	95	2838056	0	1	7129	1	0	7000	hit	444
G001	264	Response	25	2843948	5893	0
G001	264	Pulse	199	2844739	6683	0
G001	265	Picture	40	2845351	0	1	3813	1	0	3660	other	0
G001	266	Picture	90	2849330	0	1	7129	1	0	7000	other	0
G001	267	Picture	40	2856625	0	1	2155	1	0	2140	other	0
G001	267	Pulse	199	2857238	614	0
G001	268	Picture	90	2858945	0	1	7129	1	0	7000	other	0
G001	269	Picture	40	2866241	0	1	2155	1	0	2130	other	0
G001	270	Picture	90	2868562	0	1	7129	1	0	7000	other	0
G001	270	Pulse	199	2869738	1177	0
G001	271	Picture	40	2875857	0	1	1824	1	0	1780	other	0
G001	272	Picture	90	2877846	0	1	7129	1	0	7000	other	0
G001	272	Pulse	199	2882238	4392	0
G001	273	Picture	40	2885141	0	1	4476	1	0	4350	other	0
G001	274	Picture	90	2889783	0	1	7129	1	0	7000	other	0
G001	274	Pulse	199	2894739	4956	0
G001	275	Picture	40	2897078	0	1	2155	1	0	1990	other	0
G001	276	Picture	50	2899399	0	1	50070	1	0	next	other	0
G001	276	Pulse	199	2907239	7839	0
G001	276	Pulse	199	2919739	20339	0
G001	276	Pulse	199	2932239	32839	0
G001	276	Pulse	199	2944739	45339	0
G001	277	Picture	60	2949469	0	1	7129	1	0	7000	other	0
G001	278	Picture	40	2956764	0	1	3813	1	0	3660	other	0
G001	278	Pulse	199	2957239	475	0
G001	279	Picture	60	2960743	0	1	7129	1	0	7000	other	0
G001	280	Picture	40	2968038	0	1	2155	1	0	2140	other	0
G001	280	Pulse	199	2969739	1701	0
G001	281	Picture	60	2970359	0	1	7129	1	0	7000	other	0
G001	282	Picture	40	2977654	0	1	1824	1	0	1780	other	0
G001	283	Picture	60	2979643	0	1	7129	1	0	7000	other	0
G001	283	Pulse	199	2982238	2595	0
G001	284	Picture	40	2986938	0	1	2155	1	0	1990	other	0
G001	285	Picture	60	2989259	0	1	7129	1	0	7000	other	0
G001	285	Pulse	199	2994738	5479	0
G001	286	Picture	40	2996554	0	1	2653	1	0	2490	other	0
G001	287	Picture	60	2999373	0	1	7129	1	0	7000	other	0
G001	288	Picture	40	3006668	0	1	2819	1	0	2690	other	0
G001	288	Pulse	199	3007239	571	0
G001	289	Picture	60	3009652	0	1	7129	1	0	7000	other	0
G001	290	Picture	40	3016947	0	1	2984	1	0	2860	other	0
G001	290	Pulse	199	3019739	2792	0
G001	291	Picture	60	3020097	0	1	7129	1	0	7000	other	0
G001	292	Picture	40	3027392	0	1	4476	1	0	4350	other	0
G001	293	Picture	60	3032034	0	1	7129	1	0	7000	other	0
G001	293	Pulse	199	3032239	205	0
G001	294	Picture	40	3039329	0	1	3482	1	0	3310	other	0
G001	295	Picture	60	3042977	0	1	7129	1	0	7000	other	0
G001	295	Pulse	199	3044739	1762	0
G001	296	Picture	40	3050272	0	1	2155	1	0	2130	other	0
G001	297	Picture	50	3052593	0	1	90192	1	0	next	other	0
G001	297	Pulse	199	3057239	4646	0
G001	297	Pulse	199	3069739	17146	0
G001	297	Pulse	199	3082239	29646	0
G001	297	Pulse	199	3094738	42146	0
G001	297	Pulse	199	3107238	54646	0
G001	297	Pulse	199	3119739	67146	0
G001	297	Pulse	199	3132239	79647	0
G001	298	Picture	80	3142784	0	1	7129	1	0	7000	other	0
G001	298	Pulse	199	3144739	1955	0
G001	299	Picture	40	3150079	0	1	1824	1	0	1780	other	0
G001	300	Picture	80	3152069	0	1	7129	1	0	7000	other	0
G001	300	Pulse	199	3157239	5170	0
G001	301	Picture	40	3159364	0	1	2155	1	0	2130	other	0
G001	302	Picture	80	3161685	0	1	7129	1	0	7000	other	0
G001	303	Picture	40	3168980	0	1	2155	1	0	2140	other	0
G001	303	Pulse	199	3169739	759	0
G001	304	Picture	80	3171145	0	322	7119	322	0	7000	other	0
G001	305	Picture	40	3178430	0	1	4476	1	0	4350	other	0
G001	305	Pulse	199	3182239	3809	0
G001	306	Picture	80	3183072	0	1	7129	1	0	7000	other	0
G001	307	Picture	40	3190367	0	1	2984	1	0	2860	other	0
G001	308	Picture	80	3193517	0	1	7129	1	0	7000	other	0
G001	308	Pulse	199	3194739	1222	0
G001	309	Picture	40	3200812	0	1	3813	1	0	3660	other	0
G001	310	Picture	85	3204791	0	1	7129	1	0	7000	hit	521
G001	310	Pulse	199	3207238	2447	0
G001	310	Response	25	3210119	5328	0
G001	311	Picture	40	3212086	0	1	2653	1	0	2490	other	0
G001	312	Picture	80	3214905	0	1	7129	1	0	7000	other	0
G001	312	Pulse	199	3219739	4834	0
G001	313	Picture	40	3222199	0	1	2819	1	0	2690	other	0
G001	314	Picture	80	3225184	0	1	7129	1	0	7000	other	0
G001	314	Pulse	199	3232239	7056	0
G001	315	Picture	40	3232479	0	1	2155	1	0	1990	other	0
G001	316	Picture	80	3234800	0	1	7129	1	0	7000	other	0
G001	317	Picture	40	3242095	0	1	3482	1	0	3310	other	0
G001	317	Pulse	199	3244739	2645	0
G001	318	Picture	50	3245742	0	1	30174	1	0	next	other	0
G001	318	Pulse	199	3257239	11497	0
G001	318	Pulse	199	3269739	23997	0
G001	319	Picture	70	3275917	0	1	7129	1	0	7000	other	0
G001	319	Pulse	199	3282239	6323	0
G001	320	Picture	40	3283212	0	1	2155	1	0	1990	other	0
G001	321	Picture	70	3285533	0	1	7129	1	0	7000	other	0
G001	322	Picture	40	3292827	0	1	3813	1	0	3660	other	0
G001	322	Pulse	199	3294739	1912	0
G001	323	Picture	70	3296807	0	1	7129	1	0	7000	other	0
G001	324	Picture	40	3304102	0	1	3482	1	0	3310	other	0
G001	324	Pulse	199	3307239	3137	0
G001	325	Picture	70	3307749	0	1	7129	1	0	7000	other	0
G001	326	Picture	40	3315044	0	1	2155	1	0	2130	other	0
G001	327	Picture	75	3317365	0	1	7129	1	0	7000	hit	548
G001	327	Pulse	199	3319739	2374	0
G001	327	Response	25	3321679	4314	0
G001	328	Picture	40	3324660	0	1	2984	1	0	2860	other	0
G001	329	Picture	70	3327810	0	1	7129	1	0	7000	other	0
G001	329	Pulse	199	3332239	4429	0
G001	330	Picture	40	3335105	0	1	1824	1	0	1780	other	0
G001	331	Picture	70	3337094	0	1	7129	1	0	7000	other	0
G001	332	Picture	40	3344389	0	1	2653	1	0	2490	other	0
G001	332	Pulse	199	3344740	350	0
G001	333	Picture	70	3347208	0	1	7129	1	0	7000	other	0
G001	334	Picture	40	3354503	0	1	4476	1	0	4350	other	0
G001	334	Pulse	199	3357240	2737	0
G001	335	Picture	70	3359145	0	1	7129	1	0	7000	other	0
G001	336	Picture	40	3366440	0	1	2819	1	0	2690	other	0
G001	337	Picture	70	3369424	0	1	7129	1	0	7000	other	0
G001	337	Pulse	199	3369740	315	0
G001	338	Picture	40	3376719	0	1	2155	1	0	2140	other	0
G001	339	Picture	50	3379040	0	1	70131	1	0	next	other	0
G001	339	Pulse	199	3382240	3199	0
G001	339	Pulse	199	3394740	15699	0
G001	339	Pulse	199	3407239	28199	0
G001	339	Pulse	199	3419739	40699	0
G001	339	Pulse	199	3432239	53199	0
G001	339	Pulse	199	3444739	65698	0
G001	340	Picture	90	3449171	0	1	7129	1	0	7000	other	0
G001	341	Picture	40	3456466	0	1	2155	1	0	2140	other	0
G001	341	Pulse	199	3457240	774	0
G001	342	Picture	90	3458787	0	1	7129	1	0	7000	other	0
G001	343	Picture	40	3466082	0	1	2653	1	0	2490	other	0
G001	344	Picture	90	3468900	0	1	7129	1	0	7000	other	0
G001	344	Pulse	199	3469740	839	0
G001	345	Picture	40	3476195	0	1	2155	1	0	1990	other	0
G001	346	Picture	95	3478517	0	1	7129	1	0	7000	hit	581
G001	346	Pulse	199	3482239	3723	0
G001	346	Response	25	3483619	5103	0
G001	347	Picture	40	3485811	0	1	2818	1	0	2690	other	0
G001	348	Picture	90	3488796	0	1	7129	1	0	7000	other	0
G001	348	Pulse	199	3494740	5944	0
G001	349	Picture	40	3496091	0	1	2984	1	0	2860	other	0
G001	350	Picture	90	3499241	0	1	7129	1	0	7000	other	0
G001	351	Picture	40	3506536	0	1	3813	1	0	3660	other	0
G001	351	Pulse	199	3507239	704	0
G001	352	Picture	90	3510515	0	1	7129	1	0	7000	other	0
G001	353	Picture	40	3517810	0	1	4476	1	0	4350	other	0
G001	353	Pulse	199	3519740	1930	0
G001	354	Picture	90	3522452	0	1	7129	1	0	7000	other	0
G001	355	Picture	40	3529747	0	1	3482	1	0	3310	other	0
G001	355	Pulse	199	3532239	2493	0
G001	356	Picture	90	3533394	0	1	7129	1	0	7000	other	0
G001	357	Picture	40	3540689	0	1	1824	1	0	1780	other	0
G001	358	Picture	90	3542679	0	1	7129	1	0	7000	other	0
G001	358	Pulse	199	3544739	2060	0
G001	359	Picture	40	3549974	0	1	2155	1	0	2130	other	0
G001	360	Picture	50	3552295	0	1	90015	177	0	next	other	0
G001	360	Pulse	199	3557239	4944	0
G001	360	Pulse	199	3569740	17445	0
G001	360	Pulse	199	3582239	29944	0
G001	360	Pulse	199	3594740	42445	0
G001	360	Pulse	199	3607239	54944	0
G001	360	Pulse	199	3619740	67445	0
G001	360	Pulse	199	3632239	79945	0
G001	361	Picture	60	3642310	0	177	7140	177	0	7000	other	0
G001	361	Pulse	199	3644739	2429	0
G001	362	Picture	40	3649616	0	1	3482	1	0	3310	other	0
G001	363	Picture	60	3653263	0	1	7129	1	0	7000	other	0
G001	363	Pulse	199	3657239	3976	0
G001	364	Picture	40	3660558	0	1	4476	1	0	4350	other	0
G001	365	Picture	65	3665200	0	1	7129	1	0	7000	hit	616
G001	365	Pulse	199	3669739	4539	0
G001	365	Response	25	3670309	5109	0
G001	366	Picture	40	3672495	0	1	2155	1	0	1990	other	0
G001	367	Picture	60	3674816	0	1	7129	1	0	7000	other	0
G001	368	Picture	40	3682111	0	1	1824	1	0	1780	other	0
G001	368	Pulse	199	3682240	129	0
G001	369	Picture	60	3684101	0	1	7129	1	0	7000	other	0
G001	370	Picture	40	3691396	0	1	3813	1	0	3660	other	0
G001	370	Pulse	199	3694740	3344	0
G001	371	Picture	60	3695375	0	1	7129	1	0	7000	other	0
G001	372	Picture	40	3702669	0	1	2984	1	0	2860	other	0
G001	373	Picture	60	3705820	0	1	7129	1	0	7000	other	0
G001	373	Pulse	199	3707240	1420	0
G001	374	Picture	40	3713115	0	1	2155	1	0	2140	other	0
G001	375	Picture	65	3715436	0	1	7129	1	0	7000	hit	631
G001	375	Pulse	199	3719740	4304	0
G001	375	Response	25	3719840	4405	0
G001	376	Picture	40	3722731	0	1	2653	1	0	2490	other	0
G001	377	Picture	60	3725549	0	1	7129	1	0	7000	other	0
G001	377	Pulse	199	3732240	6691	0
G001	378	Picture	40	3732844	0	1	2155	1	0	2130	other	0
G001	379	Picture	60	3735165	0	1	7129	1	0	7000	other	0
G001	380	Picture	40	3742460	0	1	2818	1	0	2690	other	0
G001	380	Pulse	199	3744740	2280	0
G001	381	Picture	50	3745444	0	1	30174	1	0	next	other	0
G001	381	Pulse	199	3757240	11795	0
G001	381	Pulse	199	3769739	24295	0
G001	382	Picture	80	3775619	0	1	7129	1	0	7000	other	0
G001	382	Pulse	199	3782240	6621	0
G001	383	Picture	40	3782914	0	1	2653	1	0	2490	other	0
G001	384	Picture	80	3785732	0	1	7129	1	0	7000	other	0
G001	385	Picture	40	3793027	0	1	2155	1	0	2140	other	0
G001	385	Pulse	199	3794740	1713	0
G001	386	Picture	80	3795192	0	322	7119	322	0	7000	other	0
G001	387	Picture	40	3802477	0	1	2155	1	0	1990	other	0
G001	388	Picture	80	3804798	0	1	7129	1	0	7000	other	0
G001	388	Pulse	199	3807240	2442	0
G001	389	Picture	40	3812093	0	1	1824	1	0	1780	other	0
G001	390	Picture	80	3814083	0	1	7129	1	0	7000	other	0
G001	390	Pulse	199	3819740	5657	0
G001	391	Picture	40	3821378	0	1	4476	1	0	4350	other	0
G001	392	Picture	80	3826020	0	1	7129	1	0	7000	other	0
G001	392	Pulse	199	3832240	6220	0
G001	393	Picture	40	3833315	0	1	2819	1	0	2690	other	0
G001	394	Picture	80	3836299	0	1	7129	1	0	7000	other	0
G001	395	Picture	40	3843594	0	1	2984	1	0	2860	other	0
G001	395	Pulse	199	3844740	1146	0
G001	396	Picture	80	3846744	0	1	7129	1	0	7000	other	0
G001	397	Picture	40	3854039	0	1	3482	1	0	3310	other	0
G001	397	Pulse	199	3857240	3201	0
G001	398	Picture	80	3857686	0	1	7129	1	0	7000	other	0
G001	399	Picture	40	3864981	0	1	2155	1	0	2130	other	0
G001	400	Picture	80	3867303	0	1	7129	1	0	7000	other	0
G001	400	Pulse	199	3869740	2437	0
G001	401	Picture	40	3874597	0	1	3813	1	0	3660	other	0
G001	402	Picture	50	3878577	0	1	50070	1	0	next	other	0
G001	402	Pulse	199	3882239	3663	0
G001	402	Pulse	199	3894740	16164	0
G001	402	Pulse	199	3907240	28664	0
G001	402	Pulse	199	3919740	41164	0
G001	403	Picture	70	3928646	0	1	7129	1	0	7000	other	0
G001	403	Pulse	199	3932240	3594	0
G001	404	Picture	40	3935941	0	1	2155	1	0	2140	other	0
G001	405	Picture	70	3938262	0	1	7129	1	0	7000	other	0
G001	405	Pulse	199	3944740	6478	0
G001	406	Picture	40	3945557	0	1	2155	1	0	1990	other	0
G001	407	Picture	70	3947878	0	1	7129	1	0	7000	other	0
G001	408	Picture	40	3955173	0	1	3813	1	0	3660	other	0
G001	408	Pulse	199	3957240	2067	0
G001	409	Picture	70	3959152	0	1	7129	1	0	7000	other	0
G001	410	Picture	40	3966447	0	1	1824	1	0	1780	other	0
G001	411	Picture	70	3968437	0	1	7129	1	0	7000	other	0
G001	411	Pulse	199	3969740	1303	0
G001	412	Picture	40	3975732	0	1	2155	1	0	2130	other	0
G001	413	Picture	75	3978053	0	1	7129	1	0	7000	hit	690
G001	413	Response	25	3982150	4097	0
G001	413	Pulse	199	3982240	4187	0
G001	414	Picture	40	3985348	0	1	2818	1	0	2690	other	0
G001	415	Picture	70	3988332	0	1	7129	1	0	7000	other	0
G001	415	Pulse	199	3994740	6408	0
G001	416	Picture	40	3995627	0	1	3482	1	0	3310	other	0
G001	417	Picture	70	3999274	0	1	7129	1	0	7000	other	0
G001	418	Picture	40	4006569	0	1	2984	1	0	2860	other	0
G001	418	Pulse	199	4007241	672	0
G001	419	Picture	70	4009719	0	1	7129	1	0	7000	other	0
G001	420	Picture	40	4017014	0	1	2653	1	0	2490	other	0
G001	420	Pulse	199	4019740	2726	0
G001	421	Picture	70	4019833	0	1	7129	1	0	7000	other	0
G001	422	Picture	40	4027128	0	1	4476	1	0	4350	other	0
G001	423	Picture	50	4031770	0	1	70131	1	0	next	other	0
G001	423	Pulse	199	4032240	471	0
G001	423	Pulse	199	4044740	12970	0
G001	423	Pulse	199	4057240	25470	0
G001	423	Pulse	199	4069740	37970	0
G001	423	Pulse	199	4082240	50470	0
G001	423	Pulse	199	4094740	62970	0
G001	424	Picture	90	4101901	0	1	7129	1	0	7000	other	0
G001	424	Pulse	199	4107240	5339	0
G001	425	Picture	40	4109196	0	1	2155	1	0	2130	other	0
G001	426	Picture	90	4111517	0	1	7129	1	0	7000	other	0
G001	427	Picture	40	4118812	0	1	2984	1	0	2860	other	0
G001	427	Pulse	199	4119740	928	0
G001	428	Picture	95	4121962	0	1	7129	1	0	7000	hit	718
G001	428	Response	25	4127441	5479	0
G001	429	Picture	40	4129257	0	1	2155	1	0	1990	other	0
G001	430	Picture	90	4131578	0	1	7129	1	0	7000	other	0
G001	430	Pulse	199	4132241	663	0
G001	431	Picture	40	4138873	0	1	4476	1	0	4350	other	0
G001	432	Picture	90	4143515	0	1	7129	1	0	7000	other	0
G001	432	Pulse	199	4144740	1225	0
G001	433	Picture	40	4150810	0	1	1824	1	0	1780	other	0
G001	434	Picture	90	4152799	0	1	7129	1	0	7000	other	0
G001	434	Pulse	199	4157241	4441	0
G001	435	Picture	40	4160094	0	1	3482	1	0	3310	other	0
G001	436	Picture	95	4163742	0	1	7129	1	0	7000	hit	730
G001	436	Response	25	4167881	4139	0
G001	436	Pulse	199	4169740	5999	0
G001	437	Picture	40	4171037	0	1	3813	1	0	3660	other	0
G001	438	Picture	90	4175016	0	1	7129	1	0	7000	other	0
G001	438	Pulse	199	4182241	7225	0
G001	439	Picture	40	4182310	0	1	2819	1	0	2690	other	0
G001	440	Picture	90	4185295	0	1	7129	1	0	7000	other	0
G001	441	Picture	40	4192590	0	1	2653	1	0	2490	other	0
G001	441	Pulse	199	4194740	2151	0
G001	442	Picture	90	4195408	0	1	7129	1	0	7000	other	0
G001	443	Picture	40	4202703	0	1	2155	1	0	2140	other	0
G001	444	Picture	50	4205024	0	1	70131	1	0	next	other	0
G001	444	Pulse	199	4207240	2216	0
G001	444	Pulse	199	4219740	14716	0
G001	444	Pulse	199	4232241	27216	0
G001	444	Pulse	199	4244741	39716	0
G001	444	Pulse	199	4257241	52216	0
G001	444	Pulse	199	4269741	64716	0
G001	445	Picture	60	4275155	0	1	7129	1	0	7000	other	0
G001	445	Pulse	199	4282241	7086	0
G001	446	Picture	40	4282450	0	1	2653	1	0	2490	other	0
G001	447	Picture	60	4285268	0	1	7129	1	0	7000	other	0
G001	448	Picture	40	4292563	0	1	2155	1	0	2140	other	0
G001	449	Picture	60	4294729	0	322	7119	322	0	7000	other	0
G001	449	Pulse	199	4294729	0	13
G001	450	Picture	40	4302014	0	1	2818	1	0	2690	other	0
G001	451	Picture	60	4304998	0	1	7129	1	0	7000	other	0
G001	451	Pulse	199	4307241	2243	0
G001	452	Picture	40	4312293	0	1	2155	1	0	1990	other	0
G001	453	Picture	60	4314614	0	1	7129	1	0	7000	other	0
G001	453	Pulse	199	4319740	5126	0
G001	454	Picture	40	4321909	0	1	2984	1	0	2860	other	0
G001	455	Picture	60	4325059	0	1	7129	1	0	7000	other	0
G001	455	Pulse	199	4332241	7182	0
G001	456	Picture	40	4332354	0	1	2155	1	0	2130	other	0
G001	457	Picture	60	4334675	0	1	7129	1	0	7000	other	0
G001	458	Picture	40	4341970	0	1	4476	1	0	4350	other	0
G001	458	Pulse	199	4344751	2781	0
G001	459	Picture	60	4346612	0	1	7129	1	0	7000	other	0
G001	460	Picture	40	4353907	0	1	3813	1	0	3660	other	0
G001	460	Pulse	199	4357241	3334	0
G001	461	Picture	60	4357886	0	1	7129	1	0	7000	other	0
G001	462	Picture	40	4365181	0	1	3482	1	0	3310	other	0
G001	463	Picture	60	4368828	0	1	7129	1	0	7000	other	0
G001	463	Pulse	199	4369741	913	0
G001	464	Picture	40	4376123	0	1	1824	1	0	1780	other	0
G001	465	Picture	50	4378113	0	1	50070	1	0	next	other	0
G001	465	Pulse	199	4382241	4128	0
G001	465	Pulse	199	4394751	16638	0
G001	465	Pulse	199	4407250	29138	0
G001	465	Pulse	199	4419751	41638	0
G001	466	Picture	80	4428182	0	1	7129	1	0	7000	other	0
G001	466	Pulse	199	4432250	4068	0
G001	467	Picture	40	4435477	0	1	3813	1	0	3660	other	0
G001	468	Picture	80	4439456	0	1	7129	1	0	7000	other	0
G001	468	Pulse	199	4444750	5294	0
G001	469	Picture	40	4446751	0	1	3482	1	0	3310	other	0
G001	470	Picture	80	4450399	0	1	7129	1	0	7000	other	0
G001	470	Pulse	199	4457251	6853	0
G001	471	Picture	40	4457694	0	1	2984	1	0	2860	other	0
G001	472	Picture	80	4460844	0	1	7129	1	0	7000	other	0
G001	473	Picture	40	4468139	0	1	2653	1	0	2490	other	0
G001	473	Pulse	199	4469751	1613	0
G001	474	Picture	80	4470957	0	1	7129	1	0	7000	other	0
G001	475	Picture	40	4478252	0	1	2155	1	0	2140	other	0
G001	476	Picture	80	4480573	0	1	7129	1	0	7000	other	0
G001	476	Pulse	199	4482251	1678	0
G001	477	Picture	40	4487868	0	1	1824	1	0	1780	other	0
G001	478	Picture	80	4489858	0	1	7129	1	0	7000	other	0
G001	478	Pulse	199	4494751	4893	0
G001	479	Picture	40	4497153	0	1	4476	1	0	4350	other	0
G001	480	Picture	80	4501795	0	1	7129	1	0	7000	other	0
G001	480	Pulse	199	4507251	5456	0
G001	481	Picture	40	4509090	0	1	2156	1	0	1990	other	0
G001	482	Picture	80	4511411	0	1	7129	1	0	7000	other	0
G001	483	Picture	40	4518706	0	1	2155	1	0	2130	other	0
G001	483	Pulse	199	4519751	1045	0
G001	484	Picture	85	4521027	0	1	7129	1	0	7000	hit	808
G001	484	Response	25	4525911	4884	0
G001	485	Picture	40	4528322	0	1	2819	1	0	2690	other	0
G001	486	Picture	50	4531306	0	1	90192	1	0	next	other	0
G001	486	Pulse	199	4532251	945	0
G001	486	Pulse	199	4544750	13444	0
G001	486	Pulse	199	4557250	25944	0
G001	486	Pulse	199	4569751	38445	0
G001	486	Pulse	199	4582251	50945	0
G001	486	Pulse	199	4594751	63445	0
G001	486	Pulse	199	4607252	75945	0
G001	486	Pulse	199	4619751	88445	0
G001	487	Picture	70	4621498	0	1	7129	1	0	7000	other	0
G001	488	Picture	40	4628793	0	1	1824	1	0	1780	other	0
G001	489	Picture	70	4630782	0	1	7129	1	0	7000	other	0
G001	489	Pulse	199	4632252	1470	0
G001	490	Picture	40	4638077	0	1	3813	1	0	3660	other	0
G001	491	Picture	70	4642056	0	1	7129	1	0	7000	other	0
G001	491	Pulse	199	4644751	2695	0
G001	492	Picture	40	4649351	0	1	2155	1	0	2130	other	0
G001	493	Picture	70	4651672	0	1	7129	1	0	7000	other	0
G001	493	Pulse	199	4657251	5578	0
G001	494	Picture	40	4658967	0	1	3482	1	0	3310	other	0
G001	495	Picture	70	4662615	0	1	7129	1	0	7000	other	0
G001	495	Pulse	199	4669751	7136	0
G001	496	Picture	40	4669910	0	1	2155	1	0	1990	other	0
G001	497	Picture	70	4672231	0	1	7129	1	0	7000	other	0
G001	498	Picture	40	4679526	0	1	2653	1	0	2490	other	0
G001	498	Pulse	199	4682252	2726	0
G001	499	Picture	70	4682344	0	1	7129	1	0	7000	other	0
G001	500	Picture	40	4689639	0	1	2984	1	0	2860	other	0
G001	501	Picture	75	4692789	0	1	7129	1	0	7000	hit	840
G001	501	Pulse	199	4694751	1962	0
G001	501	Response	25	4698001	5211	0
G001	502	Picture	40	4700084	0	1	2818	1	0	2690	other	0
G001	503	Picture	70	4703068	0	1	7129	1	0	7000	other	0
G001	503	Pulse	199	4707252	4183	0
G001	504	Picture	40	4710363	0	1	2155	1	0	2140	other	0
G001	505	Picture	70	4712529	0	156	7119	157	0	7000	other	0
G001	505	Pulse	199	4719752	7223	0
G001	506	Picture	40	4719813	0	1	4476	1	0	4350	other	0
G001	507	Picture	50	4724456	0	1	30174	1	0	next	other	0
G001	507	Pulse	199	4732252	7796	0
G001	507	Pulse	199	4744751	20295	0
G001	508	Picture	90	4754630	0	1	7129	1	0	7000	other	0
G001	508	Pulse	199	4757252	2621	0
G001	509	Picture	40	4761925	0	1	2984	1	0	2860	other	0
G001	510	Picture	90	4765075	0	1	7129	1	0	7000	other	0
G001	510	Pulse	199	4769751	4676	0
G001	511	Picture	40	4772370	0	1	2155	1	0	1990	other	0
G001	512	Picture	90	4774691	0	1	7129	1	0	7000	other	0
G001	513	Picture	40	4781986	0	1	2155	1	0	2130	other	0
G001	513	Pulse	199	4782251	265	0
G001	514	Picture	90	4784307	0	1	7129	1	0	7000	other	0
G001	515	Picture	40	4791602	0	1	2818	1	0	2690	other	0
G001	516	Picture	90	4794586	0	1	7129	1	0	7000	other	0
G001	516	Pulse	199	4794751	165	0
G001	517	Picture	40	4801881	0	1	3482	1	0	3310	other	0
G001	518	Picture	90	4805529	0	1	7129	1	0	7000	other	0
G001	518	Pulse	199	4807252	1723	0
G001	519	Picture	40	4812824	0	1	4476	1	0	4350	other	0
G001	520	Picture	90	4817466	0	1	7129	1	0	7000	other	0
G001	520	Pulse	199	4819751	2285	0
G001	521	Picture	40	4824761	0	1	1824	1	0	1780	other	0
G001	522	Picture	90	4826750	0	1	7129	1	0	7000	other	0
G001	522	Pulse	199	4832251	5501	0
G001	523	Picture	40	4834045	0	1	3813	1	0	3660	other	0
G001	524	Picture	90	4838024	0	1	7129	1	0	7000	other	0
G001	524	Pulse	199	4844751	6727	0
G001	525	Picture	40	4845319	0	1	2155	1	0	2140	other	0
G001	526	Picture	90	4847484	0	157	7119	157	0	7000	other	0
G001	527	Picture	40	4854769	0	1	2653	1	0	2490	other	0
G001	527	Pulse	199	4857252	2482	0
G001	528	Picture	50	4857588	0	1	50070	1	0	next	other	0
G001	528	Pulse	199	4869751	12163	0
G001	528	Pulse	199	4882251	24663	0
G001	528	Pulse	199	4894751	37163	0
G001	528	Pulse	199	4907251	49663	0
G001	529	Picture	60	4907658	0	1	7129	1	0	7000	other	0
G001	530	Picture	40	4914952	0	1	3482	1	0	3310	other	0
G001	531	Picture	60	4918600	0	1	7129	1	0	7000	other	0
G001	531	Pulse	199	4919751	1151	0
G001	532	Picture	40	4925895	0	1	2155	1	0	1990	other	0
G001	533	Picture	60	4928216	0	1	7129	1	0	7000	other	0
G001	533	Pulse	199	4932252	4036	0
G001	534	Picture	40	4935511	0	1	2818	1	0	2690	other	0
G001	535	Picture	60	4938495	0	1	7129	1	0	7000	other	0
G001	535	Pulse	199	4944752	6256	0
G001	536	Picture	40	4945790	0	1	2984	1	0	2860	other	0
G001	537	Picture	60	4948940	0	1	7129	1	0	7000	other	0
G001	538	Picture	40	4956235	0	1	1824	1	0	1780	other	0
G001	538	Pulse	199	4957252	1017	0
G001	539	Picture	60	4958225	0	1	7129	1	0	7000	other	0
G001	540	Picture	40	4965520	0	1	4476	1	0	4350	other	0
G001	540	Pulse	199	4969752	4232	0
G001	541	Picture	60	4970162	0	1	7129	1	0	7000	other	0
G001	542	Picture	40	4977457	0	1	2155	1	0	2140	other	0
G001	543	Picture	60	4979778	0	1	7129	1	0	7000	other	0
G001	543	Pulse	199	4982252	2474	0
G001	544	Picture	40	4987073	0	1	3813	1	0	3660	other	0
G001	545	Picture	65	4991052	0	1	7129	1	0	7000	hit	909
G001	545	Pulse	199	4994751	3699	0
G001	545	Response	25	4995901	4849	0
G001	546	Picture	40	4998347	0	1	2653	1	0	2490	other	0
G001	547	Picture	60	5001165	0	1	7129	1	0	7000	other	0
G001	547	Pulse	199	5007252	6086	0
G001	548	Picture	40	5008460	0	1	2155	1	0	2130	other	0
G001	549	Picture	50	5010781	0	1	70131	1	0	next	other	0
G001	549	Pulse	199	5019752	8970	0
G001	549	Pulse	199	5032252	21470	0
G001	549	Pulse	199	5044752	33971	0
G001	549	Pulse	199	5057252	46471	0
G001	549	Pulse	199	5069752	58971	0
G001	550	Picture	80	5080912	0	1	7129	1	0	7000	other	0
G001	550	Pulse	199	5082252	1340	0
G001	551	Picture	40	5088207	0	1	2155	1	0	1990	other	0
G001	552	Picture	80	5090528	0	1	7129	1	0	7000	other	0
G001	552	Pulse	199	5094752	4224	0
G001	553	Picture	40	5097823	0	1	2653	1	0	2490	other	0
G001	554	Picture	85	5100641	0	1	7129	1	0	7000	hit	927
G001	554	Response	25	5105732	5090	0
G001	554	Pulse	199	5107251	6610	0
G001	555	Picture	40	5107936	0	1	2155	1	0	2130	other	0
G001	556	Picture	80	5110257	0	1	7129	1	0	7000	other	0
G001	557	Picture	40	5117552	0	1	2155	1	0	2140	other	0
G001	558	Picture	80	5119718	0	156	7119	157	0	7000	other	0
G001	558	Pulse	199	5119718	0	34
G001	559	Picture	40	5127003	0	1	3482	1	0	3310	other	0
G001	560	Picture	80	5130650	0	1	7129	1	0	7000	other	0
G001	560	Pulse	199	5132252	1602	0
G001	561	Picture	40	5137945	0	1	1824	1	0	1780	other	0
G001	562	Picture	80	5139935	0	1	7129	1	0	7000	other	0
G001	562	Pulse	199	5144752	4818	0
G001	563	Picture	40	5147229	0	1	3813	1	0	3660	other	0
G001	564	Picture	80	5151208	0	1	7129	1	0	7000	other	0
G001	564	Pulse	199	5157252	6044	0
G001	565	Picture	40	5158503	0	1	2984	1	0	2860	other	0
G001	566	Picture	80	5161653	0	1	7129	1	0	7000	other	0
G001	567	Picture	40	5168948	0	1	2818	1	0	2690	other	0
G001	567	Pulse	199	5169752	804	0
G001	568	Picture	80	5171933	0	1	7129	1	0	7000	other	0
G001	569	Picture	40	5179228	0	1	4476	1	0	4350	other	0
G001	569	Pulse	199	5182252	3025	0
G001	570	Picture	50	5183870	0	1	30174	1	0	next	other	0
G001	570	Pulse	199	5194752	10882	0
G001	570	Pulse	199	5207252	23382	0
G001	571	Picture	70	5214044	0	1	7129	1	0	7000	other	0
G001	571	Pulse	199	5219752	5707	0
G001	572	Picture	40	5221339	0	1	2984	1	0	2860	other	0
G001	573	Picture	70	5224489	0	1	7129	1	0	7000	other	0
G001	574	Picture	40	5231784	0	1	2155	1	0	2140	other	0
G001	574	Pulse	199	5232252	468	0
G001	575	Picture	70	5233950	0	156	7119	157	0	7000	other	0
G001	576	Picture	40	5241234	0	1	2819	1	0	2690	other	0
G001	577	Picture	70	5244219	0	1	7129	1	0	7000	other	0
G001	577	Pulse	199	5244752	534	0
G001	578	Picture	40	5251514	0	1	2653	1	0	2490	other	0
G001	579	Picture	70	5254332	0	1	7129	1	0	7000	other	0
G001	579	Pulse	199	5257252	2920	0
G001	580	Picture	40	5261627	0	1	3813	1	0	3660	other	0
G001	581	Picture	70	5265606	0	1	7129	1	0	7000	other	0
G001	581	Pulse	199	5269752	4146	0
G001	582	Picture	40	5272901	0	1	2155	1	0	2130	other	0
G001	583	Picture	75	5275222	0	1	7129	1	0	7000	hit	971
G001	583	Response	25	5281252	6030	0
G001	583	Pulse	199	5282252	7030	0
G001	584	Picture	40	5282517	0	1	3482	1	0	3310	other	0
G001	585	Picture	70	5286165	0	1	7129	1	0	7000	other	0
G001	586	Picture	40	5293459	0	1	2155	1	0	1990	other	0
G001	586	Pulse	199	5294752	1293	0
G001	587	Picture	70	5295781	0	1	7129	1	0	7000	other	0
G001	588	Picture	40	5303075	0	1	4476	1	0	4350	other	0
G001	588	Pulse	199	5307252	4177	0
G001	589	Picture	75	5307718	0	1	7129	1	0	7000	hit	981
G001	589	Response	25	5311692	3974	0
G001	590	Picture	40	5315013	0	1	1824	1	0	1780	other	0
G001	591	Picture	50	5317002	0	1	90192	1	0	next	other	0
G001	591	Pulse	199	5319752	2750	0
G001	591	Pulse	199	5332251	15249	0
G001	591	Pulse	199	5344752	27749	0
G001	591	Pulse	199	5357252	40250	0
G001	591	Pulse	199	5369752	52750	0
G001	591	Pulse	199	5382252	65250	0
G001	591	Pulse	199	5394752	77750	0
G001	592	Picture	90	5407194	0	1	7129	1	0	7000	other	0
G001	592	Pulse	199	5407252	58	0
G001	593	Picture	40	5414489	0	1	3813	1	0	3660	other	0
G001	594	Picture	90	5418468	0	1	7129	1	0	7000	other	0
G001	594	Pulse	199	5419753	1285	0
G001	595	Picture	40	5425763	0	1	1824	1	0	1780	other	0
G001	596	Picture	95	5427752	0	1	7129	1	0	7000	hit	999
G001	596	Pulse	199	5432252	4500	0
G001	596	Response	25	5432532	4780	0
G001	597	Picture	40	5435047	0	1	2653	1	0	2490	other	0
G001	598	Picture	90	5437866	0	1	7129	1	0	7000	other	0
G001	598	Pulse	199	5444752	6886	0
G001	599	Picture	40	5445161	0	1	4476	1	0	4350	other	0
G001	600	Picture	90	5449803	0	1	7129	1	0	7000	other	0
G001	601	Picture	40	5457098	0	1	2155	1	0	2140	other	0
G001	601	Pulse	199	5457252	154	0
G001	602	Picture	90	5459419	0	1	7129	1	0	7000	other	0
G001	603	Picture	40	5466714	0	1	3482	1	0	3310	other	0
G001	603	Pulse	199	5469753	3039	0
G001	604	Picture	90	5470361	0	1	7129	1	0	7000	other	0
G001	605	Picture	40	5477656	0	1	2155	1	0	1990	other	0
G001	606	Picture	90	5479977	0	1	7129	1	0	7000	other	0
G001	606	Pulse	199	5482253	2276	0
G001	607	Picture	40	5487272	0	1	2155	1	0	2130	other	0
G001	608	Picture	90	5489593	0	1	7129	1	0	7000	other	0
G001	608	Pulse	199	5494753	5159	0
G001	609	Picture	40	5496888	0	1	2984	1	0	2860	other	0
G001	610	Picture	90	5500038	0	1	7129	1	0	7000	other	0
G001	610	Pulse	199	5507253	7214	0
G001	611	Picture	40	5507333	0	1	2818	1	0	2690	other	0
G001	612	Picture	50	5510317	0	1	30174	1	0	next	other	0
G001	612	Pulse	199	5519753	9435	0
G001	612	Pulse	199	5532252	21935	0
G001	613	Picture	60	5540492	0	1	7129	1	0	7000	other	0
G001	613	Pulse	199	5544752	4260	0
G001	614	Picture	40	5547787	0	1	2984	1	0	2860	other	0
G001	615	Picture	60	5550937	0	1	7129	1	0	7000	other	0
G001	615	Pulse	199	5557252	6315	0
G001	616	Picture	40	5558232	0	1	2653	1	0	2490	other	0
G001	617	Picture	60	5561050	0	1	7129	1	0	7000	other	0
G001	618	Picture	40	5568345	0	1	2155	1	0	2130	other	0
G001	618	Pulse	199	5569753	1408	0
G001	619	Picture	60	5570666	0	1	7129	1	0	7000	other	0
G001	620	Picture	40	5577961	0	1	4476	1	0	4350	other	0
G001	620	Pulse	199	5582253	4291	0
G001	621	Picture	60	5582604	0	1	7129	1	0	7000	other	0
G001	622	Picture	40	5589898	0	1	2155	1	0	1990	other	0
G001	623	Picture	60	5592220	0	1	7129	1	0	7000	other	0
G001	623	Pulse	199	5594752	2533	0
G001	624	Picture	40	5599514	0	1	2156	2	0	2140	other	0
G001	625	Picture	60	5601836	0	1	7129	1	0	7000	other	0
G001	625	Pulse	199	5607253	5417	0
G001	626	Picture	40	5609130	0	1	2819	1	0	2690	other	0
G001	627	Picture	60	5612115	0	1	7129	1	0	7000	other	0
G001	628	Picture	40	5619410	0	1	3813	1	0	3660	other	0
G001	628	Pulse	199	5619753	343	0
G001	629	Picture	60	5623389	0	1	7129	1	0	7000	other	0
G001	630	Picture	40	5630684	0	1	3482	1	0	3310	other	0
G001	630	Pulse	199	5632253	1569	0
G001	631	Picture	65	5634331	0	1	7129	1	0	7000	hit	1051
G001	631	Response	25	5638272	3941	0
G001	632	Picture	40	5641626	0	1	1824	1	0	1780	other	0
G001	633	Picture	50	5643616	0	1	90192	1	0	next	other	0
G001	633	Pulse	199	5644753	1137	0
G001	633	Pulse	199	5657252	13636	0
G001	633	Pulse	199	5669752	26137	0
G001	633	Pulse	199	5682253	38637	0
G001	633	Pulse	199	5694753	51137	0
G001	633	Pulse	199	5707253	63637	0
G001	633	Pulse	199	5719753	76137	0
G001	633	Pulse	199	5732253	88637	0
G001	634	Picture	80	5733807	0	1	7129	1	0	7000	other	0
G001	635	Picture	40	5741102	0	1	2155	1	0	2130	other	0
G001	636	Picture	80	5743423	0	1	7129	1	0	7000	other	0
G001	636	Pulse	199	5744753	1330	0
G001	637	Picture	40	5750718	0	1	2984	1	0	2860	other	0
G001	638	Picture	80	5753868	0	1	7129	1	0	7000	other	0
G001	638	Pulse	199	5757253	3384	0
G001	639	Picture	40	5761163	0	1	3482	1	0	3310	other	0
G001	640	Picture	85	5764811	0	1	7129	1	0	7000	hit	1071
G001	640	Response	25	5769342	4532	0
G001	640	Pulse	199	5769752	4942	0
G001	641	Picture	40	5772106	0	1	2819	1	0	2690	other	0
G001	642	Picture	80	5775090	0	1	7129	1	0	7000	other	0
G001	642	Pulse	199	5782253	7163	0
G001	643	Picture	40	5782385	0	1	4476	1	0	4350	other	0
G001	644	Picture	85	5787027	0	1	7129	1	0	7000	hit	1078
G001	644	Response	25	5791103	4076	0
G001	645	Picture	40	5794322	0	1	3813	1	0	3660	other	0
G001	645	Pulse	199	5794752	430	0
G001	646	Picture	80	5798301	0	1	7129	1	0	7000	other	0
G001	647	Picture	40	5805596	0	1	1824	1	0	1780	other	0
G001	647	Pulse	199	5807253	1657	0
G001	648	Picture	80	5807586	0	1	7129	1	0	7000	other	0
G001	649	Picture	40	5814880	0	1	2155	1	0	1990	other	0
G001	650	Picture	80	5817202	0	1	7129	1	0	7000	other	0
G001	650	Pulse	199	5819753	2551	0
G001	651	Picture	40	5824496	0	1	2653	1	0	2490	other	0
G001	652	Picture	80	5827315	0	1	7129	1	0	7000	other	0
G001	652	Pulse	199	5832253	4938	0
G001	653	Picture	40	5834610	0	1	2155	1	0	2140	other	0
G001	654	Picture	50	5836931	0	1	70131	1	0	next	other	0
G001	654	Pulse	199	5844753	7822	0
G001	654	Pulse	199	5857253	20322	0
G001	655	Picture	70	5907062	0	1	7129	1	0	7000	other	0
G001	656	Picture	40	5914357	0	1	3813	1	0	3660	other	0
G001	657	Picture	70	5918336	0	1	7129	1	0	7000	other	0
G001	658	Picture	40	5925631	0	1	2155	1	0	2140	other	0
G001	659	Picture	70	5927796	0	156	7119	157	0	7000	other	0
G001	660	Picture	40	5935081	0	1	4476	1	0	4350	other	0
G001	661	Picture	70	5939723	0	1	7129	1	0	7000	other	0
G001	662	Picture	40	5947018	0	1	2984	1	0	2860	other	0
G001	663	Picture	70	5950168	0	1	7129	1	0	7000	other	0
G001	664	Picture	40	5957463	0	1	1824	1	0	1780	other	0
G001	665	Picture	70	5959452	0	1	7129	1	0	7000	other	0
G001	666	Picture	40	5966747	0	1	3482	1	0	3310	other	0
G001	667	Picture	70	5970395	0	1	7129	1	0	7000	other	0
G001	668	Picture	40	5977690	0	1	2819	1	0	2690	other	0
G001	669	Picture	70	5980674	0	1	7129	1	0	7000	other	0
G001	670	Picture	40	5987969	0	1	2155	1	0	1990	other	0
G001	671	Picture	70	5990290	0	1	7129	1	0	7000	other	0
G001	672	Picture	40	5997585	0	1	2653	1	0	2490	other	0
G001	673	Picture	70	6000404	0	1	7129	1	0	7000	other	0
G001	674	Picture	40	6007698	0	1	2155	1	0	2130	other	0
G001	675	Picture	50	6010020	0	1	50070	1	0	next	other	0
G001	676	Picture	200	6060089	69	1	74184	1	0	80000	other	0
G001	676	Quit		6127975	67955	NA
