Scenario - 
Logfile written - 03/09/2021 17:39:38

Subject	Trial	Event Type	Code	Time	TTime	Uncertainty	Duration	Uncertainty	ReqTime	ReqDur	Stim Type	Pair Index

G001	0	Pulse	199	0	0	NA
G001	1	Pulse	199	10000	9834	NA
G001	1	Pulse	199	20000	19834	NA
G001	1	Pulse	199	30000	29834	NA
G001	1	Pulse	199	40000	39834	NA
G001	1	Pulse	199	50000	49834	NA
G001	1	Pulse	199	60000	59834	NA
G001	1	Pulse	199	70000	69834	NA
G001	1	Pulse	199	80000	79834	NA
G001	1	Response	20	88095	87929	0
G001	2	Pulse	199	90000	1798	NA
G001	2	Pulse	199	100000	11798	NA
G001	2	Response	20	102674	14472	0
G001	3	Picture	100	102792	118	1	50070	1	0	50000	other	0
G001	3	Pulse	199	110000	7326	NA
G001	3	Pulse	199	120000	17326	NA
G001	3	Pulse	199	130000	27326	NA
G001	3	Pulse	199	140000	37326	NA
G001	3	Pulse	199	150000	47326	NA
G001	4	Picture	90	153027	0	1	7129	1	0	7000	other	0
G001	4	Pulse	199	160000	6973	NA
G001	5	Picture	40	160322	0	1	1824	1	0	1780	other	0
G001	6	Picture	90	162312	0	1	7129	1	0	7000	other	0
G001	7	Picture	40	169607	0	1	2653	1	0	2490	other	0
G001	7	Pulse	199	170000	393	NA
G001	8	Picture	90	172425	0	1	7129	1	0	7000	other	0
G001	9	Picture	40	179720	0	1	2984	1	0	2860	other	0
G001	9	Pulse	199	180000	280	NA
G001	10	Picture	90	182870	0	1	9627	1	0	7000	other	0
G001	10	Quit		187295	4425	NA
