Scenario - 
Logfile written - 03/12/2021 14:07:41

Subject	Trial	Event Type	Code	Time	TTime	Uncertainty	Duration	Uncertainty	ReqTime	ReqDur	Stim Type	Pair Index

G002	0	Pulse	199	0	0	NA
G002	1	Picture	start	166	0	1	98930	215	0	next	other	0
G002	1	Pulse	199	10000	9834	NA
G002	1	Pulse	199	20000	19834	NA
G002	1	Pulse	199	30000	29834	NA
G002	1	Pulse	199	40000	39834	NA
G002	1	Pulse	199	50000	49834	NA
G002	1	Pulse	199	60000	59834	NA
G002	1	Pulse	199	70000	69834	NA
G002	1	Pulse	199	80000	79834	NA
G002	1	Pulse	199	90000	89834	NA
G002	1	Response	20	99094	98929	0
G002	2	Picture	100	99096	1	215	50118	215	0	50000	other	0
G002	2	Pulse	199	100000	905	NA
G002	2	Pulse	199	110000	10905	NA
G002	2	Pulse	199	120000	20905	NA
G002	2	Pulse	199	130000	30905	NA
G002	2	Pulse	199	140000	40905	NA
G002	3	Picture	90	149380	0	1	7129	1	0	7000	other	0
G002	3	Pulse	199	150000	620	NA
G002	4	Picture	40	156675	0	1	2819	1	0	2690	other	0
G002	5	Picture	90	159659	0	1	7129	1	0	7000	other	0
G002	5	Pulse	199	160000	341	NA
G002	6	Picture	40	166954	0	1	2984	1	0	2860	other	0
G002	6	Pulse	199	170000	3046	NA
G002	7	Picture	90	170104	0	1	7129	1	0	7000	other	0
G002	8	Picture	40	177399	0	1	3482	1	0	3310	other	0
G002	8	Pulse	199	180000	2601	NA
G002	9	Picture	90	181046	0	1	7129	1	0	7000	other	0
G002	10	Picture	40	188341	0	1	2155	1	0	2140	other	0
G002	10	Pulse	199	190000	1659	NA
G002	11	Picture	90	190506	0	322	7119	322	0	7000	other	0
G002	12	Picture	40	197791	0	1	2155	1	0	1990	other	0
G002	12	Pulse	199	200000	2209	NA
G002	13	Picture	90	200112	0	1	7129	1	0	7000	other	0
G002	14	Picture	40	207407	0	1	2653	1	0	2490	other	0
G002	14	Pulse	199	210000	2593	NA
G002	15	Picture	90	210226	0	1	7129	1	0	7000	other	0
G002	16	Picture	40	217521	0	1	4476	1	0	4350	other	0
G002	16	Pulse	199	220000	2479	NA
G002	17	Picture	90	222163	0	1	7129	1	0	7000	other	0
G002	18	Picture	40	229458	0	1	2155	1	0	2130	other	0
G002	18	Pulse	199	230000	542	NA
G002	19	Picture	90	231623	0	322	7119	323	0	7000	other	0
G002	20	Picture	40	238908	0	1	1824	1	0	1780	other	0
G002	20	Pulse	199	240000	1092	NA
G002	21	Picture	90	240898	0	1	7129	1	0	7000	other	0
G002	22	Picture	40	248192	0	1	3813	1	0	3660	other	0
G002	22	Pulse	199	250000	1808	NA
G002	23	Picture	50	252172	0	1	30174	1	0	next	other	0
G002	23	Pulse	199	260000	7828	NA
G002	23	Pulse	199	270000	17828	NA
G002	23	Pulse	199	280000	27828	NA
G002	24	Picture	70	282346	0	1	7129	1	0	7000	other	0
G002	25	Picture	40	289641	0	1	7212	1	0	3310	other	0
G002	25	Pulse	199	290000	359	NA
G002	25	Quit		290296	655	NA
