Scenario - 
Logfile written - 03/12/2021 14:22:46

Subject	Trial	Event Type	Code	Time	TTime	Uncertainty	Duration	Uncertainty	ReqTime	ReqDur	Stim Type	Pair Index

G002	1	Picture	start	166	0	1	1680648	1	0	next	other	0
G002	1	Response	20	9672	9507	0
G002	2	Response	20	60263	50591	0
G002	2	Response	20	67103	57430	0
G002	2	Response	20	167213	157540	0
G002	2	Response	20	254503	244830	0
G002	2	Response	20	271142	261469	0
G002	2	Response	20	407192	397519	0
G002	2	Response	20	546663	536990	0
G002	2	Response	20	548582	538909	0
G002	2	Response	21	553062	543390	0
G002	2	Response	21	555303	545630	0
G002	2	Response	20	571892	562219	0
G002	2	Response	20	1356744	1347071	0
G002	2	Pulse	199	1680762	1671090	0
G002	2	Picture	100	1680813	1671141	1	50070	1	0	50000	other	0
G002	2	Pulse	199	1693262	1683589	0
G002	2	Pulse	199	1705762	1696090	0
G002	2	Pulse	199	1718262	1708589	0
G002	2	Pulse	199	1730761	1721089	0
G002	3	Picture	80	1731049	0	1	7129	1	0	7000	other	0
G002	4	Picture	40	1738344	0	1	2653	1	0	2490	other	0
G002	5	Picture	80	1741162	0	1	7129	1	0	7000	other	0
G002	5	Pulse	199	1743262	2100	0
G002	6	Picture	40	1748457	0	1	2155	1	0	2130	other	0
G002	7	Picture	80	1750778	0	1	7129	1	0	7000	other	0
G002	7	Pulse	199	1755762	4984	0
G002	8	Picture	40	1758073	0	1	3482	1	0	3310	other	0
G002	9	Picture	80	1761720	0	1	7129	1	0	7000	other	0
G002	9	Pulse	199	1768262	6542	0
G002	10	Picture	40	1769015	0	1	2155	1	0	2140	other	0
G002	11	Picture	80	1771181	0	322	7119	322	0	7000	other	0
G002	12	Picture	40	1778466	0	1	4476	1	0	4350	other	0
G002	12	Pulse	199	1780762	2296	0
G002	13	Picture	80	1783108	0	1	7129	1	0	7000	other	0
G002	14	Picture	40	1790403	0	1	2155	1	0	1990	other	0
G002	15	Picture	80	1792724	0	1	7129	1	0	7000	other	0
G002	15	Pulse	199	1793262	538	0
G002	16	Picture	40	1800019	0	1	2984	1	0	2860	other	0
G002	17	Picture	80	1803169	0	1	7129	1	0	7000	other	0
G002	17	Pulse	199	1805762	2593	0
G002	18	Picture	40	1810464	0	1	2819	1	0	2690	other	0
G002	19	Picture	80	1813448	0	1	7129	1	0	7000	other	0
G002	19	Pulse	199	1818262	4814	0
G002	20	Picture	40	1820743	0	1	3813	1	0	3660	other	0
G002	21	Picture	80	1824722	0	1	7129	1	0	7000	other	0
G002	21	Pulse	199	1830762	6040	0
G002	22	Picture	40	1832017	0	1	1824	1	0	1780	other	0
G002	23	Picture	50	1834006	0	1	30174	1	0	next	other	0
G002	23	Pulse	199	1843262	9255	0
G002	23	Pulse	199	1855761	21755	0
G002	24	Picture	90	1864181	0	1	7129	1	0	7000	other	0
G002	24	Pulse	199	1868263	4082	0
G002	25	Picture	40	1871476	0	1	2155	1	0	2140	other	0
G002	26	Picture	90	1873641	0	156	7119	157	0	7000	other	0
G002	26	Pulse	199	1880762	7121	0
G002	27	Picture	40	1880925	0	2	3814	2	0	3660	other	0
G002	28	Picture	90	1884905	0	1	7129	1	0	7000	other	0
G002	29	Picture	40	1892200	0	1	2984	1	0	2860	other	0
G002	29	Pulse	199	1893262	1062	0
G002	30	Picture	95	1895350	0	1	7129	1	0	7000	hit	62
G002	30	Response	25	1899632	4282	0
G002	31	Picture	40	1902645	0	1	3482	1	0	3310	other	0
G002	31	Pulse	199	1905762	3117	0
G002	32	Picture	90	1906292	0	1	7129	1	0	7000	other	0
G002	33	Picture	40	1913587	0	1	2155	1	0	1990	other	0
G002	34	Picture	90	1915908	0	1	7129	1	0	7000	other	0
G002	34	Pulse	199	1918262	2354	0
G002	35	Picture	40	1923203	0	1	1824	1	0	1780	other	0
G002	36	Picture	90	1925193	0	1	7129	1	0	7000	other	0
G002	36	Pulse	199	1930762	5569	0
G002	37	Picture	40	1932488	0	1	4476	1	0	4350	other	0
G002	38	Picture	90	1937130	0	1	7129	1	0	7000	other	0
G002	38	Pulse	199	1943262	6132	0
G002	39	Picture	40	1944425	0	1	2818	1	0	2690	other	0
G002	40	Picture	90	1947409	0	1	7129	1	0	7000	other	0
G002	41	Picture	40	1954704	0	1	2155	1	0	2130	other	0
G002	41	Pulse	199	1955761	1058	0
G002	42	Picture	90	1957025	0	1	7129	1	0	7000	other	0
G002	43	Picture	40	1964320	0	1	2653	1	0	2490	other	0
G002	44	Picture	50	1967138	0	1	50070	1	0	next	other	0
G002	44	Pulse	199	1968262	1123	0
G002	44	Pulse	199	1980762	13624	0
G002	44	Pulse	199	1993262	26123	0
G002	44	Pulse	199	2005762	38624	0
G002	45	Picture	60	2017208	0	1	7129	1	0	7000	other	0
G002	45	Pulse	199	2018262	1054	0
G002	46	Picture	40	2024503	0	1	2155	1	0	2130	other	0
G002	47	Picture	60	2026824	0	1	7129	1	0	7000	other	0
G002	47	Pulse	199	2030762	3938	0
G002	48	Picture	40	2034119	0	1	2155	1	0	1990	other	0
G002	49	Picture	60	2036440	0	1	7129	1	0	7000	other	0
G002	49	Pulse	199	2043262	6822	0
G002	50	Picture	40	2043735	0	1	2984	1	0	2860	other	0
G002	51	Picture	60	2046885	0	1	7129	1	0	7000	other	0
G002	52	Picture	40	2054180	0	1	2819	1	0	2690	other	0
G002	52	Pulse	199	2055761	1581	0
G002	53	Picture	60	2057164	0	1	7129	1	0	7000	other	0
G002	54	Picture	40	2064459	0	1	1824	1	0	1780	other	0
G002	55	Picture	65	2066449	0	1	7129	1	0	7000	hit	102
G002	55	Pulse	199	2068261	1813	0
G002	55	Response	25	2070041	3593	0
G002	56	Picture	40	2073744	0	1	2653	1	0	2490	other	0
G002	57	Picture	60	2076562	0	1	7129	1	0	7000	other	0
G002	57	Pulse	199	2080761	4199	0
G002	58	Picture	40	2083857	0	1	3482	1	0	3310	other	0
G002	59	Picture	60	2087504	0	1	7129	1	0	7000	other	0
G002	59	Pulse	199	2093262	5757	0
G002	60	Picture	40	2094799	0	1	2155	1	0	2140	other	0
G002	61	Picture	60	2096965	0	322	7119	322	0	7000	other	0
G002	62	Picture	40	2104250	0	1	3813	1	0	3660	other	0
G002	62	Pulse	199	2105762	1512	0
G002	63	Picture	60	2108229	0	1	7129	1	0	7000	other	0
G002	64	Picture	40	2115524	0	1	4476	1	0	4350	other	0
G002	64	Pulse	199	2118262	2738	0
G002	65	Picture	50	2120166	0	1	70131	1	0	next	other	0
G002	65	Pulse	199	2130762	10596	0
G002	65	Pulse	199	2143261	23096	0
G002	65	Pulse	199	2155762	35596	0
G002	65	Pulse	199	2168261	48096	0
G002	65	Pulse	199	2180761	60595	0
G002	66	Picture	70	2190296	0	1	7129	1	0	7000	other	0
G002	66	Pulse	199	2193261	2965	0
G002	67	Picture	40	2197591	0	1	2155	1	0	1990	other	0
G002	68	Picture	70	2199912	0	1	7129	1	0	7000	other	0
G002	68	Pulse	199	2205762	5850	0
G002	69	Picture	40	2207207	0	1	2155	1	0	2140	other	0
G002	70	Picture	75	2209373	0	322	7119	322	0	7000	hit	129
G002	70	Response	25	2213742	4369	0
G002	71	Picture	40	2216657	0	1	4476	1	0	4350	other	0
G002	71	Pulse	199	2218262	1604	0
G002	72	Picture	70	2221300	0	1	7129	1	0	7000	other	0
G002	73	Picture	40	2228595	0	1	3482	1	0	3310	other	0
G002	73	Pulse	199	2230762	2168	0
G002	74	Picture	70	2232242	0	1	7129	1	0	7000	other	0
G002	75	Picture	40	2239537	0	1	2984	1	0	2860	other	0
G002	76	Picture	70	2242687	0	1	7129	1	0	7000	other	0
G002	76	Pulse	199	2243262	575	0
G002	77	Picture	40	2249982	0	1	1824	1	0	1780	other	0
G002	78	Picture	70	2251972	0	1	7129	1	0	7000	other	0
G002	78	Pulse	199	2255762	3790	0
G002	79	Picture	40	2259266	0	1	2653	1	0	2490	other	0
G002	80	Picture	70	2262085	0	1	7129	1	0	7000	other	0
G002	80	Pulse	199	2268262	6177	0
G002	81	Picture	40	2269380	0	1	2818	1	0	2690	other	0
G002	82	Picture	75	2272364	0	1	7129	1	0	7000	hit	147
G002	82	Response	25	2276152	3788	0
G002	83	Picture	40	2279659	0	1	3813	1	0	3660	other	0
G002	83	Pulse	199	2280761	1102	0
G002	84	Picture	70	2283638	0	1	7129	1	0	7000	other	0
G002	85	Picture	40	2290933	0	1	2155	1	0	2130	other	0
G002	86	Picture	50	2293254	0	1	90192	1	0	next	other	0
G002	86	Pulse	199	2293261	7	0
G002	86	Pulse	199	2305761	12507	0
G002	86	Pulse	199	2318261	25007	0
G002	86	Pulse	199	2330761	37507	0
G002	86	Pulse	199	2343261	50007	0
G002	86	Pulse	199	2355762	62508	0
G002	86	Pulse	199	2368262	75008	0
G002	86	Pulse	199	2380762	87508	0
G002	87	Picture	80	2383446	0	1	7129	1	0	7000	other	0
G002	88	Picture	40	2390741	0	1	2984	1	0	2860	other	0
G002	88	Pulse	199	2393261	2521	0
G002	89	Picture	80	2393891	0	1	7129	1	0	7000	other	0
G002	90	Picture	40	2401186	0	1	3482	1	0	3310	other	0
G002	91	Picture	85	2404833	0	1	7129	1	0	7000	hit	168
G002	91	Pulse	199	2405761	928	0
G002	91	Response	25	2408321	3488	0
G002	92	Picture	40	2412128	0	1	4476	1	0	4350	other	0
G002	93	Picture	80	2416770	0	1	7129	1	0	7000	other	0
G002	93	Pulse	199	2418262	1491	0
G002	94	Picture	40	2424065	0	1	2155	1	0	2140	other	0
G002	95	Picture	80	2426230	0	322	7119	323	0	7000	other	0
G002	95	Pulse	199	2430762	4532	0
G002	96	Picture	40	2433515	0	1	1824	1	0	1780	other	0
G002	97	Picture	80	2435505	0	1	7129	1	0	7000	other	0
G002	98	Picture	40	2442800	0	1	2155	1	0	1990	other	0
G002	98	Pulse	199	2443262	462	0
G002	99	Picture	80	2445121	0	1	7129	1	0	7000	other	0
G002	100	Picture	40	2452416	0	1	3813	1	0	3660	other	0
G002	100	Pulse	199	2455762	3346	0
G002	101	Picture	80	2456395	0	1	7129	1	0	7000	other	0
G002	102	Picture	40	2463690	0	1	2653	1	0	2490	other	0
G002	103	Picture	80	2466508	0	1	7129	1	0	7000	other	0
G002	103	Pulse	199	2468262	1754	0
G002	104	Picture	40	2473803	0	1	2155	1	0	2130	other	0
G002	105	Picture	80	2476124	0	1	7129	1	0	7000	other	0
G002	105	Pulse	199	2480762	4638	0
G002	106	Picture	40	2483419	0	1	2819	1	0	2690	other	0
G002	107	Picture	50	2486403	0	1	90192	1	0	next	other	0
G002	107	Pulse	199	2493262	6858	0
G002	107	Pulse	199	2505762	19358	0
G002	107	Pulse	199	2518262	31859	0
G002	107	Pulse	199	2530762	44359	0
G002	107	Pulse	199	2543262	56858	0
G002	107	Pulse	199	2555762	69358	0
G002	107	Pulse	199	2568261	81858	0
G002	108	Picture	90	2576595	0	1	7129	1	0	7000	other	0
G002	108	Pulse	199	2580762	4167	0
G002	109	Picture	40	2583890	0	1	2155	1	0	2140	other	0
G002	110	Picture	90	2586055	0	322	7119	323	0	7000	other	0
G002	110	Pulse	199	2593261	7206	0
G002	111	Picture	40	2593340	0	1	1824	1	0	1780	other	0
G002	112	Picture	90	2595330	0	1	7129	1	0	7000	other	0
G002	113	Picture	40	2602625	0	1	2984	1	0	2860	other	0
G002	113	Pulse	199	2605761	3137	0
G002	114	Picture	90	2605775	0	1	7129	1	0	7000	other	0
G002	115	Picture	40	2613070	0	1	2155	1	0	2130	other	0
G002	116	Picture	95	2615235	0	322	7119	322	0	7000	hit	211
G002	116	Pulse	199	2618261	3026	0
G002	116	Response	25	2619101	3866	0
G002	117	Picture	40	2622520	0	1	2155	1	0	1990	other	0
G002	118	Picture	90	2624841	0	1	7129	1	0	7000	other	0
G002	118	Pulse	199	2630761	5920	0
G002	119	Picture	40	2632136	0	1	2653	1	0	2490	other	0
G002	120	Picture	90	2634954	0	1	7129	1	0	7000	other	0
G002	120	Response	20	2639892	4938	0
G002	121	Picture	40	2642249	0	1	3482	1	0	3310	other	0
G002	121	Pulse	199	2643261	1012	0
G002	122	Picture	90	2645897	0	1	7129	1	0	7000	other	0
G002	123	Picture	40	2653191	0	1	2818	1	0	2690	other	0
G002	123	Pulse	199	2655762	2570	0
G002	124	Picture	90	2656176	0	1	7129	1	0	7000	other	0
G002	125	Picture	40	2663471	0	1	4476	1	0	4350	other	0
G002	126	Picture	90	2668113	0	1	7129	1	0	7000	other	0
G002	126	Pulse	199	2668262	149	0
G002	127	Picture	40	2675408	0	1	3813	1	0	3660	other	0
G002	128	Picture	50	2679387	0	1	70131	1	0	next	other	0
G002	128	Pulse	199	2680761	1374	0
G002	128	Pulse	199	2693262	13875	0
G002	128	Pulse	199	2705762	26375	0
G002	128	Pulse	199	2718262	38875	0
G002	128	Pulse	199	2730761	51374	0
G002	128	Pulse	199	2743262	63875	0
G002	129	Picture	60	2749517	0	1	7129	1	0	7000	other	0
G002	129	Pulse	199	2755762	6245	0
G002	130	Picture	40	2756812	0	1	2984	1	0	2860	other	0
G002	131	Picture	60	2759962	0	1	7129	1	0	7000	other	0
G002	132	Picture	40	2767257	0	1	2155	1	0	1990	other	0
G002	132	Pulse	199	2768262	1005	0
G002	133	Picture	60	2769578	0	1	7129	1	0	7000	other	0
G002	134	Picture	40	2776873	0	1	2155	1	0	2140	other	0
G002	135	Picture	65	2779194	0	1	7129	1	0	7000	hit	245
G002	135	Pulse	199	2780762	1567	0
G002	135	Response	25	2783391	4197	0
G002	136	Picture	40	2786489	0	1	3813	1	0	3660	other	0
G002	137	Picture	60	2790468	0	1	7129	1	0	7000	other	0
G002	137	Pulse	199	2793262	2794	0
G002	138	Picture	40	2797763	0	1	3482	1	0	3310	other	0
G002	139	Picture	60	2801411	0	1	7129	1	0	7000	other	0
G002	139	Pulse	199	2805762	4351	0
G002	140	Picture	40	2808706	0	1	4476	1	0	4350	other	0
G002	141	Picture	65	2813348	0	1	7129	1	0	7000	hit	254
G002	141	Response	25	2817772	4424	0
G002	141	Pulse	199	2818262	4914	0
G002	142	Picture	40	2820643	0	1	2653	1	0	2490	other	0
G002	143	Picture	60	2823461	0	1	7129	1	0	7000	other	0
G002	144	Picture	40	2830756	0	1	2155	1	0	2130	other	0
G002	144	Pulse	199	2830761	5	0
G002	145	Picture	60	2833077	0	1	7129	1	0	7000	other	0
G002	145	Response	20	2836542	3465	0
G002	146	Picture	40	2840372	0	1	1824	1	0	1780	other	0
G002	147	Picture	60	2842362	0	1	7129	1	0	7000	other	0
G002	147	Pulse	199	2843261	899	0
G002	148	Picture	40	2849657	0	1	2819	1	0	2690	other	0
G002	149	Picture	50	2852641	0	1	50070	1	0	next	other	0
G002	149	Pulse	199	2855761	3120	0
G002	149	Pulse	199	2868261	15620	0
G002	149	Pulse	199	2880762	28121	0
G002	149	Pulse	199	2893262	40621	0
G002	150	Picture	70	2902711	0	1	7129	1	0	7000	other	0
G002	150	Pulse	199	2905762	3051	0
G002	150	Response	20	2906421	3711	0
G002	151	Picture	40	2910005	0	1	2984	1	0	2860	other	0
G002	152	Picture	70	2913156	0	1	7129	1	0	7000	other	0
G002	152	Pulse	199	2918262	5106	0
G002	153	Picture	40	2920450	0	1	4476	1	0	4350	other	0
G002	154	Picture	70	2925093	0	1	7129	1	0	7000	other	0
G002	154	Pulse	199	2930762	5669	0
G002	155	Picture	40	2932388	0	1	1824	1	0	1780	other	0
G002	156	Picture	70	2934377	0	1	7129	1	0	7000	other	0
G002	157	Picture	40	2941672	0	1	2818	1	0	2690	other	0
G002	157	Pulse	199	2943261	1590	0
G002	158	Picture	70	2944656	0	1	7129	1	0	7000	other	0
G002	159	Picture	40	2951951	0	1	2653	1	0	2490	other	0
G002	160	Picture	70	2954770	0	1	7129	1	0	7000	other	0
G002	160	Pulse	199	2955761	992	0
G002	161	Picture	40	2962065	0	1	2155	1	0	2140	other	0
G002	162	Picture	70	2964230	0	322	7119	322	0	7000	other	0
G002	162	Pulse	199	2968261	4031	0
G002	163	Picture	40	2971515	0	1	3813	1	0	3660	other	0
G002	164	Picture	70	2975494	0	1	7129	1	0	7000	other	0
G002	164	Pulse	199	2980761	5267	0
G002	165	Picture	40	2982789	0	1	2155	1	0	1990	other	0
G002	166	Picture	70	2985110	0	1	7129	1	0	7000	other	0
G002	166	Response	20	2988412	3302	0
G002	167	Picture	40	2992405	0	1	3482	1	0	3310	other	0
G002	167	Pulse	199	2993262	857	0
G002	168	Picture	70	2996052	0	1	7129	1	0	7000	other	0
G002	169	Picture	40	3003347	0	1	2155	1	0	2130	other	0
G002	170	Picture	50	3005668	0	1	30174	1	0	next	other	0
G002	170	Pulse	199	3005762	94	0
G002	170	Pulse	199	3018262	12594	0
G002	170	Pulse	199	3030761	25093	0
G002	171	Picture	80	3035843	0	1	7129	1	0	7000	other	0
G002	172	Picture	40	3043138	0	1	2653	1	0	2490	other	0
G002	172	Pulse	199	3043262	124	0
G002	173	Picture	80	3045956	0	1	7129	1	0	7000	other	0
G002	174	Picture	40	3053251	0	1	3813	1	0	3660	other	0
G002	174	Pulse	199	3055761	2510	0
G002	175	Picture	80	3057230	0	1	7129	1	0	7000	other	0
G002	175	Response	20	3060572	3342	0
G002	176	Picture	40	3064525	0	1	2155	1	0	1990	other	0
G002	177	Picture	80	3066846	0	1	7129	1	0	7000	other	0
G002	177	Pulse	199	3068261	1415	0
G002	178	Picture	40	3074141	0	1	3482	1	0	3310	other	0
G002	179	Picture	80	3077788	0	1	7129	1	0	7000	other	0
G002	179	Pulse	199	3080761	2973	0
G002	180	Picture	40	3085083	0	1	2155	1	0	2130	other	0
G002	181	Picture	80	3087404	0	1	7129	1	0	7000	other	0
G002	181	Pulse	199	3093262	5857	0
G002	182	Picture	40	3094699	0	1	1824	1	0	1780	other	0
G002	183	Picture	80	3096689	0	1	7129	1	0	7000	other	0
G002	184	Picture	40	3103984	0	1	2984	1	0	2860	other	0
G002	184	Pulse	199	3105762	1778	0
G002	185	Picture	80	3107134	0	1	7129	1	0	7000	other	0
G002	186	Picture	40	3114429	0	1	2155	1	0	2140	other	0
G002	187	Picture	80	3116594	0	322	7119	322	0	7000	other	0
G002	187	Pulse	199	3118262	1668	0
G002	188	Picture	40	3123879	0	1	2819	1	0	2690	other	0
G002	189	Picture	85	3126863	0	1	7129	1	0	7000	hit	332
G002	189	Response	25	3130452	3589	0
G002	189	Pulse	199	3130761	3898	0
G002	190	Picture	40	3134158	0	1	4476	1	0	4350	other	0
G002	191	Picture	50	3138800	0	1	70131	1	0	next	other	0
G002	191	Pulse	199	3143262	4461	0
G002	191	Pulse	199	3155761	16961	0
G002	191	Pulse	199	3168271	29471	0
G002	191	Pulse	199	3180771	41971	0
G002	191	Pulse	199	3193271	54471	0
G002	191	Pulse	199	3205771	66971	0
G002	192	Picture	90	3208931	0	1	7129	1	0	7000	other	0
G002	193	Picture	40	3216226	0	1	4476	1	0	4350	other	0
G002	193	Pulse	199	3218272	2046	0
G002	194	Picture	90	3220868	0	1	7129	1	0	7000	other	0
G002	195	Picture	40	3228163	0	1	2984	1	0	2860	other	0
G002	195	Pulse	199	3230772	2609	0
G002	196	Picture	90	3231313	0	1	7129	1	0	7000	other	0
G002	197	Picture	40	3238608	0	1	2818	1	0	2690	other	0
G002	198	Picture	95	3241592	0	1	7129	1	0	7000	hit	352
G002	198	Pulse	199	3243271	1679	0
G002	198	Response	25	3245282	3690	0
G002	199	Picture	40	3248887	0	1	2155	1	0	2140	other	0
G002	200	Picture	90	3251208	0	1	7129	1	0	7000	other	0
G002	200	Pulse	199	3255772	4564	0
G002	201	Picture	40	3258503	0	1	2155	1	0	1990	other	0
G002	202	Picture	95	3260824	0	1	7129	1	0	7000	hit	358
G002	202	Response	25	3265451	4627	0
G002	203	Picture	40	3268119	0	1	3813	1	0	3660	other	0
G002	203	Pulse	199	3268272	153	0
G002	204	Picture	90	3272098	0	1	7129	1	0	7000	other	0
G002	205	Picture	40	3279393	0	1	1824	1	0	1780	other	0
G002	205	Pulse	199	3280771	1378	0
G002	206	Picture	90	3281383	0	1	7129	1	0	7000	other	0
G002	206	Response	20	3285231	3849	0
G002	207	Picture	40	3288677	0	1	2155	1	0	2130	other	0
G002	208	Picture	90	3290999	0	1	7129	1	0	7000	other	0
G002	208	Pulse	199	3293271	2273	0
G002	209	Picture	40	3298294	0	1	3482	1	0	3310	other	0
G002	210	Picture	90	3301941	0	1	7129	1	0	7000	other	0
G002	210	Pulse	199	3305771	3830	0
G002	211	Picture	40	3309236	0	1	2653	1	0	2490	other	0
G002	212	Picture	50	3312054	0	1	30174	1	0	next	other	0
G002	212	Pulse	199	3318271	6217	0
G002	212	Pulse	199	3330772	18717	0
G002	213	Picture	60	3342229	0	1	7129	1	0	7000	other	0
G002	213	Pulse	199	3343271	1042	0
G002	214	Picture	40	3349524	0	1	2984	1	0	2860	other	0
G002	215	Picture	60	3352674	0	1	7129	1	0	7000	other	0
G002	215	Pulse	199	3355772	3098	0
G002	216	Picture	40	3359969	0	1	2155	1	0	2140	other	0
G002	217	Picture	60	3362290	0	1	7129	1	0	7000	other	0
G002	217	Pulse	199	3368271	5981	0
G002	218	Picture	40	3369585	0	1	3813	1	0	3660	other	0
G002	219	Picture	60	3373564	0	1	7129	1	0	7000	other	0
G002	219	Response	20	3376611	3047	0
G002	219	Pulse	199	3380771	7208	0
G002	220	Picture	40	3380859	0	1	3482	1	0	3310	other	0
G002	221	Picture	60	3384506	0	1	7129	1	0	7000	other	0
G002	222	Picture	40	3391801	0	1	1824	1	0	1780	other	0
G002	222	Pulse	199	3393271	1470	0
G002	223	Picture	60	3393790	0	1	7129	1	0	7000	other	0
G002	223	Response	20	3397462	3671	0
G002	224	Picture	40	3401085	0	1	2155	1	0	1990	other	0
G002	225	Picture	60	3403407	0	1	7129	1	0	7000	other	0
G002	225	Pulse	199	3405771	2364	0
G002	226	Picture	40	3410701	0	1	4476	1	0	4350	other	0
G002	227	Picture	60	3415344	0	1	7129	1	0	7000	other	0
G002	227	Pulse	199	3418271	2927	0
G002	227	Response	20	3418931	3587	0
G002	228	Picture	40	3422639	0	1	2155	1	0	2130	other	0
G002	229	Picture	60	3424960	0	1	7129	1	0	7000	other	0
G002	229	Pulse	199	3430771	5812	0
G002	230	Picture	40	3432255	0	1	2653	1	0	2490	other	0
G002	231	Picture	60	3435073	0	1	7129	1	0	7000	other	0
G002	232	Picture	40	3442368	0	1	2818	1	0	2690	other	0
G002	232	Pulse	199	3443271	903	0
G002	233	Picture	50	3445352	0	1	90191	1	0	next	other	0
G002	233	Pulse	199	3455772	10419	0
G002	233	Pulse	199	3468271	22919	0
G002	233	Pulse	199	3480771	35419	0
G002	233	Pulse	199	3493272	47919	0
G002	233	Pulse	199	3505771	60419	0
G002	233	Pulse	199	3518271	72919	0
G002	233	Pulse	199	3530771	85418	0
G002	234	Picture	70	3535544	0	1	7129	1	0	7000	other	0
G002	235	Picture	40	3542839	0	1	2155	1	0	2140	other	0
G002	235	Pulse	199	3543272	433	0
G002	236	Picture	70	3545004	0	322	7119	322	0	7000	other	0
G002	237	Picture	40	3552289	0	1	3813	1	0	3660	other	0
G002	237	Pulse	199	3555771	3482	0
G002	238	Picture	70	3556268	0	1	7129	1	0	7000	other	0
G002	239	Picture	40	3563563	0	1	2155	1	0	1990	other	0
G002	240	Picture	70	3565884	0	1	7129	1	0	7000	other	0
G002	240	Pulse	199	3568272	2388	0
G002	241	Picture	40	3573179	0	1	2818	1	0	2690	other	0
G002	242	Picture	70	3576163	0	1	7129	1	0	7000	other	0
G002	242	Pulse	199	3580771	4608	0
G002	243	Picture	40	3583458	0	1	2653	1	0	2490	other	0
G002	244	Picture	70	3586277	0	1	7129	1	0	7000	other	0
G002	244	Pulse	199	3593272	6995	0
G002	245	Picture	40	3593572	0	1	2984	1	0	2860	other	0
G002	246	Picture	70	3596722	0	1	7129	1	0	7000	other	0
G002	247	Picture	40	3604017	0	1	1824	1	0	1780	other	0
G002	247	Pulse	199	3605771	1755	0
G002	248	Picture	75	3606006	0	1	7129	1	0	7000	hit	437
G002	248	Response	25	3609671	3665	0
G002	249	Picture	40	3613301	0	1	3482	1	0	3310	other	0
G002	250	Picture	70	3616948	0	1	7129	1	0	7000	other	0
G002	250	Pulse	199	3618271	1323	0
G002	250	Response	20	3621032	4083	0
G002	251	Picture	40	3624243	0	1	2155	1	0	2130	other	0
G002	252	Picture	70	3626564	0	1	7129	1	0	7000	other	0
G002	252	Response	20	3630291	3726	0
G002	252	Pulse	199	3630771	4206	0
G002	253	Picture	40	3633859	0	1	4476	1	0	4350	other	0
G002	254	Picture	50	3638502	0	1	50070	1	0	next	other	0
G002	254	Pulse	199	3643271	4769	0
G002	254	Pulse	199	3655771	17269	0
G002	254	Pulse	199	3668271	29770	0
G002	254	Pulse	199	3680771	42270	0
G002	255	Picture	80	3688571	0	1	7129	1	0	7000	other	0
G002	255	Pulse	199	3693271	4700	0
G002	256	Picture	40	3695866	0	1	3482	1	0	3310	other	0
G002	257	Picture	80	3699514	0	1	7129	1	0	7000	other	0
G002	257	Pulse	199	3705771	6258	0
G002	258	Picture	40	3706808	0	1	2653	1	0	2490	other	0
G002	259	Picture	80	3709627	0	1	7129	1	0	7000	other	0
G002	260	Picture	40	3716922	0	1	2155	1	0	1990	other	0
G002	260	Pulse	199	3718272	1350	0
G002	261	Picture	85	3719243	0	1	7129	1	0	7000	hit	462
G002	261	Response	25	3723062	3819	0
G002	262	Picture	40	3726538	0	1	2818	1	0	2690	other	0
G002	263	Picture	80	3729522	0	1	7129	1	0	7000	other	0
G002	263	Pulse	199	3730771	1249	0
G002	263	Response	20	3733401	3879	0
G002	264	Picture	40	3736817	0	1	3813	1	0	3660	other	0
G002	265	Picture	80	3740796	0	1	7129	1	0	7000	other	0
G002	265	Pulse	199	3743271	2475	0
G002	266	Picture	40	3748091	0	1	4476	1	0	4350	other	0
G002	267	Picture	85	3752733	0	1	7129	1	0	7000	hit	472
G002	267	Response	25	3755721	2988	0
G002	267	Pulse	199	3755770	3037	0
G002	268	Picture	40	3760028	0	1	2155	1	0	2130	other	0
G002	269	Picture	80	3762349	0	1	7129	1	0	7000	other	0
G002	269	Pulse	199	3768271	5922	0
G002	270	Picture	40	3769644	0	1	1824	1	0	1780	other	0
G002	271	Picture	80	3771634	0	1	7129	1	0	7000	other	0
G002	272	Picture	40	3778929	0	1	2155	1	0	2140	other	0
G002	272	Pulse	199	3780771	1842	0
G002	273	Picture	80	3781094	0	322	7119	322	0	7000	other	0
G002	274	Picture	40	3788379	0	1	2984	1	0	2860	other	0
G002	275	Picture	50	3791529	0	1	50070	1	0	next	other	0
G002	275	Pulse	199	3793271	1742	0
G002	275	Pulse	199	3805771	14242	0
G002	275	Pulse	199	3818271	26742	0
G002	275	Pulse	199	3830771	39242	0
G002	276	Picture	90	3841598	0	1	7129	1	0	7000	other	0
G002	276	Pulse	199	3843271	1673	0
G002	277	Picture	40	3848893	0	1	3482	1	0	3310	other	0
G002	278	Picture	90	3852541	0	1	7129	1	0	7000	other	0
G002	278	Pulse	199	3855771	3230	0
G002	279	Picture	40	3859836	0	1	2819	1	0	2690	other	0
G002	280	Picture	90	3862820	0	1	7129	1	0	7000	other	0
G002	280	Response	20	3866051	3231	0
G002	280	Pulse	199	3868271	5451	0
G002	281	Picture	40	3870115	0	1	2155	1	0	2130	other	0
G002	282	Picture	90	3872436	0	1	7129	1	0	7000	other	0
G002	283	Picture	40	3879731	0	1	3813	1	0	3660	other	0
G002	283	Pulse	199	3880771	1040	0
G002	284	Picture	90	3883710	0	1	7129	1	0	7000	other	0
G002	285	Picture	40	3891005	0	1	2155	1	0	2140	other	0
G002	286	Picture	90	3893170	0	322	7119	322	0	7000	other	0
G002	286	Pulse	199	3893170	0	102
G002	286	Response	20	3896841	3671	0
G002	287	Picture	40	3900455	0	1	2653	1	0	2490	other	0
G002	288	Picture	90	3903274	0	1	7129	1	0	7000	other	0
G002	288	Pulse	199	3905771	2498	0
G002	288	Response	20	3907171	3897	0
G002	289	Picture	40	3910569	0	1	4476	1	0	4350	other	0
G002	290	Picture	90	3915211	0	1	7129	1	0	7000	other	0
G002	290	Pulse	199	3918272	3061	0
G002	291	Picture	40	3922506	0	1	1824	1	0	1780	other	0
G002	292	Picture	90	3924495	0	1	7129	1	0	7000	other	0
G002	292	Pulse	199	3930771	6276	0
G002	293	Picture	40	3931790	0	1	2155	1	0	1990	other	0
G002	294	Picture	90	3934111	0	1	7129	1	0	7000	other	0
G002	295	Picture	40	3941406	0	1	2984	1	0	2860	other	0
G002	295	Pulse	199	3943272	1866	0
G002	296	Picture	50	3944556	0	1	90192	1	0	next	other	0
G002	296	Pulse	199	3955771	11215	0
G002	296	Pulse	199	3968271	23715	0
G002	296	Pulse	199	3980771	36215	0
G002	296	Pulse	199	3993271	48715	0
G002	296	Pulse	199	4005772	61216	0
G002	296	Pulse	199	4018272	73715	0
G002	296	Pulse	199	4030771	86215	0
G002	297	Picture	60	4034748	0	1	7129	1	0	7000	other	0
G002	298	Picture	40	4042043	0	1	2984	1	0	2860	other	0
G002	298	Pulse	199	4043271	1229	0
G002	299	Picture	60	4045193	0	1	7129	1	0	7000	other	0
G002	300	Picture	40	4052488	0	1	2653	1	0	2490	other	0
G002	301	Picture	60	4055306	0	1	7129	1	0	7000	other	0
G002	301	Pulse	199	4055772	466	0
G002	302	Picture	40	4062601	0	1	2155	1	0	2130	other	0
G002	303	Picture	60	4064922	0	1	7129	1	0	7000	other	0
G002	303	Pulse	199	4068271	3349	0
G002	304	Picture	40	4072217	0	1	3482	1	0	3310	other	0
G002	305	Picture	65	4075865	0	1	7129	1	0	7000	hit	540
G002	305	Response	25	4079551	3686	0
G002	305	Pulse	199	4080771	4907	0
G002	306	Picture	40	4083159	0	1	2155	1	0	2140	other	0
G002	307	Picture	60	4085480	0	1	7129	1	0	7000	other	0
G002	307	Response	20	4090222	4741	0
G002	308	Picture	40	4092775	0	1	2819	1	0	2690	other	0
G002	308	Pulse	199	4093272	496	0
G002	309	Picture	60	4095760	0	1	7129	1	0	7000	other	0
G002	310	Picture	40	4103055	0	1	2155	1	0	1990	other	0
G002	311	Picture	60	4105376	0	1	7129	1	0	7000	other	0
G002	311	Pulse	199	4105771	396	0
G002	311	Response	20	4108761	3385	0
G002	312	Picture	40	4112671	0	1	1824	1	0	1780	other	0
G002	313	Picture	60	4114660	0	1	7129	1	0	7000	other	0
G002	313	Pulse	199	4118271	3611	0
G002	314	Picture	40	4121955	0	1	3813	1	0	3660	other	0
G002	315	Picture	60	4125934	0	1	7129	1	0	7000	other	0
G002	315	Pulse	199	4130772	4838	0
G002	316	Picture	40	4133229	0	1	4476	1	0	4350	other	0
G002	317	Picture	50	4137871	0	1	30174	1	0	next	other	0
G002	317	Pulse	199	4143272	5400	0
G002	317	Pulse	199	4155771	17900	0
G002	318	Picture	70	4168046	0	1	7129	1	0	7000	other	0
G002	318	Pulse	199	4168272	226	0
G002	319	Picture	40	4175341	0	1	3813	1	0	3660	other	0
G002	320	Picture	70	4179320	0	1	7129	1	0	7000	other	0
G002	320	Pulse	199	4180771	1452	0
G002	320	Response	20	4182471	3152	0
G002	321	Picture	40	4186614	0	1	2155	1	0	1990	other	0
G002	322	Picture	70	4188936	0	1	7129	1	0	7000	other	0
G002	322	Pulse	199	4193271	4335	0
G002	323	Picture	40	4196230	0	1	4476	1	0	4350	other	0
G002	324	Picture	70	4200873	0	1	7129	1	0	7000	other	0
G002	324	Pulse	199	4205771	4898	0
G002	325	Picture	40	4208168	0	1	2984	2	0	2860	other	0
G002	326	Picture	70	4211318	0	1	7129	1	0	7000	other	0
G002	326	Response	20	4214392	3074	0
G002	326	Pulse	199	4218271	6954	0
G002	327	Picture	40	4218613	0	1	2653	1	0	2490	other	0
G002	328	Picture	70	4221431	0	1	7129	1	0	7000	other	0
G002	329	Picture	40	4228726	0	1	1824	1	0	1780	other	0
G002	330	Picture	75	4230715	0	1	7129	1	0	7000	hit	583
G002	330	Pulse	199	4230771	56	0
G002	330	Response	25	4234441	3725	0
G002	331	Picture	40	4238010	0	1	2818	1	0	2690	other	0
G002	332	Picture	70	4240995	0	1	7129	1	0	7000	other	0
G002	332	Pulse	199	4243272	2277	0
G002	333	Picture	40	4248290	0	1	2155	1	0	2130	other	0
G002	334	Picture	70	4250611	0	1	7129	1	0	7000	other	0
G002	334	Pulse	199	4255771	5161	0
G002	335	Picture	40	4257906	0	1	2155	1	0	2140	other	0
G002	336	Picture	70	4260071	0	322	7119	322	0	7000	other	0
G002	336	Response	20	4263891	3820	0
G002	337	Picture	40	4267356	0	1	3482	1	0	3310	other	0
G002	337	Pulse	199	4268271	915	0
G002	338	Picture	50	4271003	0	1	70131	1	0	next	other	0
G002	338	Pulse	199	4280772	9768	0
G002	338	Pulse	199	4293271	22268	0
G002	338	Pulse	199	4305771	34768	0
G002	338	Pulse	199	4318271	47268	0
G002	338	Pulse	199	4330772	59768	0
G002	339	Picture	80	4341134	0	1	7129	1	0	7000	other	0
G002	339	Pulse	199	4343271	2137	0
G002	340	Picture	40	4348429	0	1	3813	1	0	3660	other	0
G002	341	Picture	80	4352408	0	1	7129	1	0	7000	other	0
G002	341	Pulse	199	4355772	3364	0
G002	342	Picture	40	4359703	0	1	2155	1	0	2130	other	0
G002	343	Picture	80	4362024	0	1	7129	1	0	7000	other	0
G002	343	Response	20	4365661	3638	0
G002	343	Pulse	199	4368271	6247	0
G002	344	Picture	40	4369319	0	1	3482	1	0	3310	other	0
G002	345	Picture	80	4372966	0	1	7129	1	0	7000	other	0
G002	345	Response	20	4375961	2995	0
G002	346	Picture	40	4380261	0	1	2818	1	0	2690	other	0
G002	346	Pulse	199	4380771	510	0
G002	347	Picture	85	4383245	0	1	7129	1	0	7000	hit	616
G002	347	Response	25	4386531	3286	0
G002	348	Picture	40	4390540	0	1	1824	1	0	1780	other	0
G002	349	Picture	80	4392530	0	1	7129	1	0	7000	other	0
G002	349	Pulse	199	4393271	742	0
G002	349	Response	20	4396151	3621	0
G002	350	Picture	40	4399825	0	1	2653	1	0	2490	other	0
G002	351	Picture	80	4402643	0	1	7129	1	0	7000	other	0
G002	351	Pulse	199	4405771	3128	0
G002	352	Picture	40	4409938	0	1	4476	1	0	4350	other	0
G002	353	Picture	80	4414580	0	1	7129	1	0	7000	other	0
G002	353	Pulse	199	4418271	3690	0
G002	354	Picture	40	4421875	0	1	2984	1	0	2860	other	0
G002	355	Picture	80	4425025	0	1	7129	1	0	7000	other	0
G002	355	Pulse	199	4430771	5746	0
G002	356	Picture	40	4432320	0	1	2155	1	0	2140	other	0
G002	357	Picture	80	4434486	0	322	7119	322	0	7000	other	0
G002	358	Picture	40	4441770	0	1	2155	1	0	1990	other	0
G002	358	Pulse	199	4443271	1501	0
G002	359	Picture	50	4444092	0	1	90192	1	0	next	other	0
G002	359	Pulse	199	4455771	11680	0
G002	359	Pulse	199	4468271	24180	0
G002	359	Pulse	199	4480771	36680	0
G002	359	Pulse	199	4493271	49180	0
G002	359	Pulse	199	4505771	61680	0
G002	359	Pulse	199	4518271	74179	0
G002	359	Pulse	199	4530771	86679	0
G002	360	Picture	90	4534283	0	1	7129	1	0	7000	other	0
G002	361	Picture	40	4541578	0	1	4476	1	0	4350	other	0
G002	361	Pulse	199	4543272	1693	0
G002	362	Picture	90	4546220	0	1	7129	1	0	7000	other	0
G002	362	Response	20	4550001	3781	0
G002	363	Picture	40	4553515	0	1	3813	1	0	3660	other	0
G002	363	Pulse	199	4555771	2256	0
G002	364	Picture	90	4557494	0	1	7129	1	0	7000	other	0
G002	365	Picture	40	4564789	0	1	2818	1	0	2690	other	0
G002	366	Picture	90	4567773	0	1	7129	1	0	7000	other	0
G002	366	Pulse	199	4568272	498	0
G002	367	Picture	40	4575068	0	1	2653	1	0	2490	other	0
G002	368	Picture	95	4577887	0	1	7129	1	0	7000	hit	656
G002	368	Pulse	199	4580771	2884	0
G002	368	Response	25	4581331	3444	0
G002	369	Picture	40	4585182	0	1	2155	1	0	1990	other	0
G002	370	Picture	90	4587503	0	1	7129	1	0	7000	other	0
G002	370	Response	20	4591081	3578	0
G002	370	Pulse	199	4593271	5768	0
G002	371	Picture	40	4594798	0	1	1824	1	0	1780	other	0
G002	372	Picture	95	4596787	0	1	7129	1	0	7000	hit	663
G002	372	Response	25	4602601	5814	0
G002	373	Picture	40	4604082	0	1	3482	1	0	3310	other	0
G002	373	Pulse	199	4605771	1689	0
G002	374	Picture	90	4607730	0	1	7129	1	0	7000	other	0
G002	375	Picture	40	4615025	0	1	2984	1	0	2860	other	0
G002	376	Picture	90	4618175	0	1	7129	1	0	7000	other	0
G002	376	Pulse	199	4618272	97	0
G002	377	Picture	40	4625470	0	1	2155	1	0	2140	other	0
G002	378	Picture	90	4627635	0	322	7119	322	0	7000	other	0
G002	378	Pulse	199	4630771	3136	0
G002	379	Picture	40	4634920	0	1	2155	1	0	2130	other	0
G002	380	Picture	50	4637241	0	1	30174	1	0	next	other	0
G002	380	Pulse	199	4643271	6030	0
G002	380	Pulse	199	4655771	18530	0
G002	381	Picture	60	4667415	0	1	7129	1	0	7000	other	0
G002	381	Pulse	199	4668271	856	0
G002	381	Response	20	4671460	4045	0
G002	382	Picture	40	4674710	0	1	2155	1	0	1990	other	0
G002	383	Picture	60	4677031	0	1	7129	1	0	7000	other	0
G002	383	Pulse	199	4680771	3740	0
G002	384	Picture	40	4684326	0	1	3482	1	0	3310	other	0
G002	385	Picture	60	4687974	0	1	7129	1	0	7000	other	0
G002	385	Pulse	199	4693271	5298	0
G002	386	Picture	40	4695269	0	1	2155	1	0	2130	other	0
G002	387	Picture	60	4697590	0	1	7129	1	0	7000	other	0
G002	388	Picture	40	4704885	0	1	1824	1	0	1780	other	0
G002	388	Pulse	199	4705772	887	0
G002	389	Picture	60	4706874	0	1	7129	1	0	7000	other	0
G002	389	Response	20	4710171	3297	0
G002	390	Picture	40	4714169	0	1	2984	1	0	2860	other	0
G002	391	Picture	60	4717319	0	1	7129	1	0	7000	other	0
G002	391	Pulse	199	4718271	952	0
G002	392	Picture	40	4724614	0	1	2155	1	0	2140	other	0
G002	393	Picture	60	4726935	0	1	7129	1	0	7000	other	0
G002	393	Pulse	199	4730771	3836	0
G002	394	Picture	40	4734230	0	1	3813	1	0	3660	other	0
G002	395	Picture	60	4738209	0	1	7129	1	0	7000	other	0
G002	395	Response	20	4742661	4452	0
G002	395	Pulse	199	4743271	5062	0
G002	396	Picture	40	4745504	0	1	4476	1	0	4350	other	0
G002	397	Picture	60	4750146	0	1	7129	1	0	7000	other	0
G002	397	Pulse	199	4755771	5624	0
G002	398	Picture	40	4757441	0	1	2818	1	0	2690	other	0
G002	399	Picture	60	4760425	0	1	7129	1	0	7000	other	0
G002	400	Picture	40	4767720	0	1	2653	1	0	2490	other	0
G002	400	Pulse	199	4768271	551	0
G002	401	Picture	50	4770539	0	1	50070	1	0	next	other	0
G002	401	Pulse	199	4780771	10232	0
G002	401	Pulse	199	4793271	22733	0
G002	401	Pulse	199	4805771	35232	0
G002	401	Pulse	199	4818272	47733	0
G002	402	Picture	70	4820608	0	1	7129	1	0	7000	other	0
G002	403	Picture	40	4827903	0	1	3482	1	0	3310	other	0
G002	403	Pulse	199	4830771	2868	0
G002	404	Picture	70	4831551	0	1	7129	1	0	7000	other	0
G002	404	Response	20	4835011	3460	0
G002	405	Picture	40	4838846	0	1	4476	1	0	4350	other	0
G002	405	Pulse	199	4843271	4426	0
G002	406	Picture	70	4843488	0	1	7129	1	0	7000	other	0
G002	407	Picture	40	4850783	0	1	2155	1	0	2140	other	0
G002	408	Picture	70	4852948	0	322	7119	322	0	7000	other	0
G002	408	Pulse	199	4855771	2823	0
G002	409	Picture	40	4860233	0	1	2155	1	0	2130	other	0
G002	410	Picture	70	4862554	0	1	7129	1	0	7000	other	0
G002	410	Response	20	4865881	3327	0
G002	410	Pulse	199	4868271	5717	0
G002	411	Picture	40	4869849	0	1	1824	1	0	1780	other	0
G002	412	Picture	75	4871838	0	1	7129	1	0	7000	hit	731
G002	412	Response	25	4875091	3253	0
G002	413	Picture	40	4879133	0	1	3813	1	0	3660	other	0
G002	413	Pulse	199	4880771	1637	0
G002	414	Picture	70	4883112	0	1	7129	1	0	7000	other	0
G002	415	Picture	40	4890407	0	1	2819	1	0	2690	other	0
G002	415	Pulse	199	4893271	2864	0
G002	416	Picture	70	4893392	0	1	7129	2	0	7000	other	0
G002	417	Picture	40	4900687	0	1	2653	1	0	2490	other	0
G002	418	Picture	70	4903505	0	1	7129	1	0	7000	other	0
G002	418	Pulse	199	4905771	2266	0
G002	419	Picture	40	4910800	0	1	2984	1	0	2860	other	0
G002	420	Picture	70	4913950	0	1	7129	1	0	7000	other	0
G002	420	Response	20	4917591	3641	0
G002	420	Pulse	199	4918271	4321	0
G002	421	Picture	40	4921245	0	1	2155	1	0	1990	other	0
G002	422	Picture	50	4923566	0	1	70131	1	0	next	other	0
G002	422	Pulse	199	4930771	7205	0
G002	422	Pulse	199	4943271	19705	0
G002	422	Pulse	199	4955771	32205	0
G002	422	Pulse	199	4968281	44715	0
G002	422	Pulse	199	4980780	57214	0
G002	422	Pulse	199	4993271	69705	0
G002	423	Picture	80	4993697	0	1	7129	1	0	7000	other	0
G002	424	Picture	40	5000991	0	1	3813	1	0	3660	other	0
G002	425	Picture	80	5004971	0	1	7129	1	0	7000	other	0
G002	425	Pulse	199	5005781	811	0
G002	425	Response	20	5008861	3890	0
G002	426	Picture	40	5012265	0	1	2818	1	0	2690	other	0
G002	427	Picture	85	5015250	0	1	7129	1	0	7000	hit	760
G002	427	Response	25	5018062	2812	0
G002	427	Pulse	199	5018281	3031	0
G002	428	Picture	40	5022545	0	1	3482	1	0	3310	other	0
G002	429	Picture	80	5026192	0	1	7129	1	0	7000	other	0
G002	429	Response	20	5029101	2909	0
G002	429	Pulse	199	5030781	4589	0
G002	430	Picture	40	5033487	0	1	4476	1	0	4350	other	0
G002	431	Picture	80	5038129	0	1	7129	1	0	7000	other	0
G002	431	Pulse	199	5043281	5152	0
G002	432	Picture	40	5045424	0	1	2653	1	0	2490	other	0
G002	433	Picture	80	5048243	0	1	7129	1	0	7000	other	0
G002	434	Picture	40	5055538	0	1	2155	1	0	2140	other	0
G002	434	Pulse	199	5055781	244	0
G002	435	Picture	80	5057703	0	322	7119	322	0	7000	other	0
G002	436	Picture	40	5064988	0	1	1824	1	0	1780	other	0
G002	437	Picture	80	5066977	0	1	7129	1	0	7000	other	0
G002	437	Pulse	199	5068281	1304	0
G002	438	Picture	40	5074272	0	1	2155	1	0	2130	other	0
G002	439	Picture	85	5076593	0	1	7129	1	0	7000	hit	779
G002	439	Response	25	5080511	3917	0
G002	439	Pulse	199	5080780	4187	0
G002	440	Picture	40	5083888	0	1	2155	2	0	1990	other	0
G002	441	Picture	80	5086209	0	1	7129	1	0	7000	other	0
G002	441	Response	20	5089181	2972	0
G002	441	Pulse	199	5093280	7071	0
G002	442	Picture	40	5093504	0	1	2984	1	0	2860	other	0
G002	443	Picture	50	5096654	0	1	70131	1	0	next	other	0
G002	443	Pulse	199	5105781	9127	0
G002	443	Pulse	199	5118281	21626	0
G002	443	Pulse	199	5130781	34127	0
G002	443	Pulse	199	5143281	46626	0
G002	443	Pulse	199	5155781	59127	0
G002	444	Picture	90	5166785	0	1	7129	1	0	7000	other	0
G002	444	Pulse	199	5168281	1496	0
G002	445	Picture	40	5174080	0	1	2653	1	0	2490	other	0
G002	446	Picture	90	5176898	0	1	7129	1	0	7000	other	0
G002	446	Pulse	199	5180781	3882	0
G002	447	Picture	40	5184193	0	1	4476	1	0	4350	other	0
G002	448	Picture	90	5188835	0	1	7129	1	0	7000	other	0
G002	448	Response	20	5192611	3775	0
G002	448	Pulse	199	5193280	4445	0
G002	449	Picture	40	5196130	0	1	3813	1	0	3660	other	0
G002	450	Picture	90	5200109	0	1	7129	1	0	7000	other	0
G002	450	Pulse	199	5205781	5671	0
G002	451	Picture	40	5207404	0	1	2984	1	0	2860	other	0
G002	452	Picture	90	5210554	0	1	7129	1	0	7000	other	0
G002	453	Picture	40	5217849	0	1	3482	1	0	3310	other	0
G002	453	Pulse	199	5218281	432	0
G002	454	Picture	90	5221497	0	1	7129	1	0	7000	other	0
G002	455	Picture	40	5228792	0	1	2155	1	0	2130	other	0
G002	455	Pulse	199	5230781	1990	0
G002	456	Picture	90	5231113	0	1	7129	1	0	7000	other	0
G002	457	Picture	40	5238408	0	1	2155	1	0	1990	other	0
G002	458	Picture	90	5240729	0	1	7129	1	0	7000	other	0
G002	458	Pulse	199	5243281	2552	0
G002	458	Response	20	5244641	3912	0
G002	459	Picture	40	5248024	0	1	2155	1	0	2140	other	0
G002	460	Picture	90	5250189	0	322	7119	322	0	7000	other	0
G002	460	Response	20	5253851	3662	0
G002	460	Pulse	199	5255781	5592	0
G002	461	Picture	40	5257474	0	1	2819	1	0	2690	other	0
G002	462	Picture	90	5260458	0	1	7129	1	0	7000	other	0
G002	462	Response	20	5264351	3893	0
G002	463	Picture	40	5267753	0	1	1824	1	0	1780	other	0
G002	463	Pulse	199	5268281	528	0
G002	464	Picture	50	5269743	0	1	50070	1	0	next	other	0
G002	464	Pulse	199	5280781	11039	0
G002	464	Pulse	199	5293280	23538	0
G002	464	Pulse	199	5305781	36038	0
G002	464	Pulse	199	5318280	48538	0
G002	465	Picture	60	5319812	0	1	7129	1	0	7000	other	0
G002	466	Picture	40	5327107	0	1	3813	1	0	3660	other	0
G002	466	Pulse	199	5330767	3660	14
G002	467	Picture	60	5331086	0	1	7129	1	0	7000	other	0
G002	468	Picture	40	5338381	0	1	2653	1	0	2490	other	0
G002	469	Picture	60	5341200	0	1	7129	1	0	7000	other	0
G002	469	Pulse	199	5343281	2082	0
G002	470	Picture	40	5348494	0	1	3482	1	0	3310	other	0
G002	471	Picture	60	5352142	0	1	7129	1	0	7000	other	0
G002	471	Pulse	199	5355781	3639	0
G002	472	Picture	40	5359437	0	1	2984	1	0	2860	other	0
G002	473	Picture	65	5362587	0	1	7129	1	0	7000	hit	842
G002	473	Response	25	5365771	3184	0
G002	473	Pulse	199	5368281	5694	0
G002	474	Picture	40	5369882	0	1	2155	1	0	2140	other	0
G002	475	Picture	60	5372203	0	1	7129	1	0	7000	other	0
G002	475	Response	20	5375330	3127	0
G002	476	Picture	40	5379498	0	1	1824	1	0	1780	other	0
G002	476	Pulse	199	5380781	1283	0
G002	477	Picture	60	5381487	0	1	7129	1	0	7000	other	0
G002	478	Picture	40	5388782	0	1	4476	1	0	4350	other	0
G002	478	Pulse	199	5393281	4499	0
G002	479	Picture	60	5393424	0	1	7129	1	0	7000	other	0
G002	479	Response	20	5396731	3306	0
G002	480	Picture	40	5400719	0	1	2155	1	0	2130	other	0
G002	481	Picture	60	5403040	0	1	7129	1	0	7000	other	0
G002	481	Pulse	199	5405781	2740	0
G002	482	Picture	40	5410335	0	1	2818	1	0	2690	other	0
G002	483	Picture	60	5413320	0	1	7129	1	0	7000	other	0
G002	483	Pulse	199	5418280	4961	0
G002	484	Picture	40	5420615	0	1	2155	1	0	1990	other	0
G002	485	Picture	50	5422936	0	1	90192	1	0	next	other	0
G002	485	Pulse	199	5430780	7845	0
G002	485	Pulse	199	5443281	20345	0
G002	485	Pulse	199	5455781	32845	0
G002	485	Pulse	199	5468281	45345	0
G002	485	Pulse	199	5480780	57845	0
G002	485	Pulse	199	5493281	70345	0
G002	485	Pulse	199	5505781	82845	0
G002	486	Picture	70	5513127	0	1	7129	1	0	7000	other	0
G002	486	Response	20	5516871	3744	0
G002	486	Pulse	199	5518281	5153	0
G002	487	Picture	40	5520422	0	1	1824	1	0	1780	other	0
G002	488	Picture	70	5522412	0	1	7129	1	0	7000	other	0
G002	488	Response	20	5525771	3359	0
G002	489	Picture	40	5529707	0	1	2819	1	0	2690	other	0
G002	489	Pulse	199	5530780	1074	0
G002	490	Picture	70	5532691	0	1	7129	1	0	7000	other	0
G002	491	Picture	40	5539986	0	1	2653	1	0	2490	other	0
G002	492	Picture	70	5542804	0	1	7129	1	0	7000	other	0
G002	492	Pulse	199	5543280	476	0
G002	493	Picture	40	5550099	0	1	4476	1	0	4350	other	0
G002	494	Picture	70	5554741	0	1	7129	1	0	7000	other	0
G002	494	Pulse	199	5555781	1039	0
G002	495	Picture	40	5562036	0	1	2155	1	0	1990	other	0
G002	496	Picture	70	5564357	0	1	7129	1	0	7000	other	0
G002	496	Pulse	199	5568281	3923	0
G002	497	Picture	40	5571652	0	1	2155	1	0	2140	other	0
G002	498	Picture	75	5573818	0	322	7119	322	0	7000	hit	889
G002	498	Response	25	5577641	3823	0
G002	498	Pulse	199	5580781	6963	0
G002	499	Picture	40	5581103	0	1	2155	1	0	2130	other	0
G002	500	Picture	70	5583424	0	1	7129	1	0	7000	other	0
G002	500	Response	20	5587010	3587	0
G002	501	Picture	40	5590719	0	1	3482	1	0	3310	other	0
G002	501	Pulse	199	5593281	2562	0
G002	502	Picture	70	5594366	0	1	7129	1	0	7000	other	0
G002	502	Response	20	5597791	3425	0
G002	503	Picture	40	5601661	0	1	3813	1	0	3660	other	0
G002	504	Picture	70	5605640	0	1	7129	1	0	7000	other	0
G002	504	Pulse	199	5605780	140	0
G002	505	Picture	40	5612935	0	1	2984	1	0	2860	other	0
G002	506	Picture	50	5616085	0	1	30174	1	0	next	other	0
G002	506	Pulse	199	5618281	2196	0
G002	506	Pulse	199	5630780	14695	0
G002	506	Pulse	199	5643280	27195	0
G002	507	Picture	80	5646259	0	1	7129	1	0	7000	other	0
G002	507	Response	20	5650831	4572	0
G002	508	Picture	40	5653554	0	1	2155	1	0	2140	other	0
G002	509	Picture	80	5655720	0	322	7119	322	0	7000	other	0
G002	509	Pulse	199	5655720	0	61
G002	509	Response	20	5659361	3641	0
G002	510	Picture	40	5663004	0	1	2155	1	0	2130	other	0
G002	511	Picture	80	5665170	0	322	7119	322	0	7000	other	0
G002	511	Pulse	199	5668281	3111	0
G002	512	Picture	40	5672455	0	1	2653	1	0	2490	other	0
G002	513	Picture	80	5675273	0	1	7129	1	0	7000	other	0
G002	513	Response	20	5678651	3378	0
G002	513	Pulse	199	5680781	5507	0
G002	514	Picture	40	5682568	0	1	1824	1	0	1780	other	0
G002	515	Picture	80	5684558	0	1	7129	1	0	7000	other	0
G002	515	Response	20	5687491	2933	0
G002	516	Picture	40	5691853	0	1	3482	1	0	3310	other	0
G002	516	Pulse	199	5693281	1428	0
G002	517	Picture	80	5695500	0	1	7129	1	0	7000	other	0
G002	518	Picture	40	5702795	0	1	3813	1	0	3660	other	0
G002	518	Pulse	199	5705781	2986	0
G002	519	Picture	80	5706774	0	1	7129	1	0	7000	other	0
G002	520	Picture	40	5714069	0	1	2818	1	0	2690	other	0
G002	521	Picture	80	5717053	0	1	7129	1	0	7000	other	0
G002	521	Pulse	199	5718281	1228	0
G002	522	Picture	40	5724348	0	1	2155	1	0	1990	other	0
G002	523	Picture	80	5726669	0	1	7129	1	0	7000	other	0
G002	523	Pulse	199	5730781	4112	0
G002	524	Picture	40	5733964	0	1	4476	1	0	4350	other	0
G002	525	Picture	80	5738606	0	1	7129	1	0	7000	other	0
G002	525	Response	20	5742100	3494	0
G002	525	Pulse	199	5743280	4674	0
G002	526	Picture	40	5745901	0	1	2984	1	0	2860	other	0
G002	527	Picture	50	5749051	0	1	50070	1	0	next	other	0
G002	527	Pulse	199	5755781	6729	0
G002	527	Pulse	199	5768280	19229	0
G002	527	Pulse	199	5780781	31730	0
G002	527	Pulse	199	5793281	44230	0
G002	528	Picture	90	5799121	0	1	7129	1	0	7000	other	0
G002	528	Pulse	199	5805781	6660	0
G002	529	Picture	40	5806416	0	1	2984	1	0	2860	other	0
G002	530	Picture	90	5809566	0	1	7129	1	0	7000	other	0
G002	530	Response	20	5813080	3515	0
G002	531	Picture	40	5816861	0	1	4476	1	0	4350	other	0
G002	531	Pulse	199	5818280	1420	0
G002	532	Picture	90	5821503	0	1	7129	1	0	7000	other	0
G002	533	Picture	40	5828798	0	1	3813	1	0	3660	other	0
G002	533	Pulse	199	5830781	1983	0
G002	534	Picture	90	5832777	0	1	7129	1	0	7000	other	0
G002	535	Picture	40	5840072	0	1	3482	1	0	3310	other	0
G002	535	Pulse	199	5843281	3209	0
G002	536	Picture	95	5843719	0	1	7129	1	0	7000	hit	958
G002	536	Response	25	5847781	4061	0
G002	537	Picture	40	5851014	0	1	2653	1	0	2490	other	0
G002	538	Picture	90	5853833	0	1	7129	1	0	7000	other	0
G002	538	Pulse	199	5855781	1948	0
G002	539	Picture	40	5861128	0	1	2819	1	0	2690	other	0
G002	540	Picture	90	5864112	0	1	7129	1	0	7000	other	0
G002	540	Response	20	5867880	3768	0
G002	540	Pulse	199	5868280	4168	0
G002	541	Picture	40	5871407	0	1	1824	1	0	1780	other	0
G002	542	Picture	90	5873396	0	1	7129	1	0	7000	other	0
G002	543	Picture	40	5880691	0	1	2155	1	0	2140	other	0
G002	543	Pulse	199	5880780	89	0
G002	544	Picture	90	5882857	0	322	7119	322	0	7000	other	0
G002	544	Response	20	5886991	4134	0
G002	545	Picture	40	5890141	0	1	2155	1	0	1990	other	0
G002	546	Picture	90	5892462	0	1	7129	1	0	7000	other	0
G002	546	Pulse	199	5893281	818	0
G002	547	Picture	40	5899757	0	1	2155	1	0	2130	other	0
G002	548	Picture	50	5902079	0	1	70131	1	0	next	other	0
G002	548	Pulse	199	5905781	3702	0
G002	548	Pulse	199	5918281	16202	0
G002	548	Pulse	199	5930780	28702	0
G002	548	Pulse	199	5943281	41202	0
G002	548	Pulse	199	5955781	53702	0
G002	548	Pulse	199	5968281	66202	0
G002	549	Picture	60	5972209	0	1	7129	1	0	7000	other	0
G002	549	Response	20	5976161	3952	0
G002	550	Picture	40	5979504	0	1	1824	1	0	1780	other	0
G002	550	Pulse	199	5980780	1276	0
G002	551	Picture	60	5981494	0	1	7129	1	0	7000	other	0
G002	552	Picture	40	5988788	0	1	2818	1	0	2690	other	0
G002	553	Picture	60	5991773	0	1	7129	1	0	7000	other	0
G002	553	Pulse	199	5993280	1507	0
G002	553	Response	20	5995220	3447	0
G002	554	Picture	40	5999068	0	1	4476	1	0	4350	other	0
G002	555	Picture	60	6003710	0	1	7129	1	0	7000	other	0
G002	555	Pulse	199	6005781	2071	0
G002	556	Picture	40	6011005	0	1	2653	1	0	2490	other	0
G002	557	Picture	60	6013823	0	1	7129	1	0	7000	other	0
G002	557	Pulse	199	6018281	4458	0
G002	558	Picture	40	6021118	0	1	3482	1	0	3310	other	0
G002	559	Picture	60	6024766	0	1	7129	1	0	7000	other	0
G002	559	Response	20	6028561	3795	0
G002	559	Pulse	199	6030780	6015	0
G002	560	Picture	40	6032061	0	1	2155	1	0	2140	other	0
G002	561	Picture	65	6034226	0	322	7119	322	0	7000	hit	1004
G002	561	Response	25	6038060	3834	0
G002	562	Picture	40	6041511	0	1	2155	1	0	1990	other	0
G002	562	Pulse	199	6043280	1770	0
G002	563	Picture	60	6043832	0	1	7129	1	0	7000	other	0
G002	564	Picture	40	6051127	0	1	3813	1	0	3660	other	0
G002	565	Picture	60	6055106	0	1	7129	1	0	7000	other	0
G002	565	Pulse	199	6055781	675	0
G002	566	Picture	40	6062401	0	1	2155	1	0	2130	other	0
G002	567	Picture	60	6064722	0	1	7129	1	0	7000	other	0
G002	567	Pulse	199	6068280	3559	0
G002	568	Picture	40	6072017	0	1	2984	1	0	2860	other	0
G002	569	Picture	50	6075167	0	1	30174	1	0	next	other	0
G002	569	Pulse	199	6080781	5614	0
G002	569	Pulse	199	6093280	18113	0
G002	570	Picture	70	6105341	0	1	7129	1	0	7000	other	0
G002	570	Pulse	199	6105780	439	0
G002	570	Response	20	6109601	4259	0
G002	571	Picture	40	6112636	0	1	2818	1	0	2690	other	0
G002	572	Picture	70	6115620	0	1	7129	1	0	7000	other	0
G002	572	Pulse	199	6118281	2660	0
G002	572	Response	20	6118701	3080	0
G002	573	Picture	40	6122915	0	1	2984	1	0	2860	other	0
G002	574	Picture	70	6126065	0	1	7129	1	0	7000	other	0
G002	574	Pulse	199	6130781	4715	0
G002	575	Picture	40	6133360	0	1	2155	1	0	2140	other	0
G002	576	Picture	70	6135526	0	322	7119	322	0	7000	other	0
G002	576	Response	20	6139221	3695	0
G002	577	Picture	40	6142811	0	1	2653	1	0	2490	other	0
G002	577	Pulse	199	6143280	470	0
G002	578	Picture	70	6145629	0	1	7129	1	0	7000	other	0
G002	579	Picture	40	6152924	0	1	2155	1	0	1990	other	0
G002	580	Picture	70	6155245	0	1	7129	1	0	7000	other	0
G002	580	Pulse	199	6155781	536	0
G002	581	Picture	40	6162540	0	1	1824	1	0	1780	other	0
G002	582	Picture	75	6164529	0	1	7129	1	0	7000	hit	1039
G002	582	Response	25	6167911	3381	0
G002	582	Pulse	199	6168281	3751	0
G002	583	Picture	40	6171824	0	1	3813	1	0	3660	other	0
G002	584	Picture	70	6175803	0	1	7129	1	0	7000	other	0
G002	584	Pulse	199	6180781	4978	0
G002	585	Picture	40	6183098	0	1	3482	1	0	3310	other	0
G002	586	Picture	75	6186746	0	1	7129	1	0	7000	hit	1046
G002	586	Response	25	6190660	3915	0
G002	586	Pulse	199	6193280	6534	0
G002	587	Picture	40	6194041	0	1	2155	1	0	2130	other	0
G002	588	Picture	70	6196362	0	1	7129	1	0	7000	other	0
G002	589	Picture	40	6203657	0	1	4477	1	0	4350	other	0
G002	589	Pulse	199	6205781	2124	0
G002	590	Picture	50	6208299	0	1	90192	1	0	next	other	0
G002	590	Pulse	199	6218280	9981	0
G002	590	Pulse	199	6230781	22482	0
G002	590	Pulse	199	6243281	34982	0
G002	590	Pulse	199	6255781	47482	0
G002	590	Pulse	199	6268281	59982	0
G002	590	Pulse	199	6280781	72482	0
G002	590	Pulse	199	6293281	84982	0
G002	591	Picture	80	6298490	0	1	7129	1	0	7000	other	0
G002	591	Pulse	199	6305781	7290	0
G002	592	Picture	40	6305785	0	1	3482	2	0	3310	other	0
G002	593	Picture	80	6309433	0	1	7129	1	0	7000	other	0
G002	594	Picture	40	6316728	0	1	2155	1	0	2130	other	0
G002	594	Pulse	199	6318280	1553	0
G002	595	Picture	80	6319049	0	1	7129	1	0	7000	other	0
G002	595	Response	20	6322651	3602	0
G002	596	Picture	40	6326344	0	1	2155	1	0	1990	other	0
G002	597	Picture	80	6328665	0	1	7129	1	0	7000	other	0
G002	597	Pulse	199	6330780	2115	0
G002	598	Picture	40	6335960	0	1	4476	1	0	4350	other	0
G002	599	Picture	80	6340602	0	1	7129	1	0	7000	other	0
G002	599	Pulse	199	6343281	2679	0
G002	599	Response	20	6344810	4208	0
G002	600	Picture	40	6347897	0	1	2155	1	0	2140	other	0
G002	601	Picture	80	6350062	0	322	7119	322	0	7000	other	0
G002	601	Response	20	6354091	4029	0
G002	601	Pulse	199	6355781	5719	0
G002	602	Picture	40	6357347	0	1	1824	1	0	1780	other	0
G002	603	Picture	80	6359336	0	1	7129	1	0	7000	other	0
G002	604	Picture	40	6366632	0	1	2984	1	0	2860	other	0
G002	604	Pulse	199	6368281	1649	0
G002	605	Picture	80	6369782	0	1	7129	1	0	7000	other	0
G002	605	Response	20	6373280	3498	0
G002	606	Picture	40	6377077	0	1	2818	1	0	2690	other	0
G002	607	Picture	80	6380061	0	1	7129	1	0	7000	other	0
G002	607	Pulse	199	6380781	720	0
G002	608	Picture	40	6387356	0	1	3813	1	0	3660	other	0
G002	609	Picture	85	6391335	0	1	7129	1	0	7000	hit	1091
G002	609	Pulse	199	6393281	1946	0
G002	609	Response	25	6395181	3846	0
G002	610	Picture	40	6398630	0	1	2653	1	0	2490	other	0
G002	611	Picture	50	6401448	0	1	30174	1	0	next	other	0
G002	611	Pulse	199	6405781	4333	0
G002	611	Pulse	199	6418281	16832	0
G002	611	Pulse	199	6430780	29332	0
G002	612	Picture	90	6431623	0	1	7129	1	0	7000	other	0
G002	612	Response	20	6435051	3428	0
G002	613	Picture	40	6438917	0	1	2653	1	0	2490	other	0
G002	614	Picture	90	6441736	0	1	7129	1	0	7000	other	0
G002	614	Pulse	199	6443280	1545	0
G002	615	Picture	40	6449031	0	1	2155	1	0	2130	other	0
G002	616	Picture	95	6451352	0	1	7129	1	0	7000	hit	1104
G002	616	Response	25	6454550	3198	0
G002	616	Pulse	199	6455780	4429	0
G002	617	Picture	40	6458647	0	1	4476	1	0	4350	other	0
G002	618	Picture	90	6463289	0	1	7129	1	0	7000	other	0
G002	618	Response	20	6466681	3392	0
G002	618	Pulse	199	6468281	4992	0
G002	619	Picture	40	6470584	0	1	3482	1	0	3310	other	0
G002	620	Picture	90	6474231	0	1	7129	1	0	7000	other	0
G002	620	Response	20	6477681	3449	0
G002	620	Pulse	199	6480781	6549	0
G002	621	Picture	40	6481526	0	1	2984	1	0	2860	other	0
G002	622	Picture	90	6484676	0	1	7129	1	0	7000	other	0
G002	623	Picture	40	6491971	0	1	3813	1	0	3660	other	0
G002	623	Pulse	199	6493281	1309	0
G002	624	Picture	90	6495950	0	1	7129	1	0	7000	other	0
G002	624	Response	20	6499660	3710	0
G002	625	Picture	40	6503245	0	1	2155	1	0	2140	other	0
G002	626	Picture	90	6505411	0	322	7119	322	0	7000	other	0
G002	626	Pulse	199	6505781	370	0
G002	627	Picture	40	6512695	0	1	1824	1	0	1780	other	0
G002	628	Picture	90	6514685	0	1	7129	1	0	7000	other	0
G002	628	Pulse	199	6518281	3596	0
G002	629	Picture	40	6521980	0	1	2155	1	0	1990	other	0
G002	630	Picture	90	6524301	0	1	7129	1	0	7000	other	0
G002	630	Pulse	199	6530780	6479	0
G002	631	Picture	40	6531596	0	1	2818	1	0	2690	other	0
G002	632	Picture	50	6534580	0	1	90192	1	0	next	other	0
G002	632	Pulse	199	6543280	8700	0
G002	632	Pulse	199	6555780	21200	0
G002	632	Pulse	199	6568281	33700	0
G002	632	Pulse	199	6580780	46200	0
G002	632	Pulse	199	6593281	58701	0
G002	632	Pulse	199	6605780	71200	0
G002	632	Pulse	199	6618281	83700	0
G002	633	Picture	60	6624772	0	1	7129	1	0	7000	other	0
G002	633	Pulse	199	6630781	6009	0
G002	634	Picture	40	6632067	0	1	2155	1	0	2130	other	0
G002	635	Picture	60	6634388	0	1	7129	1	0	7000	other	0
G002	635	Response	20	6637871	3483	0
G002	636	Picture	40	6641683	0	1	2819	1	0	2690	other	0
G002	636	Pulse	199	6643280	1597	0
G002	637	Picture	65	6644667	0	1	7129	1	0	7000	hit	1146
G002	637	Response	25	6648171	3504	0
G002	638	Picture	40	6651962	0	1	1824	1	0	1780	other	0
G002	639	Picture	60	6653951	0	1	7129	1	0	7000	other	0
G002	639	Pulse	199	6655781	1830	0
G002	640	Picture	40	6661246	0	1	2155	1	0	2140	other	0
G002	641	Picture	65	6663567	0	1	7129	1	0	7000	hit	1152
G002	641	Response	25	6667811	4243	0
G002	641	Pulse	199	6668280	4712	0
G002	642	Picture	40	6670862	0	1	4476	1	0	4350	other	0
G002	643	Picture	60	6675504	0	1	7129	1	0	7000	other	0
G002	643	Pulse	199	6680781	5276	0
G002	644	Picture	40	6682800	0	1	3813	1	0	3660	other	0
G002	645	Picture	60	6686779	0	1	7129	1	0	7000	other	0
G002	645	Pulse	199	6693281	6502	0
G002	646	Picture	40	6694073	0	1	3482	1	0	3310	other	0
G002	647	Picture	60	6697721	0	1	7129	1	0	7000	other	0
G002	648	Picture	40	6705016	0	1	2653	1	0	2490	other	0
G002	648	Pulse	199	6705781	765	0
G002	649	Picture	60	6707834	0	1	7129	1	0	7000	other	0
G002	649	Response	20	6711820	3986	0
G002	650	Picture	40	6715129	0	1	2155	1	0	1990	other	0
G002	651	Picture	60	6717450	0	1	7129	1	0	7000	other	0
G002	651	Pulse	199	6718281	830	0
G002	652	Picture	40	6724745	0	1	2984	1	0	2860	other	0
G002	653	Picture	50	6727895	0	1	70131	1	0	next	other	0
G002	653	Pulse	199	6730781	2885	0
G002	653	Pulse	199	6743291	15395	0
G002	653	Pulse	199	6755780	27885	0
G002	653	Pulse	199	6768290	40395	0
G002	653	Pulse	199	6780780	52884	0
G002	653	Pulse	199	6793290	65395	0
G002	654	Picture	70	6798026	0	1	7129	1	0	7000	other	0
G002	655	Picture	40	6805321	0	1	2155	1	0	1990	other	0
G002	655	Pulse	199	6805791	470	0
G002	656	Picture	70	6807642	0	1	7129	1	0	7000	other	0
G002	656	Response	20	6811170	3528	0
G002	657	Picture	40	6814937	0	1	2818	1	0	2690	other	0
G002	658	Picture	70	6817921	0	1	7129	1	0	7000	other	0
G002	658	Pulse	199	6818290	369	0
G002	659	Picture	40	6825216	0	1	4476	1	0	4350	other	0
G002	660	Picture	70	6829858	0	1	7129	1	0	7000	other	0
G002	660	Pulse	199	6830790	932	0
G002	660	Response	20	6832760	2902	0
G002	661	Picture	40	6837153	0	1	1824	1	0	1780	other	0
G002	662	Picture	70	6839143	0	1	7129	1	0	7000	other	0
G002	662	Response	20	6842380	3238	0
G002	662	Pulse	199	6843290	4147	0
G002	663	Picture	40	6846438	0	1	2155	1	0	2140	other	0
G002	664	Picture	70	6848603	0	322	7119	323	0	7000	other	0
G002	664	Response	20	6851970	3367	0
G002	664	Pulse	199	6855790	7187	0
G002	665	Picture	40	6855888	0	1	2653	1	0	2490	other	0
G002	666	Picture	70	6858706	0	1	7129	1	0	7000	other	0
G002	666	Response	20	6861890	3184	0
G002	667	Picture	40	6866001	0	1	2984	1	0	2860	other	0
G002	667	Pulse	199	6868290	2288	0
G002	668	Picture	70	6869151	0	1	7129	1	0	7000	other	0
G002	669	Picture	40	6876446	0	1	3482	1	0	3310	other	0
G002	670	Picture	70	6880094	0	1	7129	1	0	7000	other	0
G002	670	Pulse	199	6880790	696	0
G002	671	Picture	40	6887388	0	1	2155	1	0	2130	other	0
G002	672	Picture	70	6889710	0	1	7129	1	0	7000	other	0
G002	672	Pulse	199	6893290	3581	0
G002	673	Picture	40	6897005	0	1	3813	1	0	3660	other	0
G002	674	Picture	50	6900984	0	1	50070	1	0	next	other	0
G002	674	Pulse	199	6905790	4807	0
G002	674	Pulse	199	6918290	17307	0
G002	674	Pulse	199	6930790	29806	0
G002	674	Pulse	199	6943290	42306	0
G002	675	Picture	200	6951053	69	1	80078	1	0	80000	other	0
G002	675	Pulse	199	6955790	4807	0
G002	675	Pulse	199	6968290	17306	0
G002	675	Pulse	199	6980789	29806	0
G002	675	Pulse	199	6993290	42306	0
G002	675	Pulse	199	7005791	54807	0
G002	675	Pulse	199	7018290	67307	0
G002	675	Pulse	199	7030790	79807	0
G002	676	Pulse	199	7043290	11993	0
G002	676	Pulse	199	7055790	24493	0
G002	676	Pulse	199	7068290	36993	0
G002	676	Pulse	199	7080790	49493	0
G002	676	Pulse	199	7093289	61992	0
G002	676	Pulse	199	7105790	74493	0
G002	676	Pulse	199	7118289	86992	0
G002	676	Pulse	199	7130790	99493	0
G002	676	Pulse	199	7143290	111993	0
G002	676	Pulse	199	7155790	124493	0
G002	676	Pulse	199	7168290	136993	0
