Scenario - 
Logfile written - 03/27/2021 11:29:47

Subject	Trial	Event Type	Code	Time	TTime	Uncertainty	Duration	Uncertainty	ReqTime	ReqDur	Stim Type	Pair Index

GPL002	1	Response	20	126189	126024	0
GPL002	2	Picture	start	126335	0	1	537616	220	0	next	other	0
GPL002	2	Response	20	153869	27535	0
GPL002	3	Pulse	199	663950	510080	0
GPL002	3	Picture	100	663950	510081	220	50123	220	0	50000	other	0
GPL002	4	Picture	70	714239	0	1	7129	1	0	7000	other	0
GPL002	5	Picture	40	721534	0	1	2155	1	0	2130	other	0
GPL002	6	Picture	70	723855	0	1	7129	1	0	7000	other	0
GPL002	7	Picture	40	731150	0	1	2653	1	0	2490	other	0
GPL002	8	Picture	70	733969	0	1	7129	1	0	7000	other	0
GPL002	9	Picture	40	741264	0	1	4476	1	0	4350	other	0
GPL002	10	Picture	70	745906	0	1	7129	1	0	7000	other	0
GPL002	11	Picture	40	753201	0	1	3482	1	0	3310	other	0
GPL002	12	Picture	70	756848	0	1	7129	1	0	7000	other	0
GPL002	13	Picture	40	764143	0	1	1824	1	0	1780	other	0
GPL002	14	Picture	70	766133	0	1	7129	1	0	7000	other	0
GPL002	15	Picture	40	773428	0	1	2818	1	0	2690	other	0
GPL002	16	Picture	70	776412	0	1	7129	1	0	7000	other	0
GPL002	17	Picture	40	783707	0	1	2155	1	0	2140	other	0
GPL002	18	Picture	70	786028	0	1	7129	1	0	7000	other	0
GPL002	19	Picture	40	793323	0	1	2155	1	0	1990	other	0
GPL002	20	Picture	70	795644	0	1	7129	1	0	7000	other	0
GPL002	21	Picture	40	802939	0	1	2984	1	0	2860	other	0
GPL002	22	Picture	70	806089	0	1	7129	1	0	7000	other	0
GPL002	23	Picture	40	813384	0	1	3813	1	0	3660	other	0
GPL002	24	Picture	50	817363	0	1	30174	1	0	next	other	0
GPL002	25	Picture	60	847537	0	1	7129	1	0	7000	other	0
GPL002	26	Picture	40	854832	0	1	1824	1	0	1780	other	0
GPL002	27	Picture	60	856822	0	1	7129	1	0	7000	other	0
GPL002	28	Picture	40	864117	0	1	3482	1	0	3310	other	0
GPL002	29	Picture	60	867764	0	1	7129	1	0	7000	other	0
GPL002	30	Picture	40	875059	0	1	2155	1	0	1990	other	0
GPL002	31	Picture	60	877380	0	1	7129	1	0	7000	other	0
GPL002	32	Picture	40	884675	0	1	2984	1	0	2860	other	0
GPL002	33	Picture	60	887825	0	1	7129	1	0	7000	other	0
GPL002	34	Picture	40	895120	0	1	2653	1	0	2490	other	0
GPL002	35	Picture	60	897939	0	1	7129	1	0	7000	other	0
GPL002	36	Picture	40	905233	0	1	3813	1	0	3660	other	0
GPL002	37	Picture	65	909213	0	1	7129	1	0	7000	miss	0
GPL002	38	Picture	40	916508	0	1	4476	1	0	4350	other	0
GPL002	39	Picture	60	921150	0	1	7129	1	0	7000	other	0
GPL002	40	Picture	40	928445	0	1	2155	1	0	2130	other	0
GPL002	41	Picture	60	930766	0	1	7129	1	0	7000	other	0
GPL002	42	Picture	40	938061	0	1	2818	1	0	2690	other	0
GPL002	43	Picture	60	941045	0	1	7129	1	0	7000	other	0
GPL002	44	Picture	40	948340	0	1	2155	1	0	2140	other	0
GPL002	45	Picture	50	950661	0	1	50235	1	0	next	other	0
GPL002	46	Picture	90	1000897	0	1	7129	1	0	7000	other	0
GPL002	47	Picture	40	1008191	0	1	2155	1	0	2130	other	0
GPL002	48	Picture	90	1010513	0	1	7129	1	0	7000	other	0
GPL002	49	Picture	40	1017807	0	1	4476	1	0	4350	other	0
GPL002	50	Picture	90	1022450	0	1	7129	1	0	7000	other	0
GPL002	51	Picture	40	1029745	0	1	3813	1	0	3660	other	0
GPL002	52	Picture	90	1033724	0	1	7129	1	0	7000	other	0
GPL002	53	Picture	40	1041019	0	1	2155	1	0	1990	other	0
GPL002	54	Picture	90	1043340	0	1	7129	2	0	7000	other	0
GPL002	55	Picture	40	1050635	0	1	2653	1	0	2490	other	0
GPL002	56	Picture	90	1053453	0	1	7129	1	0	7000	other	0
GPL002	57	Picture	40	1060748	0	1	2984	1	0	2860	other	0
GPL002	58	Picture	90	1063898	0	1	7129	1	0	7000	other	0
GPL002	59	Picture	40	1071193	0	1	3482	1	0	3310	other	0
GPL002	60	Picture	90	1074840	0	1	7129	1	0	7000	other	0
GPL002	61	Picture	40	1082135	0	1	2818	1	0	2690	other	0
GPL002	62	Picture	95	1085120	0	1	7129	1	0	7000	miss	0
GPL002	63	Picture	40	1092415	0	1	2155	1	0	2140	other	0
GPL002	64	Picture	90	1094736	0	1	7129	1	0	7000	other	0
GPL002	65	Picture	40	1102031	0	1	1824	1	0	1780	other	0
GPL002	66	Picture	50	1104020	0	1	70296	1	0	next	other	0
GPL002	67	Picture	80	1174317	0	1	7129	1	0	7000	other	0
GPL002	68	Picture	40	1181612	0	1	2155	1	0	2130	other	0
GPL002	69	Picture	80	1183933	0	1	7129	1	0	7000	other	0
GPL002	70	Picture	40	1191228	0	1	3482	1	0	3310	other	0
GPL002	71	Picture	85	1194875	0	1	7129	1	0	7000	miss	0
GPL002	72	Picture	40	1202170	0	1	2653	1	0	2490	other	0
GPL002	73	Picture	80	1204989	0	1	7129	1	0	7000	other	0
GPL002	74	Picture	40	1212283	0	1	2155	1	0	1990	other	0
GPL002	75	Picture	80	1214605	0	1	7129	1	0	7000	other	0
GPL002	76	Picture	40	1221899	0	1	2819	1	0	2690	other	0
GPL002	77	Picture	80	1224884	0	1	7129	1	0	7000	other	0
GPL002	78	Picture	40	1232179	0	1	3813	1	0	3660	other	0
GPL002	79	Picture	80	1236158	0	1	7129	1	0	7000	other	0
GPL002	80	Picture	40	1243453	0	1	4476	1	0	4350	other	0
GPL002	81	Picture	80	1248095	0	1	7129	1	0	7000	other	0
GPL002	82	Picture	40	1255390	0	1	2984	1	0	2860	other	0
GPL002	83	Picture	85	1258540	0	1	7129	1	0	7000	miss	0
GPL002	84	Picture	40	1265835	0	1	1824	1	0	1780	other	0
GPL002	85	Picture	80	1267824	0	1	7129	1	0	7000	other	0
GPL002	86	Picture	40	1275119	0	1	2155	1	0	2140	other	0
GPL002	87	Picture	50	1277285	0	322	90182	322	0	next	other	0
GPL002	88	Picture	70	1367466	0	1	7129	1	0	7000	other	0
GPL002	89	Picture	40	1374761	0	1	3482	1	0	3310	other	0
GPL002	90	Picture	70	1378409	0	1	7129	1	0	7000	other	0
GPL002	91	Picture	40	1385704	0	1	2984	1	0	2860	other	0
GPL002	92	Picture	70	1388854	0	1	7129	1	0	7000	other	0
GPL002	93	Picture	40	1396149	0	1	2819	1	0	2690	other	0
GPL002	94	Picture	70	1399133	0	1	7129	1	0	7000	other	0
GPL002	95	Picture	40	1406428	0	1	2155	1	0	2140	other	0
GPL002	96	Picture	70	1408749	0	1	7129	1	0	7000	other	0
GPL002	97	Picture	40	1416044	0	1	2155	1	0	2130	other	0
GPL002	98	Picture	75	1418365	0	1	7129	1	0	7000	miss	0
GPL002	99	Picture	40	1425660	0	1	2155	1	0	1990	other	0
GPL002	100	Picture	70	1427981	0	1	7129	1	0	7000	other	0
GPL002	101	Picture	40	1435276	0	1	4476	1	0	4350	other	0
GPL002	102	Picture	70	1439918	0	1	7129	1	0	7000	other	0
GPL002	103	Picture	40	1447213	0	1	2653	1	0	2490	other	0
GPL002	104	Picture	70	1450032	0	1	7129	1	0	7000	other	0
GPL002	105	Picture	40	1457327	0	1	1824	1	0	1780	other	0
GPL002	106	Picture	70	1459316	0	1	7129	1	0	7000	other	0
GPL002	107	Picture	40	1466611	0	1	3813	1	0	3660	other	0
GPL002	108	Picture	50	1470590	0	1	90192	1	0	next	other	0
GPL002	109	Picture	60	1560782	0	1	7129	1	0	7000	other	0
GPL002	110	Picture	40	1568077	0	1	1824	1	0	1780	other	0
GPL002	111	Picture	60	1570066	0	1	7129	1	0	7000	other	0
GPL002	112	Picture	40	1577361	0	1	4476	1	0	4350	other	0
GPL002	113	Picture	60	1582003	0	1	7129	1	0	7000	other	0
GPL002	114	Picture	40	1589298	0	1	3482	1	0	3310	other	0
GPL002	115	Picture	65	1592946	0	1	7129	1	0	7000	miss	0
GPL002	116	Picture	40	1600241	0	1	2155	1	0	2130	other	0
GPL002	117	Picture	60	1602562	0	1	7129	1	0	7000	other	0
GPL002	118	Picture	40	1609857	0	1	3813	1	0	3660	other	0
GPL002	119	Picture	60	1613836	0	1	7129	1	0	7000	other	0
GPL002	120	Picture	40	1621131	0	1	2653	1	0	2490	other	0
GPL002	121	Picture	60	1623949	0	1	7129	1	0	7000	other	0
GPL002	122	Picture	40	1631244	0	1	2984	1	0	2860	other	0
GPL002	123	Picture	60	1634394	0	1	7129	1	0	7000	other	0
GPL002	124	Picture	40	1641689	0	1	2155	1	0	2140	other	0
GPL002	125	Picture	60	1644010	0	1	7129	1	0	7000	other	0
GPL002	126	Picture	40	1651305	0	1	2819	1	0	2690	other	0
GPL002	127	Picture	60	1654290	0	1	7129	1	0	7000	other	0
GPL002	128	Picture	40	1661584	0	1	2155	1	0	1990	other	0
GPL002	129	Picture	50	1663906	0	1	70131	1	0	next	other	0
GPL002	130	Picture	90	1734036	0	1	7129	1	0	7000	other	0
GPL002	131	Picture	40	1741331	0	1	2984	1	0	2860	other	0
GPL002	132	Picture	90	1744481	0	1	7129	1	0	7000	other	0
GPL002	133	Picture	40	1751776	0	1	4476	1	0	4350	other	0
GPL002	134	Picture	90	1756418	0	1	7129	1	0	7000	other	0
GPL002	135	Picture	40	1763713	0	1	2653	1	0	2490	other	0
GPL002	136	Picture	95	1766532	0	1	7129	1	0	7000	miss	0
GPL002	137	Picture	40	1773827	0	1	2155	1	0	2140	other	0
GPL002	138	Picture	90	1776148	0	1	7129	1	0	7000	other	0
GPL002	139	Picture	40	1783443	0	1	1824	1	0	1780	other	0
GPL002	140	Picture	90	1785432	0	1	7129	1	0	7000	other	0
GPL002	141	Picture	40	1792727	0	1	3482	1	0	3310	other	0
GPL002	142	Picture	95	1796375	0	1	7129	1	0	7000	miss	0
GPL002	143	Picture	40	1803670	0	1	2818	1	0	2690	other	0
GPL002	144	Picture	90	1806654	0	1	7129	1	0	7000	other	0
GPL002	145	Picture	40	1813949	0	1	3813	1	0	3660	other	0
GPL002	146	Picture	90	1817928	0	1	7129	1	0	7000	other	0
GPL002	147	Picture	40	1825223	0	1	2155	1	0	2130	other	0
GPL002	148	Picture	90	1827544	0	1	7129	1	0	7000	other	0
GPL002	149	Picture	40	1834839	0	1	2155	1	0	1990	other	0
GPL002	150	Picture	50	1837160	0	1	50070	1	0	next	other	0
GPL002	151	Picture	80	1887230	0	1	7129	1	0	7000	other	0
GPL002	152	Picture	40	1894525	0	1	2155	1	0	1990	other	0
GPL002	153	Picture	80	1896846	0	1	7129	1	0	7000	other	0
GPL002	154	Picture	40	1904141	0	1	3813	1	0	3660	other	0
GPL002	155	Picture	80	1908120	0	1	7129	1	0	7000	other	0
GPL002	156	Picture	40	1915415	0	1	4476	1	0	4350	other	0
GPL002	157	Picture	80	1920057	0	1	7129	1	0	7000	other	0
GPL002	158	Picture	40	1927352	0	1	2653	1	0	2490	other	0
GPL002	159	Picture	80	1930170	0	1	7129	1	0	7000	other	0
GPL002	160	Picture	40	1937465	0	1	1824	1	0	1780	other	0
GPL002	161	Picture	80	1939455	0	1	7129	1	0	7000	other	0
GPL002	162	Picture	40	1946750	0	1	2155	1	0	2130	other	0
GPL002	163	Picture	80	1949071	0	1	7129	1	0	7000	other	0
GPL002	164	Picture	40	1956366	0	1	3482	1	0	3310	other	0
GPL002	165	Picture	80	1960013	0	1	7129	1	0	7000	other	0
GPL002	166	Picture	40	1967308	0	1	2818	1	0	2690	other	0
GPL002	167	Picture	80	1970292	0	1	7129	1	0	7000	other	0
GPL002	168	Picture	40	1977587	0	1	2155	1	0	2140	other	0
GPL002	169	Picture	80	1979908	0	1	7129	1	0	7000	other	0
GPL002	170	Picture	40	1987203	0	1	2984	1	0	2860	other	0
GPL002	171	Picture	50	1990353	0	1	30174	1	0	next	other	0
GPL002	172	Picture	70	2020528	0	1	7129	1	0	7000	other	0
GPL002	173	Picture	40	2027823	0	1	3482	1	0	3310	other	0
GPL002	174	Picture	70	2031470	0	1	7129	1	0	7000	other	0
GPL002	175	Picture	40	2038765	0	1	1824	1	0	1780	other	0
GPL002	176	Picture	70	2040755	0	1	7129	1	0	7000	other	0
GPL002	177	Picture	40	2048050	0	1	4476	1	0	4350	other	0
GPL002	178	Picture	70	2052692	0	1	7129	1	0	7000	other	0
GPL002	179	Picture	40	2059987	0	1	3813	1	0	3660	other	0
GPL002	180	Picture	70	2063966	0	1	7129	1	0	7000	other	0
GPL002	181	Picture	40	2071261	0	1	2819	1	0	2690	other	0
GPL002	182	Picture	75	2074245	0	1	7129	1	0	7000	miss	0
GPL002	183	Picture	40	2081540	0	1	2155	1	0	2130	other	0
GPL002	184	Picture	70	2083861	0	1	7129	1	0	7000	other	0
GPL002	185	Picture	40	2091156	0	1	2155	1	0	2140	other	0
GPL002	186	Picture	70	2093477	0	1	7129	1	0	7000	other	0
GPL002	187	Picture	40	2100772	0	1	2155	1	0	1990	other	0
GPL002	188	Picture	70	2103093	0	1	7129	1	0	7000	other	0
GPL002	189	Picture	40	2110388	0	1	2984	1	0	2860	other	0
GPL002	190	Picture	70	2113538	0	1	7129	1	0	7000	other	0
GPL002	191	Picture	40	2120833	0	1	2653	1	0	2490	other	0
GPL002	192	Picture	50	2123652	0	1	70131	1	0	next	other	0
GPL002	193	Picture	60	2193782	0	1	7129	1	0	7000	other	0
GPL002	194	Picture	40	2201077	0	1	2819	1	0	2690	other	0
GPL002	195	Picture	60	2204062	0	1	7129	1	0	7000	other	0
GPL002	196	Picture	40	2211356	0	1	2155	1	0	1990	other	0
GPL002	197	Picture	60	2213678	0	1	7129	1	0	7000	other	0
GPL002	198	Picture	40	2220972	0	1	4476	1	0	4350	other	0
GPL002	199	Picture	65	2225615	0	1	7129	1	0	7000	miss	0
GPL002	200	Picture	40	2232910	0	1	2984	1	0	2860	other	0
GPL002	201	Picture	60	2236060	0	1	7129	1	0	7000	other	0
GPL002	202	Picture	40	2243355	0	1	3482	1	0	3310	other	0
GPL002	203	Picture	65	2247002	0	1	7129	1	0	7000	miss	0
GPL002	204	Picture	40	2254297	0	1	1824	1	0	1780	other	0
GPL002	205	Picture	60	2256286	0	1	7129	1	0	7000	other	0
GPL002	206	Picture	40	2263581	0	1	2155	1	0	2130	other	0
GPL002	207	Picture	60	2265903	0	1	7129	1	0	7000	other	0
GPL002	208	Picture	40	2273197	0	1	2155	1	0	2140	other	0
GPL002	209	Picture	60	2275519	0	1	7129	1	0	7000	other	0
GPL002	210	Picture	40	2282813	0	1	3813	1	0	3660	other	0
GPL002	211	Picture	60	2286793	0	1	7129	1	0	7000	other	0
GPL002	212	Picture	40	2294087	0	1	2653	1	0	2490	other	0
GPL002	213	Picture	50	2296906	0	1	30174	1	0	next	other	0
GPL002	214	Picture	90	2327080	0	1	7129	1	0	7000	other	0
GPL002	215	Picture	40	2334375	0	1	4476	1	0	4350	other	0
GPL002	216	Picture	90	2339018	0	1	7129	1	0	7000	other	0
GPL002	217	Picture	40	2346313	0	1	2155	1	0	1990	other	0
GPL002	218	Picture	90	2348634	0	1	7129	1	0	7000	other	0
GPL002	219	Picture	40	2355928	0	1	3813	1	0	3660	other	0
GPL002	220	Picture	90	2359908	0	1	7129	1	0	7000	other	0
GPL002	221	Picture	40	2367202	0	1	2155	1	0	2130	other	0
GPL002	222	Picture	90	2369524	0	1	7129	1	0	7000	other	0
GPL002	223	Picture	40	2376818	0	1	3482	1	0	3310	other	0
GPL002	224	Picture	90	2380466	0	1	7129	1	0	7000	other	0
GPL002	225	Picture	40	2387761	0	1	2155	1	0	2140	other	0
GPL002	226	Picture	90	2390082	0	1	7129	1	0	7000	other	0
GPL002	227	Picture	40	2397377	0	1	2818	1	0	2690	other	0
GPL002	228	Picture	90	2400361	0	1	7129	1	0	7000	other	0
GPL002	229	Picture	40	2407656	0	1	1824	1	0	1780	other	0
GPL002	230	Picture	90	2409646	0	1	7129	1	0	7000	other	0
GPL002	231	Picture	40	2416941	0	1	2653	1	0	2490	other	0
GPL002	232	Picture	90	2419759	0	1	7129	1	0	7000	other	0
GPL002	233	Picture	40	2427054	0	1	2984	1	0	2860	other	0
GPL002	234	Picture	50	2430204	0	1	90192	1	0	next	other	0
GPL002	235	Picture	80	2520396	0	1	7129	1	0	7000	other	0
GPL002	236	Picture	40	2527691	0	1	1824	1	0	1780	other	0
GPL002	237	Picture	80	2529680	0	1	7129	1	0	7000	other	0
GPL002	238	Picture	40	2536975	0	1	2155	1	0	2140	other	0
GPL002	239	Picture	80	2539296	0	1	7129	1	0	7000	other	0
GPL002	240	Picture	40	2546591	0	1	3482	1	0	3310	other	0
GPL002	241	Picture	80	2550239	0	1	7129	1	0	7000	other	0
GPL002	242	Picture	40	2557534	0	1	2155	1	0	1990	other	0
GPL002	243	Picture	80	2559855	0	1	7129	1	0	7000	other	0
GPL002	244	Picture	40	2567150	0	1	2984	1	0	2860	other	0
GPL002	245	Picture	80	2570300	0	1	7129	1	0	7000	other	0
GPL002	246	Picture	40	2577595	0	1	2818	1	0	2690	other	0
GPL002	247	Picture	80	2580579	0	1	7129	1	0	7000	other	0
GPL002	248	Picture	40	2587874	0	1	2155	1	0	2130	other	0
GPL002	249	Picture	80	2590195	0	1	7129	1	0	7000	other	0
GPL002	250	Picture	40	2597490	0	1	2653	1	0	2490	other	0
GPL002	251	Picture	85	2600308	0	1	7129	1	0	7000	miss	0
GPL002	252	Picture	40	2607603	0	1	3813	1	0	3660	other	0
GPL002	253	Picture	80	2611582	0	1	7129	1	0	7000	other	0
GPL002	254	Picture	40	2618877	0	1	4476	1	0	4350	other	0
GPL002	255	Picture	50	2623520	0	1	50070	1	0	next	other	0
GPL002	256	Picture	70	2673589	0	1	7129	1	0	7000	other	0
GPL002	257	Picture	40	2680884	0	1	3482	1	0	3310	other	0
GPL002	258	Picture	70	2684532	0	1	7129	1	0	7000	other	0
GPL002	259	Picture	40	2691827	0	1	2819	1	0	2690	other	0
GPL002	260	Picture	70	2694811	0	1	7129	1	0	7000	other	0
GPL002	261	Picture	40	2702106	0	1	2653	1	0	2490	other	0
GPL002	262	Picture	75	2704924	0	1	7129	1	0	7000	miss	0
GPL002	263	Picture	40	2712219	0	1	1824	1	0	1780	other	0
GPL002	264	Picture	70	2714209	0	1	7129	1	0	7000	other	0
GPL002	265	Picture	40	2721504	0	1	3813	1	0	3660	other	0
GPL002	266	Picture	70	2725483	0	1	7129	1	0	7000	other	0
GPL002	267	Picture	40	2732778	0	1	2155	1	0	1990	other	0
GPL002	268	Picture	75	2735099	0	1	7129	1	0	7000	miss	0
GPL002	269	Picture	40	2742394	0	1	2984	1	0	2860	other	0
GPL002	270	Picture	70	2745544	0	1	7129	1	0	7000	other	0
GPL002	271	Picture	40	2752839	0	1	2155	1	0	2130	other	0
GPL002	272	Picture	70	2755160	0	1	7129	1	0	7000	other	0
GPL002	273	Picture	40	2762455	0	1	2155	1	0	2140	other	0
GPL002	274	Picture	70	2764776	0	1	7129	1	0	7000	other	0
GPL002	275	Picture	40	2772071	0	1	4477	1	0	4350	other	0
GPL002	276	Picture	50	2776713	0	1	50070	1	0	next	other	0
GPL002	277	Picture	60	2826783	0	1	7129	1	0	7000	other	0
GPL002	278	Picture	40	2834078	0	1	2984	1	0	2860	other	0
GPL002	279	Picture	60	2837228	0	1	7129	1	0	7000	other	0
GPL002	280	Picture	40	2844523	0	1	2819	1	0	2690	other	0
GPL002	281	Picture	60	2847507	0	1	7129	1	0	7000	other	0
GPL002	282	Picture	40	2854802	0	1	3813	1	0	3660	other	0
GPL002	283	Picture	60	2858781	0	1	7129	1	0	7000	other	0
GPL002	284	Picture	40	2866076	0	1	2155	1	0	1990	other	0
GPL002	285	Picture	60	2868397	0	1	7129	1	0	7000	other	0
GPL002	286	Picture	40	2875692	0	1	1824	1	0	1780	other	0
GPL002	287	Picture	60	2877681	0	1	7129	1	0	7000	other	0
GPL002	288	Picture	40	2884976	0	1	2155	1	0	2130	other	0
GPL002	289	Picture	60	2887297	0	1	7129	1	0	7000	other	0
GPL002	290	Picture	40	2894592	0	1	4476	1	0	4350	other	0
GPL002	291	Picture	60	2899234	0	1	7129	1	0	7000	other	0
GPL002	292	Picture	40	2906529	0	1	3482	1	0	3310	other	0
GPL002	293	Picture	60	2910177	0	1	7129	1	0	7000	other	0
GPL002	294	Picture	40	2917472	0	1	2155	1	0	2140	other	0
GPL002	295	Picture	60	2919793	0	1	7129	1	0	7000	other	0
GPL002	296	Picture	40	2927088	0	1	2653	1	0	2490	other	0
GPL002	297	Picture	50	2929906	0	1	90192	1	0	next	other	0
GPL002	298	Picture	90	3020098	0	1	7129	1	0	7000	other	0
GPL002	299	Picture	40	3027393	0	1	2155	1	0	1990	other	0
GPL002	300	Picture	90	3029714	0	1	7129	1	0	7000	other	0
GPL002	301	Picture	40	3037009	0	1	2653	1	0	2490	other	0
GPL002	302	Picture	95	3039828	0	1	7129	1	0	7000	miss	0
GPL002	303	Picture	40	3047122	0	1	4476	1	0	4350	other	0
GPL002	304	Picture	90	3051765	0	1	7129	1	0	7000	other	0
GPL002	305	Picture	40	3059060	0	1	2155	1	0	2130	other	0
GPL002	306	Picture	90	3061381	0	1	7129	1	0	7000	other	0
GPL002	307	Picture	40	3068676	0	1	1824	1	0	1780	other	0
GPL002	308	Picture	90	3070665	0	1	7129	1	0	7000	other	0
GPL002	309	Picture	40	3077960	0	1	3813	1	0	3660	other	0
GPL002	310	Picture	90	3081939	0	1	7129	1	0	7000	other	0
GPL002	311	Picture	40	3089234	0	1	2819	1	0	2690	other	0
GPL002	312	Picture	90	3092218	0	1	7129	1	0	7000	other	0
GPL002	313	Picture	40	3099513	0	1	2984	1	0	2860	other	0
GPL002	314	Picture	90	3102663	0	1	7129	1	0	7000	other	0
GPL002	315	Picture	40	3109958	0	1	3482	1	0	3310	other	0
GPL002	316	Picture	90	3113606	0	1	7129	1	0	7000	other	0
GPL002	317	Picture	40	3120901	0	1	2155	1	0	2140	other	0
GPL002	318	Picture	50	3123066	0	322	30164	322	0	next	other	0
GPL002	319	Picture	80	3153230	0	1	7129	1	0	7000	other	0
GPL002	320	Picture	40	3160525	0	1	4476	1	0	4350	other	0
GPL002	321	Picture	80	3165168	0	1	7129	1	0	7000	other	0
GPL002	322	Picture	40	3172462	0	1	2984	1	0	2860	other	0
GPL002	323	Picture	80	3175613	0	1	7129	1	0	7000	other	0
GPL002	324	Picture	40	3182907	0	1	2155	1	0	2140	other	0
GPL002	325	Picture	80	3185229	0	1	7129	1	0	7000	other	0
GPL002	326	Picture	40	3192524	0	1	2653	1	0	2490	other	0
GPL002	327	Picture	80	3195342	0	1	7129	1	0	7000	other	0
GPL002	328	Picture	40	3202637	0	1	2155	1	0	2130	other	0
GPL002	329	Picture	80	3204958	0	1	7129	1	0	7000	other	0
GPL002	330	Picture	40	3212253	0	1	2155	1	0	1990	other	0
GPL002	331	Picture	80	3214574	0	1	7129	1	0	7000	other	0
GPL002	332	Picture	40	3221869	0	1	1824	1	0	1780	other	0
GPL002	333	Picture	85	3223859	0	1	7129	1	0	7000	miss	0
GPL002	334	Picture	40	3231154	0	1	3482	1	0	3310	other	0
GPL002	335	Picture	80	3234801	0	1	7129	1	0	7000	other	0
GPL002	336	Picture	40	3242096	0	1	3813	1	0	3660	other	0
GPL002	337	Picture	80	3246075	0	1	7129	1	0	7000	other	0
GPL002	338	Picture	40	3253370	0	1	2819	1	0	2690	other	0
GPL002	339	Picture	50	3256354	0	1	70131	1	0	next	other	0
GPL002	340	Picture	70	3326485	0	1	7129	1	0	7000	other	0
GPL002	341	Picture	40	3333780	0	1	1824	1	0	1780	other	0
GPL002	342	Picture	70	3335769	0	1	7129	1	0	7000	other	0
GPL002	343	Picture	40	3343064	0	1	2155	1	0	2140	other	0
GPL002	344	Picture	70	3345385	0	1	7129	1	0	7000	other	0
GPL002	345	Picture	40	3352680	0	1	2984	1	0	2860	other	0
GPL002	346	Picture	70	3355830	0	1	7130	1	0	7000	other	0
GPL002	347	Picture	40	3363125	0	1	2653	1	0	2490	other	0
GPL002	348	Picture	70	3365944	0	1	7129	1	0	7000	other	0
GPL002	349	Picture	40	3373239	0	1	2155	1	0	2130	other	0
GPL002	350	Picture	70	3375560	0	1	7129	1	0	7000	other	0
GPL002	351	Picture	40	3382855	0	1	4476	1	0	4350	other	0
GPL002	352	Picture	75	3387497	0	1	7129	1	0	7000	miss	0
GPL002	353	Picture	40	3394792	0	1	2818	1	0	2690	other	0
GPL002	354	Picture	70	3397776	0	1	7129	1	0	7000	other	0
GPL002	355	Picture	40	3405071	0	1	2155	1	0	1990	other	0
GPL002	356	Picture	70	3407392	0	1	7129	1	0	7000	other	0
GPL002	357	Picture	40	3414687	0	1	3482	1	0	3310	other	0
GPL002	358	Picture	70	3418335	0	1	7129	1	0	7000	other	0
GPL002	359	Picture	40	3425629	0	1	3813	1	0	3660	other	0
GPL002	360	Picture	50	3429609	0	1	90192	1	0	next	other	0
GPL002	361	Picture	60	3519800	0	1	7129	1	0	7000	other	0
GPL002	362	Picture	40	3527095	0	1	2984	1	0	2860	other	0
GPL002	363	Picture	60	3530245	0	1	7129	1	0	7000	other	0
GPL002	364	Picture	40	3537540	0	1	2819	1	0	2690	other	0
GPL002	365	Picture	60	3540525	0	1	7129	1	0	7000	other	0
GPL002	366	Picture	40	3547819	0	1	2155	1	0	1990	other	0
GPL002	367	Picture	60	3550141	0	1	7129	1	0	7000	other	0
GPL002	368	Picture	40	3557435	0	1	2653	1	0	2490	other	0
GPL002	369	Picture	65	3560254	0	1	7129	1	0	7000	miss	0
GPL002	370	Picture	40	3567549	0	1	3813	1	0	3660	other	0
GPL002	371	Picture	60	3571528	0	1	7129	1	0	7000	other	0
GPL002	372	Picture	40	3578823	0	1	3482	1	0	3310	other	0
GPL002	373	Picture	65	3582470	0	1	7129	1	0	7000	miss	0
GPL002	374	Picture	40	3589765	0	1	2155	1	0	2140	other	0
GPL002	375	Picture	60	3591931	0	156	7119	157	0	7000	other	0
GPL002	376	Picture	40	3599216	0	1	2155	1	0	2130	other	0
GPL002	377	Picture	60	3601537	0	1	7129	1	0	7000	other	0
GPL002	378	Picture	40	3608831	0	1	4476	1	0	4350	other	0
GPL002	379	Picture	60	3613474	0	1	7129	1	0	7000	other	0
GPL002	380	Picture	40	3620769	0	1	1824	1	0	1780	other	0
GPL002	381	Picture	50	3622758	0	1	30174	1	0	next	other	0
GPL002	382	Picture	90	3652933	0	1	7129	1	0	7000	other	0
GPL002	383	Picture	40	3660228	0	1	2155	1	0	2130	other	0
GPL002	384	Picture	90	3662549	0	1	7129	1	0	7000	other	0
GPL002	385	Picture	40	3669844	0	1	2984	1	0	2860	other	0
GPL002	386	Picture	90	3672994	0	1	7129	1	0	7000	other	0
GPL002	387	Picture	40	3680289	0	1	2818	1	0	2690	other	0
GPL002	388	Picture	90	3683273	0	1	7129	1	0	7000	other	0
GPL002	389	Picture	40	3690568	0	1	2155	1	0	2140	other	0
GPL002	390	Picture	90	3692889	0	1	7129	1	0	7000	other	0
GPL002	391	Picture	40	3700184	0	1	3482	1	0	3310	other	0
GPL002	392	Picture	90	3703831	0	1	7129	1	0	7000	other	0
GPL002	393	Picture	40	3711126	0	1	2155	1	0	1990	other	0
GPL002	394	Picture	90	3713447	0	1	7129	1	0	7000	other	0
GPL002	395	Picture	40	3720742	0	1	1824	1	0	1780	other	0
GPL002	396	Picture	90	3722732	0	1	7129	1	0	7000	other	0
GPL002	397	Picture	40	3730027	0	1	2653	1	0	2490	other	0
GPL002	398	Picture	90	3732845	0	1	7129	1	0	7000	other	0
GPL002	399	Picture	40	3740140	0	1	4476	1	0	4350	other	0
GPL002	400	Picture	90	3744782	0	1	7129	1	0	7000	other	0
GPL002	401	Picture	40	3752077	0	1	3813	1	0	3660	other	0
GPL002	402	Picture	50	3756056	0	1	50070	1	0	next	other	0
GPL002	403	Picture	80	3806126	0	1	7129	1	0	7000	other	0
GPL002	404	Picture	40	3813421	0	1	2984	1	0	2860	other	0
GPL002	405	Picture	80	3816571	0	1	7129	1	0	7000	other	0
GPL002	406	Picture	40	3823866	0	1	4476	1	0	4350	other	0
GPL002	407	Picture	80	3828508	0	1	7129	1	0	7000	other	0
GPL002	408	Picture	40	3835803	0	1	3482	1	0	3310	other	0
GPL002	409	Picture	85	3839451	0	1	7129	1	0	7000	miss	0
GPL002	410	Picture	40	3846745	0	1	2155	1	0	1990	other	0
GPL002	411	Picture	80	3849067	0	1	7129	1	0	7000	other	0
GPL002	412	Picture	40	3856362	0	1	2653	1	0	2490	other	0
GPL002	413	Picture	80	3859180	0	1	7129	1	0	7000	other	0
GPL002	414	Picture	40	3866475	0	1	3813	1	0	3660	other	0
GPL002	415	Picture	80	3870454	0	1	7129	1	0	7000	other	0
GPL002	416	Picture	40	3877749	0	1	2818	1	0	2690	other	0
GPL002	417	Picture	80	3880733	0	1	7129	1	0	7000	other	0
GPL002	418	Picture	40	3888028	0	1	2155	1	0	2130	other	0
GPL002	419	Picture	80	3890349	0	1	7129	1	0	7000	other	0
GPL002	420	Picture	40	3897644	0	1	2155	1	0	2140	other	0
GPL002	421	Picture	80	3899965	0	1	7129	1	0	7000	other	0
GPL002	422	Picture	40	3907260	0	1	1824	1	0	1780	other	0
GPL002	423	Picture	50	3909250	0	1	70131	1	0	next	other	0
GPL002	424	Picture	70	3979380	0	1	7129	1	0	7000	other	0
GPL002	425	Picture	40	3986675	0	1	2155	1	0	2130	other	0
GPL002	426	Picture	70	3988997	0	1	7129	1	0	7000	other	0
GPL002	427	Picture	40	3996291	0	1	2155	1	0	1990	other	0
GPL002	428	Picture	75	3998613	0	1	7129	1	0	7000	miss	0
GPL002	429	Picture	40	4005907	0	1	3813	1	0	3660	other	0
GPL002	430	Picture	70	4009886	0	1	7129	1	0	7000	other	0
GPL002	431	Picture	40	4017181	0	1	4476	1	0	4350	other	0
GPL002	432	Picture	70	4021824	0	1	7129	1	0	7000	other	0
GPL002	433	Picture	40	4029119	0	1	2984	1	0	2860	other	0
GPL002	434	Picture	70	4032269	0	1	7129	1	0	7000	other	0
GPL002	435	Picture	40	4039564	0	1	2653	1	0	2490	other	0
GPL002	436	Picture	70	4042382	0	1	7129	1	0	7000	other	0
GPL002	437	Picture	40	4049677	0	1	2818	1	0	2690	other	0
GPL002	438	Picture	70	4052661	0	1	7129	1	0	7000	other	0
GPL002	439	Picture	40	4059956	0	1	3482	1	0	3310	other	0
GPL002	440	Picture	75	4063604	0	1	7129	1	0	7000	miss	0
GPL002	441	Picture	40	4070899	0	1	2155	1	0	2140	other	0
GPL002	442	Picture	70	4073064	0	156	7119	157	0	7000	other	0
GPL002	443	Picture	40	4080349	0	1	1824	1	0	1780	other	0
GPL002	444	Picture	50	4082338	0	1	70131	1	0	next	other	0
GPL002	445	Picture	60	4152469	0	1	7129	1	0	7000	other	0
GPL002	446	Picture	40	4159764	0	1	4476	1	0	4350	other	0
GPL002	447	Picture	60	4164406	0	1	7129	1	0	7000	other	0
GPL002	448	Picture	40	4171701	0	1	2819	1	0	2690	other	0
GPL002	449	Picture	60	4174685	0	1	7129	1	0	7000	other	0
GPL002	450	Picture	40	4181980	0	1	2653	1	0	2490	other	0
GPL002	451	Picture	60	4184799	0	1	7129	1	0	7000	other	0
GPL002	452	Picture	40	4192094	0	1	3813	1	0	3660	other	0
GPL002	453	Picture	60	4196073	0	1	7129	1	0	7000	other	0
GPL002	454	Picture	40	4203368	0	1	3482	1	0	3310	other	0
GPL002	455	Picture	60	4207015	0	1	7129	1	0	7000	other	0
GPL002	456	Picture	40	4214310	0	1	2155	1	0	2140	other	0
GPL002	457	Picture	60	4216631	0	1	7129	1	0	7000	other	0
GPL002	458	Picture	40	4223926	0	1	2155	1	0	1990	other	0
GPL002	459	Picture	60	4226247	0	1	7129	1	0	7000	other	0
GPL002	460	Picture	40	4233542	0	1	1824	1	0	1780	other	0
GPL002	461	Picture	60	4235532	0	1	7129	1	0	7000	other	0
GPL002	462	Picture	40	4242827	0	1	2984	1	0	2860	other	0
GPL002	463	Picture	60	4245977	0	1	7129	1	0	7000	other	0
GPL002	464	Picture	40	4253272	0	1	2155	1	0	2130	other	0
GPL002	465	Picture	50	4255593	0	1	50070	1	0	next	other	0
GPL002	466	Picture	90	4305662	0	1	7129	1	0	7000	other	0
GPL002	467	Picture	40	4312957	0	1	4476	1	0	4350	other	0
GPL002	468	Picture	90	4317600	0	1	7129	1	0	7000	other	0
GPL002	469	Picture	40	4324895	0	1	2818	1	0	2690	other	0
GPL002	470	Picture	90	4327879	0	1	7129	1	0	7000	other	0
GPL002	471	Picture	40	4335174	0	1	2155	1	0	1990	other	0
GPL002	472	Picture	90	4337495	0	1	7129	1	0	7000	other	0
GPL002	473	Picture	40	4344790	0	1	2155	1	0	2130	other	0
GPL002	474	Picture	90	4347111	0	1	7129	1	0	7000	other	0
GPL002	475	Picture	40	4354406	0	1	2155	1	0	2140	other	0
GPL002	476	Picture	95	4356571	0	322	7119	322	0	7000	miss	0
GPL002	477	Picture	40	4363856	0	1	2653	1	0	2490	other	0
GPL002	478	Picture	90	4366675	0	1	7129	1	0	7000	other	0
GPL002	479	Picture	40	4373969	0	1	3482	1	0	3310	other	0
GPL002	480	Picture	90	4377617	0	1	7129	1	0	7000	other	0
GPL002	481	Picture	40	4384912	0	1	2984	1	0	2860	other	0
GPL002	482	Picture	90	4388062	0	1	7129	1	0	7000	other	0
GPL002	483	Picture	40	4395357	0	1	3813	1	0	3660	other	0
GPL002	484	Picture	90	4399336	0	1	7129	1	0	7000	other	0
GPL002	485	Picture	40	4406631	0	1	1824	1	0	1780	other	0
GPL002	486	Picture	50	4408620	0	1	90192	1	0	next	other	0
GPL002	487	Picture	80	4498812	0	1	7129	1	0	7000	other	0
GPL002	488	Picture	40	4506107	0	1	2653	1	0	2490	other	0
GPL002	489	Picture	80	4508926	0	1	7129	1	0	7000	other	0
GPL002	490	Picture	40	4516220	0	1	2155	1	0	2130	other	0
GPL002	491	Picture	85	4518542	0	1	7129	1	0	7000	miss	0
GPL002	492	Picture	40	4525837	0	1	3813	1	0	3660	other	0
GPL002	493	Picture	80	4529816	0	1	7129	1	0	7000	other	0
GPL002	494	Picture	40	4537110	0	1	3482	1	0	3310	other	0
GPL002	495	Picture	80	4540758	0	1	7129	1	0	7000	other	0
GPL002	496	Picture	40	4548053	0	1	2984	1	0	2860	other	0
GPL002	497	Picture	80	4551203	0	1	7129	1	0	7000	other	0
GPL002	498	Picture	40	4558498	0	1	2155	1	0	2140	other	0
GPL002	499	Picture	80	4560819	0	1	7129	1	0	7000	other	0
GPL002	500	Picture	40	4568114	0	1	4476	1	0	4350	other	0
GPL002	501	Picture	80	4572756	0	1	7129	1	0	7000	other	0
GPL002	502	Picture	40	4580051	0	1	1824	1	0	1780	other	0
GPL002	503	Picture	80	4582041	0	1	7129	1	0	7000	other	0
GPL002	504	Picture	40	4589335	0	1	2155	1	0	1990	other	0
GPL002	505	Picture	80	4591657	0	1	7129	1	0	7000	other	0
GPL002	506	Picture	40	4598952	0	1	2818	1	0	2690	other	0
GPL002	507	Picture	50	4601936	0	1	30174	1	0	next	other	0
GPL002	508	Picture	70	4632110	0	1	7129	1	0	7000	other	0
GPL002	509	Picture	40	4639405	0	1	3482	1	0	3310	other	0
GPL002	510	Picture	70	4643053	0	1	7129	1	0	7000	other	0
GPL002	511	Picture	40	4650348	0	1	3813	1	0	3660	other	0
GPL002	512	Picture	70	4654327	0	1	7129	1	0	7000	other	0
GPL002	513	Picture	40	4661622	0	1	2155	1	0	2130	other	0
GPL002	514	Picture	70	4663943	0	1	7129	1	0	7000	other	0
GPL002	515	Picture	40	4671237	0	1	2819	1	0	2690	other	0
GPL002	516	Picture	70	4674222	0	1	7129	1	0	7000	other	0
GPL002	517	Picture	40	4681517	0	1	4476	1	0	4350	other	0
GPL002	518	Picture	70	4686159	0	1	7129	1	0	7000	other	0
GPL002	519	Picture	40	4693454	0	1	2155	1	0	1990	other	0
GPL002	520	Picture	70	4695775	0	1	7129	1	0	7000	other	0
GPL002	521	Picture	40	4703070	0	1	1824	1	0	1780	other	0
GPL002	522	Picture	70	4705059	0	1	7129	1	0	7000	other	0
GPL002	523	Picture	40	4712354	0	1	2984	1	0	2860	other	0
GPL002	524	Picture	70	4715504	0	1	7129	1	0	7000	other	0
GPL002	525	Picture	40	4722799	0	1	2155	1	0	2140	other	0
GPL002	526	Picture	70	4725121	0	1	7129	1	0	7000	other	0
GPL002	527	Picture	40	4732415	0	1	2653	1	0	2490	other	0
GPL002	528	Picture	50	4735234	0	1	50070	1	0	next	other	0
GPL002	529	Picture	60	4785304	0	1	7129	1	0	7000	other	0
GPL002	530	Picture	40	4792599	0	1	3482	1	0	3310	other	0
GPL002	531	Picture	60	4796246	0	1	7129	1	0	7000	other	0
GPL002	532	Picture	40	4803541	0	1	3813	1	0	3660	other	0
GPL002	533	Picture	60	4807520	0	1	7129	1	0	7000	other	0
GPL002	534	Picture	40	4814815	0	1	2818	1	0	2690	other	0
GPL002	535	Picture	60	4817799	0	1	7129	1	0	7000	other	0
GPL002	536	Picture	40	4825094	0	1	2155	1	0	2130	other	0
GPL002	537	Picture	65	4827415	0	1	7129	1	0	7000	miss	0
GPL002	538	Picture	40	4834710	0	1	2155	1	0	2140	other	0
GPL002	539	Picture	60	4836876	0	322	7119	322	0	7000	other	0
GPL002	540	Picture	40	4844160	0	1	2155	1	0	1990	other	0
GPL002	541	Picture	60	4846482	0	1	7129	1	0	7000	other	0
GPL002	542	Picture	40	4853776	0	1	1824	1	0	1780	other	0
GPL002	543	Picture	60	4855766	0	1	7129	1	0	7000	other	0
GPL002	544	Picture	40	4863061	0	1	2984	1	0	2860	other	0
GPL002	545	Picture	60	4866211	0	1	7129	1	0	7000	other	0
GPL002	546	Picture	40	4873506	0	1	2653	1	0	2490	other	0
GPL002	547	Picture	60	4876324	0	1	7129	1	0	7000	other	0
GPL002	548	Picture	40	4883619	0	1	4476	1	0	4350	other	0
GPL002	549	Picture	50	4888261	0	1	70131	1	0	next	other	0
GPL002	550	Picture	90	4958392	0	1	7129	1	0	7000	other	0
GPL002	551	Picture	40	4965687	0	1	2653	1	0	2490	other	0
GPL002	552	Picture	90	4968506	0	1	7129	1	0	7000	other	0
GPL002	553	Picture	40	4975801	0	1	1824	1	0	1780	other	0
GPL002	554	Picture	90	4977790	0	1	7129	1	0	7000	other	0
GPL002	555	Picture	40	4985085	0	1	2818	1	0	2690	other	0
GPL002	556	Picture	90	4988069	0	1	7129	1	0	7000	other	0
GPL002	557	Picture	40	4995364	0	1	2155	1	0	2130	other	0
GPL002	558	Picture	90	4997685	0	1	7129	1	0	7000	other	0
GPL002	559	Picture	40	5004980	0	1	2984	1	0	2860	other	0
GPL002	560	Picture	90	5008130	0	1	7129	1	0	7000	other	0
GPL002	561	Picture	40	5015425	0	1	2155	1	0	1990	other	0
GPL002	562	Picture	90	5017746	0	1	7129	1	0	7000	other	0
GPL002	563	Picture	40	5025041	0	1	3482	1	0	3310	other	0
GPL002	564	Picture	90	5028689	0	1	7129	1	0	7000	other	0
GPL002	565	Picture	40	5035984	0	1	2155	1	0	2140	other	0
GPL002	566	Picture	90	5038305	0	1	7129	1	0	7000	other	0
GPL002	567	Picture	40	5045600	0	1	3813	1	0	3660	other	0
GPL002	568	Picture	95	5049579	0	1	7129	1	0	7000	miss	0
GPL002	569	Picture	40	5056874	0	1	4476	1	0	4350	other	0
GPL002	570	Picture	50	5061516	0	1	30174	1	0	next	other	0
GPL002	571	Picture	80	5091690	0	1	7129	1	0	7000	other	0
GPL002	572	Picture	40	5098985	0	1	2155	1	0	2140	other	0
GPL002	573	Picture	80	5101306	0	1	7129	1	0	7000	other	0
GPL002	574	Picture	40	5108601	0	1	1824	1	0	1780	other	0
GPL002	575	Picture	80	5110591	0	1	7129	1	0	7000	other	0
GPL002	576	Picture	40	5117886	0	1	3813	1	0	3660	other	0
GPL002	577	Picture	80	5121865	0	1	7129	1	0	7000	other	0
GPL002	578	Picture	40	5129160	0	1	2155	1	0	2130	other	0
GPL002	579	Picture	80	5131481	0	1	7129	1	0	7000	other	0
GPL002	580	Picture	40	5138776	0	1	2984	1	0	2860	other	0
GPL002	581	Picture	80	5141926	0	1	7129	1	0	7000	other	0
GPL002	582	Picture	40	5149221	0	1	4476	1	0	4350	other	0
GPL002	583	Picture	85	5153863	0	1	7129	1	0	7000	miss	0
GPL002	584	Picture	40	5161158	0	1	2819	1	0	2690	other	0
GPL002	585	Picture	80	5164142	0	1	7129	1	0	7000	other	0
GPL002	586	Picture	40	5171437	0	1	3482	1	0	3310	other	0
GPL002	587	Picture	85	5175085	0	1	7129	1	0	7000	miss	0
GPL002	588	Picture	40	5182379	0	1	2653	1	0	2490	other	0
GPL002	589	Picture	80	5185198	0	1	7129	1	0	7000	other	0
GPL002	590	Picture	40	5192493	0	1	2155	1	0	1990	other	0
GPL002	591	Picture	50	5194814	0	1	90192	1	0	next	other	0
GPL002	592	Picture	70	5285006	0	1	7129	1	0	7000	other	0
GPL002	593	Picture	40	5292301	0	1	2653	1	0	2490	other	0
GPL002	594	Picture	70	5295119	0	1	7129	1	0	7000	other	0
GPL002	595	Picture	40	5302414	0	1	1824	1	0	1780	other	0
GPL002	596	Picture	70	5304404	0	1	7129	1	0	7000	other	0
GPL002	597	Picture	40	5311699	0	1	3482	1	0	3310	other	0
GPL002	598	Picture	70	5315346	0	1	7129	1	0	7000	other	0
GPL002	599	Picture	40	5322641	0	1	3813	1	0	3660	other	0
GPL002	600	Picture	70	5326620	0	1	7129	1	0	7000	other	0
GPL002	601	Picture	40	5333915	0	1	2155	1	0	2140	other	0
GPL002	602	Picture	70	5336236	0	1	7129	1	0	7000	other	0
GPL002	603	Picture	40	5343531	0	1	2984	1	0	2860	other	0
GPL002	604	Picture	70	5346681	0	1	7129	1	0	7000	other	0
GPL002	605	Picture	40	5353976	0	1	2155	1	0	2130	other	0
GPL002	606	Picture	70	5356297	0	1	7129	1	0	7000	other	0
GPL002	607	Picture	40	5363592	0	1	2818	1	0	2690	other	0
GPL002	608	Picture	75	5366576	0	1	7129	1	0	7000	miss	0
GPL002	609	Picture	40	5373871	0	1	2155	1	0	1990	other	0
GPL002	610	Picture	70	5376192	0	1	7129	1	0	7000	other	0
GPL002	611	Picture	40	5383487	0	1	4476	1	0	4350	other	0
GPL002	612	Picture	50	5388130	0	1	30174	1	0	next	other	0
GPL002	613	Picture	60	5418304	0	1	7129	1	0	7000	other	0
GPL002	614	Picture	40	5425599	0	1	4476	1	0	4350	other	0
GPL002	615	Picture	60	5430241	0	1	7129	1	0	7000	other	0
GPL002	616	Picture	40	5437536	0	1	2155	1	0	2140	other	0
GPL002	617	Picture	60	5439857	0	1	7129	1	0	7000	other	0
GPL002	618	Picture	40	5447152	0	1	3482	1	0	3310	other	0
GPL002	619	Picture	65	5450800	0	1	7129	1	0	7000	miss	0
GPL002	620	Picture	40	5458094	0	1	2984	1	0	2860	other	0
GPL002	621	Picture	60	5461244	0	1	7129	1	0	7000	other	0
GPL002	622	Picture	40	5468539	0	1	2818	1	0	2690	other	0
GPL002	623	Picture	60	5471524	0	1	7129	1	0	7000	other	0
GPL002	624	Picture	40	5478819	0	1	2155	1	0	2130	other	0
GPL002	625	Picture	60	5481140	0	1	7129	1	0	7000	other	0
GPL002	626	Picture	40	5488435	0	1	2653	1	0	2490	other	0
GPL002	627	Picture	60	5491253	0	1	7129	1	0	7000	other	0
GPL002	628	Picture	40	5498548	0	1	1824	1	0	1780	other	0
GPL002	629	Picture	60	5500538	0	1	7129	1	0	7000	other	0
GPL002	630	Picture	40	5507833	0	1	2155	1	0	1990	other	0
GPL002	631	Picture	60	5510154	0	1	7129	1	0	7000	other	0
GPL002	632	Picture	40	5517449	0	1	3813	1	0	3660	other	0
GPL002	633	Picture	50	5521428	0	1	90192	1	0	next	other	0
GPL002	634	Picture	90	5611619	0	1	7129	1	0	7000	other	0
GPL002	635	Picture	40	5618914	0	1	3813	1	0	3660	other	0
GPL002	636	Picture	90	5622893	0	1	7129	1	0	7000	other	0
GPL002	637	Picture	40	5630188	0	1	4477	1	0	4350	other	0
GPL002	638	Picture	95	5634831	0	1	7129	1	0	7000	miss	0
GPL002	639	Picture	40	5642125	0	1	3482	1	0	3310	other	0
GPL002	640	Picture	90	5645773	0	1	7129	1	0	7000	other	0
GPL002	641	Picture	40	5653068	0	1	2155	1	0	2130	other	0
GPL002	642	Picture	95	5655389	0	1	7129	1	0	7000	miss	0
GPL002	643	Picture	40	5662684	0	1	2653	1	0	2490	other	0
GPL002	644	Picture	90	5665502	0	1	7129	1	0	7000	other	0
GPL002	645	Picture	40	5672797	0	1	1824	1	0	1780	other	0
GPL002	646	Picture	90	5674787	0	1	7129	1	0	7000	other	0
GPL002	647	Picture	40	5682082	0	1	2155	1	0	1990	other	0
GPL002	648	Picture	90	5684403	0	1	7129	1	0	7000	other	0
GPL002	649	Picture	40	5691698	0	1	2984	1	0	2860	other	0
GPL002	650	Picture	90	5694848	0	1	7129	1	0	7000	other	0
GPL002	651	Picture	40	5702143	0	1	2155	1	0	2140	other	0
GPL002	652	Picture	90	5704464	0	1	7129	1	0	7000	other	0
GPL002	653	Picture	40	5711759	0	1	2818	1	0	2690	other	0
GPL002	654	Picture	50	5714743	0	1	70131	1	0	next	other	0
GPL002	655	Picture	80	5784874	0	1	7129	1	0	7000	other	0
GPL002	656	Picture	40	5792169	0	1	2653	1	0	2490	other	0
GPL002	657	Picture	80	5794987	0	1	7129	1	0	7000	other	0
GPL002	658	Picture	40	5802282	0	1	3482	1	0	3310	other	0
GPL002	659	Picture	80	5805930	0	1	7129	1	0	7000	other	0
GPL002	660	Picture	40	5813224	0	1	2984	1	0	2860	other	0
GPL002	661	Picture	80	5816375	0	1	7129	1	0	7000	other	0
GPL002	662	Picture	40	5823669	0	1	2155	1	0	1990	other	0
GPL002	663	Picture	80	5825991	0	1	7129	1	0	7000	other	0
GPL002	664	Picture	40	5833286	0	1	2819	1	0	2690	other	0
GPL002	665	Picture	80	5836270	0	1	7129	1	0	7000	other	0
GPL002	666	Picture	40	5843565	0	1	1824	1	0	1780	other	0
GPL002	667	Picture	80	5845554	0	1	7129	1	0	7000	other	0
GPL002	668	Picture	40	5852849	0	1	2155	1	0	2140	other	0
GPL002	669	Picture	80	5855015	0	322	7119	322	0	7000	other	0
GPL002	670	Picture	40	5862299	0	1	2155	1	0	2130	other	0
GPL002	671	Picture	80	5864620	0	1	7129	1	0	7000	other	0
GPL002	672	Picture	40	5871915	0	1	4476	1	0	4350	other	0
GPL002	673	Picture	80	5876558	0	1	7129	1	0	7000	other	0
GPL002	674	Picture	40	5883853	0	1	3813	1	0	3660	other	0
GPL002	675	Picture	50	5887832	0	1	50070	1	0	next	other	0
GPL002	676	Picture	200	5937901	69	1	80078	1	0	80000	other	0
