Scenario - 
Logfile written - 05/08/2021 14:09:48

Subject	Trial	Event Type	Code	Time	TTime	Uncertainty	Duration	Uncertainty	ReqTime	ReqDur	Stim Type	Pair Index

gpl017	1	Response	21	148742	148577	0
gpl017	2	Picture	start	148882	0	1	707275	1	0	next	other	0
gpl017	2	Response	20	176553	27671	0
gpl017	3	Response	20	178633	2080	0
gpl017	3	Response	20	180232	3679	0
gpl017	3	Response	20	181832	5279	0
gpl017	3	Response	20	183272	6719	0
gpl017	3	Response	20	184713	8159	0
gpl017	3	Response	20	710953	534399	0
gpl017	3	Response	20	713032	536479	0
gpl017	3	Pulse	199	856022	679468	0
gpl017	3	Picture	100	856157	679603	1	50070	1	0	50000	other	0
gpl017	3	Pulse	199	868521	691968	0
gpl017	3	Pulse	199	881021	704468	0
gpl017	3	Pulse	199	893522	716969	0
gpl017	3	Pulse	199	906022	729468	0
gpl017	4	Picture	90	906392	0	1	7129	1	0	7000	other	0
gpl017	5	Picture	40	913687	0	1	3482	1	0	3310	other	0
gpl017	6	Picture	90	917335	0	1	7129	1	0	7000	other	0
gpl017	6	Pulse	199	918522	1187	0
gpl017	7	Picture	40	924630	0	1	2819	1	0	2690	other	0
gpl017	8	Picture	90	927614	0	1	7129	1	0	7000	other	0
gpl017	8	Pulse	199	931022	3408	0
gpl017	9	Picture	40	934909	0	1	3813	1	0	3660	other	0
gpl017	10	Picture	90	938888	0	1	7129	1	0	7000	other	0
gpl017	10	Pulse	199	943522	4634	0
gpl017	11	Picture	40	946183	0	1	2155	1	0	2130	other	0
gpl017	12	Picture	90	948504	0	1	7129	1	0	7000	other	0
gpl017	13	Picture	40	955799	0	1	2155	1	0	2140	other	0
gpl017	13	Pulse	199	956021	222	0
gpl017	14	Picture	90	957964	0	322	7119	322	0	7000	other	0
gpl017	15	Picture	40	965249	0	1	2984	1	0	2860	other	0
gpl017	16	Picture	90	968399	0	1	7129	1	0	7000	other	0
gpl017	16	Pulse	199	968521	122	0
gpl017	17	Picture	40	975694	0	1	2155	1	0	1990	other	0
gpl017	18	Picture	90	978015	0	1	7129	1	0	7000	other	0
gpl017	18	Pulse	199	981022	3007	0
gpl017	19	Picture	40	985310	0	1	4476	1	0	4350	other	0
gpl017	20	Picture	90	989952	0	1	7129	1	0	7000	other	0
gpl017	20	Pulse	199	993522	3569	0
gpl017	21	Picture	40	997247	0	1	1824	1	0	1780	other	0
gpl017	22	Picture	90	999237	0	1	7129	1	0	7000	other	0
gpl017	22	Pulse	199	1006022	6785	0
gpl017	23	Picture	40	1006532	0	1	2653	1	0	2490	other	0
gpl017	24	Picture	50	1009350	0	1	30174	1	0	next	other	0
gpl017	24	Pulse	199	1018522	9172	0
gpl017	24	Pulse	199	1031022	21672	0
gpl017	25	Picture	80	1039524	0	1	7129	1	0	7000	other	0
gpl017	25	Pulse	199	1043522	3998	0
gpl017	26	Picture	40	1046819	0	1	2984	1	0	2860	other	0
gpl017	27	Picture	80	1049969	0	1	7129	1	0	7000	other	0
gpl017	27	Pulse	199	1056022	6053	0
gpl017	28	Picture	40	1057264	0	1	2819	1	0	2690	other	0
gpl017	29	Picture	80	1060249	0	1	7129	1	0	7000	other	0
gpl017	30	Picture	40	1067543	0	1	2653	1	0	2490	other	0
gpl017	30	Pulse	199	1068521	978	0
gpl017	31	Picture	80	1070362	0	1	7129	1	0	7000	other	0
gpl017	32	Picture	40	1077657	0	1	4476	1	0	4350	other	0
gpl017	32	Pulse	199	1081021	3365	0
gpl017	33	Picture	80	1082299	0	1	7129	1	0	7000	other	0
gpl017	34	Picture	40	1089594	0	1	3482	1	0	3310	other	0
gpl017	35	Picture	80	1093241	0	1	7129	1	0	7000	other	0
gpl017	35	Pulse	199	1093522	280	0
gpl017	36	Picture	40	1100536	0	1	2155	1	0	1990	other	0
gpl017	37	Picture	85	1102857	0	1	7129	1	0	7000	hit	67
gpl017	37	Pulse	199	1106022	3165	0
gpl017	37	Response	26	1106752	3894	0
gpl017	38	Picture	40	1110152	0	1	1824	1	0	1780	other	0
gpl017	39	Picture	80	1112142	0	1	7129	1	0	7000	other	0
gpl017	39	Pulse	199	1118522	6380	0
gpl017	40	Picture	40	1119437	0	1	2155	1	0	2130	other	0
gpl017	41	Picture	80	1121758	0	1	7129	1	0	7000	other	0
gpl017	42	Picture	40	1129053	0	1	2155	1	0	2140	other	0
gpl017	42	Pulse	199	1131022	1969	0
gpl017	43	Picture	80	1131218	0	322	7119	322	0	7000	other	0
gpl017	44	Picture	40	1138503	0	1	3813	1	0	3660	other	0
gpl017	45	Picture	50	1142482	0	1	50070	1	0	next	other	0
gpl017	45	Pulse	199	1143522	1040	0
gpl017	45	Pulse	199	1156022	13540	0
gpl017	45	Pulse	199	1168522	26040	0
gpl017	45	Pulse	199	1181022	38540	0
gpl017	46	Picture	70	1192552	0	1	7129	1	0	7000	other	0
gpl017	46	Pulse	199	1193521	970	0
gpl017	47	Picture	40	1199847	0	1	2155	1	0	2140	other	0
gpl017	48	Picture	70	1202012	0	322	7119	322	0	7000	other	0
gpl017	48	Pulse	199	1206022	4010	0
gpl017	49	Picture	40	1209297	0	1	2155	1	0	1990	other	0
gpl017	50	Picture	70	1211618	0	1	7129	1	0	7000	other	0
gpl017	50	Pulse	199	1218522	6904	0
gpl017	51	Picture	40	1218913	0	1	2984	1	0	2860	other	0
gpl017	52	Picture	70	1222063	0	1	7129	1	0	7000	other	0
gpl017	53	Picture	40	1229358	0	1	2155	1	0	2130	other	0
gpl017	53	Pulse	199	1231022	1664	0
gpl017	54	Picture	75	1231679	0	1	7129	1	0	7000	hit	95
gpl017	54	Response	25	1235491	3812	0
gpl017	55	Picture	40	1238974	0	1	3813	1	0	3660	other	0
gpl017	56	Picture	70	1242953	0	1	7129	1	0	7000	other	0
gpl017	56	Pulse	199	1243522	569	0
gpl017	57	Picture	40	1250248	0	1	2653	1	0	2490	other	0
gpl017	58	Picture	70	1253066	0	1	7129	1	0	7000	other	0
gpl017	58	Pulse	199	1256022	2956	0
gpl017	59	Picture	40	1260361	0	1	1824	1	0	1780	other	0
gpl017	60	Picture	70	1262351	0	1	7129	1	0	7000	other	0
gpl017	60	Pulse	199	1268522	6172	0
gpl017	61	Picture	40	1269646	0	1	4477	1	0	4350	other	0
gpl017	62	Picture	70	1274288	0	1	7129	1	0	7000	other	0
gpl017	62	Pulse	199	1281022	6734	0
gpl017	63	Picture	40	1281583	0	1	3482	1	0	3310	other	0
gpl017	64	Picture	70	1285230	0	1	7129	1	0	7000	other	0
gpl017	65	Picture	40	1292525	0	1	2819	1	0	2690	other	0
gpl017	65	Pulse	199	1293521	996	0
gpl017	66	Picture	50	1295509	0	1	70131	1	0	next	other	0
gpl017	66	Pulse	199	1306022	10512	0
gpl017	66	Pulse	199	1318521	23012	0
gpl017	66	Pulse	199	1331022	35512	0
gpl017	66	Pulse	199	1343521	48012	0
gpl017	66	Pulse	199	1356022	60512	0
gpl017	67	Picture	60	1365640	0	1	7129	1	0	7000	other	0
gpl017	67	Pulse	199	1368522	2882	0
gpl017	68	Picture	40	1372935	0	1	3813	1	0	3660	other	0
gpl017	69	Picture	60	1376914	0	1	7129	1	0	7000	other	0
gpl017	69	Pulse	199	1381022	4108	0
gpl017	70	Picture	40	1384209	0	1	2155	1	0	2140	other	0
gpl017	71	Picture	65	1386374	0	322	7119	322	0	7000	hit	125
gpl017	71	Response	25	1391151	4777	0
gpl017	71	Pulse	199	1393521	7147	0
gpl017	72	Picture	40	1393659	0	1	1824	1	0	1780	other	0
gpl017	73	Picture	60	1395649	0	1	7129	1	0	7000	other	0
gpl017	74	Picture	40	1402943	0	1	2155	1	0	2130	other	0
gpl017	75	Picture	60	1405265	0	1	7129	1	0	7000	other	0
gpl017	75	Pulse	199	1406021	757	0
gpl017	76	Picture	40	1412560	0	1	2155	1	0	1990	other	0
gpl017	77	Picture	60	1414881	0	1	7129	1	0	7000	other	0
gpl017	77	Pulse	199	1418521	3640	0
gpl017	78	Picture	40	1422176	0	1	3482	1	0	3310	other	0
gpl017	79	Picture	60	1425823	0	1	7129	1	0	7000	other	0
gpl017	79	Pulse	199	1431021	5198	0
gpl017	80	Picture	40	1433118	0	1	2653	1	0	2490	other	0
gpl017	81	Picture	60	1435936	0	1	7129	1	0	7000	other	0
gpl017	82	Picture	40	1443231	0	1	2819	1	0	2690	other	0
gpl017	82	Pulse	199	1443522	290	0
gpl017	83	Picture	65	1446216	0	1	7129	1	0	7000	hit	143
gpl017	83	Response	25	1449732	3516	0
gpl017	84	Picture	40	1453510	0	1	2984	1	0	2860	other	0
gpl017	84	Pulse	199	1456022	2511	0
gpl017	85	Picture	60	1456661	0	1	7129	1	0	7000	other	0
gpl017	86	Picture	40	1463956	0	1	4476	1	0	4350	other	0
gpl017	86	Pulse	199	1468522	4566	0
gpl017	87	Picture	50	1468598	0	1	90192	1	0	next	other	0
gpl017	87	Pulse	199	1481022	12424	0
gpl017	87	Pulse	199	1493522	24924	0
gpl017	87	Pulse	199	1506022	37424	0
gpl017	87	Pulse	199	1518521	49923	0
gpl017	87	Pulse	199	1531021	62423	0
gpl017	87	Pulse	199	1543521	74924	0
gpl017	87	Pulse	199	1556022	87424	0
gpl017	88	Picture	90	1558789	0	1	7129	1	0	7000	other	0
gpl017	89	Picture	40	1566084	0	1	2155	1	0	2140	other	0
gpl017	90	Picture	90	1568250	0	322	7119	322	0	7000	other	0
gpl017	90	Pulse	199	1568522	272	0
gpl017	91	Picture	40	1575534	0	1	1824	1	0	1780	other	0
gpl017	92	Picture	95	1577524	0	1	7129	1	0	7000	hit	164
gpl017	92	Pulse	199	1581022	3498	0
gpl017	92	Response	25	1581192	3668	0
gpl017	93	Picture	40	1584819	0	1	2155	1	0	2130	other	0
gpl017	94	Picture	90	1587140	0	1	7129	1	0	7000	other	0
gpl017	94	Pulse	199	1593522	6382	0
gpl017	95	Picture	40	1594435	0	1	2984	1	0	2860	other	0
gpl017	96	Picture	90	1597585	0	1	7129	1	0	7000	other	0
gpl017	97	Picture	40	1604880	0	1	2653	1	0	2490	other	0
gpl017	97	Pulse	199	1606022	1142	0
gpl017	98	Picture	90	1607698	0	1	7129	1	0	7000	other	0
gpl017	99	Picture	40	1614993	0	1	3482	1	0	3310	other	0
gpl017	99	Pulse	199	1618521	3528	0
gpl017	100	Picture	90	1618641	0	1	7129	1	0	7000	other	0
gpl017	101	Picture	40	1625936	0	1	3813	1	0	3660	other	0
gpl017	102	Picture	90	1629915	0	1	7129	1	0	7000	other	0
gpl017	102	Pulse	199	1631021	1107	0
gpl017	103	Picture	40	1637210	0	1	2818	1	0	2690	other	0
gpl017	104	Picture	90	1640194	0	1	7129	1	0	7000	other	0
gpl017	104	Pulse	199	1643522	3328	0
gpl017	105	Picture	40	1647489	0	1	2155	1	0	1990	other	0
gpl017	106	Picture	90	1649810	0	1	7129	1	0	7000	other	0
gpl017	106	Pulse	199	1656022	6212	0
gpl017	107	Picture	40	1657105	0	1	4476	1	0	4350	other	0
gpl017	108	Picture	50	1661747	0	1	90192	1	0	next	other	0
gpl017	108	Pulse	199	1668522	6775	0
gpl017	108	Pulse	199	1681022	19275	0
gpl017	108	Pulse	199	1693522	31775	0
gpl017	108	Pulse	199	1706022	44275	0
gpl017	108	Pulse	199	1718522	56775	0
gpl017	108	Pulse	199	1731021	69274	0
gpl017	108	Pulse	199	1743521	81774	0
gpl017	109	Picture	80	1751939	0	1	7129	1	0	7000	other	0
gpl017	109	Pulse	199	1756021	4082	0
gpl017	110	Picture	40	1759234	0	1	2155	1	0	2140	other	0
gpl017	111	Picture	80	1761399	0	322	7119	322	0	7000	other	0
gpl017	111	Pulse	199	1768521	7122	0
gpl017	112	Picture	40	1768684	0	1	1824	1	0	1780	other	0
gpl017	113	Picture	80	1770673	0	1	7129	1	0	7000	other	0
gpl017	114	Picture	40	1777968	0	1	2653	1	0	2490	other	0
gpl017	115	Picture	80	1780787	0	1	7129	1	0	7000	other	0
gpl017	115	Pulse	199	1781022	235	0
gpl017	116	Picture	40	1788082	0	1	3482	1	0	3310	other	0
gpl017	117	Picture	80	1791729	0	1	7129	1	0	7000	other	0
gpl017	117	Pulse	199	1793522	1793	0
gpl017	118	Picture	40	1799024	0	1	3813	1	0	3660	other	0
gpl017	119	Picture	80	1803003	0	1	7129	1	0	7000	other	0
gpl017	119	Pulse	199	1806021	3018	0
gpl017	120	Picture	40	1810298	0	1	2984	1	0	2860	other	0
gpl017	121	Picture	80	1813448	0	1	7129	1	0	7000	other	0
gpl017	121	Pulse	199	1818522	5074	0
gpl017	122	Picture	40	1820743	0	1	4476	1	0	4350	other	0
gpl017	123	Picture	80	1825385	0	1	7129	1	0	7000	other	0
gpl017	123	Pulse	199	1831021	5636	0
gpl017	124	Picture	40	1832680	0	1	2155	1	0	2130	other	0
gpl017	125	Picture	85	1835001	0	1	7129	1	0	7000	hit	218
gpl017	125	Response	25	1839662	4661	0
gpl017	126	Picture	40	1842296	0	1	2819	1	0	2690	other	0
gpl017	126	Pulse	199	1843522	1226	0
gpl017	127	Picture	80	1845280	0	1	7129	1	0	7000	other	0
gpl017	128	Picture	40	1852575	0	1	2155	1	0	1990	other	0
gpl017	129	Picture	50	1854896	0	1	70131	1	0	next	other	0
gpl017	129	Pulse	199	1856021	1125	0
gpl017	129	Pulse	199	1868521	13625	0
gpl017	129	Pulse	199	1881021	26125	0
gpl017	129	Pulse	199	1893521	38625	0
gpl017	129	Pulse	199	1906021	51125	0
gpl017	129	Pulse	199	1918522	63625	0
gpl017	130	Picture	70	1925027	0	1	7129	1	0	7000	other	0
gpl017	130	Pulse	199	1931021	5994	0
gpl017	131	Picture	40	1932322	0	1	1824	1	0	1780	other	0
gpl017	132	Picture	70	1934311	0	1	7129	1	0	7000	other	0
gpl017	133	Picture	40	1941606	0	1	3482	1	0	3310	other	0
gpl017	133	Pulse	199	1943522	1916	0
gpl017	134	Picture	70	1945254	0	1	7129	1	0	7000	other	0
gpl017	135	Picture	40	1952549	0	1	2653	1	0	2490	other	0
gpl017	136	Picture	75	1955367	0	1	7129	1	0	7000	hit	240
gpl017	136	Pulse	199	1956021	654	0
gpl017	136	Response	25	1959551	4184	0
gpl017	137	Picture	40	1962662	0	1	2155	1	0	2140	other	0
gpl017	138	Picture	70	1964827	0	322	7119	322	0	7000	other	0
gpl017	138	Pulse	199	1968521	3694	0
gpl017	139	Picture	40	1972112	0	1	2819	1	0	2690	other	0
gpl017	140	Picture	70	1975097	0	1	7129	1	0	7000	other	0
gpl017	140	Pulse	199	1981021	5924	0
gpl017	141	Picture	40	1982391	0	1	2155	1	0	2130	other	0
gpl017	142	Picture	75	1984713	0	1	7129	1	0	7000	hit	249
gpl017	142	Response	25	1987901	3189	0
gpl017	143	Picture	40	1992007	0	1	4476	1	0	4350	other	0
gpl017	143	Pulse	199	1993521	1514	0
gpl017	144	Picture	70	1996650	0	1	7129	1	0	7000	other	0
gpl017	145	Picture	40	2003945	0	1	3813	1	0	3660	other	0
gpl017	145	Pulse	199	2006032	2087	0
gpl017	146	Picture	70	2007924	0	1	7129	1	0	7000	other	0
gpl017	147	Picture	40	2015218	0	1	2155	1	0	1990	other	0
gpl017	148	Picture	70	2017540	0	1	7129	1	0	7000	other	0
gpl017	148	Pulse	199	2018532	992	0
gpl017	149	Picture	40	2024835	0	1	2984	1	0	2860	other	0
gpl017	150	Picture	50	2027985	0	1	50070	1	0	next	other	0
gpl017	150	Pulse	199	2031032	3047	0
gpl017	150	Pulse	199	2043531	15547	0
gpl017	150	Pulse	199	2056032	28047	0
gpl017	150	Pulse	199	2068531	40547	0
gpl017	151	Picture	60	2078054	0	1	7129	1	0	7000	other	0
gpl017	151	Pulse	199	2081031	2977	0
gpl017	152	Picture	40	2085349	0	1	2984	1	0	2860	other	0
gpl017	153	Picture	60	2088499	0	1	7129	1	0	7000	other	0
gpl017	153	Pulse	199	2093531	5032	0
gpl017	154	Picture	40	2095794	0	1	4476	1	0	4350	other	0
gpl017	155	Picture	60	2100436	0	1	7129	1	0	7000	other	0
gpl017	155	Pulse	199	2106032	5595	0
gpl017	156	Picture	40	2107731	0	1	2818	1	0	2690	other	0
gpl017	157	Picture	60	2110715	0	1	7129	1	0	7000	other	0
gpl017	158	Picture	40	2118010	0	1	3482	1	0	3310	other	0
gpl017	158	Pulse	199	2118531	521	0
gpl017	159	Picture	60	2121658	0	1	7129	1	0	7000	other	0
gpl017	160	Picture	40	2128953	0	1	2155	1	0	2130	other	0
gpl017	160	Pulse	199	2131031	2079	0
gpl017	161	Picture	60	2131274	0	1	7129	1	0	7000	other	0
gpl017	162	Picture	40	2138569	0	1	1824	1	0	1780	other	0
gpl017	163	Picture	60	2140558	0	1	7129	1	0	7000	other	0
gpl017	163	Pulse	199	2143531	2973	0
gpl017	164	Picture	40	2147853	0	1	3813	1	0	3660	other	0
gpl017	165	Picture	60	2151832	0	1	7129	1	0	7000	other	0
gpl017	165	Pulse	199	2156031	4199	0
gpl017	166	Picture	40	2159127	0	1	2155	1	0	2140	other	0
gpl017	167	Picture	60	2161293	0	322	7119	322	0	7000	other	0
gpl017	167	Pulse	199	2168531	7239	1
gpl017	168	Picture	40	2168577	0	1	2155	1	0	1990	other	0
gpl017	169	Picture	60	2170898	0	1	7129	1	0	7000	other	0
gpl017	170	Picture	40	2178193	0	1	2653	1	0	2490	other	0
gpl017	171	Picture	50	2181012	0	1	30174	1	0	next	other	0
gpl017	171	Pulse	199	2181031	19	0
gpl017	171	Pulse	199	2193531	12519	0
gpl017	171	Pulse	199	2206030	25019	0
gpl017	172	Picture	90	2211186	0	1	7129	1	0	7000	other	0
gpl017	173	Picture	40	2218481	0	1	2155	1	0	2140	other	0
gpl017	173	Pulse	199	2218531	50	0
gpl017	174	Picture	90	2220646	0	322	7119	323	0	7000	other	0
gpl017	175	Picture	40	2227931	0	1	2984	1	0	2860	other	0
gpl017	175	Pulse	199	2231031	3100	0
gpl017	176	Picture	95	2231081	0	1	7129	1	0	7000	hit	304
gpl017	176	Response	25	2235741	4659	0
gpl017	177	Picture	40	2238376	0	1	2653	1	0	2490	other	0
gpl017	178	Picture	90	2241195	0	1	7129	1	0	7000	other	0
gpl017	178	Pulse	199	2243531	2336	0
gpl017	179	Picture	40	2248490	0	1	3813	1	0	3660	other	0
gpl017	180	Picture	90	2252469	0	1	7129	1	0	7000	other	0
gpl017	180	Pulse	199	2256031	3563	0
gpl017	181	Picture	40	2259764	0	1	2819	1	0	2690	other	0
gpl017	182	Picture	90	2262748	0	1	7129	1	0	7000	other	0
gpl017	182	Pulse	199	2268532	5784	0
gpl017	183	Picture	40	2270043	0	1	3482	1	0	3310	other	0
gpl017	184	Picture	90	2273690	0	1	7129	1	0	7000	other	0
gpl017	185	Picture	40	2280985	0	1	2155	1	0	1990	other	0
gpl017	185	Pulse	199	2281032	46	0
gpl017	186	Picture	90	2283306	0	1	7129	1	0	7000	other	0
gpl017	187	Picture	40	2290601	0	1	2155	1	0	2130	other	0
gpl017	188	Picture	90	2292922	0	1	7129	1	0	7000	other	0
gpl017	188	Pulse	199	2293531	609	0
gpl017	189	Picture	40	2300217	0	1	1824	1	0	1780	other	0
gpl017	190	Picture	90	2302207	0	1	7129	1	0	7000	other	0
gpl017	190	Pulse	199	2306031	3824	0
gpl017	191	Picture	40	2309502	0	1	4476	1	0	4350	other	0
gpl017	192	Picture	50	2314144	0	1	70131	1	0	next	other	0
gpl017	192	Pulse	199	2318531	4387	0
gpl017	192	Pulse	199	2331031	16887	0
gpl017	192	Pulse	199	2343531	29387	0
gpl017	192	Pulse	199	2356031	41887	0
gpl017	192	Pulse	199	2368531	54387	0
gpl017	192	Pulse	199	2381031	66887	0
gpl017	193	Picture	80	2384275	0	1	7129	1	0	7000	other	0
gpl017	194	Picture	40	2391569	0	1	2155	1	0	1990	other	0
gpl017	194	Pulse	199	2393532	1962	0
gpl017	195	Picture	80	2393891	0	1	7129	1	0	7000	other	0
gpl017	196	Picture	40	2401185	0	1	4476	1	0	4350	other	0
gpl017	197	Picture	80	2405828	0	1	7129	1	0	7000	other	0
gpl017	197	Pulse	199	2406031	204	0
gpl017	198	Picture	40	2413123	0	1	2984	1	0	2860	other	0
gpl017	199	Picture	85	2416273	0	1	7129	1	0	7000	hit	343
gpl017	199	Pulse	199	2418531	2258	0
gpl017	199	Response	25	2419691	3418	0
gpl017	200	Picture	40	2423568	0	1	2155	1	0	2140	other	0
gpl017	201	Picture	80	2425733	0	322	7119	322	0	7000	other	0
gpl017	201	Pulse	199	2431031	5298	0
gpl017	202	Picture	40	2433018	0	1	1824	1	0	1780	other	0
gpl017	203	Picture	85	2435007	0	1	7129	1	0	7000	hit	349
gpl017	203	Response	25	2439902	4894	0
gpl017	204	Picture	40	2442302	0	1	3813	1	0	3660	other	0
gpl017	204	Pulse	199	2443531	1229	0
gpl017	205	Picture	80	2446281	0	1	7129	1	0	7000	other	0
gpl017	206	Picture	40	2453576	0	1	3482	1	0	3310	other	0
gpl017	206	Pulse	199	2456032	2456	0
gpl017	207	Picture	80	2457224	0	1	7129	1	0	7000	other	0
gpl017	208	Picture	40	2464519	0	1	2155	1	0	2130	other	0
gpl017	209	Picture	80	2466840	0	1	7129	1	0	7000	other	0
gpl017	209	Pulse	199	2468532	1692	0
gpl017	210	Picture	40	2474135	0	1	2653	1	0	2490	other	0
gpl017	211	Picture	80	2476953	0	1	7129	1	0	7000	other	0
gpl017	211	Pulse	199	2481032	4079	0
gpl017	212	Picture	40	2484248	0	1	2819	1	0	2690	other	0
gpl017	213	Picture	50	2487232	0	1	30174	1	0	next	other	0
gpl017	213	Pulse	199	2493532	6299	0
gpl017	213	Pulse	199	2506032	18799	0
gpl017	214	Picture	70	2517407	0	1	7129	1	0	7000	other	0
gpl017	214	Pulse	199	2518531	1125	0
gpl017	215	Picture	40	2524702	0	1	2653	1	0	2490	other	0
gpl017	216	Picture	70	2527520	0	1	7129	1	0	7000	other	0
gpl017	216	Pulse	199	2531031	3511	0
gpl017	217	Picture	40	2534815	0	1	2155	1	0	2140	other	0
gpl017	218	Picture	70	2536980	0	322	7119	322	0	7000	other	0
gpl017	218	Pulse	199	2543531	6551	0
gpl017	219	Picture	40	2544265	0	1	2155	1	0	1990	other	0
gpl017	220	Picture	70	2546586	0	1	7129	1	0	7000	other	0
gpl017	221	Picture	40	2553881	0	1	1824	1	0	1780	other	0
gpl017	222	Picture	70	2555871	0	1	7129	1	0	7000	other	0
gpl017	222	Pulse	199	2556031	160	0
gpl017	223	Picture	40	2563166	0	1	2984	1	0	2860	other	0
gpl017	224	Picture	70	2566316	0	1	7129	1	0	7000	other	0
gpl017	224	Pulse	199	2568532	2216	0
gpl017	225	Picture	40	2573611	0	1	2819	1	0	2690	other	0
gpl017	226	Picture	70	2576595	0	1	7129	1	0	7000	other	0
gpl017	226	Pulse	199	2581031	4436	0
gpl017	227	Picture	40	2583890	0	1	3813	1	0	3660	other	0
gpl017	228	Picture	70	2587869	0	1	7129	1	0	7000	other	0
gpl017	228	Pulse	199	2593532	5663	0
gpl017	229	Picture	40	2595164	0	1	4476	1	0	4350	other	0
gpl017	230	Picture	70	2599806	0	1	7129	1	0	7000	other	0
gpl017	230	Pulse	199	2606031	6225	0
gpl017	231	Picture	40	2607101	0	1	2155	1	0	2130	other	0
gpl017	232	Picture	70	2609422	0	1	7129	1	0	7000	other	0
gpl017	233	Picture	40	2616717	0	1	3482	1	0	3310	other	0
gpl017	233	Pulse	199	2618532	1815	0
gpl017	234	Picture	50	2620364	0	1	90191	1	0	next	other	0
gpl017	234	Pulse	199	2631031	10667	0
gpl017	234	Pulse	199	2643531	23166	0
gpl017	234	Pulse	199	2656031	35666	0
gpl017	234	Pulse	199	2668532	48167	0
gpl017	234	Pulse	199	2681031	60667	0
gpl017	234	Pulse	199	2693531	73167	0
gpl017	234	Pulse	199	2706031	85666	0
gpl017	235	Picture	60	2710555	0	1	7129	2	0	7000	other	0
gpl017	236	Picture	40	2717851	0	1	2984	1	0	2860	other	0
gpl017	236	Pulse	199	2718532	681	0
gpl017	237	Picture	60	2721001	0	1	7129	1	0	7000	other	0
gpl017	238	Picture	40	2728296	0	1	2653	1	0	2490	other	0
gpl017	238	Pulse	199	2731031	2735	0
gpl017	239	Picture	60	2731114	0	1	7129	1	0	7000	other	0
gpl017	240	Picture	40	2738409	0	1	4476	1	0	4350	other	0
gpl017	241	Picture	60	2743051	0	1	7129	1	0	7000	other	0
gpl017	241	Pulse	199	2743531	480	0
gpl017	242	Picture	40	2750346	0	1	3813	1	0	3660	other	0
gpl017	243	Picture	60	2754325	0	1	7129	1	0	7000	other	0
gpl017	243	Pulse	199	2756031	1705	0
gpl017	244	Picture	40	2761620	0	1	2818	1	0	2690	other	0
gpl017	245	Picture	60	2764605	0	1	7129	1	0	7000	other	0
gpl017	245	Pulse	199	2768531	3926	0
gpl017	246	Picture	40	2771899	0	1	2155	1	0	2140	other	0
gpl017	247	Picture	60	2774065	0	322	7119	322	0	7000	other	0
gpl017	247	Pulse	199	2781032	6967	0
gpl017	248	Picture	40	2781350	0	1	1824	1	0	1780	other	0
gpl017	249	Picture	65	2783339	0	1	7129	1	0	7000	hit	424
gpl017	249	Response	25	2788062	4722	0
gpl017	250	Picture	40	2790634	0	1	2155	1	0	1990	other	0
gpl017	251	Picture	60	2792955	0	1	7129	1	0	7000	other	0
gpl017	251	Pulse	199	2793532	576	0
gpl017	252	Picture	40	2800250	0	1	2155	1	0	2130	other	0
gpl017	253	Picture	60	2802571	0	1	7129	1	0	7000	other	0
gpl017	253	Pulse	199	2806032	3460	0
gpl017	254	Picture	40	2809866	0	1	3482	1	0	3310	other	0
gpl017	255	Picture	50	2813514	0	1	50070	1	0	next	other	0
gpl017	255	Pulse	199	2818532	5018	0
gpl017	255	Pulse	199	2831031	17518	0
gpl017	255	Pulse	199	2843531	30018	0
gpl017	255	Pulse	199	2856031	42517	0
gpl017	256	Picture	90	2863583	0	1	7129	1	0	7000	other	0
gpl017	256	Pulse	199	2868531	4948	0
gpl017	257	Picture	40	2870878	0	1	2819	1	0	2690	other	0
gpl017	258	Picture	90	2873862	0	1	7129	1	0	7000	other	0
gpl017	258	Pulse	199	2881031	7169	0
gpl017	259	Picture	40	2881157	0	1	2155	1	0	1990	other	0
gpl017	260	Picture	90	2883478	0	1	7129	1	0	7000	other	0
gpl017	261	Picture	40	2890773	0	1	4476	1	0	4350	other	0
gpl017	261	Pulse	199	2893531	2758	0
gpl017	262	Picture	95	2895416	0	1	7129	1	0	7000	hit	447
gpl017	262	Response	25	2898801	3386	0
gpl017	263	Picture	40	2902710	0	1	2155	1	0	2140	other	0
gpl017	264	Picture	90	2904876	0	322	7119	322	0	7000	other	0
gpl017	264	Pulse	199	2906032	1156	0
gpl017	265	Picture	40	2912161	0	1	2653	1	0	2490	other	0
gpl017	266	Picture	90	2914979	0	1	7129	1	0	7000	other	0
gpl017	266	Pulse	199	2918532	3552	0
gpl017	267	Picture	40	2922274	0	1	3813	1	0	3660	other	0
gpl017	268	Picture	95	2926253	0	1	7129	1	0	7000	hit	456
gpl017	268	Response	25	2930172	3918	0
gpl017	268	Pulse	199	2931031	4778	0
gpl017	269	Picture	40	2933548	0	1	2155	1	0	2130	other	0
gpl017	270	Picture	90	2935869	0	1	7129	1	0	7000	other	0
gpl017	271	Picture	40	2943164	0	1	3482	1	0	3310	other	0
gpl017	271	Pulse	199	2943532	367	0
gpl017	272	Picture	90	2946812	0	1	7129	1	0	7000	other	0
gpl017	273	Picture	40	2954106	0	1	1824	1	0	1780	other	0
gpl017	273	Pulse	199	2956031	1925	0
gpl017	274	Picture	90	2956096	0	1	7129	1	0	7000	other	0
gpl017	275	Picture	40	2963391	0	1	2984	1	0	2860	other	0
gpl017	276	Picture	50	2966541	0	1	50070	1	0	next	other	0
gpl017	276	Pulse	199	2968531	1990	0
gpl017	276	Pulse	199	2981031	14490	0
gpl017	276	Pulse	199	2993531	26990	0
gpl017	276	Pulse	199	3006032	39491	0
gpl017	277	Picture	80	3016610	0	1	7129	1	0	7000	other	0
gpl017	277	Pulse	199	3018532	1921	0
gpl017	278	Picture	40	3023905	0	1	2155	1	0	2130	other	0
gpl017	279	Picture	80	3026227	0	1	7129	1	0	7000	other	0
gpl017	279	Pulse	199	3031032	4805	0
gpl017	280	Picture	40	3033521	0	1	2984	1	0	2860	other	0
gpl017	281	Picture	80	3036671	0	1	7129	1	0	7000	other	0
gpl017	281	Pulse	199	3043532	6860	0
gpl017	282	Picture	40	3043966	0	1	1824	1	0	1780	other	0
gpl017	283	Picture	80	3045956	0	1	7129	1	0	7000	other	0
gpl017	284	Picture	40	3053251	0	1	2155	1	0	1990	other	0
gpl017	285	Picture	80	3055572	0	1	7129	1	0	7000	other	0
gpl017	285	Pulse	199	3056032	460	0
gpl017	286	Picture	40	3062867	0	1	4476	1	0	4350	other	0
gpl017	287	Picture	80	3067509	0	1	7129	1	0	7000	other	0
gpl017	287	Pulse	199	3068531	1022	0
gpl017	288	Picture	40	3074804	0	1	2155	1	0	2140	other	0
gpl017	289	Picture	80	3076969	0	322	7119	322	0	7000	other	0
gpl017	289	Pulse	199	3081031	4062	0
gpl017	290	Picture	40	3084254	0	1	2819	1	0	2690	other	0
gpl017	291	Picture	80	3087238	0	1	7129	1	0	7000	other	0
gpl017	291	Pulse	199	3093531	6292	0
gpl017	292	Picture	40	3094533	0	1	3482	1	0	3310	other	0
gpl017	293	Picture	80	3098181	0	1	7129	1	0	7000	other	0
gpl017	294	Picture	40	3105476	0	1	3813	1	0	3660	other	0
gpl017	294	Pulse	199	3106031	555	0
gpl017	295	Picture	80	3109455	0	1	7129	1	0	7000	other	0
gpl017	296	Picture	40	3116750	0	1	2653	1	0	2490	other	0
gpl017	296	Pulse	199	3118531	1782	0
gpl017	297	Picture	50	3119568	0	1	90192	1	0	next	other	0
gpl017	297	Pulse	199	3131032	11463	0
gpl017	297	Pulse	199	3143531	23963	0
gpl017	297	Pulse	199	3156031	36463	0
gpl017	297	Pulse	199	3168531	48963	0
gpl017	297	Pulse	199	3181031	61463	0
gpl017	297	Pulse	199	3193530	73962	0
gpl017	297	Pulse	199	3206030	86462	0
gpl017	298	Picture	70	3209760	0	1	7129	1	0	7000	other	0
gpl017	299	Picture	40	3217055	0	1	2155	1	0	2130	other	0
gpl017	299	Pulse	199	3218531	1476	0
gpl017	300	Picture	70	3219376	0	1	7129	1	0	7000	other	0
gpl017	301	Picture	40	3226671	0	1	4476	1	0	4350	other	0
gpl017	301	Pulse	199	3231021	4350	11
gpl017	302	Picture	70	3231313	0	1	7129	1	0	7000	other	0
gpl017	303	Picture	40	3238608	0	1	2155	1	0	2140	other	0
gpl017	304	Picture	70	3240773	0	322	7119	322	0	7000	other	0
gpl017	304	Pulse	199	3243531	2758	0
gpl017	305	Picture	40	3248058	0	1	2984	1	0	2860	other	0
gpl017	306	Picture	70	3251208	0	1	7129	1	0	7000	other	0
gpl017	306	Pulse	199	3256031	4823	0
gpl017	307	Picture	40	3258503	0	1	2653	1	0	2490	other	0
gpl017	308	Picture	70	3261322	0	1	7129	1	0	7000	other	0
gpl017	308	Pulse	199	3268531	7210	0
gpl017	309	Picture	40	3268616	0	1	3482	1	0	3310	other	0
gpl017	310	Picture	70	3272264	0	1	7129	1	0	7000	other	0
gpl017	311	Picture	40	3279559	0	1	2819	1	0	2690	other	0
gpl017	311	Pulse	199	3281031	1473	0
gpl017	312	Picture	70	3282543	0	1	7129	1	0	7000	other	0
gpl017	313	Picture	40	3289838	0	1	3813	1	0	3660	other	0
gpl017	313	Pulse	199	3293531	3693	0
gpl017	314	Picture	70	3293817	0	1	7129	1	0	7000	other	0
gpl017	315	Picture	40	3301112	0	1	2155	1	0	1990	other	0
gpl017	316	Picture	75	3303433	0	1	7129	1	0	7000	hit	536
gpl017	316	Pulse	199	3306031	2598	0
gpl017	316	Response	25	3308251	4818	0
gpl017	317	Picture	40	3310728	0	1	1824	1	0	1780	other	0
gpl017	318	Picture	50	3312717	0	1	30174	1	0	next	other	0
gpl017	318	Pulse	199	3318531	5814	0
gpl017	318	Pulse	199	3331031	18314	0
gpl017	319	Picture	60	3342892	0	1	7129	1	0	7000	other	0
gpl017	319	Pulse	199	3343531	640	0
gpl017	320	Picture	40	3350187	0	1	2984	1	0	2860	other	0
gpl017	321	Picture	60	3353337	0	1	7129	1	0	7000	other	0
gpl017	321	Pulse	199	3356031	2695	0
gpl017	322	Picture	40	3360632	0	1	2155	1	0	2130	other	0
gpl017	323	Picture	60	3362953	0	1	7129	1	0	7000	other	0
gpl017	323	Pulse	199	3368531	5579	0
gpl017	324	Picture	40	3370248	0	1	2155	1	0	1990	other	0
gpl017	325	Picture	60	3372569	0	1	7129	1	0	7000	other	0
gpl017	326	Picture	40	3379864	0	1	2653	1	0	2490	other	0
gpl017	326	Pulse	199	3381031	1168	0
gpl017	327	Picture	60	3382682	0	1	7129	1	0	7000	other	0
gpl017	328	Picture	40	3389977	0	1	3482	1	0	3310	other	0
gpl017	328	Pulse	199	3393531	3554	0
gpl017	329	Picture	60	3393625	0	1	7129	1	0	7000	other	0
gpl017	330	Picture	40	3400920	0	1	2155	1	0	2140	other	0
gpl017	331	Picture	60	3403241	0	1	7129	1	0	7000	other	0
gpl017	331	Pulse	199	3406031	2790	0
gpl017	332	Picture	40	3410536	0	1	3813	1	0	3660	other	0
gpl017	333	Picture	65	3414515	0	1	7129	1	0	7000	hit	562
gpl017	333	Response	25	3418231	3716	0
gpl017	333	Pulse	199	3418530	4016	0
gpl017	334	Picture	40	3421809	0	1	2818	1	0	2690	other	0
gpl017	335	Picture	60	3424794	0	1	7129	1	0	7000	other	0
gpl017	335	Pulse	199	3431031	6237	0
gpl017	336	Picture	40	3432089	0	1	4476	1	0	4350	other	0
gpl017	337	Picture	60	3436731	0	1	7129	1	0	7000	other	0
gpl017	337	Pulse	199	3443531	6800	0
gpl017	338	Picture	40	3444026	0	1	1824	1	0	1780	other	0
gpl017	339	Picture	50	3446015	0	1	70131	1	0	next	other	0
gpl017	339	Pulse	199	3456031	10016	0
gpl017	339	Pulse	199	3468531	22516	0
gpl017	339	Pulse	199	3481031	35016	0
gpl017	339	Pulse	199	3493531	47516	0
gpl017	339	Pulse	199	3506032	60016	0
gpl017	340	Picture	90	3516146	0	1	7129	1	0	7000	other	0
gpl017	340	Pulse	199	3518531	2385	0
gpl017	341	Picture	40	3523441	0	1	2155	1	0	2140	other	0
gpl017	342	Picture	90	3525606	0	322	7119	322	0	7000	other	0
gpl017	342	Pulse	199	3531031	5425	0
gpl017	343	Picture	40	3532891	0	1	2653	1	0	2490	other	0
gpl017	344	Picture	90	3535710	0	1	7129	1	0	7000	other	0
gpl017	345	Picture	40	3543004	0	1	1824	1	0	1780	other	0
gpl017	345	Pulse	199	3543531	526	0
gpl017	346	Picture	90	3544994	0	1	7129	1	0	7000	other	0
gpl017	347	Picture	40	3552289	0	1	3482	1	0	3310	other	0
gpl017	348	Picture	95	3555936	0	1	7129	1	0	7000	hit	590
gpl017	348	Pulse	199	3556031	95	0
gpl017	348	Response	25	3559501	3565	0
gpl017	349	Picture	40	3563231	0	1	4476	1	0	4350	other	0
gpl017	350	Picture	90	3567873	0	1	7129	2	0	7000	other	0
gpl017	350	Pulse	199	3568531	658	0
gpl017	351	Picture	40	3575168	0	1	2984	1	0	2860	other	0
gpl017	352	Picture	90	3578318	0	1	7129	1	0	7000	other	0
gpl017	352	Pulse	199	3581031	2712	0
gpl017	353	Picture	40	3585613	0	1	3813	1	0	3660	other	0
gpl017	354	Picture	90	3589592	0	1	7129	1	0	7000	other	0
gpl017	354	Pulse	199	3593531	3939	0
gpl017	355	Picture	40	3596887	0	1	2819	1	0	2690	other	0
gpl017	356	Picture	90	3599872	0	1	7129	1	0	7000	other	0
gpl017	356	Pulse	199	3606031	6159	0
gpl017	357	Picture	40	3607166	0	1	2155	1	0	2130	other	0
gpl017	358	Picture	90	3609488	0	1	7129	1	0	7000	other	0
gpl017	359	Picture	40	3616782	0	1	2155	1	0	1990	other	0
gpl017	359	Pulse	199	3618531	1749	0
gpl017	360	Picture	50	3619104	0	1	90192	1	0	next	other	0
gpl017	360	Pulse	199	3631031	11927	0
gpl017	360	Pulse	199	3643531	24427	0
gpl017	360	Pulse	199	3656030	36927	0
gpl017	360	Pulse	199	3668531	49428	0
gpl017	360	Pulse	199	3681031	61927	0
gpl017	360	Pulse	199	3693531	74428	0
gpl017	360	Pulse	199	3706031	86927	0
gpl017	361	Picture	80	3709295	0	1	7129	1	0	7000	other	0
gpl017	362	Picture	40	3716590	0	1	2818	1	0	2690	other	0
gpl017	362	Pulse	199	3718541	1951	0
gpl017	363	Picture	80	3719574	0	1	7129	1	0	7000	other	0
gpl017	364	Picture	40	3726869	0	1	2155	1	0	2130	other	0
gpl017	365	Picture	80	3729190	0	1	7129	1	0	7000	other	0
gpl017	365	Pulse	199	3731041	1851	0
gpl017	366	Picture	40	3736485	0	1	2155	1	0	2140	other	0
gpl017	367	Picture	80	3738651	0	322	7119	322	0	7000	other	0
gpl017	367	Pulse	199	3743531	4880	0
gpl017	368	Picture	40	3745935	0	1	4477	1	0	4350	other	0
gpl017	369	Picture	85	3750578	0	1	7129	1	0	7000	hit	627
gpl017	369	Response	25	3754021	3443	0
gpl017	369	Pulse	199	3756040	5462	0
gpl017	370	Picture	40	3757873	0	1	3482	1	0	3310	other	0
gpl017	371	Picture	80	3761520	0	1	7129	1	0	7000	other	0
gpl017	371	Pulse	199	3768540	7020	0
gpl017	372	Picture	40	3768815	0	1	2155	1	0	1990	other	0
gpl017	373	Picture	85	3771136	0	1	7129	1	0	7000	hit	634
gpl017	373	Response	25	3775311	4175	0
gpl017	374	Picture	40	3778431	0	1	2984	1	0	2860	other	0
gpl017	374	Pulse	199	3781041	2610	0
gpl017	375	Picture	80	3781581	0	1	7129	1	0	7000	other	0
gpl017	376	Picture	40	3788876	0	1	3813	1	0	3660	other	0
gpl017	377	Picture	80	3792855	0	1	7129	1	0	7000	other	0
gpl017	377	Pulse	199	3793541	686	0
gpl017	378	Picture	40	3800150	0	1	1824	1	0	1780	other	0
gpl017	379	Picture	80	3802140	0	1	7129	1	0	7000	other	0
gpl017	379	Pulse	199	3806041	3901	0
gpl017	380	Picture	40	3809434	0	1	2653	1	0	2490	other	0
gpl017	381	Picture	50	3812253	0	1	30174	1	0	next	other	0
gpl017	381	Pulse	199	3818540	6288	0
gpl017	381	Pulse	199	3831041	18788	0
gpl017	382	Picture	70	3842427	0	1	7129	1	0	7000	other	0
gpl017	382	Pulse	199	3843541	1113	0
gpl017	383	Picture	40	3849722	0	1	3813	1	0	3660	other	0
gpl017	384	Picture	70	3853701	0	1	7129	1	0	7000	other	0
gpl017	384	Pulse	199	3856041	2339	0
gpl017	385	Picture	40	3860996	0	1	1824	1	0	1780	other	0
gpl017	386	Picture	70	3862986	0	1	7129	1	0	7000	other	0
gpl017	386	Pulse	199	3868540	5554	0
gpl017	387	Picture	40	3870281	0	1	2984	1	0	2860	other	0
gpl017	388	Picture	70	3873431	0	1	7129	1	0	7000	other	0
gpl017	389	Picture	40	3880726	0	1	2653	1	0	2490	other	0
gpl017	389	Pulse	199	3881040	315	0
gpl017	390	Picture	70	3883544	0	1	7129	1	0	7000	other	0
gpl017	391	Picture	40	3890839	0	1	2155	1	0	2130	other	0
gpl017	392	Picture	70	3893160	0	1	7129	1	0	7000	other	0
gpl017	392	Pulse	199	3893541	380	0
gpl017	393	Picture	40	3900455	0	1	3482	1	0	3310	other	0
gpl017	394	Picture	70	3904102	0	1	7129	1	0	7000	other	0
gpl017	394	Pulse	199	3906041	1939	0
gpl017	395	Picture	40	3911397	0	1	2155	1	0	1990	other	0
gpl017	396	Picture	70	3913718	0	1	7129	1	0	7000	other	0
gpl017	396	Pulse	199	3918541	4822	0
gpl017	397	Picture	40	3921013	0	1	4476	1	0	4350	other	0
gpl017	398	Picture	70	3925656	0	1	7129	1	0	7000	other	0
gpl017	398	Pulse	199	3931041	5386	0
gpl017	399	Picture	40	3932950	0	1	2155	1	0	2140	other	0
gpl017	400	Picture	70	3935116	0	322	7119	322	0	7000	other	0
gpl017	401	Picture	40	3942401	0	1	2818	1	0	2690	other	0
gpl017	401	Pulse	199	3943541	1140	0
gpl017	402	Picture	50	3945385	0	1	50070	1	0	next	other	0
gpl017	402	Pulse	199	3956041	10656	0
gpl017	402	Pulse	199	3968540	23156	0
gpl017	402	Pulse	199	3981041	35656	0
gpl017	402	Pulse	199	3993540	48155	0
gpl017	403	Picture	60	3995454	0	1	7129	1	0	7000	other	0
gpl017	404	Picture	40	4002749	0	1	1824	1	0	1780	other	0
gpl017	405	Picture	60	4004739	0	1	7129	1	0	7000	other	0
gpl017	405	Pulse	199	4006041	1302	0
gpl017	406	Picture	40	4012034	0	1	2984	1	0	2860	other	0
gpl017	407	Picture	60	4015184	0	1	7129	1	0	7000	other	0
gpl017	407	Pulse	199	4018541	3357	0
gpl017	408	Picture	40	4022479	0	1	2653	1	0	2490	other	0
gpl017	409	Picture	60	4025297	0	1	7129	1	0	7000	other	0
gpl017	409	Pulse	199	4031041	5744	0
gpl017	410	Picture	40	4032592	0	1	2818	1	0	2690	other	0
gpl017	411	Picture	60	4035577	0	1	7129	1	0	7000	other	0
gpl017	412	Picture	40	4042871	0	1	2155	1	0	2130	other	0
gpl017	412	Pulse	199	4043541	670	0
gpl017	413	Picture	60	4045193	0	1	7129	1	0	7000	other	0
gpl017	414	Picture	40	4052487	0	1	3813	1	0	3660	other	0
gpl017	414	Pulse	199	4056041	3554	0
gpl017	415	Picture	60	4056466	0	1	7129	1	0	7000	other	0
gpl017	416	Picture	40	4063761	0	1	2155	1	0	1990	other	0
gpl017	417	Picture	60	4066083	0	1	7129	1	0	7000	other	0
gpl017	417	Pulse	199	4068542	2459	0
gpl017	418	Picture	40	4073377	0	1	2155	1	0	2140	other	0
gpl017	419	Picture	60	4075543	0	322	7119	322	0	7000	other	0
gpl017	419	Pulse	199	4081041	5498	0
gpl017	420	Picture	40	4082828	0	1	3482	1	0	3310	other	0
gpl017	421	Picture	65	4086475	0	1	7129	1	0	7000	hit	708
gpl017	421	Response	25	4091321	4846	0
gpl017	421	Pulse	199	4093540	7065	0
gpl017	422	Picture	40	4093770	0	1	4476	1	0	4350	other	0
gpl017	423	Picture	50	4098412	0	1	70131	1	0	next	other	0
gpl017	423	Pulse	199	4106041	7629	0
gpl017	423	Pulse	199	4118541	20128	0
gpl017	423	Pulse	199	4131041	32629	0
gpl017	423	Pulse	199	4143541	45129	0
gpl017	423	Pulse	199	4156041	57629	0
gpl017	423	Pulse	199	4168541	70129	0
gpl017	424	Picture	90	4168543	0	1	7129	1	0	7000	other	0
gpl017	425	Picture	40	4175838	0	1	2155	1	0	1990	other	0
gpl017	426	Picture	90	4178159	0	1	7129	1	0	7000	other	0
gpl017	426	Pulse	199	4181041	2882	0
gpl017	427	Picture	40	4185454	0	1	3482	1	0	3310	other	0
gpl017	428	Picture	95	4189101	0	1	7129	1	0	7000	hit	725
gpl017	428	Pulse	199	4193541	4440	0
gpl017	428	Response	25	4193651	4550	0
gpl017	429	Picture	40	4196396	0	1	3813	1	0	3660	other	0
gpl017	430	Picture	90	4200375	0	1	7129	1	0	7000	other	0
gpl017	430	Pulse	199	4206040	5665	0
gpl017	431	Picture	40	4207670	0	1	4476	1	0	4350	other	0
gpl017	432	Picture	90	4212312	0	1	7129	1	0	7000	other	0
gpl017	432	Pulse	199	4218541	6229	0
gpl017	433	Picture	40	4219607	0	1	1824	1	0	1780	other	0
gpl017	434	Picture	90	4221597	0	1	7129	1	0	7000	other	0
gpl017	435	Picture	40	4228892	0	1	2819	1	0	2690	other	0
gpl017	435	Pulse	199	4231041	2150	0
gpl017	436	Picture	90	4231876	0	1	7129	1	0	7000	other	0
gpl017	437	Picture	40	4239171	0	1	2155	1	0	2130	other	0
gpl017	438	Picture	90	4241492	0	1	7129	1	0	7000	other	0
gpl017	438	Pulse	199	4243541	2049	0
gpl017	439	Picture	40	4248787	0	1	2653	1	0	2490	other	0
gpl017	440	Picture	95	4251605	0	1	7129	1	0	7000	hit	742
gpl017	440	Response	25	4255931	4326	0
gpl017	440	Pulse	199	4256041	4436	0
gpl017	441	Picture	40	4258900	0	1	2984	1	0	2860	other	0
gpl017	442	Picture	90	4262050	0	1	7129	1	0	7000	other	0
gpl017	442	Pulse	199	4268541	6491	0
gpl017	443	Picture	40	4269345	0	1	2155	1	0	2140	other	0
gpl017	444	Picture	50	4271511	0	322	70121	322	0	next	other	0
gpl017	444	Pulse	199	4281041	9531	0
gpl017	444	Pulse	199	4293541	22031	0
gpl017	444	Pulse	199	4306040	34530	0
gpl017	444	Pulse	199	4318540	47030	0
gpl017	444	Pulse	199	4331040	59530	0
gpl017	445	Picture	80	4341631	0	1	7129	1	0	7000	other	0
gpl017	445	Pulse	199	4343541	1910	0
gpl017	446	Picture	40	4348926	0	1	2653	1	0	2490	other	0
gpl017	447	Picture	80	4351744	0	1	7129	1	0	7000	other	0
gpl017	447	Pulse	199	4356041	4296	0
gpl017	448	Picture	40	4359039	0	1	2155	1	0	2140	other	0
gpl017	449	Picture	80	4361205	0	322	7119	322	0	7000	other	0
gpl017	450	Picture	40	4368490	0	1	2155	1	0	2130	other	0
gpl017	450	Pulse	199	4368541	52	0
gpl017	451	Picture	80	4370811	0	1	7129	1	0	7000	other	0
gpl017	452	Picture	40	4378106	0	1	1824	1	0	1780	other	0
gpl017	453	Picture	80	4380095	0	1	7129	1	0	7000	other	0
gpl017	453	Pulse	199	4381041	945	0
gpl017	454	Picture	40	4387390	0	1	2984	1	0	2860	other	0
gpl017	455	Picture	80	4390540	0	1	7129	1	0	7000	other	0
gpl017	455	Pulse	199	4393541	3001	0
gpl017	456	Picture	40	4397835	0	1	3813	1	0	3660	other	0
gpl017	457	Picture	80	4401814	0	1	7129	1	0	7000	other	0
gpl017	457	Pulse	199	4406041	4227	0
gpl017	458	Picture	40	4409109	0	1	2818	1	0	2690	other	0
gpl017	459	Picture	80	4412093	0	1	7129	1	0	7000	other	0
gpl017	459	Pulse	199	4418541	6447	0
gpl017	460	Picture	40	4419388	0	1	4476	1	0	4350	other	0
gpl017	461	Picture	80	4424030	0	1	7129	1	0	7000	other	0
gpl017	461	Pulse	199	4431030	7000	10
gpl017	462	Picture	40	4431325	0	1	2155	1	0	1990	other	0
gpl017	463	Picture	80	4433646	0	1	7129	1	0	7000	other	0
gpl017	464	Picture	40	4440941	0	1	3482	1	0	3310	other	0
gpl017	464	Pulse	199	4443540	2599	0
gpl017	465	Picture	50	4444589	0	1	50070	1	0	next	other	0
gpl017	465	Pulse	199	4456040	11452	0
gpl017	465	Pulse	199	4468541	23952	0
gpl017	465	Pulse	199	4481040	36452	0
gpl017	465	Pulse	199	4493541	48952	0
gpl017	466	Picture	70	4494658	0	1	7129	1	0	7000	other	0
gpl017	467	Picture	40	4501953	0	1	2653	1	0	2490	other	0
gpl017	468	Picture	70	4504772	0	1	7129	1	0	7000	other	0
gpl017	468	Pulse	199	4506041	1269	0
gpl017	469	Picture	40	4512067	0	1	4476	1	0	4350	other	0
gpl017	470	Picture	70	4516709	0	1	7129	1	0	7000	other	0
gpl017	470	Pulse	199	4518541	1832	0
gpl017	471	Picture	40	4524004	0	1	2155	1	0	2140	other	0
gpl017	472	Picture	70	4526169	0	322	7119	322	0	7000	other	0
gpl017	472	Pulse	199	4531041	4872	0
gpl017	473	Picture	40	4533454	0	1	1824	1	0	1780	other	0
gpl017	474	Picture	70	4535444	0	1	7129	1	0	7000	other	0
gpl017	475	Picture	40	4542738	0	1	2155	1	0	2130	other	0
gpl017	475	Pulse	199	4543540	802	0
gpl017	476	Picture	70	4545059	0	1	7129	1	0	7000	other	0
gpl017	477	Picture	40	4552354	0	1	2819	1	0	2690	other	0
gpl017	478	Picture	75	4555339	0	1	7129	1	0	7000	hit	806
gpl017	478	Pulse	199	4556041	702	0
gpl017	478	Response	25	4559451	4112	0
gpl017	479	Picture	40	4562634	0	1	3813	1	0	3660	other	0
gpl017	480	Picture	70	4566613	0	1	7129	1	0	7000	other	0
gpl017	480	Pulse	199	4568541	1928	0
gpl017	481	Picture	40	4573908	0	1	3482	1	0	3310	other	0
gpl017	482	Picture	70	4577555	0	1	7129	1	0	7000	other	0
gpl017	482	Pulse	199	4581041	3486	0
gpl017	483	Picture	40	4584850	0	1	2984	1	0	2860	other	0
gpl017	484	Picture	70	4588000	0	1	7129	1	0	7000	other	0
gpl017	484	Pulse	199	4593541	5541	0
gpl017	485	Picture	40	4595295	0	1	2155	1	0	1990	other	0
gpl017	486	Picture	50	4597616	0	1	90192	1	0	next	other	0
gpl017	486	Pulse	199	4606041	8425	0
gpl017	486	Pulse	199	4618541	20925	0
gpl017	486	Pulse	199	4631041	33425	0
gpl017	486	Pulse	199	4643540	45924	0
gpl017	486	Pulse	199	4656040	58424	0
gpl017	486	Pulse	199	4668541	70925	0
gpl017	486	Pulse	199	4681041	83425	0
gpl017	487	Picture	60	4687808	0	1	7129	1	0	7000	other	0
gpl017	487	Pulse	199	4693541	5733	0
gpl017	488	Picture	40	4695103	0	1	2984	1	0	2860	other	0
gpl017	489	Picture	60	4698253	0	1	7129	1	0	7000	other	0
gpl017	490	Picture	40	4705548	0	1	4476	1	0	4350	other	0
gpl017	490	Pulse	199	4706041	493	0
gpl017	491	Picture	60	4710190	0	1	7129	1	0	7000	other	0
gpl017	492	Picture	40	4717485	0	1	3482	1	0	3310	other	0
gpl017	492	Pulse	199	4718541	1056	0
gpl017	493	Picture	60	4721132	0	1	7129	1	0	7000	other	0
gpl017	494	Picture	40	4728427	0	1	2155	1	0	2140	other	0
gpl017	495	Picture	60	4730592	0	322	7119	322	0	7000	other	0
gpl017	495	Pulse	199	4731041	449	0
gpl017	496	Picture	40	4737877	0	1	2155	1	0	1990	other	0
gpl017	497	Picture	60	4740198	0	1	7129	1	0	7000	other	0
gpl017	497	Pulse	199	4743541	3343	0
gpl017	498	Picture	40	4747493	0	1	3813	1	0	3660	other	0
gpl017	499	Picture	60	4751472	0	1	7129	1	0	7000	other	0
gpl017	499	Pulse	199	4756041	4568	0
gpl017	500	Picture	40	4758767	0	1	2818	1	0	2690	other	0
gpl017	501	Picture	65	4761751	0	1	7129	1	0	7000	hit	846
gpl017	501	Response	25	4766810	5059	0
gpl017	501	Pulse	199	4768541	6789	0
gpl017	502	Picture	40	4769046	0	1	2653	1	0	2490	other	0
gpl017	503	Picture	60	4771865	0	1	7129	1	0	7000	other	0
gpl017	504	Picture	40	4779160	0	1	2155	1	0	2130	other	0
gpl017	504	Pulse	199	4781040	1881	0
gpl017	505	Picture	60	4781481	0	1	7129	1	0	7000	other	0
gpl017	506	Picture	40	4788776	0	1	1824	1	0	1780	other	0
gpl017	507	Picture	50	4790765	0	1	30174	1	0	next	other	0
gpl017	507	Pulse	199	4793541	2776	0
gpl017	507	Pulse	199	4806041	15276	0
gpl017	507	Pulse	199	4818540	27775	0
gpl017	508	Picture	90	4820940	0	1	7129	1	0	7000	other	0
gpl017	509	Picture	40	4828235	0	1	2155	1	0	2130	other	0
gpl017	510	Picture	90	4830556	0	1	7129	1	0	7000	other	0
gpl017	510	Pulse	199	4831041	485	0
gpl017	511	Picture	40	4837851	0	1	2155	1	0	1990	other	0
gpl017	512	Picture	90	4840172	0	1	7129	1	0	7000	other	0
gpl017	512	Pulse	199	4843540	3369	0
gpl017	513	Picture	40	4847466	0	1	4477	1	0	4350	other	0
gpl017	514	Picture	90	4852109	0	1	7129	1	0	7000	other	0
gpl017	514	Pulse	199	4856041	3932	0
gpl017	515	Picture	40	4859404	0	1	3482	1	0	3310	other	0
gpl017	516	Picture	90	4863051	0	1	7129	2	0	7000	other	0
gpl017	516	Pulse	199	4868540	5489	0
gpl017	517	Picture	40	4870346	0	1	2155	1	0	2140	other	0
gpl017	518	Picture	90	4872511	0	322	7119	323	0	7000	other	0
gpl017	519	Picture	40	4879796	0	1	1824	1	0	1780	other	0
gpl017	519	Pulse	199	4881040	1244	0
gpl017	520	Picture	90	4881786	0	1	7129	1	0	7000	other	0
gpl017	521	Picture	40	4889081	0	1	3813	1	0	3660	other	0
gpl017	522	Picture	90	4893060	0	1	7129	1	0	7000	other	0
gpl017	522	Pulse	199	4893540	480	0
gpl017	523	Picture	40	4900355	0	1	2653	1	0	2490	other	0
gpl017	524	Picture	90	4903173	0	1	7129	1	0	7000	other	0
gpl017	524	Pulse	199	4906041	2868	0
gpl017	525	Picture	40	4910468	0	1	2819	1	0	2690	other	0
gpl017	526	Picture	90	4913452	0	1	7129	1	0	7000	other	0
gpl017	526	Pulse	199	4918540	5088	0
gpl017	527	Picture	40	4920747	0	1	2984	1	0	2860	other	0
gpl017	528	Picture	50	4923897	0	1	50070	1	0	next	other	0
gpl017	528	Pulse	199	4931041	7144	0
gpl017	528	Pulse	199	4943540	19643	0
gpl017	528	Pulse	199	4956041	32143	0
gpl017	528	Pulse	199	4968540	44643	0
gpl017	529	Picture	80	4973967	0	1	7129	1	0	7000	other	0
gpl017	529	Pulse	199	4981041	7074	0
gpl017	530	Picture	40	4981262	0	1	3813	1	0	3660	other	0
gpl017	531	Picture	80	4985241	0	1	7129	1	0	7000	other	0
gpl017	532	Picture	40	4992536	0	1	2155	1	0	1990	other	0
gpl017	532	Pulse	199	4993540	1004	0
gpl017	533	Picture	80	4994857	0	1	7129	1	0	7000	other	0
gpl017	534	Picture	40	5002152	0	1	2984	1	0	2860	other	0
gpl017	535	Picture	80	5005302	0	1	7129	1	0	7000	other	0
gpl017	535	Pulse	199	5006040	738	0
gpl017	536	Picture	40	5012597	0	1	2819	1	0	2690	other	0
gpl017	537	Picture	80	5015581	0	1	7129	1	0	7000	other	0
gpl017	537	Pulse	199	5018540	2959	0
gpl017	538	Picture	40	5022876	0	1	2653	1	0	2490	other	0
gpl017	539	Picture	80	5025694	0	1	7129	1	0	7000	other	0
gpl017	539	Pulse	199	5031041	5346	0
gpl017	540	Picture	40	5032989	0	1	4476	1	0	4350	other	0
gpl017	541	Picture	80	5037632	0	1	7129	1	0	7000	other	0
gpl017	541	Pulse	199	5043541	5909	0
gpl017	542	Picture	40	5044927	0	1	3482	1	0	3310	other	0
gpl017	543	Picture	85	5048574	0	1	7129	1	0	7000	hit	912
gpl017	543	Response	25	5053741	5167	0
gpl017	544	Picture	40	5055869	0	1	2155	1	0	2130	other	0
gpl017	544	Pulse	199	5056041	172	0
gpl017	545	Picture	80	5058190	0	1	7129	1	0	7000	other	0
gpl017	546	Picture	40	5065485	0	1	2155	1	0	2140	other	0
gpl017	547	Picture	80	5067650	0	322	7119	322	0	7000	other	0
gpl017	547	Pulse	199	5068541	891	0
gpl017	548	Picture	40	5074935	0	1	1824	1	0	1780	other	0
gpl017	549	Picture	50	5076925	0	1	70131	1	0	next	other	0
gpl017	549	Pulse	199	5081041	4116	0
gpl017	549	Pulse	199	5093540	16616	0
gpl017	549	Pulse	199	5106040	29116	0
gpl017	549	Pulse	199	5118540	41616	0
gpl017	549	Pulse	199	5131041	54116	0
gpl017	549	Pulse	199	5143541	66616	0
gpl017	550	Picture	70	5147055	0	1	7129	1	0	7000	other	0
gpl017	551	Picture	40	5154350	0	1	1824	1	0	1780	other	0
gpl017	551	Pulse	199	5156041	1691	0
gpl017	552	Picture	70	5156340	0	1	7129	1	0	7000	other	0
gpl017	553	Picture	40	5163635	0	1	3813	1	0	3660	other	0
gpl017	554	Picture	70	5167614	0	1	7129	1	0	7000	other	0
gpl017	554	Pulse	199	5168541	927	0
gpl017	555	Picture	40	5174909	0	1	2155	1	0	2140	other	0
gpl017	556	Picture	70	5177074	0	322	7119	322	0	7000	other	0
gpl017	556	Pulse	199	5181041	3967	0
gpl017	557	Picture	40	5184359	0	1	2984	1	0	2860	other	0
gpl017	558	Picture	70	5187509	0	1	7129	1	0	7000	other	0
gpl017	558	Pulse	199	5193541	6032	0
gpl017	559	Picture	40	5194804	0	1	2155	1	0	2130	other	0
gpl017	560	Picture	75	5197125	0	1	7129	1	0	7000	hit	942
gpl017	560	Response	25	5201031	3906	0
gpl017	561	Picture	40	5204420	0	1	4476	1	0	4350	other	0
gpl017	561	Pulse	199	5206041	1621	0
gpl017	562	Picture	70	5209062	0	1	7129	1	0	7000	other	0
gpl017	563	Picture	40	5216357	0	1	2819	1	0	2690	other	0
gpl017	563	Pulse	199	5218540	2184	0
gpl017	564	Picture	70	5219341	0	1	7129	1	0	7000	other	0
gpl017	565	Picture	40	5226636	0	1	2653	1	0	2490	other	0
gpl017	566	Picture	70	5229454	0	1	7129	1	0	7000	other	0
gpl017	566	Pulse	199	5231040	1586	0
gpl017	567	Picture	40	5236749	0	1	2155	1	0	1990	other	0
gpl017	568	Picture	70	5239071	0	1	7129	1	0	7000	other	0
gpl017	568	Pulse	199	5243540	4470	0
gpl017	569	Picture	40	5246365	0	1	3482	1	0	3310	other	0
gpl017	570	Picture	50	5250013	0	1	30174	1	0	next	other	0
gpl017	570	Pulse	199	5256040	6028	0
gpl017	570	Pulse	199	5268540	18528	0
gpl017	571	Picture	60	5280187	0	1	7129	1	0	7000	other	0
gpl017	571	Pulse	199	5281041	853	0
gpl017	572	Picture	40	5287482	0	1	2984	1	0	2860	other	0
gpl017	573	Picture	60	5290632	0	1	7129	1	0	7000	other	0
gpl017	573	Pulse	199	5293541	2909	0
gpl017	574	Picture	40	5297927	0	1	2155	1	0	1990	other	0
gpl017	575	Picture	60	5300248	0	1	7129	1	0	7000	other	0
gpl017	575	Pulse	199	5306041	5793	0
gpl017	576	Picture	40	5307543	0	1	3482	1	0	3310	other	0
gpl017	577	Picture	60	5311191	0	1	7129	1	0	7000	other	0
gpl017	578	Picture	40	5318486	0	1	1824	1	0	1780	other	0
gpl017	578	Pulse	199	5318541	55	0
gpl017	579	Picture	60	5320475	0	1	7129	1	0	7000	other	0
gpl017	580	Picture	40	5327770	0	1	3813	1	0	3660	other	0
gpl017	580	Pulse	199	5331040	3270	0
gpl017	581	Picture	60	5331749	0	1	7129	1	0	7000	other	0
gpl017	582	Picture	40	5339044	0	1	2653	1	0	2490	other	0
gpl017	583	Picture	65	5341862	0	1	7129	1	0	7000	hit	978
gpl017	583	Pulse	199	5343541	1678	0
gpl017	583	Response	25	5346620	4758	0
gpl017	584	Picture	40	5349157	0	1	2155	1	0	2130	other	0
gpl017	585	Picture	60	5351478	0	1	7129	1	0	7000	other	0
gpl017	585	Pulse	199	5356041	4562	0
gpl017	586	Picture	40	5358773	0	1	4476	1	0	4350	other	0
gpl017	587	Picture	65	5363416	0	1	7129	1	0	7000	hit	985
gpl017	587	Pulse	199	5368541	5125	0
gpl017	587	Response	25	5370171	6755	0
gpl017	588	Picture	40	5370710	0	1	2819	1	0	2690	other	0
gpl017	589	Picture	60	5373695	0	1	7129	1	0	7000	other	0
gpl017	590	Picture	40	5380990	0	1	2155	1	0	2140	other	0
gpl017	590	Pulse	199	5381041	51	0
gpl017	591	Picture	50	5383155	0	322	90182	322	0	next	other	0
gpl017	591	Pulse	199	5393541	10386	0
gpl017	591	Pulse	199	5406040	22886	0
gpl017	591	Pulse	199	5418540	35385	0
gpl017	591	Pulse	199	5431040	47885	0
gpl017	591	Pulse	199	5443540	60385	0
gpl017	591	Pulse	199	5456040	72885	0
gpl017	591	Pulse	199	5468540	85385	0
gpl017	592	Picture	90	5473337	0	1	7129	1	0	7000	other	0
gpl017	593	Picture	40	5480631	0	1	2155	1	0	2130	other	0
gpl017	593	Pulse	199	5481040	409	0
gpl017	594	Picture	90	5482953	0	1	7129	1	0	7000	other	0
gpl017	595	Picture	40	5490247	0	1	2818	1	0	2690	other	0
gpl017	596	Picture	90	5493232	0	1	7129	1	0	7000	other	0
gpl017	596	Pulse	199	5493551	319	0
gpl017	597	Picture	40	5500527	0	1	4476	1	0	4350	other	0
gpl017	598	Picture	90	5505169	0	1	7129	1	0	7000	other	0
gpl017	598	Pulse	199	5506040	872	0
gpl017	599	Picture	40	5512464	0	1	2155	1	0	1990	other	0
gpl017	600	Picture	95	5514785	0	1	7129	1	0	7000	hit	1011
gpl017	600	Pulse	199	5518541	3756	0
gpl017	600	Response	25	5519720	4935	0
gpl017	601	Picture	40	5522080	0	1	3813	1	0	3660	other	0
gpl017	602	Picture	90	5526059	0	1	7129	1	0	7000	other	0
gpl017	602	Pulse	199	5531051	4992	0
gpl017	603	Picture	40	5533354	0	1	1824	1	0	1780	other	0
gpl017	604	Picture	90	5535343	0	1	7129	1	0	7000	other	0
gpl017	605	Picture	40	5542638	0	1	3482	1	0	3310	other	0
gpl017	605	Pulse	199	5543551	912	0
gpl017	606	Picture	90	5546286	0	1	7129	1	0	7000	other	0
gpl017	607	Picture	40	5553580	0	2	2653	2	0	2490	other	0
gpl017	607	Pulse	199	5556050	2470	0
gpl017	608	Picture	90	5556399	0	1	7129	1	0	7000	other	0
gpl017	609	Picture	40	5563694	0	1	2984	1	0	2860	other	0
gpl017	610	Picture	90	5566844	0	1	7129	1	0	7000	other	0
gpl017	610	Pulse	199	5568551	1707	0
gpl017	611	Picture	40	5574139	0	1	2155	1	0	2140	other	0
gpl017	612	Picture	50	5576304	0	322	30164	322	0	next	other	0
gpl017	612	Pulse	199	5581051	4747	0
gpl017	612	Pulse	199	5593550	17246	0
gpl017	612	Pulse	199	5606051	29746	0
gpl017	613	Picture	80	5606469	0	1	7129	1	0	7000	other	0
gpl017	614	Picture	40	5613764	0	1	1824	1	0	1780	other	0
gpl017	615	Picture	80	5615753	0	1	7129	1	0	7000	other	0
gpl017	615	Pulse	199	5618550	2797	0
gpl017	616	Picture	40	5623048	0	1	3813	1	0	3660	other	0
gpl017	617	Picture	80	5627027	0	1	7129	1	0	7000	other	0
gpl017	617	Pulse	199	5631051	4024	0
gpl017	618	Picture	40	5634322	0	1	2155	1	0	2140	other	0
gpl017	619	Picture	80	5636487	0	322	7119	322	0	7000	other	0
gpl017	619	Pulse	199	5643550	7063	0
gpl017	620	Picture	40	5643772	0	1	2155	1	0	2130	other	0
gpl017	621	Picture	80	5646093	0	1	7129	1	0	7000	other	0
gpl017	622	Picture	40	5653388	0	1	2818	1	0	2690	other	0
gpl017	622	Pulse	199	5656050	2662	0
gpl017	623	Picture	80	5656372	0	1	7129	1	0	7000	other	0
gpl017	624	Picture	40	5663667	0	1	2653	1	0	2490	other	0
gpl017	625	Picture	85	5666486	0	1	7129	1	0	7000	hit	1049
gpl017	625	Pulse	199	5668550	2064	0
gpl017	625	Response	25	5671891	5405	0
gpl017	626	Picture	40	5673781	0	1	3482	1	0	3310	other	0
gpl017	627	Picture	80	5677428	0	1	7129	1	0	7000	other	0
gpl017	627	Pulse	199	5681050	3622	0
gpl017	628	Picture	40	5684723	0	1	2984	1	0	2860	other	0
gpl017	629	Picture	80	5687873	0	1	7129	1	0	7000	other	0
gpl017	629	Pulse	199	5693550	5677	0
gpl017	630	Picture	40	5695168	0	1	2155	1	0	1990	other	0
gpl017	631	Picture	80	5697489	0	1	7129	1	0	7000	other	0
gpl017	632	Picture	40	5704784	0	1	4476	1	0	4350	other	0
gpl017	632	Pulse	199	5706051	1267	0
gpl017	633	Picture	50	5709426	0	1	90192	1	0	next	other	0
gpl017	633	Pulse	199	5718550	9124	0
gpl017	633	Pulse	199	5731051	21624	0
gpl017	633	Pulse	199	5743550	34124	0
gpl017	633	Pulse	199	5756050	46624	0
gpl017	633	Pulse	199	5768549	59123	0
gpl017	633	Pulse	199	5781049	71623	0
gpl017	633	Pulse	199	5793550	84124	0
gpl017	634	Picture	70	5799618	0	1	7129	1	0	7000	other	0
gpl017	634	Pulse	199	5806050	6432	0
gpl017	635	Picture	40	5806913	0	1	3813	1	0	3660	other	0
gpl017	636	Picture	70	5810892	0	1	7129	1	0	7000	other	0
gpl017	637	Picture	40	5818187	0	1	2984	1	0	2860	other	0
gpl017	637	Pulse	199	5818550	364	0
gpl017	638	Picture	75	5821337	0	1	7129	1	0	7000	hit	1075
gpl017	638	Response	25	5826030	4693	0
gpl017	639	Picture	40	5828632	0	1	2653	1	0	2490	other	0
gpl017	639	Pulse	199	5831050	2419	0
gpl017	640	Picture	70	5831450	0	1	7129	1	0	7000	other	0
gpl017	641	Picture	40	5838745	0	1	2819	1	0	2690	other	0
gpl017	642	Picture	75	5841729	0	1	7129	1	0	7000	hit	1082
gpl017	642	Pulse	199	5843550	1821	0
gpl017	642	Response	25	5845290	3561	0
gpl017	643	Picture	40	5849024	0	1	4476	1	0	4350	other	0
gpl017	644	Picture	70	5853666	0	1	7129	1	0	7000	other	0
gpl017	644	Pulse	199	5856050	2384	0
gpl017	645	Picture	40	5860961	0	1	2155	1	0	2130	other	0
gpl017	646	Picture	70	5863283	0	1	7129	1	0	7000	other	0
gpl017	646	Pulse	199	5868550	5268	0
gpl017	647	Picture	40	5870577	0	1	2155	1	0	2140	other	0
gpl017	648	Picture	70	5872743	0	322	7119	322	0	7000	other	0
gpl017	649	Picture	40	5880028	0	1	1824	1	0	1780	other	0
gpl017	649	Pulse	199	5881050	1022	0
gpl017	650	Picture	70	5882017	0	1	7129	1	0	7000	other	0
gpl017	651	Picture	40	5889312	0	1	2155	1	0	1990	other	0
gpl017	652	Picture	70	5891633	0	1	7129	1	0	7000	other	0
gpl017	652	Pulse	199	5893550	1917	0
gpl017	653	Picture	40	5898928	0	1	3482	1	0	3310	other	0
gpl017	654	Picture	50	5902576	0	1	70131	1	0	next	other	0
gpl017	654	Pulse	199	5906050	3475	0
gpl017	654	Pulse	199	5918551	15975	0
gpl017	654	Pulse	199	5931050	28475	0
gpl017	654	Pulse	199	5943550	40975	0
gpl017	654	Pulse	199	5956050	53475	0
gpl017	654	Pulse	199	5968551	65975	0
gpl017	655	Picture	60	5972706	0	1	7129	1	0	7000	other	0
gpl017	656	Picture	40	5980001	0	1	2818	1	0	2690	other	0
gpl017	656	Pulse	199	5981051	1050	0
gpl017	657	Picture	60	5982985	0	1	7129	1	0	7000	other	0
gpl017	658	Picture	40	5990280	0	1	4476	1	0	4350	other	0
gpl017	658	Pulse	199	5993550	3270	0
gpl017	659	Picture	60	5994922	0	1	7129	1	0	7000	other	0
gpl017	660	Picture	40	6002217	0	1	2155	1	0	1990	other	0
gpl017	661	Picture	60	6004538	0	1	7129	1	0	7000	other	0
gpl017	661	Pulse	199	6006050	1512	0
gpl017	662	Picture	40	6011833	0	1	1824	1	0	1780	other	0
gpl017	663	Picture	60	6013823	0	1	7129	1	0	7000	other	0
gpl017	663	Pulse	199	6018550	4727	0
gpl017	664	Picture	40	6021118	0	1	2984	1	0	2860	other	0
gpl017	665	Picture	60	6024268	0	1	7129	1	0	7000	other	0
gpl017	665	Pulse	199	6031051	6783	0
gpl017	666	Picture	40	6031563	0	1	2155	1	0	2130	other	0
gpl017	667	Picture	60	6033884	0	1	7129	1	0	7000	other	0
gpl017	668	Picture	40	6041179	0	1	3813	1	0	3660	other	0
gpl017	668	Pulse	199	6043551	2372	0
gpl017	669	Picture	60	6045158	0	1	7129	1	0	7000	other	0
gpl017	670	Picture	40	6052453	0	1	2155	1	0	2140	other	0
gpl017	671	Picture	60	6054618	0	322	7119	322	0	7000	other	0
gpl017	671	Pulse	199	6056051	1433	0
gpl017	672	Picture	40	6061903	0	1	3482	1	0	3310	other	0
gpl017	673	Picture	60	6065550	0	1	7129	1	0	7000	other	0
gpl017	673	Pulse	199	6068551	3000	0
gpl017	674	Picture	40	6072845	0	1	2653	1	0	2490	other	0
gpl017	675	Picture	50	6075664	0	1	50070	1	0	next	other	0
gpl017	675	Pulse	199	6081050	5387	0
gpl017	675	Pulse	199	6093550	17886	0
gpl017	675	Pulse	199	6106050	30386	0
gpl017	675	Pulse	199	6118550	42886	0
gpl017	676	Picture	200	6125733	0	1	260130	1	0	260000	other	0
gpl017	676	Pulse	199	6131051	5317	0
gpl017	676	Pulse	199	6143550	17817	0
gpl017	676	Pulse	199	6156050	30317	0
gpl017	676	Pulse	199	6168550	42817	0
gpl017	676	Pulse	199	6181050	55317	0
gpl017	676	Pulse	199	6193551	67817	0
gpl017	676	Pulse	199	6206050	80317	0
gpl017	676	Pulse	199	6218550	92816	0
gpl017	676	Pulse	199	6231050	105316	0
gpl017	676	Pulse	199	6243550	117817	0
gpl017	676	Pulse	199	6256050	130317	0
gpl017	676	Pulse	199	6268550	142817	0
gpl017	676	Pulse	199	6281050	155317	0
gpl017	676	Pulse	199	6293550	167817	0
gpl017	676	Pulse	199	6306051	180317	0
gpl017	676	Pulse	199	6318550	192817	0
gpl017	676	Pulse	199	6331050	205317	0
gpl017	676	Pulse	199	6343550	217816	0
