Scenario - 
Logfile written - 04/23/2021 17:17:44

Subject	Trial	Event Type	Code	Time	TTime	Uncertainty	Duration	Uncertainty	ReqTime	ReqDur	Stim Type	Pair Index

gpl007	1	Response	20	79182	79017	0
gpl007	2	Picture	start	79249	0	1	654013	208	0	next	other	0
gpl007	2	Response	20	99143	19894	0
gpl007	3	Response	20	119783	20639	0
gpl007	3	Response	20	121542	22399	0
gpl007	3	Response	20	122982	23839	0
gpl007	3	Response	20	124102	24959	0
gpl007	3	Response	20	125222	26079	0
gpl007	3	Pulse	199	733262	634119	0
gpl007	3	Picture	100	733262	634119	208	50111	208	0	50000	other	0
gpl007	3	Pulse	199	745761	646618	0
gpl007	3	Pulse	199	758261	659118	0
gpl007	3	Pulse	199	770761	671618	0
gpl007	3	Pulse	199	783261	684118	0
gpl007	4	Picture	60	783539	0	1	7129	1	0	7000	other	0
gpl007	5	Picture	40	790834	0	1	2818	1	0	2690	other	0
gpl007	6	Picture	60	793819	0	1	7129	1	0	7000	other	0
gpl007	6	Pulse	199	795762	1943	0
gpl007	7	Picture	40	801113	0	1	2155	1	0	2140	other	0
gpl007	8	Picture	60	803434	0	1	7129	1	0	7000	other	0
gpl007	8	Pulse	199	808262	4827	0
gpl007	9	Picture	40	810729	0	1	2984	1	0	2860	other	0
gpl007	10	Picture	60	813880	0	1	7129	1	0	7000	other	0
gpl007	10	Pulse	199	820761	6882	0
gpl007	11	Picture	40	821174	0	1	2155	1	0	1990	other	0
gpl007	12	Picture	60	823496	0	1	7129	1	0	7000	other	0
gpl007	13	Picture	40	830791	0	1	1824	1	0	1780	other	0
gpl007	14	Picture	60	832780	0	1	7129	1	0	7000	other	0
gpl007	14	Pulse	199	833261	481	0
gpl007	15	Picture	40	840075	0	1	3813	1	0	3660	other	0
gpl007	16	Picture	60	844054	0	1	7129	1	0	7000	other	0
gpl007	16	Pulse	199	845761	1708	0
gpl007	17	Picture	40	851349	0	1	4476	1	0	4350	other	0
gpl007	18	Picture	60	855991	0	1	7129	1	0	7000	other	0
gpl007	18	Pulse	199	858262	2271	0
gpl007	19	Picture	40	863286	0	1	2653	1	0	2490	other	0
gpl007	20	Picture	60	866104	0	1	7129	1	0	7000	other	0
gpl007	20	Pulse	199	870762	4657	0
gpl007	21	Picture	40	873399	0	1	2155	1	0	2130	other	0
gpl007	22	Picture	60	875720	0	1	7129	1	0	7000	other	0
gpl007	23	Picture	40	883015	0	1	3482	1	0	3310	other	0
gpl007	23	Pulse	199	883262	246	0
gpl007	24	Picture	50	886663	0	1	30174	1	0	next	other	0
gpl007	24	Pulse	199	895761	9098	0
gpl007	24	Pulse	199	908261	21599	0
gpl007	25	Picture	70	916837	0	1	7129	1	0	7000	other	0
gpl007	25	Pulse	199	920761	3924	0
gpl007	26	Picture	40	924132	0	1	2819	1	0	2690	other	0
gpl007	27	Picture	70	927116	0	1	7129	1	0	7000	other	0
gpl007	27	Pulse	199	933261	6145	0
gpl007	28	Picture	40	934411	0	1	2984	1	0	2860	other	0
gpl007	29	Picture	75	937561	0	1	7129	1	0	7000	hit	53
gpl007	29	Response	25	941832	4270	0
gpl007	30	Picture	40	944856	0	1	2155	1	0	2130	other	0
gpl007	30	Pulse	199	945761	905	0
gpl007	31	Picture	70	947177	0	1	7129	1	0	7000	other	0
gpl007	32	Picture	40	954472	0	1	4476	1	0	4350	other	0
gpl007	32	Pulse	199	958262	3789	0
gpl007	33	Picture	70	959115	0	1	7129	1	0	7000	other	0
gpl007	34	Picture	40	966410	0	1	1824	1	0	1780	other	0
gpl007	35	Picture	70	968399	0	1	7129	1	0	7000	other	0
gpl007	35	Pulse	199	970762	2363	0
gpl007	36	Picture	40	975694	0	1	2653	1	0	2490	other	0
gpl007	37	Picture	70	978512	0	1	7129	1	0	7000	other	0
gpl007	37	Pulse	199	983262	4749	0
gpl007	38	Picture	40	985807	0	1	2155	1	0	2140	other	0
gpl007	39	Picture	70	987973	0	156	7119	157	0	7000	other	0
gpl007	40	Picture	40	995257	0	1	3482	1	0	3310	other	0
gpl007	40	Pulse	199	995762	504	0
gpl007	41	Picture	70	998905	0	1	7129	1	0	7000	other	0
gpl007	42	Picture	40	1006200	0	1	3813	1	0	3660	other	0
gpl007	42	Pulse	199	1008262	2062	0
gpl007	43	Picture	70	1010179	0	1	7129	1	0	7000	other	0
gpl007	44	Picture	40	1017474	0	1	2155	1	0	1990	other	0
gpl007	45	Picture	50	1019795	0	1	50070	1	0	next	other	0
gpl007	45	Pulse	199	1020762	967	0
gpl007	45	Pulse	199	1033261	13466	0
gpl007	45	Pulse	199	1045761	25966	0
gpl007	45	Pulse	199	1058261	38466	0
gpl007	46	Picture	90	1069865	0	1	7129	1	0	7000	other	0
gpl007	46	Pulse	199	1070762	897	0
gpl007	47	Picture	40	1077159	0	1	2653	1	0	2490	other	0
gpl007	48	Picture	90	1079978	0	1	7129	1	0	7000	other	0
gpl007	48	Pulse	199	1083262	3284	0
gpl007	49	Picture	40	1087273	0	1	2819	1	0	2690	other	0
gpl007	50	Picture	90	1090257	0	1	7129	1	0	7000	other	0
gpl007	50	Pulse	199	1095762	5504	0
gpl007	51	Picture	40	1097552	0	1	3482	1	0	3310	other	0
gpl007	52	Picture	90	1101199	0	1	7129	1	0	7000	other	0
gpl007	52	Pulse	199	1108262	7062	0
gpl007	53	Picture	40	1108494	0	1	2155	1	0	2140	other	0
gpl007	54	Picture	90	1110816	0	1	7129	1	0	7000	other	0
gpl007	55	Picture	40	1118110	0	1	2155	1	0	1990	other	0
gpl007	56	Picture	90	1120432	0	1	7129	1	0	7000	other	0
gpl007	56	Pulse	199	1120762	330	0
gpl007	57	Picture	40	1127726	0	1	2984	1	0	2860	other	0
gpl007	58	Picture	90	1130877	0	1	7129	1	0	7000	other	0
gpl007	58	Pulse	199	1133262	2385	0
gpl007	59	Picture	40	1138171	0	1	4476	1	0	4350	other	0
gpl007	60	Picture	90	1142814	0	1	7129	1	0	7000	other	0
gpl007	60	Pulse	199	1145761	2948	0
gpl007	61	Picture	40	1150109	0	1	2155	1	0	2130	other	0
gpl007	62	Picture	90	1152430	0	1	7129	1	0	7000	other	0
gpl007	62	Pulse	199	1158262	5832	0
gpl007	63	Picture	40	1159725	0	1	1824	1	0	1780	other	0
gpl007	64	Picture	95	1161714	0	1	7129	1	0	7000	hit	107
gpl007	64	Response	25	1166072	4357	0
gpl007	65	Picture	40	1169009	0	1	3813	1	0	3660	other	0
gpl007	65	Pulse	199	1170761	1752	0
gpl007	66	Picture	50	1172988	0	1	70131	1	0	next	other	0
gpl007	66	Pulse	199	1183262	10273	0
gpl007	66	Pulse	199	1195762	22774	0
gpl007	66	Pulse	199	1208262	35274	0
gpl007	66	Pulse	199	1220762	47774	0
gpl007	66	Pulse	199	1233261	60273	0
gpl007	67	Picture	80	1243119	0	1	7129	1	0	7000	other	0
gpl007	67	Pulse	199	1245762	2643	0
gpl007	68	Picture	40	1250414	0	1	2984	1	0	2860	other	0
gpl007	69	Picture	80	1253564	0	1	7129	1	0	7000	other	0
gpl007	69	Pulse	199	1258261	4698	0
gpl007	70	Picture	40	1260859	0	1	4476	1	0	4350	other	0
gpl007	71	Picture	85	1265501	0	1	7129	1	0	7000	hit	123
gpl007	71	Response	25	1270662	5161	0
gpl007	71	Pulse	199	1270761	5260	0
gpl007	72	Picture	40	1272796	0	1	2155	1	0	2140	other	0
gpl007	73	Picture	80	1275117	0	1	7129	1	0	7000	other	0
gpl007	74	Picture	40	1282412	0	1	2155	1	0	1990	other	0
gpl007	74	Pulse	199	1283261	849	0
gpl007	75	Picture	80	1284733	0	1	7129	1	0	7000	other	0
gpl007	76	Picture	40	1292028	0	1	1824	1	0	1780	other	0
gpl007	77	Picture	80	1294017	0	1	7129	1	0	7000	other	0
gpl007	77	Pulse	199	1295762	1744	0
gpl007	78	Picture	40	1301312	0	1	2653	1	0	2490	other	0
gpl007	79	Picture	80	1304131	0	1	7129	1	0	7000	other	0
gpl007	79	Pulse	199	1308261	4131	0
gpl007	80	Picture	40	1311426	0	1	2155	1	0	2130	other	0
gpl007	81	Picture	80	1313747	0	1	7129	1	0	7000	other	0
gpl007	81	Pulse	199	1320762	7015	0
gpl007	82	Picture	40	1321042	0	1	3813	1	0	3660	other	0
gpl007	83	Picture	85	1325020	0	1	7129	1	0	7000	hit	141
gpl007	83	Response	25	1330341	5321	0
gpl007	84	Picture	40	1332315	0	1	2818	1	0	2690	other	0
gpl007	84	Pulse	199	1333261	946	0
gpl007	85	Picture	80	1335300	0	1	7129	1	0	7000	other	0
gpl007	86	Picture	40	1342595	0	1	3482	1	0	3310	other	0
gpl007	86	Pulse	199	1345761	3167	0
gpl007	87	Picture	50	1346242	0	1	90192	1	0	next	other	0
gpl007	87	Pulse	199	1358261	12019	0
gpl007	87	Pulse	199	1370761	24519	0
gpl007	87	Pulse	199	1383261	37019	0
gpl007	87	Pulse	199	1395761	49519	0
gpl007	87	Pulse	199	1408261	62019	0
gpl007	87	Pulse	199	1420761	74519	0
gpl007	87	Pulse	199	1433261	87019	0
gpl007	88	Picture	60	1436434	0	1	7129	1	0	7000	other	0
gpl007	89	Picture	40	1443729	0	1	2155	1	0	2130	other	0
gpl007	89	Pulse	199	1445761	2033	0
gpl007	90	Picture	60	1446050	0	1	7129	1	0	7000	other	0
gpl007	91	Picture	40	1453345	0	1	1824	1	0	1780	other	0
gpl007	92	Picture	60	1455334	0	1	7129	1	0	7000	other	0
gpl007	92	Pulse	199	1458262	2927	0
gpl007	93	Picture	40	1462629	0	1	3482	1	0	3310	other	0
gpl007	94	Picture	60	1466277	0	1	7129	1	0	7000	other	0
gpl007	94	Pulse	199	1470761	4485	0
gpl007	95	Picture	40	1473571	0	1	4476	1	0	4350	other	0
gpl007	96	Picture	60	1478214	0	1	7129	1	0	7000	other	0
gpl007	96	Pulse	199	1483261	5048	0
gpl007	97	Picture	40	1485508	0	1	2155	1	0	2140	other	0
gpl007	98	Picture	65	1487830	0	1	7129	1	0	7000	miss	0
gpl007	99	Picture	40	1495125	0	1	2818	1	0	2690	false_alarm	172
gpl007	99	Pulse	199	1495761	636	0
gpl007	99	Response	20	1495952	827	0
gpl007	100	Picture	60	1498109	0	1	7129	1	0	7000	other	0
gpl007	101	Picture	40	1505404	0	1	2984	1	0	2860	other	0
gpl007	101	Pulse	199	1508261	2857	0
gpl007	102	Picture	60	1508554	0	1	7129	1	0	7000	other	0
gpl007	103	Picture	40	1515849	0	1	2653	1	0	2490	other	0
gpl007	104	Picture	60	1518667	0	1	7129	1	0	7000	other	0
gpl007	104	Pulse	199	1520761	2094	0
gpl007	105	Picture	40	1525962	0	1	3813	1	0	3660	other	0
gpl007	106	Picture	60	1529941	0	1	7129	1	0	7000	other	0
gpl007	106	Pulse	199	1533262	3321	0
gpl007	107	Picture	40	1537236	0	1	2155	1	0	1990	other	0
gpl007	108	Picture	50	1539557	0	1	90191	1	0	next	other	0
gpl007	108	Pulse	199	1545761	6204	0
gpl007	108	Pulse	199	1558261	18704	0
gpl007	108	Pulse	199	1570762	31205	0
gpl007	108	Pulse	199	1583261	43704	0
gpl007	108	Pulse	199	1595761	56204	0
gpl007	108	Pulse	199	1608261	68703	0
gpl007	108	Pulse	199	1620761	81204	0
gpl007	109	Picture	70	1629749	0	1	7129	1	0	7000	other	0
gpl007	109	Pulse	199	1633262	3513	0
gpl007	110	Picture	40	1637044	0	1	2653	1	0	2490	other	0
gpl007	111	Picture	70	1639861	0	2	7130	2	0	7000	other	0
gpl007	111	Pulse	199	1645762	5900	0
gpl007	112	Picture	40	1647157	0	1	1824	1	0	1780	other	0
gpl007	113	Picture	70	1649147	0	1	7129	1	0	7000	other	0
gpl007	114	Picture	40	1656442	0	1	4476	1	0	4350	other	0
gpl007	114	Pulse	199	1658261	1820	0
gpl007	115	Picture	70	1661084	0	1	7129	1	0	7000	other	0
gpl007	116	Picture	40	1668379	0	1	3813	1	0	3660	other	0
gpl007	116	Pulse	199	1670762	2383	0
gpl007	117	Picture	70	1672358	0	1	7129	1	0	7000	other	0
gpl007	118	Picture	40	1679653	0	1	2984	1	0	2860	other	0
gpl007	119	Picture	75	1682803	0	1	7129	1	0	7000	hit	208
gpl007	119	Pulse	199	1683262	459	0
gpl007	119	Response	25	1687211	4409	0
gpl007	120	Picture	40	1690098	0	1	2155	1	0	2130	other	0
gpl007	121	Picture	70	1692419	0	1	7129	1	0	7000	other	0
gpl007	121	Pulse	199	1695761	3343	0
gpl007	122	Picture	40	1699714	0	1	2155	1	0	2140	other	0
gpl007	123	Picture	70	1701879	0	322	7119	322	0	7000	other	0
gpl007	123	Pulse	199	1708261	6382	0
gpl007	124	Picture	40	1709164	0	1	2818	1	0	2690	other	0
gpl007	125	Picture	70	1712148	0	1	7129	1	0	7000	other	0
gpl007	126	Picture	40	1719443	0	1	2155	1	0	1990	other	0
gpl007	126	Pulse	199	1720761	1318	0
gpl007	127	Picture	70	1721764	0	1	7129	1	0	7000	other	0
gpl007	128	Picture	40	1729059	0	1	3482	1	0	3310	other	0
gpl007	129	Picture	50	1732706	0	1	70131	1	0	next	other	0
gpl007	129	Pulse	199	1733261	554	0
gpl007	129	Pulse	199	1745761	13055	0
gpl007	129	Pulse	199	1758261	25555	0
gpl007	129	Pulse	199	1770761	38055	0
gpl007	129	Pulse	199	1783261	50555	0
gpl007	129	Pulse	199	1795761	63054	0
gpl007	130	Picture	90	1802837	0	1	7129	1	0	7000	other	0
gpl007	130	Pulse	199	1808262	5424	0
gpl007	131	Picture	40	1810132	0	1	2155	1	0	2130	other	0
gpl007	132	Picture	90	1812453	0	1	7129	1	0	7000	other	0
gpl007	133	Picture	40	1819748	0	1	2155	1	0	2140	other	0
gpl007	133	Pulse	199	1820761	1013	0
gpl007	134	Picture	90	1822069	0	1	7129	1	0	7000	other	0
gpl007	135	Picture	40	1829364	0	1	4476	1	0	4350	other	0
gpl007	135	Pulse	199	1833261	3897	0
gpl007	136	Picture	95	1834006	0	1	7129	1	0	7000	hit	238
gpl007	136	Response	25	1837751	3745	0
gpl007	137	Picture	40	1841301	0	1	2984	1	0	2860	other	0
gpl007	138	Picture	90	1844451	0	1	7129	1	0	7000	other	0
gpl007	138	Pulse	199	1845761	1310	0
gpl007	139	Picture	40	1851746	0	1	1824	1	0	1780	other	0
gpl007	140	Picture	90	1853736	0	1	7129	1	0	7000	other	0
gpl007	140	Pulse	199	1858262	4526	0
gpl007	141	Picture	40	1861031	0	1	3482	1	0	3310	other	0
gpl007	142	Picture	95	1864678	0	1	7129	1	0	7000	hit	247
gpl007	142	Response	25	1869852	5174	0
gpl007	142	Pulse	199	1870761	6083	0
gpl007	143	Picture	40	1871973	0	1	3813	1	0	3660	other	0
gpl007	144	Picture	90	1875952	0	1	7129	1	0	7000	other	0
gpl007	145	Picture	40	1883247	0	1	2155	1	0	1990	other	0
gpl007	145	Pulse	199	1883262	15	0
gpl007	146	Picture	90	1885568	0	1	7129	1	0	7000	other	0
gpl007	147	Picture	40	1892863	0	1	2653	1	0	2490	other	0
gpl007	148	Picture	90	1895681	0	1	7129	1	0	7000	other	0
gpl007	148	Pulse	199	1895761	80	0
gpl007	149	Picture	40	1902976	0	1	2819	1	0	2690	other	0
gpl007	150	Picture	50	1905961	0	1	50070	1	0	next	other	0
gpl007	150	Pulse	199	1908261	2301	0
gpl007	150	Pulse	199	1920771	14810	0
gpl007	150	Pulse	199	1933271	27310	0
gpl007	150	Pulse	199	1945771	39810	0
gpl007	151	Picture	80	1956030	0	1	7129	1	0	7000	other	0
gpl007	151	Pulse	199	1958271	2241	0
gpl007	152	Picture	40	1963325	0	1	2653	1	0	2490	other	0
gpl007	153	Picture	80	1966144	0	1	7129	1	0	7000	other	0
gpl007	153	Pulse	199	1970771	4628	0
gpl007	154	Picture	40	1973438	0	1	1824	1	0	1780	other	0
gpl007	155	Picture	80	1975428	0	1	7129	1	0	7000	other	0
gpl007	156	Picture	40	1982723	0	1	4476	1	0	4350	other	0
gpl007	156	Pulse	199	1983272	549	0
gpl007	157	Picture	80	1987365	0	1	7129	1	0	7000	other	0
gpl007	158	Picture	40	1994660	0	1	2155	1	0	2130	other	0
gpl007	158	Pulse	199	1995771	1111	0
gpl007	159	Picture	80	1996981	0	1	7129	1	0	7000	other	0
gpl007	160	Picture	40	2004276	0	1	2984	1	0	2860	other	0
gpl007	161	Picture	80	2007426	0	1	7129	1	0	7000	other	0
gpl007	161	Pulse	199	2008271	845	0
gpl007	162	Picture	40	2014721	0	1	3813	1	0	3660	other	0
gpl007	163	Picture	80	2018700	0	1	7129	1	0	7000	other	0
gpl007	163	Pulse	199	2020771	2071	0
gpl007	164	Picture	40	2025995	0	1	2155	1	0	1990	other	0
gpl007	165	Picture	80	2028316	0	1	7129	1	0	7000	other	0
gpl007	165	Pulse	199	2033271	4955	0
gpl007	166	Picture	40	2035611	0	1	2818	1	0	2690	other	0
gpl007	167	Picture	80	2038595	0	1	7129	1	0	7000	other	0
gpl007	167	Pulse	199	2045771	7176	0
gpl007	168	Picture	40	2045890	0	1	2155	1	0	2140	other	0
gpl007	169	Picture	80	2048211	0	1	7129	1	0	7000	other	0
gpl007	170	Picture	40	2055506	0	1	3482	1	0	3310	other	0
gpl007	170	Pulse	199	2058271	2765	0
gpl007	171	Picture	50	2059154	0	1	30174	1	0	next	other	0
gpl007	171	Pulse	199	2070771	11617	0
gpl007	171	Pulse	199	2083271	24117	0
gpl007	172	Picture	60	2089328	0	1	7129	1	0	7000	other	0
gpl007	172	Pulse	199	2095772	6443	0
gpl007	173	Picture	40	2096623	0	1	3482	1	0	3310	other	0
gpl007	174	Picture	60	2100270	0	1	7129	1	0	7000	other	0
gpl007	175	Picture	40	2107565	0	1	2155	1	0	2130	other	0
gpl007	175	Pulse	199	2108271	706	0
gpl007	176	Picture	60	2109886	0	1	7129	1	0	7000	other	0
gpl007	177	Picture	40	2117181	0	1	4476	1	0	4350	other	0
gpl007	177	Pulse	199	2120771	3590	0
gpl007	178	Picture	60	2121824	0	1	7129	1	0	7000	other	0
gpl007	179	Picture	40	2129118	0	1	3813	2	0	3660	other	0
gpl007	180	Picture	60	2133097	0	1	7129	1	0	7000	other	0
gpl007	180	Pulse	199	2133271	174	0
gpl007	181	Picture	40	2140392	0	1	2653	1	0	2490	other	0
gpl007	182	Picture	60	2143211	0	1	7129	1	0	7000	other	0
gpl007	182	Pulse	199	2145771	2560	0
gpl007	183	Picture	40	2150506	0	1	2984	1	0	2860	other	0
gpl007	184	Picture	60	2153656	0	1	7129	1	0	7000	other	0
gpl007	184	Pulse	199	2158271	4615	0
gpl007	185	Picture	40	2160951	0	1	2155	1	0	2140	other	0
gpl007	186	Picture	60	2163272	0	1	7129	1	0	7000	other	0
gpl007	187	Picture	40	2170567	0	1	2818	1	0	2690	other	0
gpl007	187	Pulse	199	2170771	204	0
gpl007	188	Picture	65	2173551	0	1	7129	1	0	7000	hit	319
gpl007	188	Response	25	2177531	3980	0
gpl007	189	Picture	40	2180846	0	1	2155	1	0	1990	other	0
gpl007	190	Picture	60	2183167	0	1	7129	1	0	7000	other	0
gpl007	190	Pulse	199	2183271	104	0
gpl007	191	Picture	40	2190462	0	1	1824	1	0	1780	other	0
gpl007	192	Picture	50	2192452	0	1	70131	1	0	next	other	0
gpl007	192	Pulse	199	2195771	3320	0
gpl007	192	Pulse	199	2208271	15820	0
gpl007	192	Pulse	199	2220771	28320	0
gpl007	192	Pulse	199	2233272	40820	0
gpl007	192	Pulse	199	2245771	53320	0
gpl007	192	Pulse	199	2258271	65820	0
gpl007	193	Picture	70	2262582	0	1	7129	1	0	7000	other	0
gpl007	194	Picture	40	2269877	0	1	2155	1	0	2130	other	0
gpl007	194	Pulse	199	2270771	894	0
gpl007	195	Picture	70	2272198	0	1	7129	1	0	7000	other	0
gpl007	196	Picture	40	2279493	0	1	2819	1	0	2690	other	0
gpl007	197	Picture	70	2282477	0	1	7129	1	0	7000	other	0
gpl007	197	Pulse	199	2283271	793	0
gpl007	198	Picture	40	2289772	0	1	2984	1	0	2860	other	0
gpl007	199	Picture	75	2292922	0	1	7129	1	0	7000	hit	341
gpl007	199	Pulse	199	2295772	2849	0
gpl007	199	Response	25	2296391	3469	0
gpl007	200	Picture	40	2300217	0	1	1824	1	0	1780	other	0
gpl007	201	Picture	70	2302207	0	1	7129	1	0	7000	other	0
gpl007	201	Pulse	199	2308271	6064	0
gpl007	202	Picture	40	2309502	0	1	4476	1	0	4350	other	0
gpl007	203	Picture	75	2314144	0	1	7129	1	0	7000	hit	347
gpl007	203	Response	25	2318601	4458	0
gpl007	203	Pulse	199	2320771	6627	0
gpl007	204	Picture	40	2321439	0	1	3813	1	0	3660	other	0
gpl007	205	Picture	70	2325418	0	1	7129	1	0	7000	other	0
gpl007	206	Picture	40	2332713	0	1	2653	1	0	2490	other	0
gpl007	206	Pulse	199	2333271	559	0
gpl007	207	Picture	70	2335531	0	1	7129	1	0	7000	other	0
gpl007	208	Picture	40	2342826	0	1	2155	1	0	2140	other	0
gpl007	209	Picture	70	2345147	0	1	7129	1	0	7000	other	0
gpl007	209	Pulse	199	2345771	624	0
gpl007	210	Picture	40	2352442	0	1	2155	1	0	1990	other	0
gpl007	211	Picture	70	2354763	0	1	7129	1	0	7000	other	0
gpl007	211	Pulse	199	2358271	3508	0
gpl007	212	Picture	40	2362058	0	1	3482	1	0	3310	other	0
gpl007	213	Picture	50	2365706	0	1	30174	1	0	next	other	0
gpl007	213	Pulse	199	2370771	5066	0
gpl007	213	Pulse	199	2383271	17565	0
gpl007	213	Pulse	199	2395771	30065	0
gpl007	214	Picture	90	2395880	0	1	7129	1	0	7000	other	0
gpl007	215	Picture	40	2403175	0	1	2653	1	0	2490	other	0
gpl007	216	Picture	90	2405993	0	1	7129	1	0	7000	other	0
gpl007	216	Pulse	199	2408271	2278	0
gpl007	217	Picture	40	2413288	0	1	1824	1	0	1780	other	0
gpl007	218	Picture	90	2415278	0	1	7129	1	0	7000	other	0
gpl007	218	Pulse	199	2420771	5493	0
gpl007	219	Picture	40	2422573	0	1	2984	1	0	2860	other	0
gpl007	220	Picture	90	2425723	0	1	7129	1	0	7000	other	0
gpl007	221	Picture	40	2433018	0	1	3482	1	0	3310	other	0
gpl007	221	Pulse	199	2433271	254	0
gpl007	222	Picture	90	2436665	0	1	7129	1	0	7000	other	0
gpl007	223	Picture	40	2443960	0	1	2155	1	0	2140	other	0
gpl007	223	Pulse	199	2445771	1811	0
gpl007	224	Picture	90	2446281	0	1	7129	1	0	7000	other	0
gpl007	225	Picture	40	2453576	0	1	2155	1	0	2130	other	0
gpl007	226	Picture	90	2455897	0	1	7129	1	0	7000	other	0
gpl007	226	Pulse	199	2458271	2374	0
gpl007	227	Picture	40	2463192	0	1	4476	1	0	4350	other	0
gpl007	228	Picture	90	2467834	0	1	7129	1	0	7000	other	0
gpl007	228	Pulse	199	2470770	2936	0
gpl007	229	Picture	40	2475129	0	1	2819	1	0	2690	other	0
gpl007	230	Picture	90	2478114	0	1	7129	1	0	7000	other	0
gpl007	230	Pulse	199	2483271	5158	0
gpl007	231	Picture	40	2485408	0	1	3813	1	0	3660	other	0
gpl007	232	Picture	90	2489387	0	1	7129	1	0	7000	other	0
gpl007	232	Pulse	199	2495771	6384	0
gpl007	233	Picture	40	2496682	0	1	2155	1	0	1990	other	0
gpl007	234	Picture	50	2499003	0	1	90192	1	0	next	other	0
gpl007	234	Pulse	199	2508271	9267	0
gpl007	234	Pulse	199	2520771	21767	0
gpl007	234	Pulse	199	2533271	34268	0
gpl007	234	Pulse	199	2545771	46767	0
gpl007	234	Pulse	199	2558271	59268	0
gpl007	234	Pulse	199	2570771	71767	0
gpl007	234	Pulse	199	2583271	84268	0
gpl007	235	Picture	80	2589195	0	1	7129	1	0	7000	other	0
gpl007	235	Pulse	199	2595771	6576	0
gpl007	236	Picture	40	2596490	0	1	2155	1	0	2140	other	0
gpl007	237	Picture	80	2598811	0	1	7129	1	0	7000	other	0
gpl007	238	Picture	40	2606106	0	1	3813	1	0	3660	other	0
gpl007	238	Pulse	199	2608271	2165	0
gpl007	239	Picture	80	2610085	0	1	7129	1	0	7000	other	0
gpl007	240	Picture	40	2617380	0	1	2155	1	0	1990	other	0
gpl007	241	Picture	85	2619701	0	1	7129	1	0	7000	hit	411
gpl007	241	Pulse	199	2620771	1069	0
gpl007	241	Response	25	2623961	4260	0
gpl007	242	Picture	40	2626996	0	1	2984	1	0	2860	other	0
gpl007	243	Picture	80	2630146	0	1	7129	1	0	7000	other	0
gpl007	243	Pulse	199	2633271	3125	0
gpl007	244	Picture	40	2637441	0	1	4476	1	0	4350	other	0
gpl007	245	Picture	80	2642083	0	1	7129	1	0	7000	other	0
gpl007	245	Pulse	199	2645771	3688	0
gpl007	246	Picture	40	2649378	0	1	2155	1	0	2130	other	0
gpl007	247	Picture	80	2651699	0	1	7129	1	0	7000	other	0
gpl007	247	Pulse	199	2658271	6572	0
gpl007	248	Picture	40	2658994	0	1	2653	1	0	2490	other	0
gpl007	249	Picture	80	2661813	0	1	7129	1	0	7000	other	0
gpl007	250	Picture	40	2669107	0	1	3482	1	0	3310	other	0
gpl007	250	Pulse	199	2670771	1663	0
gpl007	251	Picture	80	2672755	0	1	7129	1	0	7000	other	0
gpl007	252	Picture	40	2680050	0	1	1824	1	0	1780	other	0
gpl007	253	Picture	80	2682039	0	1	7129	1	0	7000	other	0
gpl007	253	Pulse	199	2683271	1232	0
gpl007	254	Picture	40	2689334	0	1	2818	1	0	2690	other	0
gpl007	255	Picture	50	2692319	0	1	50070	1	0	next	other	0
gpl007	255	Pulse	199	2695771	3453	0
gpl007	255	Pulse	199	2708272	15953	0
gpl007	255	Pulse	199	2720771	28452	0
gpl007	255	Pulse	199	2733270	40952	0
gpl007	256	Picture	60	2742388	0	1	7129	1	0	7000	other	0
gpl007	256	Pulse	199	2745772	3383	0
gpl007	257	Picture	40	2749683	0	1	2155	1	0	1990	other	0
gpl007	258	Picture	60	2752004	0	1	7129	1	0	7000	other	0
gpl007	258	Pulse	199	2758271	6267	0
gpl007	259	Picture	40	2759299	0	1	2155	1	0	2130	other	0
gpl007	260	Picture	60	2761620	0	1	7129	1	0	7000	other	0
gpl007	261	Picture	40	2768915	0	1	2984	1	0	2860	other	0
gpl007	261	Pulse	199	2770771	1856	0
gpl007	262	Picture	65	2772065	0	1	7129	1	0	7000	hit	445
gpl007	262	Response	25	2776570	4505	0
gpl007	263	Picture	40	2779360	0	1	3482	1	0	3310	other	0
gpl007	264	Picture	60	2783008	0	1	7129	1	0	7000	other	0
gpl007	264	Pulse	199	2783271	264	0
gpl007	265	Picture	40	2790302	0	1	3813	1	0	3660	other	0
gpl007	266	Picture	60	2794282	0	1	7129	1	0	7000	other	0
gpl007	266	Pulse	199	2795771	1490	0
gpl007	267	Picture	40	2801576	0	1	2653	1	0	2490	other	0
gpl007	268	Picture	65	2804395	0	1	7129	1	0	7000	hit	455
gpl007	268	Pulse	199	2808271	3876	0
gpl007	268	Response	25	2810841	6446	0
gpl007	269	Picture	40	2811690	0	1	2155	1	0	2140	other	0
gpl007	270	Picture	60	2813855	0	156	7119	157	0	7000	other	0
gpl007	270	Pulse	199	2820771	6916	0
gpl007	271	Picture	40	2821140	0	1	1824	1	0	1780	other	0
gpl007	272	Picture	60	2823130	0	1	7129	1	0	7000	other	0
gpl007	273	Picture	40	2830424	0	1	4476	1	0	4350	other	0
gpl007	273	Pulse	199	2833270	2846	0
gpl007	274	Picture	60	2835067	0	1	7129	1	0	7000	other	0
gpl007	275	Picture	40	2842362	0	1	2818	1	0	2690	other	0
gpl007	276	Picture	50	2845346	0	1	50070	1	0	next	other	0
gpl007	276	Pulse	199	2845771	425	0
gpl007	276	Pulse	199	2858271	12925	0
gpl007	276	Pulse	199	2870771	25425	0
gpl007	276	Pulse	199	2883271	37925	0
gpl007	277	Picture	70	2895415	0	1	7129	1	0	7000	other	0
gpl007	277	Pulse	199	2895771	356	0
gpl007	278	Picture	40	2902710	0	1	4476	1	0	4350	other	0
gpl007	279	Picture	70	2907353	0	1	7129	1	0	7000	other	0
gpl007	279	Pulse	199	2908271	919	0
gpl007	280	Picture	40	2914648	0	1	1824	1	0	1780	other	0
gpl007	281	Picture	70	2916637	0	1	7129	1	0	7000	other	0
gpl007	281	Pulse	199	2920771	4134	0
gpl007	282	Picture	40	2923932	0	1	3482	1	0	3310	other	0
gpl007	283	Picture	70	2927579	0	1	7129	1	0	7000	other	0
gpl007	283	Pulse	199	2933271	5692	0
gpl007	284	Picture	40	2934874	0	1	2155	1	0	1990	other	0
gpl007	285	Picture	70	2937195	0	1	7129	1	0	7000	other	0
gpl007	286	Picture	40	2944490	0	1	2819	1	0	2690	other	0
gpl007	286	Pulse	199	2945770	1280	0
gpl007	287	Picture	70	2947475	0	1	7129	1	0	7000	other	0
gpl007	288	Picture	40	2954769	0	1	2155	1	0	2130	other	0
gpl007	289	Picture	70	2957091	0	1	7129	1	0	7000	other	0
gpl007	289	Pulse	199	2958271	1180	0
gpl007	290	Picture	40	2964385	0	1	3813	1	0	3660	other	0
gpl007	291	Picture	70	2968364	0	1	7129	1	0	7000	other	0
gpl007	291	Pulse	199	2970771	2407	0
gpl007	292	Picture	40	2975659	0	1	2155	1	0	2140	other	0
gpl007	293	Picture	70	2977981	0	1	7129	1	0	7000	other	0
gpl007	293	Pulse	199	2983271	5290	0
gpl007	294	Picture	40	2985275	0	1	2984	1	0	2860	other	0
gpl007	295	Picture	70	2988426	0	1	7129	1	0	7000	other	0
gpl007	296	Picture	40	2995720	0	1	2653	1	0	2490	other	0
gpl007	296	Pulse	199	2995771	50	0
gpl007	297	Picture	50	2998539	0	1	90192	1	0	next	other	0
gpl007	297	Pulse	199	3008271	9732	0
gpl007	297	Pulse	199	3020771	22232	0
gpl007	297	Pulse	199	3033271	34732	0
gpl007	297	Pulse	199	3045771	47232	0
gpl007	297	Pulse	199	3058270	59732	0
gpl007	297	Pulse	199	3070770	72231	0
gpl007	297	Pulse	199	3083271	84732	0
gpl007	298	Picture	90	3088731	0	1	7129	1	0	7000	other	0
gpl007	298	Pulse	199	3095771	7041	0
gpl007	299	Picture	40	3096025	0	1	2155	1	0	2140	other	0
gpl007	300	Picture	90	3098347	0	1	7129	1	0	7000	other	0
gpl007	301	Picture	40	3105641	0	1	2155	1	0	2130	other	0
gpl007	302	Picture	90	3107963	0	1	7129	1	0	7000	other	0
gpl007	302	Pulse	199	3108271	308	0
gpl007	303	Picture	40	3115257	0	1	1824	1	0	1780	other	0
gpl007	304	Picture	90	3117247	0	1	7129	1	0	7000	other	0
gpl007	304	Pulse	199	3120771	3524	0
gpl007	305	Picture	40	3124542	0	1	4476	1	0	4350	other	0
gpl007	306	Picture	95	3129184	0	1	7129	1	0	7000	hit	519
gpl007	306	Response	25	3133191	4007	0
gpl007	306	Pulse	199	3133271	4087	0
gpl007	307	Picture	40	3136479	0	1	3813	1	0	3660	other	0
gpl007	308	Picture	90	3140458	0	1	7129	1	0	7000	other	0
gpl007	308	Pulse	199	3145771	5313	0
gpl007	309	Picture	40	3147753	0	1	2155	1	0	1990	other	0
gpl007	310	Picture	90	3150074	0	1	7129	1	0	7000	other	0
gpl007	311	Picture	40	3157369	0	1	2819	1	0	2690	other	0
gpl007	311	Pulse	199	3158271	902	0
gpl007	312	Picture	90	3160353	0	1	7129	1	0	7000	other	0
gpl007	313	Picture	40	3167648	0	1	3482	1	0	3310	other	0
gpl007	313	Pulse	199	3170770	3122	0
gpl007	314	Picture	90	3171296	0	1	7129	1	0	7000	other	0
gpl007	315	Picture	40	3178591	0	1	2653	1	0	2490	other	0
gpl007	316	Picture	90	3181409	0	1	7129	1	0	7000	other	0
gpl007	316	Pulse	199	3183270	1861	0
gpl007	317	Picture	40	3188704	0	1	2984	1	0	2860	other	0
gpl007	318	Picture	50	3191854	0	1	30174	1	0	next	other	0
gpl007	318	Pulse	199	3195771	3917	0
gpl007	318	Pulse	199	3208271	16417	0
gpl007	318	Pulse	199	3220771	28917	0
gpl007	319	Picture	80	3222028	0	1	7129	1	0	7000	other	0
gpl007	320	Picture	40	3229323	0	1	2984	1	0	2860	other	0
gpl007	321	Picture	80	3232473	0	1	7129	1	0	7000	other	0
gpl007	321	Pulse	199	3233272	798	0
gpl007	322	Picture	40	3239768	0	1	3482	1	0	3310	other	0
gpl007	323	Picture	80	3243416	0	1	7129	1	0	7000	other	0
gpl007	323	Pulse	199	3245771	2355	0
gpl007	324	Picture	40	3250711	0	1	3813	1	0	3660	other	0
gpl007	325	Picture	80	3254690	0	1	7129	1	0	7000	other	0
gpl007	325	Pulse	199	3258271	3581	0
gpl007	326	Picture	40	3261985	0	1	1824	1	0	1780	other	0
gpl007	327	Picture	80	3263974	0	1	7129	1	0	7000	other	0
gpl007	327	Pulse	199	3270771	6797	0
gpl007	328	Picture	40	3271269	0	1	4476	1	0	4350	other	0
gpl007	329	Picture	85	3275911	0	1	7129	1	0	7000	hit	555
gpl007	329	Response	25	3279221	3310	0
gpl007	330	Picture	40	3283206	0	1	2819	1	0	2690	other	0
gpl007	330	Pulse	199	3283270	64	0
gpl007	331	Picture	80	3286190	0	1	7129	1	0	7000	other	0
gpl007	332	Picture	40	3293485	0	1	2155	1	0	2130	other	0
gpl007	332	Pulse	199	3295770	2285	0
gpl007	333	Picture	80	3295806	0	1	7129	1	0	7000	other	0
gpl007	334	Picture	40	3303101	0	1	2155	1	0	2140	other	0
gpl007	335	Picture	80	3305267	0	322	7119	322	0	7000	other	0
gpl007	335	Pulse	199	3308271	3005	0
gpl007	336	Picture	40	3312552	0	1	2155	1	0	1990	other	0
gpl007	337	Picture	80	3314873	0	1	7129	1	0	7000	other	0
gpl007	337	Pulse	199	3320771	5899	0
gpl007	338	Picture	40	3322168	0	1	2653	1	0	2490	other	0
gpl007	339	Picture	50	3324986	0	1	70130	1	0	next	other	0
gpl007	339	Pulse	199	3333271	8285	0
gpl007	339	Pulse	199	3345771	20785	0
gpl007	339	Pulse	199	3358271	33285	0
gpl007	339	Pulse	199	3370771	45785	0
gpl007	339	Pulse	199	3383271	58285	0
gpl007	340	Picture	60	3395117	0	1	7129	1	0	7000	other	0
gpl007	340	Pulse	199	3395771	654	0
gpl007	341	Picture	40	3402412	0	1	2819	1	0	2690	other	0
gpl007	342	Picture	60	3405396	0	1	7129	1	0	7000	other	0
gpl007	342	Pulse	199	3408271	2875	0
gpl007	343	Picture	40	3412691	0	1	3813	1	0	3660	other	0
gpl007	344	Picture	60	3416670	0	1	7129	1	0	7000	other	0
gpl007	344	Pulse	199	3420771	4101	0
gpl007	345	Picture	40	3423965	0	1	2984	1	0	2860	other	0
gpl007	346	Picture	60	3427115	0	1	7129	1	0	7000	other	0
gpl007	346	Pulse	199	3433271	6157	0
gpl007	347	Picture	40	3434410	0	1	1824	1	0	1780	other	0
gpl007	348	Picture	65	3436399	0	1	7129	1	0	7000	hit	588
gpl007	348	Response	25	3440111	3712	0
gpl007	349	Picture	40	3443694	0	1	2653	1	0	2490	other	0
gpl007	349	Pulse	199	3445771	2077	0
gpl007	350	Picture	60	3446513	0	1	7129	1	0	7000	other	0
gpl007	351	Picture	40	3453808	0	1	2155	1	0	2130	other	0
gpl007	352	Picture	60	3456129	0	1	7129	1	0	7000	other	0
gpl007	352	Pulse	199	3458271	2143	0
gpl007	353	Picture	40	3463424	0	1	2155	1	0	2140	other	0
gpl007	354	Picture	60	3465589	0	322	7119	322	0	7000	other	0
gpl007	354	Pulse	199	3470771	5182	0
gpl007	355	Picture	40	3472874	0	1	4476	1	0	4350	other	0
gpl007	356	Picture	60	3477516	0	1	7129	1	0	7000	other	0
gpl007	356	Pulse	199	3483271	5755	0
gpl007	357	Picture	40	3484811	0	1	2155	1	0	1990	other	0
gpl007	358	Picture	60	3487132	0	1	7129	1	0	7000	other	0
gpl007	359	Picture	40	3494427	0	1	3482	1	0	3310	other	0
gpl007	359	Pulse	199	3495771	1344	0
gpl007	360	Picture	50	3498074	0	1	90192	1	0	next	other	0
gpl007	360	Pulse	199	3508271	10197	0
gpl007	360	Pulse	199	3520771	22696	0
gpl007	360	Pulse	199	3533271	35197	0
gpl007	360	Pulse	199	3545771	47696	0
gpl007	360	Pulse	199	3558271	60197	0
gpl007	360	Pulse	199	3570771	72696	0
gpl007	360	Pulse	199	3583271	85197	0
gpl007	361	Picture	70	3588266	0	1	7129	1	0	7000	other	0
gpl007	362	Picture	40	3595561	0	1	2155	1	0	2130	other	0
gpl007	362	Pulse	199	3595771	210	0
gpl007	363	Picture	70	3597882	0	1	7129	1	0	7000	other	0
gpl007	364	Picture	40	3605177	0	1	1824	1	0	1780	other	0
gpl007	365	Picture	70	3607166	0	1	7129	1	0	7000	other	0
gpl007	365	Pulse	199	3608271	1104	0
gpl007	366	Picture	40	3614461	0	1	2653	1	0	2490	other	0
gpl007	367	Picture	70	3617280	0	1	7129	1	0	7000	other	0
gpl007	367	Pulse	199	3620770	3490	0
gpl007	368	Picture	40	3624575	0	1	2984	1	0	2860	other	0
gpl007	369	Picture	75	3627725	0	1	7129	1	0	7000	hit	625
gpl007	369	Response	25	3631600	3876	0
gpl007	369	Pulse	199	3633270	5545	0
gpl007	370	Picture	40	3635020	0	1	2818	1	0	2690	other	0
gpl007	371	Picture	70	3638004	0	1	7129	1	0	7000	other	0
gpl007	372	Picture	40	3645299	0	1	2155	1	0	2140	other	0
gpl007	372	Pulse	199	3645781	482	0
gpl007	373	Picture	75	3647620	0	1	7129	1	0	7000	hit	632
gpl007	373	Response	25	3652531	4911	0
gpl007	374	Picture	40	3654915	0	1	3482	1	0	3310	other	0
gpl007	374	Pulse	199	3658281	3366	0
gpl007	375	Picture	70	3658562	0	1	7129	1	0	7000	other	0
gpl007	376	Picture	40	3665857	0	1	2155	1	0	1990	other	0
gpl007	377	Picture	70	3668178	0	1	7129	1	0	7000	other	0
gpl007	377	Pulse	199	3670781	2602	0
gpl007	378	Picture	40	3675473	0	1	4476	1	0	4350	other	0
gpl007	379	Picture	70	3680115	0	1	7129	1	0	7000	other	0
gpl007	379	Pulse	199	3683281	3165	0
gpl007	380	Picture	40	3687410	0	1	3813	1	0	3660	other	0
gpl007	381	Picture	50	3691389	0	1	30174	1	0	next	other	0
gpl007	381	Pulse	199	3695781	4391	0
gpl007	381	Pulse	199	3708280	16891	0
gpl007	381	Pulse	199	3720780	29391	0
gpl007	382	Picture	90	3721564	0	1	7129	1	0	7000	other	0
gpl007	383	Picture	40	3728859	0	1	4476	1	0	4350	other	0
gpl007	383	Pulse	199	3733281	4422	0
gpl007	384	Picture	90	3733501	0	1	7129	1	0	7000	other	0
gpl007	385	Picture	40	3740796	0	1	2818	1	0	2690	other	0
gpl007	386	Picture	90	3743780	0	1	7129	1	0	7000	other	0
gpl007	386	Pulse	199	3745780	2000	0
gpl007	387	Picture	40	3751075	0	1	2984	1	0	2860	other	0
gpl007	388	Picture	90	3754225	0	1	7129	1	0	7000	other	0
gpl007	388	Pulse	199	3758281	4056	0
gpl007	389	Picture	40	3761520	0	1	3482	1	0	3310	other	0
gpl007	390	Picture	90	3765167	0	1	7129	1	0	7000	other	0
gpl007	390	Pulse	199	3770781	5613	0
gpl007	391	Picture	40	3772462	0	1	2155	1	0	1990	other	0
gpl007	392	Picture	90	3774784	0	1	7129	1	0	7000	other	0
gpl007	393	Picture	40	3782078	0	1	2155	1	0	2130	other	0
gpl007	393	Pulse	199	3783280	1202	0
gpl007	394	Picture	90	3784400	0	1	7129	1	0	7000	other	0
gpl007	395	Picture	40	3791694	0	1	1824	1	0	1780	other	0
gpl007	396	Picture	90	3793684	0	1	7129	1	0	7000	other	0
gpl007	396	Pulse	199	3795781	2097	0
gpl007	397	Picture	40	3800979	0	1	3813	1	0	3660	other	0
gpl007	398	Picture	90	3804958	0	1	7129	1	0	7000	other	0
gpl007	398	Pulse	199	3808281	3323	0
gpl007	399	Picture	40	3812253	0	1	2653	1	0	2490	other	0
gpl007	400	Picture	90	3815071	0	1	7129	1	0	7000	other	0
gpl007	400	Pulse	199	3820781	5709	0
gpl007	401	Picture	40	3822366	0	1	2155	1	0	2140	other	0
gpl007	402	Picture	50	3824687	0	1	50070	1	0	next	other	0
gpl007	402	Pulse	199	3833281	8593	0
gpl007	402	Pulse	199	3845780	21093	0
gpl007	402	Pulse	199	3858280	33593	0
gpl007	402	Pulse	199	3870781	46093	0
gpl007	403	Picture	80	3874757	0	1	7129	1	0	7000	other	0
gpl007	404	Picture	40	3882052	0	1	3482	1	0	3310	other	0
gpl007	404	Pulse	199	3883281	1229	0
gpl007	405	Picture	80	3885699	0	1	7129	1	0	7000	other	0
gpl007	406	Picture	40	3892994	0	1	3813	1	0	3660	other	0
gpl007	406	Pulse	199	3895781	2787	0
gpl007	407	Picture	80	3896973	0	1	7129	1	0	7000	other	0
gpl007	408	Picture	40	3904268	0	1	2984	1	0	2860	other	0
gpl007	409	Picture	80	3907418	0	1	7129	1	0	7000	other	0
gpl007	409	Pulse	199	3908281	863	0
gpl007	410	Picture	40	3914713	0	1	2155	1	0	2140	other	0
gpl007	411	Picture	80	3916878	0	322	7119	322	0	7000	other	0
gpl007	411	Pulse	199	3920781	3902	0
gpl007	412	Picture	40	3924163	0	1	1824	1	0	1780	other	0
gpl007	413	Picture	80	3926153	0	1	7129	1	0	7000	other	0
gpl007	413	Pulse	199	3933280	7127	1
gpl007	414	Picture	40	3933448	0	1	2819	1	0	2690	other	0
gpl007	415	Picture	80	3936432	0	1	7129	1	0	7000	other	0
gpl007	416	Picture	40	3943727	0	1	2155	1	0	1990	other	0
gpl007	416	Pulse	199	3945780	2053	1
gpl007	417	Picture	80	3946048	0	1	7129	1	0	7000	other	0
gpl007	418	Picture	40	3953343	0	1	2155	1	0	2130	other	0
gpl007	419	Picture	80	3955664	0	1	7129	1	0	7000	other	0
gpl007	419	Pulse	199	3958280	2616	0
gpl007	420	Picture	40	3962959	0	1	2653	1	0	2490	other	0
gpl007	421	Picture	85	3965777	0	1	7129	1	0	7000	hit	706
gpl007	421	Response	25	3969800	4023	0
gpl007	421	Pulse	199	3970781	5003	0
gpl007	422	Picture	40	3973072	0	1	4476	1	0	4350	other	0
gpl007	423	Picture	50	3977714	0	1	70131	1	0	next	other	0
gpl007	423	Pulse	199	3983281	5567	0
gpl007	423	Pulse	199	3995780	18066	0
gpl007	423	Pulse	199	4008281	30566	0
gpl007	423	Pulse	199	4020781	43066	0
gpl007	423	Pulse	199	4033280	55566	0
gpl007	423	Pulse	199	4045781	68066	0
gpl007	424	Picture	60	4047845	0	1	7129	1	0	7000	other	0
gpl007	425	Picture	40	4055140	0	1	2818	1	0	2690	other	0
gpl007	426	Picture	60	4058124	0	1	7129	1	0	7000	other	0
gpl007	426	Pulse	199	4058281	156	0
gpl007	427	Picture	40	4065419	0	1	2155	1	0	2140	other	0
gpl007	428	Picture	65	4067585	0	156	7119	157	0	7000	hit	723
gpl007	428	Pulse	199	4070780	3196	0
gpl007	428	Response	25	4071990	4406	0
gpl007	429	Picture	40	4074869	0	1	2155	1	0	1990	other	0
gpl007	430	Picture	60	4077191	0	1	7129	1	0	7000	other	0
gpl007	430	Pulse	199	4083281	6090	0
gpl007	431	Picture	40	4084486	0	1	3482	1	0	3310	other	0
gpl007	432	Picture	60	4088133	0	1	7129	1	0	7000	other	0
gpl007	433	Picture	40	4095428	0	1	1824	1	0	1780	other	0
gpl007	433	Pulse	199	4095781	353	0
gpl007	434	Picture	60	4097417	0	1	7129	1	0	7000	other	0
gpl007	435	Picture	40	4104712	0	1	2653	1	0	2490	other	0
gpl007	436	Picture	60	4107531	0	1	7129	1	0	7000	other	0
gpl007	436	Pulse	199	4108281	750	0
gpl007	437	Picture	40	4114826	0	1	2984	1	0	2860	other	0
gpl007	438	Picture	60	4117976	0	1	7129	1	0	7000	other	0
gpl007	438	Pulse	199	4120781	2805	0
gpl007	439	Picture	40	4125271	0	1	2155	1	0	2130	other	0
gpl007	440	Picture	65	4127592	0	1	7129	1	0	7000	hit	740
gpl007	440	Response	25	4131591	3999	0
gpl007	440	Pulse	199	4133281	5689	0
gpl007	441	Picture	40	4134887	0	1	4476	1	0	4350	other	0
gpl007	442	Picture	60	4139529	0	1	7129	1	0	7000	other	0
gpl007	442	Pulse	199	4145781	6252	0
gpl007	443	Picture	40	4146824	0	1	3813	1	0	3660	other	0
gpl007	444	Picture	50	4150803	0	1	70131	1	0	next	other	0
gpl007	444	Pulse	199	4158281	7478	0
gpl007	444	Pulse	199	4170781	19978	0
gpl007	444	Pulse	199	4183280	32477	0
gpl007	444	Pulse	199	4195781	44978	0
gpl007	444	Pulse	199	4208281	57478	0
gpl007	444	Pulse	199	4220781	69978	0
gpl007	445	Picture	70	4220933	0	1	7129	1	0	7000	other	0
gpl007	446	Picture	40	4228228	0	1	4476	1	0	4350	other	0
gpl007	447	Picture	70	4232871	0	1	7129	1	0	7000	other	0
gpl007	447	Pulse	199	4233281	410	0
gpl007	448	Picture	40	4240165	0	1	2155	1	0	2140	other	0
gpl007	449	Picture	70	4242331	0	322	7119	322	0	7000	other	0
gpl007	449	Pulse	199	4245781	3450	0
gpl007	450	Picture	40	4249616	0	1	2984	1	0	2860	other	0
gpl007	451	Picture	70	4252766	0	1	7129	1	0	7000	other	0
gpl007	451	Pulse	199	4258281	5515	0
gpl007	452	Picture	40	4260061	0	1	1824	1	0	1780	other	0
gpl007	453	Picture	70	4262050	0	1	7129	1	0	7000	other	0
gpl007	454	Picture	40	4269345	0	1	2653	1	0	2490	other	0
gpl007	454	Pulse	199	4270781	1435	0
gpl007	455	Picture	70	4272164	0	1	7129	1	0	7000	other	0
gpl007	456	Picture	40	4279458	0	1	2819	1	0	2690	other	0
gpl007	457	Picture	70	4282443	0	1	7129	1	0	7000	other	0
gpl007	457	Pulse	199	4283280	838	0
gpl007	458	Picture	40	4289738	0	1	3813	1	0	3660	other	0
gpl007	459	Picture	70	4293717	0	1	7129	1	0	7000	other	0
gpl007	459	Pulse	199	4295780	2063	0
gpl007	460	Picture	40	4301012	0	1	2155	1	0	1990	other	0
gpl007	461	Picture	70	4303333	0	1	7129	1	0	7000	other	0
gpl007	461	Pulse	199	4308280	4947	0
gpl007	462	Picture	40	4310628	0	1	3482	1	0	3310	other	0
gpl007	463	Picture	70	4314275	0	1	7129	1	0	7000	other	0
gpl007	463	Pulse	199	4320780	6505	0
gpl007	464	Picture	40	4321570	0	1	2155	1	0	2130	other	0
gpl007	465	Picture	50	4323891	0	1	50070	1	0	next	other	0
gpl007	465	Pulse	199	4333281	9390	0
gpl007	465	Pulse	199	4345780	21889	0
gpl007	465	Pulse	199	4358281	34390	0
gpl007	465	Pulse	199	4370781	46889	0
gpl007	466	Picture	90	4373961	0	1	7129	1	0	7000	other	0
gpl007	467	Picture	40	4381256	0	1	2818	1	0	2690	other	0
gpl007	467	Pulse	199	4383281	2025	0
gpl007	468	Picture	90	4384240	0	1	7129	1	0	7000	other	0
gpl007	469	Picture	40	4391535	0	1	2155	1	0	2130	other	0
gpl007	470	Picture	90	4393856	0	1	7129	1	0	7000	other	0
gpl007	470	Pulse	199	4395780	1924	0
gpl007	471	Picture	40	4401151	0	1	4476	1	0	4350	other	0
gpl007	472	Picture	90	4405793	0	1	7129	1	0	7000	other	0
gpl007	472	Pulse	199	4408280	2487	0
gpl007	473	Picture	40	4413088	0	1	2155	1	0	2140	other	0
gpl007	474	Picture	90	4415409	0	1	7129	1	0	7000	other	0
gpl007	474	Pulse	199	4420780	5371	0
gpl007	475	Picture	40	4422704	0	1	3813	1	0	3660	other	0
gpl007	476	Picture	90	4426683	0	1	7129	1	0	7000	other	0
gpl007	476	Pulse	199	4433280	6597	0
gpl007	477	Picture	40	4433978	0	1	3482	1	0	3310	other	0
gpl007	478	Picture	90	4437625	0	1	7129	1	0	7000	other	0
gpl007	479	Picture	40	4444920	0	1	1824	1	0	1780	other	0
gpl007	479	Pulse	199	4445781	860	0
gpl007	480	Picture	95	4446910	0	1	7129	1	0	7000	hit	807
gpl007	480	Response	25	4451070	4160	0
gpl007	481	Picture	40	4454205	0	1	2984	1	0	2860	other	0
gpl007	482	Picture	90	4457355	0	1	7129	1	0	7000	other	0
gpl007	482	Pulse	199	4458281	926	0
gpl007	483	Picture	40	4464650	0	1	2155	1	0	1990	other	0
gpl007	484	Picture	90	4466971	0	1	7129	1	0	7000	other	0
gpl007	484	Pulse	199	4470780	3810	0
gpl007	485	Picture	40	4474266	0	1	2653	1	0	2490	other	0
gpl007	486	Picture	50	4477084	0	1	90192	1	0	next	other	0
gpl007	486	Pulse	199	4483281	6197	0
gpl007	486	Pulse	199	4495781	18697	0
gpl007	486	Pulse	199	4508280	31196	0
gpl007	486	Pulse	199	4520780	43696	0
gpl007	486	Pulse	199	4533281	56196	0
gpl007	486	Pulse	199	4545780	68696	0
gpl007	486	Pulse	199	4558280	81196	0
gpl007	487	Picture	80	4567276	0	1	7129	1	0	7000	other	0
gpl007	487	Pulse	199	4570781	3505	0
gpl007	488	Picture	40	4574571	0	1	3482	1	0	3310	other	0
gpl007	489	Picture	80	4578218	0	1	7129	1	0	7000	other	0
gpl007	489	Pulse	199	4583281	5063	0
gpl007	490	Picture	40	4585513	0	1	2155	1	0	2140	other	0
gpl007	491	Picture	80	4587834	0	1	7129	1	0	7000	other	0
gpl007	492	Picture	40	4595129	0	1	2653	1	0	2490	other	0
gpl007	492	Pulse	199	4595781	652	0
gpl007	493	Picture	80	4597948	0	1	7129	1	0	7000	other	0
gpl007	494	Picture	40	4605242	0	1	1824	1	0	1780	other	0
gpl007	495	Picture	80	4607232	0	1	7129	1	0	7000	other	0
gpl007	495	Pulse	199	4608281	1049	0
gpl007	496	Picture	40	4614527	0	1	2984	1	0	2860	other	0
gpl007	497	Picture	80	4617677	0	1	7129	1	0	7000	other	0
gpl007	497	Pulse	199	4620780	3103	0
gpl007	498	Picture	40	4624972	0	1	2818	1	0	2690	other	0
gpl007	499	Picture	80	4627956	0	1	7129	1	0	7000	other	0
gpl007	499	Pulse	199	4633280	5324	0
gpl007	500	Picture	40	4635251	0	1	4477	1	0	4350	other	0
gpl007	501	Picture	80	4639893	0	1	7129	1	0	7000	other	0
gpl007	501	Pulse	199	4645780	5887	0
gpl007	502	Picture	40	4647188	0	1	3813	1	0	3660	other	0
gpl007	503	Picture	85	4651167	0	1	7129	1	0	7000	hit	847
gpl007	503	Response	25	4655190	4023	0
gpl007	503	Pulse	199	4658281	7113	0
gpl007	504	Picture	40	4658462	0	1	2155	1	0	2130	other	0
gpl007	505	Picture	80	4660783	0	1	7129	1	0	7000	other	0
gpl007	506	Picture	40	4668078	0	1	2155	1	0	1990	other	0
gpl007	507	Picture	50	4670399	0	1	30174	1	0	next	other	0
gpl007	507	Pulse	199	4670781	382	0
gpl007	507	Pulse	199	4683281	12881	0
gpl007	507	Pulse	199	4695781	25381	0
gpl007	508	Picture	60	4700574	0	1	7129	1	0	7000	other	0
gpl007	509	Picture	40	4707869	0	1	2155	1	0	2130	other	0
gpl007	509	Pulse	199	4708281	412	0
gpl007	510	Picture	60	4710190	0	1	7129	1	0	7000	other	0
gpl007	511	Picture	40	4717485	0	1	4476	1	0	4350	other	0
gpl007	511	Pulse	199	4720781	3296	0
gpl007	512	Picture	60	4722127	0	1	7129	1	0	7000	other	0
gpl007	513	Picture	40	4729422	0	1	2653	1	0	2490	other	0
gpl007	514	Picture	60	4732240	0	1	7129	1	0	7000	other	0
gpl007	514	Pulse	199	4733281	1040	0
gpl007	515	Picture	40	4739535	0	1	2155	1	0	1990	other	0
gpl007	516	Picture	60	4741856	0	1	7129	1	0	7000	other	0
gpl007	516	Pulse	199	4745780	3924	0
gpl007	517	Picture	40	4749151	0	1	2818	1	0	2690	other	0
gpl007	518	Picture	60	4752135	0	1	7129	1	0	7000	other	0
gpl007	518	Pulse	199	4758280	6145	0
gpl007	519	Picture	40	4759430	0	1	3482	1	0	3310	other	0
gpl007	520	Picture	60	4763078	0	1	7129	1	0	7000	other	0
gpl007	521	Picture	40	4770373	0	1	1824	1	0	1780	other	0
gpl007	521	Pulse	199	4770781	408	0
gpl007	522	Picture	60	4772362	0	1	7129	1	0	7000	other	0
gpl007	523	Picture	40	4779657	0	1	2984	1	0	2860	other	0
gpl007	524	Picture	60	4782807	0	1	7129	1	0	7000	other	0
gpl007	524	Pulse	199	4783281	473	0
gpl007	525	Picture	40	4790102	0	1	3813	1	0	3660	other	0
gpl007	526	Picture	60	4794081	0	1	7129	1	0	7000	other	0
gpl007	526	Pulse	199	4795781	1700	0
gpl007	527	Picture	40	4801376	0	1	2155	1	0	2140	other	0
gpl007	528	Picture	50	4803697	0	1	50070	1	0	next	other	0
gpl007	528	Pulse	199	4808280	4583	0
gpl007	528	Pulse	199	4820780	17083	0
gpl007	528	Pulse	199	4833280	29583	0
gpl007	528	Pulse	199	4845780	42083	0
gpl007	529	Picture	70	4853767	0	1	7129	1	0	7000	other	0
gpl007	529	Pulse	199	4858280	4513	0
gpl007	530	Picture	40	4861062	0	1	2818	1	0	2690	other	0
gpl007	531	Picture	70	4864046	0	1	7129	1	0	7000	other	0
gpl007	531	Pulse	199	4870781	6735	0
gpl007	532	Picture	40	4871341	0	1	2155	1	0	1990	other	0
gpl007	533	Picture	70	4873662	0	1	7129	1	0	7000	other	0
gpl007	534	Picture	40	4880957	0	1	2653	1	0	2490	other	0
gpl007	534	Pulse	199	4883280	2323	0
gpl007	535	Picture	70	4883775	0	1	7129	1	0	7000	other	0
gpl007	536	Picture	40	4891070	0	1	1824	1	0	1780	other	0
gpl007	537	Picture	70	4893060	0	1	7129	1	0	7000	other	0
gpl007	537	Pulse	199	4895781	2721	0
gpl007	538	Picture	40	4900355	0	1	2984	1	0	2860	other	0
gpl007	539	Picture	70	4903505	0	1	7129	1	0	7000	other	0
gpl007	539	Pulse	199	4908280	4775	0
gpl007	540	Picture	40	4910800	0	1	4476	1	0	4350	other	0
gpl007	541	Picture	70	4915442	0	1	7129	1	0	7000	other	0
gpl007	541	Pulse	199	4920780	5339	0
gpl007	542	Picture	40	4922737	0	1	3813	1	0	3660	other	0
gpl007	543	Picture	70	4926716	0	1	7129	1	0	7000	other	0
gpl007	543	Pulse	199	4933280	6565	0
gpl007	544	Picture	40	4934011	0	1	2155	1	0	2140	other	0
gpl007	545	Picture	70	4936332	0	1	7129	1	0	7000	other	0
gpl007	546	Picture	40	4943627	0	1	3482	1	0	3310	other	0
gpl007	546	Pulse	199	4945780	2154	0
gpl007	547	Picture	75	4947274	0	1	7129	1	0	7000	hit	916
gpl007	547	Response	25	4951380	4106	0
gpl007	548	Picture	40	4954569	0	1	2155	1	0	2130	other	0
gpl007	549	Picture	50	4956890	0	1	70131	1	0	next	other	0
gpl007	549	Pulse	199	4958280	1390	0
gpl007	549	Pulse	199	4970780	13890	0
gpl007	549	Pulse	199	4983280	26390	0
gpl007	549	Pulse	199	4995781	38890	0
gpl007	549	Pulse	199	5008281	51390	0
gpl007	549	Pulse	199	5020780	63890	0
gpl007	550	Picture	90	5027021	0	1	7129	1	0	7000	other	0
gpl007	550	Pulse	199	5033281	6260	0
gpl007	551	Picture	40	5034316	0	1	4476	1	0	4350	other	0
gpl007	552	Picture	90	5038958	0	1	7129	1	0	7000	other	0
gpl007	552	Pulse	199	5045780	6823	0
gpl007	553	Picture	40	5046253	0	1	2653	1	0	2490	other	0
gpl007	554	Picture	90	5049071	0	1	7129	1	0	7000	other	0
gpl007	555	Picture	40	5056366	0	1	3813	1	0	3660	other	0
gpl007	555	Pulse	199	5058281	1915	0
gpl007	556	Picture	90	5060345	0	1	7129	1	0	7000	other	0
gpl007	557	Picture	40	5067640	0	1	1824	1	0	1780	other	0
gpl007	558	Picture	95	5069630	0	1	7129	1	0	7000	hit	938
gpl007	558	Pulse	199	5070780	1150	0
gpl007	558	Response	25	5074550	4921	0
gpl007	559	Picture	40	5076925	0	1	2155	1	0	2140	other	0
gpl007	560	Picture	90	5079246	0	1	7129	1	0	7000	other	0
gpl007	560	Pulse	199	5083280	4035	0
gpl007	561	Picture	40	5086541	0	1	2155	1	0	2130	other	0
gpl007	562	Picture	90	5088862	0	1	7129	1	0	7000	other	0
gpl007	562	Pulse	199	5095781	6919	0
gpl007	563	Picture	40	5096157	0	1	2155	1	0	1990	other	0
gpl007	564	Picture	90	5098478	0	1	7129	1	0	7000	other	0
gpl007	565	Picture	40	5105773	0	1	2819	1	0	2690	other	0
gpl007	565	Pulse	199	5108281	2508	0
gpl007	566	Picture	90	5108757	0	1	7129	1	0	7000	other	0
gpl007	567	Picture	40	5116052	0	1	3482	1	0	3310	other	0
gpl007	568	Picture	90	5119699	0	1	7129	1	0	7000	other	0
gpl007	568	Pulse	199	5120781	1081	0
gpl007	569	Picture	40	5126994	0	1	2984	1	0	2860	other	0
gpl007	570	Picture	50	5130144	0	1	30174	1	0	next	other	0
gpl007	570	Pulse	199	5133281	3136	0
gpl007	570	Pulse	199	5145780	15636	0
gpl007	570	Pulse	199	5158280	28136	0
gpl007	571	Picture	80	5160319	0	1	7129	1	0	7000	other	0
gpl007	572	Picture	40	5167614	0	1	2155	1	0	1990	other	0
gpl007	573	Picture	80	5169935	0	1	7129	1	0	7000	other	0
gpl007	573	Pulse	199	5170780	846	0
gpl007	574	Picture	40	5177230	0	1	2818	1	0	2690	other	0
gpl007	575	Picture	80	5180214	0	1	7129	1	0	7000	other	0
gpl007	575	Pulse	199	5183280	3066	0
gpl007	576	Picture	40	5187509	0	1	2653	1	0	2490	other	0
gpl007	577	Picture	80	5190327	0	1	7129	1	0	7000	other	0
gpl007	577	Pulse	199	5195780	5453	0
gpl007	578	Picture	40	5197622	0	1	1824	1	0	1780	other	0
gpl007	579	Picture	80	5199612	0	1	7129	1	0	7000	other	0
gpl007	580	Picture	40	5206907	0	1	3482	1	0	3310	other	0
gpl007	580	Pulse	199	5208281	1374	0
gpl007	581	Picture	80	5210554	0	1	7129	1	0	7000	other	0
gpl007	582	Picture	40	5217849	0	1	4476	1	0	4350	other	0
gpl007	582	Pulse	199	5220781	2932	0
gpl007	583	Picture	85	5222491	0	1	7129	1	0	7000	hit	976
gpl007	583	Response	25	5227380	4889	0
gpl007	584	Picture	40	5229786	0	1	2155	1	0	2130	other	0
gpl007	585	Picture	80	5232107	0	1	7129	1	0	7000	other	0
gpl007	585	Pulse	199	5233281	1173	0
gpl007	586	Picture	40	5239402	0	1	2984	1	0	2860	other	0
gpl007	587	Picture	85	5242552	0	1	7129	1	0	7000	hit	983
gpl007	587	Pulse	199	5245781	3228	0
gpl007	587	Response	25	5248751	6198	0
gpl007	588	Picture	40	5249847	0	1	2155	1	0	2140	other	0
gpl007	589	Picture	80	5252168	0	1	7129	1	0	7000	other	0
gpl007	589	Pulse	199	5258281	6112	0
gpl007	590	Picture	40	5259463	0	1	3813	1	0	3660	other	0
gpl007	591	Picture	50	5263442	0	1	90192	1	0	next	other	0
gpl007	591	Pulse	199	5270780	7338	0
gpl007	591	Pulse	199	5283281	19838	0
gpl007	591	Pulse	199	5295780	32338	0
gpl007	591	Pulse	199	5308280	44838	0
gpl007	591	Pulse	199	5320780	57338	0
gpl007	591	Pulse	199	5333280	69838	0
gpl007	591	Pulse	199	5345780	82338	0
gpl007	592	Picture	60	5353634	0	1	7129	1	0	7000	other	0
gpl007	592	Pulse	199	5358281	4647	0
gpl007	593	Picture	40	5360929	0	1	1824	1	0	1780	other	0
gpl007	594	Picture	60	5362918	0	1	7129	1	0	7000	other	0
gpl007	595	Picture	40	5370213	0	1	3482	1	0	3310	other	0
gpl007	595	Pulse	199	5370780	567	0
gpl007	596	Picture	60	5373860	0	1	7129	1	0	7000	other	0
gpl007	597	Picture	40	5381155	0	1	2984	1	0	2860	other	0
gpl007	597	Pulse	199	5383281	2125	0
gpl007	598	Picture	60	5384306	0	1	7129	1	0	7000	other	0
gpl007	599	Picture	40	5391600	0	1	3813	1	0	3660	other	0
gpl007	600	Picture	60	5395579	0	1	7129	1	0	7000	other	0
gpl007	600	Pulse	199	5395780	201	0
gpl007	601	Picture	40	5402874	0	1	4476	1	0	4350	other	0
gpl007	602	Picture	60	5407517	0	1	7129	1	0	7000	other	0
gpl007	602	Pulse	199	5408280	763	0
gpl007	603	Picture	40	5414811	0	1	2155	1	0	2140	other	0
gpl007	604	Picture	60	5417133	0	1	7129	1	0	7000	other	0
gpl007	604	Pulse	199	5420780	3647	0
gpl007	605	Picture	40	5424428	0	1	2653	1	0	2490	other	0
gpl007	606	Picture	60	5427246	0	1	7129	1	0	7000	other	0
gpl007	606	Pulse	199	5433280	6035	0
gpl007	607	Picture	40	5434541	0	1	2155	1	0	2130	other	0
gpl007	608	Picture	60	5436862	0	1	7129	1	0	7000	other	0
gpl007	609	Picture	40	5444157	0	1	2818	1	0	2690	other	0
gpl007	609	Pulse	199	5445780	1623	0
gpl007	610	Picture	65	5447141	0	1	7129	1	0	7000	hit	1023
gpl007	610	Response	25	5452830	5689	0
gpl007	611	Picture	40	5454436	0	1	2155	1	0	1990	other	0
gpl007	612	Picture	50	5456757	0	1	30174	1	0	next	other	0
gpl007	612	Pulse	199	5458280	1523	0
gpl007	612	Pulse	199	5470790	14033	0
gpl007	612	Pulse	199	5483290	26533	0
gpl007	613	Picture	70	5486932	0	1	7129	1	0	7000	other	0
gpl007	614	Picture	40	5494226	0	1	2155	1	0	2130	other	0
gpl007	614	Pulse	199	5495790	1564	0
gpl007	615	Picture	70	5496548	0	1	7129	1	0	7000	other	0
gpl007	616	Picture	40	5503842	0	1	2984	1	0	2860	other	0
gpl007	617	Picture	70	5506993	0	1	7129	1	0	7000	other	0
gpl007	617	Pulse	199	5508290	1298	0
gpl007	618	Picture	40	5514287	0	1	1824	1	0	1780	other	0
gpl007	619	Picture	70	5516277	0	1	7129	1	0	7000	other	0
gpl007	619	Pulse	199	5520790	4513	0
gpl007	620	Picture	40	5523572	0	1	3482	1	0	3310	other	0
gpl007	621	Picture	70	5527219	0	1	7129	1	0	7000	other	0
gpl007	621	Pulse	199	5533290	6071	0
gpl007	622	Picture	40	5534514	0	1	2653	1	0	2490	other	0
gpl007	623	Picture	70	5537333	0	1	7129	1	0	7000	other	0
gpl007	624	Picture	40	5544628	0	1	2155	1	0	2140	other	0
gpl007	624	Pulse	199	5545790	1163	0
gpl007	625	Picture	75	5546793	0	322	7119	322	0	7000	miss	0
gpl007	626	Picture	40	5554078	0	1	2819	1	0	2690	other	0
gpl007	627	Picture	70	5557062	0	1	7129	1	0	7000	other	0
gpl007	627	Pulse	199	5558290	1228	0
gpl007	628	Picture	40	5564357	0	1	4476	1	0	4350	other	0
gpl007	629	Picture	70	5568999	0	1	7129	1	0	7000	other	0
gpl007	629	Pulse	199	5570790	1791	0
gpl007	630	Picture	40	5576294	0	1	2155	1	0	1990	other	0
gpl007	631	Picture	70	5578615	0	1	7129	1	0	7000	other	0
gpl007	631	Pulse	199	5583290	4675	0
gpl007	632	Picture	40	5585910	0	1	3813	1	0	3660	other	0
gpl007	633	Picture	50	5589889	0	1	90191	1	0	next	other	0
gpl007	633	Pulse	199	5595790	5901	0
gpl007	633	Pulse	199	5608290	18401	0
gpl007	633	Pulse	199	5620790	30901	0
gpl007	633	Pulse	199	5633290	43400	0
gpl007	633	Pulse	199	5645790	55900	0
gpl007	633	Pulse	199	5658290	68401	0
gpl007	633	Pulse	199	5670790	80901	0
gpl007	634	Picture	90	5680081	0	1	7129	1	0	7000	other	0
gpl007	634	Pulse	199	5683290	3209	0
gpl007	635	Picture	40	5687376	0	1	3813	1	0	3660	other	0
gpl007	636	Picture	90	5691355	0	1	7129	1	0	7000	other	0
gpl007	636	Pulse	199	5695790	4435	0
gpl007	637	Picture	40	5698650	0	1	1824	1	0	1780	other	0
gpl007	638	Picture	95	5700639	0	1	7129	1	0	7000	hit	1072
gpl007	638	Response	25	5704220	3580	0
gpl007	639	Picture	40	5707934	0	1	3482	1	0	3310	other	0
gpl007	639	Pulse	199	5708290	356	0
gpl007	640	Picture	90	5711582	0	1	7129	1	0	7000	other	0
gpl007	641	Picture	40	5718877	0	1	2155	1	0	2130	other	0
gpl007	641	Pulse	199	5720790	1914	0
gpl007	642	Picture	95	5721198	0	1	7129	1	0	7000	hit	1079
gpl007	642	Response	25	5725570	4372	0
gpl007	643	Picture	40	5728493	0	1	4476	1	0	4350	other	0
gpl007	644	Picture	90	5733135	0	1	7129	1	0	7000	other	0
gpl007	644	Pulse	199	5733290	155	0
gpl007	645	Picture	40	5740430	0	1	2155	1	0	1990	other	0
gpl007	646	Picture	90	5742751	0	1	7129	1	0	7000	other	0
gpl007	646	Pulse	199	5745790	3039	0
gpl007	647	Picture	40	5750046	0	1	2155	1	0	2140	other	0
gpl007	648	Picture	90	5752367	0	1	7129	1	0	7000	other	0
gpl007	648	Pulse	199	5758290	5923	0
gpl007	649	Picture	40	5759662	0	1	2653	1	0	2490	other	0
gpl007	650	Picture	90	5762480	0	1	7129	1	0	7000	other	0
gpl007	651	Picture	40	5769775	0	1	2819	1	0	2690	other	0
gpl007	651	Pulse	199	5770790	1015	0
gpl007	652	Picture	90	5772759	0	1	7129	1	0	7000	other	0
gpl007	653	Picture	40	5780054	0	1	2984	1	0	2860	other	0
gpl007	654	Picture	50	5783204	0	1	70130	1	0	next	other	0
gpl007	654	Pulse	199	5783291	86	0
gpl007	654	Pulse	199	5795790	12586	0
gpl007	654	Pulse	199	5808290	25086	0
gpl007	654	Pulse	199	5820790	37586	0
gpl007	654	Pulse	199	5833290	50086	0
gpl007	654	Pulse	199	5845790	62586	0
gpl007	655	Picture	80	5853335	0	1	7129	1	0	7000	other	0
gpl007	655	Pulse	199	5858290	4955	0
gpl007	656	Picture	40	5860630	0	1	2984	2	0	2860	other	0
gpl007	657	Picture	80	5863780	0	1	7129	1	0	7000	other	0
gpl007	657	Pulse	199	5870780	7000	11
gpl007	658	Picture	40	5871075	0	1	2155	1	0	2130	other	0
gpl007	659	Picture	80	5873396	0	1	7129	1	0	7000	other	0
gpl007	660	Picture	40	5880691	0	1	3813	1	0	3660	other	0
gpl007	660	Pulse	199	5883290	2600	0
gpl007	661	Picture	80	5884670	0	1	7129	1	0	7000	other	0
gpl007	662	Picture	40	5891965	0	1	2155	1	0	1990	other	0
gpl007	663	Picture	80	5894286	0	1	7129	1	0	7000	other	0
gpl007	663	Pulse	199	5895790	1505	0
gpl007	664	Picture	40	5901581	0	1	2653	1	0	2490	other	0
gpl007	665	Picture	80	5904399	0	1	7129	1	0	7000	other	0
gpl007	665	Pulse	199	5908290	3891	0
gpl007	666	Picture	40	5911694	0	1	4476	1	0	4350	other	0
gpl007	667	Picture	80	5916336	0	1	7129	1	0	7000	other	0
gpl007	667	Pulse	199	5920790	4454	0
gpl007	668	Picture	40	5923631	0	1	2818	1	0	2690	other	0
gpl007	669	Picture	80	5926616	0	1	7129	1	0	7000	other	0
gpl007	669	Pulse	199	5933290	6675	0
gpl007	670	Picture	40	5933910	0	1	1824	1	0	1780	other	0
gpl007	671	Picture	80	5935900	0	1	7129	1	0	7000	other	0
gpl007	672	Picture	40	5943195	0	1	3482	1	0	3310	other	0
gpl007	672	Pulse	199	5945790	2595	0
gpl007	673	Picture	80	5946842	0	1	7129	1	0	7000	other	0
gpl007	674	Picture	40	5954137	0	1	2155	1	0	2140	other	0
gpl007	675	Picture	50	5956458	0	1	50070	1	0	next	other	0
gpl007	675	Pulse	199	5958290	1832	0
gpl007	675	Pulse	199	5970790	14332	0
gpl007	675	Pulse	199	5983290	26831	0
gpl007	675	Pulse	199	5995790	39332	0
gpl007	676	Picture	200	6006528	0	1	260130	1	0	260000	other	0
gpl007	676	Pulse	199	6008290	1762	0
gpl007	676	Pulse	199	6020790	14262	0
gpl007	676	Pulse	199	6033290	26762	0
gpl007	676	Pulse	199	6045790	39262	0
gpl007	676	Pulse	199	6058290	51762	0
gpl007	676	Pulse	199	6070790	64262	0
gpl007	676	Pulse	199	6083290	76762	0
gpl007	676	Pulse	199	6095789	89261	0
gpl007	676	Pulse	199	6108290	101762	0
gpl007	676	Pulse	199	6120790	114262	0
gpl007	676	Pulse	199	6133290	126762	0
gpl007	676	Pulse	199	6145790	139262	0
gpl007	676	Pulse	199	6158290	151762	0
gpl007	676	Pulse	199	6170789	164261	0
gpl007	676	Pulse	199	6183290	176762	0
gpl007	676	Pulse	199	6195789	189261	0
gpl007	676	Pulse	199	6208289	201761	0
gpl007	676	Pulse	199	6220790	214262	0
