Scenario - 
Logfile written - 05/05/2021 15:12:27

Subject	Trial	Event Type	Code	Time	TTime	Uncertainty	Duration	Uncertainty	ReqTime	ReqDur	Stim Type	Pair Index

gpl013	1	Response	21	164665	164499	0
gpl013	2	Picture	start	164799	0	1	650987	251	0	next	other	0
gpl013	2	Response	20	181476	16677	0
gpl013	3	Response	20	203716	22240	0
gpl013	3	Response	21	210035	28559	0
gpl013	3	Response	20	216836	35360	0
gpl013	3	Response	20	218275	36799	0
gpl013	3	Pulse	199	815786	634310	0
gpl013	3	Picture	100	815786	634310	251	50154	251	0	50000	other	0
gpl013	3	Pulse	199	828285	646809	0
gpl013	3	Pulse	199	840785	659309	0
gpl013	3	Pulse	199	853286	671810	0
gpl013	3	Pulse	199	865786	684310	0
gpl013	4	Picture	90	866271	0	1	7129	1	0	7000	other	0
gpl013	5	Picture	40	873566	0	1	1824	1	0	1780	other	0
gpl013	6	Picture	90	875556	0	1	7129	1	0	7000	other	0
gpl013	6	Pulse	199	878286	2730	0
gpl013	7	Picture	40	882851	0	1	2155	1	0	2130	other	0
gpl013	8	Picture	90	885172	0	1	7129	1	0	7000	other	0
gpl013	8	Pulse	199	890786	5614	0
gpl013	9	Picture	40	892467	0	1	3813	1	0	3660	other	0
gpl013	10	Picture	90	896446	0	1	7129	1	0	7000	other	0
gpl013	10	Pulse	199	903286	6840	0
gpl013	11	Picture	40	903741	0	1	2819	1	0	2690	other	0
gpl013	12	Picture	90	906725	0	1	7129	1	0	7000	other	0
gpl013	13	Picture	40	914020	0	1	2984	1	0	2860	other	0
gpl013	13	Pulse	199	915786	1766	0
gpl013	14	Picture	90	917170	0	1	7129	1	0	7000	other	0
gpl013	15	Picture	40	924465	0	1	3482	1	0	3310	other	0
gpl013	16	Picture	90	928112	0	1	7129	1	0	7000	other	0
gpl013	16	Pulse	199	928286	174	0
gpl013	17	Picture	40	935407	0	1	2653	1	0	2490	other	0
gpl013	18	Picture	90	938226	0	1	7129	1	0	7000	other	0
gpl013	18	Pulse	199	940785	2560	0
gpl013	19	Picture	40	945521	0	1	4476	1	0	4350	other	0
gpl013	20	Picture	90	950163	0	1	7129	1	0	7000	other	0
gpl013	20	Pulse	199	953286	3123	0
gpl013	21	Picture	40	957458	0	1	2155	1	0	2140	other	0
gpl013	22	Picture	90	959779	0	1	7129	1	0	7000	other	0
gpl013	22	Pulse	199	965785	6007	0
gpl013	23	Picture	40	967074	0	1	2155	1	0	1990	other	0
gpl013	24	Picture	50	969395	0	1	30340	1	0	next	other	0
gpl013	24	Pulse	199	978286	8891	0
gpl013	24	Pulse	199	990786	21391	0
gpl013	25	Picture	70	999735	0	1	7129	1	0	7000	other	0
gpl013	25	Pulse	199	1003286	3551	0
gpl013	26	Picture	40	1007030	0	1	2818	1	0	2690	other	0
gpl013	27	Picture	70	1010014	0	1	7129	1	0	7000	other	0
gpl013	27	Pulse	199	1015786	5772	0
gpl013	28	Picture	40	1017309	0	1	2155	1	0	2140	other	0
gpl013	29	Picture	70	1019630	0	1	7129	1	0	7000	other	0
gpl013	30	Picture	40	1026925	0	1	3482	1	0	3310	other	0
gpl013	30	Pulse	199	1028286	1361	0
gpl013	31	Picture	70	1030573	0	1	7129	1	0	7000	other	0
gpl013	32	Picture	40	1037868	0	1	4476	1	0	4350	other	0
gpl013	32	Pulse	199	1040786	2918	0
gpl013	33	Picture	75	1042510	0	1	7129	1	0	7000	hit	58
gpl013	33	Response	26	1045746	3236	0
gpl013	34	Picture	40	1049805	0	1	2653	1	0	2490	other	0
gpl013	35	Picture	70	1052623	0	1	7129	1	0	7000	other	0
gpl013	35	Pulse	199	1053286	663	0
gpl013	36	Picture	40	1059918	0	1	2155	1	0	2130	other	0
gpl013	37	Picture	70	1062239	0	1	7129	1	0	7000	other	0
gpl013	37	Pulse	199	1065786	3546	0
gpl013	38	Picture	40	1069534	0	1	3813	1	0	3660	other	0
gpl013	39	Picture	70	1073513	0	1	7129	1	0	7000	other	0
gpl013	39	Pulse	199	1078286	4772	0
gpl013	40	Picture	40	1080808	0	1	2984	1	0	2860	other	0
gpl013	41	Picture	70	1083958	0	1	7129	1	0	7000	other	0
gpl013	41	Pulse	199	1090787	6828	0
gpl013	42	Picture	40	1091253	0	1	1824	1	0	1780	other	0
gpl013	43	Picture	70	1093243	0	1	7129	1	0	7000	other	0
gpl013	44	Picture	40	1100538	0	1	2155	1	0	1990	other	0
gpl013	45	Picture	50	1102859	0	1	50070	1	0	next	other	0
gpl013	45	Pulse	199	1103286	427	0
gpl013	45	Pulse	199	1115786	12927	0
gpl013	45	Pulse	199	1128286	25427	0
gpl013	45	Pulse	199	1140786	37927	0
gpl013	46	Picture	60	1152928	0	1	7129	1	0	7000	other	0
gpl013	46	Pulse	199	1153285	357	0
gpl013	47	Picture	40	1160223	0	1	1824	1	0	1780	other	0
gpl013	48	Picture	60	1162213	0	1	7129	1	0	7000	other	0
gpl013	48	Pulse	199	1165786	3573	0
gpl013	49	Picture	40	1169508	0	1	3813	1	0	3660	other	0
gpl013	50	Picture	60	1173487	0	1	7129	1	0	7000	other	0
gpl013	50	Pulse	199	1178286	4799	0
gpl013	51	Picture	40	1180782	0	1	2984	1	0	2860	other	0
gpl013	52	Picture	65	1183932	0	1	7129	1	0	7000	hit	89
gpl013	52	Response	26	1187466	3534	0
gpl013	52	Pulse	199	1190786	6854	0
gpl013	53	Picture	40	1191227	0	1	3482	1	0	3310	other	0
gpl013	54	Picture	60	1194874	0	1	7129	1	0	7000	other	0
gpl013	55	Picture	40	1202169	0	1	2155	1	0	1990	other	0
gpl013	55	Pulse	199	1203286	1117	0
gpl013	56	Picture	60	1204490	0	1	7129	1	0	7000	other	0
gpl013	57	Picture	40	1211785	0	1	2653	1	0	2490	other	0
gpl013	58	Picture	60	1214604	0	1	7129	1	0	7000	other	0
gpl013	58	Pulse	199	1215786	1182	0
gpl013	59	Picture	40	1221899	0	1	2819	1	0	2690	other	0
gpl013	60	Picture	60	1224883	0	1	7129	1	0	7000	other	0
gpl013	60	Pulse	199	1228286	3403	0
gpl013	61	Picture	40	1232178	0	1	4476	1	0	4350	other	0
gpl013	62	Picture	60	1236820	0	1	7129	1	0	7000	other	0
gpl013	62	Pulse	199	1240786	3966	0
gpl013	63	Picture	40	1244115	0	1	2155	1	0	2130	other	0
gpl013	64	Picture	60	1246436	0	1	7129	1	0	7000	other	0
gpl013	64	Pulse	199	1253285	6849	0
gpl013	65	Picture	40	1253731	0	1	2155	1	0	2140	other	0
gpl013	66	Picture	50	1256052	0	1	70296	1	0	next	other	0
gpl013	66	Pulse	199	1265786	9734	0
gpl013	66	Pulse	199	1278285	22233	0
gpl013	66	Pulse	199	1290786	34733	0
gpl013	66	Pulse	199	1303285	47233	0
gpl013	66	Pulse	199	1315786	59734	0
gpl013	67	Picture	80	1326349	0	1	7129	1	0	7000	other	0
gpl013	67	Pulse	199	1328286	1937	0
gpl013	67	Response	21	1329375	3026	0
gpl013	68	Picture	40	1333644	0	1	2155	1	0	1990	other	0
gpl013	69	Picture	80	1335965	0	1	7129	1	0	7000	other	0
gpl013	69	Pulse	199	1340786	4821	0
gpl013	70	Picture	40	1343260	0	1	3482	1	0	3310	other	0
gpl013	71	Picture	85	1346907	0	1	7129	1	0	7000	hit	123
gpl013	71	Response	26	1350876	3969	0
gpl013	71	Pulse	199	1353286	6379	0
gpl013	72	Picture	40	1354202	0	1	3813	1	0	3660	other	0
gpl013	73	Picture	80	1358181	0	1	7129	1	0	7000	other	0
gpl013	74	Picture	40	1365476	0	1	2653	1	0	2490	other	0
gpl013	74	Pulse	199	1365786	310	0
gpl013	75	Picture	80	1368294	0	1	7129	1	0	7000	other	0
gpl013	76	Picture	40	1375589	0	1	2984	1	0	2860	other	0
gpl013	76	Pulse	199	1378286	2696	0
gpl013	77	Picture	80	1378739	0	1	7129	1	0	7000	other	0
gpl013	78	Picture	40	1386034	0	1	2819	1	0	2690	other	0
gpl013	79	Picture	80	1389019	0	1	7129	1	0	7000	other	0
gpl013	79	Pulse	199	1390786	1767	0
gpl013	80	Picture	40	1396314	0	1	2155	1	0	2140	other	0
gpl013	81	Picture	80	1398479	0	322	7119	322	0	7000	other	0
gpl013	81	Pulse	199	1403285	4806	0
gpl013	82	Picture	40	1405764	0	1	1824	1	0	1780	other	0
gpl013	83	Picture	85	1407753	0	1	7129	1	0	7000	hit	141
gpl013	83	Response	26	1411156	3403	0
gpl013	84	Picture	40	1415048	0	1	4476	1	0	4350	other	0
gpl013	84	Pulse	199	1415785	737	0
gpl013	85	Picture	80	1419690	0	1	7129	1	0	7000	other	0
gpl013	86	Picture	40	1426985	0	1	2155	1	0	2130	other	0
gpl013	86	Pulse	199	1428286	1301	0
gpl013	87	Picture	50	1429306	0	1	90192	1	0	next	other	0
gpl013	87	Pulse	199	1440786	11479	0
gpl013	87	Pulse	199	1453285	23979	0
gpl013	87	Pulse	199	1465786	36479	0
gpl013	87	Pulse	199	1478286	48980	0
gpl013	87	Pulse	199	1490786	61479	0
gpl013	87	Pulse	199	1503286	73979	0
gpl013	87	Pulse	199	1515785	86479	0
gpl013	88	Picture	90	1519498	0	1	7129	1	0	7000	other	0
gpl013	89	Picture	40	1526793	0	1	2155	1	0	2140	other	0
gpl013	89	Pulse	199	1528286	1493	0
gpl013	90	Picture	90	1529114	0	1	7129	1	0	7000	other	0
gpl013	91	Picture	40	1536409	0	1	2984	1	0	2860	other	0
gpl013	92	Picture	90	1539559	0	1	7129	1	0	7000	other	0
gpl013	92	Pulse	199	1540787	1227	0
gpl013	93	Picture	40	1546854	0	1	2155	1	0	1990	other	0
gpl013	94	Picture	90	1549175	0	1	7129	1	0	7000	other	0
gpl013	94	Pulse	199	1553286	4111	0
gpl013	95	Picture	40	1556470	0	1	4476	1	0	4350	other	0
gpl013	96	Picture	90	1561112	0	1	7129	1	0	7000	other	0
gpl013	96	Pulse	199	1565786	4674	0
gpl013	97	Picture	40	1568407	0	1	2818	1	0	2690	other	0
gpl013	98	Picture	90	1571392	0	1	7129	1	0	7000	other	0
gpl013	98	Pulse	199	1578286	6894	0
gpl013	99	Picture	40	1578686	0	1	3482	1	0	3310	other	0
gpl013	100	Picture	90	1582334	0	1	7129	1	0	7000	other	0
gpl013	101	Picture	40	1589629	0	1	3813	1	0	3660	other	0
gpl013	101	Pulse	199	1590786	1157	0
gpl013	102	Picture	90	1593608	0	1	7129	1	0	7000	other	0
gpl013	103	Picture	40	1600903	0	1	2653	1	0	2490	other	0
gpl013	103	Pulse	199	1603286	2383	0
gpl013	104	Picture	95	1603721	0	1	7129	1	0	7000	hit	179
gpl013	104	Response	26	1607596	3875	0
gpl013	105	Picture	40	1611016	0	1	1824	1	0	1780	other	0
gpl013	106	Picture	90	1613006	0	1	7129	1	0	7000	other	0
gpl013	106	Pulse	199	1615786	2780	0
gpl013	107	Picture	40	1620301	0	1	2155	1	0	2130	other	0
gpl013	108	Picture	50	1622622	0	1	90192	1	0	next	other	0
gpl013	108	Pulse	199	1628286	5664	0
gpl013	108	Pulse	199	1640785	18163	0
gpl013	108	Pulse	199	1653286	30664	0
gpl013	108	Pulse	199	1665786	43164	0
gpl013	108	Pulse	199	1678286	55664	0
gpl013	108	Pulse	199	1690786	68164	0
gpl013	108	Pulse	199	1703286	80664	0
gpl013	109	Picture	70	1712813	0	1	7129	1	0	7000	other	0
gpl013	109	Pulse	199	1715786	2973	0
gpl013	110	Picture	40	1720108	0	1	3482	1	0	3310	other	0
gpl013	111	Picture	70	1723756	0	1	7129	1	0	7000	other	0
gpl013	111	Pulse	199	1728286	4530	0
gpl013	112	Picture	40	1731051	0	1	2155	1	0	2130	other	0
gpl013	113	Picture	70	1733372	0	1	7129	1	0	7000	other	0
gpl013	114	Picture	40	1740667	0	1	2984	1	0	2860	other	0
gpl013	114	Pulse	199	1740786	119	0
gpl013	115	Picture	70	1743817	0	1	7129	1	0	7000	other	0
gpl013	116	Picture	40	1751112	0	1	4476	1	0	4350	other	0
gpl013	116	Pulse	199	1753286	2174	0
gpl013	117	Picture	70	1755754	0	1	7129	1	0	7000	other	0
gpl013	118	Picture	40	1763049	0	1	2818	1	0	2690	other	0
gpl013	118	Pulse	199	1765786	2737	0
gpl013	119	Picture	75	1766033	0	1	7129	1	0	7000	hit	208
gpl013	119	Response	26	1769546	3512	0
gpl013	120	Picture	40	1773328	0	1	2653	1	0	2490	other	0
gpl013	121	Picture	70	1776147	0	1	7129	1	0	7000	other	0
gpl013	121	Pulse	199	1778287	2140	0
gpl013	122	Picture	40	1783441	0	1	2155	1	0	2140	other	0
gpl013	123	Picture	70	1785763	0	1	7129	1	0	7000	other	0
gpl013	123	Pulse	199	1790786	5024	0
gpl013	124	Picture	40	1793058	0	1	2155	1	0	1990	other	0
gpl013	125	Picture	70	1795379	0	1	7129	1	0	7000	other	0
gpl013	126	Picture	40	1802674	0	1	3813	1	0	3660	other	0
gpl013	126	Pulse	199	1803286	613	0
gpl013	127	Picture	70	1806653	0	1	7129	1	0	7000	other	0
gpl013	128	Picture	40	1813948	0	1	1824	1	0	1780	other	0
gpl013	128	Pulse	199	1815781	1834	5
gpl013	129	Picture	50	1815937	0	1	70131	1	0	next	other	0
gpl013	129	Pulse	199	1828286	12349	0
gpl013	129	Pulse	199	1840786	24849	0
gpl013	129	Pulse	199	1853286	37349	0
gpl013	129	Pulse	199	1865786	49849	0
gpl013	129	Pulse	199	1878286	62349	0
gpl013	130	Picture	60	1886068	0	1	7129	1	0	7000	other	0
gpl013	130	Pulse	199	1890787	4719	0
gpl013	131	Picture	40	1893363	0	1	1824	1	0	1780	other	0
gpl013	132	Picture	60	1895352	0	1	7129	1	0	7000	other	0
gpl013	133	Picture	40	1902647	0	1	4476	1	0	4350	other	0
gpl013	133	Pulse	199	1903287	639	0
gpl013	134	Picture	60	1907289	0	1	7129	1	0	7000	other	0
gpl013	135	Picture	40	1914584	0	1	2155	1	0	2140	other	0
gpl013	135	Pulse	199	1915786	1202	0
gpl013	136	Picture	65	1916905	0	1	7129	1	0	7000	hit	238
gpl013	136	Response	26	1921226	4320	0
gpl013	137	Picture	40	1924200	0	1	2155	1	0	1990	other	0
gpl013	138	Picture	60	1926521	0	1	7129	1	0	7000	other	0
gpl013	138	Pulse	199	1928287	1765	0
gpl013	139	Picture	40	1933816	0	1	2155	1	0	2130	other	0
gpl013	140	Picture	60	1936137	0	1	7129	1	0	7000	other	0
gpl013	140	Pulse	199	1940787	4649	0
gpl013	141	Picture	40	1943432	0	1	2819	1	0	2690	other	0
gpl013	142	Picture	65	1946417	0	1	7129	1	0	7000	hit	247
gpl013	142	Response	26	1950546	4130	0
gpl013	142	Pulse	199	1953286	6869	0
gpl013	143	Picture	40	1953711	0	1	2653	1	0	2490	other	0
gpl013	144	Picture	60	1956530	0	1	7129	1	0	7000	other	0
gpl013	145	Picture	40	1963825	0	1	2984	1	0	2860	other	0
gpl013	145	Pulse	199	1965786	1961	0
gpl013	146	Picture	60	1966975	0	1	7129	1	0	7000	other	0
gpl013	147	Picture	40	1974270	0	1	3813	1	0	3660	other	0
gpl013	148	Picture	60	1978249	0	1	7129	1	0	7000	other	0
gpl013	148	Pulse	199	1978286	37	0
gpl013	149	Picture	40	1985544	0	1	3482	1	0	3310	other	0
gpl013	150	Picture	50	1989191	0	1	50070	1	0	next	other	0
gpl013	150	Pulse	199	1990787	1595	0
gpl013	150	Pulse	199	2003287	14095	0
gpl013	150	Pulse	199	2015787	26595	0
gpl013	150	Pulse	199	2028286	39095	0
gpl013	151	Picture	80	2039261	0	1	7129	1	0	7000	other	0
gpl013	151	Pulse	199	2040787	1526	0
gpl013	152	Picture	40	2046556	0	1	3813	1	0	3660	other	0
gpl013	153	Picture	80	2050535	0	1	7129	1	0	7000	other	0
gpl013	153	Pulse	199	2053287	2752	0
gpl013	154	Picture	40	2057830	0	1	2155	1	0	1990	other	0
gpl013	155	Picture	80	2060151	0	1	7129	1	0	7000	other	0
gpl013	155	Pulse	199	2065787	5636	0
gpl013	156	Picture	40	2067446	0	1	2653	1	0	2490	other	0
gpl013	157	Picture	80	2070264	0	1	7129	1	0	7000	other	0
gpl013	158	Picture	40	2077559	0	1	3482	1	0	3310	other	0
gpl013	158	Pulse	199	2078286	727	0
gpl013	159	Picture	80	2081207	0	1	7129	1	0	7000	other	0
gpl013	160	Picture	40	2088502	0	1	1824	1	0	1780	other	0
gpl013	161	Picture	80	2090491	0	1	7129	1	0	7000	other	0
gpl013	161	Pulse	199	2090786	295	0
gpl013	162	Picture	40	2097786	0	1	4476	1	0	4350	other	0
gpl013	163	Picture	80	2102428	0	1	7129	1	0	7000	other	0
gpl013	163	Pulse	199	2103287	859	0
gpl013	164	Picture	40	2109723	0	1	2155	1	0	2130	other	0
gpl013	165	Picture	80	2112044	0	1	7129	1	0	7000	other	0
gpl013	165	Pulse	199	2115787	3743	0
gpl013	166	Picture	40	2119339	0	1	2984	1	0	2860	other	0
gpl013	167	Picture	80	2122489	0	1	7129	1	0	7000	other	0
gpl013	167	Pulse	199	2128286	5797	0
gpl013	168	Picture	40	2129784	0	1	2818	1	0	2690	other	0
gpl013	169	Picture	80	2132769	0	1	7129	1	0	7000	other	0
gpl013	170	Picture	40	2140063	0	1	2155	1	0	2140	other	0
gpl013	170	Pulse	199	2140786	723	0
gpl013	171	Picture	50	2142385	0	1	30174	1	0	next	other	0
gpl013	171	Pulse	199	2153286	10902	0
gpl013	171	Pulse	199	2165786	23402	0
gpl013	172	Picture	90	2172559	0	1	7129	1	0	7000	other	0
gpl013	172	Pulse	199	2178286	5727	0
gpl013	173	Picture	40	2179854	0	1	2653	1	0	2490	other	0
gpl013	174	Picture	90	2182672	0	1	7129	1	0	7000	other	0
gpl013	175	Picture	40	2189967	0	1	2155	1	0	1990	other	0
gpl013	175	Pulse	199	2190786	819	0
gpl013	176	Picture	90	2192288	0	1	7129	1	0	7000	other	0
gpl013	177	Picture	40	2199583	0	1	3813	1	0	3660	other	0
gpl013	177	Pulse	199	2203286	3703	0
gpl013	178	Picture	90	2203562	0	1	7129	1	0	7000	other	0
gpl013	179	Picture	40	2210857	0	1	2818	1	0	2690	other	0
gpl013	180	Picture	90	2213842	0	1	7129	1	0	7000	other	0
gpl013	180	Pulse	199	2215797	1955	0
gpl013	181	Picture	40	2221137	0	1	2155	1	0	2130	other	0
gpl013	182	Picture	90	2223458	0	1	7129	1	0	7000	other	0
gpl013	182	Pulse	199	2228297	4839	0
gpl013	183	Picture	40	2230753	0	1	2984	1	0	2860	other	0
gpl013	184	Picture	90	2233903	0	1	7129	1	0	7000	other	0
gpl013	184	Pulse	199	2240797	6894	0
gpl013	185	Picture	40	2241198	0	1	1824	1	0	1780	other	0
gpl013	186	Picture	90	2243187	0	1	7129	1	0	7000	other	0
gpl013	187	Picture	40	2250482	0	1	3482	1	0	3310	other	0
gpl013	187	Pulse	199	2253297	2815	0
gpl013	188	Picture	95	2254129	0	1	7129	1	0	7000	hit	319
gpl013	188	Response	26	2257547	3417	0
gpl013	189	Picture	40	2261424	0	1	2155	1	0	2140	other	0
gpl013	190	Picture	90	2263745	0	1	7129	1	0	7000	other	0
gpl013	190	Pulse	199	2265797	2052	0
gpl013	191	Picture	40	2271040	0	1	4476	1	0	4350	other	0
gpl013	192	Picture	50	2275683	0	1	70131	1	0	next	other	0
gpl013	192	Pulse	199	2278297	2615	0
gpl013	192	Pulse	199	2290797	15114	0
gpl013	192	Pulse	199	2303297	27614	0
gpl013	192	Pulse	199	2315796	40113	0
gpl013	192	Pulse	199	2328297	52614	0
gpl013	192	Pulse	199	2340797	65115	0
gpl013	193	Picture	70	2345813	0	1	7129	1	0	7000	other	0
gpl013	194	Picture	40	2353108	0	1	2155	1	0	2140	other	0
gpl013	194	Pulse	199	2353297	189	0
gpl013	195	Picture	70	2355429	0	1	7129	1	0	7000	other	0
gpl013	196	Picture	40	2362724	0	1	3813	1	0	3660	other	0
gpl013	196	Pulse	199	2365797	3073	0
gpl013	197	Picture	70	2366703	0	1	7129	1	0	7000	other	0
gpl013	198	Picture	40	2373998	0	1	2818	1	0	2690	other	0
gpl013	199	Picture	75	2376983	0	1	7129	1	0	7000	hit	341
gpl013	199	Pulse	199	2378296	1314	0
gpl013	199	Response	26	2380877	3894	0
gpl013	200	Picture	40	2384277	0	1	2984	1	0	2860	other	0
gpl013	201	Picture	70	2387428	0	1	7129	1	0	7000	other	0
gpl013	201	Pulse	199	2390797	3369	0
gpl013	202	Picture	40	2394722	0	1	4476	1	0	4350	other	0
gpl013	203	Picture	75	2399365	0	1	7129	1	0	7000	hit	347
gpl013	203	Response	26	2402757	3392	0
gpl013	203	Pulse	199	2403297	3932	0
gpl013	204	Picture	40	2406660	0	1	2155	1	0	1990	other	0
gpl013	205	Picture	70	2408981	0	1	7129	1	0	7000	other	0
gpl013	205	Pulse	199	2415796	6816	0
gpl013	206	Picture	40	2416275	0	1	2155	1	0	2130	other	0
gpl013	207	Picture	70	2418597	0	1	7129	1	0	7000	other	0
gpl013	208	Picture	40	2425892	0	1	2653	1	0	2490	other	0
gpl013	208	Pulse	199	2428296	2405	0
gpl013	209	Picture	70	2428710	0	1	7129	1	0	7000	other	0
gpl013	210	Picture	40	2436005	0	1	3482	1	0	3310	other	0
gpl013	211	Picture	70	2439652	0	1	7129	1	0	7000	other	0
gpl013	211	Pulse	199	2440797	1144	0
gpl013	212	Picture	40	2446947	0	1	1824	1	0	1780	other	0
gpl013	213	Picture	50	2448937	0	1	30174	1	0	next	other	0
gpl013	213	Pulse	199	2453297	4360	0
gpl013	213	Pulse	199	2465797	16860	0
gpl013	213	Pulse	199	2478297	29360	0
gpl013	214	Picture	60	2479111	0	1	7129	1	0	7000	other	0
gpl013	215	Picture	40	2486406	0	1	2155	1	0	1990	other	0
gpl013	216	Picture	60	2488727	0	1	7129	1	0	7000	other	0
gpl013	216	Pulse	199	2490797	2070	0
gpl013	217	Picture	40	2496022	0	1	4476	1	0	4350	other	0
gpl013	218	Picture	60	2500665	0	1	7129	1	0	7000	other	0
gpl013	218	Pulse	199	2503297	2632	0
gpl013	219	Picture	40	2507959	0	1	2155	1	0	2130	other	0
gpl013	220	Picture	60	2510281	0	1	7129	1	0	7000	other	0
gpl013	220	Pulse	199	2515797	5516	0
gpl013	221	Picture	40	2517575	0	1	2984	1	0	2860	other	0
gpl013	222	Picture	60	2520726	0	1	7129	1	0	7000	other	0
gpl013	223	Picture	40	2528020	0	1	3813	1	0	3660	other	0
gpl013	223	Pulse	199	2528297	276	0
gpl013	224	Picture	60	2531999	0	1	7129	1	0	7000	other	0
gpl013	225	Picture	40	2539294	0	1	3482	1	0	3310	other	0
gpl013	225	Pulse	199	2540796	1502	0
gpl013	226	Picture	60	2542942	0	1	7129	1	0	7000	other	0
gpl013	227	Picture	40	2550237	0	1	2819	1	0	2690	other	0
gpl013	228	Picture	60	2553221	0	1	7129	1	0	7000	other	0
gpl013	228	Pulse	199	2553297	76	0
gpl013	229	Picture	40	2560516	0	1	2653	1	0	2490	other	0
gpl013	230	Picture	60	2563335	0	1	7129	1	0	7000	other	0
gpl013	230	Pulse	199	2565797	2462	0
gpl013	231	Picture	40	2570629	0	1	1824	2	0	1780	other	0
gpl013	232	Picture	60	2572619	0	1	7129	1	0	7000	other	0
gpl013	232	Pulse	199	2578297	5678	0
gpl013	233	Picture	40	2579914	0	1	2155	1	0	2140	other	0
gpl013	234	Picture	50	2582235	0	1	90192	1	0	next	other	0
gpl013	234	Pulse	199	2590797	8562	0
gpl013	234	Pulse	199	2603297	21062	0
gpl013	234	Pulse	199	2615797	33562	0
gpl013	234	Pulse	199	2628297	46062	0
gpl013	234	Pulse	199	2640796	58561	0
gpl013	234	Pulse	199	2653296	71062	0
gpl013	234	Pulse	199	2665797	83562	0
gpl013	235	Picture	80	2672426	0	1	7129	1	0	7000	other	0
gpl013	235	Pulse	199	2678297	5871	0
gpl013	236	Picture	40	2679722	0	1	2140	182	0	2140	other	0
gpl013	237	Picture	80	2682208	0	1	7129	1	0	7000	other	0
gpl013	238	Picture	40	2689503	0	1	2819	1	0	2690	other	0
gpl013	238	Pulse	199	2690797	1294	0
gpl013	239	Picture	85	2692488	0	1	7129	1	0	7000	hit	408
gpl013	239	Response	26	2696257	3769	0
gpl013	240	Picture	40	2699783	0	1	3482	1	0	3310	other	0
gpl013	240	Pulse	199	2703297	3514	0
gpl013	241	Picture	80	2703430	0	1	7129	1	0	7000	other	0
gpl013	242	Picture	40	2710725	0	1	1824	1	0	1780	other	0
gpl013	243	Picture	80	2712714	0	1	7129	1	0	7000	other	0
gpl013	243	Pulse	199	2715797	3083	0
gpl013	244	Picture	40	2720009	0	1	2155	1	0	2130	other	0
gpl013	245	Picture	80	2722331	0	1	7129	1	0	7000	other	0
gpl013	245	Pulse	199	2728297	5967	0
gpl013	246	Picture	40	2729625	0	1	2653	1	0	2490	other	0
gpl013	247	Picture	80	2732444	0	1	7129	1	0	7000	other	0
gpl013	248	Picture	40	2739739	0	1	4476	1	0	4350	other	0
gpl013	248	Pulse	199	2740797	1058	0
gpl013	249	Picture	80	2744381	0	1	7129	1	0	7000	other	0
gpl013	250	Picture	40	2751676	0	1	3813	1	0	3660	other	0
gpl013	250	Pulse	199	2753297	1621	0
gpl013	251	Picture	80	2755655	0	1	7129	1	0	7000	other	0
gpl013	252	Picture	40	2762950	0	1	2155	1	0	1990	other	0
gpl013	253	Picture	80	2765271	0	1	7129	1	0	7000	other	0
gpl013	253	Pulse	199	2765797	526	0
gpl013	254	Picture	40	2772566	0	1	2984	1	0	2860	other	0
gpl013	255	Picture	50	2775716	0	1	50070	1	0	next	other	0
gpl013	255	Pulse	199	2778297	2581	0
gpl013	255	Pulse	199	2790797	15081	0
gpl013	255	Pulse	199	2803297	27581	0
gpl013	255	Pulse	199	2815797	40081	0
gpl013	256	Picture	90	2825786	0	1	7129	1	0	7000	other	0
gpl013	256	Pulse	199	2828297	2511	0
gpl013	257	Picture	40	2833081	0	1	3482	1	0	3310	other	0
gpl013	258	Picture	90	2836728	0	1	7129	1	0	7000	other	0
gpl013	258	Pulse	199	2840797	4069	0
gpl013	259	Picture	40	2844023	0	1	1824	1	0	1780	other	0
gpl013	260	Picture	90	2846013	0	1	7129	1	0	7000	other	0
gpl013	260	Pulse	199	2853297	7284	0
gpl013	261	Picture	40	2853307	0	1	3813	1	0	3660	other	0
gpl013	262	Picture	95	2857287	0	1	7129	1	0	7000	hit	445
gpl013	262	Response	26	2860387	3101	0
gpl013	263	Picture	40	2864581	0	1	2653	1	0	2490	other	0
gpl013	263	Pulse	199	2865797	1215	0
gpl013	264	Picture	90	2867400	0	1	7129	1	0	7000	other	0
gpl013	265	Picture	40	2874695	0	1	2984	1	0	2860	other	0
gpl013	266	Picture	90	2877845	0	1	7129	1	0	7000	other	0
gpl013	266	Pulse	199	2878297	452	0
gpl013	267	Picture	40	2885140	0	1	2155	1	0	2140	other	0
gpl013	268	Picture	95	2887461	0	1	7129	1	0	7000	hit	455
gpl013	268	Pulse	199	2890797	3336	0
gpl013	268	Response	26	2891407	3946	0
gpl013	269	Picture	40	2894756	0	1	2155	1	0	1990	other	0
gpl013	270	Picture	90	2897077	0	1	7129	1	0	7000	other	0
gpl013	270	Pulse	199	2903297	6220	0
gpl013	271	Picture	40	2904372	0	1	2818	1	0	2690	other	0
gpl013	272	Picture	90	2907356	0	1	7129	1	0	7000	other	0
gpl013	273	Picture	40	2914651	0	1	4476	1	0	4350	other	0
gpl013	273	Pulse	199	2915797	1146	0
gpl013	274	Picture	90	2919293	0	1	7129	1	0	7000	other	0
gpl013	275	Picture	40	2926588	0	1	2155	1	0	2130	other	0
gpl013	275	Pulse	199	2928297	1709	0
gpl013	276	Picture	50	2928909	0	1	50070	1	0	next	other	0
gpl013	276	Pulse	199	2940797	11888	0
gpl013	276	Pulse	199	2953297	24388	0
gpl013	276	Pulse	199	2965797	36888	0
gpl013	276	Pulse	199	2978296	49387	0
gpl013	277	Picture	70	2978979	0	1	7129	1	0	7000	other	0
gpl013	278	Picture	40	2986274	0	1	2155	1	0	1990	other	0
gpl013	279	Picture	70	2988595	0	1	7129	1	0	7000	other	0
gpl013	279	Pulse	199	2990797	2202	0
gpl013	280	Picture	40	2995890	0	1	2653	1	0	2490	other	0
gpl013	281	Picture	70	2998708	0	1	7129	1	0	7000	other	0
gpl013	281	Pulse	199	3003297	4589	0
gpl013	282	Picture	40	3006003	0	1	2984	1	0	2860	other	0
gpl013	283	Picture	70	3009153	0	1	7129	1	0	7000	other	0
gpl013	283	Pulse	199	3015797	6644	0
gpl013	284	Picture	40	3016448	0	1	1824	1	0	1780	other	0
gpl013	285	Picture	70	3018438	0	1	7129	1	0	7000	other	0
gpl013	286	Picture	40	3025733	0	1	2155	1	0	2130	other	0
gpl013	287	Picture	70	3028054	0	1	7129	1	0	7000	other	0
gpl013	287	Pulse	199	3028298	244	0
gpl013	288	Picture	40	3035349	0	1	3482	1	0	3310	other	0
gpl013	289	Picture	70	3038996	0	1	7129	1	0	7000	other	0
gpl013	289	Pulse	199	3040797	1801	0
gpl013	290	Picture	40	3046291	0	1	4477	2	0	4350	other	0
gpl013	291	Picture	70	3050933	0	1	7129	1	0	7000	other	0
gpl013	291	Pulse	199	3053297	2364	0
gpl013	292	Picture	40	3058228	0	1	3813	1	0	3660	other	0
gpl013	293	Picture	70	3062207	0	1	7129	1	0	7000	other	0
gpl013	293	Pulse	199	3065797	3590	0
gpl013	294	Picture	40	3069502	0	1	2155	1	0	2140	other	0
gpl013	295	Picture	70	3071823	0	1	7129	1	0	7000	other	0
gpl013	295	Pulse	199	3078297	6473	0
gpl013	296	Picture	40	3079118	0	1	2819	1	0	2690	other	0
gpl013	297	Picture	50	3082103	0	1	90192	1	0	next	other	0
gpl013	297	Pulse	199	3090797	8694	0
gpl013	297	Pulse	199	3103297	21194	0
gpl013	297	Pulse	199	3115797	33695	0
gpl013	297	Pulse	199	3128297	46194	0
gpl013	297	Pulse	199	3140797	58695	0
gpl013	297	Pulse	199	3153297	71195	0
gpl013	297	Pulse	199	3165797	83695	0
gpl013	298	Picture	60	3172294	0	1	7129	1	0	7000	other	0
gpl013	298	Pulse	199	3178297	6003	0
gpl013	299	Picture	40	3179589	0	1	2155	1	0	2140	other	0
gpl013	300	Picture	60	3181910	0	1	7129	1	0	7000	other	0
gpl013	301	Picture	40	3189205	0	1	3482	1	0	3310	other	0
gpl013	301	Pulse	199	3190797	1592	0
gpl013	302	Picture	65	3192853	0	1	7129	1	0	7000	hit	514
gpl013	302	Response	26	3196787	3935	0
gpl013	303	Picture	40	3200148	0	1	4476	1	0	4350	other	0
gpl013	303	Pulse	199	3203297	3149	0
gpl013	304	Picture	60	3204790	0	1	7129	1	0	7000	other	0
gpl013	305	Picture	40	3212085	0	1	3813	1	0	3660	other	0
gpl013	305	Pulse	199	3215797	3712	1
gpl013	306	Picture	60	3216064	0	1	7129	1	0	7000	other	0
gpl013	307	Picture	40	3223359	0	1	2653	1	0	2490	other	0
gpl013	308	Picture	60	3226177	0	1	7129	1	0	7000	other	0
gpl013	308	Pulse	199	3228297	2120	0
gpl013	309	Picture	40	3233472	0	1	2155	1	0	2130	other	0
gpl013	310	Picture	60	3235793	0	1	7129	2	0	7000	other	0
gpl013	310	Pulse	199	3240798	5005	0
gpl013	311	Picture	40	3243088	0	1	2819	1	0	2690	other	0
gpl013	312	Picture	60	3246072	0	1	7129	1	0	7000	other	0
gpl013	312	Pulse	199	3253297	7225	0
gpl013	313	Picture	40	3253367	0	1	2155	1	0	1990	other	0
gpl013	314	Picture	60	3255688	0	1	7129	1	0	7000	other	0
gpl013	315	Picture	40	3262983	0	1	1824	1	0	1780	other	0
gpl013	316	Picture	60	3264973	0	1	7129	1	0	7000	other	0
gpl013	316	Pulse	199	3265797	825	0
gpl013	317	Picture	40	3272268	0	1	2984	1	0	2860	other	0
gpl013	318	Picture	50	3275418	0	1	30174	1	0	next	other	0
gpl013	318	Pulse	199	3278297	2879	0
gpl013	318	Pulse	199	3290797	15379	0
gpl013	318	Pulse	199	3303297	27879	0
gpl013	319	Picture	80	3305592	0	1	7129	1	0	7000	other	0
gpl013	320	Picture	40	3312887	0	1	2818	1	0	2690	other	0
gpl013	320	Pulse	199	3315797	2910	0
gpl013	321	Picture	80	3315872	0	1	7129	1	0	7000	other	0
gpl013	322	Picture	40	3323166	0	1	2155	1	0	1990	other	0
gpl013	323	Picture	80	3325488	0	1	7129	1	0	7000	other	0
gpl013	323	Pulse	199	3328297	2810	0
gpl013	324	Picture	40	3332782	0	1	2984	1	0	2860	other	0
gpl013	325	Picture	80	3335933	0	1	7129	1	0	7000	other	0
gpl013	325	Pulse	199	3340797	4865	0
gpl013	326	Picture	40	3343227	0	1	4476	1	0	4350	other	0
gpl013	327	Picture	80	3347870	0	1	7129	1	0	7000	other	0
gpl013	327	Pulse	199	3353297	5427	0
gpl013	328	Picture	40	3355165	0	1	3813	1	0	3660	other	0
gpl013	329	Picture	80	3359144	0	1	7129	1	0	7000	other	0
gpl013	329	Pulse	199	3365797	6654	0
gpl013	330	Picture	40	3366439	0	1	2653	1	0	2490	other	0
gpl013	331	Picture	80	3369257	0	1	7129	1	0	7000	other	0
gpl013	332	Picture	40	3376552	0	1	2155	1	0	2130	other	0
gpl013	332	Pulse	199	3378297	1745	0
gpl013	333	Picture	80	3378873	0	1	7129	1	0	7000	other	0
gpl013	334	Picture	40	3386168	0	1	3482	1	0	3310	other	0
gpl013	335	Picture	80	3389815	0	1	7129	1	0	7000	other	0
gpl013	335	Pulse	199	3390797	982	0
gpl013	336	Picture	40	3397110	0	1	2155	1	0	2140	other	0
gpl013	337	Picture	85	3399431	0	1	7129	1	0	7000	hit	566
gpl013	337	Response	26	3403297	3866	0
gpl013	337	Pulse	199	3403308	3877	0
gpl013	338	Picture	40	3406726	0	1	1824	1	0	1780	other	0
gpl013	339	Picture	50	3408716	0	1	70131	1	0	next	other	0
gpl013	339	Pulse	199	3415797	7081	0
gpl013	339	Pulse	199	3428296	19581	0
gpl013	339	Pulse	199	3440796	32081	0
gpl013	339	Pulse	199	3453297	44581	0
gpl013	339	Pulse	199	3465797	57081	0
gpl013	339	Pulse	199	3478297	69581	0
gpl013	340	Picture	90	3478847	0	1	7129	1	0	7000	other	0
gpl013	341	Picture	40	3486142	0	1	2155	1	0	2130	other	0
gpl013	342	Picture	90	3488462	0	1	7130	2	0	7000	other	0
gpl013	342	Pulse	199	3490797	2335	0
gpl013	343	Picture	40	3495758	0	1	2819	1	0	2690	other	0
gpl013	344	Picture	95	3498742	0	1	7129	1	0	7000	hit	582
gpl013	344	Response	26	3503257	4516	0
gpl013	344	Pulse	199	3503297	4555	0
gpl013	345	Picture	40	3506037	0	1	2984	1	0	2860	other	0
gpl013	346	Picture	90	3509187	0	1	7129	1	0	7000	other	0
gpl013	346	Pulse	199	3515797	6611	0
gpl013	347	Picture	40	3516482	0	1	2155	1	0	1990	other	0
gpl013	348	Picture	90	3518803	0	1	7129	1	0	7000	other	0
gpl013	349	Picture	40	3526098	0	1	3813	1	0	3660	other	0
gpl013	349	Pulse	199	3528297	2199	0
gpl013	350	Picture	90	3530077	0	1	7129	1	0	7000	other	0
gpl013	351	Picture	40	3537372	0	1	2653	1	0	2490	other	0
gpl013	352	Picture	90	3540190	0	1	7129	1	0	7000	other	0
gpl013	352	Pulse	199	3540797	607	0
gpl013	353	Picture	40	3547485	0	1	3482	1	0	3310	other	0
gpl013	354	Picture	90	3551133	0	1	7129	1	0	7000	other	0
gpl013	354	Pulse	199	3553297	2165	0
gpl013	355	Picture	40	3558428	0	1	1824	1	0	1780	other	0
gpl013	356	Picture	90	3560417	0	1	7129	1	0	7000	other	0
gpl013	356	Pulse	199	3565797	5380	0
gpl013	357	Picture	40	3567712	0	1	2155	1	0	2140	other	0
gpl013	358	Picture	90	3569877	0	322	7119	323	0	7000	other	0
gpl013	359	Picture	40	3577162	0	1	4476	1	0	4350	other	0
gpl013	359	Pulse	199	3578297	1135	0
gpl013	360	Picture	50	3581804	0	1	90192	1	0	next	other	0
gpl013	360	Pulse	199	3590797	8993	0
gpl013	360	Pulse	199	3603298	21493	0
gpl013	360	Pulse	199	3615797	33993	0
gpl013	360	Pulse	199	3628297	46493	0
gpl013	360	Pulse	199	3640797	58992	0
gpl013	360	Pulse	199	3653297	71492	0
gpl013	360	Pulse	199	3665797	83993	0
gpl013	361	Picture	70	3671996	0	1	7129	1	0	7000	other	0
gpl013	361	Pulse	199	3678298	6302	0
gpl013	362	Picture	40	3679291	0	1	2155	1	0	2130	other	0
gpl013	363	Picture	70	3681612	0	1	7129	1	0	7000	other	0
gpl013	364	Picture	40	3688907	0	1	4476	1	0	4350	other	0
gpl013	364	Pulse	199	3690798	1891	0
gpl013	365	Picture	70	3693549	0	1	7129	1	0	7000	other	0
gpl013	366	Picture	40	3700844	0	1	2984	1	0	2860	other	0
gpl013	366	Pulse	199	3703298	2453	0
gpl013	367	Picture	70	3703994	0	1	7129	1	0	7000	other	0
gpl013	368	Picture	40	3711289	0	1	3482	1	0	3310	other	0
gpl013	369	Picture	75	3714937	0	1	7129	1	0	7000	hit	626
gpl013	369	Pulse	199	3715797	861	0
gpl013	369	Response	26	3718197	3261	0
gpl013	370	Picture	40	3722232	0	1	2653	1	0	2490	other	0
gpl013	371	Picture	70	3725050	0	1	7129	1	0	7000	other	0
gpl013	371	Pulse	199	3728298	3248	0
gpl013	372	Picture	40	3732345	0	1	2155	1	0	2140	other	0
gpl013	373	Picture	75	3734666	0	1	7129	1	0	7000	hit	632
gpl013	373	Response	26	3739657	4991	0
gpl013	373	Pulse	199	3740797	6131	0
gpl013	374	Picture	40	3741961	0	1	1824	1	0	1780	other	0
gpl013	375	Picture	70	3743951	0	1	7129	1	0	7000	other	0
gpl013	376	Picture	40	3751245	0	1	2818	1	0	2690	other	0
gpl013	376	Pulse	199	3753297	2052	0
gpl013	377	Picture	70	3754230	0	1	7129	1	0	7000	other	0
gpl013	378	Picture	40	3761525	0	1	2155	1	0	1990	other	0
gpl013	379	Picture	70	3763846	0	1	7129	1	0	7000	other	0
gpl013	379	Pulse	199	3765797	1952	0
gpl013	380	Picture	40	3771141	0	1	3813	1	0	3660	other	0
gpl013	381	Picture	50	3775120	0	1	30174	1	0	next	other	0
gpl013	381	Pulse	199	3778298	3178	0
gpl013	381	Pulse	199	3790798	15678	0
gpl013	381	Pulse	199	3803297	28178	0
gpl013	382	Picture	60	3805294	0	1	7129	1	0	7000	other	0
gpl013	383	Picture	40	3812589	0	1	2984	1	0	2860	other	0
gpl013	384	Picture	60	3815739	0	1	7129	1	0	7000	other	0
gpl013	384	Pulse	199	3815798	59	0
gpl013	385	Picture	40	3823034	0	1	2155	1	0	1990	other	0
gpl013	386	Picture	60	3825355	0	1	7129	1	0	7000	other	0
gpl013	386	Pulse	199	3828298	2942	0
gpl013	387	Picture	40	3832650	0	1	3482	1	0	3310	other	0
gpl013	388	Picture	60	3836298	0	1	7129	1	0	7000	other	0
gpl013	388	Pulse	199	3840798	4500	0
gpl013	389	Picture	40	3843592	0	1	2155	1	0	2130	other	0
gpl013	390	Picture	60	3845914	0	1	7129	1	0	7000	other	0
gpl013	391	Picture	40	3853209	0	1	2653	1	0	2490	other	0
gpl013	391	Pulse	199	3853297	89	0
gpl013	392	Picture	60	3856027	0	1	7129	1	0	7000	other	0
gpl013	393	Picture	40	3863322	0	1	1824	1	0	1780	other	0
gpl013	394	Picture	60	3865311	0	1	7129	1	0	7000	other	0
gpl013	394	Pulse	199	3865797	486	0
gpl013	395	Picture	40	3872606	0	1	4476	1	0	4350	other	0
gpl013	396	Picture	60	3877249	0	1	7129	1	0	7000	other	0
gpl013	396	Pulse	199	3878297	1049	0
gpl013	397	Picture	40	3884544	0	1	3813	1	0	3660	other	0
gpl013	398	Picture	60	3888523	0	1	7129	1	0	7000	other	0
gpl013	398	Pulse	199	3890797	2275	1
gpl013	399	Picture	40	3895817	0	1	2819	1	0	2690	other	0
gpl013	400	Picture	60	3898802	0	1	7129	1	0	7000	other	0
gpl013	400	Pulse	199	3903298	4496	0
gpl013	401	Picture	40	3906097	0	1	2155	1	0	2140	other	0
gpl013	402	Picture	50	3908418	0	1	50070	1	0	next	other	0
gpl013	402	Pulse	199	3915798	7380	0
gpl013	402	Pulse	199	3928298	19880	0
gpl013	402	Pulse	199	3940797	32380	0
gpl013	402	Pulse	199	3953298	44880	0
gpl013	403	Picture	80	3958487	0	1	7129	1	0	7000	other	0
gpl013	404	Picture	40	3965782	0	1	2653	1	0	2490	other	0
gpl013	404	Pulse	199	3965808	25	0
gpl013	405	Picture	80	3968601	0	1	7129	1	0	7000	other	0
gpl013	406	Picture	40	3975896	0	1	2984	1	0	2860	other	0
gpl013	406	Pulse	199	3978307	2411	0
gpl013	407	Picture	80	3979046	0	1	7129	1	0	7000	other	0
gpl013	408	Picture	40	3986341	0	1	3482	1	0	3310	other	0
gpl013	409	Picture	80	3989988	0	1	7129	1	0	7000	other	0
gpl013	409	Pulse	199	3990797	809	0
gpl013	410	Picture	40	3997283	0	1	4476	1	0	4350	other	0
gpl013	411	Picture	80	4001925	0	1	7129	1	0	7000	other	0
gpl013	411	Pulse	199	4003298	1373	0
gpl013	412	Picture	40	4009220	0	1	3813	1	0	3660	other	0
gpl013	413	Picture	80	4013199	0	1	7129	1	0	7000	other	0
gpl013	413	Pulse	199	4015808	2609	0
gpl013	414	Picture	40	4020494	0	1	1824	1	0	1780	other	0
gpl013	415	Picture	80	4022484	0	1	7129	1	0	7000	other	0
gpl013	415	Pulse	199	4028308	5824	0
gpl013	416	Picture	40	4029779	0	1	2155	1	0	2140	other	0
gpl013	417	Picture	85	4032100	0	1	7129	1	0	7000	hit	701
gpl013	417	Response	26	4036118	4018	0
gpl013	418	Picture	40	4039395	0	1	2155	1	0	1990	other	0
gpl013	418	Pulse	199	4040808	1413	0
gpl013	419	Picture	80	4041716	0	1	7129	1	0	7000	other	0
gpl013	420	Picture	40	4049011	0	1	2155	1	0	2130	other	0
gpl013	421	Picture	80	4051332	0	1	7129	1	0	7000	other	0
gpl013	421	Pulse	199	4053308	1976	0
gpl013	422	Picture	40	4058627	0	1	2818	1	0	2690	other	0
gpl013	423	Picture	50	4061611	0	1	70131	1	0	next	other	0
gpl013	423	Pulse	199	4065808	4197	0
gpl013	423	Pulse	199	4078307	16696	0
gpl013	423	Pulse	199	4090807	29196	0
gpl013	423	Pulse	199	4103307	41696	0
gpl013	423	Pulse	199	4115808	54197	0
gpl013	423	Pulse	199	4128308	66697	0
gpl013	424	Picture	90	4131742	0	1	7129	1	0	7000	other	0
gpl013	425	Picture	40	4139037	0	1	2155	1	0	2140	other	0
gpl013	425	Pulse	199	4140808	1771	0
gpl013	426	Picture	90	4141358	0	1	7129	1	0	7000	other	0
gpl013	427	Picture	40	4148653	0	1	2819	1	0	2690	other	0
gpl013	428	Picture	95	4151637	0	1	7129	1	0	7000	hit	723
gpl013	428	Pulse	199	4153308	1671	0
gpl013	428	Response	26	4155428	3791	0
gpl013	429	Picture	40	4158932	0	1	3482	1	0	3310	other	0
gpl013	430	Picture	90	4162579	0	1	7129	1	0	7000	other	0
gpl013	430	Pulse	199	4165808	3229	0
gpl013	431	Picture	40	4169874	0	1	4476	1	0	4350	other	0
gpl013	432	Picture	90	4174516	0	1	7129	1	0	7000	other	0
gpl013	432	Pulse	199	4178308	3791	0
gpl013	433	Picture	40	4181811	0	1	3813	1	0	3660	other	0
gpl013	434	Picture	90	4185790	0	1	7129	1	0	7000	other	0
gpl013	434	Pulse	199	4190808	5017	0
gpl013	435	Picture	40	4193085	0	1	2984	1	0	2860	other	0
gpl013	436	Picture	90	4196235	0	1	7129	1	0	7000	other	0
gpl013	436	Pulse	199	4203307	7072	0
gpl013	437	Picture	40	4203530	0	1	2155	1	0	2130	other	0
gpl013	438	Picture	90	4205851	0	1	7129	1	0	7000	other	0
gpl013	439	Picture	40	4213146	0	1	1824	1	0	1780	other	0
gpl013	440	Picture	95	4215136	0	1	7129	1	0	7000	hit	741
gpl013	440	Pulse	199	4215808	672	0
gpl013	440	Response	26	4219228	4092	0
gpl013	441	Picture	40	4222431	0	1	2155	1	0	1990	other	0
gpl013	442	Picture	90	4224752	0	1	7129	1	0	7000	other	0
gpl013	442	Pulse	199	4228308	3556	0
gpl013	443	Picture	40	4232047	0	1	2653	1	0	2490	other	0
gpl013	444	Picture	50	4234865	0	1	70131	1	0	next	other	0
gpl013	444	Pulse	199	4240808	5943	0
gpl013	444	Pulse	199	4253308	18443	0
gpl013	444	Pulse	199	4265808	30943	0
gpl013	444	Pulse	199	4278308	43443	0
gpl013	444	Pulse	199	4290808	55943	0
gpl013	444	Pulse	199	4303308	68442	0
gpl013	445	Picture	70	4304996	0	1	7129	1	0	7000	other	0
gpl013	446	Picture	40	4312291	0	1	2819	1	0	2690	other	0
gpl013	447	Picture	70	4315275	0	1	7129	1	0	7000	other	0
gpl013	447	Pulse	199	4315808	532	0
gpl013	448	Picture	40	4322570	0	1	3482	1	0	3310	other	0
gpl013	449	Picture	70	4326218	0	1	7129	1	0	7000	other	0
gpl013	449	Pulse	199	4328307	2090	0
gpl013	450	Picture	40	4333512	0	1	1824	1	0	1780	other	0
gpl013	451	Picture	70	4335502	0	1	7129	1	0	7000	other	0
gpl013	451	Pulse	199	4340807	5306	0
gpl013	452	Picture	40	4342797	0	1	4476	1	0	4350	other	0
gpl013	453	Picture	70	4347439	0	1	7129	1	0	7000	other	0
gpl013	453	Pulse	199	4353308	5868	0
gpl013	454	Picture	40	4354734	0	1	2155	1	0	1990	other	0
gpl013	455	Picture	70	4357055	0	1	7129	1	0	7000	other	0
gpl013	456	Picture	40	4364350	0	1	2155	1	0	2140	other	0
gpl013	456	Pulse	199	4365808	1458	0
gpl013	457	Picture	70	4366671	0	1	7129	1	0	7000	other	0
gpl013	458	Picture	40	4373966	0	1	2155	1	0	2130	other	0
gpl013	459	Picture	70	4376287	0	1	7129	1	0	7000	other	0
gpl013	459	Pulse	199	4378308	2020	0
gpl013	460	Picture	40	4383582	0	1	2653	1	0	2490	other	0
gpl013	461	Picture	70	4386401	0	1	7129	1	0	7000	other	0
gpl013	461	Pulse	199	4390807	4407	0
gpl013	462	Picture	40	4393696	0	1	2984	1	0	2860	other	0
gpl013	463	Picture	70	4396846	0	1	7129	1	0	7000	other	0
gpl013	463	Pulse	199	4403308	6462	0
gpl013	464	Picture	40	4404141	0	1	3813	1	0	3660	other	0
gpl013	465	Picture	50	4408120	0	1	50070	1	0	next	other	0
gpl013	465	Pulse	199	4415808	7688	0
gpl013	465	Pulse	199	4428307	20188	0
gpl013	465	Pulse	199	4440807	32688	0
gpl013	465	Pulse	199	4453307	45188	0
gpl013	466	Picture	60	4458189	0	1	7129	1	0	7000	other	0
gpl013	467	Picture	40	4465484	0	1	3813	1	0	3660	other	0
gpl013	467	Pulse	199	4465808	323	0
gpl013	468	Picture	60	4469463	0	1	7129	1	0	7000	other	0
gpl013	469	Picture	40	4476758	0	1	1824	1	0	1780	other	0
gpl013	469	Pulse	199	4478308	1550	0
gpl013	470	Picture	60	4478748	0	1	7129	1	0	7000	other	0
gpl013	471	Picture	40	4486043	0	1	2155	1	0	2130	other	0
gpl013	472	Picture	65	4488364	0	1	7129	1	0	7000	hit	796
gpl013	472	Pulse	199	4490808	2444	0
gpl013	472	Response	26	4492308	3944	0
gpl013	473	Picture	40	4495659	0	1	2984	1	0	2860	other	0
gpl013	474	Picture	60	4498809	0	1	7129	1	0	7000	other	0
gpl013	474	Pulse	199	4503308	4499	0
gpl013	475	Picture	40	4506104	0	1	3482	1	0	3310	other	0
gpl013	476	Picture	60	4509751	0	1	7129	1	0	7000	other	0
gpl013	476	Pulse	199	4515808	6057	0
gpl013	477	Picture	40	4517046	0	1	2818	1	0	2690	other	0
gpl013	478	Picture	60	4520030	0	1	7129	1	0	7000	other	0
gpl013	479	Picture	40	4527325	0	1	2155	1	0	2140	other	0
gpl013	479	Pulse	199	4528308	983	0
gpl013	480	Picture	60	4529646	0	1	7129	1	0	7000	other	0
gpl013	481	Picture	40	4536941	0	1	2155	1	0	1990	other	0
gpl013	482	Picture	60	4539262	0	1	7129	1	0	7000	other	0
gpl013	482	Pulse	199	4540808	1545	0
gpl013	483	Picture	40	4546557	0	1	2653	1	0	2490	other	0
gpl013	484	Picture	60	4549376	0	1	7129	1	0	7000	other	0
gpl013	484	Pulse	199	4553308	3932	0
gpl013	485	Picture	40	4556671	0	1	4476	1	0	4350	other	0
gpl013	486	Picture	50	4561313	0	1	90192	1	0	next	other	0
gpl013	486	Pulse	199	4565808	4496	0
gpl013	486	Pulse	199	4578308	16995	0
gpl013	486	Pulse	199	4590808	29495	0
gpl013	486	Pulse	199	4603308	41995	0
gpl013	486	Pulse	199	4615808	54495	0
gpl013	486	Pulse	199	4628308	66995	0
gpl013	486	Pulse	199	4640808	79495	0
gpl013	487	Picture	80	4651505	0	1	7129	1	0	7000	other	0
gpl013	487	Pulse	199	4653308	1804	0
gpl013	488	Picture	40	4658799	0	1	2818	1	0	2690	other	0
gpl013	489	Picture	80	4661784	0	1	7129	1	0	7000	other	0
gpl013	489	Pulse	199	4665808	4025	0
gpl013	490	Picture	40	4669079	0	1	2984	1	0	2860	other	0
gpl013	491	Picture	80	4672229	0	1	7129	1	0	7000	other	0
gpl013	491	Pulse	199	4678309	6080	0
gpl013	492	Picture	40	4679524	0	1	2155	1	0	2140	other	0
gpl013	493	Picture	80	4681845	0	1	7129	2	0	7000	other	0
gpl013	494	Picture	40	4689140	0	1	2155	1	0	2130	other	0
gpl013	494	Pulse	199	4690808	1669	0
gpl013	495	Picture	80	4691461	0	1	7129	1	0	7000	other	0
gpl013	496	Picture	40	4698756	0	1	3813	1	0	3660	other	0
gpl013	497	Picture	80	4702735	0	1	7129	1	0	7000	other	0
gpl013	497	Pulse	199	4703308	573	0
gpl013	498	Picture	40	4710030	0	1	1824	1	0	1780	other	0
gpl013	499	Picture	85	4712019	0	1	7129	1	0	7000	hit	841
gpl013	499	Response	26	4715728	3709	0
gpl013	499	Pulse	199	4715808	3789	0
gpl013	500	Picture	40	4719314	0	1	2155	1	0	1990	other	0
gpl013	501	Picture	80	4721635	0	1	7129	1	0	7000	other	0
gpl013	501	Pulse	199	4728308	6673	0
gpl013	502	Picture	40	4728930	0	1	4476	1	0	4350	other	0
gpl013	503	Picture	80	4733572	0	1	7129	1	0	7000	other	0
gpl013	503	Pulse	199	4740808	7236	0
gpl013	504	Picture	40	4740867	0	1	3482	1	0	3310	other	0
gpl013	505	Picture	80	4744515	0	1	7129	1	0	7000	other	0
gpl013	506	Picture	40	4751810	0	1	2653	1	0	2490	other	0
gpl013	506	Pulse	199	4753308	1498	0
gpl013	507	Picture	50	4754628	0	1	30174	1	0	next	other	0
gpl013	507	Pulse	199	4765808	11180	0
gpl013	507	Pulse	199	4778307	23679	0
gpl013	508	Picture	90	4784803	0	1	7129	1	0	7000	other	0
gpl013	508	Pulse	199	4790808	6006	0
gpl013	509	Picture	40	4792097	0	1	2984	1	0	2860	other	0
gpl013	510	Picture	90	4795248	0	1	7129	1	0	7000	other	0
gpl013	511	Picture	40	4802542	0	1	1824	1	0	1780	other	0
gpl013	511	Pulse	199	4803308	766	0
gpl013	512	Picture	90	4804532	0	1	7129	1	0	7000	other	0
gpl013	513	Picture	40	4811827	0	1	4476	1	0	4350	other	0
gpl013	513	Pulse	199	4815809	3982	0
gpl013	514	Picture	90	4816469	0	1	7129	1	0	7000	other	0
gpl013	515	Picture	40	4823764	0	1	3813	1	0	3660	other	0
gpl013	516	Picture	90	4827743	0	1	7129	1	0	7000	other	0
gpl013	516	Pulse	199	4828308	565	0
gpl013	517	Picture	40	4835038	0	1	2818	1	0	2690	other	0
gpl013	518	Picture	90	4838022	0	1	7129	1	0	7000	other	0
gpl013	518	Pulse	199	4840809	2786	0
gpl013	519	Picture	40	4845317	0	1	2155	1	0	2130	other	0
gpl013	520	Picture	90	4847638	0	1	7129	1	0	7000	other	0
gpl013	520	Pulse	199	4853308	5670	0
gpl013	521	Picture	40	4854933	0	1	2155	1	0	1990	other	0
gpl013	522	Picture	90	4857254	0	1	7129	1	0	7000	other	0
gpl013	523	Picture	40	4864549	0	1	3482	1	0	3310	other	0
gpl013	523	Pulse	199	4865808	1259	0
gpl013	524	Picture	90	4868197	0	1	7129	1	0	7000	other	0
gpl013	525	Picture	40	4875492	0	1	2653	1	0	2490	other	0
gpl013	525	Pulse	199	4878308	2816	0
gpl013	526	Picture	90	4878310	0	1	7129	1	0	7000	other	0
gpl013	527	Picture	40	4885605	0	1	2155	1	0	2140	other	0
gpl013	528	Picture	50	4887926	0	1	50070	1	0	next	other	0
gpl013	528	Pulse	199	4890808	2882	0
gpl013	528	Pulse	199	4903308	15382	0
gpl013	528	Pulse	199	4915808	27882	0
gpl013	528	Pulse	199	4928308	40382	0
gpl013	529	Picture	70	4937996	0	1	7129	1	0	7000	other	0
gpl013	529	Pulse	199	4940808	2812	0
gpl013	530	Picture	40	4945291	0	1	2155	1	0	1990	other	0
gpl013	531	Picture	70	4947612	0	1	7129	1	0	7000	other	0
gpl013	531	Pulse	199	4953308	5696	0
gpl013	532	Picture	40	4954907	0	1	4476	1	0	4350	other	0
gpl013	533	Picture	70	4959549	0	1	7129	1	0	7000	other	0
gpl013	533	Pulse	199	4965808	6259	0
gpl013	534	Picture	40	4966844	0	1	2984	1	0	2860	other	0
gpl013	535	Picture	70	4969994	0	1	7129	1	0	7000	other	0
gpl013	536	Picture	40	4977289	0	1	2155	1	0	2140	other	0
gpl013	536	Pulse	199	4978308	1019	0
gpl013	537	Picture	70	4979454	0	322	7119	322	0	7000	other	0
gpl013	538	Picture	40	4986739	0	1	3482	1	0	3310	other	0
gpl013	539	Picture	70	4990387	0	1	7129	1	0	7000	other	0
gpl013	539	Pulse	199	4990808	421	0
gpl013	540	Picture	40	4997681	0	1	1824	1	0	1780	other	0
gpl013	541	Picture	70	4999671	0	1	7129	1	0	7000	other	0
gpl013	541	Pulse	199	5003308	3637	0
gpl013	542	Picture	40	5006966	0	1	3813	1	0	3660	other	0
gpl013	543	Picture	70	5010945	0	1	7129	1	0	7000	other	0
gpl013	543	Pulse	199	5015809	4864	0
gpl013	544	Picture	40	5018240	0	1	2653	1	0	2490	other	0
gpl013	545	Picture	75	5021058	0	1	7129	1	0	7000	hit	913
gpl013	545	Response	26	5024618	3560	0
gpl013	545	Pulse	199	5028308	7250	0
gpl013	546	Picture	40	5028353	0	1	2818	1	0	2690	other	0
gpl013	547	Picture	70	5031338	0	1	7129	1	0	7000	other	0
gpl013	548	Picture	40	5038633	0	1	2155	1	0	2130	other	0
gpl013	548	Pulse	199	5040798	2165	11
gpl013	549	Picture	50	5040954	0	1	70131	1	0	next	other	0
gpl013	549	Pulse	199	5053308	12355	0
gpl013	549	Pulse	199	5065809	24855	0
gpl013	549	Pulse	199	5078308	37355	0
gpl013	549	Pulse	199	5090808	49854	0
gpl013	549	Pulse	199	5103308	62354	0
gpl013	550	Picture	60	5111084	0	1	7129	1	0	7000	other	0
gpl013	550	Pulse	199	5115808	4724	0
gpl013	551	Picture	40	5118379	0	1	4476	1	0	4350	other	0
gpl013	552	Picture	60	5123021	0	1	7129	1	0	7000	other	0
gpl013	552	Pulse	199	5128309	5287	0
gpl013	553	Picture	40	5130316	0	1	2155	1	0	1990	other	0
gpl013	554	Picture	60	5132637	0	1	7129	1	0	7000	other	0
gpl013	555	Picture	40	5139932	0	1	2155	1	0	2130	other	0
gpl013	555	Pulse	199	5140808	876	0
gpl013	556	Picture	60	5142253	0	1	7129	1	0	7000	other	0
gpl013	557	Picture	40	5149548	0	1	2155	1	0	2140	other	0
gpl013	558	Picture	65	5151869	0	1	7129	1	0	7000	hit	938
gpl013	558	Pulse	199	5153309	1440	0
gpl013	558	Response	26	5155009	3139	0
gpl013	559	Picture	40	5159164	0	1	2819	1	0	2690	other	0
gpl013	560	Picture	60	5162149	0	1	7129	1	0	7000	other	0
gpl013	560	Pulse	199	5165809	3660	0
gpl013	561	Picture	40	5169444	0	1	2653	1	0	2490	other	0
gpl013	562	Picture	60	5172262	0	1	7129	1	0	7000	other	0
gpl013	562	Pulse	199	5178309	6047	0
gpl013	563	Picture	40	5179557	0	1	3482	1	0	3310	other	0
gpl013	564	Picture	60	5183205	0	1	7129	1	0	7000	other	0
gpl013	565	Picture	40	5190499	0	1	2984	1	0	2860	other	0
gpl013	565	Pulse	199	5190809	309	0
gpl013	566	Picture	60	5193649	0	1	7129	1	0	7000	other	0
gpl013	567	Picture	40	5200944	0	1	3813	1	0	3660	other	0
gpl013	567	Pulse	199	5203308	2364	0
gpl013	568	Picture	60	5204923	0	1	7129	1	0	7000	other	0
gpl013	569	Picture	40	5212218	0	1	1824	1	0	1780	other	0
gpl013	570	Picture	50	5214208	0	1	30174	1	0	next	other	0
gpl013	570	Pulse	199	5215808	1600	0
gpl013	570	Pulse	199	5228308	14100	0
gpl013	570	Pulse	199	5240808	26600	0
gpl013	571	Picture	80	5244382	0	1	7129	1	0	7000	other	0
gpl013	572	Picture	40	5251677	0	1	2155	1	0	1990	other	0
gpl013	572	Pulse	199	5253309	1632	0
gpl013	573	Picture	80	5253998	0	1	7129	1	0	7000	other	0
gpl013	574	Picture	40	5261293	0	1	1824	1	0	1780	other	0
gpl013	575	Picture	80	5263283	0	1	7129	1	0	7000	other	0
gpl013	575	Pulse	199	5265809	2526	0
gpl013	576	Picture	40	5270578	0	1	2653	1	0	2490	other	0
gpl013	577	Picture	80	5273396	0	1	7129	1	0	7000	other	0
gpl013	577	Pulse	199	5278309	4913	0
gpl013	578	Picture	40	5280691	0	1	3813	1	0	3660	other	0
gpl013	579	Picture	80	5284670	0	1	7129	1	0	7000	other	0
gpl013	579	Pulse	199	5290809	6138	0
gpl013	580	Picture	40	5291965	0	1	4476	1	0	4350	other	0
gpl013	581	Picture	80	5296607	0	1	7129	1	0	7000	other	0
gpl013	581	Pulse	199	5303309	6701	0
gpl013	582	Picture	40	5303902	0	1	2984	1	0	2860	other	0
gpl013	583	Picture	85	5307052	0	1	7129	1	0	7000	hit	976
gpl013	583	Response	26	5310589	3536	0
gpl013	584	Picture	40	5314347	0	1	2819	1	0	2690	other	0
gpl013	584	Pulse	199	5315808	1461	0
gpl013	585	Picture	80	5317331	0	1	7129	1	0	7000	other	0
gpl013	586	Picture	40	5324626	0	1	3482	1	0	3310	other	0
gpl013	587	Picture	85	5328274	0	1	7129	1	0	7000	miss	0
gpl013	587	Pulse	199	5328308	34	0
gpl013	588	Picture	40	5335569	0	1	2155	1	0	2140	other	0
gpl013	588	Response	21	5337728	2160	0
gpl013	589	Picture	80	5337890	0	1	7129	1	0	7000	other	0
gpl013	589	Pulse	199	5340808	2918	0
gpl013	590	Picture	40	5345185	0	1	2155	1	0	2130	other	0
gpl013	591	Picture	50	5347506	0	1	90192	1	0	next	other	0
gpl013	591	Pulse	199	5353309	5803	0
gpl013	591	Pulse	199	5365808	18302	0
gpl013	591	Pulse	199	5378308	30802	0
gpl013	591	Pulse	199	5390808	43302	0
gpl013	591	Pulse	199	5403308	55802	0
gpl013	591	Pulse	199	5415808	68302	0
gpl013	591	Pulse	199	5428308	80802	0
gpl013	592	Picture	90	5437698	0	1	7129	1	0	7000	other	0
gpl013	592	Pulse	199	5440808	3111	0
gpl013	593	Picture	40	5444993	0	1	1824	1	0	1780	other	0
gpl013	594	Picture	90	5446982	0	1	7129	1	0	7000	other	0
gpl013	594	Pulse	199	5453308	6326	0
gpl013	595	Picture	40	5454277	0	1	2155	1	0	2130	other	0
gpl013	596	Picture	90	5456598	0	1	7129	1	0	7000	other	0
gpl013	597	Picture	40	5463893	0	1	2984	1	0	2860	other	0
gpl013	597	Pulse	199	5465808	1915	0
gpl013	598	Picture	90	5467043	0	1	7129	1	0	7000	other	0
gpl013	599	Picture	40	5474338	0	1	2155	1	0	1990	other	0
gpl013	600	Picture	90	5476659	0	1	7129	1	0	7000	other	0
gpl013	600	Pulse	199	5478309	1650	0
gpl013	601	Picture	40	5483954	0	1	2155	1	0	2140	other	0
gpl013	602	Picture	90	5486275	0	1	7129	1	0	7000	other	0
gpl013	602	Pulse	199	5490809	4533	0
gpl013	603	Picture	40	5493570	0	1	3482	1	0	3310	other	0
gpl013	604	Picture	90	5497218	0	1	7129	1	0	7000	other	0
gpl013	604	Pulse	199	5503309	6091	0
gpl013	605	Picture	40	5504512	0	1	2818	1	0	2690	other	0
gpl013	606	Picture	95	5507497	0	1	7129	1	0	7000	hit	1017
gpl013	606	Response	26	5510959	3462	0
gpl013	607	Picture	40	5514792	0	1	4476	1	0	4350	other	0
gpl013	607	Pulse	199	5515808	1017	0
gpl013	608	Picture	90	5519434	0	1	7129	1	0	7000	other	0
gpl013	609	Picture	40	5526729	0	1	3813	1	0	3660	other	0
gpl013	609	Pulse	199	5528309	1580	0
gpl013	610	Picture	90	5530708	0	1	7129	1	0	7000	other	0
gpl013	611	Picture	40	5538003	0	1	2653	1	0	2490	other	0
gpl013	611	Pulse	199	5540808	2806	0
gpl013	612	Picture	50	5540821	0	1	30174	1	0	next	other	0
gpl013	612	Pulse	199	5553308	12487	0
gpl013	612	Pulse	199	5565809	24988	0
gpl013	613	Picture	70	5570996	0	1	7129	1	0	7000	other	0
gpl013	614	Picture	40	5578291	0	1	2155	1	0	2140	other	0
gpl013	614	Pulse	199	5578309	18	0
gpl013	615	Picture	70	5580612	0	1	7129	1	0	7000	other	0
gpl013	616	Picture	40	5587907	0	1	3482	1	0	3310	other	0
gpl013	616	Pulse	199	5590809	2903	0
gpl013	617	Picture	70	5591554	0	1	7129	1	0	7000	other	0
gpl013	618	Picture	40	5598849	0	1	2984	1	0	2860	other	0
gpl013	619	Picture	70	5601999	0	1	7129	1	0	7000	other	0
gpl013	619	Pulse	199	5603309	1310	0
gpl013	620	Picture	40	5609294	0	1	3813	1	0	3660	other	0
gpl013	621	Picture	70	5613273	0	1	7129	1	0	7000	other	0
gpl013	621	Pulse	199	5615809	2536	0
gpl013	622	Picture	40	5620568	0	1	4476	1	0	4350	other	0
gpl013	623	Picture	75	5625210	0	1	7129	1	0	7000	hit	1044
gpl013	623	Response	26	5628029	2819	0
gpl013	623	Pulse	199	5628308	3098	0
gpl013	624	Picture	40	5632505	0	1	1824	1	0	1780	other	0
gpl013	625	Picture	70	5634495	0	1	7129	1	0	7000	other	0
gpl013	625	Pulse	199	5640809	6314	0
gpl013	626	Picture	40	5641789	0	1	2819	1	0	2690	other	0
gpl013	627	Picture	70	5644774	0	1	7129	1	0	7000	other	0
gpl013	628	Picture	40	5652069	0	1	2155	1	0	2130	other	0
gpl013	628	Pulse	199	5653308	1239	0
gpl013	629	Picture	70	5654390	0	1	7129	1	0	7000	other	0
gpl013	630	Picture	40	5661685	0	1	2653	1	0	2490	other	0
gpl013	631	Picture	70	5664503	0	1	7129	1	0	7000	other	0
gpl013	631	Pulse	199	5665808	1305	0
gpl013	632	Picture	40	5671798	0	1	2155	1	0	1990	other	0
gpl013	633	Picture	50	5674119	0	1	90192	1	0	next	other	0
gpl013	633	Pulse	199	5678309	4189	0
gpl013	633	Pulse	199	5690809	16690	0
gpl013	633	Pulse	199	5703309	29190	0
gpl013	633	Pulse	199	5715809	41690	0
gpl013	633	Pulse	199	5728309	54190	0
gpl013	633	Pulse	199	5740809	66690	0
gpl013	633	Pulse	199	5753309	79189	0
gpl013	634	Picture	60	5764311	0	1	7129	1	0	7000	other	0
gpl013	634	Pulse	199	5765809	1498	0
gpl013	635	Picture	40	5771606	0	1	2653	1	0	2490	other	0
gpl013	636	Picture	60	5774424	0	1	7129	1	0	7000	other	0
gpl013	636	Pulse	199	5778308	3884	0
gpl013	637	Picture	40	5781719	0	1	2155	1	0	2140	other	0
gpl013	638	Picture	65	5784040	0	1	7129	1	0	7000	hit	1073
gpl013	638	Response	26	5787929	3888	0
gpl013	638	Pulse	199	5790808	6768	0
gpl013	639	Picture	40	5791335	0	1	2984	1	0	2860	other	0
gpl013	640	Picture	60	5794485	0	1	7130	2	0	7000	other	0
gpl013	641	Picture	40	5801780	0	1	2155	1	0	2130	other	0
gpl013	641	Pulse	199	5803309	1529	0
gpl013	642	Picture	65	5804101	0	1	7129	1	0	7000	hit	1080
gpl013	642	Response	26	5808569	4467	0
gpl013	643	Picture	40	5811396	0	1	4476	1	0	4350	other	0
gpl013	643	Pulse	199	5815820	4423	0
gpl013	644	Picture	60	5816039	0	1	7129	1	0	7000	other	0
gpl013	645	Picture	40	5823333	0	1	3482	1	0	3310	other	0
gpl013	646	Picture	60	5826981	0	1	7129	1	0	7000	other	0
gpl013	646	Pulse	199	5828319	1338	0
gpl013	647	Picture	40	5834276	0	1	2819	1	0	2690	other	0
gpl013	648	Picture	60	5837260	0	1	7129	1	0	7000	other	0
gpl013	648	Pulse	199	5840819	3559	0
gpl013	649	Picture	40	5844555	0	1	1824	1	0	1780	other	0
gpl013	650	Picture	60	5846545	0	1	7129	1	0	7000	other	0
gpl013	650	Pulse	199	5853319	6775	0
gpl013	651	Picture	40	5853839	0	1	2155	1	0	1990	other	0
gpl013	652	Picture	60	5856161	0	1	7129	1	0	7000	other	0
gpl013	653	Picture	40	5863455	0	1	3813	1	0	3660	other	0
gpl013	653	Pulse	199	5865819	2364	0
gpl013	654	Picture	50	5867435	0	1	70131	1	0	next	other	0
gpl013	654	Pulse	199	5878318	10884	0
gpl013	654	Pulse	199	5890819	23384	0
gpl013	654	Pulse	199	5903319	35884	0
gpl013	654	Pulse	199	5915819	48384	0
gpl013	654	Pulse	199	5928319	60884	0
gpl013	655	Picture	80	5937565	0	1	7129	1	0	7000	other	0
gpl013	655	Pulse	199	5940819	3254	0
gpl013	656	Picture	40	5944860	0	1	2818	1	0	2690	other	0
gpl013	657	Picture	80	5947844	0	1	7129	1	0	7000	other	0
gpl013	657	Pulse	199	5953319	5475	0
gpl013	658	Picture	40	5955139	0	1	2155	1	0	2140	other	0
gpl013	659	Picture	80	5957460	0	1	7129	1	0	7000	other	0
gpl013	660	Picture	40	5964755	0	1	2984	1	0	2860	other	0
gpl013	660	Pulse	199	5965819	1064	0
gpl013	661	Picture	80	5967905	0	1	7129	2	0	7000	other	0
gpl013	662	Picture	40	5975200	0	1	3813	1	0	3660	other	0
gpl013	662	Pulse	199	5978319	3119	0
gpl013	663	Picture	80	5979179	0	1	7129	1	0	7000	other	0
gpl013	664	Picture	40	5986474	0	1	2155	1	0	2130	other	0
gpl013	665	Picture	80	5988795	0	1	7129	1	0	7000	other	0
gpl013	665	Pulse	199	5990818	2023	0
gpl013	666	Picture	40	5996090	0	1	3482	1	0	3310	other	0
gpl013	667	Picture	80	5999738	0	1	7129	1	0	7000	other	0
gpl013	667	Pulse	199	6003319	3581	0
gpl013	668	Picture	40	6007033	0	1	2155	1	0	1990	other	0
gpl013	669	Picture	80	6009354	0	1	7129	1	0	7000	other	0
gpl013	669	Pulse	199	6015819	6465	0
gpl013	670	Picture	40	6016649	0	1	4476	1	0	4350	other	0
gpl013	671	Picture	80	6021291	0	1	7129	1	0	7000	other	0
gpl013	671	Pulse	199	6028319	7028	0
gpl013	672	Picture	40	6028586	0	1	2653	1	0	2490	other	0
gpl013	673	Picture	80	6031404	0	1	7129	1	0	7000	other	0
gpl013	674	Picture	40	6038699	0	1	1824	1	0	1780	other	0
gpl013	675	Picture	50	6040689	0	1	50070	1	0	next	other	0
gpl013	675	Pulse	199	6040819	131	0
gpl013	675	Pulse	199	6053319	12630	0
gpl013	675	Pulse	199	6065819	25131	0
gpl013	675	Pulse	199	6078319	37630	0
gpl013	676	Picture	200	6090759	0	1	260130	1	0	260000	other	0
gpl013	676	Pulse	199	6090819	61	0
gpl013	676	Pulse	199	6103318	12560	0
gpl013	676	Pulse	199	6115818	25060	0
gpl013	676	Pulse	199	6128319	37560	0
gpl013	676	Pulse	199	6140819	50060	0
gpl013	676	Pulse	199	6153319	62561	0
gpl013	676	Pulse	199	6165819	75060	0
gpl013	676	Response	21	6166119	75360	0
gpl013	676	Pulse	199	6178319	87560	0
gpl013	676	Pulse	199	6190819	100061	0
gpl013	676	Pulse	199	6203319	112560	0
gpl013	676	Pulse	199	6215818	125060	0
gpl013	676	Pulse	199	6228318	137560	0
gpl013	676	Pulse	199	6240819	150060	0
gpl013	676	Pulse	199	6253319	162561	0
gpl013	676	Pulse	199	6265819	175060	0
gpl013	676	Pulse	199	6278319	187561	0
gpl013	676	Pulse	199	6290819	200060	0
gpl013	676	Pulse	199	6303319	212561	0
