Scenario - FeedLearn_B.sce
Logfile written - 11/27/2020 14:11:27

Subject	Trial	Event Type	Code	Time	TTime	Uncertainty	Duration	Uncertainty	ReqTime	ReqDur	Stim Type	Pair Index

P007	0	Pulse	199	0	0	NA
P007	0	Pulse	199	10000	10000	NA
P007	1	Pulse	199	20000	9833	NA
P007	1	Pulse	199	30000	19833	NA
P007	1	Pulse	199	40000	29833	NA
P007	1	Pulse	199	50000	39833	NA
P007	1	Pulse	199	60000	49833	NA
P007	1	Pulse	199	70000	59833	NA
P007	1	Pulse	199	80000	69833	NA
P007	1	Pulse	199	90000	79833	NA
P007	1	Pulse	199	100000	89833	NA
P007	1	Pulse	199	110000	99833	NA
P007	1	Pulse	199	120000	109833	NA
P007	1	Response	32	122973	112805	0
P007	2	Picture	fix	123150	0	1	18774	1	0	next	other	0
P007	2	Pulse	199	130000	6850	NA
P007	2	Pulse	199	140000	16850	NA
P007	4	Picture	stim	141924	0	1	14751	1	0	next	hit	20
P007	4	Pulse	199	150000	8076	NA
P007	4	Response	16	156535	14611	0
P007	5	Picture	feedback	156676	0	1	20116	1	0	next	other	0
P007	5	Pulse	199	160000	3324	NA
P007	5	Pulse	199	170000	13324	NA
P007	6	Picture	fix	176791	0	1	32185	1	0	next	other	0
P007	6	Pulse	199	180000	3209	NA
P007	6	Pulse	199	190000	13209	NA
P007	6	Pulse	199	200000	23209	NA
P007	8	Picture	stim	208976	0	1	11902	1	0	next	incorrect	31
P007	8	Pulse	199	210000	1024	NA
P007	8	Pulse	199	220000	11024	NA
P007	8	Response	32	220774	11797	0
P007	9	Picture	feedback	220878	0	1	20116	1	0	next	other	0
P007	9	Pulse	199	230000	9122	NA
P007	9	Pulse	199	240000	19122	NA
P007	10	Picture	fix	240993	0	1	24642	1	0	next	other	0
P007	10	Pulse	199	250000	9007	NA
P007	10	Pulse	199	260000	19007	NA
P007	12	Picture	stim	265635	0	1	8382	1	0	next	incorrect	40
P007	12	Pulse	199	270000	4365	NA
P007	12	Response	32	273854	8219	0
P007	13	Picture	feedback	274016	0	1	20116	1	0	next	other	0
P007	13	Pulse	199	280000	5984	NA
P007	13	Pulse	199	290000	15984	NA
P007	14	Picture	fix	294132	0	1	21457	1	0	next	other	0
P007	14	Pulse	199	300000	5868	NA
P007	14	Pulse	199	310000	15868	NA
P007	16	Picture	stim	315589	0	1	8884	1	0	next	hit	49
P007	16	Pulse	199	320000	4411	NA
P007	16	Response	16	324347	8759	0
P007	17	Picture	feedback	324473	0	1	20116	1	0	next	other	0
P007	17	Pulse	199	330000	5527	NA
P007	17	Pulse	199	340000	15527	NA
P007	18	Picture	fix	344589	0	1	21960	1	0	next	other	0
P007	18	Pulse	199	350000	5411	NA
P007	18	Pulse	199	360000	15411	NA
P007	20	Picture	stim	366548	0	1	11566	1	0	next	incorrect	58
P007	20	Pulse	199	370000	3452	NA
P007	20	Response	32	377925	11377	0
P007	21	Picture	feedback	378115	0	1	20116	1	0	next	other	0
P007	21	Pulse	199	380000	1885	NA
P007	21	Pulse	199	390000	11885	NA
P007	22	Picture	fix	398230	0	1	23636	1	0	next	other	0
P007	22	Pulse	199	400000	1770	NA
P007	22	Pulse	199	410000	11770	NA
P007	22	Pulse	199	420000	21770	NA
P007	24	Picture	stim	421866	0	1	8717	1	0	next	hit	68
P007	24	Pulse	199	430000	8134	NA
P007	24	Response	16	430404	8539	0
P007	25	Picture	feedback	430583	0	1	20115	1	0	next	other	0
P007	25	Pulse	199	440000	9417	NA
P007	25	Pulse	199	450000	19417	NA
P007	26	Pulse	199	460000	9302	NA
P007	26	Pulse	199	470000	19302	NA
P007	26	Pulse	199	480000	29302	NA
P007	26	Pulse	199	490000	39302	NA
P007	26	Pulse	199	500000	49302	NA
P007	26	Pulse	199	510000	59302	NA
P007	26	Pulse	199	520000	69302	NA
P007	26	Pulse	199	530000	79302	NA
P007	26	Pulse	199	540000	89302	NA
P007	26	Pulse	199	550000	99302	NA
P007	26	Pulse	199	560000	109302	NA
P007	26	Pulse	199	570000	119302	NA
P007	26	Pulse	199	580000	129302	NA
P007	26	Pulse	199	590000	139302	NA
P007	26	Pulse	199	600000	149302	NA
P007	26	Pulse	199	610000	159302	NA
P007	26	Pulse	199	620000	169302	NA
P007	26	Pulse	199	630000	179302	NA
P007	26	Pulse	199	640000	189302	NA
P007	26	Pulse	199	650000	199302	NA
P007	26	Pulse	199	660000	209302	NA
P007	26	Pulse	199	670000	219302	NA
P007	26	Pulse	199	680000	229302	NA
P007	26	Pulse	199	690000	239302	NA
P007	26	Pulse	199	700000	249302	NA
P007	26	Pulse	199	710000	259302	NA
P007	26	Pulse	199	720000	269302	NA
P007	26	Pulse	199	730000	279302	NA
P007	26	Pulse	199	740000	289302	NA
P007	26	Pulse	199	750000	299302	NA
P007	26	Pulse	199	760000	309302	NA
P007	26	Pulse	199	770000	319302	NA
P007	26	Response	32	771259	320560	0
P007	27	Pulse	199	780000	8716	NA
P007	27	Pulse	199	790000	18716	NA
P007	27	Pulse	199	800000	28716	NA
P007	27	Pulse	199	810000	38716	NA
P007	27	Pulse	199	820000	48716	NA
P007	28	Picture	fix	821663	0	1	26485	1	0	next	other	0
P007	28	Pulse	199	830000	8337	NA
P007	28	Pulse	199	840000	18337	NA
P007	30	Picture	stim	848148	0	1	25145	1	0	25000	incorrect	117
P007	30	Pulse	199	850000	1852	NA
P007	30	Pulse	199	860000	11852	NA
P007	30	Pulse	199	870000	21852	NA
P007	30	Response	32	872230	24081	0
P007	31	Picture	fix2	873293	0	1	15925	1	0	next	other	0
P007	31	Pulse	199	880000	6707	NA
P007	32	Picture	feedback	889218	0	1	20116	1	0	next	other	0
P007	32	Pulse	199	890000	782	NA
P007	32	Pulse	199	900000	10782	NA
P007	33	Picture	fix	909333	0	1	19445	1	0	next	other	0
P007	33	Pulse	199	910000	667	NA
P007	33	Pulse	199	920000	10667	NA
P007	35	Picture	stim	928778	0	1	25144	1	0	25000	hit	129
P007	35	Pulse	199	930000	1222	NA
P007	35	Pulse	199	940000	11222	NA
P007	35	Response	16	949400	20622	0
P007	35	Pulse	199	950000	21222	NA
P007	36	Picture	fix2	953923	0	1	16093	1	0	next	other	0
P007	36	Pulse	199	960000	6077	NA
P007	36	Pulse	199	970000	16077	NA
P007	37	Picture	feedback	970015	0	1	20116	1	0	next	other	0
P007	37	Pulse	199	980000	9985	NA
P007	37	Pulse	199	990000	19985	NA
P007	38	Picture	fix	990131	0	1	18607	1	0	next	other	0
P007	38	Pulse	199	1000000	9869	NA
P007	40	Picture	stim	1008738	0	1	25144	1	0	25000	incorrect	142
P007	40	Pulse	199	1010000	1262	NA
P007	40	Pulse	199	1020000	11262	NA
P007	40	Response	32	1022691	13953	0
P007	40	Pulse	199	1030000	21262	NA
P007	41	Picture	fix2	1033882	0	1	18104	1	0	next	other	0
P007	41	Pulse	199	1040000	6118	NA
P007	41	Pulse	199	1050000	16118	NA
P007	42	Picture	feedback	1051986	0	1	20116	1	0	next	other	0
P007	42	Pulse	199	1060000	8014	NA
P007	42	Pulse	199	1070000	18014	NA
P007	43	Picture	fix	1072102	0	1	29168	1	0	next	other	0
P007	43	Pulse	199	1080000	7898	NA
P007	43	Pulse	199	1090000	17898	NA
P007	43	Pulse	199	1100000	27898	NA
P007	45	Picture	stim	1101269	0	1	25144	1	0	25000	miss	0
P007	45	Pulse	199	1110000	8731	NA
P007	45	Pulse	199	1120000	18731	NA
P007	45	Response	16	1126347	25078	0
P007	46	Picture	fix2	1126414	0	1	16595	1	0	next	other	0
P007	46	Pulse	199	1130000	3586	NA
P007	46	Pulse	199	1140000	13586	NA
P007	47	Picture	feedback	1143009	0	1	20116	1	0	next	other	0
P007	47	Pulse	199	1150000	6991	NA
P007	47	Pulse	199	1160000	16991	NA
P007	48	Picture	fix	1163125	0	1	29000	1	0	next	other	0
P007	48	Pulse	199	1170000	6875	NA
P007	48	Pulse	199	1180000	16875	NA
P007	48	Pulse	199	1190000	26875	NA
P007	50	Picture	stim	1192125	0	1	25145	1	0	25000	incorrect	170
P007	50	Pulse	199	1200000	7875	NA
P007	50	Response	32	1202718	10593	0
P007	50	Pulse	199	1210000	17875	NA
P007	51	Picture	fix2	1217269	0	1	20116	1	0	next	other	0
P007	51	Pulse	199	1220000	2731	NA
P007	51	Pulse	199	1230000	12731	NA
P007	52	Picture	feedback	1237385	0	1	20116	1	0	next	other	0
P007	52	Pulse	199	1240000	2615	NA
P007	52	Pulse	199	1250000	12615	NA
P007	53	Picture	fix	1257500	0	1	34029	1	0	next	other	0
P007	53	Pulse	199	1260000	2500	NA
P007	53	Pulse	199	1270000	12500	NA
P007	53	Pulse	199	1280000	22500	NA
P007	53	Pulse	199	1290000	32500	NA
P007	55	Picture	stim	1291529	0	1	25145	1	0	25000	incorrect	185
P007	55	Pulse	199	1300000	8471	NA
P007	55	Response	32	1306676	15147	0
P007	55	Pulse	199	1310000	18471	NA
P007	56	Picture	fix2	1316673	0	1	9052	1	0	next	other	0
P007	56	Pulse	199	1320000	3327	NA
P007	57	Picture	feedback	1325725	0	1	20116	1	0	next	other	0
P007	57	Pulse	199	1330000	4275	NA
P007	57	Pulse	199	1340000	14275	NA
P007	58	Picture	fix	1345841	0	1	24809	1	0	next	other	0
P007	58	Pulse	199	1350000	4159	NA
P007	58	Pulse	199	1360000	14159	NA
P007	58	Pulse	199	1370000	24159	NA
P007	60	Picture	stim	1370650	0	1	25144	1	0	25000	hit	199
P007	60	Pulse	199	1380000	9350	NA
P007	60	Pulse	199	1390000	19350	NA
P007	60	Response	16	1393513	22863	0
P007	61	Picture	fix2	1395795	0	1	17936	1	0	next	other	0
P007	61	Pulse	199	1400000	4205	NA
P007	61	Pulse	199	1410000	14205	NA
P007	62	Picture	feedback	1413731	0	1	20116	1	0	next	other	0
P007	62	Pulse	199	1420000	6269	NA
P007	62	Pulse	199	1430000	16269	NA
P007	63	Picture	fix	1433847	0	1	29000	1	0	next	other	0
P007	63	Pulse	199	1440000	6153	NA
P007	63	Pulse	199	1450000	16153	NA
P007	63	Pulse	199	1460000	26153	NA
P007	65	Picture	stim	1462847	0	1	25144	1	0	25000	hit	212
P007	65	Pulse	199	1470000	7153	NA
P007	65	Response	16	1473778	10931	0
P007	65	Pulse	199	1480000	17153	NA
P007	66	Picture	fix2	1487991	0	1	16595	1	0	next	other	0
P007	66	Pulse	199	1490000	2009	NA
P007	66	Pulse	199	1500000	12009	NA
P007	67	Picture	feedback	1504586	0	1	20116	1	0	next	other	0
P007	67	Pulse	199	1510000	5414	NA
P007	67	Pulse	199	1520000	15414	NA
P007	68	Picture	fix	1524702	0	1	23803	1	0	next	other	0
P007	68	Pulse	199	1530000	5298	NA
P007	68	Pulse	199	1540000	15298	NA
P007	70	Picture	stim	1548505	0	1	25144	1	0	25000	hit	226
P007	70	Pulse	199	1550000	1495	NA
P007	70	Pulse	199	1560000	11495	NA
P007	70	Response	16	1561611	13105	0
P007	70	Pulse	199	1570000	21495	NA
P007	71	Picture	fix2	1573650	0	1	21792	1	0	next	other	0
P007	71	Pulse	199	1580000	6350	NA
P007	71	Pulse	199	1590000	16350	NA
P007	72	Picture	feedback	1595442	0	1	20116	1	0	next	other	0
P007	72	Pulse	199	1600000	4558	NA
P007	72	Pulse	199	1610000	14558	NA
P007	73	Picture	fix	1615557	0	1	22295	1	0	next	other	0
P007	73	Pulse	199	1620000	4443	NA
P007	73	Pulse	199	1630000	14443	NA
P007	75	Picture	stim	1637852	0	1	25144	1	0	25000	hit	240
P007	75	Pulse	199	1640000	2148	NA
P007	75	Pulse	199	1650000	12148	NA
P007	75	Response	16	1657308	19456	0
P007	75	Pulse	199	1660000	22148	NA
P007	76	Picture	fix2	1663164	0	1	10728	1	0	next	other	0
P007	76	Pulse	199	1670000	6836	NA
P007	77	Picture	feedback	1673892	0	1	20116	1	0	next	other	0
P007	77	Pulse	199	1680000	6108	NA
P007	77	Pulse	199	1690000	16108	NA
P007	78	Picture	fix	1694008	0	1	21959	1	0	next	other	0
P007	78	Pulse	199	1700000	5992	NA
P007	78	Pulse	199	1710000	15992	NA
P007	80	Picture	stim	1715967	0	1	25144	1	0	25000	hit	252
P007	80	Pulse	199	1720000	4033	NA
P007	80	Response	16	1727315	11348	0
P007	80	Pulse	199	1730000	14033	NA
P007	80	Pulse	199	1740000	24033	NA
P007	81	Picture	fix2	1741112	0	1	21457	1	0	next	other	0
P007	81	Pulse	199	1750000	8888	NA
P007	81	Pulse	199	1760000	18888	NA
P007	82	Picture	feedback	1762569	0	1	20116	1	0	next	other	0
P007	82	Pulse	199	1770000	7431	NA
P007	82	Pulse	199	1780000	17431	NA
P007	83	Picture	fix	1782684	0	1	23468	1	0	next	other	0
P007	83	Pulse	199	1790000	7316	NA
P007	83	Pulse	199	1800000	17316	NA
P007	85	Picture	stim	1806152	0	1	25144	1	0	25000	hit	267
P007	85	Pulse	199	1810000	3848	NA
P007	85	Pulse	199	1820000	13848	NA
P007	85	Response	16	1822717	16565	0
P007	85	Pulse	199	1830000	23848	NA
P007	86	Picture	fix2	1831464	0	1	23468	1	0	next	other	0
P007	86	Pulse	199	1840000	8536	NA
P007	86	Pulse	199	1850000	18536	NA
P007	87	Picture	feedback	1854933	0	1	20116	1	0	next	other	0
P007	87	Pulse	199	1860000	5067	NA
P007	87	Pulse	199	1870000	15067	NA
P007	88	Picture	fix	1875048	0	1	31179	1	0	next	other	0
P007	88	Pulse	199	1880000	4952	NA
P007	88	Pulse	199	1890000	14952	NA
P007	88	Pulse	199	1900000	24952	NA
P007	90	Picture	stim	1906227	0	1	25144	1	0	25000	incorrect	282
P007	90	Pulse	199	1910000	3773	NA
P007	90	Pulse	199	1920000	13773	NA
P007	90	Response	32	1927182	20955	0
P007	90	Pulse	199	1930000	23773	NA
P007	91	Picture	fix2	1931372	0	1	14081	1	0	next	other	0
P007	91	Pulse	199	1940000	8628	NA
P007	92	Picture	feedback	1945453	0	1	20116	1	0	next	other	0
P007	92	Pulse	199	1950000	4547	NA
P007	92	Pulse	199	1960000	14547	NA
P007	93	Picture	fix	1965568	0	1	17434	1	0	next	other	0
P007	93	Pulse	199	1970000	4432	NA
P007	93	Pulse	199	1980000	14432	NA
P007	95	Picture	stim	1983002	0	1	25144	1	0	25000	incorrect	294
P007	95	Pulse	199	1990000	6998	NA
P007	95	Response	32	1997888	14887	0
P007	95	Pulse	199	2000000	16998	NA
P007	96	Picture	fix2	2008146	0	1	11566	1	0	next	other	0
P007	96	Pulse	199	2010000	1854	NA
P007	97	Picture	feedback	2019713	0	1	20116	1	0	next	other	0
P007	97	Pulse	199	2020000	287	NA
P007	97	Pulse	199	2030000	10287	NA
P007	98	Picture	fix	2039828	0	1	23636	1	0	next	other	0
P007	98	Pulse	199	2040000	172	NA
P007	98	Pulse	199	2050000	10172	NA
P007	98	Pulse	199	2060000	20172	NA
P007	100	Picture	stim	2063464	0	1	25144	1	0	25000	hit	307
P007	100	Pulse	199	2070000	6536	NA
P007	100	Response	16	2079351	15887	0
P007	100	Pulse	199	2080000	16536	NA
P007	101	Picture	fix2	2088608	0	1	21289	1	0	next	other	0
P007	101	Pulse	199	2090000	1392	NA
P007	101	Pulse	199	2100000	11392	NA
P007	102	Picture	feedback	2109897	0	1	20116	1	0	next	other	0
P007	102	Pulse	199	2110000	103	NA
P007	102	Pulse	199	2120000	10103	NA
P007	102	Pulse	199	2130000	20103	NA
P007	103	Picture	fix	2130013	0	1	25983	1	0	next	other	0
P007	103	Pulse	199	2140000	9987	NA
P007	103	Pulse	199	2150000	19987	NA
P007	105	Picture	stim	2155995	0	1	25145	1	0	25000	hit	322
P007	105	Pulse	199	2160000	4005	NA
P007	105	Pulse	199	2170000	14005	NA
P007	105	Response	16	2173562	17566	0
P007	105	Pulse	199	2180000	24005	NA
P007	106	Picture	fix2	2181140	0	1	25983	1	0	next	other	0
P007	106	Pulse	199	2190000	8860	NA
P007	106	Pulse	199	2200000	18860	NA
P007	107	Picture	feedback	2207123	0	1	20116	1	0	next	other	0
P007	107	Pulse	199	2210000	2877	NA
P007	107	Pulse	199	2220000	12877	NA
P007	108	Picture	fix	2227238	0	1	28497	1	0	next	other	0
P007	108	Pulse	199	2230000	2762	NA
P007	108	Pulse	199	2240000	12762	NA
P007	108	Pulse	199	2250000	22762	NA
P007	110	Picture	stim	2255735	0	1	25144	1	0	25000	incorrect	337
P007	110	Pulse	199	2260000	4265	NA
P007	110	Pulse	199	2270000	14265	NA
P007	110	Response	32	2270554	14819	0
P007	110	Pulse	199	2280000	24265	NA
P007	111	Picture	fix2	2280880	0	1	22630	1	0	next	other	0
P007	111	Pulse	199	2290000	9120	NA
P007	111	Pulse	199	2300000	19120	NA
P007	112	Picture	feedback	2303510	0	1	20116	1	0	next	other	0
P007	112	Pulse	199	2310000	6490	NA
P007	112	Pulse	199	2320000	16490	NA
P007	113	Picture	fix	2323625	0	1	26821	1	0	next	other	0
P007	113	Pulse	199	2330000	6375	NA
P007	113	Pulse	199	2340000	16375	NA
P007	113	Pulse	199	2350000	26375	NA
P007	115	Picture	stim	2350446	0	1	25144	1	0	25000	hit	352
P007	115	Pulse	199	2360000	9554	NA
P007	115	Pulse	199	2370000	19554	NA
P007	115	Response	16	2371832	21386	0
P007	116	Picture	fix2	2375590	0	1	21624	1	0	next	other	0
P007	116	Pulse	199	2380000	4410	NA
P007	116	Pulse	199	2390000	14410	NA
P007	117	Picture	feedback	2397215	0	1	20116	1	0	next	other	0
P007	117	Pulse	199	2400000	2785	NA
P007	117	Pulse	199	2410000	12785	NA
P007	118	Picture	fix	2417330	0	1	25480	1	0	next	other	0
P007	118	Pulse	199	2420000	2670	NA
P007	118	Pulse	199	2430000	12670	NA
P007	118	Pulse	199	2440000	22670	NA
P007	120	Picture	stim	2442810	0	1	25144	1	0	25000	incorrect	365
P007	120	Pulse	199	2450000	7190	NA
P007	120	Response	32	2458970	16160	0
P007	120	Pulse	199	2460000	17190	NA
P007	121	Picture	fix2	2467954	0	1	13075	1	0	next	other	0
P007	121	Pulse	199	2470000	2046	NA
P007	121	Pulse	199	2480000	12046	NA
P007	122	Picture	feedback	2481030	0	1	20116	1	0	next	other	0
P007	122	Pulse	199	2490000	8970	NA
P007	122	Pulse	199	2500000	18970	NA
P007	123	Picture	fix	2501145	0	1	35873	1	0	next	other	0
P007	123	Pulse	199	2510000	8855	NA
P007	123	Pulse	199	2520000	18855	NA
P007	123	Pulse	199	2530000	28855	NA
P007	125	Picture	stim	2537018	0	1	25144	1	0	25000	hit	379
P007	125	Pulse	199	2540000	2982	NA
P007	125	Response	16	2548300	11282	0
P007	125	Pulse	199	2550000	12982	NA
P007	125	Pulse	199	2560000	22982	NA
P007	126	Picture	fix2	2562162	0	1	18607	1	0	next	other	0
P007	126	Pulse	199	2570000	7838	NA
P007	126	Pulse	199	2580000	17838	NA
P007	127	Picture	feedback	2580769	0	1	20116	1	0	next	other	0
P007	127	Pulse	199	2590000	9231	NA
P007	127	Pulse	199	2600000	19231	NA
P007	128	Picture	fix	2600885	0	1	23468	1	0	next	other	0
P007	128	Pulse	199	2610000	9115	NA
P007	128	Pulse	199	2620000	19115	NA
P007	130	Picture	stim	2624353	0	1	25144	1	0	25000	hit	394
P007	130	Pulse	199	2630000	5647	NA
P007	130	Pulse	199	2640000	15647	NA
P007	130	Response	16	2648186	23833	0
P007	131	Picture	fix2	2649497	0	1	14584	1	0	next	other	0
P007	131	Pulse	199	2650000	503	NA
P007	131	Pulse	199	2660000	10503	NA
P007	132	Picture	feedback	2664081	0	1	20116	1	0	next	other	0
P007	132	Pulse	199	2670000	5919	NA
P007	132	Pulse	199	2680000	15919	NA
P007	133	Picture	fix	2684197	0	1	33191	1	0	next	other	0
P007	133	Pulse	199	2690000	5803	NA
P007	133	Pulse	199	2700000	15803	NA
P007	133	Pulse	199	2710000	25803	NA
P007	135	Picture	stim	2717387	0	1	25145	1	0	25000	incorrect	408
P007	135	Pulse	199	2720000	2613	NA
P007	135	Pulse	199	2730000	12613	NA
P007	135	Response	32	2731739	14351	0
P007	135	Pulse	199	2740000	22613	NA
P007	136	Picture	fix2	2742532	0	1	26318	1	0	next	other	0
P007	136	Pulse	199	2750000	7468	NA
P007	136	Pulse	199	2760000	17468	NA
P007	137	Picture	feedback	2768850	0	1	20116	1	0	next	other	0
P007	137	Pulse	199	2770000	1150	NA
P007	137	Pulse	199	2780000	11150	NA
P007	138	Picture	fix	2788965	0	1	20451	1	0	next	other	0
P007	138	Pulse	199	2790000	1035	NA
P007	138	Pulse	199	2800000	11035	NA
P007	140	Picture	stim	2809416	0	1	25144	1	0	25000	hit	423
P007	140	Pulse	199	2810000	584	NA
P007	140	Pulse	199	2820000	10584	NA
P007	140	Pulse	199	2830000	20584	NA
P007	140	Response	16	2831627	22211	0
P007	140	Response	32	2832324	22908	0
P007	141	Picture	fix2	2834561	0	1	20451	1	0	next	other	0
P007	141	Pulse	199	2840000	5439	NA
P007	141	Pulse	199	2850000	15439	NA
P007	142	Picture	feedback	2855012	0	1	20116	1	0	next	other	0
P007	142	Pulse	199	2860000	4988	NA
P007	142	Pulse	199	2870000	14988	NA
P007	143	Picture	fix	2875127	0	1	26821	1	0	next	other	0
P007	143	Pulse	199	2880000	4873	NA
P007	143	Pulse	199	2890000	14873	NA
P007	143	Pulse	199	2900000	24873	NA
P007	145	Picture	stim	2901948	0	1	25144	1	0	25000	hit	437
P007	145	Pulse	199	2910000	8052	NA
P007	145	Response	16	2917175	15227	0
P007	145	Pulse	199	2920000	18052	NA
P007	146	Picture	fix2	2927092	0	1	14751	1	0	next	other	0
P007	146	Pulse	199	2930000	2908	NA
P007	146	Pulse	199	2940000	12908	NA
P007	147	Picture	feedback	2941844	0	1	20116	1	0	next	other	0
P007	147	Pulse	199	2950000	8156	NA
P007	147	Pulse	199	2960000	18156	NA
P007	148	Picture	fix	2961959	0	1	17769	1	0	next	other	0
P007	148	Pulse	199	2970000	8041	NA
P007	150	Picture	stim	2979728	0	1	25144	1	0	25000	incorrect	450
P007	150	Pulse	199	2980000	272	NA
P007	150	Pulse	199	2990000	10272	NA
P007	150	Response	32	2998636	18908	0
P007	150	Pulse	199	3000000	20272	NA
P007	151	Picture	fix2	3004873	0	1	24139	1	0	next	other	0
P007	151	Pulse	199	3010000	5127	NA
P007	151	Pulse	199	3020000	15127	NA
P007	152	Picture	feedback	3029011	0	1	20116	1	0	next	other	0
P007	152	Pulse	199	3030000	989	NA
P007	152	Pulse	199	3040000	10989	NA
P007	153	Picture	fix	3049127	0	1	19948	1	0	next	other	0
P007	153	Pulse	199	3050000	873	NA
P007	153	Pulse	199	3060000	10873	NA
P007	155	Picture	stim	3069075	0	1	25144	1	0	25000	hit	465
P007	155	Pulse	199	3070000	925	NA
P007	155	Pulse	199	3080000	10925	NA
P007	155	Pulse	199	3090000	20925	NA
P007	155	Response	16	3091652	22577	0
P007	156	Picture	fix2	3094219	0	1	21624	1	0	next	other	0
P007	156	Pulse	199	3100000	5781	NA
P007	156	Pulse	199	3110000	15781	NA
P007	157	Picture	feedback	3115843	0	1	20116	1	0	next	other	0
P007	157	Pulse	199	3120000	4157	NA
P007	157	Pulse	199	3130000	14157	NA
P007	158	Picture	fix	3135959	0	1	30006	1	0	next	other	0
P007	158	Pulse	199	3140000	4041	NA
P007	158	Pulse	199	3150000	14041	NA
P007	158	Pulse	199	3160000	24041	NA
P007	160	Picture	stim	3165965	0	1	25144	1	0	25000	hit	478
P007	160	Pulse	199	3170000	4035	NA
P007	160	Response	16	3177400	11436	0
P007	160	Pulse	199	3180000	14035	NA
P007	160	Pulse	199	3190000	24035	NA
P007	161	Picture	fix2	3191109	0	1	24306	1	0	next	other	0
P007	161	Pulse	199	3200000	8891	NA
P007	161	Pulse	199	3210000	18891	NA
P007	162	Picture	feedback	3215415	0	1	20116	1	0	next	other	0
P007	162	Pulse	199	3220000	4585	NA
P007	162	Pulse	199	3230000	14585	NA
P007	163	Picture	fix	3235531	0	1	26821	1	0	next	other	0
P007	163	Pulse	199	3240000	4469	NA
P007	163	Pulse	199	3250000	14469	NA
P007	163	Pulse	199	3260000	24469	NA
P007	165	Picture	stim	3262352	0	1	25144	1	0	25000	incorrect	493
P007	165	Pulse	199	3270000	7648	NA
P007	165	Response	32	3279189	16838	0
P007	165	Pulse	199	3280000	17648	NA
P007	166	Picture	fix2	3287496	0	1	13913	1	0	next	other	0
P007	166	Pulse	199	3290000	2504	NA
P007	166	Pulse	199	3300000	12504	NA
P007	167	Picture	feedback	3301409	0	1	20116	1	0	next	other	0
P007	167	Pulse	199	3310000	8591	NA
P007	167	Pulse	199	3320000	18591	NA
P007	168	Picture	fix	3321525	0	1	24642	1	0	next	other	0
P007	168	Pulse	199	3330000	8475	NA
P007	168	Pulse	199	3340000	18475	NA
P007	170	Picture	stim	3346167	0	1	25145	1	0	25000	hit	507
P007	170	Pulse	199	3350000	3833	NA
P007	170	Pulse	199	3360000	13833	NA
P007	170	Response	16	3364843	18676	0
P007	170	Pulse	199	3370000	23833	NA
P007	171	Picture	fix2	3371479	0	1	16092	1	0	next	other	0
P007	171	Pulse	199	3380000	8521	NA
P007	172	Picture	feedback	3387571	0	1	20116	1	0	next	other	0
P007	172	Pulse	199	3390000	2429	NA
P007	172	Pulse	199	3400000	12429	NA
P007	173	Picture	fix	3407687	0	1	18942	1	0	next	other	0
P007	173	Pulse	199	3410000	2313	NA
P007	173	Pulse	199	3420000	12313	NA
P007	175	Picture	stim	3426629	0	1	25145	1	0	25000	incorrect	520
P007	175	Pulse	199	3430000	3371	NA
P007	175	Pulse	199	3440000	13371	NA
P007	175	Response	32	3442926	16297	0
P007	175	Pulse	199	3450000	23371	NA
P007	176	Picture	fix2	3451941	0	1	25815	1	0	next	other	0
P007	176	Pulse	199	3460000	8059	NA
P007	176	Pulse	199	3470000	18059	NA
P007	177	Picture	feedback	3477756	0	1	20116	1	0	next	other	0
P007	177	Pulse	199	3480000	2244	NA
P007	177	Pulse	199	3490000	12244	NA
P007	178	Picture	fix	3497872	0	1	27324	1	0	next	other	0
P007	178	Pulse	199	3500000	2128	NA
P007	178	Pulse	199	3510000	12128	NA
P007	178	Pulse	199	3520000	22128	NA
P007	180	Picture	stim	3525195	0	1	25144	1	0	25000	hit	535
P007	180	Pulse	199	3530000	4805	NA
P007	180	Pulse	199	3540000	14805	NA
P007	180	Response	16	3540433	15238	0
P007	180	Pulse	199	3550000	24805	NA
P007	181	Picture	fix2	3550340	0	1	17266	1	0	next	other	0
P007	181	Pulse	199	3560000	9660	NA
P007	182	Picture	feedback	3567605	0	1	20116	1	0	next	other	0
P007	182	Pulse	199	3570000	2395	NA
P007	182	Pulse	199	3580000	12395	NA
P007	183	Picture	fix	3587721	0	1	25145	1	0	next	other	0
P007	183	Pulse	199	3590000	2279	NA
P007	183	Pulse	199	3600000	12279	NA
P007	183	Pulse	199	3610000	22279	NA
P007	185	Picture	stim	3612866	0	1	25144	1	0	25000	incorrect	548
P007	185	Pulse	199	3620000	7134	NA
P007	185	Response	32	3628775	15910	0
P007	185	Pulse	199	3630000	17134	NA
P007	186	Picture	fix2	3638010	0	1	21457	1	0	next	other	0
P007	186	Pulse	199	3640000	1990	NA
P007	186	Pulse	199	3650000	11990	NA
P007	187	Picture	feedback	3659467	0	1	20116	1	0	next	other	0
P007	187	Pulse	199	3660000	533	NA
P007	187	Pulse	199	3670000	10533	NA
P007	188	Picture	fix	3679582	0	1	30844	1	0	next	other	0
P007	188	Pulse	199	3680000	418	NA
P007	188	Pulse	199	3690000	10418	NA
P007	188	Pulse	199	3700000	20418	NA
P007	188	Pulse	199	3710000	30418	NA
P007	190	Picture	stim	3710426	0	1	25144	1	0	25000	hit	563
P007	190	Pulse	199	3720000	9574	NA
P007	190	Response	16	3724187	13761	0
P007	190	Pulse	199	3730000	19574	NA
P007	191	Picture	fix2	3735570	0	1	15254	1	0	next	other	0
P007	191	Pulse	199	3740000	4430	NA
P007	191	Pulse	199	3750000	14430	NA
P007	192	Picture	feedback	3750825	0	1	20116	1	0	next	other	0
P007	192	Pulse	199	3760000	9175	NA
P007	192	Pulse	199	3770000	19175	NA
P007	193	Picture	fix	3770940	0	1	29671	1	0	next	other	0
P007	193	Pulse	199	3780000	9060	NA
P007	193	Pulse	199	3790000	19060	NA
P007	193	Pulse	199	3800000	29060	NA
P007	195	Picture	stim	3800611	0	1	25144	1	0	25000	hit	577
P007	195	Pulse	199	3810000	9389	NA
P007	195	Response	16	3813425	12814	0
P007	195	Pulse	199	3820000	19389	NA
P007	196	Picture	fix2	3825755	0	1	20451	1	0	next	other	0
P007	196	Pulse	199	3830000	4245	NA
P007	196	Pulse	199	3840000	14245	NA
P007	197	Picture	feedback	3846206	0	1	20115	1	0	next	other	0
P007	197	Pulse	199	3850000	3794	NA
P007	197	Pulse	199	3860000	13794	NA
P007	198	Picture	fix	3866322	0	1	24642	1	0	next	other	0
P007	198	Pulse	199	3870000	3678	NA
P007	198	Pulse	199	3880000	13678	NA
P007	198	Pulse	199	3890000	23678	NA
P007	200	Picture	stim	3890963	0	1	25144	1	0	25000	incorrect	591
P007	200	Pulse	199	3900000	9037	NA
P007	200	Response	32	3907847	16883	0
P007	200	Pulse	199	3910000	19037	NA
P007	201	Picture	fix2	3916275	0	1	27659	1	0	next	other	0
P007	201	Pulse	199	3920000	3725	NA
P007	201	Pulse	199	3930000	13725	NA
P007	201	Pulse	199	3940000	23725	NA
P007	202	Picture	feedback	3943934	0	1	20116	1	0	next	other	0
P007	202	Pulse	199	3950000	6066	NA
P007	202	Pulse	199	3960000	16066	NA
P007	203	Picture	fix	3964050	0	1	29335	1	0	next	other	0
P007	203	Pulse	199	3970000	5950	NA
P007	203	Pulse	199	3980000	15950	NA
P007	203	Pulse	199	3990000	25950	NA
P007	205	Picture	stim	3993385	0	1	25144	1	0	25000	incorrect	607
P007	205	Pulse	199	4000000	6615	NA
P007	205	Pulse	199	4010000	16615	NA
P007	205	Response	32	4010342	16957	0
P007	206	Picture	fix2	4018530	0	1	21959	1	0	next	other	0
P007	206	Pulse	199	4020000	1470	NA
P007	206	Pulse	199	4030000	11470	NA
P007	206	Pulse	199	4040000	21470	NA
P007	207	Picture	feedback	4040489	0	1	20116	1	0	next	other	0
P007	207	Pulse	199	4050000	9511	NA
P007	207	Pulse	199	4060000	19511	NA
P007	208	Picture	fix	4060605	0	1	37549	1	0	next	other	0
P007	208	Pulse	199	4070000	9395	NA
P007	208	Pulse	199	4080000	19395	NA
P007	208	Pulse	199	4090000	29395	NA
P007	210	Picture	stim	4098154	0	1	25145	1	0	25000	hit	622
P007	210	Pulse	199	4100000	1846	NA
P007	210	Pulse	199	4110000	11846	NA
P007	210	Response	16	4113643	15489	0
P007	210	Pulse	199	4120000	21846	NA
P007	211	Picture	fix2	4123298	0	1	15925	1	0	next	other	0
P007	211	Pulse	199	4130000	6702	NA
P007	212	Picture	feedback	4139223	0	1	20116	1	0	next	other	0
P007	212	Pulse	199	4140000	777	NA
P007	212	Pulse	199	4150000	10777	NA
P007	213	Picture	fix	4159339	0	1	16260	1	0	next	other	0
P007	213	Pulse	199	4160000	661	NA
P007	213	Pulse	199	4170000	10661	NA
P007	215	Picture	stim	4175599	0	1	25145	1	0	25000	incorrect	634
P007	215	Pulse	199	4180000	4401	NA
P007	215	Response	32	4187948	12350	0
P007	215	Pulse	199	4190000	14401	NA
P007	215	Pulse	199	4200000	24401	NA
P007	216	Picture	fix2	4200743	0	1	26150	1	0	next	other	0
P007	216	Pulse	199	4210000	9257	NA
P007	216	Pulse	199	4220000	19257	NA
P007	217	Picture	feedback	4226893	0	1	20116	1	0	next	other	0
P007	217	Pulse	199	4230000	3107	NA
P007	217	Pulse	199	4240000	13107	NA
P007	218	Picture	fix	4247009	0	1	22295	1	0	next	other	0
P007	218	Pulse	199	4250000	2991	NA
P007	218	Pulse	199	4260000	12991	NA
P007	220	Picture	stim	4269304	0	1	25144	1	0	25000	incorrect	649
P007	220	Pulse	199	4270000	696	NA
P007	220	Pulse	199	4280000	10696	NA
P007	220	Response	32	4285061	15757	0
P007	220	Pulse	199	4290000	20696	NA
P007	221	Picture	fix2	4294448	0	1	29168	1	0	next	other	0
P007	221	Pulse	199	4300000	5552	NA
P007	221	Pulse	199	4310000	15552	NA
P007	221	Pulse	199	4320000	25552	NA
P007	222	Picture	feedback	4323616	0	1	20116	1	0	next	other	0
P007	222	Pulse	199	4330000	6384	NA
P007	222	Pulse	199	4340000	16384	NA
P007	223	Picture	fix	4343731	0	1	32185	1	0	next	other	0
P007	223	Pulse	199	4350000	6269	NA
P007	223	Pulse	199	4360000	16269	NA
P007	223	Pulse	199	4370000	26269	NA
P007	225	Picture	stim	4375916	0	1	25144	1	0	25000	incorrect	665
P007	225	Pulse	199	4380000	4084	NA
P007	225	Pulse	199	4390000	14084	NA
P007	225	Response	32	4391249	15333	0
P007	225	Pulse	199	4400000	24084	NA
P007	226	Picture	fix2	4401061	0	1	23301	1	0	next	other	0
P007	226	Pulse	199	4410000	8939	NA
P007	226	Pulse	199	4420000	18939	NA
P007	227	Picture	feedback	4424361	0	1	20116	1	0	next	other	0
P007	227	Pulse	199	4430000	5639	NA
P007	227	Pulse	199	4440000	15639	NA
P007	228	Picture	fix	4444477	0	1	22798	1	0	next	other	0
P007	228	Pulse	199	4450000	5523	NA
P007	228	Pulse	199	4460000	15523	NA
P007	230	Picture	stim	4467274	0	1	25144	1	0	25000	hit	679
P007	230	Pulse	199	4470000	2726	NA
P007	230	Pulse	199	4480000	12726	NA
P007	230	Response	16	4482991	15717	0
P007	230	Pulse	199	4490000	22726	NA
P007	231	Picture	fix2	4492419	0	1	22295	1	0	next	other	0
P007	231	Pulse	199	4500000	7581	NA
P007	231	Pulse	199	4510000	17581	NA
P007	232	Picture	feedback	4514714	0	1	20116	1	0	next	other	0
P007	232	Pulse	199	4520000	5286	NA
P007	232	Pulse	199	4530000	15286	NA
P007	233	Picture	fix	4534829	0	1	20283	1	0	next	other	0
P007	233	Pulse	199	4540000	5171	NA
P007	233	Pulse	199	4550000	15171	NA
P007	235	Picture	stim	4555112	0	1	25144	1	0	25000	incorrect	693
P007	235	Pulse	199	4560000	4888	NA
P007	235	Pulse	199	4570000	14888	NA
P007	235	Response	32	4577921	22809	0
P007	235	Pulse	199	4580000	24888	NA
P007	236	Picture	fix2	4580257	0	1	18104	1	0	next	other	0
P007	236	Pulse	199	4590000	9743	NA
P007	237	Picture	feedback	4598361	0	1	20116	1	0	next	other	0
P007	237	Pulse	199	4600000	1639	NA
P007	237	Pulse	199	4610000	11639	NA
P007	238	Picture	fix	4618476	0	1	27994	1	0	next	other	0
P007	238	Pulse	199	4620000	1524	NA
P007	238	Pulse	199	4630000	11524	NA
P007	238	Pulse	199	4640000	21524	NA
P007	240	Picture	stim	4646471	0	1	25144	1	0	25000	hit	706
P007	240	Pulse	199	4650000	3530	NA
P007	240	Response	16	4657816	11345	0
P007	240	Pulse	199	4660000	13530	NA
P007	240	Pulse	199	4670000	23530	NA
P007	241	Picture	fix2	4671615	0	1	16763	1	0	next	other	0
P007	241	Pulse	199	4680000	8385	NA
P007	242	Picture	feedback	4688378	0	1	20116	1	0	next	other	0
P007	242	Pulse	199	4690000	1622	NA
P007	242	Pulse	199	4700000	11622	NA
P007	243	Picture	fix	4708493	0	1	21457	1	0	next	other	0
P007	243	Pulse	199	4710000	1507	NA
P007	243	Pulse	199	4720000	11507	NA
P007	245	Picture	stim	4729950	0	1	25144	1	0	25000	incorrect	720
P007	245	Pulse	199	4730000	50	NA
P007	245	Pulse	199	4740000	10050	NA
P007	245	Response	32	4743985	14035	0
P007	245	Pulse	199	4750000	20050	NA
P007	246	Picture	fix2	4755095	0	1	16428	1	0	next	other	0
P007	246	Pulse	199	4760000	4905	NA
P007	246	Pulse	199	4770000	14905	NA
P007	247	Picture	feedback	4771522	0	1	20116	1	0	next	other	0
P007	247	Pulse	199	4780000	8478	NA
P007	247	Pulse	199	4790000	18478	NA
P007	248	Picture	fix	4791638	0	1	22127	1	0	next	other	0
P007	248	Pulse	199	4800000	8362	NA
P007	248	Pulse	199	4810000	18362	NA
P007	250	Picture	stim	4813765	0	1	25144	1	0	25000	hit	733
P007	250	Pulse	199	4820000	6235	NA
P007	250	Response	16	4829855	16090	0
P007	250	Pulse	199	4830000	16235	NA
P007	251	Picture	fix2	4838909	0	1	13243	1	0	next	other	0
P007	251	Pulse	199	4840000	1091	NA
P007	251	Pulse	199	4850000	11091	NA
P007	252	Picture	feedback	4852152	0	1	20116	1	0	next	other	0
P007	252	Pulse	199	4860000	7848	NA
P007	252	Pulse	199	4870000	17848	NA
P007	253	Picture	fix	4872268	0	1	26485	1	0	next	other	0
P007	253	Pulse	199	4880000	7732	NA
P007	253	Pulse	199	4890000	17732	NA
P007	255	Picture	stim	4898753	0	1	25144	1	0	25000	incorrect	747
P007	255	Pulse	199	4900000	1247	NA
P007	255	Pulse	199	4910000	11247	NA
P007	255	Response	32	4912835	14082	0
P007	255	Pulse	199	4920000	21247	NA
P007	256	Picture	fix2	4923898	0	1	29335	1	0	next	other	0
P007	256	Pulse	199	4930000	6102	NA
P007	256	Pulse	199	4940000	16102	NA
P007	256	Pulse	199	4950000	26102	NA
P007	257	Picture	feedback	4953233	0	1	20116	1	0	next	other	0
P007	257	Pulse	199	4960000	6767	NA
P007	257	Pulse	199	4970000	16767	NA
P007	258	Picture	fix	4973348	0	1	28832	1	0	next	other	0
P007	258	Pulse	199	4980000	6652	NA
P007	258	Pulse	199	4990000	16652	NA
P007	258	Pulse	199	5000000	26652	NA
P007	260	Picture	stim	5002181	0	1	25144	1	0	25000	hit	762
P007	260	Pulse	199	5010000	7819	NA
P007	260	Response	16	5017433	15253	0
P007	260	Pulse	199	5020000	17819	NA
P007	261	Picture	fix2	5027325	0	1	16428	1	0	next	other	0
P007	261	Pulse	199	5030000	2675	NA
P007	261	Pulse	199	5040000	12675	NA
P007	262	Picture	feedback	5043753	0	1	20115	1	0	next	other	0
P007	262	Pulse	199	5050000	6247	NA
P007	262	Pulse	199	5060000	16247	NA
P007	263	Picture	fix	5063868	0	1	28497	1	0	next	other	0
P007	263	Pulse	199	5070000	6132	NA
P007	263	Pulse	199	5080000	16132	NA
P007	263	Pulse	199	5090000	26132	NA
P007	265	Picture	stim	5092366	0	1	25144	1	0	25000	incorrect	776
P007	265	Pulse	199	5100000	7634	NA
P007	265	Response	32	5106889	14524	0
P007	265	Pulse	199	5110000	17634	NA
P007	266	Picture	fix2	5117510	0	1	11231	1	0	next	other	0
P007	266	Pulse	199	5120000	2490	NA
P007	267	Picture	feedback	5128741	0	1	20115	1	0	next	other	0
P007	267	Pulse	199	5130000	1259	NA
P007	267	Pulse	199	5140000	11259	NA
P007	268	Picture	100	5148857	0	1	80127	1	0	80000	other	0
P007	268	Pulse	199	5150000	1143	NA
P007	268	Pulse	199	5160000	11143	NA
P007	268	Pulse	199	5170000	21143	NA
P007	268	Pulse	199	5180000	31143	NA
P007	268	Pulse	199	5190000	41143	NA
P007	268	Pulse	199	5200000	51143	NA
P007	268	Pulse	199	5210000	61143	NA
P007	268	Pulse	199	5220000	71143	NA
