Scenario - 
Logfile written - 05/05/2021 17:26:51

Subject	Trial	Event Type	Code	Time	TTime	Uncertainty	Duration	Uncertainty	ReqTime	ReqDur	Stim Type	Pair Index

gpl012	1	Response	20	138163	137998	0
gpl012	2	Picture	start	138272	0	1	658532	1	0	next	other	0
gpl012	2	Response	20	155194	16922	0
gpl012	3	Pulse	199	796733	641539	0
gpl012	3	Picture	100	796804	641609	1	50070	1	0	50000	other	0
gpl012	3	Pulse	199	809234	654040	0
gpl012	3	Pulse	199	821733	666539	0
gpl012	3	Pulse	199	834233	679039	0
gpl012	3	Pulse	199	846734	691539	0
gpl012	4	Picture	90	847039	0	1	7129	1	0	7000	other	0
gpl012	5	Picture	40	854334	0	1	2155	1	0	1990	false_alarm	12
gpl012	5	Response	20	854383	49	0
gpl012	6	Picture	90	856655	0	1	7129	1	0	7000	other	0
gpl012	6	Pulse	199	859234	2579	0
gpl012	7	Picture	40	863950	0	1	2653	1	0	2490	other	0
gpl012	8	Picture	90	866768	0	1	7129	1	0	7000	other	0
gpl012	8	Pulse	199	871734	4965	0
gpl012	9	Picture	40	874063	0	1	2984	1	0	2860	other	0
gpl012	10	Picture	90	877213	0	1	7129	1	0	7000	other	0
gpl012	10	Pulse	199	884233	7020	0
gpl012	11	Picture	40	884508	0	1	3813	1	0	3660	other	0
gpl012	12	Picture	90	888487	0	1	7129	1	0	7000	other	0
gpl012	13	Picture	40	895782	0	1	2155	1	0	2140	other	0
gpl012	13	Pulse	199	896733	951	0
gpl012	14	Picture	90	898103	0	1	7129	1	0	7000	other	0
gpl012	15	Picture	40	905398	0	1	4476	1	0	4350	other	0
gpl012	15	Pulse	199	909233	3835	0
gpl012	16	Picture	90	910040	0	1	7129	1	0	7000	other	0
gpl012	17	Picture	40	917335	0	1	2819	1	0	2690	other	0
gpl012	18	Picture	90	920320	0	1	7129	1	0	7000	other	0
gpl012	18	Pulse	199	921734	1414	0
gpl012	19	Picture	40	927615	0	1	1824	1	0	1780	other	0
gpl012	20	Picture	90	929604	0	1	7129	1	0	7000	other	0
gpl012	20	Pulse	199	934233	4629	0
gpl012	21	Picture	40	936899	0	1	2155	1	0	2130	other	0
gpl012	22	Picture	90	939220	0	1	7129	1	0	7000	other	0
gpl012	23	Picture	40	946515	0	1	3482	1	0	3310	other	0
gpl012	23	Pulse	199	946734	218	0
gpl012	24	Picture	50	950163	0	1	30174	1	0	next	other	0
gpl012	24	Pulse	199	959234	9071	0
gpl012	24	Pulse	199	971733	21571	0
gpl012	25	Picture	60	980337	0	1	7129	1	0	7000	other	0
gpl012	25	Pulse	199	984234	3897	0
gpl012	26	Picture	40	987632	0	1	2155	1	0	2140	other	0
gpl012	27	Picture	60	989797	0	322	7119	322	0	7000	other	0
gpl012	27	Pulse	199	996734	6936	0
gpl012	28	Picture	40	997082	0	1	3482	1	0	3310	other	0
gpl012	29	Picture	60	1000730	0	1	7129	1	0	7000	other	0
gpl012	30	Picture	40	1008025	0	1	2984	1	0	2860	other	0
gpl012	30	Pulse	199	1009234	1209	0
gpl012	31	Picture	60	1011175	0	1	7129	1	0	7000	other	0
gpl012	32	Picture	40	1018469	0	1	3813	1	0	3660	other	0
gpl012	32	Pulse	199	1021733	3264	0
gpl012	33	Picture	60	1022449	0	1	7129	1	0	7000	other	0
gpl012	34	Picture	40	1029744	0	1	2818	1	0	2690	other	0
gpl012	35	Picture	65	1032728	0	1	7129	1	0	7000	hit	58
gpl012	35	Pulse	199	1034234	1506	0
gpl012	35	Response	25	1036623	3895	0
gpl012	36	Picture	40	1040023	0	1	2155	1	0	2130	other	0
gpl012	37	Picture	60	1042344	0	1	7129	1	0	7000	other	0
gpl012	37	Pulse	199	1046734	4390	0
gpl012	38	Picture	40	1049639	0	1	2155	1	0	1990	other	0
gpl012	39	Picture	60	1051960	0	1	7129	1	0	7000	other	0
gpl012	39	Pulse	199	1059234	7274	0
gpl012	40	Picture	40	1059255	0	1	4476	1	0	4350	other	0
gpl012	41	Picture	60	1063897	0	1	7129	1	0	7000	other	0
gpl012	42	Picture	40	1071192	0	1	2653	1	0	2490	other	0
gpl012	42	Pulse	199	1071733	541	0
gpl012	43	Picture	60	1074010	0	1	7129	1	0	7000	other	0
gpl012	44	Picture	40	1081305	0	1	1824	1	0	1780	other	0
gpl012	45	Picture	50	1083295	0	1	50070	1	0	next	other	0
gpl012	45	Pulse	199	1084234	939	0
gpl012	45	Pulse	199	1096734	13439	0
gpl012	45	Pulse	199	1109233	25939	0
gpl012	45	Pulse	199	1121733	38438	0
gpl012	46	Picture	70	1133364	0	1	7129	1	0	7000	other	0
gpl012	46	Pulse	199	1134234	869	0
gpl012	47	Picture	40	1140659	0	1	3813	1	0	3660	other	0
gpl012	48	Picture	70	1144638	0	1	7129	1	0	7000	other	0
gpl012	48	Pulse	199	1146734	2095	0
gpl012	49	Picture	40	1151933	0	1	2155	1	0	1990	other	0
gpl012	50	Picture	70	1154254	0	1	7129	1	0	7000	other	0
gpl012	50	Pulse	199	1159234	4980	0
gpl012	51	Picture	40	1161549	0	1	2819	1	0	2690	other	0
gpl012	52	Picture	70	1164534	0	1	7129	1	0	7000	other	0
gpl012	52	Pulse	199	1171733	7200	0
gpl012	53	Picture	40	1171829	0	1	4476	1	0	4350	other	0
gpl012	54	Picture	75	1176471	0	1	7129	1	0	7000	hit	89
gpl012	54	Response	25	1179674	3203	0
gpl012	55	Picture	40	1183766	0	1	2653	1	0	2490	other	0
gpl012	55	Pulse	199	1184234	468	0
gpl012	56	Picture	70	1186584	0	1	7129	1	0	7000	other	0
gpl012	57	Picture	40	1193879	0	1	3482	1	0	3310	other	0
gpl012	57	Pulse	199	1196734	2855	0
gpl012	58	Picture	70	1197526	0	2	7129	2	0	7000	other	0
gpl012	59	Picture	40	1204822	0	1	2155	1	0	2130	other	0
gpl012	60	Picture	70	1207143	0	1	7129	1	0	7000	other	0
gpl012	60	Pulse	199	1209234	2091	0
gpl012	61	Picture	40	1214438	0	1	2155	1	0	2140	other	0
gpl012	62	Picture	70	1216603	0	322	7119	322	0	7000	other	0
gpl012	62	Pulse	199	1221733	5130	0
gpl012	63	Picture	40	1223888	0	1	1824	1	0	1780	other	0
gpl012	64	Picture	70	1225877	0	1	7129	1	0	7000	other	0
gpl012	65	Picture	40	1233172	0	1	2984	1	0	2860	other	0
gpl012	65	Pulse	199	1234233	1061	0
gpl012	66	Picture	50	1236322	0	1	70131	1	0	next	other	0
gpl012	66	Pulse	199	1246733	10411	0
gpl012	66	Pulse	199	1259234	22911	0
gpl012	66	Pulse	199	1271733	35411	0
gpl012	66	Pulse	199	1284234	47912	0
gpl012	66	Pulse	199	1296734	60411	0
gpl012	67	Picture	80	1306453	0	1	7129	1	0	7000	other	0
gpl012	67	Pulse	199	1309234	2781	0
gpl012	68	Picture	40	1313748	0	1	2984	1	0	2860	other	0
gpl012	69	Picture	80	1316898	0	1	7129	1	0	7000	other	0
gpl012	69	Pulse	199	1321734	4836	0
gpl012	70	Picture	40	1324193	0	1	1824	1	0	1780	other	0
gpl012	71	Picture	85	1326182	0	1	7129	1	0	7000	hit	119
gpl012	71	Response	25	1330583	4401	0
gpl012	72	Picture	40	1333477	0	1	2155	1	0	2140	other	0
gpl012	72	Pulse	199	1334234	756	0
gpl012	73	Picture	80	1335798	0	1	7129	1	0	7000	other	0
gpl012	74	Picture	40	1343093	0	1	4476	1	0	4350	other	0
gpl012	74	Pulse	199	1346734	3640	0
gpl012	75	Picture	80	1347736	0	1	7129	1	0	7000	other	0
gpl012	76	Picture	40	1355031	0	1	2818	1	0	2690	other	0
gpl012	77	Picture	80	1358015	0	1	7129	1	0	7000	other	0
gpl012	77	Pulse	199	1359234	1219	0
gpl012	78	Picture	40	1365310	0	1	2155	1	0	2130	other	0
gpl012	79	Picture	80	1367631	0	1	7129	1	0	7000	other	0
gpl012	79	Pulse	199	1371734	4103	0
gpl012	80	Picture	40	1374926	0	1	2155	1	0	1990	other	0
gpl012	81	Picture	80	1377247	0	1	7129	1	0	7000	other	0
gpl012	81	Pulse	199	1384234	6987	0
gpl012	82	Picture	40	1384542	0	1	3482	1	0	3310	other	0
gpl012	83	Picture	85	1388189	0	1	7129	1	0	7000	hit	137
gpl012	83	Response	25	1393644	5454	0
gpl012	84	Picture	40	1395484	0	1	2653	1	0	2490	other	0
gpl012	84	Pulse	199	1396734	1250	0
gpl012	85	Picture	80	1398303	0	1	7129	1	0	7000	other	0
gpl012	86	Picture	40	1405598	0	1	3813	1	0	3660	other	0
gpl012	86	Pulse	199	1409234	3636	0
gpl012	87	Picture	50	1409577	0	1	90192	1	0	next	other	0
gpl012	87	Pulse	199	1421734	12157	0
gpl012	87	Pulse	199	1434234	24657	0
gpl012	87	Pulse	199	1446735	37158	0
gpl012	87	Pulse	199	1459234	49657	0
gpl012	87	Pulse	199	1471733	62157	0
gpl012	87	Pulse	199	1484234	74657	0
gpl012	87	Pulse	199	1496734	87158	0
gpl012	88	Picture	90	1499768	0	1	7129	1	0	7000	other	0
gpl012	89	Picture	40	1507063	0	1	3813	1	0	3660	other	0
gpl012	89	Pulse	199	1509234	2171	0
gpl012	90	Picture	90	1511042	0	1	7129	1	0	7000	other	0
gpl012	91	Picture	40	1518337	0	1	2819	1	0	2690	other	0
gpl012	92	Picture	90	1521321	0	1	7129	1	0	7000	other	0
gpl012	92	Pulse	199	1521734	413	0
gpl012	93	Picture	40	1528616	0	1	2155	1	0	2140	other	0
gpl012	94	Picture	90	1530782	0	322	7119	322	0	7000	other	0
gpl012	94	Pulse	199	1534234	3452	0
gpl012	95	Picture	40	1538067	0	1	1824	1	0	1780	other	0
gpl012	96	Picture	90	1540056	0	1	7129	1	0	7000	other	0
gpl012	96	Pulse	199	1546734	6678	0
gpl012	97	Picture	40	1547351	0	1	2155	1	0	2130	other	0
gpl012	98	Picture	90	1549672	0	1	7129	1	0	7000	other	0
gpl012	99	Picture	40	1556967	0	1	2984	1	0	2860	other	0
gpl012	99	Pulse	199	1559234	2267	0
gpl012	100	Picture	90	1560117	0	1	7129	1	0	7000	other	0
gpl012	101	Picture	40	1567412	0	1	3482	1	0	3310	other	0
gpl012	102	Picture	90	1571060	0	1	7129	1	0	7000	other	0
gpl012	102	Pulse	199	1571743	684	0
gpl012	103	Picture	40	1578354	0	1	4476	1	0	4350	other	0
gpl012	104	Picture	95	1582997	0	1	7129	1	0	7000	hit	175
gpl012	104	Pulse	199	1584244	1248	0
gpl012	104	Response	25	1585783	2787	0
gpl012	105	Picture	40	1590292	0	1	2653	1	0	2490	other	0
gpl012	106	Picture	90	1593110	0	1	7129	1	0	7000	other	0
gpl012	106	Pulse	199	1596744	3634	0
gpl012	107	Picture	40	1600405	0	1	2155	1	0	1990	other	0
gpl012	108	Picture	50	1602726	0	1	90192	1	0	next	other	0
gpl012	108	Pulse	199	1609244	6518	0
gpl012	108	Pulse	199	1621744	19018	0
gpl012	108	Pulse	199	1634244	31518	0
gpl012	108	Pulse	199	1646744	44018	0
gpl012	108	Pulse	199	1659244	56518	0
gpl012	108	Pulse	199	1671744	69018	0
gpl012	108	Pulse	199	1684244	81518	0
gpl012	109	Picture	60	1692918	0	1	7129	1	0	7000	other	0
gpl012	109	Pulse	199	1696743	3826	0
gpl012	110	Picture	40	1700213	0	1	2155	1	0	1990	other	0
gpl012	111	Picture	60	1702534	0	1	7129	1	0	7000	other	0
gpl012	111	Pulse	199	1709244	6710	0
gpl012	112	Picture	40	1709829	0	1	4476	1	0	4350	other	0
gpl012	113	Picture	60	1714471	0	1	7129	1	0	7000	other	0
gpl012	113	Pulse	199	1721744	7273	0
gpl012	114	Picture	40	1721766	0	1	3813	1	0	3660	other	0
gpl012	115	Picture	60	1725745	0	1	7129	1	0	7000	other	0
gpl012	116	Picture	40	1733040	0	1	2653	1	0	2490	other	0
gpl012	116	Pulse	199	1734244	1204	0
gpl012	117	Picture	60	1735858	0	1	7129	1	0	7000	other	0
gpl012	118	Picture	40	1743153	0	1	1824	1	0	1780	other	0
gpl012	119	Picture	65	1745143	0	1	7129	1	0	7000	hit	204
gpl012	119	Pulse	199	1746744	1601	0
gpl012	119	Response	25	1748254	3111	0
gpl012	120	Picture	40	1752438	0	1	2984	1	0	2860	other	0
gpl012	121	Picture	60	1755588	0	1	7129	1	0	7000	other	0
gpl012	121	Pulse	199	1759244	3656	0
gpl012	122	Picture	40	1762883	0	1	2155	1	0	2130	other	0
gpl012	123	Picture	60	1765204	0	1	7129	1	0	7000	other	0
gpl012	123	Pulse	199	1771745	6541	0
gpl012	124	Picture	40	1772499	0	1	2819	1	0	2690	other	0
gpl012	125	Picture	60	1775483	0	1	7129	1	0	7000	other	0
gpl012	126	Picture	40	1782778	0	1	3482	1	0	3310	other	0
gpl012	126	Pulse	199	1784244	1466	0
gpl012	127	Picture	60	1786425	0	1	7129	1	0	7000	other	0
gpl012	128	Picture	40	1793720	0	1	2155	1	0	2140	other	0
gpl012	129	Picture	50	1795886	0	322	70121	322	0	next	other	0
gpl012	129	Pulse	199	1796744	858	0
gpl012	129	Pulse	199	1809244	13358	0
gpl012	129	Pulse	199	1821744	25858	0
gpl012	129	Pulse	199	1834244	38358	0
gpl012	129	Pulse	199	1846744	50858	0
gpl012	129	Pulse	199	1859244	63358	0
gpl012	130	Picture	70	1866006	0	1	7129	1	0	7000	other	0
gpl012	130	Pulse	199	1871744	5738	0
gpl012	131	Picture	40	1873301	0	1	2818	1	0	2690	other	0
gpl012	132	Picture	70	1876285	0	1	7129	1	0	7000	other	0
gpl012	133	Picture	40	1883580	0	1	2653	1	0	2490	other	0
gpl012	133	Pulse	199	1884244	664	0
gpl012	134	Picture	70	1886399	0	1	7129	1	0	7000	other	0
gpl012	135	Picture	40	1893694	0	1	2155	1	0	2140	other	0
gpl012	136	Picture	75	1896015	0	1	7129	1	0	7000	hit	234
gpl012	136	Pulse	199	1896744	729	0
gpl012	136	Response	25	1900694	4679	0
gpl012	137	Picture	40	1903310	0	1	4476	1	0	4350	other	0
gpl012	138	Picture	70	1907952	0	1	7129	1	0	7000	other	0
gpl012	138	Pulse	199	1909244	1292	0
gpl012	139	Picture	40	1915247	0	1	2984	1	0	2860	other	0
gpl012	140	Picture	70	1918397	0	1	7129	1	0	7000	other	0
gpl012	140	Pulse	199	1921744	3347	0
gpl012	141	Picture	40	1925692	0	1	3813	1	0	3660	other	0
gpl012	142	Picture	75	1929671	0	1	7129	1	0	7000	hit	243
gpl012	142	Response	25	1933574	3903	0
gpl012	142	Pulse	199	1934244	4573	0
gpl012	143	Picture	40	1936966	0	1	2155	1	0	2130	other	0
gpl012	144	Picture	70	1939287	0	1	7129	1	0	7000	other	0
gpl012	145	Picture	40	1946582	0	1	2155	1	0	1990	other	0
gpl012	145	Pulse	199	1946744	162	0
gpl012	146	Picture	70	1948903	0	1	7129	1	0	7000	other	0
gpl012	147	Picture	40	1956198	0	1	3482	1	0	3310	other	0
gpl012	147	Pulse	199	1959244	3046	0
gpl012	148	Picture	70	1959845	0	1	7129	1	0	7000	other	0
gpl012	149	Picture	40	1967140	0	1	1824	1	0	1780	other	0
gpl012	150	Picture	50	1969130	0	1	50070	1	0	next	other	0
gpl012	150	Pulse	199	1971744	2614	0
gpl012	150	Pulse	199	1984244	15114	0
gpl012	150	Pulse	199	1996744	27614	0
gpl012	150	Pulse	199	2009244	40114	0
gpl012	151	Picture	80	2019199	0	1	7129	1	0	7000	other	0
gpl012	151	Pulse	199	2021744	2544	0
gpl012	152	Picture	40	2026494	0	1	3482	1	0	3310	other	0
gpl012	153	Picture	80	2030142	0	1	7129	1	0	7000	other	0
gpl012	153	Pulse	199	2034244	4102	0
gpl012	154	Picture	40	2037437	0	1	2984	1	0	2860	other	0
gpl012	155	Picture	80	2040587	0	1	7129	1	0	7000	other	0
gpl012	155	Pulse	199	2046744	6157	0
gpl012	156	Picture	40	2047881	0	1	2156	2	0	1990	other	0
gpl012	157	Picture	80	2050203	0	1	7129	1	0	7000	other	0
gpl012	158	Picture	40	2057498	0	1	1824	1	0	1780	other	0
gpl012	158	Pulse	199	2059244	1747	0
gpl012	159	Picture	80	2059487	0	1	7129	1	0	7000	other	0
gpl012	160	Picture	40	2066782	0	1	2818	1	0	2690	other	0
gpl012	161	Picture	80	2069767	0	1	7129	1	0	7000	other	0
gpl012	161	Pulse	199	2071745	1978	0
gpl012	162	Picture	40	2077061	0	1	3813	1	0	3660	other	0
gpl012	163	Picture	80	2081040	0	1	7129	1	0	7000	other	0
gpl012	163	Pulse	199	2084244	3204	0
gpl012	164	Picture	40	2088335	0	1	2155	1	0	2140	other	0
gpl012	165	Picture	80	2090656	0	1	7129	1	0	7000	other	0
gpl012	165	Pulse	199	2096745	6088	0
gpl012	166	Picture	40	2097951	0	1	4476	1	0	4350	other	0
gpl012	167	Picture	80	2102594	0	1	7129	1	0	7000	other	0
gpl012	167	Pulse	199	2109244	6651	0
gpl012	168	Picture	40	2109889	0	1	2155	1	0	2130	other	0
gpl012	169	Picture	80	2112210	0	1	7129	1	0	7000	other	0
gpl012	170	Picture	40	2119505	0	1	2653	1	0	2490	other	0
gpl012	170	Pulse	199	2121744	2240	0
gpl012	171	Picture	50	2122323	0	1	30174	1	0	next	other	0
gpl012	171	Pulse	199	2134244	11921	0
gpl012	171	Pulse	199	2146744	24421	0
gpl012	172	Picture	90	2152497	0	1	7129	1	0	7000	other	0
gpl012	172	Pulse	199	2159244	6747	0
gpl012	173	Picture	40	2159792	0	1	3482	1	0	3310	other	0
gpl012	174	Picture	90	2163440	0	1	7129	1	0	7000	other	0
gpl012	175	Picture	40	2170735	0	1	1824	1	0	1780	other	0
gpl012	175	Pulse	199	2171745	1010	0
gpl012	176	Picture	90	2172724	0	1	7129	1	0	7000	other	0
gpl012	177	Picture	40	2180019	0	1	2155	1	0	1990	other	0
gpl012	178	Picture	90	2182340	0	1	7129	1	0	7000	other	0
gpl012	178	Pulse	199	2184244	1904	0
gpl012	179	Picture	40	2189635	0	1	2818	1	0	2690	other	0
gpl012	180	Picture	90	2192620	0	1	7129	1	0	7000	other	0
gpl012	180	Pulse	199	2196744	4125	0
gpl012	181	Picture	40	2199914	0	1	2155	1	0	2130	other	0
gpl012	182	Picture	90	2202236	0	1	7129	1	0	7000	other	0
gpl012	182	Pulse	199	2209236	7000	9
gpl012	183	Picture	40	2209530	0	1	2653	1	0	2490	other	0
gpl012	184	Picture	90	2212349	0	1	7129	1	0	7000	other	0
gpl012	185	Picture	40	2219644	0	1	3813	1	0	3660	other	0
gpl012	185	Pulse	199	2221745	2101	0
gpl012	186	Picture	90	2223623	0	1	7129	1	0	7000	other	0
gpl012	187	Picture	40	2230918	0	1	2984	1	0	2860	other	0
gpl012	188	Picture	90	2234068	0	1	7129	1	0	7000	other	0
gpl012	188	Pulse	199	2234244	176	0
gpl012	189	Picture	40	2241363	0	1	2155	1	0	2140	other	0
gpl012	190	Picture	95	2243684	0	1	7129	1	0	7000	hit	318
gpl012	190	Pulse	199	2246744	3060	0
gpl012	190	Response	25	2247624	3940	0
gpl012	191	Picture	40	2250979	0	1	4476	1	0	4350	other	0
gpl012	192	Picture	50	2255621	0	1	70131	1	0	next	other	0
gpl012	192	Pulse	199	2259244	3623	0
gpl012	192	Pulse	199	2271744	16123	0
gpl012	192	Pulse	199	2284244	28623	0
gpl012	192	Pulse	199	2296744	41123	0
gpl012	192	Pulse	199	2309244	53623	0
gpl012	192	Pulse	199	2321744	66123	0
gpl012	193	Picture	60	2325752	0	1	7129	1	0	7000	other	0
gpl012	194	Picture	40	2333047	0	1	2819	1	0	2690	other	0
gpl012	194	Pulse	199	2334244	1198	0
gpl012	195	Picture	60	2336031	0	1	7129	1	0	7000	other	0
gpl012	196	Picture	40	2343326	0	1	1824	1	0	1780	other	0
gpl012	197	Picture	60	2345315	0	1	7129	1	0	7000	other	0
gpl012	197	Pulse	199	2346744	1429	0
gpl012	198	Picture	40	2352610	0	1	4476	1	0	4350	other	0
gpl012	199	Picture	65	2357253	0	1	7129	1	0	7000	hit	337
gpl012	199	Pulse	199	2359244	1992	0
gpl012	199	Response	25	2362244	4992	0
gpl012	200	Picture	40	2364547	0	1	2984	1	0	2860	other	0
gpl012	201	Picture	60	2367698	0	1	7129	1	0	7000	other	0
gpl012	201	Pulse	199	2371745	4048	0
gpl012	202	Picture	40	2374992	0	1	2155	1	0	2130	other	0
gpl012	203	Picture	65	2377314	0	1	7129	1	0	7000	hit	343
gpl012	203	Response	25	2381204	3891	0
gpl012	203	Pulse	199	2384244	6931	0
gpl012	204	Picture	40	2384608	0	1	3482	1	0	3310	other	0
gpl012	205	Picture	60	2388256	0	1	7129	1	0	7000	other	0
gpl012	206	Picture	40	2395551	0	1	2155	1	0	1990	other	0
gpl012	206	Pulse	199	2396745	1194	0
gpl012	207	Picture	60	2397872	0	1	7129	1	0	7000	other	0
gpl012	208	Picture	40	2405167	0	1	3813	1	0	3660	other	0
gpl012	209	Picture	60	2409146	0	1	7129	1	0	7000	other	0
gpl012	209	Pulse	199	2409244	98	0
gpl012	210	Picture	40	2416441	0	1	2653	1	0	2490	other	0
gpl012	211	Picture	60	2419259	0	1	7129	1	0	7000	other	0
gpl012	211	Pulse	199	2421744	2485	0
gpl012	212	Picture	40	2426554	0	1	2155	1	0	2140	other	0
gpl012	213	Picture	50	2428875	0	1	30174	1	0	next	other	0
gpl012	213	Pulse	199	2434244	5369	0
gpl012	213	Pulse	199	2446744	17869	0
gpl012	214	Picture	70	2459050	0	1	7129	1	0	7000	other	0
gpl012	214	Pulse	199	2459244	194	0
gpl012	215	Picture	40	2466345	0	1	2653	1	0	2490	other	0
gpl012	216	Picture	70	2469163	0	1	7129	1	0	7000	other	0
gpl012	216	Pulse	199	2471744	2581	0
gpl012	217	Picture	40	2476458	0	1	4476	1	0	4350	other	0
gpl012	218	Picture	70	2481100	0	1	7129	1	0	7000	other	0
gpl012	218	Pulse	199	2484244	3144	0
gpl012	219	Picture	40	2488395	0	1	2155	1	0	1990	other	0
gpl012	220	Picture	70	2490716	0	1	7129	1	0	7000	other	0
gpl012	220	Pulse	199	2496744	6028	0
gpl012	221	Picture	40	2498011	0	1	2984	1	0	2860	other	0
gpl012	222	Picture	70	2501161	0	1	7129	1	0	7000	other	0
gpl012	223	Picture	40	2508456	0	1	2155	1	0	2140	other	0
gpl012	223	Pulse	199	2509244	788	0
gpl012	224	Picture	70	2510622	0	156	7119	157	0	7000	other	0
gpl012	225	Picture	40	2517906	0	1	2818	1	0	2690	other	0
gpl012	226	Picture	70	2520891	0	1	7129	1	0	7000	other	0
gpl012	226	Pulse	199	2521744	853	0
gpl012	227	Picture	40	2528186	0	1	2155	1	0	2130	other	0
gpl012	228	Picture	70	2530507	0	1	7129	1	0	7000	other	0
gpl012	228	Pulse	199	2534244	3737	0
gpl012	229	Picture	40	2537802	0	1	1824	1	0	1780	other	0
gpl012	230	Picture	70	2539791	0	1	7129	1	0	7000	other	0
gpl012	230	Pulse	199	2546744	6953	0
gpl012	231	Picture	40	2547086	0	1	3813	1	0	3660	other	0
gpl012	232	Picture	70	2551065	0	1	7129	1	0	7000	other	0
gpl012	233	Picture	40	2558360	0	1	3482	1	0	3310	other	0
gpl012	233	Pulse	199	2559244	884	0
gpl012	234	Picture	50	2562008	0	1	90192	1	0	next	other	0
gpl012	234	Pulse	199	2571744	9736	0
gpl012	234	Pulse	199	2584244	22236	0
gpl012	234	Pulse	199	2596744	34736	0
gpl012	234	Pulse	199	2609244	47237	0
gpl012	234	Pulse	199	2621744	59737	0
gpl012	234	Pulse	199	2634245	72237	0
gpl012	234	Pulse	199	2646744	84737	0
gpl012	235	Picture	80	2652199	0	1	7129	1	0	7000	other	0
gpl012	235	Pulse	199	2659245	7046	0
gpl012	236	Picture	40	2659494	0	1	4476	1	0	4350	other	0
gpl012	237	Picture	80	2664136	0	1	7129	1	0	7000	other	0
gpl012	238	Picture	40	2671431	0	1	2819	1	0	2690	other	0
gpl012	238	Pulse	199	2671745	313	0
gpl012	239	Picture	85	2674416	0	1	7129	1	0	7000	hit	404
gpl012	239	Response	25	2678555	4139	0
gpl012	240	Picture	40	2681710	0	1	1824	1	0	1780	other	0
gpl012	241	Picture	80	2683700	0	1	7129	1	0	7000	other	0
gpl012	241	Pulse	199	2684244	544	0
gpl012	242	Picture	40	2690995	0	1	2653	1	0	2490	other	0
gpl012	243	Picture	80	2693813	0	1	7129	1	0	7000	other	0
gpl012	243	Pulse	199	2696744	2931	0
gpl012	244	Picture	40	2701108	0	1	2984	1	0	2860	other	0
gpl012	245	Picture	80	2704258	0	1	7129	1	0	7000	other	0
gpl012	245	Pulse	199	2709244	4986	0
gpl012	246	Picture	40	2711553	0	1	2155	1	0	2140	other	0
gpl012	247	Picture	80	2713719	0	322	7119	322	0	7000	other	0
gpl012	248	Picture	40	2721004	0	1	2155	1	0	2130	other	0
gpl012	248	Pulse	199	2721745	741	0
gpl012	249	Picture	80	2723325	0	1	7129	1	0	7000	other	0
gpl012	250	Picture	40	2730620	0	1	3482	1	0	3310	other	0
gpl012	250	Pulse	199	2734245	3625	0
gpl012	251	Picture	80	2734267	0	1	7129	1	0	7000	other	0
gpl012	252	Picture	40	2741562	0	1	2155	1	0	1990	other	0
gpl012	253	Picture	80	2743883	0	1	7129	1	0	7000	other	0
gpl012	253	Pulse	199	2746745	2862	0
gpl012	254	Picture	40	2751178	0	1	3813	1	0	3660	other	0
gpl012	255	Picture	50	2755157	0	1	50070	1	0	next	other	0
gpl012	255	Pulse	199	2759245	4088	0
gpl012	255	Pulse	199	2771745	16588	0
gpl012	255	Pulse	199	2784245	29088	0
gpl012	255	Pulse	199	2796744	41587	0
gpl012	256	Picture	90	2805227	0	1	7129	1	0	7000	other	0
gpl012	256	Pulse	199	2809244	4018	0
gpl012	257	Picture	40	2812522	0	1	1824	1	0	1780	other	0
gpl012	258	Picture	90	2814511	0	1	7129	1	0	7000	other	0
gpl012	258	Pulse	199	2821745	7234	0
gpl012	259	Picture	40	2821806	0	1	2819	1	0	2690	other	0
gpl012	260	Picture	90	2824790	0	1	7129	1	0	7000	other	0
gpl012	261	Picture	40	2832085	0	1	4476	1	0	4350	other	0
gpl012	261	Pulse	199	2834245	2160	0
gpl012	262	Picture	95	2836727	0	1	7129	1	0	7000	hit	441
gpl012	262	Response	25	2839894	3167	0
gpl012	263	Picture	40	2844022	0	1	2155	1	0	2130	other	0
gpl012	264	Picture	90	2846343	0	1	7129	1	0	7000	other	0
gpl012	264	Pulse	199	2846745	402	0
gpl012	265	Picture	40	2853638	0	1	3813	1	0	3660	other	0
gpl012	266	Picture	90	2857617	0	1	7129	1	0	7000	other	0
gpl012	266	Pulse	199	2859245	1628	0
gpl012	267	Picture	40	2864912	0	1	2984	1	0	2860	other	0
gpl012	268	Picture	95	2868062	0	1	7129	1	0	7000	hit	451
gpl012	268	Pulse	199	2871744	3682	0
gpl012	268	Response	25	2872824	4762	0
gpl012	269	Picture	40	2875357	0	1	2155	1	0	1990	other	0
gpl012	270	Picture	90	2877678	0	1	7129	1	0	7000	other	0
gpl012	270	Pulse	199	2884245	6566	0
gpl012	271	Picture	40	2884973	0	1	2155	1	0	2140	other	0
gpl012	272	Picture	90	2887295	0	1	7129	1	0	7000	other	0
gpl012	273	Picture	40	2894589	0	1	2653	1	0	2490	other	0
gpl012	273	Pulse	199	2896745	2155	0
gpl012	274	Picture	90	2897408	0	1	7129	1	0	7000	other	0
gpl012	275	Picture	40	2904703	0	1	3482	1	0	3310	other	0
gpl012	276	Picture	50	2908350	0	1	50070	1	0	next	other	0
gpl012	276	Pulse	199	2909245	894	0
gpl012	276	Pulse	199	2921744	13394	0
gpl012	276	Pulse	199	2934244	25894	0
gpl012	276	Pulse	199	2946744	38394	0
gpl012	277	Picture	60	2958420	0	1	7129	1	0	7000	other	0
gpl012	277	Pulse	199	2959245	825	0
gpl012	278	Picture	40	2965715	0	1	3813	1	0	3660	other	0
gpl012	279	Picture	60	2969694	0	1	7129	1	0	7000	other	0
gpl012	279	Pulse	199	2971745	2051	0
gpl012	280	Picture	40	2976989	0	1	1824	1	0	1780	other	0
gpl012	281	Picture	60	2978978	0	1	7129	1	0	7000	other	0
gpl012	281	Pulse	199	2984245	5267	0
gpl012	282	Picture	40	2986273	0	1	2155	1	0	2140	other	0
gpl012	283	Picture	60	2988439	0	322	7119	322	0	7000	other	0
gpl012	284	Picture	40	2995723	0	1	3482	1	0	3310	other	0
gpl012	284	Pulse	199	2996745	1021	0
gpl012	285	Picture	60	2999371	0	1	7129	1	0	7000	other	0
gpl012	286	Picture	40	3006666	0	1	2818	1	0	2690	other	0
gpl012	286	Pulse	199	3009245	2579	0
gpl012	287	Picture	60	3009650	0	1	7129	1	0	7000	other	0
gpl012	288	Picture	40	3016945	0	1	2984	1	0	2860	other	0
gpl012	289	Picture	60	3020095	0	1	7129	1	0	7000	other	0
gpl012	289	Pulse	199	3021744	1649	0
gpl012	290	Picture	40	3027390	0	1	2155	1	0	2130	other	0
gpl012	291	Picture	60	3029711	0	1	7129	2	0	7000	other	0
gpl012	291	Pulse	199	3034244	4534	0
gpl012	292	Picture	40	3037006	0	1	2653	1	0	2490	other	0
gpl012	293	Picture	60	3039825	0	1	7129	1	0	7000	other	0
gpl012	293	Pulse	199	3046745	6921	0
gpl012	294	Picture	40	3047119	0	1	2155	1	0	1990	other	0
gpl012	295	Picture	60	3049441	0	1	7129	1	0	7000	other	0
gpl012	296	Picture	40	3056735	0	1	4476	1	0	4350	other	0
gpl012	296	Pulse	199	3059245	2509	0
gpl012	297	Picture	50	3061378	0	1	90192	1	0	next	other	0
gpl012	297	Pulse	199	3071745	10367	0
gpl012	297	Pulse	199	3084245	22867	0
gpl012	297	Pulse	199	3096745	35367	0
gpl012	297	Pulse	199	3109245	47867	0
gpl012	297	Pulse	199	3121745	60367	0
gpl012	297	Pulse	199	3134244	72867	0
gpl012	297	Pulse	199	3146744	85367	0
gpl012	298	Picture	70	3151569	0	1	7129	1	0	7000	other	0
gpl012	299	Picture	40	3158864	0	1	2155	1	0	2130	other	0
gpl012	299	Pulse	199	3159245	381	0
gpl012	300	Picture	70	3161185	0	1	7129	1	0	7000	other	0
gpl012	301	Picture	40	3168480	0	1	1824	1	0	1780	other	0
gpl012	302	Picture	70	3170470	0	1	7129	1	0	7000	other	0
gpl012	302	Pulse	199	3171745	1275	0
gpl012	303	Picture	40	3177765	0	1	3482	1	0	3310	other	0
gpl012	304	Picture	70	3181412	0	1	7129	1	0	7000	other	0
gpl012	304	Pulse	199	3184245	2833	0
gpl012	305	Picture	40	3188707	0	1	2155	1	0	2140	other	0
gpl012	306	Picture	70	3190872	0	322	7119	322	0	7000	other	0
gpl012	306	Pulse	199	3196745	5873	0
gpl012	307	Picture	40	3198157	0	1	2819	1	0	2690	other	0
gpl012	308	Picture	70	3201142	0	1	7129	1	0	7000	other	0
gpl012	309	Picture	40	3208437	0	1	4476	1	0	4350	other	0
gpl012	309	Pulse	199	3209245	808	0
gpl012	310	Picture	70	3213079	0	1	7129	1	0	7000	other	0
gpl012	311	Picture	40	3220374	0	1	3813	1	0	3660	other	0
gpl012	311	Pulse	199	3221745	1371	0
gpl012	312	Picture	70	3224353	0	1	7129	1	0	7000	other	0
gpl012	313	Picture	40	3231648	0	1	2984	1	0	2860	other	0
gpl012	313	Pulse	199	3234245	2597	0
gpl012	314	Picture	75	3234798	0	1	7129	1	0	7000	hit	527
gpl012	314	Response	25	3237985	3187	0
gpl012	315	Picture	40	3242093	0	1	2653	1	0	2490	other	0
gpl012	316	Picture	70	3244911	0	1	7129	1	0	7000	other	0
gpl012	316	Pulse	199	3246745	1834	0
gpl012	317	Picture	40	3252206	0	1	2155	1	0	1990	other	0
gpl012	318	Picture	50	3254527	0	1	30174	1	0	next	other	0
gpl012	318	Pulse	199	3259245	4718	0
gpl012	318	Pulse	199	3271745	17218	0
gpl012	318	Pulse	199	3284245	29718	0
gpl012	319	Picture	80	3284702	0	1	7129	1	0	7000	other	0
gpl012	320	Picture	40	3291997	0	1	2984	1	0	2860	other	0
gpl012	321	Picture	80	3295147	0	1	7129	1	0	7000	other	0
gpl012	321	Pulse	199	3296745	1598	0
gpl012	322	Picture	40	3302441	0	1	3482	1	0	3310	other	0
gpl012	323	Picture	80	3306089	0	1	7129	1	0	7000	other	0
gpl012	323	Pulse	199	3309245	3156	0
gpl012	324	Picture	40	3313384	0	1	2818	1	0	2690	other	0
gpl012	325	Picture	85	3316368	0	1	7129	1	0	7000	hit	545
gpl012	325	Response	25	3320165	3797	0
gpl012	325	Pulse	199	3321755	5387	0
gpl012	326	Picture	40	3323663	0	1	1824	1	0	1780	other	0
gpl012	327	Picture	80	3325653	0	1	7129	1	0	7000	other	0
gpl012	328	Picture	40	3332948	0	1	2155	1	0	2140	other	0
gpl012	328	Pulse	199	3334256	1308	0
gpl012	329	Picture	80	3335113	0	322	7119	322	0	7000	other	0
gpl012	330	Picture	40	3342398	0	1	2155	1	0	1990	other	0
gpl012	331	Picture	80	3344719	0	1	7129	1	0	7000	other	0
gpl012	331	Pulse	199	3346755	2036	0
gpl012	332	Picture	40	3352014	0	1	2653	1	0	2490	other	0
gpl012	333	Picture	80	3354832	0	1	7129	1	0	7000	other	0
gpl012	333	Pulse	199	3359255	4422	0
gpl012	334	Picture	40	3362127	0	1	2155	1	0	2130	other	0
gpl012	335	Picture	80	3364448	0	1	7129	1	0	7000	other	0
gpl012	336	Picture	40	3371743	0	1	4476	1	0	4350	other	0
gpl012	336	Pulse	199	3371755	12	0
gpl012	337	Picture	80	3376385	0	1	7129	1	0	7000	other	0
gpl012	338	Picture	40	3383680	0	1	3813	1	0	3660	other	0
gpl012	338	Pulse	199	3384256	575	0
gpl012	339	Picture	50	3387659	0	1	70131	1	0	next	other	0
gpl012	339	Pulse	199	3396755	9096	0
gpl012	339	Pulse	199	3409255	21596	0
gpl012	339	Pulse	199	3421755	34096	0
gpl012	339	Pulse	199	3434255	46596	0
gpl012	339	Pulse	199	3446755	59096	0
gpl012	340	Picture	90	3457790	0	1	7129	1	0	7000	other	0
gpl012	340	Pulse	199	3459255	1465	0
gpl012	341	Picture	40	3465085	0	1	2984	1	0	2860	other	0
gpl012	342	Picture	90	3468235	0	1	7129	1	0	7000	other	0
gpl012	342	Pulse	199	3471755	3520	0
gpl012	343	Picture	40	3475530	0	1	2155	1	0	1990	other	0
gpl012	344	Picture	90	3477851	0	1	7129	1	0	7000	other	0
gpl012	344	Pulse	199	3484255	6404	0
gpl012	345	Picture	40	3485146	0	1	3813	1	0	3660	other	0
gpl012	346	Picture	90	3489125	0	1	7129	1	0	7000	other	0
gpl012	347	Picture	40	3496420	0	1	1824	1	0	1780	other	0
gpl012	347	Pulse	199	3496755	336	0
gpl012	348	Picture	90	3498410	0	1	7129	1	0	7000	other	0
gpl012	349	Picture	40	3505704	0	1	2155	1	0	2140	other	0
gpl012	350	Picture	95	3508026	0	1	7129	1	0	7000	hit	587
gpl012	350	Pulse	199	3509255	1230	0
gpl012	350	Response	25	3513035	5009	0
gpl012	351	Picture	40	3515320	0	1	3482	1	0	3310	other	0
gpl012	352	Picture	90	3518968	0	1	7129	1	0	7000	other	0
gpl012	352	Pulse	199	3521755	2787	0
gpl012	353	Picture	40	3526263	0	1	2818	1	0	2690	other	0
gpl012	354	Picture	90	3529247	0	1	7129	1	0	7000	other	0
gpl012	354	Pulse	199	3534255	5008	0
gpl012	355	Picture	40	3536542	0	1	2653	1	0	2490	other	0
gpl012	356	Picture	90	3539361	0	1	7129	1	0	7000	other	0
gpl012	357	Picture	40	3546655	0	1	4476	1	0	4350	other	0
gpl012	357	Pulse	199	3546755	100	0
gpl012	358	Picture	90	3551298	0	1	7129	1	0	7000	other	0
gpl012	359	Picture	40	3558593	0	1	2155	1	0	2130	other	0
gpl012	359	Pulse	199	3559255	663	0
gpl012	360	Picture	50	3560914	0	1	90192	1	0	next	other	0
gpl012	360	Pulse	199	3571755	10841	0
gpl012	360	Pulse	199	3584255	23341	0
gpl012	360	Pulse	199	3596754	35841	0
gpl012	360	Pulse	199	3609255	48342	0
gpl012	360	Pulse	199	3621755	60841	0
gpl012	360	Pulse	199	3634255	73341	0
gpl012	360	Pulse	199	3646755	85841	0
gpl012	361	Picture	60	3651105	0	1	7129	1	0	7000	other	0
gpl012	362	Picture	40	3658400	0	1	2819	1	0	2690	other	0
gpl012	362	Pulse	199	3659255	855	0
gpl012	363	Picture	60	3661385	0	1	7129	1	0	7000	other	0
gpl012	364	Picture	40	3668679	0	1	2155	1	0	2140	other	0
gpl012	365	Picture	60	3671001	0	1	7129	1	0	7000	other	0
gpl012	365	Pulse	199	3671755	755	0
gpl012	366	Picture	40	3678295	0	1	2653	1	0	2490	other	0
gpl012	367	Picture	60	3681114	0	1	7129	1	0	7000	other	0
gpl012	367	Pulse	199	3684255	3141	0
gpl012	368	Picture	40	3688409	0	1	2984	1	0	2860	other	0
gpl012	369	Picture	65	3691559	0	1	7129	1	0	7000	hit	621
gpl012	369	Response	25	3694886	3327	0
gpl012	369	Pulse	199	3696755	5196	0
gpl012	370	Picture	40	3698854	0	1	1824	1	0	1780	other	0
gpl012	371	Picture	60	3700843	0	1	7129	1	0	7000	other	0
gpl012	372	Picture	40	3708138	0	1	2155	1	0	1990	other	0
gpl012	372	Pulse	199	3709255	1116	0
gpl012	373	Picture	65	3710459	0	1	7129	1	0	7000	hit	628
gpl012	373	Response	25	3715275	4815	0
gpl012	374	Picture	40	3717754	0	1	2155	1	0	2130	other	0
gpl012	375	Picture	60	3720075	0	1	7129	1	0	7000	other	0
gpl012	375	Pulse	199	3721755	1680	0
gpl012	376	Picture	40	3727370	0	1	3813	1	0	3660	other	0
gpl012	377	Picture	60	3731349	0	1	7129	1	0	7000	other	0
gpl012	377	Pulse	199	3734255	2906	0
gpl012	378	Picture	40	3738644	0	1	3482	1	0	3310	other	0
gpl012	379	Picture	60	3742292	0	1	7129	1	0	7000	other	0
gpl012	379	Pulse	199	3746755	4463	0
gpl012	380	Picture	40	3749587	0	1	4476	1	0	4350	other	0
gpl012	381	Picture	50	3754229	0	1	30174	1	0	next	other	0
gpl012	381	Pulse	199	3759255	5026	0
gpl012	381	Pulse	199	3771755	17526	0
gpl012	381	Pulse	199	3784251	30022	5
gpl012	382	Picture	70	3784403	0	1	7129	1	0	7000	other	0
gpl012	383	Picture	40	3791698	0	1	2984	1	0	2860	other	0
gpl012	384	Picture	70	3794848	0	1	7129	1	0	7000	other	0
gpl012	384	Pulse	199	3796755	1906	0
gpl012	385	Picture	40	3802143	0	1	2155	1	0	2140	other	0
gpl012	386	Picture	70	3804309	0	322	7119	322	0	7000	other	0
gpl012	386	Pulse	199	3809255	4946	0
gpl012	387	Picture	40	3811593	0	1	1824	1	0	1780	other	0
gpl012	388	Picture	70	3813583	0	1	7129	1	0	7000	other	0
gpl012	389	Picture	40	3820878	0	1	4477	1	0	4350	other	0
gpl012	389	Pulse	199	3821755	878	0
gpl012	390	Picture	70	3825520	0	1	7129	1	0	7000	other	0
gpl012	391	Picture	40	3832815	0	1	2653	1	0	2490	other	0
gpl012	391	Pulse	199	3834256	1441	0
gpl012	392	Picture	70	3835634	0	1	7129	1	0	7000	other	0
gpl012	393	Picture	40	3842928	0	1	2155	1	0	2130	other	0
gpl012	394	Picture	70	3845250	0	1	7129	1	0	7000	other	0
gpl012	394	Pulse	199	3846756	1506	0
gpl012	395	Picture	40	3852544	0	1	3482	1	0	3310	other	0
gpl012	396	Picture	70	3856192	0	1	7129	1	0	7000	other	0
gpl012	396	Pulse	199	3859255	3063	0
gpl012	397	Picture	40	3863487	0	1	3813	1	0	3660	other	0
gpl012	398	Picture	70	3867466	0	1	7129	1	0	7000	other	0
gpl012	398	Pulse	199	3871756	4290	0
gpl012	399	Picture	40	3874761	0	1	2155	1	0	1990	other	0
gpl012	400	Picture	70	3877082	0	1	7129	1	0	7000	other	0
gpl012	400	Pulse	199	3884255	7173	0
gpl012	401	Picture	40	3884377	0	1	2819	1	0	2690	other	0
gpl012	402	Picture	50	3887361	0	1	50070	1	0	next	other	0
gpl012	402	Pulse	199	3896756	9394	0
gpl012	402	Pulse	199	3909255	21894	0
gpl012	402	Pulse	199	3921755	34394	0
gpl012	402	Pulse	199	3934255	46894	0
gpl012	403	Picture	80	3937431	0	1	7129	1	0	7000	other	0
gpl012	404	Picture	40	3944726	0	1	2984	1	0	2860	other	0
gpl012	404	Pulse	199	3946755	2030	0
gpl012	405	Picture	80	3947876	0	1	7129	1	0	7000	other	0
gpl012	406	Picture	40	3955171	0	1	2155	1	0	2140	other	0
gpl012	407	Picture	80	3957492	0	1	7129	1	0	7000	other	0
gpl012	407	Pulse	199	3959256	1764	0
gpl012	408	Picture	40	3964787	0	1	2653	1	0	2490	other	0
gpl012	409	Picture	80	3967605	0	1	7129	1	0	7000	other	0
gpl012	409	Pulse	199	3971755	4150	0
gpl012	410	Picture	40	3974900	0	1	2155	1	0	2130	other	0
gpl012	411	Picture	80	3977221	0	1	7129	1	0	7000	other	0
gpl012	411	Pulse	199	3984255	7034	0
gpl012	412	Picture	40	3984516	0	1	2155	1	0	1990	other	0
gpl012	413	Picture	80	3986837	0	1	7129	1	0	7000	other	0
gpl012	414	Picture	40	3994132	0	1	2818	1	0	2690	other	0
gpl012	414	Pulse	199	3996755	2623	0
gpl012	415	Picture	80	3997116	0	1	7129	1	0	7000	other	0
gpl012	416	Picture	40	4004411	0	1	3482	1	0	3310	other	0
gpl012	417	Picture	80	4008059	0	1	7129	1	0	7000	other	0
gpl012	417	Pulse	199	4009256	1197	0
gpl012	418	Picture	40	4015354	0	1	1824	1	0	1780	other	0
gpl012	419	Picture	80	4017343	0	1	7129	1	0	7000	other	0
gpl012	419	Pulse	199	4021755	4412	0
gpl012	420	Picture	40	4024638	0	1	3813	1	0	3660	other	0
gpl012	421	Picture	85	4028617	0	1	7129	1	0	7000	hit	702
gpl012	421	Response	25	4032996	4378	0
gpl012	421	Pulse	199	4034255	5638	0
gpl012	422	Picture	40	4035912	0	1	4476	1	0	4350	other	0
gpl012	423	Picture	50	4040554	0	1	70131	1	0	next	other	0
gpl012	423	Pulse	199	4046755	6201	0
gpl012	423	Pulse	199	4059255	18701	0
gpl012	423	Pulse	199	4071755	31201	0
gpl012	423	Pulse	199	4084255	43701	0
gpl012	423	Pulse	199	4096755	56201	0
gpl012	423	Pulse	199	4109255	68701	0
gpl012	424	Picture	90	4110685	0	1	7129	1	0	7000	other	0
gpl012	425	Picture	40	4117980	0	1	2984	1	0	2860	other	0
gpl012	426	Picture	90	4121130	0	1	7129	1	0	7000	other	0
gpl012	426	Pulse	199	4121756	626	0
gpl012	427	Picture	40	4128425	0	1	2155	1	0	2140	other	0
gpl012	428	Picture	95	4130590	0	322	7119	323	0	7000	hit	719
gpl012	428	Pulse	199	4134255	3665	0
gpl012	428	Response	25	4134295	3705	0
gpl012	429	Picture	40	4137875	0	1	2819	1	0	2690	other	0
gpl012	430	Picture	90	4140859	0	1	7129	1	0	7000	other	0
gpl012	430	Pulse	199	4146755	5896	0
gpl012	431	Picture	40	4148154	0	1	4476	1	0	4350	other	0
gpl012	432	Picture	90	4152797	0	1	7129	1	0	7000	other	0
gpl012	432	Pulse	199	4159255	6458	0
gpl012	433	Picture	40	4160091	0	1	3813	1	0	3660	other	0
gpl012	434	Picture	90	4164071	0	1	7129	1	0	7000	other	0
gpl012	435	Picture	40	4171365	0	1	2155	1	0	1990	other	0
gpl012	435	Pulse	199	4171756	390	0
gpl012	436	Picture	90	4173687	0	1	7129	1	0	7000	other	0
gpl012	437	Picture	40	4180981	0	1	2653	1	0	2490	other	0
gpl012	438	Picture	90	4183800	0	1	7129	1	0	7000	other	0
gpl012	438	Pulse	199	4184255	455	0
gpl012	439	Picture	40	4191095	0	1	1824	1	0	1780	other	0
gpl012	440	Picture	95	4193084	0	1	7129	1	0	7000	hit	736
gpl012	440	Response	25	4196756	3671	0
gpl012	440	Pulse	199	4196766	3682	0
gpl012	441	Picture	40	4200379	0	1	2155	1	0	2130	other	0
gpl012	442	Picture	90	4202700	0	1	7129	1	0	7000	other	0
gpl012	442	Pulse	199	4209255	6555	0
gpl012	443	Picture	40	4209995	0	1	3482	1	0	3310	other	0
gpl012	444	Picture	50	4213643	0	1	70131	1	0	next	other	0
gpl012	444	Pulse	199	4221756	8113	0
gpl012	444	Pulse	199	4234255	20612	0
gpl012	444	Pulse	199	4246755	33112	0
gpl012	444	Pulse	199	4259255	45612	0
gpl012	444	Pulse	199	4271756	58113	0
gpl012	445	Picture	60	4283774	0	1	7129	1	0	7000	other	0
gpl012	445	Pulse	199	4284255	482	0
gpl012	446	Picture	40	4291068	0	1	3482	1	0	3310	other	0
gpl012	447	Picture	60	4294716	0	1	7129	1	0	7000	other	0
gpl012	447	Pulse	199	4296756	2040	0
gpl012	448	Picture	40	4302011	0	1	2818	1	0	2690	other	0
gpl012	449	Picture	60	4304995	0	1	7129	1	0	7000	other	0
gpl012	449	Pulse	199	4309255	4260	0
gpl012	450	Picture	40	4312290	0	1	3813	1	0	3660	other	0
gpl012	451	Picture	60	4316269	0	1	7129	1	0	7000	other	0
gpl012	451	Pulse	199	4321756	5487	0
gpl012	452	Picture	40	4323564	0	1	2653	1	0	2490	other	0
gpl012	453	Picture	60	4326382	0	1	7129	1	0	7000	other	0
gpl012	454	Picture	40	4333677	0	1	4476	1	0	4350	other	0
gpl012	454	Pulse	199	4334256	578	0
gpl012	455	Picture	60	4338320	0	1	7129	1	0	7000	other	0
gpl012	456	Picture	40	4345615	0	1	2155	1	0	2140	other	0
gpl012	456	Pulse	199	4346756	1141	0
gpl012	457	Picture	60	4347936	0	1	7129	1	0	7000	other	0
gpl012	458	Picture	40	4355230	0	1	2155	1	0	2130	other	0
gpl012	459	Picture	60	4357552	0	1	7129	1	0	7000	other	0
gpl012	459	Pulse	199	4359256	1704	0
gpl012	460	Picture	40	4364847	0	1	1824	1	0	1780	other	0
gpl012	461	Picture	60	4366836	0	1	7129	1	0	7000	other	0
gpl012	461	Pulse	199	4371755	4919	0
gpl012	462	Picture	40	4374131	0	1	2984	1	0	2860	other	0
gpl012	463	Picture	60	4377281	0	1	7129	1	0	7000	other	0
gpl012	463	Pulse	199	4384256	6975	0
gpl012	464	Picture	40	4384576	0	1	2155	1	0	1990	other	0
gpl012	465	Picture	50	4386897	0	1	50070	1	0	next	other	0
gpl012	465	Pulse	199	4396756	9859	0
gpl012	465	Pulse	199	4409256	22359	0
gpl012	465	Pulse	199	4421756	34859	0
gpl012	465	Pulse	199	4434256	47359	0
gpl012	466	Picture	70	4436967	0	1	7129	1	0	7000	other	0
gpl012	467	Picture	40	4444262	0	1	2155	1	0	2140	other	0
gpl012	468	Picture	70	4446427	0	322	7119	323	0	7000	other	0
gpl012	468	Pulse	199	4446756	329	0
gpl012	469	Picture	40	4453712	0	1	3813	1	0	3660	other	0
gpl012	470	Picture	70	4457691	0	1	7129	1	0	7000	other	0
gpl012	470	Pulse	199	4459256	1565	0
gpl012	471	Picture	40	4464986	0	1	2984	1	0	2860	other	0
gpl012	472	Picture	70	4468136	0	1	7129	1	0	7000	other	0
gpl012	472	Pulse	199	4471755	3620	0
gpl012	473	Picture	40	4475431	0	1	2818	1	0	2690	other	0
gpl012	474	Picture	70	4478415	0	1	7129	1	0	7000	other	0
gpl012	474	Pulse	199	4484255	5840	0
gpl012	475	Picture	40	4485710	0	1	2653	1	0	2490	other	0
gpl012	476	Picture	70	4488529	0	1	7129	1	0	7000	other	0
gpl012	477	Picture	40	4495823	0	1	3482	1	0	3310	other	0
gpl012	477	Pulse	199	4496756	932	0
gpl012	478	Picture	75	4499471	0	1	7129	1	0	7000	hit	800
gpl012	478	Response	25	4503616	4145	0
gpl012	479	Picture	40	4506766	0	1	2155	1	0	1990	other	0
gpl012	480	Picture	70	4509087	0	1	7129	1	0	7000	other	0
gpl012	480	Pulse	199	4509255	169	0
gpl012	481	Picture	40	4516382	0	1	2155	1	0	2130	other	0
gpl012	482	Picture	70	4518703	0	1	7129	1	0	7000	other	0
gpl012	482	Pulse	199	4521756	3053	0
gpl012	483	Picture	40	4525998	0	1	1824	1	0	1780	other	0
gpl012	484	Picture	70	4527987	0	1	7129	1	0	7000	other	0
gpl012	484	Pulse	199	4534256	6268	0
gpl012	485	Picture	40	4535282	0	1	4476	1	0	4350	other	0
gpl012	486	Picture	50	4539925	0	1	90192	1	0	next	other	0
gpl012	486	Pulse	199	4546756	6831	0
gpl012	486	Pulse	199	4559256	19331	0
gpl012	486	Pulse	199	4571756	31831	0
gpl012	486	Pulse	199	4584255	44331	0
gpl012	486	Pulse	199	4596756	56831	0
gpl012	486	Pulse	199	4609256	69331	0
gpl012	486	Pulse	199	4621756	81832	0
gpl012	487	Picture	80	4630116	0	1	7129	1	0	7000	other	0
gpl012	487	Pulse	199	4634256	4140	0
gpl012	488	Picture	40	4637411	0	1	3482	1	0	3310	other	0
gpl012	489	Picture	80	4641059	0	1	7129	1	0	7000	other	0
gpl012	489	Pulse	199	4646755	5697	0
gpl012	490	Picture	40	4648353	0	1	1824	1	0	1780	other	0
gpl012	491	Picture	80	4650343	0	1	7129	1	0	7000	other	0
gpl012	492	Picture	40	4657638	0	1	2984	1	0	2860	other	0
gpl012	492	Pulse	199	4659256	1618	0
gpl012	493	Picture	85	4660788	0	1	7129	1	0	7000	hit	829
gpl012	493	Response	25	4665626	4838	0
gpl012	494	Picture	40	4668083	0	1	2155	1	0	2130	other	0
gpl012	495	Picture	80	4670404	0	1	7129	1	0	7000	other	0
gpl012	495	Pulse	199	4671755	1351	0
gpl012	496	Picture	40	4677699	0	1	2155	1	0	2140	other	0
gpl012	497	Picture	80	4679864	0	322	7119	322	0	7000	other	0
gpl012	497	Pulse	199	4684256	4392	0
gpl012	498	Picture	40	4687149	0	1	2653	1	0	2490	other	0
gpl012	499	Picture	80	4689968	0	1	7129	1	0	7000	other	0
gpl012	499	Pulse	199	4696755	6788	0
gpl012	500	Picture	40	4697263	0	1	3813	1	0	3660	other	0
gpl012	501	Picture	80	4701242	0	1	7129	1	0	7000	other	0
gpl012	502	Picture	40	4708537	0	1	4476	1	0	4350	other	0
gpl012	502	Pulse	199	4709255	719	0
gpl012	503	Picture	80	4713179	0	1	7129	1	0	7000	other	0
gpl012	504	Picture	40	4720474	0	1	2818	1	0	2690	other	0
gpl012	504	Pulse	199	4721755	1282	0
gpl012	505	Picture	80	4723458	0	1	7129	1	0	7000	other	0
gpl012	506	Picture	40	4730753	0	1	2155	1	0	1990	other	0
gpl012	507	Picture	50	4733074	0	1	30175	1	0	next	other	0
gpl012	507	Pulse	199	4734256	1182	0
gpl012	507	Pulse	199	4746755	13681	0
gpl012	507	Pulse	199	4759256	26182	0
gpl012	508	Picture	90	4763248	0	1	7129	1	0	7000	other	0
gpl012	509	Picture	40	4770543	0	1	2653	1	0	2490	other	0
gpl012	509	Pulse	199	4771755	1212	0
gpl012	510	Picture	90	4773362	0	1	7129	1	0	7000	other	0
gpl012	511	Picture	40	4780657	0	1	4476	1	0	4350	other	0
gpl012	511	Pulse	199	4784256	3599	0
gpl012	512	Picture	90	4785299	0	1	7129	1	0	7000	other	0
gpl012	513	Picture	40	4792594	0	1	1824	1	0	1780	other	0
gpl012	514	Picture	90	4794583	0	1	7129	1	0	7000	other	0
gpl012	514	Pulse	199	4796755	2172	0
gpl012	515	Picture	40	4801878	0	1	2984	1	0	2860	other	0
gpl012	516	Picture	90	4805028	0	1	7129	1	0	7000	other	0
gpl012	516	Pulse	199	4809256	4227	0
gpl012	517	Picture	40	4812323	0	1	2155	1	0	1990	other	0
gpl012	518	Picture	90	4814644	0	1	7129	1	0	7000	other	0
gpl012	518	Pulse	199	4821755	7111	0
gpl012	519	Picture	40	4821939	0	1	3482	1	0	3310	other	0
gpl012	520	Picture	90	4825587	0	1	7129	1	0	7000	other	0
gpl012	521	Picture	40	4832882	0	1	3813	1	0	3660	other	0
gpl012	521	Pulse	199	4834257	1375	0
gpl012	522	Picture	90	4836861	0	1	7129	1	0	7000	other	0
gpl012	523	Picture	40	4844156	0	1	2155	1	0	2130	other	0
gpl012	524	Picture	90	4846477	0	1	7129	1	0	7000	other	0
gpl012	524	Pulse	199	4846756	279	0
gpl012	525	Picture	40	4853772	0	1	2819	1	0	2690	other	0
gpl012	526	Picture	90	4856756	0	1	7129	1	0	7000	other	0
gpl012	526	Pulse	199	4859256	2500	0
gpl012	527	Picture	40	4864051	0	1	2155	1	0	2140	other	0
gpl012	528	Picture	50	4866216	0	322	50060	322	0	next	other	0
gpl012	528	Pulse	199	4871756	5540	0
gpl012	528	Pulse	199	4884256	18040	0
gpl012	528	Pulse	199	4896756	30540	0
gpl012	528	Pulse	199	4909256	43039	0
gpl012	529	Picture	60	4916276	0	1	7129	1	0	7000	other	0
gpl012	529	Pulse	199	4921756	5480	0
gpl012	530	Picture	40	4923571	0	1	2155	1	0	2140	other	0
gpl012	531	Picture	60	4925892	0	1	7129	1	0	7000	other	0
gpl012	532	Picture	40	4933187	0	1	2653	1	0	2490	other	0
gpl012	532	Pulse	199	4934256	1069	0
gpl012	533	Picture	60	4936005	0	1	7129	1	0	7000	other	0
gpl012	534	Picture	40	4943300	0	1	3813	1	0	3660	other	0
gpl012	534	Pulse	199	4946756	3456	0
gpl012	535	Picture	60	4947279	0	1	7129	1	0	7000	other	0
gpl012	536	Picture	40	4954574	0	1	3482	1	0	3310	other	0
gpl012	537	Picture	60	4958222	0	1	7129	1	0	7000	other	0
gpl012	537	Pulse	199	4959256	1034	0
gpl012	538	Picture	40	4965517	0	1	2818	1	0	2690	other	0
gpl012	539	Picture	60	4968501	0	1	7129	1	0	7000	other	0
gpl012	539	Pulse	199	4971756	3255	0
gpl012	540	Picture	40	4975796	0	1	2155	1	0	2130	other	0
gpl012	541	Picture	60	4978117	0	1	7129	1	0	7000	other	0
gpl012	541	Pulse	199	4984256	6139	0
gpl012	542	Picture	40	4985412	0	1	1824	1	0	1780	other	0
gpl012	543	Picture	60	4987401	0	1	7129	1	0	7000	other	0
gpl012	544	Picture	40	4994696	0	1	4476	1	0	4350	other	0
gpl012	544	Pulse	199	4996756	2060	0
gpl012	545	Picture	60	4999338	0	1	7129	1	0	7000	other	0
gpl012	546	Picture	40	5006633	0	1	2984	1	0	2860	other	0
gpl012	546	Pulse	199	5009256	2623	0
gpl012	547	Picture	65	5009783	0	1	7129	1	0	7000	hit	912
gpl012	547	Response	25	5014566	4783	0
gpl012	548	Picture	40	5017078	0	1	2155	1	0	1990	other	0
gpl012	549	Picture	50	5019399	0	1	70131	1	0	next	other	0
gpl012	549	Pulse	199	5021756	2357	0
gpl012	549	Pulse	199	5034256	14856	0
gpl012	549	Pulse	199	5046755	27356	0
gpl012	549	Pulse	199	5059256	39857	0
gpl012	549	Pulse	199	5071756	52357	0
gpl012	549	Pulse	199	5084256	64857	0
gpl012	550	Picture	70	5089530	0	1	7129	1	0	7000	other	0
gpl012	550	Pulse	199	5096756	7226	0
gpl012	551	Picture	40	5096825	0	1	2819	1	0	2690	other	0
gpl012	552	Picture	70	5099809	0	1	7129	1	0	7000	other	0
gpl012	553	Picture	40	5107104	0	1	2155	1	0	2140	other	0
gpl012	553	Pulse	199	5109244	2140	12
gpl012	554	Picture	70	5109425	0	1	7129	1	0	7000	other	0
gpl012	555	Picture	40	5116720	0	1	2653	1	0	2490	other	0
gpl012	556	Picture	70	5119539	0	1	7129	1	0	7000	other	0
gpl012	556	Pulse	199	5121756	2217	0
gpl012	557	Picture	40	5126834	0	1	2984	1	0	2860	other	0
gpl012	558	Picture	70	5129984	0	1	7129	1	0	7000	other	0
gpl012	558	Pulse	199	5134256	4272	0
gpl012	559	Picture	40	5137279	0	1	3813	1	0	3660	other	0
gpl012	560	Picture	75	5141258	0	1	7129	1	0	7000	hit	936
gpl012	560	Response	25	5145187	3929	0
gpl012	560	Pulse	199	5146755	5498	0
gpl012	561	Picture	40	5148553	0	1	4476	1	0	4350	other	0
gpl012	562	Picture	70	5153195	0	1	7129	1	0	7000	other	0
gpl012	562	Pulse	199	5159256	6061	0
gpl012	563	Picture	40	5160490	0	1	2155	1	0	2130	other	0
gpl012	564	Picture	70	5162811	0	1	7129	1	0	7000	other	0
gpl012	565	Picture	40	5170106	0	1	1824	1	0	1780	other	0
gpl012	565	Pulse	199	5171756	1651	0
gpl012	566	Picture	70	5172095	0	1	7129	1	0	7000	other	0
gpl012	567	Picture	40	5179390	0	1	3482	1	0	3310	other	0
gpl012	568	Picture	70	5183038	0	1	7129	1	0	7000	other	0
gpl012	568	Pulse	199	5184256	1219	0
gpl012	569	Picture	40	5190333	0	1	2155	1	0	1990	other	0
gpl012	570	Picture	50	5192654	0	1	30174	1	0	next	other	0
gpl012	570	Pulse	199	5196766	4113	0
gpl012	570	Pulse	199	5209266	16613	0
gpl012	570	Pulse	199	5221766	29112	0
gpl012	571	Picture	80	5222828	0	1	7129	1	0	7000	other	0
gpl012	572	Picture	40	5230123	0	1	2653	1	0	2490	other	0
gpl012	573	Picture	80	5232941	0	1	7129	1	0	7000	other	0
gpl012	573	Pulse	199	5234266	1325	0
gpl012	574	Picture	40	5240236	0	1	3813	1	0	3660	other	0
gpl012	575	Picture	80	5244215	0	1	7129	1	0	7000	other	0
gpl012	575	Pulse	199	5246766	2551	0
gpl012	576	Picture	40	5251510	0	1	2155	1	0	2130	other	0
gpl012	577	Picture	80	5253832	0	1	7129	1	0	7000	other	0
gpl012	577	Pulse	199	5259266	5434	0
gpl012	578	Picture	40	5261126	0	1	2819	1	0	2690	other	0
gpl012	579	Picture	80	5264111	0	1	7129	1	0	7000	other	0
gpl012	580	Picture	40	5271406	0	1	1824	1	0	1780	other	0
gpl012	580	Pulse	199	5271767	361	0
gpl012	581	Picture	80	5273395	0	1	7129	1	0	7000	other	0
gpl012	582	Picture	40	5280690	0	1	2155	1	0	2140	other	0
gpl012	583	Picture	85	5283011	0	1	7129	1	0	7000	hit	972
gpl012	583	Pulse	199	5284266	1255	0
gpl012	583	Response	25	5287106	4094	0
gpl012	584	Picture	40	5290306	0	1	4476	1	0	4350	other	0
gpl012	585	Picture	80	5294948	0	1	7129	1	0	7000	other	0
gpl012	585	Pulse	199	5296766	1818	0
gpl012	586	Picture	40	5302243	0	1	3482	1	0	3310	other	0
gpl012	587	Picture	85	5305891	0	1	7129	1	0	7000	hit	979
gpl012	587	Pulse	199	5309266	3376	0
gpl012	587	Response	25	5309706	3815	0
gpl012	588	Picture	40	5313186	0	1	2984	1	0	2860	other	0
gpl012	589	Picture	80	5316336	0	1	7129	1	0	7000	other	0
gpl012	589	Pulse	199	5321766	5431	0
gpl012	590	Picture	40	5323631	0	1	2155	1	0	1990	other	0
gpl012	591	Picture	50	5325952	0	1	90192	1	0	next	other	0
gpl012	591	Pulse	199	5334266	8314	0
gpl012	591	Pulse	199	5346766	20814	0
gpl012	591	Pulse	199	5359266	33314	0
gpl012	591	Pulse	199	5371766	45814	0
gpl012	591	Pulse	199	5384266	58314	0
gpl012	591	Pulse	199	5396765	70814	0
gpl012	591	Pulse	199	5409266	83314	0
gpl012	592	Picture	90	5416143	0	1	7129	1	0	7000	other	0
gpl012	592	Pulse	199	5421765	5622	0
gpl012	593	Picture	40	5423438	0	1	2155	1	0	2130	other	0
gpl012	594	Picture	90	5425759	0	1	7129	1	0	7000	other	0
gpl012	595	Picture	40	5433054	0	1	2984	1	0	2860	other	0
gpl012	595	Pulse	199	5434266	1212	0
gpl012	596	Picture	90	5436204	0	1	7129	1	0	7000	other	0
gpl012	597	Picture	40	5443499	0	1	2653	1	0	2490	other	0
gpl012	598	Picture	90	5446318	0	1	7129	1	0	7000	other	0
gpl012	598	Pulse	199	5446765	448	0
gpl012	599	Picture	40	5453613	0	1	2155	1	0	1990	other	0
gpl012	600	Picture	90	5455934	0	1	7129	1	0	7000	other	0
gpl012	600	Pulse	199	5459266	3332	0
gpl012	601	Picture	40	5463229	0	1	2819	1	0	2690	other	0
gpl012	602	Picture	90	5466213	0	1	7129	1	0	7000	other	0
gpl012	602	Pulse	199	5471766	5552	0
gpl012	603	Picture	40	5473508	0	1	3482	1	0	3310	other	0
gpl012	604	Picture	90	5477155	0	1	7129	1	0	7000	other	0
gpl012	604	Pulse	199	5484266	7110	0
gpl012	605	Picture	40	5484450	0	1	2155	1	0	2140	other	0
gpl012	606	Picture	95	5486771	0	1	7129	1	0	7000	hit	1013
gpl012	606	Response	25	5490436	3665	0
gpl012	607	Picture	40	5494066	0	1	3813	1	0	3660	other	0
gpl012	607	Pulse	199	5496766	2699	0
gpl012	608	Picture	90	5498045	0	1	7129	1	0	7000	other	0
gpl012	609	Picture	40	5505340	0	1	1824	1	0	1780	other	0
gpl012	610	Picture	90	5507330	0	1	7129	1	0	7000	other	0
gpl012	610	Pulse	199	5509268	1938	0
gpl012	611	Picture	40	5514625	0	1	4476	1	0	4350	other	0
gpl012	612	Picture	50	5519267	0	1	30174	1	0	next	other	0
gpl012	612	Pulse	199	5521766	2499	0
gpl012	612	Pulse	199	5534266	14999	0
gpl012	612	Pulse	199	5546765	27498	0
gpl012	613	Picture	60	5549441	0	1	7129	1	0	7000	other	0
gpl012	614	Picture	40	5556736	0	1	2984	1	0	2860	other	0
gpl012	614	Pulse	199	5559266	2530	0
gpl012	615	Picture	60	5559886	0	1	7129	1	0	7000	other	0
gpl012	616	Picture	40	5567181	0	1	2155	1	0	2140	other	0
gpl012	617	Picture	60	5569502	0	1	7129	1	0	7000	other	0
gpl012	617	Pulse	199	5571766	2263	0
gpl012	618	Picture	40	5576797	0	1	1824	1	0	1780	other	0
gpl012	619	Picture	60	5578787	0	1	7129	1	0	7000	other	0
gpl012	619	Pulse	199	5584266	5479	0
gpl012	620	Picture	40	5586082	0	1	2818	1	0	2690	other	0
gpl012	621	Picture	60	5589066	0	1	7129	1	0	7000	other	0
gpl012	622	Picture	40	5596361	0	1	2653	1	0	2490	other	0
gpl012	622	Pulse	199	5596766	405	0
gpl012	623	Picture	60	5599179	0	1	7129	1	0	7000	other	0
gpl012	624	Picture	40	5606474	0	1	4476	1	0	4350	other	0
gpl012	624	Pulse	199	5609266	2792	0
gpl012	625	Picture	65	5611117	0	1	7129	1	0	7000	hit	1043
gpl012	625	Response	25	5615177	4060	0
gpl012	626	Picture	40	5618411	0	1	2155	1	0	1990	other	0
gpl012	627	Picture	60	5620733	0	1	7129	1	0	7000	other	0
gpl012	627	Pulse	199	5621767	1034	0
gpl012	628	Picture	40	5628027	0	1	2155	1	0	2130	other	0
gpl012	629	Picture	60	5630349	0	1	7129	1	0	7000	other	0
gpl012	629	Pulse	199	5634267	3918	0
gpl012	630	Picture	40	5637644	0	1	3813	1	0	3660	other	0
gpl012	631	Picture	60	5641623	0	1	7129	1	0	7000	other	0
gpl012	631	Pulse	199	5646767	5144	0
gpl012	632	Picture	40	5648918	0	1	3482	1	0	3310	other	0
gpl012	633	Picture	50	5652565	0	1	90192	1	0	next	other	0
gpl012	633	Pulse	199	5659267	6702	0
gpl012	633	Pulse	199	5671766	19201	0
gpl012	633	Pulse	199	5684267	31702	0
gpl012	633	Pulse	199	5696766	44201	0
gpl012	633	Pulse	199	5709266	56701	0
gpl012	633	Pulse	199	5721766	69201	0
gpl012	633	Pulse	199	5734267	81702	0
gpl012	634	Picture	70	5742757	0	1	7129	1	0	7000	other	0
gpl012	634	Pulse	199	5746767	4010	0
gpl012	635	Picture	40	5750052	0	1	3813	1	0	3660	other	0
gpl012	636	Picture	70	5754031	0	1	7129	1	0	7000	other	0
gpl012	636	Pulse	199	5759267	5236	0
gpl012	637	Picture	40	5761326	0	1	2155	1	0	2140	other	0
gpl012	638	Picture	75	5763647	0	1	7129	1	0	7000	hit	1069
gpl012	638	Response	25	5768777	5130	0
gpl012	639	Picture	40	5770942	0	1	2155	1	0	2130	other	0
gpl012	639	Pulse	199	5771766	825	0
gpl012	640	Picture	70	5773263	0	1	7129	1	0	7000	other	0
gpl012	641	Picture	40	5780558	0	1	2819	1	0	2690	other	0
gpl012	642	Picture	75	5783542	0	1	7129	1	0	7000	hit	1076
gpl012	642	Pulse	199	5784267	725	0
gpl012	642	Response	25	5787116	3574	0
gpl012	643	Picture	40	5790837	0	1	2653	1	0	2490	other	0
gpl012	644	Picture	70	5793655	0	1	7129	1	0	7000	other	0
gpl012	644	Pulse	199	5796767	3111	0
gpl012	645	Picture	40	5800950	0	1	4476	1	0	4350	other	0
gpl012	646	Picture	70	5805592	0	1	7129	1	0	7000	other	0
gpl012	646	Pulse	199	5809267	3674	0
gpl012	647	Picture	40	5812887	0	1	2984	1	0	2860	other	0
gpl012	648	Picture	70	5816037	0	1	7129	1	0	7000	other	0
gpl012	648	Pulse	199	5821766	5729	0
gpl012	649	Picture	40	5823332	0	1	3482	1	0	3310	other	0
gpl012	650	Picture	70	5826980	0	1	7129	1	0	7000	other	0
gpl012	650	Pulse	199	5834267	7287	0
gpl012	651	Picture	40	5834275	0	1	2155	1	0	1990	other	0
gpl012	652	Picture	70	5836596	0	1	7129	1	0	7000	other	0
gpl012	653	Picture	40	5843891	0	1	1824	1	0	1780	other	0
gpl012	654	Picture	50	5845880	0	1	70131	1	0	next	other	0
gpl012	654	Pulse	199	5846767	886	0
gpl012	654	Pulse	199	5859266	13386	0
gpl012	654	Pulse	199	5871766	25886	0
gpl012	654	Pulse	199	5884266	38386	0
gpl012	654	Pulse	199	5896766	50886	0
gpl012	654	Pulse	199	5909266	63386	0
gpl012	655	Picture	80	5916011	0	1	7129	1	0	7000	other	0
gpl012	655	Pulse	199	5921766	5755	0
gpl012	656	Picture	40	5923306	0	1	2155	1	0	2130	other	0
gpl012	657	Picture	80	5925627	0	1	7129	1	0	7000	other	0
gpl012	658	Picture	40	5932922	0	1	3482	1	0	3310	other	0
gpl012	658	Pulse	199	5934266	1344	0
gpl012	659	Picture	80	5936569	0	1	7129	1	0	7000	other	0
gpl012	660	Picture	40	5943864	0	1	2653	1	0	2490	other	0
gpl012	661	Picture	80	5946683	0	1	7129	1	0	7000	other	0
gpl012	661	Pulse	199	5946766	84	0
gpl012	662	Picture	40	5953978	0	1	2819	1	0	2690	other	0
gpl012	663	Picture	80	5956962	0	1	7129	1	0	7000	other	0
gpl012	663	Pulse	199	5959266	2304	0
gpl012	664	Picture	40	5964257	0	1	3813	1	0	3660	other	0
gpl012	665	Picture	80	5968236	0	1	7129	1	0	7000	other	0
gpl012	665	Pulse	199	5971767	3531	0
gpl012	666	Picture	40	5975531	0	1	2155	1	0	1990	other	0
gpl012	667	Picture	80	5977852	0	1	7129	1	0	7000	other	0
gpl012	667	Pulse	199	5984266	6414	0
gpl012	668	Picture	40	5985147	0	1	2155	1	0	2140	other	0
gpl012	669	Picture	80	5987468	0	1	7129	1	0	7000	other	0
gpl012	670	Picture	40	5994763	0	1	1824	1	0	1780	other	0
gpl012	671	Picture	80	5996752	0	1	7129	1	0	7000	other	0
gpl012	671	Pulse	199	5996767	14	0
gpl012	672	Picture	40	6004047	0	1	2984	1	0	2860	other	0
gpl012	673	Picture	80	6007197	0	1	7129	1	0	7000	other	0
gpl012	673	Pulse	199	6009266	2069	0
gpl012	674	Picture	40	6014492	0	1	4476	1	0	4350	other	0
gpl012	675	Picture	50	6019135	0	1	50070	1	0	next	other	0
gpl012	675	Pulse	199	6021767	2632	0
gpl012	675	Pulse	199	6034266	15131	0
gpl012	675	Pulse	199	6046766	27631	0
gpl012	675	Pulse	199	6059266	40131	0
gpl012	676	Picture	200	6069204	0	1	260130	1	0	260000	other	0
gpl012	676	Pulse	199	6071767	2562	0
gpl012	676	Response	20	6074216	5012	0
gpl012	676	Pulse	199	6084266	15062	0
gpl012	676	Pulse	199	6096767	27562	0
gpl012	676	Pulse	199	6109266	40062	0
gpl012	676	Pulse	199	6121767	52562	0
gpl012	676	Pulse	199	6134267	65063	0
gpl012	676	Pulse	199	6146766	77562	0
gpl012	676	Pulse	199	6159266	90062	0
gpl012	676	Pulse	199	6171766	102562	0
gpl012	676	Pulse	199	6184266	115062	0
gpl012	676	Pulse	199	6196767	127563	0
gpl012	676	Pulse	199	6209267	140063	0
gpl012	676	Pulse	199	6221767	152563	0
gpl012	676	Pulse	199	6234267	165063	0
gpl012	676	Pulse	199	6246766	177562	0
gpl012	676	Pulse	199	6259266	190062	0
gpl012	676	Pulse	199	6271766	202562	0
gpl012	676	Pulse	199	6284267	215062	0
