Scenario - 
Logfile written - 03/26/2021 14:28:36

Subject	Trial	Event Type	Code	Time	TTime	Uncertainty	Duration	Uncertainty	ReqTime	ReqDur	Stim Type	Pair Index

GPL001	1	Response	20	138982	138817	0
GPL001	2	Picture	start	139101	0	1	620042	193	0	next	other	0
GPL001	2	Response	20	176423	37322	0
GPL001	3	Pulse	199	759143	582720	0
GPL001	3	Picture	100	759143	582720	193	50096	193	0	50000	other	0
GPL001	4	Picture	60	809405	0	1	7129	1	0	7000	other	0
GPL001	5	Picture	40	816700	0	1	2819	1	0	2690	other	0
GPL001	6	Picture	60	819684	0	1	7129	1	0	7000	other	0
GPL001	7	Picture	40	826979	0	1	2984	1	0	2860	other	0
GPL001	8	Picture	60	830129	0	1	7129	1	0	7000	other	0
GPL001	9	Picture	40	837424	0	1	2155	1	0	2130	other	0
GPL001	10	Picture	60	839745	0	1	7129	1	0	7000	other	0
GPL001	11	Picture	40	847040	0	1	3813	1	0	3660	other	0
GPL001	12	Picture	60	851019	0	1	7129	1	0	7000	other	0
GPL001	13	Picture	40	858314	0	1	4476	1	0	4350	other	0
GPL001	14	Picture	60	862957	0	1	7129	1	0	7000	other	0
GPL001	15	Picture	40	870251	0	1	1824	1	0	1780	other	0
GPL001	16	Picture	60	872241	0	1	7129	1	0	7000	other	0
GPL001	17	Picture	40	879536	0	1	2155	1	0	2140	other	0
GPL001	18	Picture	60	881701	0	322	7119	322	0	7000	other	0
GPL001	19	Picture	40	888986	0	1	3482	1	0	3310	other	0
GPL001	20	Picture	60	892634	0	1	7129	1	0	7000	other	0
GPL001	21	Picture	40	899929	0	1	2155	1	0	1990	other	0
GPL001	22	Picture	60	902250	0	1	7129	1	0	7000	other	0
GPL001	23	Picture	40	909545	0	1	2653	1	0	2490	other	0
GPL001	24	Picture	50	912363	0	1	30340	1	0	next	other	0
GPL001	25	Picture	70	942703	0	1	7129	1	0	7000	other	0
GPL001	26	Picture	40	949998	0	1	3482	1	0	3310	other	0
GPL001	27	Picture	70	953646	0	1	7129	1	0	7000	other	0
GPL001	28	Picture	40	960941	0	1	4476	1	0	4350	other	0
GPL001	29	Picture	70	965583	0	1	7129	1	0	7000	other	0
GPL001	30	Picture	40	972878	0	1	2155	1	0	2130	other	0
GPL001	31	Picture	70	975199	0	1	7129	1	0	7000	other	0
GPL001	32	Picture	40	982494	0	1	2984	1	0	2860	other	0
GPL001	33	Picture	70	985644	0	1	7129	1	0	7000	other	0
GPL001	34	Picture	40	992939	0	1	1824	1	0	1780	other	0
GPL001	35	Picture	70	994928	0	1	7129	1	0	7000	other	0
GPL001	36	Picture	40	1002223	0	1	2653	1	0	2490	other	0
GPL001	37	Picture	70	1005042	0	1	7129	1	0	7000	other	0
GPL001	38	Picture	40	1012337	0	1	3813	1	0	3660	other	0
GPL001	39	Picture	70	1016316	0	1	7129	1	0	7000	other	0
GPL001	40	Picture	40	1023611	0	1	2155	1	0	2140	other	0
GPL001	41	Picture	75	1025776	0	322	7119	322	0	7000	hit	44
GPL001	41	Response	25	1029743	3967	0
GPL001	42	Picture	40	1033061	0	1	2155	1	0	1990	other	0
GPL001	43	Picture	70	1035382	0	1	7129	1	0	7000	other	0
GPL001	44	Picture	40	1042677	0	1	2819	1	0	2690	other	0
GPL001	45	Picture	50	1045661	0	1	50235	1	0	next	other	0
GPL001	46	Picture	80	1095897	0	1	7129	1	0	7000	other	0
GPL001	47	Picture	40	1103192	0	1	3813	1	0	3660	other	0
GPL001	48	Picture	80	1107171	0	1	7129	1	0	7000	other	0
GPL001	49	Picture	40	1114466	0	1	1824	1	0	1780	other	0
GPL001	50	Picture	80	1116455	0	1	7129	1	0	7000	other	0
GPL001	51	Picture	40	1123750	0	1	2155	1	0	2140	other	0
GPL001	52	Picture	85	1125915	0	322	7119	322	0	7000	hit	56
GPL001	52	Response	25	1129514	3598	0
GPL001	53	Picture	40	1133200	0	1	2818	1	0	2690	other	0
GPL001	54	Picture	80	1136185	0	1	7129	1	0	7000	other	0
GPL001	55	Picture	40	1143480	0	1	2155	1	0	2130	other	0
GPL001	56	Picture	80	1145801	0	1	7129	1	0	7000	other	0
GPL001	57	Picture	40	1153096	0	1	3482	1	0	3310	other	0
GPL001	58	Picture	80	1156743	0	1	7129	1	0	7000	other	0
GPL001	59	Picture	40	1164038	0	1	2155	1	0	1990	other	0
GPL001	60	Picture	80	1166359	0	1	7129	1	0	7000	other	0
GPL001	61	Picture	40	1173654	0	1	4476	1	0	4350	other	0
GPL001	62	Picture	80	1178296	0	1	7129	1	0	7000	other	0
GPL001	63	Picture	40	1185591	0	1	2984	1	0	2860	other	0
GPL001	64	Picture	80	1188741	0	1	7129	1	0	7000	other	0
GPL001	65	Picture	40	1196036	0	1	2653	1	0	2490	other	0
GPL001	66	Picture	50	1198855	0	1	70297	1	0	next	other	0
GPL001	67	Picture	90	1269151	0	1	7129	1	0	7000	other	0
GPL001	68	Picture	40	1276446	0	1	3482	1	0	3310	other	0
GPL001	69	Picture	90	1280094	0	1	7129	1	0	7000	other	0
GPL001	70	Picture	40	1287389	0	1	2155	1	0	2140	other	0
GPL001	71	Picture	95	1289710	0	1	7129	1	0	7000	hit	76
GPL001	71	Response	25	1293244	3534	0
GPL001	72	Picture	40	1297005	0	1	4476	1	0	4350	other	0
GPL001	73	Picture	90	1301647	0	1	7129	1	0	7000	other	0
GPL001	74	Picture	40	1308942	0	1	3813	1	0	3660	other	0
GPL001	75	Picture	90	1312921	0	1	7129	1	0	7000	other	0
GPL001	76	Picture	40	1320216	0	1	2653	1	0	2490	other	0
GPL001	77	Picture	90	1323034	0	1	7129	1	0	7000	other	0
GPL001	78	Picture	40	1330329	0	1	2984	1	0	2860	other	0
GPL001	79	Picture	90	1333479	0	1	7129	1	0	7000	other	0
GPL001	80	Picture	40	1340774	0	1	2155	1	0	1990	other	0
GPL001	81	Picture	90	1343095	0	1	7129	1	0	7000	other	0
GPL001	82	Picture	40	1350390	0	1	1824	1	0	1780	other	0
GPL001	83	Picture	95	1352380	0	1	7129	1	0	7000	hit	89
GPL001	83	Response	25	1355295	2915	0
GPL001	84	Picture	40	1359675	0	1	2155	1	0	2130	other	0
GPL001	85	Picture	90	1361996	0	1	7129	1	0	7000	other	0
GPL001	86	Picture	40	1369291	0	1	2819	1	0	2690	other	0
GPL001	87	Picture	50	1372275	0	1	90192	1	0	next	other	0
GPL001	88	Picture	60	1462467	0	1	7129	1	0	7000	other	0
GPL001	89	Picture	40	1469762	0	1	4476	1	0	4350	other	0
GPL001	90	Picture	60	1474404	0	1	7129	1	0	7000	other	0
GPL001	91	Picture	40	1481699	0	1	1824	1	0	1780	other	0
GPL001	92	Picture	60	1483689	0	1	7129	1	0	7000	other	0
GPL001	93	Picture	40	1490983	0	1	2984	1	0	2860	other	0
GPL001	94	Picture	60	1494134	0	1	7129	1	0	7000	other	0
GPL001	95	Picture	40	1501428	0	1	3813	1	0	3660	other	0
GPL001	96	Picture	60	1505407	0	1	7129	1	0	7000	other	0
GPL001	97	Picture	40	1512702	0	1	3482	1	0	3310	other	0
GPL001	98	Picture	60	1516350	0	1	7129	1	0	7000	other	0
GPL001	99	Picture	40	1523645	0	1	2155	1	0	2140	other	0
GPL001	100	Picture	65	1525810	0	322	7118	323	0	7000	hit	107
GPL001	100	Response	25	1529275	3465	0
GPL001	101	Picture	40	1533095	0	1	2155	1	0	2130	other	0
GPL001	102	Picture	60	1535416	0	1	7129	1	0	7000	other	0
GPL001	103	Picture	40	1542711	0	1	2818	1	0	2690	other	0
GPL001	104	Picture	60	1545695	0	1	7129	1	0	7000	other	0
GPL001	105	Picture	40	1552990	0	1	2155	1	0	1990	other	0
GPL001	106	Picture	60	1555311	0	1	7129	1	0	7000	other	0
GPL001	107	Picture	40	1562606	0	1	2653	1	0	2490	other	0
GPL001	108	Picture	50	1565425	0	1	90192	1	0	next	other	0
GPL001	109	Picture	70	1655617	0	1	7129	1	0	7000	other	0
GPL001	110	Picture	40	1662912	0	1	2155	1	0	2130	other	0
GPL001	111	Picture	70	1665233	0	1	7129	1	0	7000	other	0
GPL001	112	Picture	40	1672528	0	1	2155	1	0	1990	other	0
GPL001	113	Picture	75	1674849	0	1	7129	1	0	7000	hit	121
GPL001	113	Response	25	1678085	3236	0
GPL001	114	Picture	40	1682144	0	1	2653	1	0	2490	other	0
GPL001	115	Picture	70	1684962	0	1	7129	1	0	7000	other	0
GPL001	116	Picture	40	1692257	0	1	2818	1	0	2690	other	0
GPL001	117	Picture	70	1695241	0	1	7129	1	0	7000	other	0
GPL001	118	Picture	40	1702536	0	1	3482	1	0	3310	other	0
GPL001	119	Picture	70	1706184	0	1	7129	1	0	7000	other	0
GPL001	120	Picture	40	1713479	0	1	4476	1	0	4350	other	0
GPL001	121	Picture	70	1718121	0	1	7129	1	0	7000	other	0
GPL001	122	Picture	40	1725416	0	1	1824	1	0	1780	other	0
GPL001	123	Picture	70	1727405	0	1	7129	1	0	7000	other	0
GPL001	124	Picture	40	1734700	0	1	2984	1	0	2860	other	0
GPL001	125	Picture	70	1737850	0	1	7129	1	0	7000	other	0
GPL001	126	Picture	40	1745145	0	1	2155	1	0	2140	other	0
GPL001	127	Picture	70	1747311	0	322	7119	322	0	7000	other	0
GPL001	128	Picture	40	1754596	0	1	3813	1	0	3660	other	0
GPL001	129	Picture	50	1758575	0	1	70131	1	0	next	other	0
GPL001	130	Picture	80	1828705	0	1	7129	1	0	7000	other	0
GPL001	131	Picture	40	1836000	0	1	4476	1	0	4350	other	0
GPL001	132	Picture	80	1840643	0	1	7129	1	0	7000	other	0
GPL001	133	Picture	40	1847938	0	1	1824	1	0	1780	other	0
GPL001	134	Picture	80	1849927	0	1	7129	1	0	7000	other	0
GPL001	135	Picture	40	1857222	0	1	2984	1	0	2860	other	0
GPL001	136	Picture	85	1860372	0	1	7129	1	0	7000	hit	145
GPL001	136	Response	25	1863376	3003	0
GPL001	137	Picture	40	1867667	0	1	2155	1	0	2130	other	0
GPL001	138	Picture	80	1869988	0	1	7129	1	0	7000	other	0
GPL001	139	Picture	40	1877283	0	1	2653	1	0	2490	other	0
GPL001	140	Picture	80	1880101	0	1	7130	2	0	7000	other	0
GPL001	141	Picture	40	1887396	0	1	3482	1	0	3310	other	0
GPL001	142	Picture	85	1891044	0	1	7129	1	0	7000	hit	152
GPL001	142	Response	25	1894925	3881	0
GPL001	143	Picture	40	1898339	0	1	2155	1	0	1990	other	0
GPL001	144	Picture	80	1900660	0	1	7129	1	0	7000	other	0
GPL001	145	Picture	40	1907955	0	1	3813	1	0	3660	other	0
GPL001	146	Picture	80	1911934	0	1	7129	1	0	7000	other	0
GPL001	147	Picture	40	1919229	0	1	2818	1	0	2690	other	0
GPL001	148	Picture	80	1922213	0	1	7129	1	0	7000	other	0
GPL001	149	Picture	40	1929508	0	1	2155	1	0	2140	other	0
GPL001	150	Picture	50	1931673	0	322	50060	322	0	next	other	0
GPL001	151	Picture	90	1981733	0	1	7129	1	0	7000	other	0
GPL001	152	Picture	40	1989028	0	1	1824	1	0	1780	other	0
GPL001	153	Picture	90	1991018	0	1	7129	1	0	7000	other	0
GPL001	154	Picture	40	1998312	0	1	3482	1	0	3310	other	0
GPL001	155	Picture	90	2001960	0	1	7129	1	0	7000	other	0
GPL001	156	Picture	40	2009255	0	1	2819	1	0	2690	other	0
GPL001	157	Picture	90	2012239	0	1	7129	1	0	7000	other	0
GPL001	158	Picture	40	2019534	0	1	2984	1	0	2860	other	0
GPL001	159	Picture	90	2022684	0	1	7129	1	0	7000	other	0
GPL001	160	Picture	40	2029979	0	1	3813	1	0	3660	other	0
GPL001	161	Picture	90	2033958	0	1	7129	1	0	7000	other	0
GPL001	162	Picture	40	2041253	0	1	2155	1	0	2130	other	0
GPL001	163	Picture	90	2043574	0	1	7129	1	0	7000	other	0
GPL001	164	Picture	40	2050869	0	1	2155	1	0	1990	other	0
GPL001	165	Picture	90	2053190	0	1	7129	1	0	7000	other	0
GPL001	166	Picture	40	2060485	0	1	4476	1	0	4350	other	0
GPL001	167	Picture	90	2065127	0	1	7129	1	0	7000	other	0
GPL001	168	Picture	40	2072422	0	1	2155	1	0	2140	other	0
GPL001	169	Picture	90	2074588	0	322	7119	322	0	7000	other	0
GPL001	170	Picture	40	2081873	0	1	2653	1	0	2490	other	0
GPL001	171	Picture	50	2084691	0	1	30175	1	0	next	other	0
GPL001	172	Picture	60	2114866	0	1	7129	1	0	7000	other	0
GPL001	173	Picture	40	2122160	0	1	3482	1	0	3310	other	0
GPL001	174	Picture	60	2125808	0	1	7129	1	0	7000	other	0
GPL001	175	Picture	40	2133103	0	1	2155	1	0	2140	other	0
GPL001	176	Picture	60	2135268	0	322	7119	322	0	7000	other	0
GPL001	177	Picture	40	2142553	0	1	4476	1	0	4350	other	0
GPL001	178	Picture	60	2147195	0	1	7129	1	0	7000	other	0
GPL001	179	Picture	40	2154490	0	1	2155	1	0	1990	other	0
GPL001	180	Picture	60	2156811	0	1	7129	1	0	7000	other	0
GPL001	181	Picture	40	2164106	0	1	2984	1	0	2860	other	0
GPL001	182	Picture	60	2167256	0	1	7129	1	0	7000	other	0
GPL001	183	Picture	40	2174551	0	1	2818	1	0	2690	other	0
GPL001	184	Picture	60	2177536	0	1	7129	1	0	7000	other	0
GPL001	185	Picture	40	2184831	0	1	2155	1	0	2130	other	0
GPL001	186	Picture	60	2187152	0	1	7129	1	0	7000	other	0
GPL001	187	Picture	40	2194447	0	1	2653	1	0	2490	other	0
GPL001	188	Picture	60	2197265	0	1	7129	1	0	7000	other	0
GPL001	189	Picture	40	2204560	0	1	1824	1	0	1780	other	0
GPL001	190	Picture	65	2206550	0	1	7129	1	0	7000	hit	201
GPL001	190	Response	25	2209757	3207	0
GPL001	191	Picture	40	2213844	0	1	3813	1	0	3660	other	0
GPL001	192	Picture	50	2217823	0	1	70131	1	0	next	other	0
GPL001	193	Picture	70	2287954	0	1	7129	1	0	7000	other	0
GPL001	194	Picture	40	2295249	0	1	2155	1	0	1990	other	0
GPL001	195	Picture	70	2297570	0	1	7129	1	0	7000	other	0
GPL001	196	Picture	40	2304865	0	1	1824	1	0	1780	other	0
GPL001	197	Picture	70	2306855	0	1	7129	1	0	7000	other	0
GPL001	198	Picture	40	2314150	0	1	3813	1	0	3660	other	0
GPL001	199	Picture	75	2318129	0	1	7129	1	0	7000	hit	211
GPL001	199	Response	25	2321637	3508	0
GPL001	200	Picture	40	2325424	0	1	3482	1	0	3310	other	0
GPL001	201	Picture	70	2329071	0	1	7129	1	0	7000	other	0
GPL001	202	Picture	40	2336366	0	1	2155	1	0	2140	other	0
GPL001	203	Picture	75	2338531	0	322	7119	322	0	7000	hit	216
GPL001	203	Response	25	2342466	3935	0
GPL001	204	Picture	40	2345816	0	1	4476	1	0	4350	other	0
GPL001	205	Picture	70	2350459	0	1	7129	1	0	7000	other	0
GPL001	206	Picture	40	2357753	0	1	2819	1	0	2690	other	0
GPL001	207	Picture	70	2360738	0	1	7129	1	0	7000	other	0
GPL001	208	Picture	40	2368033	0	1	2653	1	0	2490	other	0
GPL001	209	Picture	70	2370851	0	1	7129	1	0	7000	other	0
GPL001	210	Picture	40	2378146	0	1	2984	1	0	2860	other	0
GPL001	211	Picture	70	2381296	0	1	7129	1	0	7000	other	0
GPL001	212	Picture	40	2388591	0	1	2130	192	0	2130	other	0
GPL001	213	Picture	50	2391078	0	1	30175	1	0	next	other	0
GPL001	214	Picture	80	2421252	0	1	7129	1	0	7000	other	0
GPL001	215	Picture	40	2428547	0	1	2818	1	0	2690	other	0
GPL001	216	Picture	80	2431532	0	1	7129	1	0	7000	other	0
GPL001	217	Picture	40	2438827	0	1	2653	1	0	2490	other	0
GPL001	218	Picture	80	2441645	0	1	7129	1	0	7000	other	0
GPL001	219	Picture	40	2448940	0	1	1824	1	0	1780	other	0
GPL001	220	Picture	80	2450930	0	1	7129	1	0	7000	other	0
GPL001	221	Picture	40	2458224	0	1	2155	1	0	1990	other	0
GPL001	222	Picture	80	2460546	0	1	7129	1	0	7000	other	0
GPL001	223	Picture	40	2467841	0	1	2155	1	0	2140	other	0
GPL001	224	Picture	80	2470006	0	322	7119	322	0	7000	other	0
GPL001	225	Picture	40	2477291	0	1	2155	1	0	2130	other	0
GPL001	226	Picture	80	2479612	0	1	7129	1	0	7000	other	0
GPL001	227	Picture	40	2486907	0	1	4476	1	0	4350	other	0
GPL001	228	Picture	80	2491549	0	1	7129	1	0	7000	other	0
GPL001	229	Picture	40	2498844	0	1	3813	1	0	3660	other	0
GPL001	230	Picture	80	2502823	0	1	7129	1	0	7000	other	0
GPL001	231	Picture	40	2510118	0	1	2984	1	0	2860	other	0
GPL001	232	Picture	80	2513268	0	1	7129	1	0	7000	other	0
GPL001	233	Picture	40	2520563	0	1	3482	1	0	3310	other	0
GPL001	234	Picture	50	2524210	0	1	90192	1	0	next	other	0
GPL001	235	Picture	90	2614402	0	1	7129	1	0	7000	other	0
GPL001	236	Picture	40	2621697	0	1	3813	1	0	3660	other	0
GPL001	237	Picture	90	2625676	0	1	7129	1	0	7000	other	0
GPL001	238	Picture	40	2632971	0	1	2155	1	0	2130	other	0
GPL001	239	Picture	90	2635292	0	1	7129	1	0	7000	other	0
GPL001	240	Picture	40	2642587	0	1	2818	1	0	2690	other	0
GPL001	241	Picture	90	2645571	0	1	7129	1	0	7000	other	0
GPL001	242	Picture	40	2652866	0	1	2155	1	0	1990	other	0
GPL001	243	Picture	90	2655188	0	1	7129	1	0	7000	other	0
GPL001	244	Picture	40	2662482	0	1	2653	1	0	2490	other	0
GPL001	245	Picture	90	2665301	0	1	7129	1	0	7000	other	0
GPL001	246	Picture	40	2672596	0	1	1824	1	0	1780	other	0
GPL001	247	Picture	90	2674585	0	1	7129	1	0	7000	other	0
GPL001	248	Picture	40	2681880	0	1	2984	1	0	2860	other	0
GPL001	249	Picture	90	2685030	0	1	7129	1	0	7000	other	0
GPL001	250	Picture	40	2692325	0	1	3482	1	0	3310	other	0
GPL001	251	Picture	95	2695973	0	1	7129	1	0	7000	hit	265
GPL001	251	Response	25	2699537	3564	0
GPL001	252	Picture	40	2703268	0	1	2155	1	0	2140	other	0
GPL001	253	Picture	90	2705433	0	322	7119	322	0	7000	other	0
GPL001	254	Picture	40	2712718	0	1	4476	1	0	4350	other	0
GPL001	255	Picture	50	2717360	0	1	50070	1	0	next	other	0
GPL001	256	Picture	60	2767430	0	1	7129	1	0	7000	other	0
GPL001	257	Picture	40	2774725	0	1	2155	1	0	2130	other	0
GPL001	258	Picture	60	2777046	0	1	7129	1	0	7000	other	0
GPL001	259	Picture	40	2784341	0	1	2653	1	0	2490	other	0
GPL001	260	Picture	60	2787159	0	1	7129	1	0	7000	other	0
GPL001	261	Picture	40	2794454	0	1	2819	1	0	2690	other	0
GPL001	262	Picture	65	2797439	0	1	7129	1	0	7000	hit	277
GPL001	262	Response	25	2800657	3219	0
GPL001	263	Picture	40	2804734	0	1	3813	1	0	3660	other	0
GPL001	264	Picture	60	2808713	0	1	7129	1	0	7000	other	0
GPL001	265	Picture	40	2816008	0	1	2984	1	0	2860	other	0
GPL001	266	Picture	60	2819158	0	1	7129	1	0	7000	other	0
GPL001	267	Picture	40	2826453	0	1	4476	1	0	4350	other	0
GPL001	268	Picture	65	2831095	0	1	7129	1	0	7000	hit	284
GPL001	268	Response	25	2834377	3282	0
GPL001	269	Picture	40	2838390	0	1	3482	1	0	3310	other	0
GPL001	270	Picture	60	2842037	0	1	7129	1	0	7000	other	0
GPL001	271	Picture	40	2849332	0	1	2155	1	0	1990	other	0
GPL001	272	Picture	60	2851653	0	1	7129	1	0	7000	other	0
GPL001	273	Picture	40	2858948	0	1	1824	1	0	1780	other	0
GPL001	274	Picture	60	2860938	0	1	7129	1	0	7000	other	0
GPL001	275	Picture	40	2868233	0	1	2155	1	0	2140	other	0
GPL001	276	Picture	50	2870554	0	1	50070	1	0	next	other	0
GPL001	277	Picture	70	2920623	0	1	7129	1	0	7000	other	0
GPL001	278	Picture	40	2927918	0	1	2155	1	0	1990	other	0
GPL001	279	Picture	70	2930239	0	1	7129	1	0	7000	other	0
GPL001	280	Picture	40	2937534	0	1	3482	1	0	3310	other	0
GPL001	281	Picture	70	2941182	0	1	7129	1	0	7000	other	0
GPL001	282	Picture	40	2948477	0	1	1824	1	0	1780	other	0
GPL001	283	Picture	70	2950466	0	1	7129	1	0	7000	other	0
GPL001	284	Picture	40	2957761	0	1	2984	1	0	2860	other	0
GPL001	285	Picture	70	2960911	0	1	7129	1	0	7000	other	0
GPL001	286	Picture	40	2968206	0	1	2155	1	0	2130	other	0
GPL001	287	Picture	70	2970527	0	1	7129	1	0	7000	other	0
GPL001	288	Picture	40	2977822	0	1	4476	1	0	4350	other	0
GPL001	289	Picture	70	2982465	0	1	7129	1	0	7000	other	0
GPL001	290	Picture	40	2989759	0	1	2819	1	0	2690	other	0
GPL001	291	Picture	70	2992744	0	1	7129	1	0	7000	other	0
GPL001	292	Picture	40	3000039	0	1	2155	1	0	2140	other	0
GPL001	293	Picture	70	3002204	0	322	7119	322	0	7000	other	0
GPL001	294	Picture	40	3009489	0	1	3813	1	0	3660	other	0
GPL001	295	Picture	70	3013468	0	1	7129	1	0	7000	other	0
GPL001	296	Picture	40	3020763	0	1	2653	1	0	2490	other	0
GPL001	297	Picture	50	3023581	0	1	90192	1	0	next	other	0
GPL001	298	Picture	80	3113773	0	1	7129	1	0	7000	other	0
GPL001	299	Picture	40	3121068	0	1	2818	1	0	2690	other	0
GPL001	300	Picture	80	3124052	0	1	7129	1	0	7000	other	0
GPL001	301	Picture	40	3131347	0	1	2984	1	0	2860	other	0
GPL001	302	Picture	80	3134497	0	1	7129	1	0	7000	other	0
GPL001	303	Picture	40	3141792	0	1	4476	1	0	4350	other	0
GPL001	304	Picture	80	3146435	0	1	7129	1	0	7000	other	0
GPL001	305	Picture	40	3153730	0	1	2155	1	0	2140	other	0
GPL001	306	Picture	80	3155895	0	322	7119	322	0	7000	other	0
GPL001	307	Picture	40	3163180	0	1	2653	1	0	2490	other	0
GPL001	308	Picture	80	3165998	0	1	7129	1	0	7000	other	0
GPL001	309	Picture	40	3173293	0	1	3813	1	0	3660	other	0
GPL001	310	Picture	85	3177272	0	1	7129	1	0	7000	hit	327
GPL001	310	Response	25	3180968	3696	0
GPL001	311	Picture	40	3184567	0	1	2155	1	0	1990	other	0
GPL001	312	Picture	80	3186888	0	1	7129	1	0	7000	other	0
GPL001	313	Picture	40	3194183	0	1	3482	1	0	3310	other	0
GPL001	314	Picture	80	3197831	0	1	7129	1	0	7000	other	0
GPL001	315	Picture	40	3205126	0	1	2155	1	0	2130	other	0
GPL001	316	Picture	80	3207447	0	1	7129	1	0	7000	other	0
GPL001	317	Picture	40	3214742	0	1	1824	1	0	1780	other	0
GPL001	318	Picture	50	3216731	0	1	30174	1	0	next	other	0
GPL001	319	Picture	90	3246906	0	1	7129	1	0	7000	other	0
GPL001	320	Picture	40	3254201	0	1	4476	1	0	4350	other	0
GPL001	321	Picture	90	3258843	0	1	7129	1	0	7000	other	0
GPL001	322	Picture	40	3266138	0	1	2818	1	0	2690	other	0
GPL001	323	Picture	90	3269122	0	1	7129	1	0	7000	other	0
GPL001	324	Picture	40	3276417	0	1	2155	1	0	1990	other	0
GPL001	325	Picture	90	3278738	0	1	7129	1	0	7000	other	0
GPL001	326	Picture	40	3286033	0	1	2653	1	0	2490	other	0
GPL001	327	Picture	90	3288851	0	1	7129	1	0	7000	other	0
GPL001	328	Picture	40	3296146	0	1	3813	1	0	3660	other	0
GPL001	329	Picture	90	3300126	0	1	7129	1	0	7000	other	0
GPL001	330	Picture	40	3307420	0	1	3482	1	0	3310	other	0
GPL001	331	Picture	90	3311068	0	1	7129	1	0	7000	other	0
GPL001	332	Picture	40	3318363	0	1	2155	1	0	2130	other	0
GPL001	333	Picture	95	3320684	0	1	7129	1	0	7000	hit	351
GPL001	333	Response	25	3323959	3275	0
GPL001	334	Picture	40	3327979	0	1	2984	1	0	2860	other	0
GPL001	335	Picture	90	3331129	0	1	7129	1	0	7000	other	0
GPL001	336	Picture	40	3338424	0	1	2155	1	0	2140	other	0
GPL001	337	Picture	90	3340589	0	322	7119	322	0	7000	other	0
GPL001	338	Picture	40	3347874	0	1	1824	1	0	1780	other	0
GPL001	339	Picture	50	3349864	0	1	70131	1	0	next	other	0
GPL001	340	Picture	60	3419994	0	1	7129	1	0	7000	other	0
GPL001	341	Picture	40	3427289	0	1	1824	1	0	1780	other	0
GPL001	342	Picture	60	3429279	0	1	7129	1	0	7000	other	0
GPL001	343	Picture	40	3436574	0	1	2984	1	0	2860	other	0
GPL001	344	Picture	60	3439724	0	1	7129	1	0	7000	other	0
GPL001	345	Picture	40	3447019	0	1	2155	1	0	2140	other	0
GPL001	346	Picture	60	3449184	0	322	7119	322	0	7000	other	0
GPL001	347	Picture	40	3456469	0	1	4476	1	0	4350	other	0
GPL001	348	Picture	60	3461111	0	1	7129	1	0	7000	other	0
GPL001	349	Picture	40	3468406	0	1	2155	1	0	1990	other	0
GPL001	350	Picture	65	3470727	0	1	7129	1	0	7000	hit	369
GPL001	350	Response	25	3474038	3311	0
GPL001	351	Picture	40	3478022	0	1	2155	1	0	2130	other	0
GPL001	352	Picture	60	3480343	0	1	7129	1	0	7000	other	0
GPL001	353	Picture	40	3487638	0	1	2819	1	0	2690	other	0
GPL001	354	Picture	60	3490623	0	1	7129	1	0	7000	other	0
GPL001	355	Picture	40	3497918	0	1	2653	1	0	2490	other	0
GPL001	356	Picture	60	3500736	0	1	7129	1	0	7000	other	0
GPL001	357	Picture	40	3508030	0	1	3482	2	0	3310	other	0
GPL001	358	Picture	60	3511678	0	1	7129	1	0	7000	other	0
GPL001	359	Picture	40	3518973	0	1	3813	2	0	3660	other	0
GPL001	360	Picture	50	3522952	0	1	90192	1	0	next	other	0
GPL001	361	Picture	70	3613144	0	1	7129	1	0	7000	other	0
GPL001	362	Picture	40	3620439	0	1	2155	1	0	2140	other	0
GPL001	363	Picture	70	3622605	0	156	7119	157	0	7000	other	0
GPL001	364	Picture	40	3629889	0	1	2818	1	0	2690	other	0
GPL001	365	Picture	70	3632874	0	1	7129	1	0	7000	other	0
GPL001	366	Picture	40	3640169	0	1	2984	1	0	2860	other	0
GPL001	367	Picture	70	3643319	0	1	7129	1	0	7000	other	0
GPL001	368	Picture	40	3650614	0	1	1824	1	0	1780	other	0
GPL001	369	Picture	75	3652603	0	1	7129	1	0	7000	hit	389
GPL001	369	Response	25	3656179	3575	0
GPL001	370	Picture	40	3659898	0	1	2155	1	0	2130	other	0
GPL001	371	Picture	70	3662219	0	1	7129	1	0	7000	other	0
GPL001	372	Picture	40	3669514	0	1	4476	1	0	4350	other	0
GPL001	373	Picture	75	3674156	0	1	7129	1	0	7000	hit	394
GPL001	373	Response	25	3677509	3353	0
GPL001	374	Picture	40	3681451	0	1	2653	1	0	2490	other	0
GPL001	375	Picture	70	3684270	0	1	7129	1	0	7000	other	0
GPL001	376	Picture	40	3691565	0	1	3482	1	0	3310	other	0
GPL001	377	Picture	70	3695212	0	1	7129	1	0	7000	other	0
GPL001	378	Picture	40	3702507	0	1	2155	1	0	1990	other	0
GPL001	379	Picture	70	3704828	0	1	7129	1	0	7000	other	0
GPL001	380	Picture	40	3712123	0	1	3813	1	0	3660	other	0
GPL001	381	Picture	50	3716102	0	1	30174	1	0	next	other	0
GPL001	382	Picture	80	3746277	0	1	7129	1	0	7000	other	0
GPL001	383	Picture	40	3753572	0	1	3482	1	0	3310	other	0
GPL001	384	Picture	80	3757219	0	1	7129	1	0	7000	other	0
GPL001	385	Picture	40	3764514	0	1	2155	1	0	2130	other	0
GPL001	386	Picture	80	3766835	0	1	7129	1	0	7000	other	0
GPL001	387	Picture	40	3774130	0	1	2984	1	0	2860	other	0
GPL001	388	Picture	80	3777280	0	1	7129	1	0	7000	other	0
GPL001	389	Picture	40	3784575	0	1	2155	1	0	1990	other	0
GPL001	390	Picture	80	3786896	0	1	7129	1	0	7000	other	0
GPL001	391	Picture	40	3794191	0	1	3813	1	0	3660	other	0
GPL001	392	Picture	80	3798170	0	1	7129	1	0	7000	other	0
GPL001	393	Picture	40	3805465	0	1	1824	1	0	1780	other	0
GPL001	394	Picture	80	3807455	0	1	7129	1	0	7000	other	0
GPL001	395	Picture	40	3814749	0	1	2653	1	0	2490	other	0
GPL001	396	Picture	80	3817568	0	1	7129	1	0	7000	other	0
GPL001	397	Picture	40	3824863	0	1	4476	1	0	4350	other	0
GPL001	398	Picture	80	3829505	0	1	7129	1	0	7000	other	0
GPL001	399	Picture	40	3836800	0	1	2818	1	0	2690	other	0
GPL001	400	Picture	80	3839784	0	1	7129	1	0	7000	other	0
GPL001	401	Picture	40	3847079	0	1	2155	1	0	2140	other	0
GPL001	402	Picture	50	3849245	0	322	50060	322	0	next	other	0
GPL001	403	Picture	90	3899304	0	1	7129	1	0	7000	other	0
GPL001	404	Picture	40	3906599	0	1	2155	1	0	1990	other	0
GPL001	405	Picture	90	3908920	0	1	7129	1	0	7000	other	0
GPL001	406	Picture	40	3916215	0	1	4476	1	0	4350	other	0
GPL001	407	Picture	90	3920858	0	1	7129	1	0	7000	other	0
GPL001	408	Picture	40	3928152	0	1	3813	1	0	3660	other	0
GPL001	409	Picture	90	3932132	0	1	7129	1	0	7000	other	0
GPL001	410	Picture	40	3939426	0	1	1824	1	0	1780	other	0
GPL001	411	Picture	90	3941416	0	1	7129	1	0	7000	other	0
GPL001	412	Picture	40	3948711	0	1	2653	1	0	2490	other	0
GPL001	413	Picture	90	3951529	0	1	7129	1	0	7000	other	0
GPL001	414	Picture	40	3958824	0	1	2984	1	0	2860	other	0
GPL001	415	Picture	95	3961974	0	1	7129	1	0	7000	hit	437
GPL001	415	Response	25	3966439	4465	0
GPL001	416	Picture	40	3969269	0	1	2819	1	0	2690	other	0
GPL001	417	Picture	90	3972254	0	1	7129	1	0	7000	other	0
GPL001	418	Picture	40	3979549	0	1	2155	1	0	2130	other	0
GPL001	419	Picture	90	3981870	0	1	7129	1	0	7000	other	0
GPL001	420	Picture	40	3989165	0	1	3482	1	0	3310	other	0
GPL001	421	Picture	90	3992812	0	1	7129	1	0	7000	other	0
GPL001	422	Picture	40	4000107	0	1	2155	1	0	2140	other	0
GPL001	423	Picture	50	4002272	0	322	70121	322	0	next	other	0
GPL001	424	Picture	60	4072393	0	1	7129	1	0	7000	other	0
GPL001	425	Picture	40	4079688	0	1	3482	1	0	3310	other	0
GPL001	426	Picture	60	4083335	0	1	7129	1	0	7000	other	0
GPL001	427	Picture	40	4090630	0	1	2155	1	0	2140	other	0
GPL001	428	Picture	65	4092796	0	322	7119	322	0	7000	hit	451
GPL001	428	Response	25	4096550	3755	0
GPL001	429	Picture	40	4100081	0	1	3813	1	0	3660	other	0
GPL001	430	Picture	60	4104060	0	1	7129	1	0	7000	other	0
GPL001	431	Picture	40	4111355	0	1	2155	1	0	1990	other	0
GPL001	432	Picture	60	4113676	0	1	7129	1	0	7000	other	0
GPL001	433	Picture	40	4120971	0	1	2155	1	0	2130	other	0
GPL001	434	Picture	60	4123292	0	1	7129	1	0	7000	other	0
GPL001	435	Picture	40	4130587	0	1	2818	1	0	2690	other	0
GPL001	436	Picture	60	4133571	0	1	7129	1	0	7000	other	0
GPL001	437	Picture	40	4140866	0	1	1824	1	0	1780	other	0
GPL001	438	Picture	60	4142855	0	1	7129	1	0	7000	other	0
GPL001	439	Picture	40	4150150	0	1	4476	1	0	4350	other	0
GPL001	440	Picture	65	4154793	0	1	7129	1	0	7000	hit	464
GPL001	440	Response	25	4158090	3298	0
GPL001	441	Picture	40	4162088	0	1	2653	1	0	2490	other	0
GPL001	442	Picture	60	4164906	0	1	7129	1	0	7000	other	0
GPL001	443	Picture	40	4172201	0	1	2984	1	0	2860	other	0
GPL001	444	Picture	50	4175351	0	1	70131	1	0	next	other	0
GPL001	445	Picture	70	4245482	0	1	7129	1	0	7000	other	0
GPL001	446	Picture	40	4252777	0	1	3482	1	0	3310	other	0
GPL001	447	Picture	70	4256424	0	1	7129	1	0	7000	other	0
GPL001	448	Picture	40	4263719	0	1	1824	1	0	1780	other	0
GPL001	449	Picture	70	4265709	0	1	7129	1	0	7000	other	0
GPL001	450	Picture	40	4273004	0	1	2818	1	0	2690	other	0
GPL001	451	Picture	70	4275988	0	1	7129	1	0	7000	other	0
GPL001	452	Picture	40	4283283	0	1	2155	1	0	2130	other	0
GPL001	453	Picture	70	4285604	0	1	7129	1	0	7000	other	0
GPL001	454	Picture	40	4292899	0	1	4476	1	0	4350	other	0
GPL001	455	Picture	70	4297541	0	1	7129	1	0	7000	other	0
GPL001	456	Picture	40	4304836	0	1	2653	1	0	2490	other	0
GPL001	457	Picture	70	4307655	0	1	7129	1	0	7000	other	0
GPL001	458	Picture	40	4314949	0	1	2984	1	0	2860	other	0
GPL001	459	Picture	70	4318099	0	1	7129	1	0	7000	other	0
GPL001	460	Picture	40	4325394	0	1	3813	1	0	3660	other	0
GPL001	461	Picture	70	4329373	0	1	7129	1	0	7000	other	0
GPL001	462	Picture	40	4336668	0	1	2155	1	0	1990	other	0
GPL001	463	Picture	70	4338990	0	1	7129	1	0	7000	other	0
GPL001	464	Picture	40	4346284	0	1	2155	1	0	2140	other	0
GPL001	465	Picture	50	4348450	0	322	50060	322	0	next	other	0
GPL001	466	Picture	80	4398510	0	1	7129	1	0	7000	other	0
GPL001	467	Picture	40	4405804	0	1	1824	1	0	1780	other	0
GPL001	468	Picture	80	4407794	0	1	7129	1	0	7000	other	0
GPL001	469	Picture	40	4415089	0	1	3813	1	0	3660	other	0
GPL001	470	Picture	85	4419068	0	1	7129	1	0	7000	hit	495
GPL001	470	Response	25	4422991	3923	0
GPL001	471	Picture	40	4426363	0	1	2984	1	0	2860	other	0
GPL001	472	Picture	80	4429513	0	1	7129	1	0	7000	other	0
GPL001	473	Picture	40	4436808	0	1	2155	1	0	1990	other	0
GPL001	474	Picture	80	4439129	0	1	7129	1	0	7000	other	0
GPL001	475	Picture	40	4446424	0	1	2155	1	0	2140	other	0
GPL001	476	Picture	80	4448589	0	322	7119	322	0	7000	other	0
GPL001	477	Picture	40	4455874	0	1	3482	1	0	3310	other	0
GPL001	478	Picture	80	4459522	0	1	7129	1	0	7000	other	0
GPL001	479	Picture	40	4466816	0	1	2155	1	0	2130	other	0
GPL001	480	Picture	80	4469138	0	1	7129	1	0	7000	other	0
GPL001	481	Picture	40	4476433	0	1	4476	1	0	4350	other	0
GPL001	482	Picture	80	4481075	0	1	7129	1	0	7000	other	0
GPL001	483	Picture	40	4488370	0	1	2819	1	0	2690	other	0
GPL001	484	Picture	80	4491354	0	1	7129	1	0	7000	other	0
GPL001	485	Picture	40	4498649	0	1	2653	1	0	2490	other	0
GPL001	486	Picture	50	4501467	0	1	90192	1	0	next	other	0
GPL001	487	Picture	90	4591659	0	1	7129	1	0	7000	other	0
GPL001	488	Picture	40	4598954	0	1	2819	1	0	2690	other	0
GPL001	489	Picture	90	4601939	0	1	7129	1	0	7000	other	0
GPL001	490	Picture	40	4609233	0	1	2653	1	0	2490	other	0
GPL001	491	Picture	90	4612052	0	1	7129	1	0	7000	other	0
GPL001	492	Picture	40	4619347	0	1	1824	1	0	1780	other	0
GPL001	493	Picture	90	4621336	0	1	7129	2	0	7000	other	0
GPL001	494	Picture	40	4628631	0	1	2984	1	0	2860	other	0
GPL001	495	Picture	95	4631781	0	1	7129	1	0	7000	hit	521
GPL001	495	Response	25	4635541	3760	0
GPL001	496	Picture	40	4639076	0	1	2155	1	0	2140	other	0
GPL001	497	Picture	90	4641397	0	1	7129	1	0	7000	other	0
GPL001	498	Picture	40	4648692	0	1	4476	1	0	4350	other	0
GPL001	499	Picture	90	4653335	0	1	7129	1	0	7000	other	0
GPL001	500	Picture	40	4660630	0	1	3813	1	0	3660	other	0
GPL001	501	Picture	90	4664609	0	1	7129	1	0	7000	other	0
GPL001	502	Picture	40	4671904	0	1	2155	1	0	1990	other	0
GPL001	503	Picture	90	4674225	0	1	7129	1	0	7000	other	0
GPL001	504	Picture	40	4681520	0	1	2155	1	0	2130	other	0
GPL001	505	Picture	90	4683841	0	1	7129	1	0	7000	other	0
GPL001	506	Picture	40	4691136	0	1	3482	1	0	3310	other	0
GPL001	507	Picture	50	4694783	0	1	30175	1	0	next	other	0
GPL001	508	Picture	60	4724958	0	1	7129	1	0	7000	other	0
GPL001	509	Picture	40	4732252	0	1	2819	1	0	2690	other	0
GPL001	510	Picture	60	4735237	0	1	7129	1	0	7000	other	0
GPL001	511	Picture	40	4742532	0	1	2155	1	0	2130	other	0
GPL001	512	Picture	60	4744853	0	1	7129	1	0	7000	other	0
GPL001	513	Picture	40	4752148	0	1	3813	1	0	3660	other	0
GPL001	514	Picture	60	4756127	0	1	7129	1	0	7000	other	0
GPL001	515	Picture	40	4763422	0	1	2984	1	0	2860	other	0
GPL001	516	Picture	60	4766572	0	1	7129	1	0	7000	other	0
GPL001	517	Picture	40	4773867	0	1	2155	1	0	1990	other	0
GPL001	518	Picture	60	4776188	0	1	7129	1	0	7000	other	0
GPL001	519	Picture	40	4783483	0	1	4476	1	0	4350	other	0
GPL001	520	Picture	60	4788125	0	1	7129	1	0	7000	other	0
GPL001	521	Picture	40	4795420	0	1	3482	1	0	3310	other	0
GPL001	522	Picture	60	4799067	0	1	7129	1	0	7000	other	0
GPL001	523	Picture	40	4806362	0	1	2653	1	0	2490	other	0
GPL001	524	Picture	60	4809181	0	1	7129	1	0	7000	other	0
GPL001	525	Picture	40	4816476	0	1	2155	1	0	2140	other	0
GPL001	526	Picture	60	4818641	0	322	7119	322	0	7000	other	0
GPL001	527	Picture	40	4825926	0	1	1824	1	0	1780	other	0
GPL001	528	Picture	50	4827916	0	1	50070	1	0	next	other	0
GPL001	529	Picture	70	4877985	0	1	7129	1	0	7000	other	0
GPL001	530	Picture	40	4885280	0	1	2155	1	0	1990	other	0
GPL001	531	Picture	70	4887601	0	1	7129	1	0	7000	other	0
GPL001	532	Picture	40	4894896	0	1	4476	1	0	4350	other	0
GPL001	533	Picture	70	4899538	0	1	7129	1	0	7000	other	0
GPL001	534	Picture	40	4906833	0	1	2653	1	0	2490	other	0
GPL001	535	Picture	70	4909652	0	1	7129	1	0	7000	other	0
GPL001	536	Picture	40	4916947	0	1	1824	1	0	1780	other	0
GPL001	537	Picture	75	4918936	0	1	7129	1	0	7000	hit	564
GPL001	537	Response	25	4922871	3935	0
GPL001	538	Picture	40	4926231	0	1	3813	1	0	3660	other	0
GPL001	539	Picture	70	4930210	0	1	7129	1	0	7000	other	0
GPL001	540	Picture	40	4937505	0	1	2155	1	0	2140	other	0
GPL001	541	Picture	70	4939670	0	322	7119	323	0	7000	other	0
GPL001	542	Picture	40	4946955	0	1	3482	1	0	3310	other	0
GPL001	543	Picture	70	4950603	0	1	7129	1	0	7000	other	0
GPL001	544	Picture	40	4957898	0	1	2818	1	0	2690	other	0
GPL001	545	Picture	70	4960882	0	1	7129	1	0	7000	other	0
GPL001	546	Picture	40	4968177	0	1	2155	1	0	2130	other	0
GPL001	547	Picture	70	4970498	0	1	7129	1	0	7000	other	0
GPL001	548	Picture	40	4977793	0	1	2984	1	0	2860	other	0
GPL001	549	Picture	50	4980943	0	1	70131	1	0	next	other	0
GPL001	550	Picture	80	5051074	0	1	7129	1	0	7000	other	0
GPL001	551	Picture	40	5058369	0	1	2155	1	0	1990	other	0
GPL001	552	Picture	80	5060690	0	1	7129	1	0	7000	other	0
GPL001	553	Picture	40	5067985	0	1	2155	1	0	2130	other	0
GPL001	554	Picture	80	5070306	0	1	7129	1	0	7000	other	0
GPL001	555	Picture	40	5077601	0	1	2818	1	0	2690	other	0
GPL001	556	Picture	85	5080585	0	1	7129	1	0	7000	hit	584
GPL001	556	Response	25	5084892	4307	0
GPL001	557	Picture	40	5087880	0	1	2155	1	0	2140	other	0
GPL001	558	Picture	80	5090046	0	322	7119	322	0	7000	other	0
GPL001	559	Picture	40	5097330	0	1	3813	1	0	3660	other	0
GPL001	560	Picture	80	5101309	0	1	7129	1	0	7000	other	0
GPL001	561	Picture	40	5108604	0	1	2984	1	0	2860	other	0
GPL001	562	Picture	80	5111754	0	1	7129	1	0	7000	other	0
GPL001	563	Picture	40	5119049	0	1	3482	1	0	3310	other	0
GPL001	564	Picture	80	5122697	0	1	7129	1	0	7000	other	0
GPL001	565	Picture	40	5129992	0	1	4476	1	0	4350	other	0
GPL001	566	Picture	80	5134634	0	1	7129	1	0	7000	other	0
GPL001	567	Picture	40	5141929	0	1	1824	1	0	1780	other	0
GPL001	568	Picture	80	5143918	0	1	7129	1	0	7000	other	0
GPL001	569	Picture	40	5151213	0	1	2653	1	0	2490	other	0
GPL001	570	Picture	50	5154032	0	1	30174	1	0	next	other	0
GPL001	571	Picture	90	5184206	0	1	7129	1	0	7000	other	0
GPL001	572	Picture	40	5191501	0	1	4476	1	0	4350	other	0
GPL001	573	Picture	90	5196143	0	1	7129	1	0	7000	other	0
GPL001	574	Picture	40	5203438	0	1	2155	1	0	1990	other	0
GPL001	575	Picture	90	5205760	0	1	7129	1	0	7000	other	0
GPL001	576	Picture	40	5213054	0	1	2155	1	0	2140	other	0
GPL001	577	Picture	90	5215220	0	322	7119	323	0	7000	other	0
GPL001	578	Picture	40	5222505	0	1	2653	1	0	2490	other	0
GPL001	579	Picture	90	5225323	0	1	7129	1	0	7000	other	0
GPL001	580	Picture	40	5232618	0	1	2984	1	0	2860	other	0
GPL001	581	Picture	90	5235768	0	1	7129	1	0	7000	other	0
GPL001	582	Picture	40	5243063	0	1	3813	1	0	3660	other	0
GPL001	583	Picture	95	5247042	0	1	7129	1	0	7000	hit	612
GPL001	583	Response	25	5250803	3761	0
GPL001	584	Picture	40	5254337	0	1	3482	1	0	3310	other	0
GPL001	585	Picture	90	5257985	0	1	7129	1	0	7000	other	0
GPL001	586	Picture	40	5265280	0	1	2818	1	0	2690	other	0
GPL001	587	Picture	95	5268264	0	1	7129	1	0	7000	hit	617
GPL001	587	Response	25	5272402	4139	0
GPL001	588	Picture	40	5275559	0	1	1824	1	0	1780	other	0
GPL001	589	Picture	90	5277548	0	1	7129	1	0	7000	other	0
GPL001	590	Picture	40	5284843	0	1	2155	1	0	2130	other	0
GPL001	591	Picture	50	5287164	0	1	90192	1	0	next	other	0
GPL001	592	Picture	60	5377356	0	1	7129	1	0	7000	other	0
GPL001	593	Picture	40	5384651	0	1	2155	1	0	2140	other	0
GPL001	594	Picture	60	5386817	0	156	7119	157	0	7000	other	0
GPL001	595	Picture	40	5394101	0	1	2155	1	0	2130	other	0
GPL001	596	Picture	60	5396422	0	1	7129	1	0	7000	other	0
GPL001	597	Picture	40	5403717	0	1	2155	1	0	1990	other	0
GPL001	598	Picture	60	5406038	0	1	7129	1	0	7000	other	0
GPL001	599	Picture	40	5413333	0	1	3813	1	0	3660	other	0
GPL001	600	Picture	60	5417312	0	1	7129	1	0	7000	other	0
GPL001	601	Picture	40	5424607	0	1	4476	1	0	4350	other	0
GPL001	602	Picture	60	5429249	0	1	7129	1	0	7000	other	0
GPL001	603	Picture	40	5436545	0	1	3482	1	0	3310	other	0
GPL001	604	Picture	60	5440192	0	1	7129	1	0	7000	other	0
GPL001	605	Picture	40	5447487	0	1	2984	1	0	2860	other	0
GPL001	606	Picture	60	5450637	0	1	7129	1	0	7000	other	0
GPL001	607	Picture	40	5457932	0	1	2653	1	0	2490	other	0
GPL001	608	Picture	60	5460750	0	1	7129	1	0	7000	other	0
GPL001	609	Picture	40	5468045	0	1	2818	1	0	2690	other	0
GPL001	610	Picture	65	5471030	0	1	7129	1	0	7000	hit	641
GPL001	610	Response	25	5474443	3413	0
GPL001	611	Picture	40	5478325	0	1	1824	1	0	1780	other	0
GPL001	612	Picture	50	5480314	0	1	30175	1	0	next	other	0
GPL001	613	Picture	70	5510489	0	1	7129	1	0	7000	other	0
GPL001	614	Picture	40	5517784	0	1	3482	1	0	3310	other	0
GPL001	615	Picture	70	5521431	0	1	7129	1	0	7000	other	0
GPL001	616	Picture	40	5528726	0	1	3813	1	0	3660	other	0
GPL001	617	Picture	70	5532705	0	1	7129	1	0	7000	other	0
GPL001	618	Picture	40	5540000	0	1	2155	1	0	1990	other	0
GPL001	619	Picture	75	5542321	0	1	7129	1	0	7000	hit	651
GPL001	619	Response	25	5545813	3492	0
GPL001	620	Picture	40	5549616	0	1	4476	1	0	4350	other	0
GPL001	621	Picture	70	5554258	0	1	7129	1	0	7000	other	0
GPL001	622	Picture	40	5561553	0	1	2984	1	0	2860	other	0
GPL001	623	Picture	70	5564703	0	1	7129	1	0	7000	other	0
GPL001	624	Picture	40	5571998	0	1	2155	1	0	2140	other	0
GPL001	625	Picture	70	5574319	0	1	7129	1	0	7000	other	0
GPL001	626	Picture	40	5581614	0	1	2653	1	0	2490	other	0
GPL001	627	Picture	70	5584433	0	1	7129	1	0	7000	other	0
GPL001	628	Picture	40	5591728	0	1	2818	1	0	2690	other	0
GPL001	629	Picture	70	5594712	0	1	7129	1	0	7000	other	0
GPL001	630	Picture	40	5602007	0	1	1824	1	0	1780	other	0
GPL001	631	Picture	70	5603996	0	1	7129	1	0	7000	other	0
GPL001	632	Picture	40	5611291	0	1	2155	1	0	2130	other	0
GPL001	633	Picture	50	5613612	0	1	90192	1	0	next	other	0
GPL001	634	Picture	80	5703804	0	1	7129	1	0	7000	other	0
GPL001	635	Picture	40	5711099	0	1	3813	1	0	3660	other	0
GPL001	636	Picture	80	5715078	0	1	7129	1	0	7000	other	0
GPL001	637	Picture	40	5722373	0	1	2819	1	0	2690	other	0
GPL001	638	Picture	85	5725357	0	1	7129	1	0	7000	hit	671
GPL001	638	Response	25	5729863	4506	0
GPL001	639	Picture	40	5732652	0	1	2653	1	0	2490	other	0
GPL001	640	Picture	80	5735471	0	1	7129	1	0	7000	other	0
GPL001	641	Picture	40	5742766	0	1	3482	1	0	3310	other	0
GPL001	642	Picture	85	5746413	0	1	7129	1	0	7000	hit	676
GPL001	642	Response	25	5750093	3680	0
GPL001	643	Picture	40	5753708	0	1	4476	1	0	4350	other	0
GPL001	644	Picture	80	5758350	0	1	7129	1	0	7000	other	0
GPL001	645	Picture	40	5765645	0	1	1824	2	0	1780	other	0
GPL001	646	Picture	80	5767635	0	1	7129	1	0	7000	other	0
GPL001	647	Picture	40	5774930	0	1	2155	1	0	2130	other	0
GPL001	648	Picture	80	5777251	0	1	7129	1	0	7000	other	0
GPL001	649	Picture	40	5784546	0	1	2155	1	0	2140	other	0
GPL001	650	Picture	80	5786711	0	322	7119	322	0	7000	other	0
GPL001	651	Picture	40	5793996	0	1	2984	1	0	2860	other	0
GPL001	652	Picture	80	5797146	0	1	7129	1	0	7000	other	0
GPL001	653	Picture	40	5804441	0	1	2155	1	0	1990	other	0
GPL001	654	Picture	50	5806762	0	1	70131	1	0	next	other	0
GPL001	655	Picture	90	5876893	0	1	7129	1	0	7000	other	0
GPL001	656	Picture	40	5884188	0	1	2155	1	0	2140	other	0
GPL001	657	Picture	90	5886353	0	322	7119	322	0	7000	other	0
GPL001	658	Picture	40	5893638	0	1	1824	1	0	1780	other	0
GPL001	659	Picture	90	5895628	0	1	7129	1	0	7000	other	0
GPL001	660	Picture	40	5902923	0	1	2984	1	0	2860	other	0
GPL001	661	Picture	90	5906073	0	1	7129	1	0	7000	other	0
GPL001	662	Picture	40	5913368	0	1	2155	1	0	1990	other	0
GPL001	663	Picture	90	5915689	0	1	7129	1	0	7000	other	0
GPL001	664	Picture	40	5922984	0	1	2653	1	0	2490	other	0
GPL001	665	Picture	90	5925802	0	1	7129	1	0	7000	other	0
GPL001	666	Picture	40	5933097	0	1	3482	1	0	3310	other	0
GPL001	667	Picture	90	5936744	0	1	7129	1	0	7000	other	0
GPL001	668	Picture	40	5944039	0	1	2818	1	0	2690	other	0
GPL001	669	Picture	90	5947024	0	1	7129	1	0	7000	other	0
GPL001	670	Picture	40	5954319	0	1	2155	1	0	2130	other	0
GPL001	671	Picture	90	5956640	0	1	7129	1	0	7000	other	0
GPL001	672	Picture	40	5963935	0	1	4476	1	0	4350	other	0
GPL001	673	Picture	90	5968577	0	1	7129	1	0	7000	other	0
GPL001	674	Picture	40	5975872	0	1	3813	1	0	3660	other	0
GPL001	675	Picture	50	5979851	0	1	50070	1	0	next	other	0
GPL001	676	Picture	200	6029921	70	1	80078	1	0	80000	other	0
