Scenario - 
Logfile written - 04/28/2021 17:49:06

Subject	Trial	Event Type	Code	Time	TTime	Uncertainty	Duration	Uncertainty	ReqTime	ReqDur	Stim Type	Pair Index

gpl009	1	Response	21	124787	124622	0
gpl009	2	Picture	start	124789	0	220	665217	220	0	next	other	0
gpl009	2	Response	20	138478	13689	0
gpl009	3	Pulse	199	789978	651500	0
gpl009	3	Picture	100	790006	651528	1	50070	1	0	50000	other	0
gpl009	3	Pulse	199	802477	663999	0
gpl009	3	Pulse	199	814978	676500	0
gpl009	3	Pulse	199	827477	689000	0
gpl009	3	Pulse	199	839977	701499	0
gpl009	4	Picture	70	840241	0	1	7129	1	0	7000	other	0
gpl009	5	Picture	40	847536	0	1	2653	1	0	2490	other	0
gpl009	6	Picture	70	850355	0	1	7129	1	0	7000	other	0
gpl009	6	Pulse	199	852478	2123	0
gpl009	7	Picture	40	857650	0	1	2155	1	0	1990	other	0
gpl009	8	Picture	70	859971	0	1	7129	1	0	7000	other	0
gpl009	8	Pulse	199	864978	5007	0
gpl009	9	Picture	40	867266	0	1	3482	1	0	3310	other	0
gpl009	10	Picture	70	870913	0	1	7129	1	0	7000	other	0
gpl009	10	Pulse	199	877478	6565	0
gpl009	11	Picture	40	878208	0	1	2155	1	0	2140	other	0
gpl009	12	Picture	70	880529	0	1	7129	1	0	7000	other	0
gpl009	13	Picture	40	887824	0	1	2818	1	0	2690	other	0
gpl009	13	Pulse	199	889978	2154	0
gpl009	14	Picture	70	890808	0	1	7129	1	0	7000	other	0
gpl009	15	Picture	40	898103	0	1	2155	1	0	2130	other	0
gpl009	16	Picture	70	900424	0	1	7129	1	0	7000	other	0
gpl009	16	Pulse	199	902478	2054	0
gpl009	17	Picture	40	907719	0	1	4476	1	0	4350	other	0
gpl009	18	Picture	70	912361	0	1	7129	1	0	7000	other	0
gpl009	18	Pulse	199	914978	2617	0
gpl009	19	Picture	40	919656	0	1	1824	1	0	1780	other	0
gpl009	20	Picture	70	921646	0	1	7129	1	0	7000	other	0
gpl009	20	Pulse	199	927478	5832	0
gpl009	21	Picture	40	928941	0	1	2984	1	0	2860	other	0
gpl009	22	Picture	70	932091	0	1	7129	1	0	7000	other	0
gpl009	23	Picture	40	939386	0	1	3813	1	0	3660	other	0
gpl009	23	Pulse	199	939977	592	0
gpl009	24	Picture	50	943365	0	1	30174	1	0	next	other	0
gpl009	24	Pulse	199	952478	9113	0
gpl009	24	Pulse	199	964978	21613	0
gpl009	25	Picture	80	973539	0	1	7129	1	0	7000	other	0
gpl009	25	Pulse	199	977478	3939	0
gpl009	26	Picture	40	980834	0	1	4476	1	0	4350	other	0
gpl009	27	Picture	80	985476	0	1	7129	1	0	7000	other	0
gpl009	27	Pulse	199	989978	4501	0
gpl009	28	Picture	40	992771	0	1	2155	1	0	1990	other	0
gpl009	29	Picture	80	995092	0	1	7129	1	0	7000	other	0
gpl009	30	Picture	40	1002387	0	1	3813	1	0	3660	other	0
gpl009	30	Pulse	199	1002478	90	0
gpl009	31	Picture	80	1006366	0	1	7129	1	0	7000	other	0
gpl009	32	Picture	40	1013661	0	1	3482	1	0	3310	other	0
gpl009	32	Pulse	199	1014978	1316	0
gpl009	33	Picture	80	1017309	0	1	7129	1	0	7000	other	0
gpl009	34	Picture	40	1024604	0	1	2155	1	0	2140	other	0
gpl009	35	Picture	80	1026769	0	322	7119	322	0	7000	other	0
gpl009	35	Pulse	199	1027478	709	0
gpl009	36	Picture	40	1034054	0	1	2818	1	0	2690	other	0
gpl009	37	Picture	80	1037038	0	1	7129	1	0	7000	other	0
gpl009	37	Pulse	199	1039978	2939	0
gpl009	38	Picture	40	1044333	0	1	2653	1	0	2490	other	0
gpl009	39	Picture	85	1047152	0	1	7129	1	0	7000	hit	63
gpl009	39	Pulse	199	1052477	5325	0
gpl009	39	Response	26	1054207	7056	0
gpl009	40	Picture	40	1054447	0	1	2984	1	0	2860	other	0
gpl009	41	Picture	80	1057597	0	1	7129	1	0	7000	other	0
gpl009	42	Picture	40	1064892	0	1	1824	1	0	1780	other	0
gpl009	42	Pulse	199	1064978	86	0
gpl009	43	Picture	80	1066881	0	1	7129	1	0	7000	other	0
gpl009	44	Picture	40	1074176	0	1	2155	1	0	2130	other	0
gpl009	45	Picture	50	1076497	0	1	50070	1	0	next	other	0
gpl009	45	Pulse	199	1077477	980	0
gpl009	45	Pulse	199	1089978	13481	0
gpl009	45	Pulse	199	1102478	25981	0
gpl009	45	Pulse	199	1114978	38480	0
gpl009	46	Picture	90	1126567	0	1	7129	1	0	7000	other	0
gpl009	46	Pulse	199	1127478	911	0
gpl009	47	Picture	40	1133862	0	1	2155	1	0	1990	other	0
gpl009	48	Picture	90	1136183	0	1	7129	1	0	7000	other	0
gpl009	48	Pulse	199	1139977	3795	0
gpl009	49	Picture	40	1143478	0	1	2818	1	0	2690	other	0
gpl009	50	Picture	90	1146462	0	1	7129	1	0	7000	other	0
gpl009	50	Pulse	199	1152478	6016	0
gpl009	51	Picture	40	1153757	0	1	2984	1	0	2860	other	0
gpl009	52	Picture	90	1156907	0	1	7129	1	0	7000	other	0
gpl009	53	Picture	40	1164202	0	1	2653	1	0	2490	other	0
gpl009	53	Pulse	199	1164977	775	0
gpl009	54	Picture	90	1167020	0	1	7129	1	0	7000	other	0
gpl009	55	Picture	40	1174315	0	1	3482	1	0	3310	other	0
gpl009	55	Pulse	199	1177477	3162	0
gpl009	56	Picture	90	1177963	0	1	7129	1	0	7000	other	0
gpl009	57	Picture	40	1185258	0	1	2155	1	0	2130	other	0
gpl009	58	Picture	95	1187579	0	1	7129	1	0	7000	hit	94
gpl009	58	Pulse	199	1189977	2398	0
gpl009	58	Response	26	1191167	3588	0
gpl009	59	Picture	40	1194874	0	1	1824	1	0	1780	other	0
gpl009	60	Picture	90	1196863	0	1	7129	1	0	7000	other	0
gpl009	60	Pulse	199	1202478	5615	0
gpl009	61	Picture	40	1204158	0	1	3813	1	0	3660	other	0
gpl009	62	Picture	90	1208137	0	1	7129	1	0	7000	other	0
gpl009	62	Pulse	199	1214977	6840	0
gpl009	63	Picture	40	1215432	0	1	4476	1	0	4350	other	0
gpl009	64	Picture	90	1220074	0	1	7129	1	0	7000	other	0
gpl009	65	Picture	40	1227369	0	1	2155	1	0	2140	other	0
gpl009	65	Pulse	199	1227478	109	0
gpl009	66	Picture	50	1229535	0	322	70121	322	0	next	other	0
gpl009	66	Pulse	199	1239977	10443	0
gpl009	66	Pulse	199	1252478	22943	0
gpl009	66	Pulse	199	1264977	35443	0
gpl009	66	Pulse	199	1277477	47942	0
gpl009	66	Pulse	199	1289977	60442	0
gpl009	67	Picture	60	1299655	0	1	7129	1	0	7000	other	0
gpl009	67	Pulse	199	1302477	2822	0
gpl009	68	Picture	40	1306950	0	1	3482	1	0	3310	other	0
gpl009	69	Picture	60	1310598	0	1	7129	1	0	7000	other	0
gpl009	69	Pulse	199	1314978	4380	0
gpl009	70	Picture	40	1317892	0	1	3813	1	0	3660	other	0
gpl009	71	Picture	65	1321871	0	1	7129	1	0	7000	hit	118
gpl009	71	Response	26	1324888	3016	0
gpl009	71	Pulse	199	1327478	5606	0
gpl009	72	Picture	40	1329166	0	1	2819	1	0	2690	other	0
gpl009	73	Picture	60	1332151	0	1	7129	1	0	7000	other	0
gpl009	74	Picture	40	1339446	0	1	2984	1	0	2860	other	0
gpl009	74	Pulse	199	1339978	532	0
gpl009	75	Picture	60	1342596	0	1	7129	1	0	7000	other	0
gpl009	76	Picture	40	1349891	0	1	2155	1	0	1990	other	0
gpl009	77	Picture	60	1352212	0	1	7129	1	0	7000	other	0
gpl009	77	Pulse	199	1352478	266	0
gpl009	78	Picture	40	1359507	0	1	2155	1	0	2140	other	0
gpl009	79	Picture	60	1361672	0	322	7119	322	0	7000	other	0
gpl009	79	Pulse	199	1364978	3306	0
gpl009	80	Picture	40	1368957	0	1	1824	1	0	1780	other	0
gpl009	81	Picture	60	1370946	0	1	7129	1	0	7000	other	0
gpl009	81	Pulse	199	1377478	6531	0
gpl009	82	Picture	40	1378241	0	1	2155	1	0	2130	other	0
gpl009	83	Picture	65	1380562	0	1	7129	1	0	7000	hit	136
gpl009	83	Response	26	1384078	3516	0
gpl009	84	Picture	40	1387857	0	1	4476	1	0	4350	other	0
gpl009	84	Pulse	199	1389977	2120	0
gpl009	85	Picture	60	1392500	0	1	7129	1	0	7000	other	0
gpl009	86	Picture	40	1399794	0	1	2653	1	0	2490	other	0
gpl009	86	Pulse	199	1402478	2683	0
gpl009	87	Picture	50	1402613	0	1	90192	1	0	next	other	0
gpl009	87	Pulse	199	1414978	12365	0
gpl009	87	Pulse	199	1427478	24865	0
gpl009	87	Pulse	199	1439978	37365	0
gpl009	87	Pulse	199	1452478	49865	0
gpl009	87	Pulse	199	1464978	62365	0
gpl009	87	Pulse	199	1477478	74865	0
gpl009	87	Pulse	199	1489978	87365	0
gpl009	88	Picture	70	1492805	0	1	7129	1	0	7000	other	0
gpl009	89	Picture	40	1500100	0	1	2155	1	0	2140	other	0
gpl009	90	Picture	70	1502265	0	322	7119	323	0	7000	other	0
gpl009	90	Pulse	199	1502478	213	0
gpl009	91	Picture	40	1509550	0	1	2155	1	0	2130	other	0
gpl009	92	Picture	75	1511871	0	1	7129	1	0	7000	hit	157
gpl009	92	Pulse	199	1514978	3107	0
gpl009	92	Response	26	1515267	3396	0
gpl009	93	Picture	40	1519166	0	1	2155	1	0	1990	other	0
gpl009	94	Picture	70	1521487	0	1	7129	1	0	7000	other	0
gpl009	94	Pulse	199	1527478	5991	0
gpl009	95	Picture	40	1528782	0	1	4476	1	0	4350	other	0
gpl009	96	Picture	70	1533424	0	1	7129	1	0	7000	other	0
gpl009	96	Pulse	199	1539978	6554	0
gpl009	97	Picture	40	1540719	0	1	2653	1	0	2490	other	0
gpl009	98	Picture	70	1543537	0	1	7129	1	0	7000	other	0
gpl009	99	Picture	40	1550832	0	1	3813	1	0	3660	other	0
gpl009	99	Pulse	199	1552478	1646	0
gpl009	100	Picture	70	1554811	0	1	7129	1	0	7000	other	0
gpl009	101	Picture	40	1562106	0	1	3482	1	0	3310	other	0
gpl009	101	Pulse	199	1564978	2872	0
gpl009	102	Picture	70	1565754	0	1	7129	1	0	7000	other	0
gpl009	103	Picture	40	1573049	0	1	2818	1	0	2690	other	0
gpl009	104	Picture	70	1576033	0	1	7129	1	0	7000	other	0
gpl009	104	Pulse	199	1577478	1445	0
gpl009	105	Picture	40	1583328	0	1	2984	1	0	2860	other	0
gpl009	106	Picture	70	1586478	0	1	7129	1	0	7000	other	0
gpl009	106	Pulse	199	1589978	3500	0
gpl009	107	Picture	40	1593773	0	1	1824	1	0	1780	other	0
gpl009	108	Picture	50	1595762	0	1	90192	1	0	next	other	0
gpl009	108	Pulse	199	1602478	6715	0
gpl009	108	Pulse	199	1614977	19215	0
gpl009	108	Pulse	199	1627477	31715	0
gpl009	108	Pulse	199	1639978	44215	0
gpl009	108	Pulse	199	1652478	56715	0
gpl009	108	Pulse	199	1664978	69216	0
gpl009	108	Pulse	199	1677477	81715	0
gpl009	109	Picture	80	1685954	0	1	7129	1	0	7000	other	0
gpl009	109	Pulse	199	1689978	4024	0
gpl009	110	Picture	40	1693249	0	1	2819	1	0	2690	other	0
gpl009	111	Picture	80	1696233	0	1	7129	1	0	7000	other	0
gpl009	111	Pulse	199	1702478	6244	0
gpl009	112	Picture	40	1703528	0	1	4477	1	0	4350	other	0
gpl009	113	Picture	80	1708170	0	1	7129	1	0	7000	other	0
gpl009	113	Pulse	199	1714978	6807	0
gpl009	114	Picture	40	1715465	0	1	2984	1	0	2860	other	0
gpl009	115	Picture	80	1718615	0	1	7129	1	0	7000	other	0
gpl009	116	Picture	40	1725910	0	1	2155	1	0	2130	other	0
gpl009	116	Pulse	199	1727477	1567	0
gpl009	117	Picture	80	1728231	0	1	7129	1	0	7000	other	0
gpl009	118	Picture	40	1735526	0	1	2155	1	0	2140	other	0
gpl009	119	Picture	80	1737692	0	322	7119	322	0	7000	other	0
gpl009	119	Pulse	199	1739977	2286	0
gpl009	120	Picture	40	1744977	0	1	3813	1	0	3660	other	0
gpl009	121	Picture	80	1748956	0	1	7129	1	0	7000	other	0
gpl009	121	Pulse	199	1752478	3522	0
gpl009	122	Picture	40	1756251	0	1	1824	1	0	1780	other	0
gpl009	123	Picture	85	1758240	0	1	7129	1	0	7000	hit	208
gpl009	123	Response	26	1761528	3288	0
gpl009	123	Pulse	199	1764978	6738	0
gpl009	124	Picture	40	1765535	0	1	2155	1	0	1990	other	0
gpl009	125	Picture	80	1767856	0	1	7129	1	0	7000	other	0
gpl009	126	Picture	40	1775151	0	1	2653	1	0	2490	other	0
gpl009	126	Pulse	199	1777478	2327	0
gpl009	127	Picture	80	1777969	0	1	7129	1	0	7000	other	0
gpl009	128	Picture	40	1785264	0	1	3482	1	0	3310	other	0
gpl009	129	Picture	50	1788912	0	1	70131	1	0	next	other	0
gpl009	129	Pulse	199	1789978	1066	0
gpl009	129	Pulse	199	1802477	13566	0
gpl009	129	Pulse	199	1814978	26066	0
gpl009	129	Pulse	199	1827478	38566	0
gpl009	129	Pulse	199	1839977	51065	0
gpl009	129	Pulse	199	1852478	63566	0
gpl009	130	Picture	90	1859042	0	1	7129	1	0	7000	other	0
gpl009	130	Pulse	199	1864978	5936	0
gpl009	131	Picture	40	1866337	0	1	2155	1	0	2140	other	0
gpl009	132	Picture	90	1868503	0	322	7119	322	0	7000	other	0
gpl009	133	Picture	40	1875788	0	1	1824	1	0	1780	other	0
gpl009	133	Pulse	199	1877478	1690	0
gpl009	134	Picture	90	1877777	0	1	7129	1	0	7000	other	0
gpl009	135	Picture	40	1885072	0	1	4476	1	0	4350	other	0
gpl009	136	Picture	95	1889714	0	1	7129	1	0	7000	hit	233
gpl009	136	Pulse	199	1889978	264	0
gpl009	136	Response	26	1893018	3303	0
gpl009	137	Picture	40	1897009	0	1	3482	1	0	3310	other	0
gpl009	138	Picture	90	1900657	0	1	7129	1	0	7000	other	0
gpl009	138	Pulse	199	1902478	1822	0
gpl009	139	Picture	40	1907952	0	1	2653	1	0	2490	other	0
gpl009	140	Picture	90	1910770	0	1	7129	1	0	7000	other	0
gpl009	140	Pulse	199	1914978	4208	0
gpl009	141	Picture	40	1918065	0	1	2984	1	0	2860	other	0
gpl009	142	Picture	95	1921215	0	1	7129	1	0	7000	hit	242
gpl009	142	Response	26	1926558	5343	0
gpl009	142	Pulse	199	1927478	6263	0
gpl009	143	Picture	40	1928510	0	1	2155	1	0	1990	other	0
gpl009	144	Picture	90	1930831	0	1	7129	1	0	7000	other	0
gpl009	145	Picture	40	1938126	0	1	2819	1	0	2690	other	0
gpl009	145	Pulse	199	1939978	1852	0
gpl009	146	Picture	90	1941110	0	1	7129	1	0	7000	other	0
gpl009	147	Picture	40	1948405	0	1	3813	1	0	3660	other	0
gpl009	148	Picture	90	1952384	0	1	7129	1	0	7000	other	0
gpl009	148	Pulse	199	1952478	93	0
gpl009	149	Picture	40	1959679	0	1	2155	1	0	2130	other	0
gpl009	150	Picture	50	1962000	0	1	50070	1	0	next	other	0
gpl009	150	Pulse	199	1964977	2977	0
gpl009	150	Pulse	199	1977478	15478	0
gpl009	150	Pulse	199	1989978	27978	0
gpl009	150	Pulse	199	2002478	40478	0
gpl009	151	Picture	60	2012070	0	1	7129	1	0	7000	other	0
gpl009	151	Pulse	199	2014978	2908	0
gpl009	152	Picture	40	2019365	0	1	1824	1	0	1780	other	0
gpl009	153	Picture	60	2021354	0	1	7129	1	0	7000	other	0
gpl009	153	Pulse	199	2027478	6124	0
gpl009	154	Picture	40	2028649	0	1	2984	1	0	2860	other	0
gpl009	155	Picture	60	2031799	0	1	7129	1	0	7000	other	0
gpl009	156	Picture	40	2039094	0	1	3813	1	0	3660	other	0
gpl009	156	Pulse	199	2039978	884	0
gpl009	157	Picture	60	2043073	0	1	7129	1	0	7000	other	0
gpl009	158	Picture	40	2050368	0	1	2653	1	0	2490	other	0
gpl009	158	Pulse	199	2052478	2110	0
gpl009	159	Picture	60	2053187	0	1	7129	1	0	7000	other	0
gpl009	160	Picture	40	2060482	0	1	2155	1	0	2140	other	0
gpl009	161	Picture	60	2062647	0	322	7119	322	0	7000	other	0
gpl009	161	Pulse	199	2064977	2331	0
gpl009	162	Picture	40	2069932	0	1	2155	1	0	1990	other	0
gpl009	163	Picture	60	2072253	0	1	7129	1	0	7000	other	0
gpl009	163	Pulse	199	2077478	5225	0
gpl009	164	Picture	40	2079548	0	1	2818	1	0	2690	other	0
gpl009	165	Picture	60	2082532	0	1	7129	1	0	7000	other	0
gpl009	166	Picture	40	2089827	0	1	2155	1	0	2130	other	0
gpl009	166	Pulse	199	2089978	151	0
gpl009	167	Picture	60	2092148	0	1	7129	1	0	7000	other	0
gpl009	168	Picture	40	2099443	0	1	3482	1	0	3310	other	0
gpl009	168	Pulse	199	2102478	3035	0
gpl009	169	Picture	60	2103091	0	1	7129	1	0	7000	other	0
gpl009	170	Picture	40	2110385	0	1	4476	1	0	4350	other	0
gpl009	170	Pulse	199	2114978	4593	0
gpl009	171	Picture	50	2115028	0	1	30174	1	0	next	other	0
gpl009	171	Pulse	199	2127478	12450	0
gpl009	171	Pulse	199	2139978	24950	0
gpl009	172	Picture	70	2145202	0	1	7129	1	0	7000	other	0
gpl009	172	Pulse	199	2152478	7276	1
gpl009	173	Picture	40	2152497	0	1	3482	1	0	3310	other	0
gpl009	174	Picture	70	2156145	0	1	7129	1	0	7000	other	0
gpl009	175	Picture	40	2163439	0	1	4476	1	0	4350	other	0
gpl009	175	Pulse	199	2164978	1538	0
gpl009	176	Picture	70	2168082	0	1	7129	1	0	7000	other	0
gpl009	177	Picture	40	2175377	0	1	3813	1	0	3660	other	0
gpl009	177	Pulse	199	2177477	2101	0
gpl009	178	Picture	70	2179356	0	1	7129	1	0	7000	other	0
gpl009	179	Picture	40	2186650	0	1	2818	1	0	2690	other	0
gpl009	180	Picture	70	2189635	0	1	7129	1	0	7000	other	0
gpl009	180	Pulse	199	2189978	343	0
gpl009	181	Picture	40	2196930	0	1	2155	1	0	2130	other	0
gpl009	182	Picture	70	2199251	0	1	7129	1	0	7000	other	0
gpl009	182	Pulse	199	2202478	3228	0
gpl009	183	Picture	40	2206546	0	1	2984	1	0	2860	other	0
gpl009	184	Picture	70	2209696	0	1	7129	1	0	7000	other	0
gpl009	184	Pulse	199	2214978	5282	0
gpl009	185	Picture	40	2216991	0	1	2653	1	0	2490	other	0
gpl009	186	Picture	75	2219809	0	1	7129	1	0	7000	hit	311
gpl009	186	Response	26	2223708	3899	0
gpl009	187	Picture	40	2227104	0	1	1824	1	0	1780	other	0
gpl009	187	Pulse	199	2227478	374	0
gpl009	188	Picture	70	2229094	0	1	7129	1	0	7000	other	0
gpl009	189	Picture	40	2236389	0	1	2155	1	0	1990	other	0
gpl009	190	Picture	70	2238710	0	1	7129	1	0	7000	other	0
gpl009	190	Pulse	199	2239978	1269	0
gpl009	191	Picture	40	2246005	0	1	2155	1	0	2140	other	0
gpl009	192	Picture	50	2248170	0	322	70121	322	0	next	other	0
gpl009	192	Pulse	199	2252478	4309	0
gpl009	192	Pulse	199	2264978	16808	0
gpl009	192	Pulse	199	2277478	29308	0
gpl009	192	Pulse	199	2289977	41807	0
gpl009	192	Pulse	199	2302477	54308	0
gpl009	192	Pulse	199	2314978	66808	0
gpl009	193	Picture	80	2318291	0	1	7129	1	0	7000	other	0
gpl009	194	Picture	40	2325585	0	1	2155	1	0	2140	other	0
gpl009	194	Pulse	199	2327478	1893	0
gpl009	195	Picture	80	2327751	0	322	7119	322	0	7000	other	0
gpl009	196	Picture	40	2335036	0	1	3813	1	0	3660	other	0
gpl009	197	Picture	80	2339015	0	1	7129	1	0	7000	other	0
gpl009	197	Pulse	199	2339978	964	0
gpl009	198	Picture	40	2346310	0	1	2155	1	0	1990	other	0
gpl009	199	Picture	85	2348631	0	1	7129	1	0	7000	hit	336
gpl009	199	Pulse	199	2352479	3848	0
gpl009	199	Response	26	2352669	4038	0
gpl009	200	Picture	40	2355926	0	1	2653	1	0	2490	other	0
gpl009	201	Picture	80	2358744	0	1	7129	1	0	7000	other	0
gpl009	201	Pulse	199	2364979	6235	0
gpl009	202	Picture	40	2366039	0	1	2984	1	0	2860	other	0
gpl009	203	Picture	85	2369189	0	1	7129	1	0	7000	hit	342
gpl009	203	Response	26	2374258	5069	0
gpl009	204	Picture	40	2376484	0	1	2818	1	0	2690	other	0
gpl009	204	Pulse	199	2377488	1004	0
gpl009	205	Picture	80	2379468	0	1	7129	1	0	7000	other	0
gpl009	206	Picture	40	2386763	0	1	4476	1	0	4350	other	0
gpl009	206	Pulse	199	2389988	3225	0
gpl009	207	Picture	80	2391405	0	1	7129	1	0	7000	other	0
gpl009	208	Picture	40	2398700	0	1	2155	1	0	2130	other	0
gpl009	209	Picture	80	2401021	0	1	7129	1	0	7000	other	0
gpl009	209	Pulse	199	2402488	1466	0
gpl009	210	Picture	40	2408316	0	1	3482	1	0	3310	other	0
gpl009	211	Picture	80	2411964	0	1	7129	1	0	7000	other	0
gpl009	211	Pulse	199	2414988	3024	0
gpl009	212	Picture	40	2419259	0	1	1824	1	0	1780	other	0
gpl009	213	Picture	50	2421248	0	1	30174	1	0	next	other	0
gpl009	213	Pulse	199	2427488	6239	0
gpl009	213	Pulse	199	2439988	18740	0
gpl009	214	Picture	90	2451423	0	1	7129	1	0	7000	other	0
gpl009	214	Pulse	199	2452488	1065	0
gpl009	215	Picture	40	2458718	0	1	1824	1	0	1780	other	0
gpl009	216	Picture	90	2460707	0	1	7129	1	0	7000	other	0
gpl009	216	Pulse	199	2464988	4281	0
gpl009	217	Picture	40	2468002	0	1	2155	1	0	2130	other	0
gpl009	218	Picture	90	2470323	0	1	7129	1	0	7000	other	0
gpl009	218	Pulse	199	2477488	7165	0
gpl009	219	Picture	40	2477618	0	1	2984	1	0	2860	other	0
gpl009	220	Picture	90	2480768	0	1	7129	1	0	7000	other	0
gpl009	221	Picture	40	2488063	0	1	2653	1	0	2490	other	0
gpl009	221	Pulse	199	2489988	1925	0
gpl009	222	Picture	90	2490882	0	1	7129	1	0	7000	other	0
gpl009	223	Picture	40	2498176	0	1	3482	1	0	3310	other	0
gpl009	224	Picture	90	2501824	0	1	7129	1	0	7000	other	0
gpl009	224	Pulse	199	2502488	664	0
gpl009	225	Picture	40	2509119	0	1	3813	1	0	3660	other	0
gpl009	226	Picture	90	2513098	0	1	7129	1	0	7000	other	0
gpl009	226	Pulse	199	2514987	1889	0
gpl009	227	Picture	40	2520393	0	1	2155	1	0	1990	other	0
gpl009	228	Picture	90	2522714	0	1	7129	1	0	7000	other	0
gpl009	228	Pulse	199	2527487	4774	0
gpl009	229	Picture	40	2530009	0	1	2819	1	0	2690	other	0
gpl009	230	Picture	90	2532993	0	1	7129	1	0	7000	other	0
gpl009	230	Pulse	199	2539988	6994	0
gpl009	231	Picture	40	2540288	0	1	2155	1	0	2140	other	0
gpl009	232	Picture	90	2542453	0	322	7119	323	0	7000	other	0
gpl009	233	Picture	40	2549738	0	1	4476	1	0	4350	other	0
gpl009	233	Pulse	199	2552488	2749	0
gpl009	234	Picture	50	2554381	0	1	90192	1	0	next	other	0
gpl009	234	Pulse	199	2564988	10608	0
gpl009	234	Pulse	199	2577488	23107	0
gpl009	234	Pulse	199	2589988	35608	0
gpl009	234	Pulse	199	2602488	48107	0
gpl009	234	Pulse	199	2614988	60607	0
gpl009	234	Pulse	199	2627487	73107	0
gpl009	234	Pulse	199	2639987	85607	0
gpl009	235	Picture	60	2644572	0	1	7129	1	0	7000	other	0
gpl009	236	Picture	40	2651867	0	1	3482	1	0	3310	other	0
gpl009	236	Pulse	199	2652488	620	0
gpl009	237	Picture	60	2655515	0	1	7129	1	0	7000	other	0
gpl009	238	Picture	40	2662809	0	1	2155	1	0	1990	other	0
gpl009	238	Pulse	199	2664975	2165	14
gpl009	239	Picture	60	2665131	0	1	7129	1	0	7000	other	0
gpl009	240	Picture	40	2672425	0	1	3813	1	0	3660	other	0
gpl009	241	Picture	60	2676405	0	1	7129	1	0	7000	other	0
gpl009	241	Pulse	199	2677488	1084	0
gpl009	242	Picture	40	2683699	0	1	4476	1	0	4350	other	0
gpl009	243	Picture	60	2688342	0	1	7129	1	0	7000	other	0
gpl009	243	Pulse	199	2689988	1647	0
gpl009	244	Picture	40	2695637	0	1	2984	1	0	2860	other	0
gpl009	245	Picture	60	2698787	0	1	7129	1	0	7000	other	0
gpl009	245	Pulse	199	2702488	3702	0
gpl009	246	Picture	40	2706082	0	1	2653	1	0	2490	other	0
gpl009	247	Picture	60	2708900	0	1	7129	1	0	7000	other	0
gpl009	247	Pulse	199	2714988	6088	0
gpl009	248	Picture	40	2716195	0	1	1824	1	0	1780	other	0
gpl009	249	Picture	60	2718184	0	1	7129	1	0	7000	other	0
gpl009	250	Picture	40	2725479	0	1	2818	1	0	2690	other	0
gpl009	250	Pulse	199	2727488	2008	0
gpl009	251	Picture	65	2728464	0	1	7129	1	0	7000	hit	420
gpl009	251	Response	26	2732578	4115	0
gpl009	252	Picture	40	2735759	0	1	2155	1	0	2140	other	0
gpl009	253	Picture	60	2737924	0	322	7119	322	0	7000	other	0
gpl009	253	Pulse	199	2739988	2064	0
gpl009	254	Picture	40	2745209	0	1	2155	1	0	2130	other	0
gpl009	255	Picture	50	2747530	0	1	50070	1	0	next	other	0
gpl009	255	Pulse	199	2752487	4958	0
gpl009	255	Pulse	199	2764987	17458	0
gpl009	255	Pulse	199	2777488	29958	0
gpl009	255	Pulse	199	2789988	42458	0
gpl009	256	Picture	70	2797600	0	1	7129	1	0	7000	other	0
gpl009	256	Pulse	199	2802488	4889	0
gpl009	257	Picture	40	2804894	0	1	1824	1	0	1780	other	0
gpl009	258	Picture	70	2806884	0	1	7129	1	0	7000	other	0
gpl009	259	Picture	40	2814179	0	1	3482	1	0	3310	other	0
gpl009	259	Pulse	199	2814988	810	0
gpl009	260	Picture	70	2817826	0	1	7129	1	0	7000	other	0
gpl009	261	Picture	40	2825121	0	1	2155	1	0	1990	other	0
gpl009	262	Picture	75	2827442	0	1	7129	1	0	7000	hit	440
gpl009	262	Pulse	199	2827488	46	0
gpl009	262	Response	26	2830768	3326	0
gpl009	263	Picture	40	2834737	0	1	3813	1	0	3660	other	0
gpl009	264	Picture	70	2838716	0	1	7129	1	0	7000	other	0
gpl009	264	Pulse	199	2839988	1271	0
gpl009	265	Picture	40	2846011	0	1	2984	1	0	2860	other	0
gpl009	266	Picture	70	2849161	0	1	7129	1	0	7000	other	0
gpl009	266	Pulse	199	2852488	3326	0
gpl009	267	Picture	40	2856456	0	1	4476	1	0	4350	other	0
gpl009	268	Picture	75	2861098	0	1	7129	1	0	7000	hit	450
gpl009	268	Pulse	199	2864988	3889	0
gpl009	268	Response	26	2865238	4139	0
gpl009	269	Picture	40	2868393	0	1	2155	1	0	2130	other	0
gpl009	270	Picture	70	2870714	0	1	7129	1	0	7000	other	0
gpl009	270	Pulse	199	2877488	6774	0
gpl009	271	Picture	40	2878009	0	1	2818	1	0	2690	other	0
gpl009	272	Picture	70	2880994	0	1	7129	1	0	7000	other	0
gpl009	273	Picture	40	2888289	0	1	2155	1	0	2140	other	0
gpl009	273	Pulse	199	2889989	1700	0
gpl009	274	Picture	70	2890454	0	322	7119	322	0	7000	other	0
gpl009	275	Picture	40	2897739	0	1	2653	1	0	2490	other	0
gpl009	276	Picture	50	2900557	0	1	50070	1	0	next	other	0
gpl009	276	Pulse	199	2902489	1931	0
gpl009	276	Pulse	199	2914988	14431	0
gpl009	276	Pulse	199	2927488	26931	0
gpl009	276	Pulse	199	2939988	39431	0
gpl009	277	Picture	80	2950627	0	1	7129	1	0	7000	other	0
gpl009	277	Pulse	199	2952488	1861	0
gpl009	278	Picture	40	2957922	0	1	3482	1	0	3310	other	0
gpl009	279	Picture	80	2961569	0	1	7129	1	0	7000	other	0
gpl009	279	Pulse	199	2964988	3418	0
gpl009	280	Picture	40	2968864	0	1	3813	1	0	3660	other	0
gpl009	281	Picture	80	2972843	0	1	7129	1	0	7000	other	0
gpl009	281	Pulse	199	2977488	4644	0
gpl009	282	Picture	40	2980138	0	1	2155	1	0	2140	other	0
gpl009	283	Picture	80	2982304	0	322	7119	322	0	7000	other	0
gpl009	284	Picture	40	2989588	0	1	2155	1	0	1990	other	0
gpl009	284	Pulse	199	2989988	400	0
gpl009	285	Picture	80	2991910	0	1	7129	1	0	7000	other	0
gpl009	286	Picture	40	2999204	0	1	1824	1	0	1780	other	0
gpl009	287	Picture	80	3001194	0	1	7129	1	0	7000	other	0
gpl009	287	Pulse	199	3002489	1295	0
gpl009	288	Picture	40	3008489	0	1	2818	1	0	2690	other	0
gpl009	289	Picture	80	3011473	0	1	7129	1	0	7000	other	0
gpl009	289	Pulse	199	3014988	3515	0
gpl009	290	Picture	40	3018768	0	1	2984	1	0	2860	other	0
gpl009	291	Picture	80	3021918	0	1	7129	1	0	7000	other	0
gpl009	291	Pulse	199	3027489	5570	0
gpl009	292	Picture	40	3029213	0	1	2155	1	0	2130	other	0
gpl009	293	Picture	80	3031534	0	1	7129	1	0	7000	other	0
gpl009	294	Picture	40	3038829	0	1	4476	1	0	4350	other	0
gpl009	294	Pulse	199	3039988	1159	0
gpl009	295	Picture	80	3043471	0	1	7129	1	0	7000	other	0
gpl009	296	Picture	40	3050766	0	1	2653	1	0	2490	other	0
gpl009	296	Pulse	199	3052488	1722	0
gpl009	297	Picture	50	3053585	0	1	90192	1	0	next	other	0
gpl009	297	Pulse	199	3064988	11403	0
gpl009	297	Pulse	199	3077488	23903	0
gpl009	297	Pulse	199	3089988	36403	0
gpl009	297	Pulse	199	3102488	48903	0
gpl009	297	Pulse	199	3114989	61404	0
gpl009	297	Pulse	199	3127489	73904	0
gpl009	297	Pulse	199	3139989	86404	0
gpl009	298	Picture	90	3143776	0	1	7129	1	0	7000	other	0
gpl009	299	Picture	40	3151071	0	1	2984	1	0	2860	other	0
gpl009	299	Pulse	199	3152489	1417	0
gpl009	300	Picture	90	3154221	0	1	7129	1	0	7000	other	0
gpl009	301	Picture	40	3161516	0	1	1824	1	0	1780	other	0
gpl009	302	Picture	90	3163506	0	1	7129	1	0	7000	other	0
gpl009	302	Pulse	199	3164989	1483	0
gpl009	303	Picture	40	3170801	0	1	3482	1	0	3310	other	0
gpl009	304	Picture	95	3174448	0	1	7129	1	0	7000	hit	512
gpl009	304	Pulse	199	3177488	3040	0
gpl009	304	Response	26	3178268	3820	0
gpl009	305	Picture	40	3181743	0	1	4476	1	0	4350	other	0
gpl009	306	Picture	90	3186385	0	1	7129	1	0	7000	other	0
gpl009	306	Pulse	199	3189988	3603	0
gpl009	307	Picture	40	3193680	0	1	2653	1	0	2490	other	0
gpl009	308	Picture	90	3196499	0	1	7129	1	0	7000	other	0
gpl009	308	Pulse	199	3202488	5989	0
gpl009	309	Picture	40	3203794	0	1	2155	1	0	1990	other	0
gpl009	310	Picture	90	3206115	0	1	7129	1	0	7000	other	0
gpl009	311	Picture	40	3213410	0	1	2155	1	0	2130	other	0
gpl009	311	Pulse	199	3214988	1578	0
gpl009	312	Picture	90	3215731	0	1	7129	1	0	7000	other	0
gpl009	313	Picture	40	3223026	0	1	2155	1	0	2140	other	0
gpl009	314	Picture	90	3225191	0	322	7119	322	0	7000	other	0
gpl009	314	Pulse	199	3227489	2298	0
gpl009	315	Picture	40	3232476	0	1	2818	1	0	2690	other	0
gpl009	316	Picture	90	3235460	0	1	7129	1	0	7000	other	0
gpl009	316	Pulse	199	3239989	4529	0
gpl009	317	Picture	40	3242755	0	1	3813	1	0	3660	other	0
gpl009	318	Picture	50	3246734	0	1	30174	1	0	next	other	0
gpl009	318	Pulse	199	3252489	5754	0
gpl009	318	Pulse	199	3264989	18254	0
gpl009	319	Picture	60	3276909	0	1	7129	1	0	7000	other	0
gpl009	319	Pulse	199	3277489	580	0
gpl009	320	Picture	40	3284203	0	1	3482	1	0	3310	other	0
gpl009	321	Picture	60	3287851	0	1	7129	1	0	7000	other	0
gpl009	321	Pulse	199	3289988	2137	0
gpl009	322	Picture	40	3295146	0	1	3813	1	0	3660	other	0
gpl009	323	Picture	60	3299125	0	1	7129	1	0	7000	other	0
gpl009	323	Pulse	199	3302488	3363	0
gpl009	324	Picture	40	3306420	0	1	2819	1	0	2690	other	0
gpl009	325	Picture	60	3309404	0	1	7129	1	0	7000	other	0
gpl009	325	Pulse	199	3314988	5584	0
gpl009	326	Picture	40	3316699	0	1	2653	1	0	2490	other	0
gpl009	327	Picture	65	3319517	0	1	7129	1	0	7000	hit	547
gpl009	327	Response	26	3323409	3891	0
gpl009	328	Picture	40	3326812	0	1	1824	1	0	1780	other	0
gpl009	328	Pulse	199	3327489	676	0
gpl009	329	Picture	60	3328802	0	1	7129	1	0	7000	other	0
gpl009	330	Picture	40	3336097	0	1	4476	1	0	4350	other	0
gpl009	330	Pulse	199	3339989	3892	0
gpl009	331	Picture	60	3340739	0	1	7129	1	0	7000	other	0
gpl009	332	Picture	40	3348034	0	1	2155	1	0	2130	other	0
gpl009	333	Picture	60	3350355	0	1	7129	1	0	7000	other	0
gpl009	333	Pulse	199	3352489	2133	0
gpl009	334	Picture	40	3357650	0	1	2155	1	0	1990	other	0
gpl009	335	Picture	60	3359971	0	1	7129	1	0	7000	other	0
gpl009	335	Pulse	199	3364989	5018	0
gpl009	336	Picture	40	3367266	0	1	2155	1	0	2140	other	0
gpl009	337	Picture	60	3369431	0	322	7119	323	0	7000	other	0
gpl009	338	Picture	40	3376716	0	1	2984	1	0	2860	other	0
gpl009	338	Pulse	199	3377489	773	0
gpl009	339	Picture	50	3379866	0	1	70131	1	0	next	other	0
gpl009	339	Pulse	199	3389988	10122	0
gpl009	339	Pulse	199	3402488	22621	0
gpl009	339	Pulse	199	3414988	35121	0
gpl009	339	Pulse	199	3427488	47621	0
gpl009	339	Pulse	199	3439988	60122	0
gpl009	340	Picture	70	3449997	0	1	7129	1	0	7000	other	0
gpl009	340	Pulse	199	3452488	2491	0
gpl009	341	Picture	40	3457292	0	1	2653	1	0	2490	other	0
gpl009	342	Picture	70	3460110	0	1	7129	1	0	7000	other	0
gpl009	342	Pulse	199	3464989	4878	0
gpl009	343	Picture	40	3467405	0	1	4476	1	0	4350	other	0
gpl009	344	Picture	70	3472048	0	1	7129	1	0	7000	other	0
gpl009	344	Pulse	199	3477488	5441	0
gpl009	345	Picture	40	3479343	0	1	2155	1	0	2130	other	0
gpl009	346	Picture	70	3481664	0	1	7129	1	0	7000	other	0
gpl009	347	Picture	40	3488958	0	1	2155	1	0	2140	other	0
gpl009	347	Pulse	199	3489989	1030	0
gpl009	348	Picture	75	3491124	0	322	7119	322	0	7000	hit	583
gpl009	348	Response	26	3495299	4175	0
gpl009	349	Picture	40	3498409	0	1	3813	1	0	3660	other	0
gpl009	350	Picture	70	3502388	0	1	7129	1	0	7000	other	0
gpl009	350	Pulse	199	3502488	100	0
gpl009	351	Picture	40	3509683	0	1	2818	1	0	2690	other	0
gpl009	352	Picture	70	3512667	0	1	7129	1	0	7000	other	0
gpl009	352	Pulse	199	3514988	2321	0
gpl009	353	Picture	40	3519962	0	1	2984	1	0	2860	other	0
gpl009	354	Picture	70	3523112	0	1	7129	1	0	7000	other	0
gpl009	354	Pulse	199	3527488	4376	0
gpl009	355	Picture	40	3530407	0	1	1824	1	0	1780	other	0
gpl009	356	Picture	70	3532396	0	1	7129	1	0	7000	other	0
gpl009	357	Picture	40	3539691	0	1	2155	1	0	1990	other	0
gpl009	357	Pulse	199	3539988	297	0
gpl009	358	Picture	70	3542012	0	1	7129	1	0	7000	other	0
gpl009	359	Picture	40	3549307	0	1	3482	1	0	3310	other	0
gpl009	359	Pulse	199	3552489	3181	0
gpl009	360	Picture	50	3552955	0	1	90192	1	0	next	other	0
gpl009	360	Pulse	199	3564989	12034	0
gpl009	360	Pulse	199	3577488	24533	0
gpl009	360	Pulse	199	3589989	37034	0
gpl009	360	Pulse	199	3602488	49534	0
gpl009	360	Pulse	199	3614988	62034	0
gpl009	360	Pulse	199	3627488	74533	0
gpl009	360	Pulse	199	3639988	87033	0
gpl009	361	Picture	80	3643146	0	1	7129	1	0	7000	other	0
gpl009	362	Picture	40	3650441	0	1	2155	1	0	1990	other	0
gpl009	362	Pulse	199	3652488	2047	0
gpl009	363	Picture	80	3652762	0	1	7130	2	0	7000	other	0
gpl009	364	Picture	40	3660057	0	1	2155	1	0	2140	other	0
gpl009	365	Picture	80	3662379	0	1	7129	1	0	7000	other	0
gpl009	365	Pulse	199	3664989	2610	0
gpl009	366	Picture	40	3669673	0	1	2819	1	0	2690	other	0
gpl009	367	Picture	80	3672658	0	1	7129	1	0	7000	other	0
gpl009	367	Pulse	199	3677489	4831	0
gpl009	368	Picture	40	3679953	0	1	3813	1	0	3660	other	0
gpl009	369	Picture	85	3683932	0	1	7129	1	0	7000	hit	620
gpl009	369	Response	26	3688149	4217	0
gpl009	369	Pulse	199	3689989	6057	0
gpl009	370	Picture	40	3691227	0	1	2653	1	0	2490	other	0
gpl009	371	Picture	80	3694045	0	1	7129	1	0	7000	other	0
gpl009	372	Picture	40	3701340	0	1	2155	1	0	2130	other	0
gpl009	372	Pulse	199	3702489	1149	0
gpl009	373	Picture	85	3703661	0	1	7129	1	0	7000	hit	627
gpl009	373	Response	26	3708359	4698	0
gpl009	374	Picture	40	3710956	0	1	2984	1	0	2860	other	0
gpl009	375	Picture	80	3714106	0	1	7129	1	0	7000	other	0
gpl009	375	Pulse	199	3714989	883	0
gpl009	376	Picture	40	3721401	0	1	3482	1	0	3310	other	0
gpl009	377	Picture	80	3725048	0	1	7129	1	0	7000	other	0
gpl009	377	Pulse	199	3727489	2440	0
gpl009	378	Picture	40	3732343	0	1	1824	2	0	1780	other	0
gpl009	379	Picture	80	3734333	0	1	7129	1	0	7000	other	0
gpl009	379	Pulse	199	3739988	5655	0
gpl009	380	Picture	40	3741628	0	1	4476	1	0	4350	other	0
gpl009	381	Picture	50	3746270	0	1	30174	1	0	next	other	0
gpl009	381	Pulse	199	3752488	6218	0
gpl009	381	Pulse	199	3764988	18718	0
gpl009	382	Picture	90	3776444	0	1	7129	1	0	7000	other	0
gpl009	382	Pulse	199	3777489	1044	0
gpl009	383	Picture	40	3783739	0	1	1824	1	0	1780	other	0
gpl009	384	Picture	90	3785729	0	1	7129	1	0	7000	other	0
gpl009	384	Pulse	199	3789989	4260	0
gpl009	385	Picture	40	3793024	0	1	3813	1	0	3660	other	0
gpl009	386	Picture	90	3797003	0	1	7129	1	0	7000	other	0
gpl009	386	Pulse	199	3802489	5486	0
gpl009	387	Picture	40	3804298	0	1	2653	1	0	2490	other	0
gpl009	388	Picture	90	3807116	0	1	7129	1	0	7000	other	0
gpl009	389	Picture	40	3814411	0	1	2984	1	0	2860	other	0
gpl009	389	Pulse	199	3814989	578	0
gpl009	390	Picture	90	3817561	0	1	7129	1	0	7000	other	0
gpl009	391	Picture	40	3824856	0	1	2818	1	0	2690	other	0
gpl009	391	Pulse	199	3827489	2633	0
gpl009	392	Picture	90	3827840	0	1	7129	1	0	7000	other	0
gpl009	393	Picture	40	3835135	0	1	3482	1	0	3310	other	0
gpl009	394	Picture	90	3838783	0	1	7129	1	0	7000	other	0
gpl009	394	Pulse	199	3839989	1206	0
gpl009	395	Picture	40	3846078	0	1	2155	1	0	2140	other	0
gpl009	396	Picture	90	3848243	0	322	7119	322	0	7000	other	0
gpl009	396	Pulse	199	3852488	4245	0
gpl009	397	Picture	40	3855528	0	1	2155	1	0	1990	other	0
gpl009	398	Picture	90	3857849	0	1	7129	1	0	7000	other	0
gpl009	398	Pulse	199	3864988	7139	0
gpl009	399	Picture	40	3865144	0	1	2155	1	0	2130	other	0
gpl009	400	Picture	90	3867465	0	1	7129	1	0	7000	other	0
gpl009	401	Picture	40	3874760	0	1	4476	1	0	4350	other	0
gpl009	401	Pulse	199	3877488	2728	0
gpl009	402	Picture	50	3879402	0	1	50070	1	0	next	other	0
gpl009	402	Pulse	199	3889989	10587	0
gpl009	402	Pulse	199	3902489	23086	0
gpl009	402	Pulse	199	3914989	35587	0
gpl009	402	Pulse	199	3927489	48087	0
gpl009	403	Picture	60	3929472	0	1	7129	1	0	7000	other	0
gpl009	404	Picture	40	3936767	0	1	2155	1	0	2130	other	0
gpl009	405	Picture	60	3939088	0	1	7129	1	0	7000	other	0
gpl009	405	Pulse	199	3939989	901	0
gpl009	406	Picture	40	3946383	0	1	4476	1	0	4350	other	0
gpl009	407	Picture	60	3951025	0	1	7129	1	0	7000	other	0
gpl009	407	Pulse	199	3952488	1463	0
gpl009	408	Picture	40	3958320	0	1	3482	1	0	3310	other	0
gpl009	409	Picture	65	3961967	0	1	7129	1	0	7000	hit	685
gpl009	409	Pulse	199	3964988	3021	0
gpl009	409	Response	26	3966859	4891	0
gpl009	410	Picture	40	3969262	0	1	2155	1	0	2140	other	0
gpl009	411	Picture	60	3971428	0	322	7119	322	0	7000	other	0
gpl009	411	Pulse	199	3977488	6060	0
gpl009	412	Picture	40	3978712	0	1	1824	1	0	1780	other	0
gpl009	413	Picture	60	3980702	0	1	7129	1	0	7000	other	0
gpl009	414	Picture	40	3987997	0	1	2653	1	0	2490	other	0
gpl009	414	Pulse	199	3989988	1991	0
gpl009	415	Picture	60	3990815	0	1	7129	1	0	7000	other	0
gpl009	416	Picture	40	3998110	0	1	2984	1	0	2860	other	0
gpl009	417	Picture	60	4001260	0	1	7129	1	0	7000	other	0
gpl009	417	Pulse	199	4002489	1229	0
gpl009	418	Picture	40	4008555	0	1	2818	1	0	2690	other	0
gpl009	419	Picture	60	4011540	0	1	7129	1	0	7000	other	0
gpl009	419	Pulse	199	4014989	3449	0
gpl009	420	Picture	40	4018834	0	1	2155	1	0	1990	other	0
gpl009	421	Picture	60	4021156	0	1	7129	1	0	7000	other	0
gpl009	421	Pulse	199	4027489	6333	0
gpl009	422	Picture	40	4028451	0	1	3813	1	0	3660	other	0
gpl009	423	Picture	50	4032429	0	1	70131	2	0	next	other	0
gpl009	423	Pulse	199	4039989	7560	0
gpl009	423	Pulse	199	4052489	20060	0
gpl009	423	Pulse	199	4064988	32560	0
gpl009	423	Pulse	199	4077488	45059	0
gpl009	423	Pulse	199	4089988	57559	0
gpl009	423	Pulse	199	4102488	70059	0
gpl009	424	Picture	70	4102560	0	1	7129	1	0	7000	other	0
gpl009	425	Picture	40	4109855	0	1	2653	1	0	2490	other	0
gpl009	426	Picture	70	4112674	0	1	7129	1	0	7000	other	0
gpl009	426	Pulse	199	4114989	2316	0
gpl009	427	Picture	40	4119969	0	1	2155	1	0	2130	other	0
gpl009	428	Picture	75	4122290	0	1	7129	1	0	7000	hit	717
gpl009	428	Response	26	4127069	4779	0
gpl009	428	Pulse	199	4127488	5199	0
gpl009	429	Picture	40	4129585	0	1	2155	1	0	1990	other	0
gpl009	430	Picture	70	4131906	0	1	7129	1	0	7000	other	0
gpl009	431	Picture	40	4139201	0	1	3481	1	0	3310	other	0
gpl009	431	Pulse	199	4139989	788	0
gpl009	432	Picture	70	4142848	0	1	7129	1	0	7000	other	0
gpl009	433	Picture	40	4150143	0	1	3813	1	0	3660	other	0
gpl009	433	Pulse	199	4152499	2356	0
gpl009	434	Picture	70	4154122	0	1	7129	1	0	7000	other	0
gpl009	435	Picture	40	4161417	0	1	2155	1	0	2140	other	0
gpl009	436	Picture	70	4163582	0	322	7119	322	0	7000	other	0
gpl009	436	Pulse	199	4164989	1407	0
gpl009	437	Picture	40	4170867	0	1	2984	1	0	2860	other	0
gpl009	438	Picture	70	4174017	0	1	7129	1	0	7000	other	0
gpl009	438	Pulse	199	4177499	3481	0
gpl009	439	Picture	40	4181312	0	1	1824	1	0	1780	other	0
gpl009	440	Picture	75	4183302	0	1	7129	1	0	7000	hit	735
gpl009	440	Response	26	4187729	4427	0
gpl009	440	Pulse	199	4189988	6686	0
gpl009	441	Picture	40	4190596	0	1	2819	1	0	2690	other	0
gpl009	442	Picture	70	4193581	0	1	7129	1	0	7000	other	0
gpl009	443	Picture	40	4200876	0	1	4476	1	0	4350	other	0
gpl009	443	Pulse	199	4202498	1622	0
gpl009	444	Picture	50	4205518	0	1	70131	1	0	next	other	0
gpl009	444	Pulse	199	4214998	9480	0
gpl009	444	Pulse	199	4227499	21981	0
gpl009	444	Pulse	199	4239999	34481	0
gpl009	444	Pulse	199	4252499	46981	0
gpl009	444	Pulse	199	4264999	59481	0
gpl009	445	Picture	80	4275649	0	1	7129	1	0	7000	other	0
gpl009	445	Pulse	199	4277499	1850	0
gpl009	446	Picture	40	4282944	0	1	4476	1	0	4350	other	0
gpl009	447	Picture	80	4287586	0	1	7129	1	0	7000	other	0
gpl009	447	Pulse	199	4289999	2413	0
gpl009	448	Picture	40	4294881	0	1	2155	1	0	1990	other	0
gpl009	449	Picture	80	4297202	0	1	7129	1	0	7000	other	0
gpl009	449	Pulse	199	4302498	5297	0
gpl009	450	Picture	40	4304497	0	1	3813	1	0	3660	other	0
gpl009	451	Picture	80	4308476	0	1	7129	1	0	7000	other	0
gpl009	451	Pulse	199	4314999	6523	0
gpl009	452	Picture	40	4315771	0	1	2984	1	0	2860	other	0
gpl009	453	Picture	80	4318921	0	1	7129	1	0	7000	other	0
gpl009	454	Picture	40	4326216	0	1	1824	1	0	1780	other	0
gpl009	454	Pulse	199	4327498	1283	0
gpl009	455	Picture	80	4328205	0	1	7129	1	0	7000	other	0
gpl009	456	Picture	40	4335500	0	1	2155	1	0	2140	other	0
gpl009	457	Picture	80	4337665	0	322	7119	322	0	7000	other	0
gpl009	457	Pulse	199	4339999	2334	0
gpl009	458	Picture	40	4344950	0	1	2155	1	0	2130	other	0
gpl009	459	Picture	80	4347271	0	1	7129	1	0	7000	other	0
gpl009	459	Pulse	199	4352499	5227	0
gpl009	460	Picture	40	4354566	0	1	2653	1	0	2490	other	0
gpl009	461	Picture	80	4357385	0	1	7129	1	0	7000	other	0
gpl009	462	Picture	40	4364680	0	1	3482	1	0	3310	other	0
gpl009	462	Pulse	199	4364999	319	0
gpl009	463	Picture	80	4368327	0	1	7129	1	0	7000	other	0
gpl009	464	Picture	40	4375622	0	1	2819	1	0	2690	other	0
gpl009	464	Pulse	199	4377499	1877	0
gpl009	465	Picture	50	4378606	0	1	50070	1	0	next	other	0
gpl009	465	Pulse	199	4389999	11393	0
gpl009	465	Pulse	199	4402499	23892	0
gpl009	465	Pulse	199	4414998	36392	0
gpl009	465	Pulse	199	4427499	48893	0
gpl009	466	Picture	90	4428676	0	1	7129	1	0	7000	other	0
gpl009	467	Picture	40	4435971	0	1	2155	1	0	2140	other	0
gpl009	468	Picture	90	4438136	0	322	7119	322	0	7000	other	0
gpl009	468	Pulse	199	4439998	1862	0
gpl009	469	Picture	40	4445421	0	1	2653	1	0	2490	other	0
gpl009	470	Picture	90	4448240	0	1	7129	1	0	7000	other	0
gpl009	470	Pulse	199	4452499	4260	0
gpl009	471	Picture	40	4455535	0	1	1824	1	0	1780	other	0
gpl009	472	Picture	95	4457524	0	1	7129	1	0	7000	hit	790
gpl009	472	Response	26	4462339	4815	0
gpl009	473	Picture	40	4464819	0	1	2155	1	0	1990	other	0
gpl009	473	Pulse	199	4464999	180	0
gpl009	474	Picture	90	4467140	0	1	7129	1	0	7000	other	0
gpl009	475	Picture	40	4474435	0	1	2155	1	0	2130	other	0
gpl009	476	Picture	90	4476756	0	1	7129	1	0	7000	other	0
gpl009	476	Pulse	199	4477499	743	0
gpl009	477	Picture	40	4484051	0	1	2818	1	0	2690	other	0
gpl009	478	Picture	90	4487035	0	1	7129	1	0	7000	other	0
gpl009	478	Pulse	199	4489999	2964	0
gpl009	479	Picture	40	4494330	0	1	3813	1	0	3660	other	0
gpl009	480	Picture	90	4498309	0	1	7129	1	0	7000	other	0
gpl009	480	Pulse	199	4502499	4190	0
gpl009	481	Picture	40	4505604	0	1	4476	1	0	4350	other	0
gpl009	482	Picture	90	4510246	0	1	7129	1	0	7000	other	0
gpl009	482	Pulse	199	4514999	4752	0
gpl009	483	Picture	40	4517541	0	1	3482	1	0	3310	other	0
gpl009	484	Picture	90	4521189	0	1	7129	1	0	7000	other	0
gpl009	484	Pulse	199	4527498	6310	0
gpl009	485	Picture	40	4528484	0	1	2984	1	0	2860	other	0
gpl009	486	Picture	50	4531634	0	1	90192	1	0	next	other	0
gpl009	486	Pulse	199	4539999	8365	0
gpl009	486	Pulse	199	4552498	20864	0
gpl009	486	Pulse	199	4564999	33365	0
gpl009	486	Pulse	199	4577499	45865	0
gpl009	486	Pulse	199	4589999	58365	0
gpl009	486	Pulse	199	4602499	70865	0
gpl009	486	Pulse	199	4614999	83365	0
gpl009	487	Picture	60	4621826	0	1	7129	1	0	7000	other	0
gpl009	487	Pulse	199	4627499	5673	0
gpl009	488	Picture	40	4629120	0	1	2155	1	0	2130	other	0
gpl009	489	Picture	60	4631442	0	1	7129	1	0	7000	other	0
gpl009	490	Picture	40	4638736	0	1	2818	1	0	2690	other	0
gpl009	490	Pulse	199	4639999	1262	0
gpl009	491	Picture	60	4641721	0	1	7129	1	0	7000	other	0
gpl009	492	Picture	40	4649016	0	1	2653	1	0	2490	other	0
gpl009	493	Picture	60	4651834	0	1	7129	1	0	7000	other	0
gpl009	493	Pulse	199	4652499	665	0
gpl009	494	Picture	40	4659129	0	1	3813	1	0	3660	other	0
gpl009	495	Picture	60	4663108	0	1	7129	1	0	7000	other	0
gpl009	495	Pulse	199	4664998	1890	0
gpl009	496	Picture	40	4670403	0	1	2155	1	0	2140	other	0
gpl009	497	Picture	60	4672568	0	322	7119	322	0	7000	other	0
gpl009	497	Pulse	199	4677499	4931	0
gpl009	498	Picture	40	4679853	0	1	2155	1	0	1990	other	0
gpl009	499	Picture	60	4682174	0	1	7129	1	0	7000	other	0
gpl009	500	Picture	40	4689469	0	1	4476	1	0	4350	other	0
gpl009	500	Pulse	199	4689999	530	0
gpl009	501	Picture	65	4694111	0	1	7129	1	0	7000	hit	839
gpl009	501	Response	26	4698479	4367	0
gpl009	502	Picture	40	4701406	0	1	3482	1	0	3310	other	0
gpl009	502	Pulse	199	4702499	1093	0
gpl009	503	Picture	60	4705054	0	1	7129	1	0	7000	other	0
gpl009	504	Picture	40	4712349	0	1	2984	1	0	2860	other	0
gpl009	504	Pulse	199	4714999	2650	0
gpl009	505	Picture	60	4715499	0	1	7129	1	0	7000	other	0
gpl009	506	Picture	40	4722794	0	1	1823	1	0	1780	other	0
gpl009	507	Picture	50	4724783	0	1	30174	1	0	next	other	0
gpl009	507	Pulse	199	4727499	2716	0
gpl009	507	Pulse	199	4739999	15215	0
gpl009	507	Pulse	199	4752498	27715	0
gpl009	508	Picture	70	4754958	0	1	7129	1	0	7000	other	0
gpl009	509	Picture	40	4762253	0	1	2155	1	0	2130	other	0
gpl009	510	Picture	70	4764574	0	1	7129	1	0	7000	other	0
gpl009	510	Pulse	199	4764999	425	0
gpl009	511	Picture	40	4771869	0	1	3813	1	0	3660	other	0
gpl009	512	Picture	70	4775848	0	1	7129	1	0	7000	other	0
gpl009	512	Pulse	199	4777498	1651	0
gpl009	513	Picture	40	4783143	0	1	2155	1	0	2140	other	0
gpl009	514	Picture	70	4785308	0	322	7119	323	0	7000	other	0
gpl009	514	Pulse	199	4789999	4691	0
gpl009	515	Picture	40	4792593	0	1	2155	1	0	1990	other	0
gpl009	516	Picture	70	4794914	0	1	7129	1	0	7000	other	0
gpl009	517	Picture	40	4802209	0	1	4476	1	0	4350	other	0
gpl009	517	Pulse	199	4802499	290	0
gpl009	518	Picture	70	4806851	0	1	7129	1	0	7000	other	0
gpl009	519	Picture	40	4814146	0	1	3482	1	0	3310	other	0
gpl009	519	Pulse	199	4814999	853	0
gpl009	520	Picture	70	4817793	0	1	7129	1	0	7000	other	0
gpl009	521	Picture	40	4825088	0	1	1824	1	0	1780	other	0
gpl009	522	Picture	70	4827078	0	1	7129	1	0	7000	other	0
gpl009	522	Pulse	199	4827499	421	0
gpl009	523	Picture	40	4834373	0	1	2819	1	0	2690	other	0
gpl009	524	Picture	70	4837357	0	1	7129	1	0	7000	other	0
gpl009	524	Pulse	199	4839999	2642	0
gpl009	525	Picture	40	4844652	0	1	2653	1	0	2490	other	0
gpl009	526	Picture	70	4847470	0	1	7129	1	0	7000	other	0
gpl009	526	Pulse	199	4852499	5028	0
gpl009	527	Picture	40	4854765	0	1	2984	1	0	2860	other	0
gpl009	528	Picture	50	4857915	0	1	50070	1	0	next	other	0
gpl009	528	Pulse	199	4864998	7083	0
gpl009	528	Pulse	199	4877498	19583	0
gpl009	528	Pulse	199	4889998	32083	0
gpl009	528	Pulse	199	4902499	44584	0
gpl009	529	Picture	80	4907985	0	1	7129	1	0	7000	other	0
gpl009	529	Pulse	199	4914985	7000	15
gpl009	530	Picture	40	4915280	0	1	2155	1	0	1990	other	0
gpl009	531	Picture	80	4917601	0	1	7129	1	0	7000	other	0
gpl009	532	Picture	40	4924896	0	1	1824	1	0	1780	other	0
gpl009	533	Picture	80	4926886	0	1	7129	1	0	7000	other	0
gpl009	533	Pulse	199	4927499	614	0
gpl009	534	Picture	40	4934180	0	1	2819	1	0	2690	other	0
gpl009	535	Picture	80	4937165	0	1	7129	1	0	7000	other	0
gpl009	535	Pulse	199	4939999	2835	0
gpl009	536	Picture	40	4944460	0	1	2155	1	0	2130	other	0
gpl009	537	Picture	80	4946781	0	1	7129	1	0	7000	other	0
gpl009	537	Pulse	199	4952499	5718	0
gpl009	538	Picture	40	4954076	0	1	3813	1	0	3660	other	0
gpl009	539	Picture	80	4958055	0	1	7129	1	0	7000	other	0
gpl009	539	Pulse	199	4964999	6944	0
gpl009	540	Picture	40	4965350	0	1	2984	1	0	2860	other	0
gpl009	541	Picture	80	4968500	0	1	7129	1	0	7000	other	0
gpl009	542	Picture	40	4975795	0	1	4476	1	0	4350	other	0
gpl009	542	Pulse	199	4977498	1704	0
gpl009	543	Picture	80	4980437	0	1	7129	1	0	7000	other	0
gpl009	544	Picture	40	4987732	0	1	2653	1	0	2490	other	0
gpl009	544	Pulse	199	4989999	2268	0
gpl009	545	Picture	80	4990550	0	1	7129	1	0	7000	other	0
gpl009	546	Picture	40	4997845	0	1	3482	1	0	3310	other	0
gpl009	547	Picture	85	5001493	0	1	7129	1	0	7000	hit	911
gpl009	547	Pulse	199	5002499	1006	0
gpl009	547	Response	26	5006798	5306	0
gpl009	548	Picture	40	5008788	0	1	2155	1	0	2140	other	0
gpl009	549	Picture	50	5010953	0	323	70121	323	0	next	other	0
gpl009	549	Pulse	199	5014999	4046	0
gpl009	549	Pulse	199	5027499	16546	0
gpl009	549	Pulse	199	5039999	29046	0
gpl009	549	Pulse	199	5052499	41546	0
gpl009	549	Pulse	199	5064999	54046	0
gpl009	549	Pulse	199	5077499	66546	0
gpl009	550	Picture	90	5081073	0	1	7129	1	0	7000	other	0
gpl009	551	Picture	40	5088368	0	1	2984	1	0	2860	other	0
gpl009	551	Pulse	199	5089998	1630	0
gpl009	552	Picture	90	5091518	0	1	7129	1	0	7000	other	0
gpl009	553	Picture	40	5098813	0	1	3813	1	0	3660	other	0
gpl009	553	Pulse	199	5102499	3685	0
gpl009	554	Picture	90	5102792	0	1	7129	1	0	7000	other	0
gpl009	555	Picture	40	5110087	0	1	1824	1	0	1780	other	0
gpl009	556	Picture	90	5112077	0	1	7129	1	0	7000	other	0
gpl009	556	Pulse	199	5114998	2922	0
gpl009	557	Picture	40	5119372	0	1	4476	1	0	4350	other	0
gpl009	558	Picture	90	5124014	0	1	7129	1	0	7000	other	0
gpl009	558	Pulse	199	5127499	3485	0
gpl009	559	Picture	40	5131309	0	1	3482	1	0	3310	other	0
gpl009	560	Picture	90	5134956	0	1	7129	1	0	7000	other	0
gpl009	560	Pulse	199	5139999	5043	0
gpl009	561	Picture	40	5142251	0	1	2653	1	0	2490	other	0
gpl009	562	Picture	95	5145070	0	1	7129	1	0	7000	hit	938
gpl009	562	Response	26	5148959	3890	0
gpl009	563	Picture	40	5152365	0	1	2155	1	0	2130	other	0
gpl009	563	Pulse	199	5152499	135	0
gpl009	564	Picture	90	5154686	0	1	7129	1	0	7000	other	0
gpl009	565	Picture	40	5161981	0	1	2155	1	0	1990	other	0
gpl009	566	Picture	90	5164302	0	1	7129	1	0	7000	other	0
gpl009	566	Pulse	199	5164999	697	0
gpl009	567	Picture	40	5171597	0	1	2155	1	0	2140	other	0
gpl009	568	Picture	90	5173762	0	322	7119	322	0	7000	other	0
gpl009	568	Pulse	199	5177499	3737	0
gpl009	569	Picture	40	5181047	0	1	2818	1	0	2690	other	0
gpl009	570	Picture	50	5184031	0	1	30174	1	0	next	other	0
gpl009	570	Pulse	199	5189999	5968	0
gpl009	570	Pulse	199	5202499	18468	0
gpl009	571	Picture	60	5214206	0	1	7129	1	0	7000	other	0
gpl009	571	Pulse	199	5214999	793	0
gpl009	572	Picture	40	5221501	0	1	3482	1	0	3310	other	0
gpl009	573	Picture	60	5225148	0	1	7128	2	0	7000	other	0
gpl009	573	Pulse	199	5227499	2351	0
gpl009	574	Picture	40	5232443	0	1	2653	1	0	2490	other	0
gpl009	575	Picture	60	5235261	0	1	7129	1	0	7000	other	0
gpl009	575	Pulse	199	5239999	4738	0
gpl009	576	Picture	40	5242556	0	1	3813	1	0	3660	other	0
gpl009	577	Picture	60	5246535	0	1	7129	1	0	7000	other	0
gpl009	577	Pulse	199	5252499	5963	0
gpl009	578	Picture	40	5253830	0	1	4476	1	0	4350	other	0
gpl009	579	Picture	60	5258473	0	1	7129	1	0	7000	other	0
gpl009	579	Pulse	199	5264999	6527	0
gpl009	580	Picture	40	5265767	0	1	2155	1	0	1990	other	0
gpl009	581	Picture	60	5268089	0	1	7129	1	0	7000	other	0
gpl009	582	Picture	40	5275383	0	1	2155	1	0	2140	other	0
gpl009	582	Pulse	199	5277499	2116	0
gpl009	583	Picture	65	5277549	0	322	7119	322	0	7000	hit	971
gpl009	583	Response	26	5282539	4990	0
gpl009	584	Picture	40	5284834	0	1	2984	1	0	2860	other	0
gpl009	585	Picture	60	5287984	0	1	7129	1	0	7000	other	0
gpl009	585	Pulse	199	5289999	2015	0
gpl009	586	Picture	40	5295279	0	1	1824	1	0	1780	other	0
gpl009	587	Picture	65	5297268	0	1	7129	1	0	7000	hit	977
gpl009	587	Response	26	5302399	5131	0
gpl009	587	Pulse	199	5302499	5230	0
gpl009	588	Picture	40	5304563	0	1	2819	1	0	2690	other	0
gpl009	589	Picture	60	5307547	0	1	7129	1	0	7000	other	0
gpl009	590	Picture	40	5314842	0	1	2155	1	0	2130	other	0
gpl009	590	Pulse	199	5314999	156	0
gpl009	591	Picture	50	5317163	0	1	90192	1	0	next	other	0
gpl009	591	Pulse	199	5327499	10336	0
gpl009	591	Pulse	199	5339999	22836	0
gpl009	591	Pulse	199	5352499	35336	0
gpl009	591	Pulse	199	5364999	47836	0
gpl009	591	Pulse	199	5377499	60336	0
gpl009	591	Pulse	199	5389999	72836	0
gpl009	591	Pulse	199	5402499	85336	0
gpl009	592	Picture	70	5407355	0	1	7129	1	0	7000	other	0
gpl009	593	Picture	40	5414650	0	1	2155	1	0	1990	other	0
gpl009	593	Pulse	199	5414999	349	0
gpl009	594	Picture	70	5416971	0	1	7129	1	0	7000	other	0
gpl009	595	Picture	40	5424266	0	1	2984	1	0	2860	other	0
gpl009	596	Picture	70	5427416	0	1	7129	1	0	7000	other	0
gpl009	596	Pulse	199	5427499	83	0
gpl009	597	Picture	40	5434711	0	1	1824	1	0	1780	other	0
gpl009	598	Picture	70	5436700	0	1	7129	1	0	7000	other	0
gpl009	598	Pulse	199	5439999	3298	0
gpl009	599	Picture	40	5443995	0	1	2155	1	0	2140	other	0
gpl009	600	Picture	70	5446161	0	322	7119	322	0	7000	other	0
gpl009	600	Pulse	199	5452499	6339	0
gpl009	601	Picture	40	5453446	0	1	4476	1	0	4350	other	0
gpl009	602	Picture	70	5458088	0	1	7129	1	0	7000	other	0
gpl009	602	Pulse	199	5464999	6912	0
gpl009	603	Picture	40	5465383	0	1	3482	1	0	3310	other	0
gpl009	604	Picture	75	5469030	0	1	7129	1	0	7000	hit	1009
gpl009	604	Response	26	5475159	6129	0
gpl009	605	Picture	40	5476325	0	1	2818	1	0	2690	other	0
gpl009	605	Pulse	199	5477499	1174	0
gpl009	606	Picture	70	5479309	0	1	7129	1	0	7000	other	0
gpl009	607	Picture	40	5486604	0	1	2155	1	0	2130	other	0
gpl009	608	Picture	70	5488770	0	322	7119	322	0	7000	other	0
gpl009	608	Pulse	199	5489999	1230	0
gpl009	609	Picture	40	5496054	0	1	3813	1	0	3660	other	0
gpl009	610	Picture	70	5500034	0	1	7129	1	0	7000	other	0
gpl009	610	Pulse	199	5502499	2466	0
gpl009	611	Picture	40	5507329	0	1	2653	1	0	2490	other	0
gpl009	612	Picture	50	5510147	0	1	30174	1	0	next	other	0
gpl009	612	Pulse	199	5514999	4852	0
gpl009	612	Pulse	199	5527499	17352	0
gpl009	612	Pulse	199	5539998	29851	0
gpl009	613	Picture	80	5540321	0	1	7129	1	0	7000	other	0
gpl009	614	Picture	40	5547616	0	1	2155	1	0	1990	other	0
gpl009	615	Picture	80	5549937	0	1	7129	1	0	7000	other	0
gpl009	615	Pulse	199	5552499	2562	0
gpl009	616	Picture	40	5557232	0	1	2819	1	0	2690	other	0
gpl009	617	Picture	80	5560217	0	1	7129	1	0	7000	other	0
gpl009	617	Pulse	199	5564999	4782	0
gpl009	618	Picture	40	5567512	0	1	2984	1	0	2860	other	0
gpl009	619	Picture	80	5570662	0	1	7129	1	0	7000	other	0
gpl009	619	Pulse	199	5577499	6837	0
gpl009	620	Picture	40	5577957	0	1	3813	1	0	3660	other	0
gpl009	621	Picture	80	5581936	0	1	7129	1	0	7000	other	0
gpl009	622	Picture	40	5589231	0	1	1824	1	0	1780	other	0
gpl009	622	Pulse	199	5589999	769	0
gpl009	623	Picture	80	5591220	0	1	7129	1	0	7000	other	0
gpl009	624	Picture	40	5598515	0	1	3482	1	0	3310	other	0
gpl009	625	Picture	85	5602162	0	1	7129	1	0	7000	hit	1042
gpl009	625	Pulse	199	5602499	337	0
gpl009	625	Response	26	5606919	4757	0
gpl009	626	Picture	40	5609457	0	1	2155	1	0	2130	other	0
gpl009	627	Picture	80	5611778	0	1	7129	1	0	7000	other	0
gpl009	627	Pulse	199	5614999	3221	0
gpl009	628	Picture	40	5619073	0	1	2155	1	0	2140	other	0
gpl009	629	Picture	80	5621239	0	322	7119	323	0	7000	other	0
gpl009	629	Pulse	199	5627499	6260	0
gpl009	630	Picture	40	5628524	0	1	4476	1	0	4350	other	0
gpl009	631	Picture	80	5633166	0	1	7129	1	0	7000	other	0
gpl009	631	Pulse	199	5639999	6833	0
gpl009	632	Picture	40	5640461	0	1	2653	1	0	2490	other	0
gpl009	633	Picture	50	5643279	0	1	90192	1	0	next	other	0
gpl009	633	Pulse	199	5652499	9220	0
gpl009	633	Pulse	199	5664999	21720	0
gpl009	633	Pulse	199	5677499	34220	0
gpl009	633	Pulse	199	5689999	46720	0
gpl009	633	Pulse	199	5702499	59220	0
gpl009	633	Pulse	199	5714999	71720	0
gpl009	633	Pulse	199	5727499	84220	0
gpl009	634	Picture	90	5733471	0	1	7129	1	0	7000	other	0
gpl009	634	Pulse	199	5739999	6528	0
gpl009	635	Picture	40	5740766	0	1	2984	1	0	2860	other	0
gpl009	636	Picture	90	5743916	0	1	7129	1	0	7000	other	0
gpl009	637	Picture	40	5751211	0	1	4476	1	0	4350	other	0
gpl009	637	Pulse	199	5752499	1288	0
gpl009	638	Picture	95	5755853	0	1	7129	1	0	7000	hit	1068
gpl009	638	Response	26	5760679	4826	0
gpl009	639	Picture	40	5763148	0	1	2155	1	0	2130	other	0
gpl009	639	Pulse	199	5764998	1851	0
gpl009	640	Picture	90	5765469	0	1	7129	1	0	7000	other	0
gpl009	641	Picture	40	5772764	0	1	2819	1	0	2690	other	0
gpl009	642	Picture	95	5775748	0	1	7129	1	0	7000	hit	1075
gpl009	642	Pulse	199	5777499	1751	0
gpl009	642	Response	26	5780758	5010	0
gpl009	643	Picture	40	5783043	0	1	2155	1	0	1990	other	0
gpl009	644	Picture	90	5785364	0	1	7129	1	0	7000	other	0
gpl009	644	Pulse	199	5789999	4635	0
gpl009	645	Picture	40	5792659	0	1	2155	1	0	2140	other	0
gpl009	646	Picture	90	5794825	0	322	7119	322	0	7000	other	0
gpl009	647	Picture	40	5802109	0	1	2653	1	0	2490	other	0
gpl009	647	Pulse	199	5802499	390	0
gpl009	648	Picture	90	5804928	0	1	7129	1	0	7000	other	0
gpl009	649	Picture	40	5812223	0	1	3813	1	0	3660	other	0
gpl009	649	Pulse	199	5814999	2776	0
gpl009	650	Picture	90	5816202	0	1	7129	1	0	7000	other	0
gpl009	651	Picture	40	5823497	0	1	1824	1	0	1780	other	0
gpl009	652	Picture	90	5825486	0	1	7129	1	0	7000	other	0
gpl009	652	Pulse	199	5827499	2013	0
gpl009	653	Picture	40	5832781	0	1	3482	1	0	3310	other	0
gpl009	654	Picture	50	5836429	0	1	70131	1	0	next	other	0
gpl009	654	Pulse	199	5839999	3570	0
gpl009	654	Pulse	199	5852499	16070	0
gpl009	654	Pulse	199	5864998	28570	0
gpl009	654	Pulse	199	5877498	41070	0
gpl009	654	Pulse	199	5889999	53570	0
gpl009	654	Pulse	199	5902499	66071	0
gpl009	655	Picture	60	5906559	0	1	7129	1	0	7000	other	0
gpl009	656	Picture	40	5913854	0	1	2653	1	0	2490	other	0
gpl009	656	Pulse	199	5914999	1145	0
gpl009	657	Picture	60	5916673	0	1	7129	1	0	7000	other	0
gpl009	658	Picture	40	5923968	0	1	1824	1	0	1780	other	0
gpl009	659	Picture	60	5925957	0	1	7129	1	0	7000	other	0
gpl009	659	Pulse	199	5927499	1542	0
gpl009	660	Picture	40	5933252	0	1	2984	1	0	2860	other	0
gpl009	661	Picture	60	5936402	0	1	7129	1	0	7000	other	0
gpl009	661	Pulse	199	5940009	3607	0
gpl009	662	Picture	40	5943697	0	1	4476	1	0	4350	other	0
gpl009	663	Picture	60	5948339	0	1	7129	1	0	7000	other	0
gpl009	663	Pulse	199	5952499	4160	0
gpl009	664	Picture	40	5955634	0	1	2155	1	0	2140	other	0
gpl009	665	Picture	60	5957799	0	322	7119	322	0	7000	other	0
gpl009	665	Pulse	199	5964999	7199	1
gpl009	666	Picture	40	5965084	0	1	2155	1	0	1990	other	0
gpl009	667	Picture	60	5967405	0	1	7129	1	0	7000	other	0
gpl009	668	Picture	40	5974700	0	1	2155	1	0	2130	other	0
gpl009	669	Picture	60	5977022	0	1	7129	1	0	7000	other	0
gpl009	669	Pulse	199	5977498	477	0
gpl009	670	Picture	40	5984316	0	1	3481	1	0	3310	other	0
gpl009	671	Picture	60	5987964	0	1	7129	1	0	7000	other	0
gpl009	671	Pulse	199	5990009	2045	0
gpl009	672	Picture	40	5995259	0	1	2818	1	0	2690	other	0
gpl009	673	Picture	60	5998243	0	1	7129	1	0	7000	other	0
gpl009	673	Pulse	199	6002509	4266	0
gpl009	674	Picture	40	6005538	0	1	3813	1	0	3660	other	0
gpl009	675	Picture	50	6009517	0	1	50070	1	0	next	other	0
gpl009	675	Pulse	199	6015009	5492	0
gpl009	675	Pulse	199	6027499	17982	0
gpl009	675	Pulse	199	6040009	30492	0
gpl009	675	Pulse	199	6052509	42992	0
gpl009	676	Picture	200	6059587	0	1	260130	1	0	260000	other	0
gpl009	676	Pulse	199	6065009	5423	0
gpl009	676	Pulse	199	6077509	17922	0
gpl009	676	Pulse	199	6090009	30422	0
gpl009	676	Pulse	199	6102508	42922	0
gpl009	676	Pulse	199	6115009	55422	0
gpl009	676	Pulse	199	6127509	67922	0
gpl009	676	Pulse	199	6140010	80423	0
gpl009	676	Pulse	199	6152509	92923	0
gpl009	676	Pulse	199	6165009	105423	0
gpl009	676	Pulse	199	6177509	117923	0
gpl009	676	Pulse	199	6190009	130422	0
gpl009	676	Pulse	199	6202509	142922	0
gpl009	676	Pulse	199	6215009	155422	0
gpl009	676	Pulse	199	6227509	167922	0
gpl009	676	Pulse	199	6240009	180423	0
gpl009	676	Pulse	199	6252509	192923	0
gpl009	676	Pulse	199	6265009	205423	0
gpl009	676	Pulse	199	6277509	217923	0
