Scenario - 
Logfile written - 04/07/2021 17:16:50

Subject	Trial	Event Type	Code	Time	TTime	Uncertainty	Duration	Uncertainty	ReqTime	ReqDur	Stim Type	Pair Index

gpl003	1	Response	20	102373	102207	0
gpl003	2	Picture	start	102460	0	1	631176	1	0	next	other	0
gpl003	2	Response	20	126544	24084	0
gpl003	3	Pulse	199	733534	606990	0
gpl003	3	Picture	100	733636	607092	1	50070	1	0	50000	other	0
gpl003	3	Pulse	199	746034	619490	0
gpl003	3	Pulse	199	758534	631990	0
gpl003	3	Pulse	199	771034	644489	0
gpl003	3	Pulse	199	783534	656990	0
gpl003	4	Picture	80	783872	0	1	7129	1	0	7000	other	0
gpl003	5	Picture	40	791166	0	1	3482	1	0	3310	other	0
gpl003	6	Picture	80	794814	0	1	7129	1	0	7000	other	0
gpl003	6	Pulse	199	796034	1220	0
gpl003	7	Picture	40	802109	0	1	2653	1	0	2490	other	0
gpl003	8	Picture	80	804927	0	1	7129	1	0	7000	other	0
gpl003	8	Pulse	199	808534	3606	0
gpl003	9	Picture	40	812222	0	1	2819	1	0	2690	other	0
gpl003	10	Picture	80	815207	0	1	7129	1	0	7000	other	0
gpl003	10	Pulse	199	821033	5827	0
gpl003	11	Picture	40	822501	0	1	4476	1	0	4350	other	0
gpl003	12	Picture	80	827144	0	1	7129	1	0	7000	other	0
gpl003	12	Pulse	199	833534	6390	0
gpl003	13	Picture	40	834439	0	1	1824	1	0	1780	other	0
gpl003	14	Picture	80	836428	0	1	7129	1	0	7000	other	0
gpl003	15	Picture	40	843723	0	1	3813	1	0	3660	other	0
gpl003	15	Pulse	199	846034	2311	0
gpl003	16	Picture	80	847702	0	1	7129	1	0	7000	other	0
gpl003	17	Picture	40	854997	0	1	2155	1	0	1990	other	0
gpl003	18	Picture	80	857318	0	1	7129	1	0	7000	other	0
gpl003	18	Pulse	199	858534	1216	0
gpl003	19	Picture	40	864613	0	1	2984	1	0	2860	other	0
gpl003	20	Picture	80	867763	0	1	7129	1	0	7000	other	0
gpl003	20	Pulse	199	871034	3270	0
gpl003	21	Picture	40	875058	0	1	2155	1	0	2140	other	0
gpl003	22	Picture	80	877223	0	322	7119	322	0	7000	other	0
gpl003	22	Pulse	199	883534	6311	0
gpl003	23	Picture	40	884508	0	1	2155	1	0	2130	other	0
gpl003	24	Picture	50	886829	0	1	30174	1	0	next	other	0
gpl003	24	Pulse	199	896034	9205	0
gpl003	24	Pulse	199	908534	21705	0
gpl003	25	Picture	70	917004	0	1	7129	1	0	7000	other	0
gpl003	25	Pulse	199	921034	4030	0
gpl003	26	Picture	40	924299	0	1	1824	1	0	1780	other	0
gpl003	27	Picture	70	926288	0	1	7129	1	0	7000	other	0
gpl003	27	Pulse	199	933534	7246	0
gpl003	28	Picture	40	933583	0	1	3482	1	0	3310	other	0
gpl003	29	Picture	70	937231	0	1	7129	1	0	7000	other	0
gpl003	30	Picture	40	944525	0	1	4476	1	0	4350	other	0
gpl003	30	Pulse	199	946034	1508	0
gpl003	31	Picture	70	949168	0	1	7129	1	0	7000	other	0
gpl003	31	Response	20	954044	4876	0
gpl003	32	Picture	40	956463	0	1	2155	1	0	2140	other	0
gpl003	32	Pulse	199	958534	2071	0
gpl003	33	Picture	70	958628	0	322	7119	322	0	7000	other	0
gpl003	34	Picture	40	965913	0	1	2653	1	0	2490	other	0
gpl003	35	Picture	70	968731	0	1	7129	1	0	7000	other	0
gpl003	35	Pulse	199	971034	2303	0
gpl003	36	Picture	40	976026	0	1	2155	1	0	1990	other	0
gpl003	37	Picture	75	978347	0	1	7129	1	0	7000	hit	60
gpl003	37	Response	25	983404	5057	0
gpl003	37	Pulse	199	983534	5187	0
gpl003	38	Picture	40	985642	0	1	2819	1	0	2690	other	0
gpl003	39	Picture	70	988627	0	1	7129	1	0	7000	other	0
gpl003	40	Picture	40	995921	0	1	2155	1	0	2130	other	0
gpl003	40	Pulse	199	996034	113	0
gpl003	41	Picture	70	998243	0	1	7129	1	0	7000	other	0
gpl003	42	Picture	40	1005537	0	1	2984	1	0	2860	other	0
gpl003	42	Pulse	199	1008532	2994	3
gpl003	43	Picture	70	1008688	0	1	7129	1	0	7000	other	0
gpl003	44	Picture	40	1015982	0	1	3813	1	0	3660	other	0
gpl003	45	Picture	50	1019962	0	1	50069	1	0	next	other	0
gpl003	45	Pulse	199	1021034	1073	0
gpl003	45	Pulse	199	1033534	13572	0
gpl003	45	Pulse	199	1046034	26072	0
gpl003	45	Pulse	199	1058534	38572	0
gpl003	46	Picture	60	1070031	0	1	7129	1	0	7000	other	0
gpl003	46	Pulse	199	1071034	1003	0
gpl003	47	Picture	40	1077326	0	1	2818	1	0	2690	other	0
gpl003	48	Picture	60	1080310	0	1	7129	1	0	7000	other	0
gpl003	48	Pulse	199	1083534	3224	0
gpl003	49	Picture	40	1087605	0	1	3482	1	0	3310	other	0
gpl003	50	Picture	60	1091253	0	1	7129	1	0	7000	other	0
gpl003	50	Pulse	199	1096034	4781	0
gpl003	51	Picture	40	1098548	0	1	2155	1	0	1990	other	0
gpl003	52	Picture	60	1100869	0	1	7129	1	0	7000	other	0
gpl003	53	Picture	40	1108164	0	1	2653	1	0	2490	other	0
gpl003	53	Pulse	199	1108534	370	0
gpl003	54	Picture	60	1110982	0	1	7129	1	0	7000	other	0
gpl003	55	Picture	40	1118277	0	1	1824	1	0	1780	other	0
gpl003	56	Picture	60	1120267	0	1	7129	1	0	7000	other	0
gpl003	56	Pulse	199	1121034	768	0
gpl003	57	Picture	40	1127562	0	1	3813	1	0	3660	other	0
gpl003	58	Picture	60	1131541	0	1	7129	1	0	7000	other	0
gpl003	58	Pulse	199	1133534	1993	0
gpl003	59	Picture	40	1138835	0	1	2155	1	0	2130	other	0
gpl003	60	Picture	60	1141157	0	1	7129	1	0	7000	other	0
gpl003	60	Pulse	199	1146033	4877	0
gpl003	61	Picture	40	1148451	0	1	2155	1	0	2140	other	0
gpl003	62	Picture	65	1150617	0	322	7119	322	0	7000	hit	100
gpl003	62	Response	25	1155164	4547	0
gpl003	63	Picture	40	1157902	0	1	4476	1	0	4350	other	0
gpl003	63	Pulse	199	1158534	632	0
gpl003	64	Picture	60	1162544	0	1	7129	1	0	7000	other	0
gpl003	65	Picture	40	1169839	0	1	2984	1	0	2860	other	0
gpl003	65	Pulse	199	1171034	1195	0
gpl003	66	Picture	50	1172989	0	1	70131	1	0	next	other	0
gpl003	66	Pulse	199	1183534	10545	0
gpl003	66	Pulse	199	1196034	23045	0
gpl003	66	Pulse	199	1208534	35545	0
gpl003	66	Pulse	199	1221034	48045	0
gpl003	66	Pulse	199	1233534	60545	0
gpl003	67	Picture	90	1243120	0	1	7129	1	0	7000	other	0
gpl003	67	Pulse	199	1246034	2915	0
gpl003	68	Picture	40	1250415	0	1	3813	1	0	3660	other	0
gpl003	69	Picture	90	1254394	0	1	7129	1	0	7000	other	0
gpl003	69	Pulse	199	1258534	4140	0
gpl003	70	Picture	40	1261688	0	1	1824	1	0	1780	other	0
gpl003	71	Picture	95	1263678	0	1	7129	1	0	7000	hit	119
gpl003	71	Response	25	1268604	4926	0
gpl003	72	Picture	40	1270973	0	1	2155	1	0	1990	other	0
gpl003	72	Pulse	199	1271033	60	0
gpl003	73	Picture	90	1273294	0	1	7129	1	0	7000	other	0
gpl003	74	Picture	40	1280589	0	1	2984	1	0	2860	other	0
gpl003	74	Pulse	199	1283534	2945	0
gpl003	75	Picture	90	1283739	0	1	7129	1	0	7000	other	0
gpl003	76	Picture	40	1291034	0	1	2155	1	0	2130	other	0
gpl003	77	Picture	90	1293355	0	1	7129	1	0	7000	other	0
gpl003	77	Pulse	199	1296034	2679	0
gpl003	78	Picture	40	1300650	0	1	2818	1	0	2690	other	0
gpl003	79	Picture	90	1303634	0	1	7129	1	0	7000	other	0
gpl003	79	Pulse	199	1308534	4900	0
gpl003	80	Picture	40	1310929	0	1	2155	1	0	2140	other	0
gpl003	81	Picture	90	1313095	0	322	7119	322	0	7000	other	0
gpl003	82	Picture	40	1320379	0	1	3482	1	0	3310	other	0
gpl003	82	Pulse	199	1321034	655	0
gpl003	83	Picture	95	1324027	0	1	7129	1	0	7000	hit	137
gpl003	83	Response	25	1327673	3647	0
gpl003	84	Picture	40	1331322	0	1	2653	1	0	2490	other	0
gpl003	84	Pulse	199	1333534	2212	0
gpl003	85	Picture	90	1334140	0	1	7129	1	0	7000	other	0
gpl003	86	Picture	40	1341435	0	1	4476	1	0	4350	other	0
gpl003	86	Pulse	199	1346035	4599	0
gpl003	87	Picture	50	1346077	0	1	90192	1	0	next	other	0
gpl003	87	Pulse	199	1358534	12456	0
gpl003	87	Pulse	199	1371034	24956	0
gpl003	87	Pulse	199	1383534	37456	0
gpl003	87	Pulse	199	1396034	49957	0
gpl003	87	Pulse	199	1408534	62457	0
gpl003	87	Pulse	199	1421034	74957	0
gpl003	87	Pulse	199	1433535	87457	0
gpl003	88	Picture	80	1436269	0	1	7129	1	0	7000	other	0
gpl003	89	Picture	40	1443564	0	1	2155	1	0	2140	other	0
gpl003	90	Picture	80	1445729	0	322	7119	323	0	7000	other	0
gpl003	90	Pulse	199	1446035	305	0
gpl003	91	Picture	40	1453014	0	1	4476	1	0	4350	other	0
gpl003	92	Picture	80	1457656	0	1	7129	1	0	7000	other	0
gpl003	92	Pulse	199	1458535	878	0
gpl003	93	Picture	40	1464951	0	1	2155	1	0	2130	other	0
gpl003	94	Picture	80	1467272	0	1	7129	1	0	7000	other	0
gpl003	94	Pulse	199	1471034	3762	0
gpl003	95	Picture	40	1474567	0	1	2818	1	0	2690	other	0
gpl003	96	Picture	80	1477552	0	1	7129	1	0	7000	other	0
gpl003	96	Pulse	199	1483534	5982	0
gpl003	97	Picture	40	1484847	0	1	1824	1	0	1780	other	0
gpl003	98	Picture	80	1486836	0	1	7129	1	0	7000	other	0
gpl003	99	Picture	40	1494131	0	1	3482	2	0	3310	other	0
gpl003	99	Pulse	199	1496034	1903	0
gpl003	100	Picture	80	1497778	0	1	7129	1	0	7000	other	0
gpl003	101	Picture	40	1505073	0	1	2155	1	0	1990	other	0
gpl003	102	Picture	80	1507394	0	1	7129	1	0	7000	other	0
gpl003	102	Pulse	199	1508534	1140	0
gpl003	103	Picture	40	1514689	0	1	2653	1	0	2490	other	0
gpl003	104	Picture	80	1517508	0	1	7129	1	0	7000	other	0
gpl003	104	Pulse	199	1521034	3527	0
gpl003	105	Picture	40	1524803	0	1	3813	1	0	3660	other	0
gpl003	106	Picture	85	1528782	0	1	7129	1	0	7000	hit	177
gpl003	106	Response	25	1533284	4502	0
gpl003	106	Pulse	199	1533534	4752	0
gpl003	107	Picture	40	1536077	0	1	2984	1	0	2860	other	0
gpl003	108	Picture	50	1539227	0	1	90192	1	0	next	other	0
gpl003	108	Pulse	199	1546035	6808	0
gpl003	108	Pulse	199	1558534	19308	0
gpl003	108	Pulse	199	1571034	31808	0
gpl003	108	Pulse	199	1583534	44307	0
gpl003	108	Pulse	199	1596034	56807	0
gpl003	108	Pulse	199	1608534	69307	0
gpl003	108	Pulse	199	1621034	81807	0
gpl003	109	Picture	70	1629418	0	1	7129	1	0	7000	other	0
gpl003	109	Pulse	199	1633535	4116	0
gpl003	110	Picture	40	1636713	0	1	2653	1	0	2490	other	0
gpl003	111	Picture	70	1639532	0	1	7129	1	0	7000	other	0
gpl003	111	Pulse	199	1646035	6503	0
gpl003	112	Picture	40	1646827	0	1	3813	1	0	3660	other	0
gpl003	113	Picture	70	1650806	0	1	7129	1	0	7000	other	0
gpl003	114	Picture	40	1658101	0	1	2155	1	0	1990	other	0
gpl003	114	Pulse	199	1658535	434	0
gpl003	115	Picture	75	1660422	0	1	7129	1	0	7000	hit	198
gpl003	115	Response	25	1664414	3992	0
gpl003	116	Picture	40	1667717	0	1	3482	1	0	3310	other	0
gpl003	116	Pulse	199	1671035	3318	0
gpl003	117	Picture	70	1671364	0	1	7129	1	0	7000	other	0
gpl003	118	Picture	40	1678659	0	1	2819	1	0	2690	other	0
gpl003	119	Picture	70	1681644	0	1	7129	1	0	7000	other	0
gpl003	119	Pulse	199	1683535	1891	0
gpl003	120	Picture	40	1688938	0	1	4476	1	0	4350	other	0
gpl003	121	Picture	70	1693581	0	1	7129	1	0	7000	other	0
gpl003	121	Pulse	199	1696034	2454	0
gpl003	122	Picture	40	1700876	0	1	2984	1	0	2860	other	0
gpl003	123	Picture	70	1704026	0	1	7129	1	0	7000	other	0
gpl003	123	Pulse	199	1708534	4508	0
gpl003	124	Picture	40	1711321	0	1	2155	1	0	2130	other	0
gpl003	125	Picture	70	1713642	0	1	7129	1	0	7000	other	0
gpl003	126	Picture	40	1720937	0	1	2155	1	0	2140	other	0
gpl003	126	Pulse	199	1721034	97	0
gpl003	127	Picture	70	1723102	0	322	7119	322	0	7000	other	0
gpl003	128	Picture	40	1730387	0	1	1824	1	0	1780	other	0
gpl003	129	Picture	50	1732376	0	1	70131	1	0	next	other	0
gpl003	129	Pulse	199	1733535	1158	0
gpl003	129	Pulse	199	1746034	13658	0
gpl003	129	Pulse	199	1758534	26158	0
gpl003	129	Pulse	199	1771034	38658	0
gpl003	129	Pulse	199	1783534	51158	0
gpl003	129	Pulse	199	1796034	63658	0
gpl003	130	Picture	60	1802507	0	1	7129	1	0	7000	other	0
gpl003	130	Pulse	199	1808535	6028	0
gpl003	131	Picture	40	1809802	0	1	2155	1	0	1990	other	0
gpl003	132	Picture	60	1812123	0	1	7129	1	0	7000	other	0
gpl003	133	Picture	40	1819418	0	1	4476	1	0	4350	other	0
gpl003	133	Pulse	199	1821034	1616	0
gpl003	134	Picture	60	1824060	0	1	7129	1	0	7000	other	0
gpl003	135	Picture	40	1831355	0	1	1824	1	0	1780	other	0
gpl003	136	Picture	65	1833345	0	1	7129	1	0	7000	hit	234
gpl003	136	Pulse	199	1833534	189	0
gpl003	136	Response	25	1838025	4680	0
gpl003	137	Picture	40	1840639	0	1	2984	1	0	2860	other	0
gpl003	138	Picture	60	1843790	0	1	7129	1	0	7000	other	0
gpl003	138	Pulse	199	1846034	2245	0
gpl003	139	Picture	40	1851084	0	1	2155	1	0	2130	other	0
gpl003	140	Picture	60	1853406	0	1	7129	1	0	7000	other	0
gpl003	140	Pulse	199	1858535	5129	0
gpl003	141	Picture	40	1860700	0	1	3482	1	0	3310	other	0
gpl003	142	Picture	65	1864348	0	1	7129	1	0	7000	hit	243
gpl003	142	Response	25	1868994	4646	0
gpl003	142	Pulse	199	1871034	6686	0
gpl003	143	Picture	40	1871643	0	1	2155	1	0	2140	other	0
gpl003	144	Picture	60	1873964	0	1	7129	1	0	7000	other	0
gpl003	145	Picture	40	1881259	0	1	2653	1	0	2490	other	0
gpl003	145	Pulse	199	1883535	2276	0
gpl003	146	Picture	60	1884077	0	1	7129	1	0	7000	other	0
gpl003	147	Picture	40	1891372	0	1	2819	1	0	2690	other	0
gpl003	148	Picture	60	1894357	0	1	7129	1	0	7000	other	0
gpl003	148	Pulse	199	1896035	1678	0
gpl003	149	Picture	40	1901652	0	1	3813	1	0	3660	other	0
gpl003	150	Picture	50	1905631	0	1	50070	1	0	next	other	0
gpl003	150	Pulse	199	1908535	2904	0
gpl003	150	Pulse	199	1921034	15404	0
gpl003	150	Pulse	199	1933534	27903	0
gpl003	150	Pulse	199	1946034	40404	0
gpl003	151	Picture	90	1955700	0	1	7129	1	0	7000	other	0
gpl003	151	Pulse	199	1958535	2835	0
gpl003	152	Picture	40	1962995	0	1	1824	1	0	1780	other	0
gpl003	153	Picture	90	1964985	0	1	7129	1	0	7000	other	0
gpl003	153	Pulse	199	1971035	6050	0
gpl003	154	Picture	40	1972279	0	1	4477	1	0	4350	other	0
gpl003	155	Picture	90	1976922	0	1	7129	1	0	7000	other	0
gpl003	155	Pulse	199	1983535	6613	0
gpl003	156	Picture	40	1984217	0	1	2155	1	0	2140	other	0
gpl003	157	Picture	90	1986382	0	322	7119	322	0	7000	other	0
gpl003	158	Picture	40	1993667	0	1	2653	1	0	2490	other	0
gpl003	158	Pulse	199	1996035	2368	0
gpl003	159	Picture	90	1996485	0	1	7129	1	0	7000	other	0
gpl003	160	Picture	40	2003780	0	1	2818	1	0	2690	other	0
gpl003	161	Picture	90	2006765	0	1	7129	1	0	7000	other	0
gpl003	161	Pulse	199	2008545	1780	0
gpl003	162	Picture	40	2014060	0	1	2155	1	0	1990	other	0
gpl003	163	Picture	90	2016381	0	1	7129	1	0	7000	other	0
gpl003	163	Pulse	199	2021045	4664	0
gpl003	164	Picture	40	2023676	0	1	3482	1	0	3310	other	0
gpl003	165	Picture	90	2027323	0	1	7129	1	0	7000	other	0
gpl003	165	Pulse	199	2033545	6222	0
gpl003	166	Picture	40	2034618	0	1	3813	1	0	3660	other	0
gpl003	167	Picture	90	2038597	0	1	7129	1	0	7000	other	0
gpl003	168	Picture	40	2045892	0	1	2984	1	0	2860	other	0
gpl003	168	Pulse	199	2046044	152	0
gpl003	169	Picture	90	2049042	0	1	7129	1	0	7000	other	0
gpl003	170	Picture	40	2056337	0	1	2155	1	0	2130	other	0
gpl003	170	Pulse	199	2058534	2197	0
gpl003	171	Picture	50	2058658	0	1	30174	1	0	next	other	0
gpl003	171	Pulse	199	2071044	12386	0
gpl003	171	Pulse	199	2083544	24886	0
gpl003	172	Picture	80	2088832	0	1	7129	1	0	7000	other	0
gpl003	172	Pulse	199	2096045	7212	0
gpl003	173	Picture	40	2096127	0	1	2155	1	0	2130	other	0
gpl003	174	Picture	80	2098448	0	1	7129	1	0	7000	other	0
gpl003	175	Picture	40	2105743	0	1	2818	1	0	2690	other	0
gpl003	175	Pulse	199	2108545	2801	0
gpl003	176	Picture	80	2108728	0	1	7129	1	0	7000	other	0
gpl003	177	Picture	40	2116023	0	1	4476	1	0	4350	other	0
gpl003	178	Picture	80	2120665	0	1	7129	1	0	7000	other	0
gpl003	178	Pulse	199	2121045	380	0
gpl003	179	Picture	40	2127960	0	1	2155	1	0	2140	other	0
gpl003	180	Picture	80	2130125	0	322	7119	323	0	7000	other	0
gpl003	180	Pulse	199	2133545	3420	0
gpl003	181	Picture	40	2137410	0	1	1824	1	0	1780	other	0
gpl003	182	Picture	80	2139399	0	1	7129	1	0	7000	other	0
gpl003	182	Pulse	199	2146045	6645	0
gpl003	183	Picture	40	2146694	0	1	3482	1	0	3310	other	0
gpl003	184	Picture	80	2150342	0	1	7129	1	0	7000	other	0
gpl003	185	Picture	40	2157637	0	1	2155	1	0	1990	other	0
gpl003	185	Pulse	199	2158544	908	0
gpl003	186	Picture	80	2159958	0	1	7129	1	0	7000	other	0
gpl003	187	Picture	40	2167253	0	1	2984	1	0	2860	other	0
gpl003	188	Picture	85	2170403	0	1	7129	1	0	7000	hit	315
gpl003	188	Pulse	199	2171044	641	0
gpl003	188	Response	25	2175095	4692	0
gpl003	189	Picture	40	2177698	0	1	3813	1	0	3660	other	0
gpl003	190	Picture	80	2181677	0	1	7129	1	0	7000	other	0
gpl003	190	Pulse	199	2183545	1868	0
gpl003	191	Picture	40	2188972	0	1	2653	1	0	2490	other	0
gpl003	192	Picture	50	2191790	0	1	70131	1	0	next	other	0
gpl003	192	Pulse	199	2196045	4255	0
gpl003	192	Pulse	199	2208545	16755	0
gpl003	192	Pulse	199	2221045	29255	0
gpl003	192	Pulse	199	2233545	41755	0
gpl003	192	Pulse	199	2246045	54255	0
gpl003	192	Pulse	199	2258544	66754	0
gpl003	193	Picture	70	2261921	0	1	7129	1	0	7000	other	0
gpl003	194	Picture	40	2269216	0	1	1824	1	0	1780	other	0
gpl003	194	Pulse	199	2271044	1828	0
gpl003	195	Picture	70	2271205	0	1	7129	1	0	7000	other	0
gpl003	196	Picture	40	2278500	0	1	2155	1	0	2130	other	0
gpl003	197	Picture	70	2280821	0	1	7129	1	0	7000	other	0
gpl003	197	Pulse	199	2283544	2723	0
gpl003	198	Picture	40	2288116	0	1	2653	1	0	2490	other	0
gpl003	199	Picture	75	2290935	0	1	7129	1	0	7000	hit	336
gpl003	199	Response	25	2295405	4470	0
gpl003	199	Pulse	199	2296045	5110	0
gpl003	200	Picture	40	2298230	0	1	2155	1	0	1990	other	0
gpl003	201	Picture	70	2300551	0	1	7129	1	0	7000	other	0
gpl003	202	Picture	40	2307846	0	1	3813	1	0	3660	other	0
gpl003	202	Pulse	199	2308545	699	0
gpl003	203	Picture	75	2311825	0	1	7129	1	0	7000	hit	343
gpl003	203	Response	25	2315855	4030	0
gpl003	204	Picture	40	2319120	0	1	2818	1	0	2690	other	0
gpl003	204	Pulse	199	2321045	1925	0
gpl003	205	Picture	70	2322104	0	1	7129	1	0	7000	other	0
gpl003	206	Picture	40	2329399	0	1	4476	1	0	4350	other	0
gpl003	206	Pulse	199	2333545	4146	0
gpl003	207	Picture	70	2334041	0	1	7129	1	0	7000	other	0
gpl003	208	Picture	40	2341336	0	1	2155	1	0	2140	other	0
gpl003	209	Picture	70	2343501	0	322	7119	322	0	7000	other	0
gpl003	209	Pulse	199	2346045	2544	0
gpl003	210	Picture	40	2350786	0	1	3482	1	0	3310	other	0
gpl003	211	Picture	70	2354434	0	1	7129	1	0	7000	other	0
gpl003	211	Pulse	199	2358545	4112	0
gpl003	212	Picture	40	2361729	0	1	2984	1	0	2860	other	0
gpl003	213	Picture	50	2364879	0	1	30174	1	0	next	other	0
gpl003	213	Pulse	199	2371045	6166	0
gpl003	213	Pulse	199	2383544	18665	0
gpl003	214	Picture	60	2395053	0	1	7129	1	0	7000	other	0
gpl003	214	Pulse	199	2396044	991	0
gpl003	215	Picture	40	2402348	0	1	2984	1	0	2860	other	0
gpl003	216	Picture	60	2405498	0	1	7129	1	0	7000	other	0
gpl003	216	Pulse	199	2408545	3047	0
gpl003	217	Picture	40	2412793	0	1	2819	1	0	2690	other	0
gpl003	218	Picture	60	2415777	0	1	7129	1	0	7000	other	0
gpl003	218	Pulse	199	2421045	5268	0
gpl003	219	Picture	40	2423072	0	1	3482	1	0	3310	other	0
gpl003	220	Picture	60	2426720	0	1	7129	1	0	7000	other	0
gpl003	220	Pulse	199	2433545	6825	0
gpl003	221	Picture	40	2434015	0	1	2155	1	0	2140	other	0
gpl003	222	Picture	60	2436180	0	322	7119	322	0	7000	other	0
gpl003	223	Picture	40	2443465	0	1	2155	1	0	1990	other	0
gpl003	224	Picture	60	2445786	0	1	7129	1	0	7000	other	0
gpl003	224	Pulse	199	2446045	259	0
gpl003	225	Picture	40	2453081	0	1	2155	1	0	2130	other	0
gpl003	226	Picture	60	2455402	0	1	7129	1	0	7000	other	0
gpl003	226	Pulse	199	2458545	3143	0
gpl003	227	Picture	40	2462697	0	1	2653	1	0	2490	other	0
gpl003	228	Picture	60	2465515	0	1	7129	1	0	7000	other	0
gpl003	228	Pulse	199	2471045	5530	0
gpl003	229	Picture	40	2472810	0	1	4476	1	0	4350	other	0
gpl003	230	Picture	60	2477452	0	1	7129	1	0	7000	other	0
gpl003	230	Pulse	199	2483545	6092	0
gpl003	231	Picture	40	2484747	0	1	1824	1	0	1780	other	0
gpl003	232	Picture	60	2486737	0	1	7129	1	0	7000	other	0
gpl003	233	Picture	40	2494032	0	1	3813	1	0	3660	other	0
gpl003	233	Pulse	199	2496044	2012	0
gpl003	234	Picture	50	2498011	0	1	90192	1	0	next	other	0
gpl003	234	Pulse	199	2508544	10534	0
gpl003	234	Pulse	199	2521045	23034	0
gpl003	234	Pulse	199	2533545	35534	0
gpl003	234	Pulse	199	2546045	48034	0
gpl003	234	Pulse	199	2558545	60534	0
gpl003	234	Pulse	199	2571045	73034	0
gpl003	234	Pulse	199	2583545	85534	0
gpl003	235	Picture	90	2588202	0	1	7129	1	0	7000	other	0
gpl003	236	Picture	40	2595498	0	1	2155	1	0	2140	other	0
gpl003	236	Pulse	199	2596044	547	0
gpl003	237	Picture	90	2597663	0	322	7119	322	0	7000	other	0
gpl003	238	Picture	40	2604948	0	1	2155	1	0	1990	other	0
gpl003	239	Picture	90	2607269	0	1	7129	1	0	7000	other	0
gpl003	239	Pulse	199	2608544	1276	0
gpl003	240	Picture	40	2614564	0	1	4476	1	0	4350	other	0
gpl003	241	Picture	95	2619206	0	1	7129	1	0	7000	hit	407
gpl003	241	Pulse	199	2621045	1839	0
gpl003	241	Response	25	2622644	3438	0
gpl003	242	Picture	40	2626501	0	1	1824	1	0	1780	other	0
gpl003	243	Picture	90	2628490	0	1	7129	1	0	7000	other	0
gpl003	243	Pulse	199	2633545	5055	0
gpl003	244	Picture	40	2635785	0	1	3482	1	0	3310	other	0
gpl003	245	Picture	90	2639433	0	1	7129	1	0	7000	other	0
gpl003	245	Pulse	199	2646045	6612	0
gpl003	246	Picture	40	2646728	0	1	2984	1	0	2860	other	0
gpl003	247	Picture	90	2649878	0	1	7129	1	0	7000	other	0
gpl003	248	Picture	40	2657173	0	1	2155	1	0	2130	other	0
gpl003	248	Pulse	199	2658545	1372	0
gpl003	249	Picture	90	2659494	0	1	7129	1	0	7000	other	0
gpl003	250	Picture	40	2666789	0	1	2819	1	0	2690	other	0
gpl003	251	Picture	90	2669773	0	1	7129	1	0	7000	other	0
gpl003	251	Pulse	199	2671045	1272	0
gpl003	252	Picture	40	2677068	0	1	2653	1	0	2490	other	0
gpl003	253	Picture	90	2679886	0	1	7129	1	0	7000	other	0
gpl003	253	Pulse	199	2683545	3659	0
gpl003	254	Picture	40	2687181	0	1	3813	1	0	3660	other	0
gpl003	255	Picture	50	2691160	0	1	50070	1	0	next	other	0
gpl003	255	Pulse	199	2696045	4885	0
gpl003	255	Pulse	199	2708544	17384	0
gpl003	255	Pulse	199	2721045	29884	0
gpl003	255	Pulse	199	2733545	42384	0
gpl003	256	Picture	80	2741230	0	1	7129	1	0	7000	other	0
gpl003	256	Pulse	199	2746045	4815	0
gpl003	257	Picture	40	2748525	0	1	2155	1	0	1990	other	0
gpl003	258	Picture	80	2750846	0	1	7129	1	0	7000	other	0
gpl003	259	Picture	40	2758141	0	1	1824	1	0	1780	other	0
gpl003	259	Pulse	199	2758545	404	0
gpl003	260	Picture	80	2760130	0	1	7129	1	0	7000	other	0
gpl003	261	Picture	40	2767425	0	1	2155	1	0	2140	other	0
gpl003	262	Picture	85	2769591	0	322	7119	322	0	7000	hit	441
gpl003	262	Pulse	199	2771045	1455	0
gpl003	262	Response	25	2773945	4354	0
gpl003	263	Picture	40	2776876	0	1	2819	1	0	2690	other	0
gpl003	264	Picture	80	2779860	0	1	7129	1	0	7000	other	0
gpl003	264	Pulse	199	2783545	3685	0
gpl003	265	Picture	40	2787155	0	1	3813	1	0	3660	other	0
gpl003	266	Picture	80	2791134	0	1	7129	1	0	7000	other	0
gpl003	266	Pulse	199	2796045	4911	0
gpl003	267	Picture	40	2798429	0	1	2984	1	0	2860	other	0
gpl003	268	Picture	85	2801579	0	1	7129	1	0	7000	hit	450
gpl003	268	Response	25	2805574	3996	0
gpl003	268	Pulse	199	2808545	6966	0
gpl003	269	Picture	40	2808874	0	1	2155	1	0	2130	other	0
gpl003	270	Picture	80	2811195	0	1	7129	1	0	7000	other	0
gpl003	271	Picture	40	2818490	0	1	2653	1	0	2490	other	0
gpl003	271	Pulse	199	2821045	2555	0
gpl003	272	Picture	80	2821308	0	1	7129	1	0	7000	other	0
gpl003	273	Picture	40	2828603	0	1	4476	1	0	4350	other	0
gpl003	274	Picture	80	2833245	0	1	7129	1	0	7000	other	0
gpl003	274	Pulse	199	2833544	299	0
gpl003	275	Picture	40	2840540	0	1	3482	1	0	3310	other	0
gpl003	276	Picture	50	2844188	0	1	50070	1	0	next	other	0
gpl003	276	Pulse	199	2846045	1857	0
gpl003	276	Pulse	199	2858545	14358	0
gpl003	276	Pulse	199	2871045	26857	0
gpl003	276	Pulse	199	2883545	39358	0
gpl003	277	Picture	70	2894257	0	1	7129	1	0	7000	other	0
gpl003	277	Pulse	199	2896045	1788	0
gpl003	278	Picture	40	2901552	0	1	3482	1	0	3310	other	0
gpl003	279	Picture	70	2905200	0	1	7129	1	0	7000	other	0
gpl003	279	Pulse	199	2908545	3345	0
gpl003	280	Picture	40	2912495	0	1	1824	1	0	1780	other	0
gpl003	281	Picture	70	2914484	0	1	7129	1	0	7000	other	0
gpl003	281	Pulse	199	2921045	6561	0
gpl003	282	Picture	40	2921779	0	1	2819	1	0	2690	other	0
gpl003	283	Picture	70	2924763	0	1	7129	1	0	7000	other	0
gpl003	284	Picture	40	2932058	0	1	2155	1	0	2140	other	0
gpl003	284	Pulse	199	2933545	1486	0
gpl003	285	Picture	70	2934224	0	322	7119	322	0	7000	other	0
gpl003	286	Picture	40	2941509	0	1	3813	1	0	3660	other	0
gpl003	287	Picture	70	2945487	0	1	7129	1	0	7000	other	0
gpl003	287	Pulse	199	2946045	557	0
gpl003	288	Picture	40	2952783	0	1	2155	1	0	2130	other	0
gpl003	289	Picture	70	2955104	0	1	7129	1	0	7000	other	0
gpl003	289	Pulse	199	2958545	3441	0
gpl003	290	Picture	40	2962399	0	1	2155	1	0	1990	other	0
gpl003	291	Picture	70	2964720	0	1	7129	1	0	7000	other	0
gpl003	291	Pulse	199	2971045	6326	0
gpl003	292	Picture	40	2972015	0	1	2653	1	0	2490	other	0
gpl003	293	Picture	70	2974833	0	1	7129	1	0	7000	other	0
gpl003	294	Picture	40	2982128	0	1	4476	1	0	4350	other	0
gpl003	294	Pulse	199	2983545	1417	0
gpl003	295	Picture	70	2986770	0	1	7129	1	0	7000	other	0
gpl003	296	Picture	40	2994065	0	1	2984	1	0	2860	other	0
gpl003	296	Pulse	199	2996046	1980	0
gpl003	297	Picture	50	2997215	0	1	90192	1	0	next	other	0
gpl003	297	Pulse	199	3008545	11330	0
gpl003	297	Pulse	199	3021045	23830	0
gpl003	297	Pulse	199	3033545	36330	0
gpl003	297	Pulse	199	3046045	48830	0
gpl003	297	Pulse	199	3058544	61329	0
gpl003	297	Pulse	199	3071044	73829	0
gpl003	297	Pulse	199	3083545	86330	0
gpl003	298	Picture	60	3087407	0	1	7129	1	0	7000	other	0
gpl003	299	Picture	40	3094702	0	1	2984	1	0	2860	other	0
gpl003	299	Pulse	199	3096045	1343	0
gpl003	300	Picture	60	3097852	0	1	7129	1	0	7000	other	0
gpl003	301	Picture	40	3105147	0	1	2155	1	0	1990	other	0
gpl003	302	Picture	60	3107468	0	1	7129	1	0	7000	other	0
gpl003	302	Pulse	199	3108545	1077	0
gpl003	303	Picture	40	3114763	0	1	2653	1	0	2490	other	0
gpl003	304	Picture	60	3117581	0	1	7129	1	0	7000	other	0
gpl003	304	Pulse	199	3121045	3464	0
gpl003	305	Picture	40	3124876	0	1	1824	1	0	1780	other	0
gpl003	306	Picture	65	3126866	0	1	7129	1	0	7000	hit	515
gpl003	306	Response	25	3131415	4549	0
gpl003	306	Pulse	199	3133545	6679	0
gpl003	307	Picture	40	3134161	0	1	2155	1	0	2140	other	0
gpl003	308	Picture	60	3136326	0	156	7119	157	0	7000	other	0
gpl003	309	Picture	40	3143611	0	1	2819	1	0	2690	other	0
gpl003	309	Pulse	199	3146045	2434	0
gpl003	310	Picture	60	3146595	0	1	7129	1	0	7000	other	0
gpl003	311	Picture	40	3153890	0	1	2156	1	0	2130	other	0
gpl003	312	Picture	60	3156211	0	1	7129	1	0	7000	other	0
gpl003	312	Pulse	199	3158545	2334	0
gpl003	313	Picture	40	3163506	0	1	4476	1	0	4350	other	0
gpl003	314	Picture	60	3168148	0	1	7129	1	0	7000	other	0
gpl003	314	Pulse	199	3171044	2896	0
gpl003	315	Picture	40	3175443	0	1	3482	1	0	3310	other	0
gpl003	316	Picture	60	3179091	0	1	7129	1	0	7000	other	0
gpl003	316	Pulse	199	3183545	4455	0
gpl003	317	Picture	40	3186386	0	1	3813	1	0	3660	other	0
gpl003	318	Picture	50	3190365	0	1	30174	1	0	next	other	0
gpl003	318	Pulse	199	3196045	5680	0
gpl003	318	Pulse	199	3208545	18180	0
gpl003	319	Picture	90	3220539	0	1	7129	1	0	7000	other	0
gpl003	319	Pulse	199	3221045	506	0
gpl003	320	Picture	40	3227834	0	1	2818	1	0	2690	other	0
gpl003	321	Picture	90	3230818	0	1	7129	1	0	7000	other	0
gpl003	321	Pulse	199	3233545	2727	0
gpl003	322	Picture	40	3238113	0	1	2984	1	0	2860	other	0
gpl003	323	Picture	90	3241263	0	1	7129	1	0	7000	other	0
gpl003	323	Pulse	199	3246045	4782	0
gpl003	324	Picture	40	3248558	0	1	3813	1	0	3660	other	0
gpl003	325	Picture	90	3252537	0	1	7129	1	0	7000	other	0
gpl003	325	Pulse	199	3258545	6008	0
gpl003	326	Picture	40	3259832	0	1	1824	1	0	1780	other	0
gpl003	327	Picture	90	3261822	0	1	7129	1	0	7000	other	0
gpl003	328	Picture	40	3269117	0	1	2653	1	0	2490	other	0
gpl003	328	Pulse	199	3271045	1928	0
gpl003	329	Picture	90	3271935	0	1	7129	1	0	7000	other	0
gpl003	330	Picture	40	3279230	0	1	2155	1	0	2130	other	0
gpl003	331	Picture	90	3281551	0	1	7129	1	0	7000	other	0
gpl003	331	Pulse	199	3283545	1993	0
gpl003	332	Picture	40	3288846	0	1	2155	1	0	2140	other	0
gpl003	333	Picture	90	3291167	0	1	7129	1	0	7000	other	0
gpl003	333	Pulse	199	3296045	4878	0
gpl003	334	Picture	40	3298462	0	1	4476	1	0	4350	other	0
gpl003	335	Picture	90	3303104	0	1	7129	1	0	7000	other	0
gpl003	335	Pulse	199	3308545	5441	0
gpl003	336	Picture	40	3310399	0	1	2155	1	0	1990	other	0
gpl003	337	Picture	95	3312720	0	1	7129	1	0	7000	hit	562
gpl003	337	Response	25	3316865	4145	0
gpl003	338	Picture	40	3320015	0	1	3482	1	0	3310	other	0
gpl003	338	Pulse	199	3321045	1030	0
gpl003	339	Picture	50	3323663	0	1	70131	1	0	next	other	0
gpl003	339	Pulse	199	3333545	9882	0
gpl003	339	Pulse	199	3346045	22382	0
gpl003	339	Pulse	199	3358545	34882	0
gpl003	339	Pulse	199	3371045	47382	0
gpl003	339	Pulse	199	3383544	59882	0
gpl003	340	Picture	80	3393793	0	1	7129	1	0	7000	other	0
gpl003	340	Pulse	199	3396045	2251	0
gpl003	341	Picture	40	3401088	0	1	2984	1	0	2860	other	0
gpl003	342	Picture	80	3404238	0	1	7129	1	0	7000	other	0
gpl003	342	Pulse	199	3408544	4306	0
gpl003	343	Picture	40	3411533	0	1	2156	1	0	2140	other	0
gpl003	344	Picture	80	3413699	0	156	7119	157	0	7000	other	0
gpl003	345	Picture	40	3420983	0	1	2156	2	0	1990	other	0
gpl003	345	Pulse	199	3421045	62	0
gpl003	346	Picture	80	3423305	0	1	7129	1	0	7000	other	0
gpl003	347	Picture	40	3430599	0	1	2819	1	0	2690	other	0
gpl003	347	Pulse	199	3433545	2946	0
gpl003	348	Picture	80	3433584	0	1	7129	1	0	7000	other	0
gpl003	349	Picture	40	3440879	0	1	2155	1	0	2130	other	0
gpl003	350	Picture	80	3443200	0	1	7129	1	0	7000	other	0
gpl003	350	Pulse	199	3446045	2845	0
gpl003	351	Picture	40	3450495	0	1	4477	1	0	4350	other	0
gpl003	352	Picture	80	3455137	0	1	7129	1	0	7000	other	0
gpl003	352	Pulse	199	3458545	3408	0
gpl003	353	Picture	40	3462432	0	1	1824	1	0	1780	other	0
gpl003	354	Picture	80	3464421	0	1	7129	1	0	7000	other	0
gpl003	354	Pulse	199	3471045	6624	0
gpl003	355	Picture	40	3471716	0	1	3813	1	0	3660	other	0
gpl003	356	Picture	80	3475695	0	1	7129	1	0	7000	other	0
gpl003	357	Picture	40	3482990	0	1	2653	1	0	2490	other	0
gpl003	357	Pulse	199	3483546	555	0
gpl003	358	Picture	85	3485809	0	1	7129	1	0	7000	hit	598
gpl003	358	Response	25	3490156	4347	0
gpl003	359	Picture	40	3493104	0	1	3482	1	0	3310	other	0
gpl003	359	Pulse	199	3496045	2941	0
gpl003	360	Picture	50	3496751	0	1	90192	1	0	next	other	0
gpl003	360	Pulse	199	3508545	11794	0
gpl003	360	Pulse	199	3521045	24294	0
gpl003	360	Pulse	199	3533546	36794	0
gpl003	360	Pulse	199	3546045	49294	0
gpl003	360	Pulse	199	3558546	61794	0
gpl003	360	Pulse	199	3571045	74294	0
gpl003	360	Pulse	199	3583546	86794	0
gpl003	361	Picture	70	3586943	0	1	7129	1	0	7000	other	0
gpl003	362	Picture	40	3594238	0	1	2155	1	0	1990	other	0
gpl003	362	Pulse	199	3596045	1808	0
gpl003	363	Picture	70	3596559	0	1	7129	1	0	7000	other	0
gpl003	364	Picture	40	3603854	0	1	1824	1	0	1780	other	0
gpl003	365	Picture	70	3605843	0	1	7129	1	0	7000	other	0
gpl003	365	Pulse	199	3608545	2702	0
gpl003	366	Picture	40	3613138	0	1	2155	1	0	2140	other	0
gpl003	367	Picture	70	3615304	0	322	7119	322	0	7000	other	0
gpl003	367	Pulse	199	3621045	5741	0
gpl003	368	Picture	40	3622588	0	1	2984	1	0	2860	other	0
gpl003	369	Picture	75	3625739	0	1	7129	1	0	7000	hit	621
gpl003	369	Response	25	3629836	4097	0
gpl003	370	Picture	40	3633033	0	1	3482	1	0	3310	other	0
gpl003	370	Pulse	199	3633545	512	0
gpl003	371	Picture	70	3636681	0	1	7129	1	0	7000	other	0
gpl003	372	Picture	40	3643976	0	1	2653	1	0	2490	other	0
gpl003	372	Pulse	199	3646046	2070	0
gpl003	373	Picture	75	3646794	0	1	7129	1	0	7000	hit	628
gpl003	373	Response	25	3651635	4841	0
gpl003	374	Picture	40	3654089	0	1	3813	1	0	3660	other	0
gpl003	375	Picture	70	3658068	0	1	7129	1	0	7000	other	0
gpl003	375	Pulse	199	3658546	477	0
gpl003	376	Picture	40	3665363	0	1	2818	1	0	2690	other	0
gpl003	377	Picture	70	3668347	0	1	7129	1	0	7000	other	0
gpl003	377	Pulse	199	3671046	2699	0
gpl003	378	Picture	40	3675642	0	1	2155	1	0	2130	other	0
gpl003	379	Picture	70	3677964	0	1	7129	1	0	7000	other	0
gpl003	379	Pulse	199	3683556	5592	0
gpl003	380	Picture	40	3685258	0	1	4476	1	0	4350	other	0
gpl003	381	Picture	50	3689901	0	1	30174	1	0	next	other	0
gpl003	381	Pulse	199	3696046	6145	0
gpl003	381	Pulse	199	3708546	18645	0
gpl003	382	Picture	60	3720075	0	1	7129	1	0	7000	other	0
gpl003	382	Pulse	199	3721046	971	0
gpl003	383	Picture	40	3727370	0	1	2818	1	0	2690	other	0
gpl003	384	Picture	60	3730354	0	1	7129	1	0	7000	other	0
gpl003	384	Pulse	199	3733545	3191	0
gpl003	385	Picture	40	3737649	0	1	1824	1	0	1780	other	0
gpl003	386	Picture	60	3739639	0	1	7129	1	0	7000	other	0
gpl003	386	Pulse	199	3746046	6407	0
gpl003	387	Picture	40	3746934	0	1	2155	1	0	2130	other	0
gpl003	388	Picture	60	3749255	0	1	7129	1	0	7000	other	0
gpl003	389	Picture	40	3756550	0	1	2984	1	0	2860	other	0
gpl003	389	Pulse	199	3758556	2006	0
gpl003	390	Picture	60	3759700	0	1	7129	1	0	7000	other	0
gpl003	391	Picture	40	3766995	0	1	2155	1	0	1990	other	0
gpl003	392	Picture	60	3769316	0	1	7129	1	0	7000	other	0
gpl003	392	Pulse	199	3771056	1740	0
gpl003	393	Picture	40	3776611	0	1	2155	1	0	2140	other	0
gpl003	394	Picture	60	3778776	0	322	7119	322	0	7000	other	0
gpl003	394	Pulse	199	3783556	4780	0
gpl003	395	Picture	40	3786061	0	1	3482	1	0	3310	other	0
gpl003	396	Picture	60	3789708	0	1	7129	1	0	7000	other	0
gpl003	396	Pulse	199	3796056	6348	0
gpl003	397	Picture	40	3797003	0	1	4476	1	0	4350	other	0
gpl003	398	Picture	60	3801646	0	1	7129	1	0	7000	other	0
gpl003	398	Pulse	199	3808556	6910	0
gpl003	399	Picture	40	3808940	0	1	2653	1	0	2490	other	0
gpl003	400	Picture	60	3811759	0	1	7129	1	0	7000	other	0
gpl003	401	Picture	40	3819054	0	1	3813	1	0	3660	other	0
gpl003	401	Pulse	199	3821056	2002	0
gpl003	402	Picture	50	3823033	0	1	50070	1	0	next	other	0
gpl003	402	Pulse	199	3833555	10522	0
gpl003	402	Pulse	199	3846055	23022	0
gpl003	402	Pulse	199	3858555	35522	0
gpl003	402	Pulse	199	3871056	48023	0
gpl003	403	Picture	90	3873103	0	1	7129	1	0	7000	other	0
gpl003	404	Picture	40	3880397	0	1	4476	1	0	4350	other	0
gpl003	404	Pulse	199	3883556	3158	0
gpl003	405	Picture	90	3885040	0	1	7129	1	0	7000	other	0
gpl003	406	Picture	40	3892335	0	1	2155	1	0	2130	other	0
gpl003	407	Picture	90	3894656	0	1	7129	1	0	7000	other	0
gpl003	407	Pulse	199	3896056	1400	0
gpl003	408	Picture	40	3901951	0	1	2155	1	0	1990	other	0
gpl003	409	Picture	90	3904272	0	1	7129	1	0	7000	other	0
gpl003	409	Pulse	199	3908556	4285	0
gpl003	410	Picture	40	3911567	0	1	2155	1	0	2140	other	0
gpl003	411	Picture	90	3913732	0	156	7119	157	0	7000	other	0
gpl003	412	Picture	40	3921017	0	1	3482	1	0	3310	other	0
gpl003	412	Pulse	199	3921056	39	0
gpl003	413	Picture	95	3924664	0	1	7129	1	0	7000	hit	691
gpl003	413	Response	25	3928996	4332	0
gpl003	414	Picture	40	3931959	0	1	1824	1	0	1780	other	0
gpl003	414	Pulse	199	3933556	1597	0
gpl003	415	Picture	90	3933949	0	1	7129	1	0	7000	other	0
gpl003	416	Picture	40	3941244	0	1	2818	1	0	2690	other	0
gpl003	417	Picture	90	3944228	0	1	7129	1	0	7000	other	0
gpl003	417	Pulse	199	3946055	1827	0
gpl003	418	Picture	40	3951523	0	1	3813	1	0	3660	other	0
gpl003	419	Picture	90	3955502	0	1	7129	1	0	7000	other	0
gpl003	419	Pulse	199	3958555	3053	0
gpl003	420	Picture	40	3962797	0	1	2984	1	0	2860	other	0
gpl003	421	Picture	90	3965947	0	1	7129	1	0	7000	other	0
gpl003	421	Pulse	199	3971056	5109	0
gpl003	422	Picture	40	3973242	0	1	2653	1	0	2490	other	0
gpl003	423	Picture	50	3976060	0	1	70131	1	0	next	other	0
gpl003	423	Pulse	199	3983556	7496	0
gpl003	423	Pulse	199	3996056	19996	0
gpl003	423	Pulse	199	4008556	32496	0
gpl003	423	Pulse	199	4021056	44996	0
gpl003	423	Pulse	199	4033556	57496	0
gpl003	423	Pulse	199	4046056	69995	0
gpl003	424	Picture	80	4046191	0	1	7129	1	0	7000	other	0
gpl003	425	Picture	40	4053486	0	1	2155	1	0	2130	other	0
gpl003	426	Picture	80	4055807	0	1	7129	1	0	7000	other	0
gpl003	426	Pulse	199	4058555	2748	0
gpl003	427	Picture	40	4063102	0	1	4476	1	0	4350	other	0
gpl003	428	Picture	85	4067744	0	1	7129	1	0	7000	hit	719
gpl003	428	Pulse	199	4071055	3311	0
gpl003	428	Response	25	4073355	5611	0
gpl003	429	Picture	40	4075039	0	1	2155	1	0	1990	other	0
gpl003	430	Picture	80	4077360	0	1	7129	1	0	7000	other	0
gpl003	430	Pulse	199	4083556	6196	0
gpl003	431	Picture	40	4084655	0	1	2984	1	0	2860	other	0
gpl003	432	Picture	80	4087805	0	1	7129	1	0	7000	other	0
gpl003	433	Picture	40	4095100	0	1	3813	1	0	3660	other	0
gpl003	433	Pulse	199	4096056	956	0
gpl003	434	Picture	80	4099079	0	1	7129	1	0	7000	other	0
gpl003	435	Picture	40	4106374	0	1	1824	1	0	1780	other	0
gpl003	436	Picture	80	4108364	0	1	7129	1	0	7000	other	0
gpl003	436	Pulse	199	4108556	192	0
gpl003	437	Picture	40	4115658	0	1	3482	1	0	3310	other	0
gpl003	438	Picture	80	4119306	0	1	7129	1	0	7000	other	0
gpl003	438	Pulse	199	4121056	1750	0
gpl003	439	Picture	40	4126601	0	1	2653	1	0	2490	other	0
gpl003	440	Picture	85	4129419	0	1	7129	1	0	7000	hit	737
gpl003	440	Pulse	199	4133556	4137	0
gpl003	440	Response	25	4134246	4826	0
gpl003	441	Picture	40	4136714	0	1	2155	1	0	2140	other	0
gpl003	442	Picture	80	4138880	0	322	7119	322	0	7000	other	0
gpl003	442	Pulse	199	4146056	7176	0
gpl003	443	Picture	40	4146164	0	1	2818	1	0	2690	other	0
gpl003	444	Picture	50	4149149	0	1	70131	1	0	next	other	0
gpl003	444	Pulse	199	4158556	9407	0
gpl003	444	Pulse	199	4171055	21906	0
gpl003	444	Pulse	199	4183555	34406	0
gpl003	444	Pulse	199	4196056	46907	0
gpl003	444	Pulse	199	4208556	59407	0
gpl003	445	Picture	70	4219279	0	1	7129	1	0	7000	other	0
gpl003	445	Pulse	199	4221056	1776	0
gpl003	446	Picture	40	4226574	0	1	2819	1	0	2690	other	0
gpl003	447	Picture	70	4229559	0	1	7129	1	0	7000	other	0
gpl003	447	Pulse	199	4233556	3997	0
gpl003	448	Picture	40	4236854	0	1	2155	1	0	2140	other	0
gpl003	449	Picture	70	4239019	0	322	7119	322	0	7000	other	0
gpl003	449	Pulse	199	4246056	7037	0
gpl003	450	Picture	40	4246304	0	1	4476	1	0	4350	other	0
gpl003	451	Picture	70	4250946	0	1	7129	1	0	7000	other	0
gpl003	452	Picture	40	4258241	0	1	3482	1	0	3310	other	0
gpl003	452	Pulse	199	4258556	315	0
gpl003	453	Picture	70	4261888	0	1	7129	1	0	7000	other	0
gpl003	454	Picture	40	4269183	0	1	2653	1	0	2490	other	0
gpl003	454	Pulse	199	4271056	1873	0
gpl003	455	Picture	70	4272002	0	1	7129	1	0	7000	other	0
gpl003	456	Picture	40	4279297	0	1	2984	1	0	2860	other	0
gpl003	457	Picture	70	4282447	0	1	7129	1	0	7000	other	0
gpl003	457	Pulse	199	4283555	1108	0
gpl003	458	Picture	40	4289742	0	1	2155	1	0	1990	other	0
gpl003	459	Picture	70	4292063	0	1	7129	1	0	7000	other	0
gpl003	459	Pulse	199	4296055	3992	0
gpl003	460	Picture	40	4299358	0	1	3813	1	0	3660	other	0
gpl003	461	Picture	70	4303337	0	1	7129	1	0	7000	other	0
gpl003	461	Pulse	199	4308556	5220	0
gpl003	462	Picture	40	4310632	0	1	2155	1	0	2130	other	0
gpl003	463	Picture	70	4312953	0	1	7129	1	0	7000	other	0
gpl003	464	Picture	40	4320248	0	1	1824	1	0	1780	other	0
gpl003	464	Pulse	199	4321056	808	0
gpl003	465	Picture	50	4322237	0	1	50070	1	0	next	other	0
gpl003	465	Pulse	199	4333556	11319	0
gpl003	465	Pulse	199	4346056	23818	0
gpl003	465	Pulse	199	4358556	36319	0
gpl003	465	Pulse	199	4371056	48818	0
gpl003	466	Picture	60	4372307	0	1	7129	1	0	7000	other	0
gpl003	467	Picture	40	4379602	0	1	2819	1	0	2690	other	0
gpl003	468	Picture	60	4382586	0	1	7129	1	0	7000	other	0
gpl003	468	Pulse	199	4383556	970	0
gpl003	469	Picture	40	4389881	0	1	2653	1	0	2490	other	0
gpl003	470	Picture	60	4392700	0	1	7129	1	0	7000	other	0
gpl003	470	Pulse	199	4396055	3356	0
gpl003	471	Picture	40	4399994	0	1	3813	1	0	3660	other	0
gpl003	472	Picture	60	4403973	0	1	7129	1	0	7000	other	0
gpl003	472	Pulse	199	4408555	4582	0
gpl003	473	Picture	40	4411268	0	1	2984	1	0	2860	other	0
gpl003	474	Picture	60	4414418	0	1	7129	1	0	7000	other	0
gpl003	474	Pulse	199	4421056	6638	0
gpl003	475	Picture	40	4421713	0	1	4476	1	0	4350	other	0
gpl003	476	Picture	65	4426356	0	1	7129	1	0	7000	hit	797
gpl003	476	Response	25	4430116	3760	0
gpl003	476	Pulse	199	4433556	7200	0
gpl003	477	Picture	40	4433650	0	1	2155	1	0	1990	other	0
gpl003	478	Picture	60	4435972	0	1	7129	1	0	7000	other	0
gpl003	479	Picture	40	4443267	0	1	1824	1	0	1780	other	0
gpl003	480	Picture	60	4445256	0	1	7129	1	0	7000	other	0
gpl003	480	Pulse	199	4446056	800	0
gpl003	481	Picture	40	4452551	0	1	2155	1	0	2140	other	0
gpl003	482	Picture	60	4454716	0	156	7119	157	0	7000	other	0
gpl003	482	Pulse	199	4458556	3840	0
gpl003	483	Picture	40	4462001	0	1	3482	1	0	3310	other	0
gpl003	484	Picture	60	4465649	0	1	7129	1	0	7000	other	0
gpl003	484	Pulse	199	4471056	5407	0
gpl003	485	Picture	40	4472944	0	1	2155	1	0	2130	other	0
gpl003	486	Picture	50	4475265	0	1	90192	1	0	next	other	0
gpl003	486	Pulse	199	4483556	8291	0
gpl003	486	Pulse	199	4496056	20791	0
gpl003	486	Pulse	199	4508555	33290	0
gpl003	486	Pulse	199	4521055	45790	0
gpl003	486	Pulse	199	4533556	58291	0
gpl003	486	Pulse	199	4546056	70791	0
gpl003	486	Pulse	199	4558556	83292	0
gpl003	487	Picture	90	4565456	0	1	7129	1	0	7000	other	0
gpl003	487	Pulse	199	4571056	5600	0
gpl003	488	Picture	40	4572751	0	1	3813	1	0	3660	other	0
gpl003	489	Picture	90	4576730	0	1	7129	1	0	7000	other	0
gpl003	489	Pulse	199	4583556	6826	0
gpl003	490	Picture	40	4584025	0	1	2818	1	0	2690	other	0
gpl003	491	Picture	95	4587009	0	1	7129	1	0	7000	hit	826
gpl003	491	Response	25	4591546	4536	0
gpl003	492	Picture	40	4594304	0	1	1824	1	0	1780	other	0
gpl003	492	Pulse	199	4596056	1752	0
gpl003	493	Picture	90	4596294	0	1	7129	1	0	7000	other	0
gpl003	494	Picture	40	4603589	0	1	2155	1	0	2140	other	0
gpl003	495	Picture	90	4605754	0	156	7119	157	0	7000	other	0
gpl003	495	Pulse	199	4608556	2802	0
gpl003	496	Picture	40	4613039	0	1	4476	1	0	4350	other	0
gpl003	497	Picture	90	4617681	0	1	7129	1	0	7000	other	0
gpl003	497	Pulse	199	4621056	3374	0
gpl003	498	Picture	40	4624976	0	1	2155	1	0	1990	other	0
gpl003	499	Picture	90	4627297	0	1	7129	1	0	7000	other	0
gpl003	499	Pulse	199	4633556	6258	0
gpl003	500	Picture	40	4634592	0	1	3482	1	0	3310	other	0
gpl003	501	Picture	90	4638240	0	1	7129	1	0	7000	other	0
gpl003	502	Picture	40	4645535	0	1	2984	1	0	2860	other	0
gpl003	502	Pulse	199	4646056	522	0
gpl003	503	Picture	90	4648685	0	1	7129	1	0	7000	other	0
gpl003	504	Picture	40	4655980	0	1	2155	1	0	2130	other	0
gpl003	505	Picture	90	4658301	0	1	7129	1	0	7000	other	0
gpl003	505	Pulse	199	4658557	256	0
gpl003	506	Picture	40	4665596	0	1	2653	1	0	2490	other	0
gpl003	507	Picture	50	4668414	0	1	30174	1	0	next	other	0
gpl003	507	Pulse	199	4671056	2642	0
gpl003	507	Pulse	199	4683556	15142	0
gpl003	507	Pulse	199	4696056	27642	0
gpl003	508	Picture	80	4698588	0	1	7129	1	0	7000	other	0
gpl003	509	Picture	40	4705883	0	1	2653	1	0	2490	other	0
gpl003	509	Pulse	199	4708546	2663	11
gpl003	510	Picture	80	4708702	0	1	7129	1	0	7000	other	0
gpl003	511	Picture	40	4715997	0	1	4476	1	0	4350	other	0
gpl003	512	Picture	80	4720639	0	1	7129	1	0	7000	other	0
gpl003	512	Pulse	199	4721056	417	0
gpl003	513	Picture	40	4727934	0	1	3813	1	0	3660	other	0
gpl003	514	Picture	80	4731913	0	1	7129	1	0	7000	other	0
gpl003	514	Pulse	199	4733556	1643	0
gpl003	515	Picture	40	4739208	0	1	2155	1	0	2130	other	0
gpl003	516	Picture	80	4741529	0	1	7129	1	0	7000	other	0
gpl003	516	Pulse	199	4746056	4527	0
gpl003	517	Picture	40	4748824	0	1	2984	1	0	2860	other	0
gpl003	518	Picture	80	4751974	0	1	7129	1	0	7000	other	0
gpl003	518	Pulse	199	4758556	6582	0
gpl003	519	Picture	40	4759269	0	1	2155	1	0	2140	other	0
gpl003	520	Picture	80	4761434	0	322	7119	322	0	7000	other	0
gpl003	521	Picture	40	4768719	0	1	1824	1	0	1780	other	0
gpl003	522	Picture	80	4770709	0	1	7129	1	0	7000	other	0
gpl003	522	Pulse	199	4771056	348	0
gpl003	523	Picture	40	4778004	0	1	2819	1	0	2690	other	0
gpl003	524	Picture	80	4780988	0	1	7129	1	0	7000	other	0
gpl003	524	Pulse	199	4783556	2568	0
gpl003	525	Picture	40	4788283	0	1	3482	1	0	3310	other	0
gpl003	526	Picture	80	4791930	0	1	7129	1	0	7000	other	0
gpl003	526	Pulse	199	4796056	4126	0
gpl003	527	Picture	40	4799225	0	1	2155	1	0	1990	other	0
gpl003	528	Picture	50	4801546	0	1	50070	1	0	next	other	0
gpl003	528	Pulse	199	4808556	7010	0
gpl003	528	Pulse	199	4821056	19510	0
gpl003	528	Pulse	199	4833556	32009	0
gpl003	528	Pulse	199	4846056	44509	0
gpl003	529	Picture	70	4851616	0	1	7129	1	0	7000	other	0
gpl003	529	Pulse	199	4858556	6940	0
gpl003	530	Picture	40	4858911	0	1	3482	1	0	3310	other	0
gpl003	531	Picture	70	4862558	0	1	7129	1	0	7000	other	0
gpl003	532	Picture	40	4869853	0	1	2155	1	0	2130	other	0
gpl003	532	Pulse	199	4871057	1204	0
gpl003	533	Picture	70	4872174	0	1	7129	1	0	7000	other	0
gpl003	534	Picture	40	4879469	0	1	2155	1	0	1990	other	0
gpl003	535	Picture	70	4881790	0	1	7129	1	0	7000	other	0
gpl003	535	Pulse	199	4883557	1766	0
gpl003	536	Picture	40	4889085	0	1	1824	1	0	1780	other	0
gpl003	537	Picture	75	4891075	0	1	7129	1	0	7000	hit	897
gpl003	537	Response	25	4895987	4912	0
gpl003	537	Pulse	199	4896056	4981	0
gpl003	538	Picture	40	4898370	0	1	2653	1	0	2490	other	0
gpl003	539	Picture	70	4901188	0	1	7129	1	0	7000	other	0
gpl003	540	Picture	40	4908483	0	1	2984	1	0	2860	other	0
gpl003	540	Pulse	199	4908557	74	0
gpl003	541	Picture	70	4911633	0	1	7129	1	0	7000	other	0
gpl003	542	Picture	40	4918928	0	1	2818	1	0	2690	other	0
gpl003	542	Pulse	199	4921057	2128	0
gpl003	543	Picture	70	4921912	0	1	7129	1	0	7000	other	0
gpl003	544	Picture	40	4929207	0	1	4476	1	0	4350	other	0
gpl003	544	Pulse	199	4933557	4349	0
gpl003	545	Picture	70	4933850	0	1	7129	1	0	7000	other	0
gpl003	546	Picture	40	4941144	0	1	3813	1	0	3660	other	0
gpl003	547	Picture	70	4945124	0	1	7129	1	0	7000	other	0
gpl003	547	Pulse	199	4946056	933	0
gpl003	548	Picture	40	4952418	0	1	2155	1	0	2140	other	0
gpl003	549	Picture	50	4954584	0	322	70121	322	0	next	other	0
gpl003	549	Pulse	199	4958556	3972	0
gpl003	549	Pulse	199	4971056	16472	0
gpl003	549	Pulse	199	4983556	28973	0
gpl003	549	Pulse	199	4996056	41473	0
gpl003	549	Pulse	199	5008557	53973	0
gpl003	549	Pulse	199	5021056	66473	0
gpl003	550	Picture	60	5024704	0	1	7129	1	0	7000	other	0
gpl003	551	Picture	40	5031999	0	1	2155	1	0	1990	other	0
gpl003	551	Pulse	199	5033557	1558	0
gpl003	552	Picture	60	5034320	0	1	7129	1	0	7000	other	0
gpl003	553	Picture	40	5041615	0	1	4476	1	0	4350	other	0
gpl003	553	Pulse	199	5046057	4442	0
gpl003	554	Picture	60	5046258	0	1	7129	1	0	7000	other	0
gpl003	555	Picture	40	5053552	0	1	3813	1	0	3660	other	0
gpl003	556	Picture	65	5057532	0	1	7129	1	0	7000	hit	931
gpl003	556	Pulse	199	5058556	1025	0
gpl003	556	Response	25	5062096	4565	0
gpl003	557	Picture	40	5064827	0	1	2818	1	0	2690	other	0
gpl003	558	Picture	60	5067811	0	1	7129	1	0	7000	other	0
gpl003	558	Pulse	199	5071056	3245	0
gpl003	559	Picture	40	5075106	0	1	2984	1	0	2860	other	0
gpl003	560	Picture	60	5078256	0	1	7129	1	0	7000	other	0
gpl003	560	Pulse	199	5083556	5300	0
gpl003	561	Picture	40	5085551	0	1	2155	1	0	2140	other	0
gpl003	562	Picture	60	5087872	0	1	7129	1	0	7000	other	0
gpl003	563	Picture	40	5095167	0	1	2155	1	0	2130	other	0
gpl003	563	Pulse	199	5096057	890	0
gpl003	564	Picture	60	5097488	0	1	7129	1	0	7000	other	0
gpl003	565	Picture	40	5104783	0	1	3482	1	0	3310	other	0
gpl003	566	Picture	60	5108430	0	1	7129	1	0	7000	other	0
gpl003	566	Pulse	199	5108557	127	0
gpl003	567	Picture	40	5115725	0	1	2653	1	0	2490	other	0
gpl003	568	Picture	60	5118544	0	1	7129	1	0	7000	other	0
gpl003	568	Pulse	199	5121057	2513	0
gpl003	569	Picture	40	5125838	0	1	1824	1	0	1780	other	0
gpl003	570	Picture	50	5127828	0	1	30174	1	0	next	other	0
gpl003	570	Pulse	199	5133557	5729	0
gpl003	570	Pulse	199	5146056	18228	0
gpl003	571	Picture	90	5158002	0	1	7129	1	0	7000	other	0
gpl003	571	Pulse	199	5158557	554	0
gpl003	572	Picture	40	5165297	0	1	3482	1	0	3310	other	0
gpl003	573	Picture	90	5168945	0	1	7129	1	0	7000	other	0
gpl003	573	Pulse	199	5171056	2111	0
gpl003	574	Picture	40	5176240	0	1	2155	1	0	2140	other	0
gpl003	575	Picture	90	5178405	0	322	7119	322	0	7000	other	0
gpl003	575	Pulse	199	5183556	5151	0
gpl003	576	Picture	40	5185690	0	1	4476	1	0	4350	other	0
gpl003	577	Picture	90	5190332	0	1	7129	1	0	7000	other	0
gpl003	577	Pulse	199	5196056	5724	0
gpl003	578	Picture	40	5197627	0	1	2818	1	0	2690	other	0
gpl003	579	Picture	90	5200611	0	1	7129	1	0	7000	other	0
gpl003	580	Picture	40	5207906	0	1	3813	1	0	3660	other	0
gpl003	580	Pulse	199	5208557	650	0
gpl003	581	Picture	90	5211885	0	1	7129	1	0	7000	other	0
gpl003	582	Picture	40	5219180	0	1	2155	1	0	1990	other	0
gpl003	582	Pulse	199	5221056	1876	0
gpl003	583	Picture	95	5221501	0	1	7129	1	0	7000	hit	972
gpl003	583	Response	25	5225926	4425	0
gpl003	584	Picture	40	5228796	0	1	2653	1	0	2490	other	0
gpl003	585	Picture	90	5231615	0	1	7129	1	0	7000	other	0
gpl003	585	Pulse	199	5233557	1942	0
gpl003	586	Picture	40	5238910	0	1	2155	1	0	2130	other	0
gpl003	587	Picture	95	5241231	0	1	7129	1	0	7000	hit	979
gpl003	587	Pulse	199	5246056	4826	0
gpl003	587	Response	25	5248087	6856	0
gpl003	588	Picture	40	5248526	0	1	1824	1	0	1780	other	0
gpl003	589	Picture	90	5250515	0	1	7129	1	0	7000	other	0
gpl003	590	Picture	40	5257810	0	1	2984	1	0	2860	other	0
gpl003	590	Pulse	199	5258557	747	0
gpl003	591	Picture	50	5260960	0	1	90192	1	0	next	other	0
gpl003	591	Pulse	199	5271057	10096	0
gpl003	591	Pulse	199	5283556	22596	0
gpl003	591	Pulse	199	5296056	35096	0
gpl003	591	Pulse	199	5308556	47596	0
gpl003	591	Pulse	199	5321056	60096	0
gpl003	591	Pulse	199	5333557	72596	0
gpl003	591	Pulse	199	5346056	85096	0
gpl003	592	Picture	80	5351152	0	1	7129	1	0	7000	other	0
gpl003	593	Picture	40	5358447	0	1	2984	1	0	2860	other	0
gpl003	593	Pulse	199	5358557	110	0
gpl003	594	Picture	80	5361597	0	1	7129	1	0	7000	other	0
gpl003	595	Picture	40	5368892	0	1	3813	1	0	3660	other	0
gpl003	595	Pulse	199	5371057	2165	0
gpl003	596	Picture	80	5372871	0	1	7129	1	0	7000	other	0
gpl003	596	Response	21	5376217	3346	0
gpl003	597	Picture	40	5380166	0	1	1824	1	0	1780	other	0
gpl003	598	Picture	85	5382155	0	1	7129	1	0	7000	hit	1003
gpl003	598	Pulse	199	5383557	1401	0
gpl003	598	Response	25	5386767	4611	0
gpl003	599	Picture	40	5389450	0	1	4476	1	0	4350	other	0
gpl003	600	Picture	80	5394092	0	1	7129	1	0	7000	other	0
gpl003	600	Pulse	199	5396057	1964	0
gpl003	601	Picture	40	5401387	0	1	3482	1	0	3310	other	0
gpl003	602	Picture	80	5405035	0	1	7129	1	0	7000	other	0
gpl003	602	Pulse	199	5408556	3521	0
gpl003	603	Picture	40	5412330	0	1	2653	1	0	2490	other	0
gpl003	604	Picture	80	5415148	0	1	7129	1	0	7000	other	0
gpl003	604	Pulse	199	5421056	5908	0
gpl003	605	Picture	40	5422443	0	1	2155	1	0	2130	other	0
gpl003	606	Picture	80	5424764	0	1	7129	1	0	7000	other	0
gpl003	607	Picture	40	5432059	0	1	2155	1	0	2140	other	0
gpl003	607	Pulse	199	5433557	1498	0
gpl003	608	Picture	80	5434225	0	322	7119	322	0	7000	other	0
gpl003	609	Picture	40	5441509	0	1	2155	1	0	1990	other	0
gpl003	610	Picture	80	5443831	0	1	7129	1	0	7000	other	0
gpl003	610	Pulse	199	5446057	2226	0
gpl003	611	Picture	40	5451125	0	1	2819	1	0	2690	other	0
gpl003	612	Picture	50	5454110	0	1	30174	1	0	next	other	0
gpl003	612	Pulse	199	5458567	4457	0
gpl003	612	Pulse	199	5471067	16957	0
gpl003	612	Pulse	199	5483566	29457	0
gpl003	613	Picture	70	5484284	0	1	7129	1	0	7000	other	0
gpl003	614	Picture	40	5491579	0	1	3813	1	0	3660	other	0
gpl003	615	Picture	70	5495558	0	1	7129	1	0	7000	other	0
gpl003	615	Pulse	199	5496067	509	0
gpl003	616	Picture	40	5502853	0	1	2984	1	0	2860	other	0
gpl003	617	Picture	70	5506003	0	2	7130	2	0	7000	other	0
gpl003	617	Pulse	199	5508566	2564	0
gpl003	618	Picture	40	5513298	0	1	2653	1	0	2490	other	0
gpl003	619	Picture	75	5516116	0	1	7129	1	0	7000	hit	1035
gpl003	619	Response	25	5519807	3690	0
gpl003	619	Pulse	199	5521066	4949	0
gpl003	620	Picture	40	5523411	0	1	4476	1	0	4350	other	0
gpl003	621	Picture	70	5528054	0	1	7129	1	0	7000	other	0
gpl003	621	Pulse	199	5533566	5513	0
gpl003	622	Picture	40	5535349	0	1	2819	1	0	2690	other	0
gpl003	623	Picture	70	5538333	0	1	7129	1	0	7000	other	0
gpl003	624	Picture	40	5545628	0	1	3482	1	0	3310	other	0
gpl003	624	Pulse	199	5546066	438	0
gpl003	625	Picture	70	5549275	0	1	7129	1	0	7000	other	0
gpl003	626	Picture	40	5556570	0	1	1824	1	0	1780	other	0
gpl003	627	Picture	70	5558560	0	1	7129	1	0	7000	other	0
gpl003	627	Pulse	199	5558567	7	0
gpl003	628	Picture	40	5565855	0	1	2155	1	0	1990	other	0
gpl003	629	Picture	70	5568176	0	1	7129	1	0	7000	other	0
gpl003	629	Pulse	199	5571067	2891	0
gpl003	630	Picture	40	5575471	0	1	2155	1	0	2140	other	0
gpl003	631	Picture	70	5577636	0	322	7119	322	0	7000	other	0
gpl003	631	Pulse	199	5583566	5931	0
gpl003	632	Picture	40	5584921	0	1	2155	1	0	2130	other	0
gpl003	633	Picture	50	5587242	0	1	90192	1	0	next	other	0
gpl003	633	Pulse	199	5596067	8825	0
gpl003	633	Pulse	199	5608566	21325	0
gpl003	633	Pulse	199	5621066	33824	0
gpl003	633	Pulse	199	5633566	46324	0
gpl003	633	Pulse	199	5646066	58824	0
gpl003	633	Pulse	199	5658566	71325	0
gpl003	633	Pulse	199	5671067	83825	0
gpl003	634	Picture	60	5677434	0	1	7129	1	0	7000	other	0
gpl003	634	Pulse	199	5683567	6133	0
gpl003	635	Picture	40	5684728	0	1	4477	1	0	4350	other	0
gpl003	636	Picture	60	5689371	0	1	7129	1	0	7000	other	0
gpl003	636	Pulse	199	5696067	6696	0
gpl003	637	Picture	40	5696666	0	1	2155	1	0	1990	other	0
gpl003	638	Picture	65	5698987	0	1	7129	1	0	7000	hit	1070
gpl003	638	Response	25	5703656	4669	0
gpl003	639	Picture	40	5706282	0	1	1824	1	0	1780	other	0
gpl003	640	Picture	60	5708271	0	1	7129	1	0	7000	other	0
gpl003	640	Pulse	199	5708567	295	0
gpl003	641	Picture	40	5715566	0	1	2155	1	0	2130	other	0
gpl003	642	Picture	65	5717887	0	1	7129	1	0	7000	hit	1077
gpl003	642	Pulse	199	5721066	3179	0
gpl003	642	Response	25	5723316	5429	0
gpl003	643	Picture	40	5725182	0	1	3482	1	0	3310	other	0
gpl003	644	Picture	60	5728830	0	1	7129	1	0	7000	other	0
gpl003	644	Pulse	199	5733566	4736	0
gpl003	645	Picture	40	5736125	0	1	3813	1	0	3660	other	0
gpl003	646	Picture	60	5740104	0	1	7129	1	0	7000	other	0
gpl003	646	Pulse	199	5746066	5963	0
gpl003	647	Picture	40	5747399	0	1	2155	1	0	2140	other	0
gpl003	648	Picture	60	5749564	0	322	7119	322	0	7000	other	0
gpl003	649	Picture	40	5756849	0	1	2819	1	0	2690	other	0
gpl003	649	Pulse	199	5758566	1717	0
gpl003	650	Picture	60	5759833	0	1	7129	1	0	7000	other	0
gpl003	651	Picture	40	5767128	0	1	2653	1	0	2490	other	0
gpl003	652	Picture	60	5769946	0	1	7129	1	0	7000	other	0
gpl003	652	Pulse	199	5771067	1121	0
gpl003	653	Picture	40	5777241	0	1	2984	1	0	2860	other	0
gpl003	654	Picture	50	5780391	0	1	70131	1	0	next	other	0
gpl003	654	Pulse	199	5783567	3176	0
gpl003	654	Pulse	199	5796067	15676	0
gpl003	654	Pulse	199	5808567	28176	0
gpl003	654	Pulse	199	5821067	40675	0
gpl003	654	Pulse	199	5833567	53175	0
gpl003	654	Pulse	199	5846066	65675	0
gpl003	655	Picture	90	5850522	0	1	7129	1	0	7000	other	0
gpl003	656	Picture	40	5857817	0	1	2155	1	0	2140	other	0
gpl003	656	Pulse	199	5858566	749	0
gpl003	657	Picture	90	5859982	0	322	7119	322	0	7000	other	0
gpl003	658	Picture	40	5867267	0	1	3813	1	0	3660	other	0
gpl003	658	Pulse	199	5871066	3799	0
gpl003	659	Picture	90	5871246	0	1	7129	1	0	7000	other	0
gpl003	660	Picture	40	5878541	0	1	1824	1	0	1780	other	0
gpl003	661	Picture	90	5880531	0	1	7129	1	0	7000	other	0
gpl003	661	Pulse	199	5883567	3036	0
gpl003	662	Picture	40	5887826	0	1	2653	1	0	2490	other	0
gpl003	663	Picture	90	5890644	0	1	7129	1	0	7000	other	0
gpl003	663	Pulse	199	5896067	5423	0
gpl003	664	Picture	40	5897939	0	1	2155	1	0	1990	other	0
gpl003	665	Picture	90	5900260	0	1	7129	1	0	7000	other	0
gpl003	666	Picture	40	5907555	0	1	3482	1	0	3310	other	0
gpl003	666	Pulse	199	5908567	1012	0
gpl003	667	Picture	90	5911203	0	1	7129	1	0	7000	other	0
gpl003	668	Picture	40	5918497	0	1	2819	1	0	2690	other	0
gpl003	668	Pulse	199	5921067	2570	0
gpl003	669	Picture	90	5921482	0	1	7129	1	0	7000	other	0
gpl003	670	Picture	40	5928777	0	1	2984	1	0	2860	other	0
gpl003	671	Picture	90	5931927	0	1	7129	1	0	7000	other	0
gpl003	671	Pulse	199	5933568	1641	0
gpl003	672	Picture	40	5939222	0	1	2155	1	0	2130	other	0
gpl003	673	Picture	90	5941543	0	1	7129	1	0	7000	other	0
gpl003	673	Pulse	199	5946067	4524	0
gpl003	674	Picture	40	5948838	0	1	4476	1	0	4350	other	0
gpl003	675	Picture	50	5953480	0	1	50070	1	0	next	other	0
gpl003	675	Pulse	199	5958566	5087	0
gpl003	675	Pulse	199	5971066	17587	0
gpl003	675	Pulse	199	5983566	30086	0
gpl003	675	Pulse	199	5996067	42587	0
gpl003	676	Picture	200	6003549	69	1	80078	1	0	80000	other	0
gpl003	676	Pulse	199	6008567	5087	0
gpl003	676	Pulse	199	6021067	17587	0
gpl003	676	Pulse	199	6033567	30087	0
gpl003	676	Pulse	199	6046067	42587	0
gpl003	676	Pulse	199	6058567	55087	0
gpl003	676	Pulse	199	6071066	67586	0
gpl003	676	Pulse	199	6083566	80086	0
gpl003	677	Pulse	199	6096066	12273	0
gpl003	677	Pulse	199	6108567	24773	0
gpl003	677	Pulse	199	6121067	37273	0
gpl003	677	Pulse	199	6133567	49773	0
gpl003	677	Pulse	199	6146067	62273	0
gpl003	677	Pulse	199	6158567	74773	0
gpl003	677	Pulse	199	6171067	87273	0
gpl003	677	Pulse	199	6183566	99773	0
gpl003	677	Pulse	199	6196066	112273	0
gpl003	677	Pulse	199	6208566	124773	0
gpl003	677	Pulse	199	6221067	137273	0
