Scenario - 
Logfile written - 04/16/2021 13:55:05

Subject	Trial	Event Type	Code	Time	TTime	Uncertainty	Duration	Uncertainty	ReqTime	ReqDur	Stim Type	Pair Index

gpl005	1	Response	20	238148	238022	0
gpl005	2	Picture	start	238245	0	1	722195	1	0	next	other	0
gpl005	2	Response	20	294379	56135	0
gpl005	3	Pulse	199	960398	666018	0
gpl005	3	Picture	100	960440	666060	1	50069	1	0	50000	other	0
gpl005	3	Pulse	199	972897	678518	0
gpl005	3	Pulse	199	985397	691018	0
gpl005	3	Pulse	199	997897	703518	0
gpl005	3	Pulse	199	1010397	716017	0
gpl005	4	Picture	90	1010841	0	1	7129	1	0	7000	other	0
gpl005	5	Picture	40	1018136	0	1	3813	1	0	3660	other	0
gpl005	6	Picture	90	1022115	0	1	7129	1	0	7000	other	0
gpl005	6	Pulse	199	1022898	783	0
gpl005	7	Picture	40	1029410	0	1	3482	1	0	3310	other	0
gpl005	8	Picture	90	1033057	0	1	7129	1	0	7000	other	0
gpl005	8	Pulse	199	1035397	2340	0
gpl005	9	Picture	40	1040352	0	1	2984	1	0	2860	other	0
gpl005	10	Picture	90	1043502	0	1	7129	1	0	7000	other	0
gpl005	10	Pulse	199	1047897	4395	0
gpl005	11	Picture	40	1050797	0	1	2155	1	0	1990	other	0
gpl005	12	Picture	90	1053118	0	1	7129	1	0	7000	other	0
gpl005	12	Pulse	199	1060397	7279	0
gpl005	13	Picture	40	1060413	0	1	1824	1	0	1780	other	0
gpl005	14	Picture	90	1062403	0	1	7129	1	0	7000	other	0
gpl005	15	Picture	40	1069698	0	1	2653	1	0	2490	other	0
gpl005	16	Picture	90	1072516	0	1	7129	1	0	7000	other	0
gpl005	16	Pulse	199	1072897	381	0
gpl005	17	Picture	40	1079811	0	1	2155	1	0	2130	other	0
gpl005	18	Picture	90	1082132	0	1	7129	1	0	7000	other	0
gpl005	18	Pulse	199	1085397	3265	0
gpl005	19	Picture	40	1089427	0	1	4476	1	0	4350	other	0
gpl005	20	Picture	90	1094069	0	1	7129	1	0	7000	other	0
gpl005	20	Pulse	199	1097897	3828	0
gpl005	21	Picture	40	1101364	0	1	2155	1	0	2140	other	0
gpl005	22	Picture	90	1103529	0	156	7119	157	0	7000	other	0
gpl005	22	Pulse	199	1110397	6868	0
gpl005	23	Picture	40	1110814	0	1	2818	1	0	2690	other	0
gpl005	24	Picture	50	1113798	0	1	30174	1	0	next	other	0
gpl005	24	Pulse	199	1122897	9098	0
gpl005	24	Pulse	199	1135397	21598	0
gpl005	25	Picture	60	1143973	0	1	7129	1	0	7000	other	0
gpl005	25	Pulse	199	1147897	3924	0
gpl005	26	Picture	40	1151268	0	1	2818	1	0	2690	other	0
gpl005	27	Picture	60	1154252	0	1	7129	1	0	7000	other	0
gpl005	27	Pulse	199	1160397	6145	0
gpl005	28	Picture	40	1161547	0	1	3482	1	0	3310	other	0
gpl005	29	Picture	60	1165194	0	1	7129	1	0	7000	other	0
gpl005	30	Picture	40	1172489	0	1	2984	1	0	2860	other	0
gpl005	30	Pulse	199	1172897	408	0
gpl005	31	Picture	60	1175639	0	1	7129	1	0	7000	other	0
gpl005	32	Picture	40	1182934	0	1	2155	1	0	2130	other	0
gpl005	33	Picture	60	1185255	0	1	7129	1	0	7000	other	0
gpl005	33	Pulse	199	1185397	142	0
gpl005	34	Picture	40	1192550	0	1	1824	1	0	1780	other	0
gpl005	35	Picture	60	1194540	0	1	7129	1	0	7000	other	0
gpl005	35	Pulse	199	1197897	3357	0
gpl005	36	Picture	40	1201835	0	1	2653	1	0	2490	other	0
gpl005	37	Picture	60	1204653	0	1	7129	1	0	7000	other	0
gpl005	37	Pulse	199	1210397	5744	0
gpl005	38	Picture	40	1211948	0	1	3813	1	0	3660	other	0
gpl005	39	Picture	60	1215927	0	1	7129	1	0	7000	other	0
gpl005	39	Pulse	199	1222897	6970	0
gpl005	40	Picture	40	1223222	0	1	2155	1	0	2140	other	0
gpl005	41	Picture	60	1225387	0	322	7119	322	0	7000	other	0
gpl005	42	Picture	40	1232672	0	1	2155	1	0	1990	other	0
gpl005	43	Picture	65	1234993	0	1	7129	1	0	7000	hit	68
gpl005	43	Pulse	199	1235397	404	0
gpl005	43	Response	25	1240317	5324	0
gpl005	44	Picture	40	1242288	0	1	4476	1	0	4350	other	0
gpl005	45	Picture	50	1246930	0	1	50235	1	0	next	other	0
gpl005	45	Pulse	199	1247897	967	0
gpl005	45	Pulse	199	1260396	13466	0
gpl005	45	Pulse	199	1272897	25966	0
gpl005	45	Pulse	199	1285397	38467	0
gpl005	46	Picture	80	1297166	0	1	7129	1	0	7000	other	0
gpl005	46	Pulse	199	1297897	732	0
gpl005	47	Picture	40	1304461	0	1	2819	1	0	2690	other	0
gpl005	48	Picture	80	1307445	0	1	7129	1	0	7000	other	0
gpl005	48	Pulse	199	1310397	2952	0
gpl005	49	Picture	40	1314740	0	1	2653	1	0	2490	other	0
gpl005	50	Picture	80	1317558	0	1	7129	1	0	7000	other	0
gpl005	50	Pulse	199	1322897	5339	0
gpl005	51	Picture	40	1324853	0	1	2155	1	0	1990	other	0
gpl005	52	Picture	80	1327174	0	1	7129	1	0	7000	other	0
gpl005	53	Picture	40	1334469	0	1	4476	1	0	4350	other	0
gpl005	53	Pulse	199	1335397	928	0
gpl005	54	Picture	80	1339111	0	1	7128	2	0	7000	other	0
gpl005	55	Picture	40	1346406	0	1	1824	2	0	1780	other	0
gpl005	55	Pulse	199	1347897	1491	0
gpl005	56	Picture	80	1348396	0	1	7129	1	0	7000	other	0
gpl005	57	Picture	40	1355691	0	1	2984	1	0	2860	other	0
gpl005	58	Picture	80	1358841	0	1	7129	1	0	7000	other	0
gpl005	58	Pulse	199	1360397	1556	0
gpl005	59	Picture	40	1366136	0	1	2155	1	0	2130	other	0
gpl005	60	Picture	85	1368457	0	1	7129	1	0	7000	hit	97
gpl005	60	Pulse	199	1372897	4440	0
gpl005	60	Response	25	1373596	5139	0
gpl005	61	Picture	40	1375752	0	1	2154	2	0	2140	other	0
gpl005	62	Picture	80	1378073	0	1	7129	1	0	7000	other	0
gpl005	63	Picture	40	1385368	0	1	3813	1	0	3660	other	0
gpl005	63	Pulse	199	1385396	29	0
gpl005	64	Picture	80	1389347	0	1	7129	1	0	7000	other	0
gpl005	65	Picture	40	1396642	0	1	3482	1	0	3310	other	0
gpl005	65	Pulse	199	1397897	1255	0
gpl005	66	Picture	50	1400289	0	1	70296	1	0	next	other	0
gpl005	66	Pulse	199	1410397	10108	0
gpl005	66	Pulse	199	1422897	22608	0
gpl005	66	Pulse	199	1435397	35108	0
gpl005	66	Pulse	199	1447896	47607	0
gpl005	66	Pulse	199	1460397	60108	0
gpl005	67	Picture	70	1470585	0	1	7129	1	0	7000	other	0
gpl005	67	Pulse	199	1472897	2311	0
gpl005	68	Picture	40	1477880	0	1	2819	1	0	2690	other	0
gpl005	69	Picture	70	1480865	0	1	7129	1	0	7000	other	0
gpl005	69	Pulse	199	1485396	4532	0
gpl005	70	Picture	40	1488160	0	1	2984	1	0	2860	other	0
gpl005	71	Picture	75	1491310	0	1	7129	1	0	7000	hit	118
gpl005	71	Response	25	1495157	3847	0
gpl005	71	Pulse	199	1497896	6586	0
gpl005	72	Picture	40	1498605	0	1	2155	1	0	2130	other	0
gpl005	73	Picture	70	1500926	0	1	7129	1	0	7000	other	0
gpl005	74	Picture	40	1508221	0	1	2155	1	0	2140	other	0
gpl005	75	Picture	70	1510386	0	322	7119	322	0	7000	other	0
gpl005	75	Pulse	199	1510386	0	11
gpl005	76	Picture	40	1517671	0	1	3482	1	0	3310	other	0
gpl005	77	Picture	70	1521318	0	1	7129	1	0	7000	other	0
gpl005	77	Pulse	199	1522896	1578	0
gpl005	78	Picture	40	1528613	0	1	3813	1	0	3660	other	0
gpl005	79	Picture	70	1532592	0	1	7129	1	0	7000	other	0
gpl005	79	Pulse	199	1535397	2805	0
gpl005	80	Picture	40	1539887	0	1	2653	1	0	2490	other	0
gpl005	81	Picture	70	1542706	0	1	7129	1	0	7000	other	0
gpl005	81	Pulse	199	1547896	5191	0
gpl005	82	Picture	40	1550000	0	1	1824	1	0	1780	other	0
gpl005	83	Picture	75	1551990	0	1	7129	1	0	7000	hit	136
gpl005	83	Response	25	1555546	3556	0
gpl005	84	Picture	40	1559285	0	1	4476	1	0	4350	other	0
gpl005	84	Pulse	199	1560397	1112	0
gpl005	85	Picture	70	1563927	0	1	7129	1	0	7000	other	0
gpl005	86	Picture	40	1571222	0	1	2155	1	0	1990	other	0
gpl005	86	Pulse	199	1572896	1674	0
gpl005	87	Picture	50	1573543	0	1	90191	1	0	next	other	0
gpl005	87	Pulse	199	1585396	11853	0
gpl005	87	Pulse	199	1597896	24353	0
gpl005	87	Pulse	199	1610396	36853	0
gpl005	87	Pulse	199	1622896	49353	0
gpl005	87	Pulse	199	1635396	61853	0
gpl005	87	Pulse	199	1647896	74353	0
gpl005	87	Pulse	199	1660396	86853	0
gpl005	88	Picture	90	1663734	0	1	7129	1	0	7000	other	0
gpl005	89	Picture	40	1671029	0	1	2155	1	0	1990	other	0
gpl005	89	Pulse	199	1672897	1867	0
gpl005	90	Picture	90	1673351	0	1	7129	1	0	7000	other	0
gpl005	91	Picture	40	1680646	0	1	2155	1	0	2140	other	0
gpl005	92	Picture	90	1682811	0	322	7119	322	0	7000	other	0
gpl005	92	Pulse	199	1685396	2585	0
gpl005	93	Picture	40	1690096	0	1	2819	1	0	2690	other	0
gpl005	94	Picture	90	1693080	0	1	7129	1	0	7000	other	0
gpl005	94	Pulse	199	1697896	4816	0
gpl005	95	Picture	40	1700375	0	1	2155	1	0	2130	other	0
gpl005	96	Picture	90	1702696	0	1	7129	1	0	7000	other	0
gpl005	97	Picture	40	1709991	0	1	4476	1	0	4350	other	0
gpl005	97	Pulse	199	1710395	405	0
gpl005	98	Picture	90	1714633	0	1	7129	1	0	7000	other	0
gpl005	99	Picture	40	1721928	0	1	2653	1	0	2490	other	0
gpl005	99	Pulse	199	1722906	978	0
gpl005	100	Picture	90	1724746	0	1	7129	1	0	7000	other	0
gpl005	101	Picture	40	1732041	0	1	1824	1	0	1780	other	0
gpl005	102	Picture	90	1734031	0	1	7129	1	0	7000	other	0
gpl005	102	Pulse	199	1735406	1375	0
gpl005	103	Picture	40	1741326	0	1	2984	1	0	2860	other	0
gpl005	104	Picture	95	1744476	0	1	7129	1	0	7000	hit	173
gpl005	104	Response	25	1747686	3210	0
gpl005	104	Pulse	199	1747906	3430	0
gpl005	105	Picture	40	1751771	0	1	3482	1	0	3310	other	0
gpl005	106	Picture	90	1755418	0	1	7129	1	0	7000	other	0
gpl005	106	Pulse	199	1760406	4988	0
gpl005	107	Picture	40	1762713	0	1	3813	1	0	3660	other	0
gpl005	108	Picture	50	1766692	0	1	90191	1	0	next	other	0
gpl005	108	Pulse	199	1772906	6214	0
gpl005	108	Pulse	199	1785406	18714	0
gpl005	108	Pulse	199	1797906	31214	0
gpl005	108	Pulse	199	1810406	43713	0
gpl005	108	Pulse	199	1822905	56213	0
gpl005	108	Pulse	199	1835405	68713	0
gpl005	108	Pulse	199	1847906	81214	0
gpl005	109	Picture	60	1856884	0	1	7129	1	0	7000	other	0
gpl005	109	Pulse	199	1860406	3523	0
gpl005	110	Picture	40	1864179	0	1	4476	1	0	4350	other	0
gpl005	111	Picture	60	1868821	0	1	7129	1	0	7000	other	0
gpl005	111	Pulse	199	1872906	4085	0
gpl005	112	Picture	40	1876116	0	1	2155	1	0	2130	other	0
gpl005	113	Picture	65	1878437	0	1	7129	1	0	7000	hit	194
gpl005	113	Response	25	1882246	3809	0
gpl005	113	Pulse	199	1885406	6969	0
gpl005	114	Picture	40	1885732	0	1	2984	1	0	2860	other	0
gpl005	115	Picture	60	1888882	0	1	7129	1	0	7000	other	0
gpl005	116	Picture	40	1896177	0	1	2155	1	0	1990	other	0
gpl005	116	Pulse	199	1897906	1730	0
gpl005	117	Picture	60	1898498	0	1	7129	1	0	7000	other	0
gpl005	118	Picture	40	1905793	0	1	2819	1	0	2690	other	0
gpl005	119	Picture	60	1908777	0	1	7129	1	0	7000	other	0
gpl005	119	Pulse	199	1910406	1629	0
gpl005	120	Picture	40	1916072	0	1	3482	1	0	3310	other	0
gpl005	121	Picture	60	1919719	0	1	7129	1	0	7000	other	0
gpl005	121	Pulse	199	1922906	3186	0
gpl005	122	Picture	40	1927014	0	1	1824	1	0	1780	other	0
gpl005	123	Picture	60	1929004	0	1	7129	1	0	7000	other	0
gpl005	123	Pulse	199	1935405	6402	0
gpl005	124	Picture	40	1936299	0	1	3813	1	0	3660	other	0
gpl005	125	Picture	60	1940278	0	1	7129	1	0	7000	other	0
gpl005	126	Picture	40	1947573	0	1	2155	1	0	2140	other	0
gpl005	126	Pulse	199	1947906	333	0
gpl005	127	Picture	60	1949894	0	1	7129	1	0	7000	other	0
gpl005	128	Picture	40	1957188	0	1	2653	1	0	2490	other	0
gpl005	129	Picture	50	1960007	0	1	70131	1	0	next	other	0
gpl005	129	Pulse	199	1960406	399	0
gpl005	129	Pulse	199	1972906	12899	0
gpl005	129	Pulse	199	1985406	25399	0
gpl005	129	Pulse	199	1997906	37899	0
gpl005	129	Pulse	199	2010406	50399	0
gpl005	129	Pulse	199	2022906	62899	0
gpl005	130	Picture	80	2030138	0	1	7129	1	0	7000	other	0
gpl005	130	Pulse	199	2035405	5268	0
gpl005	131	Picture	40	2037433	0	1	1824	1	0	1780	other	0
gpl005	132	Picture	80	2039422	0	1	7129	1	0	7000	other	0
gpl005	133	Picture	40	2046717	0	1	2653	1	0	2490	other	0
gpl005	133	Pulse	199	2047906	1189	0
gpl005	134	Picture	80	2049535	0	1	7129	1	0	7000	other	0
gpl005	135	Picture	40	2056830	0	1	3813	1	0	3660	other	0
gpl005	135	Pulse	199	2060405	3575	0
gpl005	136	Picture	85	2060809	0	1	7129	1	0	7000	hit	233
gpl005	136	Response	25	2063856	3046	0
gpl005	137	Picture	40	2068104	0	1	3482	1	0	3310	other	0
gpl005	138	Picture	80	2071752	0	1	7129	1	0	7000	other	0
gpl005	138	Pulse	199	2072906	1154	0
gpl005	139	Picture	40	2079047	0	1	2155	1	0	2130	other	0
gpl005	140	Picture	80	2081368	0	1	7129	1	0	7000	other	0
gpl005	140	Pulse	199	2085406	4038	0
gpl005	141	Picture	40	2088663	0	1	4476	1	0	4350	other	0
gpl005	142	Picture	85	2093305	0	1	7129	1	0	7000	hit	242
gpl005	142	Response	25	2096216	2911	0
gpl005	142	Pulse	199	2097906	4601	0
gpl005	143	Picture	40	2100600	0	1	2984	1	0	2860	other	0
gpl005	144	Picture	80	2103750	0	1	7129	1	0	7000	other	0
gpl005	144	Pulse	199	2110406	6656	0
gpl005	145	Picture	40	2111045	0	1	2155	1	0	2140	other	0
gpl005	146	Picture	80	2113366	0	1	7129	1	0	7000	other	0
gpl005	147	Picture	40	2120661	0	1	2819	1	0	2690	other	0
gpl005	147	Pulse	199	2122906	2245	0
gpl005	148	Picture	80	2123645	0	1	7129	1	0	7000	other	0
gpl005	149	Picture	40	2130940	0	1	2155	1	0	1990	other	0
gpl005	150	Picture	50	2133261	0	1	50070	1	0	next	other	0
gpl005	150	Pulse	199	2135405	2144	0
gpl005	150	Pulse	199	2147905	14644	0
gpl005	150	Pulse	199	2160405	27144	0
gpl005	150	Pulse	199	2172904	39643	0
gpl005	151	Picture	70	2183331	0	1	7129	1	0	7000	other	0
gpl005	151	Pulse	199	2185406	2075	0
gpl005	152	Picture	40	2190625	0	1	2155	1	0	2140	other	0
gpl005	153	Picture	70	2192791	0	322	7119	322	0	7000	other	0
gpl005	153	Pulse	199	2197905	5115	0
gpl005	154	Picture	40	2200076	0	1	2155	1	0	1990	other	0
gpl005	155	Picture	70	2202397	0	1	7129	1	0	7000	other	0
gpl005	156	Picture	40	2209692	0	1	2984	1	0	2860	other	0
gpl005	156	Pulse	199	2210406	714	0
gpl005	157	Picture	70	2212842	0	1	7129	1	0	7000	other	0
gpl005	158	Picture	40	2220137	0	1	3482	1	0	3310	other	0
gpl005	158	Pulse	199	2222905	2769	0
gpl005	159	Picture	70	2223784	0	1	7129	1	0	7000	other	0
gpl005	160	Picture	40	2231079	0	1	2653	1	0	2490	other	0
gpl005	161	Picture	70	2233897	0	1	7129	1	0	7000	other	0
gpl005	161	Pulse	199	2235405	1508	0
gpl005	162	Picture	40	2241192	0	1	1824	1	0	1780	other	0
gpl005	163	Picture	70	2243182	0	1	7129	1	0	7000	other	0
gpl005	163	Pulse	199	2247905	4724	0
gpl005	164	Picture	40	2250477	0	1	4476	1	0	4350	other	0
gpl005	165	Picture	70	2255119	0	1	7129	1	0	7000	other	0
gpl005	165	Pulse	199	2260405	5286	0
gpl005	166	Picture	40	2262414	0	1	3813	1	0	3660	other	0
gpl005	167	Picture	70	2266393	0	1	7129	1	0	7000	other	0
gpl005	167	Pulse	199	2272905	6512	0
gpl005	168	Picture	40	2273688	0	1	2155	1	0	2130	other	0
gpl005	169	Picture	70	2276009	0	1	7129	1	0	7000	other	0
gpl005	170	Picture	40	2283304	0	1	2819	1	0	2690	other	0
gpl005	170	Pulse	199	2285405	2101	0
gpl005	171	Picture	50	2286288	0	1	30174	1	0	next	other	0
gpl005	171	Pulse	199	2297905	11617	0
gpl005	171	Pulse	199	2310405	24117	0
gpl005	172	Picture	90	2316463	0	1	7129	1	0	7000	other	0
gpl005	172	Pulse	199	2322905	6443	0
gpl005	173	Picture	40	2323757	0	1	2818	1	0	2690	other	0
gpl005	174	Picture	90	2326742	0	1	7129	1	0	7000	other	0
gpl005	175	Picture	40	2334037	0	1	1824	1	0	1780	other	0
gpl005	175	Pulse	199	2335406	1369	0
gpl005	176	Picture	90	2336026	0	1	7129	1	0	7000	other	0
gpl005	177	Picture	40	2343321	0	1	2155	1	0	2130	other	0
gpl005	178	Picture	90	2345642	0	1	7129	1	0	7000	other	0
gpl005	178	Pulse	199	2347905	2263	0
gpl005	179	Picture	40	2352937	0	1	2155	1	0	2140	other	0
gpl005	180	Picture	90	2355258	0	1	7129	1	0	7000	other	0
gpl005	180	Pulse	199	2360405	5147	0
gpl005	181	Picture	40	2362553	0	1	4476	1	0	4350	other	0
gpl005	182	Picture	90	2367195	0	1	7129	1	0	7000	other	0
gpl005	182	Pulse	199	2372905	5710	0
gpl005	183	Picture	40	2374490	0	1	3482	1	0	3310	other	0
gpl005	184	Picture	95	2378138	0	1	7129	1	0	7000	hit	308
gpl005	184	Response	25	2381785	3648	0
gpl005	184	Pulse	199	2385405	7267	0
gpl005	185	Picture	40	2385432	0	1	2653	1	0	2490	other	0
gpl005	186	Picture	90	2388251	0	1	7129	1	0	7000	other	0
gpl005	187	Picture	40	2395546	0	1	3813	1	0	3660	other	0
gpl005	187	Pulse	199	2397905	2360	0
gpl005	188	Picture	90	2399525	0	1	7129	1	0	7000	other	0
gpl005	189	Picture	40	2406820	0	1	2984	1	0	2860	other	0
gpl005	190	Picture	90	2409970	0	1	7129	1	0	7000	other	0
gpl005	190	Pulse	199	2410406	436	0
gpl005	191	Picture	40	2417265	0	1	2155	1	0	1990	other	0
gpl005	192	Picture	50	2419586	0	1	70130	1	0	next	other	0
gpl005	192	Pulse	199	2422906	3320	0
gpl005	192	Pulse	199	2435405	15819	0
gpl005	192	Pulse	199	2447905	28319	0
gpl005	192	Pulse	199	2460405	40819	0
gpl005	192	Pulse	199	2472905	53319	0
gpl005	192	Pulse	199	2485405	65819	0
gpl005	193	Picture	60	2489716	0	1	7129	1	0	7000	other	0
gpl005	194	Picture	40	2497011	0	1	3813	1	0	3660	other	0
gpl005	194	Pulse	199	2497905	894	0
gpl005	195	Picture	60	2500990	0	1	7129	1	0	7000	other	0
gpl005	196	Picture	40	2508285	0	1	3482	1	0	3310	other	0
gpl005	196	Pulse	199	2510405	2120	0
gpl005	197	Picture	60	2511933	0	1	7129	1	0	7000	other	0
gpl005	198	Picture	40	2519228	0	1	2818	1	0	2690	other	0
gpl005	199	Picture	65	2522212	0	1	7129	1	0	7000	hit	336
gpl005	199	Pulse	199	2522905	693	0
gpl005	199	Response	25	2525714	3502	0
gpl005	200	Picture	40	2529507	0	1	2155	1	0	2130	other	0
gpl005	201	Picture	60	2531828	0	1	7129	1	0	7000	other	0
gpl005	201	Pulse	199	2535405	3577	0
gpl005	202	Picture	40	2539123	0	1	1824	1	0	1780	other	0
gpl005	203	Picture	65	2541112	0	1	7129	1	0	7000	hit	342
gpl005	203	Response	25	2544525	3413	0
gpl005	203	Pulse	199	2547905	6792	0
gpl005	204	Picture	40	2548407	0	1	2155	1	0	2140	other	0
gpl005	205	Picture	60	2550572	0	322	7119	323	0	7000	other	0
gpl005	206	Picture	40	2557857	0	1	2984	1	0	2860	other	0
gpl005	206	Pulse	199	2560405	2548	0
gpl005	207	Picture	60	2561007	0	1	7129	1	0	7000	other	0
gpl005	208	Picture	40	2568302	0	1	2653	1	0	2490	other	0
gpl005	209	Picture	60	2571121	0	1	7129	1	0	7000	other	0
gpl005	209	Pulse	199	2572905	1784	0
gpl005	210	Picture	40	2578416	0	2	4476	2	0	4350	other	0
gpl005	211	Picture	60	2583058	0	1	7129	1	0	7000	other	0
gpl005	211	Pulse	199	2585405	2347	0
gpl005	212	Picture	40	2590353	0	1	2155	1	0	1990	other	0
gpl005	213	Picture	50	2592674	0	1	30174	1	0	next	other	0
gpl005	213	Pulse	199	2597905	5231	0
gpl005	213	Pulse	199	2610404	17731	0
gpl005	214	Picture	80	2622848	0	1	7129	1	0	7000	other	0
gpl005	214	Pulse	199	2622905	56	0
gpl005	215	Picture	40	2630143	0	1	2984	1	0	2860	other	0
gpl005	216	Picture	80	2633293	0	1	7129	1	0	7000	other	0
gpl005	216	Pulse	199	2635405	2112	0
gpl005	217	Picture	40	2640588	0	1	1824	1	0	1780	other	0
gpl005	218	Picture	80	2642578	0	1	7129	1	0	7000	other	0
gpl005	218	Pulse	199	2647905	5327	0
gpl005	219	Picture	40	2649873	0	1	2653	1	0	2490	other	0
gpl005	220	Picture	80	2652691	0	1	7129	1	0	7000	other	0
gpl005	221	Picture	40	2659986	0	1	2155	1	0	2140	other	0
gpl005	221	Pulse	199	2660405	419	0
gpl005	222	Picture	80	2662307	0	1	7129	1	0	7000	other	0
gpl005	223	Picture	40	2669602	0	1	2155	1	0	1990	other	0
gpl005	224	Picture	80	2671923	0	1	7129	1	0	7000	other	0
gpl005	224	Pulse	199	2672905	982	0
gpl005	225	Picture	40	2679218	0	1	4476	1	0	4350	other	0
gpl005	226	Picture	80	2683860	0	1	7129	1	0	7000	other	0
gpl005	226	Pulse	199	2685405	1545	0
gpl005	227	Picture	40	2691155	0	1	2155	1	0	2130	other	0
gpl005	228	Picture	80	2693476	0	1	7129	1	0	7000	other	0
gpl005	228	Pulse	199	2697905	4429	0
gpl005	229	Picture	40	2700771	0	1	2818	1	0	2690	other	0
gpl005	230	Picture	80	2703755	0	1	7129	1	0	7000	other	0
gpl005	230	Pulse	199	2710404	6649	0
gpl005	231	Picture	40	2711050	0	1	3482	1	0	3310	other	0
gpl005	232	Picture	80	2714698	0	1	7129	1	0	7000	other	0
gpl005	233	Picture	40	2721993	0	1	3813	1	0	3660	other	0
gpl005	233	Pulse	199	2722904	912	0
gpl005	234	Picture	50	2725972	0	1	90191	1	0	next	other	0
gpl005	234	Pulse	199	2735405	9433	0
gpl005	234	Pulse	199	2747905	21933	0
gpl005	234	Pulse	199	2760405	34433	0
gpl005	234	Pulse	199	2772905	46933	0
gpl005	234	Pulse	199	2785405	59433	0
gpl005	234	Pulse	199	2797905	71933	0
gpl005	234	Pulse	199	2810404	84432	0
gpl005	235	Picture	70	2816163	0	1	7129	1	0	7000	other	0
gpl005	235	Pulse	199	2822904	6741	0
gpl005	236	Picture	40	2823458	0	1	1824	1	0	1780	other	0
gpl005	237	Picture	70	2825448	0	1	7129	1	0	7000	other	0
gpl005	238	Picture	40	2832742	0	1	2155	1	0	1990	other	0
gpl005	239	Picture	70	2835064	0	1	7129	1	0	7000	other	0
gpl005	239	Pulse	199	2835404	340	0
gpl005	240	Picture	40	2842359	0	1	3813	1	0	3660	other	0
gpl005	241	Picture	75	2846338	0	1	7129	1	0	7000	hit	406
gpl005	241	Pulse	199	2847905	1567	0
gpl005	241	Response	25	2849784	3446	0
gpl005	242	Picture	40	2853633	0	1	2984	1	0	2860	other	0
gpl005	243	Picture	70	2856783	0	1	7129	1	0	7000	other	0
gpl005	243	Pulse	199	2860405	3622	0
gpl005	244	Picture	40	2864077	0	1	2819	1	0	2690	other	0
gpl005	245	Picture	70	2867062	0	1	7129	1	0	7000	other	0
gpl005	245	Pulse	199	2872905	5843	0
gpl005	246	Picture	40	2874357	0	1	2155	1	0	2140	other	0
gpl005	247	Picture	70	2876522	0	322	7119	322	0	7000	other	0
gpl005	248	Picture	40	2883807	0	1	2653	1	0	2490	other	0
gpl005	248	Pulse	199	2885405	1598	0
gpl005	249	Picture	70	2886625	0	1	7129	1	0	7000	other	0
gpl005	250	Picture	40	2893920	0	1	2155	1	0	2130	other	0
gpl005	251	Picture	70	2896241	0	1	7129	1	0	7000	other	0
gpl005	251	Pulse	199	2897905	1663	0
gpl005	252	Picture	40	2903536	0	1	3482	1	0	3310	other	0
gpl005	253	Picture	70	2907184	0	1	7129	1	0	7000	other	0
gpl005	253	Pulse	199	2910405	3221	0
gpl005	254	Picture	40	2914479	0	1	4476	1	0	4350	other	0
gpl005	255	Picture	50	2919121	0	1	50070	1	0	next	other	0
gpl005	255	Pulse	199	2922905	3784	0
gpl005	255	Pulse	199	2935404	16283	0
gpl005	255	Pulse	199	2947904	28783	0
gpl005	255	Pulse	199	2960404	41283	0
gpl005	256	Picture	90	2969190	0	1	7129	1	0	7000	other	0
gpl005	256	Pulse	199	2972905	3714	0
gpl005	257	Picture	40	2976485	0	1	2819	1	0	2690	other	0
gpl005	258	Picture	90	2979470	0	1	7129	1	0	7000	other	0
gpl005	258	Pulse	199	2985405	5935	0
gpl005	259	Picture	40	2986764	0	1	2155	1	0	2130	other	0
gpl005	260	Picture	90	2989086	0	1	7129	1	0	7000	other	0
gpl005	261	Picture	40	2996380	0	1	3813	1	0	3660	other	0
gpl005	261	Pulse	199	2997905	1524	0
gpl005	262	Picture	95	3000359	0	1	7129	1	0	7000	hit	440
gpl005	262	Response	25	3003644	3284	0
gpl005	263	Picture	40	3007654	0	1	3482	1	0	3310	other	0
gpl005	263	Pulse	199	3010405	2750	0
gpl005	264	Picture	90	3011302	0	1	7129	1	0	7000	other	0
gpl005	265	Picture	40	3018597	0	1	2155	1	0	2140	other	0
gpl005	266	Picture	90	3020918	0	1	7129	1	0	7000	other	0
gpl005	266	Pulse	199	3022905	1987	0
gpl005	267	Picture	40	3028213	0	1	4476	1	0	4350	other	0
gpl005	268	Picture	95	3032855	0	1	7129	1	0	7000	hit	450
gpl005	268	Pulse	199	3035404	2549	0
gpl005	268	Response	25	3036294	3439	0
gpl005	269	Picture	40	3040150	0	1	2653	1	0	2490	other	0
gpl005	270	Picture	90	3042968	0	1	7129	1	0	7000	other	0
gpl005	270	Pulse	199	3047904	4936	0
gpl005	271	Picture	40	3050263	0	1	2984	1	0	2860	other	0
gpl005	272	Picture	90	3053413	0	1	7129	1	0	7000	other	0
gpl005	272	Pulse	199	3060404	6990	0
gpl005	273	Picture	40	3060708	0	1	2155	1	0	1990	other	0
gpl005	274	Picture	90	3063029	0	1	7129	1	0	7000	other	0
gpl005	275	Picture	40	3070324	0	1	1824	1	0	1780	other	0
gpl005	276	Picture	50	3072314	0	1	50070	1	0	next	other	0
gpl005	276	Pulse	199	3072904	591	0
gpl005	276	Pulse	199	3085405	13091	0
gpl005	276	Pulse	199	3097904	25591	0
gpl005	276	Pulse	199	3110404	38091	0
gpl005	277	Picture	60	3122383	0	1	7129	1	0	7000	other	0
gpl005	277	Pulse	199	3122904	521	0
gpl005	278	Picture	40	3129678	0	1	1824	1	0	1780	other	0
gpl005	279	Picture	60	3131668	0	1	7129	1	0	7000	other	0
gpl005	279	Pulse	199	3135404	3737	0
gpl005	280	Picture	40	3138963	0	1	2818	1	0	2690	other	0
gpl005	281	Picture	60	3141947	0	1	7129	1	0	7000	other	0
gpl005	281	Pulse	199	3147904	5957	0
gpl005	282	Picture	40	3149242	0	1	2984	1	0	2860	other	0
gpl005	283	Picture	60	3152392	0	1	7129	1	0	7000	other	0
gpl005	284	Picture	40	3159687	0	1	4476	1	0	4350	other	0
gpl005	284	Pulse	199	3160404	717	0
gpl005	285	Picture	60	3164329	0	1	7129	1	0	7000	other	0
gpl005	286	Picture	40	3171624	0	1	3813	1	0	3660	other	0
gpl005	286	Pulse	199	3172903	1280	0
gpl005	287	Picture	60	3175603	0	1	7129	1	0	7000	other	0
gpl005	288	Picture	40	3182898	0	1	2155	1	0	2140	other	0
gpl005	289	Picture	60	3185219	0	1	7129	1	0	7000	other	0
gpl005	289	Pulse	199	3185404	185	0
gpl005	290	Picture	40	3192514	0	1	3482	1	0	3310	other	0
gpl005	291	Picture	60	3196161	0	1	7129	1	0	7000	other	0
gpl005	291	Pulse	199	3197904	1743	0
gpl005	292	Picture	40	3203456	0	1	2155	1	0	2130	other	0
gpl005	293	Picture	60	3205777	0	1	7129	1	0	7000	other	0
gpl005	293	Pulse	199	3210404	4627	0
gpl005	294	Picture	40	3213072	0	1	2155	1	0	1990	other	0
gpl005	295	Picture	60	3215393	0	1	7129	1	0	7000	other	0
gpl005	296	Picture	40	3222688	0	1	2653	1	0	2490	other	0
gpl005	296	Pulse	199	3222904	216	0
gpl005	297	Picture	50	3225507	0	1	90192	1	0	next	other	0
gpl005	297	Pulse	199	3235404	9897	0
gpl005	297	Pulse	199	3247904	22397	0
gpl005	297	Pulse	199	3260404	34897	0
gpl005	297	Pulse	199	3272903	47397	0
gpl005	297	Pulse	199	3285403	59896	0
gpl005	297	Pulse	199	3297903	72397	0
gpl005	297	Pulse	199	3310404	84897	0
gpl005	298	Picture	80	3315698	0	1	7129	1	0	7000	other	0
gpl005	298	Pulse	199	3322904	7205	0
gpl005	299	Picture	40	3322993	0	1	2818	1	0	2690	other	0
gpl005	300	Picture	80	3325977	0	1	7129	1	0	7000	other	0
gpl005	301	Picture	40	3333272	0	1	2155	1	0	1990	other	0
gpl005	301	Pulse	199	3335404	2132	0
gpl005	302	Picture	85	3335593	0	1	7129	1	0	7000	hit	509
gpl005	302	Response	25	3338814	3221	0
gpl005	303	Picture	40	3342888	0	1	2155	1	0	2130	other	0
gpl005	304	Picture	80	3345209	0	1	7129	1	0	7000	other	0
gpl005	304	Pulse	199	3347904	2695	0
gpl005	305	Picture	40	3352504	0	1	2653	1	0	2490	other	0
gpl005	306	Picture	80	3355323	0	1	7129	1	0	7000	other	0
gpl005	306	Pulse	199	3360414	5091	0
gpl005	307	Picture	40	3362618	0	1	2155	1	0	2140	other	0
gpl005	308	Picture	80	3364939	0	1	7129	1	0	7000	other	0
gpl005	309	Picture	40	3372234	0	1	3482	1	0	3310	other	0
gpl005	309	Pulse	199	3372914	680	0
gpl005	310	Picture	80	3375881	0	1	7129	1	0	7000	other	0
gpl005	311	Picture	40	3383176	0	1	4476	1	0	4350	other	0
gpl005	311	Pulse	199	3385414	2238	0
gpl005	312	Picture	80	3387818	0	1	7129	1	0	7000	other	0
gpl005	313	Picture	40	3395113	0	1	3813	1	0	3660	other	0
gpl005	313	Pulse	199	3397914	2800	0
gpl005	314	Picture	80	3399092	0	1	7129	1	0	7000	other	0
gpl005	315	Picture	40	3406387	0	1	2984	1	0	2860	other	0
gpl005	316	Picture	80	3409537	0	1	7129	1	0	7000	other	0
gpl005	316	Pulse	199	3410414	877	0
gpl005	317	Picture	40	3416832	0	1	1824	1	0	1780	other	0
gpl005	318	Picture	50	3418822	0	1	30174	1	0	next	other	0
gpl005	318	Pulse	199	3422914	4092	0
gpl005	318	Pulse	199	3435414	16592	0
gpl005	318	Pulse	199	3447914	29092	0
gpl005	319	Picture	70	3448996	0	1	7129	1	0	7000	other	0
gpl005	320	Picture	40	3456291	0	1	1824	1	0	1780	other	0
gpl005	321	Picture	70	3458280	0	1	7129	1	0	7000	other	0
gpl005	321	Pulse	199	3460414	2133	0
gpl005	322	Picture	40	3465575	0	1	2155	1	0	2140	other	0
gpl005	323	Picture	75	3467896	0	1	7129	1	0	7000	hit	541
gpl005	323	Response	25	3471544	3647	0
gpl005	323	Pulse	199	3472914	5017	0
gpl005	324	Picture	40	3475191	0	1	2653	1	0	2490	other	0
gpl005	325	Picture	70	3478010	0	1	7129	1	0	7000	other	0
gpl005	326	Picture	40	3485305	0	1	2155	1	0	1990	other	0
gpl005	326	Pulse	199	3485414	109	0
gpl005	327	Picture	70	3487626	0	1	7129	1	0	7000	other	0
gpl005	328	Picture	40	3494921	0	1	3482	1	0	3310	other	0
gpl005	328	Pulse	199	3497913	2992	0
gpl005	329	Picture	70	3498568	0	1	7129	1	0	7000	other	0
gpl005	330	Picture	40	3505863	0	1	2155	1	0	2130	other	0
gpl005	331	Picture	70	3508184	0	1	7129	1	0	7000	other	0
gpl005	331	Pulse	199	3510413	2229	0
gpl005	332	Picture	40	3515479	0	1	3813	1	0	3660	other	0
gpl005	333	Picture	70	3519458	0	1	7129	1	0	7000	other	0
gpl005	333	Pulse	199	3522914	3456	0
gpl005	334	Picture	40	3526753	0	1	2984	1	0	2860	other	0
gpl005	335	Picture	70	3529903	0	1	7129	1	0	7000	other	0
gpl005	335	Pulse	199	3535414	5511	0
gpl005	336	Picture	40	3537198	0	1	4476	1	0	4350	other	0
gpl005	337	Picture	70	3541840	0	1	7129	1	0	7000	other	0
gpl005	337	Pulse	199	3547914	6074	0
gpl005	338	Picture	40	3549135	0	1	2818	1	0	2690	other	0
gpl005	339	Picture	50	3552119	0	1	70131	1	0	next	other	0
gpl005	339	Pulse	199	3560414	8294	0
gpl005	339	Pulse	199	3572914	20794	0
gpl005	339	Pulse	199	3585413	33294	0
gpl005	339	Pulse	199	3597913	45794	0
gpl005	339	Pulse	199	3610413	58293	0
gpl005	340	Picture	90	3622250	0	1	7129	1	0	7000	other	0
gpl005	340	Pulse	199	3622913	663	0
gpl005	341	Picture	40	3629545	0	1	1824	1	0	1780	other	0
gpl005	342	Picture	90	3631534	0	1	7129	1	0	7000	other	0
gpl005	342	Pulse	199	3635414	3880	0
gpl005	343	Picture	40	3638829	0	1	2653	1	0	2490	other	0
gpl005	344	Picture	90	3641648	0	1	7129	1	0	7000	other	0
gpl005	344	Pulse	199	3647914	6266	0
gpl005	345	Picture	40	3648943	0	1	2155	1	0	1990	other	0
gpl005	346	Picture	90	3651264	0	1	7129	1	0	7000	other	0
gpl005	347	Picture	40	3658559	0	1	2155	1	0	2130	other	0
gpl005	347	Pulse	199	3660414	1855	0
gpl005	348	Picture	90	3660880	0	1	7129	1	0	7000	other	0
gpl005	349	Picture	40	3668175	0	1	2984	1	0	2860	other	0
gpl005	350	Picture	90	3671325	0	1	7129	1	0	7000	other	0
gpl005	350	Pulse	199	3672914	1589	0
gpl005	351	Picture	40	3678620	0	1	3813	1	0	3660	other	0
gpl005	352	Picture	90	3682599	0	1	7129	1	0	7000	other	0
gpl005	352	Pulse	199	3685413	2815	0
gpl005	353	Picture	40	3689893	0	1	4476	1	0	4350	other	0
gpl005	354	Picture	90	3694536	0	1	7129	1	0	7000	other	0
gpl005	354	Pulse	199	3697914	3378	0
gpl005	355	Picture	40	3701831	0	1	2155	1	0	2140	other	0
gpl005	356	Picture	90	3704152	0	1	7129	1	0	7000	other	0
gpl005	356	Pulse	199	3710413	6262	0
gpl005	357	Picture	40	3711447	0	1	3482	1	0	3310	other	0
gpl005	358	Picture	95	3715094	0	1	7129	1	0	7000	hit	597
gpl005	358	Response	25	3718733	3639	0
gpl005	359	Picture	40	3722389	0	1	2818	1	0	2690	other	0
gpl005	359	Pulse	199	3722913	524	0
gpl005	360	Picture	50	3725373	0	1	90191	1	0	next	other	0
gpl005	360	Pulse	199	3735413	10039	0
gpl005	360	Pulse	199	3747913	22540	0
gpl005	360	Pulse	199	3760414	35040	0
gpl005	360	Pulse	199	3772913	47540	0
gpl005	360	Pulse	199	3785413	60040	0
gpl005	360	Pulse	199	3797913	72540	0
gpl005	360	Pulse	199	3810413	85040	0
gpl005	361	Picture	60	3815565	0	1	7129	1	0	7000	other	0
gpl005	362	Picture	40	3822860	0	1	2984	1	0	2860	other	0
gpl005	362	Pulse	199	3822913	53	0
gpl005	363	Picture	60	3826010	0	1	7129	1	0	7000	other	0
gpl005	364	Picture	40	3833305	0	1	4476	1	0	4350	other	0
gpl005	364	Pulse	199	3835413	2108	0
gpl005	365	Picture	60	3837947	0	1	7129	1	0	7000	other	0
gpl005	366	Picture	40	3845242	0	1	2818	1	0	2690	other	0
gpl005	366	Pulse	199	3847913	2671	0
gpl005	367	Picture	60	3848226	0	1	7129	1	0	7000	other	0
gpl005	368	Picture	40	3855521	0	1	2155	1	0	1990	other	0
gpl005	369	Picture	65	3857842	0	1	7129	1	0	7000	hit	621
gpl005	369	Pulse	199	3860413	2571	0
gpl005	369	Response	25	3861962	4120	0
gpl005	370	Picture	40	3865137	0	1	2155	1	0	2130	other	0
gpl005	371	Picture	60	3867458	0	1	7129	1	0	7000	other	0
gpl005	371	Pulse	199	3872913	5455	0
gpl005	372	Picture	40	3874753	0	1	3813	1	0	3660	other	0
gpl005	373	Picture	65	3878732	0	1	7129	1	0	7000	hit	627
gpl005	373	Response	25	3882043	3311	0
gpl005	373	Pulse	199	3885413	6681	0
gpl005	374	Picture	40	3886027	0	1	2155	1	0	2140	other	0
gpl005	375	Picture	60	3888348	0	1	7129	1	0	7000	other	0
gpl005	376	Picture	40	3895643	0	1	3482	1	0	3310	other	0
gpl005	376	Pulse	199	3897913	2270	0
gpl005	377	Picture	60	3899290	0	1	7129	1	0	7000	other	0
gpl005	378	Picture	40	3906585	0	1	2653	1	0	2490	other	0
gpl005	379	Picture	60	3909404	0	1	7129	1	0	7000	other	0
gpl005	379	Pulse	199	3910413	1010	0
gpl005	380	Picture	40	3916699	0	1	1824	1	0	1780	other	0
gpl005	381	Picture	50	3918688	0	1	30174	1	0	next	other	0
gpl005	381	Pulse	199	3922913	4225	0
gpl005	381	Pulse	199	3935412	16724	0
gpl005	381	Pulse	199	3947913	29224	0
gpl005	382	Picture	80	3948862	0	1	7129	1	0	7000	other	0
gpl005	383	Picture	40	3956157	0	1	2653	1	0	2490	other	0
gpl005	384	Picture	80	3958976	0	1	7129	1	0	7000	other	0
gpl005	384	Pulse	199	3960412	1437	0
gpl005	385	Picture	40	3966271	0	1	3482	1	0	3310	other	0
gpl005	386	Picture	80	3969918	0	1	7129	1	0	7000	other	0
gpl005	386	Pulse	199	3972913	2995	0
gpl005	387	Picture	40	3977213	0	1	1824	1	0	1780	other	0
gpl005	388	Picture	80	3979203	0	1	7129	1	0	7000	other	0
gpl005	388	Pulse	199	3985413	6211	0
gpl005	389	Picture	40	3986498	0	1	4476	1	0	4350	other	0
gpl005	390	Picture	80	3991140	0	1	7129	1	0	7000	other	0
gpl005	390	Pulse	199	3997913	6773	0
gpl005	391	Picture	40	3998435	0	1	2155	1	0	2130	other	0
gpl005	392	Picture	80	4000756	0	1	7129	1	0	7000	other	0
gpl005	393	Picture	40	4008051	0	1	2155	1	0	2140	other	0
gpl005	394	Picture	80	4010372	0	1	7129	1	0	7000	other	0
gpl005	394	Pulse	199	4010413	41	0
gpl005	395	Picture	40	4017667	0	1	3813	1	0	3660	other	0
gpl005	396	Picture	80	4021646	0	1	7129	1	0	7000	other	0
gpl005	396	Pulse	199	4022913	1267	0
gpl005	397	Picture	40	4028941	0	1	2984	1	0	2860	other	0
gpl005	398	Picture	80	4032091	0	1	7129	1	0	7000	other	0
gpl005	398	Pulse	199	4035413	3322	0
gpl005	399	Picture	40	4039386	0	1	2155	1	0	1990	other	0
gpl005	400	Picture	80	4041707	0	1	7129	1	0	7000	other	0
gpl005	400	Pulse	199	4047913	6206	0
gpl005	401	Picture	40	4049002	0	1	2818	1	0	2690	other	0
gpl005	402	Picture	50	4051986	0	1	50070	1	0	next	other	0
gpl005	402	Pulse	199	4060412	8426	0
gpl005	402	Pulse	199	4072912	20926	0
gpl005	402	Pulse	199	4085413	33427	0
gpl005	402	Pulse	199	4097913	45927	0
gpl005	403	Picture	70	4102055	0	1	7129	1	0	7000	other	0
gpl005	404	Picture	40	4109350	0	1	3482	1	0	3310	other	0
gpl005	404	Pulse	199	4110413	1063	0
gpl005	405	Picture	70	4112998	0	1	7129	1	0	7000	other	0
gpl005	406	Picture	40	4120293	0	1	1824	1	0	1780	other	0
gpl005	407	Picture	70	4122282	0	1	7129	1	0	7000	other	0
gpl005	407	Pulse	199	4122913	631	0
gpl005	408	Picture	40	4129577	0	1	2155	1	0	2130	other	0
gpl005	409	Picture	70	4131898	0	1	7129	1	0	7000	other	0
gpl005	409	Pulse	199	4135413	3515	0
gpl005	410	Picture	40	4139193	0	1	2155	1	0	2140	other	0
gpl005	411	Picture	70	4141514	0	1	7129	1	0	7000	other	0
gpl005	411	Pulse	199	4147913	6399	0
gpl005	412	Picture	40	4148809	0	1	2155	1	0	1990	other	0
gpl005	413	Picture	70	4151130	0	1	7129	1	0	7000	other	0
gpl005	414	Picture	40	4158425	0	1	2818	1	0	2690	other	0
gpl005	414	Pulse	199	4160413	1987	0
gpl005	415	Picture	70	4161409	0	1	7129	1	0	7000	other	0
gpl005	416	Picture	40	4168704	0	1	2653	1	0	2490	other	0
gpl005	417	Picture	70	4171523	0	1	7129	1	0	7000	other	0
gpl005	417	Pulse	199	4172912	1389	0
gpl005	418	Picture	40	4178818	0	1	3813	1	0	3660	other	0
gpl005	419	Picture	70	4182797	0	1	7129	1	0	7000	other	0
gpl005	419	Pulse	199	4185413	2616	0
gpl005	420	Picture	40	4190092	0	1	2984	1	0	2860	other	0
gpl005	421	Picture	75	4193242	0	1	7129	1	0	7000	hit	701
gpl005	421	Response	25	4196823	3581	0
gpl005	421	Pulse	199	4197913	4671	0
gpl005	422	Picture	40	4200537	0	1	4476	1	0	4350	other	0
gpl005	423	Picture	50	4205179	0	1	70131	1	0	next	other	0
gpl005	423	Pulse	199	4210413	5234	0
gpl005	423	Pulse	199	4222913	17734	0
gpl005	423	Pulse	199	4235413	30234	0
gpl005	423	Pulse	199	4247913	42734	0
gpl005	423	Pulse	199	4260412	55234	0
gpl005	423	Pulse	199	4272912	67733	0
gpl005	424	Picture	90	4275309	0	1	7129	1	0	7000	other	0
gpl005	425	Picture	40	4282604	0	1	2984	1	0	2860	other	0
gpl005	425	Pulse	199	4285412	2808	0
gpl005	426	Picture	90	4285754	0	1	7129	1	0	7000	other	0
gpl005	427	Picture	40	4293049	0	1	3482	1	0	3310	other	0
gpl005	428	Picture	95	4296697	0	1	7129	1	0	7000	hit	718
gpl005	428	Pulse	199	4297912	1215	0
gpl005	428	Response	25	4300342	3645	0
gpl005	429	Picture	40	4303992	0	1	2819	1	0	2690	other	0
gpl005	430	Picture	90	4306976	0	1	7129	1	0	7000	other	0
gpl005	430	Pulse	199	4310413	3437	0
gpl005	431	Picture	40	4314271	0	1	4476	1	0	4350	other	0
gpl005	432	Picture	90	4318913	0	1	7129	1	0	7000	other	0
gpl005	432	Pulse	199	4322913	4000	0
gpl005	433	Picture	40	4326208	0	1	1824	1	0	1780	other	0
gpl005	434	Picture	90	4328197	0	1	7129	1	0	7000	other	0
gpl005	434	Pulse	199	4335413	7215	0
gpl005	435	Picture	40	4335492	0	1	2653	1	0	2490	other	0
gpl005	436	Picture	90	4338311	0	1	7129	1	0	7000	other	0
gpl005	437	Picture	40	4345606	0	1	2155	1	0	2140	other	0
gpl005	438	Picture	90	4347771	0	156	7119	157	0	7000	other	0
gpl005	438	Pulse	199	4347771	0	142
gpl005	439	Picture	40	4355056	0	1	2155	1	0	1990	other	0
gpl005	440	Picture	95	4357377	0	1	7129	1	0	7000	hit	736
gpl005	440	Pulse	199	4360413	3036	0
gpl005	440	Response	25	4360892	3515	0
gpl005	441	Picture	40	4364672	0	1	3813	1	0	3660	other	0
gpl005	442	Picture	90	4368651	0	1	7129	1	0	7000	other	0
gpl005	442	Pulse	199	4372912	4262	0
gpl005	443	Picture	40	4375946	0	1	2155	1	0	2130	other	0
gpl005	444	Picture	50	4378267	0	1	70131	1	0	next	other	0
gpl005	444	Pulse	199	4385412	7145	0
gpl005	444	Pulse	199	4397912	19645	0
gpl005	444	Pulse	199	4410412	32145	0
gpl005	444	Pulse	199	4422912	44645	0
gpl005	444	Pulse	199	4435412	57145	0
gpl005	444	Pulse	199	4447912	69645	0
gpl005	445	Picture	60	4448397	0	1	7129	1	0	7000	other	0
gpl005	446	Picture	40	4455692	0	1	2653	1	0	2490	other	0
gpl005	447	Picture	60	4458511	0	1	7129	1	0	7000	other	0
gpl005	447	Pulse	199	4460412	1901	0
gpl005	448	Picture	40	4465806	0	1	1824	1	0	1780	other	0
gpl005	449	Picture	60	4467795	0	1	7129	1	0	7000	other	0
gpl005	449	Pulse	199	4472912	5117	0
gpl005	450	Picture	40	4475090	0	1	2818	1	0	2690	other	0
gpl005	451	Picture	60	4478074	0	1	7129	1	0	7000	other	0
gpl005	452	Picture	40	4485369	0	1	2155	1	0	2140	other	0
gpl005	452	Pulse	199	4485412	43	0
gpl005	453	Picture	60	4487535	0	322	7119	322	0	7000	other	0
gpl005	454	Picture	40	4494820	0	1	4476	1	0	4350	other	0
gpl005	454	Pulse	199	4497912	3092	0
gpl005	455	Picture	60	4499462	0	1	7129	1	0	7000	other	0
gpl005	456	Picture	40	4506757	0	1	2155	1	0	1990	other	0
gpl005	457	Picture	60	4509078	0	1	7129	1	0	7000	other	0
gpl005	457	Pulse	199	4510412	1334	0
gpl005	458	Picture	40	4516373	0	1	2155	1	0	2130	other	0
gpl005	459	Picture	60	4518694	0	1	7129	1	0	7000	other	0
gpl005	459	Pulse	199	4522913	4219	0
gpl005	460	Picture	40	4525989	0	1	3482	1	0	3310	other	0
gpl005	461	Picture	60	4529636	0	1	7129	1	0	7000	other	0
gpl005	461	Pulse	199	4535412	5776	0
gpl005	462	Picture	40	4536930	0	2	2985	2	0	2860	other	0
gpl005	463	Picture	60	4540081	0	1	7129	1	0	7000	other	0
gpl005	464	Picture	40	4547376	0	1	3813	1	0	3660	other	0
gpl005	464	Pulse	199	4547912	536	0
gpl005	465	Picture	50	4551355	0	1	50070	1	0	next	other	0
gpl005	465	Pulse	199	4560412	9057	0
gpl005	465	Pulse	199	4572912	21557	0
gpl005	465	Pulse	199	4585412	34057	0
gpl005	465	Pulse	199	4597912	46557	0
gpl005	466	Picture	80	4601425	0	1	7129	1	0	7000	other	0
gpl005	467	Picture	40	4608719	0	1	2155	1	0	1990	other	0
gpl005	467	Pulse	199	4610412	1692	0
gpl005	468	Picture	80	4611041	0	1	7129	1	0	7000	other	0
gpl005	469	Picture	40	4618335	0	1	2818	1	0	2690	other	0
gpl005	470	Picture	80	4621320	0	1	7129	1	0	7000	other	0
gpl005	470	Pulse	199	4622912	1592	0
gpl005	471	Picture	40	4628615	0	1	2155	1	0	2140	other	0
gpl005	472	Picture	80	4630780	0	322	7119	322	0	7000	other	0
gpl005	472	Pulse	199	4635412	4632	0
gpl005	473	Picture	40	4638065	0	1	3482	1	0	3310	other	0
gpl005	474	Picture	80	4641712	0	1	7129	1	0	7000	other	0
gpl005	474	Pulse	199	4647912	6200	0
gpl005	475	Picture	40	4649007	0	1	4476	1	0	4350	other	0
gpl005	476	Picture	80	4653649	0	1	7129	1	0	7000	other	0
gpl005	476	Pulse	199	4660412	6763	0
gpl005	477	Picture	40	4660944	0	1	2155	1	0	2130	other	0
gpl005	478	Picture	80	4663265	0	1	7130	2	0	7000	other	0
gpl005	479	Picture	40	4670560	0	1	1824	1	0	1780	other	0
gpl005	480	Picture	80	4672550	0	1	7129	1	0	7000	other	0
gpl005	480	Pulse	199	4672912	362	0
gpl005	481	Picture	40	4679845	0	1	2984	1	0	2860	other	0
gpl005	482	Picture	85	4682995	0	1	7129	1	0	7000	hit	805
gpl005	482	Pulse	199	4685412	2417	0
gpl005	482	Response	25	4686012	3017	0
gpl005	483	Picture	40	4690290	0	1	2653	1	0	2490	other	0
gpl005	484	Picture	80	4693108	0	1	7129	1	0	7000	other	0
gpl005	484	Pulse	199	4697912	4804	0
gpl005	485	Picture	40	4700403	0	1	3813	1	0	3660	other	0
gpl005	486	Picture	50	4704382	0	1	90191	1	0	next	other	0
gpl005	486	Pulse	199	4710412	6030	0
gpl005	486	Pulse	199	4722911	18529	0
gpl005	486	Pulse	199	4735411	31029	0
gpl005	486	Pulse	199	4747912	43529	0
gpl005	486	Pulse	199	4760412	56030	0
gpl005	486	Pulse	199	4772912	68530	0
gpl005	486	Pulse	199	4785412	81030	0
gpl005	487	Picture	70	4794574	0	1	7129	1	0	7000	other	0
gpl005	487	Pulse	199	4797912	3338	0
gpl005	488	Picture	40	4801869	0	1	3813	1	0	3660	other	0
gpl005	489	Picture	70	4805848	0	1	7129	1	0	7000	other	0
gpl005	489	Pulse	199	4810412	4564	0
gpl005	490	Picture	40	4813143	0	1	2155	1	0	1990	other	0
gpl005	491	Picture	70	4815464	0	1	7129	1	0	7000	other	0
gpl005	492	Picture	40	4822758	0	1	2819	1	0	2690	other	0
gpl005	492	Pulse	199	4822912	153	0
gpl005	493	Picture	70	4825743	0	1	7129	1	0	7000	other	0
gpl005	494	Picture	40	4833038	0	1	3482	1	0	3310	other	0
gpl005	494	Pulse	199	4835411	2373	0
gpl005	495	Picture	70	4836685	0	1	7129	1	0	7000	other	0
gpl005	496	Picture	40	4843980	0	1	2653	1	0	2490	other	0
gpl005	497	Picture	75	4846799	0	1	7129	1	0	7000	hit	834
gpl005	497	Pulse	199	4847912	1113	0
gpl005	497	Response	25	4850641	3843	0
gpl005	498	Picture	40	4854093	0	1	2155	1	0	2130	other	0
gpl005	499	Picture	70	4856415	0	1	7129	1	0	7000	other	0
gpl005	499	Pulse	199	4860412	3997	0
gpl005	500	Picture	40	4863709	0	1	4476	1	0	4350	other	0
gpl005	501	Picture	70	4868352	0	1	7129	1	0	7000	other	0
gpl005	501	Pulse	199	4872912	4560	0
gpl005	502	Picture	40	4875647	0	1	2984	1	0	2860	other	0
gpl005	503	Picture	70	4878797	0	1	7129	1	0	7000	other	0
gpl005	503	Pulse	199	4885412	6615	0
gpl005	504	Picture	40	4886091	0	1	2155	1	0	2140	other	0
gpl005	505	Picture	70	4888257	0	322	7119	322	0	7000	other	0
gpl005	506	Picture	40	4895542	0	1	1824	1	0	1780	other	0
gpl005	507	Picture	50	4897531	0	1	30174	1	0	next	other	0
gpl005	507	Pulse	199	4897912	380	0
gpl005	507	Pulse	199	4910412	12881	0
gpl005	507	Pulse	199	4922911	25380	0
gpl005	508	Picture	90	4927706	0	1	7129	1	0	7000	other	0
gpl005	509	Picture	40	4935001	0	1	2155	1	0	2130	other	0
gpl005	509	Pulse	199	4935412	411	0
gpl005	510	Picture	90	4937322	0	1	7129	1	0	7000	other	0
gpl005	511	Picture	40	4944616	0	1	2984	1	0	2860	other	0
gpl005	512	Picture	90	4947767	0	1	7129	1	0	7000	other	0
gpl005	512	Pulse	199	4947911	145	0
gpl005	513	Picture	40	4955061	0	1	1824	1	0	1780	other	0
gpl005	514	Picture	90	4957051	0	1	7129	1	0	7000	other	0
gpl005	514	Pulse	199	4960411	3360	0
gpl005	515	Picture	40	4964346	0	1	2653	1	0	2490	other	0
gpl005	516	Picture	90	4967164	0	1	7129	1	0	7000	other	0
gpl005	516	Pulse	199	4972911	5747	0
gpl005	517	Picture	40	4974459	0	1	2155	1	0	2140	other	0
gpl005	518	Picture	90	4976625	0	322	7119	322	0	7000	other	0
gpl005	519	Picture	40	4983909	0	1	2819	1	0	2690	other	0
gpl005	519	Pulse	199	4985412	1502	0
gpl005	520	Picture	90	4986894	0	1	7129	1	0	7000	other	0
gpl005	521	Picture	40	4994189	0	1	4476	1	0	4350	other	0
gpl005	521	Pulse	199	4997911	3723	0
gpl005	522	Picture	90	4998831	0	1	7129	1	0	7000	other	0
gpl005	523	Picture	40	5006126	0	1	3813	1	0	3660	other	0
gpl005	524	Picture	90	5010105	0	1	7129	1	0	7000	other	0
gpl005	524	Pulse	199	5010412	307	0
gpl005	525	Picture	40	5017400	0	1	2155	1	0	1990	other	0
gpl005	526	Picture	90	5019721	0	1	7129	1	0	7000	other	0
gpl005	526	Pulse	199	5022911	3190	0
gpl005	527	Picture	40	5027016	0	1	3482	1	0	3310	other	0
gpl005	528	Picture	50	5030663	0	1	50070	1	0	next	other	0
gpl005	528	Pulse	199	5035412	4748	0
gpl005	528	Pulse	199	5047911	17248	0
gpl005	528	Pulse	199	5060411	29748	0
gpl005	528	Pulse	199	5072911	42247	0
gpl005	529	Picture	60	5080733	0	1	7129	1	0	7000	other	0
gpl005	529	Pulse	199	5085421	4689	0
gpl005	530	Picture	40	5088028	0	1	3482	1	0	3310	other	0
gpl005	531	Picture	60	5091675	0	1	7129	1	0	7000	other	0
gpl005	531	Pulse	199	5097921	6246	0
gpl005	532	Picture	40	5098970	0	1	2818	1	0	2690	other	0
gpl005	533	Picture	60	5101954	0	1	7129	1	0	7000	other	0
gpl005	534	Picture	40	5109249	0	1	2653	1	0	2490	other	0
gpl005	534	Pulse	199	5110421	1172	0
gpl005	535	Picture	60	5112068	0	1	7129	1	0	7000	other	0
gpl005	536	Picture	40	5119363	0	1	3813	1	0	3660	other	0
gpl005	536	Pulse	199	5122921	3559	0
gpl005	537	Picture	65	5123342	0	1	7129	1	0	7000	hit	897
gpl005	537	Response	25	5127311	3970	0
gpl005	538	Picture	40	5130637	0	1	4476	1	0	4350	other	0
gpl005	539	Picture	60	5135279	0	1	7129	1	0	7000	other	0
gpl005	539	Pulse	199	5135422	143	0
gpl005	540	Picture	40	5142574	0	1	2984	1	0	2860	other	0
gpl005	541	Picture	60	5145724	0	1	7129	1	0	7000	other	0
gpl005	541	Pulse	199	5147921	2198	0
gpl005	542	Picture	40	5153019	0	1	1824	1	0	1780	other	0
gpl005	543	Picture	60	5155008	0	1	7129	1	0	7000	other	0
gpl005	543	Pulse	199	5160421	5413	0
gpl005	544	Picture	40	5162303	0	1	2155	1	0	1990	other	0
gpl005	545	Picture	60	5164624	0	1	7129	1	0	7000	other	0
gpl005	546	Picture	40	5171919	0	1	2155	1	0	2140	other	0
gpl005	546	Pulse	199	5172921	1002	0
gpl005	547	Picture	60	5174084	0	322	7119	322	0	7000	other	0
gpl005	548	Picture	40	5181369	0	1	2155	1	0	2130	other	0
gpl005	549	Picture	50	5183690	0	1	70131	1	0	next	other	0
gpl005	549	Pulse	199	5185421	1730	0
gpl005	549	Pulse	199	5197921	14231	0
gpl005	549	Pulse	199	5210421	26730	0
gpl005	549	Pulse	199	5222921	39231	0
gpl005	549	Pulse	199	5235421	51730	0
gpl005	549	Pulse	199	5247921	64231	0
gpl005	550	Picture	80	5253821	0	1	7129	1	0	7000	other	0
gpl005	550	Pulse	199	5260421	6600	0
gpl005	551	Picture	40	5261116	0	1	1824	1	0	1780	other	0
gpl005	552	Picture	80	5263105	0	1	7129	1	0	7000	other	0
gpl005	553	Picture	40	5270400	0	1	2819	1	0	2690	other	0
gpl005	553	Pulse	199	5272921	2520	0
gpl005	554	Picture	80	5273384	0	1	7129	1	0	7000	other	0
gpl005	555	Picture	40	5280679	0	1	3813	1	0	3660	other	0
gpl005	556	Picture	80	5284658	0	1	7129	1	0	7000	other	0
gpl005	556	Pulse	199	5285420	762	0
gpl005	557	Picture	40	5291953	0	1	2155	1	0	2130	other	0
gpl005	558	Picture	80	5294274	0	1	7129	1	0	7000	other	0
gpl005	558	Pulse	199	5297920	3646	0
gpl005	559	Picture	40	5301569	0	1	2155	1	0	1990	other	0
gpl005	560	Picture	80	5303890	0	1	7129	1	0	7000	other	0
gpl005	560	Pulse	199	5310420	6530	0
gpl005	561	Picture	40	5311185	0	1	4476	1	0	4350	other	0
gpl005	562	Picture	80	5315828	0	1	7129	1	0	7000	other	0
gpl005	562	Pulse	199	5322921	7094	0
gpl005	563	Picture	40	5323122	0	1	2984	1	0	2860	other	0
gpl005	564	Picture	85	5326272	0	1	7129	1	0	7000	hit	941
gpl005	564	Response	25	5329211	2939	0
gpl005	565	Picture	40	5333567	0	1	2155	1	0	2140	other	0
gpl005	565	Pulse	199	5335421	1853	0
gpl005	566	Picture	80	5335733	0	322	7119	322	0	7000	other	0
gpl005	567	Picture	40	5343018	0	1	2653	1	0	2490	other	0
gpl005	568	Picture	80	5345836	0	1	7129	1	0	7000	other	0
gpl005	568	Pulse	199	5347921	2085	0
gpl005	569	Picture	40	5353131	0	1	3482	1	0	3310	other	0
gpl005	570	Picture	50	5356778	0	1	30174	1	0	next	other	0
gpl005	570	Pulse	199	5360421	3642	0
gpl005	570	Pulse	199	5372921	16142	0
gpl005	570	Pulse	199	5385421	28642	0
gpl005	571	Picture	70	5386953	0	1	7129	1	0	7000	other	0
gpl005	572	Picture	40	5394248	0	1	3813	1	0	3660	other	0
gpl005	572	Pulse	199	5397908	3660	13
gpl005	573	Picture	70	5398227	0	1	7129	1	0	7000	other	0
gpl005	574	Picture	40	5405522	0	1	2155	1	0	2130	other	0
gpl005	575	Picture	70	5407843	0	1	7129	1	0	7000	other	0
gpl005	575	Pulse	199	5410420	2578	0
gpl005	576	Picture	40	5415138	0	1	2653	1	0	2490	other	0
gpl005	577	Picture	70	5417956	0	1	7129	1	0	7000	other	0
gpl005	577	Pulse	199	5422921	4965	0
gpl005	578	Picture	40	5425251	0	1	2155	1	0	2140	other	0
gpl005	579	Picture	70	5427572	0	1	7129	1	0	7000	other	0
gpl005	580	Picture	40	5434867	0	1	1824	1	0	1780	other	0
gpl005	580	Pulse	199	5435421	554	0
gpl005	581	Picture	70	5436857	0	1	7129	1	0	7000	other	0
gpl005	582	Picture	40	5444151	0	1	2818	1	0	2690	other	0
gpl005	583	Picture	75	5447136	0	1	7129	1	0	7000	hit	971
gpl005	583	Pulse	199	5447921	785	0
gpl005	583	Response	25	5450421	3285	0
gpl005	584	Picture	40	5454431	0	1	4476	1	0	4350	other	0
gpl005	585	Picture	70	5459073	0	1	7129	1	0	7000	other	0
gpl005	585	Pulse	199	5460421	1348	0
gpl005	586	Picture	40	5466368	0	1	2984	1	0	2860	other	0
gpl005	587	Picture	75	5469518	0	1	7129	1	0	7000	hit	978
gpl005	587	Pulse	199	5472921	3403	0
gpl005	587	Response	25	5473021	3503	0
gpl005	588	Picture	40	5476813	0	1	3482	1	0	3310	other	0
gpl005	589	Picture	70	5480460	0	1	7129	1	0	7000	other	0
gpl005	589	Pulse	199	5485421	4961	0
gpl005	590	Picture	40	5487755	0	1	2155	1	0	1990	other	0
gpl005	591	Picture	50	5490076	0	1	90192	1	0	next	other	0
gpl005	591	Pulse	199	5497921	7845	0
gpl005	591	Pulse	199	5510420	20344	0
gpl005	591	Pulse	199	5522920	32844	0
gpl005	591	Pulse	199	5535421	45345	0
gpl005	591	Pulse	199	5547921	57844	0
gpl005	591	Pulse	199	5560421	70344	0
gpl005	591	Pulse	199	5572921	82844	0
gpl005	592	Picture	90	5580268	0	1	7129	1	0	7000	other	0
gpl005	592	Pulse	199	5585421	5153	0
gpl005	593	Picture	40	5587563	0	1	3813	1	0	3660	other	0
gpl005	594	Picture	90	5591542	0	1	7129	1	0	7000	other	0
gpl005	594	Pulse	199	5597921	6379	0
gpl005	595	Picture	40	5598837	0	1	2155	1	0	1990	other	0
gpl005	596	Picture	90	5601158	0	1	7129	1	0	7000	other	0
gpl005	597	Picture	40	5608452	0	1	2984	1	0	2860	other	0
gpl005	597	Pulse	199	5610421	1968	0
gpl005	598	Picture	90	5611603	0	1	7129	1	0	7000	other	0
gpl005	599	Picture	40	5618897	0	1	2653	1	0	2490	other	0
gpl005	600	Picture	90	5621716	0	1	7129	1	0	7000	other	0
gpl005	600	Pulse	199	5622921	1205	0
gpl005	601	Picture	40	5629011	0	1	4476	1	0	4350	other	0
gpl005	602	Picture	90	5633653	0	1	7129	1	0	7000	other	0
gpl005	602	Pulse	199	5635420	1767	0
gpl005	603	Picture	40	5640948	0	1	2819	1	0	2690	other	0
gpl005	604	Picture	90	5643932	0	1	7129	1	0	7000	other	0
gpl005	604	Pulse	199	5647920	3988	0
gpl005	605	Picture	40	5651227	0	1	2155	1	0	2130	other	0
gpl005	606	Picture	95	5653548	0	1	7129	1	0	7000	hit	1012
gpl005	606	Response	25	5656621	3072	0
gpl005	606	Pulse	199	5660420	6872	0
gpl005	607	Picture	40	5660843	0	1	2155	1	0	2140	other	0
gpl005	608	Picture	90	5663009	0	322	7119	322	0	7000	other	0
gpl005	609	Picture	40	5670293	0	1	1824	1	0	1780	other	0
gpl005	610	Picture	90	5672283	0	1	7129	1	0	7000	other	0
gpl005	610	Pulse	199	5672920	637	0
gpl005	611	Picture	40	5679578	0	1	3482	1	0	3310	other	0
gpl005	612	Picture	50	5683225	0	1	30174	1	0	next	other	0
gpl005	612	Pulse	199	5685421	2195	0
gpl005	612	Pulse	199	5697920	14695	0
gpl005	612	Pulse	199	5710421	27195	0
gpl005	613	Picture	60	5713400	0	1	7129	1	0	7000	other	0
gpl005	614	Picture	40	5720695	0	1	4476	1	0	4350	other	0
gpl005	614	Pulse	199	5722920	2225	0
gpl005	615	Picture	60	5725337	0	1	7129	1	0	7000	other	0
gpl005	616	Picture	40	5732632	0	1	2653	1	0	2490	other	0
gpl005	616	Pulse	199	5735420	2789	0
gpl005	617	Picture	60	5735450	0	1	7129	1	0	7000	other	0
gpl005	618	Picture	40	5742745	0	1	1824	1	0	1780	other	0
gpl005	619	Picture	60	5744734	0	1	7129	1	0	7000	other	0
gpl005	619	Pulse	199	5747920	3185	0
gpl005	620	Picture	40	5752029	0	1	2984	1	0	2860	other	0
gpl005	621	Picture	60	5755180	0	1	7129	1	0	7000	other	0
gpl005	621	Pulse	199	5760421	5241	0
gpl005	622	Picture	40	5762474	0	1	2155	1	0	2140	other	0
gpl005	623	Picture	60	5764640	0	322	7119	322	0	7000	other	0
gpl005	624	Picture	40	5771925	0	1	2155	1	0	2130	other	0
gpl005	624	Pulse	199	5772920	995	0
gpl005	625	Picture	60	5774246	0	1	7129	1	0	7000	other	0
gpl005	626	Picture	40	5781540	0	1	3482	1	0	3310	other	0
gpl005	627	Picture	60	5785188	0	1	7129	1	0	7000	other	0
gpl005	627	Pulse	199	5785421	232	0
gpl005	628	Picture	40	5792483	0	1	3813	1	0	3660	other	0
gpl005	629	Picture	60	5796462	0	1	7129	1	0	7000	other	0
gpl005	629	Pulse	199	5797920	1458	0
gpl005	630	Picture	40	5803757	0	1	2155	1	0	1990	other	0
gpl005	631	Picture	65	5806078	0	1	7129	1	0	7000	hit	1050
gpl005	631	Response	25	5810301	4222	0
gpl005	631	Pulse	199	5810420	4342	0
gpl005	632	Picture	40	5813373	0	1	2818	1	0	2690	other	0
gpl005	633	Picture	50	5816357	0	1	90191	1	0	next	other	0
gpl005	633	Pulse	199	5822920	6563	0
gpl005	633	Pulse	199	5835420	19063	0
gpl005	633	Pulse	199	5847920	31562	0
gpl005	633	Pulse	199	5860420	44062	0
gpl005	633	Pulse	199	5872920	56563	0
gpl005	633	Pulse	199	5885420	69063	0
gpl005	633	Pulse	199	5897920	81563	0
gpl005	634	Picture	80	5906549	0	1	7129	1	0	7000	other	0
gpl005	634	Pulse	199	5910420	3871	0
gpl005	635	Picture	40	5913844	0	1	3813	1	0	3660	other	0
gpl005	636	Picture	80	5917823	0	1	7129	1	0	7000	other	0
gpl005	636	Pulse	199	5922920	5098	0
gpl005	637	Picture	40	5925118	0	1	3482	1	0	3310	other	0
gpl005	638	Picture	85	5928765	0	1	7129	1	0	7000	hit	1068
gpl005	638	Response	25	5932070	3305	0
gpl005	638	Pulse	199	5935420	6655	0
gpl005	639	Picture	40	5936060	0	1	2155	1	0	1990	other	0
gpl005	640	Picture	80	5938381	0	1	7129	1	0	7000	other	0
gpl005	641	Picture	40	5945676	0	1	1824	1	0	1780	other	0
gpl005	642	Picture	85	5947665	0	1	7129	1	0	7000	hit	1075
gpl005	642	Pulse	199	5947920	255	0
gpl005	642	Response	25	5950710	3044	0
gpl005	643	Picture	40	5954960	0	1	2155	1	0	2140	other	0
gpl005	644	Picture	80	5957281	0	1	7129	1	0	7000	other	0
gpl005	644	Pulse	199	5960420	3138	0
gpl005	645	Picture	40	5964576	0	1	4476	1	0	4350	other	0
gpl005	646	Picture	80	5969219	0	1	7129	1	0	7000	other	0
gpl005	646	Pulse	199	5972920	3702	0
gpl005	647	Picture	40	5976513	0	1	2653	1	0	2490	other	0
gpl005	648	Picture	80	5979332	0	1	7129	1	0	7000	other	0
gpl005	648	Pulse	199	5985420	6088	0
gpl005	649	Picture	40	5986627	0	1	2155	1	0	2130	other	0
gpl005	650	Picture	80	5988948	0	1	7129	1	0	7000	other	0
gpl005	651	Picture	40	5996243	0	1	2984	1	0	2860	other	0
gpl005	651	Pulse	199	5997920	1678	0
gpl005	652	Picture	80	5999393	0	1	7129	1	0	7000	other	0
gpl005	653	Picture	40	6006688	0	1	2819	1	0	2690	other	0
gpl005	654	Picture	50	6009672	0	1	70130	1	0	next	other	0
gpl005	654	Pulse	199	6010420	748	0
gpl005	654	Pulse	199	6022920	13248	0
gpl005	654	Pulse	199	6035420	25748	0
gpl005	654	Pulse	199	6047920	38248	0
gpl005	654	Pulse	199	6060420	50747	0
gpl005	654	Pulse	199	6072919	63247	0
gpl005	655	Picture	70	6079803	0	1	7129	1	0	7000	other	0
gpl005	655	Pulse	199	6085420	5617	0
gpl005	656	Picture	40	6087097	0	1	1824	1	0	1780	other	0
gpl005	657	Picture	70	6089087	0	1	7129	1	0	7000	other	0
gpl005	658	Picture	40	6096382	0	1	3482	1	0	3310	other	0
gpl005	658	Pulse	199	6097920	1538	0
gpl005	659	Picture	70	6100029	0	1	7129	1	0	7000	other	0
gpl005	660	Picture	40	6107324	0	1	4476	1	0	4350	other	0
gpl005	660	Pulse	199	6110420	3096	0
gpl005	661	Picture	70	6111966	0	1	7129	1	0	7000	other	0
gpl005	662	Picture	40	6119261	0	1	2155	1	0	1990	other	0
gpl005	663	Picture	70	6121582	0	1	7129	1	0	7000	other	0
gpl005	663	Pulse	199	6122920	1338	0
gpl005	664	Picture	40	6128877	0	1	2155	1	0	2140	other	0
gpl005	665	Picture	70	6131043	0	156	7119	156	0	7000	other	0
gpl005	665	Pulse	199	6135420	4377	0
gpl005	666	Picture	40	6138328	0	1	3813	1	0	3660	other	0
gpl005	667	Picture	70	6142307	0	1	7129	1	0	7000	other	0
gpl005	667	Pulse	199	6147920	5613	0
gpl005	668	Picture	40	6149601	0	1	2819	1	0	2690	other	0
gpl005	669	Picture	70	6152586	0	1	7129	1	0	7000	other	0
gpl005	670	Picture	40	6159881	0	1	2155	1	0	2130	other	0
gpl005	670	Pulse	199	6160420	539	0
gpl005	671	Picture	70	6162202	0	1	7129	1	0	7000	other	0
gpl005	672	Picture	40	6169497	0	1	2984	1	0	2860	other	0
gpl005	673	Picture	70	6172647	0	1	7129	1	0	7000	other	0
gpl005	673	Pulse	199	6172920	273	0
gpl005	674	Picture	40	6179942	0	1	2653	1	0	2490	other	0
gpl005	675	Picture	50	6182760	0	1	50070	1	0	next	other	0
gpl005	675	Pulse	199	6185420	2660	0
gpl005	675	Pulse	199	6197919	15159	0
gpl005	675	Pulse	199	6210419	27659	0
gpl005	675	Pulse	199	6222920	40160	0
gpl005	676	Picture	200	6232830	69	1	200112	1	0	200000	other	0
gpl005	676	Pulse	199	6235420	2659	0
gpl005	676	Pulse	199	6247920	15159	0
gpl005	676	Pulse	199	6260420	27659	0
gpl005	676	Pulse	199	6272920	40159	0
gpl005	676	Pulse	199	6285419	52659	0
gpl005	676	Pulse	199	6297919	65159	0
gpl005	676	Pulse	199	6310419	77658	0
gpl005	676	Pulse	199	6322920	90159	0
gpl005	676	Pulse	199	6335419	102659	0
gpl005	676	Pulse	199	6347920	115159	0
gpl005	676	Pulse	199	6360420	127659	0
gpl005	676	Pulse	199	6372919	140159	0
gpl005	676	Pulse	199	6385420	152659	0
gpl005	676	Pulse	199	6397919	165159	0
gpl005	676	Pulse	199	6410419	177658	0
gpl005	676	Pulse	199	6422919	190159	0
gpl005	677	Pulse	199	6435420	2312	0
gpl005	677	Pulse	199	6447919	14812	0
