Scenario - FeedLearn_B.sce
Logfile written - 10/06/2020 13:20:37

Subject	Trial	Event Type	Code	Time	TTime	Uncertainty	Duration	Uncertainty	ReqTime	ReqDur	Stim Type	Pair Index

p002	0	Pulse	199	0	0	NA
p002	0	Pulse	199	10000	10000	NA
p002	1	Pulse	199	20000	9833	NA
p002	1	Pulse	199	30000	19833	NA
p002	1	Pulse	199	40000	29833	NA
p002	1	Pulse	199	50000	39833	NA
p002	1	Pulse	199	60000	49833	NA
p002	1	Pulse	199	70000	59833	NA
p002	1	Pulse	199	80000	69833	NA
p002	1	Pulse	199	90000	79833	NA
p002	1	Pulse	199	100000	89833	NA
p002	1	Pulse	199	110000	99833	NA
p002	1	Pulse	199	120000	109833	NA
p002	1	Pulse	199	130000	119833	NA
p002	1	Response	32	134700	124533	0
p002	2	Picture	fix	134883	0	1	18774	1	0	next	other	0
p002	2	Pulse	199	140000	5117	NA
p002	2	Pulse	199	150000	15117	NA
p002	4	Picture	stim	153658	0	1	10058	1	0	next	hit	21
p002	4	Pulse	199	160000	6342	NA
p002	4	Response	16	163652	9994	0
p002	5	Picture	feedback	163715	0	1	20115	1	0	next	other	0
p002	5	Pulse	199	170000	6285	NA
p002	5	Pulse	199	180000	16285	NA
p002	6	Picture	fix	183831	0	1	32185	1	0	next	other	0
p002	6	Pulse	199	190000	6169	NA
p002	6	Pulse	199	200000	16169	NA
p002	6	Pulse	199	210000	26169	NA
p002	8	Picture	stim	216016	0	1	9890	1	0	next	incorrect	31
p002	8	Pulse	199	220000	3984	NA
p002	8	Response	32	225852	9836	0
p002	9	Picture	feedback	225906	0	1	20116	1	0	next	other	0
p002	9	Pulse	199	230000	4094	NA
p002	9	Pulse	199	240000	14094	NA
p002	10	Picture	fix	246021	0	1	24641	1	0	next	other	0
p002	10	Pulse	199	250000	3979	NA
p002	10	Pulse	199	260000	13979	NA
p002	10	Pulse	199	270000	23979	NA
p002	12	Picture	stim	270663	0	1	10561	1	0	next	incorrect	41
p002	12	Pulse	199	280000	9337	NA
p002	12	Response	32	281161	10499	0
p002	13	Picture	feedback	281223	0	1	20115	1	0	next	other	0
p002	13	Pulse	199	290000	8777	NA
p002	13	Pulse	199	300000	18777	NA
p002	14	Picture	fix	301339	0	1	21457	1	0	next	other	0
p002	14	Pulse	199	310000	8661	NA
p002	14	Pulse	199	320000	18661	NA
p002	16	Picture	stim	322795	0	1	10225	1	0	next	hit	50
p002	16	Pulse	199	330000	7205	NA
p002	16	Response	16	332876	10080	0
p002	17	Picture	feedback	333021	0	1	20116	1	0	next	other	0
p002	17	Pulse	199	340000	6979	NA
p002	17	Pulse	199	350000	16979	NA
p002	18	Picture	fix	353136	0	1	21959	1	0	next	other	0
p002	18	Pulse	199	360000	6864	NA
p002	18	Pulse	199	370000	16864	NA
p002	20	Picture	stim	375096	0	1	10393	1	0	next	incorrect	59
p002	20	Pulse	199	380000	4904	NA
p002	20	Response	32	385293	10197	0
p002	21	Picture	feedback	385489	0	1	20115	1	0	next	other	0
p002	21	Pulse	199	390000	4511	NA
p002	21	Pulse	199	400000	14511	NA
p002	22	Picture	fix	405604	0	1	23636	1	0	next	other	0
p002	22	Pulse	199	410000	4396	NA
p002	22	Pulse	199	420000	14396	NA
p002	24	Picture	stim	429240	0	1	9555	1	0	next	hit	68
p002	24	Pulse	199	430000	760	NA
p002	24	Response	16	438706	9467	0
p002	25	Picture	feedback	438795	0	1	20115	1	0	next	other	0
p002	25	Pulse	199	440000	1205	NA
p002	25	Pulse	199	450000	11205	NA
p002	26	Pulse	199	460000	1090	NA
p002	26	Pulse	199	470000	11090	NA
p002	26	Response	32	477143	18233	0
p002	27	Pulse	199	480000	2848	NA
p002	27	Pulse	199	490000	12848	NA
p002	27	Pulse	199	500000	22848	NA
p002	27	Pulse	199	510000	32848	NA
p002	27	Pulse	199	520000	42848	NA
p002	28	Picture	fix	527638	0	1	35873	1	0	next	other	0
p002	28	Pulse	199	530000	2362	NA
p002	28	Pulse	199	540000	12362	NA
p002	28	Pulse	199	550000	22362	NA
p002	28	Pulse	199	560000	32362	NA
p002	30	Picture	stim	563511	0	1	25144	1	0	25000	incorrect	88
p002	30	Pulse	199	570000	6489	NA
p002	30	Pulse	199	580000	16489	NA
p002	30	Response	32	585463	21953	0
p002	31	Picture	fix2	588655	0	1	29335	1	0	next	other	0
p002	31	Pulse	199	590000	1345	NA
p002	31	Pulse	199	600000	11345	NA
p002	31	Pulse	199	610000	21345	NA
p002	32	Picture	feedback	617990	0	1	20115	1	0	next	other	0
p002	32	Pulse	199	620000	2010	NA
p002	32	Pulse	199	630000	12010	NA
p002	33	Picture	fix	638106	0	1	23468	1	0	next	other	0
p002	33	Pulse	199	640000	1894	NA
p002	33	Pulse	199	650000	11894	NA
p002	33	Pulse	199	660000	21894	NA
p002	35	Picture	stim	661574	0	1	25144	1	0	25000	hit	103
p002	35	Pulse	199	670000	8426	NA
p002	35	Pulse	199	680000	18426	NA
p002	35	Response	16	684499	22926	0
p002	36	Picture	fix2	686718	0	1	18607	1	0	next	other	0
p002	36	Pulse	199	690000	3282	NA
p002	36	Pulse	199	700000	13282	NA
p002	37	Picture	feedback	705325	0	1	20116	1	0	next	other	0
p002	37	Pulse	199	710000	4675	NA
p002	37	Pulse	199	720000	14675	NA
p002	38	Picture	fix	725440	0	1	18607	1	0	next	other	0
p002	38	Pulse	199	730000	4560	NA
p002	38	Pulse	199	740000	14560	NA
p002	40	Picture	stim	744047	0	1	25144	1	0	25000	incorrect	116
p002	40	Pulse	199	750000	5953	NA
p002	40	Pulse	199	760000	15953	NA
p002	40	Response	32	760272	16225	0
p002	41	Picture	fix2	769191	0	1	16428	1	0	next	other	0
p002	41	Pulse	199	770000	809	NA
p002	41	Pulse	199	780000	10809	NA
p002	42	Picture	feedback	785619	0	1	20116	1	0	next	other	0
p002	42	Pulse	199	790000	4381	NA
p002	42	Pulse	199	800000	14381	NA
p002	43	Picture	fix	805735	0	1	37549	1	0	next	other	0
p002	43	Pulse	199	810000	4265	NA
p002	43	Pulse	199	820000	14265	NA
p002	43	Pulse	199	830000	24265	NA
p002	43	Pulse	199	840000	34265	NA
p002	45	Picture	stim	843283	0	1	25144	1	0	25000	incorrect	131
p002	45	Pulse	199	850000	6717	NA
p002	45	Pulse	199	860000	16717	NA
p002	45	Response	32	862306	19023	0
p002	46	Picture	fix2	868428	0	1	11566	1	0	next	other	0
p002	46	Pulse	199	870000	1572	NA
p002	47	Picture	feedback	879994	0	1	20115	1	0	next	other	0
p002	47	Pulse	199	880000	6	NA
p002	47	Pulse	199	890000	10006	NA
p002	47	Pulse	199	900000	20006	NA
p002	48	Picture	fix	900110	0	1	25982	1	0	next	other	0
p002	48	Pulse	199	910000	9890	NA
p002	48	Pulse	199	920000	19890	NA
p002	50	Picture	stim	926092	0	1	25144	1	0	25000	hit	144
p002	50	Pulse	199	930000	3908	NA
p002	50	Pulse	199	940000	13908	NA
p002	50	Response	16	941480	15387	0
p002	50	Pulse	199	950000	23908	NA
p002	51	Picture	fix2	951237	0	1	16763	1	0	next	other	0
p002	51	Pulse	199	960000	8763	NA
p002	52	Picture	feedback	967999	0	1	20115	1	0	next	other	0
p002	52	Pulse	199	970000	2001	NA
p002	52	Pulse	199	980000	12001	NA
p002	53	Picture	fix	988115	0	1	28832	1	0	next	other	0
p002	53	Pulse	199	990000	1885	NA
p002	53	Pulse	199	1000000	11885	NA
p002	53	Pulse	199	1010000	21885	NA
p002	55	Picture	stim	1016947	0	1	25144	1	0	25000	incorrect	158
p002	55	Pulse	199	1020000	3053	NA
p002	55	Pulse	199	1030000	13053	NA
p002	55	Response	32	1039527	22580	0
p002	55	Pulse	199	1040000	23053	NA
p002	56	Picture	fix2	1042092	0	1	18104	1	0	next	other	0
p002	56	Pulse	199	1050000	7909	NA
p002	56	Pulse	199	1060000	17909	NA
p002	57	Picture	feedback	1060195	0	1	20116	1	0	next	other	0
p002	57	Pulse	199	1070000	9805	NA
p002	57	Pulse	199	1080000	19805	NA
p002	58	Picture	fix	1080311	0	1	21959	1	0	next	other	0
p002	58	Pulse	199	1090000	9689	NA
p002	58	Pulse	199	1100000	19689	NA
p002	60	Picture	stim	1102270	0	1	25144	1	0	25000	hit	171
p002	60	Pulse	199	1110000	7730	NA
p002	60	Response	16	1113015	10744	0
p002	60	Pulse	199	1120000	17730	NA
p002	61	Picture	fix2	1127582	0	1	23300	1	0	next	other	0
p002	61	Pulse	199	1130000	2418	NA
p002	61	Pulse	199	1140000	12418	NA
p002	61	Pulse	199	1150000	22418	NA
p002	62	Picture	feedback	1150883	0	1	20116	1	0	next	other	0
p002	62	Pulse	199	1160000	9117	NA
p002	62	Pulse	199	1170000	19117	NA
p002	63	Picture	fix	1170998	0	1	18942	1	0	next	other	0
p002	63	Pulse	199	1180000	9002	NA
p002	65	Picture	stim	1189940	0	1	25144	1	0	25000	hit	185
p002	65	Pulse	199	1190000	60	NA
p002	65	Pulse	199	1200000	10060	NA
p002	65	Response	16	1203475	13534	0
p002	65	Pulse	199	1210000	20060	NA
p002	66	Picture	fix2	1215252	0	1	15925	1	0	next	other	0
p002	66	Pulse	199	1220000	4748	NA
p002	66	Pulse	199	1230000	14748	NA
p002	67	Picture	feedback	1231177	0	1	20115	1	0	next	other	0
p002	67	Pulse	199	1240000	8823	NA
p002	67	Pulse	199	1250000	18823	NA
p002	68	Picture	fix	1251292	0	1	32185	1	0	next	other	0
p002	68	Pulse	199	1260000	8708	NA
p002	68	Pulse	199	1270000	18708	NA
p002	68	Pulse	199	1280000	28708	NA
p002	70	Picture	stim	1283477	0	1	25144	1	0	25000	incorrect	200
p002	70	Pulse	199	1290000	6523	NA
p002	70	Pulse	199	1300000	16523	NA
p002	70	Response	32	1303613	20136	0
p002	71	Picture	fix2	1308622	0	1	20451	1	0	next	other	0
p002	71	Pulse	199	1310000	1378	NA
p002	71	Pulse	199	1320000	11378	NA
p002	72	Picture	feedback	1329072	0	1	20115	1	0	next	other	0
p002	72	Pulse	199	1330000	928	NA
p002	72	Pulse	199	1340000	10928	NA
p002	73	Picture	fix	1349188	0	1	17433	1	0	next	other	0
p002	73	Pulse	199	1350000	812	NA
p002	73	Pulse	199	1360000	10812	NA
p002	75	Picture	stim	1366621	0	1	25144	1	0	25000	incorrect	212
p002	75	Pulse	199	1370000	3379	NA
p002	75	Response	32	1378192	11570	0
p002	75	Pulse	199	1380000	13379	NA
p002	75	Pulse	199	1390000	23379	NA
p002	76	Picture	fix2	1391766	0	1	20451	1	0	next	other	0
p002	76	Pulse	199	1400000	8234	NA
p002	76	Pulse	199	1410000	18234	NA
p002	77	Picture	feedback	1412216	0	1	20116	1	0	next	other	0
p002	77	Pulse	199	1420000	7784	NA
p002	77	Pulse	199	1430000	17784	NA
p002	78	Picture	fix	1432332	0	1	29335	1	0	next	other	0
p002	78	Pulse	199	1440000	7668	NA
p002	78	Pulse	199	1450000	17668	NA
p002	78	Pulse	199	1460000	27668	NA
p002	80	Picture	stim	1461667	0	1	25144	1	0	25000	hit	227
p002	80	Pulse	199	1470000	8333	NA
p002	80	Response	16	1472834	11167	0
p002	80	Pulse	199	1480000	18333	NA
p002	81	Picture	fix2	1486979	0	1	14081	1	0	next	other	0
p002	81	Pulse	199	1490000	3021	NA
p002	81	Pulse	199	1500000	13021	NA
p002	82	Picture	feedback	1501060	0	1	20116	1	0	next	other	0
p002	82	Pulse	199	1510000	8940	NA
p002	82	Pulse	199	1520000	18940	NA
p002	83	Picture	fix	1521175	0	1	22127	1	0	next	other	0
p002	83	Pulse	199	1530000	8825	NA
p002	83	Pulse	199	1540000	18825	NA
p002	85	Picture	stim	1543302	0	1	25144	1	0	25000	incorrect	240
p002	85	Pulse	199	1550000	6698	NA
p002	85	Response	32	1556900	13598	0
p002	85	Pulse	199	1560000	16698	NA
p002	86	Picture	fix2	1568447	0	1	24306	1	0	next	other	0
p002	86	Pulse	199	1570000	1553	NA
p002	86	Pulse	199	1580000	11553	NA
p002	86	Pulse	199	1590000	21553	NA
p002	87	Picture	feedback	1592753	0	1	20115	1	0	next	other	0
p002	87	Pulse	199	1600000	7247	NA
p002	87	Pulse	199	1610000	17247	NA
p002	88	Picture	fix	1612868	0	1	24642	1	0	next	other	0
p002	88	Pulse	199	1620000	7132	NA
p002	88	Pulse	199	1630000	17132	NA
p002	90	Picture	stim	1637510	0	1	25144	1	0	25000	incorrect	254
p002	90	Pulse	199	1640000	2490	NA
p002	90	Response	32	1649751	12241	0
p002	90	Pulse	199	1650000	12490	NA
p002	90	Pulse	199	1660000	22490	NA
p002	91	Picture	fix2	1662654	0	1	26150	1	0	next	other	0
p002	91	Pulse	199	1670000	7346	NA
p002	91	Pulse	199	1680000	17346	NA
p002	92	Picture	feedback	1688804	0	1	20116	1	0	next	other	0
p002	92	Pulse	199	1690000	1196	NA
p002	92	Pulse	199	1700000	11196	NA
p002	93	Picture	fix	1708920	0	1	29670	1	0	next	other	0
p002	93	Pulse	199	1710000	1080	NA
p002	93	Pulse	199	1720000	11080	NA
p002	93	Pulse	199	1730000	21080	NA
p002	95	Picture	stim	1738590	0	1	25144	1	0	25000	hit	270
p002	95	Pulse	199	1740000	1410	NA
p002	95	Pulse	199	1750000	11410	NA
p002	95	Response	16	1757981	19391	0
p002	95	Pulse	199	1760000	21410	NA
p002	96	Picture	fix2	1763734	0	1	9052	1	0	next	other	0
p002	96	Pulse	199	1770000	6266	NA
p002	97	Picture	feedback	1772786	0	1	20116	1	0	next	other	0
p002	97	Pulse	199	1780000	7214	NA
p002	97	Pulse	199	1790000	17214	NA
p002	98	Picture	fix	1792902	0	1	31179	1	0	next	other	0
p002	98	Pulse	199	1800000	7098	NA
p002	98	Pulse	199	1810000	17098	NA
p002	98	Pulse	199	1820000	27098	NA
p002	100	Picture	stim	1824081	0	1	25144	1	0	25000	incorrect	284
p002	100	Pulse	199	1830000	5919	NA
p002	100	Pulse	199	1840000	15919	NA
p002	100	Response	32	1842454	18373	0
p002	101	Picture	fix2	1849225	0	1	11231	1	0	next	other	0
p002	101	Pulse	199	1850000	775	NA
p002	101	Pulse	199	1860000	10775	NA
p002	102	Picture	feedback	1860456	0	1	20115	1	0	next	other	0
p002	102	Pulse	199	1870000	9544	NA
p002	102	Pulse	199	1880000	19544	NA
p002	103	Picture	fix	1880572	0	1	30006	1	0	next	other	0
p002	103	Pulse	199	1890000	9428	NA
p002	103	Pulse	199	1900000	19428	NA
p002	103	Pulse	199	1910000	29428	NA
p002	105	Picture	stim	1910577	0	1	25144	1	0	25000	hit	297
p002	105	Pulse	199	1920000	9423	NA
p002	105	Response	16	1926326	15749	0
p002	105	Pulse	199	1930000	19423	NA
p002	106	Picture	fix2	1935722	0	1	21959	1	0	next	other	0
p002	106	Pulse	199	1940000	4278	NA
p002	106	Pulse	199	1950000	14278	NA
p002	107	Picture	feedback	1957681	0	1	20115	1	0	next	other	0
p002	107	Pulse	199	1960000	2319	NA
p002	107	Pulse	199	1970000	12319	NA
p002	108	Picture	fix	1977797	0	1	20451	1	0	next	other	0
p002	108	Pulse	199	1980000	2203	NA
p002	108	Pulse	199	1990000	12203	NA
p002	110	Picture	stim	1998247	0	1	25144	1	0	25000	incorrect	311
p002	110	Pulse	199	2000000	1753	NA
p002	110	Pulse	199	2010000	11753	NA
p002	110	Response	32	2010505	12257	0
p002	110	Pulse	199	2020000	21753	NA
p002	111	Picture	fix2	2023392	0	1	27659	1	0	next	other	0
p002	111	Pulse	199	2030000	6608	NA
p002	111	Pulse	199	2040000	16608	NA
p002	111	Pulse	199	2050000	26608	NA
p002	112	Picture	feedback	2051051	0	1	20115	1	0	next	other	0
p002	112	Pulse	199	2060000	8949	NA
p002	112	Pulse	199	2070000	18949	NA
p002	113	Picture	fix	2071166	0	1	27994	1	0	next	other	0
p002	113	Pulse	199	2080000	8834	NA
p002	113	Pulse	199	2090000	18834	NA
p002	115	Picture	stim	2099160	0	1	25144	1	0	25000	hit	326
p002	115	Pulse	199	2100000	840	NA
p002	115	Pulse	199	2110000	10840	NA
p002	115	Response	16	2118245	19085	0
p002	115	Pulse	199	2120000	20840	NA
p002	116	Picture	fix2	2124304	0	1	16092	1	0	next	other	0
p002	116	Pulse	199	2130000	5696	NA
p002	116	Pulse	199	2140000	15696	NA
p002	117	Picture	feedback	2140397	0	1	20116	1	0	next	other	0
p002	117	Pulse	199	2150000	9603	NA
p002	117	Pulse	199	2160000	19603	NA
p002	118	Picture	fix	2160512	0	1	25480	1	0	next	other	0
p002	118	Pulse	199	2170000	9488	NA
p002	118	Pulse	199	2180000	19488	NA
p002	120	Picture	stim	2185992	0	1	25144	1	0	25000	hit	339
p002	120	Pulse	199	2190000	4008	NA
p002	120	Response	16	2198127	12135	0
p002	120	Pulse	199	2200000	14008	NA
p002	120	Pulse	199	2210000	24008	NA
p002	121	Picture	fix2	2211136	0	1	25983	1	0	next	other	0
p002	121	Pulse	199	2220000	8864	NA
p002	121	Pulse	199	2230000	18864	NA
p002	122	Picture	feedback	2237119	0	1	20115	1	0	next	other	0
p002	122	Pulse	199	2240000	2881	NA
p002	122	Pulse	199	2250000	12881	NA
p002	123	Picture	fix	2257234	0	1	25144	1	0	next	other	0
p002	123	Pulse	199	2260000	2766	NA
p002	123	Pulse	199	2270000	12766	NA
p002	123	Pulse	199	2280000	22766	NA
p002	125	Picture	stim	2282379	0	1	25144	1	0	25000	incorrect	354
p002	125	Pulse	199	2290000	7621	NA
p002	125	Response	32	2294288	11910	0
p002	125	Pulse	199	2300000	17621	NA
p002	126	Picture	fix2	2307523	0	1	21624	1	0	next	other	0
p002	126	Pulse	199	2310000	2477	NA
p002	126	Pulse	199	2320000	12477	NA
p002	127	Picture	feedback	2329147	0	1	20115	1	0	next	other	0
p002	127	Pulse	199	2330000	853	NA
p002	127	Pulse	199	2340000	10853	NA
p002	128	Picture	fix	2349263	0	1	19445	1	0	next	other	0
p002	128	Pulse	199	2350000	737	NA
p002	128	Pulse	199	2360000	10737	NA
p002	130	Picture	stim	2368708	0	1	25144	1	0	25000	hit	368
p002	130	Pulse	199	2370000	1293	NA
p002	130	Pulse	199	2380000	11293	NA
p002	130	Response	16	2382058	13350	0
p002	130	Pulse	199	2390000	21293	NA
p002	131	Picture	fix2	2394020	0	1	21289	1	0	next	other	0
p002	131	Pulse	199	2400000	5981	NA
p002	131	Pulse	199	2410000	15981	NA
p002	132	Picture	feedback	2415308	0	1	20116	1	0	next	other	0
p002	132	Pulse	199	2420000	4692	NA
p002	132	Pulse	199	2430000	14692	NA
p002	133	Picture	fix	2435424	0	1	29000	1	0	next	other	0
p002	133	Pulse	199	2440000	4576	NA
p002	133	Pulse	199	2450000	14576	NA
p002	133	Pulse	199	2460000	24576	NA
p002	135	Picture	stim	2464424	0	1	25144	1	0	25000	hit	382
p002	135	Pulse	199	2470000	5576	NA
p002	135	Response	16	2476025	11602	0
p002	135	Pulse	199	2480000	15576	NA
p002	136	Picture	fix2	2489736	0	1	20116	1	0	next	other	0
p002	136	Pulse	199	2490000	264	NA
p002	136	Pulse	199	2500000	10264	NA
p002	137	Picture	feedback	2509851	0	1	20115	1	0	next	other	0
p002	137	Pulse	199	2510000	149	NA
p002	137	Pulse	199	2520000	10149	NA
p002	138	Picture	fix	2529967	0	1	20283	1	0	next	other	0
p002	138	Pulse	199	2530000	33	NA
p002	138	Pulse	199	2540000	10033	NA
p002	138	Pulse	199	2550000	20033	NA
p002	140	Picture	stim	2550250	0	1	25144	1	0	25000	hit	396
p002	140	Pulse	199	2560000	9750	NA
p002	140	Response	16	2560509	10259	0
p002	140	Pulse	199	2570000	19750	NA
p002	141	Picture	fix2	2575394	0	1	15254	1	0	next	other	0
p002	141	Pulse	199	2580000	4606	NA
p002	141	Pulse	199	2590000	14606	NA
p002	142	Picture	feedback	2590648	0	1	20115	1	0	next	other	0
p002	142	Pulse	199	2600000	9352	NA
p002	142	Pulse	199	2610000	19352	NA
p002	143	Picture	fix	2610764	0	1	23468	1	0	next	other	0
p002	143	Pulse	199	2620000	9236	NA
p002	143	Pulse	199	2630000	19236	NA
p002	145	Picture	stim	2634232	0	1	25144	1	0	25000	hit	410
p002	145	Pulse	199	2640000	5768	NA
p002	145	Pulse	199	2650000	15768	NA
p002	145	Response	16	2654575	20343	0
p002	146	Picture	fix2	2659376	0	1	21792	1	0	next	other	0
p002	146	Pulse	199	2660000	624	NA
p002	146	Pulse	199	2670000	10624	NA
p002	146	Pulse	199	2680000	20624	NA
p002	147	Picture	feedback	2681168	0	1	20115	1	0	next	other	0
p002	147	Pulse	199	2690000	8832	NA
p002	147	Pulse	199	2700000	18832	NA
p002	148	Picture	fix	2701283	0	1	21457	1	0	next	other	0
p002	148	Pulse	199	2710000	8717	NA
p002	148	Pulse	199	2720000	18717	NA
p002	150	Picture	stim	2722740	0	1	25144	1	0	25000	incorrect	423
p002	150	Pulse	199	2730000	7260	NA
p002	150	Response	32	2739550	16810	0
p002	150	Pulse	199	2740000	17260	NA
p002	151	Picture	fix2	2748052	0	1	21624	1	0	next	other	0
p002	151	Pulse	199	2750000	1948	NA
p002	151	Pulse	199	2760000	11948	NA
p002	152	Picture	feedback	2769676	0	1	20115	1	0	next	other	0
p002	152	Pulse	199	2770000	324	NA
p002	152	Pulse	199	2780000	10324	NA
p002	153	Picture	fix	2789792	0	1	19948	1	0	next	other	0
p002	153	Pulse	199	2790000	208	NA
p002	153	Pulse	199	2800000	10208	NA
p002	155	Picture	stim	2809739	0	1	25144	1	0	25000	incorrect	437
p002	155	Pulse	199	2810000	261	NA
p002	155	Pulse	199	2820000	10261	NA
p002	155	Response	32	2824529	14790	0
p002	155	Pulse	199	2830000	20261	NA
p002	156	Picture	fix2	2835051	0	1	13913	1	0	next	other	0
p002	156	Pulse	199	2840000	4949	NA
p002	157	Picture	feedback	2848965	0	1	20116	1	0	next	other	0
p002	157	Pulse	199	2850000	1035	NA
p002	157	Pulse	199	2860000	11035	NA
p002	158	Picture	fix	2869080	0	1	26821	1	0	next	other	0
p002	158	Pulse	199	2870000	920	NA
p002	158	Pulse	199	2880000	10920	NA
p002	158	Pulse	199	2890000	20920	NA
p002	160	Picture	stim	2895901	0	1	25144	1	0	25000	incorrect	451
p002	160	Pulse	199	2900000	4099	NA
p002	160	Pulse	199	2910000	14099	NA
p002	160	Response	32	2912005	16104	0
p002	160	Pulse	199	2920000	24099	NA
p002	161	Picture	fix2	2921045	0	1	17936	1	0	next	other	0
p002	161	Pulse	199	2930000	8955	NA
p002	162	Picture	feedback	2938981	0	1	20116	1	0	next	other	0
p002	162	Pulse	199	2940000	1019	NA
p002	162	Pulse	199	2950000	11019	NA
p002	163	Picture	fix	2959097	0	1	26821	1	0	next	other	0
p002	163	Pulse	199	2960000	903	NA
p002	163	Pulse	199	2970000	10903	NA
p002	163	Pulse	199	2980000	20903	NA
p002	165	Picture	stim	2985918	0	1	25144	1	0	25000	incorrect	464
p002	165	Pulse	199	2990000	4082	NA
p002	165	Response	32	2999181	13263	0
p002	165	Pulse	199	3000000	14082	NA
p002	165	Pulse	199	3010000	24082	NA
p002	166	Picture	fix2	3011062	0	1	14584	1	0	next	other	0
p002	166	Pulse	199	3020000	8938	NA
p002	167	Picture	feedback	3025646	0	1	20116	1	0	next	other	0
p002	167	Pulse	199	3030000	4354	NA
p002	167	Pulse	199	3040000	14354	NA
p002	168	Picture	fix	3045761	0	1	29000	1	0	next	other	0
p002	168	Pulse	199	3050000	4239	NA
p002	168	Pulse	199	3060000	14239	NA
p002	168	Pulse	199	3070000	24239	NA
p002	170	Picture	stim	3074761	0	1	25144	1	0	25000	hit	478
p002	170	Pulse	199	3080000	5239	NA
p002	170	Response	16	3088452	13691	0
p002	170	Pulse	199	3090000	15239	NA
p002	171	Picture	fix2	3099905	0	1	16595	1	0	next	other	0
p002	171	Pulse	199	3100000	95	NA
p002	171	Pulse	199	3110000	10095	NA
p002	172	Picture	feedback	3116501	0	1	20115	1	0	next	other	0
p002	172	Pulse	199	3120000	3499	NA
p002	172	Pulse	199	3130000	13499	NA
p002	173	Picture	fix	3136616	0	1	22295	1	0	next	other	0
p002	173	Pulse	199	3140000	3384	NA
p002	173	Pulse	199	3150000	13384	NA
p002	175	Picture	stim	3158911	0	1	25144	1	0	25000	incorrect	492
p002	175	Pulse	199	3160000	1089	NA
p002	175	Pulse	199	3170000	11089	NA
p002	175	Response	32	3170639	11729	0
p002	175	Pulse	199	3180000	21089	NA
p002	176	Picture	fix2	3184223	0	1	16428	1	0	next	other	0
p002	176	Pulse	199	3190000	5777	NA
p002	176	Pulse	199	3200000	15777	NA
p002	177	Picture	feedback	3200650	0	1	20115	1	0	next	other	0
p002	177	Pulse	199	3210000	9350	NA
p002	177	Pulse	199	3220000	19350	NA
p002	178	Picture	fix	3220766	0	1	24642	1	0	next	other	0
p002	178	Pulse	199	3230000	9234	NA
p002	178	Pulse	199	3240000	19234	NA
p002	180	Picture	stim	3245407	0	1	25144	1	0	25000	hit	505
p002	180	Pulse	199	3250000	4593	NA
p002	180	Response	16	3255520	10112	0
p002	180	Pulse	199	3260000	14593	NA
p002	180	Pulse	199	3270000	24593	NA
p002	181	Picture	fix2	3270552	0	1	21457	1	0	next	other	0
p002	181	Pulse	199	3280000	9448	NA
p002	181	Pulse	199	3290000	19448	NA
p002	182	Picture	feedback	3292008	0	1	20115	1	0	next	other	0
p002	182	Pulse	199	3300000	7992	NA
p002	182	Pulse	199	3310000	17992	NA
p002	183	Picture	fix	3312124	0	1	16260	1	0	next	other	0
p002	183	Pulse	199	3320000	7876	NA
p002	185	Picture	stim	3328384	0	1	25144	1	0	25000	incorrect	518
p002	185	Pulse	199	3330000	1616	NA
p002	185	Response	32	3338411	10027	0
p002	185	Pulse	199	3340000	11616	NA
p002	185	Pulse	199	3350000	21616	NA
p002	186	Picture	fix2	3353528	0	1	22630	1	0	next	other	0
p002	186	Pulse	199	3360000	6472	NA
p002	186	Pulse	199	3370000	16472	NA
p002	187	Picture	feedback	3376158	0	1	20115	1	0	next	other	0
p002	187	Pulse	199	3380000	3842	NA
p002	187	Pulse	199	3390000	13842	NA
p002	188	Picture	fix	3396273	0	1	26485	1	0	next	other	0
p002	188	Pulse	199	3400000	3727	NA
p002	188	Pulse	199	3410000	13727	NA
p002	188	Pulse	199	3420000	23727	NA
p002	190	Picture	stim	3422759	0	1	25144	1	0	25000	incorrect	533
p002	190	Pulse	199	3430000	7241	NA
p002	190	Response	32	3437476	14717	0
p002	190	Pulse	199	3440000	17241	NA
p002	191	Picture	fix2	3447903	0	1	17266	1	0	next	other	0
p002	191	Pulse	199	3450000	2097	NA
p002	191	Pulse	199	3460000	12097	NA
p002	192	Picture	feedback	3465169	0	1	20115	1	0	next	other	0
p002	192	Pulse	199	3470000	4831	NA
p002	192	Pulse	199	3480000	14831	NA
p002	193	Picture	fix	3485284	0	1	26485	1	0	next	other	0
p002	193	Pulse	199	3490000	4716	NA
p002	193	Pulse	199	3500000	14716	NA
p002	193	Pulse	199	3510000	24716	NA
p002	195	Picture	stim	3511770	0	1	25144	1	0	25000	hit	547
p002	195	Pulse	199	3520000	8230	NA
p002	195	Response	16	3526951	15181	0
p002	195	Pulse	199	3530000	18230	NA
p002	196	Picture	fix2	3536914	0	1	23468	1	0	next	other	0
p002	196	Pulse	199	3540000	3086	NA
p002	196	Pulse	199	3550000	13086	NA
p002	196	Pulse	199	3560000	23086	NA
p002	197	Picture	feedback	3560382	0	1	20115	1	0	next	other	0
p002	197	Pulse	199	3570000	9618	NA
p002	197	Pulse	199	3580000	19618	NA
p002	198	Picture	fix	3580498	0	1	22798	1	0	next	other	0
p002	198	Pulse	199	3590000	9502	NA
p002	198	Pulse	199	3600000	19502	NA
p002	200	Picture	stim	3603295	0	1	25144	1	0	25000	hit	561
p002	200	Pulse	199	3610000	6705	NA
p002	200	Response	16	3616025	12730	0
p002	200	Pulse	199	3620000	16705	NA
p002	201	Picture	fix2	3628440	0	1	26318	1	0	next	other	0
p002	201	Pulse	199	3630000	1560	NA
p002	201	Pulse	199	3640000	11560	NA
p002	201	Pulse	199	3650000	21560	NA
p002	202	Picture	feedback	3654757	0	1	20115	1	0	next	other	0
p002	202	Pulse	199	3660000	5243	NA
p002	202	Pulse	199	3670000	15243	NA
p002	203	Picture	fix	3674873	0	1	33191	1	0	next	other	0
p002	203	Pulse	199	3680000	5127	NA
p002	203	Pulse	199	3690000	15127	NA
p002	203	Pulse	199	3700000	25127	NA
p002	205	Picture	stim	3708063	0	1	25144	1	0	25000	incorrect	577
p002	205	Pulse	199	3710000	1937	NA
p002	205	Pulse	199	3720000	11937	NA
p002	205	Response	32	3720278	12214	0
p002	205	Pulse	199	3730000	21937	NA
p002	206	Picture	fix2	3733208	0	1	10728	1	0	next	other	0
p002	206	Pulse	199	3740000	6792	NA
p002	207	Picture	feedback	3743936	0	1	20116	1	0	next	other	0
p002	207	Pulse	199	3750000	6064	NA
p002	207	Pulse	199	3760000	16064	NA
p002	208	Picture	fix	3764051	0	1	29167	1	0	next	other	0
p002	208	Pulse	199	3770000	5949	NA
p002	208	Pulse	199	3780000	15949	NA
p002	208	Pulse	199	3790000	25949	NA
p002	210	Picture	stim	3793219	0	1	25144	1	0	25000	incorrect	591
p002	210	Pulse	199	3800000	6781	NA
p002	210	Pulse	199	3810000	16781	NA
p002	210	Response	32	3811954	18735	0
p002	211	Picture	fix2	3818363	0	1	18104	1	0	next	other	0
p002	211	Pulse	199	3820000	1637	NA
p002	211	Pulse	199	3830000	11637	NA
p002	212	Picture	feedback	3836467	0	1	20115	1	0	next	other	0
p002	212	Pulse	199	3840000	3533	NA
p002	212	Pulse	199	3850000	13533	NA
p002	213	Picture	fix	3856583	0	1	30844	1	0	next	other	0
p002	213	Pulse	199	3860000	3417	NA
p002	213	Pulse	199	3870000	13417	NA
p002	213	Pulse	199	3880000	23417	NA
p002	215	Picture	stim	3887426	0	1	25144	1	0	25000	hit	604
p002	215	Pulse	199	3890000	2574	NA
p002	215	Response	16	3898645	11218	0
p002	215	Pulse	199	3900000	12574	NA
p002	215	Pulse	199	3910000	22574	NA
p002	216	Picture	fix2	3912571	0	1	15925	1	0	next	other	0
p002	216	Pulse	199	3920000	7429	NA
p002	217	Picture	feedback	3928495	0	1	20115	1	0	next	other	0
p002	217	Pulse	199	3930000	1505	NA
p002	217	Pulse	199	3940000	11505	NA
p002	218	Picture	fix	3948611	0	1	22295	1	0	next	other	0
p002	218	Pulse	199	3950000	1389	NA
p002	218	Pulse	199	3960000	11389	NA
p002	218	Pulse	199	3970000	21389	NA
p002	220	Picture	stim	3970906	0	1	25144	1	0	25000	hit	618
p002	220	Pulse	199	3980000	9094	NA
p002	220	Response	16	3985135	14229	0
p002	220	Pulse	199	3990000	19094	NA
p002	221	Picture	fix2	3996050	0	1	16595	1	0	next	other	0
p002	221	Pulse	199	4000000	3950	NA
p002	221	Pulse	199	4010000	13950	NA
p002	222	Picture	feedback	4012645	0	1	20116	1	0	next	other	0
p002	222	Pulse	199	4020000	7355	NA
p002	222	Pulse	199	4030000	17355	NA
p002	223	Picture	fix	4032761	0	1	34029	1	0	next	other	0
p002	223	Pulse	199	4040000	7239	NA
p002	223	Pulse	199	4050000	17239	NA
p002	223	Pulse	199	4060000	27239	NA
p002	225	Picture	stim	4066790	0	1	25144	1	0	25000	incorrect	632
p002	225	Pulse	199	4070000	3211	NA
p002	225	Response	32	4078912	12123	0
p002	225	Pulse	199	4080000	13211	NA
p002	225	Pulse	199	4090000	23211	NA
p002	226	Picture	fix2	4091934	0	1	22295	1	0	next	other	0
p002	226	Pulse	199	4100000	8066	NA
p002	226	Pulse	199	4110000	18066	NA
p002	227	Picture	feedback	4114229	0	1	20115	1	0	next	other	0
p002	227	Pulse	199	4120000	5771	NA
p002	227	Pulse	199	4130000	15771	NA
p002	228	Picture	fix	4134344	0	1	28497	1	0	next	other	0
p002	228	Pulse	199	4140000	5656	NA
p002	228	Pulse	199	4150000	15656	NA
p002	228	Pulse	199	4160000	25656	NA
p002	230	Picture	stim	4162841	0	1	25144	1	0	25000	incorrect	647
p002	230	Pulse	199	4170000	7159	NA
p002	230	Response	32	4174089	11248	0
p002	230	Pulse	199	4180000	17159	NA
p002	231	Picture	fix2	4187985	0	1	13075	1	0	next	other	0
p002	231	Pulse	199	4190000	2015	NA
p002	231	Pulse	199	4200000	12015	NA
p002	232	Picture	feedback	4201060	0	1	20114	2	0	next	other	0
p002	232	Pulse	199	4210000	8940	NA
p002	232	Pulse	199	4220000	18940	NA
p002	233	Picture	fix	4221174	0	2	28498	2	0	next	other	0
p002	233	Pulse	199	4230000	8826	NA
p002	233	Pulse	199	4240000	18826	NA
p002	235	Picture	stim	4249673	0	1	25144	1	0	25000	incorrect	661
p002	235	Pulse	199	4250000	327	NA
p002	235	Pulse	199	4260000	10327	NA
p002	235	Response	32	4263578	13906	0
p002	235	Pulse	199	4270000	20327	NA
p002	236	Picture	fix2	4274817	0	1	21457	1	0	next	other	0
p002	236	Pulse	199	4280000	5183	NA
p002	236	Pulse	199	4290000	15183	NA
p002	237	Picture	feedback	4296274	0	1	20115	1	0	next	other	0
p002	237	Pulse	199	4300000	3726	NA
p002	237	Pulse	199	4310000	13726	NA
p002	238	Picture	fix	4316389	0	1	23636	1	0	next	other	0
p002	238	Pulse	199	4320000	3611	NA
p002	238	Pulse	199	4330000	13611	NA
p002	239	Pulse	199	4340000	110	NA
p002	240	Picture	stim	4340025	0	1	25144	1	0	25000	incorrect	674
p002	240	Response	32	4349274	9250	0
p002	240	Pulse	199	4350000	9975	NA
p002	240	Pulse	199	4360000	19975	NA
p002	241	Picture	fix2	4365169	0	1	14751	1	0	next	other	0
p002	241	Pulse	199	4370000	4831	NA
p002	242	Picture	feedback	4379920	0	1	20116	1	0	next	other	0
p002	242	Pulse	199	4380000	80	NA
p002	242	Pulse	199	4390000	10080	NA
p002	242	Pulse	199	4400000	20080	NA
p002	243	Picture	fix	4400036	0	1	26821	1	0	next	other	0
p002	243	Pulse	199	4410000	9964	NA
p002	243	Pulse	199	4420000	19964	NA
p002	245	Picture	stim	4426857	0	1	25144	1	0	25000	incorrect	688
p002	245	Pulse	199	4430000	3143	NA
p002	245	Response	32	4439862	13005	0
p002	245	Pulse	199	4440000	13143	NA
p002	245	Pulse	199	4450000	23143	NA
p002	246	Picture	fix2	4452169	0	1	13243	1	0	next	other	0
p002	246	Pulse	199	4460000	7831	NA
p002	247	Picture	feedback	4465411	0	1	20116	1	0	next	other	0
p002	247	Pulse	199	4470000	4589	NA
p002	247	Pulse	199	4480000	14589	NA
p002	248	Picture	fix	4485527	0	1	17769	1	0	next	other	0
p002	248	Pulse	199	4490000	4473	NA
p002	248	Pulse	199	4500000	14473	NA
p002	250	Picture	stim	4503295	0	1	25144	1	0	25000	hit	701
p002	250	Pulse	199	4510000	6705	NA
p002	250	Response	16	4515769	12473	0
p002	250	Pulse	199	4520000	16705	NA
p002	251	Picture	fix2	4528440	0	1	25815	1	0	next	other	0
p002	251	Pulse	199	4530000	1560	NA
p002	251	Pulse	199	4540000	11560	NA
p002	251	Pulse	199	4550000	21560	NA
p002	252	Picture	feedback	4554255	0	1	20115	1	0	next	other	0
p002	252	Pulse	199	4560000	5745	NA
p002	252	Pulse	199	4570000	15745	NA
p002	253	Picture	fix	4574370	0	1	24809	1	0	next	other	0
p002	253	Pulse	199	4580000	5630	NA
p002	253	Pulse	199	4590000	15630	NA
p002	255	Picture	stim	4599179	0	1	25144	1	0	25000	incorrect	715
p002	255	Pulse	199	4600000	821	NA
p002	255	Response	32	4609751	10572	0
p002	255	Pulse	199	4610000	10821	NA
p002	255	Pulse	199	4620000	20821	NA
p002	256	Picture	fix2	4624324	0	1	29167	1	0	next	other	0
p002	256	Pulse	199	4630000	5676	NA
p002	256	Pulse	199	4640000	15676	NA
p002	256	Pulse	199	4650000	25676	NA
p002	257	Picture	feedback	4653491	0	1	20116	1	0	next	other	0
p002	257	Pulse	199	4660000	6509	NA
p002	257	Pulse	199	4670000	16509	NA
p002	258	Picture	fix	4673606	0	1	23803	1	0	next	other	0
p002	258	Pulse	199	4680000	6394	NA
p002	258	Pulse	199	4690000	16394	NA
p002	260	Picture	stim	4697410	0	1	25144	1	0	25000	hit	731
p002	260	Pulse	199	4700000	2590	NA
p002	260	Pulse	199	4710000	12590	NA
p002	260	Response	16	4718017	20607	0
p002	260	Pulse	199	4720000	22590	NA
p002	261	Picture	fix2	4722554	0	1	24139	1	0	next	other	0
p002	261	Pulse	199	4730000	7446	NA
p002	261	Pulse	199	4740000	17446	NA
p002	262	Picture	feedback	4746693	0	1	20116	1	0	next	other	0
p002	262	Pulse	199	4750000	3307	NA
p002	262	Pulse	199	4760000	13307	NA
p002	263	Picture	fix	4766808	0	1	27323	1	0	next	other	0
p002	263	Pulse	199	4770000	3192	NA
p002	263	Pulse	199	4780000	13192	NA
p002	263	Pulse	199	4790000	23192	NA
p002	265	Picture	stim	4794132	0	1	25144	1	0	25000	hit	745
p002	265	Pulse	199	4800000	5868	NA
p002	265	Response	16	4806007	11875	0
p002	265	Pulse	199	4810000	15868	NA
p002	266	Picture	fix2	4819276	0	1	16092	1	0	next	other	0
p002	266	Pulse	199	4820000	724	NA
p002	266	Pulse	199	4830000	10724	NA
p002	267	Picture	feedback	4835369	0	1	20116	1	0	next	other	0
p002	267	Pulse	199	4840000	4631	NA
p002	267	Pulse	199	4850000	14631	NA
p002	268	Picture	100	4855484	0	1	80127	1	0	80000	other	0
p002	268	Pulse	199	4860000	4516	NA
p002	268	Pulse	199	4870000	14516	NA
p002	268	Pulse	199	4880000	24516	NA
p002	268	Pulse	199	4890000	34516	NA
p002	268	Pulse	199	4900000	44516	NA
p002	268	Pulse	199	4910000	54516	NA
p002	268	Pulse	199	4920000	64516	NA
p002	268	Pulse	199	4930000	74516	NA
