Scenario - FeedLearn_B.sce
Logfile written - 09/28/2020 13:31:46

Subject	Trial	Event Type	Code	Time	TTime	Uncertainty	Duration	Uncertainty	ReqTime	ReqDur	Stim Type	Pair Index

Fionn	0	Pulse	199	0	0	NA
Fionn	0	Pulse	199	10000	10000	NA
Fionn	1	Pulse	199	20000	9833	NA
Fionn	1	Pulse	199	30000	19833	NA
Fionn	1	Pulse	199	40000	29833	NA
Fionn	1	Pulse	199	50000	39833	NA
Fionn	1	Pulse	199	60000	49833	NA
Fionn	1	Pulse	199	70000	59833	NA
Fionn	1	Pulse	199	80000	69833	NA
Fionn	1	Pulse	199	90000	79833	NA
Fionn	1	Pulse	199	100000	89833	NA
Fionn	1	Pulse	199	110000	99833	NA
Fionn	1	Pulse	199	120000	109833	NA
Fionn	1	Pulse	199	130000	119833	NA
Fionn	1	Pulse	199	140000	129833	NA
Fionn	1	Pulse	199	150000	139833	NA
Fionn	1	Pulse	199	160000	149833	NA
Fionn	1	Pulse	199	170000	159833	NA
Fionn	1	Pulse	199	180000	169833	NA
Fionn	1	Response	32	185720	175554	1
Fionn	2	Picture	fix	185842	0	1	21855	1	0	next	other	0
Fionn	2	Pulse	199	190000	4158	NA
Fionn	2	Pulse	199	200000	14158	NA
Fionn	4	Picture	stim	207697	0	1	15015	1	0	next	hit	27
Fionn	4	Pulse	199	210000	2303	NA
Fionn	4	Pulse	199	220000	12303	NA
Fionn	4	Response	16	222521	14823	1
Fionn	5	Picture	feedback	222712	0	1	20187	1	0	next	other	0
Fionn	5	Pulse	199	230000	7288	NA
Fionn	5	Pulse	199	240000	17288	NA
Fionn	6	Picture	fix	242899	0	1	32199	1	0	next	other	0
Fionn	6	Pulse	199	250000	7101	NA
Fionn	6	Pulse	199	260000	17101	NA
Fionn	6	Pulse	199	270000	27101	NA
Fionn	8	Picture	stim	275098	0	1	11511	1	0	next	incorrect	37
Fionn	8	Pulse	199	280000	4902	NA
Fionn	8	Response	32	286440	11342	1
Fionn	9	Picture	feedback	286609	0	1	20187	1	0	next	other	0
Fionn	9	Pulse	199	290000	3391	NA
Fionn	9	Pulse	199	300000	13391	NA
Fionn	10	Picture	fix	306796	0	1	24691	1	0	next	other	0
Fionn	10	Pulse	199	310000	3204	NA
Fionn	10	Pulse	199	320000	13204	NA
Fionn	10	Pulse	199	330000	23204	NA
Fionn	12	Picture	stim	331488	0	1	12679	1	0	next	hit	47
Fionn	12	Pulse	199	340000	8512	NA
Fionn	12	Response	16	343961	12473	1
Fionn	13	Picture	feedback	344167	0	1	20187	1	0	next	other	0
Fionn	13	Pulse	199	350000	5833	NA
Fionn	13	Pulse	199	360000	15833	NA
Fionn	14	Picture	fix	364354	0	1	21521	1	0	next	other	0
Fionn	14	Pulse	199	370000	5646	NA
Fionn	14	Pulse	199	380000	15646	NA
Fionn	16	Picture	stim	385875	0	1	16517	1	0	next	incorrect	57
Fionn	16	Pulse	199	390000	4125	NA
Fionn	16	Pulse	199	400000	14125	NA
Fionn	16	Response	32	402200	16325	1
Fionn	17	Picture	feedback	402392	0	1	20187	1	0	next	other	0
Fionn	17	Pulse	199	410000	7608	NA
Fionn	17	Pulse	199	420000	17608	NA
Fionn	18	Picture	fix	422579	0	1	22022	1	0	next	other	0
Fionn	18	Pulse	199	430000	7421	NA
Fionn	18	Pulse	199	440000	17421	NA
Fionn	20	Picture	stim	444601	0	1	17851	1	0	next	hit	67
Fionn	20	Pulse	199	450000	5399	NA
Fionn	20	Pulse	199	460000	15399	NA
Fionn	20	Response	16	462281	17681	1
Fionn	21	Picture	feedback	462452	0	1	20187	1	0	next	other	0
Fionn	21	Pulse	199	470000	7548	NA
Fionn	21	Pulse	199	480000	17548	NA
Fionn	22	Picture	fix	482639	0	1	23690	1	0	next	other	0
Fionn	22	Pulse	199	490000	7361	NA
Fionn	22	Pulse	199	500000	17361	NA
Fionn	24	Picture	stim	506329	0	1	13347	1	0	next	incorrect	76
Fionn	24	Pulse	199	510000	3671	NA
Fionn	24	Response	32	519482	13153	1
Fionn	25	Picture	feedback	519676	0	1	20187	1	0	next	other	0
Fionn	25	Pulse	199	520000	324	NA
Fionn	25	Pulse	199	530000	10324	NA
Fionn	26	Pulse	199	540000	138	NA
Fionn	26	Pulse	199	550000	10138	NA
Fionn	26	Pulse	199	560000	20138	NA
Fionn	26	Pulse	199	570000	30138	NA
Fionn	26	Pulse	199	580000	40138	NA
Fionn	26	Pulse	199	590000	50138	NA
Fionn	26	Pulse	199	600000	60138	NA
Fionn	26	Pulse	199	610000	70138	NA
Fionn	26	Pulse	199	620000	80138	NA
Fionn	26	Response	32	627080	87217	1
Fionn	27	Pulse	199	630000	2910	NA
Fionn	27	Pulse	199	640000	12910	NA
Fionn	27	Pulse	199	650000	22910	NA
Fionn	27	Pulse	199	660000	32910	NA
Fionn	27	Pulse	199	670000	42910	NA
Fionn	28	Picture	fix	677500	0	1	28528	1	0	next	other	0
Fionn	28	Pulse	199	680000	2500	NA
Fionn	28	Pulse	199	690000	12500	NA
Fionn	28	Pulse	199	700000	22500	NA
Fionn	30	Picture	stim	706028	0	1	25192	1	0	25000	miss	0
Fionn	30	Pulse	199	710000	3972	NA
Fionn	30	Pulse	199	720000	13972	NA
Fionn	30	Pulse	199	730000	23972	NA
Fionn	31	Picture	fix2	731387	0	1	16683	1	0	next	other	0
Fionn	31	Response	16	732040	653	1
Fionn	31	Pulse	199	740000	8613	NA
Fionn	32	Picture	feedback	748070	0	1	20187	1	0	next	other	0
Fionn	32	Pulse	199	750000	1930	NA
Fionn	32	Pulse	199	760000	11930	NA
Fionn	33	Picture	fix	768257	0	1	30864	1	0	next	other	0
Fionn	33	Pulse	199	770000	1743	NA
Fionn	33	Pulse	199	780000	11743	NA
Fionn	33	Pulse	199	790000	21743	NA
Fionn	35	Picture	stim	799121	0	1	25192	1	0	25000	incorrect	116
Fionn	35	Pulse	199	800000	879	NA
Fionn	35	Pulse	199	810000	10879	NA
Fionn	35	Response	32	818121	19000	1
Fionn	35	Pulse	199	820000	20879	NA
Fionn	36	Picture	fix2	824313	0	1	14848	1	0	next	other	0
Fionn	36	Pulse	199	830000	5687	NA
Fionn	37	Picture	feedback	839161	0	1	20187	1	0	next	other	0
Fionn	37	Pulse	199	840000	839	NA
Fionn	37	Pulse	199	850000	10839	NA
Fionn	38	Picture	fix	859348	0	1	22856	1	0	next	other	0
Fionn	38	Pulse	199	860000	652	NA
Fionn	38	Pulse	199	870000	10652	NA
Fionn	38	Pulse	199	880000	20652	NA
Fionn	40	Picture	stim	882204	0	1	25192	1	0	25000	hit	130
Fionn	40	Pulse	199	890000	7796	NA
Fionn	40	Pulse	199	900000	17796	NA
Fionn	40	Response	16	901161	18957	1
Fionn	41	Picture	fix2	907396	0	1	16350	1	0	next	other	0
Fionn	41	Pulse	199	910000	2604	NA
Fionn	41	Pulse	199	920000	12604	NA
Fionn	42	Picture	feedback	923746	0	1	20187	1	0	next	other	0
Fionn	42	Pulse	199	930000	6254	NA
Fionn	42	Pulse	199	940000	16254	NA
Fionn	43	Picture	fix	943933	0	1	26026	1	0	next	other	0
Fionn	43	Pulse	199	950000	6067	NA
Fionn	43	Pulse	199	960000	16067	NA
Fionn	45	Picture	stim	969959	0	1	25192	1	0	25000	incorrect	143
Fionn	45	Pulse	199	970000	41	NA
Fionn	45	Pulse	199	980000	10041	NA
Fionn	45	Response	32	983081	13122	1
Fionn	45	Pulse	199	990000	20041	NA
Fionn	46	Picture	fix2	995151	0	1	29363	1	0	next	other	0
Fionn	46	Pulse	199	1000000	4849	NA
Fionn	46	Pulse	199	1010000	14849	NA
Fionn	46	Pulse	199	1020000	24849	NA
Fionn	47	Picture	feedback	1024513	0	1	20187	1	0	next	other	0
Fionn	47	Pulse	199	1030000	5487	NA
Fionn	47	Pulse	199	1040000	15487	NA
Fionn	48	Picture	fix	1044700	0	1	27361	1	0	next	other	0
Fionn	48	Pulse	199	1050000	5300	NA
Fionn	48	Pulse	199	1060000	15300	NA
Fionn	48	Pulse	199	1070000	25300	NA
Fionn	50	Picture	stim	1072061	0	1	25192	1	0	25000	hit	158
Fionn	50	Pulse	199	1080000	7939	NA
Fionn	50	Response	16	1084601	12541	1
Fionn	50	Pulse	199	1090000	17939	NA
Fionn	51	Picture	fix2	1097419	0	1	11178	1	0	next	other	0
Fionn	51	Pulse	199	1100000	2581	NA
Fionn	52	Picture	feedback	1108597	0	1	20187	1	0	next	other	0
Fionn	52	Pulse	199	1110000	1403	NA
Fionn	52	Pulse	199	1120000	11403	NA
Fionn	53	Picture	fix	1128784	0	1	17517	1	0	next	other	0
Fionn	53	Pulse	199	1130000	1216	NA
Fionn	53	Pulse	199	1140000	11216	NA
Fionn	55	Picture	stim	1146302	0	1	25192	1	0	25000	hit	170
Fionn	55	Pulse	199	1150000	3698	NA
Fionn	55	Response	16	1158201	11900	1
Fionn	55	Pulse	199	1160000	13698	NA
Fionn	55	Pulse	199	1170000	23698	NA
Fionn	56	Picture	fix2	1171493	0	1	21355	1	0	next	other	0
Fionn	56	Pulse	199	1180000	8507	NA
Fionn	56	Pulse	199	1190000	18507	NA
Fionn	57	Picture	feedback	1192848	0	1	20187	1	0	next	other	0
Fionn	57	Pulse	199	1200000	7152	NA
Fionn	57	Pulse	199	1210000	17152	NA
Fionn	58	Picture	fix	1213035	0	1	24858	1	0	next	other	0
Fionn	58	Pulse	199	1220000	6965	NA
Fionn	58	Pulse	199	1230000	16965	NA
Fionn	60	Picture	stim	1237893	0	1	25192	1	0	25000	incorrect	185
Fionn	60	Pulse	199	1240000	2107	NA
Fionn	60	Pulse	199	1250000	12107	NA
Fionn	60	Response	32	1255161	17267	1
Fionn	60	Pulse	199	1260000	22107	NA
Fionn	61	Picture	fix2	1263085	0	1	20521	1	0	next	other	0
Fionn	61	Pulse	199	1270000	6915	NA
Fionn	61	Pulse	199	1280000	16915	NA
Fionn	62	Picture	feedback	1283605	0	1	20187	1	0	next	other	0
Fionn	62	Pulse	199	1290000	6395	NA
Fionn	62	Pulse	199	1300000	16395	NA
Fionn	63	Picture	fix	1303792	0	1	28028	1	0	next	other	0
Fionn	63	Pulse	199	1310000	6208	NA
Fionn	63	Pulse	199	1320000	16208	NA
Fionn	63	Pulse	199	1330000	26208	NA
Fionn	65	Picture	stim	1331820	0	1	25192	1	0	25000	hit	199
Fionn	65	Pulse	199	1340000	8180	NA
Fionn	65	Response	16	1343641	11821	1
Fionn	65	Pulse	199	1350000	18180	NA
Fionn	66	Picture	fix2	1357179	0	1	16516	1	0	next	other	0
Fionn	66	Pulse	199	1360000	2821	NA
Fionn	66	Pulse	199	1370000	12821	NA
Fionn	67	Picture	feedback	1373695	0	1	20187	1	0	next	other	0
Fionn	67	Pulse	199	1380000	6305	NA
Fionn	67	Pulse	199	1390000	16305	NA
Fionn	68	Picture	fix	1393882	0	1	22356	1	0	next	other	0
Fionn	68	Pulse	199	1400000	6118	NA
Fionn	68	Pulse	199	1410000	16118	NA
Fionn	70	Picture	stim	1416238	0	1	25192	1	0	25000	incorrect	212
Fionn	70	Pulse	199	1420000	3762	NA
Fionn	70	Response	32	1427960	11722	1
Fionn	70	Pulse	199	1430000	13762	NA
Fionn	70	Pulse	199	1440000	23762	NA
Fionn	71	Picture	fix2	1441430	0	1	16016	1	0	next	other	0
Fionn	71	Pulse	199	1450000	8570	NA
Fionn	72	Picture	feedback	1457446	0	1	20187	1	0	next	other	0
Fionn	72	Pulse	199	1460000	2554	NA
Fionn	72	Pulse	199	1470000	12554	NA
Fionn	73	Picture	fix	1477633	0	1	23690	1	0	next	other	0
Fionn	73	Pulse	199	1480000	2367	NA
Fionn	73	Pulse	199	1490000	12367	NA
Fionn	73	Pulse	199	1500000	22367	NA
Fionn	75	Picture	stim	1501323	0	1	25192	1	0	25000	hit	227
Fionn	75	Pulse	199	1510000	8677	NA
Fionn	75	Pulse	199	1520000	18677	NA
Fionn	75	Response	16	1521002	19679	1
Fionn	76	Picture	fix2	1526515	0	1	16850	1	0	next	other	0
Fionn	76	Pulse	199	1530000	3485	NA
Fionn	76	Pulse	199	1540000	13485	NA
Fionn	77	Picture	feedback	1543365	0	1	20187	1	0	next	other	0
Fionn	77	Pulse	199	1550000	6635	NA
Fionn	77	Pulse	199	1560000	16635	NA
Fionn	78	Picture	fix	1563552	0	1	16350	1	0	next	other	0
Fionn	78	Pulse	199	1570000	6448	NA
Fionn	80	Picture	stim	1579901	0	1	25192	1	0	25000	incorrect	239
Fionn	80	Pulse	199	1580000	99	NA
Fionn	80	Pulse	199	1590000	10099	NA
Fionn	80	Response	32	1595002	15100	1
Fionn	80	Pulse	199	1600000	20099	NA
Fionn	81	Picture	fix2	1605093	0	1	22022	1	0	next	other	0
Fionn	81	Pulse	199	1610000	4907	NA
Fionn	81	Pulse	199	1620000	14907	NA
Fionn	82	Picture	feedback	1627115	0	1	20187	1	0	next	other	0
Fionn	82	Pulse	199	1630000	2885	NA
Fionn	82	Pulse	199	1640000	12885	NA
Fionn	83	Picture	fix	1647302	0	1	26860	1	0	next	other	0
Fionn	83	Pulse	199	1650000	2698	NA
Fionn	83	Pulse	199	1660000	12698	NA
Fionn	83	Pulse	199	1670000	22698	NA
Fionn	85	Picture	stim	1674162	0	1	25192	1	0	25000	hit	253
Fionn	85	Pulse	199	1680000	5838	NA
Fionn	85	Response	16	1685640	11478	1
Fionn	85	Pulse	199	1690000	15838	NA
Fionn	86	Picture	fix2	1699354	0	1	16683	1	0	next	other	0
Fionn	86	Pulse	199	1700000	646	NA
Fionn	86	Pulse	199	1710000	10646	NA
Fionn	87	Picture	feedback	1716037	0	1	20187	1	0	next	other	0
Fionn	87	Pulse	199	1720000	3963	NA
Fionn	87	Pulse	199	1730000	13963	NA
Fionn	88	Picture	fix	1736224	0	1	22022	1	0	next	other	0
Fionn	88	Pulse	199	1740000	3776	NA
Fionn	88	Pulse	199	1750000	13776	NA
Fionn	90	Picture	stim	1758246	0	1	25192	1	0	25000	hit	267
Fionn	90	Pulse	199	1760000	1754	NA
Fionn	90	Pulse	199	1770000	11754	NA
Fionn	90	Response	16	1777568	19322	1
Fionn	90	Pulse	199	1780000	21754	NA
Fionn	91	Picture	fix2	1783438	0	1	17351	1	0	next	other	0
Fionn	91	Pulse	199	1790000	6562	NA
Fionn	91	Pulse	199	1800000	16562	NA
Fionn	92	Picture	feedback	1800789	0	1	20187	1	0	next	other	0
Fionn	92	Pulse	199	1810000	9211	NA
Fionn	92	Pulse	199	1820000	19211	NA
Fionn	93	Picture	fix	1820976	0	1	28528	1	0	next	other	0
Fionn	93	Pulse	199	1830000	9024	NA
Fionn	93	Pulse	199	1840000	19024	NA
Fionn	95	Picture	stim	1849504	0	1	25192	1	0	25000	incorrect	281
Fionn	95	Pulse	199	1850000	496	NA
Fionn	95	Pulse	199	1860000	10496	NA
Fionn	95	Response	32	1862681	13177	1
Fionn	95	Pulse	199	1870000	20496	NA
Fionn	96	Picture	fix2	1874696	0	1	22356	1	0	next	other	0
Fionn	96	Pulse	199	1880000	5304	NA
Fionn	96	Pulse	199	1890000	15304	NA
Fionn	97	Picture	feedback	1897052	0	1	20187	1	0	next	other	0
Fionn	97	Pulse	199	1900000	2948	NA
Fionn	97	Pulse	199	1910000	12948	NA
Fionn	98	Picture	fix	1917238	0	1	26860	1	0	next	other	0
Fionn	98	Pulse	199	1920000	2762	NA
Fionn	98	Pulse	199	1930000	12762	NA
Fionn	98	Pulse	199	1940000	22762	NA
Fionn	100	Picture	stim	1944099	0	1	25192	1	0	25000	hit	295
Fionn	100	Pulse	199	1950000	5901	NA
Fionn	100	Response	16	1954281	10182	1
Fionn	100	Pulse	199	1960000	15901	NA
Fionn	101	Picture	fix2	1969290	0	1	14681	1	0	next	other	0
Fionn	101	Pulse	199	1970000	710	NA
Fionn	101	Pulse	199	1980000	10710	NA
Fionn	102	Picture	feedback	1983972	0	1	20187	1	0	next	other	0
Fionn	102	Pulse	199	1990000	6028	NA
Fionn	102	Pulse	199	2000000	16028	NA
Fionn	103	Picture	fix	2004159	0	1	22356	1	0	next	other	0
Fionn	103	Pulse	199	2010000	5841	NA
Fionn	103	Pulse	199	2020000	15841	NA
Fionn	105	Picture	stim	2026514	0	1	25192	1	0	25000	incorrect	308
Fionn	105	Pulse	199	2030000	3486	NA
Fionn	105	Response	32	2033800	7286	1
Fionn	105	Pulse	199	2040000	13486	NA
Fionn	105	Pulse	199	2050000	23486	NA
Fionn	106	Picture	fix2	2051706	0	1	13347	1	0	next	other	0
Fionn	106	Pulse	199	2060000	8294	NA
Fionn	107	Picture	feedback	2065053	0	1	20187	1	0	next	other	0
Fionn	107	Pulse	199	2070000	4947	NA
Fionn	107	Pulse	199	2080000	14947	NA
Fionn	108	Picture	fix	2085240	0	1	22022	1	0	next	other	0
Fionn	108	Pulse	199	2090000	4760	NA
Fionn	108	Pulse	199	2100000	14760	NA
Fionn	110	Picture	stim	2107262	0	1	25192	1	0	25000	incorrect	321
Fionn	110	Pulse	199	2110000	2738	NA
Fionn	110	Response	32	2119962	12700	1
Fionn	110	Pulse	199	2120000	12738	NA
Fionn	110	Pulse	199	2130000	22738	NA
Fionn	111	Picture	fix2	2132620	0	1	17851	1	0	next	other	0
Fionn	111	Pulse	199	2140000	7380	NA
Fionn	111	Pulse	199	2150000	17380	NA
Fionn	112	Picture	feedback	2150471	0	1	20187	1	0	next	other	0
Fionn	112	Pulse	199	2160000	9529	NA
Fionn	112	Pulse	199	2170000	19529	NA
Fionn	113	Picture	fix	2170658	0	1	25192	1	0	next	other	0
Fionn	113	Pulse	199	2180000	9342	NA
Fionn	113	Pulse	199	2190000	19342	NA
Fionn	115	Picture	stim	2195850	0	1	25192	1	0	25000	hit	335
Fionn	115	Pulse	199	2200000	4150	NA
Fionn	115	Response	16	2209960	14110	1
Fionn	115	Pulse	199	2210000	14150	NA
Fionn	115	Pulse	199	2220000	24150	NA
Fionn	116	Picture	fix2	2221042	0	1	24358	1	0	next	other	0
Fionn	116	Pulse	199	2230000	8958	NA
Fionn	116	Pulse	199	2240000	18958	NA
Fionn	117	Picture	feedback	2245400	0	1	20187	1	0	next	other	0
Fionn	117	Pulse	199	2250000	4600	NA
Fionn	117	Pulse	199	2260000	14600	NA
Fionn	118	Picture	fix	2265586	0	1	20187	1	0	next	other	0
Fionn	118	Pulse	199	2270000	4414	NA
Fionn	118	Pulse	199	2280000	14414	NA
Fionn	120	Picture	stim	2285773	0	1	25192	1	0	25000	incorrect	349
Fionn	120	Pulse	199	2290000	4227	NA
Fionn	120	Response	32	2296841	11067	1
Fionn	120	Pulse	199	2300000	14227	NA
Fionn	120	Pulse	199	2310000	24227	NA
Fionn	121	Picture	fix2	2310965	0	1	13013	1	0	next	other	0
Fionn	121	Pulse	199	2320000	9035	NA
Fionn	122	Picture	feedback	2323978	0	1	20187	1	0	next	other	0
Fionn	122	Pulse	199	2330000	6022	NA
Fionn	122	Pulse	199	2340000	16022	NA
Fionn	123	Picture	fix	2344165	0	1	26860	1	0	next	other	0
Fionn	123	Pulse	199	2350000	5835	NA
Fionn	123	Pulse	199	2360000	15835	NA
Fionn	123	Pulse	199	2370000	25835	NA
Fionn	125	Picture	stim	2371025	0	1	25192	1	0	25000	hit	364
Fionn	125	Pulse	199	2380000	8975	NA
Fionn	125	Pulse	199	2390000	18975	NA
Fionn	125	Response	16	2390919	19894	1
Fionn	126	Picture	fix2	2396217	0	1	16183	1	0	next	other	0
Fionn	126	Pulse	199	2400000	3783	NA
Fionn	126	Pulse	199	2410000	13783	NA
Fionn	127	Picture	feedback	2412400	0	1	20187	1	0	next	other	0
Fionn	127	Pulse	199	2420000	7600	NA
Fionn	127	Pulse	199	2430000	17600	NA
Fionn	128	Picture	fix	2432587	0	1	20020	1	0	next	other	0
Fionn	128	Pulse	199	2440000	7413	NA
Fionn	128	Pulse	199	2450000	17413	NA
Fionn	130	Picture	stim	2452607	0	1	25192	1	0	25000	incorrect	376
Fionn	130	Pulse	199	2460000	7393	NA
Fionn	130	Response	32	2461322	8715	1
Fionn	130	Pulse	199	2470000	17393	NA
Fionn	131	Picture	fix2	2477798	0	1	21855	1	0	next	other	0
Fionn	131	Pulse	199	2480000	2202	NA
Fionn	131	Pulse	199	2490000	12202	NA
Fionn	132	Picture	feedback	2499654	0	1	20187	1	0	next	other	0
Fionn	132	Pulse	199	2500000	346	NA
Fionn	132	Pulse	199	2510000	10346	NA
Fionn	133	Picture	fix	2519840	0	1	30030	1	0	next	other	0
Fionn	133	Pulse	199	2520000	160	NA
Fionn	133	Pulse	199	2530000	10160	NA
Fionn	133	Pulse	199	2540000	20160	NA
Fionn	135	Picture	stim	2549870	0	1	25192	1	0	25000	hit	391
Fionn	135	Pulse	199	2550000	130	NA
Fionn	135	Pulse	199	2560000	10130	NA
Fionn	135	Response	16	2561802	11931	1
Fionn	135	Pulse	199	2570000	20130	NA
Fionn	136	Picture	fix2	2575062	0	1	11511	1	0	next	other	0
Fionn	136	Pulse	199	2580000	4938	NA
Fionn	137	Picture	feedback	2586574	0	1	20187	1	0	next	other	0
Fionn	137	Pulse	199	2590000	3426	NA
Fionn	137	Pulse	199	2600000	13426	NA
Fionn	138	Picture	fix	2606761	0	1	25526	1	0	next	other	0
Fionn	138	Pulse	199	2610000	3239	NA
Fionn	138	Pulse	199	2620000	13239	NA
Fionn	138	Pulse	199	2630000	23239	NA
Fionn	140	Picture	stim	2632286	0	1	25192	1	0	25000	hit	404
Fionn	140	Pulse	199	2640000	7714	NA
Fionn	140	Response	16	2646279	13993	1
Fionn	140	Pulse	199	2650000	17714	NA
Fionn	141	Picture	fix2	2657478	0	1	26360	1	0	next	other	0
Fionn	141	Pulse	199	2660000	2522	NA
Fionn	141	Pulse	199	2670000	12522	NA
Fionn	141	Pulse	199	2680000	22522	NA
Fionn	142	Picture	feedback	2683838	0	1	20187	1	0	next	other	0
Fionn	142	Pulse	199	2690000	6162	NA
Fionn	142	Pulse	199	2700000	16162	NA
Fionn	143	Picture	fix	2704025	0	1	35869	1	0	next	other	0
Fionn	143	Pulse	199	2710000	5976	NA
Fionn	143	Pulse	199	2720000	15976	NA
Fionn	143	Pulse	199	2730000	25976	NA
Fionn	145	Picture	stim	2739894	0	1	25192	1	0	25000	incorrect	420
Fionn	145	Pulse	199	2740000	106	NA
Fionn	145	Pulse	199	2750000	10106	NA
Fionn	145	Response	32	2756440	16547	1
Fionn	145	Pulse	199	2760000	20106	NA
Fionn	146	Picture	fix2	2765085	0	1	15182	1	0	next	other	0
Fionn	146	Pulse	199	2770000	4915	NA
Fionn	146	Pulse	199	2780000	14915	NA
Fionn	147	Picture	feedback	2780267	0	1	20187	1	0	next	other	0
Fionn	147	Pulse	199	2790000	9733	NA
Fionn	147	Pulse	199	2800000	19733	NA
Fionn	148	Picture	fix	2800454	0	1	17684	1	0	next	other	0
Fionn	148	Pulse	199	2810000	9546	NA
Fionn	150	Picture	stim	2818139	0	1	25192	1	0	25000	incorrect	433
Fionn	150	Pulse	199	2820000	1861	NA
Fionn	150	Pulse	199	2830000	11861	NA
Fionn	150	Response	32	2830280	12142	1
Fionn	150	Pulse	199	2840000	21861	NA
Fionn	151	Picture	fix2	2843330	0	1	25859	1	0	next	other	0
Fionn	151	Pulse	199	2850000	6670	NA
Fionn	151	Pulse	199	2860000	16670	NA
Fionn	152	Picture	feedback	2869190	0	1	20187	1	0	next	other	0
Fionn	152	Pulse	199	2870000	810	NA
Fionn	152	Pulse	199	2880000	10810	NA
Fionn	153	Picture	fix	2889376	0	1	33200	1	0	next	other	0
Fionn	153	Pulse	199	2890000	624	NA
Fionn	153	Pulse	199	2900000	10624	NA
Fionn	153	Pulse	199	2910000	20624	NA
Fionn	153	Pulse	199	2920000	30624	NA
Fionn	155	Picture	stim	2922576	0	1	25192	1	0	25000	hit	448
Fionn	155	Pulse	199	2930000	7424	NA
Fionn	155	Response	16	2933481	10905	1
Fionn	155	Pulse	199	2940000	17424	NA
Fionn	156	Picture	fix2	2947768	0	1	22523	1	0	next	other	0
Fionn	156	Pulse	199	2950000	2232	NA
Fionn	156	Pulse	199	2960000	12232	NA
Fionn	156	Pulse	199	2970000	22232	NA
Fionn	157	Picture	feedback	2970290	0	1	20187	1	0	next	other	0
Fionn	157	Pulse	199	2980000	9710	NA
Fionn	157	Pulse	199	2990000	19710	NA
Fionn	158	Picture	fix	2990477	0	1	28862	1	0	next	other	0
Fionn	158	Pulse	199	3000000	9523	NA
Fionn	158	Pulse	199	3010000	19523	NA
Fionn	160	Picture	stim	3019340	0	1	25192	1	0	25000	incorrect	463
Fionn	160	Pulse	199	3020000	660	NA
Fionn	160	Pulse	199	3030000	10660	NA
Fionn	160	Response	32	3031961	12622	1
Fionn	160	Pulse	199	3040000	20660	NA
Fionn	161	Picture	fix2	3044531	0	1	29029	1	0	next	other	0
Fionn	161	Pulse	199	3050000	5469	NA
Fionn	161	Pulse	199	3060000	15469	NA
Fionn	161	Pulse	199	3070000	25469	NA
Fionn	162	Picture	feedback	3073560	0	1	20187	1	0	next	other	0
Fionn	162	Pulse	199	3080000	6440	NA
Fionn	162	Pulse	199	3090000	16440	NA
Fionn	163	Picture	fix	3093747	0	1	37538	1	0	next	other	0
Fionn	163	Pulse	199	3100000	6253	NA
Fionn	163	Pulse	199	3110000	16253	NA
Fionn	163	Pulse	199	3120000	26253	NA
Fionn	163	Pulse	199	3130000	36253	NA
Fionn	165	Picture	stim	3131285	0	1	25192	1	0	25000	hit	479
Fionn	165	Pulse	199	3140000	8715	NA
Fionn	165	Response	16	3142840	11555	1
Fionn	165	Pulse	199	3150000	18715	NA
Fionn	166	Picture	fix2	3156643	0	1	18018	1	0	next	other	0
Fionn	166	Pulse	199	3160000	3357	NA
Fionn	166	Pulse	199	3170000	13357	NA
Fionn	167	Picture	feedback	3174661	0	1	20187	1	0	next	other	0
Fionn	167	Pulse	199	3180000	5339	NA
Fionn	167	Pulse	199	3190000	15339	NA
Fionn	168	Picture	fix	3194848	0	1	23524	1	0	next	other	0
Fionn	168	Pulse	199	3200000	5152	NA
Fionn	168	Pulse	199	3210000	15152	NA
Fionn	170	Picture	stim	3218372	0	1	25192	1	0	25000	incorrect	493
Fionn	170	Pulse	199	3220000	1628	NA
Fionn	170	Pulse	199	3230000	11628	NA
Fionn	170	Response	32	3231482	13110	1
Fionn	170	Pulse	199	3240000	21628	NA
Fionn	171	Picture	fix2	3243564	0	1	10844	1	0	next	other	0
Fionn	171	Pulse	199	3250000	6437	NA
Fionn	172	Picture	feedback	3254408	0	1	20187	1	0	next	other	0
Fionn	172	Pulse	199	3260000	5592	NA
Fionn	172	Pulse	199	3270000	15592	NA
Fionn	173	Picture	fix	3274595	0	1	29029	1	0	next	other	0
Fionn	173	Pulse	199	3280000	5406	NA
Fionn	173	Pulse	199	3290000	15406	NA
Fionn	173	Pulse	199	3300000	25406	NA
Fionn	175	Picture	stim	3303623	0	1	25192	1	0	25000	incorrect	506
Fionn	175	Pulse	199	3310000	6377	NA
Fionn	175	Response	32	3314761	11137	1
Fionn	175	Pulse	199	3320000	16377	NA
Fionn	176	Picture	fix2	3328815	0	1	23357	1	0	next	other	0
Fionn	176	Pulse	199	3330000	1185	NA
Fionn	176	Pulse	199	3340000	11185	NA
Fionn	176	Pulse	199	3350000	21185	NA
Fionn	177	Picture	feedback	3352172	0	1	20187	1	0	next	other	0
Fionn	177	Pulse	199	3360000	7828	NA
Fionn	177	Pulse	199	3370000	17828	NA
Fionn	178	Picture	fix	3372359	0	1	29696	1	0	next	other	0
Fionn	178	Pulse	199	3380000	7641	NA
Fionn	178	Pulse	199	3390000	17641	NA
Fionn	178	Pulse	199	3400000	27641	NA
Fionn	180	Picture	stim	3402055	0	1	25192	1	0	25000	incorrect	521
Fionn	180	Pulse	199	3410000	7945	NA
Fionn	180	Response	32	3412521	10466	1
Fionn	180	Pulse	199	3420000	17945	NA
Fionn	181	Picture	fix2	3427247	0	1	21688	1	0	next	other	0
Fionn	181	Pulse	199	3430000	2753	NA
Fionn	181	Pulse	199	3440000	12753	NA
Fionn	182	Picture	feedback	3448935	0	1	20187	1	0	next	other	0
Fionn	182	Pulse	199	3450000	1065	NA
Fionn	182	Pulse	199	3460000	11065	NA
Fionn	183	Picture	fix	3469122	0	1	29363	1	0	next	other	0
Fionn	183	Pulse	199	3470000	878	NA
Fionn	183	Pulse	199	3480000	10878	NA
Fionn	183	Pulse	199	3490000	20878	NA
Fionn	185	Picture	stim	3498485	0	1	25192	1	0	25000	hit	535
Fionn	185	Pulse	199	3500000	1515	NA
Fionn	185	Response	16	3508361	9876	1
Fionn	185	Pulse	199	3510000	11515	NA
Fionn	185	Pulse	199	3520000	21515	NA
Fionn	186	Picture	fix2	3523677	0	1	13847	1	0	next	other	0
Fionn	186	Pulse	199	3530000	6323	NA
Fionn	187	Picture	feedback	3537524	0	1	20187	1	0	next	other	0
Fionn	187	Pulse	199	3540000	2476	NA
Fionn	187	Pulse	199	3550000	12476	NA
Fionn	188	Picture	fix	3557711	0	1	18685	1	0	next	other	0
Fionn	188	Pulse	199	3560000	2289	NA
Fionn	188	Pulse	199	3570000	12289	NA
Fionn	190	Picture	stim	3576396	0	1	25192	1	0	25000	incorrect	549
Fionn	190	Pulse	199	3580000	3604	NA
Fionn	190	Pulse	199	3590000	13604	NA
Fionn	190	Response	32	3590361	13965	1
Fionn	190	Pulse	199	3600000	23604	NA
Fionn	191	Picture	fix2	3601588	0	1	14014	1	0	next	other	0
Fionn	191	Pulse	199	3610000	8412	NA
Fionn	192	Picture	feedback	3615602	0	1	20187	1	0	next	other	0
Fionn	192	Pulse	199	3620000	4398	NA
Fionn	192	Pulse	199	3630000	14398	NA
Fionn	193	Picture	fix	3635789	0	1	21522	1	0	next	other	0
Fionn	193	Pulse	199	3640000	4211	NA
Fionn	193	Pulse	199	3650000	14211	NA
Fionn	195	Picture	stim	3657310	0	1	25192	1	0	25000	hit	562
Fionn	195	Pulse	199	3660000	2690	NA
Fionn	195	Pulse	199	3670000	12690	NA
Fionn	195	Response	16	3671559	14249	1
Fionn	195	Pulse	199	3680000	22690	NA
Fionn	196	Picture	fix2	3682669	0	1	24191	1	0	next	other	0
Fionn	196	Pulse	199	3690000	7331	NA
Fionn	196	Pulse	199	3700000	17331	NA
Fionn	197	Picture	feedback	3706860	0	1	20187	1	0	next	other	0
Fionn	197	Pulse	199	3710000	3140	NA
Fionn	197	Pulse	199	3720000	13140	NA
Fionn	198	Picture	fix	3727047	0	1	19019	1	0	next	other	0
Fionn	198	Pulse	199	3730000	2953	NA
Fionn	198	Pulse	199	3740000	12953	NA
Fionn	200	Picture	stim	3746066	0	1	25192	1	0	25000	hit	575
Fionn	200	Pulse	199	3750000	3934	NA
Fionn	200	Response	16	3755961	9896	1
Fionn	200	Pulse	199	3760000	13934	NA
Fionn	200	Pulse	199	3770000	23934	NA
Fionn	201	Picture	fix2	3771257	0	1	18685	1	0	next	other	0
Fionn	201	Pulse	199	3780000	8743	NA
Fionn	202	Picture	feedback	3789943	0	1	20187	1	0	next	other	0
Fionn	202	Pulse	199	3790000	57	NA
Fionn	202	Pulse	199	3800000	10057	NA
Fionn	202	Pulse	199	3810000	20057	NA
Fionn	203	Picture	fix	3810130	0	1	23524	1	0	next	other	0
Fionn	203	Pulse	199	3820000	9871	NA
Fionn	203	Pulse	199	3830000	19871	NA
Fionn	205	Picture	stim	3833653	0	1	25192	1	0	25000	hit	589
Fionn	205	Pulse	199	3840000	6347	NA
Fionn	205	Response	16	3842841	9188	1
Fionn	205	Pulse	199	3850000	16347	NA
Fionn	206	Picture	fix2	3858845	0	1	15849	1	0	next	other	0
Fionn	206	Pulse	199	3860000	1155	NA
Fionn	206	Pulse	199	3870000	11155	NA
Fionn	207	Picture	feedback	3874694	0	1	20187	1	0	next	other	0
Fionn	207	Pulse	199	3880000	5306	NA
Fionn	207	Pulse	199	3890000	15306	NA
Fionn	208	Picture	fix	3894881	0	1	20521	1	0	next	other	0
Fionn	208	Pulse	199	3900000	5119	NA
Fionn	208	Pulse	199	3910000	15119	NA
Fionn	210	Picture	stim	3915401	0	1	25192	1	0	25000	incorrect	602
Fionn	210	Pulse	199	3920000	4599	NA
Fionn	210	Response	32	3928360	12959	1
Fionn	210	Pulse	199	3930000	14599	NA
Fionn	210	Pulse	199	3940000	24599	NA
Fionn	211	Picture	fix2	3940593	0	1	18018	1	0	next	other	0
Fionn	211	Pulse	199	3950000	9407	NA
Fionn	212	Picture	feedback	3958611	0	1	20187	1	0	next	other	0
Fionn	212	Pulse	199	3960000	1389	NA
Fionn	212	Pulse	199	3970000	11389	NA
Fionn	213	Picture	fix	3978798	0	1	24524	1	0	next	other	0
Fionn	213	Pulse	199	3980000	1202	NA
Fionn	213	Pulse	199	3990000	11202	NA
Fionn	213	Pulse	199	4000000	21202	NA
Fionn	215	Picture	stim	4003323	0	1	25192	1	0	25000	hit	616
Fionn	215	Pulse	199	4010000	6678	NA
Fionn	215	Response	16	4017401	14078	1
Fionn	215	Pulse	199	4020000	16678	NA
Fionn	216	Picture	fix2	4028681	0	1	9176	1	0	next	other	0
Fionn	216	Pulse	199	4030000	1319	NA
Fionn	217	Picture	feedback	4037857	0	1	20187	1	0	next	other	0
Fionn	217	Pulse	199	4040000	2143	NA
Fionn	217	Pulse	199	4050000	12143	NA
Fionn	218	Picture	fix	4058044	0	1	34034	1	0	next	other	0
Fionn	218	Pulse	199	4060000	1956	NA
Fionn	218	Pulse	199	4070000	11956	NA
Fionn	218	Pulse	199	4080000	21956	NA
Fionn	218	Pulse	199	4090000	31956	NA
Fionn	220	Picture	stim	4092078	0	1	25192	1	0	25000	incorrect	630
Fionn	220	Pulse	199	4100000	7922	NA
Fionn	220	Response	32	4105881	13803	1
Fionn	220	Pulse	199	4110000	17922	NA
Fionn	221	Picture	fix2	4117270	0	1	21355	1	0	next	other	0
Fionn	221	Pulse	199	4120000	2730	NA
Fionn	221	Pulse	199	4130000	12730	NA
Fionn	222	Picture	feedback	4138624	0	1	20187	1	0	next	other	0
Fionn	222	Pulse	199	4140000	1376	NA
Fionn	222	Pulse	199	4150000	11376	NA
Fionn	223	Picture	fix	4158811	0	1	26526	1	0	next	other	0
Fionn	223	Pulse	199	4160000	1189	NA
Fionn	223	Pulse	199	4170000	11189	NA
Fionn	223	Pulse	199	4180000	21189	NA
Fionn	225	Picture	stim	4185338	0	1	25192	1	0	25000	incorrect	644
Fionn	225	Pulse	199	4190000	4662	NA
Fionn	225	Response	32	4199801	14463	1
Fionn	225	Pulse	199	4200000	14662	NA
Fionn	225	Pulse	199	4210000	24662	NA
Fionn	226	Picture	fix2	4210530	0	1	27694	1	0	next	other	0
Fionn	226	Pulse	199	4220000	9470	NA
Fionn	226	Pulse	199	4230000	19470	NA
Fionn	227	Picture	feedback	4238224	0	1	20187	1	0	next	other	0
Fionn	227	Pulse	199	4240000	1776	NA
Fionn	227	Pulse	199	4250000	11776	NA
Fionn	228	Picture	fix	4258411	0	1	23690	1	0	next	other	0
Fionn	228	Pulse	199	4260000	1589	NA
Fionn	228	Pulse	199	4270000	11589	NA
Fionn	228	Pulse	199	4280000	21589	NA
Fionn	230	Picture	stim	4282101	0	1	25192	1	0	25000	hit	659
Fionn	230	Pulse	199	4290000	7899	NA
Fionn	230	Response	16	4292361	10260	1
Fionn	230	Pulse	199	4300000	17899	NA
Fionn	231	Picture	fix2	4307293	0	1	21355	1	0	next	other	0
Fionn	231	Pulse	199	4310000	2707	NA
Fionn	231	Pulse	199	4320000	12707	NA
Fionn	232	Picture	feedback	4328648	0	1	20187	1	0	next	other	0
Fionn	232	Pulse	199	4330000	1352	NA
Fionn	232	Pulse	199	4340000	11352	NA
Fionn	233	Picture	fix	4348834	0	1	24691	1	0	next	other	0
Fionn	233	Pulse	199	4350000	1166	NA
Fionn	233	Pulse	199	4360000	11166	NA
Fionn	233	Pulse	199	4370000	21166	NA
Fionn	235	Picture	stim	4373526	0	1	25192	1	0	25000	incorrect	674
Fionn	235	Pulse	199	4380000	6474	NA
Fionn	235	Pulse	199	4390000	16474	NA
Fionn	235	Response	32	4391322	17796	1
Fionn	236	Picture	fix2	4398718	0	1	26193	1	0	next	other	0
Fionn	236	Pulse	199	4400000	1282	NA
Fionn	236	Pulse	199	4410000	11282	NA
Fionn	236	Pulse	199	4420000	21282	NA
Fionn	237	Picture	feedback	4424910	0	1	20187	1	0	next	other	0
Fionn	237	Pulse	199	4430000	5090	NA
Fionn	237	Pulse	199	4440000	15090	NA
Fionn	238	Picture	fix	4445097	0	1	28862	1	0	next	other	0
Fionn	238	Pulse	199	4450000	4903	NA
Fionn	238	Pulse	199	4460000	14903	NA
Fionn	238	Pulse	199	4470000	24903	NA
Fionn	240	Picture	stim	4473959	0	1	25192	1	0	25000	hit	688
Fionn	240	Pulse	199	4480000	6041	NA
Fionn	240	Response	16	4488840	14881	1
Fionn	240	Pulse	199	4490000	16041	NA
Fionn	241	Picture	fix2	4499151	0	1	20520	1	0	next	other	0
Fionn	241	Pulse	199	4500000	849	NA
Fionn	241	Pulse	199	4510000	10849	NA
Fionn	242	Picture	feedback	4519672	0	1	20187	1	0	next	other	0
Fionn	242	Pulse	199	4520000	328	NA
Fionn	242	Pulse	199	4530000	10328	NA
Fionn	243	Picture	fix	4539859	0	1	19353	1	0	next	other	0
Fionn	243	Pulse	199	4540000	141	NA
Fionn	243	Pulse	199	4550000	10141	NA
Fionn	245	Picture	stim	4559211	0	1	25192	1	0	25000	incorrect	701
Fionn	245	Pulse	199	4560000	789	NA
Fionn	245	Response	32	4569161	9949	1
Fionn	245	Pulse	199	4570000	10789	NA
Fionn	245	Pulse	199	4580000	20789	NA
Fionn	246	Picture	fix2	4584403	0	1	21688	1	0	next	other	0
Fionn	246	Pulse	199	4590000	5597	NA
Fionn	246	Pulse	199	4600000	15597	NA
Fionn	247	Picture	feedback	4606091	0	1	20187	1	0	next	other	0
Fionn	247	Pulse	199	4610000	3909	NA
Fionn	247	Pulse	199	4620000	13909	NA
Fionn	248	Picture	fix	4626278	0	1	31198	1	0	next	other	0
Fionn	248	Pulse	199	4630000	3722	NA
Fionn	248	Pulse	199	4640000	13722	NA
Fionn	248	Pulse	199	4650000	23722	NA
Fionn	250	Picture	stim	4657476	0	1	25192	1	0	25000	hit	716
Fionn	250	Pulse	199	4660000	2524	NA
Fionn	250	Response	16	4667481	10005	1
Fionn	250	Pulse	199	4670000	12524	NA
Fionn	250	Pulse	199	4680000	22524	NA
Fionn	251	Picture	fix2	4682835	0	1	20020	1	0	next	other	0
Fionn	251	Pulse	199	4690000	7165	NA
Fionn	251	Pulse	199	4700000	17165	NA
Fionn	252	Picture	feedback	4702855	0	1	20187	1	0	next	other	0
Fionn	252	Pulse	199	4710000	7145	NA
Fionn	252	Pulse	199	4720000	17145	NA
Fionn	253	Picture	fix	4723042	0	1	29196	1	0	next	other	0
Fionn	253	Pulse	199	4730000	6958	NA
Fionn	253	Pulse	199	4740000	16958	NA
Fionn	253	Pulse	199	4750000	26958	NA
Fionn	255	Picture	stim	4752237	0	1	25192	1	0	25000	hit	731
Fionn	255	Pulse	199	4760000	7763	NA
Fionn	255	Response	16	4762041	9804	1
Fionn	255	Pulse	199	4770000	17763	NA
Fionn	256	Picture	fix2	4777596	0	1	23524	1	0	next	other	0
Fionn	256	Pulse	199	4780000	2404	NA
Fionn	256	Pulse	199	4790000	12404	NA
Fionn	256	Pulse	199	4800000	22404	NA
Fionn	257	Picture	feedback	4801120	0	1	20187	1	0	next	other	0
Fionn	257	Pulse	199	4810000	8880	NA
Fionn	257	Pulse	199	4820000	18880	NA
Fionn	258	Picture	fix	4821306	0	1	26527	1	0	next	other	0
Fionn	258	Pulse	199	4830000	8694	NA
Fionn	258	Pulse	199	4840000	18694	NA
Fionn	260	Picture	stim	4847833	0	1	25192	1	0	25000	incorrect	746
Fionn	260	Pulse	199	4850000	2167	NA
Fionn	260	Pulse	199	4860000	12167	NA
Fionn	260	Response	32	4862280	14447	1
Fionn	260	Pulse	199	4870000	22167	NA
Fionn	261	Picture	fix2	4873192	0	1	25859	1	0	next	other	0
Fionn	261	Pulse	199	4880000	6808	NA
Fionn	261	Pulse	199	4890000	16808	NA
Fionn	262	Picture	feedback	4899051	0	1	20187	1	0	next	other	0
Fionn	262	Pulse	199	4900000	949	NA
Fionn	262	Pulse	199	4910000	10949	NA
Fionn	263	Picture	fix	4919238	0	1	32199	1	0	next	other	0
Fionn	263	Pulse	199	4920000	762	NA
Fionn	263	Pulse	199	4930000	10762	NA
Fionn	263	Pulse	199	4940000	20762	NA
Fionn	263	Pulse	199	4950000	30762	NA
Fionn	265	Picture	stim	4951436	0	1	25192	1	0	25000	hit	761
Fionn	265	Pulse	199	4960000	8564	NA
Fionn	265	Response	16	4963160	11724	1
Fionn	265	Pulse	199	4970000	18564	NA
Fionn	266	Picture	fix2	4976628	0	1	16016	1	0	next	other	0
Fionn	266	Pulse	199	4980000	3372	NA
Fionn	266	Pulse	199	4990000	13372	NA
Fionn	267	Picture	feedback	4992644	0	1	20187	1	0	next	other	0
Fionn	267	Pulse	199	5000000	7356	NA
Fionn	267	Pulse	199	5010000	17356	NA
Fionn	268	Picture	100	5012831	0	1	80080	1	0	80000	other	0
Fionn	268	Pulse	199	5020000	7169	NA
Fionn	268	Pulse	199	5030000	17169	NA
Fionn	268	Pulse	199	5040000	27169	NA
Fionn	268	Pulse	199	5050000	37169	NA
Fionn	268	Pulse	199	5060000	47169	NA
Fionn	268	Pulse	199	5070000	57169	NA
Fionn	268	Pulse	199	5080000	67169	NA
Fionn	268	Pulse	199	5090000	77169	NA
