Scenario - FeedLearn_B.sce
Logfile written - 10/04/2020 10:36:55

Subject	Trial	Event Type	Code	Time	TTime	Uncertainty	Duration	Uncertainty	ReqTime	ReqDur	Stim Type	Pair Index

p004	0	Pulse	199	0	0	NA
p004	0	Pulse	199	10000	10000	NA
p004	1	Pulse	199	20000	9833	NA
p004	1	Pulse	199	30000	19833	NA
p004	1	Pulse	199	40000	29833	NA
p004	1	Pulse	199	50000	39833	NA
p004	1	Pulse	199	60000	49833	NA
p004	1	Pulse	199	70000	59833	NA
p004	1	Pulse	199	80000	69833	NA
p004	1	Pulse	199	90000	79833	NA
p004	1	Pulse	199	100000	89833	NA
p004	1	Pulse	199	110000	99833	NA
p004	1	Pulse	199	120000	109833	NA
p004	1	Response	32	122059	111892	1
p004	2	Picture	fix	122779	0	1	22022	1	0	next	other	0
p004	2	Pulse	199	130000	7221	NA
p004	2	Pulse	199	140000	17221	NA
p004	4	Picture	stim	144801	0	1	14348	1	0	next	hit	20
p004	4	Pulse	199	150000	5199	NA
p004	4	Response	16	159102	14301	1
p004	5	Picture	feedback	159149	0	1	20187	1	0	next	other	0
p004	5	Pulse	199	160000	851	NA
p004	5	Pulse	199	170000	10851	NA
p004	6	Picture	fix	179336	0	1	32199	1	0	next	other	0
p004	6	Pulse	199	180000	664	NA
p004	6	Pulse	199	190000	10664	NA
p004	6	Pulse	199	200000	20664	NA
p004	6	Pulse	199	210000	30664	NA
p004	8	Picture	stim	211534	0	1	15349	1	0	next	incorrect	31
p004	8	Pulse	199	220000	8466	NA
p004	8	Response	32	226781	15246	1
p004	9	Picture	feedback	226883	0	1	20854	1	0	next	other	0
p004	9	Pulse	199	230000	3117	NA
p004	9	Pulse	199	240000	13117	NA
p004	10	Picture	fix	247737	0	1	24691	1	0	next	other	0
p004	10	Pulse	199	250000	2263	NA
p004	10	Pulse	199	260000	12263	NA
p004	10	Pulse	199	270000	22263	NA
p004	12	Picture	stim	272429	0	1	11845	1	0	next	incorrect	41
p004	12	Pulse	199	280000	7571	NA
p004	12	Response	32	284141	11712	1
p004	13	Picture	feedback	284274	0	1	20687	1	0	next	other	0
p004	13	Pulse	199	290000	5726	NA
p004	13	Pulse	199	300000	15726	NA
p004	14	Picture	fix	304961	0	1	21521	1	0	next	other	0
p004	14	Pulse	199	310000	5039	NA
p004	14	Pulse	199	320000	15039	NA
p004	16	Picture	stim	326483	0	1	20354	1	0	next	hit	51
p004	16	Pulse	199	330000	3517	NA
p004	16	Pulse	199	340000	13517	NA
p004	16	Response	16	346780	20298	1
p004	17	Picture	feedback	346836	0	1	20187	1	0	next	other	0
p004	17	Pulse	199	350000	3164	NA
p004	17	Pulse	199	360000	13164	NA
p004	18	Picture	fix	367023	0	1	22022	1	0	next	other	0
p004	18	Pulse	199	370000	2977	NA
p004	18	Pulse	199	380000	12977	NA
p004	20	Picture	stim	389045	0	1	20687	1	0	next	incorrect	61
p004	20	Pulse	199	390000	955	NA
p004	20	Pulse	199	400000	10955	NA
p004	20	Response	32	409660	20615	1
p004	21	Picture	feedback	409732	0	1	20187	1	0	next	other	0
p004	21	Pulse	199	410000	268	NA
p004	21	Pulse	199	420000	10268	NA
p004	22	Picture	fix	429919	0	1	23690	1	0	next	other	0
p004	22	Pulse	199	430000	81	NA
p004	22	Pulse	199	440000	10081	NA
p004	22	Pulse	199	450000	20081	NA
p004	24	Picture	stim	453610	0	1	13180	1	0	next	hit	71
p004	24	Pulse	199	460000	6390	NA
p004	24	Response	16	466699	13089	1
p004	25	Picture	feedback	466789	0	1	20187	1	0	next	other	0
p004	25	Pulse	199	470000	3211	NA
p004	25	Pulse	199	480000	13211	NA
p004	26	Pulse	199	490000	3024	NA
p004	26	Pulse	199	500000	13024	NA
p004	26	Pulse	199	510000	23024	NA
p004	26	Pulse	199	520000	33024	NA
p004	26	Pulse	199	530000	43024	NA
p004	26	Pulse	199	540000	53024	NA
p004	26	Pulse	199	550000	63024	NA
p004	26	Pulse	199	560000	73024	NA
p004	26	Pulse	199	570000	83024	NA
p004	26	Response	32	575019	88042	1
p004	27	Pulse	199	580000	4974	NA
p004	27	Pulse	199	590000	14974	NA
p004	27	Pulse	199	600000	24974	NA
p004	27	Pulse	199	610000	34974	NA
p004	27	Pulse	199	620000	44974	NA
p004	28	Picture	fix	625448	0	1	20020	1	0	next	other	0
p004	28	Pulse	199	630000	4552	NA
p004	28	Pulse	199	640000	14552	NA
p004	30	Picture	stim	645468	0	1	25192	1	0	25000	incorrect	96
p004	30	Pulse	199	650000	4532	NA
p004	30	Pulse	199	660000	14532	NA
p004	30	Response	32	660939	15471	1
p004	30	Pulse	199	670000	24532	NA
p004	31	Picture	fix2	670827	0	1	16016	1	0	next	other	0
p004	31	Pulse	199	680000	9173	NA
p004	32	Picture	feedback	686843	0	1	20187	1	0	next	other	0
p004	32	Pulse	199	690000	3157	NA
p004	32	Pulse	199	700000	13157	NA
p004	33	Picture	fix	707029	0	1	26860	1	0	next	other	0
p004	33	Pulse	199	710000	2971	NA
p004	33	Pulse	199	720000	12971	NA
p004	33	Pulse	199	730000	22971	NA
p004	35	Picture	stim	733890	0	1	25192	1	0	25000	hit	110
p004	35	Pulse	199	740000	6110	NA
p004	35	Pulse	199	750000	16110	NA
p004	35	Response	16	754460	20570	1
p004	36	Picture	fix2	759081	0	1	21355	1	0	next	other	0
p004	36	Pulse	199	760000	919	NA
p004	36	Pulse	199	770000	10919	NA
p004	36	Pulse	199	780000	20919	NA
p004	37	Picture	feedback	780436	0	1	20687	1	0	next	other	0
p004	37	Pulse	199	790000	9564	NA
p004	37	Pulse	199	800000	19564	NA
p004	38	Picture	fix	801123	0	1	22022	1	0	next	other	0
p004	38	Pulse	199	810000	8877	NA
p004	38	Pulse	199	820000	18877	NA
p004	40	Picture	stim	823145	0	1	25192	1	0	25000	incorrect	124
p004	40	Pulse	199	830000	6855	NA
p004	40	Pulse	199	840000	16855	NA
p004	40	Response	32	846539	23393	1
p004	41	Picture	fix2	848337	0	1	15849	1	0	next	other	0
p004	41	Pulse	199	850000	1663	NA
p004	41	Pulse	199	860000	11663	NA
p004	42	Picture	feedback	864186	0	1	20187	1	0	next	other	0
p004	42	Pulse	199	870000	5814	NA
p004	42	Pulse	199	880000	15814	NA
p004	43	Picture	fix	884373	0	1	25526	1	0	next	other	0
p004	43	Pulse	199	890000	5627	NA
p004	43	Pulse	199	900000	15627	NA
p004	45	Picture	stim	909899	0	1	25192	1	0	25000	incorrect	138
p004	45	Pulse	199	910000	101	NA
p004	45	Pulse	199	920000	10101	NA
p004	45	Pulse	199	930000	20101	NA
p004	45	Response	32	933262	23363	1
p004	46	Picture	fix2	935091	0	1	15182	1	0	next	other	0
p004	46	Pulse	199	940000	4909	NA
p004	46	Pulse	199	950000	14909	NA
p004	47	Picture	feedback	950272	0	1	20187	1	0	next	other	0
p004	47	Pulse	199	960000	9728	NA
p004	47	Pulse	199	970000	19728	NA
p004	48	Picture	fix	970459	0	1	26360	1	0	next	other	0
p004	48	Pulse	199	980000	9541	NA
p004	48	Pulse	199	990000	19541	NA
p004	50	Picture	stim	996819	0	1	25192	1	0	25000	miss	0
p004	50	Pulse	199	1000000	3181	NA
p004	50	Pulse	199	1010000	13181	NA
p004	50	Pulse	199	1020000	23181	NA
p004	51	Picture	fix2	1022011	0	1	25859	1	0	next	other	0
p004	51	Response	16	1022780	770	1
p004	51	Pulse	199	1030000	7989	NA
p004	51	Pulse	199	1040000	17989	NA
p004	52	Picture	feedback	1047870	0	1	20687	1	0	next	other	0
p004	52	Pulse	199	1050000	2130	NA
p004	52	Pulse	199	1060000	12130	NA
p004	53	Picture	fix	1068557	0	1	23690	1	0	next	other	0
p004	53	Pulse	199	1070000	1443	NA
p004	53	Pulse	199	1080000	11443	NA
p004	53	Pulse	199	1090000	21443	NA
p004	55	Picture	stim	1092248	0	1	25192	1	0	25000	incorrect	165
p004	55	Pulse	199	1100000	7752	NA
p004	55	Response	32	1108218	15970	1
p004	55	Pulse	199	1110000	17752	NA
p004	56	Picture	fix2	1117439	0	1	16683	1	0	next	other	0
p004	56	Pulse	199	1120000	2561	NA
p004	56	Pulse	199	1130000	12561	NA
p004	57	Picture	feedback	1134123	0	1	20187	1	0	next	other	0
p004	57	Pulse	199	1140000	5877	NA
p004	57	Pulse	199	1150000	15877	NA
p004	58	Picture	fix	1154310	0	1	28028	1	0	next	other	0
p004	58	Pulse	199	1160000	5690	NA
p004	58	Pulse	199	1170000	15690	NA
p004	58	Pulse	199	1180000	25690	NA
p004	60	Picture	stim	1182338	0	1	25192	1	0	25000	incorrect	180
p004	60	Pulse	199	1190000	7662	NA
p004	60	Pulse	199	1200000	17662	NA
p004	60	Response	32	1205980	23643	1
p004	61	Picture	fix2	1207529	0	1	18018	1	0	next	other	0
p004	61	Pulse	199	1210000	2471	NA
p004	61	Pulse	199	1220000	12471	NA
p004	62	Picture	feedback	1225547	0	1	20354	1	0	next	other	0
p004	62	Pulse	199	1230000	4453	NA
p004	62	Pulse	199	1240000	14453	NA
p004	63	Picture	fix	1245901	0	1	23690	1	0	next	other	0
p004	63	Pulse	199	1250000	4099	NA
p004	63	Pulse	199	1260000	14099	NA
p004	65	Picture	stim	1269591	0	1	25192	1	0	25000	miss	0
p004	65	Pulse	199	1270000	409	NA
p004	65	Pulse	199	1280000	10409	NA
p004	65	Pulse	199	1290000	20409	NA
p004	66	Picture	fix2	1294950	0	1	13347	1	0	next	other	0
p004	66	Response	16	1295501	551	1
p004	66	Pulse	199	1300000	5050	NA
p004	67	Picture	feedback	1308297	0	1	20187	1	0	next	other	0
p004	67	Pulse	199	1310000	1703	NA
p004	67	Response	16	1313900	5603	1
p004	67	Response	16	1318700	10403	1
p004	67	Pulse	199	1320000	11703	NA
p004	67	Response	16	1322540	14243	1
p004	68	Picture	fix	1328484	0	1	19353	1	0	next	other	0
p004	68	Pulse	199	1330000	1516	NA
p004	68	Pulse	199	1340000	11516	NA
p004	70	Picture	stim	1347836	0	1	25192	1	0	25000	incorrect	209
p004	70	Pulse	199	1350000	2164	NA
p004	70	Pulse	199	1360000	12164	NA
p004	70	Response	32	1361099	13262	1
p004	70	Pulse	199	1370000	22164	NA
p004	71	Picture	fix2	1373028	0	1	18018	1	0	next	other	0
p004	71	Pulse	199	1380000	6972	NA
p004	71	Pulse	199	1390000	16972	NA
p004	72	Picture	feedback	1391046	0	1	20187	1	0	next	other	0
p004	72	Pulse	199	1400000	8954	NA
p004	72	Pulse	199	1410000	18954	NA
p004	73	Picture	fix	1411233	0	1	22356	1	0	next	other	0
p004	73	Pulse	199	1420000	8767	NA
p004	73	Pulse	199	1430000	18767	NA
p004	75	Picture	stim	1433589	0	1	25192	1	0	25000	hit	222
p004	75	Pulse	199	1440000	6411	NA
p004	75	Response	16	1447019	13431	1
p004	75	Pulse	199	1450000	16411	NA
p004	76	Picture	fix2	1458780	0	1	22022	1	0	next	other	0
p004	76	Pulse	199	1460000	1220	NA
p004	76	Pulse	199	1470000	11220	NA
p004	76	Pulse	199	1480000	21220	NA
p004	77	Picture	feedback	1480802	0	1	20187	1	0	next	other	0
p004	77	Pulse	199	1490000	9198	NA
p004	77	Pulse	199	1500000	19198	NA
p004	78	Picture	fix	1500989	0	1	34034	1	0	next	other	0
p004	78	Pulse	199	1510000	9011	NA
p004	78	Pulse	199	1520000	19011	NA
p004	78	Pulse	199	1530000	29011	NA
p004	80	Picture	stim	1535023	0	1	25192	1	0	25000	incorrect	237
p004	80	Pulse	199	1540000	4977	NA
p004	80	Response	32	1549340	14316	1
p004	80	Pulse	199	1550000	14977	NA
p004	80	Pulse	199	1560000	24977	NA
p004	81	Picture	fix2	1560382	0	1	27694	1	0	next	other	0
p004	81	Pulse	199	1570000	9618	NA
p004	81	Pulse	199	1580000	19618	NA
p004	82	Picture	feedback	1588076	0	1	20187	1	0	next	other	0
p004	82	Pulse	199	1590000	1924	NA
p004	82	Pulse	199	1600000	11924	NA
p004	83	Picture	fix	1608263	0	1	26860	1	0	next	other	0
p004	83	Pulse	199	1610000	1737	NA
p004	83	Pulse	199	1620000	11737	NA
p004	83	Pulse	199	1630000	21737	NA
p004	85	Picture	stim	1635123	0	1	25192	1	0	25000	miss	0
p004	85	Pulse	199	1640000	4877	NA
p004	85	Pulse	199	1650000	14877	NA
p004	85	Pulse	199	1660000	24877	NA
p004	86	Picture	fix2	1660315	0	1	16850	1	0	next	other	0
p004	86	Pulse	199	1670000	9685	NA
p004	87	Picture	feedback	1677165	0	1	20687	1	0	next	other	0
p004	87	Pulse	199	1680000	2835	NA
p004	87	Pulse	199	1690000	12835	NA
p004	88	Picture	fix	1697853	0	1	22356	1	0	next	other	0
p004	88	Pulse	199	1700000	2147	NA
p004	88	Pulse	199	1710000	12147	NA
p004	88	Pulse	199	1720000	22147	NA
p004	90	Picture	stim	1720208	0	1	25192	1	0	25000	hit	266
p004	90	Pulse	199	1730000	9792	NA
p004	90	Pulse	199	1740000	19792	NA
p004	90	Response	16	1742539	22331	1
p004	91	Picture	fix2	1745567	0	1	22356	1	0	next	other	0
p004	91	Pulse	199	1750000	4433	NA
p004	91	Pulse	199	1760000	14433	NA
p004	92	Picture	feedback	1767923	0	1	20187	1	0	next	other	0
p004	92	Pulse	199	1770000	2077	NA
p004	92	Pulse	199	1780000	12077	NA
p004	93	Picture	fix	1788109	0	1	25192	1	0	next	other	0
p004	93	Pulse	199	1790000	1891	NA
p004	93	Pulse	199	1800000	11891	NA
p004	93	Pulse	199	1810000	21891	NA
p004	95	Picture	stim	1813301	0	1	25192	1	0	25000	hit	280
p004	95	Pulse	199	1820000	6699	NA
p004	95	Pulse	199	1830000	16699	NA
p004	95	Response	16	1833419	20118	1
p004	96	Picture	fix2	1838493	0	1	21855	1	0	next	other	0
p004	96	Pulse	199	1840000	1507	NA
p004	96	Pulse	199	1850000	11507	NA
p004	96	Pulse	199	1860000	21507	NA
p004	97	Picture	feedback	1860348	0	1	20187	1	0	next	other	0
p004	97	Pulse	199	1870000	9652	NA
p004	97	Pulse	199	1880000	19652	NA
p004	98	Picture	fix	1880535	0	1	23524	1	0	next	other	0
p004	98	Pulse	199	1890000	9465	NA
p004	98	Pulse	199	1900000	19465	NA
p004	100	Picture	stim	1904059	0	1	25192	1	0	25000	hit	293
p004	100	Pulse	199	1910000	5941	NA
p004	100	Response	16	1919820	15761	1
p004	100	Pulse	199	1920000	15941	NA
p004	101	Picture	fix2	1929250	0	1	11178	1	0	next	other	0
p004	101	Pulse	199	1930000	750	NA
p004	101	Pulse	199	1940000	10750	NA
p004	102	Picture	feedback	1940428	0	1	20187	1	0	next	other	0
p004	102	Pulse	199	1950000	9572	NA
p004	102	Pulse	199	1960000	19572	NA
p004	103	Picture	fix	1960615	0	1	19019	1	0	next	other	0
p004	103	Pulse	199	1970000	9385	NA
p004	105	Picture	stim	1979634	0	1	25192	1	0	25000	hit	306
p004	105	Pulse	199	1980000	366	NA
p004	105	Pulse	199	1990000	10366	NA
p004	105	Response	16	1995820	16185	1
p004	105	Pulse	199	2000000	20366	NA
p004	106	Picture	fix2	2004826	0	1	14681	1	0	next	other	0
p004	106	Pulse	199	2010000	5174	NA
p004	107	Picture	feedback	2019507	0	1	20187	1	0	next	other	0
p004	107	Pulse	199	2020000	493	NA
p004	107	Pulse	199	2030000	10493	NA
p004	108	Picture	fix	2039694	0	1	21522	1	0	next	other	0
p004	108	Pulse	199	2040000	306	NA
p004	108	Pulse	199	2050000	10306	NA
p004	108	Pulse	199	2060000	20306	NA
p004	110	Picture	stim	2061216	0	1	25192	1	0	25000	incorrect	319
p004	110	Pulse	199	2070000	8784	NA
p004	110	Response	32	2076861	15645	1
p004	110	Pulse	199	2080000	18784	NA
p004	111	Picture	fix2	2086407	0	1	16183	1	0	next	other	0
p004	111	Pulse	199	2090000	3593	NA
p004	111	Pulse	199	2100000	13593	NA
p004	112	Picture	feedback	2102590	0	1	20187	1	0	next	other	0
p004	112	Pulse	199	2110000	7410	NA
p004	112	Pulse	199	2120000	17410	NA
p004	113	Picture	fix	2122777	0	1	29029	1	0	next	other	0
p004	113	Pulse	199	2130000	7223	NA
p004	113	Pulse	199	2140000	17223	NA
p004	113	Pulse	199	2150000	27223	NA
p004	115	Picture	stim	2151806	0	1	25192	1	0	25000	miss	0
p004	115	Pulse	199	2160000	8194	NA
p004	115	Pulse	199	2170000	18194	NA
p004	116	Picture	fix2	2176998	0	1	17351	1	0	next	other	0
p004	116	Pulse	199	2180000	3002	NA
p004	116	Pulse	199	2190000	13002	NA
p004	117	Picture	feedback	2194349	0	1	20187	1	0	next	other	0
p004	117	Pulse	199	2200000	5651	NA
p004	117	Pulse	199	2210000	15651	NA
p004	118	Picture	fix	2214535	0	1	33200	1	0	next	other	0
p004	118	Pulse	199	2220000	5465	NA
p004	118	Pulse	199	2230000	15465	NA
p004	118	Pulse	199	2240000	25465	NA
p004	120	Picture	stim	2247735	0	1	25192	1	0	25000	hit	347
p004	120	Pulse	199	2250000	2265	NA
p004	120	Pulse	199	2260000	12265	NA
p004	120	Response	16	2266379	18644	1
p004	120	Pulse	199	2270000	22265	NA
p004	121	Picture	fix2	2272927	0	1	21355	1	0	next	other	0
p004	121	Pulse	199	2280000	7073	NA
p004	121	Pulse	199	2290000	17073	NA
p004	122	Picture	feedback	2294282	0	1	20187	1	0	next	other	0
p004	122	Pulse	199	2300000	5718	NA
p004	122	Pulse	199	2310000	15718	NA
p004	123	Picture	fix	2314469	0	1	26860	1	0	next	other	0
p004	123	Pulse	199	2320000	5531	NA
p004	123	Pulse	199	2330000	15531	NA
p004	123	Pulse	199	2340000	25531	NA
p004	125	Picture	stim	2341329	0	1	25192	1	0	25000	miss	0
p004	125	Pulse	199	2350000	8671	NA
p004	125	Pulse	199	2360000	18671	NA
p004	125	Response	16	2366459	25130	1
p004	126	Picture	fix2	2366521	0	1	20020	1	0	next	other	0
p004	126	Pulse	199	2370000	3479	NA
p004	126	Pulse	199	2380000	13479	NA
p004	127	Picture	feedback	2386541	0	1	20187	1	0	next	other	0
p004	127	Pulse	199	2390000	3459	NA
p004	127	Pulse	199	2400000	13459	NA
p004	128	Picture	fix	2406727	0	1	31198	1	0	next	other	0
p004	128	Pulse	199	2410000	3273	NA
p004	128	Pulse	199	2420000	13273	NA
p004	128	Pulse	199	2430000	23273	NA
p004	130	Picture	stim	2437925	0	1	25192	1	0	25000	incorrect	376
p004	130	Pulse	199	2440000	2075	NA
p004	130	Pulse	199	2450000	12075	NA
p004	130	Response	32	2451180	13255	1
p004	130	Pulse	199	2460000	22075	NA
p004	131	Picture	fix2	2463117	0	1	23357	1	0	next	other	0
p004	131	Pulse	199	2470000	6883	NA
p004	131	Pulse	199	2480000	16883	NA
p004	132	Picture	feedback	2486474	0	1	20187	1	0	next	other	0
p004	132	Pulse	199	2490000	3526	NA
p004	132	Pulse	199	2500000	13526	NA
p004	133	Picture	fix	2506661	0	1	17518	1	0	next	other	0
p004	133	Pulse	199	2510000	3339	NA
p004	133	Pulse	199	2520000	13339	NA
p004	135	Picture	stim	2524178	0	1	25192	1	0	25000	hit	390
p004	135	Pulse	199	2530000	5822	NA
p004	135	Pulse	199	2540000	15822	NA
p004	135	Response	16	2544860	20682	1
p004	136	Picture	fix2	2549370	0	1	9176	1	0	next	other	0
p004	136	Pulse	199	2550000	630	NA
p004	137	Picture	feedback	2558546	0	1	20187	1	0	next	other	0
p004	137	Pulse	199	2560000	1454	NA
p004	137	Pulse	199	2570000	11454	NA
p004	138	Picture	fix	2578733	0	1	30030	1	0	next	other	0
p004	138	Pulse	199	2580000	1267	NA
p004	138	Pulse	199	2590000	11267	NA
p004	138	Pulse	199	2600000	21267	NA
p004	140	Picture	stim	2608763	0	1	25192	1	0	25000	hit	403
p004	140	Pulse	199	2610000	1237	NA
p004	140	Pulse	199	2620000	11237	NA
p004	140	Response	16	2628060	19297	1
p004	140	Pulse	199	2630000	21237	NA
p004	141	Picture	fix2	2633954	0	1	24358	1	0	next	other	0
p004	141	Pulse	199	2640000	6046	NA
p004	141	Pulse	199	2650000	16046	NA
p004	142	Picture	feedback	2658312	0	1	20187	1	0	next	other	0
p004	142	Pulse	199	2660000	1688	NA
p004	142	Pulse	199	2670000	11688	NA
p004	143	Picture	fix	2678499	0	1	29196	1	0	next	other	0
p004	143	Pulse	199	2680000	1501	NA
p004	143	Pulse	199	2690000	11501	NA
p004	143	Pulse	199	2700000	21501	NA
p004	145	Picture	stim	2707695	0	1	25192	1	0	25000	hit	418
p004	145	Pulse	199	2710000	2305	NA
p004	145	Pulse	199	2720000	12305	NA
p004	145	Response	16	2726619	18924	1
p004	145	Pulse	199	2730000	22305	NA
p004	146	Picture	fix2	2732887	0	1	20521	1	0	next	other	0
p004	146	Pulse	199	2740000	7113	NA
p004	146	Pulse	199	2750000	17113	NA
p004	147	Picture	feedback	2753407	0	1	20187	1	0	next	other	0
p004	147	Pulse	199	2760000	6593	NA
p004	147	Pulse	199	2770000	16593	NA
p004	148	Picture	fix	2773594	0	1	22856	1	0	next	other	0
p004	148	Pulse	199	2780000	6406	NA
p004	148	Pulse	199	2790000	16406	NA
p004	150	Picture	stim	2796450	0	1	25192	1	0	25000	hit	432
p004	150	Pulse	199	2800000	3550	NA
p004	150	Pulse	199	2810000	13550	NA
p004	150	Response	16	2816540	20090	1
p004	150	Pulse	199	2820000	23550	NA
p004	151	Picture	fix2	2821642	0	1	16683	1	0	next	other	0
p004	151	Pulse	199	2830000	8358	NA
p004	152	Picture	feedback	2838325	0	1	20187	1	0	next	other	0
p004	152	Pulse	199	2840000	1675	NA
p004	152	Pulse	199	2850000	11675	NA
p004	153	Picture	fix	2858512	0	1	26026	1	0	next	other	0
p004	153	Pulse	199	2860000	1488	NA
p004	153	Pulse	199	2870000	11488	NA
p004	153	Pulse	199	2880000	21488	NA
p004	155	Picture	stim	2884538	0	1	25192	1	0	25000	hit	446
p004	155	Pulse	199	2890000	5462	NA
p004	155	Pulse	199	2900000	15462	NA
p004	155	Response	16	2902945	18406	1
p004	156	Picture	fix2	2909730	0	1	29363	1	0	next	other	0
p004	156	Pulse	199	2910000	270	NA
p004	156	Pulse	199	2920000	10270	NA
p004	156	Pulse	199	2930000	20270	NA
p004	157	Picture	feedback	2939093	0	1	20187	1	0	next	other	0
p004	157	Pulse	199	2940000	907	NA
p004	157	Pulse	199	2950000	10907	NA
p004	158	Picture	fix	2959279	0	1	24858	1	0	next	other	0
p004	158	Pulse	199	2960000	721	NA
p004	158	Pulse	199	2970000	10721	NA
p004	158	Pulse	199	2980000	20721	NA
p004	160	Picture	stim	2984138	0	1	25192	1	0	25000	hit	461
p004	160	Pulse	199	2990000	5862	NA
p004	160	Pulse	199	3000000	15862	NA
p004	160	Response	16	3000299	16162	1
p004	161	Picture	fix2	3009496	0	1	24191	1	0	next	other	0
p004	161	Pulse	199	3010000	504	NA
p004	161	Pulse	199	3020000	10504	NA
p004	161	Pulse	199	3030000	20504	NA
p004	162	Picture	feedback	3033687	0	1	20187	1	0	next	other	0
p004	162	Pulse	199	3040000	6313	NA
p004	162	Pulse	199	3050000	16313	NA
p004	163	Picture	fix	3053874	0	1	18685	1	0	next	other	0
p004	163	Pulse	199	3060000	6126	NA
p004	163	Pulse	199	3070000	16126	NA
p004	165	Picture	stim	3072559	0	1	25192	1	0	25000	hit	475
p004	165	Pulse	199	3080000	7441	NA
p004	165	Pulse	199	3090000	17441	NA
p004	165	Response	16	3092142	19583	1
p004	166	Picture	fix2	3097751	0	1	15849	1	0	next	other	0
p004	166	Pulse	199	3100000	2249	NA
p004	166	Pulse	199	3110000	12249	NA
p004	167	Picture	feedback	3113600	0	1	20187	1	0	next	other	0
p004	167	Pulse	199	3120000	6400	NA
p004	167	Pulse	199	3130000	16400	NA
p004	168	Picture	fix	3133787	0	1	28862	1	0	next	other	0
p004	168	Pulse	199	3140000	6213	NA
p004	168	Pulse	199	3150000	16213	NA
p004	168	Pulse	199	3160000	26213	NA
p004	170	Picture	stim	3162649	0	1	25192	1	0	25000	hit	489
p004	170	Pulse	199	3170000	7351	NA
p004	170	Pulse	199	3180000	17351	NA
p004	170	Response	16	3180059	17409	1
p004	171	Picture	fix2	3187841	0	1	26360	1	0	next	other	0
p004	171	Pulse	199	3190000	2159	NA
p004	171	Pulse	199	3200000	12159	NA
p004	171	Pulse	199	3210000	22159	NA
p004	172	Picture	feedback	3214201	0	1	20187	1	0	next	other	0
p004	172	Pulse	199	3220000	5799	NA
p004	172	Pulse	199	3230000	15799	NA
p004	173	Picture	fix	3234388	0	1	29696	1	0	next	other	0
p004	173	Pulse	199	3240000	5612	NA
p004	173	Pulse	199	3250000	15612	NA
p004	173	Pulse	199	3260000	25612	NA
p004	175	Picture	stim	3264084	0	1	25192	1	0	25000	hit	504
p004	175	Pulse	199	3270000	5916	NA
p004	175	Pulse	199	3280000	15916	NA
p004	175	Response	16	3282460	18376	1
p004	176	Picture	fix2	3289276	0	1	21688	1	0	next	other	0
p004	176	Pulse	199	3290000	724	NA
p004	176	Response	32	3291179	1903	1
p004	176	Pulse	199	3300000	10724	NA
p004	176	Pulse	199	3310000	20724	NA
p004	177	Picture	feedback	3310964	0	1	20187	1	0	next	other	0
p004	177	Pulse	199	3320000	9036	NA
p004	177	Pulse	199	3330000	19036	NA
p004	178	Picture	fix	3331151	0	1	28862	1	0	next	other	0
p004	178	Pulse	199	3340000	8849	NA
p004	178	Pulse	199	3350000	18849	NA
p004	179	Pulse	199	3360000	38	NA
p004	180	Picture	stim	3360013	0	1	25192	1	0	25000	hit	520
p004	180	Pulse	199	3370000	9987	NA
p004	180	Pulse	199	3380000	19987	NA
p004	180	Response	16	3383421	23408	1
p004	181	Picture	fix2	3385205	0	1	14681	1	0	next	other	0
p004	181	Pulse	199	3390000	4795	NA
p004	182	Picture	feedback	3399886	0	1	20187	1	0	next	other	0
p004	182	Pulse	199	3400000	114	NA
p004	182	Pulse	199	3410000	10114	NA
p004	182	Pulse	199	3420000	20114	NA
p004	183	Picture	fix	3420073	0	1	35869	1	0	next	other	0
p004	183	Pulse	199	3430000	9927	NA
p004	183	Pulse	199	3440000	19927	NA
p004	183	Pulse	199	3450000	29927	NA
p004	185	Picture	stim	3455942	0	1	25192	1	0	25000	incorrect	533
p004	185	Pulse	199	3460000	4058	NA
p004	185	Response	32	3469180	13238	1
p004	185	Pulse	199	3470000	14058	NA
p004	185	Pulse	199	3480000	24058	NA
p004	186	Picture	fix2	3481134	0	1	25859	1	0	next	other	0
p004	186	Pulse	199	3490000	8866	NA
p004	186	Pulse	199	3500000	18866	NA
p004	187	Picture	feedback	3506993	0	1	20187	1	0	next	other	0
p004	187	Pulse	199	3510000	3007	NA
p004	187	Pulse	199	3520000	13007	NA
p004	188	Picture	fix	3527180	0	1	24691	1	0	next	other	0
p004	188	Pulse	199	3530000	2820	NA
p004	188	Pulse	199	3540000	12820	NA
p004	188	Pulse	199	3550000	22820	NA
p004	190	Picture	stim	3551871	0	1	25192	1	0	25000	hit	548
p004	190	Pulse	199	3560000	8129	NA
p004	190	Response	16	3568058	16187	1
p004	190	Pulse	199	3570000	18129	NA
p004	191	Picture	fix2	3577063	0	1	14014	1	0	next	other	0
p004	191	Pulse	199	3580000	2937	NA
p004	191	Pulse	199	3590000	12937	NA
p004	192	Picture	feedback	3591077	0	1	20187	1	0	next	other	0
p004	192	Pulse	199	3600000	8923	NA
p004	192	Pulse	199	3610000	18923	NA
p004	193	Picture	fix	3611264	0	1	37538	1	0	next	other	0
p004	193	Pulse	199	3620000	8736	NA
p004	193	Pulse	199	3630000	18736	NA
p004	193	Pulse	199	3640000	28736	NA
p004	195	Picture	stim	3648802	0	1	25192	1	0	25000	hit	563
p004	195	Pulse	199	3650000	1198	NA
p004	195	Pulse	199	3660000	11198	NA
p004	195	Response	16	3668220	19418	1
p004	195	Pulse	199	3670000	21198	NA
p004	196	Picture	fix2	3673993	0	1	13013	1	0	next	other	0
p004	196	Pulse	199	3680000	6007	NA
p004	196	Response	32	3681662	7668	1
p004	196	Response	32	3685019	11026	1
p004	197	Picture	feedback	3687006	0	1	20187	1	0	next	other	0
p004	197	Pulse	199	3690000	2994	NA
p004	197	Pulse	199	3700000	12994	NA
p004	198	Picture	fix	3707193	0	1	17684	1	0	next	other	0
p004	198	Pulse	199	3710000	2807	NA
p004	198	Pulse	199	3720000	12807	NA
p004	200	Picture	stim	3724878	0	1	25192	1	0	25000	incorrect	578
p004	200	Pulse	199	3730000	5122	NA
p004	200	Pulse	199	3740000	15122	NA
p004	200	Response	32	3740540	15662	1
p004	200	Pulse	199	3750000	25122	NA
p004	201	Picture	fix2	3750069	0	1	16350	1	0	next	other	0
p004	201	Pulse	199	3760000	9931	NA
p004	202	Picture	feedback	3766419	0	1	20187	1	0	next	other	0
p004	202	Pulse	199	3770000	3581	NA
p004	202	Pulse	199	3780000	13581	NA
p004	203	Picture	fix	3786606	0	1	16350	1	0	next	other	0
p004	203	Pulse	199	3790000	3394	NA
p004	203	Pulse	199	3800000	13394	NA
p004	205	Picture	stim	3802956	0	1	25192	1	0	25000	hit	590
p004	205	Pulse	199	3810000	7044	NA
p004	205	Response	16	3815820	12864	1
p004	205	Pulse	199	3820000	17044	NA
p004	206	Picture	fix2	3828147	0	1	21688	1	0	next	other	0
p004	206	Pulse	199	3830000	1853	NA
p004	206	Pulse	199	3840000	11853	NA
p004	207	Picture	feedback	3849836	0	1	20187	1	0	next	other	0
p004	207	Pulse	199	3850000	164	NA
p004	207	Pulse	199	3860000	10164	NA
p004	207	Pulse	199	3870000	20164	NA
p004	208	Picture	fix	3870023	0	1	30864	1	0	next	other	0
p004	208	Pulse	199	3880000	9977	NA
p004	208	Pulse	199	3890000	19977	NA
p004	208	Pulse	199	3900000	29977	NA
p004	210	Picture	stim	3900887	0	1	25192	1	0	25000	hit	605
p004	210	Pulse	199	3910000	9113	NA
p004	210	Response	16	3913021	12134	1
p004	210	Pulse	199	3920000	19113	NA
p004	211	Picture	fix2	3926245	0	1	20520	1	0	next	other	0
p004	211	Pulse	199	3930000	3755	NA
p004	211	Pulse	199	3940000	13755	NA
p004	212	Picture	feedback	3946766	0	1	20187	1	0	next	other	0
p004	212	Pulse	199	3950000	3234	NA
p004	212	Pulse	199	3960000	13234	NA
p004	213	Picture	fix	3966953	0	1	29363	1	0	next	other	0
p004	213	Pulse	199	3970000	3047	NA
p004	213	Pulse	199	3980000	13047	NA
p004	213	Pulse	199	3990000	23047	NA
p004	215	Picture	stim	3996315	0	1	25192	1	0	25000	incorrect	620
p004	215	Pulse	199	4000000	3685	NA
p004	215	Pulse	199	4010000	13685	NA
p004	215	Response	32	4015980	19664	1
p004	215	Pulse	199	4020000	23685	NA
p004	216	Picture	fix2	4021507	0	1	29029	1	0	next	other	0
p004	216	Pulse	199	4030000	8493	NA
p004	216	Pulse	199	4040000	18493	NA
p004	216	Pulse	199	4050000	28493	NA
p004	217	Picture	feedback	4050536	0	1	20187	1	0	next	other	0
p004	217	Pulse	199	4060000	9464	NA
p004	217	Pulse	199	4070000	19464	NA
p004	218	Picture	fix	4070723	0	1	32199	1	0	next	other	0
p004	218	Pulse	199	4080000	9277	NA
p004	218	Pulse	199	4090000	19277	NA
p004	218	Pulse	199	4100000	29277	NA
p004	220	Picture	stim	4102922	0	1	25192	1	0	25000	hit	635
p004	220	Pulse	199	4110000	7078	NA
p004	220	Response	16	4119182	16260	1
p004	220	Pulse	199	4120000	17078	NA
p004	221	Picture	fix2	4128114	0	1	18685	1	0	next	other	0
p004	221	Pulse	199	4130000	1886	NA
p004	221	Pulse	199	4140000	11886	NA
p004	222	Picture	feedback	4146799	0	1	20187	1	0	next	other	0
p004	222	Pulse	199	4150000	3201	NA
p004	222	Pulse	199	4160000	13201	NA
p004	223	Picture	fix	4166986	0	1	27361	1	0	next	other	0
p004	223	Pulse	199	4170000	3014	NA
p004	223	Pulse	199	4180000	13014	NA
p004	223	Pulse	199	4190000	23014	NA
p004	225	Picture	stim	4194347	0	1	25192	1	0	25000	incorrect	649
p004	225	Pulse	199	4200000	5653	NA
p004	225	Response	32	4206699	12352	1
p004	225	Pulse	199	4210000	15653	NA
p004	226	Picture	fix2	4219538	0	1	21355	1	0	next	other	0
p004	226	Pulse	199	4220000	462	NA
p004	226	Pulse	199	4230000	10462	NA
p004	226	Pulse	199	4240000	20462	NA
p004	227	Picture	feedback	4240893	0	1	20187	1	0	next	other	0
p004	227	Pulse	199	4250000	9107	NA
p004	227	Pulse	199	4260000	19107	NA
p004	228	Picture	fix	4261080	0	1	20187	1	0	next	other	0
p004	228	Pulse	199	4270000	8920	NA
p004	228	Pulse	199	4280000	18920	NA
p004	230	Picture	stim	4281267	0	1	25192	1	0	25000	incorrect	663
p004	230	Pulse	199	4290000	8733	NA
p004	230	Response	32	4296939	15673	1
p004	230	Pulse	199	4300000	18733	NA
p004	231	Picture	fix2	4306459	0	1	26193	1	0	next	other	0
p004	231	Pulse	199	4310000	3541	NA
p004	231	Pulse	199	4320000	13541	NA
p004	231	Pulse	199	4330000	23541	NA
p004	232	Picture	feedback	4332651	0	1	20187	1	0	next	other	0
p004	232	Pulse	199	4340000	7349	NA
p004	232	Pulse	199	4350000	17349	NA
p004	233	Picture	fix	4352838	0	1	24525	1	0	next	other	0
p004	233	Pulse	199	4360000	7162	NA
p004	233	Pulse	199	4370000	17162	NA
p004	235	Picture	stim	4377363	0	1	25192	1	0	25000	hit	678
p004	235	Pulse	199	4380000	2637	NA
p004	235	Pulse	199	4390000	12637	NA
p004	235	Response	16	4394541	17178	1
p004	235	Response	16	4397338	19975	1
p004	235	Pulse	199	4400000	22637	NA
p004	235	Response	32	4400298	22935	1
p004	236	Picture	fix2	4402555	0	1	17851	1	0	next	other	0
p004	236	Response	16	4404859	2304	1
p004	236	Pulse	199	4410000	7445	NA
p004	236	Pulse	199	4420000	17445	NA
p004	237	Picture	feedback	4420406	0	1	20187	1	0	next	other	0
p004	237	Pulse	199	4430000	9594	NA
p004	237	Response	16	4430778	10372	1
p004	237	Pulse	199	4440000	19594	NA
p004	238	Picture	fix	4440593	0	1	26527	1	0	next	other	0
p004	238	Pulse	199	4450000	9407	NA
p004	238	Pulse	199	4460000	19407	NA
p004	240	Picture	stim	4467119	0	1	25192	1	0	25000	hit	696
p004	240	Pulse	199	4470000	2881	NA
p004	240	Pulse	199	4480000	12881	NA
p004	240	Response	16	4482540	15421	1
p004	240	Pulse	199	4490000	22881	NA
p004	241	Picture	fix2	4492478	0	1	22523	1	0	next	other	0
p004	241	Pulse	199	4500000	7522	NA
p004	241	Pulse	199	4510000	17522	NA
p004	242	Picture	feedback	4515000	0	1	20187	1	0	next	other	0
p004	242	Pulse	199	4520000	5000	NA
p004	242	Pulse	199	4530000	15000	NA
p004	243	Picture	fix	4535187	0	1	28529	1	0	next	other	0
p004	243	Pulse	199	4540000	4813	NA
p004	243	Pulse	199	4550000	14813	NA
p004	243	Pulse	199	4560000	24813	NA
p004	245	Picture	stim	4563716	0	1	25192	1	0	25000	hit	710
p004	245	Pulse	199	4570000	6284	NA
p004	245	Response	16	4577500	13785	1
p004	245	Pulse	199	4580000	16284	NA
p004	246	Picture	fix2	4589074	0	1	23524	1	0	next	other	0
p004	246	Pulse	199	4590000	926	NA
p004	246	Pulse	199	4600000	10926	NA
p004	246	Response	16	4605500	16425	1
p004	246	Pulse	199	4610000	20926	NA
p004	247	Picture	feedback	4612598	0	1	20187	1	0	next	other	0
p004	247	Pulse	199	4620000	7402	NA
p004	247	Pulse	199	4630000	17402	NA
p004	248	Picture	fix	4632785	0	1	28529	1	0	next	other	0
p004	248	Pulse	199	4640000	7215	NA
p004	248	Pulse	199	4650000	17215	NA
p004	248	Pulse	199	4660000	27215	NA
p004	250	Picture	stim	4661313	0	1	25192	1	0	25000	hit	726
p004	250	Pulse	199	4670000	8687	NA
p004	250	Response	16	4674859	13545	1
p004	250	Pulse	199	4680000	18687	NA
p004	251	Picture	fix2	4686505	0	1	16517	1	0	next	other	0
p004	251	Pulse	199	4690000	3495	NA
p004	251	Pulse	199	4700000	13495	NA
p004	252	Picture	feedback	4703022	0	1	20187	1	0	next	other	0
p004	252	Pulse	199	4710000	6978	NA
p004	252	Pulse	199	4720000	16978	NA
p004	253	Picture	fix	4723208	0	1	22022	1	0	next	other	0
p004	253	Pulse	199	4730000	6792	NA
p004	253	Pulse	199	4740000	16792	NA
p004	255	Picture	stim	4745230	0	1	25192	1	0	25000	hit	739
p004	255	Pulse	199	4750000	4770	NA
p004	255	Response	16	4758779	13549	1
p004	255	Pulse	199	4760000	14770	NA
p004	255	Pulse	199	4770000	24770	NA
p004	256	Picture	fix2	4770422	0	1	11512	1	0	next	other	0
p004	256	Pulse	199	4780000	9578	NA
p004	257	Picture	feedback	4781934	0	1	20187	1	0	next	other	0
p004	257	Pulse	199	4790000	8066	NA
p004	257	Pulse	199	4800000	18066	NA
p004	258	Picture	fix	4802120	0	1	20520	1	0	next	other	0
p004	258	Pulse	199	4810000	7880	NA
p004	258	Pulse	199	4820000	17880	NA
p004	260	Picture	stim	4822641	0	1	25192	1	0	25000	incorrect	752
p004	260	Pulse	199	4830000	7359	NA
p004	260	Response	32	4837659	15018	1
p004	260	Pulse	199	4840000	17359	NA
p004	261	Picture	fix2	4847833	0	1	10844	1	0	next	other	0
p004	261	Pulse	199	4850000	2167	NA
p004	262	Picture	feedback	4858677	0	1	20187	1	0	next	other	0
p004	262	Pulse	199	4860000	1323	NA
p004	262	Pulse	199	4870000	11323	NA
p004	263	Picture	fix	4878864	0	1	23524	1	0	next	other	0
p004	263	Pulse	199	4880000	1136	NA
p004	263	Pulse	199	4890000	11136	NA
p004	263	Pulse	199	4900000	21136	NA
p004	265	Picture	stim	4902387	0	1	25192	1	0	25000	hit	766
p004	265	Pulse	199	4910000	7613	NA
p004	265	Pulse	199	4920000	17613	NA
p004	265	Response	16	4921419	19032	1
p004	266	Picture	fix2	4927579	0	1	13847	1	0	next	other	0
p004	266	Pulse	199	4930000	2421	NA
p004	266	Pulse	199	4940000	12421	NA
p004	267	Picture	feedback	4941426	0	1	20187	1	0	next	other	0
p004	267	Pulse	199	4950000	8574	NA
p004	267	Pulse	199	4960000	18574	NA
p004	268	Picture	100	4961613	0	1	80080	1	0	80000	other	0
p004	268	Pulse	199	4970000	8387	NA
p004	268	Pulse	199	4980000	18387	NA
p004	268	Pulse	199	4990000	28387	NA
p004	268	Pulse	199	5000000	38387	NA
p004	268	Pulse	199	5010000	48387	NA
p004	268	Pulse	199	5020000	58387	NA
p004	268	Pulse	199	5030000	68387	NA
p004	268	Pulse	199	5040000	78387	NA
