Scenario - FeedLearn_B.sce
Logfile written - 10/04/2020 10:18:50

Subject	Trial	Event Type	Code	Time	TTime	Uncertainty	Duration	Uncertainty	ReqTime	ReqDur	Stim Type	Pair Index

p004	0	Pulse	199	0	0	NA
p004	0	Pulse	199	10000	10000	NA
p004	1	Pulse	199	20000	9833	NA
p004	1	Pulse	199	30000	19833	NA
p004	1	Pulse	199	40000	29833	NA
p004	1	Pulse	199	50000	39833	NA
p004	1	Pulse	199	60000	49833	NA
p004	1	Pulse	199	70000	59833	NA
p004	1	Pulse	199	80000	69833	NA
p004	1	Pulse	199	90000	79833	NA
p004	1	Pulse	199	100000	89833	NA
p004	1	Pulse	199	110000	99833	NA
p004	1	Pulse	199	120000	109833	NA
p004	1	Pulse	199	130000	119833	NA
p004	1	Pulse	199	140000	129833	NA
p004	1	Pulse	199	150000	139833	NA
p004	1	Pulse	199	160000	149833	NA
p004	1	Pulse	199	170000	159833	NA
p004	1	Pulse	199	180000	169833	NA
p004	1	Pulse	199	190000	179833	NA
p004	1	Pulse	199	200000	189833	NA
p004	1	Pulse	199	210000	199833	NA
p004	1	Pulse	199	220000	209833	NA
p004	1	Pulse	199	230000	219833	NA
p004	1	Pulse	199	240000	229833	NA
p004	1	Pulse	199	250000	239833	NA
p004	1	Pulse	199	260000	249833	NA
p004	1	Response	32	265201	255034	1
p004	2	Picture	fix	265588	0	1	22022	1	0	next	other	0
p004	2	Pulse	199	270000	4412	NA
p004	2	Response	32	273041	7453	1
p004	2	Pulse	199	280000	14412	NA
p004	4	Picture	stim	287610	0	1	12679	1	0	next	hit	36
p004	4	Pulse	199	290000	2390	NA
p004	4	Pulse	199	300000	12390	NA
p004	4	Response	16	300241	12630	1
p004	5	Picture	feedback	300290	0	1	20187	1	0	next	other	0
p004	5	Pulse	199	310000	9710	NA
p004	5	Pulse	199	320000	19710	NA
p004	6	Picture	fix	320477	0	1	32199	1	0	next	other	0
p004	6	Pulse	199	330000	9523	NA
p004	6	Pulse	199	340000	19523	NA
p004	6	Pulse	199	350000	29523	NA
p004	8	Picture	stim	352675	0	1	10510	1	0	next	incorrect	46
p004	8	Pulse	199	360000	7325	NA
p004	8	Response	32	363042	10366	1
p004	9	Picture	feedback	363186	0	1	20354	1	0	next	other	0
p004	9	Pulse	199	370000	6814	NA
p004	9	Pulse	199	380000	16814	NA
p004	10	Picture	fix	383540	0	1	24691	1	0	next	other	0
p004	10	Pulse	199	390000	6460	NA
p004	10	Pulse	199	400000	16460	NA
p004	12	Picture	stim	408231	0	1	11011	1	0	next	incorrect	55
p004	12	Pulse	199	410000	1769	NA
p004	12	Response	32	419039	10809	1
p004	13	Picture	feedback	419242	0	1	20687	1	0	next	other	0
p004	13	Pulse	199	420000	758	NA
p004	13	Pulse	199	430000	10758	NA
p004	14	Picture	fix	439929	0	1	21522	1	0	next	other	0
p004	14	Pulse	199	440000	71	NA
p004	14	Pulse	199	450000	10071	NA
p004	14	Pulse	199	460000	20071	NA
p004	16	Picture	stim	461451	0	1	16850	1	0	next	hit	65
p004	16	Pulse	199	470000	8549	NA
p004	16	Response	16	478241	16790	1
p004	17	Picture	feedback	478301	0	1	20187	1	0	next	other	0
p004	17	Pulse	199	480000	1699	NA
p004	17	Pulse	199	490000	11699	NA
p004	18	Picture	fix	498488	0	1	22022	1	0	next	other	0
p004	18	Pulse	199	500000	1512	NA
p004	18	Pulse	199	510000	11512	NA
p004	18	Pulse	199	520000	21512	NA
p004	20	Picture	stim	520510	0	1	18018	1	0	next	incorrect	75
p004	20	Pulse	199	530000	9490	NA
p004	20	Response	32	538321	17812	1
p004	21	Picture	feedback	538528	0	1	20187	1	0	next	other	0
p004	21	Pulse	199	540000	1472	NA
p004	21	Pulse	199	550000	11472	NA
p004	22	Picture	fix	558715	0	1	23690	1	0	next	other	0
p004	22	Pulse	199	560000	1285	NA
p004	22	Pulse	199	570000	11285	NA
p004	22	Pulse	199	580000	21285	NA
p004	24	Picture	stim	582405	0	1	14181	1	0	next	hit	85
p004	24	Pulse	199	590000	7595	NA
p004	24	Response	16	596399	13994	1
p004	25	Picture	feedback	596586	0	1	20187	1	0	next	other	0
p004	25	Pulse	199	600000	3414	NA
p004	25	Pulse	199	610000	13414	NA
p004	26	Pulse	199	620000	3227	NA
p004	26	Pulse	199	630000	13227	NA
p004	26	Pulse	199	640000	23227	NA
p004	26	Pulse	199	650000	33227	NA
p004	26	Pulse	199	660000	43227	NA
p004	26	Pulse	199	670000	53227	NA
p004	26	Pulse	199	680000	63227	NA
p004	26	Pulse	199	690000	73227	NA
p004	26	Pulse	199	700000	83227	NA
p004	26	Pulse	199	710000	93227	NA
p004	26	Pulse	199	720000	103227	NA
p004	26	Pulse	199	730000	113227	NA
p004	26	Response	32	739442	122669	1
p004	27	Pulse	199	740000	549	NA
p004	27	Pulse	199	750000	10549	NA
p004	27	Pulse	199	760000	20549	NA
p004	27	Pulse	199	770000	30549	NA
p004	27	Pulse	199	780000	40549	NA
p004	27	Pulse	199	790000	50549	NA
p004	28	Picture	fix	790112	0	1	28529	1	0	next	other	0
p004	28	Pulse	199	800000	9888	NA
p004	28	Pulse	199	810000	19888	NA
p004	30	Picture	stim	818641	0	1	25192	1	0	25000	hit	114
p004	30	Pulse	199	820000	1359	NA
p004	30	Pulse	199	830000	11359	NA
p004	30	Response	16	836001	17360	1
p004	30	Pulse	199	840000	21359	NA
p004	31	Picture	fix2	843833	0	1	11178	1	0	next	other	0
p004	31	Pulse	199	850000	6167	NA
p004	32	Picture	feedback	855011	0	1	20687	1	0	next	other	0
p004	32	Pulse	199	860000	4989	NA
p004	32	Pulse	199	870000	14989	NA
p004	33	Picture	fix	875698	0	1	18685	1	0	next	other	0
p004	33	Pulse	199	880000	4302	NA
p004	33	Pulse	199	890000	14302	NA
p004	35	Picture	stim	894383	0	1	25192	1	0	25000	hit	127
p004	35	Pulse	199	900000	5617	NA
p004	35	Pulse	199	910000	15617	NA
p004	35	Response	16	912081	17697	1
p004	36	Picture	fix2	919575	0	1	14848	1	0	next	other	0
p004	36	Pulse	199	920000	425	NA
p004	36	Pulse	199	930000	10425	NA
p004	37	Picture	feedback	934423	0	1	20687	1	0	next	other	0
p004	37	Pulse	199	940000	5577	NA
p004	37	Pulse	199	950000	15577	NA
p004	38	Picture	fix	955111	0	1	24858	1	0	next	other	0
p004	38	Pulse	199	960000	4889	NA
p004	38	Pulse	199	970000	14889	NA
p004	40	Picture	stim	979969	0	1	25192	1	0	25000	incorrect	141
p004	40	Pulse	199	980000	31	NA
p004	40	Pulse	199	990000	10031	NA
p004	40	Pulse	199	1000000	20031	NA
p004	40	Response	32	1000961	20993	1
p004	41	Picture	fix2	1005161	0	1	16016	1	0	next	other	0
p004	41	Pulse	199	1010000	4839	NA
p004	41	Pulse	199	1020000	14839	NA
p004	42	Picture	feedback	1021177	0	1	20187	1	0	next	other	0
p004	42	Pulse	199	1030000	8823	NA
p004	42	Pulse	199	1040000	18823	NA
p004	43	Picture	fix	1041363	0	1	19353	1	0	next	other	0
p004	43	Pulse	199	1050000	8637	NA
p004	43	Pulse	199	1060000	18637	NA
p004	45	Picture	stim	1060716	0	1	25192	1	0	25000	miss	0
p004	45	Pulse	199	1070000	9284	NA
p004	45	Pulse	199	1080000	19284	NA
p004	46	Picture	fix2	1085908	0	1	16517	1	0	next	other	0
p004	46	Response	16	1086562	654	1
p004	46	Pulse	199	1090000	4092	NA
p004	46	Pulse	199	1100000	14092	NA
p004	47	Picture	feedback	1102424	0	1	20521	1	0	next	other	0
p004	47	Pulse	199	1110000	7576	NA
p004	47	Pulse	199	1120000	17576	NA
p004	48	Picture	fix	1122945	0	1	29363	1	0	next	other	0
p004	48	Pulse	199	1130000	7055	NA
p004	48	Pulse	199	1140000	17055	NA
p004	48	Pulse	199	1150000	27055	NA
p004	50	Picture	stim	1152308	0	1	25192	1	0	25000	incorrect	168
p004	50	Pulse	199	1160000	7692	NA
p004	50	Pulse	199	1170000	17692	NA
p004	50	Response	32	1173440	21132	1
p004	51	Picture	fix2	1177499	0	1	16016	1	0	next	other	0
p004	51	Pulse	199	1180000	2501	NA
p004	51	Pulse	199	1190000	12501	NA
p004	52	Picture	feedback	1193515	0	1	20187	1	0	next	other	0
p004	52	Pulse	199	1200000	6485	NA
p004	52	Pulse	199	1210000	16485	NA
p004	53	Picture	fix	1213702	0	1	32199	1	0	next	other	0
p004	53	Pulse	199	1220000	6298	NA
p004	53	Pulse	199	1230000	16298	NA
p004	53	Pulse	199	1240000	26298	NA
p004	55	Picture	stim	1245901	0	1	25192	1	0	25000	hit	182
p004	55	Pulse	199	1250000	4099	NA
p004	55	Pulse	199	1260000	14099	NA
p004	55	Response	16	1264720	18819	1
p004	55	Pulse	199	1270000	24099	NA
p004	56	Picture	fix2	1271093	0	1	24358	1	0	next	other	0
p004	56	Pulse	199	1280000	8907	NA
p004	56	Pulse	199	1290000	18907	NA
p004	57	Picture	feedback	1295451	0	1	20187	1	0	next	other	0
p004	57	Pulse	199	1300000	4549	NA
p004	57	Pulse	199	1310000	14549	NA
p004	58	Picture	fix	1315637	0	1	23524	1	0	next	other	0
p004	58	Pulse	199	1320000	4363	NA
p004	58	Pulse	199	1330000	14363	NA
p004	60	Picture	stim	1339161	0	1	25192	1	0	25000	hit	196
p004	60	Pulse	199	1340000	839	NA
p004	60	Pulse	199	1350000	10839	NA
p004	60	Response	16	1358400	19239	1
p004	60	Pulse	199	1360000	20839	NA
p004	61	Picture	fix2	1364353	0	1	21355	1	0	next	other	0
p004	61	Pulse	199	1370000	5647	NA
p004	61	Pulse	199	1380000	15647	NA
p004	62	Picture	feedback	1385707	0	1	20687	1	0	next	other	0
p004	62	Pulse	199	1390000	4293	NA
p004	62	Pulse	199	1400000	14293	NA
p004	63	Picture	fix	1406395	0	1	28529	1	0	next	other	0
p004	63	Pulse	199	1410000	3605	NA
p004	63	Pulse	199	1420000	13605	NA
p004	63	Pulse	199	1430000	23605	NA
p004	65	Picture	stim	1434923	0	1	25192	1	0	25000	incorrect	210
p004	65	Pulse	199	1440000	5077	NA
p004	65	Response	32	1449999	15075	1
p004	65	Pulse	199	1450000	15077	NA
p004	65	Pulse	199	1460000	25077	NA
p004	66	Picture	fix2	1460115	0	1	16350	1	0	next	other	0
p004	66	Pulse	199	1470000	9885	NA
p004	67	Picture	feedback	1476465	0	1	20187	1	0	next	other	0
p004	67	Pulse	199	1480000	3535	NA
p004	67	Pulse	199	1490000	13535	NA
p004	68	Picture	fix	1496652	0	1	33200	1	0	next	other	0
p004	68	Pulse	199	1500000	3348	NA
p004	68	Pulse	199	1510000	13348	NA
p004	68	Pulse	199	1520000	23348	NA
p004	70	Picture	stim	1529851	0	1	25192	1	0	25000	incorrect	225
p004	70	Pulse	199	1530000	149	NA
p004	70	Pulse	199	1540000	10149	NA
p004	70	Response	32	1549679	19828	1
p004	70	Pulse	199	1550000	20149	NA
p004	71	Picture	fix2	1555210	0	1	16183	1	0	next	other	0
p004	71	Pulse	199	1560000	4790	NA
p004	71	Pulse	199	1570000	14790	NA
p004	72	Picture	feedback	1571393	0	1	20187	1	0	next	other	0
p004	72	Pulse	199	1580000	8607	NA
p004	72	Pulse	199	1590000	18607	NA
p004	73	Picture	fix	1591580	0	1	22022	1	0	next	other	0
p004	73	Pulse	199	1600000	8420	NA
p004	73	Pulse	199	1610000	18420	NA
p004	75	Picture	stim	1613602	0	1	25192	1	0	25000	hit	238
p004	75	Pulse	199	1620000	6398	NA
p004	75	Response	16	1626801	13200	1
p004	75	Pulse	199	1630000	16398	NA
p004	76	Picture	fix2	1638794	0	1	23357	1	0	next	other	0
p004	76	Pulse	199	1640000	1206	NA
p004	76	Pulse	199	1650000	11206	NA
p004	76	Pulse	199	1660000	21206	NA
p004	77	Picture	feedback	1662150	0	1	20187	1	0	next	other	0
p004	77	Pulse	199	1670000	7850	NA
p004	77	Pulse	199	1680000	17850	NA
p004	78	Picture	fix	1682337	0	1	27361	1	0	next	other	0
p004	78	Pulse	199	1690000	7663	NA
p004	78	Pulse	199	1700000	17663	NA
p004	80	Picture	stim	1709698	0	1	25192	1	0	25000	hit	254
p004	80	Pulse	199	1710000	302	NA
p004	80	Pulse	199	1720000	10302	NA
p004	80	Pulse	199	1730000	20302	NA
p004	80	Response	16	1731441	21743	1
p004	81	Picture	fix2	1734890	0	1	13847	1	0	next	other	0
p004	81	Pulse	199	1740000	5110	NA
p004	82	Picture	feedback	1748737	0	1	20187	1	0	next	other	0
p004	82	Pulse	199	1750000	1263	NA
p004	82	Pulse	199	1760000	11263	NA
p004	83	Picture	fix	1768924	0	1	30697	1	0	next	other	0
p004	83	Pulse	199	1770000	1076	NA
p004	83	Pulse	199	1780000	11076	NA
p004	83	Pulse	199	1790000	21076	NA
p004	85	Picture	stim	1799621	0	1	25192	1	0	25000	hit	267
p004	85	Pulse	199	1800000	379	NA
p004	85	Pulse	199	1810000	10379	NA
p004	85	Response	16	1818240	18619	1
p004	85	Pulse	199	1820000	20379	NA
p004	86	Picture	fix2	1824980	0	1	18018	1	0	next	other	0
p004	86	Pulse	199	1830000	5020	NA
p004	86	Pulse	199	1840000	15020	NA
p004	87	Picture	feedback	1842998	0	1	20187	1	0	next	other	0
p004	87	Pulse	199	1850000	7002	NA
p004	87	Pulse	199	1860000	17002	NA
p004	88	Picture	fix	1863184	0	1	26026	1	0	next	other	0
p004	88	Pulse	199	1870000	6816	NA
p004	88	Pulse	199	1880000	16816	NA
p004	90	Picture	stim	1889210	0	1	25192	1	0	25000	incorrect	281
p004	90	Pulse	199	1890000	790	NA
p004	90	Pulse	199	1900000	10790	NA
p004	90	Response	32	1901120	11910	1
p004	90	Pulse	199	1910000	20790	NA
p004	91	Picture	fix2	1914402	0	1	16683	1	0	next	other	0
p004	91	Pulse	199	1920000	5598	NA
p004	91	Pulse	199	1930000	15598	NA
p004	92	Picture	feedback	1931086	0	1	20187	1	0	next	other	0
p004	92	Pulse	199	1940000	8914	NA
p004	92	Pulse	199	1950000	18914	NA
p004	93	Picture	fix	1951272	0	1	34034	1	0	next	other	0
p004	93	Pulse	199	1960000	8728	NA
p004	93	Pulse	199	1970000	18728	NA
p004	93	Pulse	199	1980000	28728	NA
p004	95	Picture	stim	1985306	0	1	25192	1	0	25000	miss	0
p004	95	Pulse	199	1990000	4694	NA
p004	95	Pulse	199	2000000	14694	NA
p004	95	Pulse	199	2010000	24694	NA
p004	96	Picture	fix2	2010498	0	1	20520	1	0	next	other	0
p004	96	Response	32	2010962	464	1
p004	96	Pulse	199	2020000	9502	NA
p004	96	Pulse	199	2030000	19502	NA
p004	97	Picture	feedback	2031019	0	1	20187	1	0	next	other	0
p004	97	Pulse	199	2040000	8981	NA
p004	97	Pulse	199	2050000	18981	NA
p004	98	Picture	fix	2051206	0	1	23690	1	0	next	other	0
p004	98	Pulse	199	2060000	8794	NA
p004	98	Pulse	199	2070000	18794	NA
p004	100	Picture	stim	2074896	0	1	25192	1	0	25000	incorrect	310
p004	100	Pulse	199	2080000	5104	NA
p004	100	Pulse	199	2090000	15104	NA
p004	100	Response	32	2098800	23904	1
p004	100	Pulse	199	2100000	25104	NA
p004	101	Picture	fix2	2100088	0	1	18018	1	0	next	other	0
p004	101	Pulse	199	2110000	9912	NA
p004	102	Picture	feedback	2118106	0	1	20187	1	0	next	other	0
p004	102	Pulse	199	2120000	1894	NA
p004	102	Pulse	199	2130000	11894	NA
p004	103	Picture	fix	2138293	0	1	24524	1	0	next	other	0
p004	103	Pulse	199	2140000	1707	NA
p004	103	Pulse	199	2150000	11707	NA
p004	103	Pulse	199	2160000	21707	NA
p004	105	Picture	stim	2162817	0	1	25192	1	0	25000	hit	324
p004	105	Pulse	199	2170000	7183	NA
p004	105	Pulse	199	2180000	17183	NA
p004	105	Response	16	2182961	20144	1
p004	106	Picture	fix2	2188009	0	1	25859	1	0	next	other	0
p004	106	Pulse	199	2190000	1991	NA
p004	106	Pulse	199	2200000	11991	NA
p004	106	Pulse	199	2210000	21991	NA
p004	107	Picture	feedback	2213868	0	1	20187	1	0	next	other	0
p004	107	Pulse	199	2220000	6132	NA
p004	107	Pulse	199	2230000	16132	NA
p004	108	Picture	fix	2234055	0	1	29196	1	0	next	other	0
p004	108	Pulse	199	2240000	5945	NA
p004	108	Pulse	199	2250000	15945	NA
p004	108	Pulse	199	2260000	25945	NA
p004	110	Picture	stim	2263251	0	1	25192	1	0	25000	miss	0
p004	110	Pulse	199	2270000	6749	NA
p004	110	Pulse	199	2280000	16749	NA
p004	111	Picture	fix2	2288443	0	1	13013	1	0	next	other	0
p004	111	Response	32	2289759	1316	1
p004	111	Pulse	199	2290000	1557	NA
p004	111	Pulse	199	2300000	11557	NA
p004	112	Picture	feedback	2301456	0	1	20187	1	0	next	other	0
p004	112	Pulse	199	2310000	8544	NA
p004	112	Pulse	199	2320000	18544	NA
p004	113	Picture	fix	2321642	0	1	16350	1	0	next	other	0
p004	113	Pulse	199	2330000	8358	NA
p004	115	Picture	stim	2337992	0	1	25192	1	0	25000	hit	351
p004	115	Pulse	199	2340000	2008	NA
p004	115	Pulse	199	2350000	12008	NA
p004	115	Response	16	2357839	19847	1
p004	115	Pulse	199	2360000	22008	NA
p004	116	Picture	fix2	2363184	0	1	29363	1	0	next	other	0
p004	116	Pulse	199	2370000	6816	NA
p004	116	Pulse	199	2380000	16816	NA
p004	116	Pulse	199	2390000	26816	NA
p004	117	Picture	feedback	2392547	0	1	20187	1	0	next	other	0
p004	117	Pulse	199	2400000	7453	NA
p004	117	Pulse	199	2410000	17453	NA
p004	118	Picture	fix	2412733	0	1	26527	1	0	next	other	0
p004	118	Pulse	199	2420000	7267	NA
p004	118	Pulse	199	2430000	17267	NA
p004	120	Picture	stim	2439260	0	1	25192	1	0	25000	miss	0
p004	120	Pulse	199	2440000	740	NA
p004	120	Pulse	199	2450000	10740	NA
p004	120	Pulse	199	2460000	20740	NA
p004	121	Picture	fix2	2464452	0	1	9176	1	0	next	other	0
p004	121	Response	16	2464881	429	1
p004	121	Pulse	199	2470000	5548	NA
p004	122	Picture	feedback	2473628	0	1	20187	1	0	next	other	0
p004	122	Pulse	199	2480000	6372	NA
p004	122	Pulse	199	2490000	16372	NA
p004	123	Picture	fix	2493814	0	1	20521	1	0	next	other	0
p004	123	Pulse	199	2500000	6186	NA
p004	123	Pulse	199	2510000	16186	NA
p004	125	Picture	stim	2514335	0	1	25192	1	0	25000	hit	379
p004	125	Pulse	199	2520000	5665	NA
p004	125	Pulse	199	2530000	15665	NA
p004	125	Response	16	2530000	15665	1
p004	126	Picture	fix2	2539527	0	1	26193	1	0	next	other	0
p004	126	Pulse	199	2540000	473	NA
p004	126	Pulse	199	2550000	10473	NA
p004	126	Pulse	199	2560000	20473	NA
p004	127	Picture	feedback	2565720	0	1	20187	1	0	next	other	0
p004	127	Pulse	199	2570000	4280	NA
p004	127	Pulse	199	2580000	14280	NA
p004	128	Picture	fix	2585906	0	1	26360	1	0	next	other	0
p004	128	Pulse	199	2590000	4094	NA
p004	128	Pulse	199	2600000	14094	NA
p004	128	Pulse	199	2610000	24094	NA
p004	130	Picture	stim	2612266	0	1	25192	1	0	25000	incorrect	394
p004	130	Pulse	199	2620000	7734	NA
p004	130	Pulse	199	2630000	17734	NA
p004	130	Response	32	2630881	18614	1
p004	131	Picture	fix2	2637458	0	1	16850	1	0	next	other	0
p004	131	Pulse	199	2640000	2542	NA
p004	131	Pulse	199	2650000	12542	NA
p004	132	Picture	feedback	2654308	0	1	20187	1	0	next	other	0
p004	132	Pulse	199	2660000	5692	NA
p004	132	Pulse	199	2670000	15692	NA
p004	133	Picture	fix	2674495	0	1	28862	1	0	next	other	0
p004	133	Pulse	199	2680000	5505	NA
p004	133	Pulse	199	2690000	15505	NA
p004	133	Pulse	199	2700000	25505	NA
p004	135	Picture	stim	2703357	0	1	25192	1	0	25000	incorrect	407
p004	135	Pulse	199	2710000	6643	NA
p004	135	Response	32	2718001	14644	1
p004	135	Pulse	199	2720000	16643	NA
p004	136	Picture	fix2	2728549	0	1	20020	1	0	next	other	0
p004	136	Pulse	199	2730000	1451	NA
p004	136	Pulse	199	2740000	11451	NA
p004	137	Picture	feedback	2748569	0	1	20187	1	0	next	other	0
p004	137	Pulse	199	2750000	1431	NA
p004	137	Pulse	199	2760000	11431	NA
p004	138	Picture	fix	2768756	0	1	17684	1	0	next	other	0
p004	138	Pulse	199	2770000	1244	NA
p004	138	Pulse	199	2780000	11244	NA
p004	140	Picture	stim	2786440	0	1	25192	1	0	25000	hit	422
p004	140	Pulse	199	2790000	3560	NA
p004	140	Pulse	199	2800000	13560	NA
p004	140	Pulse	199	2810000	23560	NA
p004	140	Response	16	2810402	23962	1
p004	141	Picture	fix2	2811799	0	1	16683	1	0	next	other	0
p004	141	Pulse	199	2820000	8201	NA
p004	142	Picture	feedback	2828482	0	1	20187	1	0	next	other	0
p004	142	Pulse	199	2830000	1518	NA
p004	142	Pulse	199	2840000	11518	NA
p004	143	Picture	fix	2848669	0	1	23690	1	0	next	other	0
p004	143	Pulse	199	2850000	1331	NA
p004	143	Pulse	199	2860000	11331	NA
p004	143	Pulse	199	2870000	21331	NA
p004	145	Picture	stim	2872359	0	1	25192	1	0	25000	incorrect	435
p004	145	Pulse	199	2880000	7641	NA
p004	145	Pulse	199	2890000	17641	NA
p004	145	Response	32	2892881	20522	1
p004	146	Picture	fix2	2897551	0	1	15849	1	0	next	other	0
p004	146	Pulse	199	2900000	2449	NA
p004	146	Pulse	199	2910000	12449	NA
p004	147	Picture	feedback	2913400	0	1	20187	1	0	next	other	0
p004	147	Pulse	199	2920000	6600	NA
p004	147	Pulse	199	2930000	16600	NA
p004	148	Picture	fix	2933587	0	1	26860	1	0	next	other	0
p004	148	Pulse	199	2940000	6413	NA
p004	148	Pulse	199	2950000	16413	NA
p004	148	Pulse	199	2960000	26413	NA
p004	150	Picture	stim	2960447	0	1	25192	1	0	25000	incorrect	449
p004	150	Pulse	199	2970000	9553	NA
p004	150	Pulse	199	2980000	19553	NA
p004	150	Response	32	2981840	21393	1
p004	151	Picture	fix2	2985806	0	1	21688	1	0	next	other	0
p004	151	Pulse	199	2990000	4194	NA
p004	151	Pulse	199	3000000	14194	NA
p004	152	Picture	feedback	3007494	0	1	20187	1	0	next	other	0
p004	152	Pulse	199	3010000	2506	NA
p004	152	Pulse	199	3020000	12506	NA
p004	153	Picture	fix	3027681	0	1	25359	1	0	next	other	0
p004	153	Pulse	199	3030000	2319	NA
p004	153	Pulse	199	3040000	12319	NA
p004	153	Pulse	199	3050000	22319	NA
p004	155	Picture	stim	3053040	0	1	25192	1	0	25000	hit	463
p004	155	Pulse	199	3060000	6960	NA
p004	155	Pulse	199	3070000	16960	NA
p004	155	Response	16	3071041	18001	1
p004	156	Picture	fix2	3078232	0	1	21855	1	0	next	other	0
p004	156	Pulse	199	3080000	1768	NA
p004	156	Pulse	199	3090000	11768	NA
p004	156	Pulse	199	3100000	21768	NA
p004	157	Picture	feedback	3100087	0	1	20187	1	0	next	other	0
p004	157	Pulse	199	3110000	9913	NA
p004	157	Pulse	199	3120000	19913	NA
p004	158	Picture	fix	3120274	0	1	31198	1	0	next	other	0
p004	158	Pulse	199	3130000	9726	NA
p004	158	Pulse	199	3140000	19726	NA
p004	158	Pulse	199	3150000	29726	NA
p004	160	Picture	stim	3151471	0	1	25192	1	0	25000	incorrect	478
p004	160	Pulse	199	3160000	8529	NA
p004	160	Pulse	199	3170000	18529	NA
p004	160	Response	32	3172720	21249	1
p004	161	Picture	fix2	3176830	0	1	11511	1	0	next	other	0
p004	161	Pulse	199	3180000	3170	NA
p004	162	Picture	feedback	3188342	0	1	20187	1	0	next	other	0
p004	162	Pulse	199	3190000	1658	NA
p004	162	Pulse	199	3200000	11658	NA
p004	163	Picture	fix	3208528	0	1	25192	1	0	next	other	0
p004	163	Pulse	199	3210000	1472	NA
p004	163	Pulse	199	3220000	11472	NA
p004	163	Pulse	199	3230000	21472	NA
p004	165	Picture	stim	3233720	0	1	25192	1	0	25000	hit	491
p004	165	Pulse	199	3240000	6280	NA
p004	165	Pulse	199	3250000	16280	NA
p004	165	Response	16	3253201	19480	1
p004	166	Picture	fix2	3258912	0	1	14014	1	0	next	other	0
p004	166	Pulse	199	3260000	1088	NA
p004	166	Pulse	199	3270000	11088	NA
p004	167	Picture	feedback	3272926	0	1	20187	1	0	next	other	0
p004	167	Pulse	199	3280000	7074	NA
p004	167	Pulse	199	3290000	17074	NA
p004	168	Picture	fix	3293113	0	1	26860	1	0	next	other	0
p004	168	Pulse	199	3300000	6887	NA
p004	168	Pulse	199	3310000	16887	NA
p004	170	Picture	stim	3319973	0	1	25192	1	0	25000	hit	505
p004	170	Pulse	199	3320000	27	NA
p004	170	Pulse	199	3330000	10027	NA
p004	170	Pulse	199	3340000	20027	NA
p004	170	Response	16	3341681	21708	1
p004	171	Picture	fix2	3345165	0	1	22022	1	0	next	other	0
p004	171	Pulse	199	3350000	4835	NA
p004	171	Pulse	199	3360000	14835	NA
p004	172	Picture	feedback	3367187	0	1	20187	1	0	next	other	0
p004	172	Pulse	199	3370000	2813	NA
p004	172	Pulse	199	3380000	12813	NA
p004	173	Picture	fix	3387374	0	1	29029	1	0	next	other	0
p004	173	Pulse	199	3390000	2626	NA
p004	173	Pulse	199	3400000	12626	NA
p004	173	Pulse	199	3410000	22626	NA
p004	175	Picture	stim	3416403	0	1	25192	1	0	25000	incorrect	519
p004	175	Pulse	199	3420000	3597	NA
p004	175	Pulse	199	3430000	13597	NA
p004	175	Response	32	3432001	15598	1
p004	175	Pulse	199	3440000	23597	NA
p004	176	Picture	fix2	3441595	0	1	17851	1	0	next	other	0
p004	176	Pulse	199	3450000	8405	NA
p004	177	Picture	feedback	3459446	0	1	20187	1	0	next	other	0
p004	177	Pulse	199	3460000	554	NA
p004	177	Pulse	199	3470000	10554	NA
p004	178	Picture	fix	3479633	0	1	24691	1	0	next	other	0
p004	178	Pulse	199	3480000	367	NA
p004	178	Pulse	199	3490000	10367	NA
p004	178	Pulse	199	3500000	20367	NA
p004	180	Picture	stim	3504324	0	1	25192	1	0	25000	hit	533
p004	180	Pulse	199	3510000	5676	NA
p004	180	Pulse	199	3520000	15676	NA
p004	180	Response	16	3520799	16475	1
p004	181	Picture	fix2	3529516	0	1	26360	1	0	next	other	0
p004	181	Pulse	199	3530000	484	NA
p004	181	Pulse	199	3540000	10484	NA
p004	181	Pulse	199	3550000	20484	NA
p004	182	Picture	feedback	3555875	0	1	20187	1	0	next	other	0
p004	182	Pulse	199	3560000	4125	NA
p004	182	Pulse	199	3570000	14125	NA
p004	183	Picture	fix	3576062	0	1	19019	1	0	next	other	0
p004	183	Pulse	199	3580000	3938	NA
p004	183	Pulse	199	3590000	13938	NA
p004	185	Picture	stim	3595081	0	1	25192	1	0	25000	incorrect	547
p004	185	Pulse	199	3600000	4919	NA
p004	185	Pulse	199	3610000	14919	NA
p004	185	Response	32	3611041	15960	1
p004	185	Pulse	199	3620000	24919	NA
p004	186	Picture	fix2	3620273	0	1	21355	1	0	next	other	0
p004	186	Pulse	199	3630000	9727	NA
p004	186	Pulse	199	3640000	19727	NA
p004	187	Picture	feedback	3641628	0	1	20187	1	0	next	other	0
p004	187	Pulse	199	3650000	8372	NA
p004	187	Pulse	199	3660000	18372	NA
p004	188	Picture	fix	3661815	0	1	20020	1	0	next	other	0
p004	188	Pulse	199	3670000	8185	NA
p004	188	Pulse	199	3680000	18185	NA
p004	190	Picture	stim	3681835	0	1	25192	1	0	25000	incorrect	561
p004	190	Pulse	199	3690000	8165	NA
p004	190	Pulse	199	3700000	18165	NA
p004	190	Response	32	3704720	22886	1
p004	191	Picture	fix2	3707193	0	1	25859	1	0	next	other	0
p004	191	Pulse	199	3710000	2807	NA
p004	191	Pulse	199	3720000	12807	NA
p004	191	Pulse	199	3730000	22807	NA
p004	192	Picture	feedback	3733052	0	1	20187	1	0	next	other	0
p004	192	Pulse	199	3740000	6948	NA
p004	192	Pulse	199	3750000	16948	NA
p004	193	Picture	fix	3753239	0	1	29696	1	0	next	other	0
p004	193	Pulse	199	3760000	6761	NA
p004	193	Pulse	199	3770000	16761	NA
p004	193	Pulse	199	3780000	26761	NA
p004	195	Picture	stim	3782936	0	1	25192	1	0	25000	hit	576
p004	195	Pulse	199	3790000	7064	NA
p004	195	Pulse	199	3800000	17064	NA
p004	195	Response	16	3800801	17865	1
p004	196	Picture	fix2	3808127	0	1	13347	1	0	next	other	0
p004	196	Pulse	199	3810000	1873	NA
p004	196	Pulse	199	3820000	11873	NA
p004	197	Picture	feedback	3821474	0	1	20187	1	0	next	other	0
p004	197	Pulse	199	3830000	8526	NA
p004	197	Pulse	199	3840000	18526	NA
p004	198	Picture	fix	3841661	0	1	22856	1	0	next	other	0
p004	198	Pulse	199	3850000	8339	NA
p004	198	Pulse	199	3860000	18339	NA
p004	200	Picture	stim	3864517	0	1	25192	1	0	25000	incorrect	589
p004	200	Pulse	199	3870000	5483	NA
p004	200	Pulse	199	3880000	15483	NA
p004	200	Response	32	3882723	18206	1
p004	201	Picture	fix2	3889709	0	1	24191	1	0	next	other	0
p004	201	Pulse	199	3890000	291	NA
p004	201	Pulse	199	3900000	10291	NA
p004	201	Pulse	199	3910000	20291	NA
p004	202	Picture	feedback	3913900	0	1	20187	1	0	next	other	0
p004	202	Pulse	199	3920000	6100	NA
p004	202	Pulse	199	3930000	16100	NA
p004	203	Picture	fix	3934087	0	1	23524	1	0	next	other	0
p004	203	Pulse	199	3940000	5913	NA
p004	203	Pulse	199	3950000	15913	NA
p004	205	Picture	stim	3957610	0	1	25192	1	0	25000	incorrect	603
p004	205	Pulse	199	3960000	2390	NA
p004	205	Pulse	199	3970000	12390	NA
p004	205	Response	32	3977682	20072	1
p004	205	Pulse	199	3980000	22390	NA
p004	206	Picture	fix2	3982802	0	1	10844	1	0	next	other	0
p004	206	Pulse	199	3990000	7198	NA
p004	207	Picture	feedback	3993646	0	1	20187	1	0	next	other	0
p004	207	Pulse	199	4000000	6354	NA
p004	207	Pulse	199	4010000	16354	NA
p004	208	Picture	fix	4013833	0	1	22022	1	0	next	other	0
p004	208	Pulse	199	4020000	6167	NA
p004	208	Pulse	199	4030000	16167	NA
p004	210	Picture	stim	4035855	0	1	25192	1	0	25000	hit	616
p004	210	Pulse	199	4040000	4145	NA
p004	210	Pulse	199	4050000	14145	NA
p004	210	Response	16	4057120	21265	1
p004	210	Pulse	199	4060000	24145	NA
p004	211	Picture	fix2	4061047	0	1	17351	1	0	next	other	0
p004	211	Pulse	199	4070000	8953	NA
p004	212	Picture	feedback	4078397	0	1	20187	1	0	next	other	0
p004	212	Pulse	199	4080000	1603	NA
p004	212	Pulse	199	4090000	11603	NA
p004	213	Picture	fix	4098584	0	1	37538	1	0	next	other	0
p004	213	Pulse	199	4100000	1416	NA
p004	213	Pulse	199	4110000	11416	NA
p004	213	Pulse	199	4120000	21416	NA
p004	213	Pulse	199	4130000	31416	NA
p004	215	Picture	stim	4136122	0	1	25192	1	0	25000	incorrect	632
p004	215	Pulse	199	4140000	3878	NA
p004	215	Pulse	199	4150000	13878	NA
p004	215	Pulse	199	4160000	23878	NA
p004	215	Response	32	4160480	24359	1
p004	216	Picture	fix2	4161314	0	1	18685	1	0	next	other	0
p004	216	Pulse	199	4170000	8686	NA
p004	217	Picture	feedback	4179999	0	1	20187	1	0	next	other	0
p004	217	Pulse	199	4180000	1	NA
p004	217	Pulse	199	4190000	10001	NA
p004	217	Pulse	199	4200000	20001	NA
p004	218	Picture	fix	4200186	0	1	28028	1	0	next	other	0
p004	218	Pulse	199	4210000	9814	NA
p004	218	Pulse	199	4220000	19814	NA
p004	220	Picture	stim	4228214	0	1	25192	1	0	25000	hit	646
p004	220	Pulse	199	4230000	1786	NA
p004	220	Pulse	199	4240000	11786	NA
p004	220	Pulse	199	4250000	21786	NA
p004	220	Response	16	4252800	24587	1
p004	221	Picture	fix2	4253406	0	1	15182	1	0	next	other	0
p004	221	Pulse	199	4260000	6594	NA
p004	222	Picture	feedback	4268588	0	1	20187	1	0	next	other	0
p004	222	Pulse	199	4270000	1413	NA
p004	222	Pulse	199	4280000	11413	NA
p004	223	Picture	fix	4288774	0	1	22356	1	0	next	other	0
p004	223	Pulse	199	4290000	1226	NA
p004	223	Pulse	199	4300000	11226	NA
p004	223	Pulse	199	4310000	21226	NA
p004	225	Picture	stim	4311130	0	1	25192	1	0	25000	incorrect	658
p004	225	Pulse	199	4320000	8870	NA
p004	225	Response	32	4329600	18470	1
p004	225	Pulse	199	4330000	18870	NA
p004	226	Picture	fix2	4336489	0	1	22522	1	0	next	other	0
p004	226	Pulse	199	4340000	3511	NA
p004	226	Pulse	199	4350000	13511	NA
p004	227	Picture	feedback	4359011	0	1	20187	1	0	next	other	0
p004	227	Pulse	199	4360000	989	NA
p004	227	Pulse	199	4370000	10989	NA
p004	228	Picture	fix	4379198	0	1	26860	1	0	next	other	0
p004	228	Pulse	199	4380000	802	NA
p004	228	Pulse	199	4390000	10802	NA
p004	228	Pulse	199	4400000	20802	NA
p004	230	Picture	stim	4406058	0	1	25192	1	0	25000	hit	673
p004	230	Pulse	199	4410000	3942	NA
p004	230	Pulse	199	4420000	13942	NA
p004	230	Response	16	4429520	23462	1
p004	230	Pulse	199	4430000	23942	NA
p004	230	Response	32	4431121	25062	1
p004	231	Picture	fix2	4431417	0	1	21688	1	0	next	other	0
p004	231	Pulse	199	4440000	8583	NA
p004	231	Pulse	199	4450000	18583	NA
p004	232	Picture	feedback	4453105	0	1	20187	1	0	next	other	0
p004	232	Response	32	4457122	4017	1
p004	232	Pulse	199	4460000	6895	NA
p004	232	Pulse	199	4470000	16895	NA
p004	233	Picture	fix	4473292	0	1	35869	1	0	next	other	0
p004	233	Pulse	199	4480000	6708	NA
p004	233	Pulse	199	4490000	16708	NA
p004	233	Pulse	199	4500000	26708	NA
p004	235	Picture	stim	4509161	0	1	25191	1	0	25000	hit	691
p004	235	Pulse	199	4510000	839	NA
p004	235	Pulse	199	4520000	10839	NA
p004	235	Pulse	199	4530000	20839	NA
p004	235	Response	16	4530160	20999	1
p004	236	Picture	fix2	4534352	0	1	29030	1	0	next	other	0
p004	236	Pulse	199	4540000	5648	NA
p004	236	Pulse	199	4550000	15648	NA
p004	236	Pulse	199	4560000	25648	NA
p004	237	Picture	feedback	4563382	0	1	20187	1	0	next	other	0
p004	237	Pulse	199	4570000	6618	NA
p004	237	Pulse	199	4580000	16618	NA
p004	238	Picture	fix	4583569	0	1	21522	1	0	next	other	0
p004	238	Pulse	199	4590000	6431	NA
p004	238	Pulse	199	4600000	16431	NA
p004	240	Picture	stim	4605090	0	1	25192	1	0	25000	incorrect	705
p004	240	Pulse	199	4610000	4910	NA
p004	240	Pulse	199	4620000	14910	NA
p004	240	Response	32	4621200	16110	1
p004	240	Pulse	199	4630000	24910	NA
p004	241	Picture	fix2	4630282	0	1	23524	1	0	next	other	0
p004	241	Pulse	199	4640000	9718	NA
p004	241	Pulse	199	4650000	19718	NA
p004	242	Picture	feedback	4653806	0	1	20187	1	0	next	other	0
p004	242	Pulse	199	4660000	6194	NA
p004	242	Pulse	199	4670000	16194	NA
p004	243	Picture	fix	4673993	0	1	17517	1	0	next	other	0
p004	243	Pulse	199	4680000	6007	NA
p004	243	Pulse	199	4690000	16007	NA
p004	245	Picture	stim	4691510	0	1	25192	1	0	25000	hit	719
p004	245	Pulse	199	4700000	8490	NA
p004	245	Pulse	199	4710000	18490	NA
p004	245	Response	16	4713999	22489	1
p004	246	Picture	fix2	4716702	0	1	14681	1	0	next	other	0
p004	246	Pulse	199	4720000	3298	NA
p004	246	Pulse	199	4730000	13298	NA
p004	247	Picture	feedback	4731383	0	1	20187	1	0	next	other	0
p004	247	Pulse	199	4740000	8617	NA
p004	247	Pulse	199	4750000	18617	NA
p004	248	Picture	fix	4751570	0	1	22356	1	0	next	other	0
p004	248	Pulse	199	4760000	8430	NA
p004	248	Pulse	199	4770000	18430	NA
p004	250	Picture	stim	4773926	0	1	25192	1	0	25000	hit	732
p004	250	Pulse	199	4780000	6074	NA
p004	250	Pulse	199	4790000	16074	NA
p004	250	Response	16	4790640	16715	1
p004	251	Picture	fix2	4799117	0	1	21355	1	0	next	other	0
p004	251	Pulse	199	4800000	883	NA
p004	251	Pulse	199	4810000	10883	NA
p004	251	Pulse	199	4820000	20883	NA
p004	252	Picture	feedback	4820472	0	1	20187	1	0	next	other	0
p004	252	Pulse	199	4830000	9528	NA
p004	252	Pulse	199	4840000	19528	NA
p004	253	Picture	fix	4840659	0	1	30030	1	0	next	other	0
p004	253	Pulse	199	4850000	9341	NA
p004	253	Pulse	199	4860000	19341	NA
p004	253	Pulse	199	4870000	29341	NA
p004	255	Picture	stim	4870689	0	1	25192	1	0	25000	hit	747
p004	255	Pulse	199	4880000	9311	NA
p004	255	Pulse	199	4890000	19311	NA
p004	255	Response	16	4894000	23311	1
p004	256	Picture	fix2	4896048	0	1	20521	1	0	next	other	0
p004	256	Pulse	199	4900000	3952	NA
p004	256	Pulse	199	4910000	13952	NA
p004	257	Picture	feedback	4916568	0	1	20187	1	0	next	other	0
p004	257	Pulse	199	4920000	3432	NA
p004	257	Pulse	199	4930000	13432	NA
p004	258	Picture	fix	4936755	0	1	28862	1	0	next	other	0
p004	258	Pulse	199	4940000	3245	NA
p004	258	Pulse	199	4950000	13245	NA
p004	258	Pulse	199	4960000	23245	NA
p004	260	Picture	stim	4965617	0	1	25192	1	0	25000	incorrect	761
p004	260	Pulse	199	4970000	4383	NA
p004	260	Pulse	199	4980000	14383	NA
p004	260	Response	32	4988400	22783	1
p004	260	Pulse	199	4990000	24383	NA
p004	261	Picture	fix2	4990809	0	1	22356	1	0	next	other	0
p004	261	Pulse	199	5000000	9191	NA
p004	261	Pulse	199	5010000	19191	NA
p004	262	Picture	feedback	5013165	0	1	20187	1	0	next	other	0
p004	262	Pulse	199	5020000	6835	NA
p004	262	Pulse	199	5030000	16835	NA
p004	263	Picture	fix	5033351	0	1	20187	1	0	next	other	0
p004	263	Pulse	199	5040000	6649	NA
p004	263	Pulse	199	5050000	16649	NA
p004	265	Picture	stim	5053538	0	1	25192	1	0	25000	incorrect	774
p004	265	Pulse	199	5060000	6462	NA
p004	265	Response	32	5066481	12943	1
p004	265	Pulse	199	5070000	16462	NA
p004	266	Picture	fix2	5078730	0	1	27694	1	0	next	other	0
p004	266	Pulse	199	5080000	1270	NA
p004	266	Pulse	199	5090000	11270	NA
p004	266	Pulse	199	5100000	21270	NA
p004	267	Picture	feedback	5106424	0	1	20187	1	0	next	other	0
p004	267	Pulse	199	5110000	3576	NA
p004	267	Pulse	199	5120000	13576	NA
p004	268	Picture	100	5126611	0	1	80080	1	0	80000	other	0
p004	268	Pulse	199	5130000	3389	NA
p004	268	Pulse	199	5140000	13389	NA
p004	268	Pulse	199	5150000	23389	NA
p004	268	Pulse	199	5160000	33389	NA
p004	268	Pulse	199	5170000	43389	NA
p004	268	Pulse	199	5180000	53389	NA
p004	268	Pulse	199	5190000	63389	NA
p004	268	Pulse	199	5200000	73389	NA
