Scenario - FeedLearn_A_2.sce
Logfile written - 09/07/2020 10:25:48

Subject	Trial	Event Type	Code	Time	TTime	Uncertainty	Duration	Uncertainty	ReqTime	ReqDur	Stim Type	Pair Index

GG	0	Pulse	199	0	0	NA
GG	0	Pulse	199	10000	10000	NA
GG	1	Pulse	199	20000	9667	NA
GG	1	Pulse	199	30000	19667	NA
GG	1	Response	16	35493	25160	0
GG	2	Pulse	199	40000	4499	NA
GG	2	Response	16	43653	8152	0
GG	2	Pulse	199	50000	14499	NA
GG	2	Pulse	199	60000	24499	NA
GG	2	Pulse	199	70000	34499	NA
GG	2	Pulse	199	80000	44499	NA
GG	2	Response	16	83254	47753	0
GG	3	Picture	fix	86225	0	1	22184	1	0	next	other	0
GG	3	Pulse	199	90000	3775	NA
GG	3	Pulse	199	100000	13775	NA
GG	5	Picture	stim	108409	0	1	20349	1	0	20000	miss	0
GG	5	Pulse	199	110000	1591	NA
GG	5	Pulse	199	120000	11591	NA
GG	6	Picture	fix2	128758	0	1	26187	1	0	next	other	0
GG	6	Pulse	199	130000	1242	NA
GG	6	Response	16	131413	2655	0
GG	6	Pulse	199	140000	11242	NA
GG	6	Pulse	199	150000	21242	NA
GG	7	Picture	feedback	154945	0	1	20349	1	0	next	other	0
GG	7	Pulse	199	160000	5055	NA
GG	7	Pulse	199	170000	15055	NA
GG	8	Picture	fix	175295	0	1	22351	1	0	next	other	0
GG	8	Pulse	199	180000	4705	NA
GG	8	Pulse	199	190000	14705	NA
GG	10	Picture	stim	197645	0	1	20349	1	0	20000	hit	32
GG	10	Pulse	199	200000	2355	NA
GG	10	Response	16	209334	11689	0
GG	10	Pulse	199	210000	12355	NA
GG	11	Picture	fix2	218161	0	1	20182	1	0	next	other	0
GG	11	Pulse	199	220000	1839	NA
GG	11	Pulse	199	230000	11839	NA
GG	12	Picture	feedback	238343	0	1	20349	1	0	next	other	0
GG	12	Pulse	199	240000	1657	NA
GG	12	Pulse	199	250000	11657	NA
GG	13	Picture	fix	258693	0	1	36028	1	0	next	other	0
GG	13	Pulse	199	260000	1307	NA
GG	13	Pulse	199	270000	11307	NA
GG	13	Pulse	199	280000	21307	NA
GG	13	Pulse	199	290000	31307	NA
GG	15	Picture	stim	294721	0	1	20182	1	0	20000	incorrect	48
GG	15	Pulse	199	300000	5279	NA
GG	15	Pulse	199	310000	15279	NA
GG	15	Response	32	310693	15973	0
GG	16	Picture	fix2	315070	0	1	11175	1	0	next	other	0
GG	16	Pulse	199	320000	4930	NA
GG	17	Picture	feedback	326245	0	1	20349	1	0	next	other	0
GG	17	Pulse	199	330000	3755	NA
GG	17	Pulse	199	340000	13755	NA
GG	18	Picture	fix	346594	0	1	22851	1	0	next	other	0
GG	18	Pulse	199	350000	3406	NA
GG	18	Pulse	199	360000	13406	NA
GG	20	Picture	stim	369445	0	1	20349	1	0	20000	hit	60
GG	20	Pulse	199	370000	555	NA
GG	20	Pulse	199	380000	10555	NA
GG	20	Response	16	380053	10608	0
GG	21	Picture	fix2	389794	0	1	21683	1	0	next	other	0
GG	21	Pulse	199	390000	206	NA
GG	21	Pulse	199	400000	10206	NA
GG	21	Pulse	199	410000	20206	NA
GG	22	Picture	feedback	411478	0	1	20683	1	0	next	other	0
GG	22	Pulse	199	420000	8522	NA
GG	22	Pulse	199	430000	18522	NA
GG	23	Picture	fix	432161	0	1	26854	1	0	next	other	0
GG	23	Pulse	199	440000	7839	NA
GG	23	Pulse	199	450000	17839	NA
GG	25	Picture	stim	459015	0	1	20349	1	0	20000	incorrect	74
GG	25	Pulse	199	460000	985	NA
GG	25	Pulse	199	470000	10985	NA
GG	25	Response	32	474774	15759	0
GG	26	Picture	fix2	479364	0	1	16179	1	0	next	other	0
GG	26	Pulse	199	480000	636	NA
GG	26	Pulse	199	490000	10636	NA
GG	27	Picture	feedback	495543	0	1	20349	1	0	next	other	0
GG	27	Pulse	199	500000	4457	NA
GG	27	Pulse	199	510000	14457	NA
GG	28	Picture	fix	515892	0	1	34026	1	0	next	other	0
GG	28	Pulse	199	520000	4108	NA
GG	28	Pulse	199	530000	14108	NA
GG	28	Pulse	199	540000	24108	NA
GG	30	Picture	stim	549919	0	1	20182	1	0	20000	incorrect	88
GG	30	Pulse	199	550000	81	NA
GG	30	Pulse	199	560000	10081	NA
GG	30	Response	32	569574	19655	0
GG	30	Pulse	199	570000	20081	NA
GG	31	Picture	fix2	570101	0	1	18848	1	0	next	other	0
GG	31	Pulse	199	580000	9899	NA
GG	32	Picture	feedback	588949	0	1	20349	1	0	next	other	0
GG	32	Pulse	199	590000	1051	NA
GG	32	Pulse	199	600000	11051	NA
GG	33	Picture	fix	609298	0	1	25520	1	0	next	other	0
GG	33	Pulse	199	610000	702	NA
GG	33	Pulse	199	620000	10702	NA
GG	33	Pulse	199	630000	20702	NA
GG	35	Picture	stim	634818	0	1	20182	1	0	20000	hit	102
GG	35	Pulse	199	640000	5182	NA
GG	35	Pulse	199	650000	15182	NA
GG	35	Response	16	653894	19076	0
GG	36	Picture	fix2	655000	0	1	14011	1	0	next	other	0
GG	36	Pulse	199	660000	5000	NA
GG	37	Picture	feedback	669011	0	1	20349	1	0	next	other	0
GG	37	Pulse	199	670000	989	NA
GG	37	Pulse	199	680000	10989	NA
GG	38	Picture	fix	689360	0	1	27355	1	0	next	other	0
GG	38	Pulse	199	690000	640	NA
GG	38	Pulse	199	700000	10640	NA
GG	38	Pulse	199	710000	20640	NA
GG	40	Picture	stim	716715	0	1	20182	1	0	20000	hit	115
GG	40	Pulse	199	720000	3285	NA
GG	40	Pulse	199	730000	13285	NA
GG	40	Response	16	732455	15740	0
GG	41	Picture	fix2	736897	0	1	20516	1	0	next	other	0
GG	41	Pulse	199	740000	3103	NA
GG	41	Pulse	199	750000	13103	NA
GG	42	Picture	feedback	757413	0	1	20683	1	0	next	other	0
GG	42	Pulse	199	760000	2587	NA
GG	42	Pulse	199	770000	12587	NA
GG	43	Picture	fix	778096	0	1	20015	1	0	next	other	0
GG	43	Pulse	199	780000	1904	NA
GG	43	Pulse	199	790000	11904	NA
GG	45	Picture	stim	798111	0	1	20349	1	0	20000	hit	127
GG	45	Pulse	199	800000	1889	NA
GG	45	Response	16	806935	8824	0
GG	45	Pulse	199	810000	11889	NA
GG	45	Response	16	812936	14825	0
GG	46	Picture	fix2	818460	0	1	16513	1	0	next	other	0
GG	46	Pulse	199	820000	1540	NA
GG	46	Pulse	199	830000	11540	NA
GG	47	Picture	feedback	834973	0	1	20349	1	0	next	other	0
GG	47	Pulse	199	840000	5027	NA
GG	47	Response	16	848135	13162	0
GG	47	Pulse	199	850000	15027	NA
GG	48	Picture	fix	855322	0	1	29110	1	0	next	other	0
GG	48	Pulse	199	860000	4678	NA
GG	48	Pulse	199	870000	14678	NA
GG	48	Quit		877736	22413	NA
