Scenario - FeedLearn_Bcomplex.sce
Logfile written - 02/13/2020 13:01:26

Subject	Trial	Event Type	Code	Time	TTime	Uncertainty	Duration	Uncertainty	ReqTime	ReqDur	Stim Type	Pair Index

DavidW	0	Pulse	199	0	0	NA
DavidW	0	Pulse	199	10000	10000	NA
DavidW	1	Pulse	199	20000	9166	NA
DavidW	1	Pulse	199	30000	19166	NA
DavidW	1	Pulse	199	40000	29166	NA
DavidW	1	Pulse	199	50000	39166	NA
DavidW	1	Pulse	199	60000	49166	NA
DavidW	1	Pulse	199	70000	59166	NA
DavidW	1	Pulse	199	80000	69166	NA
DavidW	1	Response	32	84722	73888	0
DavidW	2	Pulse	199	90000	5219	NA
DavidW	2	Pulse	199	100000	15219	NA
DavidW	2	Pulse	199	110000	25219	NA
DavidW	2	Pulse	199	120000	35219	NA
DavidW	2	Pulse	199	130000	45219	NA
DavidW	3	Picture	fix	135264	0	1	31691	1	0	next	other	0
DavidW	3	Pulse	199	140000	4736	NA
DavidW	3	Pulse	199	150000	14736	NA
DavidW	3	Pulse	199	160000	24736	NA
DavidW	5	Picture	stim	166955	0	1	20349	1	0	20000	hit	23
DavidW	5	Pulse	199	170000	3045	NA
DavidW	5	Pulse	199	180000	13045	NA
DavidW	5	Response	16	182016	15061	0
DavidW	6	Picture	fix2	187304	0	1	26854	1	0	next	other	0
DavidW	6	Pulse	199	190000	2696	NA
DavidW	6	Pulse	199	200000	12696	NA
DavidW	6	Pulse	199	210000	22696	NA
DavidW	7	Picture	feedback	214158	0	1	20516	1	0	next	other	0
DavidW	7	Pulse	199	220000	5842	NA
DavidW	7	Pulse	199	230000	15842	NA
DavidW	8	Picture	fix	234674	0	1	21183	1	0	next	other	0
DavidW	8	Pulse	199	240000	5326	NA
DavidW	8	Pulse	199	250000	15326	NA
DavidW	10	Picture	stim	255857	0	1	20349	1	0	20000	incorrect	37
DavidW	10	Pulse	199	260000	4143	NA
DavidW	10	Pulse	199	270000	14143	NA
DavidW	10	Response	32	270269	14412	0
DavidW	11	Picture	fix2	276206	0	1	10175	1	0	next	other	0
DavidW	11	Pulse	199	280000	3794	NA
DavidW	12	Picture	feedback	286381	0	1	20349	1	0	next	other	0
DavidW	12	Pulse	199	290000	3619	NA
DavidW	12	Pulse	199	300000	13619	NA
DavidW	13	Picture	fix	306730	0	1	28855	1	0	next	other	0
DavidW	13	Pulse	199	310000	3270	NA
DavidW	13	Pulse	199	320000	13270	NA
DavidW	13	Pulse	199	330000	23270	NA
DavidW	15	Picture	stim	335586	0	1	20183	1	0	20000	hit	49
DavidW	15	Pulse	199	340000	4414	NA
DavidW	15	Response	16	346761	11175	0
DavidW	15	Pulse	199	350000	14414	NA
DavidW	16	Picture	fix2	355768	0	1	23685	1	0	next	other	0
DavidW	16	Pulse	199	360000	4232	NA
DavidW	16	Pulse	199	370000	14232	NA
DavidW	17	Picture	feedback	379453	0	1	20349	1	0	next	other	0
DavidW	17	Pulse	199	380000	547	NA
DavidW	17	Pulse	199	390000	10547	NA
DavidW	18	Picture	fix	399802	0	1	33026	1	0	next	other	0
DavidW	18	Pulse	199	400000	198	NA
DavidW	18	Pulse	199	410000	10198	NA
DavidW	18	Pulse	199	420000	20198	NA
DavidW	18	Pulse	199	430000	30198	NA
DavidW	20	Picture	stim	432828	0	1	20349	1	0	20000	miss	0
DavidW	20	Pulse	199	440000	7172	NA
DavidW	20	Pulse	199	450000	17172	NA
DavidW	20	Response	32	452937	20109	1
DavidW	21	Picture	fix2	453177	0	1	21850	1	0	next	other	0
DavidW	21	Pulse	199	460000	6823	NA
DavidW	21	Pulse	199	470000	16823	NA
DavidW	22	Picture	feedback	475027	0	1	20349	1	0	next	other	0
DavidW	22	Pulse	199	480000	4973	NA
DavidW	22	Pulse	199	490000	14973	NA
DavidW	23	Picture	fix	495377	0	1	31858	1	0	next	other	0
DavidW	23	Pulse	199	500000	4623	NA
DavidW	23	Pulse	199	510000	14623	NA
DavidW	23	Pulse	199	520000	24623	NA
DavidW	25	Picture	stim	527235	0	1	20349	1	0	20000	incorrect	79
DavidW	25	Pulse	199	530000	2765	NA
DavidW	25	Pulse	199	540000	12765	NA
DavidW	25	Response	32	543111	15876	0
DavidW	26	Picture	fix2	547584	0	1	18848	1	0	next	other	0
DavidW	26	Pulse	199	550000	2416	NA
DavidW	26	Pulse	199	560000	12416	NA
DavidW	27	Picture	feedback	566432	0	1	20683	1	0	next	other	0
DavidW	27	Pulse	199	570000	3568	NA
DavidW	27	Pulse	199	580000	13568	NA
DavidW	28	Picture	fix	587114	0	1	28856	1	0	next	other	0
DavidW	28	Pulse	199	590000	2886	NA
DavidW	28	Pulse	199	600000	12886	NA
DavidW	28	Pulse	199	610000	22886	NA
DavidW	30	Picture	stim	615970	0	1	20349	1	0	20000	hit	92
DavidW	30	Pulse	199	620000	4030	NA
DavidW	30	Response	16	626644	10674	0
DavidW	30	Pulse	199	630000	14030	NA
DavidW	31	Picture	fix2	636319	0	1	16513	1	0	next	other	0
DavidW	31	Pulse	199	640000	3681	NA
DavidW	31	Pulse	199	650000	13681	NA
DavidW	32	Picture	feedback	652832	0	1	20349	1	0	next	other	0
DavidW	32	Pulse	199	660000	7168	NA
DavidW	32	Pulse	199	670000	17168	NA
DavidW	33	Picture	fix	673181	0	1	34527	1	0	next	other	0
DavidW	33	Pulse	199	680000	6819	NA
DavidW	33	Pulse	199	690000	16819	NA
DavidW	33	Pulse	199	700000	26819	NA
DavidW	35	Picture	stim	707708	0	1	20182	1	0	20000	hit	107
DavidW	35	Pulse	199	710000	2292	NA
DavidW	35	Pulse	199	720000	12292	NA
DavidW	35	Response	16	724338	16630	0
DavidW	36	Picture	fix2	727890	0	1	19182	1	0	next	other	0
DavidW	36	Pulse	199	730000	2110	NA
DavidW	36	Pulse	199	740000	12110	NA
DavidW	37	Picture	feedback	747072	0	1	20516	1	0	next	other	0
DavidW	37	Pulse	199	750000	2928	NA
DavidW	37	Pulse	199	760000	12928	NA
DavidW	38	Picture	fix	767588	0	1	27521	1	0	next	other	0
DavidW	38	Pulse	199	770000	2412	NA
DavidW	38	Pulse	199	780000	12412	NA
DavidW	38	Pulse	199	790000	22412	NA
DavidW	40	Picture	stim	795109	0	1	20182	1	0	20000	incorrect	121
DavidW	40	Pulse	199	800000	4891	NA
DavidW	40	Pulse	199	810000	14891	NA
DavidW	40	Response	32	810913	15804	0
DavidW	41	Picture	fix2	815291	0	1	20349	1	0	next	other	0
DavidW	41	Pulse	199	820000	4709	NA
DavidW	41	Pulse	199	830000	14709	NA
DavidW	42	Picture	feedback	835641	0	1	20349	1	0	next	other	0
DavidW	42	Pulse	199	840000	4359	NA
DavidW	42	Pulse	199	850000	14359	NA
DavidW	43	Picture	fix	855990	0	1	30690	1	0	next	other	0
DavidW	43	Pulse	199	860000	4010	NA
DavidW	43	Pulse	199	870000	14010	NA
DavidW	43	Pulse	199	880000	24010	NA
DavidW	45	Picture	stim	886680	0	1	20182	1	0	20000	incorrect	135
DavidW	45	Pulse	199	890000	3320	NA
DavidW	45	Pulse	199	900000	13320	NA
DavidW	45	Response	32	904207	17527	0
DavidW	46	Picture	fix2	906863	0	1	23685	1	0	next	other	0
DavidW	46	Pulse	199	910000	3137	NA
DavidW	46	Pulse	199	920000	13137	NA
DavidW	46	Pulse	199	930000	23137	NA
DavidW	47	Picture	feedback	930548	0	1	20516	1	0	next	other	0
DavidW	47	Pulse	199	940000	9452	NA
DavidW	47	Pulse	199	950000	19452	NA
DavidW	48	Picture	fix	951063	0	1	28856	1	0	next	other	0
DavidW	48	Pulse	199	960000	8937	NA
DavidW	48	Pulse	199	970000	18937	NA
DavidW	50	Picture	stim	979919	0	1	20182	1	0	20000	hit	149
DavidW	50	Pulse	199	980000	81	NA
DavidW	50	Pulse	199	990000	10081	NA
DavidW	50	Response	16	997500	17581	0
DavidW	50	Pulse	199	1000000	20081	NA
DavidW	51	Picture	fix2	1000102	0	1	22684	1	0	next	other	0
DavidW	51	Pulse	199	1010000	9898	NA
DavidW	51	Pulse	199	1020000	19898	NA
DavidW	52	Picture	feedback	1022786	0	1	20683	1	0	next	other	0
DavidW	52	Pulse	199	1030000	7214	NA
DavidW	52	Pulse	199	1040000	17214	NA
DavidW	53	Picture	fix	1043469	0	1	30691	1	0	next	other	0
DavidW	53	Pulse	199	1050000	6531	NA
DavidW	53	Pulse	199	1060000	16531	NA
DavidW	53	Pulse	199	1070000	26531	NA
DavidW	55	Picture	stim	1074159	0	1	20349	1	0	20000	incorrect	163
DavidW	55	Pulse	199	1080000	5841	NA
DavidW	55	Response	32	1084636	10477	0
DavidW	55	Pulse	199	1090000	15841	NA
DavidW	56	Picture	fix2	1094508	0	1	22851	1	0	next	other	0
DavidW	56	Pulse	199	1100000	5492	NA
DavidW	56	Pulse	199	1110000	15492	NA
DavidW	57	Picture	feedback	1117359	0	1	20349	1	0	next	other	0
DavidW	57	Pulse	199	1120000	2641	NA
DavidW	57	Pulse	199	1130000	12641	NA
DavidW	58	Picture	fix	1137708	0	1	30691	1	0	next	other	0
DavidW	58	Pulse	199	1140000	2292	NA
DavidW	58	Pulse	199	1150000	12292	NA
DavidW	58	Pulse	199	1160000	22292	NA
DavidW	60	Picture	stim	1168399	0	1	20349	1	0	20000	hit	178
DavidW	60	Pulse	199	1170000	1601	NA
DavidW	60	Pulse	199	1180000	11601	NA
DavidW	60	Response	16	1181048	12649	0
DavidW	61	Picture	fix2	1188748	0	1	13510	1	0	next	other	0
DavidW	61	Pulse	199	1190000	1252	NA
DavidW	61	Pulse	199	1200000	11252	NA
DavidW	62	Picture	feedback	1202258	0	1	20349	1	0	next	other	0
DavidW	62	Pulse	199	1210000	7742	NA
DavidW	62	Pulse	199	1220000	17742	NA
DavidW	63	Picture	fix	1222608	0	1	24686	1	0	next	other	0
DavidW	63	Pulse	199	1230000	7392	NA
DavidW	63	Pulse	199	1240000	17392	NA
DavidW	65	Picture	stim	1247293	0	1	20349	1	0	20000	hit	190
DavidW	65	Pulse	199	1250000	2707	NA
DavidW	65	Response	16	1258822	11528	0
DavidW	65	Pulse	199	1260000	12707	NA
DavidW	66	Picture	fix2	1267642	0	1	27188	1	0	next	other	0
DavidW	66	Pulse	199	1270000	2358	NA
DavidW	66	Pulse	199	1280000	12358	NA
DavidW	66	Pulse	199	1290000	22358	NA
DavidW	67	Picture	feedback	1294830	0	1	20349	1	0	next	other	0
DavidW	67	Pulse	199	1300000	5170	NA
DavidW	67	Pulse	199	1310000	15170	NA
DavidW	68	Picture	fix	1315179	0	1	33526	1	0	next	other	0
DavidW	68	Pulse	199	1320000	4821	NA
DavidW	68	Pulse	199	1330000	14821	NA
DavidW	68	Pulse	199	1340000	24821	NA
DavidW	70	Picture	stim	1348705	0	1	20349	1	0	20000	hit	206
DavidW	70	Pulse	199	1350000	1295	NA
DavidW	70	Pulse	199	1360000	11295	NA
DavidW	70	Response	16	1361558	12853	0
DavidW	71	Picture	fix2	1369055	0	1	25186	1	0	next	other	0
DavidW	71	Pulse	199	1370000	945	NA
DavidW	71	Pulse	199	1380000	10945	NA
DavidW	71	Pulse	199	1390000	20945	NA
DavidW	72	Picture	feedback	1394241	0	1	20349	1	0	next	other	0
DavidW	72	Pulse	199	1400000	5759	NA
DavidW	72	Pulse	199	1410000	15759	NA
DavidW	73	Picture	fix	1414590	0	1	27021	1	0	next	other	0
DavidW	73	Pulse	199	1420000	5410	NA
DavidW	73	Pulse	199	1430000	15410	NA
DavidW	73	Pulse	199	1440000	25410	NA
DavidW	75	Picture	stim	1441611	0	1	20182	1	0	20000	hit	220
DavidW	75	Pulse	199	1450000	8389	NA
DavidW	75	Response	16	1452611	11000	0
DavidW	75	Pulse	199	1460000	18389	NA
DavidW	76	Picture	fix2	1461793	0	1	21684	1	0	next	other	0
DavidW	76	Response	16	1461891	98	0
DavidW	76	Pulse	199	1470000	8207	NA
DavidW	76	Pulse	199	1480000	18207	NA
DavidW	77	Picture	feedback	1483477	0	1	20349	1	0	next	other	0
DavidW	77	Pulse	199	1490000	6523	NA
DavidW	77	Pulse	199	1500000	16523	NA
DavidW	78	Picture	fix	1503826	0	1	35861	1	0	next	other	0
DavidW	78	Pulse	199	1510000	6174	NA
DavidW	78	Pulse	199	1520000	16174	NA
DavidW	78	Pulse	199	1530000	26174	NA
DavidW	80	Picture	stim	1539687	0	1	20349	1	0	20000	incorrect	236
DavidW	80	Pulse	199	1540000	313	NA
DavidW	80	Pulse	199	1550000	10313	NA
DavidW	80	Response	32	1554386	14699	0
DavidW	80	Pulse	199	1560000	20313	NA
DavidW	81	Picture	fix2	1560036	0	1	23185	1	0	next	other	0
DavidW	81	Pulse	199	1570000	9964	NA
DavidW	81	Pulse	199	1580000	19964	NA
DavidW	82	Picture	feedback	1583221	0	1	20349	1	0	next	other	0
DavidW	82	Pulse	199	1590000	6779	NA
DavidW	82	Pulse	199	1600000	16779	NA
DavidW	83	Picture	fix	1603570	0	1	22851	1	0	next	other	0
DavidW	83	Pulse	199	1610000	6430	NA
DavidW	83	Pulse	199	1620000	16430	NA
DavidW	85	Picture	stim	1626421	0	1	20850	1	0	20000	incorrect	250
DavidW	85	Pulse	199	1630000	3579	NA
DavidW	85	Pulse	199	1640000	13579	NA
DavidW	85	Response	32	1641518	15097	0
DavidW	86	Picture	fix2	1647270	0	1	20016	1	0	next	other	0
DavidW	86	Pulse	199	1650000	2730	NA
DavidW	86	Pulse	199	1660000	12730	NA
DavidW	87	Picture	feedback	1667286	0	1	20349	1	0	next	other	0
DavidW	87	Pulse	199	1670000	2714	NA
DavidW	87	Pulse	199	1680000	12714	NA
DavidW	88	Picture	fix	1687635	0	1	26187	1	0	next	other	0
DavidW	88	Pulse	199	1690000	2365	NA
DavidW	88	Pulse	199	1700000	12365	NA
DavidW	88	Pulse	199	1710000	22365	NA
DavidW	90	Picture	stim	1713822	0	1	20349	1	0	20000	hit	264
DavidW	90	Pulse	199	1720000	6178	NA
DavidW	90	Pulse	199	1730000	16178	NA
DavidW	90	Response	16	1730252	16430	0
DavidW	91	Picture	fix2	1734171	0	1	17514	1	0	next	other	0
DavidW	91	Pulse	199	1740000	5829	NA
DavidW	91	Pulse	199	1750000	15829	NA
DavidW	92	Picture	feedback	1751685	0	1	20349	1	0	next	other	0
DavidW	92	Pulse	199	1760000	8315	NA
DavidW	92	Pulse	199	1770000	18315	NA
DavidW	93	Picture	fix	1772034	0	1	38030	1	0	next	other	0
DavidW	93	Pulse	199	1780000	7966	NA
DavidW	93	Pulse	199	1790000	17966	NA
DavidW	93	Pulse	199	1800000	27966	NA
DavidW	94	Pulse	199	1810000	85	NA
DavidW	95	Picture	stim	1810063	0	1	20349	1	0	20000	incorrect	278
DavidW	95	Pulse	199	1820000	9937	NA
DavidW	95	Response	32	1826108	16044	0
DavidW	95	Pulse	199	1830000	19937	NA
DavidW	96	Picture	fix2	1830413	0	1	23518	1	0	next	other	0
DavidW	96	Pulse	199	1840000	9587	NA
DavidW	96	Pulse	199	1850000	19587	NA
DavidW	97	Picture	feedback	1853931	0	1	20349	1	0	next	other	0
DavidW	97	Pulse	199	1860000	6069	NA
DavidW	97	Pulse	199	1870000	16069	NA
DavidW	98	Picture	fix	1874280	0	1	25353	1	0	next	other	0
DavidW	98	Pulse	199	1880000	5720	NA
DavidW	98	Pulse	199	1890000	15720	NA
DavidW	100	Picture	stim	1899633	0	1	20182	1	0	20000	incorrect	292
DavidW	100	Pulse	199	1900000	367	NA
DavidW	100	Pulse	199	1910000	10367	NA
DavidW	100	Response	32	1918120	18487	0
DavidW	101	Picture	fix2	1919815	0	1	18681	1	0	next	other	0
DavidW	101	Pulse	199	1920000	185	NA
DavidW	101	Pulse	199	1930000	10185	NA
DavidW	102	Picture	feedback	1938496	0	1	20349	1	0	next	other	0
DavidW	102	Pulse	199	1940000	1504	NA
DavidW	102	Pulse	199	1950000	11504	NA
DavidW	103	Picture	fix	1958846	0	1	41032	1	0	next	other	0
DavidW	103	Pulse	199	1960000	1154	NA
DavidW	103	Pulse	199	1970000	11154	NA
DavidW	103	Pulse	199	1980000	21154	NA
DavidW	103	Pulse	199	1990000	31154	NA
DavidW	105	Picture	stim	1999877	0	1	20182	1	0	20000	incorrect	308
DavidW	105	Pulse	199	2000000	123	NA
DavidW	105	Pulse	199	2010000	10123	NA
DavidW	105	Pulse	199	2020000	20123	NA
DavidW	105	Response	32	2020055	20178	2
DavidW	106	Picture	fix2	2020227	0	1	18347	1	0	next	other	0
DavidW	106	Pulse	199	2030000	9773	NA
DavidW	107	Picture	feedback	2038574	0	1	20253	228	0	next	other	0
DavidW	107	Pulse	199	2040000	1426	NA
DavidW	107	Pulse	199	2050000	11426	NA
DavidW	108	Picture	fix	2058827	0	228	33956	228	0	next	other	0
DavidW	108	Pulse	199	2060000	1173	NA
DavidW	108	Pulse	199	2070000	11173	NA
DavidW	108	Pulse	199	2080000	21173	NA
DavidW	108	Pulse	199	2090000	31173	NA
DavidW	110	Picture	stim	2092783	0	1	20340	207	0	20000	incorrect	321
DavidW	110	Pulse	199	2100000	7217	NA
DavidW	110	Response	32	2109670	16887	0
DavidW	110	Pulse	199	2110000	17217	NA
DavidW	111	Picture	fix2	2113122	0	206	16022	206	0	next	other	0
DavidW	111	Pulse	199	2120000	6878	NA
DavidW	112	Picture	feedback	2129144	0	1	20349	1	0	next	other	0
DavidW	112	Pulse	199	2130000	856	NA
DavidW	112	Pulse	199	2140000	10856	NA
DavidW	113	Picture	fix	2149493	0	1	19182	1	0	next	other	0
DavidW	113	Pulse	199	2150000	507	NA
DavidW	113	Pulse	199	2160000	10507	NA
DavidW	115	Picture	stim	2168675	0	1	20349	1	0	20000	incorrect	334
DavidW	115	Pulse	199	2170000	1325	NA
DavidW	115	Pulse	199	2180000	11325	NA
DavidW	115	Response	32	2183281	14606	0
DavidW	116	Picture	fix2	2189024	0	1	13677	1	0	next	other	0
DavidW	116	Pulse	199	2190000	976	NA
DavidW	116	Pulse	199	2200000	10976	NA
DavidW	117	Picture	feedback	2202701	0	1	20282	196	0	next	other	0
DavidW	117	Pulse	199	2210000	7299	NA
DavidW	117	Pulse	199	2220000	17299	NA
DavidW	118	Picture	fix	2222983	0	196	23085	197	0	next	other	0
DavidW	118	Pulse	199	2230000	7017	NA
DavidW	118	Pulse	199	2240000	17017	NA
DavidW	120	Picture	stim	2246068	0	1	20350	2	0	20000	hit	347
DavidW	120	Pulse	199	2250000	3932	NA
DavidW	120	Pulse	199	2260000	13932	NA
DavidW	120	Response	16	2264414	18346	0
DavidW	120	Response	16	2266254	20186	1
DavidW	121	Picture	fix2	2266417	0	1	15345	1	0	next	other	0
DavidW	121	Pulse	199	2270000	3583	NA
DavidW	121	Pulse	199	2280000	13583	NA
DavidW	122	Picture	feedback	2281763	0	1	20349	1	0	next	other	0
DavidW	122	Pulse	199	2290000	8237	NA
DavidW	122	Pulse	199	2300000	18237	NA
DavidW	123	Picture	fix	2302112	0	1	30357	1	0	next	other	0
DavidW	123	Pulse	199	2310000	7888	NA
DavidW	123	Pulse	199	2320000	17888	NA
DavidW	123	Pulse	199	2330000	27888	NA
DavidW	125	Picture	stim	2332469	0	1	20349	1	0	20000	hit	362
DavidW	125	Pulse	199	2340000	7531	NA
DavidW	125	Pulse	199	2350000	17531	NA
DavidW	125	Response	16	2350587	18118	0
DavidW	126	Picture	fix2	2352818	0	1	18848	1	0	next	other	0
DavidW	126	Pulse	199	2360000	7182	NA
DavidW	126	Pulse	199	2370000	17182	NA
DavidW	127	Picture	feedback	2371666	0	1	20349	1	0	next	other	0
DavidW	127	Pulse	199	2380000	8334	NA
DavidW	127	Pulse	199	2390000	18334	NA
DavidW	128	Picture	fix	2392015	0	1	39531	1	0	next	other	0
DavidW	128	Pulse	199	2400000	7985	NA
DavidW	128	Pulse	199	2410000	17985	NA
DavidW	128	Pulse	199	2420000	27985	NA
DavidW	128	Pulse	199	2430000	37985	NA
DavidW	130	Picture	stim	2431546	0	1	20349	1	0	20000	incorrect	376
DavidW	130	Pulse	199	2440000	8454	NA
DavidW	130	Response	32	2441080	9535	0
DavidW	130	Pulse	199	2450000	18454	NA
DavidW	131	Picture	fix2	2451895	0	1	25687	1	0	next	other	0
DavidW	131	Pulse	199	2460000	8105	NA
DavidW	131	Pulse	199	2470000	18105	NA
DavidW	132	Picture	feedback	2477581	0	1	20683	1	0	next	other	0
DavidW	132	Pulse	199	2480000	2419	NA
DavidW	132	Pulse	199	2490000	12419	NA
DavidW	133	Picture	fix	2498264	0	1	32859	1	0	next	other	0
DavidW	133	Pulse	199	2500000	1736	NA
DavidW	133	Pulse	199	2510000	11736	NA
DavidW	133	Pulse	199	2520000	21736	NA
DavidW	133	Pulse	199	2530000	31736	NA
DavidW	135	Picture	stim	2531123	0	1	20349	1	0	20000	incorrect	391
DavidW	135	Pulse	199	2540000	8877	NA
DavidW	135	Response	32	2543736	12613	0
DavidW	135	Pulse	199	2550000	18877	NA
DavidW	136	Picture	fix2	2551472	0	1	21850	1	0	next	other	0
DavidW	136	Pulse	199	2560000	8528	NA
DavidW	136	Pulse	199	2570000	18528	NA
DavidW	137	Picture	feedback	2573322	0	1	21016	1	0	next	other	0
DavidW	137	Pulse	199	2580000	6678	NA
DavidW	137	Pulse	199	2590000	16678	NA
DavidW	138	Picture	fix	2594339	0	1	23185	1	0	next	other	0
DavidW	138	Pulse	199	2600000	5661	NA
DavidW	138	Pulse	199	2610000	15661	NA
DavidW	140	Picture	stim	2617523	0	1	20182	1	0	20000	hit	404
DavidW	140	Pulse	199	2620000	2477	NA
DavidW	140	Response	16	2625669	8145	0
DavidW	140	Pulse	199	2630000	12477	NA
DavidW	141	Picture	fix2	2639541	0	1	16012	1	0	next	other	0
DavidW	141	Pulse	199	2640000	460	NA
DavidW	141	Pulse	199	2650000	10460	NA
DavidW	142	Picture	feedback	2655553	0	1	20850	1	0	next	other	0
DavidW	142	Pulse	199	2660000	4447	NA
DavidW	142	Pulse	199	2670000	14447	NA
DavidW	143	Picture	fix	2676402	0	1	31858	1	0	next	other	0
DavidW	143	Pulse	199	2680000	3598	NA
DavidW	143	Pulse	199	2690000	13598	NA
DavidW	143	Pulse	199	2700000	23598	NA
DavidW	145	Picture	stim	2708260	0	1	20182	1	0	20000	hit	419
DavidW	145	Pulse	199	2710000	1740	NA
DavidW	145	Pulse	199	2720000	11740	NA
DavidW	145	Response	16	2720243	11983	0
DavidW	146	Picture	fix2	2728443	0	1	25853	1	0	next	other	0
DavidW	146	Pulse	199	2730000	1557	NA
DavidW	146	Pulse	199	2740000	11557	NA
DavidW	146	Pulse	199	2750000	21557	NA
DavidW	147	Picture	feedback	2754296	0	1	20349	1	0	next	other	0
DavidW	147	Pulse	199	2760000	5704	NA
DavidW	147	Pulse	199	2770000	15704	NA
DavidW	148	Picture	fix	2774645	0	1	30023	1	0	next	other	0
DavidW	148	Pulse	199	2780000	5355	NA
DavidW	148	Pulse	199	2790000	15355	NA
DavidW	148	Pulse	199	2800000	25355	NA
DavidW	150	Picture	stim	2804669	0	1	20182	1	0	20000	incorrect	433
DavidW	150	Pulse	199	2810000	5332	NA
DavidW	150	Response	32	2817858	13189	0
DavidW	150	Pulse	199	2820000	15332	NA
DavidW	151	Picture	fix2	2824851	0	1	20349	1	0	next	other	0
DavidW	151	Pulse	199	2830000	5149	NA
DavidW	151	Pulse	199	2840000	15149	NA
DavidW	152	Picture	feedback	2845200	0	1	20349	1	0	next	other	0
DavidW	152	Pulse	199	2850000	4800	NA
DavidW	152	Pulse	199	2860000	14800	NA
DavidW	153	Picture	fix	2865549	0	1	22184	1	0	next	other	0
DavidW	153	Pulse	199	2870000	4451	NA
DavidW	153	Pulse	199	2880000	14451	NA
DavidW	155	Picture	stim	2887733	0	1	20182	1	0	20000	hit	446
DavidW	155	Pulse	199	2890000	2267	NA
DavidW	155	Response	16	2898990	11257	0
DavidW	155	Pulse	199	2900000	12267	NA
DavidW	156	Picture	fix2	2908082	0	1	25019	1	0	next	other	0
DavidW	156	Pulse	199	2910000	1918	NA
DavidW	156	Pulse	199	2920000	11918	NA
DavidW	156	Pulse	199	2930000	21918	NA
DavidW	157	Picture	feedback	2933102	0	1	20349	1	0	next	other	0
DavidW	157	Pulse	199	2940000	6899	NA
DavidW	157	Pulse	199	2950000	16899	NA
DavidW	158	Picture	fix	2953451	0	1	32859	1	0	next	other	0
DavidW	158	Pulse	199	2960000	6549	NA
DavidW	158	Pulse	199	2970000	16549	NA
DavidW	158	Pulse	199	2980000	26549	NA
DavidW	160	Picture	stim	2986310	0	1	20182	1	0	20000	incorrect	462
DavidW	160	Pulse	199	2990000	3691	NA
DavidW	160	Pulse	199	3000000	13691	NA
DavidW	160	Response	32	3001006	14696	0
DavidW	161	Picture	fix2	3006492	0	1	20016	1	0	next	other	0
DavidW	161	Pulse	199	3010000	3508	NA
DavidW	161	Pulse	199	3020000	13508	NA
DavidW	162	Picture	feedback	3026507	0	1	21016	1	0	next	other	0
DavidW	162	Pulse	199	3030000	3493	NA
DavidW	162	Pulse	199	3040000	13493	NA
DavidW	163	Picture	fix	3047524	0	1	17680	1	0	next	other	0
DavidW	163	Pulse	199	3050000	2476	NA
DavidW	163	Pulse	199	3060000	12476	NA
DavidW	165	Picture	stim	3065204	0	1	20182	1	0	20000	hit	474
DavidW	165	Pulse	199	3070000	4796	NA
DavidW	165	Response	16	3077338	12133	0
DavidW	165	Pulse	199	3080000	14796	NA
DavidW	166	Picture	fix2	3085386	0	1	14344	1	0	next	other	0
DavidW	166	Pulse	199	3090000	4614	NA
DavidW	167	Picture	feedback	3099731	0	1	20349	1	0	next	other	0
DavidW	167	Pulse	199	3100000	269	NA
DavidW	167	Pulse	199	3110000	10269	NA
DavidW	167	Pulse	199	3120000	20269	NA
DavidW	168	Picture	fix	3120080	0	1	27855	1	0	next	other	0
DavidW	168	Pulse	199	3130000	9920	NA
DavidW	168	Pulse	199	3140000	19920	NA
DavidW	170	Picture	stim	3147935	0	1	20182	1	0	20000	incorrect	487
DavidW	170	Pulse	199	3150000	2065	NA
DavidW	170	Response	32	3158070	10135	0
DavidW	170	Pulse	199	3160000	12065	NA
DavidW	171	Picture	fix2	3168284	0	1	19515	1	0	next	other	0
DavidW	171	Pulse	199	3170000	1716	NA
DavidW	171	Pulse	199	3180000	11716	NA
DavidW	172	Picture	feedback	3187799	0	1	20349	1	0	next	other	0
DavidW	172	Pulse	199	3190000	2201	NA
DavidW	172	Pulse	199	3200000	12201	NA
DavidW	173	Picture	fix	3208148	0	1	23351	1	0	next	other	0
DavidW	173	Pulse	199	3210000	1852	NA
DavidW	173	Pulse	199	3220000	11852	NA
DavidW	173	Pulse	199	3230000	21852	NA
DavidW	175	Picture	stim	3231500	0	1	20182	1	0	20000	hit	501
DavidW	175	Pulse	199	3240000	8500	NA
DavidW	175	Response	16	3248163	16664	0
DavidW	175	Pulse	199	3250000	18500	NA
DavidW	176	Picture	fix2	3251849	0	1	16680	1	0	next	other	0
DavidW	176	Pulse	199	3260000	8151	NA
DavidW	177	Picture	feedback	3268528	0	1	20349	1	0	next	other	0
DavidW	177	Pulse	199	3270000	1472	NA
DavidW	177	Pulse	199	3280000	11472	NA
DavidW	178	Picture	fix	3288878	0	1	28856	1	0	next	other	0
DavidW	178	Pulse	199	3290000	1122	NA
DavidW	178	Pulse	199	3300000	11122	NA
DavidW	178	Pulse	199	3310000	21122	NA
DavidW	180	Picture	stim	3317733	0	1	20683	1	0	20000	incorrect	515
DavidW	180	Pulse	199	3320000	2267	NA
DavidW	180	Pulse	199	3330000	12267	NA
DavidW	180	Response	32	3334336	16603	1
DavidW	181	Picture	fix2	3338416	0	1	14511	1	0	next	other	0
DavidW	181	Pulse	199	3340000	1584	NA
DavidW	181	Pulse	199	3350000	11584	NA
DavidW	182	Picture	feedback	3352927	0	1	20349	1	0	next	other	0
DavidW	182	Pulse	199	3360000	7073	NA
DavidW	182	Pulse	199	3370000	17073	NA
DavidW	183	Picture	fix	3373276	0	1	27188	1	0	next	other	0
DavidW	183	Pulse	199	3380000	6724	NA
DavidW	183	Pulse	199	3390000	16724	NA
DavidW	183	Pulse	199	3400000	26724	NA
DavidW	185	Picture	stim	3400464	0	1	20683	1	0	20000	incorrect	528
DavidW	185	Pulse	199	3410000	9536	NA
DavidW	185	Response	32	3414589	14125	0
DavidW	185	Pulse	199	3420000	19536	NA
DavidW	186	Picture	fix2	3421147	0	1	12343	1	0	next	other	0
DavidW	186	Pulse	199	3430000	8853	NA
DavidW	187	Picture	feedback	3433490	0	1	20516	1	0	next	other	0
DavidW	187	Pulse	199	3440000	6510	NA
DavidW	187	Pulse	199	3450000	16510	NA
DavidW	188	Picture	fix	3454006	0	1	24185	1	0	next	other	0
DavidW	188	Pulse	199	3460000	5994	NA
DavidW	188	Pulse	199	3470000	15994	NA
DavidW	190	Picture	stim	3478191	0	1	20349	1	0	20000	incorrect	541
DavidW	190	Pulse	199	3480000	1809	NA
DavidW	190	Pulse	199	3490000	11809	NA
DavidW	190	Response	32	3490680	12489	0
DavidW	191	Picture	fix2	3498540	0	1	11342	1	0	next	other	0
DavidW	191	Pulse	199	3500000	1460	NA
DavidW	192	Picture	feedback	3509882	0	1	20516	1	0	next	other	0
DavidW	192	Pulse	199	3510000	118	NA
DavidW	192	Pulse	199	3520000	10118	NA
DavidW	192	Pulse	199	3530000	20118	NA
DavidW	193	Picture	fix	3530398	0	1	25685	2	0	next	other	0
DavidW	193	Pulse	199	3540000	9602	NA
DavidW	193	Pulse	199	3550000	19602	NA
DavidW	195	Picture	stim	3556084	0	2	20350	3	0	20000	hit	554
DavidW	195	Pulse	199	3560000	3916	NA
DavidW	195	Pulse	199	3570000	13916	NA
DavidW	195	Response	16	3571413	15329	0
DavidW	195	Response	16	3573493	17409	0
DavidW	196	Picture	fix2	3576434	0	1	16179	1	0	next	other	0
DavidW	196	Pulse	199	3580000	3566	NA
DavidW	196	Pulse	199	3590000	13566	NA
DavidW	197	Picture	feedback	3592613	0	1	20349	1	0	next	other	0
DavidW	197	Pulse	199	3600000	7387	NA
DavidW	197	Pulse	199	3610000	17387	NA
DavidW	198	Picture	fix	3612962	0	1	31024	1	0	next	other	0
DavidW	198	Pulse	199	3620000	7038	NA
DavidW	198	Pulse	199	3630000	17038	NA
DavidW	198	Pulse	199	3640000	27038	NA
DavidW	200	Picture	stim	3643986	0	1	20683	1	0	20000	incorrect	568
DavidW	200	Pulse	199	3650000	6014	NA
DavidW	200	Response	32	3654065	10078	1
DavidW	200	Pulse	199	3660000	16014	NA
DavidW	201	Picture	fix2	3664669	0	1	20849	1	0	next	other	0
DavidW	201	Pulse	199	3670000	5331	NA
DavidW	201	Pulse	199	3680000	15331	NA
DavidW	202	Picture	feedback	3685519	0	1	20182	1	0	next	other	0
DavidW	202	Pulse	199	3690000	4481	NA
DavidW	202	Pulse	199	3700000	14481	NA
DavidW	203	Picture	100	3705701	0	1	80229	1	0	80000	other	0
DavidW	203	Pulse	199	3710000	4299	NA
DavidW	203	Pulse	199	3720000	14299	NA
DavidW	203	Pulse	199	3730000	24299	NA
DavidW	203	Pulse	199	3740000	34299	NA
DavidW	203	Pulse	199	3750000	44299	NA
DavidW	203	Pulse	199	3760000	54299	NA
DavidW	203	Pulse	199	3770000	64299	NA
DavidW	203	Pulse	199	3780000	74299	NA
