Scenario - FeedLearn_Bcomplex.sce
Logfile written - 02/24/2020 10:03:40

Subject	Trial	Event Type	Code	Time	TTime	Uncertainty	Duration	Uncertainty	ReqTime	ReqDur	Stim Type	Pair Index

Gorka_v2	0	Pulse	199	0	0	NA
Gorka_v2	0	Pulse	199	10000	10000	NA
Gorka_v2	1	Response	16	18489	8155	0
Gorka_v2	2	Pulse	199	20000	1450	NA
Gorka_v2	2	Response	32	23131	4581	0
Gorka_v2	2	Response	16	24731	6181	0
Gorka_v2	2	Pulse	199	30000	11450	NA
Gorka_v2	2	Pulse	199	40000	21450	NA
Gorka_v2	2	Response	16	46333	27783	0
Gorka_v2	2	Response	32	48493	29943	0
Gorka_v2	2	Response	16	49854	31304	0
Gorka_v2	2	Pulse	199	50000	31450	NA
Gorka_v2	2	Pulse	199	60000	41450	NA
Gorka_v2	3	Picture	fix	69379	0	1	27855	1	0	next	other	0
Gorka_v2	3	Pulse	199	70000	621	NA
Gorka_v2	3	Pulse	199	80000	10621	NA
Gorka_v2	3	Pulse	199	90000	20621	NA
Gorka_v2	5	Picture	stim	97234	0	1	20516	1	0	20000	hit	20
Gorka_v2	5	Pulse	199	100000	2766	NA
Gorka_v2	5	Response	16	102021	4787	0
Gorka_v2	5	Pulse	199	110000	12766	NA
Gorka_v2	6	Picture	fix2	117750	0	1	19849	1	0	next	other	0
Gorka_v2	6	Pulse	199	120000	2250	NA
Gorka_v2	6	Response	16	121304	3554	0
Gorka_v2	6	Pulse	199	130000	12250	NA
Gorka_v2	7	Picture	feedback	137599	0	1	20683	1	0	next	other	0
Gorka_v2	7	Pulse	199	140000	2401	NA
Gorka_v2	7	Pulse	199	150000	12401	NA
Gorka_v2	8	Picture	fix	158281	0	1	23185	1	0	next	other	0
Gorka_v2	8	Pulse	199	160000	1719	NA
Gorka_v2	8	Pulse	199	170000	11719	NA
Gorka_v2	8	Pulse	199	180000	21719	NA
Gorka_v2	10	Picture	stim	181466	0	1	20349	1	0	20000	miss	0
Gorka_v2	10	Pulse	199	190000	8534	NA
Gorka_v2	10	Pulse	199	200000	18534	NA
Gorka_v2	10	Response	32	201956	20490	0
Gorka_v2	11	Picture	fix2	201982	0	1	11509	1	0	next	other	0
Gorka_v2	11	Pulse	199	210000	8018	NA
Gorka_v2	12	Picture	feedback	213491	0	1	20349	1	0	next	other	0
Gorka_v2	12	Pulse	199	220000	6509	NA
Gorka_v2	12	Pulse	199	230000	16509	NA
Gorka_v2	13	Picture	fix	233840	0	1	19182	1	0	next	other	0
Gorka_v2	13	Pulse	199	240000	6160	NA
Gorka_v2	13	Pulse	199	250000	16160	NA
Gorka_v2	15	Picture	stim	253022	0	1	20349	1	0	20000	miss	0
Gorka_v2	15	Pulse	199	260000	6978	NA
Gorka_v2	15	Pulse	199	270000	16978	NA
Gorka_v2	16	Picture	fix2	273371	0	1	16179	1	0	next	other	0
Gorka_v2	16	Response	32	276688	3317	0
Gorka_v2	16	Pulse	199	280000	6629	NA
Gorka_v2	17	Picture	feedback	289550	0	1	20349	1	0	next	other	0
Gorka_v2	17	Pulse	199	290000	450	NA
Gorka_v2	17	Pulse	199	300000	10450	NA
Gorka_v2	18	Picture	fix	309899	0	1	31858	1	0	next	other	0
Gorka_v2	18	Pulse	199	310000	101	NA
Gorka_v2	18	Pulse	199	320000	10101	NA
Gorka_v2	18	Pulse	199	330000	20101	NA
Gorka_v2	18	Pulse	199	340000	30101	NA
Gorka_v2	20	Picture	stim	341757	0	1	20182	1	0	20000	hit	61
Gorka_v2	20	Pulse	199	350000	8243	NA
Gorka_v2	20	Response	16	355659	13902	0
Gorka_v2	20	Pulse	199	360000	18243	NA
Gorka_v2	21	Picture	fix2	361939	0	1	25687	1	0	next	other	0
Gorka_v2	21	Pulse	199	370000	8061	NA
Gorka_v2	21	Pulse	199	380000	18061	NA
Gorka_v2	22	Picture	feedback	387626	0	1	20349	1	0	next	other	0
Gorka_v2	22	Pulse	199	390000	2374	NA
Gorka_v2	22	Pulse	199	400000	12374	NA
Gorka_v2	23	Picture	fix	407975	0	1	28854	2	0	next	other	0
Gorka_v2	23	Pulse	199	410000	2025	NA
Gorka_v2	23	Pulse	199	420000	12025	NA
Gorka_v2	23	Pulse	199	430000	22025	NA
Gorka_v2	25	Picture	stim	436829	0	2	20350	2	0	20000	hit	76
Gorka_v2	25	Pulse	199	440000	3171	NA
Gorka_v2	25	Pulse	199	450000	13171	NA
Gorka_v2	25	Response	16	455595	18766	0
Gorka_v2	26	Picture	fix2	457180	0	1	18681	1	0	next	other	0
Gorka_v2	26	Pulse	199	460000	2820	NA
Gorka_v2	26	Pulse	199	470000	12820	NA
Gorka_v2	27	Picture	feedback	475861	0	1	20349	1	0	next	other	0
Gorka_v2	27	Pulse	199	480000	4139	NA
Gorka_v2	27	Pulse	199	490000	14139	NA
Gorka_v2	28	Picture	fix	496210	0	1	25687	1	0	next	other	0
Gorka_v2	28	Pulse	199	500000	3790	NA
Gorka_v2	28	Pulse	199	510000	13790	NA
Gorka_v2	28	Pulse	199	520000	23790	NA
Gorka_v2	30	Picture	stim	521897	0	1	20182	2	0	20000	miss	0
Gorka_v2	30	Pulse	199	530000	8103	NA
Gorka_v2	30	Pulse	199	540000	18103	NA
Gorka_v2	31	Picture	fix2	542079	0	1	15285	261	0	next	other	0
Gorka_v2	31	Response	32	544328	2250	0
Gorka_v2	31	Pulse	199	550000	7921	NA
Gorka_v2	32	Picture	feedback	557363	0	260	20318	544	0	next	other	0
Gorka_v2	32	Pulse	199	560000	2637	NA
Gorka_v2	32	Pulse	199	570000	12637	NA
Gorka_v2	33	Picture	fix	577681	0	284	21108	285	0	next	other	0
Gorka_v2	33	Pulse	199	580000	2319	NA
Gorka_v2	33	Pulse	199	590000	12319	NA
Gorka_v2	35	Picture	stim	598789	0	2	20183	2	0	20000	hit	102
Gorka_v2	35	Pulse	199	600000	1211	NA
Gorka_v2	35	Pulse	199	610000	11211	NA
Gorka_v2	35	Response	16	612099	13310	0
Gorka_v2	36	Picture	fix2	619139	0	1	10175	1	0	next	other	0
Gorka_v2	36	Pulse	199	620000	861	NA
Gorka_v2	37	Picture	feedback	629313	0	1	20349	1	0	next	other	0
Gorka_v2	37	Pulse	199	630000	687	NA
Gorka_v2	37	Pulse	199	640000	10687	NA
Gorka_v2	38	Picture	fix	649662	0	1	28837	383	0	next	other	0
Gorka_v2	38	Pulse	199	650000	338	NA
Gorka_v2	38	Pulse	199	660000	10338	NA
Gorka_v2	38	Pulse	199	670000	20338	NA
Gorka_v2	40	Picture	stim	678499	0	383	20201	383	0	20000	hit	115
Gorka_v2	40	Pulse	199	680000	1501	NA
Gorka_v2	40	Pulse	199	690000	11501	NA
Gorka_v2	40	Response	16	692191	13691	0
Gorka_v2	41	Picture	fix2	698701	0	1	21849	3	0	next	other	0
Gorka_v2	41	Pulse	199	700000	1299	NA
Gorka_v2	41	Pulse	199	710000	11299	NA
Gorka_v2	41	Pulse	199	720000	21299	NA
Gorka_v2	42	Picture	feedback	720550	0	2	20350	3	0	next	other	0
Gorka_v2	42	Pulse	199	730000	9450	NA
Gorka_v2	42	Pulse	199	740000	19450	NA
Gorka_v2	43	Picture	fix	740900	0	1	22184	1	0	next	other	0
Gorka_v2	43	Pulse	199	750000	9100	NA
Gorka_v2	43	Pulse	199	760000	19100	NA
Gorka_v2	45	Picture	stim	763083	0	1	20350	1	0	20000	hit	128
Gorka_v2	45	Pulse	199	770000	6917	NA
Gorka_v2	45	Response	16	774445	11361	0
Gorka_v2	45	Pulse	199	780000	16917	NA
Gorka_v2	46	Picture	fix2	783433	0	1	17514	1	0	next	other	0
Gorka_v2	46	Pulse	199	790000	6567	NA
Gorka_v2	46	Pulse	199	800000	16567	NA
Gorka_v2	47	Picture	feedback	800947	0	1	20349	1	0	next	other	0
Gorka_v2	47	Pulse	199	810000	9053	NA
Gorka_v2	47	Pulse	199	820000	19053	NA
Gorka_v2	48	Picture	fix	821296	0	1	34527	1	0	next	other	0
Gorka_v2	48	Pulse	199	830000	8704	NA
Gorka_v2	48	Pulse	199	840000	18704	NA
Gorka_v2	48	Pulse	199	850000	28704	NA
Gorka_v2	50	Picture	stim	855822	0	1	20516	1	0	20000	incorrect	143
Gorka_v2	50	Pulse	199	860000	4178	NA
Gorka_v2	50	Pulse	199	870000	14178	NA
Gorka_v2	50	Response	32	870138	14316	0
Gorka_v2	51	Picture	fix2	876338	0	1	20016	1	0	next	other	0
Gorka_v2	51	Pulse	199	880000	3662	NA
Gorka_v2	51	Pulse	199	890000	13662	NA
Gorka_v2	52	Picture	feedback	896354	0	1	21517	1	0	next	other	0
Gorka_v2	52	Pulse	199	900000	3646	NA
Gorka_v2	52	Pulse	199	910000	13646	NA
Gorka_v2	53	Picture	fix	917871	0	1	27188	1	0	next	other	0
Gorka_v2	53	Pulse	199	920000	2129	NA
Gorka_v2	53	Pulse	199	930000	12129	NA
Gorka_v2	53	Pulse	199	940000	22129	NA
Gorka_v2	55	Picture	stim	945058	0	1	20349	1	0	20000	hit	156
Gorka_v2	55	Pulse	199	950000	4942	NA
Gorka_v2	55	Response	16	955834	10776	0
Gorka_v2	55	Pulse	199	960000	14942	NA
Gorka_v2	56	Picture	fix2	965407	0	1	19849	1	0	next	other	0
Gorka_v2	56	Pulse	199	970000	4593	NA
Gorka_v2	56	Pulse	199	980000	14593	NA
Gorka_v2	57	Picture	feedback	985256	0	1	20349	1	0	next	other	0
Gorka_v2	57	Pulse	199	990000	4744	NA
Gorka_v2	57	Pulse	199	1000000	14744	NA
Gorka_v2	58	Picture	fix	1005605	0	1	39531	1	0	next	other	0
Gorka_v2	58	Pulse	199	1010000	4395	NA
Gorka_v2	58	Pulse	199	1020000	14395	NA
Gorka_v2	58	Pulse	199	1030000	24395	NA
Gorka_v2	58	Pulse	199	1040000	34395	NA
Gorka_v2	60	Picture	stim	1045136	0	1	20349	1	0	20000	hit	171
Gorka_v2	60	Pulse	199	1050000	4864	NA
Gorka_v2	60	Response	16	1055046	9910	0
Gorka_v2	60	Pulse	199	1060000	14864	NA
Gorka_v2	61	Picture	fix2	1065485	0	1	22684	1	0	next	other	0
Gorka_v2	61	Pulse	199	1070000	4515	NA
Gorka_v2	61	Pulse	199	1080000	14515	NA
Gorka_v2	62	Picture	feedback	1088169	0	1	20349	1	0	next	other	0
Gorka_v2	62	Pulse	199	1090000	1831	NA
Gorka_v2	62	Pulse	199	1100000	11831	NA
Gorka_v2	63	Picture	fix	1108518	0	1	27021	1	0	next	other	0
Gorka_v2	63	Pulse	199	1110000	1482	NA
Gorka_v2	63	Pulse	199	1120000	11482	NA
Gorka_v2	63	Pulse	199	1130000	21482	NA
Gorka_v2	65	Picture	stim	1135539	0	1	20349	1	0	20000	hit	185
Gorka_v2	65	Pulse	199	1140000	4461	NA
Gorka_v2	65	Response	16	1148582	13042	0
Gorka_v2	65	Pulse	199	1150000	14461	NA
Gorka_v2	66	Picture	fix2	1155888	0	1	13510	1	0	next	other	0
Gorka_v2	66	Pulse	199	1160000	4112	NA
Gorka_v2	67	Picture	feedback	1169399	0	1	20349	1	0	next	other	0
Gorka_v2	67	Pulse	199	1170000	601	NA
Gorka_v2	67	Pulse	199	1180000	10601	NA
Gorka_v2	68	Picture	fix	1189748	0	1	28856	1	0	next	other	0
Gorka_v2	68	Pulse	199	1190000	252	NA
Gorka_v2	68	Pulse	199	1200000	10252	NA
Gorka_v2	68	Pulse	199	1210000	20252	NA
Gorka_v2	70	Picture	stim	1218604	0	1	16599	1	0	20000	hit	198
Gorka_v2	70	Pulse	199	1220000	1396	NA
Gorka_v2	70	Response	16	1224274	5670	0
Gorka_v2	70	Quit		1228353	9749	NA
