Scenario - FeedLearn_Bcomplex.sce
Logfile written - 02/10/2020 15:58:53

Subject	Trial	Event Type	Code	Time	TTime	Uncertainty	Duration	Uncertainty	ReqTime	ReqDur	Stim Type	Pair Index

quickie	0	Pulse	199	0	0	NA
quickie	0	Pulse	199	10000	10000	NA
quickie	1	Pulse	199	20000	9667	NA
quickie	1	Response	16	28304	17971	0
quickie	2	Pulse	199	30000	1690	NA
quickie	2	Pulse	199	40000	11690	NA
quickie	2	Pulse	199	50000	21690	NA
quickie	2	Pulse	199	60000	31690	NA
quickie	2	Pulse	199	70000	41690	NA
quickie	2	Pulse	199	80000	51690	NA
quickie	3	Picture	fix	80054	0	1	500	1	0	next	other	0
quickie	5	Picture	stim	80554	0	1	20349	1	0	20000	miss	0
quickie	5	Pulse	199	90000	9446	NA
quickie	5	Pulse	199	100000	19446	NA
quickie	6	Picture	fix2	101404	0	1	19849	1	0	next	other	0
quickie	6	Pulse	199	110000	8596	NA
quickie	6	Pulse	199	120000	18596	NA
quickie	6	Response	16	120719	19316	0
quickie	7	Picture	feedback	121252	0	1	20349	1	0	next	other	0
quickie	7	Response	32	121599	347	0
quickie	7	Pulse	199	130000	8748	NA
quickie	7	Pulse	199	140000	18748	NA
quickie	8	Picture	fix	141602	0	1	167	1	0	next	other	0
quickie	10	Picture	stim	141768	0	1	20182	1	0	20000	hit	25
quickie	10	Response	16	148882	7113	0
quickie	10	Pulse	199	150000	8232	NA
quickie	10	Response	32	151202	9433	0
quickie	10	Pulse	199	160000	18232	NA
quickie	11	Picture	fix2	161951	0	1	20016	1	0	next	other	0
quickie	11	Pulse	199	170000	8049	NA
quickie	11	Pulse	199	180000	18049	NA
quickie	12	Picture	feedback	181966	0	1	20349	1	0	next	other	0
quickie	12	Response	16	187208	5242	0
quickie	12	Response	32	188890	6924	0
quickie	12	Pulse	199	190000	8034	NA
quickie	12	Pulse	199	200000	18034	NA
quickie	13	Picture	fix	202315	0	1	167	1	0	next	other	0
quickie	15	Picture	stim	202482	0	1	20182	1	0	20000	miss	0
quickie	15	Pulse	199	210000	7518	NA
quickie	15	Pulse	199	220000	17518	NA
quickie	16	Picture	fix2	222664	0	1	20016	1	0	next	other	0
quickie	16	Pulse	199	230000	7336	NA
quickie	16	Pulse	199	240000	17336	NA
quickie	17	Picture	feedback	242680	0	1	20349	1	0	next	other	0
quickie	17	Pulse	199	250000	7320	NA
quickie	17	Pulse	199	260000	17320	NA
quickie	18	Picture	fix	263029	0	1	167	1	0	next	other	0
quickie	20	Picture	stim	263196	0	1	20182	1	0	20000	miss	0
quickie	20	Pulse	199	270000	6804	NA
quickie	20	Pulse	199	280000	16804	NA
quickie	21	Picture	fix2	283378	0	1	19849	1	0	next	other	0
quickie	21	Pulse	199	290000	6622	NA
quickie	21	Pulse	199	300000	16622	NA
quickie	22	Picture	feedback	303227	0	1	20349	1	0	next	other	0
quickie	22	Pulse	199	310000	6773	NA
quickie	22	Pulse	199	320000	16773	NA
quickie	23	Picture	fix	323576	0	1	167	1	0	next	other	0
quickie	25	Picture	stim	323743	0	1	20349	1	0	20000	miss	0
quickie	25	Pulse	199	330000	6257	NA
quickie	25	Pulse	199	340000	16257	NA
quickie	26	Picture	fix2	344092	0	1	19849	1	0	next	other	0
quickie	26	Pulse	199	350000	5908	NA
quickie	26	Pulse	199	360000	15908	NA
quickie	27	Picture	feedback	363941	0	1	20349	1	0	next	other	0
quickie	27	Pulse	199	370000	6059	NA
quickie	27	Pulse	199	380000	16059	NA
quickie	28	Picture	fix	384290	0	1	167	1	0	next	other	0
quickie	30	Picture	stim	384457	0	1	20349	1	0	20000	miss	0
quickie	30	Pulse	199	390000	5543	NA
quickie	30	Pulse	199	400000	15543	NA
quickie	31	Picture	fix2	404806	0	1	20016	1	0	next	other	0
quickie	31	Pulse	199	410000	5194	NA
quickie	31	Pulse	199	420000	15194	NA
quickie	32	Picture	feedback	424821	0	1	20349	1	0	next	other	0
quickie	32	Pulse	199	430000	5179	NA
quickie	32	Pulse	199	440000	15179	NA
quickie	33	Picture	fix	445171	0	1	167	1	0	next	other	0
quickie	35	Picture	stim	445337	0	1	20516	1	0	20000	miss	0
quickie	35	Pulse	199	450000	4663	NA
quickie	35	Pulse	199	460000	14663	NA
quickie	36	Picture	fix2	465853	0	1	19849	1	0	next	other	0
quickie	36	Pulse	199	470000	4147	NA
quickie	36	Pulse	199	480000	14147	NA
quickie	37	Picture	feedback	485702	0	1	20349	1	0	next	other	0
quickie	37	Pulse	199	490000	4298	NA
quickie	37	Pulse	199	500000	14298	NA
quickie	38	Picture	fix	506051	0	1	167	1	0	next	other	0
quickie	40	Picture	stim	506218	0	1	20182	1	0	20000	miss	0
quickie	40	Pulse	199	510000	3782	NA
quickie	40	Pulse	199	520000	13782	NA
quickie	41	Picture	fix2	526400	0	1	19849	1	0	next	other	0
quickie	41	Pulse	199	530000	3600	NA
quickie	41	Pulse	199	540000	13600	NA
quickie	42	Picture	feedback	546249	0	1	20349	1	0	next	other	0
quickie	42	Pulse	199	550000	3751	NA
quickie	42	Pulse	199	560000	13751	NA
quickie	43	Picture	fix	566598	0	1	167	1	0	next	other	0
quickie	45	Picture	stim	566765	0	1	20182	1	0	20000	miss	0
quickie	45	Pulse	199	570000	3235	NA
quickie	45	Pulse	199	580000	13235	NA
quickie	46	Picture	fix2	587114	0	1	19849	1	0	next	other	0
quickie	46	Pulse	199	590000	2886	NA
quickie	46	Pulse	199	600000	12886	NA
quickie	47	Picture	feedback	606963	0	1	20349	1	0	next	other	0
quickie	47	Pulse	199	610000	3037	NA
quickie	47	Pulse	199	620000	13037	NA
quickie	48	Picture	fix	627312	0	1	167	1	0	next	other	0
quickie	50	Picture	stim	627479	0	1	20349	1	0	20000	miss	0
quickie	50	Pulse	199	630000	2521	NA
quickie	50	Pulse	199	640000	12521	NA
quickie	51	Picture	fix2	647828	0	1	20016	1	0	next	other	0
quickie	51	Pulse	199	650000	2172	NA
quickie	51	Pulse	199	660000	12172	NA
quickie	52	Picture	feedback	667843	0	1	20349	1	0	next	other	0
quickie	52	Pulse	199	670000	2157	NA
quickie	52	Pulse	199	680000	12157	NA
quickie	53	Picture	fix	688193	0	1	167	1	0	next	other	0
quickie	55	Picture	stim	688359	0	1	20349	1	0	20000	miss	0
quickie	55	Pulse	199	690000	1641	NA
quickie	55	Pulse	199	700000	11641	NA
quickie	56	Picture	fix2	708709	0	1	20016	1	0	next	other	0
quickie	56	Pulse	199	710000	1292	NA
quickie	56	Pulse	199	720000	11292	NA
quickie	57	Picture	feedback	728724	0	1	20349	1	0	next	other	0
quickie	57	Pulse	199	730000	1276	NA
quickie	57	Pulse	199	740000	11276	NA
quickie	58	Picture	fix	749073	0	1	167	1	0	next	other	0
quickie	60	Picture	stim	749240	0	1	20349	1	0	20000	miss	0
quickie	60	Pulse	199	750000	760	NA
quickie	60	Pulse	199	760000	10760	NA
quickie	61	Picture	fix2	769589	0	1	19849	1	0	next	other	0
quickie	61	Pulse	199	770000	411	NA
quickie	61	Pulse	199	780000	10411	NA
quickie	62	Picture	feedback	789438	0	1	20349	1	0	next	other	0
quickie	62	Pulse	199	790000	562	NA
quickie	62	Pulse	199	800000	10562	NA
quickie	63	Picture	fix	809787	0	1	167	1	0	next	other	0
quickie	65	Picture	stim	809954	0	1	20349	1	0	20000	miss	0
quickie	65	Pulse	199	810000	46	NA
quickie	65	Pulse	199	820000	10046	NA
quickie	65	Pulse	199	830000	20046	NA
quickie	66	Picture	fix2	830303	0	1	19849	1	0	next	other	0
quickie	66	Pulse	199	840000	9697	NA
quickie	66	Pulse	199	850000	19697	NA
quickie	67	Picture	feedback	850152	0	1	20349	1	0	next	other	0
quickie	67	Pulse	199	860000	9848	NA
quickie	67	Pulse	199	870000	19848	NA
quickie	68	Picture	fix	870501	0	1	167	1	0	next	other	0
quickie	70	Picture	stim	870668	0	1	20182	1	0	20000	miss	0
quickie	70	Pulse	199	880000	9332	NA
quickie	70	Pulse	199	890000	19332	NA
quickie	71	Picture	fix2	890850	0	1	16935	1	0	next	other	0
quickie	71	Pulse	199	900000	9150	NA
quickie	71	Quit		900437	9587	NA
