Scenario - 
Logfile written - 08/09/2019 15:56:11

Subject	Trial	Event Type	Code	Time	TTime	Uncertainty	Duration	Uncertainty	ReqTime	ReqDur	Stim Type	Pair Index

AR1009	1	Response	20	39124	38946	0
AR1009	2	Response	20	167543	128254	0
AR1009	3	Response	20	742243	574700	0
AR1009	3	Response	20	955923	788379	0
AR1009	3	Response	20	975702	808159	0
AR1009	3	Pulse	199	1281332	1113788	0
AR1009	3	Picture	100	1281432	1113889	1	50134	1	0	50000	other	0
AR1009	3	Pulse	199	1293832	1126288	0
AR1009	3	Pulse	199	1306332	1138788	0
AR1009	3	Pulse	199	1318832	1151288	0
AR1009	3	Pulse	199	1331332	1163789	0
AR1009	4	Picture	60	1331744	0	1	7111	1	0	7000	other	0
AR1009	5	Picture	40	1339033	0	1	1778	1	0	1640	other	0
AR1009	6	Picture	60	1340988	0	1	7111	1	0	7000	other	0
AR1009	6	Pulse	199	1343832	2844	0
AR1009	7	Picture	40	1348277	0	1	4800	1	0	4720	other	0
AR1009	8	Picture	60	1353254	0	1	7112	1	0	7000	other	0
AR1009	8	Pulse	199	1356332	3078	0
AR1009	9	Picture	40	1360544	0	1	1422	1	0	1270	other	0
AR1009	10	Picture	60	1362144	0	1	7111	1	0	7000	other	0
AR1009	10	Pulse	199	1368832	6688	0
AR1009	11	Picture	40	1369433	0	1	2133	1	0	2070	other	0
AR1009	12	Picture	60	1371744	0	1	7111	1	0	7000	other	0
AR1009	13	Picture	40	1379033	0	1	3378	1	0	3210	other	0
AR1009	13	Pulse	199	1381332	2299	0
AR1009	14	Picture	60	1382588	0	1	7111	2	0	7000	other	0
AR1009	15	Picture	40	1389877	0	1	3378	1	0	3330	other	0
AR1009	16	Picture	60	1393433	0	1	7111	1	0	7000	other	0
AR1009	16	Pulse	199	1393832	399	0
AR1009	17	Picture	40	1400722	0	1	2133	1	0	1990	other	0
AR1009	18	Picture	60	1403033	0	1	7111	1	0	7000	other	0
AR1009	18	Pulse	199	1406331	3298	0
AR1009	19	Picture	40	1410322	0	1	2667	1	0	2550	other	0
AR1009	20	Picture	60	1413166	0	1	7111	1	0	7000	other	0
AR1009	20	Pulse	199	1418831	5665	0
AR1009	21	Picture	40	1420455	0	1	1956	1	0	1900	other	0
AR1009	22	Picture	60	1422589	0	1	7111	1	0	7000	other	0
AR1009	23	Picture	40	1429878	0	1	4267	1	0	4230	other	0
AR1009	23	Pulse	199	1431332	1454	0
AR1009	24	Picture	60	1434322	0	1	7111	1	0	7000	other	0
AR1009	25	Picture	40	1441611	0	1	1600	1	0	1510	other	0
AR1009	26	Picture	60	1443389	0	1	7111	1	0	7000	other	0
AR1009	26	Pulse	199	1443832	443	0
AR1009	27	Picture	40	1450678	0	1	4267	1	0	4080	other	0
AR1009	28	Picture	60	1455122	0	1	7111	1	0	7000	other	0
AR1009	28	Pulse	199	1456331	1209	0
AR1009	29	Picture	40	1462411	0	1	2667	1	0	2570	other	0
AR1009	30	Picture	65	1465256	0	1	7111	1	0	7000	miss	0
AR1009	30	Pulse	199	1468832	3576	0
AR1009	31	Picture	40	1472545	0	1	1778	1	0	1630	false_alarm	51
AR1009	31	Response	20	1473072	527	0
AR1009	32	Picture	60	1474500	0	1	7111	1	0	7000	other	0
AR1009	32	Pulse	199	1481331	6831	0
AR1009	33	Picture	40	1481789	0	1	2311	1	0	2150	other	0
AR1009	34	Picture	60	1484278	0	1	7111	1	0	7000	other	0
AR1009	35	Picture	40	1491567	0	1	2133	1	0	2020	other	0
AR1009	35	Pulse	199	1493832	2265	1
AR1009	36	Picture	60	1493878	0	1	7111	1	0	7000	other	0
AR1009	37	Picture	40	1501167	0	1	1245	1	0	1180	other	0
AR1009	38	Picture	50	1502589	0	1	90312	1	0	next	other	0
AR1009	38	Pulse	199	1506331	3742	0
AR1009	38	Pulse	199	1518831	16242	0
AR1009	38	Pulse	199	1531331	28742	0
AR1009	38	Pulse	199	1543832	41243	0
AR1009	38	Pulse	199	1556331	53742	0
AR1009	38	Pulse	199	1568832	66242	0
AR1009	38	Pulse	199	1581331	78742	0
AR1009	39	Picture	80	1592901	0	1	7111	1	0	7000	other	0
AR1009	39	Pulse	199	1593832	931	0
AR1009	40	Picture	40	1600190	0	1	1600	1	0	1510	other	0
AR1009	41	Picture	80	1601968	0	1	7111	1	0	7000	other	0
AR1009	41	Pulse	199	1606332	4364	0
AR1009	42	Picture	40	1609257	0	1	2133	1	0	2020	other	0
AR1009	43	Picture	80	1611568	0	1	7111	1	0	7000	other	0
AR1009	43	Pulse	199	1618832	7264	0
AR1009	44	Picture	40	1618857	0	1	2667	1	0	2550	other	0
AR1009	45	Picture	80	1621701	0	1	7111	1	0	7000	other	0
AR1009	46	Picture	40	1628990	0	1	2830	193	0	2830	other	0
AR1009	46	Pulse	199	1631332	2341	0
AR1009	47	Picture	80	1632190	0	1	7111	1	0	7000	other	0
AR1009	48	Picture	40	1639479	0	1	1778	1	0	1640	other	0
AR1009	49	Picture	80	1641435	0	1	7111	1	0	7000	other	0
AR1009	49	Pulse	199	1643832	2397	0
AR1009	50	Picture	40	1648724	0	1	1245	1	0	1180	other	0
AR1009	51	Picture	85	1650146	0	1	7111	1	0	7000	hit	86
AR1009	51	Response	25	1655972	5826	0
AR1009	51	Pulse	199	1656332	6185	0
AR1009	52	Picture	40	1657435	0	1	2311	1	0	2150	other	0
AR1009	53	Picture	80	1659924	0	1	7111	1	0	7000	other	0
AR1009	54	Picture	40	1667213	0	1	2133	1	0	1990	other	0
AR1009	54	Pulse	199	1668832	1619	0
AR1009	55	Picture	80	1669524	0	1	7111	1	0	7000	other	0
AR1009	56	Picture	40	1676813	0	1	2133	1	0	2070	other	0
AR1009	57	Picture	80	1679124	0	1	7111	1	0	7000	other	0
AR1009	57	Pulse	199	1681332	2208	0
AR1009	58	Picture	40	1686413	0	1	3378	1	0	3330	other	0
AR1009	59	Picture	80	1689969	0	1	7111	1	0	7000	other	0
AR1009	59	Pulse	199	1693832	3863	0
AR1009	60	Picture	40	1697258	0	1	4267	1	0	4230	other	0
AR1009	61	Picture	80	1701702	0	1	7112	1	0	7000	other	0
AR1009	61	Pulse	199	1706332	4630	0
AR1009	62	Picture	40	1708991	0	1	3378	1	0	3210	other	0
AR1009	63	Picture	80	1712547	0	1	7111	1	0	7000	other	0
AR1009	63	Pulse	199	1718832	6285	0
AR1009	64	Picture	40	1719836	0	1	1956	1	0	1900	other	0
AR1009	65	Picture	85	1721969	0	1	7111	1	0	7000	hit	107
AR1009	65	Response	25	1728311	6342	0
AR1009	66	Picture	40	1729258	0	1	1778	1	0	1630	other	0
AR1009	67	Picture	80	1731213	0	1	7111	1	0	7000	other	0
AR1009	67	Pulse	199	1731332	118	0
AR1009	68	Picture	40	1738502	0	1	4267	1	0	4080	other	0
AR1009	69	Picture	80	1742947	0	1	7111	1	0	7000	other	0
AR1009	69	Pulse	199	1743831	884	0
AR1009	70	Picture	40	1750236	0	1	4800	1	0	4720	other	0
AR1009	71	Picture	80	1755214	0	1	7111	1	0	7000	other	0
AR1009	71	Pulse	199	1756331	1118	0
AR1009	72	Picture	40	1762503	0	1	2667	1	0	2570	other	0
AR1009	73	Picture	80	1765347	0	1	7111	1	0	7000	other	0
AR1009	73	Pulse	199	1768831	3484	0
AR1009	74	Picture	40	1772636	0	1	1422	1	0	1270	other	0
AR1009	75	Picture	50	1774236	0	1	70223	1	0	next	other	0
AR1009	75	Pulse	199	1781332	7096	0
AR1009	75	Pulse	199	1793832	19596	0
AR1009	75	Pulse	199	1806332	32096	0
AR1009	75	Pulse	199	1818832	44596	0
AR1009	75	Pulse	199	1831332	57096	0
AR1009	75	Pulse	199	1843831	69595	0
AR1009	76	Picture	90	1844459	0	1	7111	1	0	7000	other	0
AR1009	77	Picture	40	1851748	0	1	2133	1	0	1990	other	0
AR1009	78	Picture	90	1854059	0	1	7111	1	0	7000	other	0
AR1009	78	Pulse	199	1856331	2272	0
AR1009	79	Picture	40	1861348	0	1	1778	1	0	1630	other	0
AR1009	80	Picture	90	1863303	0	1	7111	1	0	7000	other	0
AR1009	80	Pulse	199	1868832	5528	0
AR1009	81	Picture	40	1870592	0	1	1244	1	0	1180	other	0
AR1009	82	Picture	90	1872015	0	1	7111	1	0	7000	other	0
AR1009	83	Picture	40	1879303	0	1	3378	1	0	3330	other	0
AR1009	83	Pulse	199	1881332	2028	0
AR1009	84	Picture	95	1882859	0	1	7111	1	0	7000	hit	140
AR1009	84	Response	25	1889071	6212	0
AR1009	85	Picture	40	1890148	0	1	1600	1	0	1510	other	0
AR1009	86	Picture	90	1891926	0	1	7111	1	0	7000	other	0
AR1009	86	Pulse	199	1893832	1906	0
AR1009	87	Picture	40	1899215	0	1	4267	1	0	4230	other	0
AR1009	88	Picture	90	1903659	0	1	7111	1	0	7000	other	0
AR1009	88	Pulse	199	1906331	2672	0
AR1009	89	Picture	40	1910948	0	1	3378	1	0	3210	other	0
AR1009	90	Picture	90	1914504	0	1	7111	1	0	7000	other	0
AR1009	90	Pulse	199	1918831	4327	0
AR1009	91	Picture	40	1921793	0	1	4267	1	0	4080	other	0
AR1009	92	Picture	90	1926237	0	1	7111	1	0	7000	other	0
AR1009	92	Pulse	199	1931331	5094	0
AR1009	93	Picture	40	1933526	0	1	4800	1	0	4720	other	0
AR1009	94	Picture	90	1938504	0	1	7111	1	0	7000	other	0
AR1009	94	Pulse	199	1943831	5327	0
AR1009	95	Picture	40	1945793	0	1	2667	1	0	2570	other	0
AR1009	96	Picture	90	1948637	0	1	7111	1	0	7000	other	0
AR1009	97	Picture	40	1955926	0	1	2133	1	0	2020	other	0
AR1009	97	Pulse	199	1956331	405	0
AR1009	98	Picture	90	1958237	0	1	7111	1	0	7000	other	0
AR1009	99	Picture	40	1965526	0	1	2133	1	0	2070	other	0
AR1009	100	Picture	90	1967838	0	1	7111	1	0	7000	other	0
AR1009	100	Pulse	199	1968831	993	0
AR1009	101	Picture	40	1975126	0	1	1956	1	0	1900	other	0
AR1009	102	Picture	90	1977260	0	1	7111	1	0	7000	other	0
AR1009	102	Pulse	199	1981331	4071	0
AR1009	103	Picture	40	1984549	0	1	2830	193	0	2830	other	0
AR1009	104	Picture	90	1987749	0	1	7111	1	0	7000	other	0
AR1009	104	Pulse	199	1993831	6082	0
AR1009	105	Picture	40	1995038	0	1	1778	1	0	1640	other	0
AR1009	106	Picture	90	1996993	0	1	7111	1	0	7000	other	0
AR1009	107	Picture	40	2004282	0	1	2667	1	0	2550	other	0
AR1009	107	Pulse	199	2006331	2049	0
AR1009	108	Picture	90	2007127	0	1	7111	1	0	7000	other	0
AR1009	109	Picture	40	2014416	0	1	2311	1	0	2150	other	0
AR1009	110	Picture	50	2016905	0	1	70223	1	0	next	other	0
AR1009	110	Pulse	199	2018830	1926	0
AR1009	110	Pulse	199	2031331	14427	0
AR1009	110	Pulse	199	2043830	26926	0
AR1009	110	Pulse	199	2056331	39426	0
AR1009	110	Pulse	199	2068830	51926	0
AR1009	110	Pulse	199	2081331	64426	0
AR1009	111	Picture	70	2087127	0	1	7111	1	0	7000	other	0
AR1009	111	Pulse	199	2093841	6714	0
AR1009	112	Picture	40	2094416	0	1	2311	1	0	2150	other	0
AR1009	113	Picture	70	2096905	0	1	7111	1	0	7000	other	0
AR1009	114	Picture	40	2104194	0	1	4800	1	0	4720	other	0
AR1009	114	Pulse	199	2106341	2147	0
AR1009	115	Picture	70	2109172	0	1	7111	1	0	7000	other	0
AR1009	116	Picture	40	2116461	0	1	2133	1	0	2070	other	0
AR1009	117	Picture	75	2118772	0	1	7111	1	0	7000	hit	193
AR1009	117	Pulse	199	2118841	69	0
AR1009	117	Response	25	2125441	6669	0
AR1009	118	Picture	40	2126061	0	1	1244	1	0	1180	other	0
AR1009	119	Picture	70	2127483	0	1	7111	1	0	7000	other	0
AR1009	119	Pulse	199	2131341	3858	0
AR1009	120	Picture	40	2134772	0	1	4267	1	0	4230	other	0
AR1009	121	Picture	70	2139217	0	1	7111	1	0	7000	other	0
AR1009	121	Pulse	199	2143831	4614	0
AR1009	122	Picture	40	2146506	0	1	1778	1	0	1630	other	0
AR1009	123	Picture	70	2148461	0	1	7111	1	0	7000	other	0
AR1009	124	Picture	40	2155750	0	1	4267	1	0	4080	other	0
AR1009	124	Pulse	199	2156331	581	0
AR1009	125	Picture	70	2160195	0	1	7111	1	0	7000	other	0
AR1009	126	Picture	40	2167484	0	1	3378	1	0	3210	other	0
AR1009	126	Pulse	199	2168841	1357	0
AR1009	127	Picture	70	2171039	0	1	7111	1	0	7000	other	0
AR1009	128	Picture	40	2178328	0	1	2133	1	0	2020	other	0
AR1009	129	Picture	70	2180639	0	1	7111	1	0	7000	other	0
AR1009	129	Pulse	199	2181340	701	0
AR1009	130	Picture	40	2187928	0	1	1956	1	0	1900	other	0
AR1009	131	Picture	70	2190061	0	1	7111	1	0	7000	other	0
AR1009	131	Pulse	199	2193841	3779	0
AR1009	132	Picture	40	2197350	0	1	2133	1	0	1990	other	0
AR1009	133	Picture	75	2199662	0	1	7111	1	0	7000	hit	216
AR1009	133	Response	25	2206321	6659	0
AR1009	133	Pulse	199	2206340	6679	0
AR1009	134	Picture	40	2206950	0	1	2667	1	0	2550	other	0
AR1009	135	Picture	70	2209795	0	1	7111	1	0	7000	other	0
AR1009	136	Picture	40	2217084	0	1	2830	193	0	2830	other	0
AR1009	136	Pulse	199	2218841	1757	0
AR1009	137	Picture	70	2220284	0	1	7111	1	0	7000	other	0
AR1009	138	Picture	40	2227573	0	1	3378	1	0	3330	other	0
AR1009	139	Picture	70	2231128	0	1	7111	1	0	7000	other	0
AR1009	139	Pulse	199	2231342	213	0
AR1009	140	Picture	40	2238417	0	1	1422	1	0	1270	other	0
AR1009	141	Picture	70	2240017	0	1	7111	1	0	7000	other	0
AR1009	141	Pulse	199	2243841	3823	0
AR1009	142	Picture	40	2247306	0	1	1778	1	0	1640	other	0
AR1009	143	Picture	70	2249262	0	1	7111	1	0	7000	other	0
AR1009	143	Pulse	199	2256340	7078	0
AR1009	144	Picture	40	2256551	0	1	2667	1	0	2570	other	0
AR1009	145	Picture	70	2259395	0	1	7111	1	0	7000	other	0
AR1009	146	Picture	40	2266684	0	1	1600	1	0	1510	other	0
AR1009	147	Picture	50	2268462	0	1	70223	1	0	next	other	0
AR1009	147	Pulse	199	2268841	379	0
AR1009	147	Pulse	199	2281340	12878	0
AR1009	147	Pulse	199	2293840	25378	0
AR1009	147	Pulse	199	2306340	37878	0
AR1009	147	Pulse	199	2318840	50378	0
AR1009	147	Pulse	199	2331340	62878	0
AR1009	148	Picture	90	2338685	0	1	7111	1	0	7000	other	0
AR1009	148	Pulse	199	2343841	5156	0
AR1009	149	Picture	40	2345974	0	1	2133	1	0	2070	other	0
AR1009	150	Picture	90	2348285	0	1	7111	1	0	7000	other	0
AR1009	151	Picture	40	2355574	0	1	1778	1	0	1630	other	0
AR1009	151	Pulse	199	2356340	766	0
AR1009	152	Picture	90	2357529	0	1	7111	1	0	7000	other	0
AR1009	153	Picture	40	2364818	0	1	2667	1	0	2570	other	0
AR1009	154	Picture	90	2367663	0	1	7111	1	0	7000	other	0
AR1009	154	Pulse	199	2368841	1178	0
AR1009	155	Picture	40	2374952	0	1	3378	1	0	3210	other	0
AR1009	156	Picture	90	2378507	0	1	7111	1	0	7000	other	0
AR1009	156	Pulse	199	2381340	2833	0
AR1009	157	Picture	40	2385796	0	1	2133	1	0	2020	other	0
AR1009	158	Picture	90	2388107	0	1	7111	1	0	7000	other	0
AR1009	158	Pulse	199	2393841	5733	0
AR1009	159	Picture	40	2395396	0	1	2844	1	0	2830	other	0
AR1009	160	Picture	90	2398274	0	324	7078	324	0	7000	other	0
AR1009	161	Picture	40	2405530	0	1	3378	1	0	3330	other	0
AR1009	161	Pulse	199	2406340	810	0
AR1009	162	Picture	90	2409085	0	1	7111	1	0	7000	other	0
AR1009	163	Picture	40	2416374	0	1	2133	1	0	1990	other	0
AR1009	164	Picture	90	2418685	0	1	7111	1	0	7000	other	0
AR1009	164	Pulse	199	2418840	155	0
AR1009	165	Picture	40	2425974	0	1	1956	1	0	1900	other	0
AR1009	166	Picture	90	2428108	0	1	7111	1	0	7000	other	0
AR1009	166	Pulse	199	2431341	3233	0
AR1009	167	Picture	40	2435397	0	1	1778	1	0	1640	other	0
AR1009	168	Picture	90	2437352	0	1	7111	1	0	7000	other	0
AR1009	168	Pulse	199	2443841	6488	0
AR1009	169	Picture	40	2444641	0	1	2311	1	0	2150	other	0
AR1009	170	Picture	90	2447130	0	1	7111	1	0	7000	other	0
AR1009	171	Picture	40	2454419	0	1	2667	1	0	2550	other	0
AR1009	171	Pulse	199	2456341	1922	0
AR1009	172	Picture	90	2457264	0	1	7111	1	0	7000	other	0
AR1009	173	Picture	40	2464552	0	1	1422	1	0	1270	other	0
AR1009	174	Picture	90	2466152	0	1	7111	1	0	7000	other	0
AR1009	174	Pulse	199	2468841	2688	0
AR1009	175	Picture	40	2473441	0	1	1245	1	0	1180	other	0
AR1009	176	Picture	90	2474864	0	1	7111	1	0	7000	other	0
AR1009	176	Pulse	199	2481341	6477	0
AR1009	177	Picture	40	2482153	0	1	4267	1	0	4080	other	0
AR1009	178	Picture	90	2486597	0	1	7111	1	0	7000	other	0
AR1009	178	Pulse	199	2493841	7244	0
AR1009	179	Picture	40	2493886	0	1	1600	1	0	1510	other	0
AR1009	180	Picture	50	2495664	0	1	70034	190	0	next	other	0
AR1009	180	Pulse	199	2506340	10677	0
AR1009	180	Pulse	199	2518840	23176	0
AR1009	180	Pulse	199	2531340	35676	0
AR1009	180	Pulse	199	2543840	48176	0
AR1009	180	Pulse	199	2556340	60676	1
AR1009	181	Picture	80	2565698	0	190	7122	190	0	7000	other	0
AR1009	181	Pulse	199	2568841	3143	0
AR1009	182	Picture	40	2572998	0	1	1778	1	0	1640	other	0
AR1009	183	Picture	80	2574953	0	1	7111	1	0	7000	other	0
AR1009	183	Pulse	199	2581340	6387	0
AR1009	184	Picture	40	2582242	0	1	2667	1	0	2550	other	0
AR1009	185	Picture	80	2585087	0	1	7111	1	0	7000	other	0
AR1009	186	Picture	40	2592376	0	1	4267	1	0	4080	other	0
AR1009	186	Pulse	199	2593841	1465	0
AR1009	187	Picture	80	2596820	0	1	7111	1	0	7000	other	0
AR1009	188	Picture	40	2604109	0	1	1245	1	0	1180	other	0
AR1009	189	Picture	80	2605531	0	1	7111	1	0	7000	other	0
AR1009	189	Pulse	199	2606341	809	0
AR1009	190	Picture	40	2612820	0	1	1600	1	0	1510	other	0
AR1009	191	Picture	85	2614598	0	1	7111	1	0	7000	hit	309
AR1009	191	Pulse	199	2618840	4242	0
AR1009	191	Response	25	2621540	6942	0
AR1009	192	Picture	40	2621887	0	1	2133	1	0	1990	other	0
AR1009	193	Picture	80	2624198	0	1	7111	1	0	7000	other	0
AR1009	193	Pulse	199	2631340	7142	0
AR1009	194	Picture	40	2631487	0	1	1778	1	0	1630	other	0
AR1009	195	Picture	85	2633443	0	1	7111	1	0	7000	miss	0
AR1009	196	Picture	40	2640732	0	1	3378	1	0	3210	false_alarm	316
AR1009	196	Response	20	2640850	118	0
AR1009	196	Pulse	199	2643840	3108	0
AR1009	197	Picture	80	2644287	0	1	7111	1	0	7000	other	0
AR1009	198	Picture	40	2651576	0	1	2830	193	0	2830	other	0
AR1009	199	Picture	80	2654776	0	1	7111	1	0	7000	other	0
AR1009	199	Pulse	199	2656340	1564	0
AR1009	200	Picture	40	2662065	0	1	3378	1	0	3330	other	0
AR1009	201	Picture	80	2665621	0	1	7111	1	0	7000	other	0
AR1009	201	Pulse	199	2668840	3220	0
AR1009	202	Picture	40	2672910	0	1	4267	1	0	4230	other	0
AR1009	203	Picture	80	2677354	0	1	7111	1	0	7000	other	0
AR1009	203	Pulse	199	2681340	3986	0
AR1009	204	Picture	40	2684643	0	1	2667	1	0	2570	other	0
AR1009	205	Picture	80	2687488	0	1	7111	1	0	7000	other	0
AR1009	205	Pulse	199	2693840	6353	0
AR1009	206	Picture	40	2694776	0	1	4800	1	0	4720	other	0
AR1009	207	Picture	80	2699754	0	1	7111	1	0	7000	other	0
AR1009	207	Pulse	199	2706340	6586	0
AR1009	208	Picture	40	2707043	0	1	2311	1	0	2150	other	0
AR1009	209	Picture	80	2709532	0	1	7111	1	0	7000	other	0
AR1009	210	Picture	40	2716821	0	1	1422	1	0	1270	other	0
AR1009	211	Picture	80	2718421	0	1	7111	1	0	7000	other	0
AR1009	211	Pulse	199	2718840	419	0
AR1009	212	Picture	40	2725710	0	1	1956	1	0	1900	other	0
AR1009	213	Picture	80	2727843	0	1	7111	1	0	7000	other	0
AR1009	213	Pulse	199	2731340	3497	0
AR1009	214	Picture	40	2735132	0	1	2133	1	0	2070	other	0
AR1009	215	Picture	80	2737443	0	1	7111	1	0	7000	other	0
AR1009	215	Pulse	199	2743839	6396	0
AR1009	216	Picture	40	2744732	0	1	2133	1	0	2020	other	0
AR1009	217	Picture	50	2747044	0	1	90134	1	0	next	other	0
AR1009	217	Pulse	199	2756340	9296	0
AR1009	217	Pulse	199	2768840	21796	0
AR1009	217	Pulse	199	2781340	34297	0
AR1009	217	Pulse	199	2793839	46796	0
AR1009	217	Pulse	199	2806340	59297	0
AR1009	217	Pulse	199	2818839	71796	0
AR1009	217	Pulse	199	2831339	84296	0
AR1009	218	Picture	70	2837178	0	1	7111	1	0	7000	other	0
AR1009	218	Pulse	199	2843839	6662	0
AR1009	219	Picture	40	2844467	0	1	1956	1	0	1900	other	0
AR1009	220	Picture	70	2846600	0	1	7111	1	0	7000	other	0
AR1009	221	Picture	40	2853889	0	1	2830	193	0	2830	other	0
AR1009	221	Pulse	199	2856339	2450	0
AR1009	222	Picture	75	2857089	0	1	7111	1	0	7000	hit	361
AR1009	222	Response	25	2863210	6121	0
AR1009	223	Picture	40	2864378	0	1	2133	1	0	1990	other	0
AR1009	224	Picture	70	2866689	0	1	7111	1	0	7000	other	0
AR1009	224	Pulse	199	2868839	2150	0
AR1009	225	Picture	40	2873978	0	1	2133	1	0	2020	other	0
AR1009	226	Picture	70	2876289	0	1	7111	1	0	7000	other	0
AR1009	226	Pulse	199	2881340	5051	0
AR1009	227	Picture	40	2883578	0	1	2133	1	0	2070	other	0
AR1009	228	Picture	70	2885889	0	1	7111	1	0	7000	other	0
AR1009	229	Picture	40	2893178	0	1	3378	1	0	3330	other	0
AR1009	229	Pulse	199	2893839	661	0
AR1009	230	Picture	70	2896734	0	1	7111	1	0	7000	other	0
AR1009	231	Picture	40	2904023	0	1	1600	1	0	1510	other	0
AR1009	232	Picture	70	2905800	0	1	7111	1	0	7000	other	0
AR1009	232	Pulse	199	2906340	539	0
AR1009	233	Picture	40	2913089	0	1	1244	1	0	1180	other	0
AR1009	234	Picture	70	2914512	0	1	7111	1	0	7000	other	0
AR1009	234	Pulse	199	2918839	4328	0
AR1009	235	Picture	40	2921801	0	1	4266	1	0	4230	other	0
AR1009	236	Picture	70	2926245	0	1	7111	1	0	7000	other	0
AR1009	236	Pulse	199	2931340	5095	0
AR1009	237	Picture	40	2933534	0	1	1422	1	0	1270	other	0
AR1009	238	Picture	70	2935134	0	1	7111	1	0	7000	other	0
AR1009	239	Picture	40	2942423	0	1	1778	1	0	1630	other	0
AR1009	239	Pulse	199	2943839	1417	0
AR1009	240	Picture	70	2944378	0	1	7111	1	0	7000	other	0
AR1009	241	Picture	40	2951667	0	1	1778	1	0	1640	other	0
AR1009	242	Picture	70	2953623	0	1	7111	1	0	7000	other	0
AR1009	242	Pulse	199	2956339	2716	0
AR1009	243	Picture	40	2960912	0	1	2667	1	0	2570	other	0
AR1009	244	Picture	70	2963756	0	1	7111	1	0	7000	other	0
AR1009	244	Pulse	199	2968839	5083	0
AR1009	245	Picture	40	2971045	0	1	3378	1	0	3210	other	0
AR1009	246	Picture	70	2974601	0	1	7111	1	0	7000	other	0
AR1009	246	Pulse	199	2981339	6738	0
AR1009	247	Picture	40	2981890	0	1	2667	1	0	2550	other	0
AR1009	248	Picture	70	2984734	0	1	7111	1	0	7000	other	0
AR1009	249	Picture	40	2992023	0	1	4267	1	0	4080	other	0
AR1009	249	Pulse	199	2993840	1816	0
AR1009	250	Picture	70	2996468	0	1	7111	1	0	7000	other	0
AR1009	251	Picture	40	3003757	0	1	4800	1	0	4720	other	0
AR1009	251	Pulse	199	3006340	2583	0
AR1009	252	Picture	75	3008734	0	1	7111	1	0	7000	hit	404
AR1009	252	Response	25	3014260	5525	0
AR1009	253	Picture	40	3016023	0	1	2311	1	0	2150	other	0
AR1009	254	Picture	50	3018512	0	1	70033	190	0	next	other	0
AR1009	254	Pulse	199	3018839	327	0
AR1009	254	Pulse	199	3031340	12827	0
AR1009	254	Pulse	199	3043840	25327	0
AR1009	254	Pulse	199	3056340	37827	0
AR1009	254	Pulse	199	3068839	50327	0
AR1009	254	Pulse	199	3081339	62827	0
AR1009	255	Picture	60	3088546	0	190	7123	190	0	7000	other	0
AR1009	255	Pulse	199	3093839	5293	0
AR1009	256	Picture	40	3095846	0	1	2311	1	0	2150	other	0
AR1009	257	Picture	60	3098335	0	1	7111	1	0	7000	other	0
AR1009	258	Picture	40	3105624	0	1	2133	1	0	1990	other	0
AR1009	258	Pulse	199	3106340	716	0
AR1009	259	Picture	60	3107935	0	1	7111	1	0	7000	other	0
AR1009	260	Picture	40	3115224	0	1	1600	1	0	1510	other	0
AR1009	261	Picture	60	3117002	0	1	7111	1	0	7000	other	0
AR1009	261	Pulse	199	3118840	1838	0
AR1009	262	Picture	40	3124291	0	1	1956	1	0	1900	other	0
AR1009	263	Picture	60	3126424	0	1	7111	1	0	7000	other	0
AR1009	263	Pulse	199	3131340	4915	0
AR1009	264	Picture	40	3133713	0	1	3378	1	0	3210	other	0
AR1009	265	Picture	60	3137269	0	1	7111	1	0	7000	other	0
AR1009	265	Pulse	199	3143840	6571	0
AR1009	266	Picture	40	3144558	0	1	1778	1	0	1630	other	0
AR1009	267	Picture	60	3146513	0	1	7111	1	0	7000	other	0
AR1009	268	Picture	40	3153802	0	1	1778	1	0	1640	other	0
AR1009	269	Picture	60	3155758	0	1	7111	1	0	7000	other	0
AR1009	269	Pulse	199	3156340	582	0
AR1009	270	Picture	40	3163047	0	1	2667	1	0	2570	other	0
AR1009	271	Picture	65	3165891	0	1	7111	1	0	7000	hit	437
AR1009	271	Pulse	199	3168839	2948	0
AR1009	271	Response	25	3172349	6457	0
AR1009	272	Picture	40	3173180	0	1	4267	1	0	4230	other	0
AR1009	273	Picture	60	3177625	0	1	7111	1	0	7000	other	0
AR1009	273	Pulse	199	3181340	3715	0
AR1009	274	Picture	40	3184914	0	1	1244	1	0	1180	other	0
AR1009	275	Picture	60	3186336	0	1	7111	1	0	7000	other	0
AR1009	276	Picture	40	3193625	0	1	2133	1	0	2070	other	0
AR1009	276	Pulse	199	3193839	214	0
AR1009	277	Picture	60	3195936	0	1	7111	1	0	7000	other	0
AR1009	278	Picture	40	3203225	0	1	4800	1	0	4720	other	0
AR1009	278	Pulse	199	3206339	3114	0
AR1009	279	Picture	60	3208203	0	1	7111	1	0	7000	other	0
AR1009	280	Picture	40	3215492	0	1	2133	1	0	2020	other	0
AR1009	281	Picture	60	3217803	0	1	7111	1	0	7000	other	0
AR1009	281	Pulse	199	3218840	1037	0
AR1009	282	Picture	40	3225092	0	1	1422	1	0	1270	other	0
AR1009	283	Picture	60	3226692	0	1	7111	1	0	7000	other	0
AR1009	283	Pulse	199	3231340	4648	0
AR1009	284	Picture	40	3233981	0	1	4267	1	0	4080	other	0
AR1009	285	Picture	60	3238425	0	1	7111	1	0	7000	other	0
AR1009	285	Pulse	199	3243840	5414	0
AR1009	286	Picture	40	3245714	0	1	2830	193	0	2830	other	0
AR1009	287	Picture	65	3248914	0	1	7111	1	0	7000	miss	0
AR1009	288	Picture	40	3256203	0	1	2667	1	0	2550	false_alarm	462
AR1009	288	Pulse	199	3256339	136	0
AR1009	288	Response	20	3257079	876	0
AR1009	289	Picture	60	3259048	0	1	7111	1	0	7000	other	0
AR1009	290	Picture	40	3266337	0	1	3378	1	0	3330	other	0
AR1009	290	Pulse	199	3268839	2503	0
AR1009	291	Picture	50	3269892	0	1	70223	1	0	next	other	0
AR1009	291	Pulse	199	3281339	11447	0
AR1009	291	Pulse	199	3293839	23947	0
AR1009	291	Pulse	199	3306339	36447	0
AR1009	291	Pulse	199	3318839	48946	0
AR1009	291	Pulse	199	3331339	61447	0
AR1009	292	Picture	90	3340115	0	1	7111	1	0	7000	other	0
AR1009	292	Pulse	199	3343839	3724	0
AR1009	293	Picture	40	3347404	0	1	4267	1	0	4080	other	0
AR1009	294	Picture	90	3351848	0	1	7111	1	0	7000	other	0
AR1009	294	Pulse	199	3356339	4491	0
AR1009	295	Picture	40	3359137	0	1	1244	1	0	1180	other	0
AR1009	296	Picture	90	3360559	0	1	7111	1	0	7000	other	0
AR1009	297	Picture	40	3367848	0	1	1778	1	0	1640	other	0
AR1009	297	Pulse	199	3368840	991	0
AR1009	298	Picture	90	3369804	0	1	7111	1	0	7000	other	0
AR1009	299	Picture	40	3377093	0	1	2133	1	0	2020	other	0
AR1009	300	Picture	90	3379404	0	1	7111	1	0	7000	other	0
AR1009	300	Pulse	199	3381339	1935	0
AR1009	301	Picture	40	3386693	0	1	2830	193	0	2830	other	0
AR1009	302	Picture	90	3389893	0	1	7111	1	0	7000	other	0
AR1009	302	Pulse	199	3393839	3946	0
AR1009	303	Picture	40	3397182	0	1	2667	1	0	2570	other	0
AR1009	304	Picture	90	3400026	0	1	7111	1	0	7000	other	0
AR1009	304	Pulse	199	3406339	6312	0
AR1009	305	Picture	40	3407315	0	1	3378	1	0	3210	other	0
AR1009	306	Picture	90	3410871	0	1	7111	1	0	7000	other	0
AR1009	307	Picture	40	3418160	0	1	2667	1	0	2550	other	0
AR1009	307	Pulse	199	3418838	679	0
AR1009	308	Picture	90	3421004	0	1	7111	1	0	7000	other	0
AR1009	309	Picture	40	3428293	0	1	4267	1	0	4230	other	0
AR1009	309	Pulse	199	3431339	3046	0
AR1009	310	Picture	90	3432738	0	1	7111	1	0	7000	other	0
AR1009	311	Picture	40	3440027	0	1	1778	1	0	1630	other	0
AR1009	312	Picture	90	3441982	0	1	7111	1	0	7000	other	0
AR1009	312	Pulse	199	3443839	1857	0
AR1009	313	Picture	40	3449271	0	1	3378	1	0	3330	other	0
AR1009	314	Picture	90	3452827	0	1	7111	1	0	7000	other	0
AR1009	314	Pulse	199	3456339	3512	0
AR1009	315	Picture	40	3460116	0	1	4800	1	0	4720	other	0
AR1009	316	Picture	90	3465094	0	1	7111	1	0	7000	other	0
AR1009	316	Pulse	199	3468839	3746	0
AR1009	317	Picture	40	3472383	0	1	2311	1	0	2150	other	0
AR1009	318	Picture	90	3474872	0	1	7111	1	0	7000	other	0
AR1009	318	Pulse	199	3481339	6468	0
AR1009	319	Picture	40	3482160	0	1	1600	1	0	1510	other	0
AR1009	320	Picture	90	3483938	0	1	7111	1	0	7000	other	0
AR1009	321	Picture	40	3491227	0	1	2133	1	0	2070	other	0
AR1009	322	Picture	90	3493538	0	1	7111	1	0	7000	other	0
AR1009	322	Pulse	199	3493839	301	0
AR1009	323	Picture	40	3500827	0	1	1956	1	0	1900	other	0
AR1009	324	Picture	50	3502961	0	1	70034	190	0	next	other	0
AR1009	324	Pulse	199	3506339	3379	0
AR1009	324	Pulse	199	3518839	15878	0
AR1009	324	Pulse	199	3531338	28378	0
AR1009	324	Pulse	199	3543838	40878	0
AR1009	324	Pulse	199	3556339	53379	0
AR1009	324	Pulse	199	3568839	65878	0
AR1009	325	Picture	80	3572994	0	190	7122	190	0	7000	other	0
AR1009	326	Picture	40	3580295	0	1	3378	1	0	3210	other	0
AR1009	326	Pulse	199	3581339	1045	0
AR1009	327	Picture	80	3583850	0	1	7111	1	0	7000	other	0
AR1009	328	Picture	40	3591139	0	1	1244	1	0	1180	other	0
AR1009	329	Picture	80	3592561	0	1	7111	1	0	7000	other	0
AR1009	329	Pulse	199	3593839	1278	0
AR1009	330	Picture	40	3599850	0	1	1422	1	0	1270	other	0
AR1009	331	Picture	85	3601450	0	1	7111	1	0	7000	hit	534
AR1009	331	Pulse	199	3606339	4889	0
AR1009	331	Response	25	3607148	5698	0
AR1009	332	Picture	40	3608739	0	1	2830	193	0	2830	other	0
AR1009	333	Picture	80	3611939	0	1	7111	1	0	7000	other	0
AR1009	333	Pulse	199	3618839	6900	0
AR1009	334	Picture	40	3619228	0	1	1778	1	0	1640	other	0
AR1009	335	Picture	80	3621184	0	1	7111	1	0	7000	other	0
AR1009	336	Picture	40	3628473	0	1	2133	1	0	2070	other	0
AR1009	337	Picture	80	3630784	0	1	7111	1	0	7000	other	0
AR1009	337	Pulse	199	3631339	555	0
AR1009	338	Picture	40	3638073	0	1	1600	1	0	1510	other	0
AR1009	339	Picture	80	3639851	0	1	7111	1	0	7000	other	0
AR1009	339	Pulse	199	3643838	3988	0
AR1009	340	Picture	40	3647139	0	1	1956	1	0	1900	other	0
AR1009	341	Picture	80	3649273	0	1	7111	1	0	7000	other	0
AR1009	341	Pulse	199	3656339	7066	0
AR1009	342	Picture	40	3656562	0	1	4267	1	0	4230	other	0
AR1009	343	Picture	80	3661006	0	1	7111	1	0	7000	other	0
AR1009	344	Picture	40	3668295	0	1	2133	1	0	1990	other	0
AR1009	344	Pulse	199	3668839	544	0
AR1009	345	Picture	80	3670606	0	1	7111	1	0	7000	other	0
AR1009	346	Picture	40	3677895	0	1	3378	1	0	3330	other	0
AR1009	346	Pulse	199	3681339	3444	0
AR1009	347	Picture	80	3681451	0	1	7111	1	0	7000	other	0
AR1009	348	Picture	40	3688740	0	1	2133	1	0	2020	other	0
AR1009	349	Picture	80	3691051	0	1	7111	1	0	7000	other	0
AR1009	349	Pulse	199	3693839	2788	0
AR1009	350	Picture	40	3698340	0	1	2667	1	0	2550	other	0
AR1009	351	Picture	80	3701184	0	1	7111	1	0	7000	other	0
AR1009	351	Pulse	199	3706339	5155	0
AR1009	352	Picture	40	3708473	0	1	2667	1	0	2570	other	0
AR1009	353	Picture	80	3711318	0	1	7111	1	0	7000	other	0
AR1009	354	Picture	40	3718607	0	1	4800	1	0	4720	other	0
AR1009	354	Pulse	199	3718839	232	0
AR1009	355	Picture	80	3723584	0	1	7111	1	0	7000	other	0
AR1009	356	Picture	40	3730873	0	1	4267	1	0	4080	other	0
AR1009	356	Pulse	199	3731339	465	0
AR1009	357	Picture	85	3735318	0	1	7111	1	0	7000	hit	571
AR1009	357	Response	25	3741708	6390	0
AR1009	358	Picture	40	3742607	0	1	2311	1	0	2150	other	0
AR1009	358	Pulse	199	3743838	1231	0
AR1009	359	Picture	80	3745096	0	1	7111	1	0	7000	other	0
AR1009	360	Picture	40	3752385	0	1	1778	1	0	1630	other	0
AR1009	361	Picture	50	3754340	0	1	70034	190	0	next	other	0
AR1009	361	Pulse	199	3756338	1998	0
AR1009	361	Pulse	199	3768838	14498	0
AR1009	361	Pulse	199	3781338	26998	0
AR1009	361	Pulse	199	3793839	39498	0
AR1009	361	Pulse	199	3806339	51998	0
AR1009	361	Pulse	199	3818839	64498	0
AR1009	362	Picture	60	3824374	0	190	7122	190	0	7000	other	0
AR1009	362	Pulse	199	3831349	6975	0
AR1009	363	Picture	40	3831674	0	1	1422	1	0	1270	other	0
AR1009	364	Picture	60	3833274	0	1	7111	1	0	7000	other	0
AR1009	365	Picture	40	3840563	0	1	3378	1	0	3330	other	0
AR1009	365	Pulse	199	3843849	3285	0
AR1009	366	Picture	60	3844119	0	1	7111	1	0	7000	other	0
AR1009	367	Picture	40	3851408	0	1	4800	1	0	4720	other	0
AR1009	367	Pulse	199	3856348	4941	0
AR1009	368	Picture	60	3856386	0	1	7111	1	0	7000	other	0
AR1009	369	Picture	40	3863675	0	1	4267	1	0	4230	other	0
AR1009	370	Picture	60	3868119	0	1	7111	1	0	7000	other	0
AR1009	370	Pulse	199	3868838	719	0
AR1009	371	Picture	40	3875408	0	1	4267	1	0	4080	other	0
AR1009	372	Picture	60	3879852	0	1	7111	1	0	7000	other	0
AR1009	372	Pulse	199	3881338	1486	0
AR1009	373	Picture	40	3887141	0	1	2830	194	0	2830	other	0
AR1009	374	Picture	60	3890341	0	1	7111	1	0	7000	other	0
AR1009	374	Pulse	199	3893849	3507	0
AR1009	375	Picture	40	3897630	0	1	2133	1	0	2020	other	0
AR1009	376	Picture	60	3899941	0	1	7111	1	0	7000	other	0
AR1009	376	Pulse	199	3906349	6407	0
AR1009	377	Picture	40	3907230	0	1	1778	1	0	1630	other	0
AR1009	378	Picture	60	3909186	0	1	7111	1	0	7000	other	0
AR1009	379	Picture	40	3916475	0	1	2667	1	0	2550	other	0
AR1009	379	Pulse	199	3918849	2374	0
AR1009	380	Picture	60	3919319	0	1	7111	1	0	7000	other	0
AR1009	381	Picture	40	3926608	0	1	2667	1	0	2570	other	0
AR1009	382	Picture	60	3929453	0	1	7111	1	0	7000	other	0
AR1009	382	Pulse	199	3931349	1896	0
AR1009	383	Picture	40	3936742	0	1	2133	1	0	1990	other	0
AR1009	384	Picture	60	3939053	0	1	7111	1	0	7000	other	0
AR1009	384	Pulse	199	3943848	4795	0
AR1009	385	Picture	40	3946342	0	1	2133	1	0	2070	other	0
AR1009	386	Picture	60	3948653	0	1	7111	1	0	7000	other	0
AR1009	387	Picture	40	3955942	0	1	3378	1	0	3210	other	0
AR1009	387	Pulse	199	3956348	406	0
AR1009	388	Picture	60	3959497	0	1	7111	1	0	7000	other	0
AR1009	389	Picture	40	3966786	0	1	1778	1	0	1640	other	0
AR1009	390	Picture	60	3968742	0	1	7111	1	0	7000	other	0
AR1009	390	Pulse	199	3968848	106	0
AR1009	391	Picture	40	3976031	0	1	2311	1	0	2150	other	0
AR1009	392	Picture	60	3978520	0	1	7111	1	0	7000	other	0
AR1009	392	Pulse	199	3981348	2828	0
AR1009	393	Picture	40	3985809	0	1	1600	1	0	1510	other	0
AR1009	394	Picture	50	3987587	0	1	70045	1	0	next	other	0
AR1009	394	Pulse	199	3993848	6261	0
AR1009	394	Pulse	199	4006348	18761	0
AR1009	394	Pulse	199	4018848	31262	0
AR1009	394	Pulse	199	4031348	43762	0
AR1009	394	Pulse	199	4043848	56262	0
AR1009	394	Pulse	199	4056348	68761	0
AR1009	395	Picture	70	4057632	0	1	7111	1	0	7000	other	0
AR1009	396	Picture	40	4064920	0	1	2845	1	0	2830	other	0
AR1009	397	Picture	70	4067798	0	323	7078	323	0	7000	other	0
AR1009	397	Pulse	199	4068848	1050	0
AR1009	398	Picture	40	4075054	0	1	2667	1	0	2550	other	0
AR1009	399	Picture	70	4077898	0	1	7111	1	0	7000	other	0
AR1009	399	Pulse	199	4081348	3449	0
AR1009	400	Picture	40	4085187	0	1	3378	1	0	3330	other	0
AR1009	401	Picture	70	4088743	0	1	7111	1	0	7000	other	0
AR1009	401	Pulse	199	4093848	5105	0
AR1009	402	Picture	40	4096032	0	1	3378	1	0	3210	other	0
AR1009	403	Picture	70	4099587	0	1	7111	1	0	7000	other	0
AR1009	403	Pulse	199	4106348	6760	0
AR1009	404	Picture	40	4106876	0	1	4267	1	0	4080	other	0
AR1009	405	Picture	70	4111321	0	1	7111	1	0	7000	other	0
AR1009	406	Picture	40	4118610	0	1	2133	1	0	2070	other	0
AR1009	406	Pulse	199	4118848	238	0
AR1009	407	Picture	75	4120921	0	1	7111	1	0	7000	hit	653
AR1009	407	Response	25	4127258	6337	0
AR1009	408	Picture	40	4128210	0	1	1600	1	0	1510	other	0
AR1009	409	Picture	70	4129988	0	1	7111	1	0	7000	other	0
AR1009	409	Pulse	199	4131348	1360	0
AR1009	410	Picture	40	4137277	0	1	1422	1	0	1270	other	0
AR1009	411	Picture	70	4138877	0	1	7111	1	0	7000	other	0
AR1009	411	Pulse	199	4143848	4972	0
AR1009	412	Picture	40	4146166	0	1	1244	1	0	1180	other	0
AR1009	413	Picture	70	4147588	0	1	7111	1	0	7000	other	0
AR1009	414	Picture	40	4154877	0	1	2311	1	0	2150	other	0
AR1009	414	Pulse	199	4156348	1471	0
AR1009	415	Picture	70	4157366	0	1	7111	1	0	7000	other	0
AR1009	416	Picture	40	4164655	0	1	2133	1	0	1990	other	0
AR1009	417	Picture	70	4166966	0	1	7111	1	0	7000	other	0
AR1009	417	Pulse	199	4168848	1882	0
AR1009	418	Picture	40	4174255	0	1	4267	1	0	4230	other	0
AR1009	419	Picture	70	4178699	0	1	7111	1	0	7000	other	0
AR1009	419	Pulse	199	4181348	2649	0
AR1009	420	Picture	40	4185988	0	1	2667	1	0	2570	other	0
AR1009	421	Picture	70	4188833	0	1	7111	1	0	7000	other	0
AR1009	421	Pulse	199	4193848	5016	0
AR1009	422	Picture	40	4196122	0	1	1778	1	0	1640	other	0
AR1009	423	Picture	70	4198077	0	1	7111	1	0	7000	other	0
AR1009	424	Picture	40	4205366	0	1	1956	1	0	1900	other	0
AR1009	424	Pulse	199	4206347	981	0
AR1009	425	Picture	70	4207499	0	1	7111	1	0	7000	other	0
AR1009	426	Picture	40	4214788	0	1	4800	1	0	4720	other	0
AR1009	426	Pulse	199	4218848	4060	0
AR1009	427	Picture	70	4219766	0	1	7111	1	0	7000	other	0
AR1009	428	Picture	40	4227055	0	1	2133	1	0	2020	other	0
AR1009	429	Picture	50	4229366	0	1	70031	193	0	next	other	0
AR1009	429	Pulse	199	4231348	1982	0
AR1009	429	Pulse	199	4243848	14482	0
AR1009	429	Pulse	199	4256348	26981	0
AR1009	429	Pulse	199	4268848	39482	0
AR1009	429	Pulse	199	4281348	51982	0
AR1009	429	Pulse	199	4293848	64482	0
AR1009	430	Picture	60	4299397	0	193	7126	193	0	7000	other	0
AR1009	430	Pulse	199	4306348	6951	0
AR1009	431	Picture	40	4306700	0	1	2133	1	0	2070	other	0
AR1009	432	Picture	65	4309011	0	1	7111	1	0	7000	hit	694
AR1009	432	Response	25	4315777	6766	0
AR1009	433	Picture	40	4316300	0	1	1778	1	0	1630	other	0
AR1009	434	Picture	60	4318256	0	1	7111	1	0	7000	other	0
AR1009	434	Pulse	199	4318847	591	0
AR1009	435	Picture	40	4325545	0	1	2667	1	0	2570	other	0
AR1009	436	Picture	60	4328389	0	1	7111	1	0	7000	other	0
AR1009	436	Pulse	199	4331348	2959	0
AR1009	437	Picture	40	4335678	0	1	4267	1	0	4230	other	0
AR1009	438	Picture	60	4340123	0	1	7111	1	0	7000	other	0
AR1009	438	Pulse	199	4343848	3725	0
AR1009	439	Picture	40	4347412	0	1	4267	1	0	4080	other	0
AR1009	440	Picture	65	4351856	0	1	7111	1	0	7000	hit	707
AR1009	440	Pulse	199	4356348	4492	0
AR1009	440	Response	25	4358877	7021	0
AR1009	441	Picture	40	4359145	0	1	2133	1	0	1990	other	0
AR1009	442	Picture	60	4361456	0	1	7111	1	0	7000	other	0
AR1009	443	Picture	40	4368745	0	1	1600	1	0	1510	other	0
AR1009	443	Pulse	199	4368848	103	0
AR1009	444	Picture	60	4370523	0	1	7111	1	0	7000	other	0
AR1009	445	Picture	40	4377812	0	1	2133	1	0	2020	other	0
AR1009	446	Picture	60	4380123	0	1	7111	1	0	7000	other	0
AR1009	446	Pulse	199	4381348	1225	0
AR1009	447	Picture	40	4387412	0	1	2830	193	0	2830	other	0
AR1009	448	Picture	60	4390612	0	1	7111	1	0	7000	other	0
AR1009	448	Pulse	199	4393848	3236	0
AR1009	449	Picture	40	4397901	0	1	3378	1	0	3330	other	0
AR1009	450	Picture	60	4401456	0	1	7111	1	0	7000	other	0
AR1009	450	Pulse	199	4406347	4891	0
AR1009	451	Picture	40	4408745	0	1	2311	1	0	2150	other	0
AR1009	452	Picture	60	4411234	0	1	7111	1	0	7000	other	0
AR1009	453	Picture	40	4418523	0	1	1778	1	0	1640	other	0
AR1009	453	Pulse	199	4418847	324	0
AR1009	454	Picture	60	4420479	0	1	7111	1	0	7000	other	0
AR1009	455	Picture	40	4427768	0	1	4800	1	0	4720	other	0
AR1009	455	Pulse	199	4431347	3579	0
AR1009	456	Picture	60	4432745	0	1	7111	1	0	7000	other	0
AR1009	457	Picture	40	4440035	0	1	1422	1	0	1270	other	0
AR1009	458	Picture	60	4441635	0	1	7111	1	0	7000	other	0
AR1009	458	Pulse	199	4443847	2213	0
AR1009	459	Picture	40	4448924	0	1	1956	1	0	1900	other	0
AR1009	460	Picture	60	4451057	0	1	7111	1	0	7000	other	0
AR1009	460	Pulse	199	4456348	5291	0
AR1009	461	Picture	40	4458346	0	1	3378	1	0	3210	other	0
AR1009	462	Picture	60	4461901	0	1	7111	1	0	7000	other	0
AR1009	462	Pulse	199	4468848	6946	0
AR1009	463	Picture	40	4469190	0	1	2667	1	0	2550	other	0
AR1009	464	Picture	60	4472035	0	1	7111	1	0	7000	other	0
AR1009	465	Picture	40	4479324	0	1	1244	1	0	1180	other	0
AR1009	466	Picture	50	4480746	0	1	70223	1	0	next	other	0
AR1009	466	Pulse	199	4481348	602	0
AR1009	466	Pulse	199	4493848	13102	0
AR1009	466	Pulse	199	4506348	25602	0
AR1009	466	Pulse	199	4518847	38101	0
AR1009	466	Pulse	199	4531347	50601	0
AR1009	466	Pulse	199	4543847	63101	0
AR1009	467	Picture	80	4550969	0	1	7111	1	0	7000	other	0
AR1009	467	Pulse	199	4556347	5378	0
AR1009	468	Picture	40	4558258	0	1	2133	1	0	1990	other	0
AR1009	469	Picture	80	4560569	0	1	7111	1	0	7000	other	0
AR1009	470	Picture	40	4567858	0	1	1956	1	0	1900	other	0
AR1009	470	Pulse	199	4568847	990	0
AR1009	471	Picture	80	4569991	0	1	7111	1	0	7000	other	0
AR1009	472	Picture	40	4577280	0	1	2667	1	0	2570	other	0
AR1009	473	Picture	80	4580125	0	1	7111	1	0	7000	other	0
AR1009	473	Pulse	199	4581348	1223	0
AR1009	474	Picture	40	4587414	0	1	4800	1	0	4720	other	0
AR1009	475	Picture	80	4592391	0	1	7111	1	0	7000	other	0
AR1009	475	Pulse	199	4593847	1456	0
AR1009	476	Picture	40	4599680	0	1	1422	1	0	1270	other	0
AR1009	477	Picture	80	4601280	0	1	7111	1	0	7000	other	0
AR1009	477	Pulse	199	4606348	5067	0
AR1009	478	Picture	40	4608569	0	1	2311	1	0	2150	other	0
AR1009	479	Picture	80	4611058	0	1	7111	1	0	7000	other	0
AR1009	480	Picture	40	4618347	0	1	2133	1	0	2020	other	0
AR1009	480	Pulse	199	4618847	500	0
AR1009	481	Picture	80	4620658	0	1	7111	1	0	7000	other	0
AR1009	482	Picture	40	4627947	0	1	2667	1	0	2550	other	0
AR1009	483	Picture	80	4630792	0	1	7111	1	0	7000	other	0
AR1009	483	Pulse	199	4631347	556	0
AR1009	484	Picture	40	4638080	0	1	3378	1	0	3210	other	0
AR1009	485	Picture	80	4641636	0	1	7111	1	0	7000	other	0
AR1009	485	Pulse	199	4643847	2211	0
AR1009	486	Picture	40	4648925	0	1	2844	1	0	2830	other	0
AR1009	487	Picture	80	4651802	0	146	7079	146	0	7000	other	0
AR1009	487	Pulse	199	4656347	4545	0
AR1009	488	Picture	40	4659058	0	1	1245	1	0	1180	other	0
AR1009	489	Picture	80	4660481	0	1	7111	1	0	7000	other	0
AR1009	490	Picture	40	4667770	0	1	3378	1	0	3330	other	0
AR1009	490	Pulse	199	4668847	1077	0
AR1009	491	Picture	80	4671325	0	1	7111	1	0	7000	other	0
AR1009	492	Picture	40	4678614	0	1	4267	1	0	4080	other	0
AR1009	492	Pulse	199	4681347	2733	0
AR1009	493	Picture	80	4683059	0	1	7111	1	0	7000	other	0
AR1009	494	Picture	40	4690348	0	1	4267	1	0	4230	other	0
AR1009	494	Pulse	199	4693847	3500	0
AR1009	495	Picture	80	4694792	0	1	7111	1	0	7000	other	0
AR1009	496	Picture	40	4702081	0	1	1600	1	0	1510	other	0
AR1009	497	Picture	80	4703859	0	1	7111	1	0	7000	other	0
AR1009	497	Pulse	199	4706347	2489	0
AR1009	498	Picture	40	4711148	0	1	1778	1	0	1630	other	0
AR1009	499	Picture	50	4713103	0	1	90134	1	0	next	other	0
AR1009	499	Pulse	199	4718847	5744	0
AR1009	499	Pulse	199	4731347	18244	0
AR1009	499	Pulse	199	4743847	30744	0
AR1009	499	Pulse	199	4756347	43243	0
AR1009	499	Pulse	199	4768846	55743	0
AR1009	499	Pulse	199	4781346	68243	0
AR1009	499	Pulse	199	4793847	80744	0
AR1009	500	Picture	90	4803237	0	1	7111	1	0	7000	other	0
AR1009	500	Pulse	199	4806347	3110	0
AR1009	501	Picture	40	4810526	0	1	2830	193	0	2830	other	0
AR1009	502	Picture	90	4813726	0	1	7111	1	0	7000	other	0
AR1009	502	Pulse	199	4818847	5121	0
AR1009	503	Picture	40	4821015	0	1	2133	1	0	2020	other	0
AR1009	504	Picture	90	4823326	0	1	7111	1	0	7000	other	0
AR1009	505	Picture	40	4830615	0	1	1778	1	0	1640	other	0
AR1009	505	Pulse	199	4831347	732	0
AR1009	506	Picture	90	4832571	0	1	7111	1	0	7000	other	0
AR1009	507	Picture	40	4839860	0	1	2311	1	0	2150	other	0
AR1009	508	Picture	90	4842349	0	1	7111	1	0	7000	other	0
AR1009	508	Pulse	199	4843847	1498	0
AR1009	509	Picture	40	4849638	0	1	1956	1	0	1900	other	0
AR1009	510	Picture	90	4851771	0	1	7111	1	0	7000	other	0
AR1009	510	Pulse	199	4856347	4576	0
AR1009	511	Picture	40	4859060	0	1	1244	1	0	1180	other	0
AR1009	512	Picture	90	4860482	0	1	7111	1	0	7000	other	0
AR1009	513	Picture	40	4867771	0	1	2133	1	0	1990	other	0
AR1009	513	Pulse	199	4868847	1075	0
AR1009	514	Picture	90	4870082	0	1	7111	1	0	7000	other	0
AR1009	515	Picture	40	4877371	0	1	3378	1	0	3210	other	0
AR1009	516	Picture	90	4880927	0	1	7111	1	0	7000	other	0
AR1009	516	Pulse	199	4881346	419	0
AR1009	517	Picture	40	4888216	0	1	2667	1	0	2570	other	0
AR1009	518	Picture	90	4891060	0	1	7111	1	0	7000	other	0
AR1009	518	Pulse	199	4893847	2786	0
AR1009	519	Picture	40	4898349	0	1	1600	1	0	1510	other	0
AR1009	520	Picture	95	4900127	0	1	7111	1	0	7000	miss	0
AR1009	520	Pulse	199	4906347	6220	0
AR1009	521	Picture	40	4907416	0	1	1422	1	0	1270	other	0
AR1009	522	Picture	90	4909016	0	1	7111	1	0	7000	other	0
AR1009	522	Response	20	4910586	1570	0
AR1009	523	Picture	40	4916305	0	1	4800	1	0	4720	other	0
AR1009	523	Pulse	199	4918847	2542	0
AR1009	524	Picture	90	4921283	0	1	7111	1	0	7000	other	0
AR1009	525	Picture	40	4928572	0	1	4267	1	0	4230	other	0
AR1009	525	Pulse	199	4931347	2775	0
AR1009	526	Picture	90	4933016	0	1	7111	1	0	7000	other	0
AR1009	527	Picture	40	4940305	0	1	2133	1	0	2070	other	0
AR1009	528	Picture	90	4942616	0	1	7111	1	0	7000	other	0
AR1009	528	Pulse	199	4943847	1231	0
AR1009	529	Picture	40	4949905	0	1	2667	1	0	2550	other	0
AR1009	530	Picture	95	4952750	0	1	7111	1	0	7000	miss	0
AR1009	530	Pulse	199	4956347	3597	0
AR1009	531	Picture	40	4960039	0	1	1778	1	0	1630	false_alarm	848
AR1009	531	Response	20	4960377	338	0
AR1009	532	Picture	90	4961994	0	1	7111	1	0	7000	other	0
AR1009	532	Pulse	199	4968847	6853	0
AR1009	533	Picture	40	4969283	0	1	3378	1	0	3330	other	0
AR1009	534	Picture	90	4972839	0	1	7111	1	0	7000	other	0
AR1009	535	Picture	40	4980128	0	1	4267	1	0	4080	other	0
AR1009	535	Pulse	199	4981346	1218	0
AR1009	536	Picture	50	4984572	0	1	70045	1	0	next	other	0
AR1009	536	Pulse	199	4993846	9274	0
AR1009	536	Pulse	199	5006347	21775	0
AR1009	536	Pulse	199	5018847	34275	0
AR1009	536	Pulse	199	5031347	46775	0
AR1009	536	Pulse	199	5043847	59275	0
AR1009	537	Picture	70	5054617	0	1	7111	1	0	7000	other	0
AR1009	537	Pulse	199	5056347	1730	0
AR1009	538	Picture	40	5061906	0	1	3378	1	0	3330	other	0
AR1009	539	Picture	70	5065462	0	1	7111	1	0	7000	other	0
AR1009	539	Pulse	199	5068847	3385	0
AR1009	540	Picture	40	5072751	0	1	2133	1	0	2020	other	0
AR1009	541	Picture	70	5075062	0	1	7111	1	0	7000	other	0
AR1009	541	Pulse	199	5081347	6285	0
AR1009	542	Picture	40	5082351	0	1	4267	1	0	4080	other	0
AR1009	543	Picture	70	5086795	0	1	7111	1	0	7000	other	0
AR1009	543	Pulse	199	5093846	7051	0
AR1009	544	Picture	40	5094084	0	1	2133	1	0	2070	other	0
AR1009	545	Picture	70	5096395	0	1	7111	1	0	7000	other	0
AR1009	546	Picture	40	5103684	0	1	2830	193	0	2830	other	0
AR1009	546	Pulse	199	5106346	2662	0
AR1009	547	Picture	70	5106884	0	1	7111	1	0	7000	other	0
AR1009	548	Picture	40	5114173	0	1	2667	1	0	2570	other	0
AR1009	549	Picture	75	5117018	0	1	7111	1	0	7000	hit	880
AR1009	549	Pulse	199	5118847	1829	0
AR1009	549	Response	25	5123356	6339	0
AR1009	550	Picture	40	5124307	0	1	2311	1	0	2150	other	0
AR1009	551	Picture	70	5126795	0	1	7111	1	0	7000	other	0
AR1009	551	Pulse	199	5131347	4551	0
AR1009	552	Picture	40	5134084	0	1	1778	1	0	1630	other	0
AR1009	553	Picture	70	5136040	0	1	7111	1	0	7000	other	0
AR1009	554	Picture	40	5143329	0	1	1422	1	0	1270	other	0
AR1009	554	Pulse	199	5143847	518	0
AR1009	555	Picture	70	5144929	0	1	7111	1	0	7000	other	0
AR1009	556	Picture	40	5152218	0	1	1778	1	0	1640	other	0
AR1009	557	Picture	70	5154173	0	1	7111	1	0	7000	other	0
AR1009	557	Pulse	199	5156347	2173	0
AR1009	558	Picture	40	5161462	0	1	1956	1	0	1900	other	0
AR1009	559	Picture	70	5163596	0	1	7111	1	0	7000	other	0
AR1009	559	Pulse	199	5168847	5251	0
AR1009	560	Picture	40	5170885	0	1	4800	1	0	4720	other	0
AR1009	561	Picture	70	5175862	0	1	7111	1	0	7000	other	0
AR1009	561	Pulse	199	5181346	5484	0
AR1009	562	Picture	40	5183151	0	1	1600	1	0	1510	other	0
AR1009	563	Picture	70	5184929	0	1	7111	1	0	7000	other	0
AR1009	564	Picture	40	5192218	0	1	2133	1	0	1990	other	0
AR1009	564	Pulse	199	5193847	1628	0
AR1009	565	Picture	70	5194529	0	1	7111	1	0	7000	other	0
AR1009	566	Picture	40	5201818	0	1	2667	1	0	2550	other	0
AR1009	567	Picture	70	5204663	0	1	7111	1	0	7000	other	0
AR1009	567	Pulse	199	5206346	1683	0
AR1009	568	Picture	40	5211952	0	1	1245	1	0	1180	other	0
AR1009	569	Picture	70	5213374	0	1	7111	1	0	7000	other	0
AR1009	569	Pulse	199	5218846	5472	0
AR1009	570	Picture	40	5220663	0	1	4267	1	0	4230	other	0
AR1009	571	Picture	50	5225107	0	1	70045	1	0	next	other	0
AR1009	571	Pulse	199	5231346	6239	0
AR1009	571	Pulse	199	5243846	18739	0
AR1009	571	Pulse	199	5256346	31239	0
AR1009	571	Pulse	199	5268847	43739	0
AR1009	571	Pulse	199	5281346	56239	0
AR1009	571	Pulse	199	5293847	68739	0
AR1009	572	Picture	70	5295152	0	1	7111	1	0	7000	other	0
AR1009	573	Picture	40	5302441	0	1	3378	1	0	3210	other	0
AR1009	574	Picture	70	5305997	0	1	7111	1	0	7000	other	0
AR1009	574	Pulse	199	5306346	349	0
AR1009	575	Picture	40	5313286	0	1	2667	1	0	2570	other	0
AR1009	576	Picture	70	5316130	0	1	7111	1	0	7000	other	0
AR1009	576	Pulse	199	5318846	2716	0
AR1009	577	Picture	40	5323419	0	1	4267	1	0	4080	other	0
AR1009	578	Picture	70	5327864	0	1	7111	1	0	7000	other	0
AR1009	578	Pulse	199	5331346	3482	0
AR1009	579	Picture	40	5335153	0	1	2133	1	0	1990	other	0
AR1009	580	Picture	70	5337464	0	1	7111	1	0	7000	other	0
AR1009	580	Pulse	199	5343846	6382	0
AR1009	581	Picture	40	5344753	0	1	1422	1	0	1270	other	0
AR1009	582	Picture	70	5346353	0	1	7111	1	0	7000	other	0
AR1009	583	Picture	40	5353642	0	1	4267	1	0	4230	other	0
AR1009	583	Pulse	199	5356347	2705	0
AR1009	584	Picture	70	5358086	0	1	7111	1	0	7000	other	0
AR1009	585	Picture	40	5365375	0	1	4800	1	0	4720	other	0
AR1009	585	Pulse	199	5368846	3471	0
AR1009	586	Picture	70	5370353	0	1	7111	1	0	7000	other	0
AR1009	587	Picture	40	5377642	0	1	1778	1	0	1640	other	0
AR1009	588	Picture	70	5379597	0	1	7111	1	0	7000	other	0
AR1009	588	Pulse	199	5381346	1749	0
AR1009	589	Picture	40	5386886	0	1	2830	193	0	2830	other	0
AR1009	590	Picture	75	5390086	0	1	7111	1	0	7000	hit	944
AR1009	590	Pulse	199	5393846	3760	0
AR1009	590	Response	25	5396596	6510	0
AR1009	591	Picture	40	5397375	0	1	1244	1	0	1180	other	0
AR1009	592	Picture	70	5398798	0	1	7111	1	0	7000	other	0
AR1009	593	Picture	40	5406086	0	1	2311	1	0	2150	other	0
AR1009	593	Pulse	199	5406347	260	0
AR1009	594	Picture	70	5408575	0	1	7111	1	0	7000	other	0
AR1009	595	Picture	40	5415864	0	1	2133	1	0	2070	other	0
AR1009	596	Picture	70	5418175	0	1	7111	1	0	7000	other	0
AR1009	596	Pulse	199	5418846	671	0
AR1009	597	Picture	40	5425464	0	1	2667	1	0	2550	other	0
AR1009	598	Picture	70	5428309	0	1	7111	1	0	7000	other	0
AR1009	598	Pulse	199	5431346	3037	0
AR1009	599	Picture	40	5435598	0	1	1956	1	0	1900	other	0
AR1009	600	Picture	70	5437731	0	1	7111	1	0	7000	other	0
AR1009	600	Pulse	199	5443846	6115	0
AR1009	601	Picture	40	5445020	0	1	1600	1	0	1510	other	0
AR1009	602	Picture	70	5446798	0	1	7111	1	0	7000	other	0
AR1009	603	Picture	40	5454087	0	1	3378	1	0	3330	other	0
AR1009	603	Pulse	199	5456346	2259	0
AR1009	604	Picture	70	5457642	0	1	7111	1	0	7000	other	0
AR1009	605	Picture	40	5464931	0	1	2133	1	0	2020	other	0
AR1009	606	Picture	50	5467242	0	1	70045	2	0	next	other	0
AR1009	606	Pulse	199	5468846	1604	0
AR1009	606	Pulse	199	5481346	14104	0
AR1009	606	Pulse	199	5493846	26604	0
AR1009	606	Pulse	199	5506346	39103	0
AR1009	606	Pulse	199	5518846	51603	0
AR1009	606	Pulse	199	5531346	64103	0
AR1009	607	Picture	80	5537288	0	1	7111	2	0	7000	other	0
AR1009	607	Pulse	199	5543845	6558	0
AR1009	608	Picture	40	5544576	0	1	1422	1	0	1270	other	0
AR1009	609	Picture	85	5546176	0	1	7111	1	0	7000	miss	0
AR1009	610	Picture	40	5553465	0	1	4267	1	0	4080	false_alarm	978
AR1009	610	Pulse	199	5556345	2880	0
AR1009	610	Response	20	5556376	2910	0
AR1009	611	Picture	80	5557910	0	1	7111	1	0	7000	other	0
AR1009	612	Picture	40	5565199	0	1	2667	1	0	2550	other	0
AR1009	613	Picture	80	5568043	0	1	7111	1	0	7000	other	0
AR1009	613	Pulse	199	5568846	803	0
AR1009	614	Picture	40	5575332	0	1	1244	1	0	1180	other	0
AR1009	615	Picture	80	5576755	0	1	7111	1	0	7000	other	0
AR1009	615	Pulse	199	5581346	4592	0
AR1009	616	Picture	40	5584043	0	1	1778	1	0	1630	other	0
AR1009	617	Picture	80	5585999	0	1	7111	1	0	7000	other	0
AR1009	618	Picture	40	5593288	0	1	1778	1	0	1640	other	0
AR1009	618	Pulse	199	5593846	558	0
AR1009	619	Picture	80	5595244	0	1	7111	1	0	7000	other	0
AR1009	620	Picture	40	5602532	0	1	3378	1	0	3210	other	0
AR1009	621	Picture	80	5606088	0	1	7111	1	0	7000	other	0
AR1009	621	Pulse	199	5606346	258	0
AR1009	622	Picture	40	5613377	0	1	4267	1	0	4230	other	0
AR1009	623	Picture	80	5617821	0	1	7111	1	0	7000	other	0
AR1009	623	Pulse	199	5618846	1025	0
AR1009	624	Picture	40	5625110	0	1	2133	1	0	1990	other	0
AR1009	625	Picture	80	5627422	0	1	7111	1	0	7000	other	0
AR1009	625	Pulse	199	5631346	3925	0
AR1009	626	Picture	40	5634710	0	1	1600	1	0	1510	other	0
AR1009	627	Picture	85	5636488	0	1	7111	1	0	7000	hit	1002
AR1009	627	Response	25	5642285	5797	0
AR1009	628	Picture	40	5643777	0	1	2667	1	0	2570	other	0
AR1009	628	Pulse	199	5643856	79	0
AR1009	629	Picture	80	5646622	0	1	7111	1	0	7000	other	0
AR1009	630	Picture	40	5653911	0	1	2133	1	0	2070	other	0
AR1009	631	Picture	80	5656222	0	1	7111	1	0	7000	other	0
AR1009	631	Pulse	199	5656345	123	0
AR1009	632	Picture	40	5663511	0	1	3378	1	0	3330	other	0
AR1009	633	Picture	80	5667066	0	1	7111	1	0	7000	other	0
AR1009	633	Pulse	199	5668845	1779	0
AR1009	634	Picture	40	5674355	0	1	2311	1	0	2150	other	0
AR1009	635	Picture	80	5676844	0	1	7111	1	0	7000	other	0
AR1009	635	Pulse	199	5681356	4512	0
AR1009	636	Picture	40	5684133	0	1	2830	193	0	2830	other	0
AR1009	637	Picture	80	5687333	0	1	7111	1	0	7000	other	0
AR1009	637	Pulse	199	5693856	6523	0
AR1009	638	Picture	40	5694622	0	1	2133	1	0	2020	other	0
AR1009	639	Picture	80	5696933	0	1	7111	1	0	7000	other	0
AR1009	640	Picture	40	5704222	0	1	4800	1	0	4720	other	0
AR1009	640	Pulse	199	5706356	2134	0
AR1009	641	Picture	80	5709200	0	1	7111	1	0	7000	other	0
AR1009	642	Picture	40	5716489	0	1	1956	1	0	1900	other	0
AR1009	643	Picture	50	5718622	0	1	90134	1	0	next	other	0
AR1009	643	Pulse	199	5718856	234	0
AR1009	643	Pulse	199	5731356	12734	0
AR1009	643	Pulse	199	5743855	25233	0
AR1009	643	Pulse	199	5756355	37733	0
AR1009	643	Pulse	199	5768856	50233	0
AR1009	643	Pulse	199	5781355	62733	0
AR1009	643	Pulse	199	5793855	75233	0
AR1009	643	Pulse	199	5806356	87734	0
AR1009	644	Picture	90	5808756	0	1	7111	1	0	7000	other	0
AR1009	645	Picture	40	5816045	0	1	2667	1	0	2570	other	0
AR1009	645	Pulse	199	5818855	2810	0
AR1009	646	Picture	90	5818890	0	1	7111	1	0	7000	other	0
AR1009	647	Picture	40	5826179	0	1	2133	1	0	2020	other	0
AR1009	648	Picture	90	5828490	0	1	7111	1	0	7000	other	0
AR1009	648	Pulse	199	5831356	2866	0
AR1009	649	Picture	40	5835779	0	1	3378	1	0	3210	other	0
AR1009	650	Picture	90	5839334	0	1	7111	1	0	7000	other	0
AR1009	650	Pulse	199	5843856	4522	0
AR1009	651	Picture	40	5846623	0	1	4267	1	0	4080	other	0
AR1009	652	Picture	90	5851068	0	1	7111	1	0	7000	other	0
AR1009	652	Pulse	199	5856356	5288	0
AR1009	653	Picture	40	5858357	0	1	2133	1	0	1990	other	0
AR1009	654	Picture	90	5860668	0	1	7111	1	0	7000	other	0
AR1009	655	Picture	40	5867957	0	1	2311	1	0	2150	other	0
AR1009	655	Pulse	199	5868855	898	0
AR1009	656	Picture	90	5870446	0	1	7111	1	0	7000	other	0
AR1009	657	Picture	40	5877735	0	1	1956	1	0	1900	other	0
AR1009	658	Picture	95	5879868	0	1	7111	1	0	7000	miss	0
AR1009	658	Pulse	199	5881355	1487	0
AR1009	658	Response	20	5887105	7237	1
AR1009	659	Picture	40	5887157	0	1	1422	1	0	1270	other	0
AR1009	660	Picture	90	5888757	0	1	7111	1	0	7000	other	0
AR1009	660	Pulse	199	5893855	5098	0
AR1009	661	Picture	40	5896046	0	1	3378	1	0	3330	other	0
AR1009	662	Picture	90	5899601	0	1	7111	1	0	7000	other	0
AR1009	662	Pulse	199	5906356	6754	0
AR1009	663	Picture	40	5906890	0	1	4267	1	0	4230	other	0
AR1009	664	Picture	90	5911335	0	1	7111	1	0	7000	other	0
AR1009	665	Picture	40	5918624	0	1	1244	1	0	1180	other	0
AR1009	665	Pulse	199	5918856	232	0
AR1009	666	Picture	90	5920046	0	1	7111	1	0	7000	other	0
AR1009	667	Picture	40	5927335	0	1	4800	1	0	4720	other	0
AR1009	667	Pulse	199	5931355	4020	0
AR1009	668	Picture	90	5932313	0	1	7111	1	0	7000	other	0
AR1009	669	Picture	40	5939602	0	1	2133	1	0	2070	other	0
AR1009	670	Picture	90	5941913	0	1	7111	1	0	7000	other	0
AR1009	670	Pulse	199	5943856	1943	0
AR1009	671	Picture	40	5949202	0	1	1778	1	0	1630	other	0
AR1009	672	Picture	90	5951157	0	1	7111	1	0	7000	other	0
AR1009	672	Pulse	199	5956355	5198	0
AR1009	673	Picture	40	5958446	0	1	2667	1	0	2550	other	0
AR1009	674	Picture	90	5961291	0	1	7111	1	0	7000	other	0
AR1009	675	Picture	40	5968580	0	1	2845	1	0	2830	other	0
AR1009	675	Pulse	199	5968855	276	0
AR1009	676	Picture	90	5971452	0	329	7084	329	0	7000	other	0
AR1009	677	Picture	40	5978713	0	1	1778	1	0	1640	other	0
AR1009	678	Picture	50	5980669	0	1	70045	1	0	next	other	0
AR1009	678	Pulse	199	5981355	686	0
AR1009	678	Pulse	199	5993855	13186	0
AR1009	678	Pulse	199	6006355	25686	0
AR1009	678	Pulse	199	6018855	38187	0
AR1009	678	Pulse	199	6031355	50686	0
AR1009	678	Pulse	199	6043855	63187	0
AR1009	679	Picture	60	6050714	0	1	7111	1	0	7000	other	0
AR1009	679	Pulse	199	6056355	5642	0
AR1009	680	Picture	40	6058003	0	1	2667	1	0	2570	other	0
AR1009	681	Picture	60	6060847	0	1	7111	1	0	7000	other	0
AR1009	682	Picture	40	6068136	0	1	3378	1	0	3330	other	0
AR1009	682	Pulse	199	6068855	719	0
AR1009	683	Picture	60	6071692	0	1	7111	1	0	7000	other	0
AR1009	684	Picture	40	6078981	0	1	1778	1	0	1640	other	0
AR1009	685	Picture	60	6080936	0	1	7111	1	0	7000	other	0
AR1009	685	Pulse	199	6081355	419	0
AR1009	686	Picture	40	6088225	0	1	3378	1	0	3210	other	0
AR1009	687	Picture	60	6091781	0	1	7111	1	0	7000	other	0
AR1009	687	Pulse	199	6093855	2074	0
AR1009	688	Picture	40	6099070	0	1	1956	1	0	1900	other	0
AR1009	689	Picture	60	6101203	0	1	7111	1	0	7000	other	0
AR1009	689	Pulse	199	6106355	5152	0
AR1009	690	Picture	40	6108492	0	1	2667	1	0	2550	other	0
AR1009	691	Picture	60	6111336	0	1	7111	1	0	7000	other	0
AR1009	692	Picture	40	6118625	0	1	1778	1	0	1630	other	0
AR1009	692	Pulse	199	6118854	229	0
AR1009	693	Picture	60	6120581	0	1	7111	1	0	7000	other	0
AR1009	694	Picture	40	6127870	0	1	2133	1	0	2070	other	0
AR1009	695	Picture	60	6130181	0	1	7111	1	0	7000	other	0
AR1009	695	Pulse	199	6131355	1174	0
AR1009	696	Picture	40	6137470	0	1	1244	1	0	1180	other	0
AR1009	697	Picture	60	6138892	0	1	7111	1	0	7000	other	0
AR1009	697	Pulse	199	6143855	4963	0
AR1009	698	Picture	40	6146181	0	1	1600	1	0	1510	other	0
AR1009	699	Picture	60	6147959	0	1	7111	1	0	7000	other	0
AR1009	700	Picture	40	6155248	0	1	2133	1	0	1990	other	0
AR1009	700	Pulse	199	6156355	1108	0
AR1009	701	Picture	60	6157559	0	1	7111	1	0	7000	other	0
AR1009	702	Picture	40	6164848	0	1	4267	1	0	4230	other	0
AR1009	702	Pulse	199	6168855	4007	0
AR1009	703	Picture	60	6169292	0	1	7111	1	0	7000	other	0
AR1009	704	Picture	40	6176581	0	1	2830	193	0	2830	other	0
AR1009	705	Picture	65	6179781	0	1	7111	1	0	7000	hit	1126
AR1009	705	Pulse	199	6181355	1573	0
AR1009	705	Response	25	6186165	6383	0
AR1009	706	Picture	40	6187070	0	1	1422	1	0	1270	other	0
AR1009	707	Picture	60	6188670	0	1	7111	1	0	7000	other	0
AR1009	707	Pulse	199	6193855	5185	0
AR1009	708	Picture	40	6195959	0	1	2311	1	0	2150	other	0
AR1009	709	Picture	60	6198448	0	1	7111	1	0	7000	other	0
AR1009	710	Picture	40	6205737	0	1	4267	1	0	4080	other	0
AR1009	710	Pulse	199	6206355	618	0
AR1009	711	Picture	60	6210182	0	1	7111	1	0	7000	other	0
AR1009	712	Picture	40	6217471	0	1	2133	1	0	2020	other	0
AR1009	712	Pulse	199	6218854	1384	0
AR1009	713	Picture	50	6219782	0	1	70045	1	0	next	other	0
AR1009	713	Pulse	199	6231354	11573	0
AR1009	713	Pulse	199	6243855	24074	0
AR1009	713	Pulse	199	6256355	36573	0
AR1009	714	Picture	200	6289827	45	1	57320	1	0	80000	other	0
AR1009	714	Quit		6340636	50854	NA
