Scenario - 
Logfile written - 08/08/2019 12:58:02

Subject	Trial	Event Type	Code	Time	TTime	Uncertainty	Duration	Uncertainty	ReqTime	ReqDur	Stim Type	Pair Index

AR1012	1	Response	20	52181	52003	0
AR1012	2	Response	20	275082	222815	0
AR1012	3	Response	20	311762	36679	0
AR1012	3	Response	21	356301	81219	0
AR1012	3	Response	20	447691	172609	0
AR1012	3	Response	20	661581	386499	0
AR1012	3	Response	20	770351	495268	0
AR1012	3	Response	20	971821	696739	0
AR1012	3	Pulse	199	1309691	1034609	0
AR1012	3	Picture	100	1309879	1034796	1	50134	1	0	50000	other	0
AR1012	3	Pulse	199	1322191	1047109	0
AR1012	3	Pulse	199	1334690	1059608	0
AR1012	3	Pulse	199	1347190	1072108	0
AR1012	3	Pulse	199	1359691	1084609	0
AR1012	4	Picture	70	1360190	0	1	7111	1	0	7000	other	0
AR1012	5	Picture	40	1367479	0	1	1956	1	0	1900	other	0
AR1012	6	Picture	70	1369613	0	1	7111	1	0	7000	other	0
AR1012	6	Pulse	199	1372191	2579	0
AR1012	7	Picture	40	1376902	0	1	3378	1	0	3210	other	0
AR1012	8	Picture	70	1380457	0	1	7111	1	0	7000	other	0
AR1012	8	Pulse	199	1384691	4234	0
AR1012	9	Picture	40	1387746	0	1	2845	1	0	2830	other	0
AR1012	10	Picture	70	1390619	0	328	7083	328	0	7000	other	0
AR1012	10	Pulse	199	1397191	6572	0
AR1012	11	Picture	40	1397880	0	1	2311	1	0	2150	other	0
AR1012	12	Picture	70	1400368	0	1	7111	1	0	7000	other	0
AR1012	13	Picture	40	1407657	0	1	1422	1	0	1270	other	0
AR1012	14	Picture	70	1409257	0	1	7111	1	0	7000	other	0
AR1012	14	Pulse	199	1409691	433	0
AR1012	15	Picture	40	1416546	0	1	1778	1	0	1640	other	0
AR1012	16	Picture	70	1418502	0	1	7111	1	0	7000	other	0
AR1012	16	Pulse	199	1422191	3689	0
AR1012	17	Picture	40	1425791	0	1	1244	1	0	1180	other	0
AR1012	18	Picture	70	1427213	0	1	7111	1	0	7000	other	0
AR1012	19	Picture	40	1434502	0	1	4267	1	0	4230	other	0
AR1012	19	Pulse	199	1434691	189	0
AR1012	20	Picture	70	1438947	0	1	7111	1	0	7000	other	0
AR1012	21	Picture	40	1446236	0	1	4800	1	0	4720	other	0
AR1012	21	Pulse	199	1447191	955	0
AR1012	22	Picture	70	1451213	0	1	7111	1	0	7000	other	0
AR1012	23	Picture	40	1458502	0	1	2666	1	0	2550	other	0
AR1012	23	Pulse	199	1459691	1188	0
AR1012	24	Picture	70	1461347	0	1	7111	1	0	7000	other	0
AR1012	25	Picture	40	1468636	0	1	2133	1	0	1990	other	0
AR1012	26	Picture	70	1470947	0	1	7111	1	0	7000	other	0
AR1012	26	Pulse	199	1472191	1244	0
AR1012	27	Picture	40	1478236	0	1	2133	1	0	2020	other	0
AR1012	28	Picture	70	1480547	0	1	7111	1	0	7000	other	0
AR1012	28	Pulse	199	1484691	4144	0
AR1012	29	Picture	40	1487836	0	1	3378	1	0	3330	other	0
AR1012	30	Picture	70	1491392	0	1	7111	1	0	7000	other	0
AR1012	30	Pulse	199	1497191	5799	0
AR1012	31	Picture	40	1498681	0	1	2133	1	0	2070	other	0
AR1012	32	Picture	70	1500992	0	1	7111	1	0	7000	other	0
AR1012	33	Picture	40	1508281	0	1	2667	1	0	2570	other	0
AR1012	33	Pulse	199	1509691	1411	0
AR1012	34	Picture	70	1511125	0	1	7111	1	0	7000	other	0
AR1012	35	Picture	40	1518414	0	1	1778	1	0	1630	other	0
AR1012	36	Picture	50	1520370	0	1	70030	193	0	next	other	0
AR1012	36	Pulse	199	1522191	1822	0
AR1012	36	Pulse	199	1534691	14322	0
AR1012	36	Pulse	199	1547191	26821	0
AR1012	36	Pulse	199	1559691	39321	0
AR1012	36	Pulse	199	1572190	51821	0
AR1012	36	Pulse	199	1584691	64322	0
AR1012	37	Picture	60	1590400	0	193	7126	193	0	7000	other	0
AR1012	37	Pulse	199	1597191	6791	0
AR1012	38	Picture	40	1597704	0	1	3378	1	0	3330	other	0
AR1012	39	Picture	60	1601259	0	1	7111	1	0	7000	other	0
AR1012	40	Picture	40	1608548	0	1	2133	1	0	1990	other	0
AR1012	40	Pulse	199	1609691	1143	0
AR1012	41	Picture	60	1610859	0	1	7111	1	0	7000	other	0
AR1012	42	Picture	40	1618148	0	1	2133	1	0	2020	other	0
AR1012	43	Picture	60	1620459	0	1	7111	1	0	7000	other	0
AR1012	43	Pulse	199	1622191	1732	0
AR1012	44	Picture	40	1627748	0	1	2133	1	0	2070	other	0
AR1012	45	Picture	60	1630060	0	1	7111	1	0	7000	other	0
AR1012	45	Pulse	199	1634692	4632	0
AR1012	46	Picture	40	1637349	0	1	1244	1	0	1180	other	0
AR1012	47	Picture	60	1638771	0	1	7111	1	0	7000	other	0
AR1012	48	Picture	40	1646060	0	1	1600	1	0	1510	other	0
AR1012	48	Pulse	199	1647191	1132	0
AR1012	49	Picture	65	1647837	0	1	7111	1	0	7000	hit	84
AR1012	49	Response	25	1653091	5254	0
AR1012	50	Picture	40	1655126	0	1	1778	1	0	1630	other	0
AR1012	51	Picture	60	1657082	0	1	7111	1	0	7000	other	0
AR1012	51	Pulse	199	1659691	2609	0
AR1012	52	Picture	40	1664371	0	1	2667	1	0	2550	other	0
AR1012	53	Picture	60	1667215	0	1	7111	1	0	7000	other	0
AR1012	53	Pulse	199	1672191	4976	0
AR1012	54	Picture	40	1674504	0	1	3378	1	0	3210	other	0
AR1012	55	Picture	60	1678060	0	1	7111	1	0	7000	other	0
AR1012	55	Pulse	199	1684690	6631	0
AR1012	56	Picture	40	1685349	0	1	2667	1	0	2570	other	0
AR1012	57	Picture	65	1688193	0	1	7111	1	0	7000	hit	96
AR1012	57	Response	25	1692941	4748	0
AR1012	58	Picture	40	1695482	0	1	2311	1	0	2150	other	0
AR1012	58	Pulse	199	1697191	1709	0
AR1012	59	Picture	60	1697971	0	1	7111	1	0	7000	other	0
AR1012	60	Picture	40	1705260	0	1	4800	1	0	4720	other	0
AR1012	60	Pulse	199	1709691	4431	0
AR1012	61	Picture	60	1710238	0	1	7111	1	0	7000	other	0
AR1012	62	Picture	40	1717527	0	1	4267	1	0	4230	other	0
AR1012	63	Picture	60	1721971	0	1	7111	1	0	7000	other	0
AR1012	63	Pulse	199	1722191	220	0
AR1012	64	Picture	40	1729260	0	1	1778	1	0	1640	other	0
AR1012	65	Picture	60	1731216	0	1	7111	1	0	7000	other	0
AR1012	65	Pulse	199	1734691	3475	0
AR1012	66	Picture	40	1738505	0	1	1956	1	0	1900	other	0
AR1012	67	Picture	60	1740638	0	1	7111	1	0	7000	other	0
AR1012	67	Pulse	199	1747191	6553	0
AR1012	68	Picture	40	1747927	0	1	2844	1	0	2830	other	0
AR1012	69	Picture	60	1750806	0	322	7077	322	0	7000	other	0
AR1012	70	Picture	40	1758061	0	1	1422	1	0	1270	other	0
AR1012	71	Picture	60	1759661	0	1	7111	1	0	7000	other	0
AR1012	71	Pulse	199	1759691	30	0
AR1012	72	Picture	40	1766950	0	1	4267	1	0	4080	other	0
AR1012	73	Picture	50	1771394	0	1	70223	1	0	next	other	0
AR1012	73	Pulse	199	1772191	797	0
AR1012	73	Pulse	199	1784690	13296	0
AR1012	73	Pulse	199	1797190	25796	0
AR1012	73	Pulse	199	1809691	38296	0
AR1012	73	Pulse	199	1822191	50797	0
AR1012	73	Pulse	199	1834691	63297	0
AR1012	74	Picture	90	1841617	0	1	7111	1	0	7000	other	0
AR1012	74	Pulse	199	1847191	5574	0
AR1012	75	Picture	40	1848906	0	1	2133	1	0	2020	other	0
AR1012	76	Picture	90	1851217	0	1	7111	1	0	7000	other	0
AR1012	77	Picture	40	1858506	0	1	1244	1	0	1180	other	0
AR1012	77	Pulse	199	1859686	1180	6
AR1012	78	Picture	90	1859928	0	1	7111	1	0	7000	other	0
AR1012	79	Picture	40	1867217	0	1	3378	1	0	3210	other	0
AR1012	80	Picture	90	1870773	0	1	7111	1	0	7000	other	0
AR1012	80	Pulse	199	1872191	1418	0
AR1012	81	Picture	40	1878062	0	1	1600	1	0	1510	other	0
AR1012	82	Picture	90	1879840	0	1	7111	1	0	7000	other	0
AR1012	82	Pulse	199	1884691	4851	0
AR1012	83	Picture	40	1887129	0	1	4267	1	0	4080	other	0
AR1012	84	Picture	90	1891573	0	1	7111	1	0	7000	other	0
AR1012	84	Pulse	199	1897190	5617	0
AR1012	85	Picture	40	1898862	0	1	4267	1	0	4230	other	0
AR1012	86	Picture	90	1903306	0	1	7111	1	0	7000	other	0
AR1012	86	Pulse	199	1909690	6384	0
AR1012	87	Picture	40	1910595	0	1	2311	1	0	2150	other	0
AR1012	88	Picture	90	1913084	0	1	7111	1	0	7000	other	0
AR1012	89	Picture	40	1920373	0	1	2667	1	0	2550	other	0
AR1012	89	Pulse	199	1922191	1817	0
AR1012	90	Picture	90	1923218	0	1	7111	1	0	7000	other	0
AR1012	91	Picture	40	1930507	0	1	2667	1	0	2570	other	0
AR1012	92	Picture	90	1933351	0	1	7111	1	0	7000	other	0
AR1012	92	Pulse	199	1934691	1340	0
AR1012	93	Picture	40	1940640	0	1	3378	1	0	3330	other	0
AR1012	94	Picture	90	1944196	0	1	7111	1	0	7000	other	0
AR1012	94	Pulse	199	1947191	2995	0
AR1012	95	Picture	40	1951485	0	1	2844	1	0	2830	other	0
AR1012	96	Picture	90	1954361	0	324	7079	325	0	7000	other	0
AR1012	96	Pulse	199	1959691	5330	0
AR1012	97	Picture	40	1961618	0	1	1778	1	0	1630	other	0
AR1012	98	Picture	90	1963574	0	1	7111	1	0	7000	other	0
AR1012	99	Picture	40	1970863	0	1	4800	1	0	4720	other	0
AR1012	99	Pulse	199	1972191	1328	0
AR1012	100	Picture	90	1975841	0	1	7111	1	0	7000	other	0
AR1012	101	Picture	40	1983130	0	1	1422	1	0	1270	other	0
AR1012	101	Pulse	199	1984691	1562	0
AR1012	102	Picture	90	1984729	0	1	7111	1	0	7000	other	0
AR1012	103	Picture	40	1992018	0	1	1956	1	0	1900	other	0
AR1012	104	Picture	90	1994152	0	1	7111	1	0	7000	other	0
AR1012	104	Pulse	199	1997191	3039	0
AR1012	105	Picture	40	2001441	0	1	2133	1	0	1990	other	0
AR1012	106	Picture	50	2003752	0	1	70223	1	0	next	other	0
AR1012	106	Pulse	199	2009691	5939	0
AR1012	106	Pulse	199	2022191	18439	0
AR1012	106	Pulse	199	2034691	30939	0
AR1012	106	Pulse	199	2047191	43439	0
AR1012	106	Pulse	199	2059691	55939	0
AR1012	106	Pulse	199	2072191	68439	0
AR1012	107	Picture	80	2073975	0	1	7111	1	0	7000	other	0
AR1012	108	Picture	40	2081264	0	1	1600	1	0	1510	other	0
AR1012	109	Picture	85	2083041	0	1	7111	1	0	7000	miss	0
AR1012	109	Pulse	199	2084691	1650	0
AR1012	110	Picture	40	2090330	0	1	1778	1	0	1640	false_alarm	182
AR1012	110	Response	20	2090371	41	0
AR1012	111	Picture	80	2092286	0	1	7111	1	0	7000	other	0
AR1012	111	Pulse	199	2097192	4906	0
AR1012	112	Picture	40	2099575	0	1	2667	1	0	2570	other	0
AR1012	113	Picture	80	2102419	0	1	7111	1	0	7000	other	0
AR1012	113	Pulse	199	2109691	7272	0
AR1012	114	Picture	40	2109708	0	1	4800	1	0	4720	other	0
AR1012	115	Picture	80	2114686	0	1	7111	1	0	7000	other	0
AR1012	116	Picture	40	2121975	0	1	2845	1	0	2830	other	0
AR1012	116	Pulse	199	2122191	216	0
AR1012	117	Picture	80	2124997	0	1	7111	1	0	7000	other	0
AR1012	118	Picture	40	2132286	0	1	2667	1	0	2550	other	0
AR1012	118	Pulse	199	2134691	2404	0
AR1012	119	Picture	80	2135131	0	1	7111	1	0	7000	other	0
AR1012	120	Picture	40	2142420	0	1	2133	1	0	2070	other	0
AR1012	121	Picture	80	2144731	0	1	7111	1	0	7000	other	0
AR1012	121	Pulse	199	2147191	2460	0
AR1012	122	Picture	40	2152020	0	1	1422	1	0	1270	other	0
AR1012	123	Picture	80	2153620	0	1	7111	1	0	7000	other	0
AR1012	123	Pulse	199	2159691	6071	0
AR1012	124	Picture	40	2160909	0	1	4267	1	0	4080	other	0
AR1012	125	Picture	80	2165353	0	1	7111	1	0	7000	other	0
AR1012	125	Pulse	199	2172191	6838	0
AR1012	126	Picture	40	2172642	0	1	3378	1	0	3210	other	0
AR1012	127	Picture	80	2176198	0	1	7111	1	0	7000	other	0
AR1012	128	Picture	40	2183487	0	1	3378	1	0	3330	other	0
AR1012	128	Pulse	199	2184691	1204	0
AR1012	129	Picture	80	2187042	0	1	7111	1	0	7000	other	0
AR1012	130	Picture	40	2194331	0	1	1778	1	0	1630	other	0
AR1012	131	Picture	80	2196287	0	1	7111	1	0	7000	other	0
AR1012	131	Pulse	199	2197191	904	0
AR1012	132	Picture	40	2203576	0	1	2311	1	0	2150	other	0
AR1012	133	Picture	85	2206065	0	1	7111	1	0	7000	hit	216
AR1012	133	Pulse	199	2209691	3626	0
AR1012	133	Response	25	2211340	5275	0
AR1012	133	Response	21	2211840	5775	0
AR1012	134	Picture	40	2213354	0	1	1244	1	0	1180	other	0
AR1012	135	Picture	80	2214776	0	1	7111	1	0	7000	other	0
AR1012	136	Picture	40	2222065	0	1	2133	1	0	1990	other	0
AR1012	136	Pulse	199	2222191	126	0
AR1012	137	Picture	80	2224376	0	1	7111	1	0	7000	other	0
AR1012	138	Picture	40	2231665	0	1	4267	1	0	4230	other	0
AR1012	138	Pulse	199	2234691	3025	0
AR1012	139	Picture	80	2236110	0	1	7111	1	0	7000	other	0
AR1012	140	Picture	40	2243399	0	1	1956	1	0	1900	other	0
AR1012	141	Picture	80	2245532	0	1	7111	1	0	7000	other	0
AR1012	141	Pulse	199	2247190	1659	0
AR1012	142	Picture	40	2252821	0	1	2133	1	0	2020	other	0
AR1012	143	Picture	50	2255132	0	1	70223	1	0	next	other	0
AR1012	143	Pulse	199	2259691	4559	0
AR1012	143	Pulse	199	2272191	17059	0
AR1012	143	Pulse	199	2284691	29559	0
AR1012	143	Pulse	199	2297191	42059	0
AR1012	143	Pulse	199	2309691	54559	0
AR1012	143	Pulse	199	2322191	67059	0
AR1012	144	Picture	90	2325355	0	1	7111	1	0	7000	other	0
AR1012	145	Picture	40	2332644	0	1	1955	1	0	1900	other	0
AR1012	145	Pulse	199	2334691	2047	0
AR1012	146	Picture	90	2334777	0	1	7111	1	0	7000	other	0
AR1012	147	Picture	40	2342066	0	1	4267	1	0	4230	other	0
AR1012	148	Picture	90	2346511	0	1	7111	1	0	7000	other	0
AR1012	148	Pulse	199	2347191	680	0
AR1012	149	Picture	40	2353800	0	1	1600	1	0	1510	other	0
AR1012	150	Picture	90	2355577	0	1	7111	1	0	7000	other	0
AR1012	150	Pulse	199	2359691	4113	0
AR1012	151	Picture	40	2362866	0	1	2667	1	0	2550	other	0
AR1012	152	Picture	90	2365711	0	1	7111	1	0	7000	other	0
AR1012	152	Pulse	199	2372190	6480	0
AR1012	153	Picture	40	2373000	0	1	4267	1	0	4080	other	0
AR1012	154	Picture	90	2377444	0	1	7111	1	0	7000	other	0
AR1012	154	Pulse	199	2384690	7246	0
AR1012	155	Picture	40	2384733	0	1	2133	1	0	1990	other	0
AR1012	156	Picture	90	2387044	0	1	7111	1	0	7000	other	0
AR1012	157	Picture	40	2394333	0	1	2844	1	0	2830	other	0
AR1012	157	Pulse	199	2397190	2857	1
AR1012	158	Picture	90	2397209	0	324	7080	325	0	7000	other	0
AR1012	159	Picture	40	2404467	0	1	1778	1	0	1630	other	0
AR1012	160	Picture	90	2406422	0	1	7111	1	0	7000	other	0
AR1012	160	Pulse	199	2409691	3268	0
AR1012	161	Picture	40	2413711	0	1	2311	1	0	2150	other	0
AR1012	162	Picture	90	2416200	0	1	7111	1	0	7000	other	0
AR1012	162	Pulse	199	2422191	5991	0
AR1012	163	Picture	40	2423489	0	1	2667	1	0	2570	other	0
AR1012	164	Picture	90	2426334	0	1	7111	1	0	7000	other	0
AR1012	165	Picture	40	2433623	0	1	1244	1	0	1180	other	0
AR1012	165	Pulse	199	2434701	1078	0
AR1012	166	Picture	90	2435045	0	1	7111	1	0	7000	other	0
AR1012	167	Picture	40	2442334	0	1	1778	1	0	1640	other	0
AR1012	168	Picture	90	2444289	0	1	7111	1	0	7000	other	0
AR1012	168	Pulse	199	2447201	2912	0
AR1012	169	Picture	40	2451578	0	1	1422	1	0	1270	other	0
AR1012	170	Picture	90	2453178	0	1	7111	1	0	7000	other	0
AR1012	170	Pulse	199	2459701	6522	0
AR1012	171	Picture	40	2460467	0	1	3378	1	0	3210	other	0
AR1012	172	Picture	90	2464023	0	1	7111	1	0	7000	other	0
AR1012	173	Picture	40	2471312	0	1	2133	1	0	2070	other	0
AR1012	173	Pulse	199	2472201	889	0
AR1012	174	Picture	90	2473623	0	1	7111	1	0	7000	other	0
AR1012	175	Picture	40	2480912	0	1	3378	1	0	3330	other	0
AR1012	176	Picture	95	2484467	0	1	7111	1	0	7000	hit	283
AR1012	176	Pulse	199	2484701	234	0
AR1012	176	Response	25	2489881	5413	0
AR1012	177	Picture	40	2491756	0	1	4800	1	0	4720	other	0
AR1012	178	Picture	50	2496734	0	1	70033	190	0	next	other	0
AR1012	178	Pulse	199	2497201	467	0
AR1012	178	Pulse	199	2509701	12967	0
AR1012	178	Pulse	199	2522201	25466	0
AR1012	178	Pulse	199	2534701	37966	0
AR1012	178	Pulse	199	2547201	50466	0
AR1012	178	Pulse	199	2559700	62966	0
AR1012	179	Picture	60	2566768	0	190	7123	190	0	7000	other	0
AR1012	179	Pulse	199	2572200	5433	0
AR1012	180	Picture	40	2574068	0	1	2133	1	0	2070	other	0
AR1012	181	Picture	60	2576379	0	1	7111	1	0	7000	other	0
AR1012	182	Picture	40	2583668	0	1	1600	1	0	1510	other	0
AR1012	182	Pulse	199	2584700	1032	0
AR1012	183	Picture	60	2585446	0	1	7111	1	0	7000	other	0
AR1012	184	Picture	40	2592735	0	1	2844	1	0	2830	other	0
AR1012	185	Picture	60	2595612	0	324	7079	324	0	7000	other	0
AR1012	185	Pulse	199	2597201	1588	0
AR1012	186	Picture	40	2602869	0	1	1778	1	0	1640	other	0
AR1012	187	Picture	60	2604824	0	1	7111	1	0	7000	other	0
AR1012	187	Pulse	199	2609701	4877	0
AR1012	188	Picture	40	2612113	0	1	2133	1	0	1990	other	0
AR1012	189	Picture	60	2614424	0	1	7111	1	0	7000	other	0
AR1012	190	Picture	40	2621713	0	1	2133	1	0	2020	other	0
AR1012	190	Pulse	199	2622201	488	0
AR1012	191	Picture	60	2624024	0	1	7111	1	0	7000	other	0
AR1012	192	Picture	40	2631313	0	1	2667	1	0	2550	other	0
AR1012	193	Picture	60	2634158	0	1	7111	1	0	7000	other	0
AR1012	193	Pulse	199	2634701	543	0
AR1012	194	Picture	40	2641447	0	1	1956	1	0	1900	other	0
AR1012	195	Picture	60	2643580	0	1	7111	1	0	7000	other	0
AR1012	195	Pulse	199	2647201	3620	0
AR1012	196	Picture	40	2650869	0	1	1778	1	0	1630	other	0
AR1012	197	Picture	60	2652825	0	1	7111	1	0	7000	other	0
AR1012	197	Pulse	199	2659701	6877	0
AR1012	198	Picture	40	2660114	0	1	4800	1	0	4720	other	0
AR1012	199	Picture	60	2665091	0	1	7111	1	0	7000	other	0
AR1012	199	Pulse	199	2672200	7109	0
AR1012	200	Picture	40	2672380	0	1	1422	1	0	1270	other	0
AR1012	201	Picture	60	2673980	0	1	7111	1	0	7000	other	0
AR1012	202	Picture	40	2681269	0	1	2667	1	0	2570	other	0
AR1012	203	Picture	60	2684114	0	1	7111	1	0	7000	other	0
AR1012	203	Pulse	199	2684700	587	0
AR1012	204	Picture	40	2691403	0	1	1244	1	0	1180	other	0
AR1012	205	Picture	65	2692825	0	1	7111	1	0	7000	hit	330
AR1012	205	Pulse	199	2697200	4375	0
AR1012	205	Response	25	2697311	4486	0
AR1012	206	Picture	40	2700114	0	1	4267	1	0	4230	other	0
AR1012	207	Picture	65	2704558	0	1	7111	1	0	7000	miss	0
AR1012	207	Pulse	199	2709701	5143	0
AR1012	208	Picture	40	2711847	0	1	3378	1	0	3330	false_alarm	335
AR1012	208	Response	20	2713710	1863	0
AR1012	209	Picture	60	2715403	0	1	7111	1	0	7000	other	0
AR1012	209	Pulse	199	2722200	6798	0
AR1012	210	Picture	40	2722692	0	1	3378	1	0	3210	other	0
AR1012	211	Picture	60	2726247	0	1	7111	1	0	7000	other	0
AR1012	212	Picture	40	2733537	0	1	2311	1	0	2150	other	0
AR1012	212	Pulse	199	2734701	1164	0
AR1012	213	Picture	60	2736025	0	1	7111	1	0	7000	other	0
AR1012	214	Picture	40	2743314	0	1	4267	1	0	4080	other	0
AR1012	214	Pulse	199	2747201	3886	0
AR1012	215	Picture	50	2747759	0	1	70223	1	0	next	other	0
AR1012	215	Pulse	199	2759701	11942	0
AR1012	215	Pulse	199	2772201	24442	0
AR1012	215	Pulse	199	2784700	36941	0
AR1012	215	Pulse	199	2797200	49441	0
AR1012	215	Pulse	199	2809700	61941	0
AR1012	216	Picture	80	2817982	0	1	7111	1	0	7000	other	0
AR1012	216	Pulse	199	2822201	4219	0
AR1012	217	Picture	40	2825271	0	1	1600	1	0	1510	other	0
AR1012	218	Picture	85	2827048	0	1	7111	1	0	7000	hit	355
AR1012	218	Response	25	2832251	5202	0
AR1012	219	Picture	40	2834337	0	1	3378	1	0	3210	other	0
AR1012	219	Pulse	199	2834700	363	0
AR1012	220	Picture	80	2837893	0	1	7111	1	0	7000	other	0
AR1012	221	Picture	40	2845182	0	1	2311	1	0	2150	other	0
AR1012	221	Pulse	199	2847201	2019	0
AR1012	222	Picture	80	2847671	0	1	7111	1	0	7000	other	0
AR1012	223	Picture	40	2854960	0	1	3378	1	0	3330	other	0
AR1012	224	Picture	85	2858515	0	1	7111	1	0	7000	hit	365
AR1012	224	Pulse	199	2859701	1185	0
AR1012	224	Response	25	2863010	4495	0
AR1012	225	Picture	40	2865804	0	1	2133	1	0	1990	other	0
AR1012	226	Picture	80	2868116	0	1	7111	1	0	7000	other	0
AR1012	226	Pulse	199	2872201	4086	0
AR1012	227	Picture	40	2875404	0	1	1778	1	0	1640	other	0
AR1012	228	Picture	80	2877360	0	1	7111	1	0	7000	other	0
AR1012	229	Picture	40	2884649	0	1	2830	193	0	2830	other	0
AR1012	229	Pulse	199	2884701	52	0
AR1012	230	Picture	80	2887849	0	1	7111	1	0	7000	other	0
AR1012	231	Picture	40	2895138	0	1	2667	1	0	2550	other	0
AR1012	231	Pulse	199	2897201	2063	0
AR1012	232	Picture	80	2897982	0	1	7111	1	0	7000	other	0
AR1012	233	Picture	40	2905271	0	1	1245	1	0	1180	other	0
AR1012	234	Picture	80	2906694	0	1	7111	1	0	7000	other	0
AR1012	234	Pulse	199	2909700	3007	0
AR1012	235	Picture	40	2913983	0	1	2667	1	0	2570	other	0
AR1012	236	Picture	80	2916827	0	1	7111	1	0	7000	other	0
AR1012	236	Pulse	199	2922201	5374	0
AR1012	237	Picture	40	2924116	0	1	1956	1	0	1900	other	0
AR1012	238	Picture	80	2926249	0	1	7111	1	0	7000	other	0
AR1012	239	Picture	40	2933538	0	1	4267	1	0	4080	other	0
AR1012	239	Pulse	199	2934701	1163	0
AR1012	240	Picture	80	2937983	0	1	7111	1	0	7000	other	0
AR1012	241	Picture	40	2945272	0	1	4800	1	0	4720	other	0
AR1012	241	Pulse	199	2947201	1929	0
AR1012	242	Picture	80	2950250	0	1	7111	1	0	7000	other	0
AR1012	243	Picture	40	2957539	0	1	2133	1	0	2070	other	0
AR1012	243	Pulse	199	2959699	2160	2
AR1012	244	Picture	80	2959850	0	1	7111	1	0	7000	other	0
AR1012	245	Picture	40	2967139	0	1	1778	1	0	1630	other	0
AR1012	246	Picture	80	2969094	0	1	7111	1	0	7000	other	0
AR1012	246	Pulse	199	2972201	3107	0
AR1012	247	Picture	40	2976383	0	1	4267	1	0	4230	other	0
AR1012	248	Picture	80	2980828	0	1	7111	1	0	7000	other	0
AR1012	248	Pulse	199	2984701	3873	0
AR1012	249	Picture	40	2988117	0	1	2133	1	0	2020	other	0
AR1012	250	Picture	80	2990428	0	1	7111	1	0	7000	other	0
AR1012	250	Pulse	199	2997201	6773	0
AR1012	251	Picture	40	2997717	0	1	1422	1	0	1270	other	0
AR1012	252	Picture	50	2999317	0	1	70223	1	0	next	other	0
AR1012	252	Pulse	199	3009701	10384	0
AR1012	252	Pulse	199	3022200	22884	0
AR1012	252	Pulse	199	3034701	35384	0
AR1012	252	Pulse	199	3047200	47884	0
AR1012	252	Pulse	199	3059701	60384	0
AR1012	253	Picture	70	3069540	0	1	7111	1	0	7000	other	0
AR1012	253	Pulse	199	3072201	2661	0
AR1012	254	Picture	40	3076829	0	1	3378	1	0	3210	other	0
AR1012	255	Picture	70	3080384	0	1	7111	1	0	7000	other	0
AR1012	255	Pulse	199	3084701	4317	0
AR1012	256	Picture	40	3087673	0	1	2844	1	0	2830	other	0
AR1012	257	Picture	70	3090553	0	321	7076	321	0	7000	other	0
AR1012	257	Pulse	199	3097201	6648	0
AR1012	258	Picture	40	3097807	0	1	2133	1	0	1990	other	0
AR1012	259	Picture	75	3100118	0	1	7111	1	0	7000	hit	420
AR1012	259	Response	25	3104931	4813	0
AR1012	260	Picture	40	3107407	0	1	1956	1	0	1900	other	0
AR1012	261	Picture	75	3109540	0	1	7111	1	0	7000	miss	0
AR1012	261	Pulse	199	3109701	161	0
AR1012	262	Picture	40	3116829	0	1	2133	1	0	2020	false_alarm	425
AR1012	262	Response	20	3117900	1072	0
AR1012	263	Picture	70	3119140	0	1	7111	1	0	7000	other	0
AR1012	263	Pulse	199	3122201	3060	0
AR1012	264	Picture	40	3126429	0	1	2667	1	0	2570	other	0
AR1012	265	Picture	70	3129274	0	1	7111	1	0	7000	other	0
AR1012	265	Pulse	199	3134700	5427	0
AR1012	266	Picture	40	3136562	0	1	4800	1	0	4720	other	0
AR1012	267	Picture	70	3141540	0	1	7111	1	0	7000	other	0
AR1012	267	Pulse	199	3147200	5660	0
AR1012	268	Picture	40	3148829	0	1	1422	1	0	1270	other	0
AR1012	269	Picture	70	3150429	0	1	7111	1	0	7000	other	0
AR1012	270	Picture	40	3157718	0	1	2133	1	0	2070	other	0
AR1012	270	Pulse	199	3159700	1982	0
AR1012	271	Picture	70	3160029	0	1	7111	1	0	7000	other	0
AR1012	272	Picture	40	3167318	0	1	4267	1	0	4230	other	0
AR1012	273	Picture	70	3171763	0	1	7111	1	0	7000	other	0
AR1012	273	Pulse	199	3172201	438	0
AR1012	274	Picture	40	3179052	0	1	2311	1	0	2150	other	0
AR1012	275	Picture	70	3181541	0	1	7111	1	0	7000	other	0
AR1012	275	Pulse	199	3184700	3160	0
AR1012	276	Picture	40	3188830	0	1	1778	1	0	1630	other	0
AR1012	277	Picture	70	3190785	0	1	7111	1	0	7000	other	0
AR1012	277	Pulse	199	3197201	6415	0
AR1012	278	Picture	40	3198074	0	1	2667	1	0	2550	other	0
AR1012	279	Picture	70	3200919	0	1	7111	1	0	7000	other	0
AR1012	280	Picture	40	3208208	0	1	1778	1	0	1640	other	0
AR1012	280	Pulse	199	3209700	1493	0
AR1012	281	Picture	70	3210163	0	1	7111	1	0	7000	other	0
AR1012	282	Picture	40	3217452	0	1	1244	1	0	1180	other	0
AR1012	283	Picture	70	3218874	0	1	7111	1	0	7000	other	0
AR1012	283	Pulse	199	3222201	3326	0
AR1012	284	Picture	40	3226163	0	1	3378	1	0	3330	other	0
AR1012	285	Picture	70	3229719	0	1	7111	1	0	7000	other	0
AR1012	285	Pulse	199	3234700	4981	0
AR1012	286	Picture	40	3237008	0	1	4267	1	0	4080	other	0
AR1012	287	Picture	70	3241452	0	1	7111	1	0	7000	other	0
AR1012	287	Pulse	199	3247200	5748	0
AR1012	288	Picture	40	3248741	0	1	1600	1	0	1510	other	0
AR1012	289	Picture	50	3250519	0	1	70223	1	0	next	other	0
AR1012	289	Pulse	199	3259700	9181	0
AR1012	289	Pulse	199	3272200	21681	0
AR1012	289	Pulse	199	3284700	34181	0
AR1012	289	Pulse	199	3297200	46681	0
AR1012	289	Pulse	199	3309700	59181	0
AR1012	290	Picture	60	3320742	0	1	7111	1	0	7000	other	0
AR1012	290	Pulse	199	3322200	1458	0
AR1012	291	Picture	40	3328031	0	1	2844	1	0	2830	other	0
AR1012	292	Picture	65	3330908	0	323	7078	323	0	7000	hit	474
AR1012	292	Pulse	199	3334700	3792	0
AR1012	292	Response	25	3337610	6702	0
AR1012	293	Picture	40	3338164	0	1	2667	1	0	2570	other	0
AR1012	294	Picture	60	3341009	0	1	7111	1	0	7000	other	0
AR1012	294	Pulse	199	3347200	6191	0
AR1012	295	Picture	40	3348298	0	1	2133	1	0	1990	other	0
AR1012	296	Picture	60	3350609	0	1	7111	1	0	7000	other	0
AR1012	297	Picture	40	3357898	0	1	2311	1	0	2150	other	0
AR1012	297	Pulse	199	3359700	1802	0
AR1012	298	Picture	60	3360387	0	1	7111	1	0	7000	other	0
AR1012	299	Picture	40	3367676	0	1	1956	1	0	1900	other	0
AR1012	300	Picture	60	3369809	0	1	7111	1	0	7000	other	0
AR1012	300	Pulse	199	3372200	2391	0
AR1012	301	Picture	40	3377098	0	1	2133	1	0	2020	other	0
AR1012	302	Picture	60	3379409	0	1	7111	1	0	7000	other	0
AR1012	302	Pulse	199	3384701	5291	0
AR1012	303	Picture	40	3386698	0	1	2667	1	0	2550	other	0
AR1012	304	Picture	60	3389543	0	1	7111	1	0	7000	other	0
AR1012	305	Picture	40	3396832	0	1	3378	1	0	3210	other	0
AR1012	305	Pulse	199	3397200	369	0
AR1012	306	Picture	60	3400387	0	1	7111	1	0	7000	other	0
AR1012	307	Picture	40	3407676	0	1	1600	1	0	1510	other	0
AR1012	308	Picture	60	3409454	0	1	7111	1	0	7000	other	0
AR1012	308	Pulse	199	3409700	247	0
AR1012	309	Picture	40	3416743	0	1	1245	1	0	1180	other	0
AR1012	310	Picture	60	3418165	0	1	7111	1	0	7000	other	0
AR1012	310	Pulse	199	3422200	4035	0
AR1012	311	Picture	40	3425454	0	1	4267	1	0	4230	other	0
AR1012	312	Picture	60	3429898	0	1	7111	1	0	7000	other	0
AR1012	312	Pulse	199	3434700	4802	0
AR1012	313	Picture	40	3437187	0	1	1778	1	0	1640	other	0
AR1012	314	Picture	60	3439143	0	1	7111	1	0	7000	other	0
AR1012	315	Picture	40	3446432	0	1	2133	1	0	2070	other	0
AR1012	315	Pulse	199	3447200	768	0
AR1012	316	Picture	60	3448743	0	1	7111	1	0	7000	other	0
AR1012	317	Picture	40	3456032	0	1	3378	1	0	3330	other	0
AR1012	318	Picture	60	3459588	0	1	7111	1	0	7000	other	0
AR1012	318	Pulse	199	3459700	112	0
AR1012	319	Picture	40	3466877	0	1	4267	1	0	4080	other	0
AR1012	320	Picture	60	3471321	0	1	7111	1	0	7000	other	0
AR1012	320	Pulse	199	3472200	879	0
AR1012	321	Picture	40	3478610	0	1	1422	1	0	1270	other	0
AR1012	322	Picture	60	3480210	0	1	7111	1	0	7000	other	0
AR1012	322	Pulse	199	3484701	4491	0
AR1012	323	Picture	40	3487499	0	1	1778	1	0	1630	other	0
AR1012	324	Picture	50	3489455	0	1	90134	1	0	next	other	0
AR1012	324	Pulse	199	3497201	7746	0
AR1012	324	Pulse	199	3509701	20246	0
AR1012	324	Pulse	199	3522200	32746	0
AR1012	324	Pulse	199	3534701	45246	0
AR1012	324	Pulse	199	3547200	57746	0
AR1012	324	Pulse	199	3559700	70246	0
AR1012	324	Pulse	199	3572200	82745	0
AR1012	325	Picture	70	3579589	0	1	7111	1	0	7000	other	0
AR1012	325	Pulse	199	3584700	5111	0
AR1012	326	Picture	40	3586878	0	1	1600	1	0	1510	other	0
AR1012	327	Picture	70	3588656	0	1	7111	1	0	7000	other	0
AR1012	328	Picture	40	3595944	0	1	2133	1	0	2020	other	0
AR1012	328	Pulse	199	3597200	1256	0
AR1012	329	Picture	70	3598256	0	1	7111	1	0	7000	other	0
AR1012	330	Picture	40	3605545	0	1	2133	1	0	1990	other	0
AR1012	331	Picture	70	3607856	0	1	7111	1	0	7000	other	0
AR1012	331	Pulse	199	3609701	1845	0
AR1012	332	Picture	40	3615145	0	1	3378	1	0	3210	other	0
AR1012	333	Picture	70	3618700	0	1	7111	1	0	7000	other	0
AR1012	333	Pulse	199	3622201	3500	0
AR1012	334	Picture	40	3625989	0	1	1778	1	0	1630	other	0
AR1012	335	Picture	70	3627945	0	1	7111	1	0	7000	other	0
AR1012	335	Pulse	199	3634700	6756	0
AR1012	336	Picture	40	3635234	0	1	1778	1	0	1640	other	0
AR1012	337	Picture	70	3637189	0	1	7111	1	0	7000	other	0
AR1012	338	Picture	40	3644478	0	1	2133	1	0	2070	other	0
AR1012	339	Picture	70	3646789	0	1	7111	1	0	7000	other	0
AR1012	339	Pulse	199	3647200	411	0
AR1012	340	Picture	40	3654078	0	1	2311	1	0	2150	other	0
AR1012	341	Picture	70	3656567	0	1	7111	1	0	7000	other	0
AR1012	341	Pulse	199	3659701	3133	0
AR1012	342	Picture	40	3663856	0	1	4267	1	0	4080	other	0
AR1012	343	Picture	70	3668301	0	1	7111	1	0	7000	other	0
AR1012	343	Pulse	199	3672200	3900	0
AR1012	344	Picture	40	3675590	0	1	2844	1	0	2830	other	0
AR1012	345	Picture	70	3678487	0	304	7059	304	0	7000	other	0
AR1012	345	Pulse	199	3684700	6213	0
AR1012	346	Picture	40	3685723	0	1	1956	1	0	1900	other	0
AR1012	347	Picture	70	3687856	0	1	7111	1	0	7000	other	0
AR1012	348	Picture	40	3695145	0	1	3378	1	0	3330	other	0
AR1012	348	Pulse	199	3697200	2055	0
AR1012	349	Picture	70	3698701	0	1	7111	1	0	7000	other	0
AR1012	350	Picture	40	3705990	0	1	1422	1	0	1270	other	0
AR1012	351	Picture	70	3707590	0	1	7111	1	0	7000	other	0
AR1012	351	Pulse	199	3709701	2111	0
AR1012	352	Picture	40	3714879	0	1	4800	1	0	4720	other	0
AR1012	353	Picture	70	3719857	0	1	7111	1	0	7000	other	0
AR1012	353	Pulse	199	3722200	2343	0
AR1012	354	Picture	40	3727146	0	1	2667	1	0	2570	other	0
AR1012	355	Picture	70	3729990	0	1	7111	1	0	7000	other	0
AR1012	355	Pulse	199	3734701	4711	0
AR1012	356	Picture	40	3737279	0	1	1244	1	0	1180	other	0
AR1012	357	Picture	50	3738701	0	1	70045	1	0	next	other	0
AR1012	357	Pulse	199	3747200	8498	0
AR1012	357	Pulse	199	3759700	20999	0
AR1012	357	Pulse	199	3772200	33499	0
AR1012	357	Pulse	199	3784700	45999	0
AR1012	357	Pulse	199	3797200	58498	0
AR1012	358	Picture	80	3808746	0	1	7111	1	0	7000	other	0
AR1012	358	Pulse	199	3809700	954	0
AR1012	359	Picture	40	3816035	0	1	1422	1	0	1270	other	0
AR1012	360	Picture	80	3817635	0	1	7111	1	0	7000	other	0
AR1012	360	Pulse	199	3822200	4565	0
AR1012	361	Picture	40	3824924	0	1	4800	1	0	4720	other	0
AR1012	362	Picture	85	3829902	0	1	7111	1	0	7000	hit	585
AR1012	362	Pulse	199	3834700	4798	0
AR1012	362	Response	25	3835870	5968	0
AR1012	363	Picture	40	3837191	0	1	1244	1	0	1180	other	0
AR1012	364	Picture	80	3838613	0	1	7111	1	0	7000	other	0
AR1012	365	Picture	40	3845902	0	1	2667	1	0	2550	other	0
AR1012	365	Pulse	199	3847201	1298	0
AR1012	366	Picture	80	3848747	0	1	7111	1	0	7000	other	0
AR1012	367	Picture	40	3856036	0	1	2845	1	0	2830	other	0
AR1012	368	Picture	80	3858913	0	324	7079	324	0	7000	other	0
AR1012	368	Pulse	199	3859700	788	0
AR1012	369	Picture	40	3866169	0	1	4267	1	0	4080	other	0
AR1012	370	Picture	80	3870614	0	1	7111	1	0	7000	other	0
AR1012	370	Pulse	199	3872201	1587	0
AR1012	371	Picture	40	3877903	0	1	3378	1	0	3330	other	0
AR1012	372	Picture	80	3881458	0	1	7111	1	0	7000	other	0
AR1012	372	Pulse	199	3884700	3242	0
AR1012	373	Picture	40	3888747	0	1	4267	1	0	4230	other	0
AR1012	374	Picture	80	3893192	0	1	7111	1	0	7000	other	0
AR1012	374	Pulse	199	3897201	4009	0
AR1012	375	Picture	40	3900481	0	1	3378	1	0	3210	other	0
AR1012	376	Picture	80	3904036	0	1	7111	1	0	7000	other	0
AR1012	376	Pulse	199	3909700	5664	0
AR1012	377	Picture	40	3911325	0	1	2311	1	0	2150	other	0
AR1012	378	Picture	80	3913814	0	1	7111	1	0	7000	other	0
AR1012	379	Picture	40	3921103	0	1	2133	1	0	2020	other	0
AR1012	379	Pulse	199	3922200	1097	0
AR1012	380	Picture	80	3923414	0	1	7111	1	0	7000	other	0
AR1012	381	Picture	40	3930703	0	1	1778	1	0	1630	other	0
AR1012	382	Picture	80	3932659	0	1	7111	1	0	7000	other	0
AR1012	382	Pulse	199	3934700	2042	0
AR1012	383	Picture	40	3939948	0	1	1956	1	0	1900	other	0
AR1012	384	Picture	80	3942081	0	1	7111	1	0	7000	other	0
AR1012	384	Pulse	199	3947201	5120	0
AR1012	385	Picture	40	3949370	0	1	2133	1	0	1990	other	0
AR1012	386	Picture	80	3951681	0	1	7111	1	0	7000	other	0
AR1012	387	Picture	40	3958970	0	1	1778	1	0	1640	other	0
AR1012	387	Pulse	199	3959701	731	0
AR1012	388	Picture	80	3960926	0	1	7111	1	0	7000	other	0
AR1012	389	Picture	40	3968215	0	1	2667	1	0	2570	other	0
AR1012	390	Picture	80	3971059	0	1	7111	1	0	7000	other	0
AR1012	390	Pulse	199	3972201	1142	0
AR1012	391	Picture	40	3978348	0	1	2133	1	0	2070	other	0
AR1012	392	Picture	50	3980659	0	1	70032	191	0	next	other	0
AR1012	392	Pulse	199	3984701	4042	0
AR1012	392	Pulse	199	3997201	16542	0
AR1012	392	Pulse	199	4009700	29041	0
AR1012	392	Pulse	199	4022200	41541	0
AR1012	392	Pulse	199	4034700	54041	0
AR1012	392	Pulse	199	4047200	66541	0
AR1012	393	Picture	90	4050692	0	191	7124	191	0	7000	other	0
AR1012	394	Picture	40	4057993	0	1	1244	1	0	1180	other	0
AR1012	395	Picture	90	4059415	0	1	7111	1	0	7000	other	0
AR1012	395	Pulse	199	4059701	285	0
AR1012	396	Picture	40	4066704	0	1	1422	1	0	1270	other	0
AR1012	397	Picture	95	4068304	0	1	7111	1	0	7000	hit	640
AR1012	397	Pulse	199	4072200	3896	0
AR1012	397	Response	25	4074050	5746	0
AR1012	398	Picture	40	4075593	0	1	1778	1	0	1630	other	0
AR1012	399	Picture	90	4077549	0	1	7111	1	0	7000	other	0
AR1012	399	Pulse	199	4084701	7152	0
AR1012	400	Picture	40	4084838	0	1	4267	1	0	4230	other	0
AR1012	401	Picture	90	4089282	0	1	7111	1	0	7000	other	0
AR1012	402	Picture	40	4096571	0	1	1600	1	0	1510	other	0
AR1012	402	Pulse	199	4097201	629	0
AR1012	403	Picture	90	4098349	0	1	7111	1	0	7000	other	0
AR1012	404	Picture	40	4105638	0	1	2133	1	0	2070	other	0
AR1012	405	Picture	90	4107949	0	1	7111	1	0	7000	other	0
AR1012	405	Pulse	199	4109701	1752	0
AR1012	406	Picture	40	4115238	0	1	3378	1	0	3330	other	0
AR1012	407	Picture	90	4118794	0	1	7111	1	0	7000	other	0
AR1012	407	Pulse	199	4122201	3407	0
AR1012	408	Picture	40	4126083	0	1	4267	1	0	4080	other	0
AR1012	409	Picture	90	4130527	0	1	7111	1	0	7000	other	0
AR1012	409	Pulse	199	4134700	4173	0
AR1012	410	Picture	40	4137816	0	1	3378	1	0	3210	other	0
AR1012	411	Picture	90	4141372	0	1	7111	1	0	7000	other	0
AR1012	411	Pulse	199	4147200	5829	0
AR1012	412	Picture	40	4148661	0	1	2845	1	0	2830	other	0
AR1012	413	Picture	90	4151538	0	324	7079	324	0	7000	other	0
AR1012	414	Picture	40	4158794	0	1	2133	1	0	2020	other	0
AR1012	414	Pulse	199	4159700	906	0
AR1012	415	Picture	90	4161105	0	1	7111	1	0	7000	other	0
AR1012	416	Picture	40	4168394	0	1	2133	1	0	1990	other	0
AR1012	417	Picture	90	4170705	0	1	7111	1	0	7000	other	0
AR1012	417	Pulse	199	4172201	1495	0
AR1012	418	Picture	40	4177994	0	1	2311	1	0	2150	other	0
AR1012	419	Picture	90	4180483	0	1	7111	1	0	7000	other	0
AR1012	419	Pulse	199	4184711	4227	0
AR1012	420	Picture	40	4187772	0	1	2667	1	0	2570	other	0
AR1012	421	Picture	90	4190617	0	1	7111	1	0	7000	other	0
AR1012	421	Pulse	199	4197211	6594	0
AR1012	422	Picture	40	4197906	0	1	4800	1	0	4720	other	0
AR1012	423	Picture	90	4202883	0	1	7111	1	0	7000	other	0
AR1012	423	Pulse	199	4209711	6827	0
AR1012	424	Picture	40	4210172	0	1	1778	1	0	1640	other	0
AR1012	425	Picture	90	4212128	0	1	7111	1	0	7000	other	0
AR1012	426	Picture	40	4219417	0	1	2667	1	0	2550	other	0
AR1012	426	Pulse	199	4222210	2794	0
AR1012	427	Picture	50	4222261	0	1	70045	1	0	next	other	0
AR1012	427	Pulse	199	4234710	12448	0
AR1012	427	Pulse	199	4247210	24948	0
AR1012	427	Pulse	199	4259710	37448	0
AR1012	427	Pulse	199	4272210	49948	0
AR1012	427	Pulse	199	4284710	62449	0
AR1012	428	Picture	70	4292306	0	1	7111	1	0	7000	other	0
AR1012	428	Pulse	199	4297210	4904	0
AR1012	429	Picture	40	4299595	0	1	4267	1	0	4080	other	0
AR1012	430	Picture	70	4304040	0	1	7111	1	0	7000	other	0
AR1012	430	Pulse	199	4309710	5670	0
AR1012	431	Picture	40	4311329	0	1	1778	1	0	1640	other	0
AR1012	432	Picture	70	4313284	0	1	7111	1	0	7000	other	0
AR1012	433	Picture	40	4320573	0	1	2667	1	0	2570	other	0
AR1012	433	Pulse	199	4322211	1637	0
AR1012	434	Picture	70	4323418	0	1	7111	1	0	7000	other	0
AR1012	435	Picture	40	4330707	0	1	1600	1	0	1510	other	0
AR1012	436	Picture	70	4332485	0	1	7111	1	0	7000	other	0
AR1012	436	Pulse	199	4334710	2226	0
AR1012	437	Picture	40	4339774	0	1	1422	1	0	1270	other	0
AR1012	438	Picture	70	4341374	0	1	7111	1	0	7000	other	0
AR1012	438	Pulse	199	4347210	5837	0
AR1012	439	Picture	40	4348663	0	1	2133	1	0	2070	other	0
AR1012	440	Picture	70	4350974	0	1	7111	1	0	7000	other	0
AR1012	441	Picture	40	4358263	0	1	2667	1	0	2550	other	0
AR1012	441	Pulse	199	4359710	1447	0
AR1012	442	Picture	75	4361107	0	1	7111	1	0	7000	hit	709
AR1012	442	Response	25	4366251	5143	0
AR1012	443	Picture	40	4368396	0	1	2133	1	0	2020	other	0
AR1012	444	Picture	70	4370707	0	1	7111	1	0	7000	other	0
AR1012	444	Pulse	199	4372210	1503	0
AR1012	445	Picture	40	4377996	0	1	4800	1	0	4720	other	0
AR1012	446	Picture	70	4382974	0	1	7111	1	0	7000	other	0
AR1012	446	Pulse	199	4384710	1736	0
AR1012	447	Picture	40	4390263	0	1	2844	1	0	2830	other	0
AR1012	448	Picture	70	4393285	0	1	7111	1	0	7000	other	0
AR1012	448	Pulse	199	4397210	3925	0
AR1012	449	Picture	40	4400574	0	1	1244	1	0	1180	other	0
AR1012	450	Picture	70	4401996	0	1	7111	1	0	7000	other	0
AR1012	451	Picture	40	4409285	0	1	2133	1	0	1990	other	0
AR1012	451	Pulse	199	4409710	425	0
AR1012	452	Picture	70	4411597	0	1	7111	1	0	7000	other	0
AR1012	453	Picture	40	4418885	0	1	1778	1	0	1630	other	0
AR1012	454	Picture	70	4420841	0	1	7111	1	0	7000	other	0
AR1012	454	Pulse	199	4422210	1369	0
AR1012	455	Picture	40	4428130	0	1	3378	1	0	3210	other	0
AR1012	456	Picture	70	4431686	0	1	7111	1	0	7000	other	0
AR1012	456	Pulse	199	4434711	3025	0
AR1012	457	Picture	40	4438974	0	1	4267	1	0	4230	other	0
AR1012	458	Picture	70	4443419	0	1	7111	1	0	7000	other	0
AR1012	458	Pulse	199	4447210	3791	0
AR1012	459	Picture	40	4450708	0	1	3378	1	0	3330	other	0
AR1012	460	Picture	70	4454264	0	1	7111	1	0	7000	other	0
AR1012	460	Pulse	199	4459710	5447	0
AR1012	461	Picture	40	4461552	0	1	2311	1	0	2150	other	0
AR1012	462	Picture	50	4464041	0	1	70032	192	0	next	other	0
AR1012	462	Pulse	199	4472210	8168	0
AR1012	462	Pulse	199	4484710	20668	0
AR1012	462	Pulse	199	4497210	33168	0
AR1012	462	Pulse	199	4509710	45668	0
AR1012	462	Pulse	199	4522210	58168	0
AR1012	463	Picture	60	4534074	0	191	7124	192	0	7000	other	0
AR1012	463	Pulse	199	4534710	637	0
AR1012	464	Picture	40	4541375	0	1	2133	1	0	1990	other	0
AR1012	465	Picture	60	4543687	0	1	7111	1	0	7000	other	0
AR1012	465	Pulse	199	4547210	3523	0
AR1012	466	Picture	40	4550976	0	1	2133	1	0	2020	other	0
AR1012	467	Picture	60	4553287	0	1	7111	1	0	7000	other	0
AR1012	467	Pulse	199	4559711	6424	0
AR1012	468	Picture	40	4560576	0	1	2133	1	0	2070	other	0
AR1012	469	Picture	60	4562887	0	1	7111	1	0	7000	other	0
AR1012	470	Picture	40	4570176	0	1	4267	1	0	4230	other	0
AR1012	470	Pulse	199	4572210	2034	0
AR1012	471	Picture	65	4574620	0	1	7111	1	0	7000	hit	756
AR1012	471	Response	25	4580561	5940	0
AR1012	472	Picture	40	4581909	0	1	1956	1	0	1900	other	0
AR1012	473	Picture	60	4584043	0	1	7111	1	0	7000	other	0
AR1012	473	Pulse	199	4584710	667	0
AR1012	474	Picture	40	4591332	0	1	1422	1	0	1270	other	0
AR1012	475	Picture	60	4592931	0	1	7111	1	0	7000	other	0
AR1012	475	Pulse	199	4597210	4279	0
AR1012	476	Picture	40	4600220	0	1	4800	1	0	4720	other	0
AR1012	477	Picture	60	4605198	0	1	7111	1	0	7000	other	0
AR1012	477	Pulse	199	4609710	4512	0
AR1012	478	Picture	40	4612487	0	1	4267	1	0	4080	other	0
AR1012	479	Picture	65	4616932	0	1	7111	1	0	7000	hit	769
AR1012	479	Pulse	199	4622210	5279	0
AR1012	479	Response	25	4622740	5808	0
AR1012	480	Picture	40	4624221	0	1	3378	1	0	3330	other	0
AR1012	481	Picture	60	4627776	0	1	7111	1	0	7000	other	0
AR1012	481	Pulse	199	4634711	6934	0
AR1012	482	Picture	40	4635065	0	1	1778	1	0	1640	other	0
AR1012	483	Picture	60	4637021	0	1	7111	1	0	7000	other	0
AR1012	484	Picture	40	4644310	0	1	2844	1	0	2830	other	0
AR1012	484	Pulse	199	4647187	2878	24
AR1012	485	Picture	60	4647187	0	323	7078	323	0	7000	other	0
AR1012	486	Picture	40	4654443	0	1	2311	1	0	2150	other	0
AR1012	487	Picture	60	4656932	0	1	7111	1	0	7000	other	0
AR1012	487	Pulse	199	4659710	2778	0
AR1012	488	Picture	40	4664221	0	1	1600	1	0	1510	other	0
AR1012	489	Picture	60	4665999	0	1	7111	1	0	7000	other	0
AR1012	489	Pulse	199	4672210	6211	0
AR1012	490	Picture	40	4673288	0	1	1778	1	0	1630	other	0
AR1012	491	Picture	60	4675243	0	1	7111	1	0	7000	other	0
AR1012	492	Picture	40	4682532	0	1	1245	1	0	1180	other	0
AR1012	493	Picture	60	4683955	0	1	7111	1	0	7000	other	0
AR1012	493	Pulse	199	4684710	756	0
AR1012	494	Picture	40	4691244	0	1	3378	1	0	3210	other	0
AR1012	495	Picture	60	4694799	0	1	7111	1	0	7000	other	0
AR1012	495	Pulse	199	4697210	2411	0
AR1012	496	Picture	40	4702088	0	1	2667	1	0	2550	other	0
AR1012	497	Picture	60	4704933	0	1	7111	1	0	7000	other	0
AR1012	497	Pulse	199	4709710	4778	0
AR1012	498	Picture	40	4712221	0	1	2667	1	0	2570	other	0
AR1012	499	Picture	50	4715066	0	1	70223	1	0	next	other	0
AR1012	499	Pulse	199	4722210	7144	0
AR1012	499	Pulse	199	4734710	19644	0
AR1012	499	Pulse	199	4747210	32144	0
AR1012	499	Pulse	199	4759710	44644	0
AR1012	499	Pulse	199	4772210	57144	0
AR1012	499	Pulse	199	4784710	69644	0
AR1012	500	Picture	80	4785289	0	1	7111	1	0	7000	other	0
AR1012	501	Picture	40	4792578	0	1	1956	1	0	1900	other	0
AR1012	502	Picture	80	4794711	0	1	7111	1	0	7000	other	0
AR1012	502	Pulse	199	4797210	2499	0
AR1012	503	Picture	40	4802000	0	1	4267	1	0	4230	other	0
AR1012	504	Picture	80	4806445	0	1	7111	1	0	7000	other	0
AR1012	504	Pulse	199	4809710	3265	0
AR1012	505	Picture	40	4813734	0	1	2311	1	0	2150	other	0
AR1012	506	Picture	80	4816222	0	1	7111	1	0	7000	other	0
AR1012	506	Pulse	199	4822210	5987	0
AR1012	507	Picture	40	4823511	0	1	1422	1	0	1270	other	0
AR1012	508	Picture	80	4825111	0	1	7111	1	0	7000	other	0
AR1012	509	Picture	40	4832400	0	1	2133	1	0	1990	other	0
AR1012	509	Pulse	199	4834710	2310	0
AR1012	510	Picture	80	4834711	0	1	7111	1	0	7000	other	0
AR1012	511	Picture	40	4842000	0	1	1600	1	0	1510	other	0
AR1012	512	Picture	80	4843778	0	1	7111	1	0	7000	other	0
AR1012	512	Pulse	199	4847210	3432	0
AR1012	513	Picture	40	4851067	0	1	1244	1	0	1180	other	0
AR1012	514	Picture	80	4852489	0	1	7111	1	0	7000	other	0
AR1012	514	Pulse	199	4859710	7220	1
AR1012	515	Picture	40	4859778	0	1	2667	1	0	2550	other	0
AR1012	516	Picture	80	4862623	0	1	7111	1	0	7000	other	0
AR1012	517	Picture	40	4869912	0	1	2667	1	0	2570	other	0
AR1012	517	Pulse	199	4872210	2298	0
AR1012	518	Picture	80	4872756	0	1	7111	1	0	7000	other	0
AR1012	519	Picture	40	4880045	0	1	2133	1	0	2020	other	0
AR1012	520	Picture	80	4882356	0	1	7111	1	0	7000	other	0
AR1012	520	Pulse	199	4884711	2354	0
AR1012	521	Picture	40	4889645	0	1	3378	1	0	3330	other	0
AR1012	522	Picture	80	4893201	0	1	7111	1	0	7000	other	0
AR1012	522	Pulse	199	4897210	4010	0
AR1012	523	Picture	40	4900490	0	1	1778	1	0	1640	other	0
AR1012	524	Picture	80	4902445	0	1	7111	1	0	7000	other	0
AR1012	524	Pulse	199	4909710	7265	0
AR1012	525	Picture	40	4909734	0	1	3378	1	0	3210	other	0
AR1012	526	Picture	80	4913290	0	1	7111	1	0	7000	other	0
AR1012	527	Picture	40	4920579	0	1	2133	1	0	2070	other	0
AR1012	527	Pulse	199	4922210	1631	0
AR1012	528	Picture	80	4922890	0	1	7111	1	0	7000	other	0
AR1012	529	Picture	40	4930179	0	1	1778	1	0	1630	other	0
AR1012	530	Picture	80	4932135	0	1	7111	1	0	7000	other	0
AR1012	530	Pulse	199	4934710	2575	0
AR1012	531	Picture	40	4939423	0	1	4267	1	0	4080	other	0
AR1012	532	Picture	50	4943868	0	1	70045	1	0	next	other	0
AR1012	532	Pulse	199	4947210	3342	0
AR1012	532	Pulse	199	4959710	15842	0
AR1012	532	Pulse	199	4972210	28342	0
AR1012	532	Pulse	199	4984710	40842	0
AR1012	532	Pulse	199	4997210	53342	0
AR1012	532	Pulse	199	5009709	65841	0
AR1012	533	Picture	90	5013913	0	1	7111	1	0	7000	other	0
AR1012	534	Picture	40	5021202	0	1	1778	1	0	1640	other	0
AR1012	534	Pulse	199	5022210	1008	0
AR1012	535	Picture	90	5023158	0	1	7111	1	0	7000	other	0
AR1012	536	Picture	40	5030447	0	1	2667	1	0	2550	other	0
AR1012	537	Picture	90	5033291	0	1	7111	1	0	7000	other	0
AR1012	537	Pulse	199	5034710	1418	0
AR1012	538	Picture	40	5040580	0	1	1422	1	0	1270	other	0
AR1012	539	Picture	90	5042180	0	1	7111	1	0	7000	other	0
AR1012	539	Pulse	199	5047210	5030	0
AR1012	540	Picture	40	5049469	0	1	4267	1	0	4080	other	0
AR1012	541	Picture	90	5053913	0	1	7111	1	0	7000	other	0
AR1012	541	Pulse	199	5059710	5796	0
AR1012	542	Picture	40	5061202	0	1	2133	1	0	1990	other	0
AR1012	543	Picture	90	5063514	0	1	7111	1	0	7000	other	0
AR1012	544	Picture	40	5070803	0	1	4800	1	0	4720	other	0
AR1012	544	Pulse	199	5072210	1408	0
AR1012	545	Picture	90	5075780	0	1	7111	1	0	7000	other	0
AR1012	546	Picture	40	5083069	0	1	2667	1	0	2570	other	0
AR1012	546	Pulse	199	5084710	1640	0
AR1012	547	Picture	90	5085914	0	1	7111	1	0	7000	other	0
AR1012	548	Picture	40	5093203	0	1	1600	1	0	1510	other	0
AR1012	549	Picture	90	5094981	0	1	7111	1	0	7000	other	0
AR1012	549	Pulse	199	5097210	2230	0
AR1012	550	Picture	40	5102270	0	1	3378	1	0	3210	other	0
AR1012	551	Picture	90	5105825	0	1	7111	1	0	7000	other	0
AR1012	551	Pulse	199	5109710	3885	0
AR1012	552	Picture	40	5113114	0	1	1244	1	0	1180	other	0
AR1012	553	Picture	90	5114536	0	1	7111	1	0	7000	other	0
AR1012	554	Picture	40	5121825	0	1	1778	1	0	1630	other	0
AR1012	554	Pulse	199	5122210	385	0
AR1012	555	Picture	95	5123781	0	1	7111	1	0	7000	hit	886
AR1012	555	Response	25	5128520	4740	0
AR1012	556	Picture	40	5131070	0	1	1956	1	0	1900	other	0
AR1012	557	Picture	95	5133203	0	1	7111	1	0	7000	miss	0
AR1012	557	Pulse	199	5134710	1507	0
AR1012	558	Picture	40	5140492	0	1	3378	1	0	3330	false_alarm	891
AR1012	558	Response	20	5140980	488	0
AR1012	559	Picture	90	5144048	0	1	7111	1	0	7000	other	0
AR1012	559	Pulse	199	5147210	3162	0
AR1012	560	Picture	40	5151337	0	1	2133	1	0	2020	other	0
AR1012	561	Picture	90	5153648	0	1	7111	1	0	7000	other	0
AR1012	561	Pulse	199	5159711	6063	0
AR1012	562	Picture	40	5160937	0	1	2311	1	0	2150	other	0
AR1012	563	Picture	90	5163426	0	1	7111	1	0	7000	other	0
AR1012	564	Picture	40	5170715	0	1	2133	1	0	2070	other	0
AR1012	564	Pulse	199	5172210	1495	0
AR1012	565	Picture	90	5173025	0	1	7111	1	0	7000	other	0
AR1012	566	Picture	40	5180315	0	1	4267	1	0	4230	other	0
AR1012	566	Pulse	199	5184710	4396	0
AR1012	567	Picture	90	5184759	0	1	7111	1	0	7000	other	0
AR1012	568	Picture	40	5192048	0	1	2844	1	0	2830	other	0
AR1012	569	Picture	50	5195070	0	1	70045	1	0	next	other	0
AR1012	569	Pulse	199	5197210	2140	0
AR1012	569	Pulse	199	5209710	14640	0
AR1012	569	Pulse	199	5222210	27140	0
AR1012	569	Pulse	199	5234710	39640	0
AR1012	569	Pulse	199	5247210	52139	0
AR1012	569	Pulse	199	5259710	64639	0
AR1012	570	Picture	80	5265115	0	1	7111	1	0	7000	other	0
AR1012	570	Pulse	199	5272210	7094	0
AR1012	571	Picture	40	5272404	0	1	2667	1	0	2570	other	0
AR1012	572	Picture	80	5275249	0	1	7111	1	0	7000	other	0
AR1012	573	Picture	40	5282538	0	1	2133	1	0	1990	other	0
AR1012	573	Pulse	199	5284699	2161	12
AR1012	574	Picture	80	5284849	0	1	7111	1	0	7000	other	0
AR1012	575	Picture	40	5292138	0	1	2311	1	0	2150	other	0
AR1012	576	Picture	80	5294627	0	1	7111	1	0	7000	other	0
AR1012	576	Pulse	199	5297210	2584	0
AR1012	577	Picture	40	5301916	0	1	4267	1	0	4080	other	0
AR1012	578	Picture	80	5306360	0	1	7111	1	0	7000	other	0
AR1012	578	Pulse	199	5309710	3350	0
AR1012	579	Picture	40	5313649	0	1	2133	1	0	2020	other	0
AR1012	580	Picture	80	5315960	0	1	7111	1	0	7000	other	0
AR1012	580	Pulse	199	5322210	6250	0
AR1012	581	Picture	40	5323249	0	1	3378	1	0	3330	other	0
AR1012	582	Picture	80	5326805	0	1	7111	1	0	7000	other	0
AR1012	583	Picture	40	5334094	0	1	2667	1	0	2550	other	0
AR1012	583	Pulse	199	5334710	617	0
AR1012	584	Picture	80	5336938	0	1	7111	1	0	7000	other	0
AR1012	585	Picture	40	5344227	0	1	1956	1	0	1900	other	0
AR1012	586	Picture	80	5346361	0	1	7111	1	0	7000	other	0
AR1012	586	Pulse	199	5347210	849	0
AR1012	587	Picture	40	5353650	0	1	4800	1	0	4720	other	0
AR1012	588	Picture	80	5358627	0	1	7111	1	0	7000	other	0
AR1012	588	Pulse	199	5359710	1083	0
AR1012	589	Picture	40	5365916	0	1	2845	1	0	2830	other	0
AR1012	590	Picture	80	5368789	0	328	7083	328	0	7000	other	0
AR1012	590	Pulse	199	5372210	3421	0
AR1012	591	Picture	40	5376050	0	1	2134	1	0	2070	other	0
AR1012	592	Picture	80	5378361	0	1	7111	1	0	7000	other	0
AR1012	592	Pulse	199	5384709	6348	0
AR1012	593	Picture	40	5385650	0	1	3378	1	0	3210	other	0
AR1012	594	Picture	80	5389206	0	1	7111	1	0	7000	other	0
AR1012	595	Picture	40	5396494	0	1	1600	1	0	1510	other	0
AR1012	595	Pulse	199	5397210	716	0
AR1012	596	Picture	80	5398272	0	1	7111	1	0	7000	other	0
AR1012	597	Picture	40	5405561	0	1	1422	1	0	1270	other	0
AR1012	598	Picture	80	5407161	0	1	7111	1	0	7000	other	0
AR1012	598	Pulse	199	5409710	2549	0
AR1012	599	Picture	40	5414450	0	1	4267	1	0	4230	other	0
AR1012	600	Picture	80	5418895	0	1	7111	1	0	7000	other	0
AR1012	600	Pulse	199	5422210	3316	0
AR1012	601	Picture	40	5426184	0	1	1244	1	0	1180	other	0
AR1012	602	Picture	50	5427606	0	1	90134	1	0	next	other	0
AR1012	602	Pulse	199	5434710	7104	0
AR1012	602	Pulse	199	5447210	19604	0
AR1012	602	Pulse	199	5459710	32104	0
AR1012	602	Pulse	199	5472209	44604	0
AR1012	602	Pulse	199	5484709	57103	0
AR1012	602	Pulse	199	5497209	69604	0
AR1012	602	Pulse	199	5509710	82104	0
AR1012	603	Picture	60	5517740	0	1	7111	1	0	7000	other	0
AR1012	603	Pulse	199	5522210	4470	0
AR1012	604	Picture	40	5525029	0	1	3378	1	0	3330	other	0
AR1012	605	Picture	60	5528585	0	1	7111	1	0	7000	other	0
AR1012	605	Pulse	199	5534710	6125	0
AR1012	606	Picture	40	5535874	0	1	2667	1	0	2550	other	0
AR1012	607	Picture	60	5538718	0	1	7111	1	0	7000	other	0
AR1012	608	Picture	40	5546007	0	1	4267	1	0	4230	other	0
AR1012	608	Pulse	199	5547210	1203	0
AR1012	609	Picture	60	5550451	0	1	7111	1	0	7000	other	0
AR1012	610	Picture	40	5557740	0	1	1244	1	0	1180	other	0
AR1012	611	Picture	60	5559163	0	1	7111	1	0	7000	other	0
AR1012	611	Pulse	199	5559710	548	0
AR1012	612	Picture	40	5566452	0	1	1600	1	0	1510	other	0
AR1012	613	Picture	60	5568229	0	1	7111	1	0	7000	other	0
AR1012	613	Pulse	199	5572210	3980	0
AR1012	614	Picture	40	5575518	0	1	2133	1	0	2070	other	0
AR1012	615	Picture	60	5577829	0	1	7111	1	0	7000	other	0
AR1012	615	Pulse	199	5584710	6880	0
AR1012	616	Picture	40	5585118	0	1	1422	1	0	1270	other	0
AR1012	617	Picture	60	5586718	0	1	7111	1	0	7000	other	0
AR1012	618	Picture	40	5594007	0	1	2133	1	0	1990	other	0
AR1012	619	Picture	65	5596319	0	1	7111	1	0	7000	miss	0
AR1012	619	Pulse	199	5597210	891	0
AR1012	620	Picture	40	5603608	0	1	2133	1	0	2020	other	0
AR1012	620	Response	20	5605830	2222	0
AR1012	621	Picture	60	5605919	0	1	7111	1	0	7000	other	0
AR1012	621	Pulse	199	5609709	3791	0
AR1012	622	Picture	40	5613208	0	1	2667	1	0	2570	other	0
AR1012	623	Picture	60	5616052	0	1	7111	1	0	7000	other	0
AR1012	623	Pulse	199	5622210	6158	0
AR1012	624	Picture	40	5623341	0	1	1778	1	0	1630	other	0
AR1012	625	Picture	65	5625297	0	1	7111	1	0	7000	hit	999
AR1012	625	Response	25	5631080	5784	0
AR1012	626	Picture	40	5632586	0	1	3378	1	0	3210	other	0
AR1012	626	Pulse	199	5634710	2124	0
AR1012	627	Picture	60	5636141	0	1	7111	1	0	7000	other	0
AR1012	628	Picture	40	5643430	0	1	2311	1	0	2150	other	0
AR1012	629	Picture	60	5645919	0	1	7111	1	0	7000	other	0
AR1012	629	Pulse	199	5647210	1291	0
AR1012	630	Picture	40	5653208	0	1	1778	1	0	1640	other	0
AR1012	631	Picture	60	5655163	0	1	7111	1	0	7000	other	0
AR1012	631	Pulse	199	5659710	4547	0
AR1012	632	Picture	40	5662452	0	1	2844	1	0	2830	other	0
AR1012	633	Picture	60	5665323	0	330	7085	330	0	7000	other	0
AR1012	633	Pulse	199	5672210	6886	0
AR1012	634	Picture	40	5672586	0	1	1955	1	0	1900	other	0
AR1012	635	Picture	60	5674719	0	1	7111	1	0	7000	other	0
AR1012	636	Picture	40	5682008	0	1	4800	1	0	4720	other	0
AR1012	636	Pulse	199	5684710	2702	0
AR1012	637	Picture	60	5686986	0	1	7111	1	0	7000	other	0
AR1012	638	Picture	40	5694275	0	1	4267	1	0	4080	other	0
AR1012	638	Pulse	199	5697210	2935	0
AR1012	639	Picture	50	5698720	0	1	70045	1	0	next	other	0
AR1012	639	Pulse	199	5709709	10990	0
AR1012	639	Pulse	199	5722210	23491	0
AR1012	639	Pulse	199	5734710	35990	0
AR1012	639	Pulse	199	5747210	48490	0
AR1012	639	Pulse	199	5759710	60990	0
AR1012	640	Picture	90	5768765	0	1	7111	1	0	7000	other	0
AR1012	640	Pulse	199	5772210	3446	0
AR1012	641	Picture	40	5776053	0	1	1600	1	0	1510	other	0
AR1012	642	Picture	90	5777831	0	1	7111	1	0	7000	other	0
AR1012	642	Pulse	199	5784710	6879	0
AR1012	643	Picture	40	5785120	0	1	4267	1	0	4080	other	0
AR1012	644	Picture	95	5789565	0	1	7111	1	0	7000	hit	1032
AR1012	644	Response	25	5795690	6125	0
AR1012	645	Picture	40	5796854	0	1	4267	1	0	4230	other	0
AR1012	645	Pulse	199	5797210	356	0
AR1012	646	Picture	90	5801298	0	1	7111	1	0	7000	other	0
AR1012	647	Picture	40	5808587	0	1	1245	1	0	1180	other	0
AR1012	647	Pulse	199	5809709	1122	0
AR1012	648	Picture	90	5810009	0	1	7111	1	0	7000	other	0
AR1012	649	Picture	40	5817298	0	1	1956	1	0	1900	other	0
AR1012	650	Picture	90	5819432	0	1	7111	1	0	7000	other	0
AR1012	650	Pulse	199	5822210	2778	0
AR1012	651	Picture	40	5826721	0	1	3378	1	0	3330	other	0
AR1012	652	Picture	90	5830276	0	1	7111	1	0	7000	other	0
AR1012	652	Pulse	199	5834710	4434	0
AR1012	653	Picture	40	5837565	0	1	2667	1	0	2570	other	0
AR1012	654	Picture	90	5840410	0	1	7111	1	0	7000	other	0
AR1012	654	Pulse	199	5847210	6801	0
AR1012	655	Picture	40	5847699	0	1	3378	1	0	3210	other	0
AR1012	656	Picture	90	5851254	0	1	7111	1	0	7000	other	0
AR1012	657	Picture	40	5858543	0	1	2133	1	0	2020	other	0
AR1012	657	Pulse	199	5859710	1167	0
AR1012	658	Picture	90	5860854	0	1	7111	1	0	7000	other	0
AR1012	659	Picture	40	5868143	0	1	2667	1	0	2550	other	0
AR1012	660	Picture	90	5870988	0	1	7111	1	0	7000	other	0
AR1012	660	Pulse	199	5872210	1222	0
AR1012	661	Picture	40	5878277	0	1	2844	1	0	2830	other	0
AR1012	662	Picture	90	5881299	0	1	7111	1	0	7000	other	0
AR1012	662	Pulse	199	5884710	3411	0
AR1012	663	Picture	40	5888588	0	1	1422	1	0	1270	other	0
AR1012	664	Picture	90	5890188	0	1	7111	1	0	7000	other	0
AR1012	664	Pulse	199	5897210	7022	0
AR1012	665	Picture	40	5897477	0	1	2311	1	0	2150	other	0
AR1012	666	Picture	90	5899966	0	1	7111	1	0	7000	other	0
AR1012	667	Picture	40	5907255	0	1	4800	1	0	4720	other	0
AR1012	667	Pulse	199	5909710	2455	0
AR1012	668	Picture	90	5912233	0	1	7111	1	0	7000	other	0
AR1012	669	Picture	40	5919521	0	1	2133	1	0	1990	other	0
AR1012	670	Picture	90	5921833	0	1	7111	1	0	7000	other	0
AR1012	670	Pulse	199	5922209	377	0
AR1012	671	Picture	40	5929122	0	1	1778	1	0	1630	other	0
AR1012	672	Picture	90	5931077	0	1	7111	1	0	7000	other	0
AR1012	672	Pulse	199	5934709	3632	0
AR1012	673	Picture	40	5938366	0	1	1778	1	0	1640	other	0
AR1012	674	Picture	50	5940322	0	1	70045	1	0	next	other	0
AR1012	674	Pulse	199	5947209	6888	0
AR1012	674	Pulse	199	5959710	19388	0
AR1012	674	Pulse	199	5972220	31898	0
AR1012	674	Pulse	199	5984709	44388	0
AR1012	674	Pulse	199	5997220	56898	0
AR1012	674	Pulse	199	6009720	69398	0
AR1012	675	Picture	70	6010367	0	1	7111	1	0	7000	other	0
AR1012	676	Picture	40	6017656	0	1	2845	1	0	2830	other	0
AR1012	677	Picture	70	6020678	0	1	7111	1	0	7000	other	0
AR1012	677	Pulse	199	6022220	1542	0
AR1012	678	Picture	40	6027967	0	1	2133	1	0	2070	other	0
AR1012	679	Picture	70	6030278	0	1	7111	1	0	7000	other	0
AR1012	679	Pulse	199	6034719	4441	0
AR1012	680	Picture	40	6037567	0	1	2667	1	0	2550	other	0
AR1012	681	Picture	70	6040412	0	1	7111	1	0	7000	other	0
AR1012	681	Pulse	199	6047219	6808	0
AR1012	682	Picture	40	6047700	0	1	1244	1	0	1180	other	0
AR1012	683	Picture	70	6049123	0	1	7111	1	0	7000	other	0
AR1012	684	Picture	40	6056412	0	1	2133	1	0	2020	other	0
AR1012	685	Picture	70	6058723	0	1	7111	1	0	7000	other	0
AR1012	685	Pulse	199	6059720	997	0
AR1012	686	Picture	40	6066012	0	1	1778	1	0	1630	other	0
AR1012	687	Picture	70	6067967	0	1	7111	1	0	7000	other	0
AR1012	687	Pulse	199	6072220	4253	0
AR1012	688	Picture	40	6075256	0	1	2667	1	0	2570	other	0
AR1012	689	Picture	70	6078101	0	1	7111	1	0	7000	other	0
AR1012	689	Pulse	199	6084720	6619	0
AR1012	690	Picture	40	6085390	0	1	4800	1	0	4720	other	0
AR1012	691	Picture	70	6090367	0	1	7111	1	0	7000	other	0
AR1012	691	Pulse	199	6097220	6853	0
AR1012	692	Picture	40	6097656	0	1	4267	1	0	4230	other	0
AR1012	693	Picture	70	6102101	0	1	7111	1	0	7000	other	0
AR1012	694	Picture	40	6109390	0	1	2133	1	0	1990	other	0
AR1012	694	Pulse	199	6109720	330	0
AR1012	695	Picture	70	6111701	0	1	7111	1	0	7000	other	0
AR1012	696	Picture	40	6118990	0	1	1422	1	0	1270	other	0
AR1012	697	Picture	70	6120590	0	1	7111	1	0	7000	other	0
AR1012	697	Pulse	199	6122220	1630	0
AR1012	698	Picture	40	6127879	0	1	1956	1	0	1900	other	0
AR1012	699	Picture	70	6130012	0	1	7111	1	0	7000	other	0
AR1012	699	Pulse	199	6134720	4708	0
AR1012	700	Picture	40	6137301	0	1	2311	1	0	2150	other	0
AR1012	701	Picture	70	6139790	0	1	7111	1	0	7000	other	0
AR1012	702	Picture	40	6147079	0	1	4267	1	0	4080	other	0
AR1012	702	Pulse	199	6147220	140	0
AR1012	703	Picture	70	6151524	0	1	7111	1	0	7000	other	0
AR1012	704	Picture	40	6158813	0	1	1600	1	0	1510	other	0
AR1012	704	Pulse	199	6159719	907	0
AR1012	705	Picture	75	6160590	0	1	7111	1	0	7000	hit	1124
AR1012	705	Response	25	6166480	5890	0
AR1012	706	Picture	40	6167879	0	1	3378	1	0	3330	other	0
AR1012	707	Picture	75	6171435	0	1	7111	1	0	7000	hit	1128
AR1012	707	Pulse	199	6172220	785	0
AR1012	707	Response	25	6176690	5255	0
AR1012	708	Picture	40	6178724	0	1	3378	1	0	3210	other	0
AR1012	709	Picture	70	6182279	0	1	7111	1	0	7000	other	0
AR1012	709	Pulse	199	6184720	2441	0
AR1012	710	Picture	40	6189568	0	1	1778	1	0	1640	other	0
AR1012	711	Picture	50	6191524	0	1	70045	1	0	next	other	0
AR1012	711	Pulse	199	6197220	5696	0
AR1012	711	Pulse	199	6209720	18196	0
AR1012	711	Pulse	199	6222220	30696	0
AR1012	711	Pulse	199	6234720	43196	0
AR1012	711	Pulse	199	6247219	55696	0
AR1012	711	Pulse	199	6259719	68195	0
AR1012	712	Picture	200	6261569	45	1	80179	1	0	80000	other	0
AR1012	712	Pulse	199	6272219	10695	0
AR1012	712	Pulse	199	6284720	23196	0
AR1012	712	Pulse	199	6297220	35696	0
AR1012	713	Quit		6460411	118485	NA
