Scenario - FeedLearn_Bcomplex.sce
Logfile written - 02/19/2020 10:26:13

Subject	Trial	Event Type	Code	Time	TTime	Uncertainty	Duration	Uncertainty	ReqTime	ReqDur	Stim Type	Pair Index

Anna	0	Pulse	199	0	0	NA
Anna	0	Pulse	199	10000	10000	NA
Anna	1	Pulse	199	20000	9333	NA
Anna	1	Pulse	199	30000	19333	NA
Anna	1	Pulse	199	40000	29333	NA
Anna	1	Pulse	199	50000	39333	NA
Anna	1	Pulse	199	60000	49333	NA
Anna	1	Pulse	199	70000	59333	NA
Anna	1	Pulse	199	80000	69333	NA
Anna	1	Pulse	199	90000	79333	NA
Anna	1	Pulse	199	100000	89333	NA
Anna	1	Response	16	104615	93948	0
Anna	2	Pulse	199	110000	5330	NA
Anna	2	Pulse	199	120000	15330	NA
Anna	2	Response	16	127180	22509	0
Anna	2	Pulse	199	130000	25330	NA
Anna	2	Pulse	199	140000	35330	NA
Anna	2	Pulse	199	150000	45330	NA
Anna	2	Response	32	151023	46353	0
Anna	3	Picture	fix	155279	0	1	19682	1	0	next	other	0
Anna	3	Pulse	199	160000	4721	NA
Anna	3	Pulse	199	170000	14721	NA
Anna	5	Picture	stim	174961	0	1	20349	1	0	20000	hit	26
Anna	5	Pulse	199	180000	5039	NA
Anna	5	Pulse	199	190000	15039	NA
Anna	5	Response	16	191029	16068	0
Anna	6	Picture	fix2	195310	0	1	10341	1	0	next	other	0
Anna	6	Pulse	199	200000	4690	NA
Anna	7	Picture	feedback	205652	0	1	20516	1	0	next	other	0
Anna	7	Pulse	199	210000	4348	NA
Anna	7	Pulse	199	220000	14348	NA
Anna	8	Picture	fix	226168	0	1	23351	1	0	next	other	0
Anna	8	Pulse	199	230000	3832	NA
Anna	8	Pulse	199	240000	13832	NA
Anna	10	Picture	stim	249519	0	1	20349	1	0	20000	incorrect	38
Anna	10	Pulse	199	250000	481	NA
Anna	10	Pulse	199	260000	10481	NA
Anna	10	Response	32	266081	16562	0
Anna	11	Picture	fix2	269868	0	1	18848	1	0	next	other	0
Anna	11	Pulse	199	270000	132	NA
Anna	11	Pulse	199	280000	10132	NA
Anna	12	Picture	feedback	288716	0	1	20349	1	0	next	other	0
Anna	12	Pulse	199	290000	1284	NA
Anna	12	Pulse	199	300000	11284	NA
Anna	13	Picture	fix	309065	0	1	27354	1	0	next	other	0
Anna	13	Pulse	199	310000	935	NA
Anna	13	Pulse	199	320000	10935	NA
Anna	13	Pulse	199	330000	20935	NA
Anna	15	Picture	stim	336420	0	1	20182	1	0	20000	hit	52
Anna	15	Pulse	199	340000	3580	NA
Anna	15	Pulse	199	350000	13580	NA
Anna	15	Response	16	353934	17514	0
Anna	16	Picture	fix2	356602	0	1	19348	1	0	next	other	0
Anna	16	Pulse	199	360000	3398	NA
Anna	16	Pulse	199	370000	13398	NA
Anna	17	Picture	feedback	375951	0	1	20516	1	0	next	other	0
Anna	17	Pulse	199	380000	4049	NA
Anna	17	Pulse	199	390000	14049	NA
Anna	18	Picture	fix	396466	0	1	33860	1	0	next	other	0
Anna	18	Pulse	199	400000	3534	NA
Anna	18	Pulse	199	410000	13534	NA
Anna	18	Pulse	199	420000	23534	NA
Anna	18	Pulse	199	430000	33534	NA
Anna	20	Picture	stim	430326	0	1	20349	1	0	20000	miss	0
Anna	20	Pulse	199	440000	9674	NA
Anna	20	Pulse	199	450000	19674	NA
Anna	21	Picture	fix2	450675	0	1	16012	1	0	next	other	0
Anna	21	Response	32	454589	3914	0
Anna	21	Pulse	199	460000	9325	NA
Anna	22	Picture	feedback	466688	0	1	20349	1	0	next	other	0
Anna	22	Pulse	199	470000	3312	NA
Anna	22	Pulse	199	480000	13312	NA
Anna	23	Picture	fix	487037	0	1	30690	1	0	next	other	0
Anna	23	Pulse	199	490000	2963	NA
Anna	23	Pulse	199	500000	12963	NA
Anna	23	Pulse	199	510000	22963	NA
Anna	25	Picture	stim	517727	0	1	20182	1	0	20000	hit	80
Anna	25	Pulse	199	520000	2273	NA
Anna	25	Pulse	199	530000	12273	NA
Anna	25	Response	16	531481	13754	0
Anna	26	Picture	fix2	537910	0	1	27355	1	0	next	other	0
Anna	26	Pulse	199	540000	2090	NA
Anna	26	Pulse	199	550000	12090	NA
Anna	26	Pulse	199	560000	22090	NA
Anna	27	Picture	feedback	565264	0	1	20349	1	0	next	other	0
Anna	27	Pulse	199	570000	4736	NA
Anna	27	Pulse	199	580000	14736	NA
Anna	28	Picture	fix	585613	0	1	30357	1	0	next	other	0
Anna	28	Pulse	199	590000	4387	NA
Anna	28	Pulse	199	600000	14387	NA
Anna	28	Pulse	199	610000	24387	NA
Anna	30	Picture	stim	615970	0	1	20349	1	0	20000	incorrect	95
Anna	30	Pulse	199	620000	4030	NA
Anna	30	Pulse	199	630000	14030	NA
Anna	30	Response	32	631175	15205	0
Anna	31	Picture	fix2	637153	0	1	19182	1	0	next	other	0
Anna	31	Pulse	199	640000	2847	NA
Anna	31	Pulse	199	650000	12847	NA
Anna	32	Picture	feedback	656335	0	1	20516	1	0	next	other	0
Anna	32	Pulse	199	660000	3665	NA
Anna	32	Pulse	199	670000	13665	NA
Anna	33	Picture	fix	676851	0	1	38030	1	0	next	other	0
Anna	33	Pulse	199	680000	3149	NA
Anna	33	Pulse	199	690000	13149	NA
Anna	33	Pulse	199	700000	23149	NA
Anna	33	Pulse	199	710000	33149	NA
Anna	35	Picture	stim	714880	0	1	20182	1	0	20000	miss	0
Anna	35	Pulse	199	720000	5120	NA
Anna	35	Pulse	199	730000	15120	NA
Anna	36	Picture	fix2	735063	0	1	22851	1	0	next	other	0
Anna	36	Response	16	737991	2929	0
Anna	36	Pulse	199	740000	4937	NA
Anna	36	Pulse	199	750000	14937	NA
Anna	37	Picture	feedback	757914	0	1	20349	1	0	next	other	0
Anna	37	Pulse	199	760000	2086	NA
Anna	37	Pulse	199	770000	12086	NA
Anna	38	Picture	fix	778263	0	1	39531	1	0	next	other	0
Anna	38	Pulse	199	780000	1737	NA
Anna	38	Pulse	199	790000	11737	NA
Anna	38	Pulse	199	800000	21737	NA
Anna	38	Pulse	199	810000	31737	NA
Anna	40	Picture	stim	817794	0	1	20182	1	0	20000	hit	125
Anna	40	Pulse	199	820000	2206	NA
Anna	40	Pulse	199	830000	12206	NA
Anna	40	Response	16	834806	17012	0
Anna	41	Picture	fix2	837976	0	1	14345	1	0	next	other	0
Anna	41	Pulse	199	840000	2024	NA
Anna	41	Pulse	199	850000	12024	NA
Anna	42	Picture	feedback	852320	0	1	20349	1	0	next	other	0
Anna	42	Pulse	199	860000	7680	NA
Anna	42	Pulse	199	870000	17680	NA
Anna	43	Picture	fix	872670	0	1	34527	1	0	next	other	0
Anna	43	Pulse	199	880000	7330	NA
Anna	43	Pulse	199	890000	17330	NA
Anna	43	Pulse	199	900000	27330	NA
Anna	45	Picture	stim	907196	0	1	20349	1	0	20000	incorrect	139
Anna	45	Pulse	199	910000	2804	NA
Anna	45	Pulse	199	920000	12804	NA
Anna	45	Response	32	920499	13303	0
Anna	46	Picture	fix2	927545	0	1	12510	1	0	next	other	0
Anna	46	Pulse	199	930000	2455	NA
Anna	46	Pulse	199	940000	12455	NA
Anna	47	Picture	feedback	940055	0	1	20349	1	0	next	other	0
Anna	47	Pulse	199	950000	9945	NA
Anna	47	Pulse	199	960000	19945	NA
Anna	48	Picture	fix	960404	0	1	26187	1	0	next	other	0
Anna	48	Pulse	199	970000	9596	NA
Anna	48	Pulse	199	980000	19596	NA
Anna	50	Picture	stim	986591	0	1	20349	1	0	20000	incorrect	152
Anna	50	Pulse	199	990000	3409	NA
Anna	50	Pulse	199	1000000	13409	NA
Anna	50	Response	32	1004192	17601	0
Anna	51	Picture	fix2	1006940	0	1	21683	1	0	next	other	0
Anna	51	Pulse	199	1010000	3060	NA
Anna	51	Pulse	199	1020000	13060	NA
Anna	52	Picture	feedback	1028624	0	1	20349	1	0	next	other	0
Anna	52	Pulse	199	1030000	1376	NA
Anna	52	Pulse	199	1040000	11376	NA
Anna	53	Picture	fix	1048973	0	1	27021	1	0	next	other	0
Anna	53	Pulse	199	1050000	1027	NA
Anna	53	Pulse	199	1060000	11027	NA
Anna	53	Pulse	199	1070000	21027	NA
Anna	55	Picture	stim	1075994	0	1	20349	1	0	20000	hit	166
Anna	55	Pulse	199	1080000	4006	NA
Anna	55	Pulse	199	1090000	14006	NA
Anna	55	Response	16	1091725	15731	0
Anna	56	Picture	fix2	1096343	0	1	21850	1	0	next	other	0
Anna	56	Pulse	199	1100000	3657	NA
Anna	56	Pulse	199	1110000	13657	NA
Anna	57	Picture	feedback	1118193	0	1	20349	1	0	next	other	0
Anna	57	Pulse	199	1120000	1807	NA
Anna	57	Pulse	199	1130000	11807	NA
Anna	58	Picture	fix	1138543	0	1	28856	1	0	next	other	0
Anna	58	Pulse	199	1140000	1457	NA
Anna	58	Pulse	199	1150000	11457	NA
Anna	58	Pulse	199	1160000	21457	NA
Anna	60	Picture	stim	1167398	0	1	20349	1	0	20000	hit	179
Anna	60	Pulse	199	1170000	2602	NA
Anna	60	Response	16	1177338	9940	0
Anna	60	Pulse	199	1180000	12602	NA
Anna	61	Picture	fix2	1187747	0	1	23685	1	0	next	other	0
Anna	61	Pulse	199	1190000	2253	NA
Anna	61	Pulse	199	1200000	12253	NA
Anna	61	Pulse	199	1210000	22253	NA
Anna	62	Picture	feedback	1211433	0	1	20349	1	0	next	other	0
Anna	62	Pulse	199	1220000	8567	NA
Anna	62	Pulse	199	1230000	18567	NA
Anna	63	Picture	fix	1231782	0	1	41031	2	0	next	other	0
Anna	63	Pulse	199	1240000	8218	NA
Anna	63	Pulse	199	1250000	18218	NA
Anna	63	Pulse	199	1260000	28218	NA
Anna	63	Pulse	199	1270000	38218	NA
Anna	65	Picture	stim	1272813	0	1	20350	2	0	20000	incorrect	195
Anna	65	Pulse	199	1280000	7187	NA
Anna	65	Response	32	1286315	13502	0
Anna	65	Pulse	199	1290000	17187	NA
Anna	66	Picture	fix2	1293163	0	1	15345	1	0	next	other	0
Anna	66	Pulse	199	1300000	6837	NA
Anna	67	Picture	feedback	1308508	0	1	20349	1	0	next	other	0
Anna	67	Pulse	199	1310000	1492	NA
Anna	67	Pulse	199	1320000	11492	NA
Anna	68	Picture	fix	1328857	0	1	33526	1	0	next	other	0
Anna	68	Pulse	199	1330000	1143	NA
Anna	68	Pulse	199	1340000	11143	NA
Anna	68	Pulse	199	1350000	21143	NA
Anna	68	Pulse	199	1360000	31143	NA
Anna	70	Picture	stim	1362383	0	1	20349	1	0	20000	hit	210
Anna	70	Pulse	199	1370000	7617	NA
Anna	70	Pulse	199	1380000	17617	NA
Anna	70	Response	16	1382170	19787	0
Anna	71	Picture	fix2	1382732	0	1	23685	1	0	next	other	0
Anna	71	Pulse	199	1390000	7268	NA
Anna	71	Pulse	199	1400000	17268	NA
Anna	72	Picture	feedback	1406417	0	1	20349	1	0	next	other	0
Anna	72	Pulse	199	1410000	3583	NA
Anna	72	Pulse	199	1420000	13583	NA
Anna	73	Picture	fix	1426766	0	1	25687	1	0	next	other	0
Anna	73	Pulse	199	1430000	3234	NA
Anna	73	Pulse	199	1440000	13234	NA
Anna	73	Pulse	199	1450000	23234	NA
Anna	75	Picture	stim	1452453	0	1	20349	1	0	20000	incorrect	223
Anna	75	Pulse	199	1460000	7547	NA
Anna	75	Response	32	1466183	13730	0
Anna	75	Pulse	199	1470000	17547	NA
Anna	76	Picture	fix2	1472802	0	1	17514	1	0	next	other	0
Anna	76	Pulse	199	1480000	7198	NA
Anna	76	Pulse	199	1490000	17198	NA
Anna	77	Picture	feedback	1490316	0	1	20349	1	0	next	other	0
Anna	77	Pulse	199	1500000	9684	NA
Anna	77	Pulse	199	1510000	19684	NA
Anna	78	Picture	fix	1510665	0	1	24185	1	0	next	other	0
Anna	78	Pulse	199	1520000	9335	NA
Anna	78	Pulse	199	1530000	19335	NA
Anna	80	Picture	stim	1534850	0	1	20349	1	0	20000	incorrect	237
Anna	80	Pulse	199	1540000	5150	NA
Anna	80	Pulse	199	1550000	15150	NA
Anna	80	Response	32	1550676	15825	0
Anna	81	Picture	fix2	1555199	0	1	18681	1	0	next	other	0
Anna	81	Pulse	199	1560000	4801	NA
Anna	81	Pulse	199	1570000	14801	NA
Anna	82	Picture	feedback	1573880	0	1	20349	1	0	next	other	0
Anna	82	Pulse	199	1580000	6120	NA
Anna	82	Pulse	199	1590000	16120	NA
Anna	83	Picture	fix	1594230	0	1	32358	1	0	next	other	0
Anna	83	Pulse	199	1600000	5770	NA
Anna	83	Pulse	199	1610000	15770	NA
Anna	83	Pulse	199	1620000	25770	NA
Anna	85	Picture	stim	1626588	0	1	20182	1	0	20000	incorrect	250
Anna	85	Pulse	199	1630000	3412	NA
Anna	85	Response	32	1639809	13221	0
Anna	85	Pulse	199	1640000	13412	NA
Anna	86	Picture	fix2	1646937	0	1	19515	1	0	next	other	0
Anna	86	Pulse	199	1650000	3063	NA
Anna	86	Pulse	199	1660000	13063	NA
Anna	87	Picture	feedback	1666452	0	1	20349	1	0	next	other	0
Anna	87	Pulse	199	1670000	3548	NA
Anna	87	Pulse	199	1680000	13548	NA
Anna	88	Picture	fix	1686802	0	1	32859	1	0	next	other	0
Anna	88	Pulse	199	1690000	3198	NA
Anna	88	Pulse	199	1700000	13198	NA
Anna	88	Pulse	199	1710000	23198	NA
Anna	90	Picture	stim	1719660	0	1	20349	1	0	20000	miss	0
Anna	90	Pulse	199	1720000	340	NA
Anna	90	Pulse	199	1730000	10340	NA
Anna	90	Pulse	199	1740000	20340	NA
Anna	91	Picture	fix2	1740010	0	1	20016	1	0	next	other	0
Anna	91	Response	32	1742387	2378	0
Anna	91	Pulse	199	1750000	9990	NA
Anna	91	Pulse	199	1760000	19990	NA
Anna	92	Picture	feedback	1760025	0	1	20349	1	0	next	other	0
Anna	92	Pulse	199	1770000	9975	NA
Anna	92	Pulse	199	1780000	19975	NA
Anna	93	Picture	fix	1780374	0	1	24853	1	0	next	other	0
Anna	93	Pulse	199	1790000	9626	NA
Anna	93	Pulse	199	1800000	19626	NA
Anna	95	Picture	stim	1805227	0	1	20182	1	0	20000	hit	278
Anna	95	Pulse	199	1810000	4773	NA
Anna	95	Response	16	1817519	12292	0
Anna	95	Pulse	199	1820000	14773	NA
Anna	96	Picture	fix2	1825409	0	1	13677	1	0	next	other	0
Anna	96	Pulse	199	1830000	4591	NA
Anna	97	Picture	feedback	1839086	0	1	20683	1	0	next	other	0
Anna	97	Pulse	199	1840000	914	NA
Anna	97	Pulse	199	1850000	10914	NA
Anna	98	Picture	fix	1859769	0	1	28856	1	0	next	other	0
Anna	98	Pulse	199	1860000	231	NA
Anna	98	Pulse	199	1870000	10231	NA
Anna	98	Pulse	199	1880000	20231	NA
Anna	100	Picture	stim	1888625	0	1	20182	1	0	20000	miss	0
Anna	100	Pulse	199	1890000	1375	NA
Anna	100	Pulse	199	1900000	11375	NA
Anna	101	Picture	fix2	1908807	0	1	27188	1	0	next	other	0
Anna	101	Response	32	1909050	243	0
Anna	101	Pulse	199	1910000	1193	NA
Anna	101	Pulse	199	1920000	11193	NA
Anna	101	Pulse	199	1930000	21193	NA
Anna	102	Picture	feedback	1935995	0	1	20349	1	0	next	other	0
Anna	102	Pulse	199	1940000	4005	NA
Anna	102	Pulse	199	1950000	14005	NA
Anna	103	Picture	fix	1956344	0	1	22184	1	0	next	other	0
Anna	103	Pulse	199	1960000	3656	NA
Anna	103	Pulse	199	1970000	13656	NA
Anna	105	Picture	stim	1978528	0	1	20182	1	0	20000	hit	306
Anna	105	Pulse	199	1980000	1472	NA
Anna	105	Pulse	199	1990000	11472	NA
Anna	105	Response	16	1991143	12615	0
Anna	106	Picture	fix2	1998710	0	1	20349	1	0	next	other	0
Anna	106	Pulse	199	2000000	1290	NA
Anna	106	Pulse	199	2010000	11290	NA
Anna	107	Picture	feedback	2019059	0	1	20349	1	0	next	other	0
Anna	107	Pulse	199	2020000	941	NA
Anna	107	Pulse	199	2030000	10941	NA
Anna	108	Picture	fix	2039409	0	1	25353	1	0	next	other	0
Anna	108	Pulse	199	2040000	591	NA
Anna	108	Pulse	199	2050000	10591	NA
Anna	108	Pulse	199	2060000	20591	NA
Anna	110	Picture	stim	2064762	0	1	20349	1	0	20000	incorrect	319
Anna	110	Pulse	199	2070000	5238	NA
Anna	110	Response	32	2077636	12874	0
Anna	110	Pulse	199	2080000	15238	NA
Anna	111	Picture	fix2	2085111	0	1	25687	1	0	next	other	0
Anna	111	Pulse	199	2090000	4889	NA
Anna	111	Pulse	199	2100000	14889	NA
Anna	111	Pulse	199	2110000	24889	NA
Anna	112	Picture	feedback	2110797	0	1	20349	1	0	next	other	0
Anna	112	Pulse	199	2120000	9203	NA
Anna	112	Pulse	199	2130000	19203	NA
Anna	113	Picture	fix	2131146	0	1	29022	1	0	next	other	0
Anna	113	Pulse	199	2140000	8854	NA
Anna	113	Pulse	199	2150000	18854	NA
Anna	114	Pulse	199	2160000	133	NA
Anna	115	Picture	stim	2160169	0	1	20349	1	0	20000	hit	334
Anna	115	Pulse	199	2170000	9831	NA
Anna	115	Response	16	2178853	18684	0
Anna	115	Pulse	199	2180000	19831	NA
Anna	116	Picture	fix2	2180518	0	1	25019	1	0	next	other	0
Anna	116	Pulse	199	2190000	9482	NA
Anna	116	Pulse	199	2200000	19482	NA
Anna	117	Picture	feedback	2205538	0	1	20349	1	0	next	other	0
Anna	117	Pulse	199	2210000	4462	NA
Anna	117	Pulse	199	2220000	14462	NA
Anna	118	Picture	fix	2225887	0	1	31858	1	0	next	other	0
Anna	118	Pulse	199	2230000	4113	NA
Anna	118	Pulse	199	2240000	14113	NA
Anna	118	Pulse	199	2250000	24113	NA
Anna	120	Picture	stim	2257745	0	1	20349	1	0	20000	incorrect	349
Anna	120	Pulse	199	2260000	2255	NA
Anna	120	Pulse	199	2270000	12255	NA
Anna	120	Response	32	2277026	19282	0
Anna	121	Picture	fix2	2278094	0	1	16680	1	0	next	other	0
Anna	121	Pulse	199	2280000	1906	NA
Anna	121	Pulse	199	2290000	11906	NA
Anna	122	Picture	feedback	2294774	0	1	20349	1	0	next	other	0
Anna	122	Pulse	199	2300000	5226	NA
Anna	122	Pulse	199	2310000	15226	NA
Anna	123	Picture	fix	2315123	0	1	30691	1	0	next	other	0
Anna	123	Pulse	199	2320000	4877	NA
Anna	123	Pulse	199	2330000	14877	NA
Anna	123	Pulse	199	2340000	24877	NA
Anna	125	Picture	stim	2345813	0	1	20349	1	0	20000	hit	362
Anna	125	Pulse	199	2350000	4187	NA
Anna	125	Response	16	2358079	12265	0
Anna	125	Pulse	199	2360000	14187	NA
Anna	126	Picture	fix2	2366162	0	1	16680	1	0	next	other	0
Anna	126	Pulse	199	2370000	3838	NA
Anna	126	Pulse	199	2380000	13838	NA
Anna	127	Picture	feedback	2382842	0	1	20349	1	0	next	other	0
Anna	127	Pulse	199	2390000	7158	NA
Anna	127	Pulse	199	2400000	17158	NA
Anna	128	Picture	fix	2403191	0	1	17680	1	0	next	other	0
Anna	128	Pulse	199	2410000	6809	NA
Anna	128	Pulse	199	2420000	16809	NA
Anna	130	Picture	stim	2420871	0	1	20850	1	0	20000	incorrect	375
Anna	130	Pulse	199	2430000	9129	NA
Anna	130	Response	32	2431691	10820	0
Anna	130	Pulse	199	2440000	19129	NA
Anna	131	Picture	fix2	2441721	0	1	13510	1	0	next	other	0
Anna	131	Pulse	199	2450000	8279	NA
Anna	132	Picture	feedback	2455231	0	1	20516	1	0	next	other	0
Anna	132	Pulse	199	2460000	4769	NA
Anna	132	Pulse	199	2470000	14769	NA
Anna	133	Picture	fix	2475747	0	1	30690	1	0	next	other	0
Anna	133	Pulse	199	2480000	4253	NA
Anna	133	Pulse	199	2490000	14253	NA
Anna	133	Pulse	199	2500000	24253	NA
Anna	135	Picture	stim	2506438	0	1	20349	1	0	20000	hit	389
Anna	135	Pulse	199	2510000	3562	NA
Anna	135	Pulse	199	2520000	13562	NA
Anna	135	Response	16	2523465	17027	0
Anna	136	Picture	fix2	2526787	0	1	21850	1	0	next	other	0
Anna	136	Pulse	199	2530000	3213	NA
Anna	136	Pulse	199	2540000	13213	NA
Anna	137	Picture	feedback	2548637	0	1	20683	1	0	next	other	0
Anna	137	Pulse	199	2550000	1363	NA
Anna	137	Pulse	199	2560000	11363	NA
Anna	138	Picture	fix	2569320	0	1	31858	1	0	next	other	0
Anna	138	Pulse	199	2570000	680	NA
Anna	138	Pulse	199	2580000	10680	NA
Anna	138	Pulse	199	2590000	20680	NA
Anna	138	Pulse	199	2600000	30680	NA
Anna	140	Picture	stim	2601178	0	1	20850	1	0	20000	hit	403
Anna	140	Pulse	199	2610000	8822	NA
Anna	140	Response	16	2614279	13101	0
Anna	140	Pulse	199	2620000	18822	NA
Anna	141	Picture	fix2	2622028	0	1	25853	1	0	next	other	0
Anna	141	Pulse	199	2630000	7972	NA
Anna	141	Pulse	199	2640000	17972	NA
Anna	142	Picture	feedback	2647881	0	1	20349	1	0	next	other	0
Anna	142	Pulse	199	2650000	2119	NA
Anna	142	Pulse	199	2660000	12119	NA
Anna	143	Picture	fix	2668230	0	1	35861	1	0	next	other	0
Anna	143	Pulse	199	2670000	1770	NA
Anna	143	Pulse	199	2680000	11770	NA
Anna	143	Pulse	199	2690000	21770	NA
Anna	143	Pulse	199	2700000	31770	NA
Anna	145	Picture	stim	2704091	0	1	20182	1	0	20000	miss	0
Anna	145	Pulse	199	2710000	5909	NA
Anna	145	Pulse	199	2720000	15909	NA
Anna	146	Picture	fix2	2724274	0	1	14678	1	0	next	other	0
Anna	146	Response	32	2726855	2581	0
Anna	146	Pulse	199	2730000	5726	NA
Anna	147	Picture	feedback	2738952	0	1	20683	1	0	next	other	0
Anna	147	Pulse	199	2740000	1048	NA
Anna	147	Pulse	199	2750000	11048	NA
Anna	148	Picture	fix	2759634	0	1	30190	1	0	next	other	0
Anna	148	Pulse	199	2760000	366	NA
Anna	148	Pulse	199	2770000	10366	NA
Anna	148	Pulse	199	2780000	20366	NA
Anna	150	Picture	stim	2789824	0	1	20349	1	0	20000	incorrect	432
Anna	150	Pulse	199	2790000	176	NA
Anna	150	Pulse	199	2800000	10176	NA
Anna	150	Response	32	2808390	18565	0
Anna	150	Pulse	199	2810000	20176	NA
Anna	151	Picture	fix2	2810174	0	1	19849	1	0	next	other	0
Anna	151	Pulse	199	2820000	9826	NA
Anna	151	Pulse	199	2830000	19826	NA
Anna	152	Picture	feedback	2830022	0	1	20516	1	0	next	other	0
Anna	152	Pulse	199	2840000	9978	NA
Anna	152	Pulse	199	2850000	19978	NA
Anna	153	Picture	fix	2850538	0	1	27855	1	0	next	other	0
Anna	153	Pulse	199	2860000	9462	NA
Anna	153	Pulse	199	2870000	19462	NA
Anna	155	Picture	stim	2878393	0	1	20349	1	0	20000	incorrect	446
Anna	155	Pulse	199	2880000	1607	NA
Anna	155	Pulse	199	2890000	11607	NA
Anna	155	Response	32	2892080	13687	0
Anna	156	Picture	fix2	2898742	0	1	23018	1	0	next	other	0
Anna	156	Pulse	199	2900000	1258	NA
Anna	156	Pulse	199	2910000	11258	NA
Anna	156	Pulse	199	2920000	21258	NA
Anna	157	Picture	feedback	2921760	0	1	20349	1	0	next	other	0
Anna	157	Pulse	199	2930000	8240	NA
Anna	157	Pulse	199	2940000	18240	NA
Anna	158	Picture	fix	2942109	0	1	21183	1	0	next	other	0
Anna	158	Pulse	199	2950000	7891	NA
Anna	158	Pulse	199	2960000	17891	NA
Anna	160	Picture	stim	2963292	0	1	20516	1	0	20000	hit	459
Anna	160	Pulse	199	2970000	6708	NA
Anna	160	Response	16	2978653	15361	0
Anna	160	Pulse	199	2980000	16708	NA
Anna	161	Picture	fix2	2983808	0	1	18348	1	0	next	other	0
Anna	161	Pulse	199	2990000	6192	NA
Anna	161	Pulse	199	3000000	16192	NA
Anna	162	Picture	feedback	3002156	0	1	20349	1	0	next	other	0
Anna	162	Pulse	199	3010000	7844	NA
Anna	162	Pulse	199	3020000	17844	NA
Anna	163	Picture	fix	3022505	0	1	23018	1	0	next	other	0
Anna	163	Pulse	199	3030000	7495	NA
Anna	163	Pulse	199	3040000	17495	NA
Anna	165	Picture	stim	3045523	0	1	20349	1	0	20000	hit	472
Anna	165	Pulse	199	3050000	4477	NA
Anna	165	Response	16	3058505	12983	0
Anna	165	Pulse	199	3060000	14477	NA
Anna	166	Picture	fix2	3065872	0	1	16179	1	0	next	other	0
Anna	166	Pulse	199	3070000	4128	NA
Anna	166	Pulse	199	3080000	14128	NA
Anna	167	Picture	feedback	3082051	0	1	20349	1	0	next	other	0
Anna	167	Pulse	199	3090000	7949	NA
Anna	167	Pulse	199	3100000	17949	NA
Anna	168	Picture	fix	3102400	0	1	33026	1	0	next	other	0
Anna	168	Pulse	199	3110000	7600	NA
Anna	168	Pulse	199	3120000	17600	NA
Anna	168	Pulse	199	3130000	27600	NA
Anna	170	Picture	stim	3135426	0	1	20349	1	0	20000	incorrect	486
Anna	170	Pulse	199	3140000	4574	NA
Anna	170	Response	32	3149400	13974	0
Anna	170	Pulse	199	3150000	14574	NA
Anna	171	Picture	fix2	3155775	0	1	11509	1	0	next	other	0
Anna	171	Pulse	199	3160000	4225	NA
Anna	172	Picture	feedback	3167284	0	1	20516	1	0	next	other	0
Anna	172	Pulse	199	3170000	2716	NA
Anna	172	Pulse	199	3180000	12716	NA
Anna	173	Picture	fix	3187800	0	1	30690	1	0	next	other	0
Anna	173	Pulse	199	3190000	2200	NA
Anna	173	Pulse	199	3200000	12200	NA
Anna	173	Pulse	199	3210000	22200	NA
Anna	175	Picture	stim	3218491	0	1	20182	1	0	20000	miss	0
Anna	175	Pulse	199	3220000	1510	NA
Anna	175	Pulse	199	3230000	11510	NA
Anna	176	Picture	fix2	3238673	0	1	25353	1	0	next	other	0
Anna	176	Pulse	199	3240000	1327	NA
Anna	176	Response	32	3240374	1701	0
Anna	176	Pulse	199	3250000	11327	NA
Anna	176	Pulse	199	3260000	21327	NA
Anna	177	Picture	feedback	3264026	0	1	20349	1	0	next	other	0
Anna	177	Pulse	199	3270000	5974	NA
Anna	177	Pulse	199	3280000	15974	NA
Anna	178	Picture	fix	3284375	0	1	23185	1	0	next	other	0
Anna	178	Pulse	199	3290000	5625	NA
Anna	178	Pulse	199	3300000	15625	NA
Anna	180	Picture	stim	3307560	0	1	20182	1	0	20000	incorrect	513
Anna	180	Pulse	199	3310000	2440	NA
Anna	180	Response	32	3318706	11147	0
Anna	180	Pulse	199	3320000	12440	NA
Anna	181	Picture	fix2	3327909	0	1	23018	1	0	next	other	0
Anna	181	Pulse	199	3330000	2091	NA
Anna	181	Pulse	199	3340000	12091	NA
Anna	181	Pulse	199	3350000	22091	NA
Anna	182	Picture	feedback	3350927	0	1	20349	1	0	next	other	0
Anna	182	Pulse	199	3360000	9073	NA
Anna	182	Pulse	199	3370000	19073	NA
Anna	183	Picture	fix	3371276	0	1	27188	1	0	next	other	0
Anna	183	Pulse	199	3380000	8724	NA
Anna	183	Pulse	199	3390000	18724	NA
Anna	185	Picture	stim	3398464	0	1	20349	1	0	20000	incorrect	528
Anna	185	Pulse	199	3400000	1536	NA
Anna	185	Pulse	199	3410000	11536	NA
Anna	185	Response	32	3412720	14256	0
Anna	186	Picture	fix2	3418813	0	1	20016	1	0	next	other	0
Anna	186	Pulse	199	3420000	1187	NA
Anna	186	Pulse	199	3430000	11187	NA
Anna	187	Picture	feedback	3438828	0	1	20516	1	0	next	other	0
Anna	187	Pulse	199	3440000	1172	NA
Anna	187	Pulse	199	3450000	11172	NA
Anna	188	Picture	fix	3459344	0	1	22851	1	0	next	other	0
Anna	188	Pulse	199	3460000	656	NA
Anna	188	Pulse	199	3470000	10656	NA
Anna	188	Pulse	199	3480000	20656	NA
Anna	190	Picture	stim	3482195	0	1	20182	1	0	20000	incorrect	541
Anna	190	Pulse	199	3490000	7805	NA
Anna	190	Response	32	3493212	11017	0
Anna	190	Pulse	199	3500000	17805	NA
Anna	191	Picture	fix2	3502711	0	1	20849	1	0	next	other	0
Anna	191	Pulse	199	3510000	7289	NA
Anna	191	Pulse	199	3520000	17289	NA
Anna	192	Picture	feedback	3523561	0	1	20349	1	0	next	other	0
Anna	192	Pulse	199	3530000	6439	NA
Anna	192	Pulse	199	3540000	16439	NA
Anna	193	Picture	fix	3543910	0	1	31024	1	0	next	other	0
Anna	193	Pulse	199	3550000	6090	NA
Anna	193	Pulse	199	3560000	16090	NA
Anna	193	Pulse	199	3570000	26090	NA
Anna	195	Picture	stim	3574934	0	1	20349	1	0	20000	hit	556
Anna	195	Pulse	199	3580000	5066	NA
Anna	195	Pulse	199	3590000	15066	NA
Anna	195	Response	16	3593548	18614	0
Anna	196	Picture	fix2	3595283	0	1	16012	1	0	next	other	0
Anna	196	Pulse	199	3600000	4717	NA
Anna	196	Pulse	199	3610000	14717	NA
Anna	197	Picture	feedback	3611295	0	1	20349	1	0	next	other	0
Anna	197	Pulse	199	3620000	8705	NA
Anna	197	Pulse	199	3630000	18705	NA
Anna	198	Picture	fix	3631644	0	1	28856	1	0	next	other	0
Anna	198	Pulse	199	3640000	8356	NA
Anna	198	Pulse	199	3650000	18356	NA
Anna	198	Pulse	199	3660000	28356	NA
Anna	200	Picture	stim	3660500	0	1	20349	1	0	20000	incorrect	569
Anna	200	Pulse	199	3670000	9500	NA
Anna	200	Response	32	3676760	16260	0
Anna	200	Pulse	199	3680000	19500	NA
Anna	201	Picture	fix2	3680849	0	1	23185	1	0	next	other	0
Anna	201	Pulse	199	3690000	9151	NA
Anna	201	Pulse	199	3700000	19151	NA
Anna	202	Picture	feedback	3704034	0	1	20182	1	0	next	other	0
Anna	202	Pulse	199	3710000	5966	NA
Anna	202	Pulse	199	3720000	15966	NA
Anna	203	Picture	100	3724216	0	1	80229	1	0	80000	other	0
Anna	203	Pulse	199	3730000	5784	NA
Anna	203	Pulse	199	3740000	15784	NA
Anna	203	Pulse	199	3750000	25784	NA
Anna	203	Pulse	199	3760000	35784	NA
Anna	203	Pulse	199	3770000	45784	NA
Anna	203	Pulse	199	3780000	55784	NA
Anna	203	Pulse	199	3790000	65784	NA
Anna	203	Pulse	199	3800000	75784	NA
