Scenario - FBL2_A.sce
Logfile written - 03/19/2021 14:42:34

Subject	Trial	Event Type	Code	Time	TTime	Uncertainty	Duration	Uncertainty	ReqTime	ReqDur	Stim Type	Pair Index

G003	1	Response	16	30976	20810	0
G003	2	Picture	start	30979	0	243	770353	243	0	next	other	0
G003	3	Response	16	122398	41406	0
G003	3	Pulse	199	801207	720215	0
G003	3	Pulse	199	811207	730215	0
G003	3	Pulse	199	821207	740215	0
G003	3	Pulse	199	831206	750214	0
G003	3	Pulse	199	841207	760215	0
G003	3	Pulse	199	851207	770215	0
G003	4	Picture	fix	851568	0	1	29014	1	0	next	other	0
G003	4	Pulse	199	861206	9638	0
G003	4	Pulse	199	871207	19639	0
G003	6	Picture	stim	880582	0	1	25035	1	0	25000	hit	16
G003	6	Pulse	199	881207	625	0
G003	6	Pulse	199	891207	10625	0
G003	6	Response	16	893467	12885	0
G003	6	Pulse	199	901206	20624	0
G003	7	Picture	fix2	905617	0	1	29014	1	0	next	other	0
G003	7	Pulse	199	911207	5590	0
G003	7	Pulse	199	921207	15590	0
G003	7	Pulse	199	931206	25590	0
G003	8	Picture	feedback	934631	0	1	20195	199	0	next	other	0
G003	8	Pulse	199	941207	6576	0
G003	8	Pulse	199	951207	16576	0
G003	9	Picture	fix	954826	0	198	28383	199	0	next	other	0
G003	9	Pulse	199	961207	6382	0
G003	9	Pulse	199	971206	16381	0
G003	9	Pulse	199	981207	26381	0
G003	11	Picture	stim	983208	0	1	25035	1	0	25000	hit	31
G003	11	Pulse	199	991207	7999	0
G003	11	Response	16	996457	13249	0
G003	11	Pulse	199	1001206	17998	0
G003	12	Picture	fix2	1008243	0	1	24206	1	0	next	other	0
G003	12	Pulse	199	1011207	2964	0
G003	12	Pulse	199	1021207	12964	0
G003	12	Pulse	199	1031207	22964	0
G003	13	Picture	feedback	1032449	0	1	20061	1	0	next	other	0
G003	13	Pulse	199	1041207	8758	0
G003	13	Pulse	199	1051207	18758	0
G003	14	Picture	fix	1052510	0	1	20061	1	0	next	other	0
G003	14	Pulse	199	1061207	8697	0
G003	14	Pulse	199	1071206	18696	0
G003	16	Picture	stim	1072571	0	1	25035	1	0	25000	incorrect	45
G003	16	Pulse	199	1081207	8636	0
G003	16	Response	32	1090247	17676	0
G003	16	Pulse	199	1091207	18636	0
G003	17	Picture	fix2	1097772	0	1	24372	1	0	next	other	0
G003	17	Pulse	199	1101207	3435	0
G003	17	Pulse	199	1111207	13435	0
G003	17	Pulse	199	1121207	23436	0
G003	18	Picture	feedback	1122143	0	1	20227	1	0	next	other	0
G003	18	Pulse	199	1131207	9064	0
G003	18	Pulse	199	1141206	19063	0
G003	19	Picture	fix	1142370	0	1	21387	1	0	next	other	0
G003	19	Pulse	199	1151207	8837	0
G003	19	Pulse	199	1161207	18837	0
G003	21	Picture	stim	1163757	0	1	25035	1	0	25000	hit	59
G003	21	Pulse	199	1171207	7449	0
G003	21	Response	16	1179157	15400	0
G003	21	Pulse	199	1181207	17450	0
G003	22	Picture	fix2	1188792	0	1	12932	1	0	next	other	0
G003	22	Pulse	199	1191207	2415	0
G003	22	Pulse	199	1201207	12414	0
G003	23	Picture	feedback	1201724	0	1	20061	1	0	next	other	0
G003	23	Pulse	199	1211207	9482	0
G003	23	Pulse	199	1221207	19483	0
G003	24	Picture	fix	1221785	0	1	22382	1	0	next	other	0
G003	24	Pulse	199	1231207	9422	0
G003	24	Pulse	199	1241207	19422	0
G003	26	Picture	stim	1244167	0	1	25035	1	0	25000	hit	72
G003	26	Pulse	199	1251207	7040	0
G003	26	Response	16	1260907	16740	0
G003	26	Pulse	199	1261207	17040	0
G003	27	Picture	fix2	1269368	0	1	16082	1	0	next	other	0
G003	27	Pulse	199	1271207	1839	0
G003	27	Pulse	199	1281206	11838	0
G003	28	Picture	feedback	1285450	0	1	20061	1	0	next	other	0
G003	28	Pulse	199	1291207	5757	0
G003	28	Pulse	199	1301207	15757	0
G003	29	Picture	fix	1305511	0	1	24537	1	0	next	other	0
G003	29	Pulse	199	1311207	5696	0
G003	29	Pulse	199	1321207	15696	0
G003	31	Picture	stim	1330048	0	1	25035	1	0	25000	incorrect	86
G003	31	Pulse	199	1331207	1158	0
G003	31	Pulse	199	1341207	11159	0
G003	31	Response	32	1344717	14669	0
G003	31	Pulse	199	1351206	21158	0
G003	32	Picture	fix2	1355083	0	1	17906	1	0	next	other	0
G003	32	Pulse	199	1361207	6124	0
G003	32	Pulse	199	1371207	16124	0
G003	33	Picture	feedback	1372989	0	1	20227	1	0	next	other	0
G003	33	Pulse	199	1381206	8217	0
G003	33	Pulse	199	1391207	18218	0
G003	34	Picture	fix	1393216	0	1	37469	1	0	next	other	0
G003	34	Pulse	199	1401207	7991	0
G003	34	Pulse	199	1411207	17991	0
G003	34	Pulse	199	1421207	27991	0
G003	36	Picture	stim	1430685	0	1	25035	1	0	25000	hit	101
G003	36	Pulse	199	1431207	522	0
G003	36	Pulse	199	1441207	10522	0
G003	36	Response	16	1446557	15872	0
G003	36	Pulse	199	1451207	20521	0
G003	37	Picture	fix2	1455720	0	1	21719	1	0	next	other	0
G003	37	Pulse	199	1461207	5487	0
G003	37	Pulse	199	1471207	15487	0
G003	38	Picture	feedback	1477439	0	1	20061	1	0	next	other	0
G003	38	Pulse	199	1481207	3768	0
G003	38	Pulse	199	1491208	13769	0
G003	39	Picture	fix	1497500	0	1	28848	1	0	next	other	0
G003	39	Pulse	199	1501208	3708	0
G003	39	Pulse	199	1511207	13707	0
G003	39	Pulse	199	1521207	23707	0
G003	41	Picture	stim	1526348	0	1	25035	1	0	25000	incorrect	115
G003	41	Pulse	199	1531207	4859	0
G003	41	Response	32	1538487	12139	0
G003	41	Pulse	199	1541207	14859	0
G003	41	Pulse	199	1551207	24859	0
G003	42	Picture	fix2	1551383	0	1	26361	1	0	next	other	0
G003	42	Pulse	199	1561207	9825	0
G003	42	Pulse	199	1571207	19824	0
G003	43	Picture	feedback	1577744	0	1	20061	1	0	next	other	0
G003	43	Pulse	199	1581208	3464	0
G003	43	Pulse	199	1591207	13463	0
G003	44	Picture	fix	1597805	0	1	22879	1	0	next	other	0
G003	44	Pulse	199	1601207	3402	0
G003	44	Pulse	199	1611207	13402	0
G003	46	Picture	stim	1620684	0	1	25035	1	0	25000	hit	130
G003	46	Pulse	199	1621207	522	0
G003	46	Pulse	199	1631207	10523	0
G003	46	Response	16	1638497	17813	0
G003	46	Pulse	199	1641207	20523	0
G003	47	Picture	fix2	1645885	0	1	25864	1	0	next	other	0
G003	47	Pulse	199	1651207	5322	0
G003	47	Pulse	199	1661207	15321	0
G003	47	Pulse	199	1671207	25322	0
G003	48	Picture	feedback	1671749	0	1	20061	1	0	next	other	0
G003	48	Pulse	199	1681207	9459	0
G003	48	Pulse	199	1691207	19458	0
G003	49	Picture	fix	1691810	0	1	17740	1	0	next	other	0
G003	49	Pulse	199	1701208	9398	0
G003	51	Picture	stim	1709550	0	1	25035	1	0	25000	incorrect	144
G003	51	Pulse	199	1711208	1658	0
G003	51	Pulse	199	1721207	11657	0
G003	51	Response	32	1724357	14807	0
G003	51	Pulse	199	1731207	21657	0
G003	52	Picture	fix2	1734585	0	1	13927	1	0	next	other	0
G003	52	Pulse	199	1741207	6623	0
G003	53	Picture	feedback	1748511	0	1	20061	1	0	next	other	0
G003	53	Pulse	199	1751207	2696	0
G003	53	Pulse	199	1761207	12695	0
G003	54	Picture	fix	1768572	0	1	23377	1	0	next	other	0
G003	54	Pulse	199	1771208	2635	0
G003	54	Pulse	199	1781207	12635	0
G003	54	Pulse	199	1791207	22635	0
G003	56	Picture	stim	1791949	0	1	25035	1	0	25000	hit	157
G003	56	Pulse	199	1801207	9258	0
G003	56	Response	16	1805767	13818	0
G003	56	Pulse	199	1811207	19258	0
G003	57	Picture	fix2	1816984	0	1	21387	1	0	next	other	0
G003	57	Pulse	199	1821208	4223	0
G003	57	Pulse	199	1831207	14223	0
G003	58	Picture	feedback	1838372	0	1	20061	1	0	next	other	0
G003	58	Pulse	199	1841208	2836	0
G003	58	Pulse	199	1851207	12836	0
G003	59	Picture	fix	1858433	0	1	32164	1	0	next	other	0
G003	59	Pulse	199	1861207	2775	0
G003	59	Pulse	199	1871207	12775	0
G003	59	Pulse	199	1881207	22775	0
G003	61	Picture	stim	1890597	0	1	25035	1	0	25000	incorrect	172
G003	61	Pulse	199	1891208	611	0
G003	61	Pulse	199	1901207	10610	0
G003	61	Response	32	1903677	13081	0
G003	61	Pulse	199	1911208	20611	0
G003	62	Picture	fix2	1915631	0	1	26195	1	0	next	other	0
G003	62	Pulse	199	1921208	5576	0
G003	62	Pulse	199	1931207	15576	0
G003	62	Pulse	199	1941218	25586	0
G003	63	Picture	feedback	1941827	0	1	20061	1	0	next	other	0
G003	63	Pulse	199	1951218	9391	0
G003	63	Pulse	199	1961217	19391	0
G003	64	Picture	fix	1961888	0	1	27356	1	0	next	other	0
G003	64	Pulse	199	1971217	9330	0
G003	64	Pulse	199	1981217	19330	0
G003	66	Picture	stim	1989244	0	1	25035	1	0	25000	hit	187
G003	66	Pulse	199	1991218	1974	0
G003	66	Pulse	199	2001217	11973	0
G003	66	Response	16	2004048	14804	0
G003	66	Pulse	199	2011217	21974	0
G003	67	Picture	fix2	2014279	0	1	21387	1	0	next	other	0
G003	67	Pulse	199	2021217	6939	0
G003	67	Pulse	199	2031217	16939	0
G003	68	Picture	feedback	2035666	0	1	20061	1	0	next	other	0
G003	68	Pulse	199	2041217	5551	0
G003	68	Pulse	199	2051217	15552	0
G003	69	Picture	fix	2055727	0	1	21885	1	0	next	other	0
G003	69	Pulse	199	2061218	5491	0
G003	69	Pulse	199	2071217	15490	0
G003	71	Picture	stim	2077612	0	1	25035	1	0	25000	hit	200
G003	71	Pulse	199	2081217	3606	0
G003	71	Response	16	2090117	12506	0
G003	71	Pulse	199	2091217	13606	0
G003	71	Pulse	199	2101217	23606	0
G003	72	Picture	fix2	2102647	0	1	22051	1	0	next	other	0
G003	72	Pulse	199	2111217	8571	0
G003	72	Pulse	199	2121217	18571	0
G003	73	Picture	feedback	2124697	0	1	20061	1	0	next	other	0
G003	73	Pulse	199	2131218	6521	0
G003	73	Pulse	199	2141217	16520	0
G003	74	Picture	fix	2144758	0	1	26859	1	0	next	other	0
G003	74	Pulse	199	2151218	6460	0
G003	74	Pulse	199	2161218	16460	0
G003	74	Pulse	199	2171217	26459	0
G003	76	Picture	stim	2171617	0	1	25035	1	0	25000	hit	215
G003	76	Pulse	199	2181217	9601	0
G003	76	Response	16	2182837	11220	0
G003	76	Pulse	199	2191217	19601	0
G003	77	Picture	fix2	2196652	0	1	22548	1	0	next	other	0
G003	77	Pulse	199	2201218	4566	0
G003	77	Pulse	199	2211217	14566	0
G003	78	Picture	feedback	2219200	0	1	20061	1	0	next	other	0
G003	78	Pulse	199	2221218	2018	0
G003	78	Pulse	199	2231218	12018	0
G003	79	Picture	fix	2239260	0	1	19066	1	0	next	other	0
G003	79	Pulse	199	2241217	1957	0
G003	79	Pulse	199	2251218	11957	0
G003	81	Picture	stim	2258327	0	1	25035	1	0	25000	incorrect	228
G003	81	Pulse	199	2261218	2891	0
G003	81	Response	32	2271038	12711	0
G003	81	Pulse	199	2271218	12891	0
G003	81	Pulse	199	2281217	22891	0
G003	82	Picture	fix2	2283362	0	1	14590	1	0	next	other	0
G003	82	Pulse	199	2291218	7856	0
G003	83	Picture	feedback	2297951	0	1	20061	1	0	next	other	0
G003	83	Pulse	199	2301218	3266	0
G003	83	Pulse	199	2311217	13266	0
G003	84	Picture	fix	2318012	0	1	28517	1	0	next	other	0
G003	84	Pulse	199	2321217	3205	0
G003	84	Pulse	199	2331218	13205	0
G003	84	Pulse	199	2341217	23205	0
G003	86	Picture	stim	2346529	0	1	25035	1	0	25000	incorrect	242
G003	86	Pulse	199	2351217	4688	0
G003	86	Response	32	2359328	12799	0
G003	86	Pulse	199	2361218	14689	0
G003	86	Pulse	199	2371218	24689	0
G003	87	Picture	fix2	2371564	0	1	16414	1	0	next	other	0
G003	87	Pulse	199	2381218	9654	0
G003	88	Picture	feedback	2387977	0	1	20061	1	0	next	other	0
G003	88	Pulse	199	2391218	3240	0
G003	88	Pulse	199	2401217	13240	0
G003	89	Picture	fix	2408038	0	1	29677	1	0	next	other	0
G003	89	Pulse	199	2411218	3179	0
G003	89	Pulse	199	2421217	13179	0
G003	89	Pulse	199	2431218	23179	0
G003	91	Picture	stim	2437715	0	1	25035	1	0	25000	incorrect	256
G003	91	Pulse	199	2441218	3503	0
G003	91	Response	32	2448428	10712	0
G003	91	Pulse	199	2451217	13502	0
G003	91	Pulse	199	2461218	23502	0
G003	92	Picture	fix2	2462750	0	1	21553	1	0	next	other	0
G003	92	Pulse	199	2471218	8468	0
G003	92	Pulse	199	2481218	18468	0
G003	93	Picture	feedback	2484303	0	1	20061	1	0	next	other	0
G003	93	Pulse	199	2491217	6914	0
G003	93	Pulse	199	2501218	16914	0
G003	94	Picture	fix	2504365	0	1	22051	1	0	next	other	0
G003	94	Pulse	199	2511218	6854	0
G003	94	Pulse	199	2521217	16853	0
G003	96	Picture	stim	2526415	0	1	25035	1	0	25000	hit	270
G003	96	Pulse	199	2531218	4803	0
G003	96	Response	16	2537978	11562	0
G003	96	Pulse	199	2541218	14803	0
G003	96	Pulse	199	2551217	24802	0
G003	97	Picture	fix2	2551450	0	1	23377	1	0	next	other	0
G003	97	Pulse	199	2561218	9768	0
G003	97	Pulse	199	2571218	19768	0
G003	98	Picture	feedback	2574827	0	1	20061	1	0	next	other	0
G003	98	Pulse	199	2581218	6391	0
G003	98	Pulse	199	2591217	16390	0
G003	99	Picture	fix	2594888	0	1	20393	1	0	next	other	0
G003	99	Pulse	199	2601218	6330	0
G003	99	Pulse	199	2611218	16330	0
G003	101	Picture	stim	2615280	0	1	25035	1	0	25000	hit	285
G003	101	Pulse	199	2621217	5937	0
G003	101	Pulse	199	2631218	15937	0
G003	101	Response	16	2632707	17427	0
G003	102	Picture	fix2	2640315	0	1	29345	1	0	next	other	0
G003	102	Pulse	199	2641218	903	0
G003	102	Pulse	199	2651218	10903	0
G003	102	Pulse	199	2661217	20902	0
G003	103	Picture	feedback	2669661	0	1	20061	1	0	next	other	0
G003	103	Pulse	199	2671218	1558	0
G003	103	Pulse	199	2681218	11557	0
G003	104	Picture	fix	2689722	0	1	30009	1	0	next	other	0
G003	104	Pulse	199	2691218	1496	0
G003	104	Pulse	199	2701218	11496	0
G003	104	Pulse	199	2711218	21496	0
G003	106	Picture	stim	2719730	0	1	25035	1	0	25000	incorrect	300
G003	106	Pulse	199	2721218	1487	0
G003	106	Pulse	199	2731218	11487	0
G003	106	Response	32	2736268	16538	0
G003	106	Pulse	199	2741218	21487	0
G003	107	Picture	fix2	2744765	0	1	23543	1	0	next	other	0
G003	107	Pulse	199	2751218	6453	0
G003	107	Pulse	199	2761217	16452	0
G003	108	Picture	feedback	2768308	0	1	20061	1	0	next	other	0
G003	108	Pulse	199	2771218	2910	0
G003	108	Pulse	199	2781218	12910	0
G003	109	Picture	fix	2788369	0	1	33988	1	0	next	other	0
G003	109	Pulse	199	2791218	2849	0
G003	109	Pulse	199	2801217	12849	0
G003	109	Pulse	199	2811218	22849	0
G003	109	Pulse	199	2821218	32849	0
G003	111	Picture	stim	2822357	0	1	25035	1	0	25000	incorrect	315
G003	111	Pulse	199	2831217	8861	0
G003	111	Response	32	2831927	9571	0
G003	111	Pulse	199	2841218	18862	0
G003	112	Picture	fix2	2847557	0	1	11606	1	0	next	other	0
G003	112	Pulse	199	2851218	3661	0
G003	113	Picture	feedback	2859163	0	1	20061	1	0	next	other	0
G003	113	Pulse	199	2861218	2055	0
G003	113	Pulse	199	2871218	12055	0
G003	114	Picture	fix	2879224	0	1	26859	1	0	next	other	0
G003	114	Pulse	199	2881218	1994	0
G003	114	Pulse	199	2891218	11994	0
G003	114	Pulse	199	2901218	21994	0
G003	116	Picture	stim	2906082	0	1	25035	1	0	25000	hit	329
G003	116	Pulse	199	2911218	5136	0
G003	116	Pulse	199	2921218	15136	0
G003	116	Response	16	2922038	15956	0
G003	116	Pulse	199	2931218	25136	0
G003	117	Picture	fix2	2931283	0	1	20393	1	0	next	other	0
G003	117	Pulse	199	2941218	9935	0
G003	117	Pulse	199	2951218	19935	0
G003	118	Picture	feedback	2951676	0	1	20227	1	0	next	other	0
G003	118	Pulse	199	2961218	9543	0
G003	118	Pulse	199	2971217	19542	0
G003	119	Picture	fix	2971902	0	1	31169	1	0	next	other	0
G003	119	Pulse	199	2981219	9316	0
G003	119	Pulse	199	2991218	19315	0
G003	119	Pulse	199	3001218	29315	0
G003	121	Picture	stim	3003072	0	1	25034	1	0	25000	hit	343
G003	121	Pulse	199	3011218	8147	0
G003	121	Response	16	3015398	12326	0
G003	121	Pulse	199	3021218	18146	0
G003	122	Picture	fix2	3028106	0	1	21885	1	0	next	other	0
G003	122	Pulse	199	3031218	3112	0
G003	122	Pulse	199	3041218	13112	0
G003	123	Picture	feedback	3049991	0	1	20061	1	0	next	other	0
G003	123	Pulse	199	3051218	1227	0
G003	123	Pulse	199	3061218	11227	0
G003	124	Picture	fix	3070052	0	1	20227	1	0	next	other	0
G003	124	Pulse	199	3071218	1166	0
G003	124	Pulse	199	3081218	11166	0
G003	126	Picture	stim	3090279	0	1	25035	1	0	25000	incorrect	357
G003	126	Pulse	199	3091218	939	0
G003	126	Pulse	199	3101218	10939	0
G003	126	Response	32	3104998	14719	0
G003	126	Pulse	199	3111217	20938	0
G003	127	Picture	fix2	3115314	0	1	9119	1	0	next	other	0
G003	127	Pulse	199	3121218	5904	0
G003	128	Picture	feedback	3124433	0	1	20061	1	0	next	other	0
G003	128	Pulse	199	3131218	6786	0
G003	128	Pulse	199	3141217	16785	0
G003	129	Picture	fix	3144494	0	1	23543	1	0	next	other	0
G003	129	Pulse	199	3151218	6725	0
G003	129	Pulse	199	3161218	16724	0
G003	131	Picture	stim	3168036	0	1	25035	1	0	25000	incorrect	369
G003	131	Pulse	199	3171219	3182	0
G003	131	Response	32	3180318	12281	0
G003	131	Pulse	199	3181218	13181	0
G003	131	Pulse	199	3191218	23182	0
G003	132	Picture	fix2	3193071	0	1	18072	1	0	next	other	0
G003	132	Pulse	199	3201219	8148	0
G003	133	Picture	feedback	3211143	0	1	20061	1	0	next	other	0
G003	133	Pulse	199	3211218	75	0
G003	133	Pulse	199	3221218	10076	0
G003	134	Picture	fix	3231204	0	1	33324	1	0	next	other	0
G003	134	Pulse	199	3231219	15	0
G003	134	Pulse	199	3241218	10015	0
G003	134	Pulse	199	3251218	20014	0
G003	134	Pulse	199	3261219	30015	0
G003	136	Picture	stim	3264528	0	1	25035	1	0	25000	incorrect	385
G003	136	Pulse	199	3271218	6690	0
G003	136	Pulse	199	3281218	16689	0
G003	136	Response	32	3282318	17790	0
G003	137	Picture	fix2	3289563	0	1	20061	1	0	next	other	0
G003	137	Pulse	199	3291218	1656	0
G003	137	Pulse	199	3301218	11655	0
G003	138	Picture	feedback	3309624	0	1	20061	1	0	next	other	0
G003	138	Pulse	199	3311218	1594	0
G003	138	Pulse	199	3321218	11594	0
G003	139	Picture	fix	3329685	0	1	16248	1	0	next	other	0
G003	139	Pulse	199	3331218	1533	0
G003	139	Pulse	199	3341218	11533	0
G003	141	Picture	stim	3345933	0	1	25035	1	0	25000	hit	397
G003	141	Pulse	199	3351218	5285	0
G003	141	Response	16	3359598	13666	0
G003	141	Pulse	199	3361218	15286	0
G003	142	Picture	fix2	3371133	0	1	11108	1	0	next	other	0
G003	142	Pulse	199	3371218	85	0
G003	142	Pulse	199	3381218	10085	0
G003	143	Picture	feedback	3382242	0	1	20061	1	0	next	other	0
G003	143	Pulse	199	3391219	8977	0
G003	143	Pulse	199	3401218	18977	0
G003	144	Picture	fix	3402303	0	1	35977	1	0	next	other	0
G003	144	Pulse	199	3411219	8916	0
G003	144	Pulse	199	3421218	18916	0
G003	144	Pulse	199	3431218	28916	0
G003	146	Picture	stim	3438280	0	1	25035	1	0	25000	incorrect	412
G003	146	Pulse	199	3441219	2939	0
G003	146	Pulse	199	3451218	12938	0
G003	146	Response	32	3451538	13258	0
G003	146	Pulse	199	3461219	22939	0
G003	147	Picture	fix2	3463315	0	1	17243	1	0	next	other	0
G003	147	Pulse	199	3471219	7904	0
G003	148	Picture	feedback	3480557	0	1	20061	1	0	next	other	0
G003	148	Pulse	199	3481218	661	0
G003	148	Pulse	199	3491218	10661	0
G003	149	Picture	fix	3500618	0	1	18569	1	0	next	other	0
G003	149	Pulse	199	3501219	600	0
G003	149	Pulse	199	3511218	10600	0
G003	151	Picture	stim	3519187	0	1	25035	1	0	25000	incorrect	425
G003	151	Pulse	199	3521218	2031	0
G003	151	Pulse	199	3531219	12032	0
G003	151	Response	32	3537028	17841	0
G003	151	Pulse	199	3541218	22031	0
G003	152	Picture	fix2	3544222	0	1	21387	1	0	next	other	0
G003	152	Pulse	199	3551228	7006	0
G003	152	Pulse	199	3561228	17006	0
G003	153	Picture	feedback	3565609	0	1	20061	1	0	next	other	0
G003	153	Pulse	199	3571219	5609	0
G003	153	Pulse	199	3581228	15619	0
G003	154	Picture	fix	3585670	0	1	24703	1	0	next	other	0
G003	154	Pulse	199	3591228	5558	0
G003	154	Pulse	199	3601229	15558	0
G003	156	Picture	stim	3610374	0	1	25035	1	0	25000	hit	439
G003	156	Pulse	199	3611229	855	0
G003	156	Pulse	199	3621228	10855	0
G003	156	Response	16	3625598	15225	0
G003	156	Pulse	199	3631228	20855	0
G003	157	Picture	fix2	3635408	0	1	15916	1	0	next	other	0
G003	157	Pulse	199	3641229	5820	0
G003	157	Pulse	199	3651228	15820	0
G003	158	Picture	feedback	3651325	0	1	20061	1	0	next	other	0
G003	158	Pulse	199	3661228	9903	0
G003	158	Pulse	199	3671228	19904	0
G003	159	Picture	fix	3671386	0	1	26030	1	0	next	other	0
G003	159	Pulse	199	3681229	9843	0
G003	159	Pulse	199	3691228	19842	0
G003	161	Picture	stim	3697415	0	1	25035	1	0	25000	hit	452
G003	161	Pulse	199	3701228	3813	0
G003	161	Response	16	3710558	13143	0
G003	161	Pulse	199	3711229	13814	0
G003	161	Pulse	199	3721228	23813	0
G003	162	Picture	fix2	3722616	0	1	16414	1	0	next	other	0
G003	162	Pulse	199	3731228	8612	0
G003	163	Picture	feedback	3739029	0	1	20061	1	0	next	other	0
G003	163	Pulse	199	3741228	2199	0
G003	163	Pulse	199	3751228	12199	0
G003	164	Picture	fix	3759090	0	1	25366	1	0	next	other	0
G003	164	Pulse	199	3761228	2138	0
G003	164	Pulse	199	3771228	12138	0
G003	164	Pulse	199	3781228	22138	0
G003	166	Picture	stim	3784457	0	1	25035	1	0	25000	incorrect	466
G003	166	Pulse	199	3791228	6772	0
G003	166	Response	32	3796769	12312	0
G003	166	Pulse	199	3801228	16771	0
G003	167	Picture	fix2	3809492	0	1	16745	1	0	next	other	0
G003	167	Pulse	199	3811229	1737	0
G003	167	Pulse	199	3821228	11737	0
G003	168	Picture	feedback	3826237	0	1	20061	1	0	next	other	0
G003	168	Pulse	199	3831228	4991	0
G003	168	Pulse	199	3841228	14991	0
G003	169	Picture	fix	3846298	0	1	29014	1	0	next	other	0
G003	169	Pulse	199	3851229	4931	0
G003	169	Pulse	199	3861228	14930	0
G003	169	Pulse	199	3871228	24930	0
G003	171	Picture	stim	3875312	0	1	25035	1	0	25000	hit	480
G003	171	Pulse	199	3881229	5917	0
G003	171	Response	16	3886818	11506	0
G003	171	Pulse	199	3891228	15917	0
G003	172	Picture	fix2	3900347	0	1	15916	1	0	next	other	0
G003	172	Pulse	199	3901228	882	0
G003	172	Pulse	199	3911229	10882	0
G003	173	Picture	feedback	3916263	0	1	20061	1	0	next	other	0
G003	173	Pulse	199	3921229	4966	0
G003	173	Pulse	199	3931229	14966	0
G003	174	Picture	fix	3936324	0	1	25200	1	0	next	other	0
G003	174	Pulse	199	3941228	4904	0
G003	174	Pulse	199	3951229	14905	0
G003	174	Pulse	199	3961229	24905	0
G003	176	Picture	stim	3961524	0	1	25035	1	0	25000	incorrect	494
G003	176	Pulse	199	3971228	9704	0
G003	176	Response	32	3975079	13554	0
G003	176	Pulse	199	3981229	19705	0
G003	177	Picture	fix2	3986559	0	1	20558	1	0	next	other	0
G003	177	Pulse	199	3991229	4670	0
G003	177	Pulse	199	4001229	14670	0
G003	178	Picture	feedback	4007118	0	1	20061	1	0	next	other	0
G003	178	Pulse	199	4011228	4110	0
G003	178	Pulse	199	4021229	14111	0
G003	179	Picture	fix	4027179	0	1	30837	1	0	next	other	0
G003	179	Pulse	199	4031229	4050	0
G003	179	Pulse	199	4041228	14049	0
G003	179	Pulse	199	4051229	24050	0
G003	181	Picture	stim	4058016	0	1	25035	1	0	25000	hit	508
G003	181	Pulse	199	4061229	3213	0
G003	181	Response	16	4065789	7773	0
G003	181	Pulse	199	4071229	13212	0
G003	181	Pulse	199	4081228	23212	0
G003	182	Picture	fix2	4083051	0	1	15253	1	0	next	other	0
G003	182	Pulse	199	4091229	8178	0
G003	183	Picture	feedback	4098304	0	1	20061	1	0	next	other	0
G003	183	Pulse	199	4101229	2925	0
G003	183	Pulse	199	4111228	12924	0
G003	184	Picture	fix	4118365	0	1	28019	1	0	next	other	0
G003	184	Pulse	199	4121228	2863	0
G003	184	Pulse	199	4131229	12863	0
G003	184	Pulse	199	4141228	22863	0
G003	186	Picture	stim	4146384	0	1	25035	1	0	25000	hit	522
G003	186	Pulse	199	4151229	4845	0
G003	186	Response	16	4159279	12895	0
G003	186	Pulse	199	4161229	14845	0
G003	186	Pulse	199	4171229	24845	0
G003	187	Picture	fix2	4171419	0	1	16082	1	0	next	other	0
G003	187	Pulse	199	4181228	9809	0
G003	188	Picture	feedback	4187501	0	1	20061	1	0	next	other	0
G003	188	Pulse	199	4191229	3728	0
G003	188	Pulse	199	4201229	13728	0
G003	189	Picture	fix	4207562	0	1	19398	1	0	next	other	0
G003	189	Pulse	199	4211229	3666	0
G003	189	Pulse	199	4221229	13667	0
G003	191	Picture	stim	4226960	0	1	25035	1	0	25000	hit	535
G003	191	Pulse	199	4231229	4269	0
G003	191	Response	16	4237628	10668	0
G003	191	Pulse	199	4241228	14269	0
G003	191	Pulse	199	4251228	24268	0
G003	192	Picture	fix2	4252161	0	1	18569	1	0	next	other	0
G003	192	Pulse	199	4261229	9068	0
G003	193	Picture	feedback	4270729	0	1	20061	1	0	next	other	0
G003	193	Pulse	199	4271229	499	0
G003	193	Pulse	199	4281228	10499	0
G003	194	Picture	fix	4290790	0	1	29180	1	0	next	other	0
G003	194	Pulse	199	4291229	439	0
G003	194	Pulse	199	4301230	10439	0
G003	194	Pulse	199	4311229	20438	0
G003	196	Picture	stim	4319970	0	1	25035	1	0	25000	incorrect	549
G003	196	Pulse	199	4321228	1258	0
G003	196	Response	32	4329959	9989	0
G003	196	Pulse	199	4331229	11259	0
G003	196	Pulse	199	4341229	21259	0
G003	197	Picture	fix2	4345005	0	1	14092	1	0	next	other	0
G003	197	Pulse	199	4351228	6223	0
G003	198	Picture	feedback	4359097	0	1	20061	1	0	next	other	0
G003	198	Pulse	199	4361229	2131	0
G003	198	Pulse	199	4371229	12132	0
G003	199	Picture	fix	4379158	0	1	23377	1	0	next	other	0
G003	199	Pulse	199	4381229	2070	0
G003	199	Pulse	199	4391228	12070	0
G003	199	Pulse	199	4401229	22071	0
G003	201	Picture	stim	4402535	0	1	25035	1	0	25000	incorrect	563
G003	201	Pulse	199	4411229	8694	0
G003	201	Response	32	4419538	17003	0
G003	201	Pulse	199	4421228	18693	0
G003	202	Picture	fix2	4427570	0	1	25864	1	0	next	other	0
G003	202	Pulse	199	4431229	3659	0
G003	202	Pulse	199	4441229	13659	0
G003	202	Pulse	199	4451228	23658	0
G003	203	Picture	feedback	4453434	0	1	20061	1	0	next	other	0
G003	203	Pulse	199	4461228	7794	0
G003	203	Pulse	199	4471229	17795	0
G003	204	Picture	fix	4473495	0	1	26527	1	0	next	other	0
G003	204	Pulse	199	4481229	7734	0
G003	204	Pulse	199	4491228	17733	0
G003	206	Picture	stim	4500022	0	1	25035	1	0	25000	hit	578
G003	206	Pulse	199	4501229	1207	0
G003	206	Pulse	199	4511229	11207	0
G003	206	Response	16	4514639	14617	0
G003	206	Pulse	199	4521229	21207	0
G003	207	Picture	fix2	4525223	0	1	16579	1	0	next	other	0
G003	207	Pulse	199	4531229	6006	0
G003	207	Pulse	199	4541229	16007	0
G003	208	Picture	feedback	4541802	0	1	20061	1	0	next	other	0
G003	208	Pulse	199	4551229	9427	0
G003	208	Pulse	199	4561228	19426	0
G003	209	Picture	fix	4561863	0	1	29345	1	0	next	other	0
G003	209	Pulse	199	4571229	9366	0
G003	209	Pulse	199	4581229	19366	0
G003	211	Picture	stim	4591208	0	1	25035	1	0	25000	hit	592
G003	211	Pulse	199	4591228	20	0
G003	211	Pulse	199	4601229	10021	0
G003	211	Response	16	4605168	13960	0
G003	211	Pulse	199	4611229	20021	0
G003	212	Picture	fix2	4616243	0	1	18072	1	0	next	other	0
G003	212	Pulse	199	4621229	4986	0
G003	212	Pulse	199	4631228	14985	0
G003	213	Picture	feedback	4634315	0	1	20061	1	0	next	other	0
G003	213	Pulse	199	4641229	6914	0
G003	213	Pulse	199	4651229	16914	0
G003	214	Picture	fix	4654376	0	1	22216	1	0	next	other	0
G003	214	Pulse	199	4661229	6853	0
G003	214	Pulse	199	4671229	16853	0
G003	216	Picture	stim	4676592	0	1	25035	1	0	25000	hit	605
G003	216	Pulse	199	4681229	4637	0
G003	216	Response	16	4690309	13717	0
G003	216	Pulse	199	4691229	14637	0
G003	216	Pulse	199	4701228	24636	0
G003	217	Picture	fix2	4701627	0	1	14756	1	0	next	other	0
G003	217	Pulse	199	4711229	9602	0
G003	218	Picture	feedback	4716383	0	1	20061	1	0	next	other	0
G003	218	Pulse	199	4721229	4846	0
G003	218	Pulse	199	4731228	14846	0
G003	219	Picture	fix	4736444	0	1	26361	1	0	next	other	0
G003	219	Pulse	199	4741229	4785	0
G003	219	Pulse	199	4751229	14785	0
G003	219	Pulse	199	4761229	24785	0
G003	221	Picture	stim	4762805	0	1	25035	1	0	25000	incorrect	619
G003	221	Pulse	199	4771228	8424	0
G003	221	Response	32	4772858	10054	0
G003	221	Pulse	199	4781229	18424	0
G003	222	Picture	fix2	4787840	0	1	16579	1	0	next	other	0
G003	222	Pulse	199	4791229	3389	0
G003	222	Pulse	199	4801228	13389	0
G003	223	Picture	feedback	4804419	0	1	20061	1	0	next	other	0
G003	223	Pulse	199	4811229	6810	0
G003	223	Pulse	199	4821229	16810	0
G003	224	Picture	fix	4824480	0	1	26858	1	0	next	other	0
G003	224	Pulse	199	4831229	6749	0
G003	224	Pulse	199	4841229	16749	0
G003	225	Pulse	199	4851229	49	0
G003	226	Picture	stim	4851338	0	1	25035	1	0	25000	hit	632
G003	226	Response	16	4861099	9761	0
G003	226	Pulse	199	4861229	9891	0
G003	226	Pulse	199	4871228	19890	0
G003	227	Picture	fix2	4876539	0	1	27688	1	0	next	other	0
G003	227	Pulse	199	4881229	4690	0
G003	227	Pulse	199	4891229	14690	0
G003	227	Pulse	199	4901229	24690	0
G003	228	Picture	feedback	4904227	0	1	20061	1	0	next	other	0
G003	228	Pulse	199	4911229	7002	0
G003	228	Pulse	199	4921229	17002	0
G003	229	Picture	fix	4924288	0	1	24703	1	0	next	other	0
G003	229	Pulse	199	4931230	6942	0
G003	229	Pulse	199	4941228	16941	0
G003	231	Picture	stim	4948991	0	1	25035	1	0	25000	incorrect	648
G003	231	Pulse	199	4951230	2239	0
G003	231	Pulse	199	4961230	12239	0
G003	231	Response	32	4965578	16587	0
G003	231	Pulse	199	4971229	22238	0
G003	232	Picture	fix2	4974026	0	1	22201	16	0	next	other	0
G003	232	Pulse	199	4981229	7203	0
G003	232	Pulse	199	4991229	17203	0
G003	233	Picture	feedback	4996227	0	16	20076	16	0	next	other	0
G003	233	Pulse	199	5001230	5003	0
G003	233	Pulse	199	5011229	15001	0
G003	234	Picture	fix	5016303	0	1	17408	1	0	next	other	0
G003	234	Pulse	199	5021230	4926	0
G003	234	Pulse	199	5031229	14926	0
G003	236	Picture	stim	5033712	0	1	25035	1	0	25000	incorrect	661
G003	236	Pulse	199	5041229	7517	0
G003	236	Response	32	5049179	15467	0
G003	236	Pulse	199	5051229	17518	0
G003	237	Picture	fix2	5058746	0	1	10777	1	0	next	other	0
G003	237	Pulse	199	5061230	2483	0
G003	238	Picture	feedback	5069523	0	1	20061	1	0	next	other	0
G003	238	Pulse	199	5071229	1706	0
G003	238	Pulse	199	5081229	11706	0
G003	239	Picture	fix	5089584	0	1	23709	1	0	next	other	0
G003	239	Pulse	199	5091230	1646	0
G003	239	Pulse	199	5101229	11646	0
G003	239	Pulse	199	5111229	21645	0
G003	241	Picture	stim	5113292	0	1	25035	1	0	25000	hit	674
G003	241	Pulse	199	5121229	7937	0
G003	241	Response	16	5122919	9626	0
G003	241	Pulse	199	5131239	17947	0
G003	242	Picture	fix2	5138493	0	1	13264	1	0	next	other	0
G003	242	Pulse	199	5141229	2737	0
G003	242	Pulse	199	5151229	12736	0
G003	243	Picture	feedback	5151757	0	1	20061	1	0	next	other	0
G003	243	Pulse	199	5161240	9483	0
G003	243	Pulse	199	5171230	19473	0
G003	244	Picture	100	5171818	0	1	80078	1	0	80000	other	0
G003	244	Pulse	199	5181229	9411	0
G003	244	Pulse	199	5191239	19422	0
G003	244	Pulse	199	5201239	29422	0
G003	244	Pulse	199	5211239	39422	0
G003	244	Pulse	199	5221239	49421	0
G003	244	Pulse	199	5231239	59422	0
G003	244	Pulse	199	5241240	69422	0
G003	244	Pulse	199	5251239	79421	0
