Scenario - FeedLearn_A.sce
Logfile written - 10/04/2020 10:08:03

Subject	Trial	Event Type	Code	Time	TTime	Uncertainty	Duration	Uncertainty	ReqTime	ReqDur	Stim Type	Pair Index

p004	0	Pulse	199	0	0	NA
p004	0	Pulse	199	10000	10000	NA
p004	1	Pulse	199	20000	9667	NA
p004	1	Pulse	199	30000	19667	NA
p004	1	Pulse	199	40000	29667	NA
p004	1	Pulse	199	50000	39667	NA
p004	1	Pulse	199	60000	49667	NA
p004	1	Pulse	199	70000	59667	NA
p004	1	Pulse	199	80000	69667	NA
p004	1	Pulse	199	90000	79667	NA
p004	1	Pulse	199	100000	89667	NA
p004	1	Pulse	199	110000	99667	NA
p004	1	Pulse	199	120000	109667	NA
p004	1	Pulse	199	130000	119667	NA
p004	1	Pulse	199	140000	129667	NA
p004	1	Pulse	199	150000	139667	NA
p004	1	Pulse	199	160000	149667	NA
p004	1	Pulse	199	170000	159667	NA
p004	1	Pulse	199	180000	169667	NA
p004	1	Pulse	199	190000	179667	NA
p004	1	Pulse	199	200000	189667	NA
p004	1	Pulse	199	210000	199667	NA
p004	1	Pulse	199	220000	209667	NA
p004	1	Pulse	199	230000	219667	NA
p004	1	Pulse	199	240000	229667	NA
p004	1	Pulse	199	250000	239667	NA
p004	1	Pulse	199	260000	249667	NA
p004	1	Pulse	199	270000	259667	NA
p004	1	Pulse	199	280000	269667	NA
p004	1	Pulse	199	290000	279667	NA
p004	1	Pulse	199	300000	289667	NA
p004	1	Pulse	199	310000	299667	NA
p004	1	Pulse	199	320000	309667	NA
p004	1	Pulse	199	330000	319667	NA
p004	1	Pulse	199	340000	329667	NA
p004	1	Pulse	199	350000	339667	NA
p004	1	Pulse	199	360000	349667	NA
p004	1	Pulse	199	370000	359667	NA
p004	1	Pulse	199	380000	369667	NA
p004	1	Pulse	199	390000	379667	NA
p004	1	Pulse	199	400000	389667	NA
p004	1	Pulse	199	410000	399667	NA
p004	1	Pulse	199	420000	409667	NA
p004	1	Pulse	199	430000	419667	NA
p004	1	Response	32	432723	422389	1
p004	2	Pulse	199	440000	6682	NA
p004	2	Pulse	199	450000	16682	NA
p004	2	Pulse	199	460000	26682	NA
p004	2	Pulse	199	470000	36682	NA
p004	2	Pulse	199	480000	46682	NA
p004	3	Picture	fix	484474	0	1	30531	1	0	next	other	0
p004	3	Pulse	199	490000	5526	NA
p004	3	Pulse	199	500000	15526	NA
p004	3	Pulse	199	510000	25526	NA
p004	5	Picture	stim	515004	0	1	25192	1	0	25000	hit	58
p004	5	Pulse	199	520000	4996	NA
p004	5	Pulse	199	530000	14996	NA
p004	5	Response	16	539842	24838	1
p004	5	Pulse	199	540000	24996	NA
p004	6	Picture	fix2	540196	0	1	16350	1	0	next	other	0
p004	6	Pulse	199	550000	9804	NA
p004	7	Picture	feedback	556546	0	1	20687	1	0	next	other	0
p004	7	Pulse	199	560000	3454	NA
p004	7	Pulse	199	570000	13454	NA
p004	8	Picture	fix	577233	0	1	25192	1	0	next	other	0
p004	8	Pulse	199	580000	2767	NA
p004	8	Pulse	199	590000	12767	NA
p004	8	Pulse	199	600000	22767	NA
p004	10	Picture	stim	602425	0	1	25192	1	0	25000	incorrect	72
p004	10	Pulse	199	610000	7575	NA
p004	10	Pulse	199	620000	17575	NA
p004	10	Response	32	625763	23338	1
p004	11	Picture	fix2	627783	0	1	16683	1	0	next	other	0
p004	11	Pulse	199	630000	2217	NA
p004	11	Pulse	199	640000	12217	NA
p004	12	Picture	feedback	644467	0	1	20520	1	0	next	other	0
p004	12	Pulse	199	650000	5533	NA
p004	12	Pulse	199	660000	15533	NA
p004	13	Picture	fix	664987	0	1	20521	1	0	next	other	0
p004	13	Pulse	199	670000	5013	NA
p004	13	Pulse	199	680000	15013	NA
p004	15	Picture	stim	685508	0	1	25192	1	0	25000	hit	85
p004	15	Pulse	199	690000	4492	NA
p004	15	Pulse	199	700000	14492	NA
p004	15	Response	16	701681	16173	1
p004	15	Pulse	199	710000	24492	NA
p004	16	Picture	fix2	710700	0	1	23357	1	0	next	other	0
p004	16	Pulse	199	720000	9300	NA
p004	16	Pulse	199	730000	19300	NA
p004	17	Picture	feedback	734056	0	1	20187	1	0	next	other	0
p004	17	Pulse	199	740000	5944	NA
p004	17	Pulse	199	750000	15944	NA
p004	18	Picture	fix	754243	0	1	19019	1	0	next	other	0
p004	18	Pulse	199	760000	5757	NA
p004	18	Pulse	199	770000	15757	NA
p004	20	Picture	stim	773262	0	1	25192	1	0	25000	hit	99
p004	20	Pulse	199	780000	6738	NA
p004	20	Pulse	199	790000	16738	NA
p004	20	Response	16	790802	17540	1
p004	21	Picture	fix2	798454	0	1	16517	1	0	next	other	0
p004	21	Pulse	199	800000	1546	NA
p004	21	Pulse	199	810000	11546	NA
p004	22	Picture	feedback	814970	0	1	20687	1	0	next	other	0
p004	22	Pulse	199	820000	5030	NA
p004	22	Pulse	199	830000	15030	NA
p004	23	Picture	fix	835658	0	1	23690	1	0	next	other	0
p004	23	Pulse	199	840000	4342	NA
p004	23	Pulse	199	850000	14342	NA
p004	25	Picture	stim	859348	0	1	25192	1	0	25000	incorrect	113
p004	25	Pulse	199	860000	652	NA
p004	25	Pulse	199	870000	10652	NA
p004	25	Pulse	199	880000	20652	NA
p004	25	Response	32	880241	20893	1
p004	26	Picture	fix2	884540	0	1	21688	1	0	next	other	0
p004	26	Pulse	199	890000	5460	NA
p004	26	Pulse	199	900000	15460	NA
p004	27	Picture	feedback	906228	0	1	20187	1	0	next	other	0
p004	27	Pulse	199	910000	3772	NA
p004	27	Pulse	199	920000	13772	NA
p004	28	Picture	fix	926415	0	1	24858	1	0	next	other	0
p004	28	Pulse	199	930000	3585	NA
p004	28	Pulse	199	940000	13585	NA
p004	28	Pulse	199	950000	23585	NA
p004	30	Picture	stim	951273	0	1	25192	1	0	25000	miss	0
p004	30	Pulse	199	960000	8727	NA
p004	30	Pulse	199	970000	18727	NA
p004	31	Picture	fix2	976465	0	1	17351	1	0	next	other	0
p004	31	Response	32	979842	3377	1
p004	31	Pulse	199	980000	3535	NA
p004	31	Pulse	199	990000	13535	NA
p004	32	Picture	feedback	993816	0	1	20187	1	0	next	other	0
p004	32	Pulse	199	1000000	6184	NA
p004	32	Pulse	199	1010000	16184	NA
p004	33	Picture	fix	1014003	0	1	29363	1	0	next	other	0
p004	33	Pulse	199	1020000	5997	NA
p004	33	Pulse	199	1030000	15997	NA
p004	33	Pulse	199	1040000	25997	NA
p004	35	Picture	stim	1043365	0	1	25192	1	0	25000	hit	141
p004	35	Pulse	199	1050000	6635	NA
p004	35	Pulse	199	1060000	16635	NA
p004	35	Response	16	1060643	17278	1
p004	36	Picture	fix2	1068724	0	1	21855	1	0	next	other	0
p004	36	Pulse	199	1070000	1276	NA
p004	36	Pulse	199	1080000	11276	NA
p004	36	Pulse	199	1090000	21276	NA
p004	37	Picture	feedback	1090579	0	1	20687	1	0	next	other	0
p004	37	Pulse	199	1100000	9421	NA
p004	37	Pulse	199	1110000	19421	NA
p004	38	Picture	fix	1111266	0	1	26860	1	0	next	other	0
p004	38	Pulse	199	1120000	8734	NA
p004	38	Pulse	199	1130000	18734	NA
p004	40	Picture	stim	1138127	0	1	25192	1	0	25000	incorrect	156
p004	40	Pulse	199	1140000	1873	NA
p004	40	Pulse	199	1150000	11873	NA
p004	40	Pulse	199	1160000	21873	NA
p004	40	Response	32	1160081	21954	1
p004	41	Picture	fix2	1163319	0	1	16850	1	0	next	other	0
p004	41	Pulse	199	1170000	6682	NA
p004	41	Pulse	199	1180000	16682	NA
p004	42	Picture	feedback	1180169	0	1	20187	1	0	next	other	0
p004	42	Pulse	199	1190000	9831	NA
p004	42	Pulse	199	1200000	19831	NA
p004	43	Picture	fix	1200355	0	1	22022	1	0	next	other	0
p004	43	Pulse	199	1210000	9645	NA
p004	43	Pulse	199	1220000	19645	NA
p004	45	Picture	stim	1222377	0	1	25192	1	0	25000	incorrect	169
p004	45	Pulse	199	1230000	7623	NA
p004	45	Pulse	199	1240000	17623	NA
p004	45	Response	32	1240961	18584	1
p004	46	Picture	fix2	1247569	0	1	10844	1	0	next	other	0
p004	46	Pulse	199	1250000	2431	NA
p004	47	Picture	feedback	1258413	0	1	20187	1	0	next	other	0
p004	47	Pulse	199	1260000	1587	NA
p004	47	Pulse	199	1270000	11587	NA
p004	48	Picture	fix	1278600	0	1	20187	1	0	next	other	0
p004	48	Pulse	199	1280000	1400	NA
p004	48	Pulse	199	1290000	11400	NA
p004	50	Picture	stim	1298787	0	1	25192	1	0	25000	incorrect	181
p004	50	Pulse	199	1300000	1213	NA
p004	50	Pulse	199	1310000	11213	NA
p004	50	Response	32	1318482	19695	1
p004	50	Pulse	199	1320000	21213	NA
p004	51	Picture	fix2	1323979	0	1	29029	1	0	next	other	0
p004	51	Pulse	199	1330000	6021	NA
p004	51	Pulse	199	1340000	16021	NA
p004	51	Pulse	199	1350000	26021	NA
p004	52	Picture	feedback	1353008	0	1	20187	1	0	next	other	0
p004	52	Pulse	199	1360000	6992	NA
p004	52	Pulse	199	1370000	16992	NA
p004	53	Picture	fix	1373195	0	1	23523	1	0	next	other	0
p004	53	Pulse	199	1380000	6805	NA
p004	53	Pulse	199	1390000	16805	NA
p004	55	Picture	stim	1396718	0	1	25192	1	0	25000	incorrect	197
p004	55	Pulse	199	1400000	3282	NA
p004	55	Pulse	199	1410000	13282	NA
p004	55	Pulse	199	1420000	23282	NA
p004	55	Response	32	1420401	23683	1
p004	56	Picture	fix2	1421910	0	1	26360	1	0	next	other	0
p004	56	Pulse	199	1430000	8090	NA
p004	56	Pulse	199	1440000	18090	NA
p004	57	Picture	feedback	1448270	0	1	20187	1	0	next	other	0
p004	57	Pulse	199	1450000	1730	NA
p004	57	Pulse	199	1460000	11730	NA
p004	58	Picture	fix	1468457	0	1	20020	1	0	next	other	0
p004	58	Pulse	199	1470000	1543	NA
p004	58	Pulse	199	1480000	11543	NA
p004	60	Picture	stim	1488477	0	1	25192	1	0	25000	incorrect	211
p004	60	Pulse	199	1490000	1523	NA
p004	60	Pulse	199	1500000	11523	NA
p004	60	Pulse	199	1510000	21523	NA
p004	60	Response	32	1511603	23127	1
p004	61	Picture	fix2	1513668	0	1	18018	1	0	next	other	0
p004	61	Pulse	199	1520000	6332	NA
p004	61	Pulse	199	1530000	16332	NA
p004	62	Picture	feedback	1531686	0	1	20187	1	0	next	other	0
p004	62	Pulse	199	1540000	8314	NA
p004	62	Pulse	199	1550000	18314	NA
p004	63	Picture	fix	1551873	0	1	35869	1	0	next	other	0
p004	63	Pulse	199	1560000	8127	NA
p004	63	Pulse	199	1570000	18127	NA
p004	63	Pulse	199	1580000	28127	NA
p004	65	Picture	stim	1587742	0	1	25192	1	0	25000	hit	225
p004	65	Pulse	199	1590000	2258	NA
p004	65	Pulse	199	1600000	12258	NA
p004	65	Response	16	1608002	20259	1
p004	65	Pulse	199	1610000	22258	NA
p004	66	Picture	fix2	1612934	0	1	27694	1	0	next	other	0
p004	66	Pulse	199	1620000	7066	NA
p004	66	Pulse	199	1630000	17066	NA
p004	66	Pulse	199	1640000	27066	NA
p004	67	Picture	feedback	1640629	0	1	20187	1	0	next	other	0
p004	67	Pulse	199	1650000	9371	NA
p004	67	Pulse	199	1660000	19371	NA
p004	68	Picture	fix	1660815	0	1	23690	1	0	next	other	0
p004	68	Pulse	199	1670000	9185	NA
p004	68	Pulse	199	1680000	19185	NA
p004	70	Picture	stim	1684506	0	1	25192	1	0	25000	incorrect	239
p004	70	Pulse	199	1690000	5494	NA
p004	70	Response	32	1698963	14457	1
p004	70	Pulse	199	1700000	15494	NA
p004	71	Picture	fix2	1709698	0	1	13347	1	0	next	other	0
p004	71	Pulse	199	1710000	302	NA
p004	71	Pulse	199	1720000	10302	NA
p004	72	Picture	feedback	1723044	0	1	20187	1	0	next	other	0
p004	72	Pulse	199	1730000	6956	NA
p004	72	Pulse	199	1740000	16956	NA
p004	73	Picture	fix	1743231	0	1	29196	1	0	next	other	0
p004	73	Pulse	199	1750000	6769	NA
p004	73	Pulse	199	1760000	16769	NA
p004	73	Pulse	199	1770000	26769	NA
p004	75	Picture	stim	1772427	0	1	25192	1	0	25000	hit	254
p004	75	Pulse	199	1780000	7573	NA
p004	75	Pulse	199	1790000	17573	NA
p004	75	Response	16	1796721	24294	1
p004	76	Picture	fix2	1797619	0	1	25859	1	0	next	other	0
p004	76	Pulse	199	1800000	2381	NA
p004	76	Pulse	199	1810000	12381	NA
p004	76	Pulse	199	1820000	22381	NA
p004	77	Picture	feedback	1823478	0	1	20187	1	0	next	other	0
p004	77	Pulse	199	1830000	6522	NA
p004	77	Pulse	199	1840000	16522	NA
p004	78	Picture	fix	1843665	0	1	34034	1	0	next	other	0
p004	78	Pulse	199	1850000	6335	NA
p004	78	Pulse	199	1860000	16335	NA
p004	78	Pulse	199	1870000	26335	NA
p004	80	Picture	stim	1877699	0	1	25192	1	0	25000	incorrect	268
p004	80	Pulse	199	1880000	2301	NA
p004	80	Response	32	1887441	9743	1
p004	80	Pulse	199	1890000	12301	NA
p004	80	Pulse	199	1900000	22301	NA
p004	81	Picture	fix2	1902891	0	1	13847	1	0	next	other	0
p004	81	Response	32	1904323	1432	1
p004	81	Pulse	199	1910000	7109	NA
p004	82	Picture	feedback	1916738	0	1	20187	1	0	next	other	0
p004	82	Pulse	199	1920000	3262	NA
p004	82	Pulse	199	1930000	13262	NA
p004	83	Picture	fix	1936925	0	1	26860	1	0	next	other	0
p004	83	Pulse	199	1940000	3075	NA
p004	83	Pulse	199	1950000	13075	NA
p004	83	Pulse	199	1960000	23075	NA
p004	85	Picture	stim	1963785	0	1	25192	1	0	25000	miss	0
p004	85	Pulse	199	1970000	6215	NA
p004	85	Pulse	199	1980000	16215	NA
p004	85	Response	16	1988881	25096	1
p004	86	Picture	fix2	1988977	0	1	22356	1	0	next	other	0
p004	86	Pulse	199	1990000	1023	NA
p004	86	Pulse	199	2000000	11023	NA
p004	86	Pulse	199	2010000	21023	NA
p004	87	Picture	feedback	2011332	0	1	20187	1	0	next	other	0
p004	87	Pulse	199	2020000	8668	NA
p004	87	Pulse	199	2030000	18668	NA
p004	88	Picture	fix	2031519	0	1	23524	1	0	next	other	0
p004	88	Pulse	199	2040000	8481	NA
p004	88	Pulse	199	2050000	18481	NA
p004	90	Picture	stim	2055043	0	1	25192	1	0	25000	hit	298
p004	90	Pulse	199	2060000	4957	NA
p004	90	Pulse	199	2070000	14957	NA
p004	90	Response	16	2079202	24159	1
p004	90	Pulse	199	2080000	24957	NA
p004	91	Picture	fix2	2080234	0	1	21355	1	0	next	other	0
p004	91	Pulse	199	2090000	9766	NA
p004	91	Pulse	199	2100000	19766	NA
p004	92	Picture	feedback	2101589	0	1	20187	1	0	next	other	0
p004	92	Pulse	199	2110000	8411	NA
p004	92	Pulse	199	2120000	18411	NA
p004	93	Picture	fix	2121776	0	1	22356	1	0	next	other	0
p004	93	Pulse	199	2130000	8224	NA
p004	93	Pulse	199	2140000	18224	NA
p004	95	Picture	stim	2144132	0	1	25192	1	0	25000	hit	311
p004	95	Pulse	199	2150000	5868	NA
p004	95	Response	16	2159201	15069	1
p004	95	Pulse	199	2160000	15868	NA
p004	96	Picture	fix2	2169323	0	1	29363	1	0	next	other	0
p004	96	Pulse	199	2170000	677	NA
p004	96	Pulse	199	2180000	10677	NA
p004	96	Pulse	199	2190000	20677	NA
p004	97	Picture	feedback	2198686	0	1	20187	1	0	next	other	0
p004	97	Pulse	199	2200000	1314	NA
p004	97	Pulse	199	2210000	11314	NA
p004	98	Picture	fix	2218873	0	1	29029	1	0	next	other	0
p004	98	Pulse	199	2220000	1127	NA
p004	98	Pulse	199	2230000	11127	NA
p004	98	Pulse	199	2240000	21127	NA
p004	100	Picture	stim	2247902	0	1	25192	1	0	25000	hit	327
p004	100	Pulse	199	2250000	2098	NA
p004	100	Pulse	199	2260000	12098	NA
p004	100	Response	16	2265602	17700	1
p004	100	Pulse	199	2270000	22098	NA
p004	101	Picture	fix2	2273094	0	1	25859	1	0	next	other	0
p004	101	Pulse	199	2280000	6906	NA
p004	101	Pulse	199	2290000	16906	NA
p004	102	Picture	feedback	2298953	0	1	20187	1	0	next	other	0
p004	102	Pulse	199	2300000	1047	NA
p004	102	Pulse	199	2310000	11047	NA
p004	103	Picture	fix	2319140	0	1	26026	1	0	next	other	0
p004	103	Pulse	199	2320000	860	NA
p004	103	Pulse	199	2330000	10860	NA
p004	103	Pulse	199	2340000	20860	NA
p004	105	Picture	stim	2345166	0	1	25192	1	0	25000	hit	342
p004	105	Pulse	199	2350000	4834	NA
p004	105	Pulse	199	2360000	14834	NA
p004	105	Response	16	2366001	20836	1
p004	105	Pulse	199	2370000	24834	NA
p004	106	Picture	fix2	2370524	0	1	26193	1	0	next	other	0
p004	106	Pulse	199	2380000	9476	NA
p004	106	Pulse	199	2390000	19476	NA
p004	107	Picture	feedback	2396717	0	1	20187	1	0	next	other	0
p004	107	Pulse	199	2400000	3283	NA
p004	107	Pulse	199	2410000	13283	NA
p004	108	Picture	fix	2416904	0	1	25359	1	0	next	other	0
p004	108	Pulse	199	2420000	3096	NA
p004	108	Pulse	199	2430000	13096	NA
p004	108	Pulse	199	2440000	23096	NA
p004	110	Picture	stim	2442263	0	1	25192	1	0	25000	hit	356
p004	110	Pulse	199	2450000	7737	NA
p004	110	Response	16	2459041	16778	1
p004	110	Pulse	199	2460000	17737	NA
p004	111	Picture	fix2	2467455	0	1	11178	1	0	next	other	0
p004	111	Pulse	199	2470000	2545	NA
p004	112	Picture	feedback	2478633	0	1	20187	1	0	next	other	0
p004	112	Pulse	199	2480000	1367	NA
p004	112	Pulse	199	2490000	11367	NA
p004	113	Picture	fix	2498819	0	1	28529	1	0	next	other	0
p004	113	Pulse	199	2500000	1181	NA
p004	113	Pulse	199	2510000	11181	NA
p004	113	Pulse	199	2520000	21181	NA
p004	115	Picture	stim	2527348	0	1	25192	1	0	25000	hit	370
p004	115	Pulse	199	2530000	2652	NA
p004	115	Pulse	199	2540000	12652	NA
p004	115	Response	16	2544643	17295	1
p004	115	Pulse	199	2550000	22652	NA
p004	116	Picture	fix2	2552707	0	1	22022	1	0	next	other	0
p004	116	Pulse	199	2560000	7293	NA
p004	116	Pulse	199	2570000	17293	NA
p004	117	Picture	feedback	2574729	0	1	20187	1	0	next	other	0
p004	117	Pulse	199	2580000	5271	NA
p004	117	Pulse	199	2590000	15271	NA
p004	118	Picture	fix	2594915	0	1	21521	1	0	next	other	0
p004	118	Pulse	199	2600000	5085	NA
p004	118	Pulse	199	2610000	15085	NA
p004	120	Picture	stim	2616437	0	1	25192	1	0	25000	incorrect	383
p004	120	Pulse	199	2620000	3563	NA
p004	120	Response	32	2625841	9404	1
p004	120	Pulse	199	2630000	13563	NA
p004	120	Pulse	199	2640000	23563	NA
p004	121	Picture	fix2	2641795	0	1	11512	1	0	next	other	0
p004	121	Pulse	199	2650000	8205	NA
p004	122	Picture	feedback	2653307	0	1	20187	1	0	next	other	0
p004	122	Pulse	199	2660000	6693	NA
p004	122	Pulse	199	2670000	16693	NA
p004	123	Picture	fix	2673494	0	1	16350	1	0	next	other	0
p004	123	Pulse	199	2680000	6506	NA
p004	125	Picture	stim	2689843	0	1	25192	1	0	25000	hit	396
p004	125	Pulse	199	2690000	157	NA
p004	125	Pulse	199	2700000	10157	NA
p004	125	Response	16	2707361	17517	1
p004	125	Pulse	199	2710000	20157	NA
p004	126	Picture	fix2	2715035	0	1	9176	1	0	next	other	0
p004	126	Pulse	199	2720000	4965	NA
p004	127	Picture	feedback	2724211	0	1	20187	1	0	next	other	0
p004	127	Pulse	199	2730000	5789	NA
p004	127	Pulse	199	2740000	15789	NA
p004	128	Picture	fix	2744398	0	1	28028	1	0	next	other	0
p004	128	Pulse	199	2750000	5602	NA
p004	128	Pulse	199	2760000	15602	NA
p004	128	Pulse	199	2770000	25602	NA
p004	130	Picture	stim	2772426	0	1	25192	1	0	25000	hit	409
p004	130	Pulse	199	2780000	7574	NA
p004	130	Response	16	2787921	15495	1
p004	130	Pulse	199	2790000	17574	NA
p004	131	Picture	fix2	2797618	0	1	14014	1	0	next	other	0
p004	131	Pulse	199	2800000	2382	NA
p004	131	Pulse	199	2810000	12382	NA
p004	132	Picture	feedback	2811632	0	1	20187	1	0	next	other	0
p004	132	Pulse	199	2820000	8368	NA
p004	132	Pulse	199	2830000	18368	NA
p004	133	Picture	fix	2831819	0	1	30864	1	0	next	other	0
p004	133	Pulse	199	2840000	8181	NA
p004	133	Pulse	199	2850000	18181	NA
p004	133	Pulse	199	2860000	28181	NA
p004	135	Picture	stim	2862683	0	1	25192	1	0	25000	hit	424
p004	135	Pulse	199	2870000	7317	NA
p004	135	Pulse	199	2880000	17317	NA
p004	135	Response	16	2883522	20839	1
p004	136	Picture	fix2	2887875	0	1	21355	1	0	next	other	0
p004	136	Pulse	199	2890000	2125	NA
p004	136	Pulse	199	2900000	12125	NA
p004	137	Picture	feedback	2909229	0	1	20187	1	0	next	other	0
p004	137	Pulse	199	2910000	771	NA
p004	137	Pulse	199	2920000	10771	NA
p004	138	Picture	fix	2929416	0	1	22022	1	0	next	other	0
p004	138	Pulse	199	2930000	584	NA
p004	138	Pulse	199	2940000	10584	NA
p004	138	Pulse	199	2950000	20584	NA
p004	140	Picture	stim	2951438	0	1	25192	1	0	25000	incorrect	437
p004	140	Pulse	199	2960000	8562	NA
p004	140	Response	32	2967201	15763	1
p004	140	Pulse	199	2970000	18562	NA
p004	141	Picture	fix2	2976630	0	1	18685	1	0	next	other	0
p004	141	Pulse	199	2980000	3370	NA
p004	141	Pulse	199	2990000	13370	NA
p004	142	Picture	feedback	2995315	0	1	20187	1	0	next	other	0
p004	142	Pulse	199	3000000	4685	NA
p004	142	Pulse	199	3010000	14685	NA
p004	143	Picture	fix	3015502	0	1	18685	1	0	next	other	0
p004	143	Pulse	199	3020000	4498	NA
p004	143	Pulse	199	3030000	14498	NA
p004	145	Picture	stim	3034187	0	1	25192	1	0	25000	incorrect	450
p004	145	Pulse	199	3040000	5813	NA
p004	145	Response	32	3043362	9174	1
p004	145	Pulse	199	3050000	15813	NA
p004	146	Picture	fix2	3059546	0	1	17851	1	0	next	other	0
p004	146	Pulse	199	3060000	454	NA
p004	146	Pulse	199	3070000	10454	NA
p004	147	Picture	feedback	3077397	0	1	20187	1	0	next	other	0
p004	147	Pulse	199	3080000	2603	NA
p004	147	Pulse	199	3090000	12603	NA
p004	148	Picture	fix	3097584	0	1	24691	1	0	next	other	0
p004	148	Pulse	199	3100000	2416	NA
p004	148	Pulse	199	3110000	12416	NA
p004	148	Pulse	199	3120000	22416	NA
p004	150	Picture	stim	3122276	0	1	25192	1	0	25000	incorrect	464
p004	150	Pulse	199	3130000	7724	NA
p004	150	Response	32	3135442	13167	1
p004	150	Pulse	199	3140000	17724	NA
p004	151	Picture	fix2	3147467	0	1	24191	1	0	next	other	0
p004	151	Pulse	199	3150000	2533	NA
p004	151	Pulse	199	3160000	12533	NA
p004	151	Pulse	199	3170000	22533	NA
p004	152	Picture	feedback	3171658	0	1	20187	1	0	next	other	0
p004	152	Pulse	199	3180000	8342	NA
p004	152	Pulse	199	3190000	18342	NA
p004	153	Picture	fix	3191845	0	1	31198	1	0	next	other	0
p004	153	Pulse	199	3200000	8155	NA
p004	153	Pulse	199	3210000	18155	NA
p004	153	Pulse	199	3220000	28155	NA
p004	155	Picture	stim	3223043	0	1	25192	1	0	25000	hit	479
p004	155	Pulse	199	3230000	6957	NA
p004	155	Response	16	3238082	15039	1
p004	155	Pulse	199	3240000	16957	NA
p004	156	Picture	fix2	3248402	0	1	14681	1	0	next	other	0
p004	156	Pulse	199	3250000	1598	NA
p004	156	Pulse	199	3260000	11598	NA
p004	157	Picture	feedback	3263083	0	1	20187	1	0	next	other	0
p004	157	Pulse	199	3270000	6917	NA
p004	157	Pulse	199	3280000	16917	NA
p004	158	Picture	fix	3283270	0	1	19353	1	0	next	other	0
p004	158	Pulse	199	3290000	6730	NA
p004	158	Pulse	199	3300000	16730	NA
p004	160	Picture	stim	3302622	0	1	25192	1	0	25000	incorrect	493
p004	160	Pulse	199	3310000	7378	NA
p004	160	Pulse	199	3320000	17378	NA
p004	160	Response	32	3324563	21940	1
p004	161	Picture	fix2	3327814	0	1	13013	1	0	next	other	0
p004	161	Pulse	199	3330000	2186	NA
p004	161	Pulse	199	3340000	12186	NA
p004	162	Picture	feedback	3340827	0	1	20187	1	0	next	other	0
p004	162	Pulse	199	3350000	9173	NA
p004	162	Pulse	199	3360000	19173	NA
p004	163	Picture	fix	3361014	0	1	22356	1	0	next	other	0
p004	163	Pulse	199	3370000	8986	NA
p004	163	Pulse	199	3380000	18986	NA
p004	165	Picture	stim	3383370	0	1	25192	1	0	25000	incorrect	505
p004	165	Pulse	199	3390000	6630	NA
p004	165	Response	32	3396082	12713	1
p004	165	Pulse	199	3400000	16630	NA
p004	166	Picture	fix2	3408728	0	1	15849	1	0	next	other	0
p004	166	Pulse	199	3410000	1272	NA
p004	166	Pulse	199	3420000	11272	NA
p004	167	Picture	feedback	3424578	0	1	20187	1	0	next	other	0
p004	167	Pulse	199	3430000	5422	NA
p004	167	Pulse	199	3440000	15422	NA
p004	168	Picture	fix	3444764	0	1	28529	1	0	next	other	0
p004	168	Pulse	199	3450000	5236	NA
p004	168	Pulse	199	3460000	15236	NA
p004	168	Pulse	199	3470000	25236	NA
p004	170	Picture	stim	3473293	0	1	25192	1	0	25000	incorrect	519
p004	170	Pulse	199	3480000	6707	NA
p004	170	Response	32	3484000	10707	1
p004	170	Pulse	199	3490000	16707	NA
p004	171	Picture	fix2	3498485	0	1	15182	1	0	next	other	0
p004	171	Pulse	199	3500000	1515	NA
p004	171	Pulse	199	3510000	11515	NA
p004	172	Picture	feedback	3513667	0	1	20187	1	0	next	other	0
p004	172	Pulse	199	3520000	6333	NA
p004	172	Pulse	199	3530000	16333	NA
p004	173	Picture	fix	3533853	0	1	24525	1	0	next	other	0
p004	173	Pulse	199	3540000	6147	NA
p004	173	Pulse	199	3550000	16147	NA
p004	175	Picture	stim	3558378	0	1	25192	1	0	25000	hit	533
p004	175	Pulse	199	3560000	1622	NA
p004	175	Pulse	199	3570000	11622	NA
p004	175	Response	16	3577122	18744	1
p004	175	Response	32	3579843	21465	1
p004	175	Pulse	199	3580000	21622	NA
p004	176	Picture	fix2	3583570	0	1	24358	1	0	next	other	0
p004	176	Pulse	199	3590000	6430	NA
p004	176	Pulse	199	3600000	16430	NA
p004	177	Picture	feedback	3607927	0	1	20187	1	0	next	other	0
p004	177	Pulse	199	3610000	2073	NA
p004	177	Pulse	199	3620000	12073	NA
p004	178	Picture	fix	3628114	0	1	29696	1	0	next	other	0
p004	178	Pulse	199	3630000	1886	NA
p004	178	Pulse	199	3640000	11886	NA
p004	178	Pulse	199	3650000	21886	NA
p004	180	Picture	stim	3657811	0	1	25192	1	0	25000	incorrect	549
p004	180	Pulse	199	3660000	2190	NA
p004	180	Pulse	199	3670000	12190	NA
p004	180	Response	32	3677122	19312	1
p004	180	Pulse	199	3680000	22190	NA
p004	181	Picture	fix2	3683002	0	1	15849	1	0	next	other	0
p004	181	Pulse	199	3690000	6998	NA
p004	182	Picture	feedback	3698852	0	1	20187	1	0	next	other	0
p004	182	Pulse	199	3700000	1148	NA
p004	182	Pulse	199	3710000	11148	NA
p004	183	Picture	fix	3719038	0	1	28862	1	0	next	other	0
p004	183	Pulse	199	3720000	962	NA
p004	183	Pulse	199	3730000	10962	NA
p004	183	Pulse	199	3740000	20962	NA
p004	185	Picture	stim	3747901	0	1	25192	1	0	25000	incorrect	564
p004	185	Pulse	199	3750000	2099	NA
p004	185	Pulse	199	3760000	12099	NA
p004	185	Pulse	199	3770000	22099	NA
p004	185	Response	32	3771281	23381	1
p004	186	Picture	fix2	3773092	0	1	21688	1	0	next	other	0
p004	186	Pulse	199	3780000	6908	NA
p004	186	Pulse	199	3790000	16908	NA
p004	187	Picture	feedback	3794781	0	1	20187	1	0	next	other	0
p004	187	Pulse	199	3800000	5219	NA
p004	187	Pulse	199	3810000	15219	NA
p004	188	Picture	fix	3814968	0	1	28862	1	0	next	other	0
p004	188	Pulse	199	3820000	5032	NA
p004	188	Pulse	199	3830000	15032	NA
p004	188	Pulse	199	3840000	25032	NA
p004	190	Picture	stim	3843830	0	1	25192	1	0	25000	incorrect	577
p004	190	Pulse	199	3850000	6170	NA
p004	190	Response	32	3858802	14972	1
p004	190	Pulse	199	3860000	16170	NA
p004	191	Picture	fix2	3869022	0	1	16683	1	0	next	other	0
p004	191	Pulse	199	3870000	978	NA
p004	191	Pulse	199	3880000	10978	NA
p004	192	Picture	feedback	3885705	0	1	20187	1	0	next	other	0
p004	192	Pulse	199	3890000	4295	NA
p004	192	Pulse	199	3900000	14295	NA
p004	193	Picture	fix	3905892	0	1	32199	1	0	next	other	0
p004	193	Pulse	199	3910000	4108	NA
p004	193	Pulse	199	3920000	14108	NA
p004	193	Pulse	199	3930000	24108	NA
p004	195	Picture	stim	3938091	0	1	25192	1	0	25000	hit	592
p004	195	Pulse	199	3940000	1909	NA
p004	195	Pulse	199	3950000	11909	NA
p004	195	Response	16	3955603	17512	1
p004	195	Pulse	199	3960000	21909	NA
p004	196	Picture	fix2	3963282	0	1	18018	1	0	next	other	0
p004	196	Pulse	199	3970000	6718	NA
p004	196	Pulse	199	3980000	16718	NA
p004	197	Picture	feedback	3981300	0	1	20187	1	0	next	other	0
p004	197	Pulse	199	3990000	8700	NA
p004	197	Pulse	199	4000000	18700	NA
p004	198	Picture	fix	4001487	0	1	37538	1	0	next	other	0
p004	198	Pulse	199	4010000	8513	NA
p004	198	Pulse	199	4020000	18513	NA
p004	198	Pulse	199	4030000	28513	NA
p004	200	Picture	stim	4039025	0	1	25192	1	0	25000	incorrect	608
p004	200	Pulse	199	4040000	975	NA
p004	200	Pulse	199	4050000	10975	NA
p004	200	Pulse	199	4060000	20975	NA
p004	200	Response	32	4062641	23617	1
p004	201	Picture	fix2	4064383	0	1	16183	1	0	next	other	0
p004	201	Pulse	199	4070000	5617	NA
p004	201	Pulse	199	4080000	15617	NA
p004	202	Picture	feedback	4080566	0	1	20187	1	0	next	other	0
p004	202	Pulse	199	4090000	9434	NA
p004	202	Pulse	199	4100000	19434	NA
p004	203	Picture	fix	4100753	0	1	26527	1	0	next	other	0
p004	203	Pulse	199	4110000	9247	NA
p004	203	Pulse	199	4120000	19247	NA
p004	205	Picture	stim	4127280	0	1	25192	1	0	25000	miss	0
p004	205	Pulse	199	4130000	2720	NA
p004	205	Pulse	199	4140000	12720	NA
p004	205	Pulse	199	4150000	22720	NA
p004	206	Picture	fix2	4152471	0	1	20520	1	0	next	other	0
p004	206	Response	16	4154641	2170	1
p004	206	Pulse	199	4160000	7529	NA
p004	206	Pulse	199	4170000	17529	NA
p004	207	Picture	feedback	4172992	0	1	20187	1	0	next	other	0
p004	207	Pulse	199	4180000	7008	NA
p004	207	Pulse	199	4190000	17008	NA
p004	208	Picture	fix	4193179	0	1	30030	1	0	next	other	0
p004	208	Pulse	199	4200000	6821	NA
p004	208	Pulse	199	4210000	16821	NA
p004	208	Pulse	199	4220000	26821	NA
p004	210	Picture	stim	4223209	0	1	25192	1	0	25000	incorrect	635
p004	210	Pulse	199	4230000	6791	NA
p004	210	Response	32	4236003	12794	1
p004	210	Pulse	199	4240000	16791	NA
p004	211	Picture	fix2	4248401	0	1	20020	1	0	next	other	0
p004	211	Pulse	199	4250000	1599	NA
p004	211	Pulse	199	4260000	11599	NA
p004	212	Picture	feedback	4268421	0	1	20187	1	0	next	other	0
p004	212	Pulse	199	4270000	1579	NA
p004	212	Pulse	199	4280000	11579	NA
p004	213	Picture	fix	4288607	0	1	17518	1	0	next	other	0
p004	213	Pulse	199	4290000	1393	NA
p004	213	Pulse	199	4300000	11393	NA
p004	215	Picture	stim	4306125	0	1	25192	1	0	25000	hit	648
p004	215	Pulse	199	4310000	3875	NA
p004	215	Response	16	4318001	11876	1
p004	215	Pulse	199	4320000	13875	NA
p004	215	Pulse	199	4330000	23875	NA
p004	216	Picture	fix2	4331317	0	1	14681	1	0	next	other	0
p004	216	Pulse	199	4340000	8683	NA
p004	217	Picture	feedback	4345998	0	1	20187	1	0	next	other	0
p004	217	Pulse	199	4350000	4002	NA
p004	217	Pulse	199	4360000	14002	NA
p004	218	Picture	fix	4366185	0	1	26860	1	0	next	other	0
p004	218	Pulse	199	4370000	3815	NA
p004	218	Pulse	199	4380000	13815	NA
p004	218	Pulse	199	4390000	23815	NA
p004	220	Picture	stim	4393045	0	1	25192	1	0	25000	incorrect	662
p004	220	Pulse	199	4400000	6955	NA
p004	220	Response	32	4407522	14477	1
p004	220	Pulse	199	4410000	16955	NA
p004	221	Picture	fix2	4418404	0	1	16016	1	0	next	other	0
p004	221	Pulse	199	4420000	1596	NA
p004	221	Pulse	199	4430000	11596	NA
p004	222	Picture	feedback	4434420	0	1	20187	1	0	next	other	0
p004	222	Pulse	199	4440000	5580	NA
p004	222	Pulse	199	4450000	15580	NA
p004	223	Picture	fix	4454607	0	1	17684	1	0	next	other	0
p004	223	Pulse	199	4460000	5393	NA
p004	223	Pulse	199	4470000	15393	NA
p004	225	Picture	stim	4472291	0	1	25192	1	0	25000	incorrect	676
p004	225	Pulse	199	4480000	7709	NA
p004	225	Pulse	199	4490000	17709	NA
p004	225	Response	32	4492722	20431	1
p004	226	Picture	fix2	4497483	0	1	20521	1	0	next	other	0
p004	226	Pulse	199	4500000	2517	NA
p004	226	Pulse	199	4510000	12517	NA
p004	227	Picture	feedback	4518003	0	1	20187	1	0	next	other	0
p004	227	Pulse	199	4520000	1997	NA
p004	227	Pulse	199	4530000	11997	NA
p004	228	Picture	fix	4538190	0	1	33200	1	0	next	other	0
p004	228	Pulse	199	4540000	1810	NA
p004	228	Pulse	199	4550000	11810	NA
p004	228	Pulse	199	4560000	21810	NA
p004	228	Pulse	199	4570000	31810	NA
p004	230	Picture	stim	4571390	0	1	25192	1	0	25000	incorrect	690
p004	230	Pulse	199	4580000	8610	NA
p004	230	Response	32	4583761	12372	1
p004	230	Pulse	199	4590000	18610	NA
p004	231	Picture	fix2	4596582	0	1	23524	1	0	next	other	0
p004	231	Pulse	199	4600000	3418	NA
p004	231	Pulse	199	4610000	13418	NA
p004	231	Pulse	199	4620000	23418	NA
p004	232	Picture	feedback	4620105	0	1	20187	1	0	next	other	0
p004	232	Pulse	199	4630000	9895	NA
p004	232	Pulse	199	4640000	19895	NA
p004	233	Picture	fix	4640292	0	1	27361	1	0	next	other	0
p004	233	Pulse	199	4650000	9708	NA
p004	233	Pulse	199	4660000	19708	NA
p004	235	Picture	stim	4667653	0	1	25192	1	0	25000	hit	704
p004	235	Pulse	199	4670000	2347	NA
p004	235	Response	16	4677762	10109	1
p004	235	Pulse	199	4680000	12347	NA
p004	235	Pulse	199	4690000	22347	NA
p004	236	Picture	fix2	4692845	0	1	22522	1	0	next	other	0
p004	236	Pulse	199	4700000	7155	NA
p004	236	Pulse	199	4710000	17155	NA
p004	237	Picture	feedback	4715367	0	1	20187	1	0	next	other	0
p004	237	Pulse	199	4720000	4633	NA
p004	237	Pulse	199	4730000	14633	NA
p004	238	Picture	fix	4735554	0	1	22856	1	0	next	other	0
p004	238	Pulse	199	4740000	4446	NA
p004	238	Pulse	199	4750000	14446	NA
p004	240	Picture	stim	4758410	0	1	25192	1	0	25000	hit	719
p004	240	Pulse	199	4760000	1590	NA
p004	240	Pulse	199	4770000	11590	NA
p004	240	Response	16	4777682	19272	1
p004	240	Pulse	199	4780000	21590	NA
p004	241	Picture	fix2	4783602	0	1	21355	1	0	next	other	0
p004	241	Pulse	199	4790000	6398	NA
p004	241	Pulse	199	4800000	16398	NA
p004	242	Picture	feedback	4804957	0	1	20187	1	0	next	other	0
p004	242	Pulse	199	4810000	5043	NA
p004	242	Pulse	199	4820000	15043	NA
p004	243	Picture	100	4825143	0	1	80080	1	0	80000	other	0
p004	243	Pulse	199	4830000	4857	NA
p004	243	Pulse	199	4840000	14857	NA
p004	243	Pulse	199	4850000	24857	NA
p004	243	Pulse	199	4860000	34857	NA
p004	243	Pulse	199	4870000	44857	NA
p004	243	Pulse	199	4880000	54857	NA
p004	243	Pulse	199	4890000	64857	NA
p004	243	Pulse	199	4900000	74857	NA
