Scenario - FeedLearn_A.sce
Logfile written - 10/04/2020 10:27:43

Subject	Trial	Event Type	Code	Time	TTime	Uncertainty	Duration	Uncertainty	ReqTime	ReqDur	Stim Type	Pair Index

p004	0	Pulse	199	0	0	NA
p004	0	Pulse	199	10000	10000	NA
p004	1	Pulse	199	20000	9833	NA
p004	1	Pulse	199	30000	19833	NA
p004	1	Pulse	199	40000	29833	NA
p004	1	Pulse	199	50000	39833	NA
p004	1	Pulse	199	60000	49833	NA
p004	1	Pulse	199	70000	59833	NA
p004	1	Pulse	199	80000	69833	NA
p004	1	Pulse	199	90000	79833	NA
p004	1	Pulse	199	100000	89833	NA
p004	1	Pulse	199	110000	99833	NA
p004	1	Pulse	199	120000	109833	NA
p004	1	Pulse	199	130000	119833	NA
p004	1	Pulse	199	140000	129833	NA
p004	1	Pulse	199	150000	139833	NA
p004	1	Pulse	199	160000	149833	NA
p004	1	Pulse	199	170000	159833	NA
p004	1	Pulse	199	180000	169833	NA
p004	1	Pulse	199	190000	179833	NA
p004	1	Response	32	190810	180644	1
p004	2	Pulse	199	200000	9180	NA
p004	2	Pulse	199	210000	19180	NA
p004	2	Pulse	199	220000	29180	NA
p004	2	Pulse	199	230000	39180	NA
p004	2	Pulse	199	240000	49180	NA
p004	3	Picture	fix	241731	0	1	23690	1	0	next	other	0
p004	3	Pulse	199	250000	8269	NA
p004	3	Pulse	199	260000	18269	NA
p004	5	Picture	stim	265422	0	1	25192	1	0	25000	hit	33
p004	5	Pulse	199	270000	4578	NA
p004	5	Pulse	199	280000	14578	NA
p004	5	Response	16	285450	20028	1
p004	5	Pulse	199	290000	24578	NA
p004	6	Picture	fix2	290613	0	1	18018	1	0	next	other	0
p004	6	Pulse	199	300000	9387	NA
p004	7	Picture	feedback	308631	0	1	20854	1	0	next	other	0
p004	7	Pulse	199	310000	1369	NA
p004	7	Pulse	199	320000	11369	NA
p004	8	Picture	fix	329486	0	1	26026	1	0	next	other	0
p004	8	Pulse	199	330000	514	NA
p004	8	Pulse	199	340000	10514	NA
p004	8	Pulse	199	350000	20514	NA
p004	10	Picture	stim	355512	0	1	25192	1	0	25000	incorrect	47
p004	10	Pulse	199	360000	4488	NA
p004	10	Pulse	199	370000	14488	NA
p004	10	Response	32	371930	16419	1
p004	10	Pulse	199	380000	24488	NA
p004	11	Picture	fix2	380703	0	1	24358	1	0	next	other	0
p004	11	Pulse	199	390000	9297	NA
p004	11	Pulse	199	400000	19297	NA
p004	12	Picture	feedback	405061	0	1	20687	1	0	next	other	0
p004	12	Pulse	199	410000	4939	NA
p004	12	Pulse	199	420000	14939	NA
p004	13	Picture	fix	425748	0	1	17684	1	0	next	other	0
p004	13	Pulse	199	430000	4252	NA
p004	13	Pulse	199	440000	14252	NA
p004	15	Picture	stim	443433	0	1	25192	1	0	25000	hit	61
p004	15	Pulse	199	450000	6567	NA
p004	15	Pulse	199	460000	16567	NA
p004	15	Response	16	466809	23376	1
p004	16	Picture	fix2	468791	0	1	23524	1	0	next	other	0
p004	16	Pulse	199	470000	1209	NA
p004	16	Pulse	199	480000	11209	NA
p004	16	Pulse	199	490000	21209	NA
p004	17	Picture	feedback	492315	0	1	20687	1	0	next	other	0
p004	17	Pulse	199	500000	7685	NA
p004	17	Pulse	199	510000	17685	NA
p004	18	Picture	fix	513002	0	1	26860	1	0	next	other	0
p004	18	Pulse	199	520000	6998	NA
p004	18	Pulse	199	530000	16998	NA
p004	20	Picture	stim	539862	0	1	25192	1	0	25000	miss	0
p004	20	Pulse	199	540000	138	NA
p004	20	Pulse	199	550000	10138	NA
p004	20	Pulse	199	560000	20138	NA
p004	21	Picture	fix2	565054	0	1	24191	1	0	next	other	0
p004	21	Response	16	567690	2636	1
p004	21	Pulse	199	570000	4946	NA
p004	21	Response	32	573770	8716	1
p004	21	Pulse	199	580000	14946	NA
p004	22	Picture	feedback	589245	0	1	20687	1	0	next	other	0
p004	22	Pulse	199	590000	755	NA
p004	22	Pulse	199	600000	10755	NA
p004	23	Picture	fix	609932	0	1	28028	1	0	next	other	0
p004	23	Pulse	199	610000	68	NA
p004	23	Pulse	199	620000	10068	NA
p004	23	Pulse	199	630000	20068	NA
p004	25	Picture	stim	637960	0	1	25192	1	0	25000	incorrect	91
p004	25	Pulse	199	640000	2040	NA
p004	25	Pulse	199	650000	12040	NA
p004	25	Response	32	656968	19008	1
p004	25	Pulse	199	660000	22040	NA
p004	26	Picture	fix2	663152	0	1	13347	1	0	next	other	0
p004	26	Pulse	199	670000	6848	NA
p004	27	Picture	feedback	676499	0	1	20187	1	0	next	other	0
p004	27	Pulse	199	680000	3501	NA
p004	27	Pulse	199	690000	13501	NA
p004	28	Picture	fix	696686	0	1	34034	1	0	next	other	0
p004	28	Pulse	199	700000	3314	NA
p004	28	Pulse	199	710000	13314	NA
p004	28	Pulse	199	720000	23314	NA
p004	28	Pulse	199	730000	33314	NA
p004	30	Picture	stim	730720	0	1	25192	1	0	25000	incorrect	106
p004	30	Pulse	199	740000	9280	NA
p004	30	Pulse	199	750000	19280	NA
p004	30	Response	32	752489	21769	1
p004	31	Picture	fix2	755912	0	1	16850	1	0	next	other	0
p004	31	Pulse	199	760000	4088	NA
p004	31	Pulse	199	770000	14088	NA
p004	32	Picture	feedback	772762	0	1	20187	1	0	next	other	0
p004	32	Pulse	199	780000	7238	NA
p004	32	Pulse	199	790000	17238	NA
p004	33	Picture	fix	792949	0	1	28529	1	0	next	other	0
p004	33	Pulse	199	800000	7051	NA
p004	33	Pulse	199	810000	17051	NA
p004	33	Pulse	199	820000	27051	NA
p004	35	Picture	stim	821477	0	1	25192	1	0	25000	hit	120
p004	35	Pulse	199	830000	8523	NA
p004	35	Pulse	199	840000	18523	NA
p004	35	Response	16	840411	18934	1
p004	36	Picture	fix2	846836	0	1	29363	1	0	next	other	0
p004	36	Pulse	199	850000	3164	NA
p004	36	Pulse	199	860000	13164	NA
p004	36	Pulse	199	870000	23164	NA
p004	37	Picture	feedback	876198	0	1	20187	1	0	next	other	0
p004	37	Pulse	199	880000	3802	NA
p004	37	Pulse	199	890000	13802	NA
p004	38	Picture	fix	896385	0	1	22022	1	0	next	other	0
p004	38	Pulse	199	900000	3615	NA
p004	38	Pulse	199	910000	13615	NA
p004	40	Picture	stim	918407	0	1	25192	1	0	25000	incorrect	134
p004	40	Pulse	199	920000	1593	NA
p004	40	Pulse	199	930000	11593	NA
p004	40	Response	32	937128	18721	1
p004	40	Pulse	199	940000	21593	NA
p004	41	Picture	fix2	943599	0	1	13013	1	0	next	other	0
p004	41	Pulse	199	950000	6401	NA
p004	42	Picture	feedback	956612	0	1	20187	1	0	next	other	0
p004	42	Pulse	199	960000	3388	NA
p004	42	Pulse	199	970000	13388	NA
p004	43	Picture	fix	976799	0	1	27361	1	0	next	other	0
p004	43	Pulse	199	980000	3201	NA
p004	43	Pulse	199	990000	13201	NA
p004	43	Pulse	199	1000000	23201	NA
p004	45	Picture	stim	1004160	0	1	25192	1	0	25000	incorrect	148
p004	45	Pulse	199	1010000	5840	NA
p004	45	Pulse	199	1020000	15840	NA
p004	45	Response	32	1023370	19211	1
p004	46	Picture	fix2	1029351	0	1	21355	1	0	next	other	0
p004	46	Pulse	199	1030000	649	NA
p004	46	Pulse	199	1040000	10649	NA
p004	46	Pulse	199	1050000	20649	NA
p004	47	Picture	feedback	1050706	0	1	20187	1	0	next	other	0
p004	47	Pulse	199	1060000	9294	NA
p004	47	Pulse	199	1070000	19294	NA
p004	48	Picture	fix	1070893	0	1	29696	1	0	next	other	0
p004	48	Pulse	199	1080000	9107	NA
p004	48	Pulse	199	1090000	19107	NA
p004	48	Pulse	199	1100000	29107	NA
p004	50	Picture	stim	1100589	0	1	25192	1	0	25000	miss	0
p004	50	Pulse	199	1110000	9411	NA
p004	50	Pulse	199	1120000	19411	NA
p004	51	Picture	fix2	1125948	0	1	11178	1	0	next	other	0
p004	51	Pulse	199	1130000	4052	NA
p004	52	Picture	feedback	1137126	0	1	20187	1	0	next	other	0
p004	52	Pulse	199	1140000	2874	NA
p004	52	Pulse	199	1150000	12874	NA
p004	53	Picture	fix	1157313	0	1	28529	1	0	next	other	0
p004	53	Pulse	199	1160000	2687	NA
p004	53	Pulse	199	1170000	12687	NA
p004	53	Pulse	199	1180000	22687	NA
p004	55	Picture	stim	1185841	0	1	25192	1	0	25000	hit	175
p004	55	Pulse	199	1190000	4159	NA
p004	55	Pulse	199	1200000	14159	NA
p004	55	Response	16	1209848	24007	1
p004	55	Pulse	199	1210000	24159	NA
p004	56	Picture	fix2	1211033	0	1	16350	1	0	next	other	0
p004	56	Pulse	199	1220000	8967	NA
p004	57	Picture	feedback	1227383	0	1	20187	1	0	next	other	0
p004	57	Pulse	199	1230000	2617	NA
p004	57	Pulse	199	1240000	12617	NA
p004	58	Picture	fix	1247569	0	1	24858	1	0	next	other	0
p004	58	Pulse	199	1250000	2431	NA
p004	58	Pulse	199	1260000	12431	NA
p004	58	Pulse	199	1270000	22431	NA
p004	60	Picture	stim	1272428	0	1	25192	1	0	25000	miss	0
p004	60	Pulse	199	1280000	7572	NA
p004	60	Pulse	199	1290000	17572	NA
p004	61	Picture	fix2	1297619	0	1	9176	1	0	next	other	0
p004	61	Response	16	1299050	1431	1
p004	61	Pulse	199	1300000	2381	NA
p004	62	Picture	feedback	1306795	0	1	20187	1	0	next	other	0
p004	62	Pulse	199	1310000	3205	NA
p004	62	Pulse	199	1320000	13205	NA
p004	63	Picture	fix	1326982	0	1	19353	1	0	next	other	0
p004	63	Pulse	199	1330000	3018	NA
p004	63	Pulse	199	1340000	13018	NA
p004	65	Picture	stim	1346335	0	1	25192	1	0	25000	incorrect	201
p004	65	Pulse	199	1350000	3665	NA
p004	65	Pulse	199	1360000	13665	NA
p004	65	Response	32	1360970	14635	1
p004	65	Pulse	199	1370000	23665	NA
p004	66	Picture	fix2	1371527	0	1	26360	1	0	next	other	0
p004	66	Pulse	199	1380000	8473	NA
p004	66	Pulse	199	1390000	18473	NA
p004	67	Picture	feedback	1397886	0	1	20187	1	0	next	other	0
p004	67	Pulse	199	1400000	2114	NA
p004	67	Pulse	199	1410000	12114	NA
p004	68	Picture	fix	1418073	0	1	29196	1	0	next	other	0
p004	68	Pulse	199	1420000	1927	NA
p004	68	Pulse	199	1430000	11927	NA
p004	68	Pulse	199	1440000	21927	NA
p004	70	Picture	stim	1447269	0	1	25192	1	0	25000	incorrect	216
p004	70	Pulse	199	1450000	2731	NA
p004	70	Pulse	199	1460000	12731	NA
p004	70	Response	32	1468888	21619	1
p004	70	Pulse	199	1470000	22731	NA
p004	71	Picture	fix2	1472461	0	1	16683	1	0	next	other	0
p004	71	Pulse	199	1480000	7539	NA
p004	72	Picture	feedback	1489144	0	1	20187	1	0	next	other	0
p004	72	Pulse	199	1490000	856	NA
p004	72	Pulse	199	1500000	10856	NA
p004	73	Picture	fix	1509331	0	1	30864	1	0	next	other	0
p004	73	Pulse	199	1510000	669	NA
p004	73	Pulse	199	1520000	10669	NA
p004	73	Pulse	199	1530000	20669	NA
p004	74	Pulse	199	1540000	8	NA
p004	75	Picture	stim	1540195	0	1	25192	1	0	25000	incorrect	230
p004	75	Pulse	199	1550000	9805	NA
p004	75	Response	32	1552569	12373	1
p004	75	Pulse	199	1560000	19805	NA
p004	76	Picture	fix2	1565387	0	1	16183	1	0	next	other	0
p004	76	Pulse	199	1570000	4613	NA
p004	76	Pulse	199	1580000	14613	NA
p004	77	Picture	feedback	1581570	0	1	20187	1	0	next	other	0
p004	77	Pulse	199	1590000	8430	NA
p004	77	Pulse	199	1600000	18430	NA
p004	78	Picture	fix	1601757	0	1	26860	1	0	next	other	0
p004	78	Pulse	199	1610000	8243	NA
p004	78	Pulse	199	1620000	18243	NA
p004	80	Picture	stim	1628617	0	1	25192	1	0	25000	hit	244
p004	80	Pulse	199	1630000	1383	NA
p004	80	Pulse	199	1640000	11383	NA
p004	80	Response	16	1647448	18832	1
p004	80	Pulse	199	1650000	21383	NA
p004	81	Picture	fix2	1653809	0	1	17351	1	0	next	other	0
p004	81	Pulse	199	1660000	6191	NA
p004	81	Pulse	199	1670000	16191	NA
p004	82	Picture	feedback	1671159	0	1	20187	1	0	next	other	0
p004	82	Pulse	199	1680000	8841	NA
p004	82	Pulse	199	1690000	18841	NA
p004	83	Picture	fix	1691346	0	1	29029	1	0	next	other	0
p004	83	Pulse	199	1700000	8654	NA
p004	83	Pulse	199	1710000	18654	NA
p004	83	Pulse	199	1720000	28654	NA
p004	85	Picture	stim	1720375	0	1	25192	1	0	25000	incorrect	259
p004	85	Pulse	199	1730000	9625	NA
p004	85	Pulse	199	1740000	19625	NA
p004	85	Response	32	1740969	20594	1
p004	86	Picture	fix2	1745567	0	1	16016	1	0	next	other	0
p004	86	Pulse	199	1750000	4433	NA
p004	86	Pulse	199	1760000	14433	NA
p004	87	Picture	feedback	1761583	0	1	20187	1	0	next	other	0
p004	87	Pulse	199	1770000	8417	NA
p004	87	Pulse	199	1780000	18417	NA
p004	88	Picture	fix	1781770	0	1	29363	1	0	next	other	0
p004	88	Pulse	199	1790000	8230	NA
p004	88	Pulse	199	1800000	18230	NA
p004	88	Pulse	199	1810000	28230	NA
p004	90	Picture	stim	1811132	0	1	25192	1	0	25000	hit	273
p004	90	Pulse	199	1820000	8868	NA
p004	90	Pulse	199	1830000	18868	NA
p004	90	Response	16	1834650	23517	1
p004	91	Picture	fix2	1836324	0	1	21688	1	0	next	other	0
p004	91	Pulse	199	1840000	3676	NA
p004	91	Pulse	199	1850000	13676	NA
p004	92	Picture	feedback	1858013	0	1	20187	1	0	next	other	0
p004	92	Pulse	199	1860000	1987	NA
p004	92	Pulse	199	1870000	11987	NA
p004	93	Picture	fix	1878199	0	1	25526	1	0	next	other	0
p004	93	Pulse	199	1880000	1801	NA
p004	93	Pulse	199	1890000	11801	NA
p004	93	Pulse	199	1900000	21801	NA
p004	95	Picture	stim	1903725	0	1	25192	1	0	25000	incorrect	287
p004	95	Pulse	199	1910000	6275	NA
p004	95	Pulse	199	1920000	16275	NA
p004	95	Response	32	1927210	23485	1
p004	96	Picture	fix2	1928917	0	1	10844	1	0	next	other	0
p004	96	Pulse	199	1930000	1083	NA
p004	97	Picture	feedback	1939761	0	1	20187	1	0	next	other	0
p004	97	Pulse	199	1940000	239	NA
p004	97	Pulse	199	1950000	10239	NA
p004	98	Picture	fix	1959948	0	1	22022	1	0	next	other	0
p004	98	Pulse	199	1960000	52	NA
p004	98	Pulse	199	1970000	10052	NA
p004	98	Pulse	199	1980000	20052	NA
p004	100	Picture	stim	1981970	0	1	25192	1	0	25000	hit	299
p004	100	Pulse	199	1990000	8030	NA
p004	100	Response	16	1994570	12600	1
p004	100	Pulse	199	2000000	18030	NA
p004	101	Picture	fix2	2007162	0	1	17851	1	0	next	other	0
p004	101	Pulse	199	2010000	2838	NA
p004	101	Pulse	199	2020000	12838	NA
p004	102	Picture	feedback	2025013	0	1	20187	1	0	next	other	0
p004	102	Pulse	199	2030000	4987	NA
p004	102	Pulse	199	2040000	14987	NA
p004	103	Picture	fix	2045200	0	1	31198	1	0	next	other	0
p004	103	Pulse	199	2050000	4800	NA
p004	103	Pulse	199	2060000	14800	NA
p004	103	Pulse	199	2070000	24800	NA
p004	105	Picture	stim	2076397	0	1	25192	1	0	25000	hit	313
p004	105	Pulse	199	2080000	3603	NA
p004	105	Response	16	2087529	11131	1
p004	105	Pulse	199	2090000	13603	NA
p004	105	Pulse	199	2100000	23603	NA
p004	106	Picture	fix2	2101756	0	1	15849	1	0	next	other	0
p004	106	Pulse	199	2110000	8244	NA
p004	107	Picture	feedback	2117605	0	1	20187	1	0	next	other	0
p004	107	Pulse	199	2120000	2395	NA
p004	107	Pulse	199	2130000	12395	NA
p004	108	Picture	fix	2137792	0	1	22856	1	0	next	other	0
p004	108	Pulse	199	2140000	2208	NA
p004	108	Pulse	199	2150000	12208	NA
p004	108	Pulse	199	2160000	22208	NA
p004	110	Picture	stim	2160648	0	1	25192	1	0	25000	incorrect	327
p004	110	Pulse	199	2170000	9352	NA
p004	110	Response	32	2171770	11122	1
p004	110	Pulse	199	2180000	19352	NA
p004	111	Picture	fix2	2185840	0	1	14681	1	0	next	other	0
p004	111	Pulse	199	2190000	4160	NA
p004	111	Pulse	199	2200000	14160	NA
p004	112	Picture	feedback	2200521	0	1	20187	1	0	next	other	0
p004	112	Pulse	199	2210000	9479	NA
p004	112	Pulse	199	2220000	19479	NA
p004	113	Picture	fix	2220708	0	1	22356	1	0	next	other	0
p004	113	Pulse	199	2230000	9292	NA
p004	113	Pulse	199	2240000	19292	NA
p004	115	Picture	stim	2243064	0	1	25192	1	0	25000	incorrect	341
p004	115	Pulse	199	2250000	6936	NA
p004	115	Pulse	199	2260000	16936	NA
p004	115	Response	32	2260249	17186	1
p004	116	Picture	fix2	2268256	0	1	21688	1	0	next	other	0
p004	116	Pulse	199	2270000	1744	NA
p004	116	Pulse	199	2280000	11744	NA
p004	117	Picture	feedback	2289944	0	1	20187	1	0	next	other	0
p004	117	Pulse	199	2290000	56	NA
p004	117	Pulse	199	2300000	10056	NA
p004	117	Pulse	199	2310000	20056	NA
p004	118	Picture	fix	2310131	0	1	33200	1	0	next	other	0
p004	118	Pulse	199	2320000	9869	NA
p004	118	Pulse	199	2330000	19869	NA
p004	118	Pulse	199	2340000	29869	NA
p004	120	Picture	stim	2343331	0	1	25192	1	0	25000	hit	356
p004	120	Pulse	199	2350000	6669	NA
p004	120	Pulse	199	2360000	16669	NA
p004	120	Response	16	2361770	18439	1
p004	121	Picture	fix2	2368523	0	1	21355	1	0	next	other	0
p004	121	Pulse	199	2370000	1477	NA
p004	121	Pulse	199	2380000	11477	NA
p004	122	Picture	feedback	2389877	0	1	20187	1	0	next	other	0
p004	122	Pulse	199	2390000	123	NA
p004	122	Pulse	199	2400000	10123	NA
p004	122	Pulse	199	2410000	20123	NA
p004	123	Picture	fix	2410064	0	1	22356	1	0	next	other	0
p004	123	Pulse	199	2420000	9936	NA
p004	123	Pulse	199	2430000	19936	NA
p004	125	Picture	stim	2432420	0	1	25192	1	0	25000	hit	369
p004	125	Pulse	199	2440000	7580	NA
p004	125	Response	16	2441450	9031	1
p004	125	Pulse	199	2450000	17580	NA
p004	126	Picture	fix2	2457612	0	1	20020	1	0	next	other	0
p004	126	Pulse	199	2460000	2388	NA
p004	126	Pulse	199	2470000	12388	NA
p004	127	Picture	feedback	2477632	0	1	20187	1	0	next	other	0
p004	127	Pulse	199	2480000	2368	NA
p004	127	Pulse	199	2490000	12368	NA
p004	128	Picture	fix	2497818	0	1	32199	1	0	next	other	0
p004	128	Pulse	199	2500000	2182	NA
p004	128	Pulse	199	2510000	12182	NA
p004	128	Pulse	199	2520000	22182	NA
p004	129	Pulse	199	2530000	181	NA
p004	130	Picture	stim	2530017	0	1	25192	1	0	25000	hit	384
p004	130	Pulse	199	2540000	9983	NA
p004	130	Response	16	2546489	16471	1
p004	130	Pulse	199	2550000	19983	NA
p004	131	Picture	fix2	2555209	0	1	21355	1	0	next	other	0
p004	131	Pulse	199	2560000	4791	NA
p004	131	Pulse	199	2570000	14791	NA
p004	132	Picture	feedback	2576564	0	1	20187	1	0	next	other	0
p004	132	Pulse	199	2580000	3436	NA
p004	132	Pulse	199	2590000	13436	NA
p004	133	Picture	fix	2596751	0	1	28862	1	0	next	other	0
p004	133	Pulse	199	2600000	3249	NA
p004	133	Pulse	199	2610000	13249	NA
p004	133	Pulse	199	2620000	23249	NA
p004	135	Picture	stim	2625613	0	1	25192	1	0	25000	hit	398
p004	135	Pulse	199	2630000	4387	NA
p004	135	Response	16	2635768	10155	1
p004	135	Pulse	199	2640000	14387	NA
p004	135	Pulse	199	2650000	24387	NA
p004	136	Picture	fix2	2650805	0	1	22356	1	0	next	other	0
p004	136	Pulse	199	2660000	9195	NA
p004	136	Pulse	199	2670000	19195	NA
p004	137	Picture	feedback	2673160	0	1	20187	1	0	next	other	0
p004	137	Pulse	199	2680000	6840	NA
p004	137	Pulse	199	2690000	16840	NA
p004	138	Picture	fix	2693347	0	1	23524	1	0	next	other	0
p004	138	Pulse	199	2700000	6653	NA
p004	138	Pulse	199	2710000	16653	NA
p004	140	Picture	stim	2716871	0	1	25192	1	0	25000	hit	413
p004	140	Pulse	199	2720000	3129	NA
p004	140	Pulse	199	2730000	13129	NA
p004	140	Response	16	2734169	17298	1
p004	140	Pulse	199	2740000	23129	NA
p004	141	Picture	fix2	2742229	0	1	13847	1	0	next	other	0
p004	141	Pulse	199	2750000	7771	NA
p004	142	Picture	feedback	2756076	0	1	20187	1	0	next	other	0
p004	142	Pulse	199	2760000	3924	NA
p004	142	Pulse	199	2770000	13924	NA
p004	143	Picture	fix	2776263	0	1	21521	1	0	next	other	0
p004	143	Pulse	199	2780000	3737	NA
p004	143	Pulse	199	2790000	13737	NA
p004	145	Picture	stim	2797785	0	1	25192	1	0	25000	hit	426
p004	145	Pulse	199	2800000	2215	NA
p004	145	Pulse	199	2810000	12215	NA
p004	145	Response	16	2817849	20064	1
p004	145	Pulse	199	2820000	22215	NA
p004	146	Picture	fix2	2822977	0	1	14014	1	0	next	other	0
p004	146	Pulse	199	2830000	7023	NA
p004	147	Picture	feedback	2836991	0	1	20187	1	0	next	other	0
p004	147	Pulse	199	2840000	3009	NA
p004	147	Pulse	199	2850000	13009	NA
p004	148	Picture	fix	2857177	0	1	26860	1	0	next	other	0
p004	148	Pulse	199	2860000	2823	NA
p004	148	Pulse	199	2870000	12823	NA
p004	148	Pulse	199	2880000	22823	NA
p004	150	Picture	stim	2884038	0	1	25192	1	0	25000	hit	439
p004	150	Pulse	199	2890000	5962	NA
p004	150	Response	16	2895849	11811	1
p004	150	Pulse	199	2900000	15962	NA
p004	151	Picture	fix2	2909396	0	1	15182	1	0	next	other	0
p004	151	Pulse	199	2910000	604	NA
p004	151	Pulse	199	2920000	10604	NA
p004	152	Picture	feedback	2924578	0	1	20187	1	0	next	other	0
p004	152	Pulse	199	2930000	5422	NA
p004	152	Pulse	199	2940000	15422	NA
p004	153	Picture	fix	2944765	0	1	17518	1	0	next	other	0
p004	153	Pulse	199	2950000	5235	NA
p004	153	Pulse	199	2960000	15235	NA
p004	155	Picture	stim	2962282	0	1	25192	1	0	25000	hit	452
p004	155	Pulse	199	2970000	7718	NA
p004	155	Response	16	2970169	7887	1
p004	155	Pulse	199	2980000	17718	NA
p004	156	Picture	fix2	2987474	0	1	16683	1	0	next	other	0
p004	156	Pulse	199	2990000	2526	NA
p004	156	Pulse	199	3000000	12526	NA
p004	157	Picture	feedback	3004158	0	1	20187	1	0	next	other	0
p004	157	Pulse	199	3010000	5842	NA
p004	157	Pulse	199	3020000	15842	NA
p004	158	Picture	fix	3024344	0	1	23524	1	0	next	other	0
p004	158	Pulse	199	3030000	5656	NA
p004	158	Pulse	199	3040000	15656	NA
p004	160	Picture	stim	3047868	0	1	25192	1	0	25000	incorrect	466
p004	160	Pulse	199	3050000	2132	NA
p004	160	Pulse	199	3060000	12132	NA
p004	160	Response	32	3060491	12623	1
p004	160	Pulse	199	3070000	22132	NA
p004	161	Picture	fix2	3073060	0	1	18018	1	0	next	other	0
p004	161	Pulse	199	3080000	6940	NA
p004	161	Pulse	199	3090000	16940	NA
p004	162	Picture	feedback	3091078	0	1	20187	1	0	next	other	0
p004	162	Pulse	199	3100000	8922	NA
p004	162	Pulse	199	3110000	18922	NA
p004	163	Picture	fix	3111265	0	1	24524	1	0	next	other	0
p004	163	Pulse	199	3120000	8735	NA
p004	163	Pulse	199	3130000	18735	NA
p004	165	Picture	stim	3135789	0	1	25192	1	0	25000	incorrect	479
p004	165	Pulse	199	3140000	4211	NA
p004	165	Response	32	3148488	12699	1
p004	165	Pulse	199	3150000	14211	NA
p004	165	Pulse	199	3160000	24211	NA
p004	166	Picture	fix2	3161148	0	1	20520	1	0	next	other	0
p004	166	Pulse	199	3170000	8852	NA
p004	166	Pulse	199	3180000	18852	NA
p004	167	Picture	feedback	3181668	0	1	20187	1	0	next	other	0
p004	167	Pulse	199	3190000	8332	NA
p004	167	Pulse	199	3200000	18332	NA
p004	168	Picture	fix	3201855	0	1	26527	1	0	next	other	0
p004	168	Pulse	199	3210000	8145	NA
p004	168	Pulse	199	3220000	18145	NA
p004	170	Picture	stim	3228382	0	1	25192	1	0	25000	hit	493
p004	170	Pulse	199	3230000	1618	NA
p004	170	Response	16	3238970	10589	1
p004	170	Pulse	199	3240000	11618	NA
p004	170	Pulse	199	3250000	21618	NA
p004	171	Picture	fix2	3253573	0	1	16517	1	0	next	other	0
p004	171	Pulse	199	3260000	6427	NA
p004	171	Pulse	199	3270000	16427	NA
p004	172	Picture	feedback	3270090	0	1	20187	1	0	next	other	0
p004	172	Pulse	199	3280000	9910	NA
p004	172	Pulse	199	3290000	19910	NA
p004	173	Picture	fix	3290277	0	1	35869	1	0	next	other	0
p004	173	Pulse	199	3300000	9723	NA
p004	173	Pulse	199	3310000	19723	NA
p004	173	Pulse	199	3320000	29723	NA
p004	175	Picture	stim	3326146	0	1	25192	1	0	25000	incorrect	508
p004	175	Pulse	199	3330000	3854	NA
p004	175	Response	32	3336570	10424	1
p004	175	Pulse	199	3340000	13854	NA
p004	175	Pulse	199	3350000	23854	NA
p004	176	Picture	fix2	3351338	0	1	18685	1	0	next	other	0
p004	176	Pulse	199	3360000	8662	NA
p004	176	Pulse	199	3370000	18662	NA
p004	177	Picture	feedback	3370023	0	1	20187	1	0	next	other	0
p004	177	Pulse	199	3380000	9977	NA
p004	177	Pulse	199	3390000	19977	NA
p004	178	Picture	fix	3390210	0	1	23690	1	0	next	other	0
p004	178	Pulse	199	3400000	9790	NA
p004	178	Pulse	199	3410000	19790	NA
p004	180	Picture	stim	3413900	0	1	25192	1	0	25000	hit	523
p004	180	Pulse	199	3420000	6100	NA
p004	180	Pulse	199	3430000	16100	NA
p004	180	Response	16	3430970	17070	1
p004	181	Picture	fix2	3439092	0	1	22022	1	0	next	other	0
p004	181	Pulse	199	3440000	908	NA
p004	181	Pulse	199	3450000	10908	NA
p004	181	Pulse	199	3460000	20908	NA
p004	182	Picture	feedback	3461114	0	1	20187	1	0	next	other	0
p004	182	Pulse	199	3470000	8886	NA
p004	182	Pulse	199	3480000	18886	NA
p004	183	Picture	fix	3481301	0	1	23690	1	0	next	other	0
p004	183	Pulse	199	3490000	8699	NA
p004	183	Pulse	199	3500000	18699	NA
p004	185	Picture	stim	3504991	0	1	25192	1	0	25000	hit	536
p004	185	Pulse	199	3510000	5009	NA
p004	185	Response	16	3516570	11578	1
p004	185	Pulse	199	3520000	15009	NA
p004	185	Pulse	199	3530000	25009	NA
p004	186	Picture	fix2	3530350	0	1	27694	1	0	next	other	0
p004	186	Pulse	199	3540000	9650	NA
p004	186	Pulse	199	3550000	19650	NA
p004	187	Picture	feedback	3558044	0	1	20187	1	0	next	other	0
p004	187	Pulse	199	3560000	1956	NA
p004	187	Pulse	199	3570000	11956	NA
p004	188	Picture	fix	3578231	0	1	20020	1	0	next	other	0
p004	188	Pulse	199	3580000	1769	NA
p004	188	Pulse	199	3590000	11769	NA
p004	190	Picture	stim	3598251	0	1	25192	1	0	25000	incorrect	550
p004	190	Pulse	199	3600000	1749	NA
p004	190	Response	32	3606330	8079	1
p004	190	Pulse	199	3610000	11749	NA
p004	190	Pulse	199	3620000	21749	NA
p004	191	Picture	fix2	3623610	0	1	26193	1	0	next	other	0
p004	191	Pulse	199	3630000	6390	NA
p004	191	Pulse	199	3640000	16390	NA
p004	192	Picture	feedback	3649803	0	1	20187	1	0	next	other	0
p004	192	Pulse	199	3650000	197	NA
p004	192	Pulse	199	3660000	10197	NA
p004	193	Picture	fix	3669989	0	1	30030	1	0	next	other	0
p004	193	Pulse	199	3670000	11	NA
p004	193	Pulse	199	3680000	10011	NA
p004	193	Pulse	199	3690000	20011	NA
p004	194	Pulse	199	3700000	150	NA
p004	195	Picture	stim	3700019	0	1	25192	1	0	25000	incorrect	565
p004	195	Response	32	3709529	9510	1
p004	195	Pulse	199	3710000	9981	NA
p004	195	Pulse	199	3720000	19981	NA
p004	196	Picture	fix2	3725211	0	1	20520	1	0	next	other	0
p004	196	Pulse	199	3730000	4789	NA
p004	196	Pulse	199	3740000	14789	NA
p004	197	Picture	feedback	3745732	0	1	20187	1	0	next	other	0
p004	197	Pulse	199	3750000	4268	NA
p004	197	Pulse	199	3760000	14268	NA
p004	198	Picture	fix	3765919	0	1	25192	1	0	next	other	0
p004	198	Pulse	199	3770000	4081	NA
p004	198	Pulse	199	3780000	14081	NA
p004	198	Pulse	199	3790000	24081	NA
p004	200	Picture	stim	3791110	0	1	25192	1	0	25000	hit	580
p004	200	Pulse	199	3800000	8890	NA
p004	200	Response	16	3808889	17779	1
p004	200	Pulse	199	3810000	18890	NA
p004	201	Picture	fix2	3816302	0	1	16016	1	0	next	other	0
p004	201	Pulse	199	3820000	3698	NA
p004	201	Pulse	199	3830000	13698	NA
p004	202	Picture	feedback	3832318	0	1	20187	1	0	next	other	0
p004	202	Pulse	199	3840000	7682	NA
p004	202	Pulse	199	3850000	17682	NA
p004	203	Picture	fix	3852505	0	1	19019	1	0	next	other	0
p004	203	Pulse	199	3860000	7495	NA
p004	203	Pulse	199	3870000	17495	NA
p004	205	Picture	stim	3871524	0	1	25192	1	0	25000	incorrect	593
p004	205	Pulse	199	3880000	8476	NA
p004	205	Response	32	3885051	13527	1
p004	205	Pulse	199	3890000	18476	NA
p004	206	Picture	fix2	3896716	0	1	25859	1	0	next	other	0
p004	206	Pulse	199	3900000	3284	NA
p004	206	Pulse	199	3910000	13284	NA
p004	206	Pulse	199	3920000	23284	NA
p004	207	Picture	feedback	3922575	0	1	20187	1	0	next	other	0
p004	207	Pulse	199	3930000	7425	NA
p004	207	Pulse	199	3940000	17425	NA
p004	208	Picture	fix	3942762	0	1	28862	1	0	next	other	0
p004	208	Pulse	199	3950000	7238	NA
p004	208	Pulse	199	3960000	17238	NA
p004	208	Pulse	199	3970000	27238	NA
p004	210	Picture	stim	3971624	0	1	25192	1	0	25000	incorrect	607
p004	210	Response	32	3979368	7744	1
p004	210	Pulse	199	3980000	8376	NA
p004	210	Pulse	199	3990000	18376	NA
p004	211	Picture	fix2	3996816	0	1	22523	1	0	next	other	0
p004	211	Pulse	199	4000000	3184	NA
p004	211	Pulse	199	4010000	13184	NA
p004	212	Picture	feedback	4019338	0	1	20187	1	0	next	other	0
p004	212	Pulse	199	4020000	662	NA
p004	212	Pulse	199	4030000	10662	NA
p004	213	Picture	fix	4039525	0	1	26360	1	0	next	other	0
p004	213	Pulse	199	4040000	475	NA
p004	213	Pulse	199	4050000	10475	NA
p004	213	Pulse	199	4060000	20475	NA
p004	215	Picture	stim	4065885	0	1	25192	1	0	25000	incorrect	623
p004	215	Pulse	199	4070000	4115	NA
p004	215	Pulse	199	4080000	14115	NA
p004	215	Response	32	4080649	14764	1
p004	215	Pulse	199	4090000	24115	NA
p004	216	Picture	fix2	4091077	0	1	25859	1	0	next	other	0
p004	216	Pulse	199	4100000	8923	NA
p004	216	Pulse	199	4110000	18923	NA
p004	217	Picture	feedback	4116936	0	1	20187	1	0	next	other	0
p004	217	Pulse	199	4120000	3064	NA
p004	217	Pulse	199	4130000	13064	NA
p004	218	Picture	fix	4137123	0	1	18685	1	0	next	other	0
p004	218	Pulse	199	4140000	2877	NA
p004	218	Pulse	199	4150000	12877	NA
p004	220	Picture	stim	4155808	0	1	25192	1	0	25000	hit	637
p004	220	Pulse	199	4160000	4192	NA
p004	220	Pulse	199	4170000	14192	NA
p004	220	Response	16	4173691	17883	1
p004	220	Pulse	199	4180000	24192	NA
p004	221	Picture	fix2	4181000	0	1	21855	1	0	next	other	0
p004	221	Pulse	199	4190000	9000	NA
p004	221	Pulse	199	4200000	19000	NA
p004	222	Picture	feedback	4202855	0	1	20187	1	0	next	other	0
p004	222	Pulse	199	4210000	7145	NA
p004	222	Pulse	199	4220000	17145	NA
p004	223	Picture	fix	4223042	0	1	24691	1	0	next	other	0
p004	223	Pulse	199	4230000	6958	NA
p004	223	Pulse	199	4240000	16958	NA
p004	225	Picture	stim	4247733	0	1	25192	1	0	25000	hit	650
p004	225	Pulse	199	4250000	2267	NA
p004	225	Response	16	4258010	10276	1
p004	225	Pulse	199	4260000	12267	NA
p004	225	Pulse	199	4270000	22267	NA
p004	226	Picture	fix2	4273092	0	1	29029	1	0	next	other	0
p004	226	Pulse	199	4280000	6908	NA
p004	226	Pulse	199	4290000	16908	NA
p004	226	Pulse	199	4300000	26908	NA
p004	227	Picture	feedback	4302121	0	1	20187	1	0	next	other	0
p004	227	Pulse	199	4310000	7879	NA
p004	227	Pulse	199	4320000	17879	NA
p004	228	Picture	fix	4322308	0	1	16350	1	0	next	other	0
p004	228	Pulse	199	4330000	7692	NA
p004	230	Picture	stim	4338657	0	1	25192	1	0	25000	incorrect	665
p004	230	Pulse	199	4340000	1343	NA
p004	230	Pulse	199	4350000	11343	NA
p004	230	Response	32	4357769	19112	1
p004	230	Pulse	199	4360000	21343	NA
p004	231	Picture	fix2	4363849	0	1	14681	1	0	next	other	0
p004	231	Pulse	199	4370000	6151	NA
p004	232	Picture	feedback	4378531	0	1	20187	1	0	next	other	0
p004	232	Pulse	199	4380000	1469	NA
p004	232	Pulse	199	4390000	11469	NA
p004	233	Picture	fix	4398717	0	1	20521	1	0	next	other	0
p004	233	Pulse	199	4400000	1283	NA
p004	233	Pulse	199	4410000	11283	NA
p004	235	Picture	stim	4419238	0	1	25192	1	0	25000	incorrect	679
p004	235	Pulse	199	4420000	762	NA
p004	235	Pulse	199	4430000	10762	NA
p004	235	Pulse	199	4440000	20762	NA
p004	235	Response	32	4440410	21172	1
p004	236	Picture	fix2	4444430	0	1	11512	1	0	next	other	0
p004	236	Pulse	199	4450000	5570	NA
p004	237	Picture	feedback	4455941	0	1	20187	1	0	next	other	0
p004	237	Pulse	199	4460000	4059	NA
p004	237	Pulse	199	4470000	14059	NA
p004	238	Picture	fix	4476128	0	1	37538	1	0	next	other	0
p004	238	Pulse	199	4480000	3872	NA
p004	238	Pulse	199	4490000	13872	NA
p004	238	Pulse	199	4500000	23872	NA
p004	238	Pulse	199	4510000	33872	NA
p004	240	Picture	stim	4513666	0	1	25192	1	0	25000	hit	693
p004	240	Pulse	199	4520000	6334	NA
p004	240	Pulse	199	4530000	16334	NA
p004	240	Response	16	4534329	20663	1
p004	241	Picture	fix2	4538857	0	1	23357	1	0	next	other	0
p004	241	Pulse	199	4540000	1143	NA
p004	241	Pulse	199	4550000	11143	NA
p004	241	Pulse	199	4560000	21143	NA
p004	242	Picture	feedback	4562214	0	1	20187	1	0	next	other	0
p004	242	Pulse	199	4570000	7786	NA
p004	242	Pulse	199	4580000	17786	NA
p004	243	Picture	100	4582401	0	1	80080	1	0	80000	other	0
p004	243	Pulse	199	4590000	7599	NA
p004	243	Pulse	199	4600000	17599	NA
p004	243	Pulse	199	4610000	27599	NA
p004	243	Pulse	199	4620000	37599	NA
p004	243	Pulse	199	4630000	47599	NA
p004	243	Pulse	199	4640000	57599	NA
p004	243	Pulse	199	4650000	67599	NA
p004	243	Pulse	199	4660000	77599	NA
