Scenario - FeedLearn_A.sce
Logfile written - 10/04/2020 20:11:47

Subject	Trial	Event Type	Code	Time	TTime	Uncertainty	Duration	Uncertainty	ReqTime	ReqDur	Stim Type	Pair Index

p005	0	Pulse	199	0	0	NA
p005	0	Pulse	199	10000	10000	NA
p005	1	Pulse	199	20000	9833	NA
p005	1	Pulse	199	30000	19833	NA
p005	1	Pulse	199	40000	29833	NA
p005	1	Pulse	199	50000	39833	NA
p005	1	Pulse	199	60000	49833	NA
p005	1	Pulse	199	70000	59833	NA
p005	1	Pulse	199	80000	69833	NA
p005	1	Pulse	199	90000	79833	NA
p005	1	Pulse	199	100000	89833	NA
p005	1	Pulse	199	110000	99833	NA
p005	1	Pulse	199	120000	109833	NA
p005	1	Pulse	199	130000	119833	NA
p005	1	Pulse	199	140000	129833	NA
p005	1	Pulse	199	150000	139833	NA
p005	1	Pulse	199	160000	149833	NA
p005	1	Pulse	199	170000	159833	NA
p005	1	Pulse	199	180000	169833	NA
p005	1	Pulse	199	190000	179833	NA
p005	1	Pulse	199	200000	189833	NA
p005	1	Pulse	199	210000	199833	NA
p005	1	Pulse	199	220000	209833	NA
p005	1	Pulse	199	230000	219833	NA
p005	1	Pulse	199	240000	229833	NA
p005	1	Pulse	199	250000	239833	NA
p005	1	Pulse	199	260000	249833	NA
p005	1	Pulse	199	270000	259833	NA
p005	1	Pulse	199	280000	269833	NA
p005	1	Pulse	199	290000	279833	NA
p005	1	Pulse	199	300000	289833	NA
p005	1	Pulse	199	310000	299833	NA
p005	1	Pulse	199	320000	309833	NA
p005	1	Pulse	199	330000	319833	NA
p005	1	Pulse	199	340000	329833	NA
p005	1	Pulse	199	350000	339833	NA
p005	1	Pulse	199	360000	349833	NA
p005	1	Pulse	199	370000	359833	NA
p005	1	Pulse	199	380000	369833	NA
p005	1	Pulse	199	390000	379833	NA
p005	1	Pulse	199	400000	389833	NA
p005	1	Pulse	199	410000	399833	NA
p005	1	Pulse	199	420000	409833	NA
p005	1	Pulse	199	430000	419833	NA
p005	1	Pulse	199	440000	429833	NA
p005	1	Pulse	199	450000	439833	NA
p005	1	Pulse	199	460000	449833	NA
p005	1	Pulse	199	470000	459833	NA
p005	1	Pulse	199	480000	469833	NA
p005	1	Pulse	199	490000	479833	NA
p005	1	Pulse	199	500000	489833	NA
p005	1	Pulse	199	510000	499833	NA
p005	1	Pulse	199	520000	509833	NA
p005	1	Pulse	199	530000	519833	NA
p005	1	Pulse	199	540000	529833	NA
p005	1	Pulse	199	550000	539833	NA
p005	1	Pulse	199	560000	549833	NA
p005	1	Response	16	562871	552704	1
p005	2	Pulse	199	570000	7072	NA
p005	2	Pulse	199	580000	17072	NA
p005	2	Pulse	199	590000	27072	NA
p005	2	Pulse	199	600000	37072	NA
p005	2	Pulse	199	610000	47072	NA
p005	3	Picture	fix	613269	0	1	32533	1	0	next	other	0
p005	3	Pulse	199	620000	6731	NA
p005	3	Pulse	199	630000	16731	NA
p005	3	Pulse	199	640000	26731	NA
p005	5	Picture	stim	645802	0	1	25192	1	0	25000	hit	71
p005	5	Pulse	199	650000	4198	NA
p005	5	Pulse	199	660000	14198	NA
p005	5	Response	16	663350	17548	1
p005	5	Pulse	199	670000	24198	NA
p005	6	Picture	fix2	670993	0	1	25859	1	0	next	other	0
p005	6	Pulse	199	680000	9007	NA
p005	6	Pulse	199	690000	19007	NA
p005	7	Picture	feedback	696853	0	1	20187	1	0	next	other	0
p005	7	Pulse	199	700000	3147	NA
p005	7	Pulse	199	710000	13147	NA
p005	8	Picture	fix	717039	0	1	26860	1	0	next	other	0
p005	8	Pulse	199	720000	2961	NA
p005	8	Pulse	199	730000	12961	NA
p005	8	Pulse	199	740000	22961	NA
p005	10	Picture	stim	743900	0	1	25192	1	0	25000	hit	86
p005	10	Pulse	199	750000	6100	NA
p005	10	Pulse	199	760000	16100	NA
p005	10	Response	16	762231	18331	1
p005	11	Picture	fix2	769091	0	1	21855	1	0	next	other	0
p005	11	Pulse	199	770000	909	NA
p005	11	Pulse	199	780000	10909	NA
p005	11	Pulse	199	790000	20909	NA
p005	12	Picture	feedback	790947	0	1	20187	1	0	next	other	0
p005	12	Pulse	199	800000	9053	NA
p005	12	Pulse	199	810000	19053	NA
p005	13	Picture	fix	811133	0	1	24691	1	0	next	other	0
p005	13	Pulse	199	820000	8867	NA
p005	13	Pulse	199	830000	18867	NA
p005	15	Picture	stim	835825	0	1	25192	1	0	25000	incorrect	101
p005	15	Pulse	199	840000	4175	NA
p005	15	Pulse	199	850000	14175	NA
p005	15	Pulse	199	860000	24175	NA
p005	15	Response	32	860551	24726	1
p005	16	Picture	fix2	861017	0	1	26360	1	0	next	other	0
p005	16	Pulse	199	870000	8983	NA
p005	16	Pulse	199	880000	18983	NA
p005	17	Picture	feedback	887376	0	1	20187	1	0	next	other	0
p005	17	Pulse	199	890000	2624	NA
p005	17	Pulse	199	900000	12624	NA
p005	18	Picture	fix	907563	0	1	22022	1	0	next	other	0
p005	18	Pulse	199	910000	2437	NA
p005	18	Pulse	199	920000	12437	NA
p005	20	Picture	stim	929585	0	1	25192	1	0	25000	miss	0
p005	20	Pulse	199	930000	415	NA
p005	20	Pulse	199	940000	10415	NA
p005	20	Pulse	199	950000	20415	NA
p005	21	Picture	fix2	954777	0	1	29363	1	0	next	other	0
p005	21	Pulse	199	960000	5223	NA
p005	21	Response	32	961751	6974	1
p005	21	Pulse	199	970000	15223	NA
p005	21	Pulse	199	980000	25223	NA
p005	22	Picture	feedback	984140	0	1	20187	1	0	next	other	0
p005	22	Pulse	199	990000	5860	NA
p005	22	Pulse	199	1000000	15860	NA
p005	23	Picture	fix	1004326	0	1	22022	1	0	next	other	0
p005	23	Pulse	199	1010000	5674	NA
p005	23	Pulse	199	1020000	15674	NA
p005	25	Picture	stim	1026348	0	1	25192	1	0	25000	incorrect	128
p005	25	Pulse	199	1030000	3652	NA
p005	25	Response	32	1038470	12122	1
p005	25	Pulse	199	1040000	13652	NA
p005	25	Pulse	199	1050000	23652	NA
p005	26	Picture	fix2	1051707	0	1	14014	1	0	next	other	0
p005	26	Pulse	199	1060000	8293	NA
p005	27	Picture	feedback	1065721	0	1	20187	1	0	next	other	0
p005	27	Pulse	199	1070000	4279	NA
p005	27	Pulse	199	1080000	14279	NA
p005	28	Picture	fix	1085908	0	1	23690	1	0	next	other	0
p005	28	Pulse	199	1090000	4092	NA
p005	28	Pulse	199	1100000	14092	NA
p005	30	Picture	stim	1109598	0	1	25192	1	0	25000	hit	142
p005	30	Pulse	199	1110000	402	NA
p005	30	Pulse	199	1120000	10402	NA
p005	30	Response	16	1123271	13672	1
p005	30	Pulse	199	1130000	20402	NA
p005	31	Picture	fix2	1134790	0	1	29029	1	0	next	other	0
p005	31	Pulse	199	1140000	5210	NA
p005	31	Pulse	199	1150000	15210	NA
p005	31	Pulse	199	1160000	25210	NA
p005	32	Picture	feedback	1163819	0	1	20187	1	0	next	other	0
p005	32	Pulse	199	1170000	6181	NA
p005	32	Pulse	199	1180000	16181	NA
p005	33	Picture	fix	1184006	0	1	34034	1	0	next	other	0
p005	33	Pulse	199	1190000	5994	NA
p005	33	Pulse	199	1200000	15994	NA
p005	33	Pulse	199	1210000	25994	NA
p005	35	Picture	stim	1218040	0	1	25192	1	0	25000	incorrect	158
p005	35	Pulse	199	1220000	1960	NA
p005	35	Pulse	199	1230000	11960	NA
p005	35	Response	32	1232151	14111	1
p005	35	Pulse	199	1240000	21960	NA
p005	36	Picture	fix2	1243232	0	1	24358	1	0	next	other	0
p005	36	Pulse	199	1250000	6768	NA
p005	36	Pulse	199	1260000	16768	NA
p005	37	Picture	feedback	1267589	0	1	20187	1	0	next	other	0
p005	37	Pulse	199	1270000	2411	NA
p005	37	Pulse	199	1280000	12411	NA
p005	38	Picture	fix	1287776	0	1	17518	1	0	next	other	0
p005	38	Pulse	199	1290000	2224	NA
p005	38	Pulse	199	1300000	12224	NA
p005	40	Picture	stim	1305294	0	1	25192	1	0	25000	hit	172
p005	40	Pulse	199	1310000	4706	NA
p005	40	Pulse	199	1320000	14706	NA
p005	40	Response	16	1321190	15896	1
p005	40	Pulse	199	1330000	24706	NA
p005	41	Picture	fix2	1330652	0	1	11178	1	0	next	other	0
p005	41	Pulse	199	1340000	9348	NA
p005	42	Picture	feedback	1341830	0	1	20187	1	0	next	other	0
p005	42	Pulse	199	1350000	8170	NA
p005	42	Pulse	199	1360000	18170	NA
p005	43	Picture	fix	1362017	0	1	17684	1	0	next	other	0
p005	43	Pulse	199	1370000	7983	NA
p005	45	Picture	stim	1379701	0	1	25192	1	0	25000	hit	184
p005	45	Pulse	199	1380000	299	NA
p005	45	Pulse	199	1390000	10299	NA
p005	45	Response	16	1393910	14209	1
p005	45	Pulse	199	1400000	20299	NA
p005	46	Picture	fix2	1404893	0	1	16683	1	0	next	other	0
p005	46	Pulse	199	1410000	5107	NA
p005	46	Pulse	199	1420000	15107	NA
p005	47	Picture	feedback	1421577	0	1	20187	1	0	next	other	0
p005	47	Pulse	199	1430000	8423	NA
p005	47	Pulse	199	1440000	18423	NA
p005	48	Picture	fix	1441763	0	1	26860	1	0	next	other	0
p005	48	Pulse	199	1450000	8237	NA
p005	48	Pulse	199	1460000	18237	NA
p005	50	Picture	stim	1468624	0	1	25192	1	0	25000	hit	198
p005	50	Pulse	199	1470000	1376	NA
p005	50	Pulse	199	1480000	11376	NA
p005	50	Response	16	1481831	13207	1
p005	50	Pulse	199	1490000	21376	NA
p005	51	Picture	fix2	1493815	0	1	21355	1	0	next	other	0
p005	51	Pulse	199	1500000	6185	NA
p005	51	Pulse	199	1510000	16185	NA
p005	52	Picture	feedback	1515170	0	1	20187	1	0	next	other	0
p005	52	Pulse	199	1520000	4830	NA
p005	52	Pulse	199	1530000	14830	NA
p005	53	Picture	fix	1535357	0	1	23524	1	0	next	other	0
p005	53	Pulse	199	1540000	4643	NA
p005	53	Pulse	199	1550000	14643	NA
p005	55	Picture	stim	1558880	0	1	25192	1	0	25000	incorrect	212
p005	55	Pulse	199	1560000	1120	NA
p005	55	Pulse	199	1570000	11120	NA
p005	55	Response	32	1576550	17670	1
p005	55	Pulse	199	1580000	21120	NA
p005	56	Picture	fix2	1584072	0	1	16850	1	0	next	other	0
p005	56	Pulse	199	1590000	5928	NA
p005	56	Pulse	199	1600000	15928	NA
p005	57	Picture	feedback	1600922	0	1	20187	1	0	next	other	0
p005	57	Pulse	199	1610000	9078	NA
p005	57	Pulse	199	1620000	19078	NA
p005	58	Picture	fix	1621109	0	1	24524	1	0	next	other	0
p005	58	Pulse	199	1630000	8891	NA
p005	58	Pulse	199	1640000	18891	NA
p005	60	Picture	stim	1645634	0	1	25192	1	0	25000	hit	225
p005	60	Pulse	199	1650000	4366	NA
p005	60	Response	16	1658312	12678	1
p005	60	Pulse	199	1660000	14366	NA
p005	60	Pulse	199	1670000	24366	NA
p005	61	Picture	fix2	1670826	0	1	14681	1	0	next	other	0
p005	61	Pulse	199	1680000	9174	NA
p005	62	Picture	feedback	1685507	0	1	20187	1	0	next	other	0
p005	62	Pulse	199	1690000	4493	NA
p005	62	Pulse	199	1700000	14493	NA
p005	63	Picture	fix	1705694	0	1	28862	1	0	next	other	0
p005	63	Pulse	199	1710000	4306	NA
p005	63	Pulse	199	1720000	14306	NA
p005	63	Pulse	199	1730000	24306	NA
p005	65	Picture	stim	1734556	0	1	25192	1	0	25000	hit	240
p005	65	Pulse	199	1740000	5444	NA
p005	65	Pulse	199	1750000	15444	NA
p005	65	Response	16	1753271	18715	1
p005	66	Picture	fix2	1759748	0	1	23523	1	0	next	other	0
p005	66	Pulse	199	1760000	252	NA
p005	66	Pulse	199	1770000	10252	NA
p005	66	Pulse	199	1780000	20252	NA
p005	67	Picture	feedback	1783271	0	1	20187	1	0	next	other	0
p005	67	Pulse	199	1790000	6729	NA
p005	67	Pulse	199	1800000	16729	NA
p005	68	Picture	fix	1803458	0	1	22356	1	0	next	other	0
p005	68	Pulse	199	1810000	6542	NA
p005	68	Pulse	199	1820000	16542	NA
p005	70	Picture	stim	1825814	0	1	25192	1	0	25000	hit	253
p005	70	Pulse	199	1830000	4186	NA
p005	70	Response	16	1835831	10017	1
p005	70	Pulse	199	1840000	14186	NA
p005	70	Pulse	199	1850000	24186	NA
p005	71	Picture	fix2	1851006	0	1	21355	1	0	next	other	0
p005	71	Pulse	199	1860000	8994	NA
p005	71	Pulse	199	1870000	18994	NA
p005	72	Picture	feedback	1872360	0	1	20187	1	0	next	other	0
p005	72	Pulse	199	1880000	7640	NA
p005	72	Pulse	199	1890000	17640	NA
p005	73	Picture	fix	1892547	0	1	30030	1	0	next	other	0
p005	73	Pulse	199	1900000	7453	NA
p005	73	Pulse	199	1910000	17453	NA
p005	73	Pulse	199	1920000	27453	NA
p005	75	Picture	stim	1922577	0	1	25192	1	0	25000	incorrect	268
p005	75	Pulse	199	1930000	7423	NA
p005	75	Response	32	1933190	10613	1
p005	75	Pulse	199	1940000	17423	NA
p005	76	Picture	fix2	1947769	0	1	18018	1	0	next	other	0
p005	76	Pulse	199	1950000	2231	NA
p005	76	Pulse	199	1960000	12231	NA
p005	77	Picture	feedback	1965787	0	1	20187	1	0	next	other	0
p005	77	Pulse	199	1970000	4213	NA
p005	77	Pulse	199	1980000	14213	NA
p005	78	Picture	fix	1985974	0	1	28028	1	0	next	other	0
p005	78	Pulse	199	1990000	4026	NA
p005	78	Pulse	199	2000000	14026	NA
p005	78	Pulse	199	2010000	24026	NA
p005	80	Picture	stim	2014002	0	1	25192	1	0	25000	hit	283
p005	80	Pulse	199	2020000	5998	NA
p005	80	Pulse	199	2030000	15998	NA
p005	80	Response	16	2030870	16868	1
p005	81	Picture	fix2	2039360	0	1	20521	1	0	next	other	0
p005	81	Pulse	199	2040000	640	NA
p005	81	Pulse	199	2050000	10640	NA
p005	82	Picture	feedback	2059881	0	1	20187	1	0	next	other	0
p005	82	Pulse	199	2060000	119	NA
p005	82	Pulse	199	2070000	10119	NA
p005	82	Pulse	199	2080000	20119	NA
p005	83	Picture	fix	2080068	0	1	18685	1	0	next	other	0
p005	83	Pulse	199	2090000	9932	NA
p005	85	Picture	stim	2098753	0	1	25192	1	0	25000	incorrect	296
p005	85	Pulse	199	2100000	1247	NA
p005	85	Pulse	199	2110000	11247	NA
p005	85	Response	32	2110710	11957	1
p005	85	Pulse	199	2120000	21247	NA
p005	86	Picture	fix2	2123945	0	1	20020	1	0	next	other	0
p005	86	Pulse	199	2130000	6055	NA
p005	86	Pulse	199	2140000	16055	NA
p005	87	Picture	feedback	2143965	0	1	20187	1	0	next	other	0
p005	87	Pulse	199	2150000	6035	NA
p005	87	Pulse	199	2160000	16035	NA
p005	88	Picture	fix	2164152	0	1	29696	1	0	next	other	0
p005	88	Pulse	199	2170000	5848	NA
p005	88	Pulse	199	2180000	15848	NA
p005	88	Pulse	199	2190000	25848	NA
p005	90	Picture	stim	2193848	0	1	25192	1	0	25000	incorrect	311
p005	90	Pulse	199	2200000	6152	NA
p005	90	Pulse	199	2210000	16152	NA
p005	90	Response	32	2211351	17503	1
p005	91	Picture	fix2	2219040	0	1	17851	1	0	next	other	0
p005	91	Pulse	199	2220000	960	NA
p005	91	Pulse	199	2230000	10960	NA
p005	92	Picture	feedback	2236891	0	1	20187	1	0	next	other	0
p005	92	Pulse	199	2240000	3109	NA
p005	92	Pulse	199	2250000	13109	NA
p005	93	Picture	fix	2257078	0	1	28528	1	0	next	other	0
p005	93	Pulse	199	2260000	2922	NA
p005	93	Pulse	199	2270000	12922	NA
p005	93	Pulse	199	2280000	22922	NA
p005	95	Picture	stim	2285606	0	1	25192	1	0	25000	hit	324
p005	95	Pulse	199	2290000	4394	NA
p005	95	Response	16	2299990	14384	1
p005	95	Pulse	199	2300000	14394	NA
p005	95	Pulse	199	2310000	24394	NA
p005	96	Picture	fix2	2310798	0	1	15849	1	0	next	other	0
p005	96	Pulse	199	2320000	9202	NA
p005	97	Picture	feedback	2326647	0	1	20187	1	0	next	other	0
p005	97	Pulse	199	2330000	3353	NA
p005	97	Pulse	199	2340000	13353	NA
p005	98	Picture	fix	2346834	0	1	26026	1	0	next	other	0
p005	98	Pulse	199	2350000	3166	NA
p005	98	Pulse	199	2360000	13166	NA
p005	98	Pulse	199	2370000	23166	NA
p005	100	Picture	stim	2372860	0	1	25192	1	0	25000	hit	339
p005	100	Pulse	199	2380000	7140	NA
p005	100	Pulse	199	2390000	17140	NA
p005	100	Response	16	2392951	20091	1
p005	101	Picture	fix2	2398052	0	1	20521	1	0	next	other	0
p005	101	Pulse	199	2400000	1948	NA
p005	101	Pulse	199	2410000	11948	NA
p005	102	Picture	feedback	2418573	0	1	20187	1	0	next	other	0
p005	102	Pulse	199	2420000	1427	NA
p005	102	Pulse	199	2430000	11427	NA
p005	103	Picture	fix	2438759	0	1	23524	1	0	next	other	0
p005	103	Pulse	199	2440000	1241	NA
p005	103	Pulse	199	2450000	11241	NA
p005	103	Pulse	199	2460000	21241	NA
p005	105	Picture	stim	2462283	0	1	25192	1	0	25000	incorrect	352
p005	105	Pulse	199	2470000	7717	NA
p005	105	Response	32	2472389	10106	1
p005	105	Pulse	199	2480000	17717	NA
p005	106	Picture	fix2	2487475	0	1	21355	1	0	next	other	0
p005	106	Pulse	199	2490000	2525	NA
p005	106	Pulse	199	2500000	12525	NA
p005	107	Picture	feedback	2508829	0	1	20187	1	0	next	other	0
p005	107	Pulse	199	2510000	1171	NA
p005	107	Pulse	199	2520000	11171	NA
p005	108	Picture	fix	2529016	0	1	26360	1	0	next	other	0
p005	108	Pulse	199	2530000	984	NA
p005	108	Pulse	199	2540000	10984	NA
p005	108	Pulse	199	2550000	20984	NA
p005	110	Picture	stim	2555376	0	1	25192	1	0	25000	hit	366
p005	110	Pulse	199	2560000	4624	NA
p005	110	Response	16	2568871	13495	1
p005	110	Pulse	199	2570000	14624	NA
p005	110	Pulse	199	2580000	24624	NA
p005	111	Picture	fix2	2580735	0	1	18685	1	0	next	other	0
p005	111	Pulse	199	2590000	9265	NA
p005	112	Picture	feedback	2599420	0	1	20187	1	0	next	other	0
p005	112	Pulse	199	2600000	580	NA
p005	112	Pulse	199	2610000	10580	NA
p005	113	Picture	fix	2619607	0	1	29196	1	0	next	other	0
p005	113	Pulse	199	2620000	393	NA
p005	113	Pulse	199	2630000	10393	NA
p005	113	Pulse	199	2640000	20393	NA
p005	115	Picture	stim	2648803	0	1	25192	1	0	25000	incorrect	381
p005	115	Pulse	199	2650000	1197	NA
p005	115	Pulse	199	2660000	11197	NA
p005	115	Response	32	2667510	18707	1
p005	115	Pulse	199	2670000	21197	NA
p005	116	Picture	fix2	2673994	0	1	25859	1	0	next	other	0
p005	116	Pulse	199	2680000	6006	NA
p005	116	Pulse	199	2690000	16006	NA
p005	117	Picture	feedback	2699854	0	1	20187	1	0	next	other	0
p005	117	Pulse	199	2700000	146	NA
p005	117	Pulse	199	2710000	10146	NA
p005	117	Pulse	199	2720000	20146	NA
p005	118	Picture	fix	2720040	0	1	20521	1	0	next	other	0
p005	118	Pulse	199	2730000	9960	NA
p005	118	Pulse	199	2740000	19960	NA
p005	120	Picture	stim	2740561	0	1	25192	1	0	25000	incorrect	395
p005	120	Pulse	199	2750000	9439	NA
p005	120	Response	32	2757191	16630	1
p005	120	Pulse	199	2760000	19439	NA
p005	121	Picture	fix2	2765753	0	1	16183	1	0	next	other	0
p005	121	Pulse	199	2770000	4247	NA
p005	121	Pulse	199	2780000	14247	NA
p005	122	Picture	feedback	2781936	0	1	20187	1	0	next	other	0
p005	122	Pulse	199	2790000	8064	NA
p005	122	Pulse	199	2800000	18064	NA
p005	123	Picture	fix	2802122	0	1	16350	1	0	next	other	0
p005	123	Pulse	199	2810000	7878	NA
p005	125	Picture	stim	2818472	0	1	25192	1	0	25000	hit	408
p005	125	Pulse	199	2820000	1528	NA
p005	125	Pulse	199	2830000	11528	NA
p005	125	Response	16	2832229	13757	1
p005	125	Pulse	199	2840000	21528	NA
p005	126	Picture	fix2	2843831	0	1	15849	1	0	next	other	0
p005	126	Pulse	199	2850000	6169	NA
p005	127	Picture	feedback	2859680	0	1	20187	1	0	next	other	0
p005	127	Pulse	199	2860000	320	NA
p005	127	Pulse	199	2870000	10320	NA
p005	128	Picture	fix	2879867	0	1	25192	1	0	next	other	0
p005	128	Pulse	199	2880000	133	NA
p005	128	Pulse	199	2890000	10133	NA
p005	128	Pulse	199	2900000	20133	NA
p005	130	Picture	stim	2905059	0	1	25192	1	0	25000	incorrect	421
p005	130	Pulse	199	2910000	4941	NA
p005	130	Response	32	2915668	10610	1
p005	130	Pulse	199	2920000	14941	NA
p005	130	Pulse	199	2930000	24941	NA
p005	131	Picture	fix2	2930250	0	1	26193	1	0	next	other	0
p005	131	Pulse	199	2940000	9750	NA
p005	131	Pulse	199	2950000	19750	NA
p005	132	Picture	feedback	2956443	0	1	20187	1	0	next	other	0
p005	132	Pulse	199	2960000	3557	NA
p005	132	Pulse	199	2970000	13557	NA
p005	133	Picture	fix	2976630	0	1	20020	1	0	next	other	0
p005	133	Pulse	199	2980000	3370	NA
p005	133	Pulse	199	2990000	13370	NA
p005	135	Picture	stim	2996650	0	1	25192	1	0	25000	hit	435
p005	135	Pulse	199	3000000	3350	NA
p005	135	Response	16	3004470	7820	1
p005	135	Pulse	199	3010000	13350	NA
p005	135	Pulse	199	3020000	23350	NA
p005	136	Picture	fix2	3021842	0	1	10844	1	0	next	other	0
p005	136	Pulse	199	3030000	8158	NA
p005	137	Picture	feedback	3032686	0	1	20187	1	0	next	other	0
p005	137	Pulse	199	3040000	7314	NA
p005	137	Pulse	199	3050000	17314	NA
p005	138	Picture	fix	3052873	0	1	19019	1	0	next	other	0
p005	138	Pulse	199	3060000	7127	NA
p005	138	Pulse	199	3070000	17127	NA
p005	140	Picture	stim	3071892	0	1	25192	1	0	25000	incorrect	448
p005	140	Pulse	199	3080000	8108	NA
p005	140	Response	32	3082472	10580	1
p005	140	Pulse	199	3090000	18108	NA
p005	141	Picture	fix2	3097084	0	1	21688	1	0	next	other	0
p005	141	Pulse	199	3100000	2916	NA
p005	141	Pulse	199	3110000	12916	NA
p005	142	Picture	feedback	3118772	0	1	20187	1	0	next	other	0
p005	142	Pulse	199	3120000	1228	NA
p005	142	Pulse	199	3130000	11228	NA
p005	143	Picture	fix	3138959	0	1	31198	1	0	next	other	0
p005	143	Pulse	199	3140000	1041	NA
p005	143	Pulse	199	3150000	11041	NA
p005	143	Pulse	199	3160000	21041	NA
p005	143	Pulse	199	3170000	31041	NA
p005	145	Picture	stim	3170157	0	1	25192	1	0	25000	incorrect	463
p005	145	Pulse	199	3180000	9843	NA
p005	145	Response	32	3189349	19192	1
p005	145	Pulse	199	3190000	19843	NA
p005	146	Picture	fix2	3195349	0	1	13840	7	0	next	other	0
p005	146	Pulse	199	3200000	4651	NA
p005	147	Picture	feedback	3209189	0	7	20194	7	0	next	other	0
p005	147	Pulse	199	3210000	811	NA
p005	147	Pulse	199	3220000	10811	NA
p005	148	Picture	fix	3229383	0	1	25359	1	0	next	other	0
p005	148	Pulse	199	3230000	617	NA
p005	148	Pulse	199	3240000	10617	NA
p005	148	Pulse	199	3250000	20617	NA
p005	150	Picture	stim	3254741	0	1	25192	1	0	25000	incorrect	476
p005	150	Pulse	199	3260000	5259	NA
p005	150	Response	32	3268070	13329	1
p005	150	Pulse	199	3270000	15259	NA
p005	151	Picture	fix2	3279933	0	1	16517	1	0	next	other	0
p005	151	Pulse	199	3280000	67	NA
p005	151	Pulse	199	3290000	10067	NA
p005	152	Picture	feedback	3296450	0	1	20187	1	0	next	other	0
p005	152	Pulse	199	3300000	3550	NA
p005	152	Pulse	199	3310000	13550	NA
p005	153	Picture	fix	3316636	0	1	23690	1	0	next	other	0
p005	153	Pulse	199	3320000	3364	NA
p005	153	Pulse	199	3330000	13364	NA
p005	153	Pulse	199	3340000	23364	NA
p005	155	Picture	stim	3340327	0	1	25192	1	0	25000	hit	489
p005	155	Response	16	3347752	7425	1
p005	155	Pulse	199	3350000	9673	NA
p005	155	Pulse	199	3360000	19673	NA
p005	156	Picture	fix2	3365519	0	1	16016	1	0	next	other	0
p005	156	Pulse	199	3370000	4481	NA
p005	156	Pulse	199	3380000	14481	NA
p005	157	Picture	feedback	3381535	0	1	20187	1	0	next	other	0
p005	157	Pulse	199	3390000	8465	NA
p005	157	Pulse	199	3400000	18465	NA
p005	158	Picture	fix	3401721	0	1	29363	1	0	next	other	0
p005	158	Pulse	199	3410000	8279	NA
p005	158	Pulse	199	3420000	18279	NA
p005	158	Pulse	199	3430000	28279	NA
p005	160	Picture	stim	3431084	0	1	25192	1	0	25000	incorrect	504
p005	160	Pulse	199	3440000	8916	NA
p005	160	Response	32	3440229	9145	1
p005	160	Pulse	199	3450000	18916	NA
p005	161	Picture	fix2	3456276	0	1	23357	1	0	next	other	0
p005	161	Pulse	199	3460000	3724	NA
p005	161	Pulse	199	3470000	13724	NA
p005	162	Picture	feedback	3479633	0	1	20187	1	0	next	other	0
p005	162	Pulse	199	3480000	367	NA
p005	162	Pulse	199	3490000	10367	NA
p005	163	Picture	fix	3499819	0	1	27361	1	0	next	other	0
p005	163	Pulse	199	3500000	181	NA
p005	163	Pulse	199	3510000	10181	NA
p005	163	Pulse	199	3520000	20181	NA
p005	165	Picture	stim	3527180	0	1	25192	1	0	25000	miss	0
p005	165	Pulse	199	3530000	2820	NA
p005	165	Pulse	199	3540000	12820	NA
p005	165	Pulse	199	3550000	22820	NA
p005	166	Picture	fix2	3552372	0	1	16683	1	0	next	other	0
p005	166	Pulse	199	3560000	7628	NA
p005	167	Picture	feedback	3569055	0	1	20187	1	0	next	other	0
p005	167	Pulse	199	3570000	945	NA
p005	167	Pulse	199	3580000	10945	NA
p005	168	Picture	fix	3589242	0	1	21522	1	0	next	other	0
p005	168	Pulse	199	3590000	758	NA
p005	168	Pulse	199	3600000	10758	NA
p005	168	Pulse	199	3610000	20758	NA
p005	170	Picture	stim	3610764	0	1	25192	1	0	25000	incorrect	531
p005	170	Pulse	199	3620000	9236	NA
p005	170	Response	32	3621029	10265	1
p005	170	Pulse	199	3630000	19236	NA
p005	171	Picture	fix2	3635955	0	1	22523	1	0	next	other	0
p005	171	Pulse	199	3640000	4045	NA
p005	171	Pulse	199	3650000	14045	NA
p005	172	Picture	feedback	3658478	0	1	20187	1	0	next	other	0
p005	172	Pulse	199	3660000	1522	NA
p005	172	Pulse	199	3670000	11522	NA
p005	173	Picture	fix	3678665	0	1	28862	1	0	next	other	0
p005	173	Pulse	199	3680000	1335	NA
p005	173	Pulse	199	3690000	11335	NA
p005	173	Pulse	199	3700000	21335	NA
p005	175	Picture	stim	3707527	0	1	25192	1	0	25000	hit	546
p005	175	Pulse	199	3710000	2473	NA
p005	175	Pulse	199	3720000	12473	NA
p005	175	Response	16	3720710	13183	1
p005	175	Pulse	199	3730000	22473	NA
p005	176	Picture	fix2	3732719	0	1	22022	1	0	next	other	0
p005	176	Pulse	199	3740000	7281	NA
p005	176	Pulse	199	3750000	17281	NA
p005	177	Picture	feedback	3754741	0	1	20187	1	0	next	other	0
p005	177	Pulse	199	3760000	5259	NA
p005	177	Pulse	199	3770000	15259	NA
p005	178	Picture	fix	3774928	0	1	20187	1	0	next	other	0
p005	178	Pulse	199	3780000	5072	NA
p005	178	Pulse	199	3790000	15072	NA
p005	180	Picture	stim	3795114	0	1	25192	1	0	25000	incorrect	559
p005	180	Pulse	199	3800000	4886	NA
p005	180	Response	32	3807990	12876	1
p005	180	Pulse	199	3810000	14886	NA
p005	180	Pulse	199	3820000	24886	NA
p005	181	Picture	fix2	3820473	0	1	21688	1	0	next	other	0
p005	181	Pulse	199	3830000	9527	NA
p005	181	Pulse	199	3840000	19527	NA
p005	182	Picture	feedback	3842162	0	1	20187	1	0	next	other	0
p005	182	Pulse	199	3850000	7838	NA
p005	182	Pulse	199	3860000	17838	NA
p005	183	Picture	fix	3862348	0	1	28529	1	0	next	other	0
p005	183	Pulse	199	3870000	7652	NA
p005	183	Pulse	199	3880000	17652	NA
p005	183	Pulse	199	3890000	27652	NA
p005	185	Picture	stim	3890877	0	1	25192	1	0	25000	incorrect	574
p005	185	Pulse	199	3900000	9123	NA
p005	185	Response	32	3905669	14792	1
p005	185	Pulse	199	3910000	19123	NA
p005	186	Picture	fix2	3916069	0	1	9176	1	0	next	other	0
p005	186	Pulse	199	3920000	3931	NA
p005	187	Picture	feedback	3925245	0	1	20187	1	0	next	other	0
p005	187	Pulse	199	3930000	4755	NA
p005	187	Pulse	199	3940000	14755	NA
p005	188	Picture	fix	3945431	0	1	26860	1	0	next	other	0
p005	188	Pulse	199	3950000	4569	NA
p005	188	Pulse	199	3960000	14569	NA
p005	188	Pulse	199	3970000	24569	NA
p005	190	Picture	stim	3972291	0	1	25192	1	0	25000	hit	587
p005	190	Pulse	199	3980000	7709	NA
p005	190	Response	16	3980870	8579	1
p005	190	Pulse	199	3990000	17709	NA
p005	191	Picture	fix2	3997483	0	1	14681	1	0	next	other	0
p005	191	Pulse	199	4000000	2517	NA
p005	191	Pulse	199	4010000	12517	NA
p005	192	Picture	feedback	4012165	0	1	20187	1	0	next	other	0
p005	192	Pulse	199	4020000	7835	NA
p005	192	Pulse	199	4030000	17835	NA
p005	193	Picture	fix	4032351	0	1	30864	1	0	next	other	0
p005	193	Pulse	199	4040000	7649	NA
p005	193	Pulse	199	4050000	17649	NA
p005	193	Pulse	199	4060000	27649	NA
p005	195	Picture	stim	4063216	0	1	25192	1	0	25000	hit	601
p005	195	Pulse	199	4070000	6784	NA
p005	195	Response	16	4072630	9415	1
p005	195	Pulse	199	4080000	16784	NA
p005	196	Picture	fix2	4088407	0	1	11512	1	0	next	other	0
p005	196	Pulse	199	4090000	1593	NA
p005	197	Picture	feedback	4099919	0	1	20187	1	0	next	other	0
p005	197	Pulse	199	4100000	81	NA
p005	197	Pulse	199	4110000	10081	NA
p005	197	Pulse	199	4120000	20081	NA
p005	198	Picture	fix	4120106	0	1	24858	1	0	next	other	0
p005	198	Pulse	199	4130000	9894	NA
p005	198	Pulse	199	4140000	19894	NA
p005	200	Picture	stim	4144964	0	1	25192	1	0	25000	incorrect	614
p005	200	Pulse	199	4150000	5036	NA
p005	200	Response	32	4154870	9906	1
p005	200	Pulse	199	4160000	15036	NA
p005	200	Pulse	199	4170000	25036	NA
p005	201	Picture	fix2	4170156	0	1	13347	1	0	next	other	0
p005	201	Pulse	199	4180000	9844	NA
p005	202	Picture	feedback	4183502	0	1	20187	1	0	next	other	0
p005	202	Pulse	199	4190000	6498	NA
p005	202	Pulse	199	4200000	16498	NA
p005	203	Picture	fix	4203689	0	1	35869	1	0	next	other	0
p005	203	Pulse	199	4210000	6311	NA
p005	203	Pulse	199	4220000	16311	NA
p005	203	Pulse	199	4230000	26311	NA
p005	205	Picture	stim	4239559	0	1	25192	1	0	25000	hit	629
p005	205	Pulse	199	4240000	441	NA
p005	205	Pulse	199	4250000	10441	NA
p005	205	Response	16	4253992	14434	1
p005	205	Pulse	199	4260000	20441	NA
p005	206	Picture	fix2	4264750	0	1	17351	1	0	next	other	0
p005	206	Pulse	199	4270000	5250	NA
p005	206	Pulse	199	4280000	15250	NA
p005	207	Picture	feedback	4282101	0	1	20187	1	0	next	other	0
p005	207	Pulse	199	4290000	7899	NA
p005	207	Pulse	199	4300000	17899	NA
p005	208	Picture	fix	4302288	0	1	22356	1	0	next	other	0
p005	208	Pulse	199	4310000	7712	NA
p005	208	Pulse	199	4320000	17712	NA
p005	210	Picture	stim	4324644	0	1	25192	1	0	25000	incorrect	642
p005	210	Pulse	199	4330000	5357	NA
p005	210	Response	32	4333911	9267	1
p005	210	Pulse	199	4340000	15357	NA
p005	210	Pulse	199	4350000	25357	NA
p005	211	Picture	fix2	4350002	0	1	24191	1	0	next	other	0
p005	211	Pulse	199	4360000	9998	NA
p005	211	Pulse	199	4370000	19998	NA
p005	212	Picture	feedback	4374193	0	1	20187	1	0	next	other	0
p005	212	Pulse	199	4380000	5807	NA
p005	212	Pulse	199	4390000	15807	NA
p005	213	Picture	fix	4394380	0	1	33200	1	0	next	other	0
p005	213	Pulse	199	4400000	5620	NA
p005	213	Pulse	199	4410000	15620	NA
p005	213	Pulse	199	4420000	25620	NA
p005	215	Picture	stim	4427580	0	1	25192	1	0	25000	incorrect	657
p005	215	Pulse	199	4430000	2420	NA
p005	215	Response	32	4439190	11610	1
p005	215	Pulse	199	4440000	12420	NA
p005	215	Pulse	199	4450000	22420	NA
p005	216	Picture	fix2	4452771	0	1	18018	1	0	next	other	0
p005	216	Pulse	199	4460000	7229	NA
p005	216	Pulse	199	4470000	17229	NA
p005	217	Picture	feedback	4470790	0	1	20187	1	0	next	other	0
p005	217	Pulse	199	4480000	9210	NA
p005	217	Pulse	199	4490000	19210	NA
p005	218	Picture	fix	4490976	0	1	22856	1	0	next	other	0
p005	218	Pulse	199	4500000	9024	NA
p005	218	Pulse	199	4510000	19024	NA
p005	220	Picture	stim	4513832	0	1	25192	1	0	25000	incorrect	671
p005	220	Pulse	199	4520000	6168	NA
p005	220	Response	32	4525271	11439	1
p005	220	Pulse	199	4530000	16168	NA
p005	221	Picture	fix2	4539191	0	1	16350	1	0	next	other	0
p005	221	Pulse	199	4540000	809	NA
p005	221	Pulse	199	4550000	10809	NA
p005	222	Picture	feedback	4555541	0	1	20187	1	0	next	other	0
p005	222	Pulse	199	4560000	4459	NA
p005	222	Pulse	199	4570000	14459	NA
p005	223	Picture	fix	4575728	0	1	26526	1	0	next	other	0
p005	223	Pulse	199	4580000	4272	NA
p005	223	Pulse	199	4590000	14272	NA
p005	223	Pulse	199	4600000	24272	NA
p005	225	Picture	stim	4602254	0	1	25192	1	0	25000	hit	684
p005	225	Response	16	4609429	7175	1
p005	225	Pulse	199	4610000	7746	NA
p005	225	Pulse	199	4620000	17746	NA
p005	226	Picture	fix2	4627613	0	1	15182	1	0	next	other	0
p005	226	Pulse	199	4630000	2387	NA
p005	226	Pulse	199	4640000	12387	NA
p005	227	Picture	feedback	4642795	0	1	20187	1	0	next	other	0
p005	227	Pulse	199	4650000	7205	NA
p005	227	Pulse	199	4660000	17205	NA
p005	228	Picture	fix	4662982	0	1	37538	1	0	next	other	0
p005	228	Pulse	199	4670000	7018	NA
p005	228	Pulse	199	4680000	17018	NA
p005	228	Pulse	199	4690000	27018	NA
p005	228	Pulse	199	4700000	37018	NA
p005	230	Picture	stim	4700519	0	1	25192	1	0	25000	incorrect	699
p005	230	Response	32	4709990	9471	1
p005	230	Pulse	199	4710000	9481	NA
p005	230	Pulse	199	4720000	19481	NA
p005	231	Picture	fix2	4725711	0	1	22356	1	0	next	other	0
p005	231	Pulse	199	4730000	4289	NA
p005	231	Pulse	199	4740000	14289	NA
p005	232	Picture	feedback	4748067	0	1	20187	1	0	next	other	0
p005	232	Pulse	199	4750000	1933	NA
p005	232	Pulse	199	4760000	11933	NA
p005	233	Picture	fix	4768253	0	1	32199	1	0	next	other	0
p005	233	Pulse	199	4770000	1747	NA
p005	233	Pulse	199	4780000	11747	NA
p005	233	Pulse	199	4790000	21747	NA
p005	233	Pulse	199	4800000	31747	NA
p005	235	Picture	stim	4800452	0	1	25192	1	0	25000	incorrect	715
p005	235	Pulse	199	4810000	9548	NA
p005	235	Response	32	4817749	17297	1
p005	235	Pulse	199	4820000	19548	NA
p005	236	Picture	fix2	4825644	0	1	27694	1	0	next	other	0
p005	236	Pulse	199	4830000	4356	NA
p005	236	Pulse	199	4840000	14356	NA
p005	236	Pulse	199	4850000	24356	NA
p005	237	Picture	feedback	4853338	0	1	20187	1	0	next	other	0
p005	237	Pulse	199	4860000	6662	NA
p005	237	Pulse	199	4870000	16662	NA
p005	238	Picture	fix	4873525	0	1	19353	1	0	next	other	0
p005	238	Pulse	199	4880000	6475	NA
p005	238	Pulse	199	4890000	16475	NA
p005	240	Picture	stim	4892878	0	1	25192	1	0	25000	hit	729
p005	240	Pulse	199	4900000	7122	NA
p005	240	Response	16	4904710	11832	1
p005	240	Pulse	199	4910000	17122	NA
p005	241	Picture	fix2	4918237	0	1	13013	1	0	next	other	0
p005	241	Pulse	199	4920000	1764	NA
p005	241	Pulse	199	4930000	11764	NA
p005	242	Picture	feedback	4931250	0	1	20187	1	0	next	other	0
p005	242	Pulse	199	4940000	8751	NA
p005	242	Pulse	199	4950000	18751	NA
p005	243	Picture	100	4951436	0	1	80080	1	0	80000	other	0
p005	243	Pulse	199	4960000	8564	NA
p005	243	Pulse	199	4970000	18564	NA
p005	243	Pulse	199	4980000	28564	NA
p005	243	Pulse	199	4990000	38564	NA
p005	243	Pulse	199	5000000	48564	NA
p005	243	Pulse	199	5010000	58564	NA
p005	243	Pulse	199	5020000	68564	NA
p005	243	Pulse	199	5030000	78564	NA
