Scenario - FeedLearn_A.sce
Logfile written - 10/06/2020 11:34:18

Subject	Trial	Event Type	Code	Time	TTime	Uncertainty	Duration	Uncertainty	ReqTime	ReqDur	Stim Type	Pair Index

p006	0	Pulse	199	0	0	NA
p006	0	Pulse	199	10000	10000	NA
p006	1	Pulse	199	20000	9665	NA
p006	1	Pulse	199	30000	19665	NA
p006	1	Pulse	199	40000	29665	NA
p006	1	Pulse	199	50000	39665	NA
p006	1	Pulse	199	60000	49665	NA
p006	1	Pulse	199	70000	59665	NA
p006	1	Pulse	199	80000	69665	NA
p006	1	Pulse	199	90000	79665	NA
p006	1	Pulse	199	100000	89665	NA
p006	1	Pulse	199	110000	99665	NA
p006	1	Pulse	199	120000	109665	NA
p006	1	Pulse	199	130000	119665	NA
p006	1	Pulse	199	140000	129665	NA
p006	1	Pulse	199	150000	139665	NA
p006	1	Pulse	199	160000	149665	NA
p006	1	Pulse	199	170000	159665	NA
p006	1	Pulse	199	180000	169665	NA
p006	1	Pulse	199	190000	179665	NA
p006	1	Pulse	199	200000	189665	NA
p006	1	Pulse	199	210000	199665	NA
p006	1	Pulse	199	220000	209665	NA
p006	1	Pulse	199	230000	219665	NA
p006	1	Pulse	199	240000	229665	NA
p006	1	Pulse	199	250000	239665	NA
p006	1	Pulse	199	260000	249665	NA
p006	1	Pulse	199	270000	259665	NA
p006	1	Pulse	199	280000	269665	NA
p006	1	Pulse	199	290000	279665	NA
p006	1	Pulse	199	300000	289665	NA
p006	1	Pulse	199	310000	299665	NA
p006	1	Pulse	199	320000	309665	NA
p006	1	Pulse	199	330000	319665	NA
p006	1	Pulse	199	340000	329665	NA
p006	1	Pulse	199	350000	339665	NA
p006	1	Pulse	199	360000	349665	NA
p006	1	Pulse	199	370000	359665	NA
p006	1	Pulse	199	380000	369665	NA
p006	1	Pulse	199	390000	379665	NA
p006	1	Pulse	199	400000	389665	NA
p006	1	Pulse	199	410000	399665	NA
p006	1	Pulse	199	420000	409665	NA
p006	1	Pulse	199	430000	419665	NA
p006	1	Pulse	199	440000	429665	NA
p006	1	Pulse	199	450000	439665	NA
p006	1	Pulse	199	460000	449665	NA
p006	1	Pulse	199	470000	459665	NA
p006	1	Pulse	199	480000	469665	NA
p006	1	Pulse	199	490000	479665	NA
p006	1	Pulse	199	500000	489665	NA
p006	1	Pulse	199	510000	499665	NA
p006	1	Pulse	199	520000	509665	NA
p006	1	Pulse	199	530000	519665	NA
p006	1	Pulse	199	540000	529665	NA
p006	1	Pulse	199	550000	539665	NA
p006	1	Pulse	199	560000	549665	NA
p006	1	Pulse	199	570000	559665	NA
p006	1	Pulse	199	580000	569665	NA
p006	1	Response	32	588296	577961	0
p006	2	Pulse	199	590000	1691	NA
p006	2	Pulse	199	600000	11691	NA
p006	2	Pulse	199	610000	21691	NA
p006	2	Pulse	199	620000	31691	NA
p006	2	Pulse	199	630000	41691	NA
p006	3	Picture	fix	638776	0	1	29503	1	0	next	other	0
p006	3	Pulse	199	640000	1224	NA
p006	3	Pulse	199	650000	11224	NA
p006	3	Pulse	199	660000	21224	NA
p006	5	Picture	stim	668279	0	1	25144	1	0	25000	incorrect	73
p006	5	Pulse	199	670000	1721	NA
p006	5	Pulse	199	680000	11721	NA
p006	5	Response	32	689670	21391	0
p006	5	Pulse	199	690000	21721	NA
p006	6	Picture	fix2	693591	0	1	16763	1	0	next	other	0
p006	6	Pulse	199	700000	6409	NA
p006	6	Pulse	199	710000	16409	NA
p006	7	Picture	feedback	710354	0	1	20115	1	0	next	other	0
p006	7	Pulse	199	720000	9646	NA
p006	7	Pulse	199	730000	19646	NA
p006	8	Picture	fix	730469	0	1	23636	1	0	next	other	0
p006	8	Pulse	199	740000	9531	NA
p006	8	Pulse	199	750000	19531	NA
p006	10	Picture	stim	754105	0	1	25144	1	0	25000	miss	0
p006	10	Pulse	199	760000	5895	NA
p006	10	Pulse	199	770000	15895	NA
p006	11	Picture	fix2	779249	0	1	10728	1	0	next	other	0
p006	11	Pulse	199	780000	751	NA
p006	11	Response	32	787455	8206	0
p006	12	Picture	feedback	789977	0	1	20115	1	0	next	other	0
p006	12	Pulse	199	790000	23	NA
p006	12	Pulse	199	800000	10023	NA
p006	12	Pulse	199	810000	20023	NA
p006	13	Picture	fix	810093	0	1	35873	1	0	next	other	0
p006	13	Pulse	199	820000	9907	NA
p006	13	Pulse	199	830000	19907	NA
p006	13	Pulse	199	840000	29907	NA
p006	15	Picture	stim	845966	0	1	25144	1	0	25000	incorrect	100
p006	15	Pulse	199	850000	4034	NA
p006	15	Response	32	856264	10299	0
p006	15	Pulse	199	860000	14034	NA
p006	15	Pulse	199	870000	24034	NA
p006	16	Picture	fix2	871278	0	1	26318	1	0	next	other	0
p006	16	Pulse	199	880000	8722	NA
p006	16	Pulse	199	890000	18722	NA
p006	17	Picture	feedback	897595	0	1	20115	1	0	next	other	0
p006	17	Pulse	199	900000	2405	NA
p006	17	Pulse	199	910000	12405	NA
p006	18	Picture	fix	917711	0	1	28497	1	0	next	other	0
p006	18	Pulse	199	920000	2289	NA
p006	18	Pulse	199	930000	12289	NA
p006	18	Pulse	199	940000	22289	NA
p006	20	Picture	stim	946208	0	1	25144	1	0	25000	miss	0
p006	20	Pulse	199	950000	3792	NA
p006	20	Pulse	199	960000	13792	NA
p006	20	Pulse	199	970000	23792	NA
p006	21	Picture	fix2	971352	0	1	18607	1	0	next	other	0
p006	21	Response	16	978349	6997	0
p006	21	Pulse	199	980000	8648	NA
p006	22	Picture	feedback	989959	0	1	20115	1	0	next	other	0
p006	22	Pulse	199	990000	41	NA
p006	22	Pulse	199	1000000	10041	NA
p006	22	Pulse	199	1010000	20041	NA
p006	23	Picture	fix	1010074	0	1	19948	1	0	next	other	0
p006	23	Pulse	199	1020000	9926	NA
p006	24	Pulse	199	1030000	15	NA
p006	25	Picture	stim	1030022	0	1	25144	1	0	25000	hit	129
p006	25	Pulse	199	1040000	9978	NA
p006	25	Response	16	1041285	11263	0
p006	25	Pulse	199	1050000	19978	NA
p006	26	Picture	fix2	1055167	0	1	15254	1	0	next	other	0
p006	26	Pulse	199	1060000	4833	NA
p006	26	Pulse	199	1070000	14833	NA
p006	27	Picture	feedback	1070421	0	1	20115	1	0	next	other	0
p006	27	Pulse	199	1080000	9579	NA
p006	27	Pulse	199	1090000	19579	NA
p006	28	Picture	fix	1090536	0	1	21959	1	0	next	other	0
p006	28	Pulse	199	1100000	9464	NA
p006	28	Pulse	199	1110000	19464	NA
p006	30	Picture	stim	1112496	0	1	25144	1	0	25000	hit	142
p006	30	Pulse	199	1120000	7504	NA
p006	30	Response	16	1120649	8153	0
p006	30	Pulse	199	1130000	17504	NA
p006	31	Picture	fix2	1137640	0	1	20451	1	0	next	other	0
p006	31	Pulse	199	1140000	2360	NA
p006	31	Pulse	199	1150000	12360	NA
p006	32	Picture	feedback	1158091	0	1	20116	1	0	next	other	0
p006	32	Pulse	199	1160000	1909	NA
p006	32	Pulse	199	1170000	11909	NA
p006	33	Picture	fix	1178206	0	1	30844	1	0	next	other	0
p006	33	Pulse	199	1180000	1794	NA
p006	33	Pulse	199	1190000	11794	NA
p006	33	Pulse	199	1200000	21794	NA
p006	35	Picture	stim	1209050	0	1	25144	1	0	25000	hit	156
p006	35	Pulse	199	1210000	950	NA
p006	35	Response	16	1218832	9782	0
p006	35	Pulse	199	1220000	10950	NA
p006	35	Pulse	199	1230000	20950	NA
p006	36	Picture	fix2	1234194	0	1	27659	1	0	next	other	0
p006	36	Pulse	199	1240000	5806	NA
p006	36	Pulse	199	1250000	15806	NA
p006	36	Pulse	199	1260000	25806	NA
p006	37	Picture	feedback	1261853	0	1	20116	1	0	next	other	0
p006	37	Pulse	199	1270000	8147	NA
p006	37	Pulse	199	1280000	18147	NA
p006	38	Picture	fix	1281969	0	1	24641	1	0	next	other	0
p006	38	Pulse	199	1290000	8031	NA
p006	38	Pulse	199	1300000	18031	NA
p006	40	Picture	stim	1306610	0	1	25144	1	0	25000	incorrect	172
p006	40	Pulse	199	1310000	3390	NA
p006	40	Pulse	199	1320000	13390	NA
p006	40	Response	32	1323884	17273	0
p006	40	Pulse	199	1330000	23390	NA
p006	41	Picture	fix2	1331922	0	1	21624	1	0	next	other	0
p006	41	Pulse	199	1340000	8078	NA
p006	41	Pulse	199	1350000	18078	NA
p006	42	Picture	feedback	1353546	0	1	20115	1	0	next	other	0
p006	42	Pulse	199	1360000	6454	NA
p006	42	Pulse	199	1370000	16454	NA
p006	43	Picture	fix	1373662	0	1	18607	1	0	next	other	0
p006	43	Pulse	199	1380000	6338	NA
p006	43	Pulse	199	1390000	16338	NA
p006	45	Picture	stim	1392269	0	1	25144	1	0	25000	hit	186
p006	45	Pulse	199	1400000	7731	NA
p006	45	Pulse	199	1410000	17731	NA
p006	45	Response	16	1411714	19446	0
p006	46	Picture	fix2	1417413	0	1	18104	1	0	next	other	0
p006	46	Pulse	199	1420000	2587	NA
p006	46	Pulse	199	1430000	12587	NA
p006	47	Picture	feedback	1435517	0	1	20115	1	0	next	other	0
p006	47	Pulse	199	1440000	4483	NA
p006	47	Pulse	199	1450000	14483	NA
p006	48	Picture	fix	1455632	0	1	23468	1	0	next	other	0
p006	48	Pulse	199	1460000	4368	NA
p006	48	Pulse	199	1470000	14368	NA
p006	50	Picture	stim	1479100	0	1	25144	1	0	25000	incorrect	198
p006	50	Pulse	199	1480000	900	NA
p006	50	Response	32	1488588	9487	0
p006	50	Pulse	199	1490000	10900	NA
p006	50	Pulse	199	1500000	20900	NA
p006	51	Picture	fix2	1504245	0	1	15925	1	0	next	other	0
p006	51	Pulse	199	1510000	5755	NA
p006	51	Pulse	199	1520000	15755	NA
p006	52	Picture	feedback	1520169	0	1	20115	1	0	next	other	0
p006	52	Pulse	199	1530000	9831	NA
p006	52	Pulse	199	1540000	19831	NA
p006	53	Picture	fix	1540285	0	1	37549	1	0	next	other	0
p006	53	Pulse	199	1550000	9715	NA
p006	53	Pulse	199	1560000	19715	NA
p006	53	Pulse	199	1570000	29715	NA
p006	55	Picture	stim	1577834	0	1	25144	1	0	25000	miss	0
p006	55	Pulse	199	1580000	2166	NA
p006	55	Pulse	199	1590000	12166	NA
p006	55	Pulse	199	1600000	22166	NA
p006	56	Picture	fix2	1602978	0	1	14751	1	0	next	other	0
p006	56	Response	16	1605996	3017	0
p006	56	Pulse	199	1610000	7022	NA
p006	57	Picture	feedback	1617730	0	1	20116	1	0	next	other	0
p006	57	Pulse	199	1620000	2270	NA
p006	57	Pulse	199	1630000	12270	NA
p006	58	Picture	fix	1637845	0	1	24809	1	0	next	other	0
p006	58	Pulse	199	1640000	2155	NA
p006	58	Pulse	199	1650000	12155	NA
p006	58	Pulse	199	1660000	22155	NA
p006	60	Picture	stim	1662654	0	1	25144	1	0	25000	hit	227
p006	60	Pulse	199	1670000	7346	NA
p006	60	Response	16	1677098	14444	0
p006	60	Pulse	199	1680000	17346	NA
p006	61	Picture	fix2	1687798	0	1	23300	1	0	next	other	0
p006	61	Pulse	199	1690000	2202	NA
p006	61	Pulse	199	1700000	12202	NA
p006	61	Pulse	199	1710000	22202	NA
p006	62	Picture	feedback	1711099	0	1	20115	1	0	next	other	0
p006	62	Pulse	199	1720000	8901	NA
p006	62	Pulse	199	1730000	18901	NA
p006	63	Picture	fix	1731214	0	1	34029	1	0	next	other	0
p006	63	Pulse	199	1740000	8786	NA
p006	63	Pulse	199	1750000	18786	NA
p006	63	Pulse	199	1760000	28786	NA
p006	65	Picture	stim	1765243	0	1	25144	1	0	25000	hit	242
p006	65	Pulse	199	1770000	4757	NA
p006	65	Response	16	1775983	10739	0
p006	65	Pulse	199	1780000	14757	NA
p006	65	Pulse	199	1790000	24757	NA
p006	66	Picture	fix2	1790387	0	1	21792	1	0	next	other	0
p006	66	Pulse	199	1800000	9613	NA
p006	66	Pulse	199	1810000	19613	NA
p006	67	Picture	feedback	1812179	0	1	20115	1	0	next	other	0
p006	67	Pulse	199	1820000	7821	NA
p006	67	Pulse	199	1830000	17821	NA
p006	68	Picture	fix	1832295	0	1	32185	1	0	next	other	0
p006	68	Pulse	199	1840000	7705	NA
p006	68	Pulse	199	1850000	17705	NA
p006	68	Pulse	199	1860000	27705	NA
p006	70	Picture	stim	1864479	0	1	25144	1	0	25000	hit	257
p006	70	Pulse	199	1870000	5521	NA
p006	70	Response	16	1875271	10791	0
p006	70	Pulse	199	1880000	15521	NA
p006	71	Picture	fix2	1889624	0	1	24306	1	0	next	other	0
p006	71	Pulse	199	1890000	376	NA
p006	71	Pulse	199	1900000	10376	NA
p006	71	Pulse	199	1910000	20376	NA
p006	72	Picture	feedback	1913930	0	1	20115	1	0	next	other	0
p006	72	Pulse	199	1920000	6070	NA
p006	72	Pulse	199	1930000	16070	NA
p006	73	Picture	fix	1934045	0	1	26485	1	0	next	other	0
p006	73	Pulse	199	1940000	5955	NA
p006	73	Pulse	199	1950000	15955	NA
p006	73	Pulse	199	1960000	25955	NA
p006	75	Picture	stim	1960531	0	1	25144	1	0	25000	incorrect	272
p006	75	Pulse	199	1970000	9469	NA
p006	75	Response	32	1975058	14527	0
p006	75	Pulse	199	1980000	19469	NA
p006	76	Picture	fix2	1985675	0	1	20115	1	0	next	other	0
p006	76	Pulse	199	1990000	4325	NA
p006	76	Pulse	199	2000000	14325	NA
p006	77	Picture	feedback	2005791	0	1	20116	1	0	next	other	0
p006	77	Pulse	199	2010000	4209	NA
p006	77	Pulse	199	2020000	14209	NA
p006	78	Picture	fix	2025906	0	1	29167	1	0	next	other	0
p006	78	Pulse	199	2030000	4094	NA
p006	78	Pulse	199	2040000	14094	NA
p006	78	Pulse	199	2050000	24094	NA
p006	80	Picture	stim	2055074	0	1	25144	1	0	25000	incorrect	286
p006	80	Pulse	199	2060000	4926	NA
p006	80	Response	32	2066581	11507	0
p006	80	Pulse	199	2070000	14926	NA
p006	80	Pulse	199	2080000	24926	NA
p006	81	Picture	fix2	2080218	0	1	11231	1	0	next	other	0
p006	81	Pulse	199	2090000	9782	NA
p006	82	Picture	feedback	2091449	0	1	20115	1	0	next	other	0
p006	82	Pulse	199	2100000	8551	NA
p006	82	Pulse	199	2110000	18551	NA
p006	83	Picture	fix	2111565	0	1	27994	1	0	next	other	0
p006	83	Pulse	199	2120000	8435	NA
p006	83	Pulse	199	2130000	18435	NA
p006	85	Picture	stim	2139559	0	1	25144	1	0	25000	incorrect	300
p006	85	Pulse	199	2140000	441	NA
p006	85	Pulse	199	2150000	10441	NA
p006	85	Response	32	2154917	15358	0
p006	85	Pulse	199	2160000	20441	NA
p006	86	Picture	fix2	2164871	0	1	18104	1	0	next	other	0
p006	86	Pulse	199	2170000	5129	NA
p006	86	Pulse	199	2180000	15129	NA
p006	87	Picture	feedback	2182975	0	1	20115	1	0	next	other	0
p006	87	Pulse	199	2190000	7025	NA
p006	87	Pulse	199	2200000	17025	NA
p006	88	Picture	fix	2203090	0	1	24641	1	0	next	other	0
p006	88	Pulse	199	2210000	6910	NA
p006	88	Pulse	199	2220000	16910	NA
p006	90	Picture	stim	2227732	0	1	25144	1	0	25000	incorrect	315
p006	90	Pulse	199	2230000	2269	NA
p006	90	Pulse	199	2240000	12269	NA
p006	90	Pulse	199	2250000	22269	NA
p006	90	Response	32	2250123	22392	0
p006	91	Picture	fix2	2252876	0	1	25983	1	0	next	other	0
p006	91	Pulse	199	2260000	7124	NA
p006	91	Pulse	199	2270000	17124	NA
p006	92	Picture	feedback	2278858	0	1	20115	1	0	next	other	0
p006	92	Pulse	199	2280000	1142	NA
p006	92	Pulse	199	2290000	11142	NA
p006	93	Picture	fix	2298974	0	1	26821	1	0	next	other	0
p006	93	Pulse	199	2300000	1026	NA
p006	93	Pulse	199	2310000	11026	NA
p006	93	Pulse	199	2320000	21026	NA
p006	95	Picture	stim	2325795	0	1	25144	1	0	25000	hit	329
p006	95	Pulse	199	2330000	4206	NA
p006	95	Pulse	199	2340000	14206	NA
p006	95	Response	16	2340352	14558	0
p006	95	Pulse	199	2350000	24206	NA
p006	96	Picture	fix2	2350939	0	1	29167	1	0	next	other	0
p006	96	Pulse	199	2360000	9061	NA
p006	96	Pulse	199	2370000	19061	NA
p006	96	Pulse	199	2380000	29061	NA
p006	97	Picture	feedback	2380106	0	1	20116	1	0	next	other	0
p006	97	Pulse	199	2390000	9894	NA
p006	97	Pulse	199	2400000	19894	NA
p006	98	Picture	fix	2400222	0	1	18942	1	0	next	other	0
p006	98	Pulse	199	2410000	9778	NA
p006	100	Picture	stim	2419164	0	1	25144	1	0	25000	incorrect	343
p006	100	Pulse	199	2420000	836	NA
p006	100	Pulse	199	2430000	10836	NA
p006	100	Response	32	2438048	18885	0
p006	100	Pulse	199	2440000	20836	NA
p006	101	Picture	fix2	2444308	0	1	26150	1	0	next	other	0
p006	101	Pulse	199	2450000	5692	NA
p006	101	Pulse	199	2460000	15692	NA
p006	101	Pulse	199	2470000	25692	NA
p006	102	Picture	feedback	2470458	0	1	20116	1	0	next	other	0
p006	102	Pulse	199	2480000	9542	NA
p006	102	Pulse	199	2490000	19542	NA
p006	103	Picture	fix	2490574	0	1	22127	1	0	next	other	0
p006	103	Pulse	199	2500000	9426	NA
p006	103	Pulse	199	2510000	19426	NA
p006	105	Picture	stim	2512701	0	1	25144	1	0	25000	incorrect	357
p006	105	Pulse	199	2520000	7299	NA
p006	105	Response	32	2527083	14382	0
p006	105	Pulse	199	2530000	17299	NA
p006	106	Picture	fix2	2538013	0	1	21457	1	0	next	other	0
p006	106	Pulse	199	2540000	1987	NA
p006	106	Pulse	199	2550000	11987	NA
p006	107	Picture	feedback	2559469	0	1	20115	1	0	next	other	0
p006	107	Pulse	199	2560000	531	NA
p006	107	Pulse	199	2570000	10531	NA
p006	108	Picture	fix	2579585	0	1	16260	1	0	next	other	0
p006	108	Pulse	199	2580000	415	NA
p006	108	Pulse	199	2590000	10415	NA
p006	110	Picture	stim	2595845	0	1	25144	1	0	25000	miss	0
p006	110	Pulse	199	2600000	4155	NA
p006	110	Pulse	199	2610000	14155	NA
p006	110	Pulse	199	2620000	24155	NA
p006	111	Picture	fix2	2620989	0	1	16595	1	0	next	other	0
p006	111	Response	32	2625885	4896	0
p006	111	Pulse	199	2630000	9011	NA
p006	112	Picture	feedback	2637584	0	1	20116	1	0	next	other	0
p006	112	Pulse	199	2640000	2416	NA
p006	112	Pulse	199	2650000	12416	NA
p006	113	Picture	fix	2657700	0	1	27323	1	0	next	other	0
p006	113	Pulse	199	2660000	2300	NA
p006	113	Pulse	199	2670000	12300	NA
p006	113	Pulse	199	2680000	22300	NA
p006	115	Picture	stim	2685023	0	1	25144	1	0	25000	incorrect	384
p006	115	Pulse	199	2690000	4977	NA
p006	115	Response	32	2692715	7692	0
p006	115	Pulse	199	2700000	14977	NA
p006	115	Pulse	199	2710000	24977	NA
p006	116	Picture	fix2	2710335	0	1	14081	1	0	next	other	0
p006	116	Pulse	199	2720000	9665	NA
p006	117	Picture	feedback	2724416	0	1	20115	1	0	next	other	0
p006	117	Pulse	199	2730000	5584	NA
p006	117	Pulse	199	2740000	15584	NA
p006	118	Picture	fix	2744532	0	1	26821	1	0	next	other	0
p006	118	Pulse	199	2750000	5468	NA
p006	118	Pulse	199	2760000	15468	NA
p006	118	Pulse	199	2770000	25468	NA
p006	120	Picture	stim	2771352	0	1	25144	1	0	25000	hit	398
p006	120	Pulse	199	2780000	8648	NA
p006	120	Response	16	2786145	14792	0
p006	120	Pulse	199	2790000	18648	NA
p006	121	Picture	fix2	2796497	0	1	16428	1	0	next	other	0
p006	121	Pulse	199	2800000	3503	NA
p006	121	Pulse	199	2810000	13503	NA
p006	122	Picture	feedback	2812924	0	1	20115	1	0	next	other	0
p006	122	Pulse	199	2820000	7076	NA
p006	122	Pulse	199	2830000	17076	NA
p006	123	Picture	fix	2833040	0	1	29000	1	0	next	other	0
p006	123	Pulse	199	2840000	6960	NA
p006	123	Pulse	199	2850000	16960	NA
p006	123	Pulse	199	2860000	26960	NA
p006	125	Picture	stim	2862040	0	1	25144	1	0	25000	hit	412
p006	125	Pulse	199	2870000	7960	NA
p006	125	Response	16	2877579	15539	0
p006	125	Pulse	199	2880000	17960	NA
p006	126	Picture	fix2	2887184	0	1	23468	1	0	next	other	0
p006	126	Pulse	199	2890000	2816	NA
p006	126	Pulse	199	2900000	12816	NA
p006	126	Pulse	199	2910000	22816	NA
p006	127	Picture	feedback	2910652	0	1	20115	1	0	next	other	0
p006	127	Pulse	199	2920000	9348	NA
p006	127	Pulse	199	2930000	19348	NA
p006	128	Picture	fix	2930768	0	1	20283	1	0	next	other	0
p006	128	Pulse	199	2940000	9232	NA
p006	128	Pulse	199	2950000	19232	NA
p006	130	Picture	stim	2951051	0	1	25144	1	0	25000	hit	426
p006	130	Pulse	199	2960000	8949	NA
p006	130	Response	16	2969410	18359	0
p006	130	Pulse	199	2970000	18949	NA
p006	131	Picture	fix2	2976195	0	1	25815	1	0	next	other	0
p006	131	Pulse	199	2980000	3805	NA
p006	131	Pulse	199	2990000	13805	NA
p006	131	Pulse	199	3000000	23805	NA
p006	132	Picture	feedback	3002010	0	1	20115	1	0	next	other	0
p006	132	Pulse	199	3010000	7990	NA
p006	132	Pulse	199	3020000	17990	NA
p006	133	Picture	fix	3022125	0	1	20451	1	0	next	other	0
p006	133	Pulse	199	3030000	7875	NA
p006	133	Pulse	199	3040000	17875	NA
p006	135	Picture	stim	3042576	0	1	25144	1	0	25000	incorrect	440
p006	135	Pulse	199	3050000	7424	NA
p006	135	Response	32	3052979	10403	0
p006	135	Pulse	199	3060000	17424	NA
p006	136	Picture	fix2	3067721	0	1	16092	1	0	next	other	0
p006	136	Pulse	199	3070000	2279	NA
p006	136	Pulse	199	3080000	12279	NA
p006	137	Picture	feedback	3083813	0	1	20116	1	0	next	other	0
p006	137	Pulse	199	3090000	6187	NA
p006	137	Pulse	199	3100000	16187	NA
p006	138	Picture	fix	3103928	0	1	21457	1	0	next	other	0
p006	138	Pulse	199	3110000	6072	NA
p006	138	Pulse	199	3120000	16072	NA
p006	140	Picture	stim	3125385	0	1	25144	1	0	25000	hit	453
p006	140	Pulse	199	3130000	4615	NA
p006	140	Response	16	3137150	11765	0
p006	140	Pulse	199	3140000	14615	NA
p006	140	Pulse	199	3150000	24615	NA
p006	141	Picture	fix2	3150529	0	1	16092	1	0	next	other	0
p006	141	Pulse	199	3160000	9471	NA
p006	142	Picture	feedback	3166622	0	1	20115	1	0	next	other	0
p006	142	Pulse	199	3170000	3378	NA
p006	142	Pulse	199	3180000	13378	NA
p006	143	Picture	fix	3186737	0	1	17769	1	0	next	other	0
p006	143	Pulse	199	3190000	3263	NA
p006	143	Pulse	199	3200000	13263	NA
p006	145	Picture	stim	3204506	0	1	25144	1	0	25000	hit	466
p006	145	Pulse	199	3210000	5494	NA
p006	145	Response	16	3219830	15324	0
p006	145	Pulse	199	3220000	15494	NA
p006	146	Picture	fix2	3229650	0	1	21457	1	0	next	other	0
p006	146	Pulse	199	3230000	350	NA
p006	146	Pulse	199	3240000	10350	NA
p006	146	Pulse	199	3250000	20350	NA
p006	147	Picture	feedback	3251107	0	1	20115	1	0	next	other	0
p006	147	Pulse	199	3260000	8893	NA
p006	147	Pulse	199	3270000	18893	NA
p006	148	Picture	fix	3271222	0	1	33191	1	0	next	other	0
p006	148	Pulse	199	3280000	8778	NA
p006	148	Pulse	199	3290000	18778	NA
p006	148	Pulse	199	3300000	28778	NA
p006	150	Picture	stim	3304413	0	1	25144	1	0	25000	hit	481
p006	150	Pulse	199	3310000	5587	NA
p006	150	Response	16	3311981	7568	0
p006	150	Pulse	199	3320000	15587	NA
p006	151	Picture	fix2	3329557	0	1	21959	1	0	next	other	0
p006	151	Pulse	199	3330000	443	NA
p006	151	Pulse	199	3340000	10443	NA
p006	151	Pulse	199	3350000	20443	NA
p006	152	Picture	feedback	3351516	0	1	20116	1	0	next	other	0
p006	152	Pulse	199	3360000	8484	NA
p006	152	Pulse	199	3370000	18484	NA
p006	153	Picture	fix	3371632	0	1	29000	1	0	next	other	0
p006	153	Pulse	199	3380000	8368	NA
p006	153	Pulse	199	3390000	18368	NA
p006	153	Pulse	199	3400000	28368	NA
p006	155	Picture	stim	3400632	0	1	25144	1	0	25000	incorrect	496
p006	155	Pulse	199	3410000	9368	NA
p006	155	Response	32	3413295	12663	0
p006	155	Pulse	199	3420000	19368	NA
p006	156	Picture	fix2	3425776	0	1	21624	1	0	next	other	0
p006	156	Pulse	199	3430000	4224	NA
p006	156	Pulse	199	3440000	14224	NA
p006	157	Picture	feedback	3447400	0	1	20115	1	0	next	other	0
p006	157	Pulse	199	3450000	2600	NA
p006	157	Pulse	199	3460000	12600	NA
p006	158	Picture	fix	3467516	0	1	22295	1	0	next	other	0
p006	158	Pulse	199	3470000	2484	NA
p006	158	Pulse	199	3480000	12484	NA
p006	160	Picture	stim	3489810	0	1	25144	1	0	25000	hit	509
p006	160	Pulse	199	3490000	190	NA
p006	160	Response	16	3496978	7168	0
p006	160	Pulse	199	3500000	10190	NA
p006	160	Pulse	199	3510000	20190	NA
p006	161	Picture	fix2	3514955	0	1	13075	1	0	next	other	0
p006	161	Pulse	199	3520000	5045	NA
p006	162	Picture	feedback	3528030	0	1	20115	1	0	next	other	0
p006	162	Pulse	199	3530000	1970	NA
p006	162	Pulse	199	3540000	11970	NA
p006	163	Picture	fix	3548145	0	1	30006	1	0	next	other	0
p006	163	Pulse	199	3550000	1855	NA
p006	163	Pulse	199	3560000	11855	NA
p006	163	Pulse	199	3570000	21855	NA
p006	165	Picture	stim	3578151	0	1	25144	1	0	25000	incorrect	524
p006	165	Pulse	199	3580000	1849	NA
p006	165	Pulse	199	3590000	11849	NA
p006	165	Response	32	3598898	20747	0
p006	165	Pulse	199	3600000	21849	NA
p006	166	Picture	fix2	3603295	0	1	20451	1	0	next	other	0
p006	166	Pulse	199	3610000	6705	NA
p006	166	Pulse	199	3620000	16705	NA
p006	167	Picture	feedback	3623746	0	1	20115	1	0	next	other	0
p006	167	Pulse	199	3630000	6254	NA
p006	167	Pulse	199	3640000	16254	NA
p006	168	Picture	fix	3643861	0	1	29670	1	0	next	other	0
p006	168	Pulse	199	3650000	6139	NA
p006	168	Pulse	199	3660000	16139	NA
p006	168	Pulse	199	3670000	26139	NA
p006	170	Picture	stim	3673532	0	1	25144	1	0	25000	hit	538
p006	170	Pulse	199	3680000	6468	NA
p006	170	Response	16	3686273	12741	0
p006	170	Pulse	199	3690000	16468	NA
p006	171	Picture	fix2	3698676	0	1	15925	1	0	next	other	0
p006	171	Pulse	199	3700000	1324	NA
p006	171	Pulse	199	3710000	11324	NA
p006	172	Picture	feedback	3714601	0	1	20116	1	0	next	other	0
p006	172	Pulse	199	3720000	5399	NA
p006	172	Pulse	199	3730000	15399	NA
p006	173	Picture	fix	3734716	0	1	17433	1	0	next	other	0
p006	173	Pulse	199	3740000	5284	NA
p006	173	Pulse	199	3750000	15284	NA
p006	175	Picture	stim	3752150	0	1	25144	1	0	25000	hit	551
p006	175	Pulse	199	3760000	7850	NA
p006	175	Response	16	3761991	9842	0
p006	175	Pulse	199	3770000	17850	NA
p006	176	Picture	fix2	3777294	0	1	17266	1	0	next	other	0
p006	176	Pulse	199	3780000	2706	NA
p006	176	Pulse	199	3790000	12706	NA
p006	177	Picture	feedback	3794560	0	1	20115	1	0	next	other	0
p006	177	Pulse	199	3800000	5440	NA
p006	177	Pulse	199	3810000	15440	NA
p006	178	Picture	fix	3814675	0	1	22295	1	0	next	other	0
p006	178	Pulse	199	3820000	5325	NA
p006	178	Pulse	199	3830000	15325	NA
p006	180	Picture	stim	3836970	0	1	25144	1	0	25000	incorrect	565
p006	180	Pulse	199	3840000	3030	NA
p006	180	Pulse	199	3850000	13030	NA
p006	180	Response	32	3853251	16281	0
p006	180	Pulse	199	3860000	23030	NA
p006	181	Picture	fix2	3862282	0	1	21289	1	0	next	other	0
p006	181	Pulse	199	3870000	7718	NA
p006	181	Pulse	199	3880000	17718	NA
p006	182	Picture	feedback	3883571	0	1	20115	1	0	next	other	0
p006	182	Pulse	199	3890000	6429	NA
p006	182	Pulse	199	3900000	16429	NA
p006	183	Picture	fix	3903686	0	1	23468	1	0	next	other	0
p006	183	Pulse	199	3910000	6314	NA
p006	183	Pulse	199	3920000	16314	NA
p006	185	Picture	stim	3927155	0	1	25144	1	0	25000	incorrect	578
p006	185	Pulse	199	3930000	2846	NA
p006	185	Response	32	3935547	8392	0
p006	185	Pulse	199	3940000	12846	NA
p006	185	Pulse	199	3950000	22846	NA
p006	186	Picture	fix2	3952299	0	1	9052	1	0	next	other	0
p006	186	Pulse	199	3960000	7701	NA
p006	187	Picture	feedback	3961351	0	1	20115	1	0	next	other	0
p006	187	Pulse	199	3970000	8649	NA
p006	187	Pulse	199	3980000	18649	NA
p006	188	Picture	fix	3981466	0	1	28832	1	0	next	other	0
p006	188	Pulse	199	3990000	8534	NA
p006	188	Pulse	199	4000000	18534	NA
p006	188	Pulse	199	4010000	28534	NA
p006	190	Picture	stim	4010298	0	1	25144	1	0	25000	hit	591
p006	190	Response	16	4019237	8938	0
p006	190	Pulse	199	4020000	9702	NA
p006	190	Pulse	199	4030000	19702	NA
p006	191	Picture	fix2	4035443	0	1	11566	1	0	next	other	0
p006	191	Pulse	199	4040000	4557	NA
p006	192	Picture	feedback	4047009	0	1	20115	1	0	next	other	0
p006	192	Pulse	199	4050000	2991	NA
p006	192	Pulse	199	4060000	12991	NA
p006	193	Picture	fix	4067125	0	1	31179	1	0	next	other	0
p006	193	Pulse	199	4070000	2875	NA
p006	193	Pulse	199	4080000	12875	NA
p006	193	Pulse	199	4090000	22875	NA
p006	195	Picture	stim	4098304	0	1	25144	1	0	25000	hit	605
p006	195	Pulse	199	4100000	1696	NA
p006	195	Response	16	4105615	7311	0
p006	195	Pulse	199	4110000	11696	NA
p006	195	Pulse	199	4120000	21696	NA
p006	196	Picture	fix2	4123448	0	1	29335	1	0	next	other	0
p006	196	Pulse	199	4130000	6552	NA
p006	196	Pulse	199	4140000	16552	NA
p006	196	Pulse	199	4150000	26552	NA
p006	197	Picture	feedback	4152783	0	1	20115	1	0	next	other	0
p006	197	Pulse	199	4160000	7217	NA
p006	197	Pulse	199	4170000	17217	NA
p006	198	Picture	fix	4172899	0	1	28497	1	0	next	other	0
p006	198	Pulse	199	4180000	7101	NA
p006	198	Pulse	199	4190000	17101	NA
p006	198	Pulse	199	4200000	27101	NA
p006	200	Picture	stim	4201396	0	1	25144	1	0	25000	incorrect	621
p006	200	Pulse	199	4210000	8604	NA
p006	200	Response	32	4212426	11031	0
p006	200	Pulse	199	4220000	18604	NA
p006	201	Picture	fix2	4226540	0	1	22630	1	0	next	other	0
p006	201	Pulse	199	4230000	3460	NA
p006	201	Pulse	199	4240000	13460	NA
p006	202	Picture	feedback	4249170	0	1	20115	1	0	next	other	0
p006	202	Pulse	199	4250000	830	NA
p006	202	Pulse	199	4260000	10830	NA
p006	203	Picture	fix	4269285	0	1	26485	1	0	next	other	0
p006	203	Pulse	199	4270000	715	NA
p006	203	Pulse	199	4280000	10715	NA
p006	203	Pulse	199	4290000	20715	NA
p006	205	Picture	stim	4295771	0	1	25144	1	0	25000	incorrect	635
p006	205	Pulse	199	4300000	4229	NA
p006	205	Response	32	4306188	10418	0
p006	205	Pulse	199	4310000	14229	NA
p006	205	Pulse	199	4320000	24229	NA
p006	206	Picture	fix2	4320915	0	1	13243	1	0	next	other	0
p006	206	Pulse	199	4330000	9085	NA
p006	207	Picture	feedback	4334158	0	1	20115	1	0	next	other	0
p006	207	Pulse	199	4340000	5842	NA
p006	207	Pulse	199	4350000	15842	NA
p006	208	Picture	fix	4354273	0	1	22798	1	0	next	other	0
p006	208	Pulse	199	4360000	5727	NA
p006	208	Pulse	199	4370000	15727	NA
p006	210	Picture	stim	4377071	0	1	25144	1	0	25000	incorrect	648
p006	210	Pulse	199	4380000	2929	NA
p006	210	Response	32	4385503	8432	0
p006	210	Pulse	199	4390000	12929	NA
p006	210	Pulse	199	4400000	22929	NA
p006	211	Picture	fix2	4402215	0	1	13913	1	0	next	other	0
p006	211	Pulse	199	4410000	7785	NA
p006	212	Picture	feedback	4416128	0	1	20115	1	0	next	other	0
p006	212	Pulse	199	4420000	3872	NA
p006	212	Pulse	199	4430000	13872	NA
p006	213	Picture	fix	4436244	0	1	19445	1	0	next	other	0
p006	213	Pulse	199	4440000	3756	NA
p006	213	Pulse	199	4450000	13756	NA
p006	215	Picture	stim	4455689	0	1	25144	1	0	25000	incorrect	661
p006	215	Pulse	199	4460000	4311	NA
p006	215	Response	32	4465011	9322	0
p006	215	Pulse	199	4470000	14311	NA
p006	215	Pulse	199	4480000	24311	NA
p006	216	Picture	fix2	4480833	0	1	16428	1	0	next	other	0
p006	216	Pulse	199	4490000	9167	NA
p006	217	Picture	feedback	4497261	0	1	20115	1	0	next	other	0
p006	217	Pulse	199	4500000	2739	NA
p006	217	Pulse	199	4510000	12739	NA
p006	218	Picture	fix	4517376	0	1	25144	1	0	next	other	0
p006	218	Pulse	199	4520000	2624	NA
p006	218	Pulse	199	4530000	12624	NA
p006	218	Pulse	199	4540000	22624	NA
p006	220	Picture	stim	4542521	0	1	25144	1	0	25000	incorrect	675
p006	220	Pulse	199	4550000	7479	NA
p006	220	Response	32	4551202	8681	0
p006	220	Pulse	199	4560000	17479	NA
p006	221	Picture	fix2	4567665	0	1	16595	1	0	next	other	0
p006	221	Pulse	199	4570000	2335	NA
p006	221	Pulse	199	4580000	12335	NA
p006	222	Picture	feedback	4584260	0	1	20115	1	0	next	other	0
p006	222	Pulse	199	4590000	5740	NA
p006	222	Pulse	199	4600000	15740	NA
p006	223	Picture	fix	4604376	0	1	23803	1	0	next	other	0
p006	223	Pulse	199	4610000	5624	NA
p006	223	Pulse	199	4620000	15624	NA
p006	225	Picture	stim	4628179	0	1	25144	1	0	25000	hit	688
p006	225	Pulse	199	4630000	1821	NA
p006	225	Response	16	4636801	8622	0
p006	225	Pulse	199	4640000	11821	NA
p006	225	Pulse	199	4650000	21821	NA
p006	226	Picture	fix2	4653323	0	1	22295	1	0	next	other	0
p006	226	Pulse	199	4660000	6677	NA
p006	226	Pulse	199	4670000	16677	NA
p006	227	Picture	feedback	4675618	0	1	20115	1	0	next	other	0
p006	227	Pulse	199	4680000	4382	NA
p006	227	Pulse	199	4690000	14382	NA
p006	228	Picture	fix	4695734	0	1	26821	1	0	next	other	0
p006	228	Pulse	199	4700000	4266	NA
p006	228	Pulse	199	4710000	14266	NA
p006	228	Pulse	199	4720000	24266	NA
p006	230	Picture	stim	4722554	0	1	25144	1	0	25000	incorrect	703
p006	230	Pulse	199	4730000	7446	NA
p006	230	Response	32	4738743	16189	0
p006	230	Pulse	199	4740000	17446	NA
p006	231	Picture	fix2	4747866	0	1	14584	1	0	next	other	0
p006	231	Pulse	199	4750000	2134	NA
p006	231	Pulse	199	4760000	12134	NA
p006	232	Picture	feedback	4762450	0	1	20115	1	0	next	other	0
p006	232	Pulse	199	4770000	7550	NA
p006	232	Pulse	199	4780000	17550	NA
p006	233	Picture	fix	4782565	0	1	25480	1	0	next	other	0
p006	233	Pulse	199	4790000	7435	NA
p006	233	Pulse	199	4800000	17435	NA
p006	235	Picture	stim	4808045	0	1	25144	1	0	25000	hit	717
p006	235	Pulse	199	4810000	1955	NA
p006	235	Pulse	199	4820000	11955	NA
p006	235	Response	16	4825641	17596	0
p006	235	Pulse	199	4830000	21955	NA
p006	236	Picture	fix2	4833189	0	1	17936	1	0	next	other	0
p006	236	Pulse	199	4840000	6811	NA
p006	236	Pulse	199	4850000	16811	NA
p006	237	Picture	feedback	4851126	0	1	20115	1	0	next	other	0
p006	237	Pulse	199	4860000	8874	NA
p006	237	Pulse	199	4870000	18874	NA
p006	238	Picture	fix	4871241	0	1	25983	1	0	next	other	0
p006	238	Pulse	199	4880000	8759	NA
p006	238	Pulse	199	4890000	18759	NA
p006	240	Picture	stim	4897224	0	1	25144	1	0	25000	incorrect	730
p006	240	Pulse	199	4900000	2776	NA
p006	240	Response	32	4907961	10737	0
p006	240	Pulse	199	4910000	12776	NA
p006	240	Pulse	199	4920000	22776	NA
p006	241	Picture	fix2	4922536	0	1	24139	1	0	next	other	0
p006	241	Pulse	199	4930000	7464	NA
p006	241	Pulse	199	4940000	17464	NA
p006	242	Picture	feedback	4946674	0	1	20115	1	0	next	other	0
p006	242	Pulse	199	4950000	3326	NA
p006	242	Pulse	199	4960000	13326	NA
p006	243	Picture	100	4966790	0	1	80127	1	0	80000	other	0
p006	243	Pulse	199	4970000	3210	NA
p006	243	Pulse	199	4980000	13210	NA
p006	243	Pulse	199	4990000	23210	NA
p006	243	Pulse	199	5000000	33210	NA
p006	243	Pulse	199	5010000	43210	NA
p006	243	Pulse	199	5020000	53210	NA
p006	243	Pulse	199	5030000	63210	NA
p006	243	Pulse	199	5040000	73210	NA
