Scenario - FBL_A.sce
Logfile written - 03/12/2021 14:26:28

Subject	Trial	Event Type	Code	Time	TTime	Uncertainty	Duration	Uncertainty	ReqTime	ReqDur	Stim Type	Pair Index

G002	1	Picture	audiotest	10166	0	1	489816	1	0	next	other	0
G002	1	Pause		137206	127041	NA	248960
G002	1	Resume		137206	127041	NA
G002	1	Response	16	162966	152801	0
G002	2	Pulse	199	499835	336858	0
G002	2	Pulse	199	509835	346858	0
G002	2	Pulse	199	519836	356859	0
G002	2	Pulse	199	529836	366859	0
G002	2	Pulse	199	539836	376858	0
G002	2	Pulse	199	549835	386858	0
G002	3	Picture	fix	550383	0	1	18900	1	0	next	other	0
G002	3	Pulse	199	559836	9454	0
G002	5	Picture	fix	569283	0	1	32164	1	0	next	other	0
G002	5	Pulse	199	569836	553	0
G002	5	Response	16	579225	9942	0
G002	5	Pulse	199	579835	10552	0
G002	5	Pulse	199	589835	20552	0
G002	5	Pulse	199	599836	30553	0
G002	7	Picture	fix	601447	0	1	24869	1	0	next	other	0
G002	7	Pulse	199	609835	8389	0
G002	7	Response	16	610515	9069	0
G002	7	Pulse	199	619835	18388	0
G002	9	Picture	fix	626316	0	1	21553	1	0	next	other	0
G002	9	Pulse	199	629836	3520	0
G002	9	Response	16	633096	6780	0
G002	9	Pulse	199	639836	13520	0
G002	11	Picture	fix	647869	0	1	22051	1	0	next	other	0
G002	11	Pulse	199	649835	1966	0
G002	11	Response	16	651896	4026	0
G002	11	Pulse	199	659836	11967	0
G002	12	Pulse	199	669836	147	1
G002	13	Picture	fix	669920	0	1	23708	1	0	next	other	0
G002	13	Response	16	677416	7496	0
G002	13	Pulse	199	679835	9916	0
G002	13	Pulse	199	689835	19916	0
G002	15	Picture	fix	693628	0	1	29014	1	0	next	other	0
G002	15	Pulse	199	699836	6208	0
G002	15	Response	16	701186	7558	0
G002	15	Pulse	199	709836	16208	0
G002	15	Pulse	199	719835	26207	0
G002	17	Picture	fix	722642	0	1	22216	1	0	next	other	0
G002	17	Pulse	199	729836	7194	0
G002	17	Response	16	730706	8064	0
G002	17	Pulse	199	739836	17194	0
G002	19	Picture	fix	744858	0	1	20393	1	0	next	other	0
G002	19	Pulse	199	749835	4977	0
G002	19	Response	16	753966	9108	0
G002	19	Pulse	199	759835	14977	0
G002	21	Picture	abfrage	765251	0	1	12445	1	0	next	other	0
G002	21	Pulse	199	769836	4585	0
G002	21	Response	16	772586	7335	0
