Scenario - FBL_A.sce
Logfile written - 03/12/2021 14:46:57

Subject	Trial	Event Type	Code	Time	TTime	Uncertainty	Duration	Uncertainty	ReqTime	ReqDur	Stim Type	Pair Index

G002b2	1	Response	16	51921	41590	0
G002b2	2	Picture	start	51945	0	1	690695	1	0	next	other	0
G002b2	3	Response	16	142642	40689	0
G002b2	3	Pulse	199	742541	640588	0
G002b2	3	Pulse	199	752540	650587	0
G002b2	3	Pulse	199	762541	660588	0
G002b2	3	Pulse	199	772541	670588	0
G002b2	3	Pulse	199	782540	680587	0
G002b2	3	Pulse	199	792541	690588	0
G002b2	4	Picture	fix	793042	0	1	29014	1	0	next	other	0
G002b2	4	Pulse	199	802541	9499	0
G002b2	4	Pulse	199	812541	19499	0
G002b2	6	Picture	stim	822056	0	1	25035	1	0	25000	incorrect	15
G002b2	6	Pulse	199	822540	485	0
G002b2	6	Response	32	831601	9545	0
G002b2	6	Pulse	199	832541	10485	0
G002b2	6	Pulse	199	842541	20485	0
G002b2	7	Picture	fix2	847091	0	1	17906	1	0	next	other	0
G002b2	7	Pulse	199	852540	5450	0
G002b2	7	Pulse	199	862541	15450	0
G002b2	8	Picture	feedback	864996	0	1	20061	1	0	next	other	0
G002b2	8	Pulse	199	872541	7544	0
G002b2	8	Pulse	199	882540	17544	0
G002b2	9	Picture	fix	885057	0	1	17740	1	0	next	other	0
G002b2	9	Pulse	199	892540	7483	0
G002b2	9	Pulse	199	902541	17484	0
G002b2	11	Picture	stim	902797	0	1	25035	1	0	25000	incorrect	29
G002b2	11	Pulse	199	912541	9744	0
G002b2	11	Response	32	913231	10434	0
G002b2	11	Pulse	199	922540	19743	0
G002b2	12	Picture	fix2	927832	0	1	27688	1	0	next	other	0
G002b2	12	Pulse	199	932541	4709	0
G002b2	12	Pulse	199	942541	14709	0
G002b2	12	Pulse	199	952541	24709	0
G002b2	13	Picture	feedback	955519	0	1	20061	1	0	next	other	0
G002b2	13	Pulse	199	962540	7021	0
G002b2	13	Pulse	199	972541	17021	0
G002b2	14	Picture	fix	975580	0	1	20393	1	0	next	other	0
G002b2	14	Pulse	199	982541	6960	0
G002b2	14	Pulse	199	992540	16960	0
G002b2	16	Picture	stim	995973	0	1	25035	1	0	25000	hit	43
G002b2	16	Pulse	199	1002541	6568	0
G002b2	16	Response	16	1007760	11787	0
G002b2	16	Pulse	199	1012541	16568	0
G002b2	17	Picture	fix2	1021174	0	1	25864	1	0	next	other	0
G002b2	17	Pulse	199	1022540	1367	0
G002b2	17	Pulse	199	1032540	11367	0
G002b2	17	Pulse	199	1042541	21367	0
G002b2	18	Picture	feedback	1047037	0	1	20061	1	0	next	other	0
G002b2	18	Pulse	199	1052541	5503	0
G002b2	18	Pulse	199	1062540	15503	0
G002b2	19	Picture	fix	1067098	0	1	18569	1	0	next	other	0
G002b2	19	Pulse	199	1072541	5443	0
G002b2	19	Pulse	199	1082541	15442	0
G002b2	21	Picture	stim	1085667	0	1	25035	1	0	25000	incorrect	57
G002b2	21	Pulse	199	1092540	6873	0
G002b2	21	Response	32	1095091	9423	0
G002b2	21	Pulse	199	1102540	16873	0
G002b2	22	Picture	fix2	1110868	0	1	23543	1	0	next	other	0
G002b2	22	Pulse	199	1112541	1673	0
G002b2	22	Pulse	199	1122541	11673	0
G002b2	22	Pulse	199	1132540	21672	0
G002b2	23	Picture	feedback	1134411	0	1	20061	1	0	next	other	0
G002b2	23	Pulse	199	1142541	8130	0
G002b2	23	Pulse	199	1152541	18130	0
G002b2	24	Picture	fix	1154472	0	1	29345	1	0	next	other	0
G002b2	24	Pulse	199	1162540	8069	0
G002b2	24	Pulse	199	1172541	18070	0
G002b2	24	Pulse	199	1182541	28069	0
G002b2	26	Picture	stim	1183817	0	1	25035	1	0	25000	incorrect	72
G002b2	26	Pulse	199	1192541	8724	0
G002b2	26	Response	32	1196991	13174	0
G002b2	26	Pulse	199	1202540	18723	0
G002b2	27	Picture	fix2	1208852	0	1	20393	1	0	next	other	0
G002b2	27	Pulse	199	1212541	3689	0
G002b2	27	Pulse	199	1222551	13699	0
G002b2	28	Picture	feedback	1229244	0	1	20061	1	0	next	other	0
G002b2	28	Pulse	199	1232540	3296	0
G002b2	28	Pulse	199	1242551	13306	0
G002b2	29	Picture	fix	1249305	0	1	29180	1	0	next	other	0
G002b2	29	Pulse	199	1252541	3236	0
G002b2	29	Pulse	199	1262541	13235	0
G002b2	29	Pulse	199	1272550	23245	0
G002b2	31	Picture	stim	1278485	0	1	25035	1	0	25000	hit	86
G002b2	31	Pulse	199	1282551	4066	0
G002b2	31	Response	16	1286851	8366	0
G002b2	31	Pulse	199	1292550	14065	0
G002b2	31	Pulse	199	1302550	24065	0
G002b2	32	Picture	fix2	1303520	0	1	24372	1	0	next	other	0
G002b2	32	Pulse	199	1312551	9031	0
G002b2	32	Pulse	199	1322551	19031	0
G002b2	33	Picture	feedback	1327891	0	1	20061	1	0	next	other	0
G002b2	33	Pulse	199	1332550	4659	0
G002b2	33	Pulse	199	1342551	14659	0
G002b2	34	Picture	fix	1347952	0	1	22382	1	0	next	other	0
G002b2	34	Pulse	199	1352551	4598	0
G002b2	34	Pulse	199	1362550	14598	0
G002b2	36	Picture	stim	1370334	0	1	25035	1	0	25000	hit	100
G002b2	36	Pulse	199	1372550	2216	0
G002b2	36	Response	16	1381641	11306	0
G002b2	36	Pulse	199	1382551	12216	0
G002b2	36	Pulse	199	1392551	22216	0
G002b2	37	Picture	fix2	1395369	0	1	11606	1	0	next	other	0
G002b2	37	Pulse	199	1402550	7181	0
G002b2	38	Picture	feedback	1406975	0	1	20061	1	0	next	other	0
G002b2	38	Pulse	199	1412550	5576	0
G002b2	38	Pulse	199	1422551	15576	0
G002b2	39	Picture	fix	1427036	0	1	23708	1	0	next	other	0
G002b2	39	Pulse	199	1432551	5515	0
G002b2	39	Pulse	199	1442550	15514	0
G002b2	41	Picture	stim	1450744	0	1	25035	1	0	25000	hit	113
G002b2	41	Pulse	199	1452550	1806	0
G002b2	41	Response	16	1461190	10446	0
G002b2	41	Pulse	199	1462550	11806	0
G002b2	41	Pulse	199	1472550	21806	0
G002b2	42	Picture	fix2	1475779	0	1	21719	1	0	next	other	0
G002b2	42	Pulse	199	1482550	6771	0
G002b2	42	Pulse	199	1492550	16771	0
G002b2	43	Picture	feedback	1497498	0	1	20061	1	0	next	other	0
G002b2	43	Pulse	199	1502550	5052	0
G002b2	43	Pulse	199	1512550	15052	0
G002b2	44	Picture	fix	1517559	0	1	17408	1	0	next	other	0
G002b2	44	Pulse	199	1522550	4991	0
G002b2	44	Pulse	199	1532550	14991	0
G002b2	46	Picture	stim	1534967	0	1	25035	1	0	25000	hit	127
G002b2	46	Pulse	199	1542550	7583	0
G002b2	46	Response	16	1545140	10173	0
G002b2	46	Pulse	199	1552550	17583	0
G002b2	47	Picture	fix2	1560002	0	1	22216	1	0	next	other	0
G002b2	47	Pulse	199	1562550	2548	0
G002b2	47	Pulse	199	1572550	12548	0
G002b2	48	Picture	feedback	1582218	0	1	20061	1	0	next	other	0
G002b2	48	Pulse	199	1582550	332	0
G002b2	48	Pulse	199	1592550	10332	0
G002b2	49	Picture	fix	1602279	0	1	20061	1	0	next	other	0
G002b2	49	Pulse	199	1602550	271	0
G002b2	49	Pulse	199	1612550	10270	0
G002b2	51	Picture	stim	1622340	0	1	25035	1	0	25000	hit	141
G002b2	51	Pulse	199	1622550	210	0
G002b2	51	Pulse	199	1632550	10210	0
G002b2	51	Response	16	1636060	13720	0
G002b2	51	Pulse	199	1642550	20210	0
G002b2	52	Picture	fix2	1647375	0	1	15253	1	0	next	other	0
G002b2	52	Pulse	199	1652550	5175	0
G002b2	52	Pulse	199	1662551	15175	0
G002b2	53	Picture	feedback	1662628	0	1	20061	1	0	next	other	0
G002b2	53	Pulse	199	1672551	9922	0
G002b2	53	Pulse	199	1682550	19922	0
G002b2	54	Picture	fix	1682689	0	1	30009	1	0	next	other	0
G002b2	54	Pulse	199	1692551	9861	0
G002b2	54	Pulse	199	1702550	19861	0
G002b2	55	Pulse	199	1712550	0	1
G002b2	56	Picture	stim	1712698	0	1	25035	1	0	25000	incorrect	155
G002b2	56	Pulse	199	1722550	9852	0
G002b2	56	Response	32	1727170	14472	0
G002b2	56	Pulse	199	1732551	19853	0
G002b2	57	Picture	fix2	1737733	0	1	25864	1	0	next	other	0
G002b2	57	Pulse	199	1742551	4818	0
G002b2	57	Pulse	199	1752550	14817	0
G002b2	57	Pulse	199	1762550	24818	0
G002b2	58	Picture	feedback	1763596	0	1	20061	1	0	next	other	0
G002b2	58	Pulse	199	1772550	8954	0
G002b2	58	Pulse	199	1782550	18954	0
G002b2	59	Picture	fix	1783657	0	1	26858	1	0	next	other	0
G002b2	59	Pulse	199	1792551	8893	0
G002b2	59	Pulse	199	1802550	18893	0
G002b2	61	Picture	stim	1810516	0	1	25035	1	0	25000	incorrect	170
G002b2	61	Pulse	199	1812550	2034	0
G002b2	61	Pulse	199	1822550	12034	0
G002b2	61	Response	32	1822680	12164	0
G002b2	61	Pulse	199	1832550	22035	0
G002b2	62	Picture	fix2	1835716	0	1	20061	1	0	next	other	0
G002b2	62	Pulse	199	1842550	6834	0
G002b2	62	Pulse	199	1852550	16833	0
G002b2	63	Picture	feedback	1855778	0	1	20061	1	0	next	other	0
G002b2	63	Pulse	199	1862550	6773	0
G002b2	63	Pulse	199	1872550	16773	0
G002b2	64	Picture	fix	1875839	0	1	26858	1	0	next	other	0
G002b2	64	Pulse	199	1882550	6712	0
G002b2	64	Pulse	199	1892550	16712	0
G002b2	64	Pulse	199	1902549	26710	2
G002b2	66	Picture	stim	1902697	0	1	25035	1	0	25000	hit	184
G002b2	66	Pulse	199	1912550	9853	0
G002b2	66	Response	16	1918220	15523	0
G002b2	66	Pulse	199	1922550	19853	0
G002b2	67	Picture	fix2	1927732	0	1	16579	1	0	next	other	0
G002b2	67	Pulse	199	1932550	4819	0
G002b2	67	Pulse	199	1942550	14819	0
G002b2	68	Picture	feedback	1944311	0	1	20061	1	0	next	other	0
G002b2	68	Pulse	199	1952550	8239	0
G002b2	68	Pulse	199	1962550	18238	0
G002b2	69	Picture	fix	1964372	0	1	27356	1	0	next	other	0
G002b2	69	Pulse	199	1972550	8178	0
G002b2	69	Pulse	199	1982550	18178	0
G002b2	71	Picture	stim	1991728	0	1	25035	1	0	25000	incorrect	198
G002b2	71	Pulse	199	1992550	822	0
G002b2	71	Pulse	199	2002550	10822	0
G002b2	71	Response	32	2005510	13782	0
G002b2	71	Pulse	199	2012550	20822	0
G002b2	72	Picture	fix2	2016763	0	1	13263	1	0	next	other	0
G002b2	72	Pulse	199	2022550	5787	0
G002b2	73	Picture	feedback	2030026	0	1	20061	1	0	next	other	0
G002b2	73	Pulse	199	2032550	2523	0
G002b2	73	Pulse	199	2042550	12524	0
G002b2	74	Picture	fix	2050087	0	1	19066	1	0	next	other	0
G002b2	74	Pulse	199	2052551	2463	0
G002b2	74	Pulse	199	2062550	12462	0
G002b2	76	Picture	stim	2069154	0	1	25035	1	0	25000	hit	211
G002b2	76	Pulse	199	2072550	3397	0
G002b2	76	Pulse	199	2082550	13397	0
G002b2	76	Response	16	2084060	14907	0
G002b2	76	Pulse	199	2092550	23396	0
G002b2	77	Picture	fix2	2094188	0	1	18569	1	0	next	other	0
G002b2	77	Pulse	199	2102550	8361	0
G002b2	77	Pulse	199	2112551	18362	0
G002b2	78	Picture	feedback	2112757	0	1	20061	1	0	next	other	0
G002b2	78	Pulse	199	2122550	9793	0
G002b2	78	Pulse	199	2132550	19793	0
G002b2	79	Picture	fix	2132818	0	1	32164	1	0	next	other	0
G002b2	79	Pulse	199	2142550	9732	0
G002b2	79	Pulse	199	2152550	19732	0
G002b2	79	Pulse	199	2162550	29731	0
G002b2	81	Picture	stim	2164982	0	1	25035	1	0	25000	incorrect	225
G002b2	81	Pulse	199	2172550	7568	0
G002b2	81	Response	32	2177300	12318	0
G002b2	81	Pulse	199	2182550	17568	0
G002b2	82	Picture	fix2	2190017	0	1	16082	1	0	next	other	0
G002b2	82	Pulse	199	2192550	2533	0
G002b2	82	Pulse	199	2202550	12533	0
G002b2	83	Picture	feedback	2206099	0	1	20061	1	0	next	other	0
G002b2	83	Pulse	199	2212550	6451	0
G002b2	83	Pulse	199	2222550	16451	0
G002b2	84	Picture	fix	2226160	0	1	26859	1	0	next	other	0
G002b2	84	Pulse	199	2232550	6390	0
G002b2	84	Pulse	199	2242551	16391	0
G002b2	84	Pulse	199	2252550	26390	0
G002b2	86	Picture	stim	2253018	0	1	25035	1	0	25000	hit	239
G002b2	86	Pulse	199	2262550	9532	0
G002b2	86	Response	16	2271470	18452	0
G002b2	86	Pulse	199	2272550	19531	0
G002b2	87	Picture	fix2	2278053	0	1	21885	1	0	next	other	0
G002b2	87	Pulse	199	2282551	4497	0
G002b2	87	Pulse	199	2292551	14497	0
G002b2	88	Picture	feedback	2299938	0	1	20061	1	0	next	other	0
G002b2	88	Pulse	199	2302550	2612	0
G002b2	88	Pulse	199	2312550	12613	0
G002b2	89	Picture	fix	2319999	0	1	28516	1	0	next	other	0
G002b2	89	Pulse	199	2322551	2552	0
G002b2	89	Pulse	199	2332550	12551	0
G002b2	89	Pulse	199	2342550	22551	0
G002b2	91	Picture	stim	2348515	0	1	25035	1	0	25000	incorrect	253
G002b2	91	Pulse	199	2352551	4035	0
G002b2	91	Response	32	2359410	10895	0
G002b2	91	Pulse	199	2362550	14035	0
G002b2	91	Pulse	199	2372550	24034	0
G002b2	92	Picture	fix2	2373716	0	1	21387	1	0	next	other	0
G002b2	92	Pulse	199	2382551	8835	0
G002b2	92	Pulse	199	2392550	18834	0
G002b2	93	Picture	feedback	2395103	0	1	20061	1	0	next	other	0
G002b2	93	Pulse	199	2402550	7447	0
G002b2	93	Pulse	199	2412550	17447	0
G002b2	94	Picture	fix	2415164	0	1	28516	1	0	next	other	0
G002b2	94	Pulse	199	2422551	7386	0
G002b2	94	Pulse	199	2432550	17386	0
G002b2	94	Pulse	199	2442550	27385	0
G002b2	96	Picture	stim	2443681	0	1	25035	1	0	25000	hit	268
G002b2	96	Pulse	199	2452550	8870	0
G002b2	96	Response	16	2460900	17220	0
G002b2	96	Pulse	199	2462550	18869	0
G002b2	97	Picture	fix2	2468716	0	1	16414	1	0	next	other	0
G002b2	97	Pulse	199	2472550	3834	0
G002b2	97	Pulse	199	2482550	13835	0
G002b2	98	Picture	feedback	2485129	0	1	20061	1	0	next	other	0
G002b2	98	Pulse	199	2492550	7421	0
G002b2	98	Pulse	199	2502550	17421	0
G002b2	99	Picture	fix	2505190	0	1	23377	1	0	next	other	0
G002b2	99	Pulse	199	2512550	7360	0
G002b2	99	Pulse	199	2522550	17360	0
G002b2	101	Picture	stim	2528567	0	1	25035	1	0	25000	hit	282
G002b2	101	Pulse	199	2532550	3983	0
G002b2	101	Pulse	199	2542550	13983	0
G002b2	101	Response	16	2544230	15663	0
G002b2	101	Pulse	199	2552550	23983	0
G002b2	102	Picture	fix2	2553602	0	1	22051	1	0	next	other	0
G002b2	102	Pulse	199	2562550	8948	0
G002b2	102	Pulse	199	2572550	18948	0
G002b2	103	Picture	feedback	2575652	0	1	20061	1	0	next	other	0
G002b2	103	Pulse	199	2582550	6897	0
G002b2	103	Pulse	199	2592550	16898	0
G002b2	104	Picture	fix	2595713	0	1	26527	1	0	next	other	0
G002b2	104	Pulse	199	2602550	6837	0
G002b2	104	Pulse	199	2612550	16836	0
G002b2	106	Picture	stim	2622240	0	1	25035	1	0	25000	hit	296
G002b2	106	Pulse	199	2622550	310	0
G002b2	106	Pulse	199	2632550	10310	0
G002b2	106	Response	16	2635330	13090	0
G002b2	106	Pulse	199	2642550	20310	0
G002b2	107	Picture	fix2	2647441	0	1	23377	1	0	next	other	0
G002b2	107	Pulse	199	2652550	5109	0
G002b2	107	Pulse	199	2662550	15110	0
G002b2	108	Picture	feedback	2670818	0	1	20061	1	0	next	other	0
G002b2	108	Pulse	199	2672551	1733	0
G002b2	108	Pulse	199	2682550	11732	0
G002b2	109	Picture	fix	2690879	0	1	30838	1	0	next	other	0
G002b2	109	Pulse	199	2692551	1672	0
G002b2	109	Pulse	199	2702551	11672	0
G002b2	109	Pulse	199	2712550	21672	0
G002b2	111	Picture	stim	2721716	0	1	25035	1	0	25000	incorrect	310
G002b2	111	Pulse	199	2722550	833	0
G002b2	111	Response	32	2731780	10064	0
G002b2	111	Pulse	199	2732550	10834	0
G002b2	111	Pulse	199	2742551	20834	0
G002b2	112	Picture	fix2	2746751	0	1	22548	1	0	next	other	0
G002b2	112	Pulse	199	2752550	5799	0
G002b2	112	Pulse	199	2762550	15799	0
G002b2	113	Picture	feedback	2769299	0	1	20061	1	0	next	other	0
G002b2	113	Pulse	199	2772550	3251	0
G002b2	113	Pulse	199	2782550	13251	0
G002b2	114	Picture	fix	2789360	0	1	33988	1	0	next	other	0
G002b2	114	Pulse	199	2792550	3190	0
G002b2	114	Pulse	199	2802550	13190	0
G002b2	114	Pulse	199	2812551	23191	0
G002b2	114	Pulse	199	2822550	33190	0
G002b2	116	Picture	stim	2823348	0	1	25035	1	0	25000	hit	326
G002b2	116	Pulse	199	2832551	9203	0
G002b2	116	Response	16	2837620	14272	0
G002b2	116	Pulse	199	2842550	19203	0
G002b2	117	Picture	fix2	2848548	0	1	20558	1	0	next	other	0
G002b2	117	Pulse	199	2852550	4002	0
G002b2	117	Pulse	199	2862550	14001	0
G002b2	118	Picture	feedback	2869107	0	1	20061	1	0	next	other	0
G002b2	118	Pulse	199	2872550	3444	0
G002b2	118	Pulse	199	2882550	13444	0
G002b2	119	Picture	fix	2889168	0	1	22714	1	0	next	other	0
G002b2	119	Pulse	199	2892550	3382	0
G002b2	119	Pulse	199	2902550	13383	0
G002b2	121	Picture	stim	2911881	0	1	25035	1	0	25000	incorrect	339
G002b2	121	Pulse	199	2912550	669	0
G002b2	121	Response	32	2919939	8058	0
G002b2	121	Pulse	199	2922550	10668	0
G002b2	121	Pulse	199	2932560	20678	0
G002b2	122	Picture	fix2	2937082	0	1	29014	1	0	next	other	0
G002b2	122	Pulse	199	2942550	5468	0
G002b2	122	Pulse	199	2952550	15468	0
G002b2	122	Pulse	199	2962560	25478	0
G002b2	123	Picture	feedback	2966096	0	1	20061	1	0	next	other	0
G002b2	123	Pulse	199	2972550	6455	0
G002b2	123	Pulse	199	2982550	16455	0
G002b2	124	Picture	fix	2986157	0	1	26361	1	0	next	other	0
G002b2	124	Pulse	199	2992560	6403	0
G002b2	124	Pulse	199	3002560	16403	0
G002b2	126	Picture	stim	3012518	0	1	25035	1	0	25000	incorrect	355
G002b2	126	Pulse	199	3012550	32	0
G002b2	126	Pulse	199	3022560	10042	0
G002b2	126	Response	32	3027340	14822	0
G002b2	126	Pulse	199	3032559	20042	0
G002b2	127	Picture	fix2	3037553	0	1	14756	1	0	next	other	0
G002b2	127	Pulse	199	3042560	5008	0
G002b2	128	Picture	feedback	3052308	0	1	20061	1	0	next	other	0
G002b2	128	Pulse	199	3052560	252	0
G002b2	128	Pulse	199	3062560	10252	0
G002b2	129	Picture	fix	3072369	0	1	23543	1	0	next	other	0
G002b2	129	Pulse	199	3072560	191	0
G002b2	129	Pulse	199	3082560	10191	0
G002b2	129	Pulse	199	3092560	20191	0
G002b2	131	Picture	stim	3095912	0	1	25035	1	0	25000	incorrect	368
G002b2	131	Pulse	199	3102560	6648	0
G002b2	131	Response	32	3105089	9178	0
G002b2	131	Pulse	199	3112560	16648	0
G002b2	132	Picture	fix2	3120947	0	1	16413	1	0	next	other	0
G002b2	132	Pulse	199	3122560	1614	0
G002b2	132	Pulse	199	3132560	11613	0
G002b2	133	Picture	feedback	3137360	0	1	20061	1	0	next	other	0
G002b2	133	Pulse	199	3142560	5200	0
G002b2	133	Pulse	199	3152560	15200	0
G002b2	134	Picture	fix	3157421	0	1	31169	1	0	next	other	0
G002b2	134	Pulse	199	3162560	5139	0
G002b2	134	Pulse	199	3172560	15138	0
G002b2	134	Pulse	199	3182560	25139	0
G002b2	136	Picture	stim	3188590	0	1	25035	1	0	25000	incorrect	382
G002b2	136	Pulse	199	3192560	3970	0
G002b2	136	Response	32	3199140	10549	0
G002b2	136	Pulse	199	3202560	13969	0
G002b2	136	Pulse	199	3212560	23970	0
G002b2	137	Picture	fix2	3213625	0	1	21387	1	0	next	other	0
G002b2	137	Pulse	199	3222560	8935	0
G002b2	137	Pulse	199	3232560	18934	0
G002b2	138	Picture	feedback	3235013	0	1	20061	1	0	next	other	0
G002b2	138	Pulse	199	3242560	7547	0
G002b2	138	Pulse	199	3252560	17547	0
G002b2	139	Picture	fix	3255074	0	1	22216	1	0	next	other	0
G002b2	139	Pulse	199	3262560	7487	0
G002b2	139	Pulse	199	3272559	17486	0
G002b2	141	Picture	stim	3277290	0	1	25035	1	0	25000	hit	396
G002b2	141	Pulse	199	3282560	5270	0
G002b2	141	Response	16	3288210	10920	0
G002b2	141	Pulse	199	3292560	15270	0
G002b2	142	Picture	fix2	3302325	0	1	14092	1	0	next	other	0
G002b2	142	Pulse	199	3302560	235	0
G002b2	142	Pulse	199	3312560	10235	0
G002b2	143	Picture	feedback	3316417	0	1	20061	1	0	next	other	0
G002b2	143	Pulse	199	3322560	6143	0
G002b2	143	Pulse	199	3332560	16143	0
G002b2	144	Picture	fix	3336478	0	1	21387	1	0	next	other	0
G002b2	144	Pulse	199	3342559	6081	0
G002b2	144	Pulse	199	3352560	16082	0
G002b2	146	Picture	stim	3357865	0	1	25035	1	0	25000	hit	409
G002b2	146	Pulse	199	3362560	4694	0
G002b2	146	Response	16	3371290	13424	0
G002b2	146	Pulse	199	3372559	14694	0
G002b2	146	Pulse	199	3382560	24695	0
G002b2	147	Picture	fix2	3382900	0	1	15916	1	0	next	other	0
G002b2	147	Pulse	199	3392560	9660	0
G002b2	148	Picture	feedback	3398816	0	1	20061	1	0	next	other	0
G002b2	148	Pulse	199	3402560	3743	0
G002b2	148	Pulse	199	3412559	13743	0
G002b2	149	Picture	fix	3418877	0	1	24703	1	0	next	other	0
G002b2	149	Pulse	199	3422560	3683	0
G002b2	149	Pulse	199	3432560	13683	0
G002b2	149	Pulse	199	3442560	23683	0
G002b2	151	Picture	stim	3443581	0	1	25035	1	0	25000	incorrect	423
G002b2	151	Pulse	199	3452560	8980	0
G002b2	151	Response	32	3452591	9010	0
G002b2	151	Pulse	199	3462560	18980	0
G002b2	152	Picture	fix2	3468615	0	1	9119	1	0	next	other	0
G002b2	152	Pulse	199	3472560	3945	0
G002b2	153	Picture	feedback	3477734	0	1	20048	180	0	next	other	0
G002b2	153	Pulse	199	3482560	4826	0
G002b2	153	Pulse	199	3492560	14826	0
G002b2	154	Picture	fix	3497782	0	179	21898	180	0	next	other	0
G002b2	154	Pulse	199	3502560	4778	0
G002b2	154	Pulse	199	3512559	14777	0
G002b2	156	Picture	stim	3519680	0	1	25034	1	0	25000	incorrect	435
G002b2	156	Pulse	199	3522560	2881	0
G002b2	156	Response	32	3528660	8980	0
G002b2	156	Pulse	199	3532560	12881	0
G002b2	156	Pulse	199	3542560	22880	0
G002b2	157	Picture	fix2	3544714	0	1	18072	1	0	next	other	0
G002b2	157	Pulse	199	3552560	7846	0
G002b2	157	Pulse	199	3562560	17846	0
G002b2	158	Picture	feedback	3562786	0	1	20061	1	0	next	other	0
G002b2	158	Pulse	199	3572560	9774	0
G002b2	158	Pulse	199	3582560	19774	0
G002b2	159	Picture	fix	3582847	0	1	28848	1	0	next	other	0
G002b2	159	Pulse	199	3592560	9713	0
G002b2	159	Pulse	199	3602560	19713	0
G002b2	161	Picture	stim	3611695	0	1	25035	1	0	25000	incorrect	449
G002b2	161	Pulse	199	3612560	865	0
G002b2	161	Response	32	3621790	10094	0
G002b2	161	Pulse	199	3622560	10864	0
G002b2	161	Pulse	199	3632560	20865	0
G002b2	162	Picture	fix2	3636730	0	1	12932	1	0	next	other	0
G002b2	162	Pulse	199	3642560	5830	0
G002b2	163	Picture	feedback	3649662	0	1	20061	1	0	next	other	0
G002b2	163	Pulse	199	3652560	2898	0
G002b2	163	Pulse	199	3662560	12898	0
G002b2	164	Picture	fix	3669723	0	1	28019	1	0	next	other	0
G002b2	164	Pulse	199	3672560	2837	0
G002b2	164	Pulse	199	3682560	12837	0
G002b2	164	Pulse	199	3692560	22837	0
G002b2	166	Picture	stim	3697742	0	1	25035	1	0	25000	incorrect	464
G002b2	166	Pulse	199	3702560	4818	0
G002b2	166	Pulse	199	3712560	14818	0
G002b2	166	Response	32	3712900	15158	0
G002b2	166	Pulse	199	3722560	24818	0
G002b2	167	Picture	fix2	3722942	0	1	15916	1	0	next	other	0
G002b2	167	Pulse	199	3732560	9618	0
G002b2	168	Picture	feedback	3738859	0	1	20061	1	0	next	other	0
G002b2	168	Pulse	199	3742560	3701	0
G002b2	168	Pulse	199	3752560	13701	0
G002b2	169	Picture	fix	3758920	0	1	37469	1	0	next	other	0
G002b2	169	Pulse	199	3762560	3641	0
G002b2	169	Pulse	199	3772560	13640	0
G002b2	169	Pulse	199	3782560	23640	0
G002b2	169	Pulse	199	3792560	33640	0
G002b2	171	Picture	stim	3796389	0	1	25035	1	0	25000	hit	478
G002b2	171	Pulse	199	3802560	6171	0
G002b2	171	Response	16	3808739	12350	0
G002b2	171	Pulse	199	3812560	16171	0
G002b2	172	Picture	fix2	3821424	0	1	26195	1	0	next	other	0
G002b2	172	Pulse	199	3822560	1136	0
G002b2	172	Pulse	199	3832560	11136	0
G002b2	172	Pulse	199	3842560	21136	0
G002b2	173	Picture	feedback	3847619	0	1	20061	1	0	next	other	0
G002b2	173	Pulse	199	3852560	4941	0
G002b2	173	Pulse	199	3862559	14940	0
G002b2	174	Picture	fix	3867680	0	1	26030	1	0	next	other	0
G002b2	174	Pulse	199	3872560	4880	0
G002b2	174	Pulse	199	3882560	14880	0
G002b2	174	Pulse	199	3892559	24879	0
G002b2	176	Picture	stim	3893710	0	1	25035	1	0	25000	incorrect	493
G002b2	176	Pulse	199	3902560	8851	0
G002b2	176	Response	32	3903980	10270	0
G002b2	176	Pulse	199	3912560	18850	0
G002b2	177	Picture	fix2	3918744	0	1	16579	1	0	next	other	0
G002b2	177	Pulse	199	3922560	3815	0
G002b2	177	Pulse	199	3932560	13815	0
G002b2	178	Picture	feedback	3935324	0	1	20061	1	0	next	other	0
G002b2	178	Pulse	199	3942560	7236	0
G002b2	178	Pulse	199	3952561	17237	0
G002b2	179	Picture	fix	3955385	0	1	20227	1	0	next	other	0
G002b2	179	Pulse	199	3962559	7175	0
G002b2	179	Pulse	199	3972560	17175	0
G002b2	181	Picture	stim	3975612	0	1	25035	1	0	25000	hit	506
G002b2	181	Pulse	199	3982560	6949	0
G002b2	181	Response	16	3988690	13078	0
G002b2	181	Pulse	199	3992560	16948	0
G002b2	182	Picture	fix2	4000812	0	1	26361	1	0	next	other	0
G002b2	182	Pulse	199	4002559	1747	0
G002b2	182	Pulse	199	4012560	11748	0
G002b2	182	Pulse	199	4022560	21748	0
G002b2	183	Picture	feedback	4027173	0	1	20061	1	0	next	other	0
G002b2	183	Pulse	199	4032559	5386	0
G002b2	183	Pulse	199	4042560	15386	0
G002b2	184	Picture	fix	4047234	0	1	28848	1	0	next	other	0
G002b2	184	Pulse	199	4052560	5326	0
G002b2	184	Pulse	199	4062559	15325	0
G002b2	184	Pulse	199	4072560	25326	0
G002b2	186	Picture	stim	4076082	0	1	25035	1	0	25000	hit	521
G002b2	186	Pulse	199	4082559	6477	0
G002b2	186	Response	16	4089749	13666	0
G002b2	186	Pulse	199	4092560	16477	0
G002b2	187	Picture	fix2	4101117	0	1	21387	1	0	next	other	0
G002b2	187	Pulse	199	4102560	1442	0
G002b2	187	Pulse	199	4112560	11442	0
G002b2	188	Picture	feedback	4122505	0	1	20061	1	0	next	other	0
G002b2	188	Pulse	199	4122560	55	0
G002b2	188	Pulse	199	4132559	10055	0
G002b2	188	Pulse	199	4142559	20055	0
G002b2	189	Picture	fix	4142565	0	1	23377	1	0	next	other	0
G002b2	189	Pulse	199	4152560	9994	0
G002b2	189	Pulse	199	4162559	19994	0
G002b2	191	Picture	stim	4165942	0	1	25035	1	0	25000	hit	535
G002b2	191	Pulse	199	4172559	6617	0
G002b2	191	Response	16	4175839	9897	0
G002b2	191	Pulse	199	4182560	16617	0
G002b2	192	Picture	fix2	4191143	0	1	29345	1	0	next	other	0
G002b2	192	Pulse	199	4192560	1417	0
G002b2	192	Pulse	199	4202559	11416	0
G002b2	192	Pulse	199	4212559	21416	0
G002b2	193	Picture	feedback	4220488	0	1	20061	1	0	next	other	0
G002b2	193	Pulse	199	4222559	2071	0
G002b2	193	Pulse	199	4232559	12071	0
G002b2	194	Picture	fix	4240549	0	1	33324	1	0	next	other	0
G002b2	194	Pulse	199	4242559	2010	0
G002b2	194	Pulse	199	4252559	12010	0
G002b2	194	Pulse	199	4262559	22010	0
G002b2	194	Pulse	199	4272559	32010	0
G002b2	196	Picture	stim	4273874	0	1	25035	1	0	25000	hit	551
G002b2	196	Pulse	199	4282559	8686	0
G002b2	196	Response	16	4287919	14045	0
G002b2	196	Pulse	199	4292559	18685	0
G002b2	197	Picture	fix2	4298909	0	1	18072	1	0	next	other	0
G002b2	197	Pulse	199	4302559	3651	0
G002b2	197	Pulse	199	4312559	13650	0
G002b2	198	Picture	feedback	4316980	0	1	20061	1	0	next	other	0
G002b2	198	Pulse	199	4322559	5579	0
G002b2	198	Pulse	199	4332559	15579	0
G002b2	199	Picture	fix	4337041	0	1	22051	1	0	next	other	0
G002b2	199	Pulse	199	4342559	5518	0
G002b2	199	Pulse	199	4352559	15518	0
G002b2	201	Picture	stim	4359092	0	1	25035	1	0	25000	incorrect	565
G002b2	201	Pulse	199	4362559	3468	0
G002b2	201	Pulse	199	4372559	13467	0
G002b2	201	Response	32	4372710	13618	0
G002b2	201	Pulse	199	4382559	23467	0
G002b2	202	Picture	fix2	4384126	0	1	13927	1	0	next	other	0
G002b2	202	Pulse	199	4392559	8433	0
G002b2	203	Picture	feedback	4398053	0	1	20061	1	0	next	other	0
G002b2	203	Pulse	199	4402559	4506	0
G002b2	203	Pulse	199	4412559	14506	0
G002b2	204	Picture	fix	4418114	0	1	35977	1	0	next	other	0
G002b2	204	Pulse	199	4422560	4446	0
G002b2	204	Pulse	199	4432559	14445	0
G002b2	204	Pulse	199	4442559	24445	0
G002b2	204	Pulse	199	4452560	34446	0
G002b2	206	Picture	stim	4454091	0	1	25035	1	0	25000	hit	579
G002b2	206	Pulse	199	4462560	8469	0
G002b2	206	Response	16	4464200	10109	0
G002b2	206	Pulse	199	4472560	18469	0
G002b2	207	Picture	fix2	4479292	0	1	14590	1	0	next	other	0
G002b2	207	Pulse	199	4482559	3267	0
G002b2	207	Pulse	199	4492560	13268	0
G002b2	208	Picture	feedback	4493882	0	1	20061	1	0	next	other	0
G002b2	208	Pulse	199	4502560	8678	0
G002b2	208	Pulse	199	4512559	18677	0
G002b2	209	Picture	fix	4513943	0	1	19398	1	0	next	other	0
G002b2	209	Pulse	199	4522559	8617	0
G002b2	209	Pulse	199	4532560	18617	0
G002b2	211	Picture	stim	4533340	0	1	25035	1	0	25000	incorrect	592
G002b2	211	Pulse	199	4542560	9220	0
G002b2	211	Response	32	4543680	10340	0
G002b2	211	Pulse	199	4552560	19219	0
G002b2	212	Picture	fix2	4558375	0	1	16745	1	0	next	other	0
G002b2	212	Pulse	199	4562560	4184	0
G002b2	212	Pulse	199	4572560	14185	0
G002b2	213	Picture	feedback	4575120	0	1	20061	1	0	next	other	0
G002b2	213	Pulse	199	4582559	7439	0
G002b2	213	Pulse	199	4592560	17439	0
G002b2	214	Picture	fix	4595181	0	1	24703	1	0	next	other	0
G002b2	214	Pulse	199	4602560	7378	0
G002b2	214	Pulse	199	4612560	17378	0
G002b2	216	Picture	stim	4619885	0	1	25035	1	0	25000	incorrect	606
G002b2	216	Pulse	199	4622560	2675	0
G002b2	216	Pulse	199	4632560	12675	0
G002b2	216	Response	32	4632750	12865	0
G002b2	216	Pulse	199	4642560	22675	0
G002b2	217	Picture	fix2	4645085	0	1	10777	1	0	next	other	0
G002b2	217	Pulse	199	4652559	7474	0
G002b2	218	Picture	feedback	4655862	0	1	20061	1	0	next	other	0
G002b2	218	Pulse	199	4662560	6698	0
G002b2	218	Pulse	199	4672560	16698	0
G002b2	219	Picture	fix	4675923	0	1	25201	1	0	next	other	0
G002b2	219	Pulse	199	4682560	6637	0
G002b2	219	Pulse	199	4692559	16636	0
G002b2	221	Picture	stim	4701123	0	1	25035	1	0	25000	incorrect	619
G002b2	221	Pulse	199	4702570	1446	0
G002b2	221	Pulse	199	4712560	11436	0
G002b2	221	Response	32	4717700	16576	0
G002b2	221	Pulse	199	4722559	21436	0
G002b2	222	Picture	fix2	4726158	0	1	24206	1	0	next	other	0
G002b2	222	Pulse	199	4732570	6412	0
G002b2	222	Pulse	199	4742570	16412	0
G002b2	223	Picture	feedback	4750364	0	1	20061	1	0	next	other	0
G002b2	223	Pulse	199	4752569	2205	0
G002b2	223	Pulse	199	4762559	12195	0
G002b2	224	Picture	fix	4770425	0	1	24537	1	0	next	other	0
G002b2	224	Pulse	199	4772570	2145	0
G002b2	224	Pulse	199	4782570	12145	0
G002b2	224	Pulse	199	4792569	22144	0
G002b2	226	Picture	stim	4794962	0	1	25035	1	0	25000	hit	633
G002b2	226	Pulse	199	4802570	7607	0
G002b2	226	Response	16	4803270	8308	0
G002b2	226	Pulse	199	4812570	17607	0
G002b2	227	Picture	fix2	4819997	0	1	17243	1	0	next	other	0
G002b2	227	Pulse	199	4822569	2572	0
G002b2	227	Pulse	199	4832569	12572	0
G002b2	228	Picture	feedback	4837240	0	1	20061	1	0	next	other	0
G002b2	228	Pulse	199	4842570	5330	0
G002b2	228	Pulse	199	4852570	15330	0
G002b2	229	Picture	fix	4857301	0	1	16248	1	0	next	other	0
G002b2	229	Pulse	199	4862569	5269	0
G002b2	229	Pulse	199	4872570	15269	0
G002b2	231	Picture	stim	4873548	0	1	25035	1	0	25000	hit	646
G002b2	231	Pulse	199	4882570	9021	0
G002b2	231	Response	16	4891689	18141	0
G002b2	231	Pulse	199	4892569	19021	0
G002b2	232	Picture	fix2	4898583	0	1	11108	1	0	next	other	0
G002b2	232	Pulse	199	4902570	3987	0
G002b2	233	Picture	feedback	4909691	0	1	20061	1	0	next	other	0
G002b2	233	Pulse	199	4912570	2878	0
G002b2	233	Pulse	199	4922570	12878	0
G002b2	234	Picture	fix	4929752	0	1	29677	1	0	next	other	0
G002b2	234	Pulse	199	4932570	2817	0
G002b2	234	Pulse	199	4942570	12817	0
G002b2	234	Pulse	199	4952570	22817	0
G002b2	236	Picture	stim	4959429	0	1	25035	1	0	25000	incorrect	659
G002b2	236	Pulse	199	4962569	3140	0
G002b2	236	Response	32	4969940	10510	0
G002b2	236	Pulse	199	4972569	13140	0
G002b2	236	Pulse	199	4982570	23140	0
G002b2	237	Picture	fix2	4984464	0	1	16082	1	0	next	other	0
G002b2	237	Pulse	199	4992570	8105	0
G002b2	238	Picture	feedback	5000546	0	1	20061	1	0	next	other	0
G002b2	238	Pulse	199	5002569	2023	0
G002b2	238	Pulse	199	5012569	12023	0
G002b2	239	Picture	fix	5020607	0	1	25366	1	0	next	other	0
G002b2	239	Pulse	199	5022570	1962	0
G002b2	239	Pulse	199	5032569	11962	0
G002b2	239	Pulse	199	5042569	21962	0
G002b2	241	Picture	stim	5045974	0	1	25035	1	0	25000	hit	673
G002b2	241	Pulse	199	5052569	6596	0
G002b2	241	Response	16	5058729	12755	0
G002b2	241	Pulse	199	5062569	16596	0
G002b2	242	Picture	fix2	5071174	0	1	21553	1	0	next	other	0
G002b2	242	Pulse	199	5072569	1395	0
G002b2	242	Pulse	199	5082569	11395	0
G002b2	242	Pulse	199	5092569	21395	0
G002b2	243	Picture	feedback	5092727	0	1	20061	1	0	next	other	0
G002b2	243	Pulse	199	5102569	9842	0
G002b2	243	Pulse	199	5112569	19842	0
G002b2	244	Picture	100	5112788	0	1	80078	1	0	80000	other	0
G002b2	244	Pulse	199	5122569	9781	0
G002b2	244	Pulse	199	5132569	19781	0
G002b2	244	Pulse	199	5142569	29781	0
G002b2	244	Pulse	199	5152569	39781	0
G002b2	244	Pulse	199	5162569	49781	0
G002b2	244	Pulse	199	5172569	59781	0
G002b2	244	Pulse	199	5182569	69781	0
G002b2	244	Pulse	199	5192569	79781	0
