Scenario - FBL_A.sce
Logfile written - 03/19/2021 14:32:29

Subject	Trial	Event Type	Code	Time	TTime	Uncertainty	Duration	Uncertainty	ReqTime	ReqDur	Stim Type	Pair Index

G003	1	Response	16	32355	22024	0
G003	2	Picture	start	32382	0	1	649745	1	0	next	other	0
G003	2	Response	16	50595	18213	0
G003	3	Pulse	199	682095	599702	0
G003	3	Pulse	199	692095	609703	0
G003	3	Pulse	199	702095	619703	0
G003	3	Pulse	199	712094	629701	0
G003	3	Pulse	199	722095	639702	0
G003	3	Pulse	199	732095	649702	0
G003	4	Picture	fix	732363	0	1	29843	1	0	next	other	0
G003	4	Pulse	199	742095	9732	0
G003	4	Pulse	199	752095	19733	0
G003	5	Pulse	199	762096	184	0
G003	6	Picture	stim	762205	0	1	25035	1	0	25000	hit	16
G003	6	Pulse	199	772095	9890	0
G003	6	Response	16	772495	10290	0
G003	6	Pulse	199	782094	19889	0
G003	7	Picture	fix2	787240	0	1	18071	1	0	next	other	0
G003	7	Pulse	199	792095	4855	0
G003	7	Pulse	199	802096	14855	0
G003	8	Picture	feedback	805312	0	1	20061	1	0	next	other	0
G003	8	Pulse	199	812095	6783	0
G003	8	Pulse	199	822095	16783	0
G003	9	Picture	fix	825373	0	1	18569	1	0	next	other	0
G003	9	Pulse	199	832095	6722	0
G003	9	Pulse	199	842095	16722	0
G003	11	Picture	stim	843942	0	1	25035	1	0	25000	incorrect	29
G003	11	Pulse	199	852095	8153	0
G003	11	Response	32	855755	11814	0
G003	11	Pulse	199	862095	18153	0
G003	12	Picture	fix2	868977	0	1	16745	1	0	next	other	0
G003	12	Pulse	199	872095	3119	0
G003	12	Pulse	199	882104	13128	0
G003	13	Picture	feedback	885722	0	1	20061	1	0	next	other	0
G003	13	Pulse	199	892095	6373	0
G003	13	Pulse	199	902095	16373	0
G003	14	Picture	fix	905783	0	1	29014	1	0	next	other	0
G003	14	Pulse	199	912095	6313	0
G003	14	Pulse	199	922094	16312	0
G003	14	Pulse	199	932095	26313	0
G003	16	Picture	stim	934796	0	1	25035	1	0	25000	incorrect	43
G003	16	Pulse	199	942105	7309	0
G003	16	Response	32	951395	16598	0
G003	16	Pulse	199	952095	17298	0
G003	17	Picture	fix2	959831	0	1	15916	1	0	next	other	0
G003	17	Pulse	199	962106	2274	0
G003	17	Pulse	199	972105	12273	0
G003	18	Picture	feedback	975748	0	1	20061	1	0	next	other	0
G003	18	Pulse	199	982105	6357	0
G003	18	Pulse	199	992104	16357	0
G003	19	Picture	fix	995809	0	1	19066	1	0	next	other	0
G003	19	Pulse	199	1002105	6296	0
G003	19	Pulse	199	1012105	16296	0
G003	21	Picture	stim	1014875	0	1	25035	1	0	25000	hit	56
G003	21	Pulse	199	1022105	7230	0
G003	21	Response	16	1030015	15140	0
G003	21	Pulse	199	1032105	17231	0
G003	22	Picture	fix2	1039910	0	1	10777	1	0	next	other	0
G003	22	Pulse	199	1042106	2196	0
G003	23	Picture	feedback	1050686	0	1	20061	1	0	next	other	0
G003	23	Pulse	199	1052105	1419	0
G003	23	Pulse	199	1062105	11418	0
G003	24	Picture	fix	1070747	0	1	30837	1	0	next	other	0
G003	24	Pulse	199	1072105	1358	0
G003	24	Pulse	199	1082105	11358	0
G003	24	Pulse	199	1092105	21357	0
G003	26	Picture	stim	1101585	0	1	25035	1	0	25000	incorrect	70
G003	26	Pulse	199	1102105	520	0
G003	26	Pulse	199	1112105	10521	0
G003	26	Response	32	1119545	17960	0
G003	26	Pulse	199	1122105	20520	0
G003	27	Picture	fix2	1126620	0	1	14590	1	0	next	other	0
G003	27	Pulse	199	1132105	5485	0
G003	28	Picture	feedback	1141210	0	1	20061	1	0	next	other	0
G003	28	Pulse	199	1142105	896	0
G003	28	Pulse	199	1152105	10896	0
G003	29	Picture	fix	1161271	0	1	33325	1	0	next	other	0
G003	29	Pulse	199	1162105	834	0
G003	29	Pulse	199	1172105	10835	0
G003	29	Pulse	199	1182105	20835	0
G003	29	Pulse	199	1192105	30834	0
G003	31	Picture	stim	1194595	0	1	25035	1	0	25000	hit	84
G003	31	Pulse	199	1202105	7510	0
G003	31	Response	16	1210675	16080	0
G003	31	Pulse	199	1212105	17510	0
G003	32	Picture	fix2	1219630	0	1	18072	1	0	next	other	0
G003	32	Pulse	199	1222106	2476	0
G003	32	Pulse	199	1232105	12475	0
G003	33	Picture	feedback	1237702	0	1	20061	1	0	next	other	0
G003	33	Pulse	199	1242106	4404	0
G003	33	Pulse	199	1252105	14404	0
G003	34	Picture	fix	1257763	0	1	23377	1	0	next	other	0
G003	34	Pulse	199	1262105	4343	0
G003	34	Pulse	199	1272105	14342	0
G003	36	Picture	stim	1281139	0	1	25035	1	0	25000	hit	98
G003	36	Pulse	199	1282106	966	0
G003	36	Pulse	199	1292106	10966	0
G003	36	Response	16	1295495	14356	0
G003	36	Pulse	199	1302105	20965	0
G003	37	Picture	fix2	1306174	0	1	15253	1	0	next	other	0
G003	37	Pulse	199	1312106	5931	0
G003	38	Picture	feedback	1321427	0	1	20061	1	0	next	other	0
G003	38	Pulse	199	1322106	678	0
G003	38	Pulse	199	1332105	10678	0
G003	39	Picture	fix	1341488	0	1	32164	1	0	next	other	0
G003	39	Pulse	199	1342106	617	0
G003	39	Pulse	199	1352106	10617	0
G003	39	Pulse	199	1362106	20617	0
G003	39	Pulse	199	1372105	30617	0
G003	41	Picture	stim	1373652	0	1	25035	1	0	25000	hit	112
G003	41	Pulse	199	1382106	8453	0
G003	41	Response	16	1389785	16133	0
G003	41	Pulse	199	1392105	18453	0
G003	42	Picture	fix2	1398687	0	1	11606	1	0	next	other	0
G003	42	Pulse	199	1402105	3418	0
G003	43	Picture	feedback	1410293	0	1	20061	1	0	next	other	0
G003	43	Pulse	199	1412105	1813	0
G003	43	Pulse	199	1422106	11813	0
G003	44	Picture	fix	1430354	0	1	25200	1	0	next	other	0
G003	44	Pulse	199	1432106	1752	0
G003	44	Pulse	199	1442105	11751	0
G003	44	Pulse	199	1452105	21752	0
G003	46	Picture	stim	1455554	0	1	25035	1	0	25000	hit	125
G003	46	Pulse	199	1462106	6552	0
G003	46	Response	16	1470765	15211	0
G003	46	Pulse	199	1472105	16551	0
G003	47	Picture	fix2	1480589	0	1	17243	1	0	next	other	0
G003	47	Pulse	199	1482106	1517	0
G003	47	Pulse	199	1492106	11516	0
G003	48	Picture	feedback	1497832	0	1	20227	1	0	next	other	0
G003	48	Pulse	199	1502106	4274	0
G003	48	Pulse	199	1512105	14273	0
G003	49	Picture	fix	1518059	0	1	35977	1	0	next	other	0
G003	49	Pulse	199	1522106	4047	0
G003	49	Pulse	199	1532105	14047	0
G003	49	Pulse	199	1542105	24046	0
G003	49	Pulse	199	1552105	34047	0
G003	51	Picture	stim	1554036	0	1	25035	1	0	25000	hit	141
G003	51	Pulse	199	1562106	8070	0
G003	51	Pulse	199	1572105	18069	0
G003	51	Response	16	1574935	20899	0
G003	52	Picture	fix2	1579071	0	1	26361	1	0	next	other	0
G003	52	Pulse	199	1582105	3034	0
G003	52	Pulse	199	1592105	13035	0
G003	52	Pulse	199	1602106	23035	0
G003	53	Picture	feedback	1605432	0	1	20061	1	0	next	other	0
G003	53	Pulse	199	1612105	6673	0
G003	53	Pulse	199	1622106	16674	0
G003	54	Picture	fix	1625493	0	1	28848	1	0	next	other	0
G003	54	Pulse	199	1632106	6613	0
G003	54	Pulse	199	1642105	16612	0
G003	54	Pulse	199	1652105	26613	0
G003	56	Picture	stim	1654341	0	1	25035	1	0	25000	hit	155
G003	56	Pulse	199	1662106	7765	0
G003	56	Response	16	1664666	10325	0
G003	56	Pulse	199	1672106	17765	0
G003	57	Picture	fix2	1679376	0	1	14092	1	0	next	other	0
G003	57	Pulse	199	1682105	2729	0
G003	57	Pulse	199	1692106	12730	0
G003	58	Picture	feedback	1693468	0	1	20061	1	0	next	other	0
G003	58	Pulse	199	1702106	8638	0
G003	58	Pulse	199	1712105	18637	0
G003	59	Picture	fix	1713529	0	1	28517	1	0	next	other	0
G003	59	Pulse	199	1722106	8577	0
G003	59	Pulse	199	1732105	18576	0
G003	61	Picture	stim	1742046	0	1	25035	1	0	25000	incorrect	169
G003	61	Pulse	199	1742106	60	0
G003	61	Pulse	199	1752105	10059	0
G003	61	Response	32	1753605	11560	0
G003	61	Pulse	199	1762105	20060	0
G003	62	Picture	fix2	1767080	0	1	23543	1	0	next	other	0
G003	62	Pulse	199	1772106	5025	0
G003	62	Pulse	199	1782105	15024	0
G003	63	Picture	feedback	1790623	0	1	20061	1	0	next	other	0
G003	63	Pulse	199	1792106	1482	0
G003	63	Pulse	199	1802106	11482	0
G003	64	Picture	fix	1810684	0	1	26859	1	0	next	other	0
G003	64	Pulse	199	1812106	1422	0
G003	64	Pulse	199	1822105	11421	0
G003	64	Pulse	199	1832106	21421	0
G003	66	Picture	stim	1837543	0	1	25035	1	0	25000	hit	184
G003	66	Pulse	199	1842106	4563	0
G003	66	Pulse	199	1852105	14562	0
G003	66	Response	16	1854926	17383	0
G003	66	Pulse	199	1862106	24563	0
G003	67	Picture	fix2	1862743	0	1	9119	1	0	next	other	0
G003	68	Picture	feedback	1871862	0	1	20061	1	0	next	other	0
G003	68	Pulse	199	1872106	244	0
G003	68	Pulse	199	1882106	10243	0
G003	69	Picture	fix	1891923	0	1	29345	1	0	next	other	0
G003	69	Pulse	199	1892106	183	0
G003	69	Pulse	199	1902106	10182	0
G003	69	Pulse	199	1912106	20183	0
G003	71	Picture	stim	1921269	0	1	25035	1	0	25000	incorrect	197
G003	71	Pulse	199	1922106	837	0
G003	71	Pulse	199	1932106	10838	0
G003	71	Response	32	1938546	17277	0
G003	71	Pulse	199	1942106	20838	0
G003	72	Picture	fix2	1946303	0	1	16414	1	0	next	other	0
G003	72	Pulse	199	1952106	5802	0
G003	72	Pulse	199	1962106	15802	0
G003	73	Picture	feedback	1962717	0	1	20061	1	0	next	other	0
G003	73	Pulse	199	1972106	9389	0
G003	73	Pulse	199	1982106	19389	0
G003	74	Picture	fix	1982778	0	1	26859	1	0	next	other	0
G003	74	Pulse	199	1992106	9328	0
G003	74	Pulse	199	2002106	19328	0
G003	76	Picture	stim	2009637	0	1	25035	1	0	25000	hit	211
G003	76	Pulse	199	2012106	2469	0
G003	76	Pulse	199	2022106	12469	0
G003	76	Response	16	2024646	15009	0
G003	76	Pulse	199	2032106	22470	0
G003	77	Picture	fix2	2034671	0	1	24206	1	0	next	other	0
G003	77	Pulse	199	2042106	7435	0
G003	77	Pulse	199	2052106	17435	0
G003	78	Picture	feedback	2058877	0	1	20061	1	0	next	other	0
G003	78	Pulse	199	2062105	3228	0
G003	78	Pulse	199	2072106	13228	0
G003	79	Picture	fix	2078938	0	1	24537	2	0	next	other	0
G003	79	Pulse	199	2082106	3168	0
G003	79	Pulse	199	2092106	13167	0
G003	79	Pulse	199	2102105	23167	0
G003	81	Picture	stim	2103475	0	2	25036	2	0	25000	hit	225
G003	81	Pulse	199	2112106	8631	0
G003	81	Response	16	2115056	11581	0
G003	81	Pulse	199	2122106	18631	0
G003	82	Picture	fix2	2128511	0	1	13264	1	0	next	other	0
G003	82	Pulse	199	2132106	3595	0
G003	83	Picture	feedback	2141774	0	1	20061	1	0	next	other	0
G003	83	Pulse	199	2142106	332	0
G003	83	Pulse	199	2152106	10332	0
G003	84	Picture	fix	2161835	0	1	29180	1	0	next	other	0
G003	84	Pulse	199	2162106	271	0
G003	84	Pulse	199	2172106	10271	0
G003	84	Pulse	199	2182106	20271	0
G003	86	Picture	stim	2191015	0	1	25035	1	0	25000	hit	238
G003	86	Pulse	199	2192106	1091	0
G003	86	Response	16	2200965	9951	0
G003	86	Pulse	199	2202105	11090	0
G003	86	Pulse	199	2212106	21091	0
G003	87	Picture	fix2	2216050	0	1	21387	1	0	next	other	0
G003	87	Pulse	199	2222106	6057	0
G003	87	Pulse	199	2232105	16056	0
G003	88	Picture	feedback	2237437	0	1	20061	1	0	next	other	0
G003	88	Pulse	199	2242106	4669	0
G003	88	Pulse	199	2252106	14669	0
G003	89	Picture	fix	2257498	0	1	28516	1	0	next	other	0
G003	89	Pulse	199	2262106	4608	0
G003	89	Pulse	199	2272106	14608	0
G003	89	Pulse	199	2282106	24608	0
G003	91	Picture	stim	2286014	0	1	25035	1	0	25000	incorrect	253
G003	91	Pulse	199	2292106	6092	0
G003	91	Response	32	2300075	14061	0
G003	91	Pulse	199	2302106	16091	0
G003	92	Picture	fix2	2311215	0	1	20393	1	0	next	other	0
G003	92	Pulse	199	2312106	891	0
G003	92	Pulse	199	2322106	10891	0
G003	93	Picture	feedback	2331608	0	1	20061	1	0	next	other	0
G003	93	Pulse	199	2332106	498	0
G003	93	Pulse	199	2342106	10498	0
G003	94	Picture	fix	2351669	0	1	23543	1	0	next	other	0
G003	94	Pulse	199	2352106	438	0
G003	94	Pulse	199	2362106	10437	0
G003	94	Pulse	199	2372105	20437	0
G003	96	Picture	stim	2375211	0	1	25035	1	0	25000	hit	267
G003	96	Pulse	199	2382106	6895	0
G003	96	Response	16	2387185	11974	0
G003	96	Pulse	199	2392106	16894	0
G003	97	Picture	fix2	2400246	0	1	22548	1	0	next	other	0
G003	97	Pulse	199	2402106	1859	0
G003	97	Pulse	199	2412106	11860	0
G003	97	Pulse	199	2422106	21860	0
G003	98	Picture	feedback	2422794	0	1	20061	1	0	next	other	0
G003	98	Pulse	199	2432106	9312	0
G003	98	Pulse	199	2442105	19311	0
G003	99	Picture	fix	2442855	0	1	22382	1	0	next	other	0
G003	99	Pulse	199	2452106	9251	0
G003	99	Pulse	199	2462106	19251	0
G003	101	Picture	stim	2465237	0	1	25035	1	0	25000	incorrect	281
G003	101	Pulse	199	2472106	6868	0
G003	101	Response	32	2475136	9899	0
G003	101	Pulse	199	2482106	16869	0
G003	102	Picture	fix2	2490272	0	1	20558	1	0	next	other	0
G003	102	Pulse	199	2492106	1834	0
G003	102	Pulse	199	2502106	11834	0
G003	103	Picture	feedback	2510831	0	1	20061	1	0	next	other	0
G003	103	Pulse	199	2512106	1276	0
G003	103	Pulse	199	2522106	11275	0
G003	104	Picture	fix	2530892	0	1	26361	1	0	next	other	0
G003	104	Pulse	199	2532106	1215	0
G003	104	Pulse	199	2542115	11224	0
G003	104	Pulse	199	2552116	21224	0
G003	106	Picture	stim	2557253	0	1	25035	1	0	25000	hit	295
G003	106	Pulse	199	2562106	4854	0
G003	106	Response	16	2567995	10743	0
G003	106	Pulse	199	2572116	14863	0
G003	106	Pulse	199	2582116	24863	0
G003	107	Picture	fix2	2582288	0	1	22201	182	0	next	other	0
G003	107	Pulse	199	2592116	9829	0
G003	107	Pulse	199	2602116	19828	0
G003	108	Picture	feedback	2604489	0	182	20076	182	0	next	other	0
G003	108	Pulse	199	2612116	7627	0
G003	108	Pulse	199	2622116	17627	0
G003	109	Picture	fix	2624565	0	1	17408	1	0	next	other	0
G003	109	Pulse	199	2632116	7551	0
G003	111	Picture	stim	2641973	0	1	25035	1	0	25000	incorrect	309
G003	111	Pulse	199	2642117	143	0
G003	111	Pulse	199	2652117	10143	0
G003	111	Response	32	2657717	15743	0
G003	111	Pulse	199	2662117	20143	0
G003	112	Picture	fix2	2667174	0	1	12932	1	0	next	other	0
G003	112	Pulse	199	2672117	4943	0
G003	113	Picture	feedback	2680106	0	1	20061	1	0	next	other	0
G003	113	Pulse	199	2682116	2010	0
G003	113	Pulse	199	2692116	12010	0
G003	114	Picture	fix	2700167	0	1	20061	1	0	next	other	0
G003	114	Pulse	199	2702117	1950	0
G003	114	Pulse	199	2712116	11949	0
G003	116	Picture	stim	2720228	0	1	25035	1	0	25000	hit	322
G003	116	Pulse	199	2722116	1888	0
G003	116	Pulse	199	2732117	11889	0
G003	116	Response	16	2733616	13388	0
G003	116	Pulse	199	2742116	21888	0
G003	117	Picture	fix2	2745263	0	1	21719	1	0	next	other	0
G003	117	Pulse	199	2752116	6853	0
G003	117	Pulse	199	2762116	16854	0
G003	118	Picture	feedback	2766982	0	1	20061	1	0	next	other	0
G003	118	Pulse	199	2772116	5135	0
G003	118	Pulse	199	2782116	15135	0
G003	119	Picture	fix	2787043	0	1	22051	1	0	next	other	0
G003	119	Pulse	199	2792116	5074	0
G003	119	Pulse	199	2802116	15074	0
G003	121	Picture	stim	2809093	0	1	25035	1	0	25000	incorrect	335
G003	121	Pulse	199	2812117	3023	0
G003	121	Response	32	2820336	11243	0
G003	121	Pulse	199	2822116	13022	0
G003	121	Pulse	199	2832116	23023	0
G003	122	Picture	fix2	2834128	0	1	21553	1	0	next	other	0
G003	122	Pulse	199	2842116	7988	0
G003	122	Pulse	199	2852116	17988	0
G003	123	Picture	feedback	2855681	0	1	20061	1	0	next	other	0
G003	123	Pulse	199	2862117	6435	0
G003	123	Pulse	199	2872116	16435	0
G003	124	Picture	fix	2875742	0	1	24703	1	0	next	other	0
G003	124	Pulse	199	2882116	6374	0
G003	124	Pulse	199	2892116	16374	0
G003	126	Picture	stim	2900446	0	1	25035	1	0	25000	incorrect	350
G003	126	Pulse	199	2902117	1671	0
G003	126	Pulse	199	2912116	11671	0
G003	126	Response	32	2916956	16511	0
G003	126	Pulse	199	2922116	21671	0
G003	127	Picture	fix2	2925646	0	1	21387	1	0	next	other	0
G003	127	Pulse	199	2932117	6470	0
G003	127	Pulse	199	2942116	16470	0
G003	128	Picture	feedback	2947034	0	1	20061	1	0	next	other	0
G003	128	Pulse	199	2952116	5083	0
G003	128	Pulse	199	2962116	15082	0
G003	129	Picture	fix	2967095	0	1	28848	1	0	next	other	0
G003	129	Pulse	199	2972117	5022	0
G003	129	Pulse	199	2982117	15022	0
G003	129	Pulse	199	2992116	25022	0
G003	131	Picture	stim	2995943	0	1	25035	1	0	25000	hit	364
G003	131	Pulse	199	3002117	6174	0
G003	131	Response	16	3011947	16004	0
G003	131	Pulse	199	3012116	16174	0
G003	132	Picture	fix2	3020978	0	1	16414	1	0	next	other	0
G003	132	Pulse	199	3022117	1139	0
G003	132	Pulse	199	3032116	11139	0
G003	133	Picture	feedback	3037391	0	1	22037	1	0	next	other	0
G003	133	Pulse	199	3042117	4725	0
G003	133	Pulse	199	3052116	14725	0
