Scenario - FBL_A.sce
Logfile written - 03/19/2021 13:49:16

Subject	Trial	Event Type	Code	Time	TTime	Uncertainty	Duration	Uncertainty	ReqTime	ReqDur	Stim Type	Pair Index

G003	1	Response	16	100986	90655	0
G003	2	Picture	start	101020	0	1	592049	1	0	next	other	0
G003	3	Response	16	674967	523934	0
G003	3	Pulse	199	692956	541923	0
G003	3	Pulse	199	702956	551923	0
G003	3	Pulse	199	712966	561933	0
G003	3	Pulse	199	722956	571923	0
G003	3	Pulse	199	732956	581923	0
G003	3	Pulse	199	742967	591934	0
G003	4	Picture	fix	743470	0	1	20393	1	0	next	other	0
G003	4	Pulse	199	752956	9486	0
G003	4	Pulse	199	762966	19496	0
G003	6	Picture	stim	763863	0	1	25201	1	0	25000	miss	0
G003	6	Pulse	199	772967	9104	0
G003	6	Pulse	199	782956	19093	0
G003	7	Picture	fix2	789063	0	1	17906	1	0	next	other	0
G003	7	Pulse	199	792956	3893	0
G003	7	Pulse	199	802966	13903	0
G003	8	Picture	feedback	806969	0	1	20061	1	0	next	other	0
G003	8	Pulse	199	812966	5997	0
G003	8	Pulse	199	822966	15997	0
G003	9	Picture	fix	827030	0	1	23377	1	0	next	other	0
G003	9	Pulse	199	832967	5937	0
G003	9	Pulse	199	842966	15936	0
G003	11	Picture	stim	850407	0	1	25035	1	0	25000	hit	28
G003	11	Pulse	199	852966	2559	0
G003	11	Pulse	199	862967	12559	0
G003	11	Response	16	865336	14929	0
G003	11	Pulse	199	872967	22559	0
G003	12	Picture	fix2	875608	0	1	22548	1	0	next	other	0
G003	12	Pulse	199	882966	7359	0
G003	12	Pulse	199	892967	17359	0
G003	13	Picture	feedback	898156	0	1	20227	1	0	next	other	0
G003	13	Pulse	199	902967	4811	0
G003	13	Pulse	199	912966	14811	0
G003	14	Picture	fix	918382	0	1	26361	1	0	next	other	0
G003	14	Pulse	199	922966	4584	0
G003	14	Pulse	199	932966	14584	0
G003	14	Pulse	199	942967	24584	0
G003	16	Picture	stim	944744	0	1	25035	1	0	25000	hit	42
G003	16	Pulse	199	952966	8223	0
G003	16	Response	16	962537	17793	0
G003	16	Pulse	199	962966	18222	0
G003	17	Picture	fix2	969778	0	1	16579	1	0	next	other	0
G003	17	Pulse	199	972967	3188	0
G003	17	Pulse	199	982966	13188	0
G003	18	Picture	feedback	986358	0	1	20061	1	0	next	other	0
G003	18	Pulse	199	992966	6608	0
G003	18	Pulse	199	1002966	16609	0
G003	19	Picture	fix	1006419	0	1	23377	1	0	next	other	0
G003	19	Pulse	199	1012966	6548	0
G003	19	Pulse	199	1022966	16547	0
G003	21	Picture	stim	1029796	0	1	25035	1	0	25000	hit	56
G003	21	Pulse	199	1032967	3171	0
G003	21	Pulse	199	1042966	13171	0
G003	21	Response	16	1045846	16051	0
G003	21	Pulse	199	1052966	23171	0
G003	22	Picture	fix2	1054831	0	1	26195	1	0	next	other	0
G003	22	Pulse	199	1062966	8135	0
G003	22	Pulse	199	1072966	18136	0
G003	23	Picture	feedback	1081026	0	1	20061	1	0	next	other	0
G003	23	Pulse	199	1082966	1940	0
G003	23	Pulse	199	1092966	11940	0
G003	24	Picture	fix	1101087	0	1	24537	1	0	next	other	0
G003	24	Pulse	199	1102967	1880	0
G003	24	Pulse	199	1112966	11879	0
G003	24	Pulse	199	1122966	21879	0
G003	26	Picture	stim	1125624	0	1	25035	1	0	25000	incorrect	71
G003	26	Pulse	199	1132966	7342	0
G003	26	Pulse	199	1142966	17342	0
G003	26	Response	32	1143427	17802	0
G003	27	Picture	fix2	1150825	0	1	10777	1	0	next	other	0
G003	27	Pulse	199	1152966	2141	0
G003	28	Picture	feedback	1161602	0	1	20061	1	0	next	other	0
G003	28	Pulse	199	1162966	1364	0
G003	28	Pulse	199	1172967	11365	0
G003	29	Picture	fix	1181663	0	1	23543	1	0	next	other	0
G003	29	Pulse	199	1182967	1304	0
G003	29	Pulse	199	1192966	11304	0
G003	29	Pulse	199	1202966	21304	0
G003	31	Picture	stim	1205205	0	1	25035	1	0	25000	incorrect	83
G003	31	Pulse	199	1212967	7762	0
G003	31	Response	32	1216236	11031	0
G003	31	Pulse	199	1222966	17761	0
G003	32	Picture	fix2	1230240	0	1	18072	1	0	next	other	0
G003	32	Pulse	199	1232966	2726	0
G003	32	Pulse	199	1242967	12727	0
G003	33	Picture	feedback	1248312	0	1	20061	1	0	next	other	0
G003	33	Pulse	199	1252967	4655	0
G003	33	Pulse	199	1262967	14655	0
G003	34	Picture	fix	1268373	0	1	21387	1	0	next	other	0
G003	34	Pulse	199	1272967	4595	0
G003	34	Pulse	199	1282967	14594	0
G003	36	Picture	stim	1289760	0	1	25035	1	0	25000	hit	97
G003	36	Pulse	199	1292967	3207	0
G003	36	Pulse	199	1302966	13206	0
G003	36	Response	16	1303776	14016	0
G003	36	Pulse	199	1312966	23206	0
G003	37	Picture	fix2	1314795	0	1	24206	1	0	next	other	0
G003	37	Pulse	199	1322967	8172	0
G003	37	Pulse	199	1332966	18171	0
G003	38	Picture	feedback	1339001	0	1	20061	1	0	next	other	0
G003	38	Pulse	199	1342967	3966	0
G003	38	Pulse	199	1352967	13966	0
G003	39	Picture	fix	1359062	0	1	29677	1	0	next	other	0
G003	39	Pulse	199	1362967	3905	0
G003	39	Pulse	199	1372966	13904	0
G003	39	Pulse	199	1382967	23905	0
G003	41	Picture	stim	1388739	0	1	25035	1	0	25000	incorrect	111
G003	41	Pulse	199	1392967	4228	0
G003	41	Response	32	1400676	11938	0
G003	41	Pulse	199	1402966	14227	1
G003	41	Pulse	199	1412967	24228	0
G003	42	Picture	fix2	1413939	0	1	22201	181	0	next	other	0
G003	42	Pulse	199	1422967	9027	0
G003	42	Pulse	199	1432967	19028	0
G003	43	Picture	feedback	1436141	0	181	20076	182	0	next	other	0
G003	43	Pulse	199	1442966	6825	0
G003	43	Pulse	199	1452967	16826	0
G003	44	Picture	fix	1456217	0	1	26858	1	0	next	other	0
G003	44	Pulse	199	1462967	6750	0
G003	44	Pulse	199	1472966	16750	0
G003	44	Pulse	199	1482967	26750	0
G003	46	Picture	stim	1483075	0	1	25035	1	0	25000	hit	126
G003	46	Pulse	199	1492967	9892	0
G003	46	Response	16	1501546	18471	0
G003	46	Pulse	199	1502967	19892	0
G003	47	Picture	fix2	1508110	0	1	21387	1	0	next	other	0
G003	47	Pulse	199	1512966	4856	0
G003	47	Pulse	199	1522967	14857	0
G003	48	Picture	feedback	1529497	0	1	20061	1	0	next	other	0
G003	48	Pulse	199	1532967	3470	0
G003	48	Pulse	199	1542966	13469	0
G003	49	Picture	fix	1549558	0	1	25366	1	0	next	other	0
G003	49	Pulse	199	1552967	3408	0
G003	49	Pulse	199	1562967	13408	0
G003	49	Pulse	199	1572967	23408	0
G003	51	Picture	stim	1574925	0	1	25035	1	0	25000	incorrect	140
G003	51	Pulse	199	1582966	8041	0
G003	51	Response	32	1592807	17882	0
G003	51	Pulse	199	1592967	18042	0
G003	52	Picture	fix2	1599960	0	1	23543	1	0	next	other	0
G003	52	Pulse	199	1602967	3008	0
G003	52	Pulse	199	1612966	13007	0
G003	52	Pulse	199	1622967	23007	0
G003	53	Picture	feedback	1623502	0	1	20061	1	0	next	other	0
G003	53	Pulse	199	1632967	9465	0
G003	53	Pulse	199	1642967	19464	0
G003	54	Picture	fix	1643563	0	1	32164	1	0	next	other	0
G003	54	Pulse	199	1652966	9403	0
G003	54	Pulse	199	1662967	19404	0
G003	54	Pulse	199	1672967	29404	0
G003	56	Picture	stim	1675727	0	1	25035	1	0	25000	hit	155
G003	56	Pulse	199	1682966	7239	0
G003	56	Response	16	1686457	10730	0
G003	56	Pulse	199	1692967	17240	0
G003	57	Picture	fix2	1700762	0	1	15916	1	0	next	other	0
G003	57	Pulse	199	1702967	2205	0
G003	57	Pulse	199	1712966	12204	0
G003	58	Picture	feedback	1716678	0	1	20061	1	0	next	other	0
G003	58	Pulse	199	1722967	6289	0
G003	58	Pulse	199	1732967	16289	0
G003	59	Picture	fix	1736739	0	1	17408	1	0	next	other	0
G003	59	Pulse	199	1742967	6228	0
G003	59	Pulse	199	1752966	16227	1
G003	61	Picture	stim	1754147	0	1	25035	1	0	25000	incorrect	169
G003	61	Pulse	199	1762967	8820	0
G003	61	Pulse	199	1772967	18819	0
G003	61	Response	32	1773367	19219	0
G003	62	Picture	fix2	1779182	0	1	16745	1	0	next	other	0
G003	62	Pulse	199	1782966	3784	0
G003	62	Pulse	199	1792967	13784	0
G003	63	Picture	feedback	1795928	0	1	20061	1	0	next	other	0
G003	63	Pulse	199	1802967	7040	0
G003	63	Pulse	199	1812967	17039	0
G003	64	Picture	fix	1815989	0	1	21885	1	0	next	other	0
G003	64	Pulse	199	1822966	6978	0
G003	64	Pulse	199	1832967	16978	0
G003	66	Picture	stim	1837873	0	1	25035	1	0	25000	hit	181
G003	66	Pulse	199	1842967	5094	0
G003	66	Response	16	1852637	14763	0
G003	66	Pulse	199	1852966	15093	0
G003	67	Picture	fix2	1862908	0	1	24372	1	0	next	other	0
G003	67	Pulse	199	1862967	59	0
G003	67	Pulse	199	1872967	10059	0
G003	67	Pulse	199	1882967	20059	0
G003	68	Picture	feedback	1887280	0	1	20061	1	0	next	other	0
G003	68	Pulse	199	1892966	5687	0
G003	68	Pulse	199	1902967	15687	0
G003	69	Picture	fix	1907341	0	1	28848	1	0	next	other	0
G003	69	Pulse	199	1912967	5627	0
G003	69	Pulse	199	1922966	15626	0
G003	69	Pulse	199	1932967	25626	0
G003	71	Picture	stim	1936189	0	1	25035	1	0	25000	hit	196
G003	71	Pulse	199	1942967	6779	0
G003	71	Response	16	1944747	8558	0
G003	71	Pulse	199	1952967	16778	0
G003	72	Picture	fix2	1961224	0	1	11605	1	0	next	other	0
G003	72	Pulse	199	1962967	1743	0
G003	73	Picture	feedback	1972829	0	1	20061	1	0	next	other	0
G003	73	Pulse	199	1972966	137	0
G003	73	Pulse	199	1982967	10138	0
G003	74	Picture	fix	1992890	0	1	22216	1	0	next	other	0
G003	74	Pulse	199	1992966	76	0
G003	74	Pulse	199	2002967	10077	0
G003	74	Pulse	199	2012967	20077	0
G003	76	Picture	stim	2015107	0	1	25035	1	0	25000	hit	209
G003	76	Pulse	199	2022967	7860	0
G003	76	Response	16	2027077	11971	0
G003	76	Pulse	199	2032966	17860	0
G003	77	Picture	fix2	2040141	0	1	18071	1	0	next	other	0
G003	77	Pulse	199	2042967	2826	0
G003	77	Pulse	199	2052967	12825	0
G003	78	Picture	feedback	2058213	0	1	20061	1	0	next	other	0
G003	78	Pulse	199	2062967	4754	0
G003	78	Pulse	199	2072967	14754	0
G003	79	Picture	fix	2078274	0	1	23708	1	0	next	other	0
G003	79	Pulse	199	2082967	4693	0
G003	79	Pulse	199	2092966	14693	0
G003	81	Picture	stim	2101982	0	1	25035	1	0	25000	incorrect	223
G003	81	Pulse	199	2102967	984	0
G003	81	Pulse	199	2112967	10985	0
G003	81	Response	32	2113827	11845	0
G003	81	Pulse	199	2122967	20985	0
G003	82	Picture	fix2	2127183	0	1	16579	1	0	next	other	0
G003	82	Pulse	199	2132967	5784	0
G003	82	Pulse	199	2142967	15784	0
G003	83	Picture	feedback	2143762	0	1	20061	1	0	next	other	0
G003	83	Pulse	199	2152967	9205	0
G003	83	Pulse	199	2162967	19204	0
G003	84	Picture	fix	2163823	0	1	31169	1	0	next	other	0
G003	84	Pulse	199	2172968	9144	0
G003	84	Pulse	199	2182968	19144	0
G003	84	Pulse	199	2192967	29144	0
G003	86	Picture	stim	2194993	0	1	25035	1	0	25000	incorrect	237
G003	86	Pulse	199	2202967	7974	0
G003	86	Response	32	2209877	14884	0
G003	86	Pulse	199	2212967	17975	0
G003	87	Picture	fix2	2220027	0	1	20558	1	0	next	other	0
G003	87	Pulse	199	2222967	2940	0
G003	87	Pulse	199	2232967	12939	0
G003	88	Picture	feedback	2240586	0	1	20061	1	0	next	other	0
G003	88	Pulse	199	2242967	2382	0
G003	88	Pulse	199	2252967	12382	0
G003	89	Picture	fix	2260647	0	1	25201	1	0	next	other	0
G003	89	Pulse	199	2262968	2321	0
G003	89	Pulse	199	2272967	12320	0
G003	89	Pulse	199	2282967	22320	0
G003	91	Picture	stim	2285847	0	1	25035	1	0	25000	incorrect	251
G003	91	Pulse	199	2292968	7120	0
G003	91	Response	32	2300747	14900	0
G003	91	Pulse	199	2302967	17119	0
G003	92	Picture	fix2	2311048	0	1	20393	1	0	next	other	0
G003	92	Pulse	199	2312967	1919	0
G003	92	Pulse	199	2322967	11919	0
G003	93	Picture	feedback	2331441	0	1	20061	1	0	next	other	0
G003	93	Pulse	199	2332967	1526	0
G003	93	Pulse	199	2342967	11526	0
G003	94	Picture	fix	2351502	0	1	28019	1	0	next	other	0
G003	94	Pulse	199	2352967	1466	0
G003	94	Pulse	199	2362967	11466	0
G003	94	Pulse	199	2372967	21465	0
G003	96	Picture	stim	2379521	0	1	25035	1	0	25000	hit	266
G003	96	Pulse	199	2382967	3447	0
G003	96	Pulse	199	2392967	13447	0
G003	96	Response	16	2394047	14526	0
G003	96	Pulse	199	2402967	23446	0
G003	97	Picture	fix2	2404556	0	1	15253	1	0	next	other	0
G003	97	Pulse	199	2412967	8411	0
G003	98	Picture	feedback	2419809	0	1	20061	1	0	next	other	0
G003	98	Pulse	199	2422967	3159	0
G003	98	Pulse	199	2432967	13159	0
G003	99	Picture	fix	2439870	0	1	33325	1	0	next	other	0
G003	99	Pulse	199	2442967	3097	0
G003	99	Pulse	199	2452968	13098	0
G003	99	Pulse	199	2462968	23098	0
G003	99	Pulse	199	2472967	33097	0
G003	101	Picture	stim	2473194	0	1	25035	1	0	25000	incorrect	280
G003	101	Pulse	199	2482978	9783	0
G003	101	Response	32	2487737	14543	0
G003	101	Pulse	199	2492977	19783	0
G003	102	Picture	fix2	2498229	0	1	14092	1	0	next	other	0
G003	102	Pulse	199	2502978	4749	0
G003	103	Picture	feedback	2512321	0	1	20061	1	0	next	other	0
G003	103	Pulse	199	2512977	656	0
G003	103	Pulse	199	2522977	10656	0
G003	104	Picture	fix	2532382	0	1	18569	1	0	next	other	0
G003	104	Pulse	199	2532977	595	0
G003	104	Pulse	199	2542977	10595	0
G003	106	Picture	stim	2550951	0	1	25035	1	0	25000	hit	293
G003	106	Pulse	199	2552978	2026	0
G003	106	Pulse	199	2562977	12026	0
G003	106	Response	16	2564507	13556	0
G003	106	Pulse	199	2572977	22026	0
G003	107	Picture	fix2	2575986	0	1	29014	1	0	next	other	0
G003	107	Pulse	199	2582977	6991	0
G003	107	Pulse	199	2592978	16991	0
G003	107	Pulse	199	2602977	26991	0
G003	108	Picture	feedback	2605000	0	1	20061	1	0	next	other	0
G003	108	Pulse	199	2612977	7977	0
G003	108	Pulse	199	2622977	17977	0
G003	109	Picture	fix	2625061	0	1	35977	1	0	next	other	0
G003	109	Pulse	199	2632978	7917	0
G003	109	Pulse	199	2642977	17916	0
G003	109	Pulse	199	2652977	27916	0
G003	111	Picture	stim	2661038	0	1	25035	1	0	25000	hit	309
G003	111	Pulse	199	2662977	1939	0
G003	111	Pulse	199	2672978	11940	0
G003	111	Response	16	2678998	17960	0
G003	111	Pulse	199	2682977	21939	0
G003	112	Picture	fix2	2686239	0	1	21387	1	0	next	other	0
G003	112	Pulse	199	2692977	6738	0
G003	112	Pulse	199	2702978	16739	0
G003	113	Picture	feedback	2707626	0	1	20061	1	0	next	other	0
G003	113	Pulse	199	2712977	5351	0
G003	113	Pulse	199	2722977	15351	0
G003	114	Picture	fix	2727687	0	1	22714	1	0	next	other	0
G003	114	Pulse	199	2732978	5290	0
G003	114	Pulse	199	2742977	15290	0
G003	116	Picture	stim	2750401	0	1	25035	1	0	25000	hit	322
G003	116	Pulse	199	2752977	2576	0
G003	116	Response	16	2762708	12307	0
G003	116	Pulse	199	2762977	12576	0
G003	116	Pulse	199	2772977	22576	0
G003	117	Picture	fix2	2775436	0	1	12932	1	0	next	other	0
G003	117	Pulse	199	2782978	7542	0
G003	118	Picture	feedback	2788368	0	1	20061	1	0	next	other	0
G003	118	Pulse	199	2792977	4609	0
G003	118	Pulse	199	2802977	14610	0
G003	119	Picture	fix	2808429	0	1	29180	1	0	next	other	0
G003	119	Pulse	199	2812978	4549	0
G003	119	Pulse	199	2822977	14548	0
G003	119	Pulse	199	2832977	24549	0
G003	121	Picture	stim	2837608	0	1	25035	1	0	25000	incorrect	337
G003	121	Pulse	199	2842978	5369	0
G003	121	Pulse	199	2852977	15369	0
G003	121	Response	32	2856078	18469	0
G003	122	Picture	fix2	2862809	0	1	26361	1	0	next	other	0
G003	122	Pulse	199	2862978	169	0
G003	122	Pulse	199	2872977	10168	0
G003	122	Pulse	199	2882977	20168	0
G003	123	Picture	feedback	2889170	0	1	20061	1	0	next	other	0
G003	123	Pulse	199	2892977	3807	0
G003	123	Pulse	199	2902978	13808	0
G003	124	Picture	fix	2909231	0	1	26859	1	0	next	other	0
G003	124	Pulse	199	2912978	3747	0
G003	124	Pulse	199	2922977	13746	0
G003	124	Pulse	199	2932978	23747	0
G003	126	Picture	stim	2936090	0	1	25035	1	0	25000	incorrect	351
G003	126	Pulse	199	2942978	6888	0
G003	126	Response	32	2952527	16438	0
G003	126	Pulse	199	2952977	16888	0
G003	127	Picture	fix2	2961124	0	1	14590	1	0	next	other	0
G003	127	Pulse	199	2962977	1853	0
G003	127	Pulse	199	2972978	11853	0
G003	128	Picture	feedback	2975714	0	1	20061	1	0	next	other	0
G003	128	Pulse	199	2982978	7263	0
G003	128	Pulse	199	2992977	17263	0
G003	129	Picture	fix	2995775	0	1	30838	1	0	next	other	0
G003	129	Pulse	199	3002978	7203	0
G003	129	Pulse	199	3012978	17202	0
G003	129	Pulse	199	3022978	27202	0
G003	131	Picture	stim	3026613	0	1	25035	1	0	25000	incorrect	366
G003	131	Pulse	199	3032977	6364	0
G003	131	Pulse	199	3042978	16365	0
G003	131	Response	32	3047777	21164	0
G003	132	Picture	fix2	3051648	0	1	17243	1	0	next	other	0
G003	132	Pulse	199	3052978	1330	0
G003	132	Pulse	199	3062977	11329	0
G003	133	Picture	feedback	3068890	0	1	20061	1	0	next	other	0
G003	133	Pulse	199	3072978	4087	0
G003	133	Pulse	199	3082977	14087	0
G003	134	Picture	fix	3088951	0	1	28848	1	0	next	other	0
G003	134	Pulse	199	3092978	4026	0
G003	134	Pulse	199	3102977	14026	0
G003	134	Pulse	199	3112978	24026	0
G003	136	Picture	stim	3117799	0	1	25035	1	0	25000	hit	379
G003	136	Pulse	199	3122978	5178	0
G003	136	Response	16	3132397	14598	0
G003	136	Pulse	199	3132977	15178	0
G003	137	Picture	fix2	3142834	0	1	21885	1	0	next	other	0
G003	137	Pulse	199	3142978	144	0
G003	137	Pulse	199	3152978	10143	0
G003	137	Pulse	199	3162978	20143	0
G003	138	Picture	feedback	3164719	0	1	20061	1	0	next	other	0
G003	138	Pulse	199	3172977	8258	0
G003	138	Pulse	199	3182977	18259	0
G003	139	Picture	fix	3184780	0	1	33988	1	0	next	other	0
G003	139	Pulse	199	3192978	8198	0
G003	139	Pulse	199	3202977	18197	0
G003	139	Pulse	199	3212978	28198	0
G003	141	Picture	stim	3218768	0	1	25035	1	0	25000	hit	395
G003	141	Pulse	199	3222978	4210	0
G003	141	Pulse	199	3232977	14210	0
G003	141	Response	16	3235797	17030	0
G003	141	Pulse	199	3242978	24210	0
G003	142	Picture	fix2	3243802	0	1	16414	1	0	next	other	0
G003	142	Pulse	199	3252978	9175	0
G003	143	Picture	feedback	3260216	0	1	20061	1	0	next	other	0
G003	143	Pulse	199	3262978	2762	0
G003	143	Pulse	199	3272977	12761	0
G003	144	Picture	fix	3280277	0	1	19066	1	0	next	other	0
G003	144	Pulse	199	3282978	2701	0
G003	144	Pulse	199	3292978	12701	0
G003	146	Picture	stim	3299343	0	1	25035	1	0	25000	incorrect	408
G003	146	Pulse	199	3302977	3634	0
G003	146	Pulse	199	3312978	13634	0
G003	146	Response	32	3313467	14124	0
G003	146	Pulse	199	3322978	23634	0
G003	147	Picture	fix2	3324378	0	1	21719	1	0	next	other	0
G003	147	Pulse	199	3332978	8600	0
G003	147	Pulse	199	3342977	18599	0
G003	148	Picture	feedback	3346097	0	1	20061	1	0	next	other	0
G003	148	Pulse	199	3352978	6881	0
G003	148	Pulse	199	3362978	16881	0
G003	149	Picture	fix	3366158	0	1	37469	1	0	next	other	0
G003	149	Pulse	199	3372977	6819	0
G003	149	Pulse	199	3382978	16820	0
G003	149	Pulse	199	3392978	26820	0
G003	149	Pulse	199	3402978	36820	0
G003	151	Picture	stim	3403627	0	1	25035	1	0	25000	incorrect	423
G003	151	Pulse	199	3412978	9350	0
G003	151	Response	32	3419258	15631	0
G003	151	Pulse	199	3422978	19351	0
G003	152	Picture	fix2	3428828	0	1	20061	1	0	next	other	0
G003	152	Pulse	199	3432978	4150	0
G003	152	Pulse	199	3442977	14149	0
G003	153	Picture	feedback	3448889	0	1	20061	1	0	next	other	0
G003	153	Pulse	199	3452978	4089	0
G003	153	Pulse	199	3462978	14088	0
G003	154	Picture	fix	3468950	0	1	16248	1	0	next	other	0
G003	154	Pulse	199	3472978	4028	0
G003	154	Pulse	199	3482978	14028	0
G003	156	Picture	stim	3485198	0	1	25035	1	0	25000	hit	437
G003	156	Pulse	199	3492978	7780	0
G003	156	Pulse	199	3502978	17780	0
G003	156	Response	16	3505908	20710	0
G003	157	Picture	fix2	3510233	0	1	16082	1	0	next	other	0
G003	157	Pulse	199	3512977	2745	0
G003	157	Pulse	199	3522978	12746	0
G003	158	Picture	feedback	3526315	0	1	20061	1	0	next	other	0
G003	158	Pulse	199	3532978	6664	0
G003	158	Pulse	199	3542978	16663	0
G003	159	Picture	fix	3546376	0	1	20061	1	0	next	other	0
G003	159	Pulse	199	3552979	6603	0
G003	159	Pulse	199	3562978	16602	0
G003	161	Picture	stim	3566437	0	1	25035	1	0	25000	hit	449
G003	161	Pulse	199	3572978	6541	0
G003	161	Response	16	3579778	13341	0
G003	161	Pulse	199	3582978	16541	0
G003	162	Picture	fix2	3591471	0	1	14756	1	0	next	other	0
G003	162	Pulse	199	3592978	1507	0
G003	162	Pulse	199	3602978	11507	0
G003	163	Picture	feedback	3606227	0	1	20061	1	0	next	other	0
G003	163	Pulse	199	3612978	6751	0
G003	163	Pulse	199	3622978	16751	0
G003	164	Picture	fix	3626288	0	1	19398	1	0	next	other	0
G003	164	Pulse	199	3632978	6690	0
G003	164	Pulse	199	3642978	16690	0
G003	166	Picture	stim	3645686	0	1	25035	1	0	25000	hit	463
G003	166	Pulse	199	3652977	7292	0
G003	166	Pulse	199	3662978	17292	0
G003	166	Response	16	3668298	22612	0
G003	167	Picture	fix2	3670721	0	1	16414	1	0	next	other	0
G003	167	Pulse	199	3672978	2258	0
G003	167	Pulse	199	3682978	12257	0
G003	168	Picture	feedback	3687134	0	1	20061	1	0	next	other	0
G003	168	Pulse	199	3692978	5844	0
G003	168	Pulse	199	3702978	15844	0
G003	169	Picture	fix	3707195	0	1	26030	1	0	next	other	0
G003	169	Pulse	199	3712978	5783	0
G003	169	Pulse	199	3722977	15782	0
G003	169	Pulse	199	3732978	25783	0
G003	171	Picture	stim	3733225	0	1	25035	1	0	25000	incorrect	476
G003	171	Pulse	199	3742978	9753	0
G003	171	Response	32	3744438	11213	0
G003	171	Pulse	199	3752978	19753	0
G003	172	Picture	fix2	3758260	0	1	11108	1	0	next	other	0
G003	172	Pulse	199	3762978	4718	0
G003	173	Picture	feedback	3769368	0	1	20061	1	0	next	other	0
G003	173	Pulse	199	3772978	3610	0
G003	173	Pulse	199	3782978	13610	0
G003	174	Picture	fix	3789429	0	1	22382	1	0	next	other	0
G003	174	Pulse	199	3792978	3549	0
G003	174	Pulse	199	3802978	13549	0
G003	176	Picture	stim	3811811	0	1	25035	1	0	25000	incorrect	490
G003	176	Pulse	199	3812978	1167	0
G003	176	Pulse	199	3822978	11167	0
G003	176	Pulse	199	3832978	21167	0
G003	176	Response	32	3834288	22477	0
G003	177	Picture	fix2	3836846	0	1	22051	1	0	next	other	0
G003	177	Pulse	199	3842978	6132	0
G003	177	Pulse	199	3852978	16132	0
G003	178	Picture	feedback	3858896	0	1	20061	1	0	next	other	0
G003	178	Pulse	199	3862978	4081	0
G003	178	Pulse	199	3872978	14082	0
G003	179	Picture	fix	3878957	0	1	26858	1	0	next	other	0
G003	179	Pulse	199	3882978	4021	0
G003	179	Pulse	199	3892978	14020	0
G003	179	Pulse	199	3902978	24021	0
G003	181	Picture	stim	3905816	0	1	25035	1	0	25000	hit	503
G003	181	Pulse	199	3912979	7163	0
G003	181	Response	16	3915688	9872	0
G003	181	Pulse	199	3922978	17162	0
G003	182	Picture	fix2	3930851	0	1	21553	1	0	next	other	0
G003	182	Pulse	199	3932978	2127	0
G003	182	Pulse	199	3942978	12128	0
G003	183	Picture	feedback	3952404	0	1	20061	1	0	next	other	0
G003	183	Pulse	199	3952979	575	0
G003	183	Pulse	199	3962978	10574	0
G003	184	Picture	fix	3972465	0	1	29345	1	0	next	other	0
G003	184	Pulse	199	3972979	514	0
G003	184	Pulse	199	3982978	10513	0
G003	184	Pulse	199	3992978	20513	0
G003	186	Picture	stim	4001810	0	1	25035	1	0	25000	incorrect	517
G003	186	Pulse	199	4002978	1168	0
G003	186	Response	32	4009048	7238	0
G003	186	Pulse	199	4012978	11168	0
G003	186	Response	16	4022018	20208	0
G003	186	Pulse	199	4022978	21168	0
G003	187	Picture	fix2	4026845	0	1	9119	1	0	next	other	0
G003	187	Pulse	199	4032978	6133	0
G003	188	Picture	feedback	4035964	0	1	20061	1	0	next	other	0
G003	188	Pulse	199	4042979	7015	0
G003	188	Pulse	199	4052978	17014	0
G003	189	Picture	fix	4056025	0	1	24703	1	0	next	other	0
G003	189	Pulse	199	4062978	6953	0
G003	189	Pulse	199	4072978	16953	0
G003	191	Picture	stim	4080728	0	1	25035	1	0	25000	hit	532
G003	191	Pulse	199	4082978	2250	0
G003	191	Pulse	199	4092978	12250	0
G003	191	Response	16	4101038	20310	0
G003	191	Pulse	199	4102978	22250	0
G003	192	Picture	fix2	4105763	0	1	16082	1	0	next	other	0
G003	192	Pulse	199	4112978	7215	0
G003	193	Picture	feedback	4121845	0	1	20061	1	0	next	other	0
G003	193	Pulse	199	4122979	1134	0
G003	193	Pulse	199	4132978	11133	0
G003	194	Picture	fix	4141906	0	1	20393	1	0	next	other	0
G003	194	Pulse	199	4142988	1082	0
G003	194	Pulse	199	4152989	11083	0
G003	196	Picture	stim	4162299	0	1	25035	1	0	25000	hit	545
G003	196	Pulse	199	4162988	690	0
G003	196	Pulse	199	4172988	10689	0
G003	196	Response	16	4175218	12919	0
G003	196	Pulse	199	4182988	20690	0
G003	197	Picture	fix2	4187333	0	1	25864	1	0	next	other	0
G003	197	Pulse	199	4192988	5655	0
G003	197	Pulse	199	4202988	15654	0
G003	197	Pulse	199	4212988	25655	0
G003	198	Picture	feedback	4213197	0	1	20061	1	0	next	other	0
G003	198	Pulse	199	4222988	9791	0
G003	198	Pulse	199	4232988	19791	0
G003	199	Picture	fix	4233258	0	1	17740	1	0	next	other	0
G003	199	Pulse	199	4242988	9730	0
G003	201	Picture	stim	4250998	0	1	25035	1	0	25000	hit	559
G003	201	Pulse	199	4252988	1990	0
G003	201	Pulse	199	4262988	11990	0
G003	201	Response	16	4268438	17440	0
G003	201	Pulse	199	4272988	21990	0
G003	202	Picture	fix2	4276033	0	1	18569	1	0	next	other	0
G003	202	Pulse	199	4282989	6956	0
G003	202	Pulse	199	4292989	16956	0
G003	203	Picture	feedback	4294602	0	1	20061	1	0	next	other	0
G003	203	Pulse	199	4302989	8387	0
G003	203	Pulse	199	4312988	18387	0
G003	204	Picture	fix	4314663	0	1	26527	1	0	next	other	0
G003	204	Pulse	199	4322989	8326	0
G003	204	Pulse	199	4332988	18326	0
G003	206	Picture	stim	4341190	0	1	25035	1	0	25000	hit	572
G003	206	Pulse	199	4342989	1799	0
G003	206	Response	16	4352379	11189	0
G003	206	Pulse	199	4352989	11799	0
G003	206	Pulse	199	4362989	21799	0
G003	207	Picture	fix2	4366225	0	1	21387	1	0	next	other	0
G003	207	Pulse	199	4372989	6764	0
G003	207	Pulse	199	4382989	16764	0
G003	208	Picture	feedback	4387612	0	1	20061	1	0	next	other	0
G003	208	Pulse	199	4392989	5377	0
G003	208	Pulse	199	4402989	15377	0
G003	209	Picture	fix	4407673	0	1	24703	1	0	next	other	0
G003	209	Pulse	199	4412989	5316	0
G003	209	Pulse	199	4422988	15315	0
G003	211	Picture	stim	4432376	0	1	25035	1	0	25000	hit	586
G003	211	Pulse	199	4432988	612	0
G003	211	Response	16	4441988	9612	0
G003	211	Pulse	199	4442988	10612	0
G003	211	Pulse	199	4452988	20612	0
G003	212	Picture	fix2	4457411	0	1	27687	1	0	next	other	0
G003	212	Pulse	199	4462988	5577	0
G003	212	Pulse	199	4472989	15578	0
G003	212	Pulse	199	4482988	25577	0
G003	213	Picture	feedback	4485099	0	1	20061	1	0	next	other	0
G003	213	Pulse	199	4492989	7890	0
G003	213	Pulse	199	4502988	17890	0
G003	214	Picture	fix	4505160	0	1	22051	1	0	next	other	0
G003	214	Pulse	199	4512989	7829	0
G003	214	Pulse	199	4522988	17829	0
G003	216	Picture	stim	4527210	0	1	25035	1	0	25000	hit	601
G003	216	Pulse	199	4532989	5778	0
G003	216	Response	16	4539198	11988	0
G003	216	Pulse	199	4542989	15778	0
G003	217	Picture	fix2	4552245	0	1	25864	1	0	next	other	0
G003	217	Pulse	199	4552989	744	0
G003	217	Pulse	199	4562988	10743	0
G003	217	Pulse	199	4572989	20744	0
G003	218	Picture	feedback	4578109	0	1	20061	1	0	next	other	0
G003	218	Pulse	199	4582988	4879	0
G003	218	Pulse	199	4592989	14880	0
G003	219	Picture	fix	4598170	0	1	28516	1	0	next	other	0
G003	219	Pulse	199	4602989	4819	0
G003	219	Pulse	199	4612989	14819	0
G003	219	Pulse	199	4622988	24818	0
G003	221	Picture	stim	4626686	0	1	25035	1	0	25000	incorrect	616
G003	221	Pulse	199	4632989	6302	0
G003	221	Response	32	4636959	10272	0
G003	221	Pulse	199	4642989	16302	0
G003	222	Picture	fix2	4651721	0	1	13263	1	0	next	other	0
G003	222	Pulse	199	4652989	1267	0
G003	222	Pulse	199	4662989	11268	0
G003	223	Picture	feedback	4664985	0	1	20061	1	0	next	other	0
G003	223	Pulse	199	4672989	8004	0
G003	223	Pulse	199	4682989	18004	0
G003	224	Picture	fix	4685046	0	1	30009	1	0	next	other	0
G003	224	Pulse	199	4692989	7943	0
G003	224	Pulse	199	4702989	17943	0
G003	224	Pulse	199	4712989	27943	0
G003	226	Picture	stim	4715054	0	1	25035	1	0	25000	incorrect	630
G003	226	Pulse	199	4722988	7934	0
G003	226	Response	32	4726069	11015	0
G003	226	Pulse	199	4732989	17935	0
G003	227	Picture	fix2	4740089	0	1	13927	1	0	next	other	0
G003	227	Pulse	199	4742989	2900	0
G003	227	Pulse	199	4752989	12900	0
G003	228	Picture	feedback	4754016	0	1	20061	1	0	next	other	0
G003	228	Pulse	199	4762989	8974	0
G003	228	Pulse	199	4772989	18973	0
G003	229	Picture	fix	4774077	0	1	29014	1	0	next	other	0
G003	229	Pulse	199	4782989	8913	0
G003	229	Pulse	199	4792988	18912	0
G003	230	Pulse	199	4802989	62	0
G003	231	Picture	stim	4803091	0	1	25035	1	0	25000	incorrect	644
G003	231	Pulse	199	4812989	9898	0
G003	231	Response	32	4820018	16927	0
G003	231	Pulse	199	4822988	19898	0
G003	232	Picture	fix2	4828125	0	1	23377	1	0	next	other	0
G003	232	Pulse	199	4832989	4864	0
G003	232	Pulse	199	4842989	14863	0
G003	233	Picture	feedback	4851502	0	1	20061	1	0	next	other	0
G003	233	Pulse	199	4852989	1486	0
G003	233	Pulse	199	4862988	11486	0
G003	234	Picture	fix	4871563	0	1	27356	1	0	next	other	0
G003	234	Pulse	199	4872989	1426	0
G003	234	Pulse	199	4882989	11426	0
G003	234	Pulse	199	4892988	21425	0
G003	236	Picture	stim	4898919	0	1	25035	1	0	25000	incorrect	658
G003	236	Pulse	199	4902989	4070	0
G003	236	Response	32	4910529	11610	0
G003	236	Pulse	199	4912989	14070	0
G003	236	Pulse	199	4922989	24070	0
G003	237	Picture	fix2	4923954	0	1	15916	1	0	next	other	0
G003	237	Pulse	199	4932988	9034	0
G003	238	Picture	feedback	4939870	0	1	20061	1	0	next	other	0
G003	238	Pulse	199	4942989	3119	0
G003	238	Pulse	199	4952989	13119	0
G003	239	Picture	fix	4959931	0	1	28516	1	0	next	other	0
G003	239	Pulse	199	4962989	3057	0
G003	239	Pulse	199	4972989	13057	0
G003	239	Pulse	199	4982989	23058	0
G003	241	Picture	stim	4988448	0	1	25035	1	0	25000	incorrect	673
G003	241	Pulse	199	4992989	4541	0
G003	241	Pulse	199	5002988	14540	0
G003	241	Response	32	5003608	15160	0
G003	241	Pulse	199	5012989	24541	0
G003	242	Picture	fix2	5013483	0	1	29346	1	0	next	other	0
G003	242	Pulse	199	5022989	9507	0
G003	242	Pulse	199	5032988	19506	0
G003	243	Picture	feedback	5042828	0	1	20061	1	0	next	other	0
G003	243	Pulse	199	5042989	161	0
G003	243	Pulse	199	5052989	10161	0
G003	244	Picture	100	5062889	0	1	80078	1	0	80000	other	0
G003	244	Pulse	199	5062989	100	0
G003	244	Pulse	199	5072989	10100	0
G003	244	Pulse	199	5082989	20100	0
G003	244	Pulse	199	5092989	30100	0
G003	244	Pulse	199	5102988	40099	0
G003	244	Pulse	199	5112989	50100	0
G003	244	Pulse	199	5122989	60100	0
G003	244	Pulse	199	5132989	70100	0
