Scenario - FBL_A.sce
Logfile written - 05/08/2021 11:04:18

Subject	Trial	Event Type	Code	Time	TTime	Uncertainty	Duration	Uncertainty	ReqTime	ReqDur	Stim Type	Pair Index

gpl010	1	Response	32	140908	130742	0
gpl010	2	Picture	start	140911	0	233	685954	233	0	next	other	0
gpl010	2	Response	16	158329	17419	0
gpl010	2	Response	16	160249	19338	0
gpl010	2	Response	16	162809	21898	0
gpl010	2	Response	16	164408	23498	0
gpl010	3	Pulse	199	826798	635876	0
gpl010	3	Pulse	199	836797	645876	0
gpl010	3	Pulse	199	846798	655876	0
gpl010	3	Pulse	199	856798	665876	0
gpl010	3	Pulse	199	866798	675876	0
gpl010	3	Pulse	199	876798	685876	0
gpl010	4	Picture	fix	877597	0	1	25185	182	0	next	other	0
gpl010	4	Pulse	199	886798	9201	0
gpl010	4	Pulse	199	896798	19201	0
gpl010	6	Picture	stim	902782	0	182	25051	182	0	25000	incorrect	19
gpl010	6	Pulse	199	906798	4016	0
gpl010	6	Pulse	199	916798	14017	0
gpl010	6	Response	32	920077	17296	0
gpl010	6	Pulse	199	926798	24017	0
gpl010	7	Picture	fix2	927832	0	1	25864	1	0	next	other	0
gpl010	7	Pulse	199	936798	8966	0
gpl010	7	Pulse	199	946798	18966	0
gpl010	8	Picture	feedback	953696	0	1	20393	1	0	next	other	0
gpl010	8	Pulse	199	956798	3102	0
gpl010	8	Pulse	199	966798	13102	0
gpl010	9	Picture	fix	974089	0	1	26859	1	0	next	other	0
gpl010	9	Pulse	199	976798	2709	0
gpl010	9	Pulse	199	986798	12710	0
gpl010	9	Pulse	199	996798	22709	0
gpl010	11	Picture	stim	1000947	0	1	25035	1	0	25000	hit	33
gpl010	11	Pulse	199	1006798	5851	0
gpl010	11	Response	16	1013719	12771	0
gpl010	11	Pulse	199	1016798	15851	0
gpl010	12	Picture	fix2	1025982	0	1	24206	1	0	next	other	0
gpl010	12	Pulse	199	1026798	816	0
gpl010	12	Pulse	199	1036798	10816	0
gpl010	12	Pulse	199	1046798	20816	0
gpl010	13	Picture	feedback	1050188	0	1	20393	1	0	next	other	0
gpl010	13	Pulse	199	1056798	6611	0
gpl010	13	Pulse	199	1066798	16611	0
gpl010	14	Picture	fix	1070580	0	1	23543	1	0	next	other	0
gpl010	14	Pulse	199	1076798	6218	0
gpl010	14	Pulse	199	1086797	16217	0
gpl010	16	Picture	stim	1094123	0	1	25035	1	0	25000	incorrect	47
gpl010	16	Pulse	199	1096798	2675	0
gpl010	16	Response	32	1102757	8634	0
gpl010	16	Pulse	199	1106798	12675	0
gpl010	16	Pulse	199	1116798	22675	0
gpl010	17	Picture	fix2	1119158	0	1	18072	1	0	next	other	0
gpl010	17	Pulse	199	1126798	7640	0
gpl010	17	Pulse	199	1136798	17640	0
gpl010	18	Picture	feedback	1137229	0	1	20061	1	0	next	other	0
gpl010	18	Pulse	199	1146798	9569	0
gpl010	18	Pulse	199	1156797	19568	0
gpl010	19	Picture	fix	1157290	0	1	21387	1	0	next	other	0
gpl010	19	Pulse	199	1166798	9508	0
gpl010	19	Pulse	199	1176798	19508	0
gpl010	21	Picture	stim	1178678	0	1	25035	1	0	25000	hit	61
gpl010	21	Pulse	199	1186797	8120	0
gpl010	21	Response	16	1188447	9770	0
gpl010	21	Pulse	199	1196798	18120	0
gpl010	22	Picture	fix2	1203878	0	1	23543	1	0	next	other	0
gpl010	22	Pulse	199	1206798	2920	0
gpl010	22	Pulse	199	1216798	12919	0
gpl010	22	Pulse	199	1226798	22920	0
gpl010	23	Picture	feedback	1227421	0	1	20393	1	0	next	other	0
gpl010	23	Pulse	199	1236798	9377	0
gpl010	23	Pulse	199	1246798	19377	0
gpl010	24	Picture	fix	1247814	0	1	22050	1	0	next	other	0
gpl010	24	Pulse	199	1256797	8984	0
gpl010	24	Pulse	199	1266798	18985	0
gpl010	26	Picture	stim	1269864	0	1	25035	1	0	25000	incorrect	75
gpl010	26	Pulse	199	1276808	6944	0
gpl010	26	Response	32	1281988	12124	0
gpl010	26	Pulse	199	1286807	16943	0
gpl010	27	Picture	fix2	1295065	0	1	21387	1	0	next	other	0
gpl010	27	Pulse	199	1296808	1743	0
gpl010	27	Pulse	199	1306808	11743	0
gpl010	28	Picture	feedback	1316452	0	1	20393	1	0	next	other	0
gpl010	28	Pulse	199	1316808	356	0
gpl010	28	Pulse	199	1326808	10356	0
gpl010	28	Pulse	199	1336808	20356	1
gpl010	29	Picture	fix	1336845	0	1	28848	1	0	next	other	0
gpl010	29	Pulse	199	1346808	9963	0
gpl010	29	Pulse	199	1356807	19963	0
gpl010	31	Picture	stim	1365693	0	1	25035	1	0	25000	incorrect	90
gpl010	31	Pulse	199	1366808	1116	0
gpl010	31	Pulse	199	1376808	11116	0
gpl010	31	Response	32	1378458	12765	0
gpl010	31	Pulse	199	1386808	21115	0
gpl010	32	Picture	fix2	1390893	0	1	29014	1	0	next	other	0
gpl010	32	Pulse	199	1396808	5915	0
gpl010	32	Pulse	199	1406808	15915	0
gpl010	32	Pulse	199	1416808	25915	0
gpl010	33	Picture	feedback	1419907	0	1	20061	1	0	next	other	0
gpl010	33	Pulse	199	1426807	6900	0
gpl010	33	Pulse	199	1436808	16901	0
gpl010	34	Picture	fix	1439968	0	1	29014	1	0	next	other	0
gpl010	34	Pulse	199	1446807	6839	0
gpl010	34	Pulse	199	1456807	16839	0
gpl010	34	Pulse	199	1466807	26839	0
gpl010	36	Picture	stim	1468982	0	1	25035	1	0	25000	incorrect	105
gpl010	36	Pulse	199	1476807	7825	0
gpl010	36	Response	32	1483758	14776	0
gpl010	36	Pulse	199	1486807	17825	0
gpl010	37	Picture	fix2	1494017	0	1	16414	1	0	next	other	0
gpl010	37	Pulse	199	1496807	2790	0
gpl010	37	Pulse	199	1506807	12791	0
gpl010	38	Picture	feedback	1510430	0	1	20061	1	0	next	other	0
gpl010	38	Pulse	199	1516807	6377	0
gpl010	38	Pulse	199	1526807	16377	0
gpl010	39	Picture	fix	1530491	0	1	28517	1	0	next	other	0
gpl010	39	Pulse	199	1536807	6316	0
gpl010	39	Pulse	199	1546807	16316	0
gpl010	39	Pulse	199	1556807	26316	0
gpl010	41	Picture	stim	1559008	0	1	25035	1	0	25000	hit	119
gpl010	41	Pulse	199	1566807	7799	0
gpl010	41	Response	16	1569587	10579	0
gpl010	41	Pulse	199	1576807	17800	0
gpl010	42	Picture	fix2	1584042	0	1	21553	1	0	next	other	0
gpl010	42	Pulse	199	1586807	2765	0
gpl010	42	Pulse	199	1596807	12765	0
gpl010	43	Picture	feedback	1605596	0	1	20061	1	0	next	other	0
gpl010	43	Pulse	199	1606807	1212	0
gpl010	43	Pulse	199	1616808	11212	0
gpl010	44	Picture	fix	1625657	0	1	22216	1	0	next	other	0
gpl010	44	Pulse	199	1626808	1151	0
gpl010	44	Pulse	199	1636807	11151	0
gpl010	44	Pulse	199	1646808	21151	0
gpl010	46	Picture	stim	1647873	0	1	25035	1	0	25000	hit	134
gpl010	46	Pulse	199	1656808	8935	0
gpl010	46	Pulse	199	1666808	18935	0
gpl010	46	Response	16	1666998	19125	0
gpl010	47	Picture	fix2	1672908	0	1	13927	1	0	next	other	0
gpl010	47	Pulse	199	1676808	3900	0
gpl010	47	Pulse	199	1686807	13899	1
gpl010	48	Picture	feedback	1686834	0	1	20061	1	0	next	other	0
gpl010	48	Pulse	199	1696808	9974	0
gpl010	48	Pulse	199	1706808	19973	0
gpl010	49	Picture	fix	1706895	0	1	28019	1	0	next	other	0
gpl010	49	Pulse	199	1716808	9912	0
gpl010	49	Pulse	199	1726808	19912	0
gpl010	51	Picture	stim	1734915	0	1	25035	1	0	25000	incorrect	147
gpl010	51	Pulse	199	1736807	1893	0
gpl010	51	Pulse	199	1746808	11893	0
gpl010	51	Response	32	1747947	13032	0
gpl010	51	Pulse	199	1756808	21893	0
gpl010	52	Picture	fix2	1760115	0	1	25864	1	0	next	other	0
gpl010	52	Pulse	199	1766808	6693	0
gpl010	52	Pulse	199	1776808	16693	0
gpl010	53	Picture	feedback	1785979	0	1	20061	1	0	next	other	0
gpl010	53	Pulse	199	1786808	829	0
gpl010	53	Pulse	199	1796808	10829	0
gpl010	54	Picture	fix	1806040	0	1	26859	1	0	next	other	0
gpl010	54	Pulse	199	1806807	767	0
gpl010	54	Pulse	199	1816808	10768	0
gpl010	54	Pulse	199	1826808	20768	0
gpl010	56	Picture	stim	1832898	0	1	25035	1	0	25000	incorrect	162
gpl010	56	Pulse	199	1836808	3909	0
gpl010	56	Pulse	199	1846808	13909	0
gpl010	56	Response	32	1853928	21029	0
gpl010	56	Pulse	199	1856808	23909	0
gpl010	57	Picture	fix2	1857933	0	1	16414	1	0	next	other	0
gpl010	57	Pulse	199	1866808	8875	0
gpl010	58	Picture	feedback	1874347	0	1	20061	1	0	next	other	0
gpl010	58	Pulse	199	1876807	2460	0
gpl010	58	Pulse	199	1886808	12461	0
gpl010	59	Picture	fix	1894408	0	1	19398	1	0	next	other	0
gpl010	59	Pulse	199	1896808	2400	0
gpl010	59	Pulse	199	1906808	12400	0
gpl010	61	Picture	stim	1913806	0	1	25035	1	0	25000	incorrect	175
gpl010	61	Pulse	199	1916808	3002	0
gpl010	61	Pulse	199	1926807	13002	0
gpl010	61	Response	32	1928398	14592	0
gpl010	61	Pulse	199	1936807	23001	0
gpl010	62	Picture	fix2	1939006	0	1	17906	1	0	next	other	0
gpl010	62	Pulse	199	1946807	7801	0
gpl010	62	Pulse	199	1956798	17792	10
gpl010	63	Picture	feedback	1956912	0	1	20061	1	0	next	other	0
gpl010	63	Pulse	199	1966807	9895	0
gpl010	63	Pulse	199	1976807	19896	0
gpl010	64	Picture	fix	1976973	0	1	22714	1	0	next	other	0
gpl010	64	Pulse	199	1986807	9834	0
gpl010	64	Pulse	199	1996808	19835	0
gpl010	66	Picture	stim	1999687	0	1	25035	1	0	25000	hit	188
gpl010	66	Pulse	199	2006808	7121	0
gpl010	66	Response	16	2008498	8811	0
gpl010	66	Pulse	199	2016807	17120	0
gpl010	67	Picture	fix2	2024887	0	1	14590	1	0	next	other	0
gpl010	67	Pulse	199	2026808	1921	0
gpl010	67	Pulse	199	2036808	11920	0
gpl010	68	Picture	feedback	2039477	0	1	20061	1	0	next	other	0
gpl010	68	Pulse	199	2046807	7330	0
gpl010	68	Pulse	199	2056807	17330	0
gpl010	69	Picture	fix	2059538	0	1	30009	1	0	next	other	0
gpl010	69	Pulse	199	2066808	7270	0
gpl010	69	Pulse	199	2076808	17270	0
gpl010	69	Pulse	199	2086807	27269	0
gpl010	71	Picture	stim	2089547	0	1	25035	1	0	25000	incorrect	202
gpl010	71	Pulse	199	2096808	7261	0
gpl010	71	Response	32	2106738	17191	0
gpl010	71	Pulse	199	2106807	17261	0
gpl010	72	Picture	fix2	2114747	0	1	15916	1	0	next	other	0
gpl010	72	Pulse	199	2116807	2060	0
gpl010	72	Pulse	199	2126808	12060	0
gpl010	73	Picture	feedback	2130663	0	1	20061	1	0	next	other	0
gpl010	73	Pulse	199	2136808	6144	0
gpl010	73	Pulse	199	2146808	16144	0
gpl010	74	Picture	fix	2150725	0	1	17408	1	0	next	other	0
gpl010	74	Pulse	199	2156807	6083	0
gpl010	74	Pulse	199	2166808	16083	0
gpl010	76	Picture	stim	2168133	0	1	25035	1	0	25000	incorrect	215
gpl010	76	Pulse	199	2176808	8675	0
gpl010	76	Response	32	2182998	14865	0
gpl010	76	Pulse	199	2186807	18674	0
gpl010	77	Picture	fix2	2193333	0	1	26361	1	0	next	other	0
gpl010	77	Pulse	199	2196808	3474	0
gpl010	77	Pulse	199	2206808	13474	0
gpl010	77	Pulse	199	2216808	23474	0
gpl010	78	Picture	feedback	2219695	0	1	20061	1	0	next	other	0
gpl010	78	Pulse	199	2226808	7113	0
gpl010	78	Pulse	199	2236808	17113	0
gpl010	79	Picture	fix	2239756	0	1	23708	1	0	next	other	0
gpl010	79	Pulse	199	2246808	7052	0
gpl010	79	Pulse	199	2256807	17051	0
gpl010	81	Picture	stim	2263464	0	1	25035	1	0	25000	incorrect	230
gpl010	81	Pulse	199	2266808	3344	0
gpl010	81	Pulse	199	2276808	13344	0
gpl010	81	Response	32	2278647	15183	0
gpl010	81	Pulse	199	2286808	23344	0
gpl010	82	Picture	fix2	2288499	0	1	16745	1	0	next	other	0
gpl010	82	Pulse	199	2296808	8309	0
gpl010	83	Picture	feedback	2305244	0	1	20061	1	0	next	other	0
gpl010	83	Pulse	199	2306808	1564	0
gpl010	83	Pulse	199	2316808	11564	0
gpl010	84	Picture	fix	2325305	0	1	26527	1	0	next	other	0
gpl010	84	Pulse	199	2326807	1502	0
gpl010	84	Pulse	199	2336808	11503	0
gpl010	84	Pulse	199	2346808	21503	0
gpl010	86	Picture	stim	2351832	0	1	25035	1	0	25000	hit	244
gpl010	86	Pulse	199	2356807	4976	0
gpl010	86	Pulse	199	2366807	14975	0
gpl010	86	Response	16	2369627	17795	0
gpl010	86	Pulse	199	2376808	24976	0
gpl010	87	Picture	fix2	2377033	0	1	29345	1	0	next	other	0
gpl010	87	Pulse	199	2386808	9775	0
gpl010	87	Pulse	199	2396807	19775	0
gpl010	88	Picture	feedback	2406378	0	1	20061	1	0	next	other	0
gpl010	88	Pulse	199	2406808	430	0
gpl010	88	Pulse	199	2416808	10430	0
gpl010	89	Picture	fix	2426439	0	1	19066	1	0	next	other	0
gpl010	89	Pulse	199	2426807	368	0
gpl010	89	Pulse	199	2436807	10368	0
gpl010	91	Picture	stim	2445505	0	1	25035	1	0	25000	hit	258
gpl010	91	Pulse	199	2446807	1302	0
gpl010	91	Pulse	199	2456808	11302	0
gpl010	91	Response	16	2458378	12872	0
gpl010	91	Pulse	199	2466807	21302	0
gpl010	92	Picture	fix2	2470706	0	1	18071	1	0	next	other	0
gpl010	92	Pulse	199	2476807	6102	0
gpl010	92	Pulse	199	2486807	16102	0
gpl010	93	Picture	feedback	2488777	0	1	20061	1	0	next	other	0
gpl010	93	Pulse	199	2496807	8030	0
gpl010	93	Pulse	199	2506807	18030	0
gpl010	94	Picture	fix	2508838	0	1	22382	1	0	next	other	0
gpl010	94	Pulse	199	2516807	7969	0
gpl010	94	Pulse	199	2526807	17969	0
gpl010	96	Picture	stim	2531220	0	1	25035	1	0	25000	incorrect	272
gpl010	96	Pulse	199	2536807	5587	0
gpl010	96	Pulse	199	2546807	15587	0
gpl010	96	Response	32	2546918	15698	0
gpl010	97	Picture	fix2	2556255	0	1	15253	1	0	next	other	0
gpl010	97	Pulse	199	2556807	552	0
gpl010	97	Pulse	199	2566807	10552	0
gpl010	98	Picture	feedback	2571508	0	1	20061	1	0	next	other	0
gpl010	98	Pulse	199	2576807	5299	0
gpl010	98	Pulse	199	2586807	15299	0
gpl010	99	Picture	fix	2591569	0	1	25366	1	0	next	other	0
gpl010	99	Pulse	199	2596808	5238	0
gpl010	99	Pulse	199	2606807	15238	0
gpl010	99	Pulse	199	2616807	25238	0
gpl010	101	Picture	stim	2616936	0	1	25035	1	0	25000	hit	285
gpl010	101	Pulse	199	2626808	9872	0
gpl010	101	Response	16	2633608	16672	0
gpl010	101	Pulse	199	2636807	19871	0
gpl010	102	Picture	fix2	2641970	0	1	11606	1	0	next	other	0
gpl010	102	Pulse	199	2646808	4837	0
gpl010	103	Picture	feedback	2653576	0	1	20061	1	0	next	other	0
gpl010	103	Pulse	199	2656808	3232	0
gpl010	103	Pulse	199	2666808	13232	0
gpl010	104	Picture	fix	2673637	0	1	33324	1	0	next	other	0
gpl010	104	Pulse	199	2676807	3171	0
gpl010	104	Pulse	199	2686808	13171	0
gpl010	104	Pulse	199	2696808	23171	0
gpl010	105	Pulse	199	2706806	18	2
gpl010	106	Picture	stim	2706961	0	1	25035	1	0	25000	hit	299
gpl010	106	Pulse	199	2716808	9846	0
gpl010	106	Response	16	2718587	11626	0
gpl010	106	Pulse	199	2726808	19846	0
gpl010	107	Picture	fix2	2731996	0	1	13264	1	0	next	other	0
gpl010	107	Pulse	199	2736807	4811	0
gpl010	108	Picture	feedback	2745260	0	1	20061	1	0	next	other	0
gpl010	108	Pulse	199	2746807	1547	0
gpl010	108	Pulse	199	2756808	11548	0
gpl010	109	Picture	fix	2765321	0	1	17740	1	0	next	other	0
gpl010	109	Pulse	199	2766808	1487	0
gpl010	109	Pulse	199	2776807	11487	0
gpl010	111	Picture	stim	2783061	0	1	25034	2	0	25000	incorrect	311
gpl010	111	Pulse	199	2786808	3747	0
gpl010	111	Response	32	2794888	11827	0
gpl010	111	Pulse	199	2796808	13747	0
gpl010	111	Pulse	199	2806807	23747	0
gpl010	112	Picture	fix2	2808095	0	2	26196	2	0	next	other	0
gpl010	112	Pulse	199	2816807	8713	0
gpl010	112	Pulse	199	2826808	18713	0
gpl010	113	Picture	feedback	2834291	0	1	20061	1	0	next	other	0
gpl010	113	Pulse	199	2836808	2517	0
gpl010	113	Pulse	199	2846807	12516	0
gpl010	114	Picture	fix	2854352	0	1	29677	1	0	next	other	0
gpl010	114	Pulse	199	2856808	2456	0
gpl010	114	Pulse	199	2866808	12456	0
gpl010	114	Pulse	199	2876807	22455	0
gpl010	116	Picture	stim	2884029	0	1	25035	1	0	25000	hit	327
gpl010	116	Pulse	199	2886807	2778	0
gpl010	116	Pulse	199	2896807	12779	0
gpl010	116	Response	16	2899647	15618	0
gpl010	116	Pulse	199	2906807	22779	0
gpl010	117	Picture	fix2	2909064	0	1	10777	1	0	next	other	0
gpl010	117	Pulse	199	2916807	7743	0
gpl010	118	Picture	feedback	2919840	0	1	20061	1	0	next	other	0
gpl010	118	Pulse	199	2926807	6967	0
gpl010	118	Pulse	199	2936807	16967	0
gpl010	119	Picture	fix	2939901	0	1	26859	1	0	next	other	0
gpl010	119	Pulse	199	2946807	6906	0
gpl010	119	Pulse	199	2956807	16906	0
gpl010	121	Picture	stim	2966760	0	1	25035	1	0	25000	hit	339
gpl010	121	Pulse	199	2966807	48	0
gpl010	121	Response	16	2976437	9678	0
gpl010	121	Pulse	199	2976807	10047	0
gpl010	121	Pulse	199	2986806	20047	0
gpl010	122	Picture	fix2	2991795	0	1	22548	1	0	next	other	0
gpl010	122	Pulse	199	2996807	5013	0
gpl010	122	Pulse	199	3006807	15013	0
gpl010	123	Picture	feedback	3014342	0	1	20061	1	0	next	other	0
gpl010	123	Pulse	199	3016807	2464	0
gpl010	123	Pulse	199	3026818	12475	0
gpl010	124	Picture	fix	3034403	0	1	26361	1	0	next	other	0
gpl010	124	Pulse	199	3036817	2414	0
gpl010	124	Pulse	199	3046817	12414	0
gpl010	124	Pulse	199	3056817	22414	0
gpl010	126	Picture	stim	3060765	0	1	25035	1	0	25000	hit	354
gpl010	126	Pulse	199	3066817	6053	0
gpl010	126	Response	16	3076267	15502	0
gpl010	126	Pulse	199	3076817	16052	0
gpl010	127	Picture	fix2	3085799	0	1	21885	1	0	next	other	0
gpl010	127	Pulse	199	3086817	1017	0
gpl010	127	Pulse	199	3096817	11018	0
gpl010	127	Pulse	199	3106817	21018	0
gpl010	128	Picture	feedback	3107684	0	1	20061	1	0	next	other	0
gpl010	128	Pulse	199	3116817	9133	0
gpl010	128	Pulse	199	3126817	19133	0
gpl010	129	Picture	fix	3127745	0	1	20227	1	0	next	other	0
gpl010	129	Pulse	199	3136817	9072	0
gpl010	129	Pulse	199	3146817	19072	0
gpl010	131	Picture	stim	3147972	0	1	25035	1	0	25000	hit	368
gpl010	131	Pulse	199	3156817	8845	0
gpl010	131	Response	16	3157587	9615	0
gpl010	131	Pulse	199	3166817	18845	0
gpl010	132	Picture	fix2	3173007	0	1	20558	1	0	next	other	0
gpl010	132	Pulse	199	3176817	3811	0
gpl010	132	Pulse	199	3186817	13810	0
gpl010	133	Picture	feedback	3193565	0	1	20061	1	0	next	other	0
gpl010	133	Pulse	199	3196817	3252	0
gpl010	133	Pulse	199	3206817	13252	0
gpl010	134	Picture	fix	3213626	0	1	28848	1	0	next	other	0
gpl010	134	Pulse	199	3216817	3191	0
gpl010	134	Pulse	199	3226817	13191	0
gpl010	134	Pulse	199	3236817	23191	0
gpl010	136	Picture	stim	3242474	0	1	25035	1	0	25000	incorrect	382
gpl010	136	Pulse	199	3246817	4343	0
gpl010	136	Response	32	3252158	9683	0
gpl010	136	Pulse	199	3256816	14342	0
gpl010	136	Pulse	199	3266817	24343	0
gpl010	137	Picture	fix2	3267509	0	1	18568	2	0	next	other	0
gpl010	137	Pulse	199	3276817	9308	0
gpl010	138	Picture	feedback	3286077	0	1	20062	2	0	next	other	0
gpl010	138	Pulse	199	3286817	740	0
gpl010	138	Pulse	199	3296817	10740	0
gpl010	139	Picture	fix	3306139	0	1	28516	1	0	next	other	0
gpl010	139	Pulse	199	3306817	678	0
gpl010	139	Pulse	199	3316817	10678	0
gpl010	139	Pulse	199	3326817	20678	0
gpl010	141	Picture	stim	3334655	0	1	25035	1	0	25000	hit	397
gpl010	141	Pulse	199	3336817	2162	0
gpl010	141	Pulse	199	3346817	12162	0
gpl010	141	Response	16	3355007	20352	0
gpl010	141	Pulse	199	3356817	22162	0
gpl010	142	Picture	fix2	3359690	0	1	17243	1	0	next	other	0
gpl010	142	Pulse	199	3366817	7127	0
gpl010	142	Pulse	199	3376817	17127	0
gpl010	143	Picture	feedback	3376933	0	1	20061	1	0	next	other	0
gpl010	143	Pulse	199	3386817	9885	0
gpl010	143	Pulse	199	3396817	19884	0
gpl010	144	Picture	fix	3396994	0	1	18569	1	0	next	other	0
gpl010	144	Pulse	199	3406818	9824	0
gpl010	146	Picture	stim	3415563	0	1	25035	1	0	25000	hit	409
gpl010	146	Pulse	199	3416818	1255	0
gpl010	146	Response	16	3423837	8274	0
gpl010	146	Pulse	199	3426817	11255	0
gpl010	146	Pulse	199	3436818	21255	0
gpl010	147	Picture	fix2	3440597	0	1	20393	1	0	next	other	0
gpl010	147	Pulse	199	3446818	6220	0
gpl010	147	Pulse	199	3456818	16220	0
gpl010	148	Picture	feedback	3460990	0	1	20061	1	0	next	other	0
gpl010	148	Pulse	199	3466817	5827	0
gpl010	148	Pulse	199	3476817	15828	0
gpl010	149	Picture	fix	3481051	0	1	20061	1	0	next	other	0
gpl010	149	Pulse	199	3486818	5767	0
gpl010	149	Pulse	199	3496817	15766	0
gpl010	151	Picture	stim	3501112	0	1	25035	1	0	25000	incorrect	423
gpl010	151	Pulse	199	3506817	5706	0
gpl010	151	Response	32	3513907	12796	0
gpl010	151	Pulse	199	3516817	15705	0
gpl010	152	Picture	fix2	3526312	0	1	21387	1	0	next	other	0
gpl010	152	Pulse	199	3526817	505	0
gpl010	152	Pulse	199	3536817	10505	0
gpl010	152	Pulse	199	3546818	20505	0
gpl010	153	Picture	feedback	3547700	0	1	20061	1	0	next	other	0
gpl010	153	Pulse	199	3556818	9118	0
gpl010	153	Pulse	199	3566817	19117	0
gpl010	154	Picture	fix	3567761	0	1	32164	1	0	next	other	0
gpl010	154	Pulse	199	3576817	9056	0
gpl010	154	Pulse	199	3586817	19057	0
gpl010	154	Pulse	199	3596817	29057	0
gpl010	156	Picture	stim	3599925	0	1	25035	1	0	25000	hit	439
gpl010	156	Pulse	199	3606817	6892	0
gpl010	156	Pulse	199	3616817	16893	0
gpl010	156	Response	16	3617587	17662	0
gpl010	157	Picture	fix2	3624959	0	1	9119	1	0	next	other	0
gpl010	157	Pulse	199	3626817	1858	0
gpl010	158	Picture	feedback	3634078	0	1	20061	1	0	next	other	0
gpl010	158	Pulse	199	3636817	2739	0
gpl010	158	Pulse	199	3646817	12739	0
gpl010	159	Picture	fix	3654139	0	1	27356	1	0	next	other	0
gpl010	159	Pulse	199	3656817	2678	0
gpl010	159	Pulse	199	3666817	12678	0
gpl010	159	Pulse	199	3676817	22677	0
gpl010	161	Picture	stim	3681495	0	1	25035	1	0	25000	incorrect	452
gpl010	161	Pulse	199	3686817	5322	0
gpl010	161	Pulse	199	3696817	15322	0
gpl010	161	Response	32	3705107	23611	0
gpl010	162	Picture	fix2	3706530	0	1	16082	1	0	next	other	0
gpl010	162	Pulse	199	3706817	287	0
gpl010	162	Pulse	199	3716817	10287	0
gpl010	163	Picture	feedback	3722612	0	1	20061	1	0	next	other	0
gpl010	163	Pulse	199	3726817	4205	0
gpl010	163	Pulse	199	3736817	14205	0
gpl010	164	Picture	fix	3742673	0	1	31169	1	0	next	other	0
gpl010	164	Pulse	199	3746817	4144	0
gpl010	164	Pulse	199	3756817	14144	0
gpl010	164	Pulse	199	3766817	24144	0
gpl010	166	Picture	stim	3773842	0	1	25035	1	0	25000	incorrect	466
gpl010	166	Pulse	199	3776817	2975	0
gpl010	166	Pulse	199	3786817	12975	0
gpl010	166	Response	32	3791677	17835	0
gpl010	166	Pulse	199	3796817	22975	0
gpl010	167	Picture	fix2	3798877	0	1	12932	1	0	next	other	0
gpl010	167	Pulse	199	3806817	7940	0
gpl010	168	Picture	feedback	3811809	0	1	20061	1	0	next	other	0
gpl010	168	Pulse	199	3816817	5008	0
gpl010	168	Pulse	199	3826817	15009	0
gpl010	169	Picture	fix	3831870	0	1	26029	1	0	next	other	0
gpl010	169	Pulse	199	3836817	4947	0
gpl010	169	Pulse	199	3846817	14947	0
gpl010	169	Pulse	199	3856817	24948	0
gpl010	171	Picture	stim	3857899	0	1	25035	1	0	25000	hit	479
gpl010	171	Pulse	199	3866817	8918	0
gpl010	171	Response	16	3869987	12088	0
gpl010	171	Pulse	199	3876817	18918	0
gpl010	172	Picture	fix2	3882934	0	1	11108	1	0	next	other	0
gpl010	172	Pulse	199	3886817	3883	0
gpl010	173	Picture	feedback	3894042	0	1	20061	1	0	next	other	0
gpl010	173	Pulse	199	3896817	2775	0
gpl010	173	Pulse	199	3906817	12775	0
gpl010	174	Picture	fix	3914103	0	1	24703	1	0	next	other	0
gpl010	174	Pulse	199	3916816	2713	0
gpl010	174	Pulse	199	3926817	12714	0
gpl010	174	Pulse	199	3936817	22714	0
gpl010	176	Picture	stim	3938807	0	1	25035	1	0	25000	incorrect	492
gpl010	176	Pulse	199	3946817	8010	0
gpl010	176	Response	32	3950337	11530	0
gpl010	176	Pulse	199	3956817	18010	0
gpl010	177	Picture	fix2	3963841	0	1	22201	182	0	next	other	0
gpl010	177	Pulse	199	3966817	2976	0
gpl010	177	Pulse	199	3976817	12976	0
gpl010	178	Picture	feedback	3986043	0	181	20076	182	0	next	other	0
gpl010	178	Pulse	199	3986816	774	0
gpl010	178	Pulse	199	3996817	10775	0
gpl010	179	Picture	fix	4006119	0	1	29180	1	0	next	other	0
gpl010	179	Pulse	199	4006817	699	0
gpl010	179	Pulse	199	4016817	10698	0
gpl010	179	Pulse	199	4026817	20699	0
gpl010	181	Picture	stim	4035298	0	1	25035	1	0	25000	hit	507
gpl010	181	Pulse	199	4036817	1519	0
gpl010	181	Pulse	199	4046817	11519	0
gpl010	181	Response	16	4050387	15088	0
gpl010	181	Pulse	199	4056817	21518	0
gpl010	182	Picture	fix2	4060499	0	1	21719	1	0	next	other	0
gpl010	182	Pulse	199	4066817	6319	0
gpl010	182	Pulse	199	4076817	16318	0
gpl010	183	Picture	feedback	4082218	0	1	20061	1	0	next	other	0
gpl010	183	Pulse	199	4086817	4599	0
gpl010	183	Pulse	199	4096817	14600	0
gpl010	184	Picture	fix	4102279	0	1	24703	1	0	next	other	0
gpl010	184	Pulse	199	4106817	4538	0
gpl010	184	Pulse	199	4116817	14538	0
gpl010	184	Pulse	199	4126817	24538	0
gpl010	186	Picture	stim	4126982	0	1	25035	1	0	25000	incorrect	521
gpl010	186	Pulse	199	4136817	9835	0
gpl010	186	Response	32	4144497	17515	0
gpl010	186	Pulse	199	4146817	19835	0
gpl010	187	Picture	fix2	4152017	0	1	14092	1	0	next	other	0
gpl010	187	Pulse	199	4156816	4800	0
gpl010	188	Picture	feedback	4166109	0	1	20061	1	0	next	other	0
gpl010	188	Pulse	199	4166817	708	0
gpl010	188	Pulse	199	4176817	10708	0
gpl010	189	Picture	fix	4186170	0	1	16248	1	0	next	other	0
gpl010	189	Pulse	199	4186817	646	0
gpl010	189	Pulse	199	4196816	10646	0
gpl010	191	Picture	stim	4202418	0	1	25035	1	0	25000	incorrect	534
gpl010	191	Pulse	199	4206817	4399	0
gpl010	191	Pulse	199	4216817	14399	0
gpl010	191	Response	32	4226037	23619	0
gpl010	191	Pulse	199	4226816	24398	0
gpl010	192	Picture	fix2	4227453	0	1	21387	1	0	next	other	0
gpl010	192	Pulse	199	4236817	9364	0
gpl010	192	Pulse	199	4246817	19364	0
gpl010	193	Picture	feedback	4248840	0	1	20061	1	0	next	other	0
gpl010	193	Pulse	199	4256817	7977	0
gpl010	193	Pulse	199	4266817	17977	0
gpl010	194	Picture	fix	4268901	0	1	35977	1	0	next	other	0
gpl010	194	Pulse	199	4276817	7916	0
gpl010	194	Pulse	199	4286817	17916	0
gpl010	194	Pulse	199	4296816	27915	0
gpl010	196	Picture	stim	4304878	0	1	25035	1	0	25000	hit	549
gpl010	196	Pulse	199	4306817	1939	0
gpl010	196	Pulse	199	4316817	11939	0
gpl010	196	Response	16	4320007	15129	0
gpl010	196	Pulse	199	4326817	21938	0
gpl010	197	Picture	fix2	4329913	0	1	16082	1	0	next	other	0
gpl010	197	Pulse	199	4336817	6904	0
gpl010	198	Picture	feedback	4345995	0	1	20061	1	0	next	other	0
gpl010	198	Pulse	199	4346817	822	0
gpl010	198	Pulse	199	4356817	10822	0
gpl010	199	Picture	fix	4366056	0	1	24538	1	0	next	other	0
gpl010	199	Pulse	199	4366816	760	0
gpl010	199	Pulse	199	4376817	10761	0
gpl010	199	Pulse	199	4386817	20761	0
gpl010	201	Picture	stim	4390594	0	1	25035	1	0	25000	incorrect	562
gpl010	201	Pulse	199	4396817	6223	0
gpl010	201	Response	32	4398067	7473	0
gpl010	201	Pulse	199	4406817	16224	0
gpl010	202	Picture	fix2	4415794	0	1	27687	1	0	next	other	0
gpl010	202	Pulse	199	4416817	1023	0
gpl010	202	Pulse	199	4426817	11023	0
gpl010	202	Pulse	199	4436817	21023	0
gpl010	203	Picture	feedback	4443482	0	1	20061	1	0	next	other	0
gpl010	203	Pulse	199	4446817	3336	0
gpl010	203	Pulse	199	4456817	13336	0
gpl010	204	Picture	fix	4463543	0	1	23377	1	0	next	other	0
gpl010	204	Pulse	199	4466817	3274	0
gpl010	204	Pulse	199	4476817	13275	0
gpl010	204	Pulse	199	4486817	23274	0
gpl010	206	Picture	stim	4486920	0	1	25035	1	0	25000	incorrect	577
gpl010	206	Pulse	199	4496817	9897	0
gpl010	206	Response	32	4502527	15607	0
gpl010	206	Pulse	199	4506817	19897	0
gpl010	207	Picture	fix2	4512120	0	1	20061	1	0	next	other	0
gpl010	207	Pulse	199	4516817	4697	0
gpl010	207	Pulse	199	4526817	14697	0
gpl010	208	Picture	feedback	4532181	0	1	20061	1	0	next	other	0
gpl010	208	Pulse	199	4536816	4635	0
gpl010	208	Pulse	199	4546817	14636	0
gpl010	209	Picture	fix	4552242	0	1	29345	1	0	next	other	0
gpl010	209	Pulse	199	4556817	4575	0
gpl010	209	Pulse	199	4566817	14575	0
gpl010	209	Pulse	199	4576816	24574	0
gpl010	211	Picture	stim	4581588	0	1	25035	1	0	25000	incorrect	592
gpl010	211	Pulse	199	4586817	5229	0
gpl010	211	Pulse	199	4596817	15230	0
gpl010	211	Response	32	4599937	18349	0
gpl010	212	Picture	fix2	4606788	0	1	16579	1	0	next	other	0
gpl010	212	Pulse	199	4606816	28	0
gpl010	212	Pulse	199	4616817	10029	0
gpl010	213	Picture	feedback	4623368	0	1	20061	1	0	next	other	0
gpl010	213	Pulse	199	4626817	3449	0
gpl010	213	Pulse	199	4636817	13449	0
gpl010	214	Picture	fix	4643429	0	1	37469	1	0	next	other	0
gpl010	214	Pulse	199	4646816	3388	0
gpl010	214	Pulse	199	4656817	13388	0
gpl010	214	Pulse	199	4666817	23388	0
gpl010	214	Pulse	199	4676816	33388	0
gpl010	216	Picture	stim	4680898	0	1	25035	1	0	25000	miss	0
gpl010	216	Pulse	199	4686817	5919	0
gpl010	216	Pulse	199	4696817	15919	0
gpl010	217	Picture	fix2	4706099	0	1	22051	1	0	next	other	0
gpl010	217	Pulse	199	4706817	718	0
gpl010	217	Pulse	199	4716817	10718	0
gpl010	217	Pulse	199	4726817	20718	0
gpl010	218	Picture	feedback	4728149	0	1	20061	1	0	next	other	0
gpl010	218	Pulse	199	4736817	8668	0
gpl010	218	Pulse	199	4746826	18677	0
gpl010	219	Picture	fix	4748210	0	1	21885	1	0	next	other	0
gpl010	219	Pulse	199	4756827	8617	0
gpl010	219	Pulse	199	4766827	18617	0
gpl010	221	Picture	stim	4770095	0	1	25035	1	0	25000	hit	619
gpl010	221	Pulse	199	4776817	6722	0
gpl010	221	Response	16	4778076	7982	0
gpl010	221	Pulse	199	4786826	16732	0
gpl010	222	Picture	fix2	4795130	0	1	16579	1	0	next	other	0
gpl010	222	Pulse	199	4796827	1698	0
gpl010	222	Pulse	199	4806827	11698	0
gpl010	223	Picture	feedback	4811709	0	1	20061	1	0	next	other	0
gpl010	223	Pulse	199	4816826	5117	0
gpl010	223	Pulse	199	4826827	15118	0
gpl010	224	Picture	fix	4831770	0	1	20393	1	0	next	other	0
gpl010	224	Pulse	199	4836827	5057	0
gpl010	224	Pulse	199	4846827	15057	0
gpl010	226	Picture	stim	4852162	0	1	25035	1	0	25000	incorrect	632
gpl010	226	Pulse	199	4856827	4665	0
gpl010	226	Response	32	4865577	13415	0
gpl010	226	Pulse	199	4866827	14664	0
gpl010	226	Pulse	199	4876827	24664	0
gpl010	227	Picture	fix2	4877197	0	1	14756	1	0	next	other	0
gpl010	227	Pulse	199	4886826	9629	0
gpl010	228	Picture	feedback	4891953	0	1	20061	1	0	next	other	0
gpl010	228	Pulse	199	4896827	4874	0
gpl010	228	Pulse	199	4906827	14874	0
gpl010	229	Picture	fix	4912014	0	1	23377	1	0	next	other	0
gpl010	229	Pulse	199	4916826	4813	0
gpl010	229	Pulse	199	4926827	14813	0
gpl010	231	Picture	stim	4935391	0	1	25035	1	0	25000	hit	645
gpl010	231	Pulse	199	4936827	1436	0
gpl010	231	Response	16	4945757	10366	0
gpl010	231	Pulse	199	4946826	11436	0
gpl010	231	Pulse	199	4956826	21436	0
gpl010	232	Picture	fix2	4960425	0	1	24372	1	0	next	other	0
gpl010	232	Pulse	199	4966827	6401	0
gpl010	232	Pulse	199	4976827	16401	0
gpl010	233	Picture	feedback	4984797	0	1	20061	1	0	next	other	0
gpl010	233	Pulse	199	4986826	2029	0
gpl010	233	Pulse	199	4996827	12030	0
gpl010	234	Picture	fix	5004858	0	1	33988	1	0	next	other	0
gpl010	234	Pulse	199	5006827	1969	0
gpl010	234	Pulse	199	5016827	11968	0
gpl010	234	Pulse	199	5026826	21968	0
gpl010	234	Pulse	199	5036827	31968	0
gpl010	236	Picture	stim	5038846	0	1	25035	1	0	25000	incorrect	662
gpl010	236	Pulse	199	5046827	7981	0
gpl010	236	Pulse	199	5056826	17980	0
gpl010	236	Response	32	5058766	19921	0
gpl010	237	Picture	fix2	5063881	0	1	15916	1	0	next	other	0
gpl010	237	Pulse	199	5066827	2946	0
gpl010	237	Pulse	199	5076827	12946	0
gpl010	238	Picture	feedback	5079797	0	1	20061	1	0	next	other	0
gpl010	238	Pulse	199	5086827	7030	0
gpl010	238	Pulse	199	5096826	17029	0
gpl010	239	Picture	fix	5099858	0	1	30838	1	0	next	other	0
gpl010	239	Pulse	199	5106827	6969	0
gpl010	239	Pulse	199	5116827	16969	0
gpl010	239	Pulse	199	5126826	26968	0
gpl010	241	Picture	stim	5130695	0	1	25035	1	0	25000	hit	676
gpl010	241	Pulse	199	5136827	6131	0
gpl010	241	Pulse	199	5146827	16132	0
gpl010	241	Response	16	5148747	18051	0
gpl010	242	Picture	fix2	5155730	0	1	23377	1	0	next	other	0
gpl010	242	Pulse	199	5156827	1096	0
gpl010	242	Pulse	199	5166826	11096	0
gpl010	242	Pulse	199	5176827	21096	0
gpl010	243	Picture	feedback	5179107	0	1	20061	1	0	next	other	0
gpl010	243	Pulse	199	5186827	7720	0
gpl010	243	Pulse	199	5196826	17719	0
gpl010	244	Picture	100	5199168	0	1	250000	183	0	250000	other	0
gpl010	244	Pulse	199	5206827	7659	0
gpl010	244	Pulse	199	5216827	17659	0
gpl010	244	Pulse	199	5226827	27659	0
gpl010	244	Pulse	199	5236827	37659	0
gpl010	244	Pulse	199	5246827	47659	0
gpl010	244	Pulse	199	5256827	57659	0
gpl010	244	Pulse	199	5266826	67658	0
gpl010	244	Pulse	199	5276827	77659	0
gpl010	244	Pulse	199	5286827	87659	0
gpl010	244	Pulse	199	5296826	97658	0
gpl010	244	Pulse	199	5306827	107659	0
gpl010	244	Pulse	199	5316827	117659	0
gpl010	244	Pulse	199	5326827	127659	0
gpl010	244	Pulse	199	5336826	137658	0
gpl010	244	Pulse	199	5346827	147659	0
gpl010	244	Pulse	199	5356827	157659	0
gpl010	244	Pulse	199	5366826	167658	0
gpl010	244	Pulse	199	5376827	177659	0
gpl010	244	Pulse	199	5386827	187659	0
gpl010	244	Pulse	199	5396827	197658	0
gpl010	244	Pulse	199	5406826	207658	0
gpl010	244	Pulse	199	5416827	217659	0
