Scenario - FBL_A.sce
Logfile written - 05/08/2021 11:42:56

Subject	Trial	Event Type	Code	Time	TTime	Uncertainty	Duration	Uncertainty	ReqTime	ReqDur	Stim Type	Pair Index

gpl010	1	Response	32	76980	66814	0
gpl010	2	Picture	start	77146	0	1	651070	1	0	next	other	0
gpl010	2	Response	16	121180	44034	0
gpl010	2	Response	16	122780	45634	0
gpl010	3	Response	16	391740	264582	0
gpl010	3	Response	16	393180	266023	0
gpl010	3	Pulse	199	728109	600951	0
gpl010	3	Pulse	199	738109	610951	0
gpl010	3	Pulse	199	748110	620952	0
gpl010	3	Pulse	199	758109	630952	0
gpl010	3	Pulse	199	768119	640961	0
gpl010	3	Pulse	199	778119	650961	0
gpl010	4	Picture	fix	778618	0	1	19066	1	0	next	other	0
gpl010	4	Pulse	199	788119	9501	0
gpl010	6	Picture	stim	797684	0	1	25035	1	0	25000	incorrect	18
gpl010	6	Pulse	199	798119	435	0
gpl010	6	Pulse	199	808118	10434	0
gpl010	6	Response	32	813009	15325	0
gpl010	6	Pulse	199	818118	20434	0
gpl010	7	Picture	fix2	822719	0	1	16579	1	0	next	other	0
gpl010	7	Pulse	199	828119	5400	0
gpl010	7	Pulse	199	838119	15400	0
gpl010	8	Picture	feedback	839298	0	1	20227	1	0	next	other	0
gpl010	8	Pulse	199	848119	8821	0
gpl010	8	Pulse	199	858119	18820	0
gpl010	9	Picture	fix	859525	0	1	23377	1	0	next	other	0
gpl010	9	Pulse	199	868119	8594	0
gpl010	9	Pulse	199	878119	18594	0
gpl010	11	Picture	stim	882902	0	1	25035	1	0	25000	incorrect	31
gpl010	11	Pulse	199	888119	5217	0
gpl010	11	Response	32	892649	9747	0
gpl010	11	Pulse	199	898119	15217	0
gpl010	12	Picture	fix2	907937	0	1	25864	1	0	next	other	0
gpl010	12	Pulse	199	908119	182	0
gpl010	12	Pulse	199	918119	10182	0
gpl010	12	Pulse	199	928119	20183	0
gpl010	13	Picture	feedback	933800	0	1	20393	1	0	next	other	0
gpl010	13	Pulse	199	938119	4319	0
gpl010	13	Pulse	199	948120	14319	0
gpl010	14	Picture	fix	954193	0	1	30009	1	0	next	other	0
gpl010	14	Pulse	199	958119	3926	0
gpl010	14	Pulse	199	968119	13926	0
gpl010	14	Pulse	199	978119	23926	0
gpl010	16	Picture	stim	984202	0	1	25035	1	0	25000	hit	47
gpl010	16	Pulse	199	988119	3918	0
gpl010	16	Pulse	199	998119	13918	0
gpl010	16	Response	16	1000439	16237	0
gpl010	16	Pulse	199	1008119	23918	0
gpl010	17	Picture	fix2	1009236	0	1	21719	1	0	next	other	0
gpl010	17	Pulse	199	1018120	8883	0
gpl010	17	Pulse	199	1028119	18883	0
gpl010	18	Picture	feedback	1030955	0	1	20393	1	0	next	other	0
gpl010	18	Pulse	199	1038119	7164	0
gpl010	18	Pulse	199	1048119	17163	0
gpl010	19	Picture	fix	1051348	0	1	19398	1	0	next	other	0
gpl010	19	Pulse	199	1058119	6771	0
gpl010	19	Pulse	199	1068119	16771	0
gpl010	21	Picture	stim	1070746	0	1	25035	1	0	25000	incorrect	60
gpl010	21	Pulse	199	1078119	7374	0
gpl010	21	Response	32	1081009	10263	0
gpl010	21	Pulse	199	1088119	17373	0
gpl010	22	Picture	fix2	1095780	0	1	26196	1	0	next	other	0
gpl010	22	Pulse	199	1098119	2339	0
gpl010	22	Pulse	199	1108119	12339	0
gpl010	22	Pulse	199	1118119	22338	0
gpl010	23	Picture	feedback	1121976	0	1	20393	1	0	next	other	0
gpl010	23	Pulse	199	1128119	6143	0
gpl010	23	Pulse	199	1138119	16143	0
gpl010	24	Picture	fix	1142369	0	1	22382	1	0	next	other	0
gpl010	24	Pulse	199	1148119	5751	0
gpl010	24	Pulse	199	1158119	15751	0
gpl010	26	Picture	stim	1164751	0	1	25035	1	0	25000	incorrect	74
gpl010	26	Pulse	199	1168119	3368	0
gpl010	26	Response	32	1176199	11448	0
gpl010	26	Pulse	199	1178119	13368	0
gpl010	26	Pulse	199	1188119	23368	0
gpl010	27	Picture	fix2	1189951	0	1	16414	1	0	next	other	0
gpl010	27	Pulse	199	1198119	8168	0
gpl010	28	Picture	feedback	1206365	0	1	20061	1	0	next	other	0
gpl010	28	Pulse	199	1208119	1755	0
gpl010	28	Pulse	199	1218119	11754	0
gpl010	29	Picture	fix	1226426	0	1	22216	1	0	next	other	0
gpl010	29	Pulse	199	1228119	1693	0
gpl010	29	Pulse	199	1238119	11693	0
gpl010	29	Pulse	199	1248119	21693	0
gpl010	31	Picture	stim	1248642	0	1	25035	1	0	25000	incorrect	89
gpl010	31	Pulse	199	1258119	9477	0
gpl010	31	Pulse	199	1268119	19477	0
gpl010	31	Response	32	1268200	19558	0
gpl010	32	Picture	fix2	1273843	0	1	11108	1	0	next	other	0
gpl010	32	Pulse	199	1278119	4277	0
gpl010	33	Picture	feedback	1284951	0	1	20393	1	0	next	other	0
gpl010	33	Pulse	199	1288119	3168	0
gpl010	33	Pulse	199	1298119	13168	0
gpl010	34	Picture	fix	1305343	0	1	29014	1	0	next	other	0
gpl010	34	Pulse	199	1308119	2776	0
gpl010	34	Pulse	199	1318119	12776	0
gpl010	34	Pulse	199	1328118	22775	0
gpl010	36	Picture	stim	1334357	0	1	25035	1	0	25000	incorrect	101
gpl010	36	Pulse	199	1338119	3762	0
gpl010	36	Response	32	1345939	11582	0
gpl010	36	Pulse	199	1348119	13762	0
gpl010	36	Pulse	199	1358119	23762	0
gpl010	37	Picture	fix2	1359392	0	1	16579	1	0	next	other	0
gpl010	37	Pulse	199	1368119	8727	0
gpl010	38	Picture	feedback	1375971	0	1	20061	1	0	next	other	0
gpl010	38	Pulse	199	1378119	2148	0
gpl010	38	Pulse	199	1388119	12148	0
gpl010	39	Picture	fix	1396032	0	1	30838	1	0	next	other	0
gpl010	39	Pulse	199	1398118	2086	0
gpl010	39	Pulse	199	1408119	12087	0
gpl010	39	Pulse	199	1418119	22087	0
gpl010	41	Picture	stim	1426870	0	1	25035	1	0	25000	incorrect	115
gpl010	41	Pulse	199	1428119	1249	0
gpl010	41	Response	32	1436169	9299	0
gpl010	41	Pulse	199	1438119	11249	0
gpl010	41	Pulse	199	1448119	21249	0
gpl010	42	Picture	fix2	1451905	0	1	24372	1	0	next	other	0
gpl010	42	Pulse	199	1458119	6214	0
gpl010	42	Pulse	199	1468118	16214	0
gpl010	43	Picture	feedback	1476276	0	1	20061	1	0	next	other	0
gpl010	43	Pulse	199	1478119	1843	0
gpl010	43	Pulse	199	1488119	11843	0
gpl010	44	Picture	fix	1496337	0	1	17408	1	0	next	other	0
gpl010	44	Pulse	199	1498119	1781	0
gpl010	44	Pulse	199	1508119	11782	0
gpl010	46	Picture	stim	1513746	0	1	25035	1	0	25000	hit	129
gpl010	46	Pulse	199	1518119	4374	0
gpl010	46	Response	16	1524059	10313	0
gpl010	46	Pulse	199	1528119	14373	0
gpl010	46	Pulse	199	1538119	24373	0
gpl010	47	Picture	fix2	1538946	0	1	18072	1	0	next	other	0
gpl010	47	Pulse	199	1548119	9173	0
gpl010	48	Picture	feedback	1557018	0	1	20061	1	0	next	other	0
gpl010	48	Pulse	199	1558119	1101	0
gpl010	48	Pulse	199	1568118	11101	0
gpl010	49	Picture	fix	1577079	0	1	37469	1	0	next	other	0
gpl010	49	Pulse	199	1578119	1040	0
gpl010	49	Pulse	199	1588119	11041	0
gpl010	49	Pulse	199	1598119	21040	0
gpl010	49	Pulse	199	1608119	31040	0
gpl010	51	Picture	stim	1614548	0	1	25035	1	0	25000	incorrect	145
gpl010	51	Pulse	199	1618119	3571	0
gpl010	51	Pulse	199	1628119	13571	0
gpl010	51	Response	32	1629328	14780	0
gpl010	51	Pulse	199	1638119	23571	0
gpl010	52	Picture	fix2	1639583	0	1	15916	1	0	next	other	0
gpl010	52	Pulse	199	1648119	8536	0
gpl010	53	Picture	feedback	1655499	0	1	20061	1	0	next	other	0
gpl010	53	Pulse	199	1658119	2620	0
gpl010	53	Pulse	199	1668119	12620	0
gpl010	54	Picture	fix	1675560	0	1	17740	1	0	next	other	0
gpl010	54	Pulse	199	1678119	2559	0
gpl010	54	Pulse	199	1688119	12559	0
gpl010	56	Picture	stim	1693300	0	1	25035	1	0	25000	incorrect	157
gpl010	56	Pulse	199	1698119	4819	0
gpl010	56	Response	32	1704219	10919	0
gpl010	56	Pulse	199	1708118	14818	0
gpl010	56	Pulse	199	1718119	24819	0
gpl010	57	Picture	fix2	1718335	0	1	26361	1	0	next	other	0
gpl010	57	Pulse	199	1728119	9784	0
gpl010	57	Pulse	199	1738119	19784	0
gpl010	58	Picture	feedback	1744696	0	1	20061	1	0	next	other	0
gpl010	58	Pulse	199	1748118	3422	0
gpl010	58	Pulse	199	1758119	13423	0
gpl010	59	Picture	fix	1764757	0	1	16248	1	0	next	other	0
gpl010	59	Pulse	199	1768119	3362	0
gpl010	59	Pulse	199	1778119	13362	0
gpl010	61	Picture	stim	1781005	0	1	25035	1	0	25000	hit	171
gpl010	61	Pulse	199	1788119	7114	0
gpl010	61	Response	16	1789858	8854	0
gpl010	61	Pulse	199	1798119	17114	0
gpl010	62	Picture	fix2	1806205	0	1	16745	1	0	next	other	0
gpl010	62	Pulse	199	1808119	1914	0
gpl010	62	Pulse	199	1818118	11913	0
gpl010	63	Picture	feedback	1822950	0	1	20061	1	0	next	other	0
gpl010	63	Pulse	199	1828119	5169	0
gpl010	63	Pulse	199	1838119	15169	0
gpl010	64	Picture	fix	1843011	0	1	27356	1	0	next	other	0
gpl010	64	Pulse	199	1848118	5107	0
gpl010	64	Pulse	199	1858119	15108	0
gpl010	64	Pulse	199	1868119	25108	0
gpl010	66	Picture	stim	1870367	0	1	25035	1	0	25000	incorrect	185
gpl010	66	Pulse	199	1878119	7751	0
gpl010	66	Response	32	1880319	9951	0
gpl010	66	Pulse	199	1888119	17752	0
gpl010	67	Picture	fix2	1895402	0	1	20061	1	0	next	other	0
gpl010	67	Pulse	199	1898119	2717	0
gpl010	67	Pulse	199	1908119	12717	0
gpl010	68	Picture	feedback	1915463	0	1	20061	1	0	next	other	0
gpl010	68	Pulse	199	1918118	2655	0
gpl010	68	Pulse	199	1928119	12656	0
gpl010	69	Picture	fix	1935524	0	1	28848	1	0	next	other	0
gpl010	69	Pulse	199	1938119	2595	0
gpl010	69	Pulse	199	1948119	12595	0
gpl010	69	Pulse	199	1958119	22595	0
gpl010	71	Picture	stim	1964372	0	1	25035	1	0	25000	incorrect	199
gpl010	71	Pulse	199	1968119	3747	0
gpl010	71	Response	32	1973848	9476	0
gpl010	71	Pulse	199	1978119	13747	0
gpl010	71	Pulse	199	1988119	23746	0
gpl010	72	Picture	fix2	1989573	0	1	17906	1	0	next	other	0
gpl010	72	Pulse	199	1998119	8546	0
gpl010	73	Picture	feedback	2007478	0	1	20061	1	0	next	other	0
gpl010	73	Pulse	199	2008119	641	0
gpl010	73	Pulse	199	2018118	10640	0
gpl010	74	Picture	fix	2027539	0	1	22714	1	0	next	other	0
gpl010	74	Pulse	199	2028119	580	0
gpl010	74	Pulse	199	2038119	10580	0
gpl010	74	Pulse	199	2048119	20580	0
gpl010	76	Picture	stim	2050253	0	1	25035	1	0	25000	incorrect	214
gpl010	76	Pulse	199	2058118	7865	0
gpl010	76	Pulse	199	2068119	17866	0
gpl010	76	Response	32	2068259	18006	0
gpl010	77	Picture	fix2	2075288	0	1	25864	1	0	next	other	0
gpl010	77	Pulse	199	2078119	2831	0
gpl010	77	Pulse	199	2088119	12831	0
gpl010	77	Pulse	199	2098119	22831	0
gpl010	78	Picture	feedback	2101152	0	1	20061	1	0	next	other	0
gpl010	78	Pulse	199	2108119	6967	0
gpl010	78	Pulse	199	2118119	16967	0
gpl010	79	Picture	fix	2121212	0	1	31169	1	0	next	other	0
gpl010	79	Pulse	199	2128119	6906	0
gpl010	79	Pulse	199	2138119	16906	0
gpl010	79	Pulse	199	2148119	26907	0
gpl010	81	Picture	stim	2152382	0	1	25035	1	0	25000	hit	229
gpl010	81	Pulse	199	2158119	5737	0
gpl010	81	Pulse	199	2168119	15737	0
gpl010	81	Response	16	2170538	18157	0
gpl010	82	Picture	fix2	2177582	0	1	20558	1	0	next	other	0
gpl010	82	Pulse	199	2178119	537	0
gpl010	82	Pulse	199	2188119	10536	0
gpl010	82	Pulse	199	2198119	20536	0
gpl010	83	Picture	feedback	2198141	0	1	20061	1	0	next	other	0
gpl010	83	Pulse	199	2208119	9978	0
gpl010	83	Pulse	199	2218119	19978	0
gpl010	84	Picture	fix	2218202	0	1	35977	1	0	next	other	0
gpl010	84	Pulse	199	2228119	9917	0
gpl010	84	Pulse	199	2238119	19917	0
gpl010	84	Pulse	199	2248119	29917	0
gpl010	86	Picture	stim	2254179	0	1	25035	1	0	25000	incorrect	244
gpl010	86	Pulse	199	2258118	3939	0
gpl010	86	Pulse	199	2268119	13940	0
gpl010	86	Response	32	2270118	15939	0
gpl010	86	Pulse	199	2278119	23940	0
gpl010	87	Picture	fix2	2279214	0	1	24206	1	0	next	other	0
gpl010	87	Pulse	199	2288119	8905	0
gpl010	87	Pulse	199	2298118	18904	0
gpl010	88	Picture	feedback	2303420	0	1	20061	1	0	next	other	0
gpl010	88	Pulse	199	2308119	4699	0
gpl010	88	Pulse	199	2318119	14699	0
gpl010	89	Picture	fix	2323481	0	1	33324	1	0	next	other	0
gpl010	89	Pulse	199	2328118	4638	0
gpl010	89	Pulse	199	2338119	14638	0
gpl010	89	Pulse	199	2348119	24638	0
gpl010	91	Picture	stim	2356805	0	1	25035	1	0	25000	incorrect	259
gpl010	91	Pulse	199	2358119	1314	0
gpl010	91	Pulse	199	2368119	11314	0
gpl010	91	Response	32	2372408	15603	0
gpl010	91	Pulse	199	2378119	21314	0
gpl010	92	Picture	fix2	2381840	0	1	29345	1	0	next	other	0
gpl010	92	Pulse	199	2388119	6279	0
gpl010	92	Pulse	199	2398118	16278	0
gpl010	92	Pulse	199	2408119	26279	0
gpl010	93	Picture	feedback	2411185	0	1	20061	1	0	next	other	0
gpl010	93	Pulse	199	2418119	6934	0
gpl010	93	Pulse	199	2428119	16934	0
gpl010	94	Picture	fix	2431246	0	1	26361	1	0	next	other	0
gpl010	94	Pulse	199	2438119	6872	0
gpl010	94	Pulse	199	2448119	16873	0
gpl010	96	Picture	stim	2457607	0	1	25035	1	0	25000	incorrect	275
gpl010	96	Pulse	199	2458119	512	0
gpl010	96	Pulse	199	2468118	10511	0
gpl010	96	Pulse	199	2478119	20512	0
gpl010	96	Response	32	2480968	23361	0
gpl010	97	Picture	fix2	2482642	0	1	14756	1	0	next	other	0
gpl010	97	Pulse	199	2488119	5477	0
gpl010	98	Picture	feedback	2497398	0	1	20061	1	0	next	other	0
gpl010	98	Pulse	199	2498119	721	0
gpl010	98	Pulse	199	2508128	10730	0
gpl010	99	Picture	fix	2517459	0	1	24703	1	0	next	other	0
gpl010	99	Pulse	199	2518129	670	0
gpl010	99	Pulse	199	2528129	10670	0
gpl010	99	Pulse	199	2538128	20669	0
gpl010	101	Picture	stim	2542162	0	1	25035	1	0	25000	hit	287
gpl010	101	Pulse	199	2548129	5967	0
gpl010	101	Response	16	2554829	12667	0
gpl010	101	Pulse	199	2558128	15966	0
gpl010	102	Picture	fix2	2567363	0	1	13263	1	0	next	other	0
gpl010	102	Pulse	199	2568129	766	0
gpl010	102	Pulse	199	2578128	10766	0
gpl010	103	Picture	feedback	2580626	0	1	20061	1	0	next	other	0
gpl010	103	Pulse	199	2588129	7503	0
gpl010	103	Pulse	199	2598129	17503	0
gpl010	104	Picture	fix	2600687	0	1	29345	1	0	next	other	0
gpl010	104	Pulse	199	2608128	7441	0
gpl010	104	Pulse	199	2618129	17442	0
gpl010	104	Pulse	199	2628129	27442	0
gpl010	106	Picture	stim	2630032	0	1	25035	1	0	25000	incorrect	300
gpl010	106	Response	32	2637938	7906	0
gpl010	106	Pulse	199	2638128	8096	0
gpl010	106	Pulse	199	2648129	18096	0
gpl010	107	Picture	fix2	2655067	0	1	21553	1	0	next	other	0
gpl010	107	Pulse	199	2658129	3061	0
gpl010	107	Pulse	199	2668129	13062	0
gpl010	108	Picture	feedback	2676620	0	1	20061	1	0	next	other	0
gpl010	108	Pulse	199	2678128	1508	0
gpl010	108	Pulse	199	2688129	11508	0
gpl010	109	Picture	fix	2696681	0	1	24703	1	0	next	other	0
gpl010	109	Pulse	199	2698129	1448	0
gpl010	109	Pulse	199	2708128	11447	0
gpl010	109	Pulse	199	2718129	21448	0
gpl010	111	Picture	stim	2721385	0	1	25035	1	0	25000	incorrect	315
gpl010	111	Pulse	199	2728129	6744	0
gpl010	111	Response	32	2731129	9744	0
gpl010	111	Pulse	199	2738129	16744	0
gpl010	112	Picture	fix2	2746419	0	1	27687	1	0	next	other	0
gpl010	112	Pulse	199	2748128	1709	0
gpl010	112	Pulse	199	2758129	11710	0
gpl010	112	Pulse	199	2768129	21709	0
gpl010	113	Picture	feedback	2774107	0	1	20061	1	0	next	other	0
gpl010	113	Pulse	199	2778128	4021	0
gpl010	113	Pulse	199	2788129	14022	0
gpl010	114	Picture	fix	2794168	0	1	21885	1	0	next	other	0
gpl010	114	Pulse	199	2798129	3961	0
gpl010	114	Pulse	199	2808129	13961	0
gpl010	116	Picture	stim	2816053	0	1	25035	1	0	25000	incorrect	329
gpl010	116	Pulse	199	2818128	2075	0
gpl010	116	Response	32	2824189	8136	0
gpl010	116	Pulse	199	2828129	12076	0
gpl010	116	Pulse	199	2838129	22076	0
gpl010	117	Picture	fix2	2841087	0	1	21388	1	0	next	other	0
gpl010	117	Pulse	199	2848128	7041	0
gpl010	117	Pulse	199	2858129	17042	0
gpl010	118	Picture	feedback	2862475	0	1	20061	1	0	next	other	0
gpl010	118	Pulse	199	2868129	5654	0
gpl010	118	Pulse	199	2878129	15654	0
gpl010	119	Picture	fix	2882536	0	1	29180	1	0	next	other	0
gpl010	119	Pulse	199	2888129	5593	0
gpl010	119	Pulse	199	2898129	15593	0
gpl010	119	Pulse	199	2908129	25593	0
gpl010	121	Picture	stim	2911715	0	1	25035	1	0	25000	hit	344
gpl010	121	Pulse	199	2918129	6413	0
gpl010	121	Response	16	2922438	10723	0
gpl010	121	Pulse	199	2928129	16413	0
gpl010	122	Picture	fix2	2936916	0	1	17243	1	0	next	other	0
gpl010	122	Pulse	199	2938129	1213	0
gpl010	122	Pulse	199	2948129	11213	0
gpl010	123	Picture	feedback	2954159	0	1	20061	1	0	next	other	0
gpl010	123	Pulse	199	2958129	3970	0
gpl010	123	Pulse	199	2968129	13970	0
gpl010	124	Picture	fix	2974219	0	1	28516	1	0	next	other	0
gpl010	124	Pulse	199	2978129	3909	0
gpl010	124	Pulse	199	2988128	13909	0
gpl010	124	Pulse	199	2998129	23909	0
gpl010	126	Picture	stim	3002736	0	1	25035	1	0	25000	miss	0
gpl010	126	Pulse	199	3008129	5393	0
gpl010	126	Pulse	199	3018128	15392	0
gpl010	127	Picture	fix2	3027937	0	1	22548	1	0	next	other	0
gpl010	127	Pulse	199	3028129	192	0
gpl010	127	Response	16	3028958	1021	0
gpl010	127	Pulse	199	3038129	10192	0
gpl010	127	Pulse	199	3048129	20192	0
gpl010	128	Picture	feedback	3050484	0	1	20061	1	0	next	other	0
gpl010	128	Pulse	199	3058128	7644	0
gpl010	128	Pulse	199	3068129	17644	0
gpl010	129	Picture	fix	3070545	0	1	26859	1	0	next	other	0
gpl010	129	Pulse	199	3078129	7583	0
gpl010	129	Pulse	199	3088128	17583	0
gpl010	131	Picture	stim	3097404	0	1	25035	1	0	25000	incorrect	372
gpl010	131	Pulse	199	3098129	725	0
gpl010	131	Response	32	3106199	8795	0
gpl010	131	Pulse	199	3108128	10724	0
gpl010	131	Pulse	199	3118129	20725	0
gpl010	132	Picture	fix2	3122605	0	1	16082	1	0	next	other	0
gpl010	132	Pulse	199	3128128	5524	0
gpl010	132	Pulse	199	3138129	15524	0
gpl010	133	Picture	feedback	3138687	0	1	20061	1	0	next	other	0
gpl010	133	Pulse	199	3148129	9442	0
gpl010	133	Pulse	199	3158128	19441	0
gpl010	134	Picture	fix	3158748	0	1	21387	1	0	next	other	0
gpl010	134	Pulse	199	3168129	9381	0
gpl010	134	Pulse	199	3178129	19381	0
gpl010	136	Picture	stim	3180135	0	1	25035	1	0	25000	hit	386
gpl010	136	Pulse	199	3188129	7994	0
gpl010	136	Response	16	3189078	8944	0
gpl010	136	Pulse	199	3198128	17993	0
gpl010	137	Picture	fix2	3205335	0	1	15916	1	0	next	other	0
gpl010	137	Pulse	199	3208129	2793	0
gpl010	137	Pulse	199	3218129	12793	0
gpl010	138	Picture	feedback	3221252	0	1	20061	1	0	next	other	0
gpl010	138	Pulse	199	3228128	6876	0
gpl010	138	Pulse	199	3238129	16877	0
gpl010	139	Picture	fix	3241313	0	1	26527	1	0	next	other	0
gpl010	139	Pulse	199	3248129	6816	0
gpl010	139	Pulse	199	3258129	16816	0
gpl010	141	Picture	stim	3267840	0	1	25035	1	0	25000	incorrect	399
gpl010	141	Pulse	199	3268129	289	0
gpl010	141	Response	32	3276269	8429	0
gpl010	141	Pulse	199	3278128	10289	0
gpl010	141	Pulse	199	3288129	20289	0
gpl010	142	Picture	fix2	3292874	0	1	18569	2	0	next	other	0
gpl010	142	Pulse	199	3298128	5254	0
gpl010	142	Pulse	199	3308129	15254	0
gpl010	143	Picture	feedback	3311443	0	2	20061	2	0	next	other	0
gpl010	143	Pulse	199	3318129	6686	0
gpl010	143	Pulse	199	3328128	16685	0
gpl010	144	Picture	fix	3331504	0	1	28019	1	0	next	other	0
gpl010	144	Pulse	199	3338129	6625	0
gpl010	144	Pulse	199	3348129	16624	0
gpl010	144	Pulse	199	3358129	26625	0
gpl010	146	Picture	stim	3359523	0	1	25035	1	0	25000	hit	414
gpl010	146	Pulse	199	3368128	8605	0
gpl010	146	Response	16	3374399	14876	0
gpl010	146	Pulse	199	3378128	18605	0
gpl010	147	Picture	fix2	3384558	0	1	9118	1	0	next	other	0
gpl010	147	Pulse	199	3388129	3571	0
gpl010	148	Picture	feedback	3393677	0	1	20061	1	0	next	other	0
gpl010	148	Pulse	199	3398128	4452	0
gpl010	148	Pulse	199	3408129	14452	0
gpl010	149	Picture	fix	3413738	0	1	23708	1	0	next	other	0
gpl010	149	Pulse	199	3418129	4391	0
gpl010	149	Pulse	199	3428128	14391	0
gpl010	151	Picture	stim	3437446	0	1	25035	1	0	25000	hit	426
gpl010	151	Pulse	199	3438128	682	0
gpl010	151	Response	16	3445869	8423	0
gpl010	151	Pulse	199	3448128	10682	0
gpl010	151	Pulse	199	3458129	20683	0
gpl010	152	Picture	fix2	3462481	0	1	22202	181	0	next	other	0
gpl010	152	Pulse	199	3468128	5647	0
gpl010	152	Pulse	199	3478129	15648	0
gpl010	153	Picture	feedback	3484683	0	181	20076	181	0	next	other	0
gpl010	153	Pulse	199	3488128	3446	0
gpl010	153	Pulse	199	3498128	13446	0
gpl010	154	Picture	fix	3504758	0	1	22051	1	0	next	other	0
gpl010	154	Pulse	199	3508128	3370	0
gpl010	154	Pulse	199	3518128	13370	0
gpl010	156	Picture	stim	3526809	0	1	25035	1	0	25000	hit	441
gpl010	156	Pulse	199	3528128	1320	0
gpl010	156	Pulse	199	3538128	11320	0
gpl010	156	Response	16	3539268	12459	0
gpl010	156	Pulse	199	3548128	21320	0
gpl010	157	Picture	fix2	3551844	0	1	22051	1	0	next	other	0
gpl010	157	Pulse	199	3558128	6285	0
gpl010	157	Pulse	199	3568128	16285	0
gpl010	158	Picture	feedback	3573894	0	1	20061	1	0	next	other	0
gpl010	158	Pulse	199	3578129	4234	0
gpl010	158	Pulse	199	3588128	14234	0
gpl010	159	Picture	fix	3593955	0	1	20393	1	0	next	other	0
gpl010	159	Pulse	199	3598129	4173	0
gpl010	159	Pulse	199	3608128	14173	0
gpl010	161	Picture	stim	3614348	0	1	25035	1	0	25000	hit	454
gpl010	161	Pulse	199	3618128	3781	0
gpl010	161	Response	16	3624548	10200	0
gpl010	161	Pulse	199	3628128	13780	0
gpl010	161	Pulse	199	3638128	23781	0
gpl010	162	Picture	fix2	3639548	0	1	12932	1	0	next	other	0
gpl010	162	Pulse	199	3648128	8580	0
gpl010	163	Picture	feedback	3652480	0	1	20226	2	0	next	other	0
gpl010	163	Pulse	199	3658128	5648	0
gpl010	163	Pulse	199	3668128	15648	0
gpl010	164	Picture	fix	3672706	0	1	33988	2	0	next	other	0
gpl010	164	Pulse	199	3678128	5422	0
gpl010	164	Pulse	199	3688129	15422	0
gpl010	164	Pulse	199	3698129	25423	0
gpl010	166	Picture	stim	3706695	0	1	25035	1	0	25000	hit	469
gpl010	166	Pulse	199	3708128	1434	0
gpl010	166	Pulse	199	3718128	11434	0
gpl010	166	Response	16	3719827	13133	0
gpl010	166	Pulse	199	3728129	21434	0
gpl010	167	Picture	fix2	3731895	0	1	21885	1	0	next	other	0
gpl010	167	Pulse	199	3738128	6233	0
gpl010	167	Pulse	199	3748128	16232	0
gpl010	168	Picture	feedback	3753780	0	1	20061	1	0	next	other	0
gpl010	168	Pulse	199	3758128	4348	0
gpl010	168	Pulse	199	3768128	14348	0
gpl010	169	Picture	fix	3773841	0	1	29677	1	0	next	other	0
gpl010	169	Pulse	199	3778128	4287	0
gpl010	169	Pulse	199	3788128	14287	0
gpl010	169	Pulse	199	3798129	24288	0
gpl010	171	Picture	stim	3803518	0	1	25035	1	0	25000	incorrect	483
gpl010	171	Pulse	199	3808129	4611	0
gpl010	171	Response	32	3814299	10781	0
gpl010	171	Pulse	199	3818128	14610	0
gpl010	171	Pulse	199	3828128	24610	0
gpl010	172	Picture	fix2	3828553	0	1	15253	1	0	next	other	0
gpl010	172	Pulse	199	3838128	9575	0
gpl010	173	Picture	feedback	3843806	0	1	20061	1	0	next	other	0
gpl010	173	Pulse	199	3848128	4322	0
gpl010	173	Pulse	199	3858129	14323	0
gpl010	174	Picture	fix	3863867	0	1	23377	1	0	next	other	0
gpl010	174	Pulse	199	3868129	4262	0
gpl010	174	Pulse	199	3878128	14261	0
gpl010	176	Picture	stim	3887243	0	1	25035	1	0	25000	hit	497
gpl010	176	Pulse	199	3888128	884	0
gpl010	176	Pulse	199	3898129	10885	0
gpl010	176	Response	16	3898588	11345	0
gpl010	176	Pulse	199	3908128	20885	0
gpl010	177	Picture	fix2	3912278	0	1	23543	1	0	next	other	0
gpl010	177	Pulse	199	3918128	5849	0
gpl010	177	Pulse	199	3928129	15850	0
gpl010	178	Picture	feedback	3935821	0	1	20061	1	0	next	other	0
gpl010	178	Pulse	199	3938129	2308	0
gpl010	178	Pulse	199	3948128	12307	0
gpl010	179	Picture	fix	3955882	0	1	23543	1	0	next	other	0
gpl010	179	Pulse	199	3958128	2246	0
gpl010	179	Pulse	199	3968129	12247	0
gpl010	179	Pulse	199	3978129	22247	0
gpl010	181	Picture	stim	3979425	0	1	25035	1	0	25000	incorrect	511
gpl010	181	Pulse	199	3988128	8703	0
gpl010	181	Response	32	3990938	11513	0
gpl010	181	Pulse	199	3998129	18704	0
gpl010	182	Picture	fix2	4004459	0	1	23377	1	0	next	other	0
gpl010	182	Pulse	199	4008129	3669	0
gpl010	182	Pulse	199	4018129	13669	0
gpl010	183	Picture	feedback	4027836	0	1	20061	1	0	next	other	0
gpl010	183	Pulse	199	4028128	292	0
gpl010	183	Pulse	199	4038129	10292	0
gpl010	184	Picture	fix	4047897	0	1	26859	1	0	next	other	0
gpl010	184	Pulse	199	4048129	231	0
gpl010	184	Pulse	199	4058128	10231	0
gpl010	184	Pulse	199	4068129	20231	0
gpl010	186	Picture	stim	4074756	0	1	25035	1	0	25000	hit	526
gpl010	186	Pulse	199	4078128	3373	0
gpl010	186	Pulse	199	4088128	13372	0
gpl010	186	Response	16	4089788	15032	0
gpl010	186	Pulse	199	4098128	23372	0
gpl010	187	Picture	fix2	4099791	0	1	21387	1	0	next	other	0
gpl010	187	Pulse	199	4108129	8338	0
gpl010	187	Pulse	199	4118129	18338	0
gpl010	188	Picture	feedback	4121178	0	1	20061	1	0	next	other	0
gpl010	188	Pulse	199	4128128	6950	0
gpl010	188	Pulse	199	4138129	16951	0
gpl010	189	Picture	fix	4141239	0	1	28848	1	0	next	other	0
gpl010	189	Pulse	199	4148129	6890	0
gpl010	189	Pulse	199	4158128	16889	0
gpl010	189	Pulse	199	4168129	26890	0
gpl010	191	Picture	stim	4170087	0	1	25035	1	0	25000	incorrect	540
gpl010	191	Pulse	199	4178128	8041	0
gpl010	191	Response	32	4178448	8361	0
gpl010	191	Pulse	199	4188129	18042	0
gpl010	192	Picture	fix2	4195122	0	1	20393	1	0	next	other	0
gpl010	192	Pulse	199	4198128	3006	0
gpl010	192	Pulse	199	4208129	13007	0
gpl010	193	Picture	feedback	4215514	0	1	20061	1	0	next	other	0
gpl010	193	Pulse	199	4218128	2614	0
gpl010	193	Pulse	199	4228128	12613	0
gpl010	194	Picture	fix	4235575	0	1	25201	1	0	next	other	0
gpl010	194	Pulse	199	4238138	2563	0
gpl010	194	Pulse	199	4248138	12563	0
gpl010	194	Pulse	199	4258138	22563	0
gpl010	196	Picture	stim	4260776	0	1	25035	1	0	25000	incorrect	554
gpl010	196	Pulse	199	4268138	7362	0
gpl010	196	Response	32	4274879	14103	0
gpl010	196	Pulse	199	4278138	17362	0
gpl010	197	Picture	fix2	4285811	0	1	16414	1	0	next	other	0
gpl010	197	Pulse	199	4288138	2327	0
gpl010	197	Pulse	199	4298138	12327	0
gpl010	198	Picture	feedback	4302224	0	1	20061	1	0	next	other	0
gpl010	198	Pulse	199	4308138	5914	0
gpl010	198	Pulse	199	4318138	15914	0
gpl010	199	Picture	fix	4322285	0	1	20227	1	0	next	other	0
gpl010	199	Pulse	199	4328138	5853	0
gpl010	199	Pulse	199	4338138	15852	0
gpl010	201	Picture	stim	4342512	0	1	25035	1	0	25000	hit	567
gpl010	201	Pulse	199	4348138	5626	0
gpl010	201	Response	16	4356448	13936	0
gpl010	201	Pulse	199	4358138	15626	0
gpl010	202	Picture	fix2	4367547	0	1	14590	1	0	next	other	0
gpl010	202	Pulse	199	4368138	591	0
gpl010	202	Pulse	199	4378138	10591	0
gpl010	203	Picture	feedback	4382137	0	1	20061	1	0	next	other	0
gpl010	203	Pulse	199	4388138	6001	0
gpl010	203	Pulse	199	4398138	16001	0
gpl010	204	Picture	fix	4402198	0	1	20061	1	0	next	other	0
gpl010	204	Pulse	199	4408138	5940	0
gpl010	204	Pulse	199	4418138	15941	0
gpl010	206	Picture	stim	4422259	0	1	25035	1	0	25000	incorrect	580
gpl010	206	Pulse	199	4428138	5880	0
gpl010	206	Response	32	4430608	8349	0
gpl010	206	Pulse	199	4438138	15879	0
gpl010	207	Picture	fix2	4447294	0	1	21387	1	0	next	other	0
gpl010	207	Pulse	199	4448139	845	0
gpl010	207	Pulse	199	4458139	10845	0
gpl010	207	Pulse	199	4468138	20845	0
gpl010	208	Picture	feedback	4468681	0	1	20061	1	0	next	other	0
gpl010	208	Pulse	199	4478138	9457	0
gpl010	208	Pulse	199	4488139	19458	0
gpl010	209	Picture	fix	4488742	0	1	24537	1	0	next	other	0
gpl010	209	Pulse	199	4498138	9397	0
gpl010	209	Pulse	199	4508138	19396	0
gpl010	211	Picture	stim	4513279	0	1	25035	1	0	25000	hit	594
gpl010	211	Pulse	199	4518138	4859	0
gpl010	211	Response	16	4522317	9038	0
gpl010	211	Pulse	199	4528138	14859	0
gpl010	211	Pulse	199	4538138	24859	0
gpl010	212	Picture	fix2	4538314	0	1	11606	1	0	next	other	0
gpl010	212	Pulse	199	4548139	9825	0
gpl010	213	Picture	feedback	4549920	0	1	20061	1	0	next	other	0
gpl010	213	Pulse	199	4558138	8219	0
gpl010	213	Pulse	199	4568138	18219	0
gpl010	214	Picture	fix	4569981	0	1	18569	1	0	next	other	0
gpl010	214	Pulse	199	4578138	8157	0
gpl010	214	Pulse	199	4588138	18158	0
gpl010	216	Picture	stim	4588550	0	1	25035	1	0	25000	incorrect	607
gpl010	216	Pulse	199	4598138	9589	0
gpl010	216	Response	32	4598558	10008	0
gpl010	216	Pulse	199	4608138	19588	0
gpl010	217	Picture	fix2	4613584	0	1	16082	1	0	next	other	0
gpl010	217	Pulse	199	4618138	4554	0
gpl010	217	Pulse	199	4628138	14554	0
gpl010	218	Picture	feedback	4629666	0	1	20061	1	0	next	other	0
gpl010	218	Pulse	199	4638138	8472	0
gpl010	218	Pulse	199	4648138	18472	0
gpl010	219	Picture	fix	4649727	0	1	32164	1	0	next	other	0
gpl010	219	Pulse	199	4658138	8411	0
gpl010	219	Pulse	199	4668138	18411	0
gpl010	219	Pulse	199	4678138	28410	0
gpl010	221	Picture	stim	4681891	0	1	25035	1	0	25000	hit	621
gpl010	221	Pulse	199	4688138	6247	0
gpl010	221	Response	16	4693408	11517	0
gpl010	221	Pulse	199	4698138	16247	0
gpl010	222	Picture	fix2	4706926	0	1	18071	1	0	next	other	0
gpl010	222	Pulse	199	4708138	1212	0
gpl010	222	Pulse	199	4718138	11212	0
gpl010	223	Picture	feedback	4724997	0	1	20061	1	0	next	other	0
gpl010	223	Pulse	199	4728138	3141	0
gpl010	223	Pulse	199	4738138	13141	0
gpl010	224	Picture	fix	4745058	0	1	25366	1	0	next	other	0
gpl010	224	Pulse	199	4748137	3079	0
gpl010	224	Pulse	199	4758138	13080	0
gpl010	224	Pulse	199	4768138	23080	0
gpl010	226	Picture	stim	4770425	0	1	25035	1	0	25000	incorrect	634
gpl010	226	Response	32	4777628	7203	0
gpl010	226	Pulse	199	4778138	7713	0
gpl010	226	Pulse	199	4788138	17713	0
gpl010	227	Picture	fix2	4795460	0	1	10777	1	0	next	other	0
gpl010	227	Pulse	199	4798138	2679	0
gpl010	228	Picture	feedback	4806236	0	1	20061	1	0	next	other	0
gpl010	228	Pulse	199	4808138	1902	0
gpl010	228	Pulse	199	4818138	11902	0
gpl010	229	Picture	fix	4826297	0	1	26030	1	0	next	other	0
gpl010	229	Pulse	199	4828138	1841	0
gpl010	229	Pulse	199	4838138	11841	0
gpl010	229	Pulse	199	4848138	21841	0
gpl010	231	Picture	stim	4852327	0	1	25035	1	0	25000	incorrect	648
gpl010	231	Pulse	199	4858138	5811	0
gpl010	231	Response	32	4867568	15242	0
gpl010	231	Pulse	199	4868138	15811	0
gpl010	232	Picture	fix2	4877362	0	1	13927	1	0	next	other	0
gpl010	232	Pulse	199	4878138	777	0
gpl010	232	Pulse	199	4888137	10776	0
gpl010	233	Picture	feedback	4891288	0	1	20061	1	0	next	other	0
gpl010	233	Pulse	199	4898138	6850	0
gpl010	233	Pulse	199	4908138	16850	0
gpl010	234	Picture	fix	4911349	0	1	26859	1	0	next	other	0
gpl010	234	Pulse	199	4918138	6788	0
gpl010	234	Pulse	199	4928138	16789	0
gpl010	235	Pulse	199	4938138	88	0
gpl010	236	Picture	stim	4938208	0	1	25035	1	0	25000	hit	661
gpl010	236	Response	16	4946507	8300	0
gpl010	236	Pulse	199	4948137	9930	0
gpl010	236	Pulse	199	4958137	19929	0
gpl010	237	Picture	fix2	4963408	0	1	29014	1	0	next	other	0
gpl010	237	Pulse	199	4968138	4730	0
gpl010	237	Pulse	199	4978138	14730	0
gpl010	237	Pulse	199	4988137	24729	0
gpl010	238	Picture	feedback	4992422	0	1	20061	1	0	next	other	0
gpl010	238	Pulse	199	4998138	5716	0
gpl010	238	Pulse	199	5008138	15716	0
gpl010	239	Picture	fix	5012483	0	1	28517	1	0	next	other	0
gpl010	239	Pulse	199	5018138	5655	0
gpl010	239	Pulse	199	5028137	15654	0
gpl010	239	Pulse	199	5038138	25655	0
gpl010	241	Picture	stim	5041000	0	1	25035	1	0	25000	incorrect	677
gpl010	241	Pulse	199	5048138	7138	0
gpl010	241	Response	32	5051198	10198	0
gpl010	241	Pulse	199	5058137	17138	0
gpl010	242	Picture	fix2	5066034	0	1	14092	1	0	next	other	0
gpl010	242	Pulse	199	5068138	2103	0
gpl010	242	Pulse	199	5078138	12103	0
gpl010	243	Picture	feedback	5080127	0	1	20061	1	0	next	other	0
gpl010	243	Pulse	199	5088138	8011	0
gpl010	243	Pulse	199	5098138	18011	0
gpl010	244	Picture	100	5100188	0	1	250000	183	0	250000	other	0
gpl010	244	Pulse	199	5108138	7950	0
gpl010	244	Pulse	199	5118138	17950	0
gpl010	244	Pulse	199	5128138	27950	0
gpl010	244	Pulse	199	5138138	37950	0
gpl010	244	Pulse	199	5148138	47950	0
gpl010	244	Pulse	199	5158138	57950	0
gpl010	244	Pulse	199	5168138	67950	0
gpl010	244	Pulse	199	5178138	77950	0
gpl010	244	Pulse	199	5188138	87950	0
gpl010	244	Pulse	199	5198138	97950	0
gpl010	244	Pulse	199	5208138	107950	0
gpl010	244	Pulse	199	5218138	117950	0
gpl010	244	Pulse	199	5228138	127950	0
gpl010	244	Pulse	199	5238137	137950	0
gpl010	244	Pulse	199	5248138	147950	0
gpl010	244	Pulse	199	5258138	157950	0
gpl010	244	Pulse	199	5268138	167950	0
gpl010	244	Pulse	199	5278138	177950	0
gpl010	244	Pulse	199	5288138	187950	0
gpl010	244	Pulse	199	5298138	197950	0
gpl010	244	Pulse	199	5308138	207950	0
gpl010	244	Pulse	199	5318138	217950	0
