Scenario - FBL_A.sce
Logfile written - 04/16/2021 14:52:18

Subject	Trial	Event Type	Code	Time	TTime	Uncertainty	Duration	Uncertainty	ReqTime	ReqDur	Stim Type	Pair Index

gpl005	1	Response	16	214037	203871	0
gpl005	2	Picture	start	214040	0	218	842944	218	0	next	other	0
gpl005	3	Response	16	268148	4097	0
gpl005	3	Pulse	199	1056916	792865	0
gpl005	3	Pulse	199	1066915	802865	0
gpl005	3	Pulse	199	1076915	812865	0
gpl005	3	Pulse	199	1086914	822864	0
gpl005	3	Pulse	199	1096915	832865	0
gpl005	3	Pulse	199	1106915	842865	0
gpl005	4	Picture	fix	1107385	0	1	23874	1	0	next	other	0
gpl005	4	Pulse	199	1116915	9530	0
gpl005	4	Pulse	199	1126915	19530	0
gpl005	6	Picture	stim	1131259	0	1	25035	1	0	25000	hit	15
gpl005	6	Pulse	199	1136915	5656	0
gpl005	6	Response	16	1140635	9376	0
gpl005	6	Pulse	199	1146915	15656	0
gpl005	7	Picture	fix2	1156294	0	1	18071	1	0	next	other	0
gpl005	7	Pulse	199	1156915	621	0
gpl005	7	Pulse	199	1166915	10622	0
gpl005	8	Picture	feedback	1174365	0	1	20227	1	0	next	other	0
gpl005	8	Pulse	199	1176916	2551	0
gpl005	8	Pulse	199	1186915	12549	0
gpl005	9	Picture	fix	1194592	0	1	20227	1	0	next	other	0
gpl005	9	Pulse	199	1196916	2324	0
gpl005	9	Pulse	199	1206915	12323	0
gpl005	11	Picture	stim	1214819	0	1	25035	1	0	25000	hit	28
gpl005	11	Pulse	199	1216915	2097	0
gpl005	11	Response	16	1224705	9886	0
gpl005	11	Pulse	199	1226915	12096	0
gpl005	11	Pulse	199	1236915	22097	0
gpl005	12	Picture	fix2	1240018	0	2	21720	2	0	next	other	0
gpl005	12	Pulse	199	1246916	6897	0
gpl005	12	Pulse	199	1256914	16896	0
gpl005	13	Picture	feedback	1261738	0	1	20227	1	0	next	other	0
gpl005	13	Pulse	199	1266915	5177	0
gpl005	13	Pulse	199	1276915	15177	0
gpl005	14	Picture	fix	1281965	0	1	21387	1	0	next	other	0
gpl005	14	Pulse	199	1286915	4950	0
gpl005	14	Pulse	199	1296915	14950	0
gpl005	16	Picture	stim	1303352	0	1	25035	1	0	25000	hit	42
gpl005	16	Pulse	199	1306915	3563	0
gpl005	16	Response	16	1311844	8492	0
gpl005	16	Pulse	199	1316915	13563	0
gpl005	16	Pulse	199	1326925	23573	0
gpl005	17	Picture	fix2	1328387	0	1	18569	1	0	next	other	0
gpl005	17	Pulse	199	1336915	8528	0
gpl005	17	Pulse	199	1346915	18528	0
gpl005	18	Picture	feedback	1346956	0	1	20227	1	0	next	other	0
gpl005	18	Pulse	199	1356925	9969	0
gpl005	18	Pulse	199	1366925	19969	0
gpl005	19	Picture	fix	1367183	0	1	17740	1	0	next	other	0
gpl005	19	Pulse	199	1376925	9743	0
gpl005	21	Picture	stim	1384922	0	1	25035	1	0	25000	hit	55
gpl005	21	Pulse	199	1386925	2003	0
gpl005	21	Response	16	1393964	9042	0
gpl005	21	Pulse	199	1396924	12002	0
gpl005	21	Pulse	199	1406925	22002	0
gpl005	22	Picture	fix2	1409957	0	1	10777	1	0	next	other	0
gpl005	22	Pulse	199	1416925	6968	0
gpl005	23	Picture	feedback	1420734	0	1	20393	1	0	next	other	0
gpl005	23	Pulse	199	1426925	6191	0
gpl005	23	Pulse	199	1436925	16191	0
gpl005	24	Picture	fix	1441126	0	1	28516	1	0	next	other	0
gpl005	24	Pulse	199	1446925	5798	0
gpl005	24	Pulse	199	1456925	15798	0
gpl005	24	Pulse	199	1466925	25798	0
gpl005	26	Picture	stim	1469643	0	1	25035	1	0	25000	hit	69
gpl005	26	Pulse	199	1476925	7282	0
gpl005	26	Response	16	1479554	9912	0
gpl005	26	Pulse	199	1486925	17282	0
gpl005	27	Picture	fix2	1494678	0	1	24206	1	0	next	other	0
gpl005	27	Pulse	199	1496925	2247	0
gpl005	27	Pulse	199	1506924	12247	0
gpl005	27	Pulse	199	1516925	22247	0
gpl005	28	Picture	feedback	1518883	0	1	20061	1	0	next	other	0
gpl005	28	Pulse	199	1526925	8042	0
gpl005	28	Pulse	199	1536924	18041	0
gpl005	29	Picture	fix	1538944	0	1	24703	1	0	next	other	0
gpl005	29	Pulse	199	1546925	7981	0
gpl005	29	Pulse	199	1556925	17980	0
gpl005	31	Picture	stim	1563648	0	1	25035	1	0	25000	incorrect	84
gpl005	31	Pulse	199	1566925	3277	0
gpl005	31	Pulse	199	1576925	13277	0
gpl005	31	Response	32	1577314	13667	0
gpl005	31	Pulse	199	1586925	23277	0
gpl005	32	Picture	fix2	1588682	0	1	14756	1	0	next	other	0
gpl005	32	Pulse	199	1596925	8243	0
gpl005	33	Picture	feedback	1603438	0	1	20393	1	0	next	other	0
gpl005	33	Pulse	199	1606924	3487	0
gpl005	33	Pulse	199	1616925	13487	0
gpl005	34	Picture	fix	1623830	0	1	22050	1	0	next	other	0
gpl005	34	Pulse	199	1626924	3094	0
gpl005	34	Pulse	199	1636924	13094	0
gpl005	36	Picture	stim	1645881	0	1	25035	1	0	25000	hit	97
gpl005	36	Pulse	199	1646924	1043	0
gpl005	36	Pulse	199	1656925	11044	0
gpl005	36	Response	16	1658764	12883	0
gpl005	36	Pulse	199	1666925	21044	0
gpl005	37	Picture	fix2	1670916	0	1	20558	1	0	next	other	0
gpl005	37	Pulse	199	1676925	6009	0
gpl005	37	Pulse	199	1686925	16009	0
gpl005	38	Picture	feedback	1691474	0	1	20061	1	0	next	other	0
gpl005	38	Pulse	199	1696924	5450	0
gpl005	38	Pulse	199	1706924	15450	0
gpl005	39	Picture	fix	1711535	0	1	26858	1	0	next	other	0
gpl005	39	Pulse	199	1716924	5389	0
gpl005	39	Pulse	199	1726924	15389	0
gpl005	39	Pulse	199	1736924	25389	0
gpl005	41	Picture	stim	1738393	0	1	25035	1	0	25000	hit	111
gpl005	41	Pulse	199	1746924	8530	0
gpl005	41	Response	16	1751144	12751	0
gpl005	41	Pulse	199	1756924	18531	0
gpl005	42	Picture	fix2	1763428	0	1	14590	1	0	next	other	0
gpl005	42	Pulse	199	1766924	3496	0
gpl005	42	Pulse	199	1776924	13496	0
gpl005	43	Picture	feedback	1778018	0	1	20061	1	0	next	other	0
gpl005	43	Pulse	199	1786924	8906	0
gpl005	43	Pulse	199	1796924	18906	0
gpl005	44	Picture	fix	1798079	0	1	33324	1	0	next	other	0
gpl005	44	Pulse	199	1806924	8845	0
gpl005	44	Pulse	199	1816923	18844	0
gpl005	44	Pulse	199	1826924	28845	0
gpl005	46	Picture	stim	1831403	0	1	25035	1	0	25000	incorrect	125
gpl005	46	Pulse	199	1836924	5521	0
gpl005	46	Response	32	1845614	14210	0
gpl005	46	Pulse	199	1846924	15520	0
gpl005	47	Picture	fix2	1856438	0	1	29345	1	0	next	other	0
gpl005	47	Pulse	199	1856924	486	0
gpl005	47	Pulse	199	1866924	10486	0
gpl005	47	Pulse	199	1876924	20486	0
gpl005	48	Picture	feedback	1885784	0	1	20061	1	0	next	other	0
gpl005	48	Pulse	199	1886924	1140	0
gpl005	48	Pulse	199	1896924	11140	0
gpl005	49	Picture	fix	1905845	0	1	22216	1	0	next	other	0
gpl005	49	Pulse	199	1906924	1080	0
gpl005	49	Pulse	199	1916924	11080	0
gpl005	49	Pulse	199	1926924	21080	0
gpl005	51	Picture	stim	1928061	0	1	25035	1	0	25000	hit	141
gpl005	51	Pulse	199	1936925	8864	0
gpl005	51	Pulse	199	1946924	18863	0
gpl005	51	Response	16	1949254	21193	0
gpl005	52	Picture	fix2	1953261	0	1	9119	1	0	next	other	0
gpl005	52	Pulse	199	1956924	3662	0
gpl005	53	Picture	feedback	1962380	0	1	20061	1	0	next	other	0
gpl005	53	Pulse	199	1966924	4544	0
gpl005	53	Pulse	199	1976924	14544	0
gpl005	54	Picture	fix	1982441	0	1	24537	1	0	next	other	0
gpl005	54	Pulse	199	1986924	4483	0
gpl005	54	Pulse	199	1996924	14483	0
gpl005	54	Pulse	199	2006921	24480	3
gpl005	56	Picture	stim	2006978	0	1	25035	1	0	25000	hit	153
gpl005	56	Pulse	199	2016924	9946	0
gpl005	56	Response	16	2021894	14916	0
gpl005	56	Pulse	199	2026923	19945	0
gpl005	57	Picture	fix2	2032013	0	1	13927	1	0	next	other	0
gpl005	57	Pulse	199	2036924	4911	0
gpl005	58	Picture	feedback	2045940	0	1	20061	1	0	next	other	0
gpl005	58	Pulse	199	2046924	984	0
gpl005	58	Pulse	199	2056923	10984	0
gpl005	59	Picture	fix	2066001	0	1	33988	1	0	next	other	0
gpl005	59	Pulse	199	2066924	923	0
gpl005	59	Pulse	199	2076924	10923	0
gpl005	59	Pulse	199	2086924	20923	0
gpl005	59	Pulse	199	2096923	30923	0
gpl005	61	Picture	stim	2099988	0	1	25035	1	0	25000	hit	168
gpl005	61	Pulse	199	2106924	6936	0
gpl005	61	Pulse	199	2116924	16935	0
gpl005	61	Response	16	2118584	18595	0
gpl005	62	Picture	fix2	2125023	0	1	15916	1	0	next	other	0
gpl005	62	Pulse	199	2126923	1900	0
gpl005	62	Pulse	199	2136924	11901	0
gpl005	63	Picture	feedback	2140939	0	1	20061	1	0	next	other	0
gpl005	63	Pulse	199	2146924	5984	0
gpl005	63	Pulse	199	2156923	15984	0
gpl005	64	Picture	fix	2161000	0	1	29014	1	0	next	other	0
gpl005	64	Pulse	199	2166924	5924	0
gpl005	64	Pulse	199	2176924	15924	0
gpl005	64	Pulse	199	2186924	25924	0
gpl005	66	Picture	stim	2190014	0	1	25035	1	0	25000	hit	181
gpl005	66	Pulse	199	2196924	6910	0
gpl005	66	Response	16	2203294	13280	0
gpl005	66	Pulse	199	2206924	16910	0
gpl005	67	Picture	fix2	2215049	0	1	22051	1	0	next	other	0
gpl005	67	Pulse	199	2216924	1875	0
gpl005	67	Pulse	199	2226924	11875	0
gpl005	67	Pulse	199	2236923	21874	0
gpl005	68	Picture	feedback	2237099	0	1	20061	1	0	next	other	0
gpl005	68	Pulse	199	2246924	9824	0
gpl005	68	Pulse	199	2256924	19824	0
gpl005	69	Picture	fix	2257160	0	1	29677	1	0	next	other	0
gpl005	69	Pulse	199	2266923	9763	0
gpl005	69	Pulse	199	2276924	19763	0
gpl005	71	Picture	stim	2286837	0	1	25035	1	0	25000	hit	196
gpl005	71	Pulse	199	2286924	86	0
gpl005	71	Pulse	199	2296923	10086	0
gpl005	71	Response	16	2299534	12696	0
gpl005	71	Pulse	199	2306924	20087	0
gpl005	72	Picture	fix2	2311872	0	1	26195	1	0	next	other	0
gpl005	72	Pulse	199	2316924	5052	0
gpl005	72	Pulse	199	2326924	15052	0
gpl005	72	Pulse	199	2336923	25051	0
gpl005	73	Picture	feedback	2338067	0	1	20061	1	0	next	other	0
gpl005	73	Pulse	199	2346924	8856	0
gpl005	73	Pulse	199	2356924	18856	0
gpl005	74	Picture	fix	2358128	0	1	27356	1	0	next	other	0
gpl005	74	Pulse	199	2366923	8795	0
gpl005	74	Pulse	199	2376923	18795	0
gpl005	76	Picture	stim	2385484	0	1	25035	1	0	25000	hit	211
gpl005	76	Pulse	199	2386924	1439	0
gpl005	76	Pulse	199	2396923	11439	0
gpl005	76	Response	16	2403954	18469	0
gpl005	76	Pulse	199	2406923	21439	0
gpl005	77	Picture	fix2	2410519	0	1	15253	1	0	next	other	0
gpl005	77	Pulse	199	2416924	6405	0
gpl005	78	Picture	feedback	2425772	0	1	20026	202	0	next	other	0
gpl005	78	Pulse	199	2426924	1152	0
gpl005	78	Pulse	199	2436923	11151	0
gpl005	79	Picture	fix	2445797	0	202	32034	202	0	next	other	0
gpl005	79	Pulse	199	2446924	1126	0
gpl005	79	Pulse	199	2456923	11126	0
gpl005	79	Pulse	199	2466923	21126	0
gpl005	79	Pulse	199	2476923	31126	0
gpl005	81	Picture	stim	2477831	0	1	25035	1	0	25000	incorrect	226
gpl005	81	Pulse	199	2486923	9093	0
gpl005	81	Pulse	199	2496923	19092	0
gpl005	81	Response	32	2500253	22422	0
gpl005	82	Picture	fix2	2502866	0	1	14092	1	0	next	other	0
gpl005	82	Pulse	199	2506923	4057	0
gpl005	82	Pulse	199	2516923	14058	0
gpl005	83	Picture	feedback	2516958	0	1	20061	1	0	next	other	0
gpl005	83	Pulse	199	2526923	9965	0
gpl005	83	Pulse	199	2536923	19965	0
gpl005	84	Picture	fix	2537019	0	1	30009	1	0	next	other	0
gpl005	84	Pulse	199	2546923	9903	0
gpl005	84	Pulse	199	2556924	19904	0
gpl005	85	Pulse	199	2566923	43	0
gpl005	86	Picture	stim	2567028	0	1	25035	1	0	25000	hit	239
gpl005	86	Pulse	199	2576922	9895	0
gpl005	86	Response	16	2582493	15465	0
gpl005	86	Pulse	199	2586923	19895	0
gpl005	87	Picture	fix2	2592228	0	1	21387	1	0	next	other	0
gpl005	87	Pulse	199	2596923	4695	0
gpl005	87	Pulse	199	2606923	14695	0
gpl005	88	Picture	feedback	2613616	0	1	20061	1	0	next	other	0
gpl005	88	Pulse	199	2616923	3307	0
gpl005	88	Pulse	199	2626923	13307	0
gpl005	89	Picture	fix	2633677	0	1	20061	1	0	next	other	0
gpl005	89	Pulse	199	2636923	3247	0
gpl005	89	Pulse	199	2646922	13246	0
gpl005	91	Picture	stim	2653737	0	1	25035	1	0	25000	incorrect	253
gpl005	91	Pulse	199	2656923	3186	0
gpl005	91	Pulse	199	2666923	13186	0
gpl005	91	Response	32	2672273	18536	0
gpl005	91	Pulse	199	2676923	23186	0
gpl005	92	Picture	fix2	2678772	0	1	11606	1	0	next	other	0
gpl005	92	Pulse	199	2686923	8150	0
gpl005	93	Picture	feedback	2690378	0	1	20061	1	0	next	other	0
gpl005	93	Pulse	199	2696923	6545	0
gpl005	93	Pulse	199	2706923	16545	0
gpl005	94	Picture	fix	2710439	0	1	28516	1	0	next	other	0
gpl005	94	Pulse	199	2716922	6484	0
gpl005	94	Pulse	199	2726922	16483	0
gpl005	94	Pulse	199	2736922	26483	0
gpl005	96	Picture	stim	2738955	0	1	25035	1	0	25000	hit	266
gpl005	96	Pulse	199	2746922	7967	0
gpl005	96	Response	16	2755293	16338	0
gpl005	96	Pulse	199	2756922	17967	0
gpl005	97	Picture	fix2	2763990	0	1	23543	1	0	next	other	0
gpl005	97	Pulse	199	2766922	2932	0
gpl005	97	Pulse	199	2776922	12932	0
gpl005	97	Pulse	199	2786922	22932	0
gpl005	98	Picture	feedback	2787533	0	1	20061	1	0	next	other	0
gpl005	98	Pulse	199	2796922	9390	0
gpl005	98	Pulse	199	2806922	19390	0
gpl005	99	Picture	fix	2807594	0	1	26030	1	0	next	other	0
gpl005	99	Pulse	199	2816922	9329	0
gpl005	99	Pulse	199	2826922	19329	0
gpl005	101	Picture	stim	2833623	0	1	25035	1	0	25000	incorrect	280
gpl005	101	Pulse	199	2836922	3299	0
gpl005	101	Response	32	2846793	13170	0
gpl005	101	Pulse	199	2846922	13299	0
gpl005	101	Pulse	199	2856922	23299	0
gpl005	102	Picture	fix2	2858658	0	1	11108	1	0	next	other	0
gpl005	102	Pulse	199	2866922	8264	0
gpl005	103	Picture	feedback	2869766	0	1	20061	1	0	next	other	0
gpl005	103	Pulse	199	2876922	7156	0
gpl005	103	Pulse	199	2886922	17156	0
gpl005	104	Picture	fix	2889827	0	1	26859	1	0	next	other	0
gpl005	104	Pulse	199	2896923	7096	0
gpl005	104	Pulse	199	2906923	17096	0
gpl005	106	Picture	stim	2916686	0	1	25035	1	0	25000	hit	293
gpl005	106	Pulse	199	2916923	237	0
gpl005	106	Response	16	2926722	10037	0
gpl005	106	Pulse	199	2926922	10237	0
gpl005	106	Pulse	199	2936923	20237	0
gpl005	107	Picture	fix2	2941720	0	1	16082	1	0	next	other	0
gpl005	107	Pulse	199	2946923	5203	0
gpl005	107	Pulse	199	2956922	15202	0
gpl005	108	Picture	feedback	2957802	0	1	20061	1	0	next	other	0
gpl005	108	Pulse	199	2966923	9121	0
gpl005	108	Pulse	199	2976923	19120	0
gpl005	109	Picture	fix	2977863	0	1	29345	1	0	next	other	0
gpl005	109	Pulse	199	2986923	9060	0
gpl005	109	Pulse	199	2996922	19059	0
gpl005	109	Pulse	199	3006922	29059	0
gpl005	111	Picture	stim	3007209	0	1	25035	1	0	25000	incorrect	308
gpl005	111	Pulse	199	3016922	9714	0
gpl005	111	Response	32	3020852	13644	0
gpl005	111	Pulse	199	3026922	19713	0
gpl005	112	Picture	fix2	3032409	0	1	27687	1	0	next	other	0
gpl005	112	Pulse	199	3036932	4523	0
gpl005	112	Pulse	199	3046922	14513	0
gpl005	112	Pulse	199	3056932	24523	0
gpl005	113	Picture	feedback	3060097	0	1	20061	1	0	next	other	0
gpl005	113	Pulse	199	3066932	6836	0
gpl005	113	Pulse	199	3076922	16825	0
gpl005	114	Picture	fix	3080157	0	1	23377	1	0	next	other	0
gpl005	114	Pulse	199	3086933	6775	0
gpl005	114	Pulse	199	3096932	16775	0
gpl005	116	Picture	stim	3103534	0	1	25035	1	0	25000	hit	323
gpl005	116	Pulse	199	3106933	3398	0
gpl005	116	Pulse	199	3116932	13398	0
gpl005	116	Response	16	3125022	21487	0
gpl005	116	Pulse	199	3126932	23398	0
gpl005	117	Picture	fix2	3128735	0	1	23377	1	0	next	other	0
gpl005	117	Pulse	199	3136933	8198	0
gpl005	117	Pulse	199	3146932	18197	0
gpl005	118	Picture	feedback	3152112	0	1	20061	1	0	next	other	0
gpl005	118	Pulse	199	3156932	4821	0
gpl005	118	Pulse	199	3166932	14820	0
gpl005	119	Picture	fix	3172173	0	1	24703	1	0	next	other	0
gpl005	119	Pulse	199	3176933	4760	0
gpl005	119	Pulse	199	3186932	14760	0
gpl005	121	Picture	stim	3196876	0	1	25035	1	0	25000	incorrect	337
gpl005	121	Pulse	199	3196932	56	0
gpl005	121	Pulse	199	3206932	10056	0
gpl005	121	Response	32	3209941	13066	0
gpl005	121	Pulse	199	3216932	20056	0
gpl005	122	Picture	fix2	3221911	0	1	17906	1	0	next	other	0
gpl005	122	Pulse	199	3226932	5022	0
gpl005	122	Pulse	199	3236932	15021	0
gpl005	123	Picture	feedback	3239816	0	1	20061	1	0	next	other	0
gpl005	123	Pulse	199	3246932	7116	0
gpl005	123	Pulse	199	3256932	17116	0
gpl005	124	Picture	fix	3259877	0	1	28848	1	0	next	other	0
gpl005	124	Pulse	199	3266932	7055	0
gpl005	124	Pulse	199	3276932	17055	0
gpl005	124	Pulse	199	3286932	27055	0
gpl005	126	Picture	stim	3288725	0	1	25035	1	0	25000	incorrect	351
gpl005	126	Pulse	199	3296932	8207	0
gpl005	126	Response	32	3303792	15067	0
gpl005	126	Pulse	199	3306932	18207	0
gpl005	127	Picture	fix2	3313926	0	1	12932	1	0	next	other	0
gpl005	127	Pulse	199	3316932	3006	0
gpl005	128	Picture	feedback	3326858	0	1	20061	1	0	next	other	0
gpl005	128	Pulse	199	3326932	75	0
gpl005	128	Pulse	199	3336932	10074	0
gpl005	129	Picture	fix	3346919	0	1	20393	1	0	next	other	0
gpl005	129	Pulse	199	3346932	14	0
gpl005	129	Pulse	199	3356932	10013	0
gpl005	129	Pulse	199	3366932	20013	0
gpl005	131	Picture	stim	3367311	0	1	25035	1	0	25000	hit	364
gpl005	131	Pulse	199	3376932	9620	0
gpl005	131	Response	16	3377761	10450	0
gpl005	131	Pulse	199	3386932	19621	0
gpl005	132	Picture	fix2	3392346	0	1	22216	1	0	next	other	0
gpl005	132	Pulse	199	3396932	4586	0
gpl005	132	Pulse	199	3406932	14586	0
gpl005	133	Picture	feedback	3414562	0	1	20061	1	0	next	other	0
gpl005	133	Pulse	199	3416932	2370	0
gpl005	133	Pulse	199	3426932	12369	0
gpl005	134	Picture	fix	3434623	0	1	23377	1	0	next	other	0
gpl005	134	Pulse	199	3436931	2308	0
gpl005	134	Pulse	199	3446932	12308	0
gpl005	134	Pulse	199	3456932	22308	0
gpl005	136	Picture	stim	3458000	0	1	25035	1	0	25000	hit	379
gpl005	136	Pulse	199	3466932	8932	0
gpl005	136	Pulse	199	3476931	18931	0
gpl005	136	Response	16	3479041	21041	0
gpl005	137	Picture	fix2	3483035	0	1	21387	1	0	next	other	0
gpl005	137	Response	32	3484552	1517	0
gpl005	137	Pulse	199	3486932	3897	0
gpl005	137	Pulse	199	3496932	13897	0
gpl005	138	Picture	feedback	3504422	0	1	20061	1	0	next	other	0
gpl005	138	Pulse	199	3506931	2509	0
gpl005	138	Pulse	199	3516931	12509	0
gpl005	139	Picture	fix	3524483	0	1	22714	1	0	next	other	0
gpl005	139	Pulse	199	3526931	2448	0
gpl005	139	Pulse	199	3536931	12448	0
gpl005	139	Pulse	199	3546931	22448	0
gpl005	141	Picture	stim	3547197	0	1	25035	1	0	25000	hit	392
gpl005	141	Response	16	3555612	8415	0
gpl005	141	Pulse	199	3556931	9734	0
gpl005	141	Pulse	199	3566931	19734	0
gpl005	142	Picture	fix2	3572232	0	1	21553	1	0	next	other	0
gpl005	142	Pulse	199	3576931	4700	0
gpl005	142	Pulse	199	3586931	14700	0
gpl005	143	Picture	feedback	3593785	0	1	20061	1	0	next	other	0
gpl005	143	Pulse	199	3596931	3146	0
gpl005	143	Pulse	199	3606931	13147	0
gpl005	144	Picture	fix	3613846	0	1	17408	1	0	next	other	0
gpl005	144	Pulse	199	3616931	3085	0
gpl005	144	Pulse	199	3626931	13086	0
gpl005	146	Picture	stim	3631254	0	1	25201	1	0	25000	miss	0
gpl005	146	Pulse	199	3636931	5677	0
gpl005	146	Pulse	199	3646931	15677	0
gpl005	147	Picture	fix2	3656455	0	1	21387	1	0	next	other	0
gpl005	147	Pulse	199	3656932	477	0
gpl005	147	Response	16	3658542	2087	0
gpl005	147	Pulse	199	3666932	10477	0
gpl005	147	Pulse	199	3676932	20477	0
gpl005	148	Picture	feedback	3677842	0	1	20061	1	0	next	other	0
gpl005	148	Pulse	199	3686932	9090	0
gpl005	148	Pulse	199	3696932	19090	0
gpl005	149	Picture	fix	3697903	0	1	26361	1	0	next	other	0
gpl005	149	Pulse	199	3706932	9029	0
gpl005	149	Pulse	199	3716931	19029	0
gpl005	151	Picture	stim	3724264	0	1	25035	1	0	25000	incorrect	421
gpl005	151	Pulse	199	3726932	2668	0
gpl005	151	Pulse	199	3736932	12668	0
gpl005	151	Response	32	3737492	13228	0
gpl005	151	Pulse	199	3746932	22668	0
gpl005	152	Picture	fix2	3749299	0	1	13263	1	0	next	other	0
gpl005	152	Pulse	199	3756931	7633	0
gpl005	153	Picture	feedback	3762562	0	1	20061	1	0	next	other	0
gpl005	153	Pulse	199	3766932	4369	0
gpl005	153	Pulse	199	3776932	14369	0
gpl005	154	Picture	fix	3782623	0	1	18569	1	0	next	other	0
gpl005	154	Pulse	199	3786931	4308	0
gpl005	154	Pulse	199	3796931	14308	0
gpl005	156	Picture	stim	3801192	0	1	25035	1	0	25000	hit	434
gpl005	156	Pulse	199	3806932	5739	0
gpl005	156	Pulse	199	3816931	15739	0
gpl005	156	Response	16	3819161	17969	0
gpl005	157	Picture	fix2	3826393	0	1	16414	1	0	next	other	0
gpl005	157	Pulse	199	3826932	539	0
gpl005	157	Pulse	199	3836931	10539	0
gpl005	158	Picture	feedback	3842806	0	1	20061	1	0	next	other	0
gpl005	158	Pulse	199	3846932	4125	0
gpl005	158	Pulse	199	3856931	14125	0
gpl005	159	Picture	fix	3862867	0	1	22382	1	0	next	other	0
gpl005	159	Pulse	199	3866932	4065	0
gpl005	159	Pulse	199	3876931	14064	0
gpl005	161	Picture	stim	3885249	0	1	25035	1	0	25000	incorrect	447
gpl005	161	Pulse	199	3886931	1682	0
gpl005	161	Pulse	199	3896931	11682	0
gpl005	161	Response	32	3905741	20492	0
gpl005	161	Pulse	199	3906931	21682	0
gpl005	162	Picture	fix2	3910284	0	1	21885	1	0	next	other	0
gpl005	162	Pulse	199	3916931	6648	0
gpl005	162	Pulse	199	3926930	16647	0
gpl005	163	Picture	feedback	3932169	0	1	20061	1	0	next	other	0
gpl005	163	Pulse	199	3936931	4763	0
gpl005	163	Pulse	199	3946931	14763	0
gpl005	164	Picture	fix	3952230	0	1	30838	1	0	next	other	0
gpl005	164	Pulse	199	3956931	4701	0
gpl005	164	Pulse	199	3966931	14702	0
gpl005	164	Pulse	199	3976931	24702	0
gpl005	166	Picture	stim	3983067	0	1	25035	1	0	25000	incorrect	462
gpl005	166	Pulse	199	3986931	3864	0
gpl005	166	Pulse	199	3996931	13864	0
gpl005	166	Response	32	3999281	16214	0
gpl005	166	Pulse	199	4006931	23864	0
gpl005	167	Picture	fix2	4008268	0	1	15916	1	0	next	other	0
gpl005	167	Pulse	199	4016931	8664	0
gpl005	168	Picture	feedback	4024184	0	1	20061	1	0	next	other	0
gpl005	168	Pulse	199	4026931	2747	0
gpl005	168	Pulse	199	4036931	12747	0
gpl005	169	Picture	fix	4044245	0	1	28019	1	0	next	other	0
gpl005	169	Pulse	199	4046931	2687	0
gpl005	169	Pulse	199	4056931	12686	0
gpl005	169	Pulse	199	4066930	22685	0
gpl005	171	Picture	stim	4072264	0	1	25035	1	0	25000	hit	475
gpl005	171	Pulse	199	4076931	4667	0
gpl005	171	Response	16	4082870	10607	0
gpl005	171	Pulse	199	4086931	14667	0
gpl005	171	Pulse	199	4096930	24667	0
gpl005	172	Picture	fix2	4097464	0	1	16579	1	0	next	other	0
gpl005	172	Pulse	199	4106931	9467	0
gpl005	173	Picture	feedback	4114044	0	1	20061	1	0	next	other	0
gpl005	173	Pulse	199	4116931	2887	0
gpl005	173	Pulse	199	4126930	12887	0
gpl005	174	Picture	fix	4134105	0	1	31169	1	0	next	other	0
gpl005	174	Pulse	199	4136931	2826	0
gpl005	174	Pulse	199	4146931	12826	0
gpl005	174	Pulse	199	4156931	22826	0
gpl005	176	Picture	stim	4165274	0	1	25035	1	0	25000	incorrect	489
gpl005	176	Pulse	199	4166931	1657	0
gpl005	176	Response	32	4176451	11177	0
gpl005	176	Pulse	199	4176931	11657	0
gpl005	176	Pulse	199	4186931	21657	0
gpl005	177	Picture	fix2	4190474	0	1	29014	1	0	next	other	0
gpl005	177	Pulse	199	4196930	6456	0
gpl005	177	Pulse	199	4206930	16456	0
gpl005	177	Pulse	199	4216931	26456	0
gpl005	178	Picture	feedback	4219488	0	1	20061	1	0	next	other	0
gpl005	178	Pulse	199	4226931	7443	0
gpl005	178	Pulse	199	4236930	17442	0
gpl005	179	Picture	fix	4239549	0	1	37469	1	0	next	other	0
gpl005	179	Pulse	199	4246931	7381	0
gpl005	179	Pulse	199	4256930	17381	0
gpl005	179	Pulse	199	4266930	27381	0
gpl005	179	Pulse	199	4276930	37381	0
gpl005	181	Picture	stim	4277018	0	1	25035	1	0	25000	hit	506
gpl005	181	Pulse	199	4286931	9912	0
gpl005	181	Response	16	4295751	18733	0
gpl005	181	Pulse	199	4296931	19912	0
gpl005	182	Picture	fix2	4302053	0	1	16745	1	0	next	other	0
gpl005	182	Pulse	199	4306930	4877	0
gpl005	182	Pulse	199	4316931	14878	0
gpl005	183	Picture	feedback	4318798	0	1	20061	1	0	next	other	0
gpl005	183	Pulse	199	4326931	8133	0
gpl005	183	Pulse	199	4336930	18132	0
gpl005	184	Picture	fix	4338859	0	1	26859	1	0	next	other	0
gpl005	184	Pulse	199	4346931	8072	0
gpl005	184	Pulse	199	4356931	18071	0
gpl005	186	Picture	stim	4365718	0	1	25035	1	0	25000	incorrect	519
gpl005	186	Pulse	199	4366931	1213	0
gpl005	186	Response	32	4376630	10913	0
gpl005	186	Pulse	199	4376930	11212	0
gpl005	186	Pulse	199	4386931	21213	0
gpl005	187	Picture	fix2	4390918	0	1	25864	1	0	next	other	0
gpl005	187	Pulse	199	4396931	6012	0
gpl005	187	Pulse	199	4406930	16012	0
gpl005	188	Picture	feedback	4416782	0	1	20061	1	0	next	other	0
gpl005	188	Pulse	199	4416930	148	0
gpl005	188	Pulse	199	4426931	10149	0
gpl005	189	Picture	fix	4436843	0	1	35977	1	0	next	other	0
gpl005	189	Pulse	199	4436930	87	0
gpl005	189	Pulse	199	4446930	10087	0
gpl005	189	Pulse	199	4456930	20087	0
gpl005	189	Pulse	199	4466930	30087	0
gpl005	191	Picture	stim	4472820	0	1	25035	1	0	25000	hit	535
gpl005	191	Pulse	199	4476930	4110	0
gpl005	191	Response	16	4482780	9960	0
gpl005	191	Pulse	199	4486930	14110	0
gpl005	191	Pulse	199	4496930	24110	0
gpl005	192	Picture	fix2	4498021	0	1	16082	1	0	next	other	0
gpl005	192	Pulse	199	4506930	8909	0
gpl005	193	Picture	feedback	4514103	0	1	20061	1	0	next	other	0
gpl005	193	Pulse	199	4516930	2827	0
gpl005	193	Pulse	199	4526930	12828	0
gpl005	194	Picture	fix	4534164	0	1	19066	1	0	next	other	0
gpl005	194	Pulse	199	4536930	2767	0
gpl005	194	Pulse	199	4546930	12766	0
gpl005	196	Picture	stim	4553230	0	1	25035	1	0	25000	hit	549
gpl005	196	Pulse	199	4556930	3700	0
gpl005	196	Pulse	199	4566930	13700	0
gpl005	196	Response	16	4570810	17580	0
gpl005	196	Pulse	199	4576930	23700	0
gpl005	197	Picture	fix2	4578264	0	1	17243	1	0	next	other	0
gpl005	197	Pulse	199	4586930	8665	0
gpl005	198	Picture	feedback	4595507	0	1	20061	1	0	next	other	0
gpl005	198	Pulse	199	4596930	1423	0
gpl005	198	Pulse	199	4606930	11423	0
gpl005	199	Picture	fix	4615568	0	1	28848	1	0	next	other	0
gpl005	199	Pulse	199	4616930	1362	0
gpl005	199	Pulse	199	4626930	11362	0
gpl005	199	Pulse	199	4636930	21362	0
gpl005	201	Picture	stim	4644416	0	1	25035	1	0	25000	hit	562
gpl005	201	Pulse	199	4646930	2514	0
gpl005	201	Response	16	4655030	10614	0
gpl005	201	Pulse	199	4656930	12514	0
gpl005	201	Pulse	199	4666930	22514	0
gpl005	202	Picture	fix2	4669451	0	1	16414	1	0	next	other	0
gpl005	202	Pulse	199	4676931	7480	0
gpl005	203	Picture	feedback	4685864	0	1	20061	1	0	next	other	0
gpl005	203	Pulse	199	4686930	1065	0
gpl005	203	Pulse	199	4696930	11066	0
gpl005	204	Picture	fix	4705925	0	1	19398	1	0	next	other	0
gpl005	204	Pulse	199	4706930	1005	0
gpl005	204	Pulse	199	4716930	11005	0
gpl005	206	Picture	stim	4725323	0	1	25035	1	0	25000	hit	576
gpl005	206	Pulse	199	4726930	1607	0
gpl005	206	Pulse	199	4736930	11607	0
gpl005	206	Response	16	4737170	11847	0
gpl005	206	Pulse	199	4746930	21607	0
gpl005	207	Picture	fix2	4750524	0	1	20061	1	0	next	other	0
gpl005	207	Pulse	199	4756940	6416	0
gpl005	207	Pulse	199	4766940	16416	0
gpl005	208	Picture	feedback	4770585	0	1	20061	1	0	next	other	0
gpl005	208	Pulse	199	4776940	6355	0
gpl005	208	Pulse	199	4786939	16355	0
gpl005	209	Picture	fix	4790646	0	1	25201	1	0	next	other	0
gpl005	209	Pulse	199	4796940	6294	0
gpl005	209	Pulse	199	4806940	16294	0
gpl005	211	Picture	stim	4815846	0	1	25035	1	0	25000	incorrect	589
gpl005	211	Pulse	199	4816940	1094	0
gpl005	211	Response	32	4825280	9434	0
gpl005	211	Pulse	199	4826940	11094	0
gpl005	211	Pulse	199	4836940	21094	0
gpl005	212	Picture	fix2	4840881	0	1	24372	1	0	next	other	0
gpl005	212	Pulse	199	4846940	6059	0
gpl005	212	Pulse	199	4856940	16059	0
gpl005	213	Picture	feedback	4865253	0	1	20061	1	0	next	other	0
gpl005	213	Pulse	199	4866940	1687	0
gpl005	213	Pulse	199	4876940	11687	0
gpl005	214	Picture	fix	4885313	0	1	23543	1	0	next	other	0
gpl005	214	Pulse	199	4886940	1627	0
gpl005	214	Pulse	199	4896940	11627	0
gpl005	214	Pulse	199	4906940	21626	0
gpl005	216	Picture	stim	4908856	0	1	25035	1	0	25000	hit	604
gpl005	216	Pulse	199	4916940	8084	0
gpl005	216	Response	16	4918070	9214	0
gpl005	216	Pulse	199	4926940	18083	0
gpl005	217	Picture	fix2	4933891	0	1	22548	1	0	next	other	0
gpl005	217	Pulse	199	4936940	3049	0
gpl005	217	Pulse	199	4946940	13049	0
gpl005	218	Picture	feedback	4956439	0	1	20061	1	0	next	other	0
gpl005	218	Pulse	199	4956940	501	0
gpl005	218	Pulse	199	4966940	10501	0
gpl005	219	Picture	fix	4976500	0	1	25366	1	0	next	other	0
gpl005	219	Pulse	199	4976940	440	0
gpl005	219	Pulse	199	4986940	10440	0
gpl005	219	Pulse	199	4996939	20439	0
gpl005	221	Picture	stim	5001866	0	1	25035	1	0	25000	incorrect	619
gpl005	221	Pulse	199	5006940	5074	0
gpl005	221	Pulse	199	5016940	15074	0
gpl005	221	Response	32	5018229	16363	0
gpl005	222	Picture	fix2	5026901	0	1	20393	1	0	next	other	0
gpl005	222	Pulse	199	5026939	39	0
gpl005	222	Pulse	199	5036940	10039	0
gpl005	222	Pulse	199	5046940	20039	0
gpl005	223	Picture	feedback	5047293	0	1	20061	1	0	next	other	0
gpl005	223	Pulse	199	5056940	9646	0
gpl005	223	Pulse	199	5066939	19646	0
gpl005	224	Picture	fix	5067354	0	1	29180	1	0	next	other	0
gpl005	224	Pulse	199	5076940	9585	0
gpl005	224	Pulse	199	5086940	19585	0
gpl005	226	Picture	stim	5096534	0	1	25035	1	0	25000	hit	632
gpl005	226	Pulse	199	5096939	405	0
gpl005	226	Response	16	5105720	9186	0
gpl005	226	Pulse	199	5106939	10405	0
gpl005	226	Pulse	199	5116940	20406	0
gpl005	227	Picture	fix2	5121569	0	1	16579	1	0	next	other	0
gpl005	227	Pulse	199	5126940	5371	0
gpl005	227	Pulse	199	5136939	15370	0
gpl005	228	Picture	feedback	5138148	0	1	20061	1	0	next	other	0
gpl005	228	Pulse	199	5146940	8791	0
gpl005	228	Pulse	199	5156939	18791	0
gpl005	229	Picture	fix	5158209	0	1	21885	1	0	next	other	0
gpl005	229	Pulse	199	5166939	8730	0
gpl005	229	Pulse	199	5176939	18730	0
gpl005	231	Picture	stim	5180094	0	1	25035	1	0	25000	incorrect	646
gpl005	231	Pulse	199	5186940	6846	0
gpl005	231	Response	32	5192719	12625	0
gpl005	231	Pulse	199	5196939	16845	0
gpl005	232	Picture	fix2	5205128	0	1	18072	1	0	next	other	0
gpl005	232	Pulse	199	5206939	1810	0
gpl005	232	Pulse	199	5216939	11811	0
gpl005	233	Picture	feedback	5223200	0	1	20061	1	0	next	other	0
gpl005	233	Pulse	199	5226939	3739	0
gpl005	233	Pulse	199	5236939	13739	0
gpl005	234	Picture	fix	5243261	0	1	26527	1	0	next	other	0
gpl005	234	Pulse	199	5246939	3678	0
gpl005	234	Pulse	199	5256939	13678	0
gpl005	234	Pulse	199	5266939	23678	0
gpl005	236	Picture	stim	5269788	0	1	25035	1	0	25000	incorrect	660
gpl005	236	Pulse	199	5276939	7151	0
gpl005	236	Response	32	5281019	11231	0
gpl005	236	Pulse	199	5286939	17151	0
gpl005	237	Picture	fix2	5294823	0	1	25864	1	0	next	other	0
gpl005	237	Pulse	199	5296939	2117	0
gpl005	237	Pulse	199	5306939	12116	0
gpl005	237	Pulse	199	5316939	22116	0
gpl005	238	Picture	feedback	5320686	0	1	20061	1	0	next	other	0
gpl005	238	Pulse	199	5326939	6253	0
gpl005	238	Pulse	199	5336939	16253	0
gpl005	239	Picture	fix	5340747	0	1	16248	1	0	next	other	0
gpl005	239	Pulse	199	5346939	6192	0
gpl005	240	Pulse	199	5356939	41	0
gpl005	241	Picture	stim	5356995	0	1	25035	1	0	25000	hit	673
gpl005	241	Response	16	5366039	9044	0
gpl005	241	Pulse	199	5366939	9944	0
gpl005	241	Pulse	199	5376939	19944	0
gpl005	242	Picture	fix2	5382030	0	1	26361	1	0	next	other	0
gpl005	242	Pulse	199	5386939	4909	0
gpl005	242	Pulse	199	5396939	14909	0
gpl005	242	Pulse	199	5406939	24909	0
gpl005	243	Picture	feedback	5408391	0	1	20061	1	0	next	other	0
gpl005	243	Pulse	199	5416940	8549	0
gpl005	243	Pulse	199	5426939	18548	0
gpl005	244	Picture	100	5428452	0	1	250000	183	0	250000	other	0
gpl005	244	Pulse	199	5436939	8488	0
gpl005	244	Pulse	199	5446939	18487	0
gpl005	244	Pulse	199	5456939	28487	0
gpl005	244	Pulse	199	5466939	38487	0
gpl005	244	Pulse	199	5476939	48487	0
gpl005	244	Pulse	199	5486939	58487	0
gpl005	244	Pulse	199	5496939	68487	0
gpl005	244	Pulse	199	5506939	78487	0
gpl005	244	Pulse	199	5516938	88487	0
gpl005	244	Pulse	199	5526939	98487	0
gpl005	244	Pulse	199	5536939	108487	0
gpl005	244	Pulse	199	5546939	118487	0
gpl005	244	Pulse	199	5556939	128487	0
gpl005	244	Pulse	199	5566939	138487	0
gpl005	244	Pulse	199	5576939	148487	0
gpl005	244	Pulse	199	5586938	158486	0
gpl005	244	Pulse	199	5596939	168487	0
gpl005	244	Pulse	199	5606939	178487	0
gpl005	244	Pulse	199	5616939	188487	0
gpl005	244	Pulse	199	5626939	198487	0
gpl005	244	Pulse	199	5636939	208487	0
gpl005	244	Pulse	199	5646939	218487	0
