Scenario - FBL_A.sce
Logfile written - 03/27/2021 12:22:22

Subject	Trial	Event Type	Code	Time	TTime	Uncertainty	Duration	Uncertainty	ReqTime	ReqDur	Stim Type	Pair Index

GPL002	1	Response	16	21667	11501	0
GPL002	2	Picture	start	21771	0	1	873236	1	0	next	other	0
GPL002	3	Response	16	81737	9955	0
GPL002	3	Pulse	199	894848	823066	0
GPL002	3	Pulse	199	904848	833066	0
GPL002	3	Pulse	199	914848	843066	0
GPL002	3	Pulse	199	924847	853065	0
GPL002	3	Pulse	199	934848	863066	0
GPL002	3	Pulse	199	944848	873066	0
GPL002	4	Picture	fix	945574	0	1	25532	1	0	next	other	0
GPL002	4	Pulse	199	954848	9274	0
GPL002	4	Pulse	199	964848	19275	0
GPL002	6	Picture	stim	971106	0	1	25035	1	0	25000	hit	15
GPL002	6	Pulse	199	974849	3742	0
GPL002	6	Response	16	979878	8772	0
GPL002	6	Pulse	199	984848	13742	0
GPL002	6	Pulse	199	994848	23742	0
GPL002	7	Picture	fix2	996141	0	1	15253	1	0	next	other	0
GPL002	7	Pulse	199	1004848	8708	0
GPL002	8	Picture	feedback	1011394	0	1	20209	184	0	next	other	0
GPL002	8	Pulse	199	1014848	3455	0
GPL002	8	Pulse	199	1024848	13454	0
GPL002	9	Picture	fix	1031603	0	184	26379	184	0	next	other	0
GPL002	9	Pulse	199	1034849	3246	0
GPL002	9	Pulse	199	1044848	13245	0
GPL002	9	Pulse	199	1054848	23245	0
GPL002	11	Picture	stim	1057982	0	1	25035	1	0	25000	hit	29
GPL002	11	Pulse	199	1064848	6866	0
GPL002	11	Response	16	1070918	12936	0
GPL002	11	Pulse	199	1074848	16866	0
GPL002	12	Picture	fix2	1083017	0	1	20558	1	0	next	other	0
GPL002	12	Pulse	199	1084848	1832	0
GPL002	12	Pulse	199	1094848	11831	0
GPL002	13	Picture	feedback	1103575	0	1	20227	1	0	next	other	0
GPL002	13	Pulse	199	1104848	1273	0
GPL002	13	Pulse	199	1114848	11273	0
GPL002	14	Picture	fix	1123802	0	1	28516	1	0	next	other	0
GPL002	14	Pulse	199	1124849	1047	0
GPL002	14	Pulse	199	1134848	11046	0
GPL002	14	Pulse	199	1144848	21046	0
GPL002	16	Picture	stim	1152318	0	1	25035	1	0	25000	hit	44
GPL002	16	Pulse	199	1154848	2530	0
GPL002	16	Pulse	199	1164848	12530	0
GPL002	16	Response	16	1165468	13150	0
GPL002	16	Pulse	199	1174848	22530	0
GPL002	17	Picture	fix2	1177519	0	1	13927	1	0	next	other	0
GPL002	17	Pulse	199	1184849	7329	0
GPL002	18	Picture	feedback	1191446	0	1	20392	1	0	next	other	0
GPL002	18	Pulse	199	1194849	3403	0
GPL002	18	Pulse	199	1204848	13402	0
GPL002	19	Picture	fix	1211838	0	1	26859	1	0	next	other	0
GPL002	19	Pulse	199	1214849	3010	0
GPL002	19	Pulse	199	1224848	13010	0
GPL002	19	Pulse	199	1234848	23010	0
GPL002	21	Picture	stim	1238697	0	1	25035	1	0	25000	hit	57
GPL002	21	Pulse	199	1244848	6151	0
GPL002	21	Response	16	1251748	13051	0
GPL002	21	Pulse	199	1254848	16151	0
GPL002	22	Picture	fix2	1263898	0	1	22216	1	0	next	other	0
GPL002	22	Pulse	199	1264848	951	0
GPL002	22	Pulse	199	1274848	10950	0
GPL002	22	Pulse	199	1284848	20951	0
GPL002	23	Picture	feedback	1286114	0	1	20393	1	0	next	other	0
GPL002	23	Pulse	199	1294849	8734	0
GPL002	23	Pulse	199	1304849	18735	0
GPL002	24	Picture	fix	1306507	0	1	22216	1	0	next	other	0
GPL002	24	Pulse	199	1314848	8342	0
GPL002	24	Pulse	199	1324849	18342	0
GPL002	26	Picture	stim	1328723	0	1	25035	1	0	25000	hit	71
GPL002	26	Pulse	199	1334849	6126	0
GPL002	26	Response	16	1342189	13466	0
GPL002	26	Pulse	199	1344849	16126	0
GPL002	27	Picture	fix2	1353924	0	1	16414	1	0	next	other	0
GPL002	27	Pulse	199	1354849	925	0
GPL002	27	Pulse	199	1364849	10925	0
GPL002	28	Picture	feedback	1370337	0	1	20061	1	0	next	other	0
GPL002	28	Pulse	199	1374849	4511	0
GPL002	28	Pulse	199	1384848	14511	0
GPL002	29	Picture	fix	1390398	0	1	20227	1	0	next	other	0
GPL002	29	Pulse	199	1394849	4451	0
GPL002	29	Pulse	199	1404849	14450	0
GPL002	31	Picture	stim	1410625	0	1	25035	1	0	25000	hit	84
GPL002	31	Pulse	199	1414848	4223	0
GPL002	31	Response	16	1422649	12024	0
GPL002	31	Pulse	199	1424849	14224	0
GPL002	31	Pulse	199	1434849	24224	0
GPL002	32	Picture	fix2	1435660	0	1	24372	1	0	next	other	0
GPL002	32	Pulse	199	1444849	9189	0
GPL002	32	Pulse	199	1454848	19188	0
GPL002	33	Picture	feedback	1460032	0	1	20393	1	0	next	other	0
GPL002	33	Pulse	199	1464849	4817	0
GPL002	33	Pulse	199	1474849	14817	0
GPL002	34	Picture	fix	1480424	0	1	19066	1	0	next	other	0
GPL002	34	Pulse	199	1484849	4425	0
GPL002	34	Pulse	199	1494848	14424	0
GPL002	36	Picture	stim	1499491	0	1	25035	1	0	25000	hit	98
GPL002	36	Pulse	199	1504849	5359	0
GPL002	36	Response	16	1513869	14379	0
GPL002	36	Pulse	199	1514849	15358	0
GPL002	37	Picture	fix2	1524525	0	1	20061	1	0	next	other	0
GPL002	37	Pulse	199	1524849	324	0
GPL002	37	Pulse	199	1534848	10323	0
GPL002	38	Picture	feedback	1544586	0	1	20061	1	0	next	other	0
GPL002	38	Pulse	199	1544849	262	0
GPL002	38	Pulse	199	1554849	10262	0
GPL002	39	Picture	fix	1564647	0	1	23377	1	0	next	other	0
GPL002	39	Pulse	199	1564849	201	0
GPL002	39	Pulse	199	1574849	10201	0
GPL002	39	Pulse	199	1584849	20202	0
GPL002	41	Picture	stim	1588024	0	1	25035	1	0	25000	hit	112
GPL002	41	Pulse	199	1594849	6825	0
GPL002	41	Response	16	1598769	10745	0
GPL002	41	Pulse	199	1604849	16825	0
GPL002	42	Picture	fix2	1613059	0	1	29345	1	0	next	other	0
GPL002	42	Pulse	199	1614849	1790	0
GPL002	42	Pulse	199	1624849	11790	0
GPL002	42	Pulse	199	1634849	21789	0
GPL002	43	Picture	feedback	1642405	0	1	20061	1	0	next	other	0
GPL002	43	Pulse	199	1644849	2445	0
GPL002	43	Pulse	199	1654849	12444	0
GPL002	44	Picture	fix	1662466	0	1	25201	1	0	next	other	0
GPL002	44	Pulse	199	1664849	2384	0
GPL002	44	Pulse	199	1674849	12383	0
GPL002	44	Pulse	199	1684849	22384	0
GPL002	46	Picture	stim	1687666	0	1	25035	1	0	25000	incorrect	127
GPL002	46	Pulse	199	1694849	7183	0
GPL002	46	Response	32	1700959	13293	0
GPL002	46	Pulse	199	1704849	17182	0
GPL002	47	Picture	fix2	1712867	0	1	22548	1	0	next	other	0
GPL002	47	Pulse	199	1714850	1983	0
GPL002	47	Pulse	199	1724849	11982	0
GPL002	47	Pulse	199	1734849	21982	0
GPL002	48	Picture	feedback	1735415	0	1	20061	1	0	next	other	0
GPL002	48	Pulse	199	1744849	9434	0
GPL002	48	Pulse	199	1754849	19434	0
GPL002	49	Picture	fix	1755476	0	1	24537	1	0	next	other	0
GPL002	49	Pulse	199	1764850	9374	0
GPL002	49	Pulse	199	1774849	19373	0
GPL002	51	Picture	stim	1780014	0	1	25035	1	0	25000	hit	142
GPL002	51	Pulse	199	1784850	4836	0
GPL002	51	Pulse	199	1794860	14846	0
GPL002	51	Response	16	1797909	17896	0
GPL002	51	Pulse	199	1804849	24836	0
GPL002	52	Picture	fix2	1805048	0	1	16082	1	0	next	other	0
GPL002	52	Pulse	199	1814850	9801	0
GPL002	53	Picture	feedback	1821130	0	1	20060	3	0	next	other	0
GPL002	53	Pulse	199	1824860	3729	0
GPL002	53	Pulse	199	1834849	13719	0
GPL002	54	Picture	fix	1841190	0	3	26031	3	0	next	other	0
GPL002	54	Pulse	199	1844849	3658	0
GPL002	54	Pulse	199	1854859	13669	0
GPL002	54	Pulse	199	1864859	23669	0
GPL002	56	Picture	stim	1867221	0	1	25035	1	0	25000	hit	155
GPL002	56	Pulse	199	1874859	7638	0
GPL002	56	Response	16	1881469	14248	0
GPL002	56	Pulse	199	1884859	17638	0
GPL002	57	Picture	fix2	1892256	0	1	25864	1	0	next	other	0
GPL002	57	Pulse	199	1894859	2603	0
GPL002	57	Pulse	199	1904859	12603	0
GPL002	57	Pulse	199	1914859	22603	0
GPL002	58	Picture	feedback	1918120	0	1	20061	1	0	next	other	0
GPL002	58	Pulse	199	1924859	6740	0
GPL002	58	Pulse	199	1934859	16739	0
GPL002	59	Picture	fix	1938181	0	1	31169	1	0	next	other	0
GPL002	59	Pulse	199	1944859	6678	0
GPL002	59	Pulse	199	1954859	16679	0
GPL002	59	Pulse	199	1964859	26679	0
GPL002	61	Picture	stim	1969350	0	1	25035	1	0	25000	incorrect	170
GPL002	61	Pulse	199	1974859	5509	1
GPL002	61	Response	32	1980689	11339	0
GPL002	61	Pulse	199	1984859	15509	0
GPL002	62	Picture	fix2	1994385	0	1	16579	1	0	next	other	0
GPL002	62	Pulse	199	1994860	475	0
GPL002	62	Pulse	199	2004860	10475	0
GPL002	63	Picture	feedback	2010964	0	1	20061	1	0	next	other	0
GPL002	63	Pulse	199	2014859	3895	0
GPL002	63	Pulse	199	2024859	13895	0
GPL002	64	Picture	fix	2031025	0	1	33325	1	0	next	other	0
GPL002	64	Pulse	199	2034860	3835	0
GPL002	64	Pulse	199	2044859	13834	0
GPL002	64	Pulse	199	2054859	23834	0
GPL002	66	Picture	stim	2064350	0	1	25035	1	0	25000	hit	184
GPL002	66	Pulse	199	2064860	511	0
GPL002	66	Response	16	2074390	10041	0
GPL002	66	Pulse	199	2074860	10511	0
GPL002	66	Pulse	199	2084859	20510	0
GPL002	67	Picture	fix2	2089384	0	1	11606	1	0	next	other	0
GPL002	67	Pulse	199	2094860	5476	0
GPL002	68	Picture	feedback	2100990	0	1	20061	1	0	next	other	0
GPL002	68	Pulse	199	2104860	3870	0
GPL002	68	Pulse	199	2114860	13870	0
GPL002	69	Picture	fix	2121051	0	1	20393	1	0	next	other	0
GPL002	69	Pulse	199	2124859	3808	0
GPL002	69	Pulse	199	2134860	13809	0
GPL002	71	Picture	stim	2141444	0	1	25035	1	0	25000	hit	198
GPL002	71	Pulse	199	2144860	3416	0
GPL002	71	Pulse	199	2154859	13415	0
GPL002	71	Response	16	2160229	18786	0
GPL002	71	Pulse	199	2164860	23416	0
GPL002	72	Picture	fix2	2166479	0	1	26361	1	0	next	other	0
GPL002	72	Pulse	199	2174860	8381	0
GPL002	72	Pulse	199	2184859	18380	0
GPL002	73	Picture	feedback	2192840	0	1	20061	1	0	next	other	0
GPL002	73	Pulse	199	2194859	2019	0
GPL002	73	Pulse	199	2204860	12020	0
GPL002	74	Picture	fix	2212901	0	1	23377	1	0	next	other	0
GPL002	74	Pulse	199	2214860	1959	0
GPL002	74	Pulse	199	2224860	11959	0
GPL002	74	Pulse	199	2234860	21959	0
GPL002	76	Picture	stim	2236278	0	1	25035	1	0	25000	hit	212
GPL002	76	Pulse	199	2244860	8582	0
GPL002	76	Response	16	2248530	12252	0
GPL002	76	Pulse	199	2254859	18581	0
GPL002	77	Picture	fix2	2261312	0	1	15916	1	0	next	other	0
GPL002	77	Pulse	199	2264860	3547	0
GPL002	77	Pulse	199	2274860	13548	0
GPL002	78	Picture	feedback	2277229	0	1	20061	1	0	next	other	0
GPL002	78	Pulse	199	2284860	7632	0
GPL002	78	Pulse	199	2294859	17631	0
GPL002	79	Picture	fix	2297290	0	1	17408	1	0	next	other	0
GPL002	79	Pulse	199	2304860	7571	0
GPL002	81	Picture	stim	2314698	0	1	25035	1	0	25000	incorrect	225
GPL002	81	Pulse	199	2314860	162	0
GPL002	81	Pulse	199	2324860	10161	0
GPL002	81	Response	32	2329140	14442	0
GPL002	81	Pulse	199	2334859	20161	0
GPL002	82	Picture	fix2	2339899	0	1	20393	1	0	next	other	0
GPL002	82	Pulse	199	2344861	4962	0
GPL002	82	Pulse	199	2354860	14961	0
GPL002	83	Picture	feedback	2360292	0	1	20061	1	0	next	other	0
GPL002	83	Pulse	199	2364860	4568	0
GPL002	83	Pulse	199	2374860	14569	0
GPL002	84	Picture	fix	2380353	0	1	18569	1	0	next	other	0
GPL002	84	Pulse	199	2384860	4508	0
GPL002	84	Pulse	199	2394860	14507	0
GPL002	86	Picture	stim	2398921	0	1	25035	1	0	25000	hit	238
GPL002	86	Pulse	199	2404860	5938	0
GPL002	86	Response	16	2408140	9219	0
GPL002	86	Pulse	199	2414860	15939	0
GPL002	87	Picture	fix2	2423956	0	1	26196	1	0	next	other	0
GPL002	87	Pulse	199	2424860	904	0
GPL002	87	Pulse	199	2434860	10903	0
GPL002	87	Pulse	199	2444860	20904	0
GPL002	88	Picture	feedback	2450152	0	1	20061	1	0	next	other	0
GPL002	88	Pulse	199	2454860	4709	0
GPL002	88	Pulse	199	2464860	14708	0
GPL002	89	Picture	fix	2470213	0	1	26527	1	0	next	other	0
GPL002	89	Pulse	199	2474861	4648	0
GPL002	89	Pulse	199	2484860	14648	0
GPL002	89	Pulse	199	2494860	24647	0
GPL002	91	Picture	stim	2496740	0	1	25035	1	0	25000	incorrect	253
GPL002	91	Pulse	199	2504860	8120	0
GPL002	91	Response	32	2510840	14101	0
GPL002	91	Pulse	199	2514860	18121	0
GPL002	92	Picture	fix2	2521775	0	1	16082	1	0	next	other	0
GPL002	92	Pulse	199	2524861	3086	0
GPL002	92	Pulse	199	2534860	13085	0
GPL002	93	Picture	feedback	2537857	0	1	20061	1	0	next	other	0
GPL002	93	Pulse	199	2544861	7004	0
GPL002	93	Pulse	199	2554861	17004	0
GPL002	94	Picture	fix	2557918	0	1	24703	1	0	next	other	0
GPL002	94	Pulse	199	2564861	6943	0
GPL002	94	Pulse	199	2574860	16942	0
GPL002	96	Picture	stim	2582621	0	1	25035	1	0	25000	hit	267
GPL002	96	Pulse	199	2584861	2240	0
GPL002	96	Pulse	199	2594860	12240	0
GPL002	96	Response	16	2598470	15850	0
GPL002	96	Pulse	199	2604860	22239	0
GPL002	97	Picture	fix2	2607656	0	1	18071	1	0	next	other	0
GPL002	97	Pulse	199	2614861	7205	0
GPL002	97	Pulse	199	2624861	17205	0
GPL002	98	Picture	feedback	2625727	0	1	20061	1	0	next	other	0
GPL002	98	Pulse	199	2634860	9133	0
GPL002	98	Pulse	199	2644860	19133	0
GPL002	99	Picture	fix	2645788	0	1	19398	1	0	next	other	0
GPL002	99	Pulse	199	2654861	9072	0
GPL002	99	Pulse	199	2664861	19072	0
GPL002	101	Picture	stim	2665186	0	1	25035	1	0	25000	incorrect	280
GPL002	101	Pulse	199	2674860	9674	0
GPL002	101	Response	32	2679021	13835	0
GPL002	101	Pulse	199	2684861	19675	0
GPL002	102	Picture	fix2	2690221	0	1	29014	1	0	next	other	0
GPL002	102	Pulse	199	2694861	4640	0
GPL002	102	Pulse	199	2704860	14639	0
GPL002	102	Pulse	199	2714860	24639	0
GPL002	103	Picture	feedback	2719235	0	1	20061	1	0	next	other	0
GPL002	103	Pulse	199	2724861	5626	0
GPL002	103	Pulse	199	2734861	15626	0
GPL002	104	Picture	fix	2739296	0	1	30009	1	0	next	other	0
GPL002	104	Pulse	199	2744860	5564	0
GPL002	104	Pulse	199	2754861	15565	0
GPL002	104	Pulse	199	2764861	25565	0
GPL002	106	Picture	stim	2769305	0	1	25035	1	0	25000	hit	295
GPL002	106	Pulse	199	2774861	5556	0
GPL002	106	Response	16	2779351	10046	0
GPL002	106	Pulse	199	2784861	15556	0
GPL002	107	Picture	fix2	2794339	0	1	21387	1	0	next	other	0
GPL002	107	Pulse	199	2794861	522	0
GPL002	107	Pulse	199	2804861	10521	0
GPL002	107	Pulse	199	2814860	20521	0
GPL002	108	Picture	feedback	2815727	0	1	20061	1	0	next	other	0
GPL002	108	Pulse	199	2824861	9134	0
GPL002	108	Pulse	199	2834861	19134	0
GPL002	109	Picture	fix	2835788	0	1	17740	2	0	next	other	0
GPL002	109	Pulse	199	2844860	9073	0
GPL002	111	Picture	stim	2853528	0	1	25035	2	0	25000	incorrect	308
GPL002	111	Pulse	199	2854861	1333	0
GPL002	111	Response	32	2864701	11173	0
GPL002	111	Pulse	199	2864861	11333	0
GPL002	111	Pulse	199	2874860	21333	0
GPL002	112	Picture	fix2	2878563	0	1	9119	1	0	next	other	0
GPL002	112	Pulse	199	2884860	6298	0
GPL002	113	Picture	feedback	2887681	0	1	20061	1	0	next	other	0
GPL002	113	Pulse	199	2894861	7180	0
GPL002	113	Pulse	199	2904861	17180	0
GPL002	114	Picture	fix	2907742	0	1	26859	1	0	next	other	0
GPL002	114	Pulse	199	2914860	7118	0
GPL002	114	Pulse	199	2924861	17119	0
GPL002	116	Picture	stim	2934601	0	1	25035	1	0	25000	hit	322
GPL002	116	Pulse	199	2934861	260	0
GPL002	116	Pulse	199	2944861	10260	0
GPL002	116	Response	16	2954081	19480	0
GPL002	116	Pulse	199	2954860	20259	0
GPL002	117	Picture	fix2	2959802	0	1	21885	1	0	next	other	0
GPL002	117	Pulse	199	2964861	5060	0
GPL002	117	Pulse	199	2974861	15059	0
GPL002	118	Picture	feedback	2981686	0	1	20061	1	0	next	other	0
GPL002	118	Pulse	199	2984860	3174	0
GPL002	118	Pulse	199	2994861	13175	0
GPL002	119	Picture	fix	3001747	0	1	22050	1	0	next	other	0
GPL002	119	Pulse	199	3004861	3114	0
GPL002	119	Pulse	199	3014861	13113	0
GPL002	121	Picture	stim	3023798	0	1	25035	1	0	25000	incorrect	336
GPL002	121	Pulse	199	3024861	1063	0
GPL002	121	Pulse	199	3034861	11063	0
GPL002	121	Response	32	3042681	18883	0
GPL002	121	Pulse	199	3044861	21063	0
GPL002	122	Picture	fix2	3048999	0	1	21387	1	0	next	other	0
GPL002	122	Pulse	199	3054861	5862	0
GPL002	122	Pulse	199	3064861	15863	0
GPL002	123	Picture	feedback	3070386	0	1	20061	1	0	next	other	0
GPL002	123	Pulse	199	3074862	4476	0
GPL002	123	Pulse	199	3084861	14475	0
GPL002	124	Picture	fix	3090447	0	1	30838	1	0	next	other	0
GPL002	124	Pulse	199	3094861	4414	0
GPL002	124	Pulse	199	3104862	14415	0
GPL002	124	Pulse	199	3114861	24414	0
GPL002	126	Picture	stim	3121285	0	1	25035	1	0	25000	incorrect	350
GPL002	126	Pulse	199	3124861	3576	0
GPL002	126	Response	32	3131631	10347	0
GPL002	126	Pulse	199	3134861	13577	0
GPL002	126	Pulse	199	3144862	23577	0
GPL002	127	Picture	fix2	3146319	0	1	18569	1	0	next	other	0
GPL002	127	Pulse	199	3154861	8542	0
GPL002	127	Pulse	199	3164861	18542	0
GPL002	128	Picture	feedback	3164888	0	1	20061	1	0	next	other	0
GPL002	128	Pulse	199	3174862	9973	0
GPL002	128	Pulse	199	3184861	19973	0
GPL002	129	Picture	fix	3184949	0	1	23543	1	0	next	other	0
GPL002	129	Pulse	199	3194861	9911	0
GPL002	129	Pulse	199	3204862	19912	0
GPL002	131	Picture	stim	3208492	0	1	25035	1	0	25000	hit	364
GPL002	131	Pulse	199	3214862	6370	0
GPL002	131	Response	16	3219352	10859	0
GPL002	131	Pulse	199	3224861	16369	0
GPL002	132	Picture	fix2	3233527	0	1	23377	1	0	next	other	0
GPL002	132	Pulse	199	3234861	1334	0
GPL002	132	Pulse	199	3244862	11335	0
GPL002	132	Pulse	199	3254861	21334	0
GPL002	133	Picture	feedback	3256904	0	1	20061	1	0	next	other	0
GPL002	133	Pulse	199	3264861	7957	0
GPL002	133	Pulse	199	3274862	17958	0
GPL002	134	Picture	fix	3276965	0	1	21885	1	0	next	other	0
GPL002	134	Pulse	199	3284862	7897	0
GPL002	134	Pulse	199	3294861	17896	0
GPL002	136	Picture	stim	3298850	0	1	25035	1	0	25000	incorrect	379
GPL002	136	Pulse	199	3304862	6012	0
GPL002	136	Pulse	199	3314862	16012	0
GPL002	136	Response	32	3315802	16952	0
GPL002	137	Picture	fix2	3323885	0	1	15916	1	0	next	other	0
GPL002	137	Pulse	199	3324862	978	0
GPL002	137	Pulse	199	3334861	10976	0
GPL002	138	Picture	feedback	3339801	0	1	20061	1	0	next	other	0
GPL002	138	Pulse	199	3344862	5061	0
GPL002	138	Pulse	199	3354862	15061	0
GPL002	139	Picture	fix	3359862	0	1	27356	1	0	next	other	0
GPL002	139	Pulse	199	3364861	4999	0
GPL002	139	Pulse	199	3374862	15000	0
GPL002	139	Pulse	199	3384862	25000	0
GPL002	141	Picture	stim	3387218	0	1	25035	1	0	25000	hit	392
GPL002	141	Pulse	199	3394862	7644	0
GPL002	141	Response	16	3395921	8704	0
GPL002	141	Pulse	199	3404861	17643	0
GPL002	142	Picture	fix2	3412253	0	1	16414	1	0	next	other	0
GPL002	142	Pulse	199	3414862	2610	0
GPL002	142	Pulse	199	3424862	12609	0
GPL002	143	Picture	feedback	3428666	0	1	20061	1	0	next	other	0
GPL002	143	Pulse	199	3434861	6195	0
GPL002	143	Pulse	199	3444862	16196	0
GPL002	144	Picture	fix	3448727	0	1	21387	1	0	next	other	0
GPL002	144	Pulse	199	3454862	6135	0
GPL002	144	Pulse	199	3464861	16134	0
GPL002	146	Picture	stim	3470115	0	1	25035	1	0	25000	hit	406
GPL002	146	Pulse	199	3474861	4747	0
GPL002	146	Pulse	199	3484862	14747	0
GPL002	146	Response	16	3485792	15677	0
GPL002	146	Pulse	199	3494862	24747	0
GPL002	147	Picture	fix2	3495149	0	1	24206	1	0	next	other	0
GPL002	147	Pulse	199	3504861	9712	0
GPL002	147	Pulse	199	3514862	19713	0
GPL002	148	Picture	feedback	3519355	0	1	20061	1	0	next	other	0
GPL002	148	Pulse	199	3524862	5507	0
GPL002	148	Pulse	199	3534861	15506	0
GPL002	149	Picture	fix	3539416	0	1	32164	1	0	next	other	0
GPL002	149	Pulse	199	3544862	5445	0
GPL002	149	Pulse	199	3554862	15446	0
GPL002	149	Pulse	199	3564872	25455	0
GPL002	151	Picture	stim	3571580	0	1	25035	1	0	25000	incorrect	420
GPL002	151	Pulse	199	3574871	3291	0
GPL002	151	Response	32	3583342	11762	0
GPL002	151	Pulse	199	3584862	13282	0
GPL002	151	Pulse	199	3594872	23292	0
GPL002	152	Picture	fix2	3596615	0	1	21719	1	0	next	other	0
GPL002	152	Pulse	199	3604862	8246	0
GPL002	152	Pulse	199	3614872	18257	0
GPL002	153	Picture	feedback	3618334	0	1	20061	1	0	next	other	0
GPL002	153	Pulse	199	3624872	6538	0
GPL002	153	Pulse	199	3634872	16537	0
GPL002	154	Picture	fix	3638395	0	1	23708	1	0	next	other	0
GPL002	154	Pulse	199	3644872	6477	0
GPL002	154	Pulse	199	3654872	16477	0
GPL002	156	Picture	stim	3662104	0	1	25035	1	0	25000	incorrect	434
GPL002	156	Pulse	199	3664872	2768	0
GPL002	156	Response	32	3674282	12178	0
GPL002	156	Pulse	199	3674871	12768	0
GPL002	156	Pulse	199	3684872	22768	0
GPL002	157	Picture	fix2	3687304	0	1	21387	1	0	next	other	0
GPL002	157	Pulse	199	3694872	7568	0
GPL002	157	Pulse	199	3704872	17567	0
GPL002	158	Picture	feedback	3708692	0	1	20061	1	0	next	other	0
GPL002	158	Pulse	199	3714872	6180	0
GPL002	158	Pulse	199	3724872	16181	0
GPL002	159	Picture	fix	3728753	0	1	35977	1	0	next	other	0
GPL002	159	Pulse	199	3734872	6119	0
GPL002	159	Pulse	199	3744872	16119	0
GPL002	159	Pulse	199	3754872	26119	0
GPL002	161	Picture	stim	3764730	0	1	25035	1	0	25000	incorrect	450
GPL002	161	Pulse	199	3764872	142	0
GPL002	161	Pulse	199	3774872	10142	0
GPL002	161	Response	32	3776062	11332	0
GPL002	161	Pulse	199	3784872	20142	0
GPL002	162	Picture	fix2	3789931	0	1	12932	1	0	next	other	0
GPL002	162	Pulse	199	3794872	4942	0
GPL002	163	Picture	feedback	3802863	0	1	20061	1	0	next	other	0
GPL002	163	Pulse	199	3804872	2010	0
GPL002	163	Pulse	199	3814872	12009	0
GPL002	164	Picture	fix	3822924	0	1	29677	1	0	next	other	0
GPL002	164	Pulse	199	3824873	1949	0
GPL002	164	Pulse	199	3834873	11949	0
GPL002	164	Pulse	199	3844872	21949	0
GPL002	166	Picture	stim	3852601	0	1	25035	1	0	25000	incorrect	463
GPL002	166	Pulse	199	3854873	2272	0
GPL002	166	Response	32	3863163	10562	0
GPL002	166	Pulse	199	3864873	12272	0
GPL002	166	Pulse	199	3874873	22272	0
GPL002	167	Picture	fix2	3877635	0	1	27688	1	0	next	other	0
GPL002	167	Pulse	199	3884872	7237	0
GPL002	167	Pulse	199	3894872	17237	0
GPL002	167	Pulse	199	3904873	27237	0
GPL002	168	Picture	feedback	3905323	0	1	20061	1	0	next	other	0
GPL002	168	Pulse	199	3914873	9549	0
GPL002	168	Pulse	199	3924873	19550	0
GPL002	169	Picture	fix	3925384	0	1	22382	1	0	next	other	0
GPL002	169	Pulse	199	3934873	9489	0
GPL002	169	Pulse	199	3944873	19489	0
GPL002	171	Picture	stim	3947766	0	1	25035	1	0	25000	hit	478
GPL002	171	Pulse	199	3954873	7106	0
GPL002	171	Response	16	3957073	9306	0
GPL002	171	Pulse	199	3964873	17107	0
GPL002	172	Picture	fix2	3972801	0	1	13263	1	0	next	other	0
GPL002	172	Pulse	199	3974873	2072	0
GPL002	172	Pulse	199	3984872	12071	0
GPL002	173	Picture	feedback	3986065	0	1	20061	1	0	next	other	0
GPL002	173	Pulse	199	3994873	8808	1
GPL002	173	Pulse	199	4004873	18808	0
GPL002	174	Picture	fix	4006126	0	1	29180	1	0	next	other	0
GPL002	174	Pulse	199	4014873	8747	0
GPL002	174	Pulse	199	4024873	18747	0
GPL002	174	Pulse	199	4034873	28747	0
GPL002	176	Picture	stim	4035305	0	1	25035	1	0	25000	incorrect	492
GPL002	176	Pulse	199	4044873	9568	0
GPL002	176	Response	32	4046833	11527	0
GPL002	176	Pulse	199	4054872	19567	0
GPL002	177	Picture	fix2	4060506	0	1	18071	1	0	next	other	0
GPL002	177	Pulse	199	4064873	4367	0
GPL002	177	Pulse	199	4074873	14367	0
GPL002	178	Picture	feedback	4078577	0	1	20061	1	0	next	other	0
GPL002	178	Pulse	199	4084873	6295	0
GPL002	178	Pulse	199	4094873	16295	0
GPL002	179	Picture	fix	4098639	0	1	29345	1	0	next	other	0
GPL002	179	Pulse	199	4104873	6235	0
GPL002	179	Pulse	199	4114873	16234	0
GPL002	179	Pulse	199	4124872	26234	0
GPL002	181	Picture	stim	4127984	0	1	25035	1	0	25000	incorrect	506
GPL002	181	Pulse	199	4134873	6889	0
GPL002	181	Response	32	4140903	12919	0
GPL002	181	Pulse	199	4144873	16889	0
GPL002	182	Picture	fix2	4153019	0	1	23543	1	0	next	other	0
GPL002	182	Pulse	199	4154873	1854	0
GPL002	182	Pulse	199	4164873	11854	0
GPL002	182	Pulse	199	4174873	21854	0
GPL002	183	Picture	feedback	4176562	0	1	20061	1	0	next	other	0
GPL002	183	Pulse	199	4184873	8311	0
GPL002	183	Pulse	199	4194872	18311	0
GPL002	184	Picture	fix	4196623	0	1	28019	1	0	next	other	0
GPL002	184	Pulse	199	4204873	8251	0
GPL002	184	Pulse	199	4214873	18250	0
GPL002	186	Picture	stim	4224642	0	1	25035	1	0	25000	incorrect	521
GPL002	186	Pulse	199	4224872	231	0
GPL002	186	Pulse	199	4234873	10231	0
GPL002	186	Response	32	4240883	16241	0
GPL002	186	Pulse	199	4244873	20231	0
GPL002	187	Picture	fix2	4249842	0	1	17243	1	0	next	other	0
GPL002	187	Pulse	199	4254873	5031	0
GPL002	187	Pulse	199	4264872	15030	0
GPL002	188	Picture	feedback	4267085	0	1	20061	1	0	next	other	0
GPL002	188	Pulse	199	4274873	7788	0
GPL002	188	Pulse	199	4284873	17788	0
GPL002	189	Picture	fix	4287146	0	1	29014	1	0	next	other	0
GPL002	189	Pulse	199	4294873	7727	0
GPL002	189	Pulse	199	4304873	17727	0
GPL002	189	Pulse	199	4314873	27727	0
GPL002	191	Picture	stim	4316160	0	1	25035	1	0	25000	hit	535
GPL002	191	Pulse	199	4324873	8713	0
GPL002	191	Response	16	4325044	8884	0
GPL002	191	Pulse	199	4334873	18713	0
GPL002	192	Picture	fix2	4341195	0	1	16579	1	0	next	other	0
GPL002	192	Pulse	199	4344873	3679	0
GPL002	192	Pulse	199	4354873	13679	0
GPL002	193	Picture	feedback	4357774	0	1	20061	1	0	next	other	0
GPL002	193	Pulse	199	4364873	7099	0
GPL002	193	Pulse	199	4374873	17099	0
GPL002	194	Picture	fix	4377835	0	1	26859	1	0	next	other	0
GPL002	194	Pulse	199	4384873	7038	0
GPL002	194	Pulse	199	4394873	17038	0
GPL002	196	Picture	stim	4404694	0	1	25035	1	0	25000	hit	549
GPL002	196	Pulse	199	4404873	179	0
GPL002	196	Pulse	199	4414873	10180	0
GPL002	196	Response	16	4417343	12650	0
GPL002	196	Pulse	199	4424873	20180	0
GPL002	197	Picture	fix2	4429894	0	1	21553	1	0	next	other	0
GPL002	197	Pulse	199	4434873	4979	0
GPL002	197	Pulse	199	4444873	14979	0
GPL002	198	Picture	feedback	4451448	0	1	20061	1	0	next	other	0
GPL002	198	Pulse	199	4454874	3426	0
GPL002	198	Pulse	199	4464873	13426	0
GPL002	199	Picture	fix	4471509	0	1	33988	1	0	next	other	0
GPL002	199	Pulse	199	4474874	3365	0
GPL002	199	Pulse	199	4484874	13365	0
GPL002	199	Pulse	199	4494873	23365	0
GPL002	199	Pulse	199	4504873	33364	0
GPL002	201	Picture	stim	4505496	0	1	25035	1	0	25000	hit	564
GPL002	201	Pulse	199	4514874	9377	0
GPL002	201	Response	16	4520723	15227	0
GPL002	201	Pulse	199	4524873	19377	0
GPL002	202	Picture	fix2	4530697	0	1	17906	1	0	next	other	0
GPL002	202	Pulse	199	4534873	4176	0
GPL002	202	Pulse	199	4544874	14177	0
GPL002	203	Picture	feedback	4548603	0	1	20061	1	0	next	other	0
GPL002	203	Pulse	199	4554874	6271	0
GPL002	203	Pulse	199	4564874	16271	0
GPL002	204	Picture	fix	4568664	0	1	20061	1	0	next	other	0
GPL002	204	Pulse	199	4574873	6210	0
GPL002	204	Pulse	199	4584874	16210	0
GPL002	206	Picture	stim	4588725	0	1	25035	1	0	25000	hit	577
GPL002	206	Pulse	199	4594874	6149	0
GPL002	206	Response	16	4598664	9939	0
GPL002	206	Pulse	199	4604873	16148	0
GPL002	207	Picture	fix2	4613760	0	1	22051	1	0	next	other	0
GPL002	207	Pulse	199	4614874	1115	0
GPL002	207	Pulse	199	4624874	11114	0
GPL002	207	Pulse	199	4634873	21114	0
GPL002	208	Picture	feedback	4635810	0	1	20061	1	0	next	other	0
GPL002	208	Pulse	199	4644873	9063	0
GPL002	208	Pulse	199	4654873	19063	0
GPL002	209	Picture	fix	4655871	0	1	28848	1	0	next	other	0
GPL002	209	Pulse	199	4664874	9002	0
GPL002	209	Pulse	199	4674873	19002	0
GPL002	211	Picture	stim	4684719	0	1	25035	1	0	25000	incorrect	592
GPL002	211	Pulse	199	4684874	154	0
GPL002	211	Pulse	199	4694874	10154	0
GPL002	211	Response	32	4700783	16064	0
GPL002	211	Pulse	199	4704873	20154	0
GPL002	212	Picture	fix2	4709754	0	1	14092	1	0	next	other	0
GPL002	212	Pulse	199	4714874	5119	0
GPL002	213	Picture	feedback	4723847	0	1	20061	1	0	next	other	0
GPL002	213	Pulse	199	4724874	1027	0
GPL002	213	Pulse	199	4734874	11027	0
GPL002	214	Picture	fix	4743908	0	1	28848	1	0	next	other	0
GPL002	214	Pulse	199	4744873	966	0
GPL002	214	Pulse	199	4754874	10966	0
GPL002	214	Pulse	199	4764874	20966	0
GPL002	216	Picture	stim	4772756	0	1	25035	1	0	25000	hit	605
GPL002	216	Pulse	199	4774873	2118	0
GPL002	216	Response	16	4783024	10268	0
GPL002	216	Pulse	199	4784874	12118	0
GPL002	216	Pulse	199	4794874	22118	0
GPL002	217	Picture	fix2	4797791	0	1	14756	1	0	next	other	0
GPL002	217	Pulse	199	4804874	7083	0
GPL002	218	Picture	feedback	4812546	0	1	20061	1	0	next	other	0
GPL002	218	Pulse	199	4814873	2327	0
GPL002	218	Pulse	199	4824874	12328	0
GPL002	219	Picture	fix	4832607	0	1	16248	1	0	next	other	0
GPL002	219	Pulse	199	4834874	2267	0
GPL002	219	Pulse	199	4844874	12266	0
GPL002	221	Picture	stim	4848855	0	1	25035	1	0	25000	incorrect	619
GPL002	221	Pulse	199	4854874	6020	0
GPL002	221	Pulse	199	4864874	16020	0
GPL002	221	Response	32	4864985	16130	0
GPL002	222	Picture	fix2	4873890	0	1	16745	1	0	next	other	0
GPL002	222	Pulse	199	4874874	985	0
GPL002	222	Pulse	199	4884874	10984	0
GPL002	223	Picture	feedback	4890635	0	1	20061	1	0	next	other	0
GPL002	223	Pulse	199	4894874	4239	0
GPL002	223	Pulse	199	4904874	14239	0
GPL002	224	Picture	fix	4910696	0	1	28516	1	0	next	other	0
GPL002	224	Pulse	199	4914874	4178	0
GPL002	224	Pulse	199	4924874	14178	0
GPL002	224	Pulse	199	4934874	24178	0
GPL002	226	Picture	stim	4939213	0	1	25035	1	0	25000	hit	632
GPL002	226	Pulse	199	4944874	5662	0
GPL002	226	Response	16	4946704	7491	0
GPL002	226	Pulse	199	4954874	15661	0
GPL002	227	Picture	fix2	4964247	0	1	14590	1	0	next	other	0
GPL002	227	Pulse	199	4964874	627	0
GPL002	227	Pulse	199	4974874	10627	0
GPL002	228	Picture	feedback	4978837	0	1	20061	1	0	next	other	0
GPL002	228	Pulse	199	4984874	6036	0
GPL002	228	Pulse	199	4994874	16037	0
GPL002	229	Picture	fix	4998898	0	1	24703	1	0	next	other	0
GPL002	229	Pulse	199	5004874	5976	0
GPL002	229	Pulse	199	5014874	15976	0
GPL002	231	Picture	stim	5023602	0	1	25035	1	0	25000	incorrect	645
GPL002	231	Pulse	199	5024874	1273	0
GPL002	231	Response	32	5033334	9733	0
GPL002	231	Pulse	199	5034874	11273	0
GPL002	231	Pulse	199	5044874	21273	0
GPL002	232	Picture	fix2	5048802	0	1	10777	1	0	next	other	0
GPL002	232	Pulse	199	5054874	6072	0
GPL002	233	Picture	feedback	5059579	0	1	20061	1	0	next	other	0
GPL002	233	Pulse	199	5064875	5296	0
GPL002	233	Pulse	199	5074874	15296	0
GPL002	234	Picture	fix	5079640	0	1	37469	1	0	next	other	0
GPL002	234	Pulse	199	5084874	5234	0
GPL002	234	Pulse	199	5094874	15234	0
GPL002	234	Pulse	199	5104874	25234	0
GPL002	234	Pulse	199	5114874	35235	0
GPL002	236	Picture	stim	5117109	0	1	25035	1	0	25000	incorrect	660
GPL002	236	Pulse	199	5124874	7765	0
GPL002	236	Response	32	5128145	11035	0
GPL002	236	Pulse	199	5134875	17765	0
GPL002	237	Picture	fix2	5142144	0	1	25864	1	0	next	other	0
GPL002	237	Pulse	199	5144875	2731	0
GPL002	237	Pulse	199	5154874	12730	0
GPL002	237	Pulse	199	5164874	22730	0
GPL002	238	Picture	feedback	5168008	0	1	20061	1	0	next	other	0
GPL002	238	Pulse	199	5174875	6867	0
GPL002	238	Pulse	199	5184874	16867	0
GPL002	239	Picture	fix	5188069	0	1	22714	1	0	next	other	0
GPL002	239	Pulse	199	5194874	6805	0
GPL002	239	Pulse	199	5204875	16806	0
GPL002	241	Picture	stim	5210783	0	1	25035	1	0	25000	hit	674
GPL002	241	Pulse	199	5214875	4092	0
GPL002	241	Response	16	5220205	9422	0
GPL002	241	Pulse	199	5224874	14091	0
GPL002	241	Pulse	199	5234874	24091	0
GPL002	242	Picture	fix2	5235818	0	1	11108	1	0	next	other	0
GPL002	242	Pulse	199	5244875	9057	0
GPL002	243	Picture	feedback	5246926	0	1	20061	1	0	next	other	0
GPL002	243	Pulse	199	5254875	7949	0
GPL002	243	Pulse	199	5264874	17948	0
GPL002	244	Picture	100	5266987	0	1	15087	1	0	15000	other	0
GPL002	244	Pulse	199	5274875	7888	0
