Scenario - FBL_A.sce
Logfile written - 05/08/2021 14:20:48

Subject	Trial	Event Type	Code	Time	TTime	Uncertainty	Duration	Uncertainty	ReqTime	ReqDur	Stim Type	Pair Index

gpl017	1	Response	32	176058	165893	0
gpl017	2	Picture	start	176061	0	230	711152	231	0	next	other	0
gpl017	2	Response	16	207478	31417	0
gpl017	2	Response	16	209078	33017	0
gpl017	2	Response	16	210518	34457	0
gpl017	2	Response	16	211798	35738	0
gpl017	2	Response	16	213078	37018	0
gpl017	3	Pulse	199	887108	661036	0
gpl017	3	Pulse	199	897107	671035	0
gpl017	3	Pulse	199	907108	681036	0
gpl017	3	Pulse	199	917107	691036	0
gpl017	3	Pulse	199	927107	701036	0
gpl017	3	Pulse	199	937107	711035	0
gpl017	4	Picture	fix	937448	0	1	22879	1	0	next	other	0
gpl017	4	Pulse	199	947108	9660	0
gpl017	4	Pulse	199	957107	19659	0
gpl017	6	Picture	stim	960327	0	1	25035	1	0	25000	incorrect	19
gpl017	6	Pulse	199	967107	6780	0
gpl017	6	Response	32	975308	14980	0
gpl017	6	Pulse	199	977108	16780	0
gpl017	7	Picture	fix2	985362	0	1	20558	1	0	next	other	0
gpl017	7	Pulse	199	987108	1745	0
gpl017	7	Pulse	199	997107	11745	0
gpl017	8	Picture	feedback	1005921	0	1	20061	1	0	next	other	0
gpl017	8	Pulse	199	1007107	1187	0
gpl017	8	Pulse	199	1017107	11187	0
gpl017	9	Picture	fix	1025982	0	1	31169	1	0	next	other	0
gpl017	9	Pulse	199	1027108	1126	0
gpl017	9	Pulse	199	1037107	11125	0
gpl017	9	Pulse	199	1047108	21126	0
gpl017	9	Pulse	199	1057107	31126	0
gpl017	11	Picture	stim	1057151	0	1	25035	1	0	25000	incorrect	34
gpl017	11	Pulse	199	1067107	9956	0
gpl017	11	Response	32	1073687	16536	0
gpl017	11	Pulse	199	1077107	19957	0
gpl017	12	Picture	fix2	1082185	0	1	12932	1	0	next	other	0
gpl017	12	Pulse	199	1087108	4922	0
gpl017	13	Picture	feedback	1095118	0	1	20061	1	0	next	other	0
gpl017	13	Pulse	199	1097108	1990	0
gpl017	13	Pulse	199	1107107	11989	0
gpl017	14	Picture	fix	1115178	0	1	29180	1	0	next	other	0
gpl017	14	Pulse	199	1117108	1929	0
gpl017	14	Pulse	199	1127108	11929	0
gpl017	14	Pulse	199	1137107	21929	0
gpl017	16	Picture	stim	1144358	0	1	25035	1	0	25000	incorrect	48
gpl017	16	Pulse	199	1147107	2749	0
gpl017	16	Pulse	199	1157108	12750	0
gpl017	16	Response	32	1158348	13989	0
gpl017	16	Pulse	199	1167107	22749	0
gpl017	17	Picture	fix2	1169559	0	1	16580	1	0	next	other	0
gpl017	17	Pulse	199	1177107	7549	0
gpl017	18	Picture	feedback	1186138	0	1	20061	1	0	next	other	0
gpl017	18	Pulse	199	1187108	970	0
gpl017	18	Pulse	199	1197108	10970	0
gpl017	19	Picture	fix	1206199	0	1	24537	1	0	next	other	0
gpl017	19	Pulse	199	1207107	908	0
gpl017	19	Pulse	199	1217108	10909	0
gpl017	19	Pulse	199	1227108	20909	0
gpl017	21	Picture	stim	1230736	0	1	25035	1	0	25000	incorrect	62
gpl017	21	Pulse	199	1237108	6371	0
gpl017	21	Pulse	199	1247107	16370	0
gpl017	21	Response	32	1252547	21811	0
gpl017	22	Picture	fix2	1255771	0	1	16413	1	0	next	other	0
gpl017	22	Pulse	199	1257108	1336	0
gpl017	22	Pulse	199	1267107	11336	0
gpl017	23	Picture	feedback	1272185	0	1	20061	1	0	next	other	0
gpl017	23	Pulse	199	1277107	4922	0
gpl017	23	Pulse	199	1287108	14923	0
gpl017	24	Picture	fix	1292246	0	1	23377	1	0	next	other	0
gpl017	24	Pulse	199	1297108	4862	0
gpl017	24	Pulse	199	1307107	14862	0
gpl017	26	Picture	stim	1315623	0	1	25035	1	0	25000	incorrect	75
gpl017	26	Pulse	199	1317107	1484	0
gpl017	26	Pulse	199	1327108	11485	0
gpl017	26	Response	32	1333117	17494	0
gpl017	26	Pulse	199	1337108	21485	0
gpl017	27	Picture	fix2	1340657	0	1	9119	1	0	next	other	0
gpl017	27	Pulse	199	1347107	6450	0
gpl017	28	Picture	feedback	1349776	0	1	20061	1	0	next	other	0
gpl017	28	Pulse	199	1357108	7332	0
gpl017	28	Pulse	199	1367108	17331	0
gpl017	29	Picture	fix	1369837	0	1	28848	1	0	next	other	0
gpl017	29	Pulse	199	1377107	7270	0
gpl017	29	Pulse	199	1387107	17270	0
gpl017	29	Pulse	199	1397107	27270	0
gpl017	31	Picture	stim	1398685	0	1	25035	1	0	25000	incorrect	89
gpl017	31	Pulse	199	1407107	8422	0
gpl017	31	Pulse	199	1417107	18422	0
gpl017	31	Response	32	1418357	19672	0
gpl017	32	Picture	fix2	1423720	0	1	16082	1	0	next	other	0
gpl017	32	Pulse	199	1427107	3388	0
gpl017	32	Pulse	199	1437107	13387	0
gpl017	33	Picture	feedback	1439802	0	1	20061	1	0	next	other	0
gpl017	33	Pulse	199	1447107	7305	0
gpl017	33	Pulse	199	1457107	17305	0
gpl017	34	Picture	fix	1459863	0	1	28019	1	0	next	other	0
gpl017	34	Pulse	199	1467107	7245	0
gpl017	34	Pulse	199	1477107	17244	0
gpl017	34	Pulse	199	1487107	27244	0
gpl017	36	Picture	stim	1487882	0	1	25035	1	0	25000	hit	102
gpl017	36	Pulse	199	1497107	9225	0
gpl017	36	Response	16	1505528	17646	0
gpl017	36	Pulse	199	1507107	19225	0
gpl017	37	Picture	fix2	1512917	0	1	11606	1	0	next	other	0
gpl017	37	Pulse	199	1517107	4190	0
gpl017	38	Picture	feedback	1524522	0	1	20061	1	0	next	other	0
gpl017	38	Pulse	199	1527107	2585	0
gpl017	38	Pulse	199	1537107	12585	0
gpl017	39	Picture	fix	1544583	0	1	26030	1	0	next	other	0
gpl017	39	Pulse	199	1547107	2524	0
gpl017	39	Pulse	199	1557107	12523	0
gpl017	39	Pulse	199	1567107	22524	0
gpl017	41	Picture	stim	1570613	0	1	25010	192	0	25000	hit	115
gpl017	41	Pulse	199	1577107	6494	0
gpl017	41	Response	16	1586077	15464	0
gpl017	41	Pulse	199	1587107	16494	0
gpl017	42	Picture	fix2	1595622	0	192	21578	192	0	next	other	0
gpl017	42	Pulse	199	1597107	1485	0
gpl017	42	Pulse	199	1607107	11485	0
gpl017	42	Pulse	199	1617108	21485	0
gpl017	43	Picture	feedback	1617201	0	1	20061	1	0	next	other	0
gpl017	43	Pulse	199	1627107	9906	0
gpl017	43	Pulse	199	1637108	19907	0
gpl017	44	Picture	fix	1637262	0	1	19398	1	0	next	other	0
gpl017	44	Pulse	199	1647108	9846	0
gpl017	46	Picture	stim	1656660	0	1	25035	1	0	25000	incorrect	130
gpl017	46	Pulse	199	1657107	448	0
gpl017	46	Pulse	199	1667107	10448	0
gpl017	46	Pulse	199	1677107	20448	0
gpl017	46	Response	32	1678387	21728	0
gpl017	47	Picture	fix2	1681694	0	1	15253	1	0	next	other	0
gpl017	47	Pulse	199	1687107	5413	0
gpl017	48	Picture	feedback	1696947	0	1	20061	1	0	next	other	0
gpl017	48	Pulse	199	1697107	160	0
gpl017	48	Pulse	199	1707108	10160	0
gpl017	49	Picture	fix	1717008	0	1	23377	1	0	next	other	0
gpl017	49	Pulse	199	1717108	99	0
gpl017	49	Pulse	199	1727107	10099	0
gpl017	49	Pulse	199	1737107	20099	0
gpl017	51	Picture	stim	1740385	0	1	25035	1	0	25000	incorrect	143
gpl017	51	Pulse	199	1747108	6722	0
gpl017	51	Pulse	199	1757107	16722	0
gpl017	51	Response	32	1759157	18772	0
gpl017	52	Picture	fix2	1765420	0	1	20393	1	0	next	other	0
gpl017	52	Pulse	199	1767108	1688	0
gpl017	52	Pulse	199	1777107	11687	0
gpl017	53	Picture	feedback	1785813	0	1	20061	1	0	next	other	0
gpl017	53	Pulse	199	1787107	1295	0
gpl017	53	Pulse	199	1797107	11294	0
gpl017	54	Picture	fix	1805874	0	1	19066	1	0	next	other	0
gpl017	54	Pulse	199	1807108	1234	0
gpl017	54	Pulse	199	1817107	11234	0
gpl017	56	Picture	stim	1824940	0	1	25035	1	0	25000	incorrect	157
gpl017	56	Pulse	199	1827107	2167	0
gpl017	56	Pulse	199	1837107	12167	0
gpl017	56	Pulse	199	1847107	22167	0
gpl017	56	Response	32	1848337	23397	0
gpl017	57	Picture	fix2	1849975	0	1	24206	1	0	next	other	0
gpl017	57	Pulse	199	1857108	7133	0
gpl017	57	Pulse	199	1867107	17132	0
gpl017	58	Picture	feedback	1874181	0	1	20061	1	0	next	other	0
gpl017	58	Pulse	199	1877107	2927	0
gpl017	58	Pulse	199	1887107	12927	0
gpl017	59	Picture	fix	1894242	0	1	20227	1	0	next	other	0
gpl017	59	Pulse	199	1897107	2866	0
gpl017	59	Pulse	199	1907107	12866	0
gpl017	61	Picture	stim	1914468	0	1	25035	1	0	25000	hit	171
gpl017	61	Pulse	199	1917107	2639	0
gpl017	61	Pulse	199	1927107	12639	0
gpl017	61	Pulse	199	1937107	22638	0
gpl017	61	Response	16	1938987	24519	0
gpl017	62	Picture	fix2	1939503	0	1	25864	1	0	next	other	0
gpl017	62	Pulse	199	1947108	7604	0
gpl017	62	Pulse	199	1957107	17604	0
gpl017	63	Picture	feedback	1965367	0	1	20061	1	0	next	other	0
gpl017	63	Pulse	199	1967107	1740	0
gpl017	63	Pulse	199	1977107	11740	0
gpl017	64	Picture	fix	1985428	0	1	28516	1	0	next	other	0
gpl017	64	Pulse	199	1987108	1680	0
gpl017	64	Pulse	199	1997107	11679	0
gpl017	64	Pulse	199	2007107	21679	0
gpl017	66	Picture	stim	2013944	0	1	25035	1	0	25000	incorrect	185
gpl017	66	Pulse	199	2017107	3163	0
gpl017	66	Pulse	199	2027107	13163	0
gpl017	66	Response	32	2030167	16222	0
gpl017	66	Pulse	199	2037117	23172	0
gpl017	67	Picture	fix2	2038979	0	1	22548	1	0	next	other	0
gpl017	67	Pulse	199	2047108	8128	0
gpl017	67	Pulse	199	2057107	18128	0
gpl017	68	Picture	feedback	2061527	0	1	20061	1	0	next	other	0
gpl017	68	Pulse	199	2067107	5580	0
gpl017	68	Pulse	199	2077107	15580	0
gpl017	69	Picture	fix	2081588	0	1	32164	1	0	next	other	0
gpl017	69	Pulse	199	2087108	5520	0
gpl017	69	Pulse	199	2097117	15529	0
gpl017	69	Pulse	199	2107117	25529	0
gpl017	71	Picture	stim	2113752	0	1	25035	1	0	25000	miss	0
gpl017	71	Pulse	199	2117118	3366	0
gpl017	71	Pulse	199	2127117	13365	0
gpl017	71	Pulse	199	2137117	23365	0
gpl017	72	Picture	fix2	2138787	0	1	15916	1	0	next	other	0
gpl017	72	Response	16	2139508	721	0
gpl017	72	Pulse	199	2147117	8330	0
gpl017	73	Picture	feedback	2154703	0	1	20061	1	0	next	other	0
gpl017	73	Pulse	199	2157117	2414	0
gpl017	73	Pulse	199	2167117	12414	0
gpl017	74	Picture	fix	2174764	0	1	26361	1	0	next	other	0
gpl017	74	Pulse	199	2177117	2353	0
gpl017	74	Pulse	199	2187117	12353	0
gpl017	74	Pulse	199	2197117	22353	0
gpl017	76	Picture	stim	2201125	0	1	25035	1	0	25000	incorrect	213
gpl017	76	Pulse	199	2207117	5992	0
gpl017	76	Response	32	2214187	13062	0
gpl017	76	Pulse	199	2217117	15991	0
gpl017	77	Picture	fix2	2226160	0	1	22216	1	0	next	other	0
gpl017	77	Pulse	199	2227117	957	0
gpl017	77	Pulse	199	2237117	10957	0
gpl017	77	Pulse	199	2247117	20957	0
gpl017	78	Picture	feedback	2248376	0	1	20061	1	0	next	other	0
gpl017	78	Pulse	199	2257117	8741	0
gpl017	78	Pulse	199	2267117	18741	0
gpl017	79	Picture	fix	2268437	0	1	29345	1	0	next	other	0
gpl017	79	Pulse	199	2277117	8680	0
gpl017	79	Pulse	199	2287117	18680	0
gpl017	79	Pulse	199	2297117	28680	0
gpl017	81	Picture	stim	2297783	0	1	25035	1	0	25000	incorrect	228
gpl017	81	Pulse	199	2307117	9334	0
gpl017	81	Response	32	2311307	13524	0
gpl017	81	Pulse	199	2317116	19334	0
gpl017	82	Picture	fix2	2322817	0	1	11108	1	0	next	other	0
gpl017	82	Pulse	199	2327117	4300	0
gpl017	83	Picture	feedback	2333925	0	1	20061	1	0	next	other	0
gpl017	83	Pulse	199	2337117	3191	0
gpl017	83	Pulse	199	2347116	13191	0
gpl017	84	Picture	fix	2353986	0	1	21885	1	0	next	other	0
gpl017	84	Pulse	199	2357117	3131	0
gpl017	84	Pulse	199	2367117	13130	0
gpl017	86	Picture	stim	2375871	0	1	25035	1	0	25000	hit	242
gpl017	86	Pulse	199	2377117	1246	0
gpl017	86	Pulse	199	2387117	11245	0
gpl017	86	Pulse	199	2397117	21246	0
gpl017	86	Response	16	2397737	21866	0
gpl017	87	Picture	fix2	2400906	0	1	15916	1	0	next	other	0
gpl017	87	Pulse	199	2407117	6212	0
gpl017	88	Picture	feedback	2416822	0	1	20061	1	0	next	other	0
gpl017	88	Pulse	199	2417116	294	0
gpl017	88	Pulse	199	2427117	10295	0
gpl017	89	Picture	fix	2436883	0	1	25201	1	0	next	other	0
gpl017	89	Pulse	199	2437117	234	0
gpl017	89	Pulse	199	2447117	10234	0
gpl017	89	Pulse	199	2457116	20233	0
gpl017	91	Picture	stim	2462084	0	1	25035	1	0	25000	hit	254
gpl017	91	Pulse	199	2467117	5034	0
gpl017	91	Response	16	2473676	11593	0
gpl017	91	Pulse	199	2477117	15033	0
gpl017	91	Pulse	199	2487116	25033	0
gpl017	92	Picture	fix2	2487119	0	1	17242	1	0	next	other	0
gpl017	92	Pulse	199	2497117	9999	0
gpl017	93	Picture	feedback	2504361	0	1	20061	1	0	next	other	0
gpl017	93	Pulse	199	2507117	2756	0
gpl017	93	Pulse	199	2517117	12755	0
gpl017	94	Picture	fix	2524422	0	1	29014	1	0	next	other	0
gpl017	94	Pulse	199	2527117	2695	0
gpl017	94	Pulse	199	2537117	12695	0
gpl017	94	Pulse	199	2547117	22695	0
gpl017	96	Picture	stim	2553436	0	1	25035	1	0	25000	incorrect	269
gpl017	96	Pulse	199	2557117	3681	0
gpl017	96	Pulse	199	2567117	13681	0
gpl017	96	Response	32	2568896	15461	0
gpl017	96	Pulse	199	2577117	23681	0
gpl017	97	Picture	fix2	2578637	0	1	14092	1	0	next	other	0
gpl017	97	Pulse	199	2587117	8481	0
gpl017	98	Picture	feedback	2592729	0	1	20061	1	0	next	other	0
gpl017	98	Pulse	199	2597117	4388	0
gpl017	98	Pulse	199	2607117	14388	0
gpl017	99	Picture	fix	2612790	0	1	37469	1	0	next	other	0
gpl017	99	Pulse	199	2617117	4327	0
gpl017	99	Pulse	199	2627117	14327	0
gpl017	99	Pulse	199	2637117	24327	0
gpl017	99	Pulse	199	2647117	34327	0
gpl017	101	Picture	stim	2650259	0	1	25035	1	0	25000	incorrect	283
gpl017	101	Pulse	199	2657117	6858	0
gpl017	101	Response	32	2665907	15648	0
gpl017	101	Pulse	199	2667117	16858	0
gpl017	102	Picture	fix2	2675294	0	1	20061	1	0	next	other	0
gpl017	102	Pulse	199	2677117	1823	0
gpl017	102	Pulse	199	2687117	11823	0
gpl017	103	Picture	feedback	2695355	0	1	20061	1	0	next	other	0
gpl017	103	Pulse	199	2697117	1762	0
gpl017	103	Pulse	199	2707117	11762	0
gpl017	104	Picture	fix	2715416	0	1	17408	1	0	next	other	0
gpl017	104	Pulse	199	2717117	1701	0
gpl017	104	Pulse	199	2727117	11701	0
gpl017	106	Picture	stim	2732824	0	1	25035	1	0	25000	incorrect	297
gpl017	106	Pulse	199	2737117	4293	0
gpl017	106	Pulse	199	2747117	14293	0
gpl017	106	Response	32	2752926	20102	0
gpl017	106	Pulse	199	2757117	24293	0
gpl017	107	Picture	fix2	2757859	0	1	18071	1	0	next	other	0
gpl017	107	Pulse	199	2767117	9257	0
gpl017	108	Picture	feedback	2775931	0	1	20061	1	0	next	other	0
gpl017	108	Pulse	199	2777117	1187	0
gpl017	108	Pulse	199	2787117	11187	0
gpl017	109	Picture	fix	2795992	0	1	26859	1	0	next	other	0
gpl017	109	Pulse	199	2797117	1125	0
gpl017	109	Pulse	199	2807117	11126	0
gpl017	109	Pulse	199	2817117	21125	0
gpl017	111	Picture	stim	2822850	0	1	25035	1	0	25000	incorrect	310
gpl017	111	Pulse	199	2827117	4267	0
gpl017	111	Response	32	2831957	9107	0
gpl017	111	Pulse	199	2837116	14266	0
gpl017	111	Pulse	199	2847117	24267	0
gpl017	112	Picture	fix2	2848051	0	1	16413	1	0	next	other	0
gpl017	112	Pulse	199	2857117	9067	0
gpl017	113	Picture	feedback	2864464	0	1	20061	1	0	next	other	0
gpl017	113	Pulse	199	2867116	2652	0
gpl017	113	Pulse	199	2877117	12653	0
gpl017	114	Picture	fix	2884525	0	1	27356	1	0	next	other	0
gpl017	114	Pulse	199	2887117	2592	0
gpl017	114	Pulse	199	2897117	12592	0
gpl017	114	Pulse	199	2907116	22591	0
gpl017	116	Picture	stim	2911881	0	1	25035	1	0	25000	incorrect	325
gpl017	116	Pulse	199	2917117	5236	0
gpl017	116	Pulse	199	2927117	15236	0
gpl017	116	Response	32	2930167	18286	0
gpl017	117	Picture	fix2	2936916	0	1	10777	1	0	next	other	0
gpl017	117	Pulse	199	2937116	200	0
gpl017	117	Pulse	199	2947117	10201	0
gpl017	118	Picture	feedback	2947693	0	1	20061	1	0	next	other	0
gpl017	118	Pulse	199	2957117	9425	0
gpl017	118	Pulse	199	2967117	19424	0
gpl017	119	Picture	fix	2967754	0	1	22050	1	0	next	other	0
gpl017	119	Pulse	199	2977118	9364	0
gpl017	119	Pulse	199	2987117	19363	0
gpl017	121	Picture	stim	2989804	0	1	25035	1	0	25000	hit	337
gpl017	121	Pulse	199	2997117	7313	0
gpl017	121	Response	16	3003766	13962	0
gpl017	121	Pulse	199	3007116	17312	0
gpl017	122	Picture	fix2	3014839	0	1	13263	1	0	next	other	0
gpl017	122	Pulse	199	3017117	2278	0
gpl017	122	Pulse	199	3027117	12278	0
gpl017	123	Picture	feedback	3028102	0	1	20061	1	0	next	other	0
gpl017	123	Pulse	199	3037117	9015	0
gpl017	123	Pulse	199	3047117	19014	0
gpl017	124	Picture	fix	3048163	0	1	28848	1	0	next	other	0
gpl017	124	Pulse	199	3057117	8954	0
gpl017	124	Pulse	199	3067117	18954	0
gpl017	126	Picture	stim	3077011	0	1	25035	1	0	25000	incorrect	352
gpl017	126	Pulse	199	3077116	105	0
gpl017	126	Pulse	199	3087117	10106	0
gpl017	126	Pulse	199	3097117	20106	0
gpl017	126	Response	32	3097407	20395	0
gpl017	127	Picture	fix2	3102046	0	1	26361	1	0	next	other	0
gpl017	127	Pulse	199	3107117	5071	0
gpl017	127	Pulse	199	3117117	15071	0
gpl017	127	Pulse	199	3127117	25071	0
gpl017	128	Picture	feedback	3128407	0	1	20061	1	0	next	other	0
gpl017	128	Pulse	199	3137117	8710	0
gpl017	128	Pulse	199	3147116	18709	0
gpl017	129	Picture	fix	3148468	0	1	23543	1	0	next	other	0
gpl017	129	Pulse	199	3157117	8649	0
gpl017	129	Pulse	199	3167117	18649	0
gpl017	131	Picture	stim	3172011	0	1	25035	1	0	25000	incorrect	366
gpl017	131	Pulse	199	3177116	5106	0
gpl017	131	Pulse	199	3187117	15106	0
gpl017	131	Response	32	3193276	21266	0
gpl017	132	Picture	fix2	3197046	0	1	29014	1	0	next	other	0
gpl017	132	Pulse	199	3197117	71	0
gpl017	132	Pulse	199	3207117	10071	0
gpl017	132	Pulse	199	3217116	20070	0
gpl017	133	Picture	feedback	3226060	0	1	20061	1	0	next	other	0
gpl017	133	Pulse	199	3227117	1057	0
gpl017	133	Pulse	199	3237117	11057	0
gpl017	134	Picture	fix	3246121	0	1	33988	1	0	next	other	0
gpl017	134	Pulse	199	3247117	996	0
gpl017	134	Pulse	199	3257117	10996	0
gpl017	134	Pulse	199	3267116	20996	0
gpl017	134	Pulse	199	3277117	30997	0
gpl017	136	Picture	stim	3280108	0	1	25035	1	0	25000	incorrect	381
gpl017	136	Pulse	199	3287116	7008	0
gpl017	136	Response	32	3294897	14788	0
gpl017	136	Pulse	199	3297116	17008	0
gpl017	137	Picture	fix2	3305143	0	1	18569	1	0	next	other	0
gpl017	137	Pulse	199	3307117	1974	0
gpl017	137	Pulse	199	3317116	11973	0
gpl017	138	Picture	feedback	3323712	0	1	20061	1	0	next	other	0
gpl017	138	Pulse	199	3327117	3405	0
gpl017	138	Pulse	199	3337117	13405	0
gpl017	139	Picture	fix	3343773	0	1	26859	1	0	next	other	0
gpl017	139	Pulse	199	3347117	3344	0
gpl017	139	Pulse	199	3357116	13343	0
gpl017	139	Pulse	199	3367117	23344	0
gpl017	141	Picture	stim	3370631	0	1	25035	1	0	25000	incorrect	395
gpl017	141	Pulse	199	3377117	6486	0
gpl017	141	Response	32	3383377	12746	0
gpl017	141	Pulse	199	3387116	16485	0
gpl017	142	Picture	fix2	3395666	0	1	26195	1	0	next	other	0
gpl017	142	Pulse	199	3397117	1451	0
gpl017	142	Pulse	199	3407117	11451	0
gpl017	142	Pulse	199	3417117	21451	0
gpl017	143	Picture	feedback	3421862	0	1	20061	1	0	next	other	0
gpl017	143	Pulse	199	3427116	5255	0
gpl017	143	Pulse	199	3437117	15255	0
gpl017	144	Picture	fix	3441923	0	1	26858	1	0	next	other	0
gpl017	144	Pulse	199	3447117	5195	0
gpl017	144	Pulse	199	3457117	15194	0
gpl017	144	Pulse	199	3467117	25194	0
gpl017	146	Picture	stim	3468781	0	1	25035	1	0	25000	hit	410
gpl017	146	Pulse	199	3477117	8336	0
gpl017	146	Response	16	3480447	11666	0
gpl017	146	Pulse	199	3487116	18335	0
gpl017	147	Picture	fix2	3493816	0	1	13927	1	0	next	other	0
gpl017	147	Pulse	199	3497117	3301	0
gpl017	147	Pulse	199	3507117	13301	0
gpl017	148	Picture	feedback	3507743	0	1	20061	1	0	next	other	0
gpl017	148	Pulse	199	3517117	9374	0
gpl017	148	Pulse	199	3527116	19374	0
gpl017	149	Picture	fix	3527804	0	1	20393	1	0	next	other	0
gpl017	149	Pulse	199	3537117	9314	0
gpl017	149	Pulse	199	3547117	19314	0
gpl017	151	Picture	stim	3548196	0	1	25035	1	0	25000	incorrect	423
gpl017	151	Pulse	199	3557116	8920	0
gpl017	151	Response	32	3562247	14051	0
gpl017	151	Pulse	199	3567117	18921	0
gpl017	152	Picture	fix2	3573231	0	1	17906	1	0	next	other	0
gpl017	152	Pulse	199	3577117	3886	0
gpl017	152	Pulse	199	3587117	13886	0
gpl017	153	Picture	feedback	3591137	0	1	20061	1	0	next	other	0
gpl017	153	Pulse	199	3597116	5980	0
gpl017	153	Pulse	199	3607117	15980	0
gpl017	154	Picture	fix	3611198	0	1	20061	1	0	next	other	0
gpl017	154	Pulse	199	3617117	5920	0
gpl017	154	Pulse	199	3627116	15919	0
gpl017	156	Picture	stim	3631259	0	1	25035	1	0	25000	miss	0
gpl017	156	Pulse	199	3637117	5859	0
gpl017	156	Pulse	199	3647117	15858	0
gpl017	157	Picture	fix2	3656293	0	1	16745	1	0	next	other	0
gpl017	157	Response	16	3656667	374	0
gpl017	157	Pulse	199	3657117	823	0
gpl017	157	Pulse	199	3667116	10823	0
gpl017	158	Picture	feedback	3673039	0	1	20061	1	0	next	other	0
gpl017	158	Pulse	199	3677117	4078	0
gpl017	158	Pulse	199	3687117	14078	0
gpl017	159	Picture	fix	3693099	0	1	16248	1	0	next	other	0
gpl017	159	Pulse	199	3697116	4017	0
gpl017	159	Pulse	199	3707117	14017	0
gpl017	161	Picture	stim	3709347	0	1	25035	1	0	25000	incorrect	449
gpl017	161	Pulse	199	3717117	7770	0
gpl017	161	Response	32	3722827	13479	0
gpl017	161	Pulse	199	3727117	17769	0
gpl017	162	Picture	fix2	3734382	0	1	21387	1	0	next	other	0
gpl017	162	Pulse	199	3737116	2734	0
gpl017	162	Pulse	199	3747117	12735	0
gpl017	163	Picture	feedback	3755769	0	1	20061	1	0	next	other	0
gpl017	163	Pulse	199	3757117	1348	0
gpl017	163	Pulse	199	3767116	11347	0
gpl017	164	Picture	fix	3775830	0	1	25366	1	0	next	other	0
gpl017	164	Pulse	199	3777117	1287	0
gpl017	164	Pulse	199	3787117	11287	0
gpl017	164	Pulse	199	3797126	21296	0
gpl017	166	Picture	stim	3801197	0	1	25035	1	0	25000	hit	463
gpl017	166	Pulse	199	3807117	5920	0
gpl017	166	Response	16	3816427	15230	0
gpl017	166	Pulse	199	3817117	15920	0
gpl017	167	Picture	fix2	3826397	0	1	29345	1	0	next	other	0
gpl017	167	Pulse	199	3827127	730	0
gpl017	167	Pulse	199	3837126	10729	0
gpl017	167	Pulse	199	3847127	20729	0
gpl017	168	Picture	feedback	3855743	0	1	20061	1	0	next	other	0
gpl017	168	Pulse	199	3857127	1384	0
gpl017	168	Pulse	199	3867116	11374	0
gpl017	169	Picture	fix	3875804	0	1	23708	1	0	next	other	0
gpl017	169	Pulse	199	3877126	1323	0
gpl017	169	Pulse	199	3887126	11322	0
gpl017	169	Pulse	199	3897127	21323	0
gpl017	171	Picture	stim	3899512	0	1	25035	1	0	25000	hit	478
gpl017	171	Pulse	199	3907127	7615	0
gpl017	171	Response	16	3911487	11974	0
gpl017	171	Pulse	199	3917126	17614	0
gpl017	172	Picture	fix2	3924547	0	1	24372	1	0	next	other	0
gpl017	172	Pulse	199	3927126	2579	0
gpl017	172	Pulse	199	3937126	12579	0
gpl017	172	Pulse	199	3947126	22579	0
gpl017	173	Picture	feedback	3948919	0	1	20061	1	0	next	other	0
gpl017	173	Pulse	199	3957126	8207	0
gpl017	173	Pulse	199	3967126	18208	0
gpl017	174	Picture	fix	3968980	0	1	24703	1	0	next	other	0
gpl017	174	Pulse	199	3977126	8147	0
gpl017	174	Pulse	199	3987126	18147	0
gpl017	176	Picture	stim	3993683	0	1	25035	1	0	25000	incorrect	493
gpl017	176	Pulse	199	3997127	3444	0
gpl017	176	Pulse	199	4007126	13443	0
gpl017	176	Response	32	4009637	15954	0
gpl017	176	Pulse	199	4017126	23443	0
gpl017	177	Picture	fix2	4018718	0	1	23543	1	0	next	other	0
gpl017	177	Pulse	199	4027126	8408	0
gpl017	177	Pulse	199	4037126	18409	0
gpl017	178	Picture	feedback	4042260	0	1	20061	1	0	next	other	0
gpl017	178	Pulse	199	4047126	4866	0
gpl017	178	Pulse	199	4057126	14866	0
gpl017	179	Picture	fix	4062321	0	1	18569	1	0	next	other	0
gpl017	179	Pulse	199	4067127	4806	0
gpl017	179	Pulse	199	4077126	14805	0
gpl017	181	Picture	stim	4080890	0	1	25035	1	0	25000	hit	506
gpl017	181	Pulse	199	4087126	6236	0
gpl017	181	Response	16	4095657	14767	0
gpl017	181	Pulse	199	4097126	16236	0
gpl017	182	Picture	fix2	4106091	0	1	22050	1	0	next	other	0
gpl017	182	Pulse	199	4107127	1036	0
gpl017	182	Pulse	199	4117126	11035	0
gpl017	182	Pulse	199	4127126	21035	0
gpl017	183	Picture	feedback	4128141	0	1	20061	1	0	next	other	0
gpl017	183	Pulse	199	4137127	8986	0
gpl017	183	Pulse	199	4147126	18985	0
gpl017	184	Picture	fix	4148202	0	1	26527	1	0	next	other	0
gpl017	184	Pulse	199	4157127	8924	0
gpl017	184	Pulse	199	4167126	18924	0
gpl017	186	Picture	stim	4174729	0	1	25035	1	0	25000	hit	521
gpl017	186	Pulse	199	4177127	2397	0
gpl017	186	Pulse	199	4187126	12397	0
gpl017	186	Response	16	4195876	21147	0
gpl017	186	Pulse	199	4197126	22397	0
gpl017	187	Picture	fix2	4199764	0	1	21387	1	0	next	other	0
gpl017	187	Pulse	199	4207127	7363	0
gpl017	187	Pulse	199	4217127	17363	0
gpl017	188	Picture	feedback	4221151	0	1	20061	1	0	next	other	0
gpl017	188	Pulse	199	4227126	5975	0
gpl017	188	Pulse	199	4237126	15975	0
gpl017	189	Picture	fix	4241212	0	1	33324	1	0	next	other	0
gpl017	189	Pulse	199	4247126	5914	0
gpl017	189	Pulse	199	4257126	15914	0
gpl017	189	Pulse	199	4267126	25913	0
gpl017	191	Picture	stim	4274537	0	1	25035	1	0	25000	incorrect	535
gpl017	191	Pulse	199	4277127	2590	0
gpl017	191	Response	32	4282556	8019	0
gpl017	191	Pulse	199	4287127	12590	0
gpl017	191	Pulse	199	4297126	22589	0
gpl017	192	Picture	fix2	4299737	0	1	23377	1	0	next	other	0
gpl017	192	Pulse	199	4307126	7389	0
gpl017	192	Pulse	199	4317126	17389	0
gpl017	193	Picture	feedback	4323114	0	1	20061	1	0	next	other	0
gpl017	193	Pulse	199	4327126	4012	0
gpl017	193	Pulse	199	4337126	14012	0
gpl017	194	Picture	fix	4343175	0	1	28516	1	0	next	other	0
gpl017	194	Pulse	199	4347127	3951	0
gpl017	194	Pulse	199	4357126	13951	0
gpl017	194	Pulse	199	4367126	23951	0
gpl017	196	Picture	stim	4371692	0	1	25035	1	0	25000	hit	551
gpl017	196	Pulse	199	4377127	5435	0
gpl017	196	Pulse	199	4387126	15434	0
gpl017	196	Response	16	4392897	21205	0
gpl017	197	Picture	fix2	4396727	0	1	21885	1	0	next	other	0
gpl017	197	Pulse	199	4397126	399	0
gpl017	197	Pulse	199	4407126	10399	0
gpl017	197	Pulse	199	4417126	20400	0
gpl017	198	Picture	feedback	4418611	0	1	20061	1	0	next	other	0
gpl017	198	Pulse	199	4427126	8515	0
gpl017	198	Pulse	199	4437126	18515	0
gpl017	199	Picture	fix	4438672	0	1	30838	1	0	next	other	0
gpl017	199	Pulse	199	4447127	8455	0
gpl017	199	Pulse	199	4457126	18454	0
gpl017	199	Pulse	199	4467126	28453	0
gpl017	201	Picture	stim	4469510	0	1	25035	1	0	25000	hit	565
gpl017	201	Pulse	199	4477126	7616	0
gpl017	201	Response	16	4480567	11057	0
gpl017	201	Pulse	199	4487126	17617	0
gpl017	202	Picture	fix2	4494545	0	1	27688	1	0	next	other	0
gpl017	202	Pulse	199	4497126	2581	0
gpl017	202	Pulse	199	4507126	12581	0
gpl017	202	Pulse	199	4517127	22582	0
gpl017	203	Picture	feedback	4522232	0	1	20061	1	0	next	other	0
gpl017	203	Pulse	199	4527126	4894	0
gpl017	203	Pulse	199	4537126	14894	0
gpl017	204	Picture	fix	4542293	0	1	35977	1	0	next	other	0
gpl017	204	Pulse	199	4547126	4833	0
gpl017	204	Pulse	199	4557126	14833	0
gpl017	204	Pulse	199	4567126	24833	0
gpl017	204	Pulse	199	4577126	34833	0
gpl017	206	Picture	stim	4578270	0	1	25035	1	0	25000	hit	581
gpl017	206	Pulse	199	4587127	8856	0
gpl017	206	Response	16	4590806	12536	0
gpl017	206	Pulse	199	4597126	18855	0
gpl017	207	Picture	fix2	4603471	0	1	21387	1	0	next	other	0
gpl017	207	Pulse	199	4607126	3656	0
gpl017	207	Pulse	199	4617126	13655	0
gpl017	208	Picture	feedback	4624858	0	1	20061	1	0	next	other	0
gpl017	208	Pulse	199	4627126	2268	0
gpl017	208	Pulse	199	4637126	12268	0
gpl017	209	Picture	fix	4644919	0	1	30009	1	0	next	other	0
gpl017	209	Pulse	199	4647126	2207	0
gpl017	209	Pulse	199	4657127	12208	0
gpl017	209	Pulse	199	4667126	22207	0
gpl017	211	Picture	stim	4674928	0	1	25035	1	0	25000	hit	595
gpl017	211	Pulse	199	4677127	2199	0
gpl017	211	Response	16	4686687	11759	0
gpl017	211	Pulse	199	4687126	12198	0
gpl017	211	Pulse	199	4697126	22198	0
gpl017	212	Picture	fix2	4699963	0	1	14756	1	0	next	other	0
gpl017	212	Pulse	199	4707126	7164	0
gpl017	213	Picture	feedback	4714718	0	1	20061	1	0	next	other	0
gpl017	213	Pulse	199	4717126	2408	0
gpl017	213	Pulse	199	4727126	12408	0
gpl017	214	Picture	fix	4734779	0	1	29677	1	0	next	other	0
gpl017	214	Pulse	199	4737126	2347	0
gpl017	214	Pulse	199	4747126	12347	0
gpl017	214	Pulse	199	4757127	22347	0
gpl017	216	Picture	stim	4764456	0	1	25035	1	0	25000	hit	610
gpl017	216	Pulse	199	4767126	2670	0
gpl017	216	Pulse	199	4777126	12670	0
gpl017	216	Response	16	4777936	13480	0
gpl017	216	Pulse	199	4787126	22670	0
gpl017	217	Picture	fix2	4789491	0	1	16082	1	0	next	other	0
gpl017	217	Pulse	199	4797127	7636	0
gpl017	218	Picture	feedback	4805573	0	1	20061	1	0	next	other	0
gpl017	218	Pulse	199	4807126	1553	0
gpl017	218	Pulse	199	4817126	11553	0
gpl017	219	Picture	fix	4825634	0	1	17740	1	0	next	other	0
gpl017	219	Pulse	199	4827127	1493	0
gpl017	219	Pulse	199	4837126	11492	0
gpl017	221	Picture	stim	4843374	0	1	25035	1	0	25000	hit	623
gpl017	221	Pulse	199	4847126	3752	0
gpl017	221	Pulse	199	4857126	13752	0
gpl017	221	Response	16	4859637	16263	0
gpl017	221	Pulse	199	4867126	23752	0
gpl017	221	Response	32	4868076	24702	0
gpl017	222	Picture	fix2	4868574	0	1	16579	1	0	next	other	0
gpl017	222	Pulse	199	4877126	8552	0
gpl017	223	Picture	feedback	4885154	0	1	20061	1	0	next	other	0
gpl017	223	Pulse	199	4887126	1972	0
gpl017	223	Pulse	199	4897126	11973	0
gpl017	224	Picture	fix	4905215	0	1	24703	1	0	next	other	0
gpl017	224	Pulse	199	4907126	1911	0
gpl017	224	Pulse	199	4917126	11911	0
gpl017	224	Pulse	199	4927126	21911	0
gpl017	226	Picture	stim	4929918	0	1	25035	1	0	25000	hit	637
gpl017	226	Pulse	199	4937126	7208	0
gpl017	226	Response	16	4943217	13299	0
gpl017	226	Pulse	199	4947126	17208	0
gpl017	227	Picture	fix2	4954953	0	1	25864	1	0	next	other	0
gpl017	227	Pulse	199	4957126	2173	0
gpl017	227	Pulse	199	4967127	12174	0
gpl017	227	Pulse	199	4977126	22173	0
gpl017	228	Picture	feedback	4980817	0	1	20061	1	0	next	other	0
gpl017	228	Pulse	199	4987126	6310	0
gpl017	228	Pulse	199	4997126	16309	0
gpl017	229	Picture	fix	5000878	0	1	21387	1	0	next	other	0
gpl017	229	Pulse	199	5007126	6248	0
gpl017	229	Pulse	199	5017126	16248	0
gpl017	231	Picture	stim	5022265	0	1	25035	1	0	25000	incorrect	651
gpl017	231	Pulse	199	5027126	4861	0
gpl017	231	Response	32	5034166	11901	0
gpl017	231	Pulse	199	5037126	14862	0
gpl017	231	Pulse	199	5047126	24861	0
gpl017	232	Picture	fix2	5047300	0	1	21719	1	0	next	other	0
gpl017	232	Pulse	199	5057126	9826	0
gpl017	232	Pulse	199	5067126	19827	0
gpl017	233	Picture	feedback	5069019	0	1	20061	1	0	next	other	0
gpl017	233	Pulse	199	5077126	8107	0
gpl017	233	Pulse	199	5087126	18107	0
gpl017	234	Picture	fix	5089080	0	1	22216	1	0	next	other	0
gpl017	234	Pulse	199	5097126	8046	0
gpl017	234	Pulse	199	5107126	18046	0
gpl017	236	Picture	stim	5111296	0	1	25035	1	0	25000	incorrect	666
gpl017	236	Pulse	199	5117126	5830	0
gpl017	236	Pulse	199	5127126	15830	0
gpl017	236	Response	32	5134546	23250	0
gpl017	237	Picture	fix2	5136496	0	1	14590	1	0	next	other	0
gpl017	237	Pulse	199	5137126	630	0
gpl017	237	Pulse	199	5147126	10630	0
gpl017	238	Picture	feedback	5151086	0	1	20061	1	0	next	other	0
gpl017	238	Pulse	199	5157126	6039	0
gpl017	238	Pulse	199	5167126	16040	0
gpl017	239	Picture	fix	5171147	0	1	22382	1	0	next	other	0
gpl017	239	Pulse	199	5177127	5979	0
gpl017	239	Pulse	199	5187126	15979	0
gpl017	241	Picture	stim	5193529	0	1	25035	1	0	25000	incorrect	679
gpl017	241	Pulse	199	5197126	3596	0
gpl017	241	Pulse	199	5207127	13597	0
gpl017	241	Response	32	5209316	15787	0
gpl017	241	Pulse	199	5217126	23597	0
gpl017	242	Picture	fix2	5218730	0	1	18071	1	0	next	other	0
gpl017	242	Pulse	199	5227126	8396	0
gpl017	243	Picture	feedback	5236801	0	1	20061	1	0	next	other	0
gpl017	243	Pulse	199	5237126	325	0
gpl017	243	Pulse	199	5247127	10325	0
gpl017	244	Picture	100	5256863	0	1	250016	1	0	250000	other	0
gpl017	244	Pulse	199	5257126	263	0
gpl017	244	Pulse	199	5267126	10263	0
gpl017	244	Pulse	199	5277126	20264	0
gpl017	244	Pulse	199	5287126	30264	0
gpl017	244	Pulse	199	5297125	40263	0
gpl017	244	Pulse	199	5307127	50264	0
gpl017	244	Pulse	199	5317126	60263	0
gpl017	244	Pulse	199	5327126	70263	0
gpl017	244	Pulse	199	5337126	80263	0
gpl017	244	Pulse	199	5347126	90264	0
gpl017	244	Pulse	199	5357125	100263	0
gpl017	244	Pulse	199	5367126	110263	0
gpl017	244	Pulse	199	5377126	120264	0
gpl017	244	Pulse	199	5387126	130263	0
gpl017	244	Pulse	199	5397125	140263	0
gpl017	244	Pulse	199	5407126	150264	0
gpl017	244	Pulse	199	5417126	160264	0
gpl017	244	Pulse	199	5427126	170263	0
gpl017	244	Pulse	199	5437126	180263	0
gpl017	244	Pulse	199	5447127	190264	0
gpl017	244	Pulse	199	5457126	200263	0
gpl017	244	Pulse	199	5467126	210263	0
gpl017	244	Pulse	199	5477125	220263	0
