Scenario - FBL_A.sce
Logfile written - 05/14/2021 14:05:55

Subject	Trial	Event Type	Code	Time	TTime	Uncertainty	Duration	Uncertainty	ReqTime	ReqDur	Stim Type	Pair Index

gpl011	1	Response	16	100448	90282	0
gpl011	2	Picture	start	100450	0	239	701213	239	0	next	other	0
gpl011	2	Response	16	109168	8718	0
gpl011	2	Response	16	120048	19598	0
gpl011	2	Response	16	122288	21838	0
gpl011	2	Response	16	123888	23438	0
gpl011	2	Response	16	125488	25037	0
gpl011	3	Pulse	199	801508	651046	0
gpl011	3	Pulse	199	811507	661045	0
gpl011	3	Pulse	199	821507	671045	0
gpl011	3	Pulse	199	831507	681045	0
gpl011	3	Pulse	199	841507	691045	0
gpl011	3	Pulse	199	851507	701045	0
gpl011	4	Picture	fix	852377	0	186	22236	186	0	next	other	0
gpl011	4	Pulse	199	861507	9131	0
gpl011	4	Pulse	199	871507	19130	0
gpl011	6	Picture	stim	874613	0	1	25018	183	0	25000	hit	19
gpl011	6	Pulse	199	881507	6895	0
gpl011	6	Response	16	888648	14035	0
gpl011	6	Pulse	199	891507	16894	0
gpl011	7	Picture	fix2	899631	0	183	21404	183	0	next	other	0
gpl011	7	Pulse	199	901507	1877	0
gpl011	7	Pulse	199	911507	11876	0
gpl011	8	Picture	feedback	921035	0	1	20393	1	0	next	other	0
gpl011	8	Pulse	199	921507	472	0
gpl011	8	Pulse	199	931507	10472	0
gpl011	9	Picture	fix	941427	0	1	26858	1	0	next	other	0
gpl011	9	Pulse	199	941507	80	0
gpl011	9	Pulse	199	951508	10080	0
gpl011	9	Pulse	199	961508	20080	0
gpl011	11	Picture	stim	968286	0	1	25035	1	0	25000	hit	34
gpl011	11	Pulse	199	971508	3222	0
gpl011	11	Pulse	199	981508	13222	0
gpl011	11	Response	16	982077	13791	0
gpl011	11	Pulse	199	991507	23222	0
gpl011	12	Picture	fix2	993321	0	1	16413	1	0	next	other	0
gpl011	12	Pulse	199	1001508	8187	0
gpl011	13	Picture	feedback	1009734	0	1	20393	1	0	next	other	0
gpl011	13	Pulse	199	1011507	1773	0
gpl011	13	Pulse	199	1021507	11773	0
gpl011	14	Picture	fix	1030127	0	1	18569	1	0	next	other	0
gpl011	14	Pulse	199	1031508	1381	0
gpl011	14	Pulse	199	1041508	11381	0
gpl011	16	Picture	stim	1048696	0	1	25035	1	0	25000	hit	47
gpl011	16	Pulse	199	1051508	2812	0
gpl011	16	Pulse	199	1061507	12812	0
gpl011	16	Response	16	1064567	15872	0
gpl011	16	Pulse	199	1071508	22812	0
gpl011	17	Picture	fix2	1073731	0	1	23543	1	0	next	other	0
gpl011	17	Pulse	199	1081507	7776	0
gpl011	17	Pulse	199	1091508	17777	0
gpl011	18	Picture	feedback	1097273	0	1	20061	1	0	next	other	0
gpl011	18	Pulse	199	1101508	4235	0
gpl011	18	Pulse	199	1111507	14234	0
gpl011	19	Picture	fix	1117334	0	1	33324	1	0	next	other	0
gpl011	19	Pulse	199	1121508	4174	0
gpl011	19	Pulse	199	1131507	14173	0
gpl011	19	Pulse	199	1141507	24173	0
gpl011	21	Picture	stim	1150659	0	1	25035	1	0	25000	hit	62
gpl011	21	Pulse	199	1151507	849	0
gpl011	21	Pulse	199	1161507	10849	0
gpl011	21	Response	16	1166317	15658	0
gpl011	21	Pulse	199	1171507	20849	0
gpl011	22	Picture	fix2	1175859	0	1	20061	1	0	next	other	0
gpl011	22	Pulse	199	1181508	5648	0
gpl011	22	Pulse	199	1191507	15648	0
gpl011	23	Picture	feedback	1195920	0	1	20393	1	0	next	other	0
gpl011	23	Pulse	199	1201507	5587	0
gpl011	23	Pulse	199	1211507	15587	0
gpl011	24	Picture	fix	1216313	0	1	30009	1	0	next	other	0
gpl011	24	Pulse	199	1221507	5194	0
gpl011	24	Pulse	199	1231507	15194	0
gpl011	24	Pulse	199	1241507	25194	0
gpl011	26	Picture	stim	1246322	0	1	25035	1	0	25000	hit	77
gpl011	26	Pulse	199	1251507	5186	0
gpl011	26	Pulse	199	1261507	15186	0
gpl011	26	Response	16	1264177	17856	0
gpl011	26	Pulse	199	1271507	25186	0
gpl011	27	Picture	fix2	1271522	0	1	16579	1	0	next	other	0
gpl011	27	Pulse	199	1281508	9985	0
gpl011	28	Picture	feedback	1288102	0	1	20393	1	0	next	other	0
gpl011	28	Pulse	199	1291507	3405	0
gpl011	28	Pulse	199	1301507	13406	0
gpl011	29	Picture	fix	1308494	0	1	29014	1	0	next	other	0
gpl011	29	Pulse	199	1311508	3014	0
gpl011	29	Pulse	199	1321507	13013	0
gpl011	29	Pulse	199	1331508	23014	0
gpl011	31	Picture	stim	1337508	0	1	25035	1	0	25000	hit	91
gpl011	31	Pulse	199	1341508	4000	0
gpl011	31	Pulse	199	1351507	13999	0
gpl011	31	Response	16	1361067	23559	0
gpl011	31	Pulse	199	1361507	23999	0
gpl011	32	Picture	fix2	1362543	0	1	24372	1	0	next	other	0
gpl011	32	Pulse	199	1371507	8965	0
gpl011	32	Pulse	199	1381507	18965	0
gpl011	33	Picture	feedback	1386914	0	1	20061	1	0	next	other	0
gpl011	33	Pulse	199	1391507	4593	0
gpl011	33	Pulse	199	1401507	14593	0
gpl011	34	Picture	fix	1406975	0	1	19066	1	0	next	other	0
gpl011	34	Pulse	199	1411507	4532	0
gpl011	34	Pulse	199	1421507	14532	0
gpl011	36	Picture	stim	1426042	0	1	25035	1	0	25000	hit	105
gpl011	36	Pulse	199	1431507	5465	0
gpl011	36	Pulse	199	1441508	15466	0
gpl011	36	Response	16	1446347	20305	0
gpl011	37	Picture	fix2	1451242	0	1	14590	1	0	next	other	0
gpl011	37	Pulse	199	1451508	266	0
gpl011	37	Pulse	199	1461507	10265	0
gpl011	38	Picture	feedback	1465832	0	1	20227	1	0	next	other	0
gpl011	38	Pulse	199	1471507	5675	0
gpl011	38	Pulse	199	1481507	15675	0
gpl011	39	Picture	fix	1486059	0	1	28019	1	0	next	other	0
gpl011	39	Pulse	199	1491508	5449	0
gpl011	39	Pulse	199	1501507	15448	0
gpl011	39	Pulse	199	1511507	25449	0
gpl011	41	Picture	stim	1514078	0	1	25035	1	0	25000	incorrect	119
gpl011	41	Pulse	199	1521508	7430	0
gpl011	41	Pulse	199	1531507	17429	0
gpl011	41	Response	32	1532417	18339	0
gpl011	42	Picture	fix2	1539113	0	1	25864	1	0	next	other	0
gpl011	42	Pulse	199	1541508	2395	0
gpl011	42	Pulse	199	1551508	12395	0
gpl011	42	Pulse	199	1561507	22395	0
gpl011	43	Picture	feedback	1564977	0	1	20227	1	0	next	other	0
gpl011	43	Pulse	199	1571517	6540	0
gpl011	43	Pulse	199	1581517	16541	0
gpl011	44	Picture	fix	1585203	0	1	28848	1	0	next	other	0
gpl011	44	Pulse	199	1591517	6314	0
gpl011	44	Pulse	199	1601517	16313	0
gpl011	44	Pulse	199	1611517	26314	0
gpl011	46	Picture	stim	1614051	0	1	25035	1	0	25000	incorrect	133
gpl011	46	Pulse	199	1621517	7466	0
gpl011	46	Response	32	1630237	16185	0
gpl011	46	Pulse	199	1631517	17466	0
gpl011	47	Picture	fix2	1639086	0	1	15253	1	0	next	other	0
gpl011	47	Pulse	199	1641517	2431	0
gpl011	47	Pulse	199	1651517	12431	0
gpl011	48	Picture	feedback	1654339	0	1	20061	1	0	next	other	0
gpl011	48	Pulse	199	1661517	7178	0
gpl011	48	Pulse	199	1671517	17177	0
gpl011	49	Picture	fix	1674400	0	1	28516	1	0	next	other	0
gpl011	49	Pulse	199	1681517	7117	0
gpl011	49	Pulse	199	1691517	17117	0
gpl011	49	Pulse	199	1701518	27117	0
gpl011	51	Picture	stim	1702917	0	1	25035	1	0	25000	hit	148
gpl011	51	Pulse	199	1711517	8600	0
gpl011	51	Pulse	199	1721518	18601	0
gpl011	51	Response	16	1723648	20731	0
gpl011	52	Picture	fix2	1727952	0	1	12932	1	0	next	other	0
gpl011	52	Pulse	199	1731518	3567	0
gpl011	53	Picture	feedback	1740883	0	1	20061	1	0	next	other	0
gpl011	53	Pulse	199	1741517	634	0
gpl011	53	Pulse	199	1751517	10634	0
gpl011	54	Picture	fix	1760944	0	1	32164	1	0	next	other	0
gpl011	54	Pulse	199	1761518	574	0
gpl011	54	Pulse	199	1771517	10573	0
gpl011	54	Pulse	199	1781517	20573	0
gpl011	54	Pulse	199	1791518	30573	0
gpl011	56	Picture	stim	1793108	0	1	25035	1	0	25000	incorrect	162
gpl011	56	Pulse	199	1801518	8409	0
gpl011	56	Pulse	199	1811517	18409	0
gpl011	56	Response	32	1812897	19789	0
gpl011	57	Picture	fix2	1818309	0	1	16414	1	0	next	other	0
gpl011	57	Pulse	199	1821518	3209	0
gpl011	57	Pulse	199	1831517	13209	0
gpl011	58	Picture	feedback	1834722	0	1	20061	1	0	next	other	0
gpl011	58	Pulse	199	1841517	6795	0
gpl011	58	Pulse	199	1851518	16795	0
gpl011	59	Picture	fix	1854783	0	1	37469	1	0	next	other	0
gpl011	59	Pulse	199	1861518	6734	0
gpl011	59	Pulse	199	1871517	16734	0
gpl011	59	Pulse	199	1881517	26734	0
gpl011	59	Pulse	199	1891518	36734	0
gpl011	61	Picture	stim	1892253	0	1	25035	1	0	25000	incorrect	177
gpl011	61	Pulse	199	1901518	9265	0
gpl011	61	Pulse	199	1911517	19264	0
gpl011	61	Response	32	1911558	19306	0
gpl011	62	Picture	fix2	1917288	0	1	20558	1	0	next	other	0
gpl011	62	Pulse	199	1921518	4230	0
gpl011	62	Pulse	199	1931517	14230	0
gpl011	63	Picture	feedback	1937846	0	1	20227	1	0	next	other	0
gpl011	63	Pulse	199	1941518	3672	0
gpl011	63	Pulse	199	1951517	13671	0
gpl011	64	Picture	fix	1958073	0	1	28848	1	0	next	other	0
gpl011	64	Pulse	199	1961518	3445	0
gpl011	64	Pulse	199	1971517	13445	0
gpl011	64	Pulse	199	1981517	23444	0
gpl011	66	Picture	stim	1986921	0	1	25035	1	0	25000	incorrect	191
gpl011	66	Pulse	199	1991518	4597	0
gpl011	66	Pulse	199	2001517	14597	0
gpl011	66	Response	32	2002277	15357	0
gpl011	66	Pulse	199	2011518	24597	0
gpl011	67	Picture	fix2	2012121	0	1	27688	1	0	next	other	0
gpl011	67	Pulse	199	2021517	9396	0
gpl011	67	Pulse	199	2031518	19396	0
gpl011	68	Picture	feedback	2039809	0	1	20061	1	0	next	other	0
gpl011	68	Pulse	199	2041517	1708	0
gpl011	68	Pulse	199	2051517	11708	0
gpl011	69	Picture	fix	2059870	0	1	28517	1	0	next	other	0
gpl011	69	Pulse	199	2061518	1648	0
gpl011	69	Pulse	199	2071517	11647	0
gpl011	69	Pulse	199	2081517	21647	0
gpl011	71	Picture	stim	2088386	0	1	25201	1	0	25000	miss	0
gpl011	71	Pulse	199	2091517	3131	0
gpl011	71	Pulse	199	2101517	13131	0
gpl011	71	Pulse	199	2111517	23131	0
gpl011	72	Picture	fix2	2113587	0	1	14756	1	0	next	other	0
gpl011	72	Response	32	2116448	2861	0
gpl011	72	Pulse	199	2121517	7930	0
gpl011	73	Picture	feedback	2128343	0	1	20061	1	0	next	other	0
gpl011	73	Pulse	199	2131518	3175	0
gpl011	73	Pulse	199	2141518	13175	0
gpl011	74	Picture	fix	2148404	0	1	22382	1	0	next	other	0
gpl011	74	Pulse	199	2151517	3114	0
gpl011	74	Pulse	199	2161517	13113	0
gpl011	76	Picture	stim	2170786	0	1	25035	1	0	25000	hit	219
gpl011	76	Pulse	199	2171518	732	0
gpl011	76	Pulse	199	2181518	10732	0
gpl011	76	Response	16	2183697	12911	0
gpl011	76	Pulse	199	2191517	20731	0
gpl011	77	Picture	fix2	2195821	0	1	18072	1	0	next	other	0
gpl011	77	Pulse	199	2201518	5697	0
gpl011	77	Pulse	199	2211518	15697	0
gpl011	78	Picture	feedback	2213892	0	1	20061	1	0	next	other	0
gpl011	78	Pulse	199	2221517	7625	0
gpl011	78	Pulse	199	2231517	17625	0
gpl011	79	Picture	fix	2233953	0	1	25366	1	0	next	other	0
gpl011	79	Pulse	199	2241518	7565	0
gpl011	79	Pulse	199	2251517	17564	0
gpl011	81	Picture	stim	2259320	0	1	25035	1	0	25000	hit	233
gpl011	81	Pulse	199	2261517	2198	0
gpl011	81	Pulse	199	2271518	12198	0
gpl011	81	Response	16	2281047	21728	0
gpl011	81	Pulse	199	2281517	22198	0
gpl011	82	Picture	fix2	2284520	0	1	26195	1	0	next	other	0
gpl011	82	Pulse	199	2291517	6997	0
gpl011	82	Pulse	199	2301517	16997	0
gpl011	83	Picture	feedback	2310715	0	1	20061	1	0	next	other	0
gpl011	83	Pulse	199	2311518	802	0
gpl011	83	Pulse	199	2321517	10802	0
gpl011	84	Picture	fix	2330776	0	1	23543	1	0	next	other	0
gpl011	84	Pulse	199	2331518	741	0
gpl011	84	Pulse	199	2341517	10741	0
gpl011	84	Pulse	199	2351518	20741	0
gpl011	86	Picture	stim	2354319	0	1	25035	1	0	25000	incorrect	248
gpl011	86	Pulse	199	2361517	7198	0
gpl011	86	Pulse	199	2371518	17198	0
gpl011	86	Response	32	2372918	18599	0
gpl011	87	Picture	fix2	2379520	0	1	15916	1	0	next	other	0
gpl011	87	Pulse	199	2381518	1998	0
gpl011	87	Pulse	199	2391518	11998	0
gpl011	88	Picture	feedback	2395436	0	1	20061	1	0	next	other	0
gpl011	88	Pulse	199	2401517	6082	0
gpl011	88	Pulse	199	2411518	16082	0
gpl011	89	Picture	fix	2415497	0	1	23708	1	0	next	other	0
gpl011	89	Pulse	199	2421518	6021	0
gpl011	89	Pulse	199	2431517	16020	0
gpl011	91	Picture	stim	2439205	0	1	25035	1	0	25000	incorrect	260
gpl011	91	Pulse	199	2441518	2312	0
gpl011	91	Response	32	2449887	10682	0
gpl011	91	Pulse	199	2451517	12312	0
gpl011	91	Pulse	199	2461517	22312	0
gpl011	92	Picture	fix2	2464240	0	1	9119	1	0	next	other	0
gpl011	92	Pulse	199	2471518	7278	0
gpl011	93	Picture	feedback	2473359	0	1	20061	1	0	next	other	0
gpl011	93	Pulse	199	2481518	8159	0
gpl011	93	Pulse	199	2491518	18159	0
gpl011	94	Picture	fix	2493420	0	1	19398	1	0	next	other	0
gpl011	94	Pulse	199	2501517	8098	0
gpl011	94	Pulse	199	2511518	18098	0
gpl011	96	Picture	stim	2512818	0	1	25035	1	0	25000	hit	273
gpl011	96	Pulse	199	2521517	8700	0
gpl011	96	Response	16	2526567	13749	0
gpl011	96	Pulse	199	2531517	18699	0
gpl011	97	Picture	fix2	2537852	0	1	21387	1	0	next	other	0
gpl011	97	Pulse	199	2541517	3665	0
gpl011	97	Pulse	199	2551517	13665	0
gpl011	98	Picture	feedback	2559240	0	1	20061	1	0	next	other	0
gpl011	98	Pulse	199	2561517	2277	0
gpl011	98	Pulse	199	2571517	12277	0
gpl011	99	Picture	fix	2579301	0	1	26858	1	0	next	other	0
gpl011	99	Pulse	199	2581517	2216	0
gpl011	99	Pulse	199	2591517	12216	0
gpl011	99	Pulse	199	2601517	22216	0
gpl011	101	Picture	stim	2606159	0	1	25034	2	0	25000	incorrect	287
gpl011	101	Pulse	199	2611517	5358	0
gpl011	101	Response	32	2620808	14649	0
gpl011	101	Pulse	199	2621517	15358	0
gpl011	102	Picture	fix2	2631193	0	2	22217	2	0	next	other	0
gpl011	102	Pulse	199	2631517	324	0
gpl011	102	Pulse	199	2641517	10324	0
gpl011	102	Pulse	199	2651517	20324	0
gpl011	103	Picture	feedback	2653410	0	1	20061	1	0	next	other	0
gpl011	103	Pulse	199	2661517	8107	0
gpl011	103	Pulse	199	2671517	18106	0
gpl011	104	Picture	fix	2673471	0	1	20227	1	0	next	other	0
gpl011	104	Pulse	199	2681517	8046	0
gpl011	104	Pulse	199	2691517	18046	0
gpl011	106	Picture	stim	2693698	0	1	25035	1	0	25000	incorrect	301
gpl011	106	Pulse	199	2701517	7819	0
gpl011	106	Response	32	2703477	9779	0
gpl011	106	Pulse	199	2711517	17819	0
gpl011	107	Picture	fix2	2718733	0	1	21719	1	0	next	other	0
gpl011	107	Pulse	199	2721518	2785	0
gpl011	107	Pulse	199	2731518	12784	0
gpl011	108	Picture	feedback	2740452	0	1	20061	1	0	next	other	0
gpl011	108	Pulse	199	2741517	1065	0
gpl011	108	Pulse	199	2751518	11066	0
gpl011	109	Picture	fix	2760513	0	1	26859	1	0	next	other	0
gpl011	109	Pulse	199	2761518	1005	0
gpl011	109	Pulse	199	2771518	11005	0
gpl011	109	Pulse	199	2781517	21004	0
gpl011	111	Picture	stim	2787372	0	1	25035	1	0	25000	hit	315
gpl011	111	Pulse	199	2791518	4146	0
gpl011	111	Response	16	2795307	7935	0
gpl011	111	Pulse	199	2801517	14146	0
gpl011	111	Pulse	199	2811517	24145	0
gpl011	112	Picture	fix2	2812406	0	1	16579	1	0	next	other	0
gpl011	112	Pulse	199	2821518	9111	0
gpl011	113	Picture	feedback	2828986	0	1	20061	1	0	next	other	0
gpl011	113	Pulse	199	2831518	2532	0
gpl011	113	Pulse	199	2841518	12532	0
gpl011	114	Picture	fix	2849047	0	1	27356	1	0	next	other	0
gpl011	114	Pulse	199	2851518	2471	0
gpl011	114	Pulse	199	2861518	12471	0
gpl011	114	Pulse	199	2871518	22471	0
gpl011	116	Picture	stim	2876403	0	1	25035	1	0	25000	incorrect	330
gpl011	116	Pulse	199	2881518	5115	0
gpl011	116	Pulse	199	2891518	15115	0
gpl011	116	Response	32	2894707	18304	0
gpl011	117	Picture	fix2	2901437	0	1	11108	1	0	next	other	0
gpl011	117	Pulse	199	2901517	80	0
gpl011	117	Pulse	199	2911517	10080	0
gpl011	118	Picture	feedback	2912546	0	1	20061	1	0	next	other	0
gpl011	118	Pulse	199	2921517	8972	0
gpl011	118	Pulse	199	2931518	18972	0
gpl011	119	Picture	fix	2932607	0	1	25201	1	0	next	other	0
gpl011	119	Pulse	199	2941518	8911	0
gpl011	119	Pulse	199	2951517	18911	0
gpl011	121	Picture	stim	2957807	0	1	25035	1	0	25000	incorrect	342
gpl011	121	Pulse	199	2961518	3711	0
gpl011	121	Response	32	2968037	10230	0
gpl011	121	Pulse	199	2971517	13710	0
gpl011	121	Pulse	199	2981517	23710	0
gpl011	122	Picture	fix2	2982842	0	1	17906	1	0	next	other	0
gpl011	122	Pulse	199	2991517	8675	0
gpl011	123	Picture	feedback	3000748	0	1	20061	1	0	next	other	0
gpl011	123	Pulse	199	3001518	770	0
gpl011	123	Pulse	199	3011517	10770	0
gpl011	124	Picture	fix	3020809	0	1	31169	1	0	next	other	0
gpl011	124	Pulse	199	3021517	709	0
gpl011	124	Pulse	199	3031518	10709	0
gpl011	124	Pulse	199	3041518	20709	0
gpl011	124	Pulse	199	3051517	30709	0
gpl011	126	Picture	stim	3051978	0	1	25035	1	0	25000	miss	0
gpl011	126	Pulse	199	3061517	9540	0
gpl011	126	Pulse	199	3071517	19540	0
gpl011	127	Picture	fix2	3077179	0	1	16082	1	0	next	other	0
gpl011	127	Response	16	3079077	1899	0
gpl011	127	Pulse	199	3081517	4339	0
gpl011	127	Pulse	199	3091517	14338	0
gpl011	128	Picture	feedback	3093260	0	1	20061	1	0	next	other	0
gpl011	128	Pulse	199	3101517	8257	0
gpl011	128	Pulse	199	3111517	18256	0
gpl011	129	Picture	fix	3113321	0	1	20393	1	0	next	other	0
gpl011	129	Pulse	199	3121517	8195	0
gpl011	129	Pulse	199	3131517	18196	0
gpl011	131	Picture	stim	3133714	0	1	25035	1	0	25000	incorrect	370
gpl011	131	Pulse	199	3141517	7803	0
gpl011	131	Response	32	3146637	12923	0
gpl011	131	Pulse	199	3151517	17803	0
gpl011	132	Picture	fix2	3158749	0	1	29345	1	0	next	other	0
gpl011	132	Pulse	199	3161517	2768	0
gpl011	132	Pulse	199	3171517	12768	0
gpl011	132	Pulse	199	3181517	22768	0
gpl011	133	Picture	feedback	3188094	0	1	20061	1	0	next	other	0
gpl011	133	Pulse	199	3191517	3422	0
gpl011	133	Pulse	199	3201517	13423	0
gpl011	134	Picture	fix	3208155	0	1	29677	1	0	next	other	0
gpl011	134	Pulse	199	3211517	3362	0
gpl011	134	Pulse	199	3221517	13362	0
gpl011	134	Pulse	199	3231517	23361	0
gpl011	136	Picture	stim	3237832	0	1	25035	1	0	25000	hit	385
gpl011	136	Pulse	199	3241517	3685	0
gpl011	136	Response	16	3247377	9544	0
gpl011	136	Pulse	199	3251518	13685	0
gpl011	136	Pulse	199	3261517	23684	0
gpl011	137	Picture	fix2	3263033	0	1	25864	1	0	next	other	0
gpl011	137	Pulse	199	3271518	8485	0
gpl011	137	Pulse	199	3281518	18485	0
gpl011	138	Picture	feedback	3288897	0	1	20061	1	0	next	other	0
gpl011	138	Pulse	199	3291518	2621	0
gpl011	138	Pulse	199	3301517	12621	0
gpl011	139	Picture	fix	3308958	0	1	23377	1	0	next	other	0
gpl011	139	Pulse	199	3311518	2560	0
gpl011	139	Pulse	199	3321518	12560	0
gpl011	139	Pulse	199	3331527	22569	0
gpl011	141	Picture	stim	3332335	0	1	25035	1	0	25000	hit	400
gpl011	141	Pulse	199	3341518	9183	0
gpl011	141	Response	16	3346117	13782	0
gpl011	141	Pulse	199	3351527	19193	0
gpl011	142	Picture	fix2	3357369	0	1	26361	1	0	next	other	0
gpl011	142	Pulse	199	3361527	4158	0
gpl011	142	Pulse	199	3371517	14148	0
gpl011	142	Pulse	199	3381527	24158	0
gpl011	143	Picture	feedback	3383731	0	1	20061	1	0	next	other	0
gpl011	143	Pulse	199	3391527	7797	0
gpl011	143	Pulse	199	3401527	17796	0
gpl011	144	Picture	fix	3403792	0	1	16247	2	0	next	other	0
gpl011	144	Pulse	199	3411527	7736	0
gpl011	146	Picture	stim	3420039	0	1	25036	2	0	25000	incorrect	413
gpl011	146	Pulse	199	3421527	1488	0
gpl011	146	Response	32	3429577	9538	0
gpl011	146	Pulse	199	3431527	11488	0
gpl011	146	Pulse	199	3441527	21489	0
gpl011	147	Picture	fix2	3445240	0	1	13927	1	0	next	other	0
gpl011	147	Pulse	199	3451527	6287	0
gpl011	148	Picture	feedback	3459167	0	1	20061	1	0	next	other	0
gpl011	148	Pulse	199	3461527	2361	0
gpl011	148	Pulse	199	3471527	12360	0
gpl011	149	Picture	fix	3479228	0	1	35977	1	0	next	other	0
gpl011	149	Pulse	199	3481527	2300	0
gpl011	149	Pulse	199	3491527	12300	0
gpl011	149	Pulse	199	3501527	22300	0
gpl011	149	Pulse	199	3511527	32300	0
gpl011	151	Picture	stim	3515205	0	1	25035	1	0	25000	incorrect	428
gpl011	151	Pulse	199	3521528	6323	0
gpl011	151	Response	32	3530257	15053	0
gpl011	151	Pulse	199	3531528	16323	0
gpl011	152	Picture	fix2	3540239	0	1	21553	1	0	next	other	0
gpl011	152	Pulse	199	3541527	1288	0
gpl011	152	Pulse	199	3551528	11288	0
gpl011	152	Pulse	199	3561528	21288	0
gpl011	153	Picture	feedback	3561793	0	1	20061	1	0	next	other	0
gpl011	153	Pulse	199	3571528	9735	0
gpl011	153	Pulse	199	3581528	19735	0
gpl011	154	Picture	fix	3581854	0	1	24703	1	0	next	other	0
gpl011	154	Pulse	199	3591528	9674	0
gpl011	154	Pulse	199	3601528	19674	0
gpl011	156	Picture	stim	3606557	0	1	25035	1	0	25000	incorrect	442
gpl011	156	Pulse	199	3611527	4971	0
gpl011	156	Response	32	3618568	12011	0
gpl011	156	Pulse	199	3621528	14971	0
gpl011	156	Pulse	199	3631528	24971	0
gpl011	157	Picture	fix2	3631758	0	1	16082	1	0	next	other	0
gpl011	157	Pulse	199	3641527	9770	0
gpl011	158	Picture	feedback	3647839	0	1	20061	1	0	next	other	0
gpl011	158	Pulse	199	3651528	3688	0
gpl011	158	Pulse	199	3661528	13689	0
gpl011	159	Picture	fix	3667901	0	1	22051	1	0	next	other	0
gpl011	159	Pulse	199	3671527	3627	0
gpl011	159	Pulse	199	3681527	13626	0
gpl011	161	Picture	stim	3689951	0	1	25035	1	0	25000	hit	456
gpl011	161	Pulse	199	3691528	1577	0
gpl011	161	Pulse	199	3701528	11577	0
gpl011	161	Response	16	3704368	14417	0
gpl011	161	Pulse	199	3711527	21576	0
gpl011	162	Picture	fix2	3714986	0	1	15916	1	0	next	other	0
gpl011	162	Pulse	199	3721528	6542	0
gpl011	163	Picture	feedback	3730902	0	1	20061	1	0	next	other	0
gpl011	163	Pulse	199	3731527	625	0
gpl011	163	Pulse	199	3741527	10625	0
gpl011	164	Picture	fix	3750963	0	1	17408	1	0	next	other	0
gpl011	164	Pulse	199	3751528	565	0
gpl011	164	Pulse	199	3761527	10564	0
gpl011	166	Picture	stim	3768371	0	1	25035	1	0	25000	incorrect	468
gpl011	166	Pulse	199	3771528	3157	0
gpl011	166	Response	32	3777238	8867	0
gpl011	166	Pulse	199	3781527	13156	0
gpl011	166	Pulse	199	3791528	23156	0
gpl011	167	Picture	fix2	3793406	0	1	13264	1	0	next	other	0
gpl011	167	Pulse	199	3801528	8122	0
gpl011	168	Picture	feedback	3806670	0	1	20227	1	0	next	other	0
gpl011	168	Pulse	199	3811527	4858	0
gpl011	168	Pulse	199	3821527	14858	0
gpl011	169	Picture	fix	3826896	0	1	23377	1	0	next	other	0
gpl011	169	Pulse	199	3831528	4631	0
gpl011	169	Pulse	199	3841527	14631	0
gpl011	171	Picture	stim	3850273	0	1	25035	1	0	25000	incorrect	482
gpl011	171	Pulse	199	3851527	1254	0
gpl011	171	Pulse	199	3861527	11254	0
gpl011	171	Response	32	3863587	13314	0
gpl011	171	Pulse	199	3871527	21254	0
gpl011	172	Picture	fix2	3875308	0	1	21885	1	0	next	other	0
gpl011	172	Pulse	199	3881528	6219	0
gpl011	172	Pulse	199	3891527	16219	0
gpl011	173	Picture	feedback	3897193	0	1	20061	1	0	next	other	0
gpl011	173	Pulse	199	3901528	4335	0
gpl011	173	Pulse	199	3911527	14335	0
gpl011	174	Picture	fix	3917254	0	1	20061	1	0	next	other	0
gpl011	174	Pulse	199	3921527	4273	0
gpl011	174	Pulse	199	3931528	14274	0
gpl011	176	Picture	stim	3937315	0	1	25035	1	0	25000	hit	496
gpl011	176	Pulse	199	3941527	4213	0
gpl011	176	Pulse	199	3951528	14213	0
gpl011	176	Response	16	3955867	18552	0
gpl011	176	Pulse	199	3961527	24212	0
gpl011	177	Picture	fix2	3962350	0	1	17243	1	0	next	other	0
gpl011	177	Pulse	199	3971528	9178	0
gpl011	178	Picture	feedback	3979592	0	1	20061	1	0	next	other	0
gpl011	178	Pulse	199	3981527	1935	0
gpl011	178	Pulse	199	3991527	11935	0
gpl011	179	Picture	fix	3999653	0	1	17740	1	0	next	other	0
gpl011	179	Pulse	199	4001528	1874	0
gpl011	179	Pulse	199	4011527	11874	0
gpl011	181	Picture	stim	4017393	0	1	25035	1	0	25000	incorrect	508
gpl011	181	Pulse	199	4021528	4135	0
gpl011	181	Response	32	4026797	9404	0
gpl011	181	Pulse	199	4031527	14134	0
gpl011	181	Pulse	199	4041527	24134	0
gpl011	182	Picture	fix2	4042428	0	1	10777	1	0	next	other	0
gpl011	182	Pulse	199	4051528	9100	0
gpl011	183	Picture	feedback	4053204	0	1	20061	1	0	next	other	0
gpl011	183	Pulse	199	4061527	8323	0
gpl011	183	Pulse	199	4071528	18323	0
gpl011	184	Picture	fix	4073265	0	1	26527	1	0	next	other	0
gpl011	184	Pulse	199	4081528	8262	0
gpl011	184	Pulse	199	4091527	18262	0
gpl011	186	Picture	stim	4099792	0	1	25035	1	0	25000	hit	522
gpl011	186	Pulse	199	4101527	1735	0
gpl011	186	Pulse	199	4111527	11735	0
gpl011	186	Response	16	4113847	14055	0
gpl011	186	Pulse	199	4121527	21735	0
gpl011	187	Picture	fix2	4124993	0	1	21387	1	0	next	other	0
gpl011	187	Pulse	199	4131528	6535	0
gpl011	187	Pulse	199	4141527	16534	0
gpl011	188	Picture	feedback	4146380	0	1	20061	1	0	next	other	0
gpl011	188	Pulse	199	4151528	5147	0
gpl011	188	Pulse	199	4161527	15147	0
gpl011	189	Picture	fix	4166441	0	1	29180	1	0	next	other	0
gpl011	189	Pulse	199	4171528	5086	0
gpl011	189	Pulse	199	4181527	15086	0
gpl011	189	Pulse	199	4191527	25086	0
gpl011	191	Picture	stim	4195621	0	1	25035	1	0	25000	hit	536
gpl011	191	Pulse	199	4201527	5906	0
gpl011	191	Response	16	4207387	11766	0
gpl011	191	Pulse	199	4211527	15906	0
gpl011	192	Picture	fix2	4220656	0	1	11606	1	0	next	other	0
gpl011	192	Pulse	199	4221528	872	0
gpl011	192	Pulse	199	4231528	10872	0
gpl011	193	Picture	feedback	4232261	0	1	20061	1	0	next	other	0
gpl011	193	Pulse	199	4241528	9266	0
gpl011	193	Pulse	199	4251528	19266	0
gpl011	194	Picture	fix	4252322	0	1	24537	1	0	next	other	0
gpl011	194	Pulse	199	4261528	9205	0
gpl011	194	Pulse	199	4271527	19204	0
gpl011	196	Picture	stim	4276860	0	1	25035	1	0	25000	incorrect	549
gpl011	196	Pulse	199	4281528	4668	0
gpl011	196	Response	32	4286647	9787	0
gpl011	196	Pulse	199	4291527	14668	0
gpl011	196	Pulse	199	4301527	24667	0
gpl011	197	Picture	fix2	4301895	0	1	24206	1	0	next	other	0
gpl011	197	Pulse	199	4311527	9633	0
gpl011	197	Pulse	199	4321527	19633	0
gpl011	198	Picture	feedback	4326100	0	1	20061	1	0	next	other	0
gpl011	198	Pulse	199	4331527	5427	0
gpl011	198	Pulse	199	4341527	15426	0
gpl011	199	Picture	fix	4346161	0	1	22714	1	0	next	other	0
gpl011	199	Pulse	199	4351527	5366	0
gpl011	199	Pulse	199	4361527	15366	0
gpl011	201	Picture	stim	4368875	0	1	25035	1	0	25000	incorrect	563
gpl011	201	Pulse	199	4371527	2652	0
gpl011	201	Response	32	4378787	9912	0
gpl011	201	Pulse	199	4381527	12652	0
gpl011	201	Pulse	199	4391527	22652	0
gpl011	202	Picture	fix2	4393910	0	1	20393	1	0	next	other	0
gpl011	202	Pulse	199	4401527	7618	0
gpl011	202	Pulse	199	4411527	17617	0
gpl011	203	Picture	feedback	4414303	0	1	20061	1	0	next	other	0
gpl011	203	Pulse	199	4421527	7225	0
gpl011	203	Pulse	199	4431527	17225	0
gpl011	204	Picture	fix	4434364	0	1	26361	1	0	next	other	0
gpl011	204	Pulse	199	4441527	7164	0
gpl011	204	Pulse	199	4451527	17164	0
gpl011	206	Picture	stim	4460725	0	1	25035	1	0	25000	incorrect	578
gpl011	206	Pulse	199	4461527	803	0
gpl011	206	Pulse	199	4471527	10803	0
gpl011	206	Response	32	4472587	11863	0
gpl011	206	Pulse	199	4481527	20802	0
gpl011	207	Picture	fix2	4485759	0	1	22051	1	0	next	other	0
gpl011	207	Pulse	199	4491527	5768	0
gpl011	207	Pulse	199	4501528	15768	0
gpl011	208	Picture	feedback	4507810	0	1	20061	1	0	next	other	0
gpl011	208	Pulse	199	4511527	3717	0
gpl011	208	Pulse	199	4521527	13717	0
gpl011	209	Picture	fix	4527871	0	1	21387	1	0	next	other	0
gpl011	209	Pulse	199	4531528	3657	0
gpl011	209	Pulse	199	4541528	13657	0
gpl011	211	Picture	stim	4549258	0	1	25035	1	0	25000	incorrect	591
gpl011	211	Pulse	199	4551528	2270	0
gpl011	211	Response	32	4560337	11079	0
gpl011	211	Pulse	199	4561528	12269	0
gpl011	211	Pulse	199	4571528	22270	0
gpl011	212	Picture	fix2	4574293	0	1	18072	1	0	next	other	0
gpl011	212	Pulse	199	4581528	7234	0
gpl011	212	Pulse	199	4591527	17234	0
gpl011	213	Picture	feedback	4592365	0	1	20061	1	0	next	other	0
gpl011	213	Pulse	199	4601528	9163	0
gpl011	213	Pulse	199	4611527	19163	0
gpl011	214	Picture	fix	4612426	0	1	33987	1	0	next	other	0
gpl011	214	Pulse	199	4621528	9102	0
gpl011	214	Pulse	199	4631528	19102	0
gpl011	214	Pulse	199	4641528	29102	0
gpl011	216	Picture	stim	4646413	0	1	25035	1	0	25000	hit	607
gpl011	216	Pulse	199	4651527	5114	0
gpl011	216	Pulse	199	4661528	15115	0
gpl011	216	Response	16	4667697	21284	0
gpl011	217	Picture	fix2	4671448	0	1	23377	1	0	next	other	0
gpl011	217	Pulse	199	4671528	80	0
gpl011	217	Pulse	199	4681527	10079	0
gpl011	217	Pulse	199	4691527	20079	0
gpl011	218	Picture	feedback	4694825	0	1	20061	1	0	next	other	0
gpl011	218	Pulse	199	4701528	6702	0
gpl011	218	Pulse	199	4711528	16702	0
gpl011	219	Picture	fix	4714886	0	1	24703	1	0	next	other	0
gpl011	219	Pulse	199	4721527	6641	0
gpl011	219	Pulse	199	4731527	16641	0
gpl011	221	Picture	stim	4739589	0	1	25035	1	0	25000	hit	620
gpl011	221	Pulse	199	4741528	1938	0
gpl011	221	Response	16	4750757	11168	0
gpl011	221	Pulse	199	4751527	11938	0
gpl011	221	Pulse	199	4761527	21938	0
gpl011	222	Picture	fix2	4764624	0	1	18569	1	0	next	other	0
gpl011	222	Pulse	199	4771527	6903	0
gpl011	222	Pulse	199	4781527	16903	0
gpl011	223	Picture	feedback	4783193	0	1	20061	1	0	next	other	0
gpl011	223	Pulse	199	4791527	8334	0
gpl011	223	Pulse	199	4801527	18334	0
gpl011	224	Picture	fix	4803254	0	1	26030	1	0	next	other	0
gpl011	224	Pulse	199	4811527	8273	0
gpl011	224	Pulse	199	4821527	18273	0
gpl011	226	Picture	stim	4829283	0	1	25035	1	0	25000	incorrect	635
gpl011	226	Pulse	199	4831527	2244	0
gpl011	226	Pulse	199	4841527	12244	0
gpl011	226	Response	32	4850477	21194	0
gpl011	226	Pulse	199	4851527	22244	0
gpl011	227	Picture	fix2	4854318	0	1	14092	1	0	next	other	0
gpl011	227	Pulse	199	4861527	7209	0
gpl011	228	Picture	feedback	4868411	0	1	20061	1	0	next	other	0
gpl011	228	Pulse	199	4871527	3117	0
gpl011	228	Pulse	199	4881527	13117	0
gpl011	229	Picture	fix	4888472	0	1	30838	1	0	next	other	0
gpl011	229	Pulse	199	4891527	3055	0
gpl011	229	Pulse	199	4901527	13055	0
gpl011	229	Pulse	199	4911527	23055	0
gpl011	231	Picture	stim	4919309	0	1	25035	1	0	25000	hit	649
gpl011	231	Pulse	199	4921527	2218	0
gpl011	231	Pulse	199	4931527	12217	0
gpl011	231	Response	16	4938217	18908	0
gpl011	231	Pulse	199	4941527	22218	0
gpl011	232	Picture	fix2	4944344	0	1	22548	1	0	next	other	0
gpl011	232	Pulse	199	4951528	7184	0
gpl011	232	Pulse	199	4961527	17183	0
gpl011	233	Picture	feedback	4966892	0	1	20061	1	0	next	other	0
gpl011	233	Pulse	199	4971528	4636	0
gpl011	233	Pulse	199	4981528	14636	0
gpl011	234	Picture	fix	4986953	0	1	22216	1	0	next	other	0
gpl011	234	Pulse	199	4991528	4574	0
gpl011	234	Pulse	199	5001527	14574	0
gpl011	236	Picture	stim	5009169	0	1	25035	1	0	25000	hit	663
gpl011	236	Pulse	199	5011528	2358	0
gpl011	236	Pulse	199	5021527	12358	0
gpl011	236	Response	16	5030367	21197	0
gpl011	236	Pulse	199	5031527	22357	0
gpl011	237	Picture	fix2	5034204	0	1	16745	1	0	next	other	0
gpl011	237	Pulse	199	5041528	7324	0
gpl011	238	Picture	feedback	5050949	0	1	20061	1	0	next	other	0
gpl011	238	Pulse	199	5051527	578	0
gpl011	238	Pulse	199	5061527	10578	0
gpl011	239	Picture	fix	5071010	0	1	29345	1	0	next	other	0
gpl011	239	Pulse	199	5071528	517	0
gpl011	239	Pulse	199	5081527	10517	0
gpl011	239	Pulse	199	5091528	20517	0
gpl011	241	Picture	stim	5100356	0	1	25035	1	0	25000	miss	0
gpl011	241	Pulse	199	5101528	1172	0
gpl011	241	Pulse	199	5111527	11172	0
gpl011	241	Pulse	199	5121527	21172	0
gpl011	242	Picture	fix2	5125391	0	1	29014	1	0	next	other	0
gpl011	242	Pulse	199	5131537	6147	0
gpl011	242	Pulse	199	5141537	16147	0
gpl011	242	Response	32	5144437	19047	0
gpl011	242	Pulse	199	5151527	26137	0
gpl011	243	Picture	feedback	5154404	0	1	20061	1	0	next	other	0
gpl011	243	Pulse	199	5161537	7133	0
gpl011	243	Pulse	199	5171537	17133	0
gpl011	244	Picture	100	5174465	0	1	250000	183	0	250000	other	0
gpl011	244	Pulse	199	5181537	7072	0
gpl011	244	Pulse	199	5191537	17072	0
gpl011	244	Pulse	199	5201537	27071	0
gpl011	244	Pulse	199	5211537	37072	0
gpl011	244	Pulse	199	5221537	47072	0
gpl011	244	Pulse	199	5231537	57072	0
gpl011	244	Pulse	199	5241537	67071	0
gpl011	244	Pulse	199	5251537	77072	0
gpl011	244	Pulse	199	5261537	87071	0
gpl011	244	Pulse	199	5271536	97071	0
gpl011	244	Pulse	199	5281537	107071	0
gpl011	244	Pulse	199	5291537	117071	0
gpl011	244	Pulse	199	5301537	127072	0
gpl011	244	Pulse	199	5311537	137072	0
gpl011	244	Pulse	199	5321537	147072	0
gpl011	244	Pulse	199	5331537	157072	0
gpl011	244	Pulse	199	5341537	167071	0
gpl011	244	Pulse	199	5351537	177072	0
gpl011	244	Pulse	199	5361537	187072	0
gpl011	244	Pulse	199	5371537	197071	0
gpl011	244	Pulse	199	5381537	207071	0
gpl011	244	Pulse	199	5391537	217072	0
