Scenario - FBL_A.sce
Logfile written - 04/28/2021 17:59:57

Subject	Trial	Event Type	Code	Time	TTime	Uncertainty	Duration	Uncertainty	ReqTime	ReqDur	Stim Type	Pair Index

gpl009	1	Response	32	151086	140920	0
gpl009	2	Picture	start	151256	0	1	690364	1	0	next	other	0
gpl009	2	Response	16	191626	40370	0
gpl009	2	Response	16	193706	42450	0
gpl009	2	Response	16	195786	44530	0
gpl009	2	Response	16	197386	46130	0
gpl009	2	Response	16	198986	47730	0
gpl009	3	Pulse	199	841496	640229	0
gpl009	3	Pulse	199	851495	650228	0
gpl009	3	Pulse	199	861495	660229	0
gpl009	3	Pulse	199	871495	670229	0
gpl009	3	Pulse	199	881495	680228	0
gpl009	3	Pulse	199	891496	690229	0
gpl009	4	Picture	fix	891855	0	1	25532	1	0	next	other	0
gpl009	4	Pulse	199	901496	9640	0
gpl009	4	Pulse	199	911495	19640	0
gpl009	6	Picture	stim	917388	0	1	25035	1	0	25000	incorrect	20
gpl009	6	Pulse	199	921496	4108	0
gpl009	6	Pulse	199	931506	14118	0
gpl009	6	Response	32	931546	14158	0
gpl009	6	Pulse	199	941496	24108	0
gpl009	7	Picture	fix2	942588	0	1	21387	1	0	next	other	0
gpl009	7	Pulse	199	951495	8907	0
gpl009	7	Pulse	199	961496	18907	0
gpl009	8	Picture	feedback	963976	0	1	20061	1	0	next	other	0
gpl009	8	Pulse	199	971496	7520	0
gpl009	8	Pulse	199	981505	17529	0
gpl009	9	Picture	fix	984037	0	1	20393	1	0	next	other	0
gpl009	9	Pulse	199	991506	7469	0
gpl009	9	Pulse	199	1001496	17459	0
gpl009	11	Picture	stim	1004429	0	1	25035	1	0	25000	incorrect	34
gpl009	11	Pulse	199	1011506	7076	0
gpl009	11	Pulse	199	1021505	17075	0
gpl009	11	Response	32	1023225	18796	0
gpl009	12	Picture	fix2	1029464	0	1	16082	1	0	next	other	0
gpl009	12	Pulse	199	1031506	2042	0
gpl009	12	Pulse	199	1041506	12042	0
gpl009	13	Picture	feedback	1045546	0	1	20061	1	0	next	other	0
gpl009	13	Pulse	199	1051505	5959	0
gpl009	13	Pulse	199	1061505	15959	0
gpl009	14	Picture	fix	1065607	0	1	33325	1	0	next	other	0
gpl009	14	Pulse	199	1071506	5899	0
gpl009	14	Pulse	199	1081506	15899	0
gpl009	14	Pulse	199	1091505	25898	0
gpl009	16	Picture	stim	1098932	0	1	25035	1	0	25000	incorrect	48
gpl009	16	Pulse	199	1101506	2574	0
gpl009	16	Pulse	199	1111506	12574	0
gpl009	16	Response	32	1115005	16074	0
gpl009	16	Pulse	199	1121505	22574	0
gpl009	17	Picture	fix2	1123966	0	1	14590	1	0	next	other	0
gpl009	17	Pulse	199	1131506	7539	0
gpl009	18	Picture	feedback	1138556	0	1	20061	1	0	next	other	0
gpl009	18	Pulse	199	1141506	2949	0
gpl009	18	Pulse	199	1151506	12949	0
gpl009	19	Picture	fix	1158617	0	1	20061	1	0	next	other	0
gpl009	19	Pulse	199	1161505	2888	0
gpl009	19	Pulse	199	1171506	12888	0
gpl009	21	Picture	stim	1178678	0	1	25035	1	0	25000	incorrect	61
gpl009	21	Pulse	199	1181506	2828	0
gpl009	21	Pulse	199	1191505	12827	0
gpl009	21	Response	32	1198896	20217	0
gpl009	21	Pulse	199	1201506	22827	0
gpl009	22	Picture	fix2	1203713	0	1	22201	182	0	next	other	0
gpl009	22	Pulse	199	1211506	7793	0
gpl009	22	Pulse	199	1221506	17792	0
gpl009	23	Picture	feedback	1225915	0	181	20076	182	0	next	other	0
gpl009	23	Pulse	199	1231506	5591	0
gpl009	23	Pulse	199	1241506	15591	0
gpl009	24	Picture	fix	1245990	0	1	19398	1	0	next	other	0
gpl009	24	Pulse	199	1251506	5515	0
gpl009	24	Pulse	199	1261505	15514	0
gpl009	26	Picture	stim	1265388	0	1	25035	1	0	25000	incorrect	74
gpl009	26	Pulse	199	1271506	6118	0
gpl009	26	Response	32	1279576	14187	0
gpl009	26	Pulse	199	1281506	16117	0
gpl009	27	Picture	fix2	1290423	0	1	23543	1	0	next	other	0
gpl009	27	Pulse	199	1291506	1082	0
gpl009	27	Pulse	199	1301505	11082	0
gpl009	27	Pulse	199	1311506	21083	0
gpl009	28	Picture	feedback	1313966	0	1	20061	1	0	next	other	0
gpl009	28	Pulse	199	1321506	7540	0
gpl009	28	Pulse	199	1331505	17539	0
gpl009	29	Picture	fix	1334027	0	1	29014	1	0	next	other	0
gpl009	29	Pulse	199	1341506	7479	0
gpl009	29	Pulse	199	1351506	17479	0
gpl009	29	Pulse	199	1361505	27479	0
gpl009	31	Picture	stim	1363041	0	1	25035	1	0	25000	hit	90
gpl009	31	Pulse	199	1371505	8465	0
gpl009	31	Pulse	199	1381506	18465	0
gpl009	31	Response	16	1382186	19145	0
gpl009	32	Picture	fix2	1388076	0	1	20393	1	0	next	other	0
gpl009	32	Pulse	199	1391506	3430	0
gpl009	32	Pulse	199	1401505	13430	0
gpl009	33	Picture	feedback	1408468	0	1	20061	1	0	next	other	0
gpl009	33	Pulse	199	1411506	3038	0
gpl009	33	Pulse	199	1421506	13038	0
gpl009	34	Picture	fix	1428529	0	1	22382	1	0	next	other	0
gpl009	34	Pulse	199	1431505	2976	0
gpl009	34	Pulse	199	1441505	12976	0
gpl009	36	Picture	stim	1450911	0	1	25035	1	0	25000	incorrect	103
gpl009	36	Pulse	199	1451505	594	0
gpl009	36	Pulse	199	1461505	10594	0
gpl009	36	Response	32	1467515	16604	0
gpl009	36	Pulse	199	1471505	20593	0
gpl009	37	Picture	fix2	1475946	0	1	21387	1	0	next	other	0
gpl009	37	Pulse	199	1481505	5559	0
gpl009	37	Pulse	199	1491505	15559	0
gpl009	38	Picture	feedback	1497333	0	1	20061	1	0	next	other	0
gpl009	38	Pulse	199	1501506	4172	0
gpl009	38	Pulse	199	1511505	14172	0
gpl009	39	Picture	fix	1517394	0	1	30838	1	0	next	other	0
gpl009	39	Pulse	199	1521505	4111	0
gpl009	39	Pulse	199	1531505	14111	0
gpl009	39	Pulse	199	1541505	24110	0
gpl009	41	Picture	stim	1548232	0	1	25201	1	0	25000	miss	0
gpl009	41	Pulse	199	1551505	3273	0
gpl009	41	Pulse	199	1561505	13273	0
gpl009	41	Pulse	199	1571505	23273	0
gpl009	42	Picture	fix2	1573433	0	1	16414	1	0	next	other	0
gpl009	42	Response	32	1574296	863	0
gpl009	42	Pulse	199	1581505	8073	0
gpl009	43	Picture	feedback	1589846	0	1	20061	1	0	next	other	0
gpl009	43	Pulse	199	1591505	1659	0
gpl009	43	Pulse	199	1601505	11659	0
gpl009	44	Picture	fix	1609907	0	1	32164	1	0	next	other	0
gpl009	44	Pulse	199	1611505	1598	0
gpl009	44	Pulse	199	1621505	11598	0
gpl009	44	Pulse	199	1631505	21598	0
gpl009	44	Pulse	199	1641505	31598	0
gpl009	46	Picture	stim	1642071	0	1	25035	1	0	25000	hit	132
gpl009	46	Pulse	199	1651506	9434	0
gpl009	46	Response	16	1659805	17734	0
gpl009	46	Pulse	199	1661506	19434	0
gpl009	47	Picture	fix2	1667106	0	1	16413	1	0	next	other	0
gpl009	47	Pulse	199	1671505	4400	0
gpl009	47	Pulse	199	1681505	14399	0
gpl009	48	Picture	feedback	1683519	0	1	20061	1	0	next	other	0
gpl009	48	Pulse	199	1691506	7987	0
gpl009	48	Pulse	199	1701506	17987	0
gpl009	49	Picture	fix	1703580	0	1	17408	1	0	next	other	0
gpl009	49	Pulse	199	1711506	7926	0
gpl009	51	Picture	stim	1720989	0	1	25035	1	0	25000	incorrect	145
gpl009	51	Pulse	199	1721506	517	0
gpl009	51	Pulse	199	1731506	10517	0
gpl009	51	Response	32	1732996	12007	0
gpl009	51	Pulse	199	1741506	20517	0
gpl009	52	Picture	fix2	1746024	0	1	21719	1	0	next	other	0
gpl009	52	Pulse	199	1751506	5482	0
gpl009	52	Pulse	199	1761506	15482	0
gpl009	53	Picture	feedback	1767743	0	1	20061	1	0	next	other	0
gpl009	53	Pulse	199	1771506	3763	0
gpl009	53	Pulse	199	1781506	13763	0
gpl009	54	Picture	fix	1787804	0	1	22216	1	0	next	other	0
gpl009	54	Pulse	199	1791506	3702	0
gpl009	54	Pulse	199	1801506	13702	0
gpl009	56	Picture	stim	1810020	0	1	25035	1	0	25000	hit	159
gpl009	56	Pulse	199	1811506	1486	0
gpl009	56	Pulse	199	1821506	11486	0
gpl009	56	Response	16	1824435	14415	0
gpl009	56	Pulse	199	1831506	21486	0
gpl009	57	Picture	fix2	1835055	0	1	15253	1	0	next	other	0
gpl009	57	Pulse	199	1841506	6451	0
gpl009	58	Picture	feedback	1850308	0	1	20061	1	0	next	other	0
gpl009	58	Pulse	199	1851505	1198	0
gpl009	58	Pulse	199	1861506	11198	0
gpl009	59	Picture	fix	1870369	0	1	16248	1	0	next	other	0
gpl009	59	Pulse	199	1871506	1137	0
gpl009	59	Pulse	199	1881506	11137	0
gpl009	61	Picture	stim	1886617	0	1	25035	1	0	25000	hit	172
gpl009	61	Pulse	199	1891506	4890	0
gpl009	61	Pulse	199	1901506	14889	0
gpl009	61	Response	16	1905775	19159	0
gpl009	61	Pulse	199	1911506	24889	0
gpl009	62	Picture	fix2	1911817	0	1	25864	1	0	next	other	0
gpl009	62	Pulse	199	1921505	9688	0
gpl009	62	Pulse	199	1931506	19689	0
gpl009	63	Picture	feedback	1937681	0	1	20061	1	0	next	other	0
gpl009	63	Pulse	199	1941506	3825	0
gpl009	63	Pulse	199	1951506	13825	0
gpl009	64	Picture	fix	1957742	0	1	28848	1	0	next	other	0
gpl009	64	Pulse	199	1961506	3764	0
gpl009	64	Pulse	199	1971506	13764	0
gpl009	64	Pulse	199	1981506	23764	0
gpl009	66	Picture	stim	1986590	0	1	25035	1	0	25000	hit	187
gpl009	66	Pulse	199	1991505	4915	0
gpl009	66	Pulse	199	2001506	14916	0
gpl009	66	Response	16	2002936	16346	0
gpl009	66	Pulse	199	2011506	24916	0
gpl009	67	Picture	fix2	2011625	0	1	18071	1	0	next	other	0
gpl009	67	Pulse	199	2021505	9880	0
gpl009	68	Picture	feedback	2029696	0	1	20061	1	0	next	other	0
gpl009	68	Pulse	199	2031506	1810	0
gpl009	68	Pulse	199	2041506	11810	0
gpl009	69	Picture	fix	2049757	0	1	30009	1	0	next	other	0
gpl009	69	Pulse	199	2051506	1749	0
gpl009	69	Pulse	199	2061505	11748	0
gpl009	69	Pulse	199	2071506	21749	0
gpl009	71	Picture	stim	2079766	0	1	25035	1	0	25000	incorrect	201
gpl009	71	Pulse	199	2081506	1740	0
gpl009	71	Pulse	199	2091505	11739	0
gpl009	71	Response	32	2097685	17919	0
gpl009	71	Pulse	199	2101506	21740	0
gpl009	72	Picture	fix2	2104967	0	1	29345	1	0	next	other	0
gpl009	72	Pulse	199	2111506	6539	0
gpl009	72	Pulse	199	2121506	16539	0
gpl009	72	Pulse	199	2131505	26539	0
gpl009	73	Picture	feedback	2134312	0	1	20061	1	0	next	other	0
gpl009	73	Pulse	199	2141506	7194	0
gpl009	73	Pulse	199	2151506	17194	0
gpl009	74	Picture	fix	2154373	0	1	24703	1	0	next	other	0
gpl009	74	Pulse	199	2161505	7132	0
gpl009	74	Pulse	199	2171506	17133	0
gpl009	76	Picture	stim	2179076	0	1	25035	1	0	25000	incorrect	216
gpl009	76	Pulse	199	2181506	2430	0
gpl009	76	Pulse	199	2191505	12429	0
gpl009	76	Response	32	2192736	13660	0
gpl009	76	Pulse	199	2201506	22430	0
gpl009	77	Picture	fix2	2204111	0	1	9119	1	0	next	other	0
gpl009	77	Pulse	199	2211506	7395	0
gpl009	78	Picture	feedback	2213230	0	1	20061	1	0	next	other	0
gpl009	78	Pulse	199	2221506	8276	0
gpl009	78	Pulse	199	2231505	18276	0
gpl009	79	Picture	fix	2233291	0	1	19066	1	0	next	other	0
gpl009	79	Pulse	199	2241506	8215	0
gpl009	79	Pulse	199	2251506	18215	0
gpl009	81	Picture	stim	2252357	0	1	25035	1	0	25000	incorrect	228
gpl009	81	Pulse	199	2261506	9149	0
gpl009	81	Response	32	2268576	16219	0
gpl009	81	Pulse	199	2271506	19149	0
gpl009	82	Picture	fix2	2277392	0	1	15916	1	0	next	other	0
gpl009	82	Pulse	199	2281506	4114	0
gpl009	82	Pulse	199	2291506	14114	0
gpl009	83	Picture	feedback	2293308	0	1	20061	1	0	next	other	0
gpl009	83	Pulse	199	2301505	8197	0
gpl009	83	Pulse	199	2311506	18198	0
gpl009	84	Picture	fix	2313369	0	1	26859	1	0	next	other	0
gpl009	84	Pulse	199	2321506	8137	0
gpl009	84	Pulse	199	2331505	18136	0
gpl009	86	Picture	stim	2340228	0	1	25035	1	0	25000	hit	243
gpl009	86	Pulse	199	2341506	1279	0
gpl009	86	Pulse	199	2351506	11278	0
gpl009	86	Pulse	199	2361506	21278	0
gpl009	86	Response	16	2364395	24168	0
gpl009	87	Picture	fix2	2365428	0	1	14756	1	0	next	other	0
gpl009	87	Pulse	199	2371506	6077	0
gpl009	88	Picture	feedback	2380184	0	1	20061	1	0	next	other	0
gpl009	88	Pulse	199	2381506	1322	0
gpl009	88	Pulse	199	2391506	11322	0
gpl009	89	Picture	fix	2400245	0	1	26527	1	0	next	other	0
gpl009	89	Pulse	199	2401505	1261	0
gpl009	89	Pulse	199	2411506	11261	0
gpl009	89	Pulse	199	2421506	21261	0
gpl009	91	Picture	stim	2426772	0	1	25035	1	0	25000	hit	255
gpl009	91	Pulse	199	2431506	4734	0
gpl009	91	Response	16	2438036	11264	0
gpl009	91	Pulse	199	2441505	14733	0
gpl009	91	Pulse	199	2451506	24734	0
gpl009	92	Picture	fix2	2451807	0	1	24372	1	0	next	other	0
gpl009	92	Pulse	199	2461506	9700	0
gpl009	92	Pulse	199	2471505	19699	0
gpl009	93	Picture	feedback	2476178	0	1	20061	1	0	next	other	0
gpl009	93	Pulse	199	2481506	5328	0
gpl009	93	Pulse	199	2491506	15328	0
gpl009	94	Picture	fix	2496239	0	1	17740	1	0	next	other	0
gpl009	94	Pulse	199	2501506	5267	0
gpl009	94	Pulse	199	2511505	15266	0
gpl009	96	Picture	stim	2513979	0	1	25035	1	0	25000	hit	269
gpl009	96	Pulse	199	2521506	7527	0
gpl009	96	Response	16	2530496	16517	0
gpl009	96	Pulse	199	2531506	17527	0
gpl009	97	Picture	fix2	2539014	0	1	17906	1	0	next	other	0
gpl009	97	Pulse	199	2541505	2491	0
gpl009	97	Pulse	199	2551506	12492	0
gpl009	98	Picture	feedback	2556920	0	1	20061	1	0	next	other	0
gpl009	98	Pulse	199	2561506	4586	0
gpl009	98	Pulse	199	2571505	14586	0
gpl009	99	Picture	fix	2576981	0	1	29180	1	0	next	other	0
gpl009	99	Pulse	199	2581506	4525	0
gpl009	99	Pulse	199	2591506	14525	0
gpl009	99	Pulse	199	2601506	24525	0
gpl009	101	Picture	stim	2606160	0	1	25035	1	0	25000	hit	283
gpl009	101	Pulse	199	2611505	5345	0
gpl009	101	Response	16	2620356	14196	0
gpl009	101	Pulse	199	2621506	15345	0
gpl009	102	Picture	fix2	2631361	0	1	18569	1	0	next	other	0
gpl009	102	Pulse	199	2631506	145	0
gpl009	102	Pulse	199	2641505	10144	0
gpl009	103	Picture	feedback	2649930	0	1	20061	1	0	next	other	0
gpl009	103	Pulse	199	2651506	1576	0
gpl009	103	Pulse	199	2661506	11576	0
gpl009	104	Picture	fix	2669991	0	1	18569	1	0	next	other	0
gpl009	104	Pulse	199	2671506	1515	0
gpl009	104	Pulse	199	2681505	11514	0
gpl009	106	Picture	stim	2688560	0	1	25035	1	0	25000	hit	297
gpl009	106	Pulse	199	2691506	2946	0
gpl009	106	Pulse	199	2701506	12946	0
gpl009	106	Response	16	2703026	14467	0
gpl009	106	Pulse	199	2711505	22946	0
gpl009	107	Picture	fix2	2713595	0	1	26361	1	0	next	other	0
gpl009	107	Pulse	199	2721506	7912	0
gpl009	107	Pulse	199	2731506	17912	0
gpl009	108	Picture	feedback	2739956	0	1	20061	1	0	next	other	0
gpl009	108	Pulse	199	2741506	1550	0
gpl009	108	Pulse	199	2751506	11550	0
gpl009	109	Picture	fix	2760017	0	1	28848	1	0	next	other	0
gpl009	109	Pulse	199	2761506	1490	0
gpl009	109	Pulse	199	2771506	11489	0
gpl009	109	Pulse	199	2781515	21499	0
gpl009	111	Picture	stim	2788865	0	1	25035	1	0	25000	incorrect	311
gpl009	111	Pulse	199	2791506	2641	0
gpl009	111	Response	32	2799216	10351	0
gpl009	111	Pulse	199	2801516	12651	0
gpl009	111	Pulse	199	2811506	22641	0
gpl009	112	Picture	fix2	2814065	0	1	21553	1	0	next	other	0
gpl009	112	Pulse	199	2821505	7440	0
gpl009	112	Pulse	199	2831516	17451	0
gpl009	113	Picture	feedback	2835619	0	1	20061	1	0	next	other	0
gpl009	113	Pulse	199	2841516	5897	0
gpl009	113	Pulse	199	2851515	15897	0
gpl009	114	Picture	fix	2855680	0	1	29345	1	0	next	other	0
gpl009	114	Pulse	199	2861516	5837	0
gpl009	114	Pulse	199	2871516	15836	0
gpl009	114	Pulse	199	2881516	25836	0
gpl009	116	Picture	stim	2885025	0	1	25035	1	0	25000	hit	327
gpl009	116	Pulse	199	2891515	6490	0
gpl009	116	Pulse	199	2901516	16491	0
gpl009	116	Response	16	2903946	18921	0
gpl009	117	Picture	fix2	2910060	0	1	26195	1	0	next	other	0
gpl009	117	Pulse	199	2911516	1456	0
gpl009	117	Pulse	199	2921515	11455	0
gpl009	117	Pulse	199	2931516	21456	0
gpl009	118	Picture	feedback	2936255	0	1	20061	1	0	next	other	0
gpl009	118	Pulse	199	2941516	5261	0
gpl009	118	Pulse	199	2951516	15260	0
gpl009	119	Picture	fix	2956316	0	1	28019	1	0	next	other	0
gpl009	119	Pulse	199	2961516	5200	0
gpl009	119	Pulse	199	2971516	15200	0
gpl009	119	Pulse	199	2981516	25200	0
gpl009	121	Picture	stim	2984335	0	1	25035	1	0	25000	hit	341
gpl009	121	Pulse	199	2991515	7180	0
gpl009	121	Response	16	2996916	12581	0
gpl009	121	Pulse	199	3001516	17181	0
gpl009	122	Picture	fix2	3009536	0	1	21387	1	0	next	other	0
gpl009	122	Pulse	199	3011516	1980	0
gpl009	122	Pulse	199	3021516	11980	0
gpl009	123	Picture	feedback	3030923	0	1	20061	1	0	next	other	0
gpl009	123	Pulse	199	3031516	593	0
gpl009	123	Pulse	199	3041516	10593	0
gpl009	124	Picture	fix	3050984	0	1	24537	1	0	next	other	0
gpl009	124	Pulse	199	3051516	532	0
gpl009	124	Pulse	199	3061515	10531	0
gpl009	124	Pulse	199	3071516	20532	0
gpl009	126	Picture	stim	3075522	0	1	25035	1	0	25000	hit	355
gpl009	126	Pulse	199	3081516	5994	0
gpl009	126	Response	16	3090165	14644	0
gpl009	126	Pulse	199	3091515	15994	0
gpl009	127	Picture	fix2	3100557	0	1	13927	1	0	next	other	0
gpl009	127	Pulse	199	3101517	960	0
gpl009	127	Pulse	199	3111516	10960	0
gpl009	128	Picture	feedback	3114483	0	1	20061	1	0	next	other	0
gpl009	128	Pulse	199	3121516	7033	0
gpl009	128	Pulse	199	3131515	17032	0
gpl009	129	Picture	fix	3134544	0	1	23377	1	0	next	other	0
gpl009	129	Pulse	199	3141516	6972	0
gpl009	129	Pulse	199	3151516	16972	0
gpl009	131	Picture	stim	3157921	0	1	25035	1	0	25000	hit	368
gpl009	131	Pulse	199	3161516	3595	0
gpl009	131	Response	16	3170126	12205	0
gpl009	131	Pulse	199	3171516	13595	0
gpl009	131	Pulse	199	3181516	23595	0
gpl009	132	Picture	fix2	3183122	0	1	22051	1	0	next	other	0
gpl009	132	Pulse	199	3191516	8395	0
gpl009	132	Pulse	199	3201515	18394	0
gpl009	133	Picture	feedback	3205172	0	1	20061	1	0	next	other	0
gpl009	133	Pulse	199	3211516	6344	0
gpl009	133	Pulse	199	3221516	16344	0
gpl009	134	Picture	fix	3225233	0	1	35977	1	0	next	other	0
gpl009	134	Pulse	199	3231516	6283	0
gpl009	134	Pulse	199	3241516	16283	0
gpl009	134	Pulse	199	3251516	26283	0
gpl009	136	Picture	stim	3261210	0	1	25035	1	0	25000	incorrect	384
gpl009	136	Pulse	199	3261516	305	0
gpl009	136	Pulse	199	3271516	10305	0
gpl009	136	Response	32	3275986	14776	0
gpl009	136	Pulse	199	3281516	20305	0
gpl009	137	Picture	fix2	3286245	0	1	16082	1	0	next	other	0
gpl009	137	Pulse	199	3291516	5271	0
gpl009	137	Pulse	199	3301515	15270	0
gpl009	138	Picture	feedback	3302327	0	1	20061	1	0	next	other	0
gpl009	138	Pulse	199	3311516	9189	0
gpl009	138	Pulse	199	3321516	19189	0
gpl009	139	Picture	fix	3322388	0	1	31169	1	0	next	other	0
gpl009	139	Pulse	199	3331516	9128	0
gpl009	139	Pulse	199	3341516	19128	0
gpl009	139	Pulse	199	3351516	29128	0
gpl009	141	Picture	stim	3353557	0	1	25035	1	0	25000	incorrect	398
gpl009	141	Pulse	199	3361516	7959	0
gpl009	141	Response	32	3369776	16219	0
gpl009	141	Pulse	199	3371515	17958	0
gpl009	142	Picture	fix2	3378592	0	1	13264	1	0	next	other	0
gpl009	142	Pulse	199	3381516	2924	0
gpl009	142	Pulse	199	3391516	12924	0
gpl009	143	Picture	feedback	3391856	0	1	20061	1	0	next	other	0
gpl009	143	Pulse	199	3401516	9660	0
gpl009	143	Pulse	199	3411516	19660	0
gpl009	144	Picture	fix	3411917	0	1	24703	1	0	next	other	0
gpl009	144	Pulse	199	3421516	9599	0
gpl009	144	Pulse	199	3431516	19599	0
gpl009	146	Picture	stim	3436620	0	1	25035	1	0	25000	hit	411
gpl009	146	Pulse	199	3441516	4896	0
gpl009	146	Response	16	3446566	9946	0
gpl009	146	Pulse	199	3451516	14896	0
gpl009	146	Pulse	199	3461516	24896	0
gpl009	147	Picture	fix2	3461821	0	1	15916	1	0	next	other	0
gpl009	147	Pulse	199	3471516	9696	0
gpl009	148	Picture	feedback	3477737	0	1	20061	1	0	next	other	0
gpl009	148	Pulse	199	3481517	3780	0
gpl009	148	Pulse	199	3491517	13780	0
gpl009	149	Picture	fix	3497798	0	1	26361	1	0	next	other	0
gpl009	149	Pulse	199	3501517	3719	0
gpl009	149	Pulse	199	3511516	13718	0
gpl009	149	Pulse	199	3521516	23719	0
gpl009	151	Picture	stim	3524159	0	1	25035	1	0	25000	incorrect	425
gpl009	151	Pulse	199	3531516	7357	0
gpl009	151	Response	32	3538766	14607	0
gpl009	151	Pulse	199	3541516	17357	0
gpl009	152	Picture	fix2	3549194	0	1	22548	1	0	next	other	0
gpl009	152	Pulse	199	3551517	2323	0
gpl009	152	Pulse	199	3561516	12323	0
gpl009	152	Pulse	199	3571516	22323	0
gpl009	153	Picture	feedback	3571742	0	1	20061	1	0	next	other	0
gpl009	153	Pulse	199	3581516	9775	0
gpl009	153	Pulse	199	3591516	19775	0
gpl009	154	Picture	fix	3591803	0	1	27356	1	0	next	other	0
gpl009	154	Pulse	199	3601517	9714	0
gpl009	154	Pulse	199	3611516	19713	0
gpl009	156	Picture	stim	3619159	0	1	25035	1	0	25000	hit	440
gpl009	156	Pulse	199	3621516	2358	0
gpl009	156	Pulse	199	3631516	12358	0
gpl009	156	Response	16	3639066	19907	0
gpl009	156	Pulse	199	3641516	22358	0
gpl009	157	Picture	fix2	3644193	0	1	27687	1	0	next	other	0
gpl009	157	Pulse	199	3651516	7323	0
gpl009	157	Pulse	199	3661516	17323	0
gpl009	157	Pulse	199	3671516	27323	0
gpl009	158	Picture	feedback	3671881	0	1	20061	1	0	next	other	0
gpl009	158	Pulse	199	3681516	9635	0
gpl009	158	Pulse	199	3691516	19635	0
gpl009	159	Picture	fix	3691942	0	1	23377	1	0	next	other	0
gpl009	159	Pulse	199	3701517	9575	0
gpl009	159	Pulse	199	3711516	19574	0
gpl009	161	Picture	stim	3715319	0	1	25035	1	0	25000	hit	455
gpl009	161	Pulse	199	3721516	6197	0
gpl009	161	Pulse	199	3731516	16198	0
gpl009	161	Response	16	3735616	20297	0
gpl009	162	Picture	fix2	3740519	0	1	16745	1	0	next	other	0
gpl009	162	Pulse	199	3741517	997	0
gpl009	162	Pulse	199	3751516	10996	0
gpl009	163	Picture	feedback	3757265	0	1	20061	1	0	next	other	0
gpl009	163	Pulse	199	3761516	4252	0
gpl009	163	Pulse	199	3771516	14252	0
gpl009	164	Picture	fix	3777326	0	1	23709	1	0	next	other	0
gpl009	164	Pulse	199	3781516	4191	0
gpl009	164	Pulse	199	3791517	14191	0
gpl009	166	Picture	stim	3801034	0	1	25035	1	0	25000	hit	468
gpl009	166	Pulse	199	3801517	482	0
gpl009	166	Pulse	199	3811517	10482	0
gpl009	166	Response	16	3813806	12772	0
gpl009	166	Pulse	199	3821516	20482	0
gpl009	167	Picture	fix2	3826235	0	1	17243	1	0	next	other	0
gpl009	167	Pulse	199	3831517	5282	0
gpl009	167	Pulse	199	3841516	15282	0
gpl009	168	Picture	feedback	3843477	0	1	20044	183	0	next	other	0
gpl009	168	Pulse	199	3851516	8039	0
gpl009	168	Pulse	199	3861516	18039	0
gpl009	169	Picture	fix	3863522	0	183	21901	183	0	next	other	0
gpl009	169	Pulse	199	3871517	7995	0
gpl009	169	Pulse	199	3881516	17995	0
gpl009	171	Picture	stim	3885423	0	1	25035	1	0	25000	hit	481
gpl009	171	Pulse	199	3891516	6093	0
gpl009	171	Response	16	3894726	9303	0
gpl009	171	Pulse	199	3901516	16093	0
gpl009	172	Picture	fix2	3910458	0	1	23377	1	0	next	other	0
gpl009	172	Pulse	199	3911517	1059	0
gpl009	172	Pulse	199	3921516	11058	0
gpl009	172	Pulse	199	3931517	21059	0
gpl009	173	Picture	feedback	3933835	0	1	20061	1	0	next	other	0
gpl009	173	Pulse	199	3941517	7682	0
gpl009	173	Pulse	199	3951516	17682	0
gpl009	174	Picture	fix	3953896	0	1	33988	1	0	next	other	0
gpl009	174	Pulse	199	3961516	7620	0
gpl009	174	Pulse	199	3971516	17621	0
gpl009	174	Pulse	199	3981517	27621	0
gpl009	176	Picture	stim	3987883	0	1	25035	1	0	25000	incorrect	497
gpl009	176	Pulse	199	3991516	3633	0
gpl009	176	Pulse	199	4001517	13633	0
gpl009	176	Response	32	4003686	15802	0
gpl009	176	Pulse	199	4011516	23633	0
gpl009	177	Picture	fix2	4013084	0	1	10777	1	0	next	other	0
gpl009	177	Pulse	199	4021517	8433	0
gpl009	178	Picture	feedback	4023861	0	1	20061	1	0	next	other	0
gpl009	178	Pulse	199	4031516	7655	0
gpl009	178	Pulse	199	4041516	17656	0
gpl009	179	Picture	fix	4043922	0	1	22051	1	0	next	other	0
gpl009	179	Pulse	199	4051517	7595	0
gpl009	179	Pulse	199	4061516	17594	0
gpl009	181	Picture	stim	4065972	0	1	25035	1	0	25000	incorrect	509
gpl009	181	Pulse	199	4071517	5544	0
gpl009	181	Response	32	4079497	13524	0
gpl009	181	Pulse	199	4081516	15544	0
gpl009	182	Picture	fix2	4091007	0	1	24206	1	0	next	other	0
gpl009	182	Pulse	199	4091516	509	0
gpl009	182	Pulse	199	4101517	10510	0
gpl009	182	Pulse	199	4111517	20510	0
gpl009	183	Picture	feedback	4115213	0	1	20061	1	0	next	other	0
gpl009	183	Pulse	199	4121517	6304	0
gpl009	183	Pulse	199	4131515	16303	0
gpl009	184	Picture	fix	4135274	0	1	20227	1	0	next	other	0
gpl009	184	Pulse	199	4141517	6243	0
gpl009	184	Pulse	199	4151516	16242	0
gpl009	186	Picture	stim	4155500	0	1	25035	1	0	25000	incorrect	523
gpl009	186	Pulse	199	4161516	6016	0
gpl009	186	Response	32	4167516	12016	0
gpl009	186	Pulse	199	4171516	16016	0
gpl009	187	Picture	fix2	4180701	0	1	25864	1	0	next	other	0
gpl009	187	Pulse	199	4181517	815	0
gpl009	187	Pulse	199	4191516	10815	0
gpl009	187	Pulse	199	4201516	20815	0
gpl009	188	Picture	feedback	4206565	0	1	20061	1	0	next	other	0
gpl009	188	Pulse	199	4211516	4951	0
gpl009	188	Pulse	199	4221516	14951	0
gpl009	189	Picture	fix	4226626	0	1	21387	1	0	next	other	0
gpl009	189	Pulse	199	4231516	4890	0
gpl009	189	Pulse	199	4241516	14890	0
gpl009	191	Picture	stim	4248013	0	1	25035	1	0	25000	incorrect	537
gpl009	191	Pulse	199	4251517	3503	0
gpl009	191	Response	32	4258466	10452	0
gpl009	191	Pulse	199	4261517	13503	0
gpl009	191	Pulse	199	4271516	23503	0
gpl009	192	Picture	fix2	4273214	0	1	20558	1	0	next	other	0
gpl009	192	Pulse	199	4281517	8303	0
gpl009	192	Pulse	199	4291516	18302	0
gpl009	193	Picture	feedback	4293772	0	1	20061	1	0	next	other	0
gpl009	193	Pulse	199	4301516	7744	0
gpl009	193	Pulse	199	4311516	17744	0
gpl009	194	Picture	fix	4313833	0	1	26859	1	0	next	other	0
gpl009	194	Pulse	199	4321516	7683	0
gpl009	194	Pulse	199	4331516	17683	0
gpl009	196	Picture	stim	4340692	0	1	25035	1	0	25000	hit	553
gpl009	196	Pulse	199	4341516	824	0
gpl009	196	Pulse	199	4351516	10824	0
gpl009	196	Pulse	199	4361516	20824	0
gpl009	196	Response	16	4365366	24674	0
gpl009	197	Picture	fix2	4365893	0	1	20061	1	0	next	other	0
gpl009	197	Pulse	199	4371516	5623	0
gpl009	197	Pulse	199	4381516	15623	0
gpl009	198	Picture	feedback	4385954	0	1	20061	1	0	next	other	0
gpl009	198	Pulse	199	4391516	5562	0
gpl009	198	Pulse	199	4401516	15562	0
gpl009	199	Picture	fix	4406015	0	1	26859	1	0	next	other	0
gpl009	199	Pulse	199	4411516	5501	0
gpl009	199	Pulse	199	4421516	15501	0
gpl009	199	Pulse	199	4431516	25501	0
gpl009	201	Picture	stim	4432873	0	1	25035	1	0	25000	hit	566
gpl009	201	Pulse	199	4441516	8643	0
gpl009	201	Response	16	4442336	9463	0
gpl009	201	Pulse	199	4451516	18643	0
gpl009	202	Picture	fix2	4457908	0	1	18071	1	0	next	other	0
gpl009	202	Pulse	199	4461516	3608	0
gpl009	202	Pulse	199	4471516	13608	0
gpl009	203	Picture	feedback	4475979	0	1	20061	1	0	next	other	0
gpl009	203	Pulse	199	4481516	5536	0
gpl009	203	Pulse	199	4491516	15537	0
gpl009	204	Picture	fix	4496040	0	1	22714	1	0	next	other	0
gpl009	204	Pulse	199	4501517	5476	0
gpl009	204	Pulse	199	4511516	15476	0
gpl009	206	Picture	stim	4518754	0	1	25035	1	0	25000	hit	580
gpl009	206	Pulse	199	4521517	2763	0
gpl009	206	Pulse	199	4531516	12762	0
gpl009	206	Response	16	4540206	21452	0
gpl009	206	Pulse	199	4541516	22762	0
gpl009	207	Picture	fix2	4543789	0	1	16579	1	0	next	other	0
gpl009	207	Pulse	199	4551516	7727	0
gpl009	208	Picture	feedback	4560368	0	1	20061	1	0	next	other	0
gpl009	208	Pulse	199	4561517	1148	0
gpl009	208	Pulse	199	4571517	11148	0
gpl009	209	Picture	fix	4580429	0	1	25201	1	0	next	other	0
gpl009	209	Pulse	199	4581516	1087	0
gpl009	209	Pulse	199	4591517	11087	0
gpl009	209	Pulse	199	4601516	21087	0
gpl009	211	Picture	stim	4605630	0	1	25035	1	0	25000	hit	594
gpl009	211	Pulse	199	4611516	5886	0
gpl009	211	Pulse	199	4621517	15887	0
gpl009	211	Response	16	4622176	16546	0
gpl009	212	Picture	fix2	4630831	0	1	11606	1	0	next	other	0
gpl009	212	Pulse	199	4631517	686	0
gpl009	212	Pulse	199	4641516	10686	0
gpl009	213	Picture	feedback	4642436	0	1	20061	1	0	next	other	0
gpl009	213	Pulse	199	4651526	9090	0
gpl009	213	Pulse	199	4661526	19090	0
gpl009	214	Picture	fix	4662497	0	1	28517	1	0	next	other	0
gpl009	214	Pulse	199	4671527	9030	0
gpl009	214	Pulse	199	4681526	19029	0
gpl009	216	Picture	stim	4691014	0	1	25035	1	0	25000	incorrect	607
gpl009	216	Pulse	199	4691527	513	0
gpl009	216	Pulse	199	4701527	10513	0
gpl009	216	Response	32	4705327	14313	0
gpl009	216	Pulse	199	4711527	20513	0
gpl009	217	Picture	fix2	4716048	0	1	29014	1	0	next	other	0
gpl009	217	Pulse	199	4721527	5479	0
gpl009	217	Pulse	199	4731527	15478	0
gpl009	217	Pulse	199	4741527	25478	0
gpl009	218	Picture	feedback	4745062	0	1	20061	1	0	next	other	0
gpl009	218	Pulse	199	4751526	6464	0
gpl009	218	Pulse	199	4761527	16464	0
gpl009	219	Picture	fix	4765123	0	1	29677	1	0	next	other	0
gpl009	219	Pulse	199	4771527	6404	0
gpl009	219	Pulse	199	4781526	16403	0
gpl009	219	Pulse	199	4791527	26404	0
gpl009	221	Picture	stim	4794800	0	1	25035	1	0	25000	incorrect	623
gpl009	221	Pulse	199	4801527	6727	0
gpl009	221	Pulse	199	4811527	16726	0
gpl009	221	Response	32	4816477	21676	0
gpl009	222	Picture	fix2	4819835	0	1	21885	1	0	next	other	0
gpl009	222	Pulse	199	4821526	1691	0
gpl009	222	Pulse	199	4831527	11692	0
gpl009	222	Pulse	199	4841527	21692	0
gpl009	223	Picture	feedback	4841720	0	1	20227	1	0	next	other	0
gpl009	223	Pulse	199	4851527	9807	0
gpl009	223	Pulse	199	4861527	19807	0
gpl009	224	Picture	fix	4861947	0	1	23543	1	0	next	other	0
gpl009	224	Pulse	199	4871527	9580	0
gpl009	224	Pulse	199	4881527	19580	0
gpl009	226	Picture	stim	4885489	0	1	25035	1	0	25000	hit	636
gpl009	226	Pulse	199	4891526	6037	0
gpl009	226	Response	16	4896667	11177	0
gpl009	226	Pulse	199	4901527	16037	0
gpl009	227	Picture	fix2	4910524	0	1	12932	1	0	next	other	0
gpl009	227	Pulse	199	4911527	1003	0
gpl009	227	Pulse	199	4921526	11002	0
gpl009	228	Picture	feedback	4923456	0	1	20061	1	0	next	other	0
gpl009	228	Pulse	199	4931527	8071	0
gpl009	228	Pulse	199	4941527	18071	0
gpl009	229	Picture	fix	4943517	0	1	28516	1	0	next	other	0
gpl009	229	Pulse	199	4951527	8010	0
gpl009	229	Pulse	199	4961526	18009	0
gpl009	229	Pulse	199	4971527	28010	0
gpl009	231	Picture	stim	4972034	0	1	25035	1	0	25000	incorrect	650
gpl009	231	Pulse	199	4981527	9493	0
gpl009	231	Response	32	4984127	12093	0
gpl009	231	Pulse	199	4991527	19493	0
gpl009	232	Picture	fix2	4997068	0	1	14092	1	0	next	other	0
gpl009	232	Pulse	199	5001527	4459	0
gpl009	233	Picture	feedback	5011161	0	1	20061	1	0	next	other	0
gpl009	233	Pulse	199	5011527	366	0
gpl009	233	Pulse	199	5021527	10366	0
gpl009	234	Picture	fix	5031222	0	1	26030	1	0	next	other	0
gpl009	234	Pulse	199	5031526	305	0
gpl009	234	Pulse	199	5041527	10305	0
gpl009	234	Pulse	199	5051526	20304	0
gpl009	236	Picture	stim	5057251	0	1	25035	1	0	25000	miss	0
gpl009	236	Pulse	199	5061526	4275	0
gpl009	236	Pulse	199	5071527	14275	0
gpl009	236	Pulse	199	5081526	24275	0
gpl009	237	Picture	fix2	5082286	0	1	11108	1	0	next	other	0
gpl009	237	Response	16	5083467	1181	0
gpl009	237	Pulse	199	5091527	9241	0
gpl009	238	Picture	feedback	5093394	0	1	20061	1	0	next	other	0
gpl009	238	Pulse	199	5101526	8132	0
gpl009	238	Pulse	199	5111526	18132	0
gpl009	239	Picture	fix	5113455	0	1	37469	1	0	next	other	0
gpl009	239	Pulse	199	5121526	8071	0
gpl009	239	Pulse	199	5131526	18071	0
gpl009	239	Pulse	199	5141526	28071	0
gpl009	241	Picture	stim	5150925	0	1	25035	1	0	25000	incorrect	678
gpl009	241	Pulse	199	5151526	601	0
gpl009	241	Pulse	199	5161526	10601	0
gpl009	241	Response	32	5164267	13342	0
gpl009	241	Pulse	199	5171526	20601	0
gpl009	242	Picture	fix2	5176125	0	1	16579	1	0	next	other	0
gpl009	242	Pulse	199	5181526	5401	0
gpl009	242	Pulse	199	5191526	15400	0
gpl009	243	Picture	feedback	5192705	0	1	20061	1	0	next	other	0
gpl009	243	Pulse	199	5201526	8822	0
gpl009	243	Pulse	199	5211526	18822	0
gpl009	244	Picture	100	5212766	0	1	250000	183	0	250000	other	0
gpl009	244	Pulse	199	5221526	8761	0
gpl009	244	Pulse	199	5231526	18760	0
gpl009	244	Pulse	199	5241526	28760	0
gpl009	244	Pulse	199	5251526	38761	0
gpl009	244	Pulse	199	5261527	48761	0
gpl009	244	Pulse	199	5271526	58760	0
gpl009	244	Pulse	199	5281527	68761	0
gpl009	244	Pulse	199	5291527	78761	0
gpl009	244	Pulse	199	5301527	88761	0
gpl009	244	Pulse	199	5311527	98761	0
gpl009	244	Pulse	199	5321527	108761	0
gpl009	244	Pulse	199	5331527	118761	0
gpl009	244	Pulse	199	5341526	128760	0
gpl009	244	Pulse	199	5351527	138761	0
gpl009	244	Pulse	199	5361527	148761	0
gpl009	244	Pulse	199	5371526	158761	0
gpl009	244	Pulse	199	5381527	168761	0
gpl009	244	Pulse	199	5391527	178761	0
gpl009	244	Pulse	199	5401527	188761	0
gpl009	244	Pulse	199	5411526	198760	0
gpl009	244	Pulse	199	5421527	208761	0
gpl009	244	Pulse	199	5431527	218761	0
