Scenario - FBL_A.sce
Logfile written - 04/23/2021 14:46:38

Subject	Trial	Event Type	Code	Time	TTime	Uncertainty	Duration	Uncertainty	ReqTime	ReqDur	Stim Type	Pair Index

gpl006	1	Response	16	133977	123811	0
gpl006	2	Picture	start	133980	0	200	697029	200	0	next	other	0
gpl006	2	Response	16	154727	20748	0
gpl006	2	Response	16	173096	39117	0
gpl006	3	Pulse	199	830957	646966	0
gpl006	3	Pulse	199	840956	656966	0
gpl006	3	Pulse	199	850956	666966	0
gpl006	3	Pulse	199	860956	676966	0
gpl006	3	Pulse	199	870956	686966	0
gpl006	3	Pulse	199	880956	696966	0
gpl006	4	Picture	fix	881576	0	1	29843	1	0	next	other	0
gpl006	4	Pulse	199	890957	9381	0
gpl006	4	Pulse	199	900956	19380	0
gpl006	4	Pulse	199	910956	29381	0
gpl006	6	Picture	stim	911418	0	1	25035	1	0	25000	incorrect	17
gpl006	6	Pulse	199	920957	9538	0
gpl006	6	Response	32	923926	12508	0
gpl006	6	Pulse	199	930956	19537	0
gpl006	7	Picture	fix2	936453	0	1	21885	1	0	next	other	0
gpl006	7	Pulse	199	940957	4504	0
gpl006	7	Pulse	199	950957	14503	0
gpl006	8	Picture	feedback	958338	0	1	20393	1	0	next	other	0
gpl006	8	Pulse	199	960956	2618	0
gpl006	8	Pulse	199	970956	12618	0
gpl006	9	Picture	fix	978731	0	1	35977	1	0	next	other	0
gpl006	9	Pulse	199	980957	2226	0
gpl006	9	Pulse	199	990957	12226	0
gpl006	9	Pulse	199	1000956	22225	0
gpl006	9	Pulse	199	1010956	32226	0
gpl006	11	Picture	stim	1014708	0	1	25035	1	0	25000	incorrect	33
gpl006	11	Pulse	199	1020957	6249	0
gpl006	11	Pulse	199	1030956	16249	0
gpl006	11	Response	32	1037556	22849	0
gpl006	12	Picture	fix2	1039908	0	1	21387	1	0	next	other	0
gpl006	12	Pulse	199	1040957	1048	0
gpl006	12	Pulse	199	1050957	11048	0
gpl006	12	Pulse	199	1060957	21048	0
gpl006	13	Picture	feedback	1061296	0	1	20393	1	0	next	other	0
gpl006	13	Pulse	199	1070956	9660	0
gpl006	13	Pulse	199	1080956	19661	0
gpl006	14	Picture	fix	1081688	0	1	31169	1	0	next	other	0
gpl006	14	Pulse	199	1090957	9269	0
gpl006	14	Pulse	199	1100956	19268	0
gpl006	14	Pulse	199	1110956	29268	0
gpl006	16	Picture	stim	1112858	0	1	25035	1	0	25000	incorrect	47
gpl006	16	Pulse	199	1120957	8099	0
gpl006	16	Response	32	1124336	11478	0
gpl006	16	Pulse	199	1130956	18099	0
gpl006	17	Picture	fix2	1137892	0	1	29014	1	0	next	other	0
gpl006	17	Pulse	199	1140956	3064	0
gpl006	17	Pulse	199	1150956	13064	0
gpl006	17	Pulse	199	1160956	23064	0
gpl006	18	Picture	feedback	1166906	0	1	20061	1	0	next	other	0
gpl006	18	Pulse	199	1170957	4050	0
gpl006	18	Pulse	199	1180956	14050	0
gpl006	19	Picture	fix	1186967	0	1	30838	1	0	next	other	0
gpl006	19	Pulse	199	1190956	3989	0
gpl006	19	Pulse	199	1200956	13989	0
gpl006	19	Pulse	199	1210956	23989	0
gpl006	21	Picture	stim	1217805	0	1	25035	1	0	25000	incorrect	63
gpl006	21	Pulse	199	1220956	3152	0
gpl006	21	Pulse	199	1230956	13152	0
gpl006	21	Response	32	1231766	13962	0
gpl006	21	Pulse	199	1240956	23151	0
gpl006	22	Picture	fix2	1242839	0	1	21553	1	0	next	other	0
gpl006	22	Pulse	199	1250956	8117	0
gpl006	22	Pulse	199	1260956	18117	0
gpl006	23	Picture	feedback	1264393	0	1	20393	1	0	next	other	0
gpl006	23	Pulse	199	1270956	6564	0
gpl006	23	Pulse	199	1280956	16563	0
gpl006	24	Picture	fix	1284785	0	1	30009	1	0	next	other	0
gpl006	24	Pulse	199	1290956	6171	0
gpl006	24	Pulse	199	1300956	16171	0
gpl006	24	Pulse	199	1310956	26171	0
gpl006	26	Picture	stim	1314794	0	1	25035	1	0	25000	incorrect	77
gpl006	26	Pulse	199	1320956	6162	0
gpl006	26	Response	32	1328137	13343	0
gpl006	26	Pulse	199	1330956	16163	0
gpl006	27	Picture	fix2	1339829	0	1	10777	1	0	next	other	0
gpl006	27	Pulse	199	1340956	1128	0
gpl006	28	Picture	feedback	1350605	0	1	20393	1	0	next	other	0
gpl006	28	Pulse	199	1350956	351	0
gpl006	28	Pulse	199	1360956	10351	0
gpl006	28	Pulse	199	1370943	20338	14
gpl006	29	Picture	fix	1370998	0	1	23708	1	0	next	other	0
gpl006	29	Pulse	199	1380956	9959	0
gpl006	29	Pulse	199	1390956	19959	0
gpl006	31	Picture	stim	1394706	0	1	25201	1	0	25000	miss	0
gpl006	31	Pulse	199	1400956	6250	0
gpl006	31	Pulse	199	1410957	16251	0
gpl006	32	Picture	fix2	1419907	0	1	18569	1	0	next	other	0
gpl006	32	Pulse	199	1420957	1050	0
gpl006	32	Response	32	1422186	2280	0
gpl006	32	Pulse	199	1430956	11049	0
gpl006	33	Picture	feedback	1438476	0	1	20061	1	0	next	other	0
gpl006	33	Pulse	199	1440957	2481	0
gpl006	33	Pulse	199	1450956	12481	0
gpl006	34	Picture	fix	1458537	0	1	29345	1	0	next	other	0
gpl006	34	Pulse	199	1460956	2420	0
gpl006	34	Pulse	199	1470956	12420	0
gpl006	34	Pulse	199	1480956	22420	0
gpl006	36	Picture	stim	1487882	0	1	25035	1	0	25000	incorrect	104
gpl006	36	Pulse	199	1490957	3075	0
gpl006	36	Response	32	1499226	11344	0
gpl006	36	Pulse	199	1500956	13074	0
gpl006	36	Pulse	199	1510956	23074	0
gpl006	37	Picture	fix2	1513083	0	1	24206	1	0	next	other	0
gpl006	37	Pulse	199	1520956	7874	0
gpl006	37	Pulse	199	1530957	17874	0
gpl006	38	Picture	feedback	1537289	0	1	20061	1	0	next	other	0
gpl006	38	Pulse	199	1540956	3667	0
gpl006	38	Pulse	199	1550957	13668	0
gpl006	39	Picture	fix	1557350	0	1	33324	1	0	next	other	0
gpl006	39	Pulse	199	1560957	3607	0
gpl006	39	Pulse	199	1570956	13607	0
gpl006	39	Pulse	199	1580956	23607	0
gpl006	41	Picture	stim	1590674	0	1	25035	1	0	25000	hit	120
gpl006	41	Pulse	199	1590956	282	0
gpl006	41	Pulse	199	1600956	10282	0
gpl006	41	Response	16	1608326	17652	0
gpl006	41	Pulse	199	1610956	20282	0
gpl006	42	Picture	fix2	1615709	0	1	13927	1	0	next	other	0
gpl006	42	Pulse	199	1620956	5248	0
gpl006	43	Picture	feedback	1629635	0	1	20061	1	0	next	other	0
gpl006	43	Pulse	199	1630956	1321	0
gpl006	43	Pulse	199	1640956	11321	0
gpl006	44	Picture	fix	1649696	0	1	23377	1	0	next	other	0
gpl006	44	Pulse	199	1650956	1260	0
gpl006	44	Pulse	199	1660956	11260	0
gpl006	44	Pulse	199	1670956	21259	0
gpl006	46	Picture	stim	1673073	0	1	25035	1	0	25000	hit	133
gpl006	46	Pulse	199	1680956	7883	0
gpl006	46	Response	16	1686636	13563	0
gpl006	46	Pulse	199	1690956	17883	0
gpl006	47	Picture	fix2	1698274	0	1	23543	1	0	next	other	0
gpl006	47	Pulse	199	1700957	2683	0
gpl006	47	Pulse	199	1710956	12682	0
gpl006	47	Pulse	199	1720956	22682	0
gpl006	48	Picture	feedback	1721817	0	1	20061	1	0	next	other	0
gpl006	48	Pulse	199	1730956	9140	0
gpl006	48	Pulse	199	1740956	19139	0
gpl006	49	Picture	fix	1741878	0	1	22382	1	0	next	other	0
gpl006	49	Pulse	199	1750956	9079	0
gpl006	49	Pulse	199	1760956	19079	0
gpl006	51	Picture	stim	1764260	0	1	25035	1	0	25000	incorrect	147
gpl006	51	Pulse	199	1770956	6697	0
gpl006	51	Response	32	1776056	11796	0
gpl006	51	Pulse	199	1780956	16696	0
gpl006	52	Picture	fix2	1789294	0	1	29345	1	0	next	other	0
gpl006	52	Pulse	199	1790956	1662	0
gpl006	52	Pulse	199	1800956	11662	0
gpl006	52	Pulse	199	1810956	21661	0
gpl006	53	Picture	feedback	1818640	0	1	20061	1	0	next	other	0
gpl006	53	Pulse	199	1820956	2316	0
gpl006	53	Pulse	199	1830956	12316	0
gpl006	54	Picture	fix	1838701	0	1	20227	1	0	next	other	0
gpl006	54	Pulse	199	1840957	2256	0
gpl006	54	Pulse	199	1850956	12255	0
gpl006	56	Picture	stim	1858928	0	1	25035	1	0	25000	incorrect	162
gpl006	56	Pulse	199	1860966	2039	0
gpl006	56	Pulse	199	1870956	12028	0
gpl006	56	Response	32	1874336	15408	0
gpl006	56	Pulse	199	1880965	22038	0
gpl006	57	Picture	fix2	1883962	0	1	9119	1	0	next	other	0
gpl006	57	Pulse	199	1890956	6994	0
gpl006	58	Picture	feedback	1893081	0	1	20061	1	0	next	other	0
gpl006	58	Pulse	199	1900956	7875	0
gpl006	58	Pulse	199	1910956	17875	0
gpl006	59	Picture	fix	1913142	0	1	26859	1	0	next	other	0
gpl006	59	Pulse	199	1920967	7825	0
gpl006	59	Pulse	199	1930966	17824	0
gpl006	61	Picture	stim	1940001	0	1	25035	1	0	25000	incorrect	175
gpl006	61	Pulse	199	1940966	966	0
gpl006	61	Pulse	199	1950966	10965	0
gpl006	61	Response	32	1955766	15765	0
gpl006	61	Pulse	199	1960966	20966	0
gpl006	62	Picture	fix2	1965201	0	1	22201	16	0	next	other	0
gpl006	62	Pulse	199	1970966	5765	0
gpl006	62	Pulse	199	1980966	15765	0
gpl006	63	Picture	feedback	1987403	0	16	20076	16	0	next	other	0
gpl006	63	Pulse	199	1990966	3563	0
gpl006	63	Pulse	199	2000966	13563	0
gpl006	64	Picture	fix	2007479	0	1	25366	1	0	next	other	0
gpl006	64	Pulse	199	2010966	3488	0
gpl006	64	Pulse	199	2020966	13487	0
gpl006	64	Pulse	199	2030966	23487	0
gpl006	66	Picture	stim	2032845	0	1	25035	1	0	25000	incorrect	189
gpl006	66	Pulse	199	2040966	8121	0
gpl006	66	Response	32	2046086	13241	0
gpl006	66	Pulse	199	2050966	18121	0
gpl006	67	Picture	fix2	2057880	0	1	25864	1	0	next	other	0
gpl006	67	Pulse	199	2060966	3086	0
gpl006	67	Response	16	2065356	7476	0
gpl006	67	Pulse	199	2070966	13086	0
gpl006	67	Pulse	199	2080966	23086	0
gpl006	68	Picture	feedback	2083744	0	1	20061	1	0	next	other	0
gpl006	68	Pulse	199	2090966	7222	0
gpl006	68	Pulse	199	2100966	17223	0
gpl006	69	Picture	fix	2103804	0	1	17740	1	0	next	other	0
gpl006	69	Pulse	199	2110966	7162	0
gpl006	69	Pulse	199	2120966	17161	0
gpl006	71	Picture	stim	2121544	0	1	25035	1	0	25000	incorrect	205
gpl006	71	Pulse	199	2130966	9422	0
gpl006	71	Pulse	199	2140966	19421	0
gpl006	71	Response	32	2144186	22642	0
gpl006	72	Picture	fix2	2146579	0	1	11606	1	0	next	other	0
gpl006	72	Pulse	199	2150966	4387	0
gpl006	73	Picture	feedback	2158185	0	1	20061	1	0	next	other	0
gpl006	73	Pulse	199	2160966	2781	0
gpl006	73	Pulse	199	2170966	12781	0
gpl006	74	Picture	fix	2178246	0	1	19066	1	0	next	other	0
gpl006	74	Pulse	199	2180966	2720	0
gpl006	74	Pulse	199	2190966	12720	0
gpl006	76	Picture	stim	2197312	0	1	25035	1	0	25000	incorrect	216
gpl006	76	Pulse	199	2200967	3655	0
gpl006	76	Response	32	2208856	11544	0
gpl006	76	Pulse	199	2210966	13654	0
gpl006	76	Pulse	199	2220966	23654	0
gpl006	77	Picture	fix2	2222347	0	1	16414	1	0	next	other	0
gpl006	77	Pulse	199	2230966	8620	0
gpl006	78	Picture	feedback	2238760	0	1	20061	1	0	next	other	0
gpl006	78	Pulse	199	2240966	2206	0
gpl006	78	Pulse	199	2250966	12206	0
gpl006	79	Picture	fix	2258821	0	1	29014	1	0	next	other	0
gpl006	79	Pulse	199	2260966	2145	0
gpl006	79	Pulse	199	2270966	12145	0
gpl006	79	Pulse	199	2280966	22145	0
gpl006	81	Picture	stim	2287835	0	1	25035	1	0	25000	hit	231
gpl006	81	Pulse	199	2290966	3131	0
gpl006	81	Pulse	199	2300966	13131	0
gpl006	81	Response	16	2305636	17801	0
gpl006	81	Pulse	199	2310966	23131	0
gpl006	82	Picture	fix2	2312870	0	1	20393	1	0	next	other	0
gpl006	82	Pulse	199	2320966	8096	0
gpl006	82	Pulse	199	2330965	18095	0
gpl006	83	Picture	feedback	2333263	0	1	20061	1	0	next	other	0
gpl006	83	Pulse	199	2340966	7703	0
gpl006	83	Pulse	199	2350966	17703	0
gpl006	84	Picture	fix	2353324	0	1	28516	1	0	next	other	0
gpl006	84	Pulse	199	2360965	7642	0
gpl006	84	Pulse	199	2370966	17642	0
gpl006	84	Pulse	199	2380966	27642	0
gpl006	86	Picture	stim	2381840	0	1	25035	1	0	25000	hit	245
gpl006	86	Pulse	199	2390966	9126	0
gpl006	86	Response	16	2392926	11086	0
gpl006	86	Pulse	199	2400966	19126	0
gpl006	87	Picture	fix2	2407041	0	1	14756	1	0	next	other	0
gpl006	87	Pulse	199	2410966	3925	0
gpl006	87	Pulse	199	2420966	13925	0
gpl006	88	Picture	feedback	2421796	0	1	20061	1	0	next	other	0
gpl006	88	Pulse	199	2430966	9169	0
gpl006	88	Pulse	199	2440966	19170	0
gpl006	89	Picture	fix	2441857	0	1	28848	1	0	next	other	0
gpl006	89	Pulse	199	2450966	9109	0
gpl006	89	Pulse	199	2460966	19109	0
gpl006	91	Picture	stim	2470705	0	1	25035	1	0	25000	hit	259
gpl006	91	Pulse	199	2470966	260	0
gpl006	91	Pulse	199	2480966	10261	0
gpl006	91	Response	16	2485606	14900	0
gpl006	91	Pulse	199	2490966	20261	0
gpl006	92	Picture	fix2	2495906	0	1	15916	1	0	next	other	0
gpl006	92	Pulse	199	2500966	5060	0
gpl006	92	Pulse	199	2510966	15060	0
gpl006	93	Picture	feedback	2511822	0	1	20061	1	0	next	other	0
gpl006	93	Pulse	199	2520966	9144	0
gpl006	93	Pulse	199	2530966	19144	0
gpl006	94	Picture	fix	2531883	0	1	37469	1	0	next	other	0
gpl006	94	Pulse	199	2540966	9083	0
gpl006	94	Pulse	199	2550966	19083	0
gpl006	94	Pulse	199	2560966	29083	0
gpl006	96	Picture	stim	2569352	0	1	25035	1	0	25000	incorrect	274
gpl006	96	Pulse	199	2570966	1613	0
gpl006	96	Pulse	199	2580966	11614	0
gpl006	96	Response	32	2582936	13584	0
gpl006	96	Pulse	199	2590966	21614	0
gpl006	97	Picture	fix2	2594387	0	1	22050	1	0	next	other	0
gpl006	97	Pulse	199	2600966	6579	0
gpl006	97	Pulse	199	2610965	16578	0
gpl006	98	Picture	feedback	2616438	0	1	20061	1	0	next	other	0
gpl006	98	Pulse	199	2620966	4528	0
gpl006	98	Pulse	199	2630966	14528	0
gpl006	99	Picture	fix	2636499	0	1	27356	1	0	next	other	0
gpl006	99	Pulse	199	2640966	4467	0
gpl006	99	Pulse	199	2650966	14467	0
gpl006	99	Pulse	199	2660966	24468	0
gpl006	101	Picture	stim	2663855	0	1	25035	1	0	25000	hit	288
gpl006	101	Pulse	199	2670966	7111	0
gpl006	101	Response	16	2673426	9571	0
gpl006	101	Pulse	199	2680966	17111	0
gpl006	102	Picture	fix2	2688889	0	1	27687	1	0	next	other	0
gpl006	102	Pulse	199	2690966	2077	0
gpl006	102	Pulse	199	2700966	12077	0
gpl006	102	Pulse	199	2710966	22076	0
gpl006	103	Picture	feedback	2716577	0	1	20061	1	0	next	other	0
gpl006	103	Pulse	199	2720966	4389	0
gpl006	103	Pulse	199	2730966	14389	0
gpl006	104	Picture	fix	2736638	0	1	20393	1	0	next	other	0
gpl006	104	Pulse	199	2740966	4328	0
gpl006	104	Pulse	199	2750966	14328	0
gpl006	106	Picture	stim	2757030	0	1	25035	1	0	25000	hit	303
gpl006	106	Pulse	199	2760966	3936	0
gpl006	106	Pulse	199	2770966	13935	0
gpl006	106	Response	16	2779036	22006	0
gpl006	106	Pulse	199	2780965	23935	0
gpl006	107	Picture	fix2	2782065	0	1	17906	1	0	next	other	0
gpl006	107	Pulse	199	2790966	8901	0
gpl006	108	Picture	feedback	2799971	0	1	20061	1	0	next	other	0
gpl006	108	Pulse	199	2800966	995	0
gpl006	108	Pulse	199	2810966	10995	0
gpl006	109	Picture	fix	2820032	0	1	33988	1	0	next	other	0
gpl006	109	Pulse	199	2820966	934	0
gpl006	109	Pulse	199	2830966	10934	0
gpl006	109	Pulse	199	2840966	20934	0
gpl006	109	Pulse	199	2850966	30934	0
gpl006	111	Picture	stim	2854020	0	1	25035	1	0	25000	incorrect	317
gpl006	111	Pulse	199	2860966	6946	0
gpl006	111	Response	32	2865055	11036	0
gpl006	111	Pulse	199	2870966	16946	0
gpl006	112	Picture	fix2	2879054	0	1	25864	1	0	next	other	0
gpl006	112	Pulse	199	2880966	1911	0
gpl006	112	Pulse	199	2890966	11912	0
gpl006	112	Pulse	199	2900966	21912	0
gpl006	113	Picture	feedback	2904918	0	1	20061	1	0	next	other	0
gpl006	113	Pulse	199	2910966	6048	0
gpl006	113	Pulse	199	2920966	16048	0
gpl006	114	Picture	fix	2924979	0	1	26859	1	0	next	other	0
gpl006	114	Pulse	199	2930966	5987	0
gpl006	114	Pulse	199	2940966	15987	0
gpl006	114	Pulse	199	2950966	25986	0
gpl006	116	Picture	stim	2951838	0	1	25035	1	0	25000	hit	332
gpl006	116	Pulse	199	2960966	9128	0
gpl006	116	Response	16	2965325	13488	0
gpl006	116	Pulse	199	2970966	19128	0
gpl006	117	Picture	fix2	2976872	0	1	26361	1	0	next	other	0
gpl006	117	Pulse	199	2980966	4093	0
gpl006	117	Pulse	199	2990965	14093	0
gpl006	117	Pulse	199	3000966	24093	0
gpl006	118	Picture	feedback	3003234	0	1	20061	1	0	next	other	0
gpl006	118	Pulse	199	3010966	7732	0
gpl006	118	Pulse	199	3020965	17732	0
gpl006	119	Picture	fix	3023294	0	1	19398	1	0	next	other	0
gpl006	119	Pulse	199	3030966	7671	0
gpl006	119	Pulse	199	3040966	17671	0
gpl006	121	Picture	stim	3042692	0	1	25035	1	0	25000	hit	346
gpl006	121	Pulse	199	3050966	8273	0
gpl006	121	Response	16	3052556	9864	0
gpl006	121	Pulse	199	3060966	18273	0
gpl006	122	Picture	fix2	3067727	0	1	16745	1	0	next	other	0
gpl006	122	Pulse	199	3070966	3239	0
gpl006	122	Pulse	199	3080966	13238	0
gpl006	123	Picture	feedback	3084472	0	1	20061	1	0	next	other	0
gpl006	123	Pulse	199	3090966	6493	0
gpl006	123	Pulse	199	3100966	16493	0
gpl006	124	Picture	fix	3104533	0	1	26030	1	0	next	other	0
gpl006	124	Pulse	199	3110966	6433	0
gpl006	124	Pulse	199	3120965	16432	0
gpl006	126	Picture	stim	3130563	0	1	25035	1	0	25000	incorrect	360
gpl006	126	Pulse	199	3130966	403	0
gpl006	126	Pulse	199	3140966	10403	0
gpl006	126	Response	32	3143506	12943	0
gpl006	126	Pulse	199	3150966	20403	0
gpl006	127	Picture	fix2	3155598	0	1	16082	1	0	next	other	0
gpl006	127	Pulse	199	3160966	5368	0
gpl006	127	Pulse	199	3170966	15368	0
gpl006	128	Picture	feedback	3171680	0	1	20061	1	0	next	other	0
gpl006	128	Pulse	199	3180966	9286	0
gpl006	128	Pulse	199	3190966	19286	0
gpl006	129	Picture	fix	3191741	0	1	26859	1	0	next	other	0
gpl006	129	Pulse	199	3200966	9225	0
gpl006	129	Pulse	199	3210966	19226	0
gpl006	131	Picture	stim	3218599	0	1	25035	1	0	25000	hit	373
gpl006	131	Pulse	199	3220966	2367	0
gpl006	131	Response	16	3229346	10747	0
gpl006	131	Pulse	199	3230966	12366	0
gpl006	131	Pulse	199	3240966	22367	0
gpl006	132	Picture	fix2	3243634	0	1	13263	1	0	next	other	0
gpl006	132	Pulse	199	3250966	7332	0
gpl006	133	Picture	feedback	3256897	0	1	20061	1	0	next	other	0
gpl006	133	Pulse	199	3260966	4068	0
gpl006	133	Pulse	199	3270966	14069	0
gpl006	134	Picture	fix	3276958	0	1	24537	1	0	next	other	0
gpl006	134	Pulse	199	3280966	4007	0
gpl006	134	Pulse	199	3290966	14008	0
gpl006	134	Pulse	199	3300966	24007	0
gpl006	136	Picture	stim	3301496	0	1	25035	1	0	25000	incorrect	387
gpl006	136	Pulse	199	3310966	9470	0
gpl006	136	Response	32	3314556	13060	0
gpl006	136	Pulse	199	3320966	19470	0
gpl006	137	Picture	fix2	3326696	0	1	15253	1	0	next	other	0
gpl006	137	Pulse	199	3330965	4269	0
gpl006	137	Pulse	199	3340966	14269	0
gpl006	138	Picture	feedback	3341949	0	1	20061	1	0	next	other	0
gpl006	138	Pulse	199	3350966	9016	0
gpl006	138	Pulse	199	3360966	19016	0
gpl006	139	Picture	fix	3362010	0	1	25201	1	0	next	other	0
gpl006	139	Pulse	199	3370966	8955	0
gpl006	139	Pulse	199	3380966	18955	0
gpl006	141	Picture	stim	3387211	0	1	25035	1	0	25000	incorrect	400
gpl006	141	Pulse	199	3390966	3755	0
gpl006	141	Response	32	3394446	7235	0
gpl006	141	Pulse	199	3400965	13754	0
gpl006	141	Pulse	199	3410966	23755	0
gpl006	142	Picture	fix2	3412246	0	1	21719	1	0	next	other	0
gpl006	142	Pulse	199	3420966	8720	0
gpl006	142	Pulse	199	3430965	18720	0
gpl006	143	Picture	feedback	3433965	0	1	20061	1	0	next	other	0
gpl006	143	Pulse	199	3440965	7001	0
gpl006	143	Pulse	199	3450966	17001	0
gpl006	144	Picture	fix	3454026	0	1	24703	1	0	next	other	0
gpl006	144	Pulse	199	3460966	6940	0
gpl006	144	Pulse	199	3470965	16939	0
gpl006	146	Picture	stim	3478729	0	1	25035	1	0	25000	hit	415
gpl006	146	Pulse	199	3480966	2237	0
gpl006	146	Pulse	199	3490966	12237	0
gpl006	146	Response	16	3492926	14197	0
gpl006	146	Pulse	199	3500965	22237	0
gpl006	147	Picture	fix2	3503764	0	1	22548	1	0	next	other	0
gpl006	147	Pulse	199	3510966	7202	0
gpl006	147	Pulse	199	3520966	17202	0
gpl006	148	Picture	feedback	3526312	0	1	20061	1	0	next	other	0
gpl006	148	Pulse	199	3530966	4654	0
gpl006	148	Pulse	199	3540965	14654	0
gpl006	149	Picture	fix	3546373	0	1	28019	1	0	next	other	0
gpl006	149	Pulse	199	3550966	4593	0
gpl006	149	Pulse	199	3560966	14593	0
gpl006	149	Pulse	199	3570965	24593	0
gpl006	151	Picture	stim	3574392	0	1	25035	1	0	25000	incorrect	429
gpl006	151	Pulse	199	3580966	6574	0
gpl006	151	Response	32	3588905	14514	0
gpl006	151	Pulse	199	3590966	16574	0
gpl006	152	Picture	fix2	3599427	0	1	15916	1	0	next	other	0
gpl006	152	Pulse	199	3600966	1539	0
gpl006	152	Pulse	199	3610965	11539	0
gpl006	153	Picture	feedback	3615343	0	1	20061	1	0	next	other	0
gpl006	153	Pulse	199	3620966	5623	0
gpl006	153	Pulse	199	3630966	15623	0
gpl006	154	Picture	fix	3635404	0	1	28848	1	0	next	other	0
gpl006	154	Pulse	199	3640965	5562	0
gpl006	154	Pulse	199	3650966	15562	0
gpl006	154	Pulse	199	3660966	25562	0
gpl006	156	Picture	stim	3664252	0	1	25035	1	0	25000	hit	443
gpl006	156	Pulse	199	3670966	6714	0
gpl006	156	Response	16	3675276	11024	0
gpl006	156	Pulse	199	3680976	16724	0
gpl006	157	Picture	fix2	3689287	0	1	14092	1	0	next	other	0
gpl006	157	Pulse	199	3690966	1679	0
gpl006	157	Pulse	199	3700966	11679	0
gpl006	158	Picture	feedback	3703379	0	1	20061	1	0	next	other	0
gpl006	158	Pulse	199	3710975	7596	0
gpl006	158	Pulse	199	3720976	17597	0
gpl006	159	Picture	fix	3723440	0	1	29180	1	0	next	other	0
gpl006	159	Pulse	199	3730976	7536	0
gpl006	159	Pulse	199	3740976	17536	0
gpl006	159	Pulse	199	3750975	27535	0
gpl006	161	Picture	stim	3752620	0	1	25035	1	0	25000	incorrect	457
gpl006	161	Pulse	199	3760975	8356	0
gpl006	161	Response	32	3762506	9886	0
gpl006	161	Pulse	199	3770975	18356	0
gpl006	162	Picture	fix2	3777820	0	1	26195	1	0	next	other	0
gpl006	162	Pulse	199	3780975	3155	0
gpl006	162	Pulse	199	3790975	13155	0
gpl006	162	Pulse	199	3800975	23155	0
gpl006	163	Picture	feedback	3804016	0	1	20061	1	0	next	other	0
gpl006	163	Pulse	199	3810975	6960	0
gpl006	163	Pulse	199	3820975	16960	0
gpl006	164	Picture	fix	3824077	0	1	22050	1	0	next	other	0
gpl006	164	Pulse	199	3830975	6899	0
gpl006	164	Pulse	199	3840975	16899	0
gpl006	166	Picture	stim	3846127	0	1	25035	1	0	25000	hit	472
gpl006	166	Pulse	199	3850975	4848	0
gpl006	166	Pulse	199	3860975	14848	0
gpl006	166	Response	16	3863905	17778	0
gpl006	166	Pulse	199	3870975	24848	0
gpl006	167	Picture	fix2	3871162	0	1	20061	1	0	next	other	0
gpl006	167	Pulse	199	3880975	9813	0
gpl006	167	Pulse	199	3890976	19814	0
gpl006	168	Picture	feedback	3891223	0	1	20061	1	0	next	other	0
gpl006	168	Pulse	199	3900976	9753	0
gpl006	168	Pulse	199	3910975	19753	0
gpl006	169	Picture	fix	3911284	0	1	17408	1	0	next	other	0
gpl006	169	Pulse	199	3920975	9691	0
gpl006	171	Picture	stim	3928692	0	1	25035	1	0	25000	hit	484
gpl006	171	Pulse	199	3930976	2283	0
gpl006	171	Response	16	3939576	10883	0
gpl006	171	Pulse	199	3940976	12283	0
gpl006	171	Pulse	199	3950976	22283	0
gpl006	172	Picture	fix2	3953727	0	1	12932	1	0	next	other	0
gpl006	172	Pulse	199	3960976	7249	0
gpl006	173	Picture	feedback	3966659	0	1	20061	1	0	next	other	0
gpl006	173	Pulse	199	3970976	4317	0
gpl006	173	Pulse	199	3980976	14317	0
gpl006	174	Picture	fix	3986720	0	1	26527	1	0	next	other	0
gpl006	174	Pulse	199	3990975	4256	0
gpl006	174	Pulse	199	4000976	14256	0
gpl006	174	Pulse	199	4010976	24256	0
gpl006	176	Picture	stim	4013247	0	1	25035	1	0	25000	incorrect	498
gpl006	176	Pulse	199	4020975	7728	0
gpl006	176	Response	32	4022216	8969	0
gpl006	176	Pulse	199	4030976	17729	0
gpl006	177	Picture	fix2	4038282	0	1	24372	1	0	next	other	0
gpl006	177	Pulse	199	4040976	2694	0
gpl006	177	Pulse	199	4050976	12694	0
gpl006	177	Pulse	199	4060976	22694	0
gpl006	178	Picture	feedback	4062653	0	1	20061	1	0	next	other	0
gpl006	178	Pulse	199	4070976	8323	0
gpl006	178	Pulse	199	4080976	18323	0
gpl006	179	Picture	fix	4082714	0	1	24703	1	0	next	other	0
gpl006	179	Pulse	199	4090976	8262	0
gpl006	179	Pulse	199	4100976	18261	0
gpl006	181	Picture	stim	4107417	0	1	25035	1	0	25000	hit	513
gpl006	181	Pulse	199	4110976	3558	0
gpl006	181	Pulse	199	4120976	13558	0
gpl006	181	Response	16	4123205	15788	0
gpl006	181	Pulse	199	4130975	23558	0
gpl006	182	Picture	fix2	4132452	0	1	21387	1	0	next	other	0
gpl006	182	Pulse	199	4140976	8524	0
gpl006	182	Pulse	199	4150975	18523	0
gpl006	183	Picture	feedback	4153840	0	1	20061	1	0	next	other	0
gpl006	183	Pulse	199	4160976	7136	0
gpl006	183	Pulse	199	4170976	17136	0
gpl006	184	Picture	fix	4173901	0	1	23377	1	0	next	other	0
gpl006	184	Pulse	199	4180976	7075	0
gpl006	184	Pulse	199	4190975	17075	0
gpl006	186	Picture	stim	4197277	0	1	25035	1	0	25000	incorrect	526
gpl006	186	Pulse	199	4200975	3698	0
gpl006	186	Response	32	4205556	8278	0
gpl006	186	Pulse	199	4210976	13698	0
gpl006	186	Pulse	199	4220976	23698	0
gpl006	187	Picture	fix2	4222312	0	1	20558	1	0	next	other	0
gpl006	187	Pulse	199	4230975	8663	0
gpl006	187	Pulse	199	4240976	18663	0
gpl006	188	Picture	feedback	4242871	0	1	20061	1	0	next	other	0
gpl006	188	Pulse	199	4250976	8105	0
gpl006	188	Pulse	199	4260975	18105	0
gpl006	189	Picture	fix	4262932	0	1	16248	1	0	next	other	0
gpl006	189	Pulse	199	4270975	8044	0
gpl006	191	Picture	stim	4279179	0	1	25035	1	0	25000	incorrect	540
gpl006	191	Pulse	199	4280976	1796	0
gpl006	191	Pulse	199	4290975	11796	0
gpl006	191	Response	32	4294246	15067	0
gpl006	191	Pulse	199	4300975	21796	0
gpl006	192	Picture	fix2	4304214	0	1	18071	1	0	next	other	0
gpl006	192	Pulse	199	4310976	6762	0
gpl006	192	Pulse	199	4320976	16761	0
gpl006	193	Picture	feedback	4322286	0	1	20061	1	0	next	other	0
gpl006	193	Pulse	199	4330975	8690	0
gpl006	193	Pulse	199	4340976	18690	0
gpl006	194	Picture	fix	4342347	0	1	18569	1	0	next	other	0
gpl006	194	Pulse	199	4350976	8629	0
gpl006	196	Picture	stim	4360915	0	1	25035	1	0	25000	hit	553
gpl006	196	Pulse	199	4360976	60	0
gpl006	196	Pulse	199	4370975	10060	0
gpl006	196	Response	16	4375176	14260	0
gpl006	196	Pulse	199	4380975	20060	0
gpl006	197	Picture	fix2	4386116	0	1	17243	1	0	next	other	0
gpl006	197	Pulse	199	4390976	4860	0
gpl006	197	Pulse	199	4400975	14859	0
gpl006	198	Picture	feedback	4403359	0	1	20061	1	0	next	other	0
gpl006	198	Pulse	199	4410976	7617	0
gpl006	198	Pulse	199	4420975	17617	0
gpl006	199	Picture	fix	4423420	0	1	23543	1	0	next	other	0
gpl006	199	Pulse	199	4430976	7556	0
gpl006	199	Pulse	199	4440975	17555	0
gpl006	201	Picture	stim	4446962	0	1	25035	1	0	25000	hit	567
gpl006	201	Pulse	199	4450976	4013	0
gpl006	201	Pulse	199	4460975	14013	0
gpl006	201	Response	16	4466575	19613	0
gpl006	201	Pulse	199	4470975	24013	0
gpl006	202	Picture	fix2	4471997	0	1	23377	1	0	next	other	0
gpl006	202	Pulse	199	4480976	8979	0
gpl006	202	Pulse	199	4490975	18978	0
gpl006	203	Picture	feedback	4495374	0	1	20061	1	0	next	other	0
gpl006	203	Pulse	199	4500976	5602	0
gpl006	203	Pulse	199	4510976	15602	0
gpl006	204	Picture	fix	4515435	0	1	26361	1	0	next	other	0
gpl006	204	Pulse	199	4520976	5541	0
gpl006	204	Pulse	199	4530975	15541	0
gpl006	204	Pulse	199	4540975	25540	0
gpl006	206	Picture	stim	4541796	0	1	25035	1	0	25000	hit	581
gpl006	206	Pulse	199	4550976	9179	0
gpl006	206	Response	16	4553675	11879	0
gpl006	206	Pulse	199	4560975	19179	0
gpl006	207	Picture	fix2	4566831	0	1	16082	1	0	next	other	0
gpl006	207	Pulse	199	4570976	4145	0
gpl006	207	Pulse	199	4580975	14144	0
gpl006	208	Picture	feedback	4582913	0	1	20061	1	0	next	other	0
gpl006	208	Pulse	199	4590976	8063	0
gpl006	208	Pulse	199	4600975	18063	0
gpl006	209	Picture	fix	4602974	0	1	28516	1	0	next	other	0
gpl006	209	Pulse	199	4610975	8001	0
gpl006	209	Pulse	199	4620975	18002	0
gpl006	209	Pulse	199	4630975	28001	0
gpl006	211	Picture	stim	4631490	0	1	25035	1	0	25000	hit	595
gpl006	211	Pulse	199	4640975	9485	0
gpl006	211	Response	16	4647035	15545	0
gpl006	211	Pulse	199	4650976	19486	0
gpl006	212	Picture	fix2	4656525	0	1	18072	1	0	next	other	0
gpl006	212	Pulse	199	4660976	4451	0
gpl006	212	Pulse	199	4670976	14451	0
gpl006	213	Picture	feedback	4674597	0	1	20061	1	0	next	other	0
gpl006	213	Pulse	199	4680975	6378	0
gpl006	213	Pulse	199	4690975	16379	0
gpl006	214	Picture	fix	4694658	0	1	22216	1	0	next	other	0
gpl006	214	Pulse	199	4700975	6318	0
gpl006	214	Pulse	199	4710975	16318	0
gpl006	216	Picture	stim	4716874	0	1	25035	1	0	25000	incorrect	609
gpl006	216	Pulse	199	4720975	4101	0
gpl006	216	Pulse	199	4730976	14102	0
gpl006	216	Response	32	4732435	15562	0
gpl006	216	Pulse	199	4740976	24102	0
gpl006	217	Picture	fix2	4741909	0	1	21387	1	0	next	other	0
gpl006	217	Pulse	199	4750975	9067	0
gpl006	217	Pulse	199	4760975	19066	0
gpl006	218	Picture	feedback	4763296	0	1	20061	1	0	next	other	0
gpl006	218	Pulse	199	4770975	7679	0
gpl006	218	Pulse	199	4780975	17679	0
gpl006	219	Picture	fix	4783357	0	1	21885	1	0	next	other	0
gpl006	219	Pulse	199	4790975	7618	0
gpl006	219	Pulse	199	4800975	17618	0
gpl006	221	Picture	stim	4805242	0	1	25035	1	0	25000	incorrect	622
gpl006	221	Pulse	199	4810975	5734	0
gpl006	221	Response	32	4812445	7204	0
gpl006	221	Pulse	199	4820975	15733	0
gpl006	222	Picture	fix2	4830442	0	1	11108	1	0	next	other	0
gpl006	222	Pulse	199	4830975	533	0
gpl006	222	Pulse	199	4840975	10533	0
gpl006	223	Picture	feedback	4841550	0	1	20061	1	0	next	other	0
gpl006	223	Pulse	199	4850975	9424	0
gpl006	223	Pulse	199	4860975	19425	0
gpl006	224	Picture	fix	4861611	0	1	20061	1	0	next	other	0
gpl006	224	Pulse	199	4870975	9364	0
gpl006	224	Pulse	199	4880975	19364	0
gpl006	226	Picture	stim	4881672	0	1	25035	1	0	25000	hit	635
gpl006	226	Pulse	199	4890975	9303	0
gpl006	226	Response	16	4892435	10763	0
gpl006	226	Pulse	199	4900975	19303	0
gpl006	227	Picture	fix2	4906873	0	1	16414	1	0	next	other	0
gpl006	227	Pulse	199	4910975	4102	0
gpl006	227	Pulse	199	4920975	14102	0
gpl006	228	Picture	feedback	4923287	0	1	20061	1	0	next	other	0
gpl006	228	Pulse	199	4930975	7689	0
gpl006	228	Pulse	199	4940975	17688	0
gpl006	229	Picture	fix	4943348	0	1	21387	1	0	next	other	0
gpl006	229	Pulse	199	4950975	7628	0
gpl006	229	Pulse	199	4960975	17627	0
gpl006	231	Picture	stim	4964735	0	1	25035	1	0	25000	incorrect	648
gpl006	231	Pulse	199	4970975	6240	0
gpl006	231	Response	32	4977925	13190	0
gpl006	231	Pulse	199	4980975	16240	0
gpl006	232	Picture	fix2	4989770	0	1	16579	1	0	next	other	0
gpl006	232	Pulse	199	4990976	1206	0
gpl006	232	Pulse	199	5000976	11206	0
gpl006	233	Picture	feedback	5006349	0	1	20061	1	0	next	other	0
gpl006	233	Pulse	199	5010976	4627	0
gpl006	233	Pulse	199	5020975	14626	0
gpl006	234	Picture	fix	5026410	0	1	32164	1	0	next	other	0
gpl006	234	Pulse	199	5030975	4565	0
gpl006	234	Pulse	199	5040975	14565	0
gpl006	234	Pulse	199	5050976	24566	0
gpl006	236	Picture	stim	5058574	0	1	25035	1	0	25000	incorrect	663
gpl006	236	Pulse	199	5060976	2402	0
gpl006	236	Pulse	199	5070976	12402	0
gpl006	236	Response	32	5080075	21501	0
gpl006	236	Pulse	199	5080975	22401	0
gpl006	237	Picture	fix2	5083609	0	1	14590	1	0	next	other	0
gpl006	237	Pulse	199	5090975	7367	0
gpl006	238	Picture	feedback	5098199	0	1	20061	1	0	next	other	0
gpl006	238	Pulse	199	5100976	2777	0
gpl006	238	Pulse	199	5110975	12777	0
gpl006	239	Picture	fix	5118260	0	1	22714	1	0	next	other	0
gpl006	239	Pulse	199	5120975	2716	0
gpl006	239	Pulse	199	5130975	12715	0
gpl006	241	Picture	stim	5140973	0	1	25035	1	0	25000	incorrect	676
gpl006	241	Pulse	199	5140975	2	0
gpl006	241	Pulse	199	5150975	10002	0
gpl006	241	Response	32	5151815	10842	0
gpl006	241	Pulse	199	5160975	20002	0
gpl006	242	Picture	fix2	5166174	0	1	16579	1	0	next	other	0
gpl006	242	Pulse	199	5170976	4802	0
gpl006	242	Pulse	199	5180975	14801	0
gpl006	243	Picture	feedback	5182753	0	1	20061	1	0	next	other	0
gpl006	243	Pulse	199	5190975	8222	0
gpl006	243	Pulse	199	5200975	18222	0
gpl006	244	Picture	100	5202814	0	1	250000	183	0	250000	other	0
gpl006	244	Pulse	199	5210975	8161	0
gpl006	244	Pulse	199	5220975	18161	0
gpl006	244	Pulse	199	5230975	28161	0
gpl006	244	Pulse	199	5240975	38161	0
gpl006	244	Pulse	199	5250975	48161	0
gpl006	244	Pulse	199	5260975	58161	0
gpl006	244	Pulse	199	5270974	68160	0
gpl006	244	Pulse	199	5280975	78161	0
gpl006	244	Pulse	199	5290975	88161	0
gpl006	244	Pulse	199	5300975	98160	0
gpl006	244	Pulse	199	5310975	108161	0
gpl006	244	Pulse	199	5320975	118161	0
gpl006	244	Pulse	199	5330975	128161	0
gpl006	244	Pulse	199	5340974	138160	0
gpl006	244	Pulse	199	5350975	148161	0
gpl006	244	Pulse	199	5360975	158161	0
gpl006	244	Pulse	199	5370974	168160	0
gpl006	244	Pulse	199	5380975	178161	0
gpl006	244	Pulse	199	5390975	188161	0
gpl006	244	Pulse	199	5400975	198160	0
gpl006	244	Pulse	199	5410975	208161	0
gpl006	244	Pulse	199	5420975	218161	0
