Scenario - FBL_A.sce
Logfile written - 05/05/2021 18:19:07

Subject	Trial	Event Type	Code	Time	TTime	Uncertainty	Duration	Uncertainty	ReqTime	ReqDur	Stim Type	Pair Index

gpl012	1	Response	16	72314	62148	0
gpl012	2	Picture	start	72317	0	188	854639	402	0	next	other	0
gpl012	2	Response	16	83965	11648	0
gpl012	2	Response	16	87644	15328	0
gpl012	2	Response	16	91005	18688	0
gpl012	2	Response	16	94845	22528	0
gpl012	3	Pulse	199	926955	804628	0
gpl012	3	Pulse	199	936954	814627	0
gpl012	3	Pulse	199	946954	824627	0
gpl012	3	Pulse	199	956954	834627	0
gpl012	3	Pulse	199	966954	844627	0
gpl012	3	Pulse	199	976954	854627	0
gpl012	4	Picture	fix	977239	0	1	32164	1	0	next	other	0
gpl012	4	Pulse	199	986954	9715	0
gpl012	4	Pulse	199	996955	19715	0
gpl012	4	Pulse	199	1006954	29715	0
gpl012	6	Picture	stim	1009403	0	1	25035	1	0	25000	hit	19
gpl012	6	Pulse	199	1016954	7551	0
gpl012	6	Response	16	1020894	11490	0
gpl012	6	Pulse	199	1026955	17551	0
gpl012	7	Picture	fix2	1034438	0	1	20393	1	0	next	other	0
gpl012	7	Pulse	199	1036955	2517	0
gpl012	7	Pulse	199	1046954	12516	0
gpl012	8	Picture	feedback	1054831	0	1	20061	1	0	next	other	0
gpl012	8	Pulse	199	1056955	2124	0
gpl012	8	Pulse	199	1066954	12124	0
gpl012	9	Picture	fix	1074892	0	1	22714	1	0	next	other	0
gpl012	9	Pulse	199	1076955	2063	0
gpl012	9	Pulse	199	1086954	12062	0
gpl012	9	Pulse	199	1096954	22063	0
gpl012	11	Picture	stim	1097605	0	1	25035	1	0	25000	hit	33
gpl012	11	Pulse	199	1106955	9349	0
gpl012	11	Response	16	1110734	13129	0
gpl012	11	Pulse	199	1116954	19349	0
gpl012	12	Picture	fix2	1122640	0	1	13263	1	0	next	other	0
gpl012	12	Pulse	199	1126954	4314	0
gpl012	13	Picture	feedback	1135904	0	1	20061	1	0	next	other	0
gpl012	13	Pulse	199	1136955	1051	0
gpl012	13	Pulse	199	1146955	11051	0
gpl012	14	Picture	fix	1155965	0	1	30838	1	0	next	other	0
gpl012	14	Pulse	199	1156954	989	0
gpl012	14	Pulse	199	1166955	10990	0
gpl012	14	Pulse	199	1176955	20990	0
gpl012	16	Picture	stim	1186802	0	1	25035	1	0	25000	hit	47
gpl012	16	Pulse	199	1186954	152	0
gpl012	16	Pulse	199	1196955	10152	0
gpl012	16	Response	16	1198604	11801	0
gpl012	16	Pulse	199	1206955	20152	0
gpl012	17	Picture	fix2	1211837	0	1	14756	1	0	next	other	0
gpl012	17	Pulse	199	1216955	5118	0
gpl012	18	Picture	feedback	1226593	0	1	20060	2	0	next	other	0
gpl012	18	Pulse	199	1226955	362	0
gpl012	18	Pulse	199	1236955	10362	0
gpl012	19	Picture	fix	1246653	0	2	19067	2	0	next	other	0
gpl012	19	Pulse	199	1246955	302	0
gpl012	19	Pulse	199	1256954	10301	0
gpl012	21	Picture	stim	1265720	0	1	25035	1	0	25000	hit	60
gpl012	21	Pulse	199	1266955	1235	0
gpl012	21	Pulse	199	1276955	11235	0
gpl012	21	Response	16	1277295	11575	0
gpl012	21	Pulse	199	1286955	21235	0
gpl012	22	Picture	fix2	1290921	0	1	21553	1	0	next	other	0
gpl012	22	Pulse	199	1296954	6034	0
gpl012	22	Pulse	199	1306955	16034	0
gpl012	23	Picture	feedback	1312474	0	1	20061	1	0	next	other	0
gpl012	23	Pulse	199	1316955	4481	0
gpl012	23	Pulse	199	1326954	14480	0
gpl012	24	Picture	fix	1332535	0	1	23708	1	0	next	other	0
gpl012	24	Pulse	199	1336955	4420	0
gpl012	24	Pulse	199	1346955	14420	0
gpl012	26	Picture	stim	1356243	0	1	25035	1	0	25000	hit	73
gpl012	26	Pulse	199	1356955	711	0
gpl012	26	Response	16	1366285	10041	0
gpl012	26	Pulse	199	1366955	10711	0
gpl012	26	Pulse	199	1376954	20711	0
gpl012	27	Picture	fix2	1381444	0	1	26361	1	0	next	other	0
gpl012	27	Pulse	199	1386955	5511	0
gpl012	27	Pulse	199	1396954	15510	0
gpl012	27	Pulse	199	1406955	25511	0
gpl012	28	Picture	feedback	1407805	0	1	20061	1	0	next	other	0
gpl012	28	Pulse	199	1416955	9150	0
gpl012	28	Pulse	199	1426954	19149	0
gpl012	29	Picture	fix	1427866	0	1	20061	1	0	next	other	0
gpl012	29	Pulse	199	1436955	9088	0
gpl012	29	Pulse	199	1446954	19088	0
gpl012	31	Picture	stim	1447927	0	1	25035	1	0	25000	hit	88
gpl012	31	Pulse	199	1456955	9027	0
gpl012	31	Response	16	1459095	11167	0
gpl012	31	Pulse	199	1466954	19027	0
gpl012	32	Picture	fix2	1472962	0	1	18072	1	0	next	other	0
gpl012	32	Pulse	199	1476955	3993	0
gpl012	32	Pulse	199	1486955	13993	0
gpl012	33	Picture	feedback	1491034	0	1	20061	1	0	next	other	0
gpl012	33	Pulse	199	1496954	5921	0
gpl012	33	Pulse	199	1506954	15921	0
gpl012	34	Picture	fix	1511095	0	1	20393	1	0	next	other	0
gpl012	34	Pulse	199	1516955	5860	0
gpl012	34	Pulse	199	1526954	15860	0
gpl012	36	Picture	stim	1531487	0	1	25035	1	0	25000	hit	101
gpl012	36	Pulse	199	1536954	5467	0
gpl012	36	Response	16	1538924	7437	0
gpl012	36	Pulse	199	1546954	15467	0
gpl012	37	Picture	fix2	1556688	0	1	16579	1	0	next	other	0
gpl012	37	Pulse	199	1556955	267	0
gpl012	37	Pulse	199	1566954	10266	0
gpl012	38	Picture	feedback	1573267	0	1	20061	1	0	next	other	0
gpl012	38	Pulse	199	1576955	3687	0
gpl012	38	Pulse	199	1586954	13687	0
gpl012	39	Picture	fix	1593328	0	1	28517	1	0	next	other	0
gpl012	39	Pulse	199	1596955	3627	0
gpl012	39	Pulse	199	1606954	13626	0
gpl012	39	Pulse	199	1616955	23626	0
gpl012	41	Picture	stim	1621845	0	1	25035	1	0	25000	hit	115
gpl012	41	Pulse	199	1626955	5110	0
gpl012	41	Response	16	1629515	7670	0
gpl012	41	Pulse	199	1636955	15110	0
gpl012	42	Picture	fix2	1646880	0	1	18569	1	0	next	other	0
gpl012	42	Pulse	199	1646955	76	0
gpl012	42	Pulse	199	1656955	10076	0
gpl012	43	Picture	feedback	1665448	0	1	20061	1	0	next	other	0
gpl012	43	Pulse	199	1666955	1507	0
gpl012	43	Pulse	199	1676955	11506	0
gpl012	44	Picture	fix	1685509	0	1	16248	1	0	next	other	0
gpl012	44	Pulse	199	1686955	1446	0
gpl012	44	Pulse	199	1696955	11445	0
gpl012	46	Picture	stim	1701757	0	1	25035	1	0	25000	incorrect	128
gpl012	46	Pulse	199	1706954	5197	0
gpl012	46	Response	32	1713725	11968	0
gpl012	46	Pulse	199	1716955	15198	0
gpl012	46	Pulse	199	1726955	25198	0
gpl012	47	Picture	fix2	1726958	0	1	21387	1	0	next	other	0
gpl012	47	Pulse	199	1736955	9997	0
gpl012	47	Pulse	199	1746954	19996	0
gpl012	48	Picture	feedback	1748345	0	1	20061	1	0	next	other	0
gpl012	48	Pulse	199	1756955	8610	0
gpl012	48	Pulse	199	1766955	18609	0
gpl012	49	Picture	fix	1768406	0	1	22051	1	0	next	other	0
gpl012	49	Pulse	199	1776955	8548	0
gpl012	49	Pulse	199	1786955	18548	0
gpl012	51	Picture	stim	1790457	0	1	25035	1	0	25000	hit	142
gpl012	51	Pulse	199	1796955	6498	0
gpl012	51	Response	16	1805315	14858	0
gpl012	51	Pulse	199	1806955	16498	0
gpl012	52	Picture	fix2	1815657	0	1	16082	1	0	next	other	0
gpl012	52	Pulse	199	1816954	1297	0
gpl012	52	Pulse	199	1826955	11298	0
gpl012	53	Picture	feedback	1831739	0	1	20061	1	0	next	other	0
gpl012	53	Pulse	199	1836955	5216	0
gpl012	53	Pulse	199	1846955	15215	0
gpl012	54	Picture	fix	1851800	0	1	29677	1	0	next	other	0
gpl012	54	Pulse	199	1856955	5155	0
gpl012	54	Pulse	199	1866955	15155	0
gpl012	54	Pulse	199	1876955	25155	0
gpl012	56	Picture	stim	1881477	0	1	25035	1	0	25000	hit	156
gpl012	56	Pulse	199	1886955	5477	0
gpl012	56	Response	16	1894245	12768	0
gpl012	56	Pulse	199	1896955	15478	0
gpl012	57	Picture	fix2	1906512	0	1	24372	1	0	next	other	0
gpl012	57	Pulse	199	1906955	443	0
gpl012	57	Pulse	199	1916955	10442	0
gpl012	57	Pulse	199	1926955	20443	0
gpl012	58	Picture	feedback	1930884	0	1	20061	1	0	next	other	0
gpl012	58	Pulse	199	1936955	6071	0
gpl012	58	Pulse	199	1946955	16071	0
gpl012	59	Picture	fix	1950945	0	1	19398	1	0	next	other	0
gpl012	59	Pulse	199	1956955	6010	0
gpl012	59	Pulse	199	1966955	16010	0
gpl012	61	Picture	stim	1970343	0	1	25035	1	0	25000	incorrect	170
gpl012	61	Pulse	199	1976955	6612	0
gpl012	61	Response	32	1983935	13592	0
gpl012	61	Pulse	199	1986955	16612	0
gpl012	62	Picture	fix2	1995543	0	1	16082	1	0	next	other	0
gpl012	62	Pulse	199	1996955	1412	0
gpl012	62	Pulse	199	2006955	11412	0
gpl012	63	Picture	feedback	2011625	0	1	20061	1	0	next	other	0
gpl012	63	Pulse	199	2016955	5329	0
gpl012	63	Pulse	199	2026955	15330	0
gpl012	64	Picture	fix	2031686	0	1	25201	1	0	next	other	0
gpl012	64	Pulse	199	2036955	5269	0
gpl012	64	Pulse	199	2046955	15269	0
gpl012	66	Picture	stim	2056887	0	1	25035	1	0	25000	incorrect	184
gpl012	66	Pulse	199	2056955	68	0
gpl012	66	Pulse	199	2066955	10068	0
gpl012	66	Response	32	2075075	18188	0
gpl012	66	Pulse	199	2076955	20068	0
gpl012	67	Picture	fix2	2082088	0	1	13927	1	0	next	other	0
gpl012	67	Pulse	199	2086955	4867	0
gpl012	68	Picture	feedback	2096014	0	1	20061	1	0	next	other	0
gpl012	68	Pulse	199	2096955	941	0
gpl012	68	Pulse	199	2106955	10941	0
gpl012	69	Picture	fix	2116075	0	1	17408	1	0	next	other	0
gpl012	69	Pulse	199	2116955	880	0
gpl012	69	Pulse	199	2126955	10880	0
gpl012	71	Picture	stim	2133484	0	1	25035	1	0	25000	hit	197
gpl012	71	Pulse	199	2136955	3472	0
gpl012	71	Pulse	199	2146955	13472	0
gpl012	71	Response	16	2148825	15342	0
gpl012	71	Pulse	199	2156955	23471	0
gpl012	72	Picture	fix2	2158518	0	1	26195	1	0	next	other	0
gpl012	72	Pulse	199	2166955	8437	0
gpl012	72	Pulse	199	2176955	18437	0
gpl012	73	Picture	feedback	2184714	0	1	20061	1	0	next	other	0
gpl012	73	Pulse	199	2186955	2241	0
gpl012	73	Pulse	199	2196955	12241	0
gpl012	74	Picture	fix	2204775	0	1	28848	1	0	next	other	0
gpl012	74	Pulse	199	2206956	2181	0
gpl012	74	Pulse	199	2216955	12181	0
gpl012	74	Pulse	199	2226955	22180	0
gpl012	76	Picture	stim	2233623	0	1	25035	1	0	25000	hit	212
gpl012	76	Pulse	199	2236956	3333	0
gpl012	76	Pulse	199	2246955	13333	0
gpl012	76	Response	16	2250385	16763	0
gpl012	76	Pulse	199	2256955	23332	0
gpl012	77	Picture	fix2	2258824	0	1	20558	1	0	next	other	0
gpl012	77	Pulse	199	2266955	8132	0
gpl012	77	Pulse	199	2276955	18132	0
gpl012	78	Picture	feedback	2279382	0	1	20061	1	0	next	other	0
gpl012	78	Pulse	199	2286955	7573	0
gpl012	78	Pulse	199	2296955	17573	0
gpl012	79	Picture	fix	2299443	0	1	22382	1	0	next	other	0
gpl012	79	Pulse	199	2306955	7512	0
gpl012	79	Pulse	199	2316955	17512	0
gpl012	81	Picture	stim	2321825	0	1	25035	1	0	25000	incorrect	226
gpl012	81	Pulse	199	2326955	5130	0
gpl012	81	Pulse	199	2336956	15131	0
gpl012	81	Response	32	2346625	24800	0
gpl012	81	Pulse	199	2346955	25130	0
gpl012	82	Picture	fix2	2347026	0	1	21387	1	0	next	other	0
gpl012	82	Pulse	199	2356955	9930	0
gpl012	82	Pulse	199	2366955	19929	0
gpl012	83	Picture	feedback	2368413	0	1	20061	1	0	next	other	0
gpl012	83	Pulse	199	2376965	8552	0
gpl012	83	Pulse	199	2386956	18542	0
gpl012	84	Picture	fix	2388474	0	1	18569	1	0	next	other	0
gpl012	84	Pulse	199	2396955	8481	0
gpl012	84	Pulse	199	2406956	18482	0
gpl012	86	Picture	stim	2407043	0	1	25035	1	0	25000	hit	239
gpl012	86	Pulse	199	2416956	9913	0
gpl012	86	Response	16	2422845	15802	0
gpl012	86	Pulse	199	2426965	19922	0
gpl012	87	Picture	fix2	2432078	0	1	17906	1	0	next	other	0
gpl012	87	Pulse	199	2436965	4887	0
gpl012	87	Pulse	199	2446966	14888	0
gpl012	88	Picture	feedback	2449984	0	1	20061	1	0	next	other	0
gpl012	88	Pulse	199	2456966	6982	0
gpl012	88	Pulse	199	2466965	16981	0
gpl012	89	Picture	fix	2470045	0	1	26361	1	0	next	other	0
gpl012	89	Pulse	199	2476966	6921	0
gpl012	89	Pulse	199	2486966	16921	0
gpl012	91	Picture	stim	2496406	0	1	25035	1	0	25000	incorrect	253
gpl012	91	Pulse	199	2496965	560	0
gpl012	91	Pulse	199	2506965	10559	0
gpl012	91	Response	32	2507285	10879	0
gpl012	91	Pulse	199	2516965	20560	0
gpl012	92	Picture	fix2	2521441	0	1	20061	1	0	next	other	0
gpl012	92	Pulse	199	2526966	5525	0
gpl012	92	Pulse	199	2536965	15525	0
gpl012	93	Picture	feedback	2541502	0	1	20061	1	0	next	other	0
gpl012	93	Pulse	199	2546966	5464	0
gpl012	93	Pulse	199	2556965	15464	0
gpl012	94	Picture	fix	2561563	0	1	21387	1	0	next	other	0
gpl012	94	Pulse	199	2566965	5403	0
gpl012	94	Pulse	199	2576966	15403	0
gpl012	96	Picture	stim	2582950	0	1	25035	1	0	25000	incorrect	267
gpl012	96	Pulse	199	2586966	4016	0
gpl012	96	Pulse	199	2596966	14016	0
gpl012	96	Response	32	2598176	15226	0
gpl012	96	Pulse	199	2606965	24015	0
gpl012	97	Picture	fix2	2608151	0	1	22548	1	0	next	other	0
gpl012	97	Pulse	199	2616966	8815	0
gpl012	97	Pulse	199	2626965	18815	0
gpl012	98	Picture	feedback	2630698	0	1	20061	1	0	next	other	0
gpl012	98	Pulse	199	2636966	6267	0
gpl012	98	Pulse	199	2646966	16267	0
gpl012	99	Picture	fix	2650760	0	1	22216	1	0	next	other	0
gpl012	99	Pulse	199	2656966	6206	0
gpl012	99	Pulse	199	2666966	16206	0
gpl012	101	Picture	stim	2672976	0	1	25035	1	0	25000	incorrect	281
gpl012	101	Pulse	199	2676965	3990	0
gpl012	101	Pulse	199	2686966	13990	0
gpl012	101	Response	32	2689075	16099	0
gpl012	101	Pulse	199	2696966	23990	0
gpl012	102	Picture	fix2	2698011	0	1	16414	1	0	next	other	0
gpl012	102	Pulse	199	2706966	8955	0
gpl012	103	Picture	feedback	2714424	0	1	20061	1	0	next	other	0
gpl012	103	Pulse	199	2716966	2542	0
gpl012	103	Pulse	199	2726966	12542	0
gpl012	104	Picture	fix	2734485	0	1	30009	1	0	next	other	0
gpl012	104	Pulse	199	2736966	2481	0
gpl012	104	Pulse	199	2746965	12480	0
gpl012	104	Pulse	199	2756966	22481	0
gpl012	106	Picture	stim	2764494	0	1	25035	1	0	25000	hit	295
gpl012	106	Pulse	199	2766966	2472	0
gpl012	106	Pulse	199	2776965	12471	0
gpl012	106	Response	16	2784936	20442	0
gpl012	106	Pulse	199	2786966	22472	0
gpl012	107	Picture	fix2	2789694	0	1	29345	1	0	next	other	0
gpl012	107	Pulse	199	2796966	7271	0
gpl012	107	Pulse	199	2806966	17271	0
gpl012	107	Pulse	199	2816965	27271	0
gpl012	108	Picture	feedback	2819040	0	1	20061	1	0	next	other	0
gpl012	108	Pulse	199	2826966	7926	0
gpl012	108	Pulse	199	2836966	17926	0
gpl012	109	Picture	fix	2839101	0	1	26859	1	0	next	other	0
gpl012	109	Pulse	199	2846965	7865	0
gpl012	109	Pulse	199	2856966	17865	0
gpl012	111	Picture	stim	2865959	0	1	25035	1	0	25000	incorrect	310
gpl012	111	Pulse	199	2866966	1006	0
gpl012	111	Pulse	199	2876966	11006	0
gpl012	111	Response	32	2877705	11746	0
gpl012	111	Pulse	199	2886965	21006	0
gpl012	112	Picture	fix2	2890994	0	1	16580	1	0	next	other	0
gpl012	112	Pulse	199	2896966	5972	0
gpl012	112	Pulse	199	2906966	15971	0
gpl012	113	Picture	feedback	2907574	0	1	20061	1	0	next	other	0
gpl012	113	Pulse	199	2916966	9392	0
gpl012	113	Pulse	199	2926966	19392	0
gpl012	114	Picture	fix	2927635	0	1	28019	1	0	next	other	0
gpl012	114	Pulse	199	2936966	9331	0
gpl012	114	Pulse	199	2946966	19331	0
gpl012	116	Picture	stim	2955654	0	1	25035	1	0	25000	incorrect	324
gpl012	116	Pulse	199	2956965	1311	0
gpl012	116	Pulse	199	2966966	11312	0
gpl012	116	Response	32	2974866	19212	0
gpl012	116	Pulse	199	2976966	21312	0
gpl012	117	Picture	fix2	2980854	0	1	21387	1	0	next	other	0
gpl012	117	Pulse	199	2986965	6111	0
gpl012	117	Pulse	199	2996966	16111	0
gpl012	118	Picture	feedback	3002242	0	1	20061	1	0	next	other	0
gpl012	118	Pulse	199	3006966	4724	0
gpl012	118	Pulse	199	3016965	14724	0
gpl012	119	Picture	fix	3022303	0	1	24703	1	0	next	other	0
gpl012	119	Pulse	199	3026966	4663	0
gpl012	119	Pulse	199	3036966	14663	0
gpl012	120	Pulse	199	3046966	83	0
gpl012	121	Picture	stim	3047006	0	1	25035	1	0	25000	incorrect	338
gpl012	121	Pulse	199	3056965	9960	0
gpl012	121	Response	32	3057585	10579	0
gpl012	121	Pulse	199	3066966	19960	0
gpl012	122	Picture	fix2	3072041	0	1	18072	1	0	next	other	0
gpl012	122	Pulse	199	3076966	4925	0
gpl012	122	Pulse	199	3086966	14925	0
gpl012	123	Picture	feedback	3090112	0	1	20061	1	0	next	other	0
gpl012	123	Pulse	199	3096966	6854	0
gpl012	123	Pulse	199	3106966	16854	0
gpl012	124	Picture	fix	3110173	0	1	29180	1	0	next	other	0
gpl012	124	Pulse	199	3116966	6793	0
gpl012	124	Pulse	199	3126965	16792	0
gpl012	124	Pulse	199	3136966	26793	0
gpl012	126	Picture	stim	3139353	0	1	25035	1	0	25000	incorrect	352
gpl012	126	Pulse	199	3146966	7613	0
gpl012	126	Response	32	3152306	12953	0
gpl012	126	Pulse	199	3156966	17613	0
gpl012	127	Picture	fix2	3164388	0	1	16745	1	0	next	other	0
gpl012	127	Pulse	199	3166966	2578	0
gpl012	127	Pulse	199	3176966	12578	0
gpl012	128	Picture	feedback	3181133	0	1	20061	1	0	next	other	0
gpl012	128	Pulse	199	3186966	5833	0
gpl012	128	Pulse	199	3196965	15832	0
gpl012	129	Picture	fix	3201194	0	1	20227	1	0	next	other	0
gpl012	129	Pulse	199	3206966	5772	0
gpl012	129	Pulse	199	3216966	15772	0
gpl012	131	Picture	stim	3221421	0	1	25035	1	0	25000	hit	365
gpl012	131	Pulse	199	3226965	5545	0
gpl012	131	Response	16	3234536	13115	0
gpl012	131	Pulse	199	3236965	15545	0
gpl012	132	Picture	fix2	3246456	0	1	17242	1	0	next	other	0
gpl012	132	Pulse	199	3246966	510	0
gpl012	132	Pulse	199	3256966	10510	0
gpl012	133	Picture	feedback	3263698	0	1	20061	1	0	next	other	0
gpl012	133	Pulse	199	3266965	3267	0
gpl012	133	Pulse	199	3276966	13268	0
gpl012	134	Picture	fix	3283759	0	1	27356	1	0	next	other	0
gpl012	134	Pulse	199	3286966	3207	0
gpl012	134	Pulse	199	3296965	13206	0
gpl012	134	Pulse	199	3306966	23207	0
gpl012	136	Picture	stim	3311115	0	1	25035	1	0	25000	incorrect	379
gpl012	136	Pulse	199	3316966	5851	0
gpl012	136	Response	32	3326826	15711	0
gpl012	136	Pulse	199	3326966	15851	0
gpl012	137	Picture	fix2	3336150	0	1	22051	1	0	next	other	0
gpl012	137	Pulse	199	3336966	816	0
gpl012	137	Pulse	199	3346966	10816	0
gpl012	137	Pulse	199	3356966	20816	0
gpl012	138	Picture	feedback	3358201	0	1	20061	1	0	next	other	0
gpl012	138	Pulse	199	3366965	8765	0
gpl012	138	Pulse	199	3376966	18765	0
gpl012	139	Picture	fix	3378262	0	1	28517	1	0	next	other	0
gpl012	139	Pulse	199	3386966	8705	0
gpl012	139	Pulse	199	3396966	18704	0
gpl012	141	Picture	stim	3406778	0	1	25035	1	0	25000	hit	394
gpl012	141	Pulse	199	3406966	188	0
gpl012	141	Pulse	199	3416966	10188	0
gpl012	141	Response	16	3418326	11548	0
gpl012	141	Pulse	199	3426966	20188	0
gpl012	142	Picture	fix2	3431979	0	1	14590	1	0	next	other	0
gpl012	142	Pulse	199	3436966	4987	0
gpl012	143	Picture	feedback	3446568	0	1	20061	1	0	next	other	0
gpl012	143	Pulse	199	3446967	398	0
gpl012	143	Pulse	199	3456966	10398	0
gpl012	144	Picture	fix	3466629	0	1	23377	1	0	next	other	0
gpl012	144	Pulse	199	3466966	337	0
gpl012	144	Pulse	199	3476966	10336	0
gpl012	144	Pulse	199	3486966	20337	0
gpl012	146	Picture	stim	3490006	0	1	25035	1	0	25000	hit	407
gpl012	146	Pulse	199	3496966	6960	0
gpl012	146	Response	16	3506806	16800	0
gpl012	146	Pulse	199	3506966	16959	0
gpl012	147	Picture	fix2	3515207	0	1	15916	1	0	next	other	0
gpl012	147	Pulse	199	3516966	1759	0
gpl012	147	Pulse	199	3526966	11759	0
gpl012	148	Picture	feedback	3531123	0	1	20061	1	0	next	other	0
gpl012	148	Pulse	199	3536966	5843	0
gpl012	148	Pulse	199	3546966	15843	0
gpl012	149	Picture	fix	3551184	0	1	26527	1	0	next	other	0
gpl012	149	Pulse	199	3556966	5782	0
gpl012	149	Pulse	199	3566966	15782	0
gpl012	149	Pulse	199	3576966	25782	0
gpl012	151	Picture	stim	3577711	0	1	25035	1	0	25000	incorrect	422
gpl012	151	Pulse	199	3586966	9255	0
gpl012	151	Pulse	199	3596966	19255	0
gpl012	151	Response	32	3598916	21205	0
gpl012	152	Picture	fix2	3602912	0	1	11606	1	0	next	other	0
gpl012	152	Pulse	199	3606966	4054	0
gpl012	153	Picture	feedback	3614517	0	1	20061	1	0	next	other	0
gpl012	153	Pulse	199	3616966	2449	0
gpl012	153	Pulse	199	3626966	12448	0
gpl012	154	Picture	fix	3634578	0	1	37469	1	0	next	other	0
gpl012	154	Pulse	199	3636966	2388	0
gpl012	154	Pulse	199	3646965	12387	0
gpl012	154	Pulse	199	3656966	22388	0
gpl012	154	Pulse	199	3666966	32387	0
gpl012	156	Picture	stim	3672048	0	1	25035	1	0	25000	incorrect	435
gpl012	156	Pulse	199	3676965	4918	0
gpl012	156	Response	32	3686006	13958	0
gpl012	156	Pulse	199	3686966	14918	0
gpl012	156	Pulse	199	3696966	24918	0
gpl012	157	Picture	fix2	3697248	0	1	9119	1	0	next	other	0
gpl012	158	Picture	feedback	3706367	0	1	20061	1	0	next	other	0
gpl012	158	Pulse	199	3706966	599	0
gpl012	158	Pulse	199	3716966	10599	0
gpl012	159	Picture	fix	3726428	0	1	28848	1	0	next	other	0
gpl012	159	Pulse	199	3726966	538	0
gpl012	159	Pulse	199	3736966	10538	0
gpl012	159	Pulse	199	3746965	20538	0
gpl012	161	Picture	stim	3755276	0	1	25035	1	0	25000	incorrect	449
gpl012	161	Pulse	199	3756966	1690	0
gpl012	161	Pulse	199	3766966	11690	0
gpl012	161	Response	32	3768886	13610	0
gpl012	161	Pulse	199	3776966	21690	0
gpl012	162	Picture	fix2	3780477	0	1	25864	1	0	next	other	0
gpl012	162	Pulse	199	3786967	6490	0
gpl012	162	Pulse	199	3796966	16490	0
gpl012	163	Picture	feedback	3806340	0	1	20061	1	0	next	other	0
gpl012	163	Pulse	199	3806966	626	0
gpl012	163	Pulse	199	3816966	10625	0
gpl012	164	Picture	fix	3826401	0	1	24703	1	0	next	other	0
gpl012	164	Pulse	199	3826966	565	0
gpl012	164	Pulse	199	3836966	10565	0
gpl012	164	Pulse	199	3846966	20565	0
gpl012	166	Picture	stim	3851105	0	1	25035	1	0	25000	incorrect	463
gpl012	166	Pulse	199	3856966	5861	0
gpl012	166	Response	32	3863256	12151	0
gpl012	166	Pulse	199	3866966	15861	0
gpl012	167	Picture	fix2	3876140	0	1	15916	1	0	next	other	0
gpl012	167	Pulse	199	3876966	827	0
gpl012	167	Pulse	199	3886966	10826	0
gpl012	168	Picture	feedback	3892056	0	1	20061	1	0	next	other	0
gpl012	168	Pulse	199	3896967	4911	0
gpl012	168	Pulse	199	3906966	14911	0
gpl012	169	Picture	fix	3912117	0	1	31169	1	0	next	other	0
gpl012	169	Pulse	199	3916966	4849	0
gpl012	169	Pulse	199	3926966	14850	0
gpl012	169	Pulse	199	3936966	24849	0
gpl012	171	Picture	stim	3943286	0	1	25035	1	0	25000	hit	477
gpl012	171	Pulse	199	3946966	3680	0
gpl012	171	Response	16	3955076	11791	0
gpl012	171	Pulse	199	3956966	13680	0
gpl012	171	Pulse	199	3966966	23681	0
gpl012	172	Picture	fix2	3968321	0	1	12932	1	0	next	other	0
gpl012	172	Pulse	199	3976967	8646	0
gpl012	173	Picture	feedback	3981253	0	1	20061	1	0	next	other	0
gpl012	173	Pulse	199	3986966	5713	0
gpl012	173	Pulse	199	3996966	15714	0
gpl012	174	Picture	fix	4001314	0	1	23377	1	0	next	other	0
gpl012	174	Pulse	199	4006967	5653	0
gpl012	174	Pulse	199	4016966	15653	0
gpl012	176	Picture	stim	4024690	0	1	25035	1	0	25000	incorrect	491
gpl012	176	Pulse	199	4026966	2275	0
gpl012	176	Pulse	199	4036967	12276	0
gpl012	176	Response	32	4039786	15096	0
gpl012	176	Pulse	199	4046967	22276	0
gpl012	177	Picture	fix2	4049725	0	1	15253	1	0	next	other	0
gpl012	177	Pulse	199	4056966	7241	0
gpl012	178	Picture	feedback	4064978	0	1	20061	1	0	next	other	0
gpl012	178	Pulse	199	4066966	1988	0
gpl012	178	Pulse	199	4076967	11988	0
gpl012	179	Picture	fix	4085039	0	1	26030	1	0	next	other	0
gpl012	179	Pulse	199	4086967	1927	0
gpl012	179	Pulse	199	4096966	11926	0
gpl012	179	Pulse	199	4106967	21927	0
gpl012	181	Picture	stim	4111069	0	1	25035	1	0	25000	hit	505
gpl012	181	Pulse	199	4116967	5898	0
gpl012	181	Pulse	199	4126966	15897	0
gpl012	181	Response	16	4135647	24578	0
gpl012	182	Picture	fix2	4136270	0	1	21885	1	0	next	other	0
gpl012	182	Pulse	199	4136976	707	0
gpl012	182	Pulse	199	4146967	10697	0
gpl012	182	Pulse	199	4156967	20697	0
gpl012	183	Picture	feedback	4158154	0	1	20061	1	0	next	other	0
gpl012	183	Pulse	199	4166977	8822	0
gpl012	183	Pulse	199	4176967	18812	0
gpl012	184	Picture	fix	4178215	0	1	24537	1	0	next	other	0
gpl012	184	Pulse	199	4186967	8752	0
gpl012	184	Pulse	199	4196966	18751	0
gpl012	186	Picture	stim	4202753	0	1	25035	1	0	25000	incorrect	519
gpl012	186	Pulse	199	4206967	4214	0
gpl012	186	Pulse	199	4216967	14214	0
gpl012	186	Response	32	4218977	16224	0
gpl012	186	Pulse	199	4226976	24224	0
gpl012	187	Picture	fix2	4227788	0	1	24206	1	0	next	other	0
gpl012	187	Pulse	199	4236977	9189	0
gpl012	187	Pulse	199	4246977	19189	0
gpl012	188	Picture	feedback	4251993	0	1	20061	1	0	next	other	0
gpl012	188	Pulse	199	4256977	4983	0
gpl012	188	Pulse	199	4266976	14982	0
gpl012	189	Picture	fix	4272054	0	1	23543	1	0	next	other	0
gpl012	189	Pulse	199	4276977	4922	0
gpl012	189	Pulse	199	4286977	14922	0
gpl012	191	Picture	stim	4295597	0	1	25035	1	0	25000	hit	533
gpl012	191	Pulse	199	4296976	1379	0
gpl012	191	Pulse	199	4306976	11379	0
gpl012	191	Response	16	4312056	16459	0
gpl012	191	Pulse	199	4316976	21379	0
gpl012	192	Picture	fix2	4320632	0	1	11108	1	0	next	other	0
gpl012	192	Pulse	199	4326977	6345	0
gpl012	193	Picture	feedback	4331740	0	1	20061	1	0	next	other	0
gpl012	193	Pulse	199	4336976	5236	0
gpl012	193	Pulse	199	4346976	15236	0
gpl012	194	Picture	fix	4351801	0	1	33325	1	0	next	other	0
gpl012	194	Pulse	199	4356977	5175	0
gpl012	194	Pulse	199	4366976	15175	0
gpl012	194	Pulse	199	4376977	25175	0
gpl012	196	Picture	stim	4385126	0	1	25035	1	0	25000	incorrect	548
gpl012	196	Pulse	199	4386977	1851	0
gpl012	196	Pulse	199	4396977	11851	0
gpl012	196	Pulse	199	4406976	21851	0
gpl012	196	Response	32	4408546	23420	0
gpl012	197	Picture	fix2	4410326	0	1	16414	1	0	next	other	0
gpl012	197	Pulse	199	4416977	6650	0
gpl012	198	Picture	feedback	4426740	0	1	20061	1	0	next	other	0
gpl012	198	Pulse	199	4426977	237	0
gpl012	198	Pulse	199	4436976	10236	0
gpl012	199	Picture	fix	4446801	0	1	21885	1	0	next	other	0
gpl012	199	Pulse	199	4446977	176	0
gpl012	199	Pulse	199	4456977	10176	0
gpl012	199	Pulse	199	4466976	20176	0
gpl012	201	Picture	stim	4468686	0	1	25035	1	0	25000	hit	560
gpl012	201	Pulse	199	4476976	8290	0
gpl012	201	Response	16	4480847	12161	0
gpl012	201	Pulse	199	4486977	18291	0
gpl012	202	Picture	fix2	4493720	0	1	25864	1	0	next	other	0
gpl012	202	Pulse	199	4496977	3257	0
gpl012	202	Pulse	199	4506976	13256	0
gpl012	202	Pulse	199	4516977	23256	0
gpl012	203	Picture	feedback	4519584	0	1	20061	1	0	next	other	0
gpl012	203	Pulse	199	4526977	7393	0
gpl012	203	Pulse	199	4536977	17393	0
gpl012	204	Picture	fix	4539645	0	1	33988	1	0	next	other	0
gpl012	204	Pulse	199	4546977	7331	0
gpl012	204	Pulse	199	4556977	17332	0
gpl012	204	Pulse	199	4566977	27332	0
gpl012	206	Picture	stim	4573633	0	1	25035	1	0	25000	hit	575
gpl012	206	Pulse	199	4576976	3343	0
gpl012	206	Response	16	4583927	10294	0
gpl012	206	Pulse	199	4586977	13344	0
gpl012	206	Pulse	199	4596977	23344	0
gpl012	207	Picture	fix2	4598834	0	1	23377	1	0	next	other	0
gpl012	207	Pulse	199	4606977	8143	0
gpl012	207	Pulse	199	4616977	18143	0
gpl012	208	Picture	feedback	4622210	0	1	20061	1	0	next	other	0
gpl012	208	Pulse	199	4626977	4766	0
gpl012	208	Pulse	199	4636977	14766	0
gpl012	209	Picture	fix	4642271	0	1	26859	1	0	next	other	0
gpl012	209	Pulse	199	4646977	4705	0
gpl012	209	Pulse	199	4656977	14705	0
gpl012	209	Pulse	199	4666977	24705	0
gpl012	211	Picture	stim	4669130	0	1	25035	1	0	25000	incorrect	590
gpl012	211	Pulse	199	4676976	7847	0
gpl012	211	Response	32	4680887	11757	0
gpl012	211	Pulse	199	4686977	17847	0
gpl012	212	Picture	fix2	4694165	0	1	21719	1	0	next	other	0
gpl012	212	Pulse	199	4696977	2812	0
gpl012	212	Pulse	199	4706977	12812	0
gpl012	213	Picture	feedback	4715884	0	1	20061	1	0	next	other	0
gpl012	213	Pulse	199	4716976	1092	0
gpl012	213	Pulse	199	4726977	11093	0
gpl012	214	Picture	fix	4735945	0	1	17740	1	0	next	other	0
gpl012	214	Pulse	199	4736977	1032	0
gpl012	214	Pulse	199	4746976	11031	0
gpl012	216	Picture	stim	4753685	0	1	25035	1	0	25000	hit	605
gpl012	216	Pulse	199	4756977	3292	0
gpl012	216	Pulse	199	4766977	13292	0
gpl012	216	Pulse	199	4776977	23292	0
gpl012	216	Response	16	4777967	24282	0
gpl012	217	Picture	fix2	4778719	0	1	27688	1	0	next	other	0
gpl012	217	Pulse	199	4786977	8257	0
gpl012	217	Pulse	199	4796977	18257	0
gpl012	218	Picture	feedback	4806407	0	1	20061	1	0	next	other	0
gpl012	218	Pulse	199	4806977	570	0
gpl012	218	Pulse	199	4816976	10569	0
gpl012	219	Picture	fix	4826468	0	1	35977	1	0	next	other	0
gpl012	219	Pulse	199	4826977	509	0
gpl012	219	Pulse	199	4836977	10509	0
gpl012	219	Pulse	199	4846977	20509	0
gpl012	219	Pulse	199	4856976	30508	0
gpl012	221	Picture	stim	4862445	0	1	25035	1	0	25000	incorrect	620
gpl012	221	Pulse	199	4866977	4532	0
gpl012	221	Pulse	199	4876977	14532	0
gpl012	221	Response	32	4878247	15802	0
gpl012	221	Pulse	199	4886977	24532	0
gpl012	222	Picture	fix2	4887480	0	1	10777	1	0	next	other	0
gpl012	222	Pulse	199	4896977	9497	0
gpl012	223	Picture	feedback	4898257	0	1	20061	1	0	next	other	0
gpl012	223	Pulse	199	4906977	8721	0
gpl012	223	Pulse	199	4916977	18720	0
gpl012	224	Picture	fix	4918318	0	1	25366	1	0	next	other	0
gpl012	224	Pulse	199	4926977	8659	0
gpl012	224	Pulse	199	4936977	18659	0
gpl012	226	Picture	stim	4943684	0	1	25035	1	0	25000	hit	632
gpl012	226	Pulse	199	4946977	3293	0
gpl012	226	Response	16	4954137	10453	0
gpl012	226	Pulse	199	4956976	13292	0
gpl012	226	Pulse	199	4966977	23293	0
gpl012	227	Picture	fix2	4968719	0	1	29014	1	0	next	other	0
gpl012	227	Pulse	199	4976977	8258	0
gpl012	227	Pulse	199	4986977	18258	0
gpl012	227	Pulse	199	4996976	28258	0
gpl012	228	Picture	feedback	4997733	0	1	20061	1	0	next	other	0
gpl012	228	Pulse	199	5006977	9244	0
gpl012	228	Pulse	199	5016977	19244	0
gpl012	229	Picture	fix	5017794	0	1	29346	1	0	next	other	0
gpl012	229	Pulse	199	5026977	9183	0
gpl012	229	Pulse	199	5036977	19183	0
gpl012	229	Pulse	199	5046977	29183	0
gpl012	231	Picture	stim	5047139	0	1	25035	1	0	25000	hit	648
gpl012	231	Pulse	199	5056977	9837	0
gpl012	231	Response	16	5062107	14968	0
gpl012	231	Pulse	199	5066977	19837	0
gpl012	232	Picture	fix2	5072174	0	1	14092	1	0	next	other	0
gpl012	232	Pulse	199	5076977	4803	0
gpl012	233	Picture	feedback	5086266	0	1	20061	1	0	next	other	0
gpl012	233	Pulse	199	5086977	710	0
gpl012	233	Pulse	199	5096976	10710	0
gpl012	234	Picture	fix	5106327	0	1	26859	1	0	next	other	0
gpl012	234	Pulse	199	5106977	649	0
gpl012	234	Pulse	199	5116977	10650	0
gpl012	234	Pulse	199	5126977	20649	0
gpl012	236	Picture	stim	5133186	0	1	25035	1	0	25000	incorrect	662
gpl012	236	Pulse	199	5136977	3791	0
gpl012	236	Pulse	199	5146977	13791	0
gpl012	236	Response	32	5148367	15181	0
gpl012	236	Pulse	199	5156977	23791	0
gpl012	237	Picture	fix2	5158387	0	1	23543	1	0	next	other	0
gpl012	237	Pulse	199	5166976	8590	0
gpl012	237	Pulse	199	5176977	18590	0
gpl012	238	Picture	feedback	5181929	0	1	20061	1	0	next	other	0
gpl012	238	Pulse	199	5186977	5048	0
gpl012	238	Pulse	199	5196976	15047	0
gpl012	239	Picture	fix	5201990	0	1	29014	1	0	next	other	0
gpl012	239	Pulse	199	5206977	4987	0
gpl012	239	Pulse	199	5216977	14987	0
gpl012	239	Pulse	199	5226977	24987	0
gpl012	241	Picture	stim	5231004	0	1	25035	1	0	25000	hit	676
gpl012	241	Pulse	199	5236977	5973	0
gpl012	241	Response	16	5245407	14403	0
gpl012	241	Pulse	199	5246977	15973	0
gpl012	242	Picture	fix2	5256039	0	1	22216	1	0	next	other	0
gpl012	242	Pulse	199	5256977	938	0
gpl012	242	Pulse	199	5266977	10938	0
gpl012	242	Pulse	199	5276977	20938	0
gpl012	243	Picture	feedback	5278255	0	1	20061	1	0	next	other	0
gpl012	243	Pulse	199	5286977	8722	0
gpl012	243	Pulse	199	5296977	18721	0
gpl012	244	Picture	100	5298316	0	1	250000	184	0	250000	other	0
gpl012	244	Pulse	199	5306977	8661	0
gpl012	244	Pulse	199	5316977	18661	0
gpl012	244	Pulse	199	5326977	28661	0
gpl012	244	Pulse	199	5336977	38661	0
gpl012	244	Pulse	199	5346977	48661	0
gpl012	244	Pulse	199	5356977	58661	0
gpl012	244	Pulse	199	5366977	68661	0
gpl012	244	Pulse	199	5376977	78661	0
gpl012	244	Pulse	199	5386977	88661	0
gpl012	244	Pulse	199	5396978	98661	0
gpl012	244	Pulse	199	5406977	108661	0
gpl012	244	Pulse	199	5416977	118661	0
gpl012	244	Pulse	199	5426977	128661	0
gpl012	244	Pulse	199	5436977	138661	0
gpl012	244	Pulse	199	5446977	148661	0
gpl012	244	Pulse	199	5456977	158661	0
gpl012	244	Pulse	199	5466977	168661	0
gpl012	244	Pulse	199	5476977	178661	0
gpl012	244	Pulse	199	5486977	188661	0
gpl012	244	Pulse	199	5496977	198661	0
gpl012	244	Pulse	199	5506977	208661	0
gpl012	244	Pulse	199	5516977	218661	0
