Scenario - FBL_A.sce
Logfile written - 04/23/2021 15:24:36

Subject	Trial	Event Type	Code	Time	TTime	Uncertainty	Duration	Uncertainty	ReqTime	ReqDur	Stim Type	Pair Index

gpl006	1	Response	16	128415	118250	0
gpl006	2	Picture	start	128542	0	1	740102	1	0	next	other	0
gpl006	2	Response	16	147685	19143	0
gpl006	3	Response	16	857766	679213	0
gpl006	3	Pulse	199	868585	690032	0
gpl006	3	Pulse	199	878584	700031	0
gpl006	3	Pulse	199	888584	710032	0
gpl006	3	Pulse	199	898585	720032	0
gpl006	3	Pulse	199	908584	730031	0
gpl006	3	Pulse	199	918584	740032	0
gpl006	4	Picture	fix	919045	0	1	20558	1	0	next	other	0
gpl006	4	Pulse	199	928585	9540	0
gpl006	4	Pulse	199	938585	19540	0
gpl006	6	Picture	stim	939603	0	1	25018	183	0	25000	incorrect	15
gpl006	6	Response	32	945515	5911	0
gpl006	6	Pulse	199	948584	8981	0
gpl006	6	Pulse	199	958585	18981	0
gpl006	7	Picture	fix2	964622	0	183	24057	183	0	next	other	0
gpl006	7	Pulse	199	968585	3963	0
gpl006	7	Pulse	199	978584	13963	0
gpl006	7	Pulse	199	988584	23963	0
gpl006	8	Picture	feedback	988678	0	1	20393	1	0	next	other	0
gpl006	8	Pulse	199	998585	9906	0
gpl006	8	Pulse	199	1008584	19906	0
gpl006	9	Picture	fix	1009071	0	1	33325	1	0	next	other	0
gpl006	9	Pulse	199	1018584	9513	0
gpl006	9	Pulse	199	1028584	19513	0
gpl006	9	Pulse	199	1038585	29514	0
gpl006	11	Picture	stim	1042395	0	1	25035	1	0	25000	incorrect	31
gpl006	11	Pulse	199	1048584	6189	0
gpl006	11	Response	32	1056445	14050	0
gpl006	11	Pulse	199	1058584	16189	0
gpl006	12	Picture	fix2	1067430	0	1	16745	1	0	next	other	0
gpl006	12	Pulse	199	1068585	1155	0
gpl006	12	Pulse	199	1078585	11154	0
gpl006	13	Picture	feedback	1084175	0	1	20227	1	0	next	other	0
gpl006	13	Pulse	199	1088584	4409	0
gpl006	13	Pulse	199	1098584	14409	0
gpl006	14	Picture	fix	1104402	0	1	23543	1	0	next	other	0
gpl006	14	Pulse	199	1108585	4183	0
gpl006	14	Pulse	199	1118584	14182	0
gpl006	16	Picture	stim	1127945	0	1	25035	1	0	25000	incorrect	45
gpl006	16	Pulse	199	1128584	640	0
gpl006	16	Pulse	199	1138585	10640	0
gpl006	16	Response	32	1142484	14539	0
gpl006	16	Pulse	199	1148585	20640	0
gpl006	17	Picture	fix2	1152980	0	1	9119	1	0	next	other	0
gpl006	17	Pulse	199	1158584	5605	0
gpl006	18	Picture	feedback	1162098	0	1	20227	1	0	next	other	0
gpl006	18	Pulse	199	1168584	6486	0
gpl006	18	Pulse	199	1178585	16486	0
gpl006	19	Picture	fix	1182325	0	1	28516	1	0	next	other	0
gpl006	19	Pulse	199	1188584	6260	0
gpl006	19	Pulse	199	1198584	16259	0
gpl006	19	Pulse	199	1208585	26260	0
gpl006	21	Picture	stim	1210841	0	1	25035	1	0	25000	incorrect	58
gpl006	21	Pulse	199	1218585	7743	0
gpl006	21	Response	32	1220725	9883	0
gpl006	21	Pulse	199	1228584	17743	0
gpl006	22	Picture	fix2	1235876	0	1	12932	1	0	next	other	0
gpl006	22	Pulse	199	1238584	2708	0
gpl006	22	Pulse	199	1248584	12708	0
gpl006	23	Picture	feedback	1248808	0	1	20227	1	0	next	other	0
gpl006	23	Pulse	199	1258584	9776	0
gpl006	23	Pulse	199	1268584	19776	0
gpl006	24	Picture	fix	1269035	0	1	20061	1	0	next	other	0
gpl006	24	Pulse	199	1278585	9550	0
gpl006	24	Pulse	199	1288585	19550	0
gpl006	26	Picture	stim	1289096	0	1	25035	1	0	25000	incorrect	71
gpl006	26	Pulse	199	1298584	9488	0
gpl006	26	Response	32	1299284	10188	0
gpl006	26	Pulse	199	1308584	19489	0
gpl006	27	Picture	fix2	1314131	0	1	23377	1	0	next	other	0
gpl006	27	Pulse	199	1318585	4455	0
gpl006	27	Pulse	199	1328584	14453	0
gpl006	28	Picture	feedback	1337508	0	1	20061	1	0	next	other	0
gpl006	28	Pulse	199	1338584	1076	0
gpl006	28	Pulse	199	1348585	11077	0
gpl006	29	Picture	fix	1357569	0	1	28019	1	0	next	other	0
gpl006	29	Pulse	199	1358585	1016	0
gpl006	29	Pulse	199	1368584	11015	0
gpl006	29	Pulse	199	1378584	21016	0
gpl006	31	Picture	stim	1385588	0	1	25035	1	0	25000	incorrect	86
gpl006	31	Pulse	199	1388585	2997	0
gpl006	31	Pulse	199	1398584	12996	0
gpl006	31	Response	32	1399824	14237	0
gpl006	31	Pulse	199	1408584	22996	0
gpl006	32	Picture	fix2	1410788	0	1	11108	1	0	next	other	0
gpl006	32	Pulse	199	1418585	7797	0
gpl006	33	Picture	feedback	1421896	0	1	20227	1	0	next	other	0
gpl006	33	Pulse	199	1428585	6688	0
gpl006	33	Pulse	199	1438584	16688	0
gpl006	34	Picture	fix	1442123	0	1	37469	1	0	next	other	0
gpl006	34	Pulse	199	1448585	6462	0
gpl006	34	Pulse	199	1458585	16462	0
gpl006	34	Pulse	199	1468584	26461	0
gpl006	34	Pulse	199	1478584	36461	0
gpl006	36	Picture	stim	1479593	0	1	25035	1	0	25000	incorrect	99
gpl006	36	Response	32	1487905	8312	0
gpl006	36	Pulse	199	1488585	8992	0
gpl006	36	Pulse	199	1498584	18992	0
gpl006	37	Picture	fix2	1504627	0	1	24372	1	0	next	other	0
gpl006	37	Pulse	199	1508584	3957	0
gpl006	37	Pulse	199	1518585	13957	0
gpl006	37	Pulse	199	1528585	23957	0
gpl006	38	Picture	feedback	1528999	0	1	20061	1	0	next	other	0
gpl006	38	Pulse	199	1538584	9585	0
gpl006	38	Pulse	199	1548584	19585	0
gpl006	39	Picture	fix	1549060	0	1	29180	1	0	next	other	0
gpl006	39	Pulse	199	1558585	9525	0
gpl006	39	Pulse	199	1568585	19525	0
gpl006	41	Picture	stim	1578240	0	1	25035	1	0	25000	incorrect	114
gpl006	41	Pulse	199	1578584	344	0
gpl006	41	Response	32	1585234	6995	0
gpl006	41	Pulse	199	1588585	10345	0
gpl006	41	Pulse	199	1598584	20345	0
gpl006	42	Picture	fix2	1603274	0	1	18071	1	0	next	other	0
gpl006	42	Pulse	199	1608584	5310	0
gpl006	42	Pulse	199	1618584	15310	0
gpl006	43	Picture	feedback	1621346	0	1	20061	1	0	next	other	0
gpl006	43	Pulse	199	1628585	7239	0
gpl006	43	Pulse	199	1638584	17238	0
gpl006	44	Picture	fix	1641407	0	1	30838	1	0	next	other	0
gpl006	44	Pulse	199	1648584	7177	0
gpl006	44	Pulse	199	1658585	17178	0
gpl006	44	Pulse	199	1668584	27178	0
gpl006	46	Picture	stim	1672244	0	1	25035	1	0	25000	hit	129
gpl006	46	Pulse	199	1678584	6339	0
gpl006	46	Response	16	1682424	10180	0
gpl006	46	Pulse	199	1688584	16340	0
gpl006	47	Picture	fix2	1697445	0	1	16414	1	0	next	other	0
gpl006	47	Pulse	199	1698585	1140	0
gpl006	47	Pulse	199	1708584	11139	0
gpl006	48	Picture	feedback	1713859	0	1	20061	1	0	next	other	0
gpl006	48	Pulse	199	1718584	4725	0
gpl006	48	Pulse	199	1728585	14726	0
gpl006	49	Picture	fix	1733920	0	1	23708	1	0	next	other	0
gpl006	49	Pulse	199	1738585	4665	0
gpl006	49	Pulse	199	1748584	14664	0
gpl006	51	Picture	stim	1757628	0	1	25035	1	0	25000	incorrect	143
gpl006	51	Pulse	199	1758584	956	0
gpl006	51	Pulse	199	1768585	10957	0
gpl006	51	Response	32	1772864	15236	0
gpl006	51	Pulse	199	1778584	20956	0
gpl006	52	Picture	fix2	1782829	0	1	18071	1	0	next	other	0
gpl006	52	Pulse	199	1788584	5755	0
gpl006	52	Response	16	1790924	8095	0
gpl006	52	Response	16	1794004	11176	0
gpl006	52	Response	16	1796045	13216	0
gpl006	52	Pulse	199	1798585	15756	0
gpl006	53	Picture	feedback	1800900	0	1	20061	1	0	next	other	0
gpl006	53	Pulse	199	1808585	7684	0
gpl006	53	Pulse	199	1818584	17684	0
gpl006	54	Picture	fix	1820961	0	1	28516	1	0	next	other	0
gpl006	54	Pulse	199	1828584	7623	0
gpl006	54	Pulse	199	1838584	17623	0
gpl006	54	Pulse	199	1848584	27623	0
gpl006	56	Picture	stim	1849477	0	1	25035	1	0	25000	incorrect	160
gpl006	56	Pulse	199	1858584	9107	0
gpl006	56	Response	32	1861544	12066	0
gpl006	56	Pulse	199	1868585	19107	0
gpl006	57	Picture	fix2	1874678	0	1	21387	1	0	next	other	0
gpl006	57	Pulse	199	1878585	3906	0
gpl006	57	Pulse	199	1888584	13906	0
gpl006	58	Picture	feedback	1896065	0	1	20061	1	0	next	other	0
gpl006	58	Pulse	199	1898585	2519	0
gpl006	58	Pulse	199	1908584	12519	0
gpl006	59	Picture	fix	1916127	0	1	26859	1	0	next	other	0
gpl006	59	Pulse	199	1918584	2457	0
gpl006	59	Pulse	199	1928584	12458	0
gpl006	59	Pulse	199	1938585	22458	0
gpl006	61	Picture	stim	1942985	0	1	25035	1	0	25000	hit	174
gpl006	61	Pulse	199	1948584	5599	0
gpl006	61	Response	16	1955165	12180	0
gpl006	61	Pulse	199	1958584	15599	0
gpl006	62	Picture	fix2	1968186	0	1	25864	1	0	next	other	0
gpl006	62	Pulse	199	1968584	399	0
gpl006	62	Pulse	199	1978585	10399	0
gpl006	62	Pulse	199	1988584	20398	0
gpl006	63	Picture	feedback	1994049	0	1	20061	1	0	next	other	0
gpl006	63	Pulse	199	1998584	4535	0
gpl006	63	Pulse	199	2008585	14535	0
gpl006	64	Picture	fix	2014110	0	1	32164	1	0	next	other	0
gpl006	64	Pulse	199	2018584	4473	0
gpl006	64	Pulse	199	2028584	14473	0
gpl006	64	Pulse	199	2038584	24474	0
gpl006	66	Picture	stim	2046274	0	1	25035	1	0	25000	incorrect	190
gpl006	66	Pulse	199	2048584	2310	0
gpl006	66	Pulse	199	2058584	12309	0
gpl006	66	Response	32	2063394	17120	0
gpl006	66	Pulse	199	2068584	22309	0
gpl006	67	Picture	fix2	2071309	0	1	16414	1	0	next	other	0
gpl006	67	Pulse	199	2078584	7275	0
gpl006	68	Picture	feedback	2087723	0	1	20061	1	0	next	other	0
gpl006	68	Pulse	199	2088584	861	0
gpl006	68	Pulse	199	2098584	10861	0
gpl006	69	Picture	fix	2107784	0	1	23377	1	0	next	other	0
gpl006	69	Pulse	199	2108584	801	0
gpl006	69	Pulse	199	2118584	10800	0
gpl006	69	Pulse	199	2128583	20800	0
gpl006	71	Picture	stim	2131160	0	1	25035	1	0	25000	incorrect	203
gpl006	71	Pulse	199	2138584	7424	0
gpl006	71	Response	32	2145234	14073	0
gpl006	71	Pulse	199	2148584	17424	0
gpl006	72	Picture	fix2	2156195	0	1	20393	1	0	next	other	0
gpl006	72	Pulse	199	2158584	2389	0
gpl006	72	Pulse	199	2168584	12389	0
gpl006	73	Picture	feedback	2176588	0	1	20061	1	0	next	other	0
gpl006	73	Pulse	199	2178584	1996	0
gpl006	73	Pulse	199	2188584	11996	0
gpl006	74	Picture	fix	2196649	0	1	31169	1	0	next	other	0
gpl006	74	Pulse	199	2198584	1935	0
gpl006	74	Pulse	199	2208584	11935	0
gpl006	74	Pulse	199	2218595	21946	0
gpl006	76	Picture	stim	2227818	0	1	25035	1	0	25000	incorrect	217
gpl006	76	Pulse	199	2228594	776	0
gpl006	76	Response	32	2238444	10626	0
gpl006	76	Pulse	199	2238584	10766	0
gpl006	76	Pulse	199	2248594	20776	0
gpl006	77	Picture	fix2	2252853	0	1	17242	1	0	next	other	0
gpl006	77	Pulse	199	2258594	5741	0
gpl006	77	Pulse	199	2268594	15741	0
gpl006	78	Picture	feedback	2270095	0	1	20061	1	0	next	other	0
gpl006	78	Pulse	199	2278594	8499	0
gpl006	78	Pulse	199	2288594	18499	0
gpl006	79	Picture	fix	2290156	0	1	18569	1	0	next	other	0
gpl006	79	Pulse	199	2298594	8438	0
gpl006	79	Pulse	199	2308594	18438	0
gpl006	81	Picture	stim	2308725	0	1	25035	1	0	25000	hit	230
gpl006	81	Response	16	2318035	9309	0
gpl006	81	Pulse	199	2318594	9869	0
gpl006	81	Pulse	199	2328594	19869	0
gpl006	82	Picture	fix2	2333760	0	1	15916	1	0	next	other	0
gpl006	82	Pulse	199	2338594	4834	0
gpl006	82	Pulse	199	2348594	14834	0
gpl006	83	Picture	feedback	2349676	0	1	20061	1	0	next	other	0
gpl006	83	Pulse	199	2358595	8918	0
gpl006	83	Pulse	199	2368594	18918	0
gpl006	84	Picture	fix	2369737	0	1	22714	1	0	next	other	0
gpl006	84	Pulse	199	2378595	8857	0
gpl006	84	Pulse	199	2388594	18857	0
gpl006	86	Picture	stim	2392451	0	1	25035	1	0	25000	incorrect	244
gpl006	86	Pulse	199	2398594	6143	0
gpl006	86	Response	32	2400564	8113	0
gpl006	86	Pulse	199	2408594	16143	0
gpl006	87	Picture	fix2	2417486	0	1	16082	1	0	next	other	0
gpl006	87	Pulse	199	2418594	1108	0
gpl006	87	Pulse	199	2428595	11109	0
gpl006	88	Picture	feedback	2433568	0	1	20061	1	0	next	other	0
gpl006	88	Pulse	199	2438594	5026	0
gpl006	88	Pulse	199	2448594	15027	0
gpl006	89	Picture	fix	2453629	0	1	28848	1	0	next	other	0
gpl006	89	Pulse	199	2458595	4966	0
gpl006	89	Pulse	199	2468594	14965	0
gpl006	89	Pulse	199	2478594	24966	0
gpl006	91	Picture	stim	2482477	0	1	25035	1	0	25000	hit	258
gpl006	91	Pulse	199	2488594	6118	0
gpl006	91	Response	16	2494244	11768	0
gpl006	91	Pulse	199	2498594	16118	0
gpl006	92	Picture	fix2	2507512	0	1	18569	1	0	next	other	0
gpl006	92	Pulse	199	2508594	1083	0
gpl006	92	Pulse	199	2518594	11082	0
gpl006	93	Picture	feedback	2526080	0	1	20061	1	0	next	other	0
gpl006	93	Pulse	199	2528594	2514	0
gpl006	93	Pulse	199	2538594	12513	0
gpl006	94	Picture	fix	2546141	0	1	16248	1	0	next	other	0
gpl006	94	Pulse	199	2548595	2453	0
gpl006	94	Pulse	199	2558594	12453	0
gpl006	96	Picture	stim	2562389	0	1	25035	1	0	25000	incorrect	271
gpl006	96	Pulse	199	2568594	6205	0
gpl006	96	Response	32	2575164	12775	0
gpl006	96	Pulse	199	2578594	16205	0
gpl006	97	Picture	fix2	2587424	0	1	16579	1	0	next	other	0
gpl006	97	Pulse	199	2588594	1170	0
gpl006	97	Pulse	199	2598594	11171	0
gpl006	98	Picture	feedback	2604003	0	1	20061	1	0	next	other	0
gpl006	98	Pulse	199	2608594	4590	0
gpl006	98	Pulse	199	2618594	14591	0
gpl006	99	Picture	fix	2624064	0	1	25366	1	0	next	other	0
gpl006	99	Pulse	199	2628594	4530	0
gpl006	99	Pulse	199	2638594	14530	0
gpl006	99	Pulse	199	2648594	24530	0
gpl006	101	Picture	stim	2649430	0	1	25035	1	0	25000	hit	285
gpl006	101	Pulse	199	2658594	9164	0
gpl006	101	Response	16	2658655	9224	0
gpl006	101	Pulse	199	2668595	19164	0
gpl006	102	Picture	fix2	2674465	0	1	20061	1	0	next	other	0
gpl006	102	Pulse	199	2678594	4128	0
gpl006	102	Pulse	199	2688594	14129	0
gpl006	103	Picture	feedback	2694526	0	1	20061	1	0	next	other	0
gpl006	103	Pulse	199	2698594	4068	0
gpl006	103	Pulse	199	2708594	14067	0
gpl006	104	Picture	fix	2714587	0	1	26361	1	0	next	other	0
gpl006	104	Pulse	199	2718594	4007	0
gpl006	104	Pulse	199	2728594	14006	0
gpl006	104	Pulse	199	2738594	24007	0
gpl006	106	Picture	stim	2740949	0	1	25035	1	0	25000	incorrect	298
gpl006	106	Response	32	2747574	6625	0
gpl006	106	Pulse	199	2748594	7645	0
gpl006	106	Pulse	199	2758594	17646	0
gpl006	107	Picture	fix2	2765983	0	1	10777	1	0	next	other	0
gpl006	107	Pulse	199	2768594	2611	0
gpl006	108	Picture	feedback	2776760	0	1	20061	1	0	next	other	0
gpl006	108	Pulse	199	2778594	1834	0
gpl006	108	Pulse	199	2788595	11835	0
gpl006	109	Picture	fix	2796821	0	1	27356	1	0	next	other	0
gpl006	109	Pulse	199	2798594	1773	0
gpl006	109	Pulse	199	2808594	11773	0
gpl006	109	Pulse	199	2818593	21773	0
gpl006	111	Picture	stim	2824177	0	1	25035	1	0	25000	hit	312
gpl006	111	Pulse	199	2828594	4418	0
gpl006	111	Response	16	2833594	9417	0
gpl006	111	Pulse	199	2838594	14418	0
gpl006	111	Pulse	199	2848593	24417	0
gpl006	112	Picture	fix2	2849377	0	1	22051	1	0	next	other	0
gpl006	112	Pulse	199	2858594	9217	0
gpl006	112	Pulse	199	2868594	19216	0
gpl006	113	Picture	feedback	2871428	0	1	20061	1	0	next	other	0
gpl006	113	Pulse	199	2878594	7166	0
gpl006	113	Pulse	199	2888594	17166	0
gpl006	114	Picture	fix	2891489	0	1	29345	1	0	next	other	0
gpl006	114	Pulse	199	2898594	7105	0
gpl006	114	Pulse	199	2908594	17105	0
gpl006	114	Pulse	199	2918593	27104	0
gpl006	116	Picture	stim	2920834	0	1	25035	1	0	25000	incorrect	327
gpl006	116	Pulse	199	2928594	7760	0
gpl006	116	Response	32	2929344	8510	0
gpl006	116	Pulse	199	2938594	17759	0
gpl006	117	Picture	fix2	2945869	0	1	21387	1	0	next	other	0
gpl006	117	Pulse	199	2948594	2725	0
gpl006	117	Pulse	199	2958594	12725	0
gpl006	118	Picture	feedback	2967257	0	1	20061	1	0	next	other	0
gpl006	118	Pulse	199	2968594	1337	0
gpl006	118	Pulse	199	2978594	11337	0
gpl006	119	Picture	fix	2987318	0	1	22216	1	0	next	other	0
gpl006	119	Pulse	199	2988594	1276	0
gpl006	119	Pulse	199	2998594	11276	0
gpl006	119	Pulse	199	3008594	21276	0
gpl006	121	Picture	stim	3009534	0	1	25035	1	0	25000	hit	340
gpl006	121	Response	16	3018374	8840	0
gpl006	121	Pulse	199	3018594	9060	0
gpl006	121	Pulse	199	3028594	19060	0
gpl006	122	Picture	fix2	3034569	0	1	16579	1	0	next	other	0
gpl006	122	Pulse	199	3038594	4025	0
gpl006	122	Pulse	199	3048594	14026	0
gpl006	123	Picture	feedback	3051148	0	1	20061	1	0	next	other	0
gpl006	123	Pulse	199	3058594	7446	0
gpl006	123	Pulse	199	3068594	17446	0
gpl006	124	Picture	fix	3071209	0	1	35977	1	0	next	other	0
gpl006	124	Pulse	199	3078594	7385	0
gpl006	124	Pulse	199	3088594	17385	0
gpl006	124	Pulse	199	3098594	27384	0
gpl006	126	Picture	stim	3107186	0	1	25035	1	0	25000	incorrect	355
gpl006	126	Pulse	199	3108594	1408	0
gpl006	126	Response	32	3117184	9998	0
gpl006	126	Pulse	199	3118594	11408	0
gpl006	126	Pulse	199	3128594	21408	0
gpl006	127	Picture	fix2	3132221	0	1	11606	1	0	next	other	0
gpl006	127	Pulse	199	3138594	6373	0
gpl006	128	Picture	feedback	3143826	0	1	20061	1	0	next	other	0
gpl006	128	Pulse	199	3148594	4767	0
gpl006	128	Response	16	3148904	5077	0
gpl006	128	Pulse	199	3158594	14767	0
gpl006	129	Picture	fix	3163887	0	1	30009	1	0	next	other	0
gpl006	129	Pulse	199	3168594	4707	0
gpl006	129	Pulse	199	3178594	14706	0
gpl006	129	Pulse	199	3188594	24707	0
gpl006	131	Picture	stim	3193896	0	1	25035	1	0	25000	incorrect	370
gpl006	131	Pulse	199	3198594	4697	0
gpl006	131	Response	32	3202354	8458	0
gpl006	131	Pulse	199	3208594	14698	0
gpl006	131	Pulse	199	3218594	24698	0
gpl006	132	Picture	fix2	3218931	0	1	26195	1	0	next	other	0
gpl006	132	Pulse	199	3228594	9663	0
gpl006	132	Pulse	199	3238594	19663	0
gpl006	133	Picture	feedback	3245126	0	1	20061	1	0	next	other	0
gpl006	133	Pulse	199	3248594	3467	0
gpl006	133	Pulse	199	3258594	13468	0
gpl006	134	Picture	fix	3265187	0	1	21885	1	0	next	other	0
gpl006	134	Pulse	199	3268594	3407	0
gpl006	134	Pulse	199	3278594	13406	0
gpl006	136	Picture	stim	3287072	0	1	25035	1	0	25000	hit	384
gpl006	136	Pulse	199	3288594	1522	0
gpl006	136	Response	16	3297043	9971	0
gpl006	136	Pulse	199	3298594	11522	0
gpl006	136	Pulse	199	3308594	21522	0
gpl006	137	Picture	fix2	3312273	0	1	25864	1	0	next	other	0
gpl006	137	Pulse	199	3318594	6321	0
gpl006	137	Pulse	199	3328594	16321	0
gpl006	138	Picture	feedback	3338136	0	1	20061	1	0	next	other	0
gpl006	138	Pulse	199	3338594	458	0
gpl006	138	Pulse	199	3348594	10457	0
gpl006	139	Picture	fix	3358197	0	1	28848	1	0	next	other	0
gpl006	139	Pulse	199	3358594	397	0
gpl006	139	Pulse	199	3368594	10396	0
gpl006	139	Pulse	199	3378594	20397	0
gpl006	141	Picture	stim	3387045	0	1	25035	1	0	25000	incorrect	399
gpl006	141	Pulse	199	3388594	1549	0
gpl006	141	Response	32	3395253	8208	0
gpl006	141	Pulse	199	3398594	11549	0
gpl006	141	Pulse	199	3408594	21549	0
gpl006	142	Picture	fix2	3412080	0	1	15253	1	0	next	other	0
gpl006	142	Pulse	199	3418594	6514	0
gpl006	143	Picture	feedback	3427333	0	1	20061	1	0	next	other	0
gpl006	143	Pulse	199	3428594	1261	0
gpl006	143	Pulse	199	3438593	11260	0
gpl006	144	Picture	fix	3447394	0	1	21387	1	0	next	other	0
gpl006	144	Pulse	199	3448594	1200	0
gpl006	144	Pulse	199	3458594	11200	0
gpl006	144	Pulse	199	3468594	21200	0
gpl006	146	Picture	stim	3468781	0	1	25035	1	0	25000	incorrect	414
gpl006	146	Pulse	199	3478594	9813	0
gpl006	146	Pulse	199	3488594	19812	0
gpl006	146	Response	32	3488933	20152	0
gpl006	147	Picture	fix2	3493982	0	1	21553	1	0	next	other	0
gpl006	147	Pulse	199	3498594	4612	0
gpl006	147	Pulse	199	3508594	14612	0
gpl006	148	Picture	feedback	3515535	0	1	20061	1	0	next	other	0
gpl006	148	Pulse	199	3518594	3059	0
gpl006	148	Pulse	199	3528594	13059	0
gpl006	149	Picture	fix	3535596	0	1	25201	1	0	next	other	0
gpl006	149	Pulse	199	3538594	2998	0
gpl006	149	Pulse	199	3548594	12998	0
gpl006	149	Pulse	199	3558593	22997	0
gpl006	151	Picture	stim	3560797	0	1	25035	1	0	25000	hit	427
gpl006	151	Pulse	199	3568594	7797	0
gpl006	151	Response	16	3569664	8867	0
gpl006	151	Pulse	199	3578593	17796	0
gpl006	152	Picture	fix2	3585832	0	1	15916	1	0	next	other	0
gpl006	152	Pulse	199	3588594	2762	0
gpl006	152	Pulse	199	3598594	12762	0
gpl006	153	Picture	feedback	3601748	0	1	20061	1	0	next	other	0
gpl006	153	Pulse	199	3608594	6846	0
gpl006	153	Pulse	199	3618594	16846	0
gpl006	154	Picture	fix	3621809	0	1	26859	1	0	next	other	0
gpl006	154	Pulse	199	3628594	6785	0
gpl006	154	Pulse	199	3638594	16785	0
gpl006	155	Pulse	199	3648593	74	0
gpl006	156	Picture	stim	3648667	0	1	25035	1	0	25000	hit	441
gpl006	156	Pulse	199	3658594	9926	0
gpl006	156	Response	16	3658635	9967	0
gpl006	156	Pulse	199	3668594	19927	0
gpl006	157	Picture	fix2	3673702	0	1	21719	1	0	next	other	0
gpl006	157	Pulse	199	3678594	4892	0
gpl006	157	Pulse	199	3688594	14892	0
gpl006	158	Picture	feedback	3695421	0	1	20061	1	0	next	other	0
gpl006	158	Pulse	199	3698594	3173	0
gpl006	158	Pulse	199	3708594	13173	0
gpl006	159	Picture	fix	3715482	0	1	23377	1	0	next	other	0
gpl006	159	Pulse	199	3718594	3112	0
gpl006	159	Pulse	199	3728594	13111	0
gpl006	159	Pulse	199	3738594	23112	0
gpl006	161	Picture	stim	3738859	0	1	25035	1	0	25000	hit	455
gpl006	161	Pulse	199	3748594	9735	0
gpl006	161	Response	16	3751024	12165	0
gpl006	161	Pulse	199	3758594	19735	0
gpl006	162	Picture	fix2	3763894	0	1	14756	1	0	next	other	0
gpl006	162	Pulse	199	3768594	4700	0
gpl006	162	Pulse	199	3778594	14700	0
gpl006	163	Picture	feedback	3778649	0	1	20061	1	0	next	other	0
gpl006	163	Pulse	199	3788594	9944	0
gpl006	163	Pulse	199	3798593	19944	0
gpl006	164	Picture	fix	3798710	0	1	26030	1	0	next	other	0
gpl006	164	Pulse	199	3808594	9884	0
gpl006	164	Pulse	199	3818594	19883	0
gpl006	166	Picture	stim	3824740	0	1	25035	1	0	25000	hit	468
gpl006	166	Pulse	199	3828594	3854	0
gpl006	166	Response	16	3834174	9434	0
gpl006	166	Pulse	199	3838594	13854	0
gpl006	166	Pulse	199	3848594	23854	0
gpl006	167	Picture	fix2	3849775	0	1	29345	1	0	next	other	0
gpl006	167	Pulse	199	3858594	8819	0
gpl006	167	Pulse	199	3868593	18819	0
gpl006	167	Pulse	199	3878594	28819	0
gpl006	168	Picture	feedback	3879120	0	1	20061	1	0	next	other	0
gpl006	168	Pulse	199	3888593	9473	0
gpl006	168	Pulse	199	3898594	19474	0
gpl006	169	Picture	fix	3899181	0	1	29677	1	0	next	other	0
gpl006	169	Pulse	199	3908594	9413	0
gpl006	169	Pulse	199	3918593	19412	0
gpl006	169	Pulse	199	3928594	29413	0
gpl006	171	Picture	stim	3928858	0	1	25035	1	0	25000	incorrect	483
gpl006	171	Response	32	3937544	8686	0
gpl006	171	Pulse	199	3938593	9735	0
gpl006	171	Pulse	199	3948594	19735	0
gpl006	172	Picture	fix2	3953893	0	1	14590	1	0	next	other	0
gpl006	172	Pulse	199	3958593	4701	0
gpl006	173	Picture	feedback	3968483	0	1	20061	1	0	next	other	0
gpl006	173	Pulse	199	3968593	111	0
gpl006	173	Pulse	199	3978594	10111	0
gpl006	174	Picture	fix	3988544	0	1	24537	1	0	next	other	0
gpl006	174	Pulse	199	3988593	50	0
gpl006	174	Pulse	199	3998604	10060	0
gpl006	174	Pulse	199	4008593	20049	0
gpl006	176	Picture	stim	4013081	0	1	25035	1	0	25000	hit	497
gpl006	176	Pulse	199	4018604	5523	0
gpl006	176	Response	16	4021044	7963	0
gpl006	176	Pulse	199	4028604	15522	0
gpl006	177	Picture	fix2	4038282	0	1	13927	1	0	next	other	0
gpl006	177	Pulse	199	4038604	322	0
gpl006	177	Pulse	199	4048604	10322	0
gpl006	178	Picture	feedback	4052208	0	1	20061	1	0	next	other	0
gpl006	178	Pulse	199	4058604	6395	0
gpl006	178	Pulse	199	4068604	16396	0
gpl006	179	Picture	fix	4072269	0	1	22382	1	0	next	other	0
gpl006	179	Pulse	199	4078604	6334	0
gpl006	179	Pulse	199	4088604	16334	0
gpl006	181	Picture	stim	4094651	0	1	25035	1	0	25000	hit	510
gpl006	181	Pulse	199	4098604	3953	0
gpl006	181	Response	16	4103914	9263	0
gpl006	181	Pulse	199	4108604	13952	0
gpl006	181	Pulse	199	4118604	23952	0
gpl006	182	Picture	fix2	4119686	0	1	26361	1	0	next	other	0
gpl006	182	Pulse	199	4128604	8918	0
gpl006	182	Pulse	199	4138604	18918	0
gpl006	183	Picture	feedback	4146047	0	1	20061	1	0	next	other	0
gpl006	183	Pulse	199	4148604	2557	0
gpl006	183	Pulse	199	4158603	12556	0
gpl006	184	Picture	fix	4166108	0	1	24703	1	0	next	other	0
gpl006	184	Pulse	199	4168604	2496	0
gpl006	184	Pulse	199	4178604	12495	0
gpl006	184	Pulse	199	4188604	22495	0
gpl006	186	Picture	stim	4190812	0	1	25035	1	0	25000	hit	525
gpl006	186	Pulse	199	4198603	7792	0
gpl006	186	Response	16	4201954	11142	0
gpl006	186	Pulse	199	4208604	17792	0
gpl006	187	Picture	fix2	4215846	0	1	17906	1	0	next	other	0
gpl006	187	Pulse	199	4218604	2758	0
gpl006	187	Pulse	199	4228603	12757	0
gpl006	188	Picture	feedback	4233752	0	1	20061	1	0	next	other	0
gpl006	188	Pulse	199	4238604	4852	0
gpl006	188	Pulse	199	4248604	14852	0
gpl006	189	Picture	fix	4253813	0	1	19398	1	0	next	other	0
gpl006	189	Pulse	199	4258604	4791	0
gpl006	189	Pulse	199	4268604	14791	0
gpl006	191	Picture	stim	4273211	0	1	25035	1	0	25000	incorrect	538
gpl006	191	Pulse	199	4278604	5393	0
gpl006	191	Response	32	4280014	6803	0
gpl006	191	Pulse	199	4288604	15393	0
gpl006	192	Picture	fix2	4298246	0	1	16082	1	0	next	other	0
gpl006	192	Pulse	199	4298604	358	0
gpl006	192	Pulse	199	4308604	10358	0
gpl006	193	Picture	feedback	4314328	0	1	20061	1	0	next	other	0
gpl006	193	Pulse	199	4318604	4276	0
gpl006	193	Pulse	199	4328604	14276	0
gpl006	194	Picture	fix	4334389	0	1	33988	1	0	next	other	0
gpl006	194	Pulse	199	4338603	4215	0
gpl006	194	Pulse	199	4348604	14215	0
gpl006	194	Pulse	199	4358604	24215	0
gpl006	196	Picture	stim	4368376	0	1	25035	1	0	25000	incorrect	552
gpl006	196	Pulse	199	4368604	228	0
gpl006	196	Response	32	4376624	8248	0
gpl006	196	Pulse	199	4378604	10227	0
gpl006	196	Pulse	199	4388604	20227	0
gpl006	197	Picture	fix2	4393411	0	1	22216	1	0	next	other	0
gpl006	197	Pulse	199	4398604	5193	0
gpl006	197	Pulse	199	4408604	15193	0
gpl006	198	Picture	feedback	4415627	0	1	20061	1	0	next	other	0
gpl006	198	Pulse	199	4418604	2977	0
gpl006	198	Pulse	199	4428604	12976	0
gpl006	199	Picture	fix	4435688	0	1	20227	1	0	next	other	0
gpl006	199	Pulse	199	4438603	2915	0
gpl006	199	Pulse	199	4448604	12915	0
gpl006	201	Picture	stim	4455915	0	1	25035	1	0	25000	incorrect	566
gpl006	201	Pulse	199	4458604	2689	0
gpl006	201	Response	32	4466243	10328	0
gpl006	201	Pulse	199	4468604	12688	0
gpl006	201	Pulse	199	4478603	22688	0
gpl006	202	Picture	fix2	4480950	0	1	27688	1	0	next	other	0
gpl006	202	Pulse	199	4488604	7654	0
gpl006	202	Pulse	199	4498604	17654	0
gpl006	202	Pulse	199	4508603	27653	0
gpl006	203	Picture	feedback	4508638	0	1	20061	1	0	next	other	0
gpl006	203	Pulse	199	4518604	9966	0
gpl006	203	Pulse	199	4528604	19966	0
gpl006	204	Picture	fix	4528699	0	1	26527	1	0	next	other	0
gpl006	204	Pulse	199	4538604	9905	0
gpl006	204	Pulse	199	4548604	19905	0
gpl006	206	Picture	stim	4555225	0	1	25035	1	0	25000	incorrect	581
gpl006	206	Pulse	199	4558604	3379	0
gpl006	206	Response	32	4563183	7958	0
gpl006	206	Pulse	199	4568604	13378	0
gpl006	206	Pulse	199	4578603	23378	0
gpl006	207	Picture	fix2	4580260	0	1	23543	1	0	next	other	0
gpl006	207	Pulse	199	4588604	8344	0
gpl006	207	Pulse	199	4598604	18344	0
gpl006	208	Picture	feedback	4603803	0	1	20061	1	0	next	other	0
gpl006	208	Pulse	199	4608605	4802	0
gpl006	208	Pulse	199	4618604	14801	0
gpl006	209	Picture	fix	4623864	0	1	19066	1	0	next	other	0
gpl006	209	Pulse	199	4628604	4740	0
gpl006	209	Pulse	199	4638604	14740	0
gpl006	211	Picture	stim	4642930	0	1	25035	1	0	25000	hit	595
gpl006	211	Pulse	199	4648603	5673	0
gpl006	211	Response	16	4653104	10174	0
gpl006	211	Pulse	199	4658604	15673	0
gpl006	212	Picture	fix2	4667965	0	1	13263	1	0	next	other	0
gpl006	212	Pulse	199	4668604	639	0
gpl006	212	Pulse	199	4678603	10638	0
gpl006	213	Picture	feedback	4681228	0	1	20061	1	0	next	other	0
gpl006	213	Pulse	199	4688604	7375	0
gpl006	213	Pulse	199	4698604	17375	0
gpl006	214	Picture	fix	4701289	0	1	17408	1	0	next	other	0
gpl006	214	Pulse	199	4708603	7314	0
gpl006	214	Pulse	199	4718603	17314	0
gpl006	216	Picture	stim	4718698	0	1	25035	1	0	25000	incorrect	608
gpl006	216	Pulse	199	4728604	9906	0
gpl006	216	Response	32	4729134	10436	0
gpl006	216	Pulse	199	4738603	19905	0
gpl006	217	Picture	fix2	4743733	0	1	21387	1	0	next	other	0
gpl006	217	Pulse	199	4748603	4871	0
gpl006	217	Pulse	199	4758603	14871	0
gpl006	218	Picture	feedback	4765120	0	1	20061	1	0	next	other	0
gpl006	218	Pulse	199	4768604	3484	0
gpl006	218	Pulse	199	4778603	13483	0
gpl006	219	Picture	fix	4785181	0	1	29014	1	0	next	other	0
gpl006	219	Pulse	199	4788603	3422	0
gpl006	219	Pulse	199	4798603	13422	0
gpl006	219	Pulse	199	4808603	23422	0
gpl006	221	Picture	stim	4814195	0	1	25035	1	0	25000	hit	622
gpl006	221	Pulse	199	4818603	4409	0
gpl006	221	Response	16	4824704	10509	0
gpl006	221	Pulse	199	4828603	14409	0
gpl006	221	Pulse	199	4838604	24409	0
gpl006	222	Picture	fix2	4839230	0	1	22548	1	0	next	other	0
gpl006	222	Pulse	199	4848604	9374	0
gpl006	222	Pulse	199	4858604	19375	0
gpl006	223	Picture	feedback	4861777	0	1	20061	1	0	next	other	0
gpl006	223	Pulse	199	4868604	6827	0
gpl006	223	Pulse	199	4878604	16826	0
gpl006	224	Picture	fix	4881838	0	1	24703	1	0	next	other	0
gpl006	224	Pulse	199	4888604	6765	0
gpl006	224	Pulse	199	4898604	16765	0
gpl006	226	Picture	stim	4906542	0	1	25035	1	0	25000	incorrect	636
gpl006	226	Pulse	199	4908604	2062	0
gpl006	226	Response	32	4914174	7632	0
gpl006	226	Pulse	199	4918604	12062	0
gpl006	226	Pulse	199	4928603	22062	0
gpl006	227	Picture	fix2	4931742	0	1	21885	1	0	next	other	0
gpl006	227	Pulse	199	4938604	6862	0
gpl006	227	Pulse	199	4948604	16862	0
gpl006	228	Picture	feedback	4953627	0	1	20061	1	0	next	other	0
gpl006	228	Pulse	199	4958603	4976	0
gpl006	228	Pulse	199	4968604	14977	0
gpl006	229	Picture	fix	4973688	0	1	26859	1	0	next	other	0
gpl006	229	Pulse	199	4978604	4916	0
gpl006	229	Pulse	199	4988603	14915	0
gpl006	229	Pulse	199	4998604	24916	0
gpl006	231	Picture	stim	5000546	0	1	25035	1	0	25000	hit	651
gpl006	231	Pulse	199	5008604	8057	0
gpl006	231	Response	16	5012313	11767	0
gpl006	231	Pulse	199	5018604	18057	0
gpl006	232	Picture	fix2	5025747	0	1	29014	1	0	next	other	0
gpl006	232	Pulse	199	5028603	2856	0
gpl006	232	Pulse	199	5038603	12856	0
gpl006	232	Pulse	199	5048604	22856	0
gpl006	233	Picture	feedback	5054761	0	1	20061	1	0	next	other	0
gpl006	233	Pulse	199	5058603	3843	0
gpl006	233	Pulse	199	5068603	13843	0
gpl006	234	Picture	fix	5074822	0	1	22050	1	0	next	other	0
gpl006	234	Pulse	199	5078603	3782	0
gpl006	234	Pulse	199	5088603	13781	0
gpl006	236	Picture	stim	5096872	0	1	25035	1	0	25000	hit	665
gpl006	236	Pulse	199	5098603	1731	0
gpl006	236	Response	16	5107324	10451	0
gpl006	236	Pulse	199	5108603	11731	0
gpl006	236	Pulse	199	5118604	21731	0
gpl006	237	Picture	fix2	5121907	0	1	20558	1	0	next	other	0
gpl006	237	Pulse	199	5128603	6696	0
gpl006	237	Pulse	199	5138603	16696	0
gpl006	238	Picture	feedback	5142466	0	1	20061	1	0	next	other	0
gpl006	238	Pulse	199	5148604	6138	0
gpl006	238	Pulse	199	5158604	16138	0
gpl006	239	Picture	fix	5162527	0	1	17740	1	0	next	other	0
gpl006	239	Pulse	199	5168603	6077	0
gpl006	239	Pulse	199	5178603	16077	0
gpl006	241	Picture	stim	5180266	0	1	25035	1	0	25000	incorrect	678
gpl006	241	Response	32	5188554	8287	0
gpl006	241	Pulse	199	5188603	8337	0
gpl006	241	Pulse	199	5198603	18336	0
gpl006	242	Picture	fix2	5205301	0	1	14092	1	0	next	other	0
gpl006	242	Pulse	199	5208604	3302	0
gpl006	242	Pulse	199	5218603	13302	0
gpl006	243	Picture	feedback	5219394	0	1	20061	1	0	next	other	0
gpl006	243	Pulse	199	5228603	9210	0
gpl006	243	Pulse	199	5238603	19209	0
gpl006	244	Picture	100	5239455	0	1	250000	17	0	250000	other	0
gpl006	244	Pulse	199	5248603	9149	0
gpl006	244	Pulse	199	5258603	19149	0
gpl006	244	Pulse	199	5268603	29148	0
gpl006	244	Pulse	199	5278603	39149	0
gpl006	244	Pulse	199	5288603	49148	0
gpl006	244	Pulse	199	5298603	59148	0
gpl006	244	Pulse	199	5308603	69148	0
gpl006	244	Pulse	199	5318603	79148	0
gpl006	244	Pulse	199	5328603	89148	0
gpl006	244	Pulse	199	5338603	99148	0
gpl006	244	Pulse	199	5348603	109148	0
gpl006	244	Pulse	199	5358603	119148	0
gpl006	244	Pulse	199	5368603	129148	0
gpl006	244	Pulse	199	5378602	139148	0
gpl006	244	Pulse	199	5388603	149148	0
gpl006	244	Pulse	199	5398603	159148	0
gpl006	244	Pulse	199	5408602	169148	0
gpl006	244	Pulse	199	5418603	179148	0
gpl006	244	Pulse	199	5428603	189148	0
gpl006	244	Pulse	199	5438603	199148	0
gpl006	244	Pulse	199	5448603	209148	0
gpl006	244	Pulse	199	5458603	219148	0
