Scenario - FBL_A.sce
Logfile written - 04/28/2021 15:02:00

Subject	Trial	Event Type	Code	Time	TTime	Uncertainty	Duration	Uncertainty	ReqTime	ReqDur	Stim Type	Pair Index

gpl008	1	Response	32	126442	116424	0
gpl008	2	Picture	start	126553	0	1	714570	1	0	next	other	0
gpl008	2	Response	16	135303	8750	0
gpl008	3	Response	16	232103	55541	0
gpl008	3	Pulse	199	841033	664471	0
gpl008	3	Pulse	199	851033	674470	0
gpl008	3	Pulse	199	861032	684469	0
gpl008	3	Pulse	199	871032	694469	0
gpl008	3	Pulse	199	881032	704470	0
gpl008	3	Pulse	199	891032	714470	0
gpl008	4	Picture	fix	891524	0	1	28682	1	0	next	other	0
gpl008	4	Pulse	199	901032	9508	0
gpl008	4	Pulse	199	911032	19508	0
gpl008	6	Picture	stim	920206	0	1	25035	1	0	25000	incorrect	16
gpl008	6	Pulse	199	921033	826	0
gpl008	6	Response	32	926322	6116	0
gpl008	6	Pulse	199	931032	10825	0
gpl008	6	Pulse	199	941033	20826	0
gpl008	7	Picture	fix2	945241	0	1	13263	1	0	next	other	0
gpl008	7	Pulse	199	951033	5791	0
gpl008	8	Picture	feedback	958505	0	1	20393	1	0	next	other	0
gpl008	8	Pulse	199	961032	2528	0
gpl008	8	Pulse	199	971032	12527	0
gpl008	9	Picture	fix	978897	0	1	22051	1	0	next	other	0
gpl008	9	Pulse	199	981033	2135	0
gpl008	9	Pulse	199	991032	12135	0
gpl008	11	Picture	stim	1000948	0	1	25035	1	0	25000	hit	29
gpl008	11	Pulse	199	1001032	84	0
gpl008	11	Response	16	1009502	8554	0
gpl008	11	Pulse	199	1011032	10084	0
gpl008	11	Pulse	199	1021032	20085	0
gpl008	12	Picture	fix2	1025983	0	1	15916	1	0	next	other	0
gpl008	12	Pulse	199	1031032	5050	0
gpl008	12	Pulse	199	1041032	15049	0
gpl008	13	Picture	feedback	1041899	0	1	20558	1	0	next	other	0
gpl008	13	Pulse	199	1051032	9134	0
gpl008	13	Pulse	199	1061032	19134	0
gpl008	14	Picture	fix	1062457	0	1	23709	1	0	next	other	0
gpl008	14	Pulse	199	1071032	8575	0
gpl008	14	Pulse	199	1081032	18575	0
gpl008	16	Picture	stim	1086166	0	1	25035	1	0	25000	incorrect	43
gpl008	16	Pulse	199	1091033	4867	0
gpl008	16	Response	32	1097112	10946	0
gpl008	16	Pulse	199	1101033	14867	0
gpl008	16	Pulse	199	1111032	24866	0
gpl008	17	Picture	fix2	1111200	0	1	16414	1	0	next	other	0
gpl008	17	Pulse	199	1121033	9832	0
gpl008	18	Picture	feedback	1127614	0	1	20061	1	0	next	other	0
gpl008	18	Pulse	199	1131033	3419	0
gpl008	18	Pulse	199	1141032	13418	0
gpl008	19	Picture	fix	1147675	0	1	26030	1	0	next	other	0
gpl008	19	Pulse	199	1151033	3358	0
gpl008	19	Pulse	199	1161032	13358	0
gpl008	19	Pulse	199	1171032	23357	0
gpl008	21	Picture	stim	1173705	0	1	25035	1	0	25000	incorrect	57
gpl008	21	Pulse	199	1181032	7327	0
gpl008	21	Response	32	1184342	10637	0
gpl008	21	Pulse	199	1191032	17328	0
gpl008	22	Picture	fix2	1198739	0	1	16579	1	0	next	other	0
gpl008	22	Pulse	199	1201033	2293	0
gpl008	22	Pulse	199	1211032	12293	0
gpl008	23	Picture	feedback	1215319	0	1	20205	188	0	next	other	0
gpl008	23	Pulse	199	1221033	5714	0
gpl008	23	Pulse	199	1231032	15714	0
gpl008	24	Picture	fix	1235524	0	188	24725	188	0	next	other	0
gpl008	24	Pulse	199	1241032	5508	0
gpl008	24	Pulse	199	1251032	15508	0
gpl008	26	Picture	stim	1260249	0	1	25035	1	0	25000	incorrect	70
gpl008	26	Pulse	199	1261033	784	0
gpl008	26	Response	32	1268182	7934	0
gpl008	26	Pulse	199	1271032	10784	0
gpl008	26	Pulse	199	1281032	20783	0
gpl008	27	Picture	fix2	1285284	0	1	18071	1	0	next	other	0
gpl008	27	Pulse	199	1291032	5749	0
gpl008	27	Pulse	199	1301032	15749	0
gpl008	28	Picture	feedback	1303355	0	1	20195	199	0	next	other	0
gpl008	28	Pulse	199	1311032	7677	0
gpl008	28	Pulse	199	1321032	17676	0
gpl008	29	Picture	fix	1323550	0	198	25398	199	0	next	other	0
gpl008	29	Pulse	199	1331033	7483	0
gpl008	29	Pulse	199	1341033	17483	0
gpl008	31	Picture	stim	1348948	0	1	25034	2	0	25000	hit	84
gpl008	31	Pulse	199	1351032	2084	0
gpl008	31	Response	16	1357093	8144	0
gpl008	31	Pulse	199	1361032	12084	0
gpl008	31	Pulse	199	1371032	22084	0
gpl008	32	Picture	fix2	1373982	0	2	27688	2	0	next	other	0
gpl008	32	Pulse	199	1381032	7050	0
gpl008	32	Pulse	199	1391032	17049	0
gpl008	32	Pulse	199	1401032	27050	0
gpl008	33	Picture	feedback	1401671	0	1	20061	1	0	next	other	0
gpl008	33	Pulse	199	1411033	9362	0
gpl008	33	Pulse	199	1421032	19361	0
gpl008	34	Picture	fix	1421732	0	1	35977	1	0	next	other	0
gpl008	34	Pulse	199	1431033	9301	0
gpl008	34	Pulse	199	1441032	19301	0
gpl008	34	Pulse	199	1451032	29301	0
gpl008	36	Picture	stim	1457709	0	1	25035	1	0	25000	incorrect	100
gpl008	36	Pulse	199	1461032	3323	0
gpl008	36	Response	32	1465372	7663	0
gpl008	36	Pulse	199	1471033	13324	0
gpl008	36	Pulse	199	1481033	23324	0
gpl008	37	Picture	fix2	1482744	0	1	13927	1	0	next	other	0
gpl008	37	Pulse	199	1491032	8288	0
gpl008	38	Picture	feedback	1496670	0	1	20061	1	0	next	other	0
gpl008	38	Pulse	199	1501033	4362	0
gpl008	38	Pulse	199	1511033	14362	0
gpl008	39	Picture	fix	1516731	0	1	26859	1	0	next	other	0
gpl008	39	Pulse	199	1521032	4301	0
gpl008	39	Pulse	199	1531032	14300	0
gpl008	39	Pulse	199	1541032	24301	0
gpl008	41	Picture	stim	1543590	0	1	25035	1	0	25000	hit	114
gpl008	41	Pulse	199	1551033	7443	0
gpl008	41	Response	16	1551502	7912	0
gpl008	41	Pulse	199	1561032	17442	0
gpl008	42	Picture	fix2	1568625	0	1	21388	1	0	next	other	0
gpl008	42	Pulse	199	1571033	2408	0
gpl008	42	Pulse	199	1581033	12408	0
gpl008	43	Picture	feedback	1590012	0	1	20061	1	0	next	other	0
gpl008	43	Pulse	199	1591032	1020	0
gpl008	43	Pulse	199	1601032	11020	0
gpl008	44	Picture	fix	1610073	0	1	24703	1	0	next	other	0
gpl008	44	Pulse	199	1611033	960	0
gpl008	44	Pulse	199	1621032	10959	0
gpl008	44	Pulse	199	1631032	20959	0
gpl008	46	Picture	stim	1634776	0	1	25035	1	0	25000	hit	128
gpl008	46	Pulse	199	1641033	6256	0
gpl008	46	Response	16	1643532	8755	0
gpl008	46	Pulse	199	1651032	16256	0
gpl008	47	Picture	fix2	1659811	0	1	21885	1	0	next	other	0
gpl008	47	Pulse	199	1661032	1221	0
gpl008	47	Pulse	199	1671032	11221	0
gpl008	47	Pulse	199	1681032	21221	0
gpl008	48	Picture	feedback	1681696	0	1	20061	1	0	next	other	0
gpl008	48	Pulse	199	1691032	9336	0
gpl008	48	Pulse	199	1701032	19336	0
gpl008	49	Picture	fix	1701757	0	1	25201	1	0	next	other	0
gpl008	49	Pulse	199	1711032	9275	0
gpl008	49	Pulse	199	1721032	19275	0
gpl008	51	Picture	stim	1726958	0	1	25035	1	0	25000	hit	142
gpl008	51	Pulse	199	1731032	4074	0
gpl008	51	Response	16	1739062	12105	0
gpl008	51	Pulse	199	1741031	14074	0
gpl008	51	Pulse	199	1751032	24074	0
gpl008	52	Picture	fix2	1751992	0	1	22051	1	0	next	other	0
gpl008	52	Pulse	199	1761032	9040	0
gpl008	52	Pulse	199	1771032	19039	0
gpl008	53	Picture	feedback	1774043	0	1	20061	1	0	next	other	0
gpl008	53	Pulse	199	1781032	6989	0
gpl008	53	Pulse	199	1791032	16989	0
gpl008	54	Picture	fix	1794104	0	1	22714	1	0	next	other	0
gpl008	54	Pulse	199	1801032	6928	0
gpl008	54	Pulse	199	1811032	16928	0
gpl008	56	Picture	stim	1816818	0	1	25035	1	0	25000	incorrect	156
gpl008	56	Pulse	199	1821033	4215	0
gpl008	56	Response	32	1826133	9315	0
gpl008	56	Pulse	199	1831033	14215	0
gpl008	56	Pulse	199	1841032	24214	0
gpl008	57	Picture	fix2	1842018	0	1	29014	1	0	next	other	0
gpl008	57	Pulse	199	1851033	9014	0
gpl008	57	Pulse	199	1861033	19014	0
gpl008	58	Picture	feedback	1871032	0	1	20061	1	0	next	other	0
gpl008	58	Pulse	199	1871032	0	0
gpl008	58	Pulse	199	1881033	10001	0
gpl008	58	Pulse	199	1891033	20000	1
gpl008	59	Picture	fix	1891093	0	1	26859	1	0	next	other	0
gpl008	59	Pulse	199	1901033	9939	0
gpl008	59	Pulse	199	1911032	19939	0
gpl008	61	Picture	stim	1917952	0	1	25035	1	0	25000	hit	172
gpl008	61	Pulse	199	1921033	3081	0
gpl008	61	Pulse	199	1931033	13081	0
gpl008	61	Response	16	1931732	13781	0
gpl008	61	Pulse	199	1941032	23080	0
gpl008	62	Picture	fix2	1942987	0	1	17243	1	0	next	other	0
gpl008	62	Pulse	199	1951033	8046	0
gpl008	63	Picture	feedback	1960229	0	1	20061	1	0	next	other	0
gpl008	63	Pulse	199	1961033	804	0
gpl008	63	Pulse	199	1971032	10803	0
gpl008	64	Picture	fix	1980290	0	1	33988	1	0	next	other	0
gpl008	64	Pulse	199	1981032	742	0
gpl008	64	Pulse	199	1991033	10742	0
gpl008	64	Pulse	199	2001032	20742	0
gpl008	64	Pulse	199	2011032	30742	0
gpl008	66	Picture	stim	2014278	0	1	25035	1	0	25000	incorrect	186
gpl008	66	Pulse	199	2021033	6755	0
gpl008	66	Response	32	2024262	9984	0
gpl008	66	Pulse	199	2031033	16755	0
gpl008	67	Picture	fix2	2039313	0	1	20558	1	0	next	other	0
gpl008	67	Pulse	199	2041032	1719	0
gpl008	67	Pulse	199	2051032	11720	0
gpl008	68	Picture	feedback	2059871	0	1	20061	1	0	next	other	0
gpl008	68	Pulse	199	2061033	1162	0
gpl008	68	Pulse	199	2071032	11161	0
gpl008	69	Picture	fix	2079932	0	1	17408	1	0	next	other	0
gpl008	69	Pulse	199	2081032	1100	0
gpl008	69	Pulse	199	2091032	11100	0
gpl008	71	Picture	stim	2097340	0	1	25035	1	0	25000	hit	199
gpl008	71	Pulse	199	2101033	3692	0
gpl008	71	Response	16	2110132	12792	0
gpl008	71	Pulse	199	2111032	13691	0
gpl008	71	Pulse	199	2121032	23692	0
gpl008	72	Picture	fix2	2122541	0	1	25864	1	0	next	other	0
gpl008	72	Pulse	199	2131033	8492	0
gpl008	72	Pulse	199	2141032	18491	0
gpl008	73	Picture	feedback	2148405	0	1	20061	1	0	next	other	0
gpl008	73	Pulse	199	2151032	2627	0
gpl008	73	Pulse	199	2161033	12628	0
gpl008	74	Picture	fix	2168466	0	1	22216	1	0	next	other	0
gpl008	74	Pulse	199	2171033	2567	0
gpl008	74	Pulse	199	2181032	12566	0
gpl008	76	Picture	stim	2190682	0	1	25035	1	0	25000	incorrect	213
gpl008	76	Pulse	199	2191033	351	0
gpl008	76	Response	32	2200553	9870	0
gpl008	76	Pulse	199	2201032	10350	0
gpl008	76	Pulse	199	2211032	20350	0
gpl008	77	Picture	fix2	2215717	0	1	21719	1	0	next	other	0
gpl008	77	Pulse	199	2221032	5315	0
gpl008	77	Pulse	199	2231032	15316	0
gpl008	78	Picture	feedback	2237436	0	1	20061	1	0	next	other	0
gpl008	78	Pulse	199	2241033	3597	0
gpl008	78	Pulse	199	2251032	13596	0
gpl008	79	Picture	fix	2257497	0	1	31169	1	0	next	other	0
gpl008	79	Pulse	199	2261032	3535	0
gpl008	79	Pulse	199	2271032	13536	0
gpl008	79	Pulse	199	2281032	23535	0
gpl008	81	Picture	stim	2288666	0	1	25035	1	0	25000	incorrect	228
gpl008	81	Pulse	199	2291032	2366	0
gpl008	81	Response	32	2298103	9437	0
gpl008	81	Pulse	199	2301032	12366	0
gpl008	81	Pulse	199	2311033	22367	0
gpl008	82	Picture	fix2	2313867	0	1	18072	1	0	next	other	0
gpl008	82	Pulse	199	2321032	7166	0
gpl008	82	Pulse	199	2331033	17166	0
gpl008	83	Picture	feedback	2331938	0	1	20061	1	0	next	other	0
gpl008	83	Pulse	199	2341033	9095	0
gpl008	83	Pulse	199	2351032	19094	0
gpl008	84	Picture	fix	2351999	0	1	23543	1	0	next	other	0
gpl008	84	Pulse	199	2361033	9034	0
gpl008	84	Pulse	199	2371033	19034	0
gpl008	86	Picture	stim	2375542	0	1	25035	1	0	25000	hit	242
gpl008	86	Pulse	199	2381033	5491	0
gpl008	86	Response	16	2384033	8491	0
gpl008	86	Pulse	199	2391032	15490	0
gpl008	87	Picture	fix2	2400577	0	1	15916	1	0	next	other	0
gpl008	87	Pulse	199	2401032	455	0
gpl008	87	Pulse	199	2411033	10456	0
gpl008	88	Picture	feedback	2416493	0	1	20061	1	0	next	other	0
gpl008	88	Pulse	199	2421032	4539	0
gpl008	88	Pulse	199	2431033	14540	0
gpl008	89	Picture	fix	2436554	0	1	28516	1	0	next	other	0
gpl008	89	Pulse	199	2441033	4479	0
gpl008	89	Pulse	199	2451033	14479	0
gpl008	89	Pulse	199	2461032	24478	0
gpl008	91	Picture	stim	2465070	0	1	25035	1	0	25000	hit	255
gpl008	91	Response	16	2470933	5863	0
gpl008	91	Pulse	199	2471033	5962	0
gpl008	91	Pulse	199	2481033	15963	0
gpl008	92	Picture	fix2	2490271	0	1	12932	1	0	next	other	0
gpl008	92	Pulse	199	2491032	761	0
gpl008	92	Pulse	199	2501033	10762	0
gpl008	93	Picture	feedback	2503203	0	1	20061	1	0	next	other	0
gpl008	93	Pulse	199	2511033	7830	0
gpl008	93	Pulse	199	2521033	17830	0
gpl008	94	Picture	fix	2523264	0	1	18569	1	0	next	other	0
gpl008	94	Pulse	199	2531032	7769	0
gpl008	94	Pulse	199	2541033	17769	0
gpl008	96	Picture	stim	2541833	0	1	25035	1	0	25000	hit	269
gpl008	96	Pulse	199	2551042	9210	0
gpl008	96	Response	16	2551973	10140	0
gpl008	96	Pulse	199	2561042	19209	0
gpl008	97	Picture	fix2	2566868	0	1	18569	1	0	next	other	0
gpl008	97	Pulse	199	2571042	4175	0
gpl008	97	Pulse	199	2581033	14165	0
gpl008	98	Picture	feedback	2585436	0	1	20061	1	0	next	other	0
gpl008	98	Pulse	199	2591043	5606	0
gpl008	98	Pulse	199	2601042	15606	0
gpl008	99	Picture	fix	2605498	0	1	28848	1	0	next	other	0
gpl008	99	Pulse	199	2611043	5546	0
gpl008	99	Pulse	199	2621043	15546	0
gpl008	99	Pulse	199	2631042	25545	0
gpl008	101	Picture	stim	2634346	0	1	25035	1	0	25000	hit	283
gpl008	101	Pulse	199	2641043	6698	0
gpl008	101	Response	16	2644692	10347	0
gpl008	101	Pulse	199	2651043	16697	0
gpl008	102	Picture	fix2	2659380	0	1	11606	1	0	next	other	0
gpl008	102	Pulse	199	2661043	1663	0
gpl008	103	Picture	feedback	2670986	0	1	20061	1	0	next	other	0
gpl008	103	Pulse	199	2671043	57	0
gpl008	103	Pulse	199	2681043	10057	0
gpl008	103	Pulse	199	2691043	20057	0
gpl008	104	Picture	fix	2691047	0	1	24537	1	0	next	other	0
gpl008	104	Pulse	199	2701042	9996	0
gpl008	104	Pulse	199	2711043	19996	0
gpl008	106	Picture	stim	2715584	0	1	25035	1	0	25000	hit	296
gpl008	106	Pulse	199	2721043	5459	0
gpl008	106	Response	16	2723832	8248	0
gpl008	106	Pulse	199	2731042	15458	0
gpl008	107	Picture	fix2	2740785	0	1	10777	1	0	next	other	0
gpl008	107	Pulse	199	2741043	258	0
gpl008	107	Pulse	199	2751043	10258	0
gpl008	108	Picture	feedback	2751562	0	1	20061	1	0	next	other	0
gpl008	108	Pulse	199	2761043	9482	0
gpl008	108	Pulse	199	2771042	19481	0
gpl008	109	Picture	fix	2771623	0	1	23377	1	0	next	other	0
gpl008	109	Pulse	199	2781043	9420	0
gpl008	109	Pulse	199	2791043	19420	0
gpl008	111	Picture	stim	2794999	0	1	25035	1	0	25000	incorrect	309
gpl008	111	Pulse	199	2801042	6043	0
gpl008	111	Response	32	2803003	8003	0
gpl008	111	Pulse	199	2811043	16043	0
gpl008	112	Picture	fix2	2820034	0	1	22548	1	0	next	other	0
gpl008	112	Pulse	199	2821043	1009	0
gpl008	112	Pulse	199	2831043	11009	0
gpl008	112	Pulse	199	2841042	21008	0
gpl008	113	Picture	feedback	2842582	0	1	20061	1	0	next	other	0
gpl008	113	Pulse	199	2851043	8461	0
gpl008	113	Pulse	199	2861043	18460	0
gpl008	114	Picture	fix	2862643	0	1	26859	1	0	next	other	0
gpl008	114	Pulse	199	2871042	8399	0
gpl008	114	Pulse	199	2881042	18399	0
gpl008	116	Picture	stim	2889502	0	1	25035	1	0	25000	incorrect	323
gpl008	116	Pulse	199	2891043	1541	0
gpl008	116	Response	32	2899292	9790	0
gpl008	116	Pulse	199	2901042	11541	0
gpl008	116	Pulse	199	2911042	21540	0
gpl008	117	Picture	fix2	2914702	0	1	14590	1	0	next	other	0
gpl008	117	Pulse	199	2921043	6340	0
gpl008	118	Picture	feedback	2929292	0	1	20061	1	0	next	other	0
gpl008	118	Pulse	199	2931043	1751	0
gpl008	118	Pulse	199	2941042	11750	0
gpl008	119	Picture	fix	2949353	0	1	30009	1	0	next	other	0
gpl008	119	Pulse	199	2951043	1690	0
gpl008	119	Pulse	199	2961043	11690	0
gpl008	119	Pulse	199	2971043	21690	0
gpl008	121	Picture	stim	2979362	0	1	25035	1	0	25000	hit	337
gpl008	121	Pulse	199	2981042	1680	0
gpl008	121	Response	16	2988333	8971	0
gpl008	121	Pulse	199	2991043	11681	0
gpl008	121	Pulse	199	3001043	21681	0
gpl008	122	Picture	fix2	3004563	0	1	26195	1	0	next	other	0
gpl008	122	Pulse	199	3011042	6480	0
gpl008	122	Pulse	199	3021043	16481	0
gpl008	123	Picture	feedback	3030758	0	1	20227	1	0	next	other	0
gpl008	123	Pulse	199	3031043	285	0
gpl008	123	Pulse	199	3041043	10285	0
gpl008	124	Picture	fix	3050985	0	1	33324	1	0	next	other	0
gpl008	124	Pulse	199	3051043	58	0
gpl008	124	Pulse	199	3061043	10058	0
gpl008	124	Pulse	199	3071043	20058	0
gpl008	124	Pulse	199	3081042	30058	0
gpl008	126	Picture	stim	3084309	0	1	25035	1	0	25000	hit	353
gpl008	126	Pulse	199	3091043	6734	0
gpl008	126	Response	16	3093882	9573	0
gpl008	126	Pulse	199	3101043	16734	0
gpl008	127	Picture	fix2	3109344	0	1	17906	1	0	next	other	0
gpl008	127	Pulse	199	3111043	1699	0
gpl008	127	Pulse	199	3121043	11699	0
gpl008	128	Picture	feedback	3127250	0	1	20061	1	0	next	other	0
gpl008	128	Pulse	199	3131043	3793	0
gpl008	128	Pulse	199	3141043	13793	0
gpl008	129	Picture	fix	3147311	0	1	27356	1	0	next	other	0
gpl008	129	Pulse	199	3151042	3732	0
gpl008	129	Pulse	199	3161043	13732	0
gpl008	129	Pulse	199	3171043	23732	0
gpl008	131	Picture	stim	3174667	0	1	25035	1	0	25000	hit	367
gpl008	131	Pulse	199	3181042	6376	0
gpl008	131	Response	16	3183783	9117	0
gpl008	131	Pulse	199	3191043	16376	0
gpl008	132	Picture	fix2	3199701	0	1	24206	1	0	next	other	0
gpl008	132	Pulse	199	3201043	1342	0
gpl008	132	Pulse	199	3211043	11341	0
gpl008	132	Pulse	199	3221042	21341	0
gpl008	133	Picture	feedback	3223907	0	1	20061	1	0	next	other	0
gpl008	133	Pulse	199	3231043	7136	0
gpl008	133	Pulse	199	3241043	17135	0
gpl008	134	Picture	fix	3243968	0	1	23377	1	0	next	other	0
gpl008	134	Pulse	199	3251042	7074	0
gpl008	134	Pulse	199	3261043	17075	0
gpl008	136	Picture	stim	3267345	0	1	25035	1	0	25000	incorrect	381
gpl008	136	Pulse	199	3271043	3698	0
gpl008	136	Response	32	3274513	7168	0
gpl008	136	Pulse	199	3281043	13698	0
gpl008	136	Pulse	199	3291042	23697	0
gpl008	137	Picture	fix2	3292380	0	1	11108	1	0	next	other	0
gpl008	137	Pulse	199	3301043	8663	0
gpl008	138	Picture	feedback	3303488	0	1	20061	1	0	next	other	0
gpl008	138	Pulse	199	3311043	7555	0
gpl008	138	Pulse	199	3321043	17554	0
gpl008	139	Picture	fix	3323549	0	1	28848	1	0	next	other	0
gpl008	139	Pulse	199	3331043	7494	0
gpl008	139	Pulse	199	3341043	17494	0
gpl008	139	Pulse	199	3351043	27494	0
gpl008	141	Picture	stim	3352397	0	1	25035	1	0	25000	incorrect	395
gpl008	141	Pulse	199	3361043	8646	0
gpl008	141	Response	32	3364483	12085	0
gpl008	141	Pulse	199	3371043	18646	0
gpl008	142	Picture	fix2	3377432	0	1	9119	1	0	next	other	0
gpl008	142	Pulse	199	3381043	3611	0
gpl008	143	Picture	feedback	3386551	0	1	20061	1	0	next	other	0
gpl008	143	Pulse	199	3391043	4492	0
gpl008	143	Pulse	199	3401043	14492	0
gpl008	144	Picture	fix	3406612	0	1	20227	1	0	next	other	0
gpl008	144	Pulse	199	3411043	4432	0
gpl008	144	Pulse	199	3421043	14431	0
gpl008	146	Picture	stim	3426839	0	1	25035	1	0	25000	hit	407
gpl008	146	Pulse	199	3431042	4204	0
gpl008	146	Response	16	3434963	8124	0
gpl008	146	Pulse	199	3441043	14204	0
gpl008	146	Pulse	199	3451043	24204	0
gpl008	147	Picture	fix2	3451873	0	1	23377	1	0	next	other	0
gpl008	147	Pulse	199	3461043	9170	0
gpl008	147	Pulse	199	3471043	19170	0
gpl008	148	Picture	feedback	3475250	0	1	20061	1	0	next	other	0
gpl008	148	Pulse	199	3481043	5793	0
gpl008	148	Pulse	199	3491043	15793	0
gpl008	149	Picture	fix	3495311	0	1	19066	1	0	next	other	0
gpl008	149	Pulse	199	3501043	5732	0
gpl008	149	Pulse	199	3511043	15732	0
gpl008	151	Picture	stim	3514378	0	1	25035	1	0	25000	incorrect	421
gpl008	151	Pulse	199	3521043	6666	0
gpl008	151	Response	32	3524473	10096	0
gpl008	151	Pulse	199	3531042	16665	0
gpl008	152	Picture	fix2	3539412	0	1	25864	1	0	next	other	0
gpl008	152	Pulse	199	3541043	1631	0
gpl008	152	Pulse	199	3551043	11631	0
gpl008	152	Pulse	199	3561043	21631	0
gpl008	153	Picture	feedback	3565276	0	1	20227	1	0	next	other	0
gpl008	153	Pulse	199	3571043	5767	0
gpl008	153	Pulse	199	3581043	15767	0
gpl008	154	Picture	fix	3585503	0	1	29345	1	0	next	other	0
gpl008	154	Pulse	199	3591043	5540	0
gpl008	154	Pulse	199	3601042	15539	0
gpl008	154	Pulse	199	3611043	25540	0
gpl008	156	Picture	stim	3614848	0	1	25035	1	0	25000	hit	436
gpl008	156	Pulse	199	3621043	6195	0
gpl008	156	Response	16	3623023	8175	0
gpl008	156	Pulse	199	3631042	16194	0
gpl008	157	Picture	fix2	3639883	0	1	16745	1	0	next	other	0
gpl008	157	Pulse	199	3641044	1160	0
gpl008	157	Pulse	199	3651043	11160	0
gpl008	158	Picture	feedback	3656628	0	1	20061	1	0	next	other	0
gpl008	158	Pulse	199	3661043	4415	0
gpl008	158	Pulse	199	3671043	14414	0
gpl008	159	Picture	fix	3676689	0	1	37469	1	0	next	other	0
gpl008	159	Pulse	199	3681044	4354	0
gpl008	159	Pulse	199	3691043	14354	0
gpl008	159	Pulse	199	3701042	24353	0
gpl008	159	Pulse	199	3711043	34354	0
gpl008	161	Picture	stim	3714159	0	1	25035	1	0	25000	hit	451
gpl008	161	Pulse	199	3721043	6885	0
gpl008	161	Response	16	3727672	13514	0
gpl008	161	Pulse	199	3731043	16884	0
gpl008	162	Picture	fix2	3739194	0	1	15253	1	0	next	other	0
gpl008	162	Pulse	199	3741043	1849	0
gpl008	162	Pulse	199	3751043	11850	0
gpl008	163	Picture	feedback	3754447	0	1	20061	1	0	next	other	0
gpl008	163	Pulse	199	3761043	6597	0
gpl008	163	Pulse	199	3771042	16596	0
gpl008	164	Picture	fix	3774508	0	1	20392	1	0	next	other	0
gpl008	164	Pulse	199	3781043	6536	0
gpl008	164	Pulse	199	3791043	16536	0
gpl008	166	Picture	stim	3794900	0	1	25035	1	0	25000	hit	464
gpl008	166	Pulse	199	3801043	6143	0
gpl008	166	Response	16	3803953	9053	0
gpl008	166	Pulse	199	3811042	16142	0
gpl008	167	Picture	fix2	3820101	0	1	22201	182	0	next	other	0
gpl008	167	Pulse	199	3821043	943	0
gpl008	167	Pulse	199	3831043	10943	0
gpl008	167	Pulse	199	3841043	20942	0
gpl008	168	Picture	feedback	3842302	0	182	20076	182	0	next	other	0
gpl008	168	Pulse	199	3851043	8741	0
gpl008	168	Pulse	199	3861043	18741	0
gpl008	169	Picture	fix	3862378	0	1	29014	1	0	next	other	0
gpl008	169	Pulse	199	3871043	8665	0
gpl008	169	Pulse	199	3881043	18664	0
gpl008	169	Pulse	199	3891043	28665	0
gpl008	171	Picture	stim	3891392	0	1	25035	1	0	25000	hit	478
gpl008	171	Response	16	3899743	8351	0
gpl008	171	Pulse	199	3901043	9651	0
gpl008	171	Pulse	199	3911043	19650	0
gpl008	172	Picture	fix2	3916593	0	1	16414	1	0	next	other	0
gpl008	172	Pulse	199	3921043	4451	0
gpl008	172	Pulse	199	3931043	14451	0
gpl008	173	Picture	feedback	3933006	0	1	20227	1	0	next	other	0
gpl008	173	Pulse	199	3941043	8037	0
gpl008	173	Pulse	199	3951043	18037	0
gpl008	174	Picture	fix	3953233	0	1	17740	1	0	next	other	0
gpl008	174	Pulse	199	3961044	7811	0
gpl008	176	Picture	stim	3970973	0	1	25034	2	0	25000	hit	491
gpl008	176	Pulse	199	3971043	70	0
gpl008	176	Response	16	3979233	8260	0
gpl008	176	Pulse	199	3981042	10070	0
gpl008	176	Pulse	199	3991043	20070	0
gpl008	177	Picture	fix2	3996007	0	1	24372	2	0	next	other	0
gpl008	177	Pulse	199	4001044	5036	0
gpl008	177	Pulse	199	4011043	15035	0
gpl008	178	Picture	feedback	4020379	0	1	20061	1	0	next	other	0
gpl008	178	Pulse	199	4021043	664	0
gpl008	178	Pulse	199	4031043	10664	0
gpl008	179	Picture	fix	4040440	0	1	26361	1	0	next	other	0
gpl008	179	Pulse	199	4041044	603	0
gpl008	179	Pulse	199	4051043	10602	0
gpl008	179	Pulse	199	4061043	20603	0
gpl008	181	Picture	stim	4066802	0	1	25035	1	0	25000	incorrect	506
gpl008	181	Pulse	199	4071044	4242	0
gpl008	181	Response	32	4079873	13071	0
gpl008	181	Pulse	199	4081042	14241	0
gpl008	181	Pulse	199	4091043	24242	0
gpl008	182	Picture	fix2	4091836	0	1	29345	1	0	next	other	0
gpl008	182	Pulse	199	4101044	9207	0
gpl008	182	Pulse	199	4111043	19207	0
gpl008	182	Pulse	199	4121043	29206	0
gpl008	183	Picture	feedback	4121182	0	1	20061	1	0	next	other	0
gpl008	183	Pulse	199	4131043	9862	0
gpl008	183	Pulse	199	4141043	19862	0
gpl008	184	Picture	fix	4141243	0	1	19398	1	0	next	other	0
gpl008	184	Pulse	199	4151043	9800	0
gpl008	186	Picture	stim	4160641	0	1	25035	1	0	25000	hit	521
gpl008	186	Pulse	199	4161044	403	0
gpl008	186	Pulse	199	4171043	10403	0
gpl008	186	Response	16	4171283	10643	0
gpl008	186	Pulse	199	4181043	20403	0
gpl008	187	Picture	fix2	4185675	0	1	16082	1	0	next	other	0
gpl008	187	Pulse	199	4191043	5368	0
gpl008	187	Pulse	199	4201043	15368	0
gpl008	188	Picture	feedback	4201757	0	1	20061	1	0	next	other	0
gpl008	188	Pulse	199	4211044	9286	0
gpl008	188	Pulse	199	4221043	19285	0
gpl008	189	Picture	fix	4221818	0	1	29677	1	0	next	other	0
gpl008	189	Pulse	199	4231044	9225	0
gpl008	189	Pulse	199	4241043	19225	0
gpl008	189	Pulse	199	4251043	29225	0
gpl008	191	Picture	stim	4251496	0	1	25035	1	0	25000	incorrect	534
gpl008	191	Response	32	4257773	6278	0
gpl008	191	Pulse	199	4261043	9548	0
gpl008	191	Pulse	199	4271044	19548	0
gpl008	192	Picture	fix2	4276530	0	1	20061	1	0	next	other	0
gpl008	192	Pulse	199	4281043	4513	0
gpl008	192	Pulse	199	4291043	14513	0
gpl008	193	Picture	feedback	4296591	0	1	20061	1	0	next	other	0
gpl008	193	Pulse	199	4301043	4452	0
gpl008	193	Pulse	199	4311043	14452	0
gpl008	194	Picture	fix	4316652	0	1	16248	1	0	next	other	0
gpl008	194	Pulse	199	4321043	4391	0
gpl008	194	Pulse	199	4331043	14391	0
gpl008	196	Picture	stim	4332900	0	1	25035	1	0	25000	hit	548
gpl008	196	Pulse	199	4341043	8143	0
gpl008	196	Response	16	4345123	12223	0
gpl008	196	Pulse	199	4351043	18143	0
gpl008	197	Picture	fix2	4358101	0	1	20393	1	0	next	other	0
gpl008	197	Pulse	199	4361053	2952	0
gpl008	197	Pulse	199	4371043	12943	0
gpl008	198	Picture	feedback	4378493	0	1	20061	1	0	next	other	0
gpl008	198	Pulse	199	4381043	2550	0
gpl008	198	Pulse	199	4391053	12559	0
gpl008	199	Picture	fix	4398554	0	1	21387	1	0	next	other	0
gpl008	199	Pulse	199	4401043	2489	0
gpl008	199	Pulse	199	4411043	12489	0
gpl008	201	Picture	stim	4419942	0	1	25035	1	0	25000	hit	561
gpl008	201	Pulse	199	4421053	1112	0
gpl008	201	Response	16	4428873	8932	0
gpl008	201	Pulse	199	4431052	11111	0
gpl008	201	Pulse	199	4441053	21112	0
gpl008	202	Picture	fix2	4445142	0	1	16082	1	0	next	other	0
gpl008	202	Pulse	199	4451054	5911	0
gpl008	202	Pulse	199	4461053	15910	0
gpl008	203	Picture	feedback	4461224	0	1	20061	1	0	next	other	0
gpl008	203	Pulse	199	4471054	9829	0
gpl008	203	Pulse	199	4481053	19829	0
gpl008	204	Picture	fix	4481285	0	1	20061	1	0	next	other	0
gpl008	204	Pulse	199	4491053	9768	0
gpl008	204	Pulse	199	4501053	19767	0
gpl008	206	Picture	stim	4501346	0	1	25035	1	0	25000	hit	574
gpl008	206	Response	16	4510523	9177	0
gpl008	206	Pulse	199	4511053	9707	0
gpl008	206	Pulse	199	4521054	19707	0
gpl008	207	Picture	fix2	4526381	0	1	14756	1	0	next	other	0
gpl008	207	Pulse	199	4531053	4672	0
gpl008	207	Pulse	199	4541054	14672	0
gpl008	208	Picture	feedback	4541137	0	1	20227	1	0	next	other	0
gpl008	208	Pulse	199	4551053	9917	0
gpl008	208	Pulse	199	4561053	19917	0
gpl008	209	Picture	fix	4561364	0	1	29180	1	0	next	other	0
gpl008	209	Pulse	199	4571053	9690	0
gpl008	209	Pulse	199	4581054	19690	0
gpl008	211	Picture	stim	4590543	0	1	25035	1	0	25000	hit	588
gpl008	211	Pulse	199	4591054	510	0
gpl008	211	Response	16	4600233	9689	0
gpl008	211	Pulse	199	4601053	10509	0
gpl008	211	Pulse	199	4611054	20510	0
gpl008	212	Picture	fix2	4615578	0	1	26361	1	0	next	other	0
gpl008	212	Pulse	199	4621053	5475	0
gpl008	212	Pulse	199	4631053	15475	0
gpl008	212	Pulse	199	4641053	25475	0
gpl008	213	Picture	feedback	4641939	0	1	20061	1	0	next	other	0
gpl008	213	Pulse	199	4651053	9114	0
gpl008	213	Pulse	199	4661053	19114	0
gpl008	214	Picture	fix	4662000	0	1	22382	1	0	next	other	0
gpl008	214	Pulse	199	4671053	9053	0
gpl008	214	Pulse	199	4681053	19053	0
gpl008	216	Picture	stim	4684382	0	1	25035	1	0	25000	incorrect	603
gpl008	216	Pulse	199	4691054	6671	0
gpl008	216	Response	32	4698803	14420	0
gpl008	216	Pulse	199	4701053	16670	0
gpl008	217	Picture	fix2	4709417	0	1	14092	1	0	next	other	0
gpl008	217	Pulse	199	4711054	1636	0
gpl008	217	Pulse	199	4721053	11636	0
gpl008	218	Picture	feedback	4723510	0	1	20061	1	0	next	other	0
gpl008	218	Pulse	199	4731053	7544	0
gpl008	218	Pulse	199	4741053	17543	0
gpl008	219	Picture	fix	4743571	0	1	28019	1	0	next	other	0
gpl008	219	Pulse	199	4751053	7483	0
gpl008	219	Pulse	199	4761053	17483	0
gpl008	219	Pulse	199	4771053	27482	0
gpl008	221	Picture	stim	4771590	0	1	25035	1	0	25000	incorrect	616
gpl008	221	Response	32	4780513	8923	0
gpl008	221	Pulse	199	4781054	9464	0
gpl008	221	Pulse	199	4791054	19464	0
gpl008	222	Picture	fix2	4796625	0	1	21387	1	0	next	other	0
gpl008	222	Pulse	199	4801053	4429	0
gpl008	222	Pulse	199	4811053	14428	0
gpl008	223	Picture	feedback	4818012	0	1	20061	1	0	next	other	0
gpl008	223	Pulse	199	4821054	3042	0
gpl008	223	Pulse	199	4831054	13042	0
gpl008	224	Picture	fix	4838073	0	1	21885	1	0	next	other	0
gpl008	224	Pulse	199	4841053	2980	0
gpl008	224	Pulse	199	4851054	12981	0
gpl008	226	Picture	stim	4859958	0	1	25035	1	0	25000	incorrect	631
gpl008	226	Pulse	199	4861054	1096	0
gpl008	226	Pulse	199	4871053	11096	0
gpl008	226	Response	32	4874043	14085	0
gpl008	226	Pulse	199	4881053	21095	0
gpl008	227	Picture	fix2	4885158	0	1	21553	1	0	next	other	0
gpl008	227	Pulse	199	4891054	5895	0
gpl008	227	Pulse	199	4901053	15895	0
gpl008	228	Picture	feedback	4906711	0	1	20061	1	0	next	other	0
gpl008	228	Pulse	199	4911053	4341	0
gpl008	228	Pulse	199	4921053	14342	0
gpl008	229	Picture	fix	4926773	0	1	30838	1	0	next	other	0
gpl008	229	Pulse	199	4931054	4281	0
gpl008	229	Pulse	199	4941053	14281	0
gpl008	229	Pulse	199	4951053	24281	0
gpl008	231	Picture	stim	4957610	0	1	25035	1	0	25000	hit	645
gpl008	231	Pulse	199	4961054	3443	0
gpl008	231	Response	16	4966993	9383	0
gpl008	231	Pulse	199	4971053	13443	0
gpl008	231	Pulse	199	4981053	23443	0
gpl008	232	Picture	fix2	4982645	0	1	21387	1	0	next	other	0
gpl008	232	Pulse	199	4991054	8409	0
gpl008	232	Pulse	199	5001054	18409	0
gpl008	233	Picture	feedback	5004032	0	1	20061	1	0	next	other	0
gpl008	233	Pulse	199	5011054	7022	0
gpl008	233	Pulse	199	5021054	17022	0
gpl008	234	Picture	fix	5024093	0	1	26527	1	0	next	other	0
gpl008	234	Pulse	199	5031053	6960	0
gpl008	234	Pulse	199	5041054	16960	0
gpl008	236	Picture	stim	5050620	0	1	25035	1	0	25000	incorrect	659
gpl008	236	Pulse	199	5051053	433	0
gpl008	236	Response	32	5060684	10064	0
gpl008	236	Pulse	199	5061054	10433	0
gpl008	236	Pulse	199	5071054	20434	0
gpl008	237	Picture	fix2	5075821	0	1	23543	1	0	next	other	0
gpl008	237	Pulse	199	5081053	5232	0
gpl008	237	Pulse	199	5091054	15233	0
gpl008	238	Picture	feedback	5099364	0	1	20061	1	0	next	other	0
gpl008	238	Pulse	199	5101054	1690	0
gpl008	238	Pulse	199	5111054	11690	0
gpl008	239	Picture	fix	5119425	0	1	32164	1	0	next	other	0
gpl008	239	Pulse	199	5121053	1629	0
gpl008	239	Pulse	199	5131054	11629	0
gpl008	239	Pulse	199	5141054	21629	0
gpl008	239	Pulse	199	5151053	31628	0
gpl008	241	Picture	stim	5151589	0	1	25035	1	0	25000	hit	674
gpl008	241	Response	16	5160494	8905	0
gpl008	241	Pulse	199	5161054	9465	0
gpl008	241	Pulse	199	5171054	19465	0
gpl008	242	Picture	fix2	5176789	0	1	16579	1	0	next	other	0
gpl008	242	Pulse	199	5181054	4264	0
gpl008	242	Pulse	199	5191053	14264	0
gpl008	243	Picture	feedback	5193368	0	1	20061	1	0	next	other	0
gpl008	243	Pulse	199	5201054	7685	0
gpl008	243	Pulse	199	5211054	17685	0
gpl008	244	Picture	100	5213429	0	1	250000	183	0	250000	other	0
gpl008	244	Pulse	199	5221053	7623	0
gpl008	244	Pulse	199	5231054	17624	0
gpl008	244	Pulse	199	5241053	27624	0
gpl008	244	Pulse	199	5251053	37624	0
gpl008	244	Pulse	199	5261053	47623	0
gpl008	244	Pulse	199	5271053	57624	0
gpl008	244	Pulse	199	5281053	67624	0
gpl008	244	Pulse	199	5291053	77623	0
gpl008	244	Pulse	199	5301053	87624	0
gpl008	244	Pulse	199	5311053	97624	0
gpl008	244	Pulse	199	5321053	107624	0
gpl008	244	Pulse	199	5331053	117624	0
gpl008	244	Pulse	199	5341054	127624	0
gpl008	244	Pulse	199	5351054	137624	0
gpl008	244	Pulse	199	5361053	147624	0
gpl008	244	Pulse	199	5371054	157624	0
gpl008	244	Pulse	199	5381053	167624	0
gpl008	244	Pulse	199	5391053	177624	0
gpl008	244	Pulse	199	5401053	187624	0
gpl008	244	Pulse	199	5411054	197624	0
gpl008	244	Pulse	199	5421054	207624	0
gpl008	244	Pulse	199	5431053	217624	0
