Scenario - FBL_A.sce
Logfile written - 04/28/2021 15:40:15

Subject	Trial	Event Type	Code	Time	TTime	Uncertainty	Duration	Uncertainty	ReqTime	ReqDur	Stim Type	Pair Index

gpl008	1	Response	32	31877	21712	0
gpl008	2	Picture	start	32050	0	1	907707	179	0	next	other	0
gpl008	2	Response	16	59308	27258	0
gpl008	3	Response	16	576908	494847	0
gpl008	3	Pulse	199	939758	857696	0
gpl008	3	Pulse	199	949757	867695	0
gpl008	3	Pulse	199	959757	877696	0
gpl008	3	Pulse	199	969757	887695	0
gpl008	3	Pulse	199	979756	897695	0
gpl008	3	Pulse	199	989757	907696	0
gpl008	4	Picture	fix	990171	0	1	23708	1	0	next	other	0
gpl008	4	Pulse	199	999758	9587	0
gpl008	4	Pulse	199	1009757	19586	0
gpl008	6	Picture	stim	1013879	0	1	25035	1	0	25000	hit	17
gpl008	6	Pulse	199	1019757	5877	0
gpl008	6	Pulse	199	1029757	15878	0
gpl008	6	Response	16	1030608	16728	0
gpl008	7	Picture	fix2	1038914	0	1	26361	1	0	next	other	0
gpl008	7	Pulse	199	1039758	843	0
gpl008	7	Pulse	199	1049757	10842	0
gpl008	7	Pulse	199	1059757	20843	0
gpl008	8	Picture	feedback	1065276	0	1	20393	1	0	next	other	0
gpl008	8	Pulse	199	1069758	4482	0
gpl008	8	Pulse	199	1079757	14481	0
gpl008	9	Picture	fix	1085668	0	1	29180	1	0	next	other	0
gpl008	9	Pulse	199	1089757	4089	0
gpl008	9	Pulse	199	1099757	14089	0
gpl008	9	Pulse	199	1109758	24090	0
gpl008	11	Picture	stim	1114848	0	1	25035	1	0	25000	hit	31
gpl008	11	Pulse	199	1119757	4909	0
gpl008	11	Response	16	1125637	10790	0
gpl008	11	Pulse	199	1129757	14910	0
gpl008	11	Pulse	199	1139757	24910	0
gpl008	12	Picture	fix2	1139883	0	1	20558	1	0	next	other	0
gpl008	12	Pulse	199	1149757	9874	0
gpl008	12	Pulse	199	1159757	19874	0
gpl008	13	Picture	feedback	1160441	0	1	20227	1	0	next	other	0
gpl008	13	Pulse	199	1169758	9317	0
gpl008	13	Pulse	199	1179758	19317	0
gpl008	14	Picture	fix	1180668	0	1	18569	1	0	next	other	0
gpl008	14	Pulse	199	1189757	9089	0
gpl008	16	Picture	stim	1199237	0	1	25035	1	0	25000	incorrect	44
gpl008	16	Pulse	199	1199758	521	0
gpl008	16	Response	32	1205817	6581	0
gpl008	16	Pulse	199	1209757	10521	0
gpl008	16	Pulse	199	1219757	20521	0
gpl008	17	Picture	fix2	1224272	0	1	13263	1	0	next	other	0
gpl008	17	Pulse	199	1229757	5485	0
gpl008	18	Picture	feedback	1237535	0	1	20227	1	0	next	other	0
gpl008	18	Pulse	199	1239758	2223	0
gpl008	18	Pulse	199	1249758	12223	0
gpl008	19	Picture	fix	1257762	0	1	24703	1	0	next	other	0
gpl008	19	Pulse	199	1259757	1995	0
gpl008	19	Pulse	199	1269758	11996	0
gpl008	19	Pulse	199	1279757	21996	0
gpl008	21	Picture	stim	1282465	0	1	25035	1	0	25000	incorrect	58
gpl008	21	Pulse	199	1289757	7292	0
gpl008	21	Response	32	1291768	9303	0
gpl008	21	Pulse	199	1299757	17292	0
gpl008	22	Picture	fix2	1307500	0	1	21387	1	0	next	other	0
gpl008	22	Pulse	199	1309758	2258	0
gpl008	22	Pulse	199	1319757	12257	0
gpl008	23	Picture	feedback	1328887	0	1	20227	1	0	next	other	0
gpl008	23	Pulse	199	1329757	870	0
gpl008	23	Pulse	199	1339757	10870	0
gpl008	24	Picture	fix	1349114	0	1	22714	1	0	next	other	0
gpl008	24	Pulse	199	1349758	644	0
gpl008	24	Pulse	199	1359757	10643	0
gpl008	24	Pulse	199	1369757	20643	0
gpl008	26	Picture	stim	1371828	0	1	25035	1	0	25000	incorrect	71
gpl008	26	Response	32	1378818	6990	0
gpl008	26	Pulse	199	1379757	7929	0
gpl008	26	Pulse	199	1389757	17930	0
gpl008	27	Picture	fix2	1396862	0	1	29346	1	0	next	other	0
gpl008	27	Pulse	199	1399757	2894	0
gpl008	27	Pulse	199	1409757	12895	0
gpl008	27	Pulse	199	1419757	22895	0
gpl008	28	Picture	feedback	1426208	0	1	20061	1	0	next	other	0
gpl008	28	Pulse	199	1429757	3549	0
gpl008	28	Pulse	199	1439757	13549	0
gpl008	29	Picture	fix	1446269	0	1	23709	1	0	next	other	0
gpl008	29	Pulse	199	1449757	3488	0
gpl008	29	Pulse	199	1459757	13488	0
gpl008	29	Pulse	199	1469757	23488	0
gpl008	31	Picture	stim	1469978	0	1	25035	1	0	25000	incorrect	87
gpl008	31	Pulse	199	1479757	9780	0
gpl008	31	Response	32	1481298	11320	0
gpl008	31	Pulse	199	1489757	19780	0
gpl008	32	Picture	fix2	1495012	0	1	18569	1	0	next	other	0
gpl008	32	Pulse	199	1499757	4745	0
gpl008	32	Pulse	199	1509757	14745	0
gpl008	33	Picture	feedback	1513581	0	1	20393	1	0	next	other	0
gpl008	33	Pulse	199	1519758	6176	0
gpl008	33	Pulse	199	1529757	16176	0
gpl008	34	Picture	fix	1533974	0	1	23377	1	0	next	other	0
gpl008	34	Pulse	199	1539757	5783	0
gpl008	34	Pulse	199	1549758	15784	0
gpl008	36	Picture	stim	1557351	0	1	25035	1	0	25000	incorrect	100
gpl008	36	Pulse	199	1559758	2407	0
gpl008	36	Response	32	1564048	6697	0
gpl008	36	Pulse	199	1569757	12406	0
gpl008	36	Pulse	199	1579757	22407	0
gpl008	37	Picture	fix2	1582386	0	1	11606	1	0	next	other	0
gpl008	37	Pulse	199	1589758	7372	0
gpl008	38	Picture	feedback	1593991	0	1	20061	1	0	next	other	0
gpl008	38	Pulse	199	1599758	5767	0
gpl008	38	Pulse	199	1609757	15766	0
gpl008	39	Picture	fix	1614052	0	1	28516	1	0	next	other	0
gpl008	39	Pulse	199	1619758	5706	0
gpl008	39	Pulse	199	1629768	15716	0
gpl008	39	Pulse	199	1639757	25705	0
gpl008	41	Picture	stim	1642569	0	1	25035	1	0	25000	incorrect	114
gpl008	41	Pulse	199	1649758	7189	0
gpl008	41	Response	32	1651218	8649	0
gpl008	41	Pulse	199	1659768	17199	0
gpl008	42	Picture	fix2	1667603	0	1	12932	1	0	next	other	0
gpl008	42	Pulse	199	1669757	2154	0
gpl008	42	Pulse	199	1679767	12163	0
gpl008	43	Picture	feedback	1680535	0	1	20061	1	0	next	other	0
gpl008	43	Pulse	199	1689758	9222	0
gpl008	43	Pulse	199	1699758	19222	0
gpl008	44	Picture	fix	1700596	0	1	19066	1	0	next	other	0
gpl008	44	Pulse	199	1709767	9171	0
gpl008	46	Picture	stim	1719663	0	1	25035	1	0	25000	hit	127
gpl008	46	Pulse	199	1719768	105	0
gpl008	46	Pulse	199	1729768	10105	0
gpl008	46	Response	16	1730968	11305	0
gpl008	46	Pulse	199	1739767	20105	0
gpl008	47	Picture	fix2	1744697	0	1	25864	1	0	next	other	0
gpl008	47	Pulse	199	1749768	5071	0
gpl008	47	Pulse	199	1759768	15070	0
gpl008	47	Pulse	199	1769768	25070	0
gpl008	48	Picture	feedback	1770561	0	1	20061	1	0	next	other	0
gpl008	48	Pulse	199	1779767	9206	0
gpl008	48	Pulse	199	1789768	19207	0
gpl008	49	Picture	fix	1790622	0	1	28019	1	0	next	other	0
gpl008	49	Pulse	199	1799768	9146	0
gpl008	49	Pulse	199	1809767	19145	0
gpl008	51	Picture	stim	1818641	0	1	25035	1	0	25000	incorrect	141
gpl008	51	Pulse	199	1819768	1127	0
gpl008	51	Response	32	1828777	10136	0
gpl008	51	Pulse	199	1829767	11125	0
gpl008	51	Pulse	199	1839768	21126	0
gpl008	52	Picture	fix2	1843842	0	1	20061	1	0	next	other	0
gpl008	52	Pulse	199	1849767	5925	0
gpl008	52	Pulse	199	1859768	15926	0
gpl008	53	Picture	feedback	1863903	0	1	20061	1	0	next	other	0
gpl008	53	Pulse	199	1869768	5865	0
gpl008	53	Pulse	199	1879767	15864	0
gpl008	54	Picture	fix	1883964	0	1	25366	1	0	next	other	0
gpl008	54	Pulse	199	1889768	5804	0
gpl008	54	Pulse	199	1899767	15803	0
gpl008	56	Picture	stim	1909330	0	1	25035	1	0	25000	incorrect	156
gpl008	56	Pulse	199	1909768	437	0
gpl008	56	Pulse	199	1919767	10437	0
gpl008	56	Response	32	1920557	11226	0
gpl008	56	Pulse	199	1929768	20437	0
gpl008	57	Picture	fix2	1934365	0	1	14756	1	0	next	other	0
gpl008	57	Pulse	199	1939768	5403	0
gpl008	58	Picture	feedback	1949121	0	1	20061	1	0	next	other	0
gpl008	58	Pulse	199	1949767	646	0
gpl008	58	Pulse	199	1959768	10647	0
gpl008	59	Picture	fix	1969182	0	1	16248	1	0	next	other	0
gpl008	59	Pulse	199	1969768	586	0
gpl008	59	Pulse	199	1979768	10586	0
gpl008	61	Picture	stim	1985430	0	1	25035	1	0	25000	hit	169
gpl008	61	Pulse	199	1989768	4338	0
gpl008	61	Pulse	199	1999768	14338	0
gpl008	61	Response	16	2000217	14788	0
gpl008	61	Pulse	199	2009768	24338	0
gpl008	62	Picture	fix2	2010630	0	1	15916	1	0	next	other	0
gpl008	62	Pulse	199	2019767	9137	0
gpl008	63	Picture	feedback	2026546	0	1	20061	1	0	next	other	0
gpl008	63	Pulse	199	2029768	3222	0
gpl008	63	Pulse	199	2039768	13221	0
gpl008	64	Picture	fix	2046607	0	1	20227	1	0	next	other	0
gpl008	64	Pulse	199	2049768	3160	0
gpl008	64	Pulse	199	2059767	13160	0
gpl008	66	Picture	stim	2066834	0	1	25035	1	0	25000	incorrect	181
gpl008	66	Pulse	199	2069768	2934	0
gpl008	66	Response	32	2076837	10003	0
gpl008	66	Pulse	199	2079767	12933	0
gpl008	66	Pulse	199	2089767	22933	0
gpl008	67	Picture	fix2	2091869	0	1	21885	1	0	next	other	0
gpl008	67	Pulse	199	2099768	7899	0
gpl008	67	Pulse	199	2109767	17898	0
gpl008	68	Picture	feedback	2113754	0	1	20061	1	0	next	other	0
gpl008	68	Pulse	199	2119767	6014	0
gpl008	68	Pulse	199	2129767	16013	0
gpl008	69	Picture	fix	2133815	0	1	33988	1	0	next	other	0
gpl008	69	Pulse	199	2139768	5953	0
gpl008	69	Pulse	199	2149767	15953	0
gpl008	69	Pulse	199	2159767	25953	0
gpl008	71	Picture	stim	2167802	0	1	25035	1	0	25000	incorrect	196
gpl008	71	Pulse	199	2169768	1965	0
gpl008	71	Response	32	2176677	8875	0
gpl008	71	Pulse	199	2179767	11965	0
gpl008	71	Pulse	199	2189767	21965	0
gpl008	72	Picture	fix2	2193003	0	1	25864	1	0	next	other	0
gpl008	72	Pulse	199	2199767	6764	0
gpl008	72	Pulse	199	2209767	16764	0
gpl008	73	Picture	feedback	2218867	0	1	20061	1	0	next	other	0
gpl008	73	Pulse	199	2219768	901	0
gpl008	73	Pulse	199	2229767	10900	0
gpl008	74	Picture	fix	2238928	0	1	31169	1	0	next	other	0
gpl008	74	Pulse	199	2239768	840	0
gpl008	74	Pulse	199	2249767	10840	0
gpl008	74	Pulse	199	2259767	20839	0
gpl008	74	Pulse	199	2269768	30840	0
gpl008	76	Picture	stim	2270097	0	1	25035	1	0	25000	hit	212
gpl008	76	Pulse	199	2279768	9671	0
gpl008	76	Response	16	2282228	12131	0
gpl008	76	Pulse	199	2289768	19671	0
gpl008	77	Picture	fix2	2295298	0	1	14590	1	0	next	other	0
gpl008	77	Pulse	199	2299767	4470	0
gpl008	77	Pulse	199	2309768	14470	0
gpl008	78	Picture	feedback	2309887	0	1	20061	1	0	next	other	0
gpl008	78	Pulse	199	2319768	9881	0
gpl008	78	Pulse	199	2329767	19880	0
gpl008	79	Picture	fix	2329948	0	1	28516	1	0	next	other	0
gpl008	79	Pulse	199	2339768	9820	0
gpl008	79	Pulse	199	2349768	19819	0
gpl008	81	Picture	stim	2358465	0	1	25035	1	0	25000	hit	225
gpl008	81	Pulse	199	2359768	1303	0
gpl008	81	Response	16	2368668	10203	0
gpl008	81	Pulse	199	2369767	11302	0
gpl008	81	Pulse	199	2379768	21303	0
gpl008	82	Picture	fix2	2383500	0	1	14092	1	0	next	other	0
gpl008	82	Pulse	199	2389768	6268	0
gpl008	83	Picture	feedback	2397592	0	1	20061	1	0	next	other	0
gpl008	83	Pulse	199	2399767	2175	0
gpl008	83	Pulse	199	2409768	12176	0
gpl008	84	Picture	fix	2417653	0	1	24537	1	0	next	other	0
gpl008	84	Pulse	199	2419768	2115	0
gpl008	84	Pulse	199	2429768	12114	0
gpl008	84	Pulse	199	2439767	22114	0
gpl008	86	Picture	stim	2442191	0	1	25035	1	0	25000	incorrect	239
gpl008	86	Pulse	199	2449768	7577	0
gpl008	86	Response	32	2453837	11646	0
gpl008	86	Pulse	199	2459768	17577	0
gpl008	87	Picture	fix2	2467226	0	1	24372	1	0	next	other	0
gpl008	87	Pulse	199	2469767	2542	0
gpl008	87	Pulse	199	2479768	12542	0
gpl008	87	Pulse	199	2489768	22542	0
gpl008	88	Picture	feedback	2491597	0	1	20061	1	0	next	other	0
gpl008	88	Pulse	199	2499768	8171	0
gpl008	88	Pulse	199	2509768	18170	0
gpl008	89	Picture	fix	2511658	0	1	19398	1	0	next	other	0
gpl008	89	Pulse	199	2519768	8110	0
gpl008	89	Pulse	199	2529768	18110	0
gpl008	91	Picture	stim	2531056	0	1	25035	1	0	25000	hit	253
gpl008	91	Pulse	199	2539768	8712	0
gpl008	91	Response	16	2542618	11562	0
gpl008	91	Pulse	199	2549768	18712	0
gpl008	92	Picture	fix2	2556091	0	1	27688	1	0	next	other	0
gpl008	92	Pulse	199	2559768	3677	0
gpl008	92	Pulse	199	2569767	13677	0
gpl008	92	Pulse	199	2579768	23677	0
gpl008	93	Picture	feedback	2583778	0	1	20061	1	0	next	other	0
gpl008	93	Pulse	199	2589768	5989	0
gpl008	93	Pulse	199	2599768	15990	0
gpl008	94	Picture	fix	2603839	0	1	25201	1	0	next	other	0
gpl008	94	Pulse	199	2609768	5928	0
gpl008	94	Pulse	199	2619768	15929	0
gpl008	96	Picture	stim	2629040	0	1	25035	1	0	25000	incorrect	268
gpl008	96	Pulse	199	2629768	728	0
gpl008	96	Pulse	199	2639767	10727	0
gpl008	96	Response	32	2641688	12648	0
gpl008	96	Pulse	199	2649767	20728	0
gpl008	97	Picture	fix2	2654075	0	1	9119	1	0	next	other	0
gpl008	97	Pulse	199	2659768	5693	0
gpl008	98	Picture	feedback	2663193	0	1	20061	2	0	next	other	0
gpl008	98	Pulse	199	2669768	6575	0
gpl008	98	Pulse	199	2679767	16574	0
gpl008	99	Picture	fix	2683254	0	2	21885	2	0	next	other	0
gpl008	99	Pulse	199	2689768	6514	0
gpl008	99	Pulse	199	2699768	16514	0
gpl008	101	Picture	stim	2705139	0	1	25035	1	0	25000	hit	280
gpl008	101	Pulse	199	2709767	4628	0
gpl008	101	Response	16	2716528	11389	0
gpl008	101	Pulse	199	2719768	14629	0
gpl008	101	Pulse	199	2729768	24629	0
gpl008	102	Picture	fix2	2730174	0	1	21387	1	0	next	other	0
gpl008	102	Pulse	199	2739768	9594	0
gpl008	102	Pulse	199	2749767	19593	0
gpl008	103	Picture	feedback	2751561	0	1	20061	1	0	next	other	0
gpl008	103	Pulse	199	2759768	8207	0
gpl008	103	Pulse	199	2769768	18207	0
gpl008	104	Picture	fix	2771622	0	1	21387	1	0	next	other	0
gpl008	104	Pulse	199	2779767	8145	0
gpl008	104	Pulse	199	2789768	18146	0
gpl008	106	Picture	stim	2793010	0	1	25035	1	0	25000	incorrect	294
gpl008	106	Pulse	199	2799768	6758	0
gpl008	106	Response	32	2801778	8768	0
gpl008	106	Pulse	199	2809768	16758	0
gpl008	107	Picture	fix2	2818045	0	1	17906	1	0	next	other	0
gpl008	107	Pulse	199	2819768	1723	0
gpl008	107	Pulse	199	2829768	11723	0
gpl008	108	Picture	feedback	2835950	0	1	20061	1	0	next	other	0
gpl008	108	Pulse	199	2839768	3818	0
gpl008	108	Pulse	199	2849767	13817	0
gpl008	109	Picture	fix	2856011	0	1	27356	1	0	next	other	0
gpl008	109	Pulse	199	2859768	3757	0
gpl008	109	Pulse	199	2869768	13756	0
gpl008	109	Pulse	199	2879768	23757	0
gpl008	111	Picture	stim	2883367	0	1	25035	1	0	25000	hit	308
gpl008	111	Pulse	199	2889768	6401	0
gpl008	111	Response	16	2892667	9300	0
gpl008	111	Pulse	199	2899768	16401	0
gpl008	112	Picture	fix2	2908568	0	1	21719	1	0	next	other	0
gpl008	112	Pulse	199	2909768	1200	0
gpl008	112	Pulse	199	2919767	11200	0
gpl008	112	Pulse	199	2929768	21200	0
gpl008	113	Picture	feedback	2930287	0	1	20061	1	0	next	other	0
gpl008	113	Pulse	199	2939768	9481	0
gpl008	113	Pulse	199	2949768	19481	0
gpl008	114	Picture	fix	2950348	0	1	26859	1	0	next	other	0
gpl008	114	Pulse	199	2959768	9420	0
gpl008	114	Pulse	199	2969768	19420	0
gpl008	116	Picture	stim	2977206	0	1	25035	1	0	25000	incorrect	322
gpl008	116	Pulse	199	2979768	2562	0
gpl008	116	Response	32	2985498	8291	0
gpl008	116	Pulse	199	2989767	12561	0
gpl008	116	Pulse	199	2999768	22562	0
gpl008	117	Picture	fix2	3002241	0	1	21387	1	0	next	other	0
gpl008	117	Pulse	199	3009768	7527	0
gpl008	117	Pulse	199	3019768	17527	0
gpl008	118	Picture	feedback	3023628	0	1	20061	1	0	next	other	0
gpl008	118	Pulse	199	3029768	6140	0
gpl008	118	Pulse	199	3039768	16140	0
gpl008	119	Picture	fix	3043689	0	1	22382	1	0	next	other	0
gpl008	119	Pulse	199	3049768	6079	0
gpl008	119	Pulse	199	3059767	16078	0
gpl008	121	Picture	stim	3066072	0	1	25035	1	0	25000	hit	336
gpl008	121	Pulse	199	3069768	3697	0
gpl008	121	Response	16	3074837	8766	0
gpl008	121	Pulse	199	3079768	13696	0
gpl008	121	Pulse	199	3089768	23696	0
gpl008	122	Picture	fix2	3091106	0	1	23377	1	0	next	other	0
gpl008	122	Pulse	199	3099768	8662	0
gpl008	122	Pulse	199	3109767	18661	0
gpl008	123	Picture	feedback	3114483	0	1	20061	1	0	next	other	0
gpl008	123	Pulse	199	3119768	5284	0
gpl008	123	Pulse	199	3129767	15284	0
gpl008	124	Picture	fix	3134544	0	1	26859	1	0	next	other	0
gpl008	124	Pulse	199	3139768	5223	0
gpl008	124	Pulse	199	3149767	15223	0
gpl008	124	Pulse	199	3159767	25223	0
gpl008	126	Picture	stim	3161403	0	1	25035	1	0	25000	hit	350
gpl008	126	Response	16	3169418	8015	0
gpl008	126	Pulse	199	3169767	8365	0
gpl008	126	Pulse	199	3179767	18365	0
gpl008	127	Picture	fix2	3186438	0	1	22548	1	0	next	other	0
gpl008	127	Pulse	199	3189768	3330	0
gpl008	127	Pulse	199	3199767	13330	0
gpl008	128	Picture	feedback	3208986	0	1	20061	1	0	next	other	0
gpl008	128	Pulse	199	3209768	782	0
gpl008	128	Pulse	199	3219767	10782	0
gpl008	129	Picture	fix	3229047	0	1	33325	1	0	next	other	0
gpl008	129	Pulse	199	3229767	721	0
gpl008	129	Pulse	199	3239768	10721	0
gpl008	129	Pulse	199	3249767	20721	0
gpl008	129	Pulse	199	3259767	30721	0
gpl008	131	Picture	stim	3262371	0	1	25035	1	0	25000	incorrect	366
gpl008	131	Pulse	199	3269767	7396	0
gpl008	131	Response	32	3272057	9686	0
gpl008	131	Pulse	199	3279768	17396	0
gpl008	132	Picture	fix2	3287406	0	1	16082	1	0	next	other	0
gpl008	132	Pulse	199	3289768	2362	0
gpl008	132	Pulse	199	3299767	12361	0
gpl008	133	Picture	feedback	3303488	0	1	20061	1	0	next	other	0
gpl008	133	Pulse	199	3309768	6280	0
gpl008	133	Pulse	199	3319768	16280	0
gpl008	134	Picture	fix	3323549	0	1	23377	1	0	next	other	0
gpl008	134	Pulse	199	3329768	6219	0
gpl008	134	Pulse	199	3339768	16219	0
gpl008	136	Picture	stim	3346926	0	1	25035	1	0	25000	hit	379
gpl008	136	Pulse	199	3349768	2843	0
gpl008	136	Response	16	3356597	9672	0
gpl008	136	Pulse	199	3359768	12842	0
gpl008	136	Pulse	199	3369768	22842	0
gpl008	137	Picture	fix2	3371961	0	1	16414	1	0	next	other	0
gpl008	137	Pulse	199	3379768	7808	0
gpl008	138	Picture	feedback	3388374	0	1	20061	1	0	next	other	0
gpl008	138	Pulse	199	3389768	1394	0
gpl008	138	Pulse	199	3399767	11393	0
gpl008	139	Picture	fix	3408435	0	1	29346	1	0	next	other	0
gpl008	139	Pulse	199	3409768	1333	0
gpl008	139	Pulse	199	3419768	11333	0
gpl008	139	Pulse	199	3429768	21333	0
gpl008	141	Picture	stim	3437781	0	1	25035	1	0	25000	incorrect	393
gpl008	141	Pulse	199	3439767	1987	0
gpl008	141	Response	32	3449558	11777	0
gpl008	141	Pulse	199	3449768	11987	0
gpl008	141	Pulse	199	3459768	21987	0
gpl008	142	Picture	fix2	3462981	0	1	11108	1	0	next	other	0
gpl008	142	Pulse	199	3469768	6786	0
gpl008	143	Picture	feedback	3474089	0	1	20061	1	0	next	other	0
gpl008	143	Pulse	199	3479768	5679	0
gpl008	143	Pulse	199	3489768	15679	0
gpl008	144	Picture	fix	3494150	0	1	26361	1	0	next	other	0
gpl008	144	Pulse	199	3499768	5618	0
gpl008	144	Pulse	199	3509777	15627	0
gpl008	144	Pulse	199	3519778	25628	0
gpl008	146	Picture	stim	3520512	0	1	25035	1	0	25000	incorrect	407
gpl008	146	Pulse	199	3529778	9267	0
gpl008	146	Response	32	3530068	9556	0
gpl008	146	Pulse	199	3539778	19266	0
gpl008	147	Picture	fix2	3545546	0	1	24206	1	0	next	other	0
gpl008	147	Pulse	199	3549778	4232	0
gpl008	147	Pulse	199	3559778	14231	0
gpl008	148	Picture	feedback	3569752	0	1	20061	1	0	next	other	0
gpl008	148	Pulse	199	3569778	25	0
gpl008	148	Pulse	199	3579777	10025	0
gpl008	148	Pulse	199	3589773	20021	5
gpl008	149	Picture	fix	3589813	0	1	35977	1	0	next	other	0
gpl008	149	Pulse	199	3599778	9964	0
gpl008	149	Pulse	199	3609777	19964	0
gpl008	149	Pulse	199	3619778	29964	0
gpl008	151	Picture	stim	3625790	0	1	25035	1	0	25000	hit	422
gpl008	151	Pulse	199	3629778	3988	0
gpl008	151	Response	16	3633827	8037	0
gpl008	151	Pulse	199	3639778	13987	0
gpl008	151	Pulse	199	3649778	23987	0
gpl008	152	Picture	fix2	3650825	0	1	16414	1	0	next	other	0
gpl008	152	Pulse	199	3659778	8953	0
gpl008	153	Picture	feedback	3667239	0	1	20061	1	0	next	other	0
gpl008	153	Pulse	199	3669778	2539	0
gpl008	153	Pulse	199	3679777	12538	0
gpl008	154	Picture	fix	3687300	0	1	28848	1	0	next	other	0
gpl008	154	Pulse	199	3689778	2478	0
gpl008	154	Pulse	199	3699778	12478	0
gpl008	154	Pulse	199	3709778	22478	0
gpl008	156	Picture	stim	3716148	0	1	25035	1	0	25000	hit	436
gpl008	156	Pulse	199	3719778	3630	0
gpl008	156	Response	16	3728648	12500	0
gpl008	156	Pulse	199	3729778	13630	0
gpl008	156	Pulse	199	3739778	23630	0
gpl008	157	Picture	fix2	3741349	0	1	18071	1	0	next	other	0
gpl008	157	Pulse	199	3749778	8430	0
gpl008	158	Picture	feedback	3759420	0	1	20061	1	0	next	other	0
gpl008	158	Pulse	199	3759778	358	0
gpl008	158	Pulse	199	3769778	10358	0
gpl008	159	Picture	fix	3779481	0	1	20061	1	0	next	other	0
gpl008	159	Pulse	199	3779778	297	0
gpl008	159	Pulse	199	3789778	10297	0
gpl008	161	Picture	stim	3799542	0	1	25035	1	0	25000	hit	450
gpl008	161	Pulse	199	3799778	236	0
gpl008	161	Pulse	199	3809778	10236	0
gpl008	161	Response	16	3811098	11556	0
gpl008	161	Pulse	199	3819778	20236	0
gpl008	162	Picture	fix2	3824577	0	1	21553	1	0	next	other	0
gpl008	162	Pulse	199	3829778	5201	0
gpl008	162	Pulse	199	3839778	15201	0
gpl008	163	Picture	feedback	3846130	0	1	20061	1	0	next	other	0
gpl008	163	Pulse	199	3849778	3648	0
gpl008	163	Pulse	199	3859778	13648	0
gpl008	164	Picture	fix	3866191	0	1	17408	2	0	next	other	0
gpl008	164	Pulse	199	3869778	3587	0
gpl008	164	Pulse	199	3879778	13587	0
gpl008	166	Picture	stim	3883599	0	2	25035	2	0	25000	hit	463
gpl008	166	Pulse	199	3889778	6179	0
gpl008	166	Response	16	3894878	11279	0
gpl008	166	Pulse	199	3899778	16179	0
gpl008	167	Picture	fix2	3908800	0	1	16579	1	0	next	other	0
gpl008	167	Pulse	199	3909778	978	0
gpl008	167	Pulse	199	3919778	10978	0
gpl008	168	Picture	feedback	3925379	0	1	20061	1	0	next	other	0
gpl008	168	Pulse	199	3929778	4399	0
gpl008	168	Pulse	199	3939778	14398	0
gpl008	169	Picture	fix	3945440	0	1	37469	1	0	next	other	0
gpl008	169	Pulse	199	3949778	4338	0
gpl008	169	Pulse	199	3959777	14337	0
gpl008	169	Pulse	199	3969778	24337	0
gpl008	169	Pulse	199	3979778	34337	0
gpl008	171	Picture	stim	3982910	0	1	25035	1	0	25000	incorrect	477
gpl008	171	Response	32	3989688	6779	0
gpl008	171	Pulse	199	3989777	6868	0
gpl008	171	Pulse	199	3999778	16868	0
gpl008	172	Picture	fix2	4007944	0	1	17243	1	0	next	other	0
gpl008	172	Pulse	199	4009778	1833	0
gpl008	172	Pulse	199	4019778	11833	0
gpl008	173	Picture	feedback	4025187	0	1	20061	1	0	next	other	0
gpl008	173	Pulse	199	4029778	4591	0
gpl008	173	Pulse	199	4039778	14591	0
gpl008	174	Picture	fix	4045248	0	1	29677	1	0	next	other	0
gpl008	174	Pulse	199	4049778	4530	0
gpl008	174	Pulse	199	4059778	14529	0
gpl008	174	Pulse	199	4069778	24530	0
gpl008	176	Picture	stim	4074925	0	1	25035	1	0	25000	hit	492
gpl008	176	Pulse	199	4079778	4853	0
gpl008	176	Response	16	4084728	9803	0
gpl008	176	Pulse	199	4089778	14853	0
gpl008	176	Pulse	199	4099779	24853	0
gpl008	177	Picture	fix2	4099960	0	1	22051	1	0	next	other	0
gpl008	177	Pulse	199	4109779	9819	0
gpl008	177	Pulse	199	4119778	19819	0
gpl008	178	Picture	feedback	4122010	0	1	20061	1	0	next	other	0
gpl008	178	Pulse	199	4129778	7767	0
gpl008	178	Pulse	199	4139778	17768	0
gpl008	179	Picture	fix	4142071	0	1	26859	1	0	next	other	0
gpl008	179	Pulse	199	4149779	7707	0
gpl008	179	Pulse	199	4159778	17706	0
gpl008	181	Picture	stim	4168930	0	1	25035	1	0	25000	hit	507
gpl008	181	Pulse	199	4169779	849	0
gpl008	181	Pulse	199	4179778	10848	0
gpl008	181	Response	16	4181988	13058	0
gpl008	181	Pulse	199	4189778	20848	0
gpl008	182	Picture	fix2	4193965	0	1	16579	1	0	next	other	0
gpl008	182	Pulse	199	4199778	5813	0
gpl008	182	Pulse	199	4209778	15813	0
gpl008	183	Picture	feedback	4210544	0	1	20061	1	0	next	other	0
gpl008	183	Pulse	199	4219779	9234	0
gpl008	183	Pulse	199	4229778	19233	0
gpl008	184	Picture	fix	4230605	0	1	24703	1	0	next	other	0
gpl008	184	Pulse	199	4239779	9173	0
gpl008	184	Pulse	199	4249779	19173	0
gpl008	186	Picture	stim	4255308	0	1	25035	1	0	25000	hit	520
gpl008	186	Pulse	199	4259778	4470	0
gpl008	186	Response	16	4266848	11539	0
gpl008	186	Pulse	199	4269778	14469	0
gpl008	186	Pulse	199	4279778	24470	0
gpl008	187	Picture	fix2	4280509	0	1	18071	1	0	next	other	0
gpl008	187	Pulse	199	4289779	9270	0
gpl008	188	Picture	feedback	4298581	0	1	20061	1	0	next	other	0
gpl008	188	Pulse	199	4299778	1197	0
gpl008	188	Pulse	199	4309778	11198	0
gpl008	189	Picture	fix	4318642	0	1	26030	1	0	next	other	0
gpl008	189	Pulse	199	4319778	1137	0
gpl008	189	Pulse	199	4329778	11137	0
gpl008	189	Pulse	199	4339778	21137	0
gpl008	191	Picture	stim	4344671	0	1	25035	1	0	25000	incorrect	534
gpl008	191	Pulse	199	4349779	5107	0
gpl008	191	Response	32	4354178	9507	0
gpl008	191	Pulse	199	4359778	15107	0
gpl008	192	Picture	fix2	4369706	0	1	16745	1	0	next	other	0
gpl008	192	Pulse	199	4369778	72	0
gpl008	192	Pulse	199	4379778	10073	0
gpl008	193	Picture	feedback	4386451	0	1	20061	1	0	next	other	0
gpl008	193	Pulse	199	4389778	3327	0
gpl008	193	Pulse	199	4399778	13327	0
gpl008	194	Picture	fix	4406512	0	1	17740	1	0	next	other	0
gpl008	194	Pulse	199	4409777	3265	0
gpl008	194	Pulse	199	4419778	13265	0
gpl008	196	Picture	stim	4424252	0	1	25035	1	0	25000	incorrect	547
gpl008	196	Pulse	199	4429778	5526	0
gpl008	196	Response	32	4434798	10546	0
gpl008	196	Pulse	199	4439777	15525	0
gpl008	197	Picture	fix2	4449287	0	1	15916	1	0	next	other	0
gpl008	197	Pulse	199	4449778	491	0
gpl008	197	Pulse	199	4459778	10491	0
gpl008	198	Picture	feedback	4465203	0	1	20061	1	0	next	other	0
gpl008	198	Pulse	199	4469778	4575	0
gpl008	198	Pulse	199	4479778	14575	0
gpl008	199	Picture	fix	4485264	0	1	32164	1	0	next	other	0
gpl008	199	Pulse	199	4489778	4514	0
gpl008	199	Pulse	199	4499778	14514	0
gpl008	199	Pulse	199	4509777	24513	0
gpl008	201	Picture	stim	4517428	0	1	25035	1	0	25000	incorrect	561
gpl008	201	Pulse	199	4519778	2350	0
gpl008	201	Response	32	4529648	12220	0
gpl008	201	Pulse	199	4529778	12350	0
gpl008	201	Pulse	199	4539777	22349	0
gpl008	202	Picture	fix2	4542629	0	1	23543	1	0	next	other	0
gpl008	202	Pulse	199	4549778	7150	0
gpl008	202	Pulse	199	4559778	17149	0
gpl008	203	Picture	feedback	4566171	0	1	20061	1	0	next	other	0
gpl008	203	Pulse	199	4569778	3607	0
gpl008	203	Pulse	199	4579777	13606	0
gpl008	204	Picture	fix	4586232	0	1	28848	1	0	next	other	0
gpl008	204	Pulse	199	4589778	3546	0
gpl008	204	Pulse	199	4599778	13546	0
gpl008	204	Pulse	199	4609778	23546	0
gpl008	206	Picture	stim	4615080	0	1	25035	1	0	25000	incorrect	576
gpl008	206	Pulse	199	4619778	4698	0
gpl008	206	Response	32	4624368	9287	0
gpl008	206	Pulse	199	4629778	14698	0
gpl008	206	Pulse	199	4639778	24698	0
gpl008	207	Picture	fix2	4640115	0	1	20393	1	0	next	other	0
gpl008	207	Pulse	199	4649778	9663	0
gpl008	207	Pulse	199	4659778	19663	0
gpl008	208	Picture	feedback	4660508	0	1	20061	1	0	next	other	0
gpl008	208	Pulse	199	4669778	9270	0
gpl008	208	Pulse	199	4679778	19270	0
gpl008	209	Picture	fix	4680569	0	1	22216	1	0	next	other	0
gpl008	209	Pulse	199	4689778	9210	0
gpl008	209	Pulse	199	4699778	19209	0
gpl008	211	Picture	stim	4702785	0	1	25035	1	0	25000	hit	590
gpl008	211	Pulse	199	4709778	6993	0
gpl008	211	Response	16	4711588	8803	0
gpl008	211	Pulse	199	4719778	16993	0
gpl008	212	Picture	fix2	4727820	0	1	16082	1	0	next	other	0
gpl008	212	Pulse	199	4729778	1958	0
gpl008	212	Pulse	199	4739778	11958	0
gpl008	213	Picture	feedback	4743902	0	1	20061	1	0	next	other	0
gpl008	213	Pulse	199	4749778	5876	0
gpl008	213	Pulse	199	4759778	15877	0
gpl008	214	Picture	fix	4763963	0	1	30838	1	0	next	other	0
gpl008	214	Pulse	199	4769778	5815	0
gpl008	214	Pulse	199	4779778	15815	0
gpl008	214	Pulse	199	4789778	25815	0
gpl008	216	Picture	stim	4794800	0	1	25035	1	0	25000	incorrect	604
gpl008	216	Pulse	199	4799778	4978	0
gpl008	216	Response	32	4807738	12938	0
gpl008	216	Pulse	199	4809778	14978	0
gpl008	216	Pulse	199	4819778	24978	0
gpl008	217	Picture	fix2	4819835	0	1	29014	1	0	next	other	0
gpl008	217	Pulse	199	4829778	9943	0
gpl008	217	Pulse	199	4839778	19943	0
gpl008	218	Picture	feedback	4848849	0	1	20061	1	0	next	other	0
gpl008	218	Pulse	199	4849778	929	0
gpl008	218	Pulse	199	4859778	10929	0
gpl008	219	Picture	fix	4868910	0	1	20393	1	0	next	other	0
gpl008	219	Pulse	199	4869778	868	0
gpl008	219	Pulse	199	4879778	10868	0
gpl008	221	Picture	stim	4889303	0	1	25035	1	0	25000	hit	618
gpl008	221	Pulse	199	4889778	475	0
gpl008	221	Response	16	4898698	9395	0
gpl008	221	Pulse	199	4899778	10475	0
gpl008	221	Pulse	199	4909778	20475	0
gpl008	222	Picture	fix2	4914503	0	1	10777	1	0	next	other	0
gpl008	222	Pulse	199	4919778	5275	0
gpl008	223	Picture	feedback	4925280	0	1	20061	1	0	next	other	0
gpl008	223	Pulse	199	4929778	4498	0
gpl008	223	Pulse	199	4939778	14498	0
gpl008	224	Picture	fix	4945341	0	1	22051	1	0	next	other	0
gpl008	224	Pulse	199	4949778	4437	0
gpl008	224	Pulse	199	4959778	14437	0
gpl008	226	Picture	stim	4967392	0	1	25035	1	0	25000	incorrect	631
gpl008	226	Pulse	199	4969778	2387	0
gpl008	226	Response	32	4975258	7866	0
gpl008	226	Pulse	199	4979778	12387	0
gpl008	226	Pulse	199	4989778	22386	0
gpl008	227	Picture	fix2	4992592	0	1	13927	1	0	next	other	0
gpl008	227	Pulse	199	4999778	7186	0
gpl008	228	Picture	feedback	5006519	0	1	20061	1	0	next	other	0
gpl008	228	Pulse	199	5009778	3259	0
gpl008	228	Pulse	199	5019778	13259	0
gpl008	229	Picture	fix	5026580	0	1	26527	1	0	next	other	0
gpl008	229	Pulse	199	5029778	3198	0
gpl008	229	Pulse	199	5039778	13198	0
gpl008	229	Pulse	199	5049778	23198	0
gpl008	231	Picture	stim	5053107	0	1	25035	1	0	25000	hit	645
gpl008	231	Pulse	199	5059778	6671	0
gpl008	231	Response	16	5064298	11191	0
gpl008	231	Pulse	199	5069778	16671	0
gpl008	232	Picture	fix2	5078307	0	1	15253	1	0	next	other	0
gpl008	232	Pulse	199	5079778	1471	0
gpl008	232	Pulse	199	5089778	11471	0
gpl008	233	Picture	feedback	5093560	0	1	20061	1	0	next	other	0
gpl008	233	Pulse	199	5099778	6218	0
gpl008	233	Pulse	199	5109779	16218	0
gpl008	234	Picture	fix	5113621	0	1	29014	1	0	next	other	0
gpl008	234	Pulse	199	5119779	6157	0
gpl008	234	Pulse	199	5129778	16157	0
gpl008	234	Pulse	199	5139779	26157	0
gpl008	236	Picture	stim	5142635	0	1	25035	1	0	25000	hit	659
gpl008	236	Pulse	199	5149779	7144	0
gpl008	236	Response	16	5151389	8753	0
gpl008	236	Pulse	199	5159779	17143	0
gpl008	237	Picture	fix2	5167670	0	1	22201	182	0	next	other	0
gpl008	237	Pulse	199	5169778	2108	0
gpl008	237	Pulse	199	5179778	12108	0
gpl008	237	Pulse	199	5189779	22109	0
gpl008	238	Picture	feedback	5189871	0	181	20076	182	0	next	other	0
gpl008	238	Pulse	199	5199778	9907	0
gpl008	238	Pulse	199	5209779	19907	0
gpl008	239	Picture	fix	5209947	0	1	30009	1	0	next	other	0
gpl008	239	Pulse	199	5219779	9832	0
gpl008	239	Pulse	199	5229778	19831	0
gpl008	239	Pulse	199	5239779	29831	0
gpl008	241	Picture	stim	5239956	0	1	25035	1	0	25000	incorrect	673
gpl008	241	Response	32	5248519	8563	0
gpl008	241	Pulse	199	5249779	9823	0
gpl008	241	Pulse	199	5259779	19823	0
gpl008	242	Picture	fix2	5264991	0	1	26195	1	0	next	other	0
gpl008	242	Pulse	199	5269778	4787	0
gpl008	242	Pulse	199	5279779	14788	0
gpl008	242	Pulse	199	5289779	24788	0
gpl008	243	Picture	feedback	5291186	0	1	20061	1	0	next	other	0
gpl008	243	Pulse	199	5299788	8602	0
gpl008	243	Pulse	199	5309779	18593	0
gpl008	244	Picture	100	5311247	0	1	250000	183	0	250000	other	0
gpl008	244	Pulse	199	5319789	8542	0
gpl008	244	Pulse	199	5329789	18541	0
gpl008	244	Pulse	199	5339788	28541	0
gpl008	244	Pulse	199	5349789	38542	0
gpl008	244	Pulse	199	5359789	48541	0
gpl008	244	Pulse	199	5369788	58541	0
gpl008	244	Pulse	199	5379789	68541	0
gpl008	244	Pulse	199	5389789	78542	0
gpl008	244	Pulse	199	5399788	88541	0
gpl008	244	Pulse	199	5409788	98541	0
gpl008	244	Pulse	199	5419788	108541	0
gpl008	244	Pulse	199	5429788	118541	0
gpl008	244	Pulse	199	5439788	128541	0
gpl008	244	Pulse	199	5449788	138541	0
gpl008	244	Pulse	199	5459788	148541	0
gpl008	244	Pulse	199	5469788	158541	0
gpl008	244	Pulse	199	5479788	168540	0
gpl008	244	Pulse	199	5489788	178541	0
gpl008	244	Pulse	199	5499788	188541	0
gpl008	244	Pulse	199	5509788	198540	0
gpl008	244	Pulse	199	5519788	208541	0
gpl008	244	Pulse	199	5529788	218541	0
