Scenario - FBL_A.sce
Logfile written - 04/14/2021 18:22:14

Subject	Trial	Event Type	Code	Time	TTime	Uncertainty	Duration	Uncertainty	ReqTime	ReqDur	Stim Type	Pair Index

gpl004	1	Response	16	105388	95222	0
gpl004	2	Picture	start	105390	0	273	813821	273	0	next	other	0
gpl004	2	Response	16	120409	15018	0
gpl004	3	Pulse	199	919098	763700	0
gpl004	3	Pulse	199	929097	773699	0
gpl004	3	Pulse	199	939098	783699	0
gpl004	3	Pulse	199	949097	793699	0
gpl004	3	Pulse	199	959097	803699	0
gpl004	3	Pulse	199	969097	813699	0
gpl004	4	Picture	fix	969612	0	1	28682	1	0	next	other	0
gpl004	4	Pulse	199	979098	9485	0
gpl004	4	Pulse	199	989097	19485	0
gpl004	6	Picture	stim	998295	0	1	25035	1	0	25000	incorrect	16
gpl004	6	Pulse	199	999097	803	0
gpl004	6	Pulse	199	1009097	10803	0
gpl004	6	Response	32	1012127	13833	0
gpl004	6	Pulse	199	1019098	20803	0
gpl004	7	Picture	fix2	1023495	0	1	29014	1	0	next	other	0
gpl004	7	Pulse	199	1029097	5602	0
gpl004	7	Pulse	199	1039097	15602	0
gpl004	7	Pulse	199	1049098	25602	0
gpl004	8	Picture	feedback	1052509	0	1	20227	1	0	next	other	0
gpl004	8	Pulse	199	1059097	6588	0
gpl004	8	Pulse	199	1069097	16588	0
gpl004	9	Picture	fix	1072736	0	1	35977	1	0	next	other	0
gpl004	9	Pulse	199	1079098	6362	0
gpl004	9	Pulse	199	1089098	16362	0
gpl004	9	Pulse	199	1099097	26361	0
gpl004	11	Picture	stim	1108713	0	1	25035	1	0	25000	hit	32
gpl004	11	Pulse	199	1109097	384	0
gpl004	11	Pulse	199	1119097	10384	0
gpl004	11	Response	16	1120657	11944	0
gpl004	11	Pulse	199	1129098	20385	0
gpl004	12	Picture	fix2	1133748	0	1	25864	1	0	next	other	0
gpl004	12	Pulse	199	1139097	5349	0
gpl004	12	Pulse	199	1149098	15350	0
gpl004	12	Pulse	199	1159098	25350	0
gpl004	13	Picture	feedback	1159612	0	1	20227	1	0	next	other	0
gpl004	13	Pulse	199	1169098	9486	0
gpl004	13	Pulse	199	1179098	19487	0
gpl004	14	Picture	fix	1179838	0	1	20393	1	0	next	other	0
gpl004	14	Pulse	199	1189098	9260	0
gpl004	14	Pulse	199	1199098	19259	0
gpl004	16	Picture	stim	1200231	0	1	25035	1	0	25000	hit	46
gpl004	16	Pulse	199	1209097	8866	0
gpl004	16	Response	16	1209268	9037	0
gpl004	16	Pulse	199	1219098	18867	0
gpl004	17	Picture	fix2	1225432	0	1	16082	1	0	next	other	0
gpl004	17	Pulse	199	1229098	3666	0
gpl004	17	Pulse	199	1239097	13666	0
gpl004	18	Picture	feedback	1241514	0	1	20227	1	0	next	other	0
gpl004	18	Pulse	199	1249098	7584	0
gpl004	18	Pulse	199	1259098	17584	0
gpl004	19	Picture	fix	1261740	0	1	26361	1	0	next	other	0
gpl004	19	Pulse	199	1269098	7358	0
gpl004	19	Pulse	199	1279097	17357	0
gpl004	21	Picture	stim	1288102	0	1	25035	1	0	25000	hit	60
gpl004	21	Pulse	199	1289098	996	0
gpl004	21	Pulse	199	1299098	10997	0
gpl004	21	Response	16	1300228	12126	0
gpl004	21	Pulse	199	1309097	20996	0
gpl004	22	Picture	fix2	1313302	0	1	10777	1	0	next	other	0
gpl004	22	Pulse	199	1319099	5797	0
gpl004	23	Picture	feedback	1324079	0	1	20227	1	0	next	other	0
gpl004	23	Pulse	199	1329098	5019	0
gpl004	23	Pulse	199	1339098	15019	0
gpl004	24	Picture	fix	1344306	0	1	28517	1	0	next	other	0
gpl004	24	Pulse	199	1349097	4792	0
gpl004	24	Pulse	199	1359098	14792	0
gpl004	24	Pulse	199	1369098	24792	0
gpl004	26	Picture	stim	1372822	0	1	25035	1	0	25000	hit	73
gpl004	26	Pulse	199	1379097	6275	0
gpl004	26	Response	16	1382318	9496	0
gpl004	26	Pulse	199	1389098	16276	0
gpl004	27	Picture	fix2	1397857	0	1	14590	1	0	next	other	0
gpl004	27	Pulse	199	1399098	1241	0
gpl004	27	Pulse	199	1409098	11241	0
gpl004	28	Picture	feedback	1412447	0	1	20061	1	0	next	other	0
gpl004	28	Pulse	199	1419097	6650	0
gpl004	28	Pulse	199	1429098	16651	0
gpl004	29	Picture	fix	1432508	0	1	18569	1	0	next	other	0
gpl004	29	Pulse	199	1439098	6590	0
gpl004	29	Pulse	199	1449097	16589	0
gpl004	31	Picture	stim	1451077	0	1	25035	1	0	25000	hit	86
gpl004	31	Pulse	199	1459098	8021	0
gpl004	31	Response	16	1463287	12210	0
gpl004	31	Pulse	199	1469098	18021	0
gpl004	32	Picture	fix2	1476111	0	1	20558	1	0	next	other	0
gpl004	32	Pulse	199	1479108	2996	0
gpl004	32	Pulse	199	1489097	12986	0
gpl004	33	Picture	feedback	1496670	0	1	20393	1	0	next	other	0
gpl004	33	Pulse	199	1499098	2428	0
gpl004	33	Pulse	199	1509108	12438	0
gpl004	34	Picture	fix	1517062	0	1	29014	1	0	next	other	0
gpl004	34	Pulse	199	1519097	2035	0
gpl004	34	Pulse	199	1529097	12035	0
gpl004	34	Pulse	199	1539108	22045	0
gpl004	36	Picture	stim	1546076	0	1	25035	1	0	25000	hit	100
gpl004	36	Pulse	199	1549108	3032	0
gpl004	36	Response	16	1557208	11131	0
gpl004	36	Pulse	199	1559107	13031	0
gpl004	36	Pulse	199	1569108	23032	0
gpl004	37	Picture	fix2	1571277	0	1	26195	1	0	next	other	0
gpl004	37	Pulse	199	1579108	7832	0
gpl004	37	Pulse	199	1589108	17831	0
gpl004	38	Picture	feedback	1597472	0	1	20061	1	0	next	other	0
gpl004	38	Pulse	199	1599108	1636	0
gpl004	38	Pulse	199	1609108	11636	0
gpl004	39	Picture	fix	1617533	0	1	24703	1	0	next	other	0
gpl004	39	Pulse	199	1619108	1575	0
gpl004	39	Pulse	199	1629107	11574	0
gpl004	39	Pulse	199	1639108	21574	0
gpl004	41	Picture	stim	1642236	0	1	25034	2	0	25000	hit	114
gpl004	41	Response	16	1648929	6692	0
gpl004	41	Pulse	199	1649108	6872	0
gpl004	41	Pulse	199	1659107	16871	0
gpl004	42	Picture	fix2	1667271	0	1	18569	1	0	next	other	0
gpl004	42	Pulse	199	1669108	1838	0
gpl004	42	Pulse	199	1679108	11837	0
gpl004	43	Picture	feedback	1685840	0	1	20061	1	0	next	other	0
gpl004	43	Pulse	199	1689108	3268	0
gpl004	43	Pulse	199	1699107	13267	0
gpl004	44	Picture	fix	1705901	0	1	33988	1	0	next	other	0
gpl004	44	Pulse	199	1709108	3207	0
gpl004	44	Pulse	199	1719108	13206	0
gpl004	44	Pulse	199	1729107	23206	0
gpl004	44	Pulse	199	1739108	33207	0
gpl004	46	Picture	stim	1739889	0	1	25035	1	0	25000	hit	130
gpl004	46	Pulse	199	1749108	9219	0
gpl004	46	Response	16	1750128	10239	0
gpl004	46	Pulse	199	1759108	19219	0
gpl004	47	Picture	fix2	1764924	0	1	16579	1	0	next	other	0
gpl004	47	Pulse	199	1769108	4184	0
gpl004	47	Pulse	199	1779108	14184	0
gpl004	48	Picture	feedback	1781503	0	1	20061	1	0	next	other	0
gpl004	48	Pulse	199	1789108	7605	0
gpl004	48	Pulse	199	1799107	17604	0
gpl004	49	Picture	fix	1801564	0	1	21387	1	0	next	other	0
gpl004	49	Pulse	199	1809108	7544	0
gpl004	49	Pulse	199	1819108	17544	0
gpl004	51	Picture	stim	1822951	0	1	25035	1	0	25000	incorrect	143
gpl004	51	Pulse	199	1829108	6156	0
gpl004	51	Response	32	1837888	14937	0
gpl004	51	Pulse	199	1839108	16157	0
gpl004	52	Picture	fix2	1847986	0	1	22051	1	0	next	other	0
gpl004	52	Pulse	199	1849108	1122	0
gpl004	52	Pulse	199	1859108	11122	0
gpl004	52	Pulse	199	1869107	21121	0
gpl004	53	Picture	feedback	1870037	0	1	20061	1	0	next	other	0
gpl004	53	Pulse	199	1879108	9071	0
gpl004	53	Pulse	199	1889108	19071	0
gpl004	54	Picture	fix	1890097	0	1	21885	1	0	next	other	0
gpl004	54	Pulse	199	1899108	9011	0
gpl004	54	Pulse	199	1909108	19011	0
gpl004	56	Picture	stim	1911982	0	1	25035	1	0	25000	incorrect	157
gpl004	56	Pulse	199	1919108	7126	0
gpl004	56	Response	32	1924197	12215	0
gpl004	56	Pulse	199	1929108	17126	0
gpl004	57	Picture	fix2	1937183	0	1	24206	1	0	next	other	0
gpl004	57	Pulse	199	1939108	1925	0
gpl004	57	Pulse	199	1949108	11925	0
gpl004	57	Pulse	199	1959108	21925	0
gpl004	58	Picture	feedback	1961389	0	1	20061	1	0	next	other	0
gpl004	58	Pulse	199	1969107	7719	0
gpl004	58	Pulse	199	1979108	17719	0
gpl004	59	Picture	fix	1981450	0	1	28848	1	0	next	other	0
gpl004	59	Pulse	199	1989108	7659	0
gpl004	59	Pulse	199	1999108	17658	0
gpl004	59	Pulse	199	2009107	27657	0
gpl004	61	Picture	stim	2010298	0	1	25035	1	0	25000	incorrect	172
gpl004	61	Pulse	199	2019108	8810	0
gpl004	61	Response	32	2022099	11801	0
gpl004	61	Pulse	199	2029108	18810	0
gpl004	62	Picture	fix2	2035333	0	1	16745	1	0	next	other	0
gpl004	62	Pulse	199	2039108	3775	0
gpl004	62	Pulse	199	2049108	13775	0
gpl004	63	Picture	feedback	2052078	0	1	20061	1	0	next	other	0
gpl004	63	Pulse	199	2059108	7031	0
gpl004	63	Pulse	199	2069108	17030	0
gpl004	64	Picture	fix	2072139	0	1	23708	1	0	next	other	0
gpl004	64	Pulse	199	2079108	6969	0
gpl004	64	Pulse	199	2089108	16969	0
gpl004	66	Picture	stim	2095847	0	1	25035	1	0	25000	incorrect	185
gpl004	66	Pulse	199	2099108	3261	0
gpl004	66	Response	32	2108208	12360	0
gpl004	66	Pulse	199	2109107	13260	0
gpl004	66	Pulse	199	2119108	23261	0
gpl004	67	Picture	fix2	2120882	0	1	27687	1	0	next	other	0
gpl004	67	Pulse	199	2129108	8226	0
gpl004	67	Pulse	199	2139108	18226	0
gpl004	68	Picture	feedback	2148570	0	1	20061	1	0	next	other	0
gpl004	68	Pulse	199	2149108	539	0
gpl004	68	Pulse	199	2159108	10538	0
gpl004	69	Picture	fix	2168631	0	1	22216	1	0	next	other	0
gpl004	69	Pulse	199	2169109	478	0
gpl004	69	Pulse	199	2179107	10477	0
gpl004	69	Pulse	199	2189108	20477	0
gpl004	71	Picture	stim	2190847	0	1	25035	1	0	25000	hit	200
gpl004	71	Pulse	199	2199108	8261	0
gpl004	71	Response	16	2203808	12961	0
gpl004	71	Pulse	199	2209108	18261	0
gpl004	72	Picture	fix2	2215882	0	1	16082	1	0	next	other	0
gpl004	72	Pulse	199	2219108	3227	0
gpl004	72	Pulse	199	2229108	13226	0
gpl004	73	Picture	feedback	2231964	0	1	20061	1	0	next	other	0
gpl004	73	Pulse	199	2239108	7144	0
gpl004	73	Pulse	199	2249107	17144	0
gpl004	74	Picture	fix	2252025	0	1	37469	1	0	next	other	0
gpl004	74	Pulse	199	2259108	7083	0
gpl004	74	Pulse	199	2269108	17083	0
gpl004	74	Pulse	199	2279107	27083	0
gpl004	74	Pulse	199	2289108	37083	0
gpl004	76	Picture	stim	2289494	0	1	25035	1	0	25000	incorrect	215
gpl004	76	Pulse	199	2299108	9614	0
gpl004	76	Response	32	2308658	19164	0
gpl004	76	Pulse	199	2309108	19614	0
gpl004	77	Picture	fix2	2314695	0	1	14092	1	0	next	other	0
gpl004	77	Pulse	199	2319108	4413	0
gpl004	78	Picture	feedback	2328787	0	1	20061	1	0	next	other	0
gpl004	78	Pulse	199	2329108	321	0
gpl004	78	Pulse	199	2339108	10321	0
gpl004	79	Picture	fix	2348848	0	1	25201	1	0	next	other	0
gpl004	79	Pulse	199	2349108	260	0
gpl004	79	Pulse	199	2359108	10260	0
gpl004	79	Pulse	199	2369108	20260	0
gpl004	81	Picture	stim	2374049	0	1	25035	1	0	25000	incorrect	228
gpl004	81	Pulse	199	2379108	5060	0
gpl004	81	Response	32	2388547	14499	0
gpl004	81	Pulse	199	2389107	15059	0
gpl004	81	Pulse	199	2399109	25060	0
gpl004	82	Picture	fix2	2399249	0	1	11606	1	0	next	other	0
gpl004	82	Pulse	199	2409108	9859	0
gpl004	83	Picture	feedback	2410855	0	1	20061	1	0	next	other	0
gpl004	83	Pulse	199	2419108	8253	0
gpl004	83	Pulse	199	2429108	18253	0
gpl004	84	Picture	fix	2430916	0	1	17408	1	0	next	other	0
gpl004	84	Pulse	199	2439109	8193	0
gpl004	86	Picture	stim	2448324	0	1	25035	1	0	25000	hit	241
gpl004	86	Pulse	199	2449108	784	0
gpl004	86	Pulse	199	2459108	10784	0
gpl004	86	Response	16	2460648	12323	0
gpl004	86	Pulse	199	2469108	20784	0
gpl004	87	Picture	fix2	2473359	0	1	12932	1	0	next	other	0
gpl004	87	Pulse	199	2479109	5750	0
gpl004	88	Picture	feedback	2486291	0	1	20061	1	0	next	other	0
gpl004	88	Pulse	199	2489108	2817	0
gpl004	88	Pulse	199	2499108	12817	0
gpl004	89	Picture	fix	2506352	0	1	22382	1	0	next	other	0
gpl004	89	Pulse	199	2509109	2757	0
gpl004	89	Pulse	199	2519108	12756	0
gpl004	91	Picture	stim	2528734	0	1	25035	1	0	25000	incorrect	254
gpl004	91	Pulse	199	2529108	374	0
gpl004	91	Pulse	199	2539108	10374	0
gpl004	91	Response	32	2539598	10864	0
gpl004	91	Pulse	199	2549108	20374	0
gpl004	92	Picture	fix2	2553769	0	1	16579	1	0	next	other	0
gpl004	92	Pulse	199	2559108	5339	0
gpl004	92	Pulse	199	2569108	15339	0
gpl004	93	Picture	feedback	2570348	0	1	20061	1	0	next	other	0
gpl004	93	Pulse	199	2579108	8760	0
gpl004	93	Pulse	199	2589108	18759	0
gpl004	94	Picture	fix	2590409	0	1	26858	1	0	next	other	0
gpl004	94	Pulse	199	2599109	8699	0
gpl004	94	Pulse	199	2609108	18699	0
gpl004	96	Picture	stim	2617268	0	1	25035	1	0	25000	hit	268
gpl004	96	Pulse	199	2619108	1841	0
gpl004	96	Pulse	199	2629108	11840	0
gpl004	96	Response	16	2632148	14881	0
gpl004	96	Pulse	199	2639108	21841	0
gpl004	97	Picture	fix2	2642303	0	1	21387	1	0	next	other	0
gpl004	97	Pulse	199	2649109	6806	0
gpl004	97	Pulse	199	2659108	16805	0
gpl004	98	Picture	feedback	2663690	0	1	20061	1	0	next	other	0
gpl004	98	Pulse	199	2669109	5419	0
gpl004	98	Pulse	199	2679108	15418	0
gpl004	99	Picture	fix	2683751	0	1	20227	1	0	next	other	0
gpl004	99	Pulse	199	2689108	5357	0
gpl004	99	Pulse	199	2699108	15357	0
gpl004	101	Picture	stim	2703978	0	1	25035	1	0	25000	hit	281
gpl004	101	Pulse	199	2709108	5130	0
gpl004	101	Response	16	2713938	9960	0
gpl004	101	Pulse	199	2719108	15130	0
gpl004	101	Pulse	199	2729108	25130	1
gpl004	102	Picture	fix2	2729178	0	1	22201	182	0	next	other	0
gpl004	102	Pulse	199	2739108	9929	0
gpl004	102	Pulse	199	2749108	19930	0
gpl004	103	Picture	feedback	2751380	0	182	20076	182	0	next	other	0
gpl004	103	Pulse	199	2759108	7728	0
gpl004	103	Pulse	199	2769108	17728	0
gpl004	104	Picture	fix	2771456	0	1	24703	1	0	next	other	0
gpl004	104	Pulse	199	2779108	7652	0
gpl004	104	Pulse	199	2789108	17652	0
gpl004	106	Picture	stim	2796159	0	1	25035	1	0	25000	hit	295
gpl004	106	Pulse	199	2799108	2949	0
gpl004	106	Response	16	2806108	9949	0
gpl004	106	Pulse	199	2809108	12949	0
gpl004	106	Pulse	199	2819108	22949	0
gpl004	107	Picture	fix2	2821194	0	1	17242	1	0	next	other	0
gpl004	107	Pulse	199	2829108	7914	0
gpl004	108	Picture	feedback	2838436	0	1	20061	1	0	next	other	0
gpl004	108	Pulse	199	2839108	672	0
gpl004	108	Pulse	199	2849108	10672	0
gpl004	109	Picture	fix	2858497	0	1	28848	1	0	next	other	0
gpl004	109	Pulse	199	2859108	611	0
gpl004	109	Pulse	199	2869108	10610	0
gpl004	109	Pulse	199	2879108	20611	0
gpl004	111	Picture	stim	2887345	0	1	25035	1	0	25000	incorrect	309
gpl004	111	Pulse	199	2889108	1763	0
gpl004	111	Response	32	2895948	8603	0
gpl004	111	Pulse	199	2899108	11763	0
gpl004	111	Pulse	199	2909108	21763	0
gpl004	112	Picture	fix2	2912546	0	1	21885	1	0	next	other	0
gpl004	112	Pulse	199	2919108	6563	0
gpl004	112	Pulse	199	2929109	16563	0
gpl004	113	Picture	feedback	2934431	0	1	20061	1	0	next	other	0
gpl004	113	Pulse	199	2939108	4677	0
gpl004	113	Pulse	199	2949108	14678	0
gpl004	114	Picture	fix	2954492	0	1	23543	1	0	next	other	0
gpl004	114	Pulse	199	2959108	4617	0
gpl004	114	Pulse	199	2969108	14616	0
gpl004	116	Picture	stim	2978034	0	1	25035	1	0	25000	hit	323
gpl004	116	Pulse	199	2979108	1074	0
gpl004	116	Response	16	2987348	9314	0
gpl004	116	Pulse	199	2989108	11074	0
gpl004	116	Pulse	199	2999108	21074	0
gpl004	117	Picture	fix2	3003069	0	1	23543	1	0	next	other	0
gpl004	117	Pulse	199	3009108	6039	0
gpl004	117	Pulse	199	3019108	16039	0
gpl004	118	Picture	feedback	3026612	0	1	20061	1	0	next	other	0
gpl004	118	Pulse	199	3029109	2497	0
gpl004	118	Pulse	199	3039108	12496	0
gpl004	119	Picture	fix	3046673	0	1	22051	1	0	next	other	0
gpl004	119	Pulse	199	3049109	2436	0
gpl004	119	Pulse	199	3059108	12435	0
gpl004	121	Picture	stim	3068723	0	1	25035	1	0	25000	incorrect	338
gpl004	121	Pulse	199	3069109	385	0
gpl004	121	Pulse	199	3079108	10385	0
gpl004	121	Response	32	3081109	12385	0
gpl004	121	Pulse	199	3089110	20386	0
gpl004	122	Picture	fix2	3093758	0	1	20061	1	0	next	other	0
gpl004	122	Pulse	199	3099110	5351	0
gpl004	122	Pulse	199	3109109	15351	0
gpl004	123	Picture	feedback	3113819	0	1	20061	1	0	next	other	0
gpl004	123	Pulse	199	3119109	5290	0
gpl004	123	Pulse	199	3129109	15290	0
gpl004	124	Picture	fix	3133880	0	1	19066	1	0	next	other	0
gpl004	124	Pulse	199	3139109	5229	0
gpl004	124	Pulse	199	3149108	15228	0
gpl004	126	Picture	stim	3152946	0	1	25035	1	0	25000	incorrect	352
gpl004	126	Pulse	199	3159108	6162	0
gpl004	126	Pulse	199	3169109	16163	0
gpl004	126	Response	32	3173878	20932	0
gpl004	127	Picture	fix2	3177981	0	1	15253	1	0	next	other	0
gpl004	127	Pulse	199	3179108	1127	0
gpl004	127	Pulse	199	3189109	11128	0
gpl004	128	Picture	feedback	3193234	0	1	20061	1	0	next	other	0
gpl004	128	Pulse	199	3199109	5875	0
gpl004	128	Pulse	199	3209109	15875	0
gpl004	129	Picture	fix	3213295	0	1	30838	1	0	next	other	0
gpl004	129	Pulse	199	3219119	5824	0
gpl004	129	Pulse	199	3229119	15823	0
gpl004	129	Pulse	199	3239119	25824	0
gpl004	131	Picture	stim	3244133	0	1	25035	1	0	25000	hit	365
gpl004	131	Pulse	199	3249108	4976	0
gpl004	131	Response	16	3255148	11016	0
gpl004	131	Pulse	199	3259118	14985	0
gpl004	131	Pulse	199	3269118	24986	0
gpl004	132	Picture	fix2	3269168	0	1	23377	1	0	next	other	0
gpl004	132	Pulse	199	3279118	9951	0
gpl004	132	Pulse	199	3289119	19951	0
gpl004	133	Picture	feedback	3292544	0	1	20061	1	0	next	other	0
gpl004	133	Pulse	199	3299118	6574	0
gpl004	133	Pulse	199	3309118	16574	0
gpl004	134	Picture	fix	3312605	0	1	27356	1	0	next	other	0
gpl004	134	Pulse	199	3319118	6513	0
gpl004	134	Pulse	199	3329118	16513	0
gpl004	134	Pulse	199	3339118	26513	0
gpl004	136	Picture	stim	3339961	0	1	25035	1	0	25000	hit	380
gpl004	136	Pulse	199	3349118	9157	0
gpl004	136	Response	16	3356678	16717	0
gpl004	136	Pulse	199	3359118	19157	0
gpl004	137	Picture	fix2	3364996	0	1	13264	1	0	next	other	0
gpl004	137	Pulse	199	3369119	4122	0
gpl004	138	Picture	feedback	3378260	0	1	20061	1	0	next	other	0
gpl004	138	Pulse	199	3379119	859	0
gpl004	138	Pulse	199	3389118	10859	0
gpl004	139	Picture	fix	3398321	0	1	33325	1	0	next	other	0
gpl004	139	Pulse	199	3399119	798	0
gpl004	139	Pulse	199	3409118	10798	0
gpl004	139	Pulse	199	3419118	20798	0
gpl004	139	Pulse	199	3429118	30798	0
gpl004	141	Picture	stim	3431645	0	1	25035	1	0	25000	hit	394
gpl004	141	Pulse	199	3439119	7473	0
gpl004	141	Response	16	3440649	9004	0
gpl004	141	Pulse	199	3449118	17473	0
gpl004	142	Picture	fix2	3456680	0	1	21719	1	0	next	other	0
gpl004	142	Pulse	199	3459118	2438	0
gpl004	142	Pulse	199	3469118	12438	0
gpl004	143	Picture	feedback	3478399	0	1	20061	1	0	next	other	0
gpl004	143	Pulse	199	3479118	720	0
gpl004	143	Pulse	199	3489118	10719	0
gpl004	144	Picture	fix	3498460	0	1	24537	1	0	next	other	0
gpl004	144	Pulse	199	3499118	658	0
gpl004	144	Pulse	199	3509118	10658	0
gpl004	144	Pulse	199	3519118	20658	0
gpl004	146	Picture	stim	3522997	0	1	25035	1	0	25000	hit	408
gpl004	146	Pulse	199	3529118	6121	0
gpl004	146	Response	16	3538388	15391	0
gpl004	146	Pulse	199	3539118	16121	0
gpl004	147	Picture	fix2	3548032	0	1	25864	1	0	next	other	0
gpl004	147	Pulse	199	3549119	1086	0
gpl004	147	Pulse	199	3559118	11086	0
gpl004	147	Pulse	199	3569118	21086	0
gpl004	148	Picture	feedback	3573896	0	1	20061	1	0	next	other	0
gpl004	148	Pulse	199	3579119	5223	0
gpl004	148	Pulse	199	3589118	15222	0
gpl004	149	Picture	fix	3593957	0	1	26859	1	0	next	other	0
gpl004	149	Pulse	199	3599118	5161	0
gpl004	149	Pulse	199	3609118	15161	0
gpl004	149	Pulse	199	3619118	25162	0
gpl004	151	Picture	stim	3620815	0	1	25035	1	0	25000	hit	423
gpl004	151	Pulse	199	3629118	8303	0
gpl004	151	Response	16	3636998	16183	0
gpl004	151	Pulse	199	3639118	18303	0
gpl004	152	Picture	fix2	3645850	0	1	14756	1	0	next	other	0
gpl004	152	Pulse	199	3649119	3269	0
gpl004	152	Pulse	199	3659118	13268	0
gpl004	153	Picture	feedback	3660606	0	1	20061	1	0	next	other	0
gpl004	153	Pulse	199	3669119	8513	0
gpl004	153	Pulse	199	3679119	18513	0
gpl004	154	Picture	fix	3680667	0	1	32164	1	0	next	other	0
gpl004	154	Pulse	199	3689119	8452	0
gpl004	154	Pulse	199	3699118	18451	0
gpl004	154	Pulse	199	3709119	28452	0
gpl004	156	Picture	stim	3712831	0	1	25035	1	0	25000	incorrect	437
gpl004	156	Pulse	199	3719119	6288	0
gpl004	156	Response	32	3723508	10677	0
gpl004	156	Pulse	199	3729118	16287	0
gpl004	157	Picture	fix2	3737866	0	1	16414	1	0	next	other	0
gpl004	157	Pulse	199	3739119	1253	0
gpl004	157	Pulse	199	3749119	11253	0
gpl004	158	Picture	feedback	3754279	0	1	20061	1	0	next	other	0
gpl004	158	Pulse	199	3759119	4840	0
gpl004	158	Pulse	199	3769118	14839	0
gpl004	159	Picture	fix	3774340	0	1	20061	1	0	next	other	0
gpl004	159	Pulse	199	3779119	4779	0
gpl004	159	Pulse	199	3789119	14779	0
gpl004	161	Picture	stim	3794401	0	1	25035	1	0	25000	incorrect	450
gpl004	161	Pulse	199	3799118	4717	0
gpl004	161	Response	32	3805208	10807	0
gpl004	161	Pulse	199	3809119	14718	0
gpl004	161	Pulse	199	3819118	24717	0
gpl004	162	Picture	fix2	3819436	0	1	26361	1	0	next	other	0
gpl004	162	Pulse	199	3829118	9682	0
gpl004	162	Pulse	199	3839118	19682	0
gpl004	163	Picture	feedback	3845797	0	1	20061	1	0	next	other	0
gpl004	163	Pulse	199	3849119	3322	0
gpl004	163	Pulse	199	3859118	13321	0
gpl004	164	Picture	fix	3865858	0	1	22714	1	0	next	other	0
gpl004	164	Pulse	199	3869118	3260	0
gpl004	164	Pulse	199	3879118	13260	0
gpl004	166	Picture	stim	3888572	0	1	25035	1	0	25000	incorrect	464
gpl004	166	Pulse	199	3889118	546	0
gpl004	166	Response	32	3897588	9017	0
gpl004	166	Pulse	199	3899118	10546	0
gpl004	166	Pulse	199	3909118	20546	0
gpl004	167	Picture	fix2	3913607	0	1	21387	1	0	next	other	0
gpl004	167	Pulse	199	3919118	5512	0
gpl004	167	Pulse	199	3929118	15511	0
gpl004	168	Picture	feedback	3934994	0	1	20061	1	0	next	other	0
gpl004	168	Pulse	199	3939118	4124	0
gpl004	168	Pulse	199	3949119	14125	0
gpl004	169	Picture	fix	3955055	0	1	17740	1	0	next	other	0
gpl004	169	Pulse	199	3959119	4064	0
gpl004	169	Pulse	199	3969118	14063	0
gpl004	171	Picture	stim	3972795	0	1	25035	1	0	25000	hit	478
gpl004	171	Pulse	199	3979118	6323	0
gpl004	171	Response	16	3980868	8073	0
gpl004	171	Pulse	199	3989118	16323	0
gpl004	172	Picture	fix2	3997830	0	1	21553	1	0	next	other	0
gpl004	172	Pulse	199	3999119	1289	0
gpl004	172	Pulse	199	4009118	11288	0
gpl004	172	Pulse	199	4019118	21288	0
gpl004	173	Picture	feedback	4019383	0	1	20061	1	0	next	other	0
gpl004	173	Pulse	199	4029119	9736	0
gpl004	173	Pulse	199	4039118	19735	0
gpl004	174	Picture	fix	4039444	0	1	29345	1	0	next	other	0
gpl004	174	Pulse	199	4049119	9675	0
gpl004	174	Pulse	199	4059118	19674	0
gpl004	176	Picture	stim	4068789	0	1	25035	1	0	25000	incorrect	493
gpl004	176	Pulse	199	4069118	329	0
gpl004	176	Pulse	199	4079118	10329	0
gpl004	176	Response	32	4079269	10480	0
gpl004	176	Pulse	199	4089119	20329	0
gpl004	177	Picture	fix2	4093990	0	1	20393	1	0	next	other	0
gpl004	177	Pulse	199	4099119	5129	0
gpl004	177	Pulse	199	4109118	15128	0
gpl004	178	Picture	feedback	4114383	0	1	20061	1	0	next	other	0
gpl004	178	Pulse	199	4119119	4736	0
gpl004	178	Pulse	199	4129118	14736	0
gpl004	179	Picture	fix	4134444	0	1	23377	1	0	next	other	0
gpl004	179	Pulse	199	4139119	4675	0
gpl004	179	Pulse	199	4149118	14675	0
gpl004	181	Picture	stim	4157820	0	1	25035	1	0	25000	incorrect	507
gpl004	181	Pulse	199	4159119	1298	0
gpl004	181	Pulse	199	4169119	11298	0
gpl004	181	Response	32	4170149	12328	0
gpl004	181	Pulse	199	4179118	21298	0
gpl004	182	Picture	fix2	4182855	0	1	24372	1	0	next	other	0
gpl004	182	Pulse	199	4189119	6264	0
gpl004	182	Pulse	199	4199119	16264	0
gpl004	183	Picture	feedback	4207227	0	1	20061	1	0	next	other	0
gpl004	183	Pulse	199	4209119	1892	0
gpl004	183	Pulse	199	4219118	11891	0
gpl004	184	Picture	fix	4227288	0	1	16248	1	0	next	other	0
gpl004	184	Pulse	199	4229119	1831	0
gpl004	184	Pulse	199	4239119	11831	0
gpl004	186	Picture	stim	4243536	0	1	25035	1	0	25000	incorrect	520
gpl004	186	Pulse	199	4249118	5583	0
gpl004	186	Response	32	4256399	12863	0
gpl004	186	Pulse	199	4259119	15583	0
gpl004	187	Picture	fix2	4268570	0	1	29345	1	0	next	other	0
gpl004	187	Pulse	199	4269119	548	0
gpl004	187	Pulse	199	4279119	10548	0
gpl004	187	Pulse	199	4289118	20548	1
gpl004	188	Picture	feedback	4297916	0	1	20061	1	0	next	other	0
gpl004	188	Pulse	199	4299119	1203	0
gpl004	188	Pulse	199	4309119	11203	0
gpl004	189	Picture	fix	4317977	0	1	26858	1	0	next	other	0
gpl004	189	Pulse	199	4319119	1142	0
gpl004	189	Pulse	199	4329118	11141	1
gpl004	189	Pulse	199	4339119	21142	0
gpl004	191	Picture	stim	4344835	0	1	25035	1	0	25000	hit	536
gpl004	191	Pulse	199	4349120	4284	0
gpl004	191	Pulse	199	4359120	14284	0
gpl004	191	Response	16	4360948	16113	0
gpl004	191	Pulse	199	4369120	24284	0
gpl004	192	Picture	fix2	4369870	0	1	15916	2	0	next	other	0
gpl004	192	Pulse	199	4379120	9250	0
gpl004	193	Picture	feedback	4385786	0	2	20062	2	0	next	other	0
gpl004	193	Pulse	199	4389118	3333	0
gpl004	193	Pulse	199	4399119	13333	0
gpl004	194	Picture	fix	4405847	0	1	26030	1	0	next	other	0
gpl004	194	Pulse	199	4409120	3273	0
gpl004	194	Pulse	199	4419118	13271	0
gpl004	194	Pulse	199	4429118	23271	0
gpl004	196	Picture	stim	4431877	0	1	25035	1	0	25000	hit	549
gpl004	196	Pulse	199	4439118	7241	0
gpl004	196	Response	16	4445168	13291	0
gpl004	196	Pulse	199	4449118	17241	0
gpl004	197	Picture	fix2	4456912	0	1	18072	1	0	next	other	0
gpl004	197	Pulse	199	4459118	2207	0
gpl004	197	Pulse	199	4469118	12207	0
gpl004	198	Picture	feedback	4474983	0	1	20061	1	0	next	other	0
gpl004	198	Pulse	199	4479118	4135	0
gpl004	198	Pulse	199	4489118	14135	0
gpl004	199	Picture	fix	4495044	0	1	23377	1	0	next	other	0
gpl004	199	Pulse	199	4499119	4074	0
gpl004	199	Pulse	199	4509118	14074	0
gpl004	201	Picture	stim	4518421	0	1	25035	1	0	25000	hit	563
gpl004	201	Pulse	199	4519118	697	0
gpl004	201	Pulse	199	4529118	10697	0
gpl004	201	Response	16	4532439	14017	0
gpl004	201	Pulse	199	4539118	20697	0
gpl004	202	Picture	fix2	4543456	0	1	9119	1	0	next	other	0
gpl004	202	Pulse	199	4549119	5663	0
gpl004	203	Picture	feedback	4552575	0	1	20061	1	0	next	other	0
gpl004	203	Pulse	199	4559118	6544	0
gpl004	203	Pulse	199	4569118	16544	0
gpl004	204	Picture	fix	4572636	0	1	28019	1	0	next	other	0
gpl004	204	Pulse	199	4579119	6483	0
gpl004	204	Pulse	199	4589118	16483	0
gpl004	204	Pulse	199	4599118	26483	0
gpl004	206	Picture	stim	4600655	0	1	25035	1	0	25000	hit	576
gpl004	206	Pulse	199	4609119	8464	0
gpl004	206	Response	16	4612688	12034	0
gpl004	206	Pulse	199	4619119	18464	0
gpl004	207	Picture	fix2	4625855	0	1	21387	1	0	next	other	0
gpl004	207	Pulse	199	4629118	3263	0
gpl004	207	Pulse	199	4639119	13264	0
gpl004	208	Picture	feedback	4647243	0	1	20061	1	0	next	other	0
gpl004	208	Pulse	199	4649119	1876	0
gpl004	208	Pulse	199	4659119	11876	0
gpl004	209	Picture	fix	4667304	0	1	30009	1	0	next	other	0
gpl004	209	Pulse	199	4669119	1815	0
gpl004	209	Pulse	199	4679119	11815	0
gpl004	209	Pulse	199	4689119	21815	0
gpl004	211	Picture	stim	4697312	0	1	25035	1	0	25000	hit	591
gpl004	211	Pulse	199	4699118	1806	0
gpl004	211	Pulse	199	4709119	11807	0
gpl004	211	Response	16	4716169	18857	0
gpl004	211	Pulse	199	4719119	21807	0
gpl004	212	Picture	fix2	4722513	0	1	22548	1	0	next	other	0
gpl004	212	Pulse	199	4729119	6606	0
gpl004	212	Pulse	199	4739118	16606	0
gpl004	213	Picture	feedback	4745061	0	1	20061	1	0	next	other	0
gpl004	213	Pulse	199	4749119	4058	0
gpl004	213	Pulse	199	4759119	14058	0
gpl004	214	Picture	fix	4765122	0	1	29677	1	0	next	other	0
gpl004	214	Pulse	199	4769118	3997	0
gpl004	214	Pulse	199	4779119	13997	0
gpl004	214	Pulse	199	4789119	23997	0
gpl004	216	Picture	stim	4794799	0	1	25035	1	0	25000	hit	605
gpl004	216	Pulse	199	4799118	4320	0
gpl004	216	Response	16	4805139	10340	0
gpl004	216	Pulse	199	4809118	14319	0
gpl004	216	Pulse	199	4819119	24320	0
gpl004	217	Picture	fix2	4819834	0	1	13927	1	0	next	other	0
gpl004	217	Pulse	199	4829119	9286	0
gpl004	218	Picture	feedback	4833760	0	1	20061	1	0	next	other	0
gpl004	218	Pulse	199	4839119	5358	0
gpl004	218	Pulse	199	4849119	15359	0
gpl004	219	Picture	fix	4853821	0	1	29180	1	0	next	other	0
gpl004	219	Pulse	199	4859119	5298	1
gpl004	219	Pulse	199	4869119	15297	0
gpl004	219	Pulse	199	4879119	25298	0
gpl004	221	Picture	stim	4883001	0	1	25035	1	0	25000	incorrect	619
gpl004	221	Pulse	199	4889119	6118	0
gpl004	221	Response	32	4894228	11228	0
gpl004	221	Pulse	199	4899119	16118	0
gpl004	222	Picture	fix2	4908036	0	1	17906	1	0	next	other	0
gpl004	222	Pulse	199	4909119	1083	0
gpl004	222	Pulse	199	4919119	11083	0
gpl004	223	Picture	feedback	4925941	0	1	20061	1	0	next	other	0
gpl004	223	Pulse	199	4929119	3178	0
gpl004	223	Pulse	199	4939119	13177	0
gpl004	224	Picture	fix	4946002	0	1	19398	1	0	next	other	0
gpl004	224	Pulse	199	4949129	3127	0
gpl004	224	Pulse	199	4959119	13117	0
gpl004	226	Picture	stim	4965400	0	1	25035	1	0	25000	hit	632
gpl004	226	Pulse	199	4969119	3719	0
gpl004	226	Response	16	4975729	10329	0
gpl004	226	Pulse	199	4979129	13729	0
gpl004	226	Pulse	199	4989129	23729	0
gpl004	227	Picture	fix2	4990601	0	1	16414	1	0	next	other	0
gpl004	227	Pulse	199	4999129	8528	0
gpl004	228	Picture	feedback	5007014	0	1	20061	1	0	next	other	0
gpl004	228	Pulse	199	5009128	2114	0
gpl004	228	Pulse	199	5019129	12115	0
gpl004	229	Picture	fix	5027075	0	1	31169	1	0	next	other	0
gpl004	229	Pulse	199	5029129	2054	0
gpl004	229	Pulse	199	5039129	12053	0
gpl004	229	Pulse	199	5049129	22053	0
gpl004	231	Picture	stim	5058245	0	1	25035	1	0	25000	incorrect	647
gpl004	231	Pulse	199	5059129	885	0
gpl004	231	Pulse	199	5069129	10885	0
gpl004	231	Response	32	5073179	14934	0
gpl004	231	Pulse	199	5079129	20884	0
gpl004	232	Picture	fix2	5083279	0	1	15916	1	0	next	other	0
gpl004	232	Pulse	199	5089129	5850	0
gpl004	232	Pulse	199	5099129	15849	1
gpl004	233	Picture	feedback	5099196	0	1	20061	1	0	next	other	0
gpl004	233	Pulse	199	5109129	9933	0
gpl004	233	Pulse	199	5119129	19933	0
gpl004	234	Picture	fix	5119257	0	1	26527	1	0	next	other	0
gpl004	234	Pulse	199	5129129	9872	0
gpl004	234	Pulse	199	5139129	19873	0
gpl004	236	Picture	stim	5145784	0	1	25035	1	0	25000	incorrect	660
gpl004	236	Pulse	199	5149129	3345	0
gpl004	236	Response	32	5156729	10945	0
gpl004	236	Pulse	199	5159128	13345	0
gpl004	236	Pulse	199	5169129	23345	0
gpl004	237	Picture	fix2	5170818	0	1	18071	1	0	next	other	0
gpl004	237	Pulse	199	5179129	8310	0
gpl004	238	Picture	feedback	5188890	0	1	20061	1	0	next	other	0
gpl004	238	Pulse	199	5189129	239	0
gpl004	238	Pulse	199	5199128	10239	0
gpl004	239	Picture	fix	5208951	0	1	25366	1	0	next	other	0
gpl004	239	Pulse	199	5209129	178	0
gpl004	239	Pulse	199	5219128	10178	0
gpl004	239	Pulse	199	5229128	20177	0
gpl004	241	Picture	stim	5234317	0	1	25035	1	0	25000	hit	674
gpl004	241	Pulse	199	5239129	4811	0
gpl004	241	Response	16	5244079	9762	0
gpl004	241	Pulse	199	5249128	14811	0
gpl004	241	Pulse	199	5259128	24811	0
gpl004	242	Picture	fix2	5259352	0	1	11108	1	0	next	other	0
gpl004	242	Pulse	199	5269129	9777	0
gpl004	243	Picture	feedback	5270460	0	1	20061	1	0	next	other	0
gpl004	243	Pulse	199	5279129	8668	0
gpl004	243	Pulse	199	5289129	18668	0
gpl004	244	Picture	100	5290521	0	1	250000	183	0	250000	other	0
gpl004	244	Pulse	199	5299129	8607	0
gpl004	244	Pulse	199	5309129	18607	0
gpl004	244	Pulse	199	5319129	28608	0
gpl004	244	Pulse	199	5329129	38608	0
gpl004	244	Pulse	199	5339129	48608	0
gpl004	244	Pulse	199	5349130	58608	0
gpl004	244	Pulse	199	5359129	68607	0
gpl004	244	Pulse	199	5369129	78608	0
gpl004	244	Pulse	199	5379129	88608	0
gpl004	244	Pulse	199	5389128	98607	0
gpl004	244	Pulse	199	5399130	108608	0
gpl004	244	Pulse	199	5409129	118608	0
gpl004	244	Pulse	199	5419129	128608	0
gpl004	244	Pulse	199	5429129	138608	0
gpl004	244	Pulse	199	5439130	148608	0
gpl004	244	Pulse	199	5449130	158608	0
gpl004	244	Pulse	199	5459128	168607	0
gpl004	244	Pulse	199	5469129	178608	0
gpl004	244	Pulse	199	5479129	188608	0
gpl004	244	Pulse	199	5489129	198608	0
gpl004	244	Pulse	199	5499128	208607	0
gpl004	244	Pulse	199	5509130	218609	0
