Scenario - FBL_A.sce
Logfile written - 04/28/2021 18:36:43

Subject	Trial	Event Type	Code	Time	TTime	Uncertainty	Duration	Uncertainty	ReqTime	ReqDur	Stim Type	Pair Index

gpl009	1	Response	32	92865	82700	0
gpl009	2	Picture	start	92896	0	1	829797	1	0	next	other	0
gpl009	2	Response	16	114815	21919	0
gpl009	2	Response	16	117376	24479	0
gpl009	3	Response	16	833536	690630	0
gpl009	3	Response	16	835136	692229	0
gpl009	3	Response	16	836896	693989	0
gpl009	3	Response	16	838656	695749	0
gpl009	3	Pulse	199	922645	779739	0
gpl009	3	Pulse	199	932645	789738	0
gpl009	3	Pulse	199	942644	799738	0
gpl009	3	Pulse	199	952645	809738	0
gpl009	3	Pulse	199	962645	819738	0
gpl009	3	Pulse	199	972645	829738	0
gpl009	4	Picture	fix	972928	0	1	28019	1	0	next	other	0
gpl009	4	Pulse	199	982644	9716	0
gpl009	4	Pulse	199	992645	19716	0
gpl009	6	Picture	stim	1000947	0	1	25035	1	0	25000	incorrect	21
gpl009	6	Pulse	199	1002645	1698	0
gpl009	6	Pulse	199	1012644	11697	0
gpl009	6	Response	32	1018415	17467	0
gpl009	6	Pulse	199	1022645	21698	0
gpl009	7	Picture	fix2	1025982	0	1	12932	1	0	next	other	0
gpl009	7	Pulse	199	1032645	6663	0
gpl009	8	Picture	feedback	1038914	0	1	20061	1	0	next	other	0
gpl009	8	Pulse	199	1042645	3731	0
gpl009	8	Pulse	199	1052645	13731	0
gpl009	9	Picture	fix	1058975	0	1	30009	1	0	next	other	0
gpl009	9	Pulse	199	1062645	3670	0
gpl009	9	Pulse	199	1072655	13680	0
gpl009	9	Pulse	199	1082644	23669	0
gpl009	11	Picture	stim	1088984	0	1	25035	1	0	25000	incorrect	35
gpl009	11	Pulse	199	1092645	3661	0
gpl009	11	Pulse	199	1102645	13661	0
gpl009	11	Response	32	1105325	16341	0
gpl009	11	Pulse	199	1112645	23661	0
gpl009	12	Picture	fix2	1114019	0	1	26361	1	0	next	other	0
gpl009	12	Pulse	199	1122654	8636	0
gpl009	12	Pulse	199	1132655	18636	0
gpl009	13	Picture	feedback	1140380	0	1	20061	1	0	next	other	0
gpl009	13	Pulse	199	1142655	2275	0
gpl009	13	Pulse	199	1152655	12275	0
gpl009	14	Picture	fix	1160441	0	1	20227	1	0	next	other	0
gpl009	14	Pulse	199	1162655	2214	0
gpl009	14	Pulse	199	1172655	12214	0
gpl009	16	Picture	stim	1180668	0	1	25035	1	0	25000	incorrect	48
gpl009	16	Pulse	199	1182655	1987	0
gpl009	16	Response	32	1191365	10697	0
gpl009	16	Pulse	199	1192655	11987	0
gpl009	16	Pulse	199	1202655	21987	0
gpl009	17	Picture	fix2	1205702	0	1	14590	1	0	next	other	0
gpl009	17	Pulse	199	1212655	6952	0
gpl009	18	Picture	feedback	1220292	0	1	20061	1	0	next	other	0
gpl009	18	Pulse	199	1222654	2362	0
gpl009	18	Pulse	199	1232655	12362	0
gpl009	19	Picture	fix	1240353	0	1	28517	1	0	next	other	0
gpl009	19	Pulse	199	1242655	2301	0
gpl009	19	Pulse	199	1252654	12301	0
gpl009	19	Pulse	199	1262655	22301	0
gpl009	21	Picture	stim	1268870	0	1	25035	1	0	25000	incorrect	62
gpl009	21	Pulse	199	1272655	3785	0
gpl009	21	Response	32	1280654	11784	0
gpl009	21	Pulse	199	1282655	13785	0
gpl009	21	Pulse	199	1292654	23784	0
gpl009	22	Picture	fix2	1293905	0	1	24372	1	0	next	other	0
gpl009	22	Pulse	199	1302655	8750	0
gpl009	22	Pulse	199	1312655	18750	0
gpl009	23	Picture	feedback	1318276	0	1	20061	1	0	next	other	0
gpl009	23	Pulse	199	1322654	4378	0
gpl009	23	Pulse	199	1332655	14379	0
gpl009	24	Picture	fix	1338337	0	1	28848	1	0	next	other	0
gpl009	24	Pulse	199	1342655	4318	0
gpl009	24	Pulse	199	1352655	14318	0
gpl009	24	Pulse	199	1362655	24317	0
gpl009	26	Picture	stim	1367185	0	1	25035	1	0	25000	incorrect	77
gpl009	26	Pulse	199	1372655	5469	0
gpl009	26	Response	32	1378504	11319	0
gpl009	26	Pulse	199	1382655	15469	0
gpl009	27	Picture	fix2	1392220	0	1	21387	1	0	next	other	0
gpl009	27	Pulse	199	1392654	434	0
gpl009	27	Pulse	199	1402655	10435	0
gpl009	27	Pulse	199	1412655	20435	0
gpl009	28	Picture	feedback	1413608	0	1	20061	1	0	next	other	0
gpl009	28	Pulse	199	1422655	9047	0
gpl009	28	Pulse	199	1432654	19047	0
gpl009	29	Picture	fix	1433669	0	1	21387	1	0	next	other	0
gpl009	29	Pulse	199	1442655	8986	0
gpl009	29	Pulse	199	1452655	18986	0
gpl009	31	Picture	stim	1455056	0	1	25035	1	0	25000	incorrect	92
gpl009	31	Pulse	199	1462655	7599	0
gpl009	31	Pulse	199	1472655	17599	0
gpl009	31	Response	32	1472685	17629	0
gpl009	32	Picture	fix2	1480091	0	1	29014	1	0	next	other	0
gpl009	32	Pulse	199	1482655	2564	0
gpl009	32	Pulse	199	1492655	12564	0
gpl009	32	Pulse	199	1502655	22564	0
gpl009	33	Picture	feedback	1509105	0	1	20061	1	0	next	other	0
gpl009	33	Pulse	199	1512655	3550	0
gpl009	33	Pulse	199	1522655	13550	0
gpl009	34	Picture	fix	1529166	0	1	17740	1	0	next	other	0
gpl009	34	Pulse	199	1532655	3489	0
gpl009	34	Pulse	199	1542655	13489	0
gpl009	36	Picture	stim	1546906	0	1	25035	1	0	25000	incorrect	105
gpl009	36	Pulse	199	1552655	5749	0
gpl009	36	Response	32	1556345	9439	0
gpl009	36	Pulse	199	1562655	15749	0
gpl009	37	Picture	fix2	1571940	0	1	15916	1	0	next	other	0
gpl009	37	Pulse	199	1572654	714	0
gpl009	37	Pulse	199	1582655	10715	0
gpl009	38	Picture	feedback	1587857	0	1	20061	1	0	next	other	0
gpl009	38	Pulse	199	1592655	4798	0
gpl009	38	Pulse	199	1602654	14798	0
gpl009	39	Picture	fix	1607917	0	1	28848	1	0	next	other	0
gpl009	39	Pulse	199	1612655	4737	0
gpl009	39	Pulse	199	1622655	14737	0
gpl009	39	Pulse	199	1632655	24737	0
gpl009	41	Picture	stim	1636766	0	1	25035	1	0	25000	incorrect	119
gpl009	41	Pulse	199	1642654	5889	0
gpl009	41	Response	32	1646955	10189	0
gpl009	41	Pulse	199	1652655	15889	0
gpl009	42	Picture	fix2	1661800	0	1	25864	1	0	next	other	0
gpl009	42	Pulse	199	1662655	855	0
gpl009	42	Pulse	199	1672655	10854	0
gpl009	42	Pulse	199	1682655	20855	0
gpl009	43	Picture	feedback	1687664	0	1	20061	1	0	next	other	0
gpl009	43	Pulse	199	1692655	4991	0
gpl009	43	Pulse	199	1702655	14991	0
gpl009	44	Picture	fix	1707725	0	1	25366	1	0	next	other	0
gpl009	44	Pulse	199	1712655	4930	0
gpl009	44	Pulse	199	1722655	14930	0
gpl009	44	Pulse	199	1732655	24930	0
gpl009	46	Picture	stim	1733092	0	1	25035	1	0	25000	hit	134
gpl009	46	Pulse	199	1742654	9563	0
gpl009	46	Response	16	1743674	10583	0
gpl009	46	Pulse	199	1752655	19563	0
gpl009	47	Picture	fix2	1758126	0	1	24206	1	0	next	other	0
gpl009	47	Pulse	199	1762655	4529	0
gpl009	47	Pulse	199	1772654	14528	0
gpl009	48	Picture	feedback	1782332	0	1	20061	1	0	next	other	0
gpl009	48	Pulse	199	1782655	323	0
gpl009	48	Pulse	199	1792655	10323	0
gpl009	49	Picture	fix	1802393	0	1	16248	1	0	next	other	0
gpl009	49	Pulse	199	1802655	262	0
gpl009	49	Pulse	199	1812654	10261	0
gpl009	51	Picture	stim	1818641	0	1	25035	1	0	25000	incorrect	147
gpl009	51	Pulse	199	1822655	4014	0
gpl009	51	Response	32	1829675	11034	0
gpl009	51	Pulse	199	1832655	14014	0
gpl009	51	Pulse	199	1842655	24013	0
gpl009	52	Picture	fix2	1843676	0	1	18072	1	0	next	other	0
gpl009	52	Pulse	199	1852655	8980	0
gpl009	53	Picture	feedback	1861747	0	1	20061	1	0	next	other	0
gpl009	53	Pulse	199	1862655	908	0
gpl009	53	Pulse	199	1872655	10908	0
gpl009	54	Picture	fix	1881808	0	1	32164	1	0	next	other	0
gpl009	54	Pulse	199	1882655	847	0
gpl009	54	Pulse	199	1892655	10847	0
gpl009	54	Pulse	199	1902655	20847	0
gpl009	54	Pulse	199	1912655	30846	0
gpl009	56	Picture	stim	1913972	0	1	25035	1	0	25000	incorrect	162
gpl009	56	Pulse	199	1922655	8683	0
gpl009	56	Response	32	1929745	15773	0
gpl009	56	Pulse	199	1932655	18683	0
gpl009	57	Picture	fix2	1939007	0	1	14756	1	0	next	other	0
gpl009	57	Pulse	199	1942655	3648	0
gpl009	57	Pulse	199	1952655	13647	0
gpl009	58	Picture	feedback	1953763	0	1	20061	1	0	next	other	0
gpl009	58	Pulse	199	1962655	8893	0
gpl009	58	Pulse	199	1972656	18893	0
gpl009	59	Picture	fix	1973824	0	1	20061	1	0	next	other	0
gpl009	59	Pulse	199	1982655	8831	0
gpl009	59	Pulse	199	1992655	18832	0
gpl009	61	Picture	stim	1993885	0	1	25035	1	0	25000	hit	175
gpl009	61	Pulse	199	2002655	8771	0
gpl009	61	Response	16	2004685	10801	0
gpl009	61	Pulse	199	2012655	18770	0
gpl009	62	Picture	fix2	2018920	0	1	16579	1	0	next	other	0
gpl009	62	Pulse	199	2022655	3735	0
gpl009	62	Pulse	199	2032655	13736	0
gpl009	63	Picture	feedback	2035499	0	1	20061	1	0	next	other	0
gpl009	63	Pulse	199	2042655	7156	0
gpl009	63	Pulse	199	2052655	17156	0
gpl009	64	Picture	fix	2055560	0	1	19066	1	0	next	other	0
gpl009	64	Pulse	199	2062655	7095	0
gpl009	64	Pulse	199	2072655	17095	0
gpl009	66	Picture	stim	2074626	0	1	25035	1	0	25000	incorrect	188
gpl009	66	Pulse	199	2082655	8029	0
gpl009	66	Response	32	2089785	15159	0
gpl009	66	Pulse	199	2092656	18029	0
gpl009	67	Picture	fix2	2099661	0	1	16414	1	0	next	other	0
gpl009	67	Pulse	199	2102655	2994	0
gpl009	67	Pulse	199	2112655	12994	0
gpl009	68	Picture	feedback	2116075	0	1	20061	1	0	next	other	0
gpl009	68	Pulse	199	2122655	6580	0
gpl009	68	Pulse	199	2132655	16581	0
gpl009	69	Picture	fix	2136136	0	1	26527	1	0	next	other	0
gpl009	69	Pulse	199	2142655	6520	0
gpl009	69	Pulse	199	2152655	16519	0
gpl009	70	Pulse	199	2162655	129	0
gpl009	71	Picture	stim	2162663	0	1	25035	1	0	25000	incorrect	202
gpl009	71	Pulse	199	2172655	9993	0
gpl009	71	Response	32	2174545	11883	0
gpl009	71	Pulse	199	2182655	19993	0
gpl009	72	Picture	fix2	2187697	0	1	17243	1	0	next	other	0
gpl009	72	Pulse	199	2192655	4957	0
gpl009	72	Pulse	199	2202655	14958	0
gpl009	73	Picture	feedback	2204940	0	1	20061	1	0	next	other	0
gpl009	73	Pulse	199	2212655	7715	0
gpl009	73	Pulse	199	2222655	17715	0
gpl009	74	Picture	fix	2225001	0	1	29677	1	0	next	other	0
gpl009	74	Pulse	199	2232655	7654	0
gpl009	74	Pulse	199	2242655	17654	0
gpl009	74	Pulse	199	2252655	27654	0
gpl009	76	Picture	stim	2254678	0	1	25035	1	0	25000	incorrect	216
gpl009	76	Pulse	199	2262655	7977	0
gpl009	76	Response	32	2266425	11747	0
gpl009	76	Pulse	199	2272655	17977	0
gpl009	77	Picture	fix2	2279713	0	1	16745	1	0	next	other	0
gpl009	77	Pulse	199	2282655	2942	0
gpl009	77	Pulse	199	2292655	12942	0
gpl009	78	Picture	feedback	2296458	0	1	20061	1	0	next	other	0
gpl009	78	Pulse	199	2302655	6197	0
gpl009	78	Pulse	199	2312655	16197	0
gpl009	79	Picture	fix	2316519	0	1	22714	1	0	next	other	0
gpl009	79	Pulse	199	2322655	6136	0
gpl009	79	Pulse	199	2332655	16136	0
gpl009	81	Picture	stim	2339233	0	1	25035	1	0	25000	hit	229
gpl009	81	Pulse	199	2342656	3423	0
gpl009	81	Response	16	2350455	11223	0
gpl009	81	Pulse	199	2352656	13423	0
gpl009	81	Pulse	199	2362655	23422	0
gpl009	82	Picture	fix2	2364267	0	1	20393	1	0	next	other	0
gpl009	82	Pulse	199	2372656	8388	0
gpl009	82	Pulse	199	2382656	18388	0
gpl009	83	Picture	feedback	2384660	0	1	20061	1	0	next	other	0
gpl009	83	Pulse	199	2392655	7995	0
gpl009	83	Pulse	199	2402656	17996	0
gpl009	84	Picture	fix	2404721	0	1	24703	1	0	next	other	0
gpl009	84	Pulse	199	2412656	7934	0
gpl009	84	Pulse	199	2422655	17934	0
gpl009	86	Picture	stim	2429424	0	1	25035	1	0	25000	incorrect	243
gpl009	86	Pulse	199	2432655	3231	0
gpl009	86	Response	32	2438975	9551	0
gpl009	86	Pulse	199	2442656	13231	0
gpl009	86	Pulse	199	2452656	23231	0
gpl009	87	Picture	fix2	2454459	0	1	20558	1	0	next	other	0
gpl009	87	Pulse	199	2462655	8196	0
gpl009	87	Pulse	199	2472656	18196	0
gpl009	88	Picture	feedback	2475018	0	1	20061	1	0	next	other	0
gpl009	88	Pulse	199	2482656	7638	0
gpl009	88	Pulse	199	2492656	17638	0
gpl009	89	Picture	fix	2495079	0	1	22051	1	0	next	other	0
gpl009	89	Pulse	199	2502655	7577	0
gpl009	89	Pulse	199	2512656	17577	0
gpl009	91	Picture	stim	2517129	0	1	25035	1	0	25000	hit	257
gpl009	91	Pulse	199	2522656	5526	0
gpl009	91	Response	16	2526245	9116	0
gpl009	91	Pulse	199	2532655	15526	0
gpl009	92	Picture	fix2	2542164	0	1	14093	1	0	next	other	0
gpl009	92	Pulse	199	2542655	492	0
gpl009	92	Pulse	199	2552656	10492	0
gpl009	93	Picture	feedback	2556256	0	1	20061	1	0	next	other	0
gpl009	93	Pulse	199	2562655	6399	0
gpl009	93	Pulse	199	2572655	16398	0
gpl009	94	Picture	fix	2576317	0	1	23708	1	0	next	other	0
gpl009	94	Pulse	199	2582656	6338	0
gpl009	94	Pulse	199	2592656	16338	0
gpl009	96	Picture	stim	2600026	0	1	25035	1	0	25000	incorrect	271
gpl009	96	Pulse	199	2602655	2629	0
gpl009	96	Pulse	199	2612656	12630	0
gpl009	96	Response	32	2615095	15069	0
gpl009	96	Pulse	199	2622656	22630	0
gpl009	97	Picture	fix2	2625226	0	1	27688	1	0	next	other	0
gpl009	97	Pulse	199	2632655	7429	0
gpl009	97	Pulse	199	2642655	17428	0
gpl009	97	Pulse	199	2652656	27429	0
gpl009	98	Picture	feedback	2652914	0	1	20061	1	0	next	other	0
gpl009	98	Pulse	199	2662656	9742	0
gpl009	98	Pulse	199	2672655	19741	0
gpl009	99	Picture	fix	2672975	0	1	33988	1	0	next	other	0
gpl009	99	Pulse	199	2682656	9681	0
gpl009	99	Pulse	199	2692656	19681	0
gpl009	99	Pulse	199	2702655	29680	0
gpl009	101	Picture	stim	2706963	0	1	25035	1	0	25000	hit	286
gpl009	101	Pulse	199	2712655	5692	0
gpl009	101	Response	16	2716385	9423	0
gpl009	101	Pulse	199	2722656	15693	0
gpl009	102	Picture	fix2	2732163	0	1	11606	1	0	next	other	0
gpl009	102	Pulse	199	2732655	492	0
gpl009	102	Pulse	199	2742655	10492	0
gpl009	103	Picture	feedback	2743769	0	1	20061	1	0	next	other	0
gpl009	103	Pulse	199	2752656	8887	0
gpl009	103	Pulse	199	2762655	18886	0
gpl009	104	Picture	fix	2763830	0	1	30838	1	0	next	other	0
gpl009	104	Pulse	199	2772655	8826	0
gpl009	104	Pulse	199	2782655	18825	0
gpl009	104	Pulse	199	2792656	28826	0
gpl009	106	Picture	stim	2794667	0	1	25035	1	0	25000	incorrect	300
gpl009	106	Pulse	199	2802656	7988	0
gpl009	106	Response	32	2802666	7999	0
gpl009	106	Pulse	199	2812655	17987	0
gpl009	107	Picture	fix2	2819702	0	1	21885	1	0	next	other	0
gpl009	107	Pulse	199	2822656	2953	0
gpl009	107	Pulse	199	2832656	12953	0
gpl009	108	Picture	feedback	2841587	0	1	20061	1	0	next	other	0
gpl009	108	Pulse	199	2842655	1068	0
gpl009	108	Pulse	199	2852655	11068	0
gpl009	109	Picture	fix	2861648	0	1	27356	1	0	next	other	0
gpl009	109	Pulse	199	2862656	1008	0
gpl009	109	Pulse	199	2872656	11008	0
gpl009	109	Pulse	199	2882655	21007	0
gpl009	111	Picture	stim	2889004	0	1	25035	1	0	25000	hit	314
gpl009	111	Pulse	199	2892666	3662	0
gpl009	111	Response	16	2899785	10781	0
gpl009	111	Pulse	199	2902656	13652	0
gpl009	111	Pulse	199	2912655	23651	0
gpl009	112	Picture	fix2	2914205	0	1	15253	1	0	next	other	0
gpl009	112	Pulse	199	2922665	8461	0
gpl009	113	Picture	feedback	2929458	0	1	20061	1	0	next	other	0
gpl009	113	Pulse	199	2932665	3208	0
gpl009	113	Pulse	199	2942665	13208	0
gpl009	114	Picture	fix	2949519	0	1	26859	1	0	next	other	0
gpl009	114	Pulse	199	2952665	3146	0
gpl009	114	Pulse	199	2962665	13147	0
gpl009	114	Pulse	199	2972665	23147	0
gpl009	116	Picture	stim	2976377	0	1	25035	1	0	25000	incorrect	328
gpl009	116	Pulse	199	2982665	6288	0
gpl009	116	Response	32	2989615	13238	0
gpl009	116	Pulse	199	2992665	16288	0
gpl009	117	Picture	fix2	3001578	0	1	20061	1	0	next	other	0
gpl009	117	Pulse	199	3002666	1088	0
gpl009	117	Pulse	199	3012665	11088	0
gpl009	118	Picture	feedback	3021639	0	1	20061	1	0	next	other	0
gpl009	118	Pulse	199	3022665	1026	0
gpl009	118	Pulse	199	3032665	11027	0
gpl009	119	Picture	fix	3041700	0	1	37469	1	0	next	other	0
gpl009	119	Pulse	199	3042666	966	0
gpl009	119	Pulse	199	3052665	10965	0
gpl009	119	Pulse	199	3062665	20966	0
gpl009	119	Pulse	199	3072665	30966	0
gpl009	121	Picture	stim	3079169	0	1	25035	1	0	25000	hit	343
gpl009	121	Pulse	199	3082665	3496	0
gpl009	121	Response	16	3088375	9206	0
gpl009	121	Pulse	199	3092665	13496	0
gpl009	121	Pulse	199	3102665	23496	0
gpl009	122	Picture	fix2	3104204	0	1	22051	1	0	next	other	0
gpl009	122	Pulse	199	3112665	8462	0
gpl009	122	Pulse	199	3122665	18461	0
gpl009	123	Picture	feedback	3126254	0	1	20061	1	0	next	other	0
gpl009	123	Pulse	199	3132666	6412	0
gpl009	123	Pulse	199	3142666	16412	0
gpl009	124	Picture	fix	3146315	0	1	31169	1	0	next	other	0
gpl009	124	Pulse	199	3152666	6350	0
gpl009	124	Pulse	199	3162666	16350	0
gpl009	124	Pulse	199	3172666	26350	0
gpl009	126	Picture	stim	3177485	0	1	25035	1	0	25000	hit	358
gpl009	126	Pulse	199	3182665	5181	0
gpl009	126	Response	16	3186335	8851	0
gpl009	126	Pulse	199	3192665	15180	0
gpl009	127	Picture	fix2	3202519	0	1	11108	1	0	next	other	0
gpl009	127	Pulse	199	3202665	146	0
gpl009	127	Pulse	199	3212665	10146	0
gpl009	128	Picture	feedback	3213628	0	1	20061	1	0	next	other	0
gpl009	128	Pulse	199	3222665	9037	0
gpl009	128	Pulse	199	3232666	19038	0
gpl009	129	Picture	fix	3233689	0	1	23377	1	0	next	other	0
gpl009	129	Pulse	199	3242666	8977	0
gpl009	129	Pulse	199	3252665	18977	0
gpl009	131	Picture	stim	3257065	0	1	25035	1	0	25000	incorrect	371
gpl009	131	Pulse	199	3262665	5600	0
gpl009	131	Response	32	3267605	10540	0
gpl009	131	Pulse	199	3272665	15600	0
gpl009	132	Picture	fix2	3282100	0	1	16414	1	0	next	other	0
gpl009	132	Pulse	199	3282666	565	0
gpl009	132	Pulse	199	3292665	10564	0
gpl009	133	Picture	feedback	3298514	0	1	20061	1	0	next	other	0
gpl009	133	Pulse	199	3302666	4152	0
gpl009	133	Pulse	199	3312665	14152	0
gpl009	134	Picture	fix	3318575	0	1	22382	1	0	next	other	0
gpl009	134	Pulse	199	3322666	4091	0
gpl009	134	Pulse	199	3332665	14090	0
gpl009	136	Picture	stim	3340957	0	1	25035	1	0	25000	hit	385
gpl009	136	Pulse	199	3342665	1708	0
gpl009	136	Pulse	199	3352665	11708	0
gpl009	136	Response	16	3353945	12988	0
gpl009	136	Pulse	199	3362665	21708	0
gpl009	137	Picture	fix2	3365992	0	1	26195	1	0	next	other	0
gpl009	137	Pulse	199	3372666	6674	0
gpl009	137	Pulse	199	3382665	16674	0
gpl009	138	Picture	feedback	3392187	0	1	20061	1	0	next	other	0
gpl009	138	Pulse	199	3392665	478	0
gpl009	138	Pulse	199	3402665	10477	0
gpl009	139	Picture	fix	3412248	0	1	23377	1	0	next	other	0
gpl009	139	Pulse	199	3412666	417	0
gpl009	139	Pulse	199	3422665	10417	0
gpl009	139	Pulse	199	3432665	20417	0
gpl009	141	Picture	stim	3435625	0	1	25035	1	0	25000	incorrect	399
gpl009	141	Pulse	199	3442665	7040	0
gpl009	141	Response	32	3444565	8940	0
gpl009	141	Pulse	199	3452665	17040	0
gpl009	142	Picture	fix2	3460660	0	1	25864	1	0	next	other	0
gpl009	142	Pulse	199	3462666	2006	0
gpl009	142	Pulse	199	3472665	12005	0
gpl009	142	Pulse	199	3482666	22006	0
gpl009	143	Picture	feedback	3486524	0	1	20061	1	0	next	other	0
gpl009	143	Pulse	199	3492666	6142	0
gpl009	143	Pulse	199	3502665	16141	0
gpl009	144	Picture	fix	3506585	0	1	26859	1	0	next	other	0
gpl009	144	Pulse	199	3512666	6081	0
gpl009	144	Pulse	199	3522666	16081	0
gpl009	144	Pulse	199	3532665	26081	0
gpl009	146	Picture	stim	3533443	0	1	25035	1	0	25000	incorrect	414
gpl009	146	Pulse	199	3542666	9222	0
gpl009	146	Response	32	3548026	14582	0
gpl009	146	Pulse	199	3552666	19222	0
gpl009	147	Picture	fix2	3558478	0	1	18072	1	0	next	other	0
gpl009	147	Pulse	199	3562666	4188	0
gpl009	147	Pulse	199	3572665	14187	0
gpl009	148	Picture	feedback	3576550	0	1	20061	1	0	next	other	0
gpl009	148	Pulse	199	3582666	6116	0
gpl009	148	Pulse	199	3592666	16116	0
gpl009	149	Picture	fix	3596611	0	1	23543	1	0	next	other	0
gpl009	149	Pulse	199	3602665	6055	0
gpl009	149	Pulse	199	3612666	16055	0
gpl009	151	Picture	stim	3620153	0	1	25035	1	0	25000	hit	427
gpl009	151	Pulse	199	3622666	2513	0
gpl009	151	Response	16	3630905	10752	0
gpl009	151	Pulse	199	3632666	12513	0
gpl009	151	Pulse	199	3642666	22512	0
gpl009	152	Picture	fix2	3645354	0	1	22216	1	0	next	other	0
gpl009	152	Pulse	199	3652666	7312	0
gpl009	152	Pulse	199	3662666	17312	0
gpl009	153	Picture	feedback	3667570	0	1	20061	1	0	next	other	0
gpl009	153	Pulse	199	3672665	5095	0
gpl009	153	Pulse	199	3682666	15096	0
gpl009	154	Picture	fix	3687631	0	1	20393	1	0	next	other	0
gpl009	154	Pulse	199	3692666	5035	0
gpl009	154	Pulse	199	3702666	15034	0
gpl009	156	Picture	stim	3708024	0	1	25035	1	0	25000	hit	441
gpl009	156	Pulse	199	3712666	4642	0
gpl009	156	Response	16	3721696	13672	0
gpl009	156	Pulse	199	3722666	14642	0
gpl009	156	Pulse	199	3732666	24642	0
gpl009	157	Picture	fix2	3733059	0	1	16579	1	0	next	other	0
gpl009	157	Pulse	199	3742666	9607	0
gpl009	158	Picture	feedback	3749638	0	1	20061	1	0	next	other	0
gpl009	158	Pulse	199	3752666	3028	0
gpl009	158	Pulse	199	3762666	13028	0
gpl009	159	Picture	fix	3769699	0	1	26030	1	0	next	other	0
gpl009	159	Pulse	199	3772666	2967	0
gpl009	159	Pulse	199	3782666	12967	0
gpl009	159	Pulse	199	3792666	22967	0
gpl009	161	Picture	stim	3795729	0	1	25035	1	0	25000	hit	456
gpl009	161	Pulse	199	3802666	6937	0
gpl009	161	Pulse	199	3812666	16937	0
gpl009	161	Response	16	3813705	17977	0
gpl009	162	Picture	fix2	3820763	0	1	16082	1	0	next	other	0
gpl009	162	Pulse	199	3822666	1903	0
gpl009	162	Pulse	199	3832666	11903	0
gpl009	163	Picture	feedback	3836845	0	1	20061	1	0	next	other	0
gpl009	163	Pulse	199	3842666	5820	0
gpl009	163	Pulse	199	3852666	15820	0
gpl009	164	Picture	fix	3856906	0	1	29180	1	0	next	other	0
gpl009	164	Pulse	199	3862666	5760	0
gpl009	164	Pulse	199	3872666	15760	0
gpl009	164	Pulse	199	3882666	25759	0
gpl009	166	Picture	stim	3886086	0	1	25035	1	0	25000	hit	469
gpl009	166	Pulse	199	3892666	6580	0
gpl009	166	Response	16	3896445	10359	0
gpl009	166	Pulse	199	3902665	16579	0
gpl009	167	Picture	fix2	3911121	0	1	13263	1	0	next	other	0
gpl009	167	Pulse	199	3912665	1545	0
gpl009	167	Pulse	199	3922665	11545	0
gpl009	168	Picture	feedback	3924384	0	1	20061	1	0	next	other	0
gpl009	168	Pulse	199	3932665	8281	0
gpl009	168	Pulse	199	3942665	18281	0
gpl009	169	Picture	fix	3944445	0	1	29014	1	0	next	other	0
gpl009	169	Pulse	199	3952665	8220	0
gpl009	169	Pulse	199	3962666	18220	0
gpl009	169	Pulse	199	3972665	28220	0
gpl009	171	Picture	stim	3973459	0	1	25035	1	0	25000	incorrect	483
gpl009	171	Pulse	199	3982665	9206	0
gpl009	171	Response	32	3984886	11427	0
gpl009	171	Pulse	199	3992665	19206	0
gpl009	172	Picture	fix2	3998494	0	1	29345	1	0	next	other	0
gpl009	172	Pulse	199	4002665	4171	0
gpl009	172	Pulse	199	4012665	14171	0
gpl009	172	Pulse	199	4022665	24171	0
gpl009	173	Picture	feedback	4027839	0	1	20061	1	0	next	other	0
gpl009	173	Pulse	199	4032665	4826	0
gpl009	173	Pulse	199	4042665	14826	0
gpl009	174	Picture	fix	4047900	0	1	17408	1	0	next	other	0
gpl009	174	Pulse	199	4052665	4765	0
gpl009	174	Pulse	199	4062665	14765	0
gpl009	176	Picture	stim	4065309	0	1	25035	1	0	25000	hit	497
gpl009	176	Pulse	199	4072665	7357	0
gpl009	176	Response	16	4073636	8327	0
gpl009	176	Pulse	199	4082665	17357	0
gpl009	177	Picture	fix2	4090344	0	1	13927	1	0	next	other	0
gpl009	177	Pulse	199	4092665	2322	0
gpl009	177	Pulse	199	4102665	12322	0
gpl009	178	Picture	feedback	4104270	0	1	20061	1	0	next	other	0
gpl009	178	Pulse	199	4112666	8395	0
gpl009	178	Pulse	199	4122666	18395	0
gpl009	179	Picture	fix	4124331	0	1	21885	1	0	next	other	0
gpl009	179	Pulse	199	4132666	8335	0
gpl009	179	Pulse	199	4142666	18335	0
gpl009	181	Picture	stim	4146216	0	1	25035	1	0	25000	hit	510
gpl009	181	Pulse	199	4152666	6450	0
gpl009	181	Response	16	4161246	15030	0
gpl009	181	Pulse	199	4162666	16450	0
gpl009	182	Picture	fix2	4171251	0	1	16082	1	0	next	other	0
gpl009	182	Pulse	199	4172666	1415	0
gpl009	182	Pulse	199	4182666	11415	0
gpl009	183	Picture	feedback	4187333	0	1	20061	1	0	next	other	0
gpl009	183	Pulse	199	4192666	5333	0
gpl009	183	Pulse	199	4202666	15333	0
gpl009	184	Picture	fix	4207394	0	1	24703	1	0	next	other	0
gpl009	184	Pulse	199	4212666	5272	0
gpl009	184	Pulse	199	4222666	15272	0
gpl009	186	Picture	stim	4232097	0	1	25035	1	0	25000	hit	524
gpl009	186	Pulse	199	4232666	569	0
gpl009	186	Pulse	199	4242666	10569	0
gpl009	186	Response	16	4244836	12739	0
gpl009	186	Pulse	199	4252666	20569	0
gpl009	187	Picture	fix2	4257132	0	1	10777	1	0	next	other	0
gpl009	187	Pulse	199	4262666	5534	0
gpl009	188	Picture	feedback	4267908	0	1	20061	1	0	next	other	0
gpl009	188	Pulse	199	4272666	4758	0
gpl009	188	Pulse	199	4282666	14758	0
gpl009	189	Picture	fix	4287969	0	1	25201	1	0	next	other	0
gpl009	189	Pulse	199	4292666	4696	0
gpl009	189	Pulse	199	4302666	14696	0
gpl009	189	Pulse	199	4312666	24697	0
gpl009	191	Picture	stim	4313170	0	1	25035	1	0	25000	incorrect	536
gpl009	191	Response	32	4321756	8586	0
gpl009	191	Pulse	199	4322666	9496	0
gpl009	191	Pulse	199	4332666	19495	0
gpl009	192	Picture	fix2	4338205	0	1	21553	1	0	next	other	0
gpl009	192	Pulse	199	4342666	4461	0
gpl009	192	Pulse	199	4352666	14461	0
gpl009	193	Picture	feedback	4359758	0	1	20061	1	0	next	other	0
gpl009	193	Pulse	199	4362666	2908	0
gpl009	193	Pulse	199	4372665	12907	0
gpl009	194	Picture	fix	4379819	0	1	35977	1	0	next	other	0
gpl009	194	Pulse	199	4382666	2847	0
gpl009	194	Pulse	199	4392666	12847	0
gpl009	194	Pulse	199	4402665	22846	0
gpl009	194	Pulse	199	4412666	32847	0
gpl009	196	Picture	stim	4415796	0	1	25035	1	0	25000	incorrect	552
gpl009	196	Pulse	199	4422666	6870	0
gpl009	196	Response	32	4429636	13839	0
gpl009	196	Pulse	199	4432666	16869	0
gpl009	197	Picture	fix2	4440831	0	1	18569	1	0	next	other	0
gpl009	197	Pulse	199	4442666	1835	0
gpl009	197	Pulse	199	4452666	11835	0
gpl009	198	Picture	feedback	4459400	0	1	20061	1	0	next	other	0
gpl009	198	Pulse	199	4462666	3266	0
gpl009	198	Pulse	199	4472666	13266	0
gpl009	199	Picture	fix	4479461	0	1	19398	1	0	next	other	0
gpl009	199	Pulse	199	4482666	3205	0
gpl009	199	Pulse	199	4492666	13205	0
gpl009	201	Picture	stim	4498859	0	1	25035	1	0	25000	incorrect	565
gpl009	201	Pulse	199	4502665	3807	0
gpl009	201	Response	32	4509506	10647	0
gpl009	201	Pulse	199	4512666	13807	0
gpl009	201	Pulse	199	4522666	23808	0
gpl009	202	Picture	fix2	4523894	0	1	9119	1	0	next	other	0
gpl009	202	Pulse	199	4532666	8773	0
gpl009	203	Picture	feedback	4533012	0	1	20061	1	0	next	other	0
gpl009	203	Pulse	199	4542665	9653	0
gpl009	203	Pulse	199	4552666	19654	0
gpl009	204	Picture	fix	4553073	0	1	18569	1	0	next	other	0
gpl009	204	Pulse	199	4562666	9593	0
gpl009	206	Picture	stim	4571642	0	1	25035	1	0	25000	incorrect	577
gpl009	206	Pulse	199	4572666	1023	0
gpl009	206	Response	32	4580146	8504	0
gpl009	206	Pulse	199	4582666	11024	0
gpl009	206	Pulse	199	4592666	21024	0
gpl009	207	Picture	fix2	4596843	0	1	21719	1	0	next	other	0
gpl009	207	Pulse	199	4602666	5823	0
gpl009	207	Pulse	199	4612665	15823	0
gpl009	208	Picture	feedback	4618562	0	1	20061	1	0	next	other	0
gpl009	208	Pulse	199	4622666	4105	0
gpl009	208	Pulse	199	4632666	14105	0
gpl009	209	Picture	fix	4638623	0	1	26361	1	0	next	other	0
gpl009	209	Pulse	199	4642665	4043	0
gpl009	209	Pulse	199	4652666	14043	0
gpl009	209	Pulse	199	4662666	24043	0
gpl009	211	Picture	stim	4664984	0	1	25035	1	0	25000	hit	592
gpl009	211	Pulse	199	4672665	7682	0
gpl009	211	Response	16	4674126	9142	0
gpl009	211	Pulse	199	4682666	17682	0
gpl009	212	Picture	fix2	4690184	0	1	23543	1	0	next	other	0
gpl009	212	Pulse	199	4692666	2481	0
gpl009	212	Pulse	199	4702666	12482	0
gpl009	212	Pulse	199	4712675	22491	0
gpl009	213	Picture	feedback	4713727	0	1	20061	1	0	next	other	0
gpl009	213	Pulse	199	4722666	8939	0
gpl009	213	Pulse	199	4732666	18939	0
gpl009	214	Picture	fix	4733788	0	1	26859	1	0	next	other	0
gpl009	214	Pulse	199	4742675	8887	0
gpl009	214	Pulse	199	4752666	18878	0
gpl009	216	Picture	stim	4760647	0	1	25035	1	0	25000	incorrect	607
gpl009	216	Pulse	199	4762675	2029	0
gpl009	216	Pulse	199	4772676	12029	0
gpl009	216	Response	32	4775186	14539	0
gpl009	216	Pulse	199	4782675	22029	0
gpl009	217	Picture	fix2	4785682	0	1	21387	1	0	next	other	0
gpl009	217	Pulse	199	4792676	6994	0
gpl009	217	Pulse	199	4802675	16994	0
gpl009	218	Picture	feedback	4807069	0	1	20061	1	0	next	other	0
gpl009	218	Pulse	199	4812675	5606	0
gpl009	218	Pulse	199	4822676	15607	0
gpl009	219	Picture	fix	4827130	0	1	29345	1	0	next	other	0
gpl009	219	Pulse	199	4832676	5546	0
gpl009	219	Pulse	199	4842676	15546	0
gpl009	219	Pulse	199	4852675	25545	0
gpl009	221	Picture	stim	4856475	0	1	25035	1	0	25000	hit	621
gpl009	221	Pulse	199	4862676	6200	0
gpl009	221	Response	16	4870806	14331	0
gpl009	221	Pulse	199	4872676	16200	0
gpl009	222	Picture	fix2	4881510	0	1	23377	1	0	next	other	0
gpl009	222	Pulse	199	4882675	1165	0
gpl009	222	Pulse	199	4892676	11165	0
gpl009	222	Pulse	199	4902676	21166	0
gpl009	223	Picture	feedback	4904887	0	1	20061	1	0	next	other	0
gpl009	223	Pulse	199	4912676	7789	0
gpl009	223	Pulse	199	4922676	17789	0
gpl009	224	Picture	fix	4924948	0	1	28516	1	0	next	other	0
gpl009	224	Pulse	199	4932676	7728	0
gpl009	224	Pulse	199	4942676	17728	0
gpl009	224	Pulse	199	4952676	27727	0
gpl009	226	Picture	stim	4953465	0	1	25035	1	0	25000	incorrect	635
gpl009	226	Response	32	4960406	6941	0
gpl009	226	Pulse	199	4962676	9211	0
gpl009	226	Pulse	199	4972676	19211	0
gpl009	227	Picture	fix2	4978665	0	1	17906	1	0	next	other	0
gpl009	227	Pulse	199	4982676	4011	0
gpl009	227	Pulse	199	4992676	14011	0
gpl009	228	Picture	feedback	4996571	0	1	20061	1	0	next	other	0
gpl009	228	Pulse	199	5002676	6105	0
gpl009	228	Pulse	199	5012676	16105	0
gpl009	229	Picture	fix	5016632	0	1	24537	1	0	next	other	0
gpl009	229	Pulse	199	5022676	6044	0
gpl009	229	Pulse	199	5032676	16044	0
gpl009	231	Picture	stim	5041169	0	1	25035	1	0	25000	hit	650
gpl009	231	Pulse	199	5042676	1507	0
gpl009	231	Pulse	199	5052676	11507	0
gpl009	231	Response	16	5056636	15467	0
gpl009	231	Pulse	199	5062676	21507	0
gpl009	232	Picture	fix2	5066370	0	1	22548	1	0	next	other	0
gpl009	232	Pulse	199	5072676	6306	0
gpl009	232	Pulse	199	5082676	16306	0
gpl009	233	Picture	feedback	5088918	0	1	20061	1	0	next	other	0
gpl009	233	Pulse	199	5092675	3758	0
gpl009	233	Pulse	199	5102676	13758	0
gpl009	234	Picture	fix	5108979	0	1	33324	1	0	next	other	0
gpl009	234	Pulse	199	5112676	3697	0
gpl009	234	Pulse	199	5122676	13697	0
gpl009	234	Pulse	199	5132676	23697	0
gpl009	236	Picture	stim	5142303	0	1	25035	1	0	25000	hit	665
gpl009	236	Pulse	199	5142676	373	0
gpl009	236	Pulse	199	5152676	10373	0
gpl009	236	Response	16	5156056	13753	0
gpl009	236	Pulse	199	5162675	20372	0
gpl009	237	Picture	fix2	5167338	0	1	15916	1	0	next	other	0
gpl009	237	Pulse	199	5172676	5338	0
gpl009	237	Pulse	199	5182676	15338	0
gpl009	238	Picture	feedback	5183254	0	1	20061	1	0	next	other	0
gpl009	238	Pulse	199	5192676	9421	0
gpl009	238	Pulse	199	5202676	19422	0
gpl009	239	Picture	fix	5203315	0	1	22216	1	0	next	other	0
gpl009	239	Pulse	199	5212676	9361	0
gpl009	239	Pulse	199	5222676	19361	0
gpl009	241	Picture	stim	5225532	0	1	25035	1	0	25000	incorrect	678
gpl009	241	Pulse	199	5232675	7144	0
gpl009	241	Response	32	5237006	11475	0
gpl009	241	Pulse	199	5242676	17144	0
gpl009	242	Picture	fix2	5250566	0	1	21387	1	0	next	other	0
gpl009	242	Pulse	199	5252677	2110	0
gpl009	242	Pulse	199	5262676	12109	0
gpl009	243	Picture	feedback	5271954	0	1	20061	1	0	next	other	0
gpl009	243	Pulse	199	5272676	722	0
gpl009	243	Pulse	199	5282676	10722	0
gpl009	244	Picture	100	5292015	0	1	250000	183	0	250000	other	0
gpl009	244	Pulse	199	5292676	661	0
gpl009	244	Pulse	199	5302676	10661	0
gpl009	244	Pulse	199	5312676	20662	0
gpl009	244	Pulse	199	5322676	30661	0
gpl009	244	Pulse	199	5332676	40661	0
gpl009	244	Pulse	199	5342676	50662	0
gpl009	244	Pulse	199	5352676	60662	0
gpl009	244	Pulse	199	5362676	70662	0
gpl009	244	Pulse	199	5372676	80661	0
gpl009	244	Pulse	199	5382676	90662	0
gpl009	244	Pulse	199	5392676	100662	0
gpl009	244	Pulse	199	5402676	110661	0
gpl009	244	Pulse	199	5412676	120662	0
gpl009	244	Pulse	199	5422676	130662	0
gpl009	244	Pulse	199	5432676	140661	0
gpl009	244	Pulse	199	5442676	150662	0
gpl009	244	Pulse	199	5452676	160662	0
gpl009	244	Pulse	199	5462676	170662	0
gpl009	244	Pulse	199	5472676	180661	0
gpl009	244	Pulse	199	5482676	190662	0
gpl009	244	Pulse	199	5492676	200662	0
gpl009	244	Pulse	199	5502676	210661	0
gpl009	244	Pulse	199	5512676	220661	0
