Scenario - FBL_A.sce
Logfile written - 04/14/2021 17:35:06

Subject	Trial	Event Type	Code	Time	TTime	Uncertainty	Duration	Uncertainty	ReqTime	ReqDur	Stim Type	Pair Index

gpl004	1	Response	16	173692	163527	0
gpl004	2	Picture	start	173804	0	1	681060	186	0	next	other	0
gpl004	2	Response	16	191663	17859	0
gpl004	3	Response	16	361103	137289	0
gpl004	3	Pulse	199	854863	631049	0
gpl004	3	Pulse	199	863083	639269	0
gpl004	3	Pulse	199	873083	649269	0
gpl004	3	Pulse	199	883083	659269	0
gpl004	3	Pulse	199	893082	669268	0
gpl004	3	Pulse	199	903083	679269	0
gpl004	4	Picture	fix	905420	0	197	19097	197	0	next	other	0
gpl004	4	Pulse	199	913083	7663	0
gpl004	4	Pulse	199	923083	17663	0
gpl004	6	Picture	stim	924517	0	1	25201	1	0	25000	miss	0
gpl004	6	Pulse	199	933082	8566	0
gpl004	6	Pulse	199	943083	18566	0
gpl004	7	Picture	fix2	949717	0	1	16414	1	0	next	other	0
gpl004	7	Pulse	199	953083	3366	0
gpl004	7	Pulse	199	963083	13365	0
gpl004	8	Picture	feedback	966131	0	1	20227	1	0	next	other	0
gpl004	8	Pulse	199	973083	6952	0
gpl004	8	Pulse	199	983082	16952	0
gpl004	9	Picture	fix	986357	0	1	30838	1	0	next	other	0
gpl004	9	Pulse	199	993083	6725	0
gpl004	9	Pulse	199	1003082	16725	0
gpl004	9	Pulse	199	1013083	26725	0
gpl004	11	Picture	stim	1017195	0	1	25035	1	0	25000	incorrect	29
gpl004	11	Pulse	199	1023083	5888	0
gpl004	11	Response	32	1027723	10528	0
gpl004	11	Pulse	199	1033082	15887	0
gpl004	12	Picture	fix2	1042230	0	1	26361	1	0	next	other	0
gpl004	12	Pulse	199	1043083	853	0
gpl004	12	Pulse	199	1053083	10853	0
gpl004	12	Pulse	199	1063083	20853	0
gpl004	13	Picture	feedback	1068591	0	1	20393	1	0	next	other	0
gpl004	13	Pulse	199	1073082	4491	0
gpl004	13	Pulse	199	1083083	14492	0
gpl004	14	Picture	fix	1088984	0	1	17740	1	0	next	other	0
gpl004	14	Pulse	199	1093083	4099	0
gpl004	14	Pulse	199	1103082	14099	0
gpl004	16	Picture	stim	1106724	0	1	25035	1	0	25000	hit	43
gpl004	16	Pulse	199	1113083	6360	0
gpl004	16	Response	16	1117412	10689	0
gpl004	16	Pulse	199	1123083	16360	0
gpl004	17	Picture	fix2	1131758	0	1	13927	1	0	next	other	0
gpl004	17	Pulse	199	1133083	1325	0
gpl004	17	Pulse	199	1143083	11325	0
gpl004	18	Picture	feedback	1145685	0	1	20061	1	0	next	other	0
gpl004	18	Pulse	199	1153083	7398	0
gpl004	18	Pulse	199	1163083	17398	0
gpl004	19	Picture	fix	1165746	0	1	20061	1	0	next	other	0
gpl004	19	Pulse	199	1173082	7336	0
gpl004	19	Pulse	199	1183083	17337	0
gpl004	21	Picture	stim	1185807	0	1	25035	1	0	25000	incorrect	56
gpl004	21	Pulse	199	1193083	7276	0
gpl004	21	Response	32	1197033	11226	0
gpl004	21	Pulse	199	1203083	17276	0
gpl004	22	Picture	fix2	1210842	0	1	14092	1	0	next	other	0
gpl004	22	Pulse	199	1213083	2241	0
gpl004	22	Pulse	199	1223083	12241	0
gpl004	23	Picture	feedback	1224934	0	1	20213	180	0	next	other	0
gpl004	23	Pulse	199	1233083	8149	0
gpl004	23	Pulse	199	1243082	18148	0
gpl004	24	Picture	fix	1245147	0	180	24551	180	0	next	other	0
gpl004	24	Pulse	199	1253084	7936	0
gpl004	24	Pulse	199	1263083	17936	0
gpl004	26	Picture	stim	1269698	0	1	25035	1	0	25000	incorrect	70
gpl004	26	Pulse	199	1273083	3384	0
gpl004	26	Pulse	199	1283083	13385	0
gpl004	26	Response	32	1289483	19785	0
gpl004	26	Pulse	199	1293083	23385	0
gpl004	27	Picture	fix2	1294733	0	1	23377	1	0	next	other	0
gpl004	27	Pulse	199	1303083	8350	0
gpl004	27	Pulse	199	1313082	18349	0
gpl004	28	Picture	feedback	1318110	0	1	20393	1	0	next	other	0
gpl004	28	Pulse	199	1323083	4973	0
gpl004	28	Pulse	199	1333083	14973	0
gpl004	29	Picture	fix	1338503	0	1	28517	1	0	next	other	0
gpl004	29	Pulse	199	1343083	4580	0
gpl004	29	Pulse	199	1353083	14581	0
gpl004	29	Pulse	199	1363083	24580	0
gpl004	31	Picture	stim	1367019	0	1	25035	1	0	25000	incorrect	84
gpl004	31	Pulse	199	1373083	6064	0
gpl004	31	Response	32	1379623	12603	0
gpl004	31	Pulse	199	1383083	16064	0
gpl004	32	Picture	fix2	1392054	0	1	24206	1	0	next	other	0
gpl004	32	Pulse	199	1393083	1029	0
gpl004	32	Pulse	199	1403083	11029	0
gpl004	32	Pulse	199	1413083	21029	0
gpl004	33	Picture	feedback	1416260	0	1	20061	1	0	next	other	0
gpl004	33	Pulse	199	1423083	6823	0
gpl004	33	Pulse	199	1433083	16823	0
gpl004	34	Picture	fix	1436321	0	1	20227	1	0	next	other	0
gpl004	34	Pulse	199	1443083	6762	0
gpl004	34	Pulse	199	1453082	16761	0
gpl004	36	Picture	stim	1456548	0	1	25035	1	0	25000	hit	98
gpl004	36	Pulse	199	1463083	6536	0
gpl004	36	Response	16	1466932	10385	0
gpl004	36	Pulse	199	1473083	16535	0
gpl004	37	Picture	fix2	1481583	0	1	16082	1	0	next	other	0
gpl004	37	Pulse	199	1483083	1500	0
gpl004	37	Pulse	199	1493083	11500	0
gpl004	38	Picture	feedback	1497665	0	1	20061	1	0	next	other	0
gpl004	38	Pulse	199	1503083	5419	0
gpl004	38	Pulse	199	1513083	15418	0
gpl004	39	Picture	fix	1517726	0	1	29677	1	0	next	other	0
gpl004	39	Pulse	199	1523082	5357	0
gpl004	39	Pulse	199	1533083	15358	0
gpl004	39	Pulse	199	1543083	25358	0
gpl004	41	Picture	stim	1547402	0	1	25035	1	0	25000	hit	112
gpl004	41	Pulse	199	1553082	5680	0
gpl004	41	Response	16	1559662	12260	0
gpl004	41	Pulse	199	1563083	15680	0
gpl004	42	Picture	fix2	1572437	0	1	17243	1	0	next	other	0
gpl004	42	Pulse	199	1573083	646	0
gpl004	42	Pulse	199	1583083	10646	0
gpl004	43	Picture	feedback	1589680	0	1	20061	1	0	next	other	0
gpl004	43	Pulse	199	1593082	3402	0
gpl004	43	Pulse	199	1603083	13403	0
gpl004	44	Picture	fix	1609741	0	1	22714	1	0	next	other	0
gpl004	44	Pulse	199	1613083	3342	0
gpl004	44	Pulse	199	1623082	13342	0
gpl004	46	Picture	stim	1632454	0	1	25035	1	0	25000	incorrect	126
gpl004	46	Pulse	199	1633083	629	0
gpl004	46	Pulse	199	1643083	10629	0
gpl004	46	Response	32	1646943	14488	0
gpl004	46	Pulse	199	1653083	20629	0
gpl004	47	Picture	fix2	1657489	0	1	16414	1	0	next	other	0
gpl004	47	Pulse	199	1663083	5593	0
gpl004	47	Pulse	199	1673083	15594	0
gpl004	48	Picture	feedback	1673903	0	1	20061	1	0	next	other	0
gpl004	48	Pulse	199	1683083	9180	0
gpl004	48	Pulse	199	1693082	19180	0
gpl004	49	Picture	fix	1693964	0	1	27356	1	0	next	other	0
gpl004	49	Pulse	199	1703083	9119	0
gpl004	49	Pulse	199	1713083	19119	0
gpl004	51	Picture	stim	1721320	0	1	25035	1	0	25000	hit	139
gpl004	51	Pulse	199	1723083	1763	0
gpl004	51	Response	16	1730213	8894	0
gpl004	51	Pulse	199	1733083	11763	0
gpl004	51	Pulse	199	1743083	21763	0
gpl004	52	Picture	fix2	1746520	0	1	21387	1	0	next	other	0
gpl004	52	Pulse	199	1753083	6563	0
gpl004	52	Pulse	199	1763082	16562	0
gpl004	53	Picture	feedback	1767908	0	1	20061	1	0	next	other	0
gpl004	53	Pulse	199	1773083	5175	0
gpl004	53	Pulse	199	1783083	15175	0
gpl004	54	Picture	fix	1787969	0	1	28848	1	0	next	other	0
gpl004	54	Pulse	199	1793083	5114	0
gpl004	54	Pulse	199	1803083	15114	0
gpl004	54	Pulse	199	1813083	25114	0
gpl004	56	Picture	stim	1816817	0	1	25035	1	0	25000	hit	154
gpl004	56	Pulse	199	1823083	6266	0
gpl004	56	Response	16	1831483	14666	0
gpl004	56	Pulse	199	1833083	16266	0
gpl004	57	Picture	fix2	1841852	0	1	22216	1	0	next	other	0
gpl004	57	Pulse	199	1843083	1232	0
gpl004	57	Pulse	199	1853083	11232	0
gpl004	57	Pulse	199	1863083	21231	0
gpl004	58	Picture	feedback	1864068	0	1	20061	1	0	next	other	0
gpl004	58	Pulse	199	1873083	9015	0
gpl004	58	Pulse	199	1883083	19015	0
gpl004	59	Picture	fix	1884129	0	1	37469	1	0	next	other	0
gpl004	59	Pulse	199	1893083	8954	0
gpl004	59	Pulse	199	1903083	18954	0
gpl004	59	Pulse	199	1913083	28954	0
gpl004	61	Picture	stim	1921598	0	1	25035	1	0	25000	hit	169
gpl004	61	Pulse	199	1923083	1485	0
gpl004	61	Response	16	1927323	5725	0
gpl004	61	Pulse	199	1933082	11484	0
gpl004	61	Pulse	199	1943083	21485	0
gpl004	62	Picture	fix2	1946799	0	1	27688	1	0	next	other	0
gpl004	62	Pulse	199	1953083	6284	0
gpl004	62	Pulse	199	1963083	16284	0
gpl004	62	Pulse	199	1973083	26284	0
gpl004	63	Picture	feedback	1974486	0	1	20061	1	0	next	other	0
gpl004	63	Pulse	199	1983083	8596	0
gpl004	63	Pulse	199	1993083	18597	0
gpl004	64	Picture	fix	1994547	0	1	23543	1	0	next	other	0
gpl004	64	Pulse	199	2003083	8535	0
gpl004	64	Pulse	199	2013083	18535	0
gpl004	66	Picture	stim	2018090	0	1	25035	1	0	25000	hit	185
gpl004	66	Pulse	199	2023083	4993	0
gpl004	66	Pulse	199	2033083	14993	0
gpl004	66	Response	16	2036043	17953	0
gpl004	66	Pulse	199	2043083	24993	0
gpl004	67	Picture	fix2	2043125	0	1	16579	1	0	next	other	0
gpl004	67	Pulse	199	2053083	9958	0
gpl004	68	Picture	feedback	2059704	0	1	20061	1	0	next	other	0
gpl004	68	Pulse	199	2063083	3379	0
gpl004	68	Pulse	199	2073093	13389	0
gpl004	69	Picture	fix	2079765	0	1	28516	1	0	next	other	0
gpl004	69	Pulse	199	2083094	3328	0
gpl004	69	Pulse	199	2093093	13328	0
gpl004	69	Pulse	199	2103093	23328	0
gpl004	71	Picture	stim	2108282	0	1	25035	1	0	25000	hit	198
gpl004	71	Pulse	199	2113093	4811	0
gpl004	71	Response	16	2117423	9141	0
gpl004	71	Pulse	199	2123093	14812	0
gpl004	71	Pulse	199	2133093	24812	0
gpl004	72	Picture	fix2	2133482	0	1	22051	1	0	next	other	0
gpl004	72	Pulse	199	2143093	9611	0
gpl004	72	Pulse	199	2153093	19611	0
gpl004	73	Picture	feedback	2155533	0	1	20061	1	0	next	other	0
gpl004	73	Pulse	199	2163093	7561	0
gpl004	73	Pulse	199	2173093	17560	0
gpl004	74	Picture	fix	2175594	0	1	28848	1	0	next	other	0
gpl004	74	Pulse	199	2183093	7499	0
gpl004	74	Pulse	199	2193093	17499	0
gpl004	74	Pulse	199	2203093	27500	0
gpl004	76	Picture	stim	2204442	0	1	25035	1	0	25000	hit	213
gpl004	76	Pulse	199	2213093	8651	0
gpl004	76	Response	16	2216583	12141	0
gpl004	76	Pulse	199	2223093	18651	0
gpl004	77	Picture	fix2	2229477	0	1	17906	1	0	next	other	0
gpl004	77	Pulse	199	2233093	3617	0
gpl004	77	Pulse	199	2243093	13616	0
gpl004	78	Picture	feedback	2247382	0	1	20061	1	0	next	other	0
gpl004	78	Pulse	199	2253094	5711	0
gpl004	78	Pulse	199	2263093	15711	0
gpl004	79	Picture	fix	2267443	0	1	26361	1	0	next	other	0
gpl004	79	Pulse	199	2273094	5650	0
gpl004	79	Pulse	199	2283093	15649	0
gpl004	79	Pulse	199	2293093	25650	0
gpl004	81	Picture	stim	2293805	0	1	25035	1	0	25000	hit	227
gpl004	81	Pulse	199	2303093	9288	0
gpl004	81	Response	16	2304063	10258	0
gpl004	81	Pulse	199	2313093	19288	0
gpl004	82	Picture	fix2	2318839	0	1	21885	1	0	next	other	0
gpl004	82	Pulse	199	2323094	4254	0
gpl004	82	Pulse	199	2333093	14254	0
gpl004	83	Picture	feedback	2340724	0	1	20061	1	0	next	other	0
gpl004	83	Pulse	199	2343093	2369	0
gpl004	83	Pulse	199	2353093	12369	0
gpl004	84	Picture	fix	2360785	0	1	24703	1	0	next	other	0
gpl004	84	Pulse	199	2363094	2308	0
gpl004	84	Pulse	199	2373093	12308	0
gpl004	84	Pulse	199	2383093	22307	0
gpl004	86	Picture	stim	2385488	0	1	25035	1	0	25000	incorrect	241
gpl004	86	Pulse	199	2393093	7605	0
gpl004	86	Response	32	2397493	12004	0
gpl004	86	Pulse	199	2403093	17605	0
gpl004	87	Picture	fix2	2410523	0	1	29345	1	0	next	other	0
gpl004	87	Response	32	2411423	900	0
gpl004	87	Pulse	199	2413093	2570	0
gpl004	87	Pulse	199	2423093	12569	0
gpl004	87	Pulse	199	2433093	22570	0
gpl004	88	Picture	feedback	2439869	0	1	20061	1	0	next	other	0
gpl004	88	Pulse	199	2443093	3225	0
gpl004	88	Pulse	199	2453093	13224	0
gpl004	89	Picture	fix	2459930	0	1	19398	1	0	next	other	0
gpl004	89	Pulse	199	2463093	3164	0
gpl004	89	Pulse	199	2473093	13163	0
gpl004	91	Picture	stim	2479327	0	1	25035	1	0	25000	hit	256
gpl004	91	Pulse	199	2483093	3766	0
gpl004	91	Response	16	2489623	10296	0
gpl004	91	Pulse	199	2493093	13766	0
gpl004	91	Pulse	199	2503093	23766	0
gpl004	92	Picture	fix2	2504362	0	1	29014	1	0	next	other	0
gpl004	92	Pulse	199	2513094	8731	0
gpl004	92	Pulse	199	2523093	18731	0
gpl004	92	Pulse	199	2533093	28731	0
gpl004	93	Picture	feedback	2533376	0	1	20061	1	0	next	other	0
gpl004	93	Pulse	199	2543093	9717	0
gpl004	93	Pulse	199	2553093	19717	0
gpl004	94	Picture	fix	2553437	0	1	28019	1	0	next	other	0
gpl004	94	Pulse	199	2563093	9656	0
gpl004	94	Pulse	199	2573093	19656	0
gpl004	96	Picture	stim	2581456	0	1	25035	1	0	25000	incorrect	272
gpl004	96	Pulse	199	2583094	1637	0
gpl004	96	Pulse	199	2593093	11637	0
gpl004	96	Response	32	2594823	13367	0
gpl004	96	Pulse	199	2603093	21637	0
gpl004	97	Picture	fix2	2606657	0	1	14756	1	0	next	other	0
gpl004	97	Pulse	199	2613094	6437	0
gpl004	98	Picture	feedback	2621412	0	1	20061	1	0	next	other	0
gpl004	98	Pulse	199	2623093	1681	0
gpl004	98	Pulse	199	2633093	11681	0
gpl004	99	Picture	fix	2641474	0	1	22050	1	0	next	other	0
gpl004	99	Pulse	199	2643093	1620	0
gpl004	99	Pulse	199	2653093	11620	0
gpl004	99	Pulse	199	2663093	21619	0
gpl004	101	Picture	stim	2663524	0	1	25035	1	0	25000	incorrect	285
gpl004	101	Pulse	199	2673093	9569	0
gpl004	101	Response	32	2682564	19040	0
gpl004	101	Pulse	199	2683093	19569	0
gpl004	102	Picture	fix2	2688559	0	1	16082	1	0	next	other	0
gpl004	102	Pulse	199	2693093	4534	0
gpl004	102	Pulse	199	2703093	14535	0
gpl004	103	Picture	feedback	2704641	0	1	20061	1	0	next	other	0
gpl004	103	Pulse	199	2713093	8453	0
gpl004	103	Pulse	199	2723093	18452	0
gpl004	104	Picture	fix	2724702	0	1	23708	1	0	next	other	0
gpl004	104	Pulse	199	2733093	8391	0
gpl004	104	Pulse	199	2743093	18391	0
gpl004	106	Picture	stim	2748410	0	1	25035	1	0	25000	incorrect	299
gpl004	106	Pulse	199	2753093	4683	0
gpl004	106	Pulse	199	2763093	14683	0
gpl004	106	Response	32	2765263	16853	0
gpl004	106	Pulse	199	2773093	24683	0
gpl004	107	Picture	fix2	2773445	0	1	13263	1	0	next	other	0
gpl004	107	Pulse	199	2783093	9648	0
gpl004	108	Picture	feedback	2786709	0	1	20061	1	0	next	other	0
gpl004	108	Pulse	199	2793093	6385	0
gpl004	108	Pulse	199	2803093	16384	0
gpl004	109	Picture	fix	2806770	0	1	25366	1	0	next	other	0
gpl004	109	Pulse	199	2813093	6324	0
gpl004	109	Pulse	199	2823093	16324	0
gpl004	111	Picture	stim	2832136	0	1	25035	1	0	25000	hit	312
gpl004	111	Pulse	199	2833093	957	0
gpl004	111	Pulse	199	2843093	10957	0
gpl004	111	Response	16	2844573	12437	0
gpl004	111	Pulse	199	2853094	20958	0
gpl004	112	Picture	fix2	2857171	0	1	21387	1	0	next	other	0
gpl004	112	Pulse	199	2863093	5923	0
gpl004	112	Pulse	199	2873094	15923	0
gpl004	113	Picture	feedback	2878558	0	1	20061	1	0	next	other	0
gpl004	113	Pulse	199	2883094	4536	0
gpl004	113	Pulse	199	2893094	14536	0
gpl004	114	Picture	fix	2898619	0	1	24703	1	0	next	other	0
gpl004	114	Pulse	199	2903093	4474	0
gpl004	114	Pulse	199	2913094	14475	0
gpl004	114	Pulse	199	2923093	24474	0
gpl004	116	Picture	stim	2923322	0	1	25035	1	0	25000	hit	327
gpl004	116	Pulse	199	2933093	9771	0
gpl004	116	Pulse	199	2943093	19771	0
gpl004	116	Response	16	2945593	22270	0
gpl004	117	Picture	fix2	2948357	0	1	12932	1	0	next	other	0
gpl004	117	Pulse	199	2953094	4736	0
gpl004	118	Picture	feedback	2961289	0	1	20061	1	0	next	other	0
gpl004	118	Pulse	199	2963094	1805	0
gpl004	118	Pulse	199	2973093	11804	0
gpl004	119	Picture	fix	2981350	0	1	26029	1	0	next	other	0
gpl004	119	Pulse	199	2983094	1744	0
gpl004	119	Pulse	199	2993093	11743	0
gpl004	119	Pulse	199	3003093	21743	0
gpl004	121	Picture	stim	3007379	0	1	25035	1	0	25000	incorrect	339
gpl004	121	Pulse	199	3013094	5715	0
gpl004	121	Response	32	3022314	14934	0
gpl004	121	Pulse	199	3023093	15714	0
gpl004	122	Picture	fix2	3032414	0	1	22548	1	0	next	other	0
gpl004	122	Pulse	199	3033094	679	0
gpl004	122	Pulse	199	3043093	10678	0
gpl004	122	Pulse	199	3053094	20679	0
gpl004	123	Picture	feedback	3054962	0	1	20061	1	0	next	other	0
gpl004	123	Pulse	199	3063094	8131	0
gpl004	123	Pulse	199	3073093	18131	0
gpl004	124	Picture	fix	3075023	0	1	35977	1	0	next	other	0
gpl004	124	Pulse	199	3083094	8070	0
gpl004	124	Pulse	199	3093093	18070	0
gpl004	124	Pulse	199	3103093	28070	0
gpl004	126	Picture	stim	3111001	0	1	25035	1	0	25000	hit	355
gpl004	126	Pulse	199	3113094	2093	0
gpl004	126	Pulse	199	3123094	12093	0
gpl004	126	Response	16	3123864	12863	0
gpl004	126	Pulse	199	3133093	22093	0
gpl004	127	Picture	fix2	3136035	0	1	15916	1	0	next	other	0
gpl004	127	Pulse	199	3143093	7058	0
gpl004	128	Picture	feedback	3151951	0	1	20061	1	0	next	other	0
gpl004	128	Pulse	199	3153094	1142	0
gpl004	128	Pulse	199	3163094	11142	0
gpl004	129	Picture	fix	3172012	0	1	31169	1	0	next	other	0
gpl004	129	Pulse	199	3173094	1081	0
gpl004	129	Pulse	199	3183093	11080	0
gpl004	129	Pulse	199	3193094	21081	0
gpl004	129	Pulse	199	3203094	31081	0
gpl004	131	Picture	stim	3203182	0	1	25035	1	0	25000	hit	369
gpl004	131	Pulse	199	3213093	9912	0
gpl004	131	Response	16	3218423	15242	0
gpl004	131	Pulse	199	3223094	19912	0
gpl004	132	Picture	fix2	3228216	0	1	11606	1	0	next	other	0
gpl004	132	Response	32	3230464	2247	0
gpl004	132	Pulse	199	3233093	4877	0
gpl004	133	Picture	feedback	3239822	0	1	20061	1	0	next	other	0
gpl004	133	Pulse	199	3243093	3271	0
gpl004	133	Pulse	199	3253093	13271	0
gpl004	134	Picture	fix	3259883	0	1	26527	1	0	next	other	0
gpl004	134	Pulse	199	3263094	3210	0
gpl004	134	Pulse	199	3273093	13210	0
gpl004	134	Pulse	199	3283093	23210	0
gpl004	136	Picture	stim	3286410	0	1	25035	1	0	25000	miss	0
gpl004	136	Pulse	199	3293094	6684	0
gpl004	136	Pulse	199	3303094	16684	0
gpl004	137	Picture	fix2	3311611	0	1	24372	1	0	next	other	0
gpl004	137	Pulse	199	3313094	1483	0
gpl004	137	Response	32	3316384	4773	0
gpl004	137	Pulse	199	3323093	11483	0
gpl004	137	Pulse	199	3333094	21483	0
gpl004	138	Picture	feedback	3335982	0	1	20061	1	0	next	other	0
gpl004	138	Pulse	199	3343094	7112	0
gpl004	138	Pulse	199	3353093	17111	0
gpl004	139	Picture	fix	3356043	0	1	30009	1	0	next	other	0
gpl004	139	Pulse	199	3363094	7050	0
gpl004	139	Pulse	199	3373094	17050	0
gpl004	139	Pulse	199	3383093	27050	0
gpl004	141	Picture	stim	3386052	0	1	25035	1	0	25000	hit	398
gpl004	141	Pulse	199	3393093	7041	0
gpl004	141	Response	16	3402093	16042	0
gpl004	141	Pulse	199	3403094	17042	0
gpl004	142	Picture	fix2	3411252	0	1	16745	1	0	next	other	0
gpl004	142	Pulse	199	3413094	1841	0
gpl004	142	Pulse	199	3423093	11841	0
gpl004	143	Picture	feedback	3427998	0	1	20061	1	0	next	other	0
gpl004	143	Pulse	199	3433094	5096	0
gpl004	143	Pulse	199	3443093	15096	0
gpl004	144	Picture	fix	3448059	0	1	29180	1	0	next	other	0
gpl004	144	Pulse	199	3453093	5035	0
gpl004	144	Pulse	199	3463094	15035	0
gpl004	144	Pulse	199	3473094	25035	0
gpl004	146	Picture	stim	3477238	0	1	25035	1	0	25000	incorrect	412
gpl004	146	Pulse	199	3483093	5855	0
gpl004	146	Response	32	3486164	8925	0
gpl004	146	Pulse	199	3493093	15855	0
gpl004	147	Picture	fix2	3502273	0	1	20061	1	0	next	other	0
gpl004	147	Pulse	199	3503094	821	0
gpl004	147	Pulse	199	3513094	10821	0
gpl004	148	Picture	feedback	3522334	0	1	20061	1	0	next	other	0
gpl004	148	Pulse	199	3523093	759	0
gpl004	148	Pulse	199	3533094	10760	0
gpl004	149	Picture	fix	3542395	0	1	22382	1	0	next	other	0
gpl004	149	Pulse	199	3543094	699	0
gpl004	149	Pulse	199	3553094	10699	0
gpl004	149	Pulse	199	3563094	20699	0
gpl004	151	Picture	stim	3564777	0	1	25035	1	0	25000	incorrect	426
gpl004	151	Pulse	199	3573094	8317	0
gpl004	151	Response	32	3579623	14846	0
gpl004	151	Pulse	199	3583094	18317	0
gpl004	152	Picture	fix2	3589812	0	1	11108	1	0	next	other	0
gpl004	152	Pulse	199	3593093	3281	0
gpl004	153	Picture	feedback	3600920	0	1	20061	1	0	next	other	0
gpl004	153	Pulse	199	3603094	2174	0
gpl004	153	Pulse	199	3613094	12174	0
gpl004	154	Picture	fix	3620981	0	1	32164	1	0	next	other	0
gpl004	154	Pulse	199	3623094	2113	0
gpl004	154	Pulse	199	3633093	12112	0
gpl004	154	Pulse	199	3643094	22113	0
gpl004	155	Pulse	199	3653093	111	0
gpl004	156	Picture	stim	3653145	0	1	25035	1	0	25000	incorrect	440
gpl004	156	Pulse	199	3663093	9948	0
gpl004	156	Response	32	3669044	15899	0
gpl004	156	Pulse	199	3673094	19948	0
gpl004	157	Picture	fix2	3678180	0	1	18071	1	0	next	other	0
gpl004	157	Pulse	199	3683093	4913	0
gpl004	157	Pulse	199	3693093	14913	0
gpl004	158	Picture	feedback	3696251	0	1	20061	1	0	next	other	0
gpl004	158	Pulse	199	3703093	6842	0
gpl004	158	Pulse	199	3713093	16842	0
gpl004	159	Picture	fix	3716312	0	1	23377	1	0	next	other	0
gpl004	159	Pulse	199	3723093	6781	0
gpl004	159	Pulse	199	3733093	16781	0
gpl004	161	Picture	stim	3739689	0	1	25035	1	0	25000	incorrect	453
gpl004	161	Pulse	199	3743093	3404	0
gpl004	161	Response	32	3751213	11524	0
gpl004	161	Pulse	199	3753104	13414	0
gpl004	161	Pulse	199	3763093	23404	0
gpl004	162	Picture	fix2	3764890	0	1	15253	1	0	next	other	0
gpl004	162	Pulse	199	3773093	8204	0
gpl004	163	Picture	feedback	3780143	0	1	20061	1	0	next	other	0
gpl004	163	Pulse	199	3783093	2950	0
gpl004	163	Pulse	199	3793093	12951	0
gpl004	164	Picture	fix	3800204	0	1	33988	1	0	next	other	0
gpl004	164	Pulse	199	3803093	2889	0
gpl004	164	Pulse	199	3813104	12900	0
gpl004	164	Pulse	199	3823104	22900	0
gpl004	164	Pulse	199	3833104	32900	0
gpl004	166	Picture	stim	3834192	0	1	25035	1	0	25000	incorrect	468
gpl004	166	Pulse	199	3843104	8912	0
gpl004	166	Response	32	3844164	9972	0
gpl004	166	Pulse	199	3853104	18912	0
gpl004	167	Picture	fix2	3859226	0	1	21553	1	0	next	other	0
gpl004	167	Pulse	199	3863104	3878	0
gpl004	167	Pulse	199	3873103	13877	0
gpl004	168	Picture	feedback	3880780	0	1	20061	1	0	next	other	0
gpl004	168	Pulse	199	3883104	2324	0
gpl004	168	Pulse	199	3893104	12324	0
gpl004	169	Picture	fix	3900840	0	1	18569	1	0	next	other	0
gpl004	169	Pulse	199	3903103	2263	0
gpl004	169	Pulse	199	3913104	12263	0
gpl004	171	Picture	stim	3919409	0	1	25035	1	0	25000	incorrect	481
gpl004	171	Pulse	199	3923104	3695	0
gpl004	171	Response	32	3928654	9245	0
gpl004	171	Pulse	199	3933104	13694	0
gpl004	171	Pulse	199	3943103	23694	0
gpl004	172	Picture	fix2	3944610	0	1	14590	1	0	next	other	0
gpl004	172	Pulse	199	3953104	8494	0
gpl004	173	Picture	feedback	3959200	0	1	20061	1	0	next	other	0
gpl004	173	Pulse	199	3963104	3904	0
gpl004	173	Pulse	199	3973103	13903	0
gpl004	174	Picture	fix	3979261	0	1	33324	1	0	next	other	0
gpl004	174	Pulse	199	3983104	3843	0
gpl004	174	Pulse	199	3993104	13843	0
gpl004	174	Pulse	199	4003104	23843	0
gpl004	176	Picture	stim	4012585	0	1	25035	1	0	25000	hit	496
gpl004	176	Pulse	199	4013103	518	0
gpl004	176	Pulse	199	4023104	10518	0
gpl004	176	Response	16	4024424	11838	0
gpl004	176	Pulse	199	4033104	20519	0
gpl004	177	Picture	fix2	4037620	0	1	9119	1	0	next	other	0
gpl004	177	Pulse	199	4043103	5483	0
gpl004	178	Picture	feedback	4046739	0	1	20061	1	0	next	other	0
gpl004	178	Pulse	199	4053104	6365	0
gpl004	178	Pulse	199	4063104	16365	0
gpl004	179	Picture	fix	4066800	0	1	23377	1	0	next	other	0
gpl004	179	Pulse	199	4073104	6304	0
gpl004	179	Pulse	199	4083104	16304	0
gpl004	181	Picture	stim	4090177	0	1	25035	1	0	25000	hit	509
gpl004	181	Pulse	199	4093104	2927	0
gpl004	181	Pulse	199	4103104	12927	0
gpl004	181	Response	16	4104714	14537	0
gpl004	181	Pulse	199	4113103	22927	0
gpl004	182	Picture	fix2	4115377	0	1	21719	1	0	next	other	0
gpl004	182	Pulse	199	4123104	7727	0
gpl004	182	Pulse	199	4133104	17727	0
gpl004	183	Picture	feedback	4137096	0	1	20061	1	0	next	other	0
gpl004	183	Pulse	199	4143104	6007	0
gpl004	183	Pulse	199	4153104	16008	0
gpl004	184	Picture	fix	4157157	0	1	21885	1	0	next	other	0
gpl004	184	Pulse	199	4163104	5947	0
gpl004	184	Pulse	199	4173104	15947	0
gpl004	186	Picture	stim	4179042	0	1	25035	1	0	25000	hit	522
gpl004	186	Pulse	199	4183104	4062	0
gpl004	186	Response	16	4188684	9642	0
gpl004	186	Pulse	199	4193104	14062	0
gpl004	186	Pulse	199	4203104	24062	0
gpl004	187	Picture	fix2	4204077	0	1	25864	1	0	next	other	0
gpl004	187	Pulse	199	4213104	9027	0
gpl004	187	Pulse	199	4223104	19027	0
gpl004	188	Picture	feedback	4229941	0	1	20061	1	0	next	other	0
gpl004	188	Pulse	199	4233104	3164	0
gpl004	188	Pulse	199	4243104	13163	0
gpl004	189	Picture	fix	4250001	0	1	16248	1	0	next	other	0
gpl004	189	Pulse	199	4253103	3102	0
gpl004	189	Pulse	199	4263104	13102	0
gpl004	191	Picture	stim	4266249	0	1	25035	1	0	25000	hit	536
gpl004	191	Pulse	199	4273104	6855	0
gpl004	191	Response	16	4274424	8175	0
gpl004	191	Pulse	199	4283104	16854	0
gpl004	192	Picture	fix2	4291284	0	1	18072	1	0	next	other	0
gpl004	192	Pulse	199	4293104	1820	0
gpl004	192	Pulse	199	4303104	11820	0
gpl004	193	Picture	feedback	4309356	0	1	20061	1	0	next	other	0
gpl004	193	Pulse	199	4313104	3748	0
gpl004	193	Pulse	199	4323104	13748	0
gpl004	194	Picture	fix	4329417	0	1	26858	1	0	next	other	0
gpl004	194	Pulse	199	4333104	3688	0
gpl004	194	Pulse	199	4343104	13688	0
gpl004	194	Pulse	199	4353103	23687	0
gpl004	196	Picture	stim	4356275	0	1	25035	1	0	25000	hit	550
gpl004	196	Pulse	199	4363104	6829	0
gpl004	196	Response	16	4370184	13909	0
gpl004	196	Pulse	199	4373104	16829	0
gpl004	197	Picture	fix2	4381310	0	1	15916	1	0	next	other	0
gpl004	197	Pulse	199	4383104	1794	0
gpl004	197	Pulse	199	4393103	11793	0
gpl004	198	Picture	feedback	4397226	0	1	20061	1	0	next	other	0
gpl004	198	Pulse	199	4403104	5878	0
gpl004	198	Pulse	199	4413103	15877	0
gpl004	199	Picture	fix	4417287	0	1	25201	1	0	next	other	0
gpl004	199	Pulse	199	4423103	5816	0
gpl004	199	Pulse	199	4433103	15816	0
gpl004	201	Picture	stim	4442488	0	1	25035	1	0	25000	incorrect	564
gpl004	201	Pulse	199	4443104	616	0
gpl004	201	Pulse	199	4453103	10616	0
gpl004	201	Response	32	4453175	10687	0
gpl004	201	Pulse	199	4463104	20616	0
gpl004	202	Picture	fix2	4467688	0	1	16579	1	0	next	other	0
gpl004	202	Pulse	199	4473104	5415	0
gpl004	202	Pulse	199	4483103	15415	0
gpl004	203	Picture	feedback	4484267	0	1	20061	1	0	next	other	0
gpl004	203	Pulse	199	4493103	8836	0
gpl004	203	Pulse	199	4503104	18836	0
gpl004	204	Picture	fix	4504329	0	1	26859	1	0	next	other	0
gpl004	204	Pulse	199	4513104	8775	0
gpl004	204	Pulse	199	4523103	18775	0
gpl004	206	Picture	stim	4531187	0	1	25035	1	0	25000	incorrect	577
gpl004	206	Pulse	199	4533104	1916	0
gpl004	206	Response	32	4541694	10507	0
gpl004	206	Pulse	199	4543103	11916	0
gpl004	206	Pulse	199	4553104	21916	0
gpl004	207	Picture	fix2	4556222	0	1	20393	1	0	next	other	0
gpl004	207	Pulse	199	4563103	6882	0
gpl004	207	Pulse	199	4573104	16882	0
gpl004	208	Picture	feedback	4576615	0	1	20061	1	0	next	other	0
gpl004	208	Pulse	199	4583104	6489	0
gpl004	208	Pulse	199	4593104	16489	0
gpl004	209	Picture	fix	4596676	0	1	29345	1	0	next	other	0
gpl004	209	Pulse	199	4603104	6429	0
gpl004	209	Pulse	199	4613104	16429	0
gpl004	209	Pulse	199	4623104	26429	0
gpl004	211	Picture	stim	4626021	0	1	25035	1	0	25000	hit	592
gpl004	211	Pulse	199	4633104	7082	0
gpl004	211	Response	16	4635664	9643	0
gpl004	211	Pulse	199	4643104	17083	0
gpl004	212	Picture	fix2	4651056	0	1	10776	1	0	next	other	0
gpl004	212	Pulse	199	4653104	2048	0
gpl004	213	Picture	feedback	4661832	0	1	20061	1	0	next	other	0
gpl004	213	Pulse	199	4663103	1271	0
gpl004	213	Pulse	199	4673104	11272	0
gpl004	214	Picture	fix	4681893	0	1	21387	1	0	next	other	0
gpl004	214	Pulse	199	4683104	1211	0
gpl004	214	Pulse	199	4693104	11211	0
gpl004	214	Pulse	199	4703104	21211	0
gpl004	216	Picture	stim	4703281	0	1	25035	1	0	25000	incorrect	605
gpl004	216	Pulse	199	4713104	9823	0
gpl004	216	Response	32	4714464	11183	0
gpl004	216	Pulse	199	4723104	19823	0
gpl004	217	Picture	fix2	4728316	0	1	21387	1	0	next	other	0
gpl004	217	Pulse	199	4733104	4788	0
gpl004	217	Pulse	199	4743104	14788	0
gpl004	218	Picture	feedback	4749703	0	1	20061	1	0	next	other	0
gpl004	218	Pulse	199	4753104	3401	1
gpl004	218	Pulse	199	4763104	13401	0
gpl004	219	Picture	fix	4769764	0	1	29014	1	0	next	other	0
gpl004	219	Pulse	199	4773104	3340	0
gpl004	219	Pulse	199	4783104	13340	0
gpl004	219	Pulse	199	4793104	23340	0
gpl004	221	Picture	stim	4798778	0	1	25035	1	0	25000	incorrect	619
gpl004	221	Pulse	199	4803104	4326	0
gpl004	221	Response	32	4811814	13036	0
gpl004	221	Pulse	199	4813104	14326	0
gpl004	221	Pulse	199	4823104	24327	0
gpl004	222	Picture	fix2	4823813	0	1	18569	1	0	next	other	0
gpl004	222	Pulse	199	4833104	9291	0
gpl004	223	Picture	feedback	4842381	0	1	20061	1	0	next	other	0
gpl004	223	Pulse	199	4843104	722	0
gpl004	223	Pulse	199	4853104	10723	0
gpl004	224	Picture	fix	4862442	0	1	20393	1	0	next	other	0
gpl004	224	Pulse	199	4863104	662	0
gpl004	224	Pulse	199	4873103	10661	0
gpl004	226	Picture	stim	4882835	0	1	25035	1	0	25000	incorrect	633
gpl004	226	Pulse	199	4883104	269	0
gpl004	226	Pulse	199	4893104	10269	0
gpl004	226	Response	32	4897334	14499	0
gpl004	226	Pulse	199	4903104	20269	0
gpl004	227	Picture	fix2	4907870	0	1	23543	1	0	next	other	0
gpl004	227	Pulse	199	4913104	5234	0
gpl004	227	Pulse	199	4923104	15234	0
gpl004	228	Picture	feedback	4931413	0	1	20061	1	0	next	other	0
gpl004	228	Pulse	199	4933104	1692	0
gpl004	228	Pulse	199	4943104	11691	0
gpl004	229	Picture	fix	4951474	0	1	17408	1	0	next	other	0
gpl004	229	Pulse	199	4953104	1631	0
gpl004	229	Pulse	199	4963104	11631	0
gpl004	231	Picture	stim	4968882	0	1	25035	1	0	25000	incorrect	646
gpl004	231	Pulse	199	4973104	4222	0
gpl004	231	Response	32	4982384	13502	0
gpl004	231	Pulse	199	4983104	14222	0
gpl004	231	Pulse	199	4993104	24222	0
gpl004	232	Picture	fix2	4993917	0	1	20558	1	0	next	other	0
gpl004	232	Response	16	4997274	3357	0
gpl004	232	Pulse	199	5003104	9188	0
gpl004	232	Pulse	199	5013104	19187	0
gpl004	233	Picture	feedback	5014475	0	1	20061	1	0	next	other	0
gpl004	233	Pulse	199	5023104	8629	0
gpl004	233	Pulse	199	5033104	18629	0
gpl004	234	Picture	fix	5034536	0	1	22203	180	0	next	other	0
gpl004	234	Pulse	199	5043104	8568	0
gpl004	234	Pulse	199	5053104	18568	0
gpl004	236	Picture	stim	5056739	0	180	25048	180	0	25000	incorrect	662
gpl004	236	Pulse	199	5063104	6365	0
gpl004	236	Pulse	199	5073104	16365	0
gpl004	236	Response	32	5079044	22305	0
gpl004	237	Picture	fix2	5081953	0	1	25864	1	0	next	other	0
gpl004	237	Pulse	199	5083104	1151	0
gpl004	237	Pulse	199	5093104	11151	0
gpl004	237	Pulse	199	5103104	21151	0
gpl004	238	Picture	feedback	5107817	0	1	20061	1	0	next	other	0
gpl004	238	Pulse	199	5113104	5287	0
gpl004	238	Pulse	199	5123104	15287	0
gpl004	239	Picture	fix	5127878	0	1	26858	1	0	next	other	0
gpl004	239	Pulse	199	5133104	5227	0
gpl004	239	Pulse	199	5143104	15226	0
gpl004	239	Pulse	199	5153104	25226	0
gpl004	241	Picture	stim	5154736	0	1	25035	1	0	25000	incorrect	676
gpl004	241	Pulse	199	5163104	8368	0
gpl004	241	Response	32	5166893	12157	0
gpl004	241	Pulse	199	5173104	18368	0
gpl004	242	Picture	fix2	5179771	0	1	26195	1	0	next	other	0
gpl004	242	Pulse	199	5183104	3333	0
gpl004	242	Pulse	199	5193104	13333	0
gpl004	242	Pulse	199	5203104	23333	0
gpl004	243	Picture	feedback	5205966	0	1	20061	1	0	next	other	0
gpl004	243	Pulse	199	5213104	7138	0
gpl004	243	Pulse	199	5223104	17137	0
gpl004	244	Picture	100	5226027	0	1	250000	183	0	250000	other	0
gpl004	244	Pulse	199	5233104	7077	0
gpl004	244	Pulse	199	5243104	17077	0
gpl004	244	Pulse	199	5253104	27076	0
gpl004	244	Pulse	199	5263104	37077	0
gpl004	244	Pulse	199	5273104	47077	0
gpl004	244	Pulse	199	5283104	57076	0
gpl004	244	Pulse	199	5293104	67077	0
gpl004	244	Pulse	199	5303104	77077	0
gpl004	244	Pulse	199	5313104	87077	0
gpl004	244	Pulse	199	5323104	97077	0
gpl004	244	Pulse	199	5333104	107077	0
gpl004	244	Pulse	199	5343104	117077	0
gpl004	244	Pulse	199	5353104	127076	0
gpl004	244	Pulse	199	5363104	137077	0
gpl004	244	Pulse	199	5373104	147077	0
gpl004	244	Pulse	199	5383104	157077	0
gpl004	244	Pulse	199	5393104	167076	0
gpl004	244	Pulse	199	5403104	177077	0
gpl004	244	Pulse	199	5413104	187077	0
gpl004	244	Pulse	199	5423104	197076	0
gpl004	244	Pulse	199	5433104	207077	0
gpl004	244	Pulse	199	5443104	217076	0
gpl004	244	Pulse	199	5453104	227077	0
