Scenario - FBL_A.sce
Logfile written - 05/08/2021 15:00:10

Subject	Trial	Event Type	Code	Time	TTime	Uncertainty	Duration	Uncertainty	ReqTime	ReqDur	Stim Type	Pair Index

gpl017	1	Response	32	43691	33525	0
gpl017	2	Picture	start	43822	0	1	894953	1	0	next	other	0
gpl017	2	Response	16	74331	30510	0
gpl017	2	Response	16	75931	32109	0
gpl017	2	Response	16	77692	33870	0
gpl017	2	Response	16	79291	35470	0
gpl017	3	Response	16	830812	736979	0
gpl017	3	Response	16	832251	738419	0
gpl017	3	Response	16	833531	739698	0
gpl017	3	Pulse	199	938650	844818	0
gpl017	3	Pulse	199	948650	854818	0
gpl017	3	Pulse	199	958650	864818	0
gpl017	3	Pulse	199	968650	874818	0
gpl017	3	Pulse	199	978650	884818	0
gpl017	3	Pulse	199	988650	894817	0
gpl017	4	Picture	fix	989010	0	1	19564	1	0	next	other	0
gpl017	4	Pulse	199	998650	9640	0
gpl017	6	Picture	stim	1008573	0	1	25035	1	0	25000	incorrect	21
gpl017	6	Pulse	199	1008650	77	0
gpl017	6	Pulse	199	1018650	10076	0
gpl017	6	Response	32	1025081	16507	0
gpl017	6	Pulse	199	1028650	20077	0
gpl017	7	Picture	fix2	1033608	0	1	16579	1	0	next	other	0
gpl017	7	Pulse	199	1038650	5042	0
gpl017	7	Pulse	199	1048650	15042	0
gpl017	8	Picture	feedback	1050188	0	1	20061	1	0	next	other	0
gpl017	8	Pulse	199	1058650	8462	0
gpl017	8	Pulse	199	1068650	18463	0
gpl017	9	Picture	fix	1070249	0	1	33988	1	0	next	other	0
gpl017	9	Pulse	199	1078650	8402	0
gpl017	9	Pulse	199	1088650	18401	0
gpl017	9	Pulse	199	1098650	28402	0
gpl017	11	Picture	stim	1104236	0	1	25035	1	0	25000	incorrect	36
gpl017	11	Pulse	199	1108651	4414	0
gpl017	11	Pulse	199	1118650	14414	0
gpl017	11	Response	32	1123811	19575	0
gpl017	11	Pulse	199	1128651	24415	0
gpl017	12	Picture	fix2	1129271	0	1	21387	1	0	next	other	0
gpl017	12	Pulse	199	1138651	9380	0
gpl017	12	Pulse	199	1148651	19380	0
gpl017	13	Picture	feedback	1150658	0	1	20227	1	0	next	other	0
gpl017	13	Pulse	199	1158650	7992	0
gpl017	13	Pulse	199	1168651	17992	0
gpl017	14	Picture	fix	1170885	0	1	22216	1	0	next	other	0
gpl017	14	Pulse	199	1178651	7766	0
gpl017	14	Pulse	199	1188650	17765	0
gpl017	16	Picture	stim	1193101	0	1	25035	1	0	25000	incorrect	49
gpl017	16	Pulse	199	1198650	5549	0
gpl017	16	Response	32	1208071	14969	0
gpl017	16	Pulse	199	1208651	15549	0
gpl017	17	Picture	fix2	1218136	0	1	22548	1	0	next	other	0
gpl017	17	Pulse	199	1218651	514	0
gpl017	17	Pulse	199	1228650	10514	0
gpl017	17	Pulse	199	1238651	20514	0
gpl017	18	Picture	feedback	1240684	0	1	20061	1	0	next	other	0
gpl017	18	Pulse	199	1248651	7967	0
gpl017	18	Pulse	199	1258650	17966	0
gpl017	19	Picture	fix	1260745	0	1	28848	1	0	next	other	0
gpl017	19	Pulse	199	1268651	7906	0
gpl017	19	Pulse	199	1278651	17905	0
gpl017	19	Pulse	199	1288651	27906	0
gpl017	21	Picture	stim	1289593	0	1	25035	1	0	25000	incorrect	65
gpl017	21	Pulse	199	1298650	9057	0
gpl017	21	Pulse	199	1308651	19057	0
gpl017	21	Response	32	1310151	20557	0
gpl017	22	Picture	fix2	1314628	0	1	16082	1	0	next	other	0
gpl017	22	Pulse	199	1318651	4023	0
gpl017	22	Pulse	199	1328650	14022	0
gpl017	23	Picture	feedback	1330710	0	1	20061	1	0	next	other	0
gpl017	23	Pulse	199	1338650	7940	0
gpl017	23	Pulse	199	1348651	17941	0
gpl017	24	Picture	fix	1350771	0	1	26361	1	0	next	other	0
gpl017	24	Pulse	199	1358650	7880	0
gpl017	24	Pulse	199	1368650	17879	0
gpl017	26	Picture	stim	1377132	0	1	25035	1	0	25000	incorrect	78
gpl017	26	Pulse	199	1378651	1519	0
gpl017	26	Pulse	199	1388651	11519	0
gpl017	26	Response	32	1394690	17558	0
gpl017	26	Pulse	199	1398650	21518	0
gpl017	27	Picture	fix2	1402167	0	1	25864	1	0	next	other	0
gpl017	27	Response	16	1402850	683	0
gpl017	27	Pulse	199	1408651	6484	0
gpl017	27	Pulse	199	1418651	16484	0
gpl017	28	Picture	feedback	1428031	0	1	20061	1	0	next	other	0
gpl017	28	Pulse	199	1428651	620	0
gpl017	28	Pulse	199	1438650	10619	0
gpl017	29	Picture	fix	1448092	0	1	26527	1	0	next	other	0
gpl017	29	Pulse	199	1448651	559	0
gpl017	29	Pulse	199	1458651	10559	0
gpl017	29	Pulse	199	1468650	20559	0
gpl017	31	Picture	stim	1474619	0	1	25035	1	0	25000	incorrect	93
gpl017	31	Pulse	199	1478651	4032	0
gpl017	31	Response	32	1485450	10832	0
gpl017	31	Pulse	199	1488650	14032	0
gpl017	31	Pulse	199	1498650	24032	0
gpl017	32	Picture	fix2	1499819	0	1	18569	1	0	next	other	0
gpl017	32	Pulse	199	1508650	8831	0
gpl017	33	Picture	feedback	1518388	0	1	20061	1	0	next	other	0
gpl017	33	Pulse	199	1518651	262	0
gpl017	33	Pulse	199	1528661	10273	0
gpl017	34	Picture	fix	1538449	0	1	23543	1	0	next	other	0
gpl017	34	Pulse	199	1538650	201	0
gpl017	34	Pulse	199	1548651	10201	0
gpl017	34	Pulse	199	1558661	20211	0
gpl017	36	Picture	stim	1561992	0	1	25035	1	0	25000	incorrect	107
gpl017	36	Pulse	199	1568660	6668	0
gpl017	36	Response	32	1576441	14449	0
gpl017	36	Pulse	199	1578660	16668	0
gpl017	37	Picture	fix2	1587192	0	1	11108	1	0	next	other	0
gpl017	37	Pulse	199	1588661	1468	0
gpl017	38	Picture	feedback	1598300	0	1	20061	1	0	next	other	0
gpl017	38	Pulse	199	1598661	360	0
gpl017	38	Pulse	199	1608660	10359	0
gpl017	39	Picture	fix	1618361	0	1	26859	1	0	next	other	0
gpl017	39	Pulse	199	1618661	299	0
gpl017	39	Pulse	199	1628661	10299	0
gpl017	39	Pulse	199	1638660	20298	0
gpl017	41	Picture	stim	1645220	0	1	25035	1	0	25000	incorrect	120
gpl017	41	Pulse	199	1648660	3440	0
gpl017	41	Response	32	1656740	11520	0
gpl017	41	Pulse	199	1658660	13440	0
gpl017	41	Pulse	199	1668660	23440	0
gpl017	42	Picture	fix2	1670421	0	1	10777	1	0	next	other	0
gpl017	42	Pulse	199	1678660	8239	0
gpl017	43	Picture	feedback	1681197	0	1	20061	1	0	next	other	0
gpl017	43	Pulse	199	1688660	7463	0
gpl017	43	Pulse	199	1698660	17463	0
gpl017	44	Picture	fix	1701258	0	1	37469	1	0	next	other	0
gpl017	44	Pulse	199	1708660	7402	0
gpl017	44	Pulse	199	1718660	17402	0
gpl017	44	Pulse	199	1728660	27402	0
gpl017	44	Pulse	199	1738659	37400	2
gpl017	46	Picture	stim	1738727	0	1	25035	1	0	25000	hit	135
gpl017	46	Pulse	199	1748660	9932	0
gpl017	46	Response	16	1753590	14863	0
gpl017	46	Pulse	199	1758660	19932	0
gpl017	47	Picture	fix2	1763762	0	1	14092	1	0	next	other	0
gpl017	47	Pulse	199	1768660	4898	0
gpl017	48	Picture	feedback	1777855	0	1	20061	1	0	next	other	0
gpl017	48	Pulse	199	1778660	805	0
gpl017	48	Pulse	199	1788660	10805	0
gpl017	49	Picture	fix	1797916	0	1	32164	1	0	next	other	0
gpl017	49	Pulse	199	1798660	744	0
gpl017	49	Pulse	199	1808660	10744	0
gpl017	49	Pulse	199	1818660	20744	0
gpl017	49	Pulse	199	1828660	30744	0
gpl017	51	Picture	stim	1830080	0	1	25035	1	0	25000	incorrect	149
gpl017	51	Pulse	199	1838660	8581	0
gpl017	51	Response	32	1845920	15841	0
gpl017	51	Pulse	199	1848660	18580	0
gpl017	52	Picture	fix2	1855114	0	1	21885	1	0	next	other	0
gpl017	52	Pulse	199	1858661	3546	0
gpl017	52	Pulse	199	1868660	13546	0
gpl017	53	Picture	feedback	1876999	0	1	20061	1	0	next	other	0
gpl017	53	Pulse	199	1878660	1661	0
gpl017	53	Pulse	199	1888660	11661	0
gpl017	54	Picture	fix	1897060	0	1	19066	1	0	next	other	0
gpl017	54	Pulse	199	1898661	1600	0
gpl017	54	Pulse	199	1908660	11600	0
gpl017	56	Picture	stim	1916126	0	1	25035	1	0	25000	hit	164
gpl017	56	Pulse	199	1918660	2533	0
gpl017	56	Pulse	199	1928660	12534	0
gpl017	56	Pulse	199	1938660	22534	0
gpl017	56	Response	16	1940280	24154	0
gpl017	57	Picture	fix2	1941327	0	1	22051	1	0	next	other	0
gpl017	57	Pulse	199	1948660	7334	0
gpl017	57	Pulse	199	1958660	17333	0
gpl017	58	Picture	feedback	1963377	0	1	20061	1	0	next	other	0
gpl017	58	Pulse	199	1968660	5283	0
gpl017	58	Pulse	199	1978660	15283	0
gpl017	59	Picture	fix	1983438	0	1	22051	1	0	next	other	0
gpl017	59	Pulse	199	1988660	5222	0
gpl017	59	Pulse	199	1998660	15222	0
gpl017	61	Picture	stim	2005489	0	1	25035	1	0	25000	hit	176
gpl017	61	Pulse	199	2008660	3172	0
gpl017	61	Response	16	2017190	11701	0
gpl017	61	Pulse	199	2018660	13171	0
gpl017	61	Pulse	199	2028660	23171	0
gpl017	62	Picture	fix2	2030524	0	1	14590	1	0	next	other	0
gpl017	62	Pulse	199	2038660	8137	0
gpl017	63	Picture	feedback	2045114	0	1	20061	1	0	next	other	0
gpl017	63	Pulse	199	2048660	3547	0
gpl017	63	Pulse	199	2058660	13546	0
gpl017	64	Picture	fix	2065175	0	1	20061	1	0	next	other	0
gpl017	64	Pulse	199	2068660	3486	0
gpl017	64	Pulse	199	2078660	13486	0
gpl017	66	Picture	stim	2085236	0	1	25035	1	0	25000	incorrect	189
gpl017	66	Pulse	199	2088660	3424	0
gpl017	66	Response	32	2095250	10014	0
gpl017	66	Pulse	199	2098660	13425	0
gpl017	66	Pulse	199	2108660	23425	0
gpl017	67	Picture	fix2	2110270	0	1	20393	1	0	next	other	0
gpl017	67	Pulse	199	2118660	8390	0
gpl017	67	Pulse	199	2128660	18389	0
gpl017	68	Picture	feedback	2130663	0	1	20061	1	0	next	other	0
gpl017	68	Pulse	199	2138660	7997	0
gpl017	68	Pulse	199	2148660	17997	0
gpl017	69	Picture	fix	2150724	0	1	27356	1	0	next	other	0
gpl017	69	Pulse	199	2158660	7936	0
gpl017	69	Pulse	199	2168660	17936	0
gpl017	71	Picture	stim	2178080	0	1	25035	1	0	25000	incorrect	204
gpl017	71	Pulse	199	2178660	580	0
gpl017	71	Pulse	199	2188660	10580	0
gpl017	71	Response	32	2195470	17390	0
gpl017	71	Pulse	199	2198660	20580	0
gpl017	72	Picture	fix2	2203281	0	1	29345	1	0	next	other	0
gpl017	72	Pulse	199	2208660	5380	0
gpl017	72	Pulse	199	2218660	15380	0
gpl017	72	Pulse	199	2228660	25379	0
gpl017	73	Picture	feedback	2232626	0	1	20061	1	0	next	other	0
gpl017	73	Pulse	199	2238660	6034	0
gpl017	73	Pulse	199	2248660	16034	0
gpl017	74	Picture	fix	2252687	0	1	29180	1	0	next	other	0
gpl017	74	Pulse	199	2258660	5973	0
gpl017	74	Pulse	199	2268660	15973	0
gpl017	74	Pulse	199	2278660	25973	0
gpl017	76	Picture	stim	2281867	0	1	25035	1	0	25000	incorrect	220
gpl017	76	Pulse	199	2288660	6794	0
gpl017	76	Pulse	199	2298659	16793	0
gpl017	76	Response	32	2299370	17503	0
gpl017	77	Picture	fix2	2306901	0	1	18071	1	0	next	other	0
gpl017	77	Pulse	199	2308660	1759	0
gpl017	77	Pulse	199	2318660	11759	0
gpl017	78	Picture	feedback	2324973	0	1	20061	1	0	next	other	0
gpl017	78	Pulse	199	2328660	3687	0
gpl017	78	Pulse	199	2338659	13687	0
gpl017	79	Picture	fix	2345034	0	1	22714	1	0	next	other	0
gpl017	79	Pulse	199	2348660	3627	0
gpl017	79	Pulse	199	2358660	13626	0
gpl017	81	Picture	stim	2367748	0	1	25035	1	0	25000	hit	233
gpl017	81	Pulse	199	2368659	912	0
gpl017	81	Pulse	199	2378660	10913	0
gpl017	81	Response	16	2380140	12392	0
gpl017	81	Pulse	199	2388660	20913	0
gpl017	82	Picture	fix2	2392782	0	1	24206	1	0	next	other	0
gpl017	82	Pulse	199	2398660	5878	0
gpl017	82	Pulse	199	2408660	15877	0
gpl017	83	Picture	feedback	2416988	0	1	20061	1	0	next	other	0
gpl017	83	Pulse	199	2418660	1672	0
gpl017	83	Pulse	199	2428660	11672	0
gpl017	84	Picture	fix	2437049	0	1	28516	1	0	next	other	0
gpl017	84	Pulse	199	2438660	1610	0
gpl017	84	Pulse	199	2448660	11611	0
gpl017	84	Pulse	199	2458660	21611	0
gpl017	86	Picture	stim	2465566	0	1	25035	1	0	25000	incorrect	247
gpl017	86	Pulse	199	2468660	3094	0
gpl017	86	Response	32	2478180	12615	0
gpl017	86	Pulse	199	2478660	13094	0
gpl017	86	Pulse	199	2488660	23095	0
gpl017	87	Picture	fix2	2490600	0	1	22216	1	0	next	other	0
gpl017	87	Pulse	199	2498660	8060	0
gpl017	87	Pulse	199	2508660	18059	0
gpl017	88	Picture	feedback	2512817	0	1	20061	1	0	next	other	0
gpl017	88	Pulse	199	2518660	5843	0
gpl017	88	Pulse	199	2528660	15843	0
gpl017	89	Picture	fix	2532878	0	1	24703	1	0	next	other	0
gpl017	89	Pulse	199	2538660	5782	0
gpl017	89	Pulse	199	2548660	15783	0
gpl017	91	Picture	stim	2557581	0	1	25035	1	0	25000	hit	262
gpl017	91	Pulse	199	2558660	1079	0
gpl017	91	Pulse	199	2568660	11079	0
gpl017	91	Response	16	2571660	14079	0
gpl017	91	Pulse	199	2578659	21078	0
gpl017	92	Picture	fix2	2582616	0	1	11606	1	0	next	other	0
gpl017	92	Pulse	199	2588660	6045	0
gpl017	93	Picture	feedback	2594221	0	1	20061	1	0	next	other	0
gpl017	93	Pulse	199	2598660	4439	0
gpl017	93	Pulse	199	2608659	14438	0
gpl017	94	Picture	fix	2614282	0	1	23708	1	0	next	other	0
gpl017	94	Pulse	199	2618660	4378	0
gpl017	94	Pulse	199	2628660	14378	0
gpl017	96	Picture	stim	2637991	0	1	25035	1	0	25000	incorrect	275
gpl017	96	Pulse	199	2638660	669	0
gpl017	96	Pulse	199	2648660	10669	0
gpl017	96	Response	32	2655440	17449	0
gpl017	96	Pulse	199	2658660	20669	0
gpl017	97	Picture	fix2	2663026	0	1	21387	1	0	next	other	0
gpl017	97	Pulse	199	2668660	5634	0
gpl017	97	Pulse	199	2678660	15634	0
gpl017	98	Picture	feedback	2684413	0	1	20061	1	0	next	other	0
gpl017	98	Pulse	199	2688660	4247	0
gpl017	98	Pulse	199	2698660	14247	0
gpl017	99	Picture	fix	2704474	0	1	35977	1	0	next	other	0
gpl017	99	Pulse	199	2708660	4186	0
gpl017	99	Pulse	199	2718659	14185	0
gpl017	99	Pulse	199	2728660	24186	0
gpl017	99	Pulse	199	2738660	34186	0
gpl017	101	Picture	stim	2740451	0	1	25035	1	0	25000	hit	291
gpl017	101	Pulse	199	2748659	8208	0
gpl017	101	Pulse	199	2758660	18209	0
gpl017	101	Response	16	2761350	20899	0
gpl017	102	Picture	fix2	2765486	0	1	17906	1	0	next	other	0
gpl017	102	Pulse	199	2768660	3174	0
gpl017	102	Pulse	199	2778659	13174	0
gpl017	103	Picture	feedback	2783391	0	1	20061	1	0	next	other	0
gpl017	103	Pulse	199	2788659	5268	0
gpl017	103	Pulse	199	2798660	15268	0
gpl017	104	Picture	fix	2803453	0	1	23377	1	0	next	other	0
gpl017	104	Pulse	199	2808660	5207	0
gpl017	104	Pulse	199	2818659	15207	0
gpl017	106	Picture	stim	2826829	0	1	25035	1	0	25000	incorrect	304
gpl017	106	Pulse	199	2828660	1830	0
gpl017	106	Pulse	199	2838660	11830	0
gpl017	106	Response	32	2839270	12441	0
gpl017	106	Pulse	199	2848659	21830	0
gpl017	107	Picture	fix2	2851864	0	1	15253	1	0	next	other	0
gpl017	107	Pulse	199	2858659	6795	0
gpl017	108	Picture	feedback	2867117	0	1	20227	1	0	next	other	0
gpl017	108	Pulse	199	2868660	1543	0
gpl017	108	Pulse	199	2878660	11543	0
gpl017	109	Picture	fix	2887344	0	1	30838	1	0	next	other	0
gpl017	109	Pulse	199	2888660	1316	0
gpl017	109	Pulse	199	2898660	11316	0
gpl017	109	Pulse	199	2908660	21316	0
gpl017	111	Picture	stim	2918182	0	1	25035	1	0	25000	hit	318
gpl017	111	Pulse	199	2918659	478	0
gpl017	111	Pulse	199	2928660	10479	0
gpl017	111	Response	16	2930090	11908	0
gpl017	111	Pulse	199	2938660	20479	0
gpl017	112	Picture	fix2	2943216	0	1	23543	1	0	next	other	0
gpl017	112	Pulse	199	2948660	5444	0
gpl017	112	Pulse	199	2958660	15443	0
gpl017	113	Picture	feedback	2966759	0	1	20061	1	0	next	other	0
gpl017	113	Pulse	199	2968660	1901	0
gpl017	113	Pulse	199	2978660	11901	0
gpl017	114	Picture	fix	2986820	0	1	25366	1	0	next	other	0
gpl017	114	Pulse	199	2988659	1839	0
gpl017	114	Pulse	199	2998660	11840	0
gpl017	114	Pulse	199	3008660	21840	0
gpl017	116	Picture	stim	3012186	0	1	25035	1	0	25000	incorrect	332
gpl017	116	Pulse	199	3018660	6474	0
gpl017	116	Response	32	3022090	9903	0
gpl017	116	Pulse	199	3028659	16473	0
gpl017	117	Picture	fix2	3037221	0	1	16413	1	0	next	other	0
gpl017	117	Pulse	199	3038661	1439	0
gpl017	117	Pulse	199	3048660	11439	0
gpl017	118	Picture	feedback	3053635	0	1	20061	1	0	next	other	0
gpl017	118	Pulse	199	3058659	5025	0
gpl017	118	Pulse	199	3068660	15025	0
gpl017	119	Picture	fix	3073696	0	1	28019	1	0	next	other	0
gpl017	119	Pulse	199	3078660	4964	0
gpl017	119	Pulse	199	3088660	14964	0
gpl017	119	Pulse	199	3098660	24964	0
gpl017	121	Picture	stim	3101715	0	1	25035	1	0	25000	hit	346
gpl017	121	Pulse	199	3108660	6945	0
gpl017	121	Response	16	3113270	11555	0
gpl017	121	Pulse	199	3118660	16945	0
gpl017	122	Picture	fix2	3126750	0	1	21553	1	0	next	other	0
gpl017	122	Pulse	199	3128660	1910	0
gpl017	122	Pulse	199	3138660	11911	0
gpl017	123	Picture	feedback	3148303	0	1	20061	1	0	next	other	0
gpl017	123	Pulse	199	3148660	357	0
gpl017	123	Pulse	199	3158660	10357	0
gpl017	124	Picture	fix	3168364	0	1	26859	1	0	next	other	0
gpl017	124	Pulse	199	3168659	296	0
gpl017	124	Pulse	199	3178660	10296	0
gpl017	124	Pulse	199	3188660	20296	0
gpl017	126	Picture	stim	3195222	0	1	25035	1	0	25000	hit	361
gpl017	126	Pulse	199	3198659	3437	0
gpl017	126	Pulse	199	3208660	13438	0
gpl017	126	Response	16	3210580	15358	0
gpl017	126	Pulse	199	3218660	23437	0
gpl017	127	Picture	fix2	3220423	0	1	26195	1	0	next	other	0
gpl017	127	Pulse	199	3228659	8237	0
gpl017	127	Pulse	199	3238660	18237	0
gpl017	128	Picture	feedback	3246618	0	1	20061	1	0	next	other	0
gpl017	128	Pulse	199	3248660	2042	0
gpl017	128	Pulse	199	3258660	12042	0
gpl017	129	Picture	fix	3266679	0	1	31169	1	0	next	other	0
gpl017	129	Pulse	199	3268669	1990	0
gpl017	129	Pulse	199	3278660	11981	0
gpl017	129	Pulse	199	3288670	21991	0
gpl017	131	Picture	stim	3297848	0	1	25035	1	0	25000	incorrect	376
gpl017	131	Pulse	199	3298659	811	0
gpl017	131	Pulse	199	3308660	10812	0
gpl017	131	Response	32	3311909	14061	0
gpl017	131	Pulse	199	3318670	20821	0
gpl017	132	Picture	fix2	3323049	0	1	21387	1	0	next	other	0
gpl017	132	Pulse	199	3328670	5621	0
gpl017	132	Pulse	199	3338669	15620	0
gpl017	133	Picture	feedback	3344436	0	1	20061	1	0	next	other	0
gpl017	133	Pulse	199	3348670	4233	0
gpl017	133	Pulse	199	3358670	14233	0
gpl017	134	Picture	fix	3364497	0	1	16248	1	0	next	other	0
gpl017	134	Pulse	199	3368670	4172	0
gpl017	134	Pulse	199	3378670	14172	0
gpl017	136	Picture	stim	3380745	0	1	25035	1	0	25000	hit	389
gpl017	136	Pulse	199	3388670	7925	0
gpl017	136	Response	16	3392720	11975	0
gpl017	136	Pulse	199	3398670	17925	0
gpl017	137	Picture	fix2	3405780	0	1	12932	1	0	next	other	0
gpl017	137	Pulse	199	3408669	2889	0
gpl017	137	Pulse	199	3418670	12890	0
gpl017	138	Picture	feedback	3418712	0	1	20061	1	0	next	other	0
gpl017	138	Pulse	199	3428669	9957	0
gpl017	138	Pulse	199	3438669	19957	0
gpl017	139	Picture	fix	3438773	0	1	28516	1	0	next	other	0
gpl017	139	Pulse	199	3448669	9897	0
gpl017	139	Pulse	199	3458669	19896	0
gpl017	141	Picture	stim	3467289	0	1	25035	1	0	25000	incorrect	402
gpl017	141	Pulse	199	3468669	1380	0
gpl017	141	Response	32	3476810	9521	0
gpl017	141	Pulse	199	3478670	11380	0
gpl017	141	Pulse	199	3488669	21380	0
gpl017	142	Picture	fix2	3492324	0	1	27687	1	0	next	other	0
gpl017	142	Pulse	199	3498669	6345	0
gpl017	142	Pulse	199	3508669	16345	0
gpl017	142	Pulse	199	3518669	26345	0
gpl017	143	Picture	feedback	3520011	0	1	20061	1	0	next	other	0
gpl017	143	Pulse	199	3528669	8658	0
gpl017	143	Pulse	199	3538669	18658	0
gpl017	144	Picture	fix	3540072	0	1	28848	1	0	next	other	0
gpl017	144	Pulse	199	3548669	8597	0
gpl017	144	Pulse	199	3558669	18597	0
gpl017	144	Pulse	199	3568669	28597	0
gpl017	146	Picture	stim	3568920	0	1	25035	1	0	25000	incorrect	417
gpl017	146	Response	32	3578249	9329	0
gpl017	146	Pulse	199	3578669	9749	0
gpl017	146	Pulse	199	3588669	19749	0
gpl017	147	Picture	fix2	3593955	0	1	29014	1	0	next	other	0
gpl017	147	Pulse	199	3598669	4714	0
gpl017	147	Pulse	199	3608669	14714	0
gpl017	147	Pulse	199	3618669	24714	0
gpl017	148	Picture	feedback	3622969	0	1	20061	1	0	next	other	0
gpl017	148	Pulse	199	3628670	5700	0
gpl017	148	Pulse	199	3638670	15701	0
gpl017	149	Picture	fix	3643030	0	1	26859	1	0	next	other	0
gpl017	149	Pulse	199	3648670	5639	0
gpl017	149	Pulse	199	3658670	15640	0
gpl017	149	Pulse	199	3668670	25640	0
gpl017	151	Picture	stim	3669889	0	1	25035	1	0	25000	hit	433
gpl017	151	Pulse	199	3678669	8780	0
gpl017	151	Response	16	3681090	11201	0
gpl017	151	Pulse	199	3688670	18781	0
gpl017	152	Picture	fix2	3694923	0	1	16082	1	0	next	other	0
gpl017	152	Pulse	199	3698670	3746	0
gpl017	152	Pulse	199	3708670	13746	0
gpl017	153	Picture	feedback	3711005	0	1	20061	1	0	next	other	0
gpl017	153	Pulse	199	3718669	7664	0
gpl017	153	Pulse	199	3728670	17664	0
gpl017	154	Picture	fix	3731066	0	1	21885	1	0	next	other	0
gpl017	154	Pulse	199	3738670	7603	0
gpl017	154	Pulse	199	3748669	17603	0
gpl017	156	Picture	stim	3752951	0	1	25035	1	0	25000	hit	446
gpl017	156	Pulse	199	3758670	5719	0
gpl017	156	Response	16	3763469	10518	0
gpl017	156	Pulse	199	3768670	15719	0
gpl017	157	Picture	fix2	3777986	0	1	23377	1	0	next	other	0
gpl017	157	Pulse	199	3778670	684	0
gpl017	157	Pulse	199	3788669	10683	0
gpl017	157	Pulse	199	3798670	20684	0
gpl017	158	Picture	feedback	3801363	0	1	20061	1	0	next	other	0
gpl017	158	Pulse	199	3808670	7307	0
gpl017	158	Pulse	199	3818669	17306	0
gpl017	159	Picture	fix	3821424	0	1	23377	1	0	next	other	0
gpl017	159	Pulse	199	3828670	7246	0
gpl017	159	Pulse	199	3838670	17246	0
gpl017	161	Picture	stim	3844801	0	1	25034	1	0	25000	hit	460
gpl017	161	Pulse	199	3848670	3869	0
gpl017	161	Response	16	3858150	13349	0
gpl017	161	Pulse	199	3858670	13869	0
gpl017	161	Pulse	199	3868669	23869	0
gpl017	162	Picture	fix2	3869835	0	1	18072	1	0	next	other	0
gpl017	162	Pulse	199	3878670	8835	0
gpl017	163	Picture	feedback	3887907	0	1	20061	1	0	next	other	0
gpl017	163	Pulse	199	3888669	762	0
gpl017	163	Pulse	199	3898670	10763	0
gpl017	164	Picture	fix	3907968	0	1	29014	1	0	next	other	0
gpl017	164	Pulse	199	3908670	702	0
gpl017	164	Pulse	199	3918670	10702	0
gpl017	164	Pulse	199	3928669	20701	0
gpl017	166	Picture	stim	3936982	0	1	25035	1	0	25000	incorrect	475
gpl017	166	Pulse	199	3938670	1688	0
gpl017	166	Pulse	199	3948670	11688	0
gpl017	166	Response	32	3957509	20527	0
gpl017	166	Pulse	199	3958669	21687	0
gpl017	167	Picture	fix2	3962017	0	1	16414	1	0	next	other	0
gpl017	167	Pulse	199	3968670	6653	0
gpl017	168	Picture	feedback	3978430	0	1	20061	1	0	next	other	0
gpl017	168	Pulse	199	3978670	240	0
gpl017	168	Pulse	199	3988669	10239	0
gpl017	169	Picture	fix	3998491	0	1	20393	1	0	next	other	0
gpl017	169	Pulse	199	3998670	179	0
gpl017	169	Pulse	199	4008670	10179	0
gpl017	169	Pulse	199	4018670	20179	0
gpl017	171	Picture	stim	4018884	0	1	25035	1	0	25000	incorrect	488
gpl017	171	Pulse	199	4028669	9786	0
gpl017	171	Response	32	4029659	10775	0
gpl017	171	Pulse	199	4038670	19786	0
gpl017	172	Picture	fix2	4043919	0	1	24371	1	0	next	other	0
gpl017	172	Pulse	199	4048670	4751	0
gpl017	172	Pulse	199	4058669	14751	0
gpl017	173	Picture	feedback	4068290	0	1	20061	1	0	next	other	0
gpl017	173	Pulse	199	4068669	379	0
gpl017	173	Pulse	199	4078670	10380	0
gpl017	174	Picture	fix	4088351	0	1	22382	1	0	next	other	0
gpl017	174	Pulse	199	4088670	319	0
gpl017	174	Pulse	199	4098669	10318	0
gpl017	174	Pulse	199	4108670	20318	0
gpl017	176	Picture	stim	4110733	0	1	25035	1	0	25000	hit	502
gpl017	176	Pulse	199	4118670	7936	0
gpl017	176	Response	16	4125379	14646	0
gpl017	176	Pulse	199	4128669	17936	0
gpl017	177	Picture	fix2	4135768	0	1	20558	1	0	next	other	0
gpl017	177	Pulse	199	4138669	2901	0
gpl017	177	Pulse	199	4148670	12902	0
gpl017	178	Picture	feedback	4156326	0	1	20061	1	0	next	other	0
gpl017	178	Pulse	199	4158669	2343	0
gpl017	178	Pulse	199	4168669	12343	0
gpl017	179	Picture	fix	4176387	0	1	24537	1	0	next	other	0
gpl017	179	Pulse	199	4178670	2282	0
gpl017	179	Pulse	199	4188670	12282	0
gpl017	179	Pulse	199	4198669	22282	0
gpl017	181	Picture	stim	4200925	0	1	25035	1	0	25000	hit	516
gpl017	181	Pulse	199	4208670	7745	0
gpl017	181	Response	16	4213529	12604	0
gpl017	181	Pulse	199	4218670	17745	0
gpl017	182	Picture	fix2	4225960	0	1	13927	1	0	next	other	0
gpl017	182	Pulse	199	4228670	2710	0
gpl017	182	Pulse	199	4238669	12710	0
gpl017	183	Picture	feedback	4239886	0	1	20061	1	0	next	other	0
gpl017	183	Pulse	199	4248670	8784	0
gpl017	183	Pulse	199	4258670	18784	0
gpl017	184	Picture	fix	4259947	0	1	29346	1	0	next	other	0
gpl017	184	Pulse	199	4268669	8722	0
gpl017	184	Pulse	199	4278670	18723	0
gpl017	184	Pulse	199	4288670	28723	0
gpl017	186	Picture	stim	4289293	0	1	25035	1	0	25000	hit	530
gpl017	186	Pulse	199	4298670	9377	0
gpl017	186	Response	16	4300980	11687	0
gpl017	186	Pulse	199	4308669	19376	0
gpl017	187	Picture	fix2	4314327	0	1	16745	1	0	next	other	0
gpl017	187	Pulse	199	4318670	4342	0
gpl017	187	Pulse	199	4328670	14342	0
gpl017	188	Picture	feedback	4331073	0	1	20061	1	0	next	other	0
gpl017	188	Pulse	199	4338669	7597	0
gpl017	188	Pulse	199	4348670	17597	0
gpl017	189	Picture	fix	4351134	0	1	20227	1	0	next	other	0
gpl017	189	Pulse	199	4358670	7536	0
gpl017	189	Pulse	199	4368669	17536	0
gpl017	191	Picture	stim	4371360	0	1	25035	1	0	25000	incorrect	543
gpl017	191	Pulse	199	4378669	7309	0
gpl017	191	Response	32	4382619	11259	0
gpl017	191	Pulse	199	4388670	17309	0
gpl017	192	Picture	fix2	4396395	0	1	20061	1	0	next	other	0
gpl017	192	Pulse	199	4398670	2275	0
gpl017	192	Pulse	199	4408669	12274	0
gpl017	193	Picture	feedback	4416456	0	1	20061	1	0	next	other	0
gpl017	193	Pulse	199	4418670	2214	0
gpl017	193	Pulse	199	4428670	12213	0
gpl017	194	Picture	fix	4436517	0	1	30009	1	0	next	other	0
gpl017	194	Pulse	199	4438669	2152	0
gpl017	194	Pulse	199	4448669	12152	0
gpl017	194	Pulse	199	4458669	22152	0
gpl017	196	Picture	stim	4466526	0	1	25035	1	0	25000	incorrect	557
gpl017	196	Pulse	199	4468669	2144	0
gpl017	196	Response	32	4477739	11214	0
gpl017	196	Pulse	199	4478669	12143	0
gpl017	196	Pulse	199	4488669	22144	0
gpl017	197	Picture	fix2	4491726	0	1	26361	1	0	next	other	0
gpl017	197	Pulse	199	4498669	6943	0
gpl017	197	Pulse	199	4508669	16943	0
gpl017	198	Picture	feedback	4518088	0	1	20061	1	0	next	other	0
gpl017	198	Pulse	199	4518669	582	0
gpl017	198	Pulse	199	4528669	10582	0
gpl017	199	Picture	fix	4538148	0	1	21387	1	0	next	other	0
gpl017	199	Pulse	199	4538670	521	0
gpl017	199	Pulse	199	4548669	10521	0
gpl017	199	Pulse	199	4558669	20521	0
gpl017	201	Picture	stim	4559536	0	1	25035	1	0	25000	incorrect	572
gpl017	201	Pulse	199	4568669	9134	0
gpl017	201	Response	32	4573210	13674	0
gpl017	201	Pulse	199	4578669	19133	0
gpl017	202	Picture	fix2	4584571	0	1	14756	1	0	next	other	0
gpl017	202	Pulse	199	4588669	4099	0
gpl017	202	Pulse	199	4598669	14099	0
gpl017	203	Picture	feedback	4599326	0	1	20061	1	0	next	other	0
gpl017	203	Pulse	199	4608669	9343	0
gpl017	203	Pulse	199	4618669	19343	0
gpl017	204	Picture	fix	4619387	0	1	24703	1	0	next	other	0
gpl017	204	Pulse	199	4628670	9282	0
gpl017	204	Pulse	199	4638670	19282	0
gpl017	206	Picture	stim	4644090	0	1	25035	1	0	25000	incorrect	585
gpl017	206	Pulse	199	4648669	4579	0
gpl017	206	Response	32	4655510	11419	0
gpl017	206	Pulse	199	4658670	14579	0
gpl017	206	Pulse	199	4668670	24579	0
gpl017	207	Picture	fix2	4669125	0	1	9119	1	0	next	other	0
gpl017	208	Picture	feedback	4678244	0	1	20061	1	0	next	other	0
gpl017	208	Pulse	199	4678670	426	0
gpl017	208	Pulse	199	4688669	10425	0
gpl017	209	Picture	fix	4698305	0	1	17740	1	0	next	other	0
gpl017	209	Pulse	199	4698670	365	0
gpl017	209	Pulse	199	4708670	10365	0
gpl017	211	Picture	stim	4716045	0	1	25035	1	0	25000	hit	597
gpl017	211	Pulse	199	4718669	2625	0
gpl017	211	Response	16	4728390	12345	0
gpl017	211	Pulse	199	4728670	12625	0
gpl017	211	Pulse	199	4738670	22625	0
gpl017	212	Picture	fix2	4741080	0	1	17242	1	0	next	other	0
gpl017	212	Pulse	199	4748669	7590	0
gpl017	213	Picture	feedback	4758322	0	1	20061	1	0	next	other	0
gpl017	213	Pulse	199	4758669	347	0
gpl017	213	Pulse	199	4768669	10347	0
gpl017	214	Picture	fix	4778383	0	1	17408	1	0	next	other	0
gpl017	214	Pulse	199	4778669	286	0
gpl017	214	Pulse	199	4788669	10286	0
gpl017	216	Picture	stim	4795791	0	1	25035	1	0	25000	incorrect	611
gpl017	216	Pulse	199	4798669	2878	0
gpl017	216	Pulse	199	4808670	12878	0
gpl017	216	Response	32	4809430	13638	0
gpl017	216	Pulse	199	4818669	22878	0
gpl017	217	Picture	fix2	4820826	0	1	15916	1	0	next	other	0
gpl017	217	Pulse	199	4828670	7844	0
gpl017	218	Picture	feedback	4836742	0	1	20061	1	0	next	other	0
gpl017	218	Pulse	199	4838670	1927	0
gpl017	218	Pulse	199	4848670	11927	0
gpl017	219	Picture	fix	4856803	0	1	33324	1	0	next	other	0
gpl017	219	Pulse	199	4858669	1866	0
gpl017	219	Pulse	199	4868670	11866	0
gpl017	219	Pulse	199	4878670	21866	0
gpl017	219	Pulse	199	4888669	31866	0
gpl017	221	Picture	stim	4890128	0	1	25035	1	0	25000	incorrect	625
gpl017	221	Pulse	199	4898669	8542	0
gpl017	221	Response	32	4904529	14401	0
gpl017	221	Pulse	199	4908670	18542	0
gpl017	221	Response	16	4910029	19901	0
gpl017	222	Picture	fix2	4915328	0	1	25864	1	0	next	other	0
gpl017	222	Pulse	199	4918669	3341	0
gpl017	222	Pulse	199	4928669	13341	0
gpl017	222	Pulse	199	4938670	23341	0
gpl017	223	Picture	feedback	4941192	0	1	20061	1	0	next	other	0
gpl017	223	Pulse	199	4948670	7477	0
gpl017	223	Pulse	199	4958669	17477	0
gpl017	224	Picture	fix	4961253	0	1	18569	1	0	next	other	0
gpl017	224	Pulse	199	4968669	7416	0
gpl017	224	Pulse	199	4978669	17416	0
gpl017	226	Picture	stim	4979822	0	1	25035	1	0	25000	incorrect	640
gpl017	226	Pulse	199	4988669	8847	0
gpl017	226	Response	32	4989669	9847	0
gpl017	226	Pulse	199	4998668	18847	0
gpl017	227	Picture	fix2	5004857	0	1	16579	1	0	next	other	0
gpl017	227	Pulse	199	5008669	3812	0
gpl017	227	Pulse	199	5018669	13812	0
gpl017	228	Picture	feedback	5021436	0	1	20061	1	0	next	other	0
gpl017	228	Pulse	199	5028669	7233	0
gpl017	228	Pulse	199	5038669	17233	0
gpl017	229	Picture	fix	5041497	0	1	26030	1	0	next	other	0
gpl017	229	Pulse	199	5048669	7172	0
gpl017	229	Pulse	199	5058669	17172	0
gpl017	231	Picture	stim	5067527	0	1	25035	1	0	25000	hit	654
gpl017	231	Pulse	199	5068669	1142	0
gpl017	231	Pulse	199	5078669	11143	0
gpl017	231	Response	16	5079989	12462	0
gpl017	231	Pulse	199	5088669	21142	0
gpl017	232	Picture	fix2	5092561	0	1	21719	1	0	next	other	0
gpl017	232	Pulse	199	5098669	6108	0
gpl017	232	Pulse	199	5108670	16108	0
gpl017	233	Picture	feedback	5114280	0	1	20061	1	0	next	other	0
gpl017	233	Pulse	199	5118680	4399	0
gpl017	233	Pulse	199	5128679	14399	0
gpl017	234	Picture	fix	5134341	0	1	25201	1	0	next	other	0
gpl017	234	Pulse	199	5138680	4338	0
gpl017	234	Pulse	199	5148679	14338	0
gpl017	234	Pulse	199	5158680	24338	0
gpl017	236	Picture	stim	5159542	0	1	25035	1	0	25000	hit	668
gpl017	236	Pulse	199	5168679	9137	0
gpl017	236	Response	16	5178270	18728	0
gpl017	236	Pulse	199	5178679	19137	0
gpl017	237	Picture	fix2	5184577	0	1	13263	1	0	next	other	0
gpl017	237	Pulse	199	5188679	4102	0
gpl017	238	Picture	feedback	5197840	0	1	20061	1	0	next	other	0
gpl017	238	Pulse	199	5198679	839	0
gpl017	238	Pulse	199	5208679	10839	0
gpl017	239	Picture	fix	5217901	0	1	29677	1	0	next	other	0
gpl017	239	Pulse	199	5218679	778	0
gpl017	239	Pulse	199	5228679	10778	0
gpl017	239	Pulse	199	5238679	20777	0
gpl017	241	Picture	stim	5247578	0	1	25035	1	0	25000	incorrect	682
gpl017	241	Pulse	199	5248679	1101	0
gpl017	241	Pulse	199	5258679	11101	0
gpl017	241	Response	32	5259439	11861	0
gpl017	241	Pulse	199	5268679	21100	0
gpl017	242	Picture	fix2	5272613	0	1	15916	1	0	next	other	0
gpl017	242	Pulse	199	5278679	6066	0
gpl017	243	Picture	feedback	5288529	0	1	20061	1	0	next	other	0
gpl017	243	Pulse	199	5288679	150	0
gpl017	243	Pulse	199	5298679	10150	0
gpl017	244	Picture	100	5308590	0	1	250000	183	0	250000	other	0
gpl017	244	Pulse	199	5308679	88	0
gpl017	244	Pulse	199	5318679	10089	0
gpl017	244	Pulse	199	5328679	20089	0
gpl017	244	Pulse	199	5338679	30088	0
gpl017	244	Pulse	199	5348679	40089	0
gpl017	244	Pulse	199	5358679	50089	0
gpl017	244	Pulse	199	5368679	60089	0
gpl017	244	Pulse	199	5378679	70089	0
gpl017	244	Pulse	199	5388679	80089	0
gpl017	244	Pulse	199	5398680	90089	0
gpl017	244	Pulse	199	5408679	100088	0
gpl017	244	Pulse	199	5418680	110089	0
gpl017	244	Pulse	199	5428680	120089	0
gpl017	244	Pulse	199	5438679	130089	0
gpl017	244	Pulse	199	5448679	140089	0
gpl017	244	Pulse	199	5458679	150089	0
gpl017	244	Pulse	199	5468680	160089	0
gpl017	244	Pulse	199	5478679	170089	0
gpl017	244	Pulse	199	5488680	180089	0
gpl017	244	Pulse	199	5498679	190089	0
gpl017	244	Pulse	199	5508679	200089	0
gpl017	244	Pulse	199	5518679	210089	0
gpl017	244	Pulse	199	5528679	220089	0
