Scenario - FBL_A.sce
Logfile written - 04/16/2021 14:06:10

Subject	Trial	Event Type	Code	Time	TTime	Uncertainty	Duration	Uncertainty	ReqTime	ReqDur	Stim Type	Pair Index

gplo005	1	Response	16	240933	230767	0
gplo005	2	Picture	start	240936	0	181	662192	181	0	next	other	0
gplo005	2	Response	16	258443	17508	0
gplo005	3	Pulse	199	903062	612116	0
gplo005	3	Pulse	199	913062	622116	0
gplo005	3	Pulse	199	923061	632116	0
gplo005	3	Pulse	199	933061	642115	0
gplo005	3	Pulse	199	943062	652116	0
gplo005	3	Pulse	199	953062	662116	0
gplo005	4	Picture	fix	953695	0	1	19066	1	0	next	other	0
gplo005	4	Pulse	199	963061	9367	0
gplo005	6	Picture	stim	972761	0	1	25035	1	0	25000	hit	14
gplo005	6	Pulse	199	973062	301	0
gplo005	6	Response	16	981672	8911	0
gplo005	6	Pulse	199	983062	10301	0
gplo005	6	Pulse	199	993061	20300	0
gplo005	7	Picture	fix2	997796	0	1	13263	1	0	next	other	0
gplo005	7	Pulse	199	1003062	5267	0
gplo005	8	Picture	feedback	1011059	0	1	20393	1	0	next	other	0
gplo005	8	Pulse	199	1013062	2003	0
gplo005	8	Pulse	199	1023062	12003	0
gplo005	9	Picture	fix	1031452	0	1	28516	1	0	next	other	0
gplo005	9	Pulse	199	1033061	1610	0
gplo005	9	Pulse	199	1043062	11610	0
gplo005	9	Pulse	199	1053062	21610	0
gplo005	11	Picture	stim	1059968	0	1	25035	1	0	25000	hit	28
gplo005	11	Pulse	199	1063061	3093	0
gplo005	11	Response	16	1072911	12943	0
gplo005	11	Pulse	199	1073061	13093	0
gplo005	11	Pulse	199	1083062	23094	0
gplo005	12	Picture	fix2	1085169	0	1	20558	1	0	next	other	0
gplo005	12	Pulse	199	1093062	7893	0
gplo005	12	Pulse	199	1103061	17892	0
gplo005	13	Picture	feedback	1105727	0	1	20393	1	0	next	other	0
gplo005	13	Pulse	199	1113062	7335	0
gplo005	13	Pulse	199	1123062	17335	0
gplo005	14	Picture	fix	1126120	0	1	19397	1	0	next	other	0
gplo005	14	Pulse	199	1133061	6942	0
gplo005	14	Pulse	199	1143061	16942	0
gplo005	16	Picture	stim	1145517	0	1	25035	1	0	25000	hit	42
gplo005	16	Pulse	199	1153061	7544	0
gplo005	16	Response	16	1158210	12694	0
gplo005	16	Pulse	199	1163061	17544	0
gplo005	17	Picture	fix2	1170552	0	1	10777	1	0	next	other	0
gplo005	17	Pulse	199	1173061	2509	0
gplo005	18	Picture	feedback	1181329	0	1	20061	1	0	next	other	0
gplo005	18	Pulse	199	1183062	1733	0
gplo005	18	Pulse	199	1193061	11733	0
gplo005	19	Picture	fix	1201390	0	1	17408	1	0	next	other	0
gplo005	19	Pulse	199	1203061	1671	0
gplo005	19	Pulse	199	1213061	11672	0
gplo005	21	Picture	stim	1218798	0	1	25035	1	0	25000	incorrect	54
gplo005	21	Pulse	199	1223062	4264	0
gplo005	21	Response	32	1229481	10683	0
gplo005	21	Pulse	199	1233061	14264	0
gplo005	21	Pulse	199	1243071	24273	0
gplo005	22	Picture	fix2	1243833	0	1	21885	1	0	next	other	0
gplo005	22	Pulse	199	1253062	9229	0
gplo005	22	Pulse	199	1263061	19228	0
gplo005	23	Picture	feedback	1265717	0	1	20393	1	0	next	other	0
gplo005	23	Pulse	199	1273071	7353	0
gplo005	23	Pulse	199	1283061	17344	0
gplo005	24	Picture	fix	1286110	0	1	21885	1	0	next	other	0
gplo005	24	Pulse	199	1293061	6951	0
gplo005	24	Pulse	199	1303071	16961	0
gplo005	26	Picture	stim	1307995	0	1	25035	1	0	25000	hit	68
gplo005	26	Pulse	199	1313071	5076	0
gplo005	26	Response	16	1320801	12806	0
gplo005	26	Pulse	199	1323071	15077	0
gplo005	26	Pulse	199	1333071	25077	0
gplo005	27	Picture	fix2	1333195	0	1	21387	1	0	next	other	0
gplo005	27	Pulse	199	1343071	9875	0
gplo005	27	Pulse	199	1353071	19876	0
gplo005	28	Picture	feedback	1354583	0	1	20393	1	0	next	other	0
gplo005	28	Pulse	199	1363071	8489	0
gplo005	28	Pulse	199	1373071	18489	0
gplo005	29	Picture	fix	1374975	0	1	23377	1	0	next	other	0
gplo005	29	Pulse	199	1383071	8095	0
gplo005	29	Pulse	199	1393071	18096	0
gplo005	31	Picture	stim	1398352	0	1	25035	1	0	25000	hit	83
gplo005	31	Pulse	199	1403071	4719	0
gplo005	31	Pulse	199	1413070	14718	0
gplo005	31	Response	16	1417571	19219	0
gplo005	31	Pulse	199	1423071	24719	0
gplo005	32	Picture	fix2	1423387	0	1	17906	1	0	next	other	0
gplo005	32	Pulse	199	1433071	9685	0
gplo005	33	Picture	feedback	1441292	0	1	20061	1	0	next	other	0
gplo005	33	Pulse	199	1443071	1778	0
gplo005	33	Pulse	199	1453071	11778	0
gplo005	34	Picture	fix	1461353	0	1	20393	1	0	next	other	0
gplo005	34	Pulse	199	1463071	1718	0
gplo005	34	Pulse	199	1473071	11718	0
gplo005	36	Picture	stim	1481746	0	1	25035	1	0	25000	hit	96
gplo005	36	Pulse	199	1483070	1324	0
gplo005	36	Pulse	199	1493071	11325	0
gplo005	36	Response	16	1502711	20965	0
gplo005	36	Pulse	199	1503071	21325	0
gplo005	37	Picture	fix2	1506781	0	1	12932	1	0	next	other	0
gplo005	37	Pulse	199	1513071	6290	0
gplo005	38	Picture	feedback	1519713	0	1	20061	1	0	next	other	0
gplo005	38	Pulse	199	1523070	3358	0
gplo005	38	Pulse	199	1533071	13359	0
gplo005	39	Picture	fix	1539774	0	1	30009	1	0	next	other	0
gplo005	39	Pulse	199	1543071	3298	0
gplo005	39	Pulse	199	1553070	13297	0
gplo005	39	Pulse	199	1563071	23297	0
gplo005	41	Picture	stim	1569782	0	1	25035	1	0	25000	incorrect	109
gplo005	41	Pulse	199	1573071	3289	0
gplo005	41	Response	32	1581770	11988	0
gplo005	41	Pulse	199	1583070	13288	0
gplo005	41	Pulse	199	1593071	23289	0
gplo005	42	Picture	fix2	1594817	0	1	22548	1	0	next	other	0
gplo005	42	Pulse	199	1603071	8254	0
gplo005	42	Pulse	199	1613071	18254	0
gplo005	43	Picture	feedback	1617365	0	1	20061	1	0	next	other	0
gplo005	43	Pulse	199	1623070	5705	0
gplo005	43	Pulse	199	1633070	15706	0
gplo005	44	Picture	fix	1637426	0	1	24703	1	0	next	other	0
gplo005	44	Pulse	199	1643071	5645	0
gplo005	44	Pulse	199	1653070	15644	0
gplo005	46	Picture	stim	1662129	0	1	25201	1	0	25000	hit	125
gplo005	46	Pulse	199	1663071	942	0
gplo005	46	Pulse	199	1673071	10942	0
gplo005	46	Pulse	199	1683070	20941	0
gplo005	46	Response	16	1687121	24992	0
gplo005	47	Picture	fix2	1687329	0	1	24206	1	0	next	other	0
gplo005	47	Pulse	199	1693070	5741	0
gplo005	47	Pulse	199	1703071	15741	0
gplo005	48	Picture	feedback	1711535	0	1	20061	1	0	next	other	0
gplo005	48	Pulse	199	1713071	1535	0
gplo005	48	Pulse	199	1723070	11535	0
gplo005	49	Picture	fix	1731596	0	1	26361	1	0	next	other	0
gplo005	49	Pulse	199	1733071	1475	0
gplo005	49	Pulse	199	1743071	11474	0
gplo005	49	Pulse	199	1753071	21474	0
gplo005	51	Picture	stim	1757957	0	1	25035	1	0	25000	incorrect	138
gplo005	51	Pulse	199	1763070	5113	0
gplo005	51	Response	32	1770211	12253	0
gplo005	51	Pulse	199	1773071	15113	0
gplo005	52	Picture	fix2	1782992	0	1	20393	1	0	next	other	0
gplo005	52	Pulse	199	1783070	78	0
gplo005	52	Pulse	199	1793070	10078	0
gplo005	52	Pulse	199	1803071	20078	0
gplo005	53	Picture	feedback	1803385	0	1	20061	1	0	next	other	0
gplo005	53	Pulse	199	1813071	9686	0
gplo005	53	Pulse	199	1823071	19686	0
gplo005	54	Picture	fix	1823446	0	1	29345	1	0	next	other	0
gplo005	54	Pulse	199	1833071	9625	0
gplo005	54	Pulse	199	1843071	19625	0
gplo005	56	Picture	stim	1852791	0	1	25035	1	0	25000	hit	153
gplo005	56	Pulse	199	1853071	280	0
gplo005	56	Pulse	199	1863070	10279	0
gplo005	56	Response	16	1863490	10699	0
gplo005	56	Pulse	199	1873070	20279	0
gplo005	57	Picture	fix2	1877826	0	1	29014	1	0	next	other	0
gplo005	57	Pulse	199	1883071	5245	0
gplo005	57	Pulse	199	1893070	15244	0
gplo005	57	Pulse	199	1903070	25244	0
gplo005	58	Picture	feedback	1906840	0	1	20061	1	0	next	other	0
gplo005	58	Pulse	199	1913071	6231	0
gplo005	58	Pulse	199	1923070	16231	0
gplo005	59	Picture	fix	1926901	0	1	35977	1	0	next	other	0
gplo005	59	Pulse	199	1933070	6170	0
gplo005	59	Pulse	199	1943070	16170	0
gplo005	59	Pulse	199	1953070	26170	0
gplo005	61	Picture	stim	1962878	0	1	25035	1	0	25000	incorrect	169
gplo005	61	Pulse	199	1963070	192	0
gplo005	61	Pulse	199	1973070	10193	0
gplo005	61	Response	32	1979791	16913	0
gplo005	61	Pulse	199	1983070	20193	0
gplo005	62	Picture	fix2	1988078	0	1	21387	1	0	next	other	0
gplo005	62	Pulse	199	1993070	4992	0
gplo005	62	Pulse	199	2003070	14992	0
gplo005	63	Picture	feedback	2009466	0	1	20061	1	0	next	other	0
gplo005	63	Pulse	199	2013070	3605	0
gplo005	63	Pulse	199	2023070	13604	0
gplo005	64	Picture	fix	2029527	0	1	28848	1	0	next	other	0
gplo005	64	Pulse	199	2033070	3544	0
gplo005	64	Pulse	199	2043070	13543	0
gplo005	64	Pulse	199	2053070	23543	0
gplo005	66	Picture	stim	2058375	0	1	25201	1	0	25000	miss	0
gplo005	66	Pulse	199	2063070	4696	0
gplo005	66	Pulse	199	2073069	14695	0
gplo005	66	Pulse	199	2083070	24695	0
gplo005	67	Picture	fix2	2083575	0	1	25864	1	0	next	other	0
gplo005	67	Response	32	2090620	7045	0
gplo005	67	Pulse	199	2093070	9495	0
gplo005	67	Pulse	199	2103070	19495	0
gplo005	68	Picture	feedback	2109439	0	1	20061	1	0	next	other	0
gplo005	68	Pulse	199	2113070	3631	0
gplo005	68	Pulse	199	2123070	13631	0
gplo005	69	Picture	fix	2129500	0	1	30838	1	0	next	other	0
gplo005	69	Pulse	199	2133070	3570	0
gplo005	69	Pulse	199	2143069	13569	0
gplo005	69	Pulse	199	2153070	23570	0
gplo005	71	Picture	stim	2160337	0	1	25035	1	0	25000	incorrect	198
gplo005	71	Pulse	199	2163070	2732	0
gplo005	71	Response	32	2171769	11432	0
gplo005	71	Pulse	199	2173069	12732	0
gplo005	71	Pulse	199	2183070	22732	0
gplo005	72	Picture	fix2	2185372	0	1	22201	182	0	next	other	0
gplo005	72	Pulse	199	2193070	7698	0
gplo005	72	Pulse	199	2203070	17698	0
gplo005	73	Picture	feedback	2207574	0	181	20076	182	0	next	other	0
gplo005	73	Pulse	199	2213069	5496	0
gplo005	73	Pulse	199	2223070	15497	0
gplo005	74	Picture	fix	2227649	0	1	27356	1	0	next	other	0
gplo005	74	Pulse	199	2233071	5421	0
gplo005	74	Pulse	199	2243069	15420	0
gplo005	74	Pulse	199	2253070	25421	0
gplo005	76	Picture	stim	2255005	0	1	25035	1	0	25000	hit	214
gplo005	76	Pulse	199	2263070	8065	0
gplo005	76	Pulse	199	2273071	18065	0
gplo005	76	Response	16	2278960	23955	0
gplo005	77	Picture	fix2	2280040	0	1	16745	1	0	next	other	0
gplo005	77	Pulse	199	2283070	3030	0
gplo005	77	Pulse	199	2293070	13030	0
gplo005	78	Picture	feedback	2296785	0	1	20061	1	0	next	other	0
gplo005	78	Pulse	199	2303070	6285	0
gplo005	78	Pulse	199	2313069	16284	0
gplo005	79	Picture	fix	2316846	0	1	23708	1	0	next	other	0
gplo005	79	Pulse	199	2323070	6224	0
gplo005	79	Pulse	199	2333070	16224	0
gplo005	81	Picture	stim	2340555	0	1	25035	1	0	25000	hit	226
gplo005	81	Pulse	199	2343069	2515	0
gplo005	81	Response	16	2351800	11245	0
gplo005	81	Pulse	199	2353069	12515	0
gplo005	81	Pulse	199	2363070	22515	0
gplo005	82	Picture	fix2	2365589	0	1	26361	1	0	next	other	0
gplo005	82	Pulse	199	2373070	7481	0
gplo005	82	Pulse	199	2383069	17480	0
gplo005	83	Picture	feedback	2391951	0	1	20061	1	0	next	other	0
gplo005	83	Pulse	199	2393070	1119	0
gplo005	83	Pulse	199	2403070	11119	0
gplo005	84	Picture	fix	2412011	0	1	26859	1	0	next	other	0
gplo005	84	Pulse	199	2413069	1058	0
gplo005	84	Pulse	199	2423070	11058	0
gplo005	84	Pulse	199	2433070	21058	0
gplo005	86	Picture	stim	2438870	0	1	25035	1	0	25000	incorrect	242
gplo005	86	Pulse	199	2443070	4200	0
gplo005	86	Pulse	199	2453069	14199	0
gplo005	86	Response	32	2454569	15699	0
gplo005	86	Pulse	199	2463069	24200	0
gplo005	87	Picture	fix2	2464071	0	1	16082	1	0	next	other	0
gplo005	87	Pulse	199	2473070	8999	0
gplo005	88	Picture	feedback	2480153	0	1	20061	1	0	next	other	0
gplo005	88	Pulse	199	2483069	2917	0
gplo005	88	Pulse	199	2493069	12917	0
gplo005	89	Picture	fix	2500213	0	1	20061	1	0	next	other	0
gplo005	89	Pulse	199	2503070	2856	0
gplo005	89	Pulse	199	2513069	12856	0
gplo005	91	Picture	stim	2520274	0	1	25034	2	0	25000	incorrect	254
gplo005	91	Pulse	199	2523069	2794	0
gplo005	91	Response	32	2532959	12685	0
gplo005	91	Pulse	199	2533069	12795	0
gplo005	91	Pulse	199	2543069	22795	0
gplo005	92	Picture	fix2	2545309	0	2	20062	2	0	next	other	0
gplo005	92	Pulse	199	2553069	7760	0
gplo005	92	Pulse	199	2563069	17761	0
gplo005	93	Picture	feedback	2565370	0	1	20061	1	0	next	other	0
gplo005	93	Pulse	199	2573069	7699	0
gplo005	93	Pulse	199	2583069	17699	0
gplo005	94	Picture	fix	2585431	0	1	37469	1	0	next	other	0
gplo005	94	Pulse	199	2593069	7638	0
gplo005	94	Pulse	199	2603069	17638	0
gplo005	94	Pulse	199	2613070	27639	0
gplo005	96	Picture	stim	2622900	0	1	25035	1	0	25000	incorrect	271
gplo005	96	Pulse	199	2623069	168	0
gplo005	96	Pulse	199	2633069	10169	0
gplo005	96	Pulse	199	2643069	20169	0
gplo005	96	Response	32	2647869	24969	0
gplo005	97	Picture	fix2	2647935	0	1	14756	1	0	next	other	0
gplo005	97	Pulse	199	2653069	5134	0
gplo005	98	Picture	feedback	2662691	0	1	20061	1	0	next	other	0
gplo005	98	Pulse	199	2663068	378	0
gplo005	98	Pulse	199	2673069	10379	0
gplo005	99	Picture	fix	2682752	0	1	29677	1	0	next	other	0
gplo005	99	Pulse	199	2683069	318	0
gplo005	99	Pulse	199	2693068	10317	0
gplo005	99	Pulse	199	2703069	20318	0
gplo005	101	Picture	stim	2712429	0	1	25035	1	0	25000	incorrect	284
gplo005	101	Pulse	199	2713069	641	0
gplo005	101	Pulse	199	2723069	10640	0
gplo005	101	Response	32	2732069	19640	0
gplo005	101	Pulse	199	2733069	20640	0
gplo005	102	Picture	fix2	2737464	0	1	24371	1	0	next	other	0
gplo005	102	Pulse	199	2743069	5606	0
gplo005	102	Pulse	199	2753069	15606	0
gplo005	103	Picture	feedback	2761835	0	1	20061	1	0	next	other	0
gplo005	103	Pulse	199	2763069	1234	0
gplo005	103	Pulse	199	2773069	11234	0
gplo005	104	Picture	fix	2781896	0	1	33324	1	0	next	other	0
gplo005	104	Pulse	199	2783069	1173	0
gplo005	104	Pulse	199	2793069	11172	0
gplo005	104	Pulse	199	2803069	21173	0
gplo005	104	Pulse	199	2813069	31173	0
gplo005	106	Picture	stim	2815220	0	1	25035	1	0	25000	hit	299
gplo005	106	Pulse	199	2823069	7848	0
gplo005	106	Response	16	2827339	12119	0
gplo005	106	Pulse	199	2833068	17848	0
gplo005	107	Picture	fix2	2840255	0	1	18072	1	0	next	other	0
gplo005	107	Pulse	199	2843069	2814	0
gplo005	107	Pulse	199	2853069	12814	0
gplo005	108	Picture	feedback	2858327	0	1	20061	1	0	next	other	0
gplo005	108	Pulse	199	2863068	4742	0
gplo005	108	Pulse	199	2873069	14742	0
gplo005	109	Picture	fix	2878388	0	1	25366	1	0	next	other	0
gplo005	109	Pulse	199	2883069	4681	0
gplo005	109	Pulse	199	2893069	14681	0
gplo005	109	Pulse	199	2903068	24681	0
gplo005	111	Picture	stim	2903754	0	1	25035	1	0	25000	hit	313
gplo005	111	Pulse	199	2913069	9315	0
gplo005	111	Response	16	2916538	12784	0
gplo005	111	Pulse	199	2923069	19315	0
gplo005	112	Picture	fix2	2928789	0	1	27688	1	0	next	other	0
gplo005	112	Pulse	199	2933069	4280	0
gplo005	112	Pulse	199	2943069	14280	0
gplo005	112	Pulse	199	2953069	24280	0
gplo005	113	Picture	feedback	2956476	0	1	20061	1	0	next	other	0
gplo005	113	Pulse	199	2963069	6592	0
gplo005	113	Pulse	199	2973068	16592	0
gplo005	114	Picture	fix	2976537	0	1	28848	1	0	next	other	0
gplo005	114	Pulse	199	2983069	6532	0
gplo005	114	Pulse	199	2993069	16531	0
gplo005	114	Pulse	199	3003068	26531	0
gplo005	116	Picture	stim	3005385	0	1	25035	1	0	25000	hit	328
gplo005	116	Pulse	199	3013079	7694	0
gplo005	116	Response	16	3015598	10213	0
gplo005	116	Pulse	199	3023069	17684	0
gplo005	117	Picture	fix2	3030586	0	1	15916	1	0	next	other	0
gplo005	117	Pulse	199	3033079	2493	0
gplo005	117	Pulse	199	3043078	12492	0
gplo005	118	Picture	feedback	3046502	0	1	20061	1	0	next	other	0
gplo005	118	Pulse	199	3053079	6577	0
gplo005	118	Pulse	199	3063079	16577	0
gplo005	119	Picture	fix	3066563	0	1	26859	1	0	next	other	0
gplo005	119	Pulse	199	3073078	6515	0
gplo005	119	Pulse	199	3083079	16516	0
gplo005	119	Pulse	199	3093079	26516	0
gplo005	121	Picture	stim	3093421	0	1	25035	1	0	25000	incorrect	342
gplo005	121	Pulse	199	3103078	9657	0
gplo005	121	Response	32	3103418	9997	0
gplo005	121	Pulse	199	3113078	19656	0
gplo005	122	Picture	fix2	3118456	0	1	13926	1	0	next	other	0
gplo005	122	Pulse	199	3123079	4622	0
gplo005	123	Picture	feedback	3132383	0	1	20061	1	0	next	other	0
gplo005	123	Pulse	199	3133079	696	0
gplo005	123	Pulse	199	3143078	10695	0
gplo005	124	Picture	fix	3152444	0	1	18569	1	0	next	other	0
gplo005	124	Pulse	199	3153079	635	0
gplo005	124	Pulse	199	3163079	10635	0
gplo005	126	Picture	stim	3171013	0	1	25035	1	0	25000	incorrect	355
gplo005	126	Pulse	199	3173078	2065	0
gplo005	126	Pulse	199	3183078	12065	0
gplo005	126	Response	32	3184378	13365	0
gplo005	126	Pulse	199	3193078	22066	0
gplo005	127	Picture	fix2	3196047	0	1	21553	1	0	next	other	0
gplo005	127	Pulse	199	3203078	7031	0
gplo005	127	Pulse	199	3213078	17030	0
gplo005	128	Picture	feedback	3217601	0	1	20061	1	0	next	other	0
gplo005	128	Pulse	199	3223078	5478	0
gplo005	128	Pulse	199	3233078	15478	0
gplo005	129	Picture	fix	3237662	0	1	29180	1	0	next	other	0
gplo005	129	Pulse	199	3243078	5417	0
gplo005	129	Pulse	199	3253078	15416	0
gplo005	129	Pulse	199	3263078	25417	0
gplo005	131	Picture	stim	3266841	0	1	25035	1	0	25000	hit	370
gplo005	131	Pulse	199	3273078	6237	0
gplo005	131	Pulse	199	3283078	16236	0
gplo005	131	Response	16	3288318	21477	0
gplo005	132	Picture	fix2	3291876	0	1	16082	1	0	next	other	0
gplo005	132	Pulse	199	3293079	1203	0
gplo005	132	Pulse	199	3303078	11202	0
gplo005	133	Picture	feedback	3307958	0	1	20061	1	0	next	other	0
gplo005	133	Pulse	199	3313078	5120	0
gplo005	133	Pulse	199	3323077	15120	0
gplo005	134	Picture	fix	3328019	0	1	16248	1	0	next	other	0
gplo005	134	Pulse	199	3333078	5060	0
gplo005	134	Pulse	199	3343078	15059	0
gplo005	136	Picture	stim	3344267	0	1	25035	1	0	25000	hit	382
gplo005	136	Pulse	199	3353078	8811	0
gplo005	136	Response	16	3361069	16802	0
gplo005	136	Pulse	199	3363078	18812	0
gplo005	137	Picture	fix2	3369301	0	1	15916	1	0	next	other	0
gplo005	137	Pulse	199	3373078	3777	0
gplo005	137	Pulse	199	3383077	13776	0
gplo005	138	Picture	feedback	3385218	0	1	20061	1	0	next	other	0
gplo005	138	Pulse	199	3393078	7860	0
gplo005	138	Pulse	199	3403078	17861	0
gplo005	139	Picture	fix	3405278	0	1	33988	1	0	next	other	0
gplo005	139	Pulse	199	3413078	7800	0
gplo005	139	Pulse	199	3423077	17799	0
gplo005	139	Pulse	199	3433078	27800	0
gplo005	141	Picture	stim	3439266	0	1	25035	1	0	25000	incorrect	396
gplo005	141	Pulse	199	3443078	3812	0
gplo005	141	Response	32	3450458	11192	0
gplo005	141	Pulse	199	3453077	13811	0
gplo005	141	Pulse	199	3463078	23812	0
gplo005	142	Picture	fix2	3464301	0	1	11606	1	0	next	other	0
gplo005	142	Pulse	199	3473078	8777	0
gplo005	143	Picture	feedback	3475906	0	1	20026	36	0	next	other	0
gplo005	143	Pulse	199	3483078	7171	0
gplo005	143	Pulse	199	3493077	17171	0
gplo005	144	Picture	fix	3495932	0	36	22252	36	0	next	other	0
gplo005	144	Pulse	199	3503078	7146	0
gplo005	144	Pulse	199	3513078	17146	0
gplo005	146	Picture	stim	3518184	0	1	25035	1	0	25000	incorrect	409
gplo005	146	Pulse	199	3523077	4894	0
gplo005	146	Response	32	3529428	11244	0
gplo005	146	Pulse	199	3533078	14894	0
gplo005	146	Pulse	199	3543078	24894	0
gplo005	147	Picture	fix2	3543218	0	1	17242	1	0	next	other	0
gplo005	147	Pulse	199	3553077	9859	0
gplo005	148	Picture	feedback	3560461	0	1	20061	1	0	next	other	0
gplo005	148	Pulse	199	3563077	2616	0
gplo005	148	Pulse	199	3573078	12617	0
gplo005	149	Picture	fix	3580522	0	1	32164	1	0	next	other	0
gplo005	149	Pulse	199	3583078	2556	0
gplo005	149	Pulse	199	3593077	12555	0
gplo005	149	Pulse	199	3603078	22556	0
gplo005	151	Picture	stim	3612686	0	1	25035	1	0	25000	incorrect	423
gplo005	151	Pulse	199	3613078	392	0
gplo005	151	Response	32	3622187	9501	0
gplo005	151	Pulse	199	3623077	10391	0
gplo005	151	Pulse	199	3633077	20391	0
gplo005	152	Picture	fix2	3637721	0	1	16413	1	0	next	other	0
gplo005	152	Pulse	199	3643078	5357	0
gplo005	152	Pulse	199	3653077	15357	0
gplo005	153	Picture	feedback	3654134	0	1	20061	1	0	next	other	0
gplo005	153	Pulse	199	3663077	8943	0
gplo005	153	Pulse	199	3673078	18944	0
gplo005	154	Picture	fix	3674195	0	1	23543	1	0	next	other	0
gplo005	154	Pulse	199	3683078	8883	0
gplo005	154	Pulse	199	3693077	18882	0
gplo005	156	Picture	stim	3697738	0	1	25035	1	0	25000	incorrect	437
gplo005	156	Pulse	199	3703077	5339	0
gplo005	156	Response	32	3707257	9519	0
gplo005	156	Pulse	199	3713078	15340	0
gplo005	157	Picture	fix2	3722772	0	1	9119	1	0	next	other	0
gplo005	157	Pulse	199	3723077	305	0
gplo005	158	Picture	feedback	3731891	0	1	20061	1	0	next	other	0
gplo005	158	Pulse	199	3733077	1186	0
gplo005	158	Pulse	199	3743078	11187	0
gplo005	159	Picture	fix	3751952	0	1	31169	1	0	next	other	0
gplo005	159	Pulse	199	3753077	1125	0
gplo005	159	Pulse	199	3763077	11125	0
gplo005	159	Pulse	199	3773078	21126	0
gplo005	159	Pulse	199	3783077	31125	0
gplo005	161	Picture	stim	3783121	0	1	25035	1	0	25000	hit	452
gplo005	161	Pulse	199	3793077	9956	0
gplo005	161	Pulse	199	3803077	19956	0
gplo005	161	Response	16	3807007	23886	0
gplo005	162	Picture	fix2	3808322	0	1	22051	1	0	next	other	0
gplo005	162	Pulse	199	3813077	4756	0
gplo005	162	Pulse	199	3823077	14756	0
gplo005	163	Picture	feedback	3830372	0	1	20061	1	0	next	other	0
gplo005	163	Pulse	199	3833077	2705	0
gplo005	163	Pulse	199	3843077	12705	0
gplo005	164	Picture	fix	3850433	0	1	24537	1	0	next	other	0
gplo005	164	Pulse	199	3853077	2644	0
gplo005	164	Pulse	199	3863077	12644	0
gplo005	164	Pulse	199	3873077	22643	0
gplo005	166	Picture	stim	3874971	0	1	25035	1	0	25000	incorrect	465
gplo005	166	Pulse	199	3883077	8106	0
gplo005	166	Response	32	3886188	11217	0
gplo005	166	Pulse	199	3893077	18106	0
gplo005	167	Picture	fix2	3900005	0	1	18569	1	0	next	other	0
gplo005	167	Pulse	199	3903077	3071	0
gplo005	167	Pulse	199	3913077	13072	0
gplo005	168	Picture	feedback	3918574	0	1	20061	1	0	next	other	0
gplo005	168	Pulse	199	3923077	4503	0
gplo005	168	Pulse	199	3933077	14503	0
gplo005	169	Picture	fix	3938635	0	1	22216	1	0	next	other	0
gplo005	169	Pulse	199	3943077	4442	0
gplo005	169	Pulse	199	3953077	14442	0
gplo005	171	Picture	stim	3960851	0	1	25035	1	0	25000	incorrect	479
gplo005	171	Pulse	199	3963078	2226	0
gplo005	171	Pulse	199	3973077	12225	0
gplo005	171	Response	32	3975027	14175	0
gplo005	171	Pulse	199	3983077	22226	0
gplo005	172	Picture	fix2	3985886	0	1	16579	1	0	next	other	0
gplo005	172	Pulse	199	3993077	7191	0
gplo005	173	Picture	feedback	4002466	0	1	20061	1	0	next	other	0
gplo005	173	Pulse	199	4003077	611	0
gplo005	173	Pulse	199	4013076	10611	0
gplo005	174	Picture	fix	4022527	0	1	26858	1	0	next	other	0
gplo005	174	Pulse	199	4023077	551	0
gplo005	174	Pulse	199	4033077	10550	0
gplo005	174	Pulse	199	4043076	20550	0
gplo005	176	Picture	stim	4049385	0	1	25035	1	0	25000	hit	493
gplo005	176	Pulse	199	4053077	3692	0
gplo005	176	Pulse	199	4063077	13692	0
gplo005	176	Response	16	4068617	19232	0
gplo005	176	Pulse	199	4073076	23691	0
gplo005	177	Picture	fix2	4074420	0	1	18072	1	0	next	other	0
gplo005	177	Pulse	199	4083077	8657	0
gplo005	178	Picture	feedback	4092491	0	1	20061	1	0	next	other	0
gplo005	178	Pulse	199	4093077	586	0
gplo005	178	Pulse	199	4103077	10586	0
gplo005	179	Picture	fix	4112552	0	1	22051	1	0	next	other	0
gplo005	179	Pulse	199	4113077	524	0
gplo005	179	Pulse	199	4123077	10525	0
gplo005	179	Pulse	199	4133077	20525	0
gplo005	181	Picture	stim	4134603	0	1	25035	1	0	25000	incorrect	506
gplo005	181	Pulse	199	4143077	8474	0
gplo005	181	Response	32	4146757	12154	0
gplo005	181	Pulse	199	4153077	18474	0
gplo005	182	Picture	fix2	4159637	0	1	16414	1	0	next	other	0
gplo005	182	Pulse	199	4163077	3440	0
gplo005	182	Pulse	199	4173077	13440	0
gplo005	183	Picture	feedback	4176051	0	1	20061	1	0	next	other	0
gplo005	183	Pulse	199	4183076	7025	0
gplo005	183	Pulse	199	4193077	17026	0
gplo005	184	Picture	fix	4196112	0	1	28516	1	0	next	other	0
gplo005	184	Pulse	199	4203077	6965	0
gplo005	184	Pulse	199	4213076	16964	0
gplo005	184	Pulse	199	4223077	26965	0
gplo005	186	Picture	stim	4224628	0	1	25035	1	0	25000	hit	520
gplo005	186	Pulse	199	4233078	8449	0
gplo005	186	Response	16	4237907	13279	0
gplo005	186	Pulse	199	4243076	18448	0
gplo005	187	Picture	fix2	4249663	0	1	11108	1	0	next	other	0
gplo005	187	Pulse	199	4253076	3413	0
gplo005	188	Picture	feedback	4260771	0	1	20061	1	0	next	other	0
gplo005	188	Pulse	199	4263077	2306	0
gplo005	188	Pulse	199	4273077	12306	0
gplo005	189	Picture	fix	4280832	0	1	24703	1	0	next	other	0
gplo005	189	Pulse	199	4283076	2244	0
gplo005	189	Pulse	199	4293077	12245	0
gplo005	189	Pulse	199	4303077	22245	0
gplo005	191	Picture	stim	4305535	0	1	25035	1	0	25000	hit	533
gplo005	191	Pulse	199	4313076	7541	0
gplo005	191	Response	16	4315797	10261	0
gplo005	191	Pulse	199	4323076	17541	0
gplo005	192	Picture	fix2	4330570	0	1	21387	1	0	next	other	0
gplo005	192	Pulse	199	4333077	2507	0
gplo005	192	Pulse	199	4343077	12507	0
gplo005	193	Picture	feedback	4351958	0	1	20061	1	0	next	other	0
gplo005	193	Pulse	199	4353076	1119	0
gplo005	193	Pulse	199	4363077	11119	0
gplo005	194	Picture	fix	4372019	0	1	26527	1	0	next	other	0
gplo005	194	Pulse	199	4373077	1058	0
gplo005	194	Pulse	199	4383076	11058	0
gplo005	194	Pulse	199	4393076	21057	0
gplo005	196	Picture	stim	4398545	0	1	25035	1	0	25000	hit	548
gplo005	196	Pulse	199	4403077	4531	0
gplo005	196	Pulse	199	4413077	14531	0
gplo005	196	Response	16	4414696	16151	0
gplo005	196	Pulse	199	4423076	24531	0
gplo005	197	Picture	fix2	4423580	0	1	16579	1	0	next	other	0
gplo005	197	Pulse	199	4433077	9497	0
gplo005	198	Picture	feedback	4440160	0	1	20061	1	0	next	other	0
gplo005	198	Pulse	199	4443077	2917	0
gplo005	198	Pulse	199	4453076	12917	0
gplo005	199	Picture	fix	4460220	0	1	28019	1	0	next	other	0
gplo005	199	Pulse	199	4463077	2856	0
gplo005	199	Pulse	199	4473077	12856	0
gplo005	199	Pulse	199	4483076	22856	0
gplo005	201	Picture	stim	4488240	0	1	25035	1	0	25000	incorrect	561
gplo005	201	Pulse	199	4493076	4836	0
gplo005	201	Response	32	4497797	9557	0
gplo005	201	Pulse	199	4503077	14837	0
gplo005	201	Pulse	199	4513077	24837	0
gplo005	202	Picture	fix2	4513274	0	1	25864	1	0	next	other	0
gplo005	202	Pulse	199	4523076	9801	0
gplo005	202	Pulse	199	4533077	19802	0
gplo005	203	Picture	feedback	4539138	0	1	20061	1	0	next	other	0
gplo005	203	Pulse	199	4543077	3939	0
gplo005	203	Pulse	199	4553076	13938	0
gplo005	204	Picture	fix	4559199	0	1	29014	1	0	next	other	0
gplo005	204	Pulse	199	4563076	3877	0
gplo005	204	Pulse	199	4573077	13877	0
gplo005	204	Pulse	199	4583077	23877	0
gplo005	206	Picture	stim	4588213	0	1	25035	1	0	25000	incorrect	576
gplo005	206	Pulse	199	4593076	4863	0
gplo005	206	Response	32	4597646	9433	0
gplo005	206	Pulse	199	4603077	14864	0
gplo005	206	Pulse	199	4613076	24864	0
gplo005	207	Picture	fix2	4613248	0	1	14590	1	0	next	other	0
gplo005	207	Pulse	199	4623076	9829	0
gplo005	208	Picture	feedback	4627837	0	1	20061	1	0	next	other	0
gplo005	208	Pulse	199	4633076	5238	0
gplo005	208	Pulse	199	4643076	15239	0
gplo005	209	Picture	fix	4647898	0	1	17740	1	0	next	other	0
gplo005	209	Pulse	199	4653077	5178	0
gplo005	209	Pulse	199	4663076	15177	0
gplo005	211	Picture	stim	4665638	0	1	25035	1	0	25000	miss	0
gplo005	211	Pulse	199	4673076	7438	0
gplo005	211	Pulse	199	4683076	17438	0
gplo005	212	Picture	fix2	4690673	0	1	29345	1	0	next	other	0
gplo005	212	Pulse	199	4693076	2403	0
gplo005	212	Response	16	4695396	4723	0
gplo005	212	Pulse	199	4703076	12402	0
gplo005	212	Pulse	199	4713076	22403	0
gplo005	213	Picture	feedback	4720018	0	1	20061	1	0	next	other	0
gplo005	213	Pulse	199	4723087	3068	0
gplo005	213	Pulse	199	4733086	13067	0
gplo005	214	Picture	fix	4740079	0	1	21387	1	0	next	other	0
gplo005	214	Pulse	199	4743077	2997	0
gplo005	214	Pulse	199	4753086	13007	0
gplo005	216	Picture	stim	4761467	0	1	25035	1	0	25000	hit	604
gplo005	216	Pulse	199	4763086	1619	0
gplo005	216	Pulse	199	4773086	11620	0
gplo005	216	Response	16	4778327	16860	0
gplo005	216	Pulse	199	4783086	21619	0
gplo005	217	Picture	fix2	4786502	0	1	21719	1	0	next	other	0
gplo005	217	Pulse	199	4793086	6584	0
gplo005	217	Pulse	199	4803086	16584	0
gplo005	218	Picture	feedback	4808220	0	1	20061	1	0	next	other	0
gplo005	218	Pulse	199	4813086	4866	0
gplo005	218	Pulse	199	4823086	14866	0
gplo005	219	Picture	fix	4828281	0	1	25201	1	0	next	other	0
gplo005	219	Pulse	199	4833086	4804	0
gplo005	219	Pulse	199	4843086	14805	0
gplo005	219	Pulse	199	4853086	24804	0
gplo005	221	Picture	stim	4853482	0	1	25035	1	0	25000	hit	618
gplo005	221	Pulse	199	4863086	9604	0
gplo005	221	Response	16	4870986	17504	0
gplo005	221	Pulse	199	4873086	19604	0
gplo005	222	Picture	fix2	4878517	0	1	15253	1	0	next	other	0
gplo005	222	Pulse	199	4883086	4569	0
gplo005	222	Pulse	199	4893086	14569	0
gplo005	223	Picture	feedback	4893770	0	1	20061	1	0	next	other	0
gplo005	223	Pulse	199	4903086	9316	0
gplo005	223	Pulse	199	4913086	19316	0
gplo005	224	Picture	fix	4913831	0	1	26030	1	0	next	other	0
gplo005	224	Pulse	199	4923086	9255	0
gplo005	224	Pulse	199	4933086	19255	0
gplo005	226	Picture	stim	4939860	0	1	25035	1	0	25000	hit	631
gplo005	226	Pulse	199	4943086	3225	0
gplo005	226	Response	16	4951016	11156	0
gplo005	226	Pulse	199	4953086	13226	0
gplo005	226	Pulse	199	4963086	23226	0
gplo005	227	Picture	fix2	4964895	0	1	23377	1	0	next	other	0
gplo005	227	Pulse	199	4973086	8190	0
gplo005	227	Pulse	199	4983086	18191	0
gplo005	228	Picture	feedback	4988272	0	1	20061	1	0	next	other	0
gplo005	228	Pulse	199	4993086	4814	0
gplo005	228	Pulse	199	5003085	14813	0
gplo005	229	Picture	fix	5008333	0	1	23377	1	0	next	other	0
gplo005	229	Pulse	199	5013085	4753	0
gplo005	229	Pulse	199	5023086	14753	0
gplo005	231	Picture	stim	5031710	0	1	25035	1	0	25000	hit	647
gplo005	231	Pulse	199	5033086	1376	0
gplo005	231	Pulse	199	5043085	11375	0
gplo005	231	Pulse	199	5053086	21376	0
gplo005	231	Response	16	5054266	22556	0
gplo005	232	Picture	fix2	5056910	0	1	23543	1	0	next	other	0
gplo005	232	Pulse	199	5063086	6176	0
gplo005	232	Pulse	199	5073085	16175	0
gplo005	233	Picture	feedback	5080453	0	1	20061	1	0	next	other	0
gplo005	233	Pulse	199	5083086	2633	0
gplo005	233	Pulse	199	5093086	12633	0
gplo005	234	Picture	fix	5100514	0	1	22714	1	0	next	other	0
gplo005	234	Pulse	199	5103086	2572	0
gplo005	234	Pulse	199	5113085	12571	0
gplo005	234	Pulse	199	5123086	22572	0
gplo005	236	Picture	stim	5123228	0	1	25035	1	0	25000	incorrect	660
gplo005	236	Pulse	199	5133086	9858	0
gplo005	236	Response	32	5133816	10588	0
gplo005	236	Pulse	199	5143085	19858	0
gplo005	237	Picture	fix2	5148428	0	1	14093	1	0	next	other	0
gplo005	237	Pulse	199	5153086	4658	0
gplo005	238	Picture	feedback	5162521	0	1	20061	1	0	next	other	0
gplo005	238	Pulse	199	5163086	565	0
gplo005	238	Pulse	199	5173086	10565	0
gplo005	239	Picture	fix	5182581	0	1	20227	1	0	next	other	0
gplo005	239	Pulse	199	5183085	503	0
gplo005	239	Pulse	199	5193086	10504	0
gplo005	241	Picture	stim	5202808	0	1	25035	1	0	25000	hit	672
gplo005	241	Pulse	199	5203086	277	0
gplo005	241	Response	16	5211355	8547	0
gplo005	241	Pulse	199	5213085	10277	0
gplo005	241	Pulse	199	5223086	20277	0
gplo005	242	Picture	fix2	5227843	0	1	26195	1	0	next	other	0
gplo005	242	Pulse	199	5233086	5243	0
gplo005	242	Pulse	199	5243085	15242	0
gplo005	242	Pulse	199	5253085	25242	0
gplo005	243	Picture	feedback	5254038	0	1	20061	1	0	next	other	0
gplo005	243	Pulse	199	5263085	9047	0
gplo005	243	Pulse	199	5273086	19047	0
gplo005	244	Picture	100	5274099	0	1	250000	183	0	250000	other	0
gplo005	244	Pulse	199	5283085	8985	0
gplo005	244	Pulse	199	5293085	18986	0
gplo005	244	Pulse	199	5303085	28986	0
gplo005	244	Pulse	199	5313085	38986	0
gplo005	244	Pulse	199	5323085	48986	0
gplo005	244	Pulse	199	5333085	58986	0
gplo005	244	Pulse	199	5343086	68986	0
gplo005	244	Pulse	199	5353085	78986	0
gplo005	244	Pulse	199	5363085	88986	0
gplo005	244	Pulse	199	5373085	98986	0
gplo005	244	Pulse	199	5383085	108986	0
gplo005	244	Pulse	199	5393085	118986	0
gplo005	244	Pulse	199	5403085	128986	0
gplo005	244	Pulse	199	5413085	138986	0
gplo005	244	Pulse	199	5423084	148985	0
gplo005	244	Pulse	199	5433085	158986	0
gplo005	244	Pulse	199	5443085	168986	0
gplo005	244	Pulse	199	5453085	178986	0
gplo005	244	Pulse	199	5463085	188986	0
gplo005	244	Pulse	199	5473085	198986	0
gplo005	244	Pulse	199	5483085	208986	0
gplo005	244	Pulse	199	5493084	218985	0
