Scenario - 
Logfile written - 08/02/2019 17:18:07

Subject	Trial	Event Type	Code	Time	TTime	Uncertainty	Duration	Uncertainty	ReqTime	ReqDur	Stim Type	Pair Index

AllRead-pilot04	1	Response	21	143948	143771	0
AllRead-pilot04	2	Response	21	162378	18428	0
AllRead-pilot04	3	Response	21	313809	151318	0
AllRead-pilot04	4	Pulse	199	1312311	998502	0
AllRead-pilot04	4	Picture	100	1312371	998562	1	50134	1	0	50000	other	0
AllRead-pilot04	4	Pulse	199	1324311	1010502	0
AllRead-pilot04	4	Pulse	199	1336310	1022501	0
AllRead-pilot04	4	Pulse	199	1348311	1034502	0
AllRead-pilot04	4	Pulse	199	1360311	1046502	0
AllRead-pilot04	5	Response	21	1369761	7079	0
AllRead-pilot04	6	Picture	40	1369972	0	1	4267	1	0	4230	other	0
AllRead-pilot04	6	Pulse	199	1372311	2339	0
AllRead-pilot04	7	Picture	80	1374416	0	1	7111	1	0	7000	other	0
AllRead-pilot04	8	Picture	40	1381705	0	1	2667	1	0	2570	other	0
AllRead-pilot04	8	Pulse	199	1384311	2606	0
AllRead-pilot04	9	Picture	80	1384549	0	1	7111	1	0	7000	other	0
AllRead-pilot04	10	Picture	40	1391838	0	1	2133	1	0	2070	other	0
AllRead-pilot04	11	Picture	80	1394149	0	1	7111	1	0	7000	other	0
AllRead-pilot04	11	Pulse	199	1396311	2161	0
AllRead-pilot04	12	Picture	40	1401439	0	1	2133	1	0	1990	other	0
AllRead-pilot04	13	Picture	80	1403750	0	1	7111	1	0	7000	other	0
AllRead-pilot04	13	Pulse	199	1408311	4561	0
AllRead-pilot04	14	Picture	40	1411039	0	1	4267	1	0	4080	other	0
AllRead-pilot04	15	Picture	80	1415483	0	1	7111	1	0	7000	other	0
AllRead-pilot04	15	Pulse	199	1420311	4828	0
AllRead-pilot04	16	Picture	40	1422772	0	1	1422	1	0	1270	other	0
AllRead-pilot04	17	Picture	80	1424372	0	1	7111	1	0	7000	other	0
AllRead-pilot04	18	Picture	40	1431661	0	1	3378	1	0	3330	other	0
AllRead-pilot04	18	Pulse	199	1432311	650	0
AllRead-pilot04	19	Picture	80	1435180	0	215	7147	215	0	7000	other	0
AllRead-pilot04	20	Picture	40	1442506	0	1	2830	193	0	2830	other	0
AllRead-pilot04	20	Pulse	199	1444311	1805	0
AllRead-pilot04	21	Picture	80	1445706	0	1	7111	1	0	7000	other	0
AllRead-pilot04	22	Picture	40	1452995	0	1	1244	1	0	1180	other	0
AllRead-pilot04	23	Pulse	199	1456311	1894	0
AllRead-pilot04	23	Response	21	1458091	3674	0
AllRead-pilot04	24	Picture	40	1461706	0	1	2133	1	0	2020	other	0
AllRead-pilot04	25	Picture	80	1464017	0	1	7111	1	0	7000	other	0
AllRead-pilot04	25	Pulse	199	1468311	4294	0
AllRead-pilot04	26	Picture	40	1471306	0	1	3378	1	0	3210	other	0
AllRead-pilot04	27	Picture	80	1474862	0	1	7111	1	0	7000	other	0
AllRead-pilot04	27	Pulse	199	1480311	5449	0
AllRead-pilot04	28	Picture	40	1482151	0	1	4800	1	0	4720	other	0
AllRead-pilot04	29	Picture	80	1487128	0	1	7111	1	0	7000	other	0
AllRead-pilot04	29	Pulse	199	1492311	5183	0
AllRead-pilot04	30	Picture	40	1494417	0	1	1956	1	0	1900	other	0
AllRead-pilot04	31	Picture	80	1496551	0	1	7111	1	0	7000	other	0
AllRead-pilot04	32	Picture	40	1503840	0	1	2311	1	0	2150	other	0
AllRead-pilot04	32	Pulse	199	1504311	471	0
AllRead-pilot04	33	Picture	80	1506329	0	1	7111	1	0	7000	other	0
AllRead-pilot04	34	Picture	40	1513618	0	1	1778	1	0	1630	other	0
AllRead-pilot04	35	Picture	80	1515573	0	1	7111	1	0	7000	other	0
AllRead-pilot04	35	Pulse	199	1516312	738	0
AllRead-pilot04	36	Picture	40	1522862	0	1	2667	1	0	2550	other	0
AllRead-pilot04	37	Picture	80	1525707	0	1	7111	1	0	7000	other	0
AllRead-pilot04	37	Pulse	199	1528312	2605	0
AllRead-pilot04	38	Picture	40	1532996	0	1	1778	1	0	1640	other	0
AllRead-pilot04	39	Picture	80	1534951	0	1	7111	1	0	7000	other	0
AllRead-pilot04	39	Pulse	199	1540322	5370	0
AllRead-pilot04	40	Picture	40	1542240	0	1	1600	1	0	1510	other	0
AllRead-pilot04	41	Picture	50	1544018	0	1	70045	1	0	next	other	0
AllRead-pilot04	41	Pulse	199	1552321	8304	0
AllRead-pilot04	41	Pulse	199	1564322	20304	0
AllRead-pilot04	41	Pulse	199	1576321	32303	0
AllRead-pilot04	41	Pulse	199	1588321	44303	0
AllRead-pilot04	41	Pulse	199	1600322	56304	0
AllRead-pilot04	41	Pulse	199	1612322	68304	0
AllRead-pilot04	42	Picture	60	1614063	0	1	7111	1	0	7000	other	0
AllRead-pilot04	43	Picture	40	1621352	0	1	1244	1	0	1180	other	0
AllRead-pilot04	44	Pulse	199	1624322	1547	0
AllRead-pilot04	44	Response	21	1626572	3797	0
AllRead-pilot04	45	Picture	40	1630063	0	1	2311	1	0	2150	other	0
AllRead-pilot04	46	Picture	60	1632552	0	1	7111	1	0	7000	other	0
AllRead-pilot04	46	Pulse	199	1636322	3770	0
AllRead-pilot04	47	Picture	40	1639841	0	1	3378	1	0	3330	other	0
AllRead-pilot04	48	Picture	60	1643397	0	1	7111	1	0	7000	other	0
AllRead-pilot04	48	Pulse	199	1648322	4925	0
AllRead-pilot04	49	Picture	40	1650686	0	1	2133	1	0	2020	other	0
AllRead-pilot04	50	Picture	60	1652997	0	1	7111	1	0	7000	other	0
AllRead-pilot04	51	Picture	40	1660286	0	1	2133	1	0	1990	other	0
AllRead-pilot04	51	Pulse	199	1660321	35	0
AllRead-pilot04	52	Picture	60	1662597	0	1	7111	1	0	7000	other	0
AllRead-pilot04	53	Picture	40	1669886	0	1	3378	1	0	3210	other	0
AllRead-pilot04	53	Pulse	199	1672321	2435	0
AllRead-pilot04	54	Picture	60	1673442	0	1	7111	1	0	7000	other	0
AllRead-pilot04	55	Picture	40	1680731	0	1	1956	1	0	1900	other	0
AllRead-pilot04	56	Picture	60	1682864	0	1	7111	1	0	7000	other	0
AllRead-pilot04	56	Pulse	199	1684322	1458	0
AllRead-pilot04	57	Picture	40	1690153	0	1	2667	1	0	2550	other	0
AllRead-pilot04	58	Picture	60	1692997	0	1	7111	1	0	7000	other	0
AllRead-pilot04	58	Pulse	199	1696322	3325	0
AllRead-pilot04	59	Picture	40	1700286	0	1	4267	1	0	4230	other	0
AllRead-pilot04	60	Picture	60	1704731	0	1	7111	1	0	7000	other	0
AllRead-pilot04	60	Pulse	199	1708322	3591	0
AllRead-pilot04	61	Picture	40	1712020	0	1	2133	1	0	2070	other	0
AllRead-pilot04	62	Picture	60	1714331	0	1	7111	1	0	7000	other	0
AllRead-pilot04	62	Pulse	199	1720322	5991	0
AllRead-pilot04	63	Picture	40	1721620	0	1	1600	1	0	1510	other	0
AllRead-pilot04	64	Picture	60	1723398	0	1	7111	1	0	7000	other	0
AllRead-pilot04	65	Picture	40	1730687	0	1	1778	1	0	1640	other	0
AllRead-pilot04	65	Pulse	199	1732322	1635	0
AllRead-pilot04	66	Picture	60	1732642	0	1	7111	1	0	7000	other	0
AllRead-pilot04	67	Picture	40	1739931	0	1	1422	1	0	1270	other	0
AllRead-pilot04	68	Picture	60	1741531	0	1	7111	1	0	7000	other	0
AllRead-pilot04	68	Pulse	199	1744321	2790	0
AllRead-pilot04	69	Picture	40	1748820	0	1	2830	193	0	2830	other	0
AllRead-pilot04	70	Picture	60	1752020	0	1	7111	1	0	7000	other	0
AllRead-pilot04	70	Pulse	199	1756321	4301	0
AllRead-pilot04	71	Picture	40	1759309	0	1	4267	1	0	4080	other	0
AllRead-pilot04	72	Picture	60	1763754	0	1	7111	1	0	7000	other	0
AllRead-pilot04	72	Pulse	199	1768322	4568	0
AllRead-pilot04	73	Picture	40	1771043	0	1	1778	1	0	1630	other	0
AllRead-pilot04	74	Picture	60	1772998	0	1	7111	1	0	7000	other	0
AllRead-pilot04	75	Picture	40	1780287	0	1	4800	1	0	4720	other	0
AllRead-pilot04	75	Pulse	199	1780322	35	0
AllRead-pilot04	76	Picture	50	1785265	0	1	70033	191	0	next	other	0
AllRead-pilot04	76	Pulse	199	1792322	7057	0
AllRead-pilot04	76	Pulse	199	1804322	19057	0
AllRead-pilot04	76	Pulse	199	1816322	31057	0
AllRead-pilot04	76	Pulse	199	1828322	43056	0
AllRead-pilot04	76	Pulse	199	1840322	55057	0
AllRead-pilot04	76	Pulse	199	1852322	67057	0
AllRead-pilot04	77	Picture	90	1855298	0	191	7124	191	0	7000	other	0
AllRead-pilot04	78	Picture	40	1862600	0	1	1778	1	0	1640	other	0
AllRead-pilot04	78	Pulse	199	1864322	1723	0
AllRead-pilot04	79	Picture	90	1864555	0	1	7111	1	0	7000	other	0
AllRead-pilot04	80	Picture	40	1871844	0	1	4800	1	0	4720	other	0
AllRead-pilot04	80	Pulse	199	1876322	4478	0
AllRead-pilot04	81	Picture	90	1876822	0	1	7111	1	0	7000	other	0
AllRead-pilot04	82	Picture	40	1884111	0	1	1244	1	0	1180	other	0
AllRead-pilot04	83	Picture	90	1885533	0	1	7111	1	0	7000	other	0
AllRead-pilot04	83	Pulse	199	1888322	2789	0
AllRead-pilot04	84	Picture	40	1892822	0	1	2133	1	0	2070	other	0
AllRead-pilot04	85	Picture	90	1895133	0	1	7111	1	0	7000	other	0
AllRead-pilot04	85	Pulse	199	1900322	5189	0
AllRead-pilot04	86	Picture	40	1902422	0	1	2133	1	0	1990	other	0
AllRead-pilot04	87	Picture	90	1904733	0	1	7111	1	0	7000	other	0
AllRead-pilot04	88	Picture	40	1912022	0	1	1956	1	0	1900	other	0
AllRead-pilot04	88	Pulse	199	1912322	300	0
AllRead-pilot04	89	Picture	90	1914156	0	1	7111	1	0	7000	other	0
AllRead-pilot04	90	Picture	40	1921445	0	1	3378	1	0	3330	other	0
AllRead-pilot04	90	Pulse	199	1924322	2878	0
AllRead-pilot04	91	Picture	90	1925000	0	1	7111	1	0	7000	other	0
AllRead-pilot04	92	Picture	40	1932289	0	1	2311	1	0	2150	other	0
AllRead-pilot04	93	Picture	90	1934778	0	1	7111	1	0	7000	other	0
AllRead-pilot04	93	Pulse	199	1936323	1545	0
AllRead-pilot04	94	Picture	40	1942067	0	1	1600	1	0	1510	other	0
AllRead-pilot04	95	Picture	90	1943845	0	1	7111	1	0	7000	other	0
AllRead-pilot04	95	Pulse	199	1948323	4478	0
AllRead-pilot04	96	Picture	40	1951134	0	1	1778	1	0	1630	other	0
AllRead-pilot04	97	Picture	90	1953089	0	1	7111	1	0	7000	other	0
AllRead-pilot04	97	Pulse	199	1960323	7234	0
AllRead-pilot04	98	Picture	40	1960378	0	1	1422	1	0	1270	other	0
AllRead-pilot04	99	Response	21	1965903	3924	0
AllRead-pilot04	100	Picture	40	1969267	0	1	4267	1	0	4230	other	0
AllRead-pilot04	100	Pulse	199	1972323	3055	0
AllRead-pilot04	101	Picture	90	1973712	0	1	7111	1	0	7000	other	0
AllRead-pilot04	102	Picture	40	1981001	0	1	2830	15	0	2830	other	0
AllRead-pilot04	103	Picture	90	1983878	0	324	7079	324	0	7000	other	0
AllRead-pilot04	103	Pulse	199	1984322	445	0
AllRead-pilot04	104	Picture	40	1991134	0	1	3378	1	0	3210	other	0
AllRead-pilot04	105	Picture	90	1994690	0	1	7111	1	0	7000	other	0
AllRead-pilot04	105	Pulse	199	1996322	1632	0
AllRead-pilot04	106	Picture	40	2001979	0	1	2667	1	0	2550	other	0
AllRead-pilot04	107	Picture	90	2004823	0	1	7111	1	0	7000	other	0
AllRead-pilot04	107	Pulse	199	2008323	3500	0
AllRead-pilot04	108	Picture	40	2012112	0	1	2133	1	0	2020	other	0
AllRead-pilot04	109	Picture	90	2014424	0	1	7111	1	0	7000	other	0
AllRead-pilot04	109	Pulse	199	2020323	5899	0
AllRead-pilot04	110	Picture	40	2021712	0	1	4267	1	0	4080	other	0
AllRead-pilot04	111	Picture	50	2026157	0	1	90312	1	0	next	other	0
AllRead-pilot04	111	Pulse	199	2032323	6166	0
AllRead-pilot04	111	Pulse	199	2044323	18166	0
AllRead-pilot04	111	Pulse	199	2056323	30166	0
AllRead-pilot04	111	Pulse	199	2068322	42165	0
AllRead-pilot04	111	Pulse	199	2080322	54165	0
AllRead-pilot04	111	Pulse	199	2092322	66165	0
AllRead-pilot04	111	Pulse	199	2104322	78165	0
AllRead-pilot04	111	Pulse	199	2116322	90165	0
AllRead-pilot04	112	Picture	70	2116469	0	1	7111	1	0	7000	other	0
AllRead-pilot04	113	Picture	40	2123758	0	1	4800	1	0	4720	other	0
AllRead-pilot04	113	Pulse	199	2128323	4565	0
AllRead-pilot04	114	Picture	70	2128736	0	1	7111	1	0	7000	other	0
AllRead-pilot04	115	Picture	40	2136025	0	1	3378	1	0	3210	other	0
AllRead-pilot04	116	Picture	70	2139581	0	1	7111	1	0	7000	other	0
AllRead-pilot04	116	Pulse	199	2140323	742	0
AllRead-pilot04	117	Picture	40	2146870	0	1	2830	193	0	2830	other	0
AllRead-pilot04	118	Picture	70	2150070	0	1	7111	1	0	7000	other	0
AllRead-pilot04	118	Pulse	199	2152322	2253	0
AllRead-pilot04	119	Picture	40	2157359	0	1	1600	1	0	1510	other	0
AllRead-pilot04	120	Picture	70	2159136	0	1	7111	1	0	7000	other	0
AllRead-pilot04	120	Pulse	199	2164322	5186	0
AllRead-pilot04	121	Picture	40	2166425	0	1	2667	1	0	2550	other	0
AllRead-pilot04	122	Picture	70	2169270	0	1	7111	1	0	7000	other	0
AllRead-pilot04	122	Pulse	199	2176323	7053	0
AllRead-pilot04	123	Picture	40	2176559	0	1	2667	1	0	2570	other	0
AllRead-pilot04	124	Picture	70	2179403	0	1	7111	1	0	7000	other	0
AllRead-pilot04	125	Picture	40	2186692	0	1	1778	1	0	1640	other	0
AllRead-pilot04	125	Pulse	199	2188323	1631	0
AllRead-pilot04	126	Picture	70	2188648	0	1	7111	1	0	7000	other	0
AllRead-pilot04	127	Picture	40	2195937	0	1	2311	1	0	2150	other	0
AllRead-pilot04	128	Picture	70	2198426	0	1	7111	1	0	7000	other	0
AllRead-pilot04	128	Pulse	199	2200323	1897	0
AllRead-pilot04	129	Picture	40	2205715	0	1	4267	1	0	4080	other	0
AllRead-pilot04	130	Picture	70	2210159	0	1	7111	1	0	7000	other	0
AllRead-pilot04	130	Pulse	199	2212323	2164	0
AllRead-pilot04	131	Picture	40	2217448	0	1	3378	1	0	3330	other	0
AllRead-pilot04	132	Picture	70	2221004	0	1	7111	1	0	7000	other	0
AllRead-pilot04	132	Pulse	199	2224323	3319	0
AllRead-pilot04	133	Picture	40	2228293	0	1	1422	1	0	1270	other	0
AllRead-pilot04	134	Picture	70	2229893	0	1	7111	1	0	7000	other	0
AllRead-pilot04	134	Pulse	199	2236323	6430	0
AllRead-pilot04	135	Picture	40	2237182	0	1	1778	1	0	1630	other	0
AllRead-pilot04	136	Picture	70	2239137	0	1	7111	1	0	7000	other	0
AllRead-pilot04	137	Picture	40	2246426	0	1	2133	1	0	1990	other	0
AllRead-pilot04	137	Pulse	199	2248323	1896	0
AllRead-pilot04	138	Picture	70	2248737	0	1	7111	1	0	7000	other	0
AllRead-pilot04	139	Picture	40	2256026	0	1	2133	1	0	2070	other	0
AllRead-pilot04	140	Picture	70	2258338	0	1	7111	1	0	7000	other	0
AllRead-pilot04	140	Pulse	199	2260323	1985	0
AllRead-pilot04	141	Picture	40	2265627	0	1	2133	1	0	2020	other	0
AllRead-pilot04	142	Picture	70	2267938	0	1	7111	1	0	7000	other	0
AllRead-pilot04	142	Pulse	199	2272323	4386	0
AllRead-pilot04	143	Picture	40	2275227	0	1	1956	1	0	1900	other	0
AllRead-pilot04	144	Picture	50	2277360	0	1	90134	1	0	next	other	0
AllRead-pilot04	144	Pulse	199	2284323	6963	0
AllRead-pilot04	144	Pulse	199	2296324	18964	0
AllRead-pilot04	144	Pulse	199	2308323	30963	0
AllRead-pilot04	144	Pulse	199	2320323	42963	0
AllRead-pilot04	144	Pulse	199	2332323	54963	0
AllRead-pilot04	144	Pulse	199	2344323	66963	0
AllRead-pilot04	144	Pulse	199	2356323	78963	0
AllRead-pilot04	145	Picture	90	2367494	0	1	7111	1	0	7000	other	0
AllRead-pilot04	145	Pulse	199	2368324	829	0
AllRead-pilot04	146	Picture	40	2374783	0	1	1244	1	0	1180	other	0
AllRead-pilot04	147	Picture	90	2376206	0	1	7111	1	0	7000	other	0
AllRead-pilot04	147	Pulse	199	2380324	4118	0
AllRead-pilot04	148	Picture	40	2383495	0	1	1422	1	0	1270	other	0
AllRead-pilot04	149	Response	21	2389433	4338	0
AllRead-pilot04	149	Pulse	199	2392324	7229	0
AllRead-pilot04	150	Picture	40	2392384	0	1	1956	1	0	1900	other	0
AllRead-pilot04	151	Picture	90	2394517	0	1	7111	1	0	7000	other	0
AllRead-pilot04	152	Picture	40	2401806	0	1	4267	1	0	4080	other	0
AllRead-pilot04	152	Pulse	199	2404324	2518	0
AllRead-pilot04	153	Picture	90	2406250	0	1	7111	1	0	7000	other	0
AllRead-pilot04	154	Picture	40	2413539	0	1	4800	1	0	4720	other	0
AllRead-pilot04	154	Pulse	199	2416324	2784	0
AllRead-pilot04	155	Picture	90	2418517	0	1	7111	1	0	7000	other	0
AllRead-pilot04	156	Picture	40	2425806	0	1	1778	1	0	1640	other	0
AllRead-pilot04	157	Picture	90	2427762	0	1	7111	1	0	7000	other	0
AllRead-pilot04	157	Pulse	199	2428324	562	0
AllRead-pilot04	158	Picture	40	2435051	0	1	1600	1	0	1510	other	0
AllRead-pilot04	159	Picture	90	2436829	0	1	7111	1	0	7000	other	0
AllRead-pilot04	159	Pulse	199	2440324	3495	0
AllRead-pilot04	160	Picture	40	2444117	0	1	4267	1	0	4230	other	0
AllRead-pilot04	161	Picture	90	2448562	0	1	7111	1	0	7000	other	0
AllRead-pilot04	161	Pulse	199	2452324	3762	0
AllRead-pilot04	162	Picture	40	2455851	0	1	2133	1	0	2020	other	0
AllRead-pilot04	163	Picture	90	2458162	0	1	7111	1	0	7000	other	0
AllRead-pilot04	163	Pulse	199	2464324	6162	0
AllRead-pilot04	164	Picture	40	2465451	0	1	2830	193	0	2830	other	0
AllRead-pilot04	165	Picture	90	2468651	0	1	7111	1	0	7000	other	0
AllRead-pilot04	166	Picture	40	2475940	0	1	2133	1	0	1990	other	0
AllRead-pilot04	166	Pulse	199	2476323	383	0
AllRead-pilot04	167	Picture	90	2478251	0	1	7111	1	0	7000	other	0
AllRead-pilot04	168	Picture	40	2485540	0	1	1778	1	0	1630	other	0
AllRead-pilot04	169	Picture	90	2487496	0	1	7111	1	0	7000	other	0
AllRead-pilot04	169	Pulse	199	2488324	828	0
AllRead-pilot04	170	Picture	40	2494785	0	1	2311	1	0	2150	other	0
AllRead-pilot04	171	Picture	90	2497274	0	1	7111	1	0	7000	other	0
AllRead-pilot04	171	Pulse	199	2500324	3050	0
AllRead-pilot04	172	Picture	40	2504563	0	1	2667	1	0	2550	other	0
AllRead-pilot04	173	Picture	90	2507407	0	1	7111	1	0	7000	other	0
AllRead-pilot04	173	Pulse	199	2512324	4917	0
AllRead-pilot04	174	Picture	40	2514696	0	1	3378	1	0	3210	other	0
AllRead-pilot04	175	Picture	90	2518252	0	1	7111	1	0	7000	other	0
AllRead-pilot04	175	Pulse	199	2524324	6072	0
AllRead-pilot04	176	Picture	40	2525541	0	1	2667	1	0	2570	other	0
AllRead-pilot04	177	Picture	90	2528385	0	1	7111	1	0	7000	other	0
AllRead-pilot04	178	Picture	40	2535674	0	1	3378	1	0	3330	other	0
AllRead-pilot04	178	Pulse	199	2536324	650	0
AllRead-pilot04	179	Picture	50	2539230	0	1	70223	1	0	next	other	0
AllRead-pilot04	179	Pulse	199	2548324	9094	0
AllRead-pilot04	179	Pulse	199	2560324	21094	0
AllRead-pilot04	179	Pulse	199	2572324	33094	0
AllRead-pilot04	179	Pulse	199	2584324	45094	0
AllRead-pilot04	179	Pulse	199	2596324	57095	0
AllRead-pilot04	179	Pulse	199	2608324	69095	0
AllRead-pilot04	180	Picture	80	2609453	0	1	7111	1	0	7000	other	0
AllRead-pilot04	181	Picture	40	2616742	0	1	1600	1	0	1510	other	0
AllRead-pilot04	182	Pulse	199	2620324	1805	0
AllRead-pilot04	182	Response	21	2622824	4304	0
AllRead-pilot04	183	Picture	40	2625809	0	1	2830	193	0	2830	other	0
AllRead-pilot04	184	Picture	80	2629009	0	1	7111	1	0	7000	other	0
AllRead-pilot04	184	Pulse	199	2632324	3315	0
AllRead-pilot04	185	Picture	40	2636298	0	1	4800	1	0	4720	other	0
AllRead-pilot04	186	Picture	80	2641275	0	1	7111	1	0	7000	other	0
AllRead-pilot04	186	Pulse	199	2644324	3048	0
AllRead-pilot04	187	Picture	40	2648564	0	1	2311	1	0	2150	other	0
AllRead-pilot04	188	Picture	80	2651053	0	1	7111	1	0	7000	other	0
AllRead-pilot04	188	Pulse	199	2656324	5271	0
AllRead-pilot04	189	Picture	40	2658342	0	1	3378	1	0	3210	other	0
AllRead-pilot04	190	Picture	80	2661898	0	1	7111	1	0	7000	other	0
AllRead-pilot04	190	Pulse	199	2668324	6426	0
AllRead-pilot04	191	Picture	40	2669187	0	1	4267	1	0	4080	other	0
AllRead-pilot04	192	Picture	80	2673631	0	1	7111	1	0	7000	other	0
AllRead-pilot04	192	Pulse	199	2680324	6693	0
AllRead-pilot04	193	Picture	40	2680920	0	1	4267	1	0	4230	other	0
AllRead-pilot04	194	Picture	80	2685365	0	1	7111	1	0	7000	other	0
AllRead-pilot04	194	Pulse	199	2692324	6959	0
AllRead-pilot04	195	Picture	40	2692654	0	1	1778	1	0	1630	other	0
AllRead-pilot04	196	Picture	80	2694609	0	1	7111	1	0	7000	other	0
AllRead-pilot04	197	Picture	40	2701898	0	1	2133	1	0	1990	other	0
AllRead-pilot04	198	Picture	80	2704209	0	1	7111	1	0	7000	other	0
AllRead-pilot04	198	Pulse	199	2704324	115	0
AllRead-pilot04	199	Picture	40	2711498	0	1	1422	1	0	1270	other	0
AllRead-pilot04	200	Picture	80	2713098	0	1	7111	1	0	7000	other	0
AllRead-pilot04	200	Pulse	199	2716324	3226	0
AllRead-pilot04	201	Picture	40	2720387	0	1	2133	1	0	2070	other	0
AllRead-pilot04	202	Picture	80	2722699	0	1	7111	1	0	7000	other	0
AllRead-pilot04	202	Pulse	199	2728324	5626	0
AllRead-pilot04	203	Picture	40	2729988	0	1	1245	1	0	1180	other	0
AllRead-pilot04	204	Picture	80	2731410	0	1	7111	1	0	7000	other	0
AllRead-pilot04	205	Picture	40	2738699	0	1	1778	1	0	1640	other	0
AllRead-pilot04	205	Pulse	199	2740324	1625	0
AllRead-pilot04	206	Picture	80	2740654	0	1	7111	1	0	7000	other	0
AllRead-pilot04	207	Picture	40	2747943	0	1	3378	1	0	3330	other	0
AllRead-pilot04	208	Picture	80	2751499	0	1	7111	1	0	7000	other	0
AllRead-pilot04	208	Pulse	199	2752324	825	0
AllRead-pilot04	209	Picture	40	2758788	0	1	2133	1	0	2020	other	0
AllRead-pilot04	210	Picture	80	2761099	0	1	7111	1	0	7000	other	0
AllRead-pilot04	210	Pulse	199	2764324	3225	0
AllRead-pilot04	211	Picture	40	2768388	0	1	2667	1	0	2550	other	0
AllRead-pilot04	212	Picture	80	2771232	0	1	7111	1	0	7000	other	0
AllRead-pilot04	212	Pulse	199	2776324	5092	0
AllRead-pilot04	213	Picture	40	2778521	0	1	2667	1	0	2570	other	0
AllRead-pilot04	214	Picture	50	2781366	0	1	70223	1	0	next	other	0
AllRead-pilot04	214	Pulse	199	2788324	6958	0
AllRead-pilot04	214	Pulse	199	2800324	18958	0
AllRead-pilot04	214	Pulse	199	2812324	30958	0
AllRead-pilot04	214	Pulse	199	2824325	42959	0
AllRead-pilot04	214	Pulse	199	2836325	54959	0
AllRead-pilot04	214	Pulse	199	2848325	66959	0
AllRead-pilot04	215	Picture	60	2851589	0	1	7111	1	0	7000	other	0
AllRead-pilot04	216	Picture	40	2858878	0	1	3378	1	0	3330	other	0
AllRead-pilot04	216	Pulse	199	2860325	1447	0
AllRead-pilot04	217	Picture	60	2862434	0	1	7111	1	0	7000	other	0
AllRead-pilot04	218	Picture	40	2869723	0	1	2133	1	0	2070	other	0
AllRead-pilot04	219	Picture	60	2872034	0	1	7111	1	0	7000	other	0
AllRead-pilot04	219	Pulse	199	2872325	291	0
AllRead-pilot04	220	Picture	40	2879323	0	1	4267	1	0	4080	other	0
AllRead-pilot04	221	Picture	60	2883767	0	1	7111	1	0	7000	other	0
AllRead-pilot04	221	Pulse	199	2884324	557	0
AllRead-pilot04	222	Picture	40	2891056	0	1	4267	1	0	4230	other	0
AllRead-pilot04	223	Picture	60	2895501	0	1	7111	1	0	7000	other	0
AllRead-pilot04	223	Pulse	199	2896324	824	0
AllRead-pilot04	224	Picture	40	2902790	0	1	1778	1	0	1640	other	0
AllRead-pilot04	225	Pulse	199	2908325	3580	0
AllRead-pilot04	225	Response	21	2908884	4139	0
AllRead-pilot04	226	Picture	40	2912034	0	1	2667	1	0	2570	other	0
AllRead-pilot04	227	Picture	60	2914879	0	1	7111	1	0	7000	other	0
AllRead-pilot04	227	Pulse	199	2920325	5446	0
AllRead-pilot04	228	Picture	40	2922168	0	1	4800	1	0	4720	other	0
AllRead-pilot04	229	Picture	60	2927145	0	1	7111	1	0	7000	other	0
AllRead-pilot04	229	Pulse	199	2932325	5179	0
AllRead-pilot04	230	Picture	40	2934434	0	1	1956	1	0	1900	other	0
AllRead-pilot04	231	Picture	60	2936568	0	1	7111	1	0	7000	other	0
AllRead-pilot04	232	Picture	40	2943857	0	1	2133	1	0	1990	other	0
AllRead-pilot04	232	Pulse	199	2944325	468	0
AllRead-pilot04	233	Picture	60	2946168	0	1	7111	1	0	7000	other	0
AllRead-pilot04	234	Picture	40	2953457	0	1	2830	193	0	2830	other	0
AllRead-pilot04	234	Pulse	199	2956325	2868	0
AllRead-pilot04	235	Picture	60	2956657	0	1	7111	1	0	7000	other	0
AllRead-pilot04	236	Picture	40	2963946	0	1	1778	1	0	1630	other	0
AllRead-pilot04	237	Picture	60	2965901	0	1	7111	1	0	7000	other	0
AllRead-pilot04	237	Pulse	199	2968325	2423	0
AllRead-pilot04	238	Picture	40	2973190	0	1	3378	1	0	3210	other	0
AllRead-pilot04	239	Pulse	199	2980324	3578	0
AllRead-pilot04	239	Response	21	2980654	3908	0
AllRead-pilot04	240	Picture	40	2984035	0	1	2311	1	0	2150	other	0
AllRead-pilot04	241	Picture	60	2986524	0	1	7111	1	0	7000	other	0
AllRead-pilot04	241	Pulse	199	2992325	5801	0
AllRead-pilot04	242	Picture	40	2993813	0	1	2667	1	0	2550	other	0
AllRead-pilot04	243	Picture	60	2996657	0	1	7111	1	0	7000	other	0
AllRead-pilot04	244	Picture	40	3003946	0	1	2133	1	0	2020	other	0
AllRead-pilot04	244	Pulse	199	3004325	379	0
AllRead-pilot04	245	Picture	60	3006257	0	1	7111	1	0	7000	other	0
AllRead-pilot04	246	Picture	40	3013546	0	1	1422	1	0	1270	other	0
AllRead-pilot04	247	Picture	60	3015146	0	1	7111	1	0	7000	other	0
AllRead-pilot04	247	Pulse	199	3016325	1179	0
AllRead-pilot04	248	Picture	40	3022435	0	1	1245	1	0	1180	other	0
AllRead-pilot04	249	Picture	60	3023858	0	1	7111	1	0	7000	other	0
AllRead-pilot04	249	Pulse	199	3028325	4467	0
AllRead-pilot04	250	Picture	40	3031147	0	1	1600	1	0	1510	other	0
AllRead-pilot04	251	Picture	50	3032924	0	1	90134	1	0	next	other	0
AllRead-pilot04	251	Pulse	199	3040325	7401	0
AllRead-pilot04	251	Pulse	199	3052324	19400	0
AllRead-pilot04	251	Pulse	199	3064325	31401	0
AllRead-pilot04	251	Pulse	199	3076325	43401	0
AllRead-pilot04	251	Pulse	199	3088325	55401	0
AllRead-pilot04	251	Pulse	199	3100325	67400	0
AllRead-pilot04	251	Pulse	199	3112325	79401	0
AllRead-pilot04	252	Pulse	199	3124325	1266	0
AllRead-pilot04	252	Response	21	3127935	4876	0
AllRead-pilot04	253	Picture	40	3130348	0	1	2830	193	0	2830	other	0
AllRead-pilot04	254	Picture	70	3133548	0	1	7111	1	0	7000	other	0
AllRead-pilot04	254	Pulse	199	3136325	2777	0
AllRead-pilot04	255	Picture	40	3140837	0	1	1778	1	0	1630	other	0
AllRead-pilot04	256	Picture	70	3142792	0	1	7111	1	0	7000	other	0
AllRead-pilot04	256	Pulse	199	3148325	5533	0
AllRead-pilot04	257	Picture	40	3150081	0	1	2133	1	0	2070	other	0
AllRead-pilot04	258	Picture	70	3152393	0	1	7111	1	0	7000	other	0
AllRead-pilot04	259	Picture	40	3159681	0	1	4800	1	0	4720	other	0
AllRead-pilot04	259	Pulse	199	3160325	644	0
AllRead-pilot04	260	Picture	70	3164659	0	1	7111	1	0	7000	other	0
AllRead-pilot04	261	Picture	40	3171948	0	1	2133	1	0	1990	other	0
AllRead-pilot04	261	Pulse	199	3172325	377	0
AllRead-pilot04	262	Picture	70	3174259	0	1	7111	1	0	7000	other	0
AllRead-pilot04	263	Picture	40	3181548	0	1	2667	1	0	2570	other	0
AllRead-pilot04	263	Pulse	199	3184325	2777	0
AllRead-pilot04	264	Picture	70	3184393	0	1	7111	1	0	7000	other	0
AllRead-pilot04	265	Picture	40	3191682	0	1	1600	1	0	1510	other	0
AllRead-pilot04	266	Picture	70	3193460	0	1	7111	1	0	7000	other	0
AllRead-pilot04	266	Pulse	199	3196325	2866	0
AllRead-pilot04	267	Picture	40	3200749	0	1	3378	1	0	3210	other	0
AllRead-pilot04	268	Picture	70	3204304	0	1	7111	1	0	7000	other	0
AllRead-pilot04	268	Pulse	199	3208325	4021	0
AllRead-pilot04	269	Picture	40	3211593	0	1	1778	1	0	1640	other	0
AllRead-pilot04	270	Picture	70	3213549	0	1	7111	1	0	7000	other	0
AllRead-pilot04	270	Pulse	199	3220325	6776	0
AllRead-pilot04	271	Picture	40	3220838	0	1	1422	1	0	1270	other	0
AllRead-pilot04	272	Picture	70	3222438	0	1	7111	1	0	7000	other	0
AllRead-pilot04	273	Picture	40	3229727	0	1	2311	1	0	2150	other	0
AllRead-pilot04	274	Picture	70	3232216	0	1	7111	1	0	7000	other	0
AllRead-pilot04	274	Pulse	199	3232325	110	0
AllRead-pilot04	275	Picture	40	3239505	0	1	4267	1	0	4080	other	0
AllRead-pilot04	276	Picture	70	3243949	0	1	7111	1	0	7000	other	0
AllRead-pilot04	276	Pulse	199	3244325	376	0
AllRead-pilot04	277	Picture	40	3251238	0	1	1245	1	0	1180	other	0
AllRead-pilot04	278	Picture	70	3252660	0	1	7111	1	0	7000	other	0
AllRead-pilot04	278	Pulse	199	3256325	3665	0
AllRead-pilot04	279	Picture	40	3259949	0	1	1956	1	0	1900	other	0
AllRead-pilot04	280	Picture	70	3262083	0	1	7111	1	0	7000	other	0
AllRead-pilot04	280	Pulse	199	3268325	6243	0
AllRead-pilot04	281	Picture	40	3269372	0	1	4267	1	0	4230	other	0
AllRead-pilot04	282	Picture	70	3273816	0	1	7111	1	0	7000	other	0
AllRead-pilot04	282	Pulse	199	3280325	6509	0
AllRead-pilot04	283	Picture	40	3281105	0	1	2133	1	0	2020	other	0
AllRead-pilot04	284	Picture	70	3283416	0	1	7111	1	0	7000	other	0
AllRead-pilot04	285	Picture	40	3290705	0	1	2667	1	0	2550	other	0
AllRead-pilot04	285	Pulse	199	3292335	1630	0
AllRead-pilot04	286	Picture	50	3293550	0	1	70223	1	0	next	other	0
AllRead-pilot04	286	Pulse	199	3304335	10785	0
AllRead-pilot04	286	Pulse	199	3316336	22786	0
AllRead-pilot04	286	Pulse	199	3328336	34786	0
AllRead-pilot04	286	Pulse	199	3340336	46786	0
AllRead-pilot04	286	Pulse	199	3352336	58786	0
AllRead-pilot04	287	Picture	70	3363773	0	1	7111	1	0	7000	other	0
AllRead-pilot04	287	Pulse	199	3364336	563	0
AllRead-pilot04	288	Picture	40	3371062	0	1	3378	1	0	3330	other	0
AllRead-pilot04	289	Picture	70	3374617	0	1	7111	1	0	7000	other	0
AllRead-pilot04	289	Pulse	199	3376335	1718	0
AllRead-pilot04	290	Picture	40	3381906	0	1	2830	193	0	2830	other	0
AllRead-pilot04	291	Picture	70	3385106	0	1	7111	1	0	7000	other	0
AllRead-pilot04	291	Pulse	199	3388335	3229	0
AllRead-pilot04	292	Picture	40	3392395	0	1	2133	1	0	2070	other	0
AllRead-pilot04	293	Picture	70	3394707	0	1	7111	1	0	7000	other	0
AllRead-pilot04	293	Pulse	199	3400336	5630	0
AllRead-pilot04	294	Picture	40	3401996	0	1	4267	1	0	4230	other	0
AllRead-pilot04	295	Picture	70	3406440	0	1	7111	1	0	7000	other	0
AllRead-pilot04	295	Pulse	199	3412336	5896	0
AllRead-pilot04	296	Picture	40	3413729	0	1	4800	1	0	4720	other	0
AllRead-pilot04	297	Picture	70	3418707	0	1	7111	1	0	7000	other	0
AllRead-pilot04	297	Pulse	199	3424336	5629	0
AllRead-pilot04	298	Picture	40	3425996	0	1	1778	1	0	1640	other	0
AllRead-pilot04	299	Picture	70	3427951	0	1	7111	1	0	7000	other	0
AllRead-pilot04	300	Picture	40	3435240	0	1	2667	1	0	2550	other	0
AllRead-pilot04	300	Pulse	199	3436336	1096	0
AllRead-pilot04	301	Picture	70	3438085	0	1	7111	1	0	7000	other	0
AllRead-pilot04	302	Picture	40	3445374	0	1	1600	1	0	1510	other	0
AllRead-pilot04	303	Picture	70	3447152	0	1	7111	1	0	7000	other	0
AllRead-pilot04	303	Pulse	199	3448336	1184	0
AllRead-pilot04	304	Picture	40	3454441	0	1	4267	1	0	4080	other	0
AllRead-pilot04	305	Picture	70	3458885	0	1	7111	1	0	7000	other	0
AllRead-pilot04	305	Pulse	199	3460336	1451	0
AllRead-pilot04	306	Picture	40	3466174	0	1	2133	1	0	2020	other	0
AllRead-pilot04	307	Picture	70	3468485	0	1	7111	1	0	7000	other	0
AllRead-pilot04	307	Pulse	199	3472336	3850	0
AllRead-pilot04	308	Picture	40	3475774	0	1	1956	1	0	1900	other	0
AllRead-pilot04	309	Picture	70	3477908	0	1	7111	1	0	7000	other	0
AllRead-pilot04	309	Pulse	199	3484337	6429	0
AllRead-pilot04	310	Picture	40	3485196	0	1	2133	1	0	1990	other	0
AllRead-pilot04	311	Picture	70	3487508	0	1	7111	1	0	7000	other	0
AllRead-pilot04	312	Picture	40	3494797	0	1	3378	1	0	3210	other	0
AllRead-pilot04	312	Pulse	199	3496336	1540	0
AllRead-pilot04	313	Picture	70	3498352	0	1	7111	1	0	7000	other	0
AllRead-pilot04	314	Picture	40	3505641	0	1	2667	1	0	2570	other	0
AllRead-pilot04	314	Pulse	199	3508332	2691	4
AllRead-pilot04	315	Picture	70	3508486	0	1	7111	1	0	7000	other	0
AllRead-pilot04	316	Picture	40	3515775	0	1	1244	1	0	1180	other	0
AllRead-pilot04	317	Picture	70	3517197	0	1	7111	1	0	7000	other	0
AllRead-pilot04	317	Pulse	199	3520336	3139	0
AllRead-pilot04	318	Picture	40	3524486	0	1	1778	1	0	1630	other	0
AllRead-pilot04	319	Picture	50	3526441	0	1	70045	1	0	next	other	0
AllRead-pilot04	319	Pulse	199	3532336	5894	0
AllRead-pilot04	319	Pulse	199	3544335	17894	0
AllRead-pilot04	319	Pulse	199	3556336	29895	0
AllRead-pilot04	319	Pulse	199	3568336	41895	0
AllRead-pilot04	319	Pulse	199	3580336	53895	0
AllRead-pilot04	319	Pulse	199	3592337	65895	0
AllRead-pilot04	320	Picture	90	3596487	0	1	7111	1	0	7000	other	0
AllRead-pilot04	321	Picture	40	3603776	0	1	2667	1	0	2550	other	0
AllRead-pilot04	321	Pulse	199	3604337	561	0
AllRead-pilot04	322	Picture	90	3606620	0	1	7111	1	0	7000	other	0
AllRead-pilot04	323	Picture	40	3613909	0	1	1422	1	0	1270	other	0
AllRead-pilot04	324	Picture	90	3615509	0	1	7111	1	0	7000	other	0
AllRead-pilot04	324	Pulse	199	3616336	827	0
AllRead-pilot04	325	Picture	40	3622798	0	1	4267	1	0	4230	other	0
AllRead-pilot04	326	Picture	90	3627243	0	1	7111	1	0	7000	other	0
AllRead-pilot04	326	Pulse	199	3628336	1093	0
AllRead-pilot04	327	Picture	40	3634532	0	1	2311	1	0	2150	other	0
AllRead-pilot04	328	Picture	90	3637021	0	1	7111	1	0	7000	other	0
AllRead-pilot04	328	Pulse	199	3640336	3316	0
AllRead-pilot04	329	Picture	40	3644309	0	1	1244	1	0	1180	other	0
AllRead-pilot04	330	Picture	90	3645732	0	1	7111	1	0	7000	other	0
AllRead-pilot04	330	Pulse	199	3652336	6605	0
AllRead-pilot04	331	Picture	40	3653021	0	1	1956	1	0	1900	other	0
AllRead-pilot04	332	Picture	90	3655154	0	1	7111	1	0	7000	other	0
AllRead-pilot04	333	Picture	40	3662443	0	1	2133	1	0	1990	other	0
AllRead-pilot04	333	Pulse	199	3664336	1893	0
AllRead-pilot04	334	Picture	90	3664754	0	1	7111	1	0	7000	other	0
AllRead-pilot04	335	Picture	40	3672043	0	1	1600	1	0	1510	other	0
AllRead-pilot04	336	Picture	90	3673821	0	1	7111	1	0	7000	other	0
AllRead-pilot04	336	Pulse	199	3676337	2516	0
AllRead-pilot04	337	Picture	40	3681110	0	1	1778	1	0	1630	other	0
AllRead-pilot04	338	Pulse	199	3688337	5271	0
AllRead-pilot04	338	Response	21	3688397	5331	0
AllRead-pilot04	339	Picture	40	3690354	0	1	2133	1	0	2070	other	0
AllRead-pilot04	340	Picture	90	3692666	0	1	7111	1	0	7000	other	0
AllRead-pilot04	341	Picture	40	3699955	0	1	4267	1	0	4080	other	0
AllRead-pilot04	341	Pulse	199	3700336	381	0
AllRead-pilot04	342	Picture	90	3704399	0	1	7111	1	0	7000	other	0
AllRead-pilot04	343	Picture	40	3711688	0	1	1778	1	0	1640	other	0
AllRead-pilot04	343	Pulse	199	3712336	648	0
AllRead-pilot04	344	Picture	90	3713644	0	1	7111	1	0	7000	other	0
AllRead-pilot04	345	Picture	40	3720933	0	1	2667	1	0	2570	other	0
AllRead-pilot04	346	Picture	90	3723777	0	1	7111	1	0	7000	other	0
AllRead-pilot04	346	Pulse	199	3724337	560	0
AllRead-pilot04	347	Picture	40	3731066	0	1	4800	1	0	4720	other	0
AllRead-pilot04	348	Pulse	199	3736337	293	0
AllRead-pilot04	348	Response	21	3740666	4622	0
AllRead-pilot04	349	Picture	40	3743333	0	1	3378	1	0	3210	other	0
AllRead-pilot04	350	Picture	90	3746888	0	1	7111	1	0	7000	other	0
AllRead-pilot04	350	Pulse	199	3748337	1448	0
AllRead-pilot04	351	Picture	40	3754177	0	1	2830	193	0	2830	other	0
AllRead-pilot04	352	Picture	90	3757377	0	1	7111	1	0	7000	other	0
AllRead-pilot04	352	Pulse	199	3760337	2959	0
AllRead-pilot04	353	Picture	40	3764666	0	1	3378	1	0	3330	other	0
AllRead-pilot04	354	Picture	90	3768222	0	1	7111	1	0	7000	other	0
AllRead-pilot04	354	Pulse	199	3772337	4115	0
AllRead-pilot04	355	Picture	40	3775511	0	1	2133	1	0	2020	other	0
AllRead-pilot04	356	Picture	50	3777822	0	1	70223	1	0	next	other	0
AllRead-pilot04	356	Pulse	199	3784336	6514	0
AllRead-pilot04	356	Pulse	199	3796337	18515	0
AllRead-pilot04	356	Pulse	199	3808337	30515	0
AllRead-pilot04	356	Pulse	199	3820337	42515	0
AllRead-pilot04	356	Pulse	199	3832337	54515	0
AllRead-pilot04	356	Pulse	199	3844337	66515	0
AllRead-pilot04	357	Picture	60	3848045	0	1	7111	1	0	7000	other	0
AllRead-pilot04	358	Picture	40	3855334	0	1	1600	1	0	1510	other	0
AllRead-pilot04	358	Pulse	199	3856337	1003	0
AllRead-pilot04	359	Picture	60	3857112	0	1	7111	1	0	7000	other	0
AllRead-pilot04	360	Picture	40	3864401	0	1	4267	1	0	4230	other	0
AllRead-pilot04	360	Pulse	199	3868336	3936	0
AllRead-pilot04	361	Picture	60	3868845	0	1	7111	1	0	7000	other	0
AllRead-pilot04	362	Picture	40	3876134	0	1	4800	1	0	4720	other	0
AllRead-pilot04	362	Pulse	199	3880337	4203	0
AllRead-pilot04	363	Picture	60	3881112	0	1	7111	1	0	7000	other	0
AllRead-pilot04	364	Picture	40	3888401	0	1	2667	1	0	2550	other	0
AllRead-pilot04	365	Picture	60	3891246	0	1	7111	1	0	7000	other	0
AllRead-pilot04	365	Pulse	199	3892337	1092	0
AllRead-pilot04	366	Picture	40	3898535	0	1	2133	1	0	1990	other	0
AllRead-pilot04	367	Picture	60	3900846	0	1	7111	1	0	7000	other	0
AllRead-pilot04	367	Pulse	199	3904337	3491	0
AllRead-pilot04	368	Picture	40	3908135	0	1	2830	193	0	2830	other	0
AllRead-pilot04	369	Response	21	3915607	4272	0
AllRead-pilot04	369	Pulse	199	3916337	5002	0
AllRead-pilot04	370	Picture	40	3918624	0	1	2311	1	0	2150	other	0
AllRead-pilot04	371	Picture	60	3921113	0	1	7111	1	0	7000	other	0
AllRead-pilot04	371	Pulse	199	3928337	7224	0
AllRead-pilot04	372	Picture	40	3928402	0	1	1956	1	0	1900	other	0
AllRead-pilot04	373	Picture	60	3930535	0	1	7111	1	0	7000	other	0
AllRead-pilot04	374	Picture	40	3937824	0	1	3378	1	0	3210	other	0
AllRead-pilot04	374	Pulse	199	3940337	2513	0
AllRead-pilot04	375	Picture	60	3941380	0	1	7111	1	0	7000	other	0
AllRead-pilot04	376	Picture	40	3948669	0	1	1778	1	0	1630	other	0
AllRead-pilot04	377	Picture	60	3950624	0	1	7111	1	0	7000	other	0
AllRead-pilot04	377	Pulse	199	3952337	1712	0
AllRead-pilot04	378	Picture	40	3957913	0	1	1245	1	0	1180	other	0
AllRead-pilot04	379	Picture	60	3959335	0	1	7111	1	0	7000	other	0
AllRead-pilot04	379	Pulse	199	3964337	5002	0
AllRead-pilot04	380	Picture	40	3966624	0	1	2667	1	0	2570	other	0
AllRead-pilot04	381	Picture	60	3969469	0	1	7111	1	0	7000	other	0
AllRead-pilot04	381	Pulse	199	3976337	6868	0
AllRead-pilot04	382	Picture	40	3976758	0	1	4267	1	0	4080	other	0
AllRead-pilot04	383	Picture	60	3981202	0	1	7111	1	0	7000	other	0
AllRead-pilot04	383	Pulse	199	3988337	7135	0
AllRead-pilot04	384	Picture	40	3988491	0	1	1778	1	0	1640	other	0
AllRead-pilot04	385	Picture	60	3990447	0	1	7111	1	0	7000	other	0
AllRead-pilot04	386	Picture	40	3997736	0	1	2133	1	0	2070	other	0
AllRead-pilot04	387	Pulse	199	4000337	290	0
AllRead-pilot04	387	Response	21	4004657	4610	0
AllRead-pilot04	388	Picture	40	4007336	0	1	3378	1	0	3330	other	0
AllRead-pilot04	389	Picture	60	4010892	0	1	7111	1	0	7000	other	0
AllRead-pilot04	389	Pulse	199	4012337	1446	0
AllRead-pilot04	390	Picture	40	4018181	0	1	2133	1	0	2020	other	0
AllRead-pilot04	391	Picture	60	4020492	0	1	7111	1	0	7000	other	0
AllRead-pilot04	391	Pulse	199	4024337	3845	0
AllRead-pilot04	392	Picture	40	4027781	0	1	1422	1	0	1270	other	0
AllRead-pilot04	393	Picture	50	4029381	0	1	70045	1	0	next	other	0
AllRead-pilot04	393	Pulse	199	4036337	6956	0
AllRead-pilot04	393	Pulse	199	4048337	18957	0
AllRead-pilot04	393	Pulse	199	4060337	30957	0
AllRead-pilot04	393	Pulse	199	4072337	42957	0
AllRead-pilot04	393	Pulse	199	4084337	54957	0
AllRead-pilot04	393	Pulse	199	4096337	66956	0
AllRead-pilot04	394	Picture	80	4099426	0	1	7111	1	0	7000	other	0
AllRead-pilot04	395	Picture	40	4106715	0	1	1956	1	0	1900	other	0
AllRead-pilot04	395	Pulse	199	4108337	1622	0
AllRead-pilot04	396	Response	21	4114468	5620	0
AllRead-pilot04	397	Picture	40	4116137	0	1	1600	1	0	1510	other	0
AllRead-pilot04	398	Picture	80	4117915	0	1	7111	1	0	7000	other	0
AllRead-pilot04	398	Pulse	199	4120338	2423	0
AllRead-pilot04	399	Picture	40	4125204	0	1	1778	1	0	1640	other	0
AllRead-pilot04	400	Picture	80	4127160	0	1	7111	1	0	7000	other	0
AllRead-pilot04	400	Pulse	199	4132338	5179	0
AllRead-pilot04	401	Picture	40	4134449	0	1	2133	1	0	2020	other	0
AllRead-pilot04	402	Picture	80	4136760	0	1	7111	1	0	7000	other	0
AllRead-pilot04	403	Picture	40	4144049	0	1	1422	1	0	1270	other	0
AllRead-pilot04	403	Pulse	199	4144338	289	0
AllRead-pilot04	404	Picture	80	4145649	0	1	7111	1	0	7000	other	0
AllRead-pilot04	405	Picture	40	4152938	0	1	2830	193	0	2830	other	0
AllRead-pilot04	406	Picture	80	4156138	0	1	7111	1	0	7000	other	0
AllRead-pilot04	406	Pulse	199	4156338	200	0
AllRead-pilot04	407	Picture	40	4163427	0	1	2133	1	0	1990	other	0
AllRead-pilot04	408	Picture	80	4165738	0	1	7111	1	0	7000	other	0
AllRead-pilot04	408	Pulse	199	4168338	2600	0
AllRead-pilot04	409	Picture	40	4173027	0	1	3378	1	0	3210	other	0
AllRead-pilot04	410	Picture	80	4176582	0	1	7111	1	0	7000	other	0
AllRead-pilot04	410	Pulse	199	4180338	3756	0
AllRead-pilot04	411	Picture	40	4183871	0	1	2667	1	0	2550	other	0
AllRead-pilot04	412	Picture	80	4186716	0	1	7111	1	0	7000	other	0
AllRead-pilot04	412	Pulse	199	4192338	5622	0
AllRead-pilot04	413	Picture	40	4194005	0	1	2133	1	0	2070	other	0
AllRead-pilot04	414	Picture	80	4196316	0	1	7111	1	0	7000	other	0
AllRead-pilot04	415	Picture	40	4203605	0	1	4267	1	0	4080	other	0
AllRead-pilot04	415	Pulse	199	4204337	732	0
AllRead-pilot04	416	Picture	80	4208049	0	1	7111	1	0	7000	other	0
AllRead-pilot04	417	Picture	40	4215338	0	1	3378	1	0	3330	other	0
AllRead-pilot04	417	Pulse	199	4216338	1000	0
AllRead-pilot04	418	Picture	80	4218894	0	1	7111	1	0	7000	other	0
AllRead-pilot04	419	Picture	40	4226183	0	1	1244	1	0	1180	other	0
AllRead-pilot04	420	Picture	80	4227605	0	1	7111	1	0	7000	other	0
AllRead-pilot04	420	Pulse	199	4228338	733	0
AllRead-pilot04	421	Picture	40	4234894	0	1	4800	1	0	4720	other	0
AllRead-pilot04	422	Picture	80	4239872	0	1	7111	1	0	7000	other	0
AllRead-pilot04	422	Pulse	199	4240338	466	0
AllRead-pilot04	423	Picture	40	4247161	0	1	1778	1	0	1630	other	0
AllRead-pilot04	424	Picture	80	4249117	0	1	7111	1	0	7000	other	0
AllRead-pilot04	424	Pulse	199	4252338	3222	0
AllRead-pilot04	425	Picture	40	4256406	0	1	4267	1	0	4230	other	0
AllRead-pilot04	426	Picture	80	4260850	0	1	7111	1	0	7000	other	0
AllRead-pilot04	426	Pulse	199	4264338	3488	0
AllRead-pilot04	427	Picture	40	4268139	0	1	2311	1	0	2150	other	0
AllRead-pilot04	428	Picture	50	4270628	0	1	90134	1	0	next	other	0
AllRead-pilot04	428	Pulse	199	4276337	5709	0
AllRead-pilot04	428	Pulse	199	4288338	17710	0
AllRead-pilot04	428	Pulse	199	4300338	29710	0
AllRead-pilot04	428	Pulse	199	4312338	41710	0
AllRead-pilot04	428	Pulse	199	4324338	53710	0
AllRead-pilot04	428	Pulse	199	4336338	65710	0
AllRead-pilot04	428	Pulse	199	4348337	77709	0
AllRead-pilot04	428	Pulse	199	4360337	89709	0
AllRead-pilot04	429	Picture	80	4360762	0	1	7111	1	0	7000	other	0
AllRead-pilot04	430	Picture	40	4368051	0	1	4267	1	0	4230	other	0
AllRead-pilot04	430	Pulse	199	4372336	4284	3
AllRead-pilot04	431	Picture	80	4372496	0	1	7111	1	0	7000	other	0
AllRead-pilot04	432	Picture	40	4379785	0	1	4267	1	0	4080	other	0
AllRead-pilot04	433	Picture	80	4384229	0	1	7111	1	0	7000	other	0
AllRead-pilot04	433	Pulse	199	4384338	109	0
AllRead-pilot04	434	Picture	40	4391518	0	1	1778	1	0	1630	other	0
AllRead-pilot04	435	Picture	80	4393474	0	1	7111	1	0	7000	other	0
AllRead-pilot04	435	Pulse	199	4396338	2864	0
AllRead-pilot04	436	Picture	40	4400763	0	1	2133	1	0	2070	other	0
AllRead-pilot04	437	Picture	80	4403074	0	1	7111	1	0	7000	other	0
AllRead-pilot04	437	Pulse	199	4408338	5264	0
AllRead-pilot04	438	Picture	40	4410363	0	1	4800	1	0	4720	other	0
AllRead-pilot04	439	Picture	80	4415341	0	1	7111	1	0	7000	other	0
AllRead-pilot04	439	Pulse	199	4420338	4998	0
AllRead-pilot04	440	Picture	40	4422630	0	1	2311	1	0	2150	other	0
AllRead-pilot04	441	Picture	80	4425119	0	1	7111	1	0	7000	other	0
AllRead-pilot04	441	Pulse	199	4432338	7219	0
AllRead-pilot04	442	Picture	40	4432408	0	1	3378	1	0	3210	other	0
AllRead-pilot04	443	Picture	80	4435963	0	1	7111	1	0	7000	other	0
AllRead-pilot04	444	Picture	40	4443252	0	1	2133	1	0	1990	other	0
AllRead-pilot04	444	Pulse	199	4444338	1086	0
AllRead-pilot04	445	Picture	80	4445563	0	1	7111	1	0	7000	other	0
AllRead-pilot04	446	Picture	40	4452852	0	1	3378	1	0	3330	other	0
AllRead-pilot04	446	Pulse	199	4456338	3486	1
AllRead-pilot04	447	Picture	80	4456408	0	1	7111	1	0	7000	other	0
AllRead-pilot04	448	Picture	40	4463697	0	1	2133	1	0	2020	other	0
AllRead-pilot04	449	Picture	80	4466008	0	1	7111	1	0	7000	other	0
AllRead-pilot04	449	Pulse	199	4468339	2331	0
AllRead-pilot04	450	Picture	40	4473297	0	1	1422	1	0	1270	other	0
AllRead-pilot04	451	Response	21	4478819	3922	0
AllRead-pilot04	451	Pulse	199	4480338	5441	0
AllRead-pilot04	452	Picture	40	4482186	0	1	2667	1	0	2550	other	0
AllRead-pilot04	453	Picture	80	4485031	0	1	7111	1	0	7000	other	0
AllRead-pilot04	454	Picture	40	4492319	0	1	1956	1	0	1900	other	0
AllRead-pilot04	454	Pulse	199	4492338	19	0
AllRead-pilot04	455	Picture	80	4494453	0	1	7111	1	0	7000	other	0
AllRead-pilot04	456	Picture	40	4501742	0	1	2667	1	0	2570	other	0
AllRead-pilot04	456	Pulse	199	4504338	2596	0
AllRead-pilot04	457	Response	21	4509078	4492	0
AllRead-pilot04	458	Picture	40	4511875	0	1	1778	1	0	1640	other	0
AllRead-pilot04	459	Picture	80	4513831	0	1	7111	1	0	7000	other	0
AllRead-pilot04	459	Pulse	199	4516338	2507	0
AllRead-pilot04	460	Picture	40	4521120	0	1	1244	1	0	1180	other	0
AllRead-pilot04	461	Picture	80	4522542	0	1	7111	1	0	7000	other	0
AllRead-pilot04	461	Pulse	199	4528338	5796	0
AllRead-pilot04	462	Picture	40	4529831	0	1	2830	193	0	2830	other	0
AllRead-pilot04	463	Picture	80	4533031	0	1	7111	1	0	7000	other	0
AllRead-pilot04	464	Picture	40	4540320	0	1	1600	1	0	1510	other	0
AllRead-pilot04	464	Pulse	199	4540339	19	0
AllRead-pilot04	465	Picture	50	4542098	0	1	70223	1	0	next	other	0
AllRead-pilot04	465	Pulse	199	4552339	10241	0
AllRead-pilot04	465	Pulse	199	4564339	22241	0
AllRead-pilot04	465	Pulse	199	4576339	34241	0
AllRead-pilot04	465	Pulse	199	4588338	46241	0
AllRead-pilot04	465	Pulse	199	4600338	58240	0
AllRead-pilot04	466	Picture	90	4612321	0	1	7111	1	0	7000	other	0
AllRead-pilot04	466	Pulse	199	4612338	18	0
AllRead-pilot04	467	Picture	40	4619610	0	1	4267	1	0	4230	other	0
AllRead-pilot04	468	Pulse	199	4624339	284	0
AllRead-pilot04	468	Response	21	4628398	4344	0
AllRead-pilot04	469	Picture	40	4631343	0	1	2667	1	0	2550	other	0
AllRead-pilot04	470	Picture	90	4634188	0	1	7111	1	0	7000	other	0
AllRead-pilot04	470	Pulse	199	4636339	2151	0
AllRead-pilot04	471	Picture	40	4641477	0	1	2667	1	0	2570	other	0
AllRead-pilot04	472	Picture	90	4644321	0	1	7111	1	0	7000	other	0
AllRead-pilot04	472	Pulse	199	4648339	4018	0
AllRead-pilot04	473	Picture	40	4651610	0	1	2311	1	0	2150	other	0
AllRead-pilot04	474	Response	21	4658579	4479	0
AllRead-pilot04	474	Pulse	199	4660339	6239	0
AllRead-pilot04	475	Picture	40	4661388	0	1	2133	1	0	2020	other	0
AllRead-pilot04	476	Picture	90	4663699	0	1	7111	1	0	7000	other	0
AllRead-pilot04	477	Picture	40	4670988	0	1	3378	1	0	3330	other	0
AllRead-pilot04	477	Pulse	199	4672339	1351	0
AllRead-pilot04	478	Picture	90	4674544	0	1	7111	1	0	7000	other	0
AllRead-pilot04	479	Picture	40	4681833	0	1	2133	1	0	2070	other	0
AllRead-pilot04	480	Picture	90	4684144	0	1	7111	1	0	7000	other	0
AllRead-pilot04	480	Pulse	199	4684338	194	0
AllRead-pilot04	481	Picture	40	4691433	0	1	2830	193	0	2830	other	0
AllRead-pilot04	482	Picture	90	4694633	0	1	7111	1	0	7000	other	0
AllRead-pilot04	482	Pulse	199	4696339	1706	0
AllRead-pilot04	483	Picture	40	4701922	0	1	1956	1	0	1900	other	0
AllRead-pilot04	484	Picture	90	4704055	0	1	7111	1	0	7000	other	0
AllRead-pilot04	484	Pulse	199	4708339	4284	0
AllRead-pilot04	485	Picture	40	4711344	0	1	2133	1	0	1990	other	0
AllRead-pilot04	486	Picture	90	4713833	0	1	7111	1	0	7000	other	0
AllRead-pilot04	486	Pulse	199	4720339	6506	0
AllRead-pilot04	487	Picture	40	4721122	0	1	4267	1	0	4080	other	0
AllRead-pilot04	488	Picture	90	4725567	0	1	7111	1	0	7000	other	0
AllRead-pilot04	488	Pulse	199	4732339	6773	0
AllRead-pilot04	489	Picture	40	4732856	0	1	1600	1	0	1510	other	0
AllRead-pilot04	490	Picture	90	4734811	0	1	7111	1	0	7000	other	0
AllRead-pilot04	491	Picture	40	4742100	0	1	4800	1	0	4720	other	0
AllRead-pilot04	491	Pulse	199	4744339	2239	0
AllRead-pilot04	492	Picture	90	4747078	0	1	7111	1	0	7000	other	0
AllRead-pilot04	493	Picture	40	4754367	0	1	1422	1	0	1270	other	0
AllRead-pilot04	494	Picture	90	4755967	0	1	7111	1	0	7000	other	0
AllRead-pilot04	494	Pulse	199	4756339	372	0
AllRead-pilot04	495	Picture	40	4763256	0	1	1778	1	0	1630	other	0
AllRead-pilot04	496	Picture	90	4765190	0	200	7133	200	0	7000	other	0
AllRead-pilot04	496	Pulse	199	4768339	3149	0
AllRead-pilot04	497	Picture	40	4772501	0	1	1244	1	0	1180	other	0
AllRead-pilot04	498	Picture	90	4773923	0	1	7111	1	0	7000	other	0
AllRead-pilot04	498	Pulse	199	4780339	6417	0
AllRead-pilot04	499	Picture	40	4781212	0	1	1778	1	0	1640	other	0
AllRead-pilot04	500	Picture	90	4783167	0	1	7111	1	0	7000	other	0
AllRead-pilot04	501	Picture	40	4790456	0	1	3378	1	0	3210	other	0
AllRead-pilot04	501	Pulse	199	4792339	1883	0
AllRead-pilot04	502	Picture	50	4794012	0	1	90134	1	0	next	other	0
AllRead-pilot04	502	Pulse	199	4804339	10327	0
AllRead-pilot04	502	Pulse	199	4816339	22327	0
AllRead-pilot04	502	Pulse	199	4828339	34327	0
AllRead-pilot04	502	Pulse	199	4840339	46327	0
AllRead-pilot04	502	Pulse	199	4852339	58327	0
AllRead-pilot04	502	Pulse	199	4864340	70328	0
AllRead-pilot04	502	Pulse	199	4876340	82328	0
AllRead-pilot04	503	Picture	70	4884146	0	1	7111	1	0	7000	other	0
AllRead-pilot04	503	Pulse	199	4888340	4193	0
AllRead-pilot04	504	Picture	40	4891435	0	1	1956	1	0	1900	other	0
AllRead-pilot04	505	Picture	70	4893569	0	1	7111	1	0	7000	other	0
AllRead-pilot04	505	Pulse	199	4900339	6771	0
AllRead-pilot04	506	Picture	40	4900858	0	1	1422	1	0	1270	other	0
AllRead-pilot04	507	Picture	70	4902458	0	1	7111	1	0	7000	other	0
AllRead-pilot04	508	Picture	40	4909747	0	1	2133	1	0	2070	other	0
AllRead-pilot04	509	Picture	70	4912058	0	1	7111	1	0	7000	other	0
AllRead-pilot04	509	Pulse	199	4912339	282	0
AllRead-pilot04	510	Picture	40	4919347	0	1	1244	1	0	1180	other	0
AllRead-pilot04	511	Picture	70	4920769	0	1	7111	1	0	7000	other	0
AllRead-pilot04	511	Pulse	199	4924339	3570	0
AllRead-pilot04	512	Picture	40	4928058	0	1	4800	1	0	4720	other	0
AllRead-pilot04	513	Picture	70	4933036	0	1	7111	1	0	7000	other	0
AllRead-pilot04	513	Pulse	199	4936339	3303	0
AllRead-pilot04	514	Picture	40	4940325	0	1	2311	1	0	2150	other	0
AllRead-pilot04	515	Picture	70	4942814	0	1	7111	1	0	7000	other	0
AllRead-pilot04	515	Pulse	199	4948339	5526	0
AllRead-pilot04	516	Picture	40	4950103	0	1	1778	1	0	1630	other	0
AllRead-pilot04	517	Picture	70	4952058	0	1	7111	1	0	7000	other	0
AllRead-pilot04	518	Picture	40	4959347	0	1	1778	1	0	1640	other	0
AllRead-pilot04	518	Pulse	199	4960339	992	0
AllRead-pilot04	519	Picture	70	4961303	0	1	7111	1	0	7000	other	0
AllRead-pilot04	520	Picture	40	4968592	0	1	2133	1	0	1990	other	0
AllRead-pilot04	521	Picture	70	4970903	0	1	7111	1	0	7000	other	0
AllRead-pilot04	521	Pulse	199	4972339	1436	0
AllRead-pilot04	522	Picture	40	4978192	0	1	3378	1	0	3330	other	0
AllRead-pilot04	523	Pulse	199	4984348	2601	0
AllRead-pilot04	523	Response	21	4987189	5441	0
AllRead-pilot04	524	Picture	40	4989036	0	1	2133	1	0	2020	other	0
AllRead-pilot04	525	Picture	70	4991348	0	1	7111	1	0	7000	other	0
AllRead-pilot04	525	Pulse	199	4996349	5001	0
AllRead-pilot04	526	Picture	40	4998637	0	1	2830	193	0	2830	other	0
AllRead-pilot04	527	Picture	70	5001837	0	1	7111	1	0	7000	other	0
AllRead-pilot04	527	Pulse	199	5008349	6513	0
AllRead-pilot04	528	Picture	40	5009126	0	1	2667	1	0	2550	other	0
AllRead-pilot04	529	Picture	70	5011970	0	1	7111	1	0	7000	other	0
AllRead-pilot04	530	Picture	40	5019259	0	1	4267	1	0	4230	other	0
AllRead-pilot04	530	Pulse	199	5020349	1090	0
AllRead-pilot04	531	Picture	70	5023704	0	1	7111	1	0	7000	other	0
AllRead-pilot04	532	Picture	40	5030992	0	1	3378	1	0	3210	other	0
AllRead-pilot04	532	Pulse	199	5032349	1357	0
AllRead-pilot04	533	Picture	70	5034548	0	1	7111	1	0	7000	other	0
AllRead-pilot04	534	Picture	40	5041837	0	1	1600	1	0	1510	other	0
AllRead-pilot04	535	Picture	70	5043615	0	1	7111	1	0	7000	other	0
AllRead-pilot04	535	Pulse	199	5044350	735	0
AllRead-pilot04	536	Picture	40	5050904	0	1	4267	1	0	4080	other	0
AllRead-pilot04	537	Picture	50	5055348	0	1	90134	1	0	next	other	0
AllRead-pilot04	537	Pulse	199	5056350	1002	0
AllRead-pilot04	537	Pulse	199	5068350	13001	0
AllRead-pilot04	537	Pulse	199	5080350	25001	0
AllRead-pilot04	537	Pulse	199	5092350	37001	0
AllRead-pilot04	537	Pulse	199	5104350	49001	0
AllRead-pilot04	537	Pulse	199	5116350	61002	0
AllRead-pilot04	537	Pulse	199	5128350	73001	0
AllRead-pilot04	537	Pulse	199	5140350	85001	0
AllRead-pilot04	538	Picture	60	5145483	0	1	7111	1	0	7000	other	0
AllRead-pilot04	538	Pulse	199	5152350	6867	0
AllRead-pilot04	539	Picture	40	5152772	0	1	2830	193	0	2830	other	0
AllRead-pilot04	540	Picture	60	5155972	0	1	7111	1	0	7000	other	0
AllRead-pilot04	541	Picture	40	5163261	0	1	1956	1	0	1900	other	0
AllRead-pilot04	541	Pulse	199	5164350	1089	0
AllRead-pilot04	542	Picture	60	5165394	0	1	7111	1	0	7000	other	0
AllRead-pilot04	543	Picture	40	5172683	0	1	1778	1	0	1630	other	0
AllRead-pilot04	544	Picture	60	5174639	0	1	7111	1	0	7000	other	0
AllRead-pilot04	544	Pulse	199	5176350	1711	0
AllRead-pilot04	545	Picture	40	5181928	0	1	2133	1	0	2020	other	0
AllRead-pilot04	546	Picture	60	5184239	0	1	7111	1	0	7000	other	0
AllRead-pilot04	546	Pulse	199	5188350	4111	0
AllRead-pilot04	547	Picture	40	5191528	0	1	4800	1	0	4720	other	0
AllRead-pilot04	548	Picture	60	5196506	0	1	7111	1	0	7000	other	0
AllRead-pilot04	548	Pulse	199	5200350	3845	0
AllRead-pilot04	549	Picture	40	5203795	0	1	4267	1	0	4230	other	0
AllRead-pilot04	550	Picture	60	5208239	0	1	7111	1	0	7000	other	0
AllRead-pilot04	550	Pulse	199	5212350	4111	0
AllRead-pilot04	551	Picture	40	5215528	0	1	3378	1	0	3330	other	0
AllRead-pilot04	552	Picture	60	5219084	0	1	7111	1	0	7000	other	0
AllRead-pilot04	552	Pulse	199	5224350	5267	0
AllRead-pilot04	553	Picture	40	5226373	0	1	2133	1	0	2070	other	0
AllRead-pilot04	554	Picture	60	5228684	0	1	7111	1	0	7000	other	0
AllRead-pilot04	555	Picture	40	5235973	0	1	2667	1	0	2570	other	0
AllRead-pilot04	555	Pulse	199	5236350	378	0
AllRead-pilot04	556	Picture	60	5238817	0	1	7111	1	0	7000	other	0
AllRead-pilot04	557	Picture	40	5246106	0	1	1244	1	0	1180	other	0
AllRead-pilot04	558	Picture	60	5247528	0	1	7111	1	0	7000	other	0
AllRead-pilot04	558	Pulse	199	5248350	822	0
AllRead-pilot04	559	Picture	40	5254817	0	1	3378	1	0	3210	other	0
AllRead-pilot04	560	Picture	60	5258373	0	1	7111	1	0	7000	other	0
AllRead-pilot04	560	Pulse	199	5260351	1978	0
AllRead-pilot04	561	Picture	40	5265662	0	1	2311	1	0	2150	other	0
AllRead-pilot04	562	Picture	60	5268151	0	1	7111	1	0	7000	other	0
AllRead-pilot04	562	Pulse	199	5272351	4200	0
AllRead-pilot04	563	Picture	40	5275440	0	1	1778	1	0	1640	other	0
AllRead-pilot04	564	Picture	60	5277395	0	1	7111	1	0	7000	other	0
AllRead-pilot04	564	Pulse	199	5284350	6955	0
AllRead-pilot04	565	Picture	40	5284684	0	1	2133	1	0	1990	other	0
AllRead-pilot04	566	Picture	60	5286996	0	1	7111	1	0	7000	other	0
AllRead-pilot04	567	Picture	40	5294285	0	1	1422	1	0	1270	other	0
AllRead-pilot04	568	Picture	60	5295885	0	1	7111	1	0	7000	other	0
AllRead-pilot04	568	Pulse	199	5296350	466	0
AllRead-pilot04	569	Picture	40	5303174	0	1	1600	1	0	1510	other	0
AllRead-pilot04	570	Picture	50	5304951	0	1	70045	2	0	next	other	0
AllRead-pilot04	570	Pulse	199	5308351	3399	0
AllRead-pilot04	570	Pulse	199	5320350	15399	0
AllRead-pilot04	570	Pulse	199	5332350	27399	0
AllRead-pilot04	570	Pulse	199	5344351	39399	0
AllRead-pilot04	570	Pulse	199	5356351	51399	0
AllRead-pilot04	570	Pulse	199	5368350	63399	0
AllRead-pilot04	571	Picture	80	5374996	0	1	7112	2	0	7000	other	0
AllRead-pilot04	571	Pulse	199	5380351	5355	0
AllRead-pilot04	572	Picture	40	5382286	0	1	2311	1	0	2150	other	0
AllRead-pilot04	573	Picture	80	5384774	0	1	7111	1	0	7000	other	0
AllRead-pilot04	574	Picture	40	5392063	0	1	1245	1	0	1180	other	0
AllRead-pilot04	574	Pulse	199	5392351	288	0
AllRead-pilot04	575	Picture	80	5393486	0	1	7111	1	0	7000	other	0
AllRead-pilot04	576	Picture	40	5400775	0	1	1778	1	0	1640	other	0
AllRead-pilot04	577	Picture	80	5402730	0	1	7111	1	0	7000	other	0
AllRead-pilot04	577	Pulse	199	5404350	1620	0
AllRead-pilot04	578	Picture	40	5410019	0	1	2133	1	0	2070	other	0
AllRead-pilot04	579	Picture	80	5412330	0	1	7111	1	0	7000	other	0
AllRead-pilot04	579	Pulse	199	5416350	4020	0
AllRead-pilot04	580	Picture	40	5419619	0	1	2830	193	0	2830	other	0
AllRead-pilot04	581	Picture	80	5422819	0	1	7111	1	0	7000	other	0
AllRead-pilot04	581	Pulse	199	5428351	5531	0
AllRead-pilot04	582	Picture	40	5430108	0	1	2667	1	0	2570	other	0
AllRead-pilot04	583	Picture	80	5432953	0	1	7111	1	0	7000	other	0
AllRead-pilot04	584	Picture	40	5440242	0	1	4800	1	0	4720	other	0
AllRead-pilot04	584	Pulse	199	5440351	109	0
AllRead-pilot04	585	Picture	80	5445220	0	1	7111	1	0	7000	other	0
AllRead-pilot04	585	Pulse	199	5452341	7122	10
AllRead-pilot04	586	Picture	40	5452509	0	1	2667	1	0	2550	other	0
AllRead-pilot04	587	Picture	80	5455353	0	1	7111	1	0	7000	other	0
AllRead-pilot04	588	Picture	40	5462642	0	1	1600	1	0	1510	other	0
AllRead-pilot04	588	Pulse	199	5464351	1709	0
AllRead-pilot04	589	Picture	80	5464420	0	1	7111	1	0	7000	other	0
AllRead-pilot04	590	Picture	40	5471709	0	1	4267	1	0	4230	other	0
AllRead-pilot04	591	Picture	80	5476153	0	1	7111	1	0	7000	other	0
AllRead-pilot04	591	Pulse	199	5476351	197	0
AllRead-pilot04	592	Picture	40	5483442	0	1	1778	1	0	1630	other	0
AllRead-pilot04	593	Picture	80	5485398	0	1	7111	1	0	7000	other	0
AllRead-pilot04	593	Pulse	199	5488350	2953	0
AllRead-pilot04	594	Picture	40	5492687	0	1	1956	1	0	1900	other	0
AllRead-pilot04	595	Picture	80	5494820	0	1	7111	1	0	7000	other	0
AllRead-pilot04	595	Pulse	199	5500351	5530	0
AllRead-pilot04	596	Picture	40	5502109	0	1	4267	1	0	4080	other	0
AllRead-pilot04	597	Picture	80	5506554	0	1	7111	1	0	7000	other	0
AllRead-pilot04	597	Pulse	199	5512351	5798	0
AllRead-pilot04	598	Picture	40	5513843	0	1	3378	1	0	3330	other	0
AllRead-pilot04	599	Picture	80	5517398	0	1	7111	1	0	7000	other	0
AllRead-pilot04	599	Pulse	199	5524351	6953	0
AllRead-pilot04	600	Picture	40	5524687	0	1	2133	1	0	1990	other	0
AllRead-pilot04	601	Picture	80	5526998	0	1	7111	1	0	7000	other	0
AllRead-pilot04	602	Picture	40	5534287	0	1	1422	1	0	1270	other	0
AllRead-pilot04	603	Picture	50	5535887	0	1	70223	1	0	next	other	0
AllRead-pilot04	603	Pulse	199	5536351	464	0
AllRead-pilot04	603	Pulse	199	5548351	12464	0
AllRead-pilot04	603	Pulse	199	5560351	24464	0
AllRead-pilot04	603	Pulse	199	5572351	36463	0
AllRead-pilot04	603	Pulse	199	5584351	48463	0
AllRead-pilot04	603	Pulse	199	5596351	60464	0
AllRead-pilot04	604	Picture	60	5606110	0	1	7111	1	0	7000	other	0
AllRead-pilot04	604	Pulse	199	5608351	2241	0
AllRead-pilot04	605	Picture	40	5613399	0	1	1422	1	0	1270	other	0
AllRead-pilot04	606	Picture	60	5614999	0	1	7111	1	0	7000	other	0
AllRead-pilot04	606	Pulse	199	5620351	5352	0
AllRead-pilot04	607	Picture	40	5622288	0	1	4267	1	0	4230	other	0
AllRead-pilot04	608	Picture	60	5626733	0	1	7111	1	0	7000	other	0
AllRead-pilot04	608	Pulse	199	5632351	5619	0
AllRead-pilot04	609	Picture	40	5634022	0	1	2133	1	0	2020	other	0
AllRead-pilot04	610	Picture	60	5636333	0	1	7111	1	0	7000	other	0
AllRead-pilot04	611	Picture	40	5643622	0	1	4267	1	0	4080	other	0
AllRead-pilot04	611	Pulse	199	5644351	729	0
AllRead-pilot04	612	Picture	60	5648066	0	1	7111	1	0	7000	other	0
AllRead-pilot04	613	Picture	40	5655355	0	1	2830	193	0	2830	other	0
AllRead-pilot04	613	Pulse	199	5656351	996	0
AllRead-pilot04	614	Picture	60	5658555	0	1	7111	1	0	7000	other	0
AllRead-pilot04	615	Picture	40	5665844	0	1	1778	1	0	1630	other	0
AllRead-pilot04	616	Picture	60	5667800	0	1	7111	1	0	7000	other	0
AllRead-pilot04	616	Pulse	199	5668351	551	0
AllRead-pilot04	617	Picture	40	5675089	0	1	1778	1	0	1640	other	0
AllRead-pilot04	618	Picture	60	5677045	0	1	7111	1	0	7000	other	0
AllRead-pilot04	618	Pulse	199	5680352	3307	0
AllRead-pilot04	619	Picture	40	5684334	0	1	1244	1	0	1180	other	0
AllRead-pilot04	620	Picture	60	5685756	0	1	7111	1	0	7000	other	0
AllRead-pilot04	620	Pulse	199	5692352	6596	0
AllRead-pilot04	621	Picture	40	5693045	0	1	2667	1	0	2550	other	0
AllRead-pilot04	622	Picture	60	5695889	0	1	7111	1	0	7000	other	0
AllRead-pilot04	623	Picture	40	5703178	0	1	4800	1	0	4720	other	0
AllRead-pilot04	623	Pulse	199	5704351	1173	0
AllRead-pilot04	624	Picture	60	5708156	0	1	7111	1	0	7000	other	0
AllRead-pilot04	625	Picture	40	5715445	0	1	2133	1	0	1990	other	0
AllRead-pilot04	625	Pulse	199	5716352	906	0
AllRead-pilot04	626	Picture	60	5717756	0	1	7111	1	0	7000	other	0
AllRead-pilot04	627	Picture	40	5725045	0	1	1956	1	0	1900	other	0
AllRead-pilot04	628	Picture	60	5727179	0	1	7111	1	0	7000	other	0
AllRead-pilot04	628	Pulse	199	5728351	1173	0
AllRead-pilot04	629	Picture	40	5734467	0	1	1600	1	0	1510	other	0
AllRead-pilot04	630	Picture	60	5736245	0	1	7111	1	0	7000	other	0
AllRead-pilot04	630	Pulse	199	5740351	4106	0
AllRead-pilot04	631	Picture	40	5743534	0	1	3378	1	0	3210	other	0
AllRead-pilot04	632	Picture	60	5747090	0	1	7111	1	0	7000	other	0
AllRead-pilot04	632	Pulse	199	5752352	5262	0
AllRead-pilot04	633	Picture	40	5754379	0	1	3378	1	0	3330	other	0
AllRead-pilot04	634	Picture	60	5757934	0	1	7111	1	0	7000	other	0
AllRead-pilot04	634	Pulse	199	5764352	6417	0
AllRead-pilot04	635	Picture	40	5765223	0	1	2667	1	0	2570	other	0
AllRead-pilot04	636	Picture	50	5768068	0	1	70223	1	0	next	other	0
AllRead-pilot04	636	Pulse	199	5776351	8284	0
AllRead-pilot04	636	Pulse	199	5788351	20284	0
AllRead-pilot04	636	Pulse	199	5800352	32284	0
AllRead-pilot04	636	Pulse	199	5812351	44283	0
AllRead-pilot04	636	Pulse	199	5824351	56283	0
AllRead-pilot04	636	Pulse	199	5836351	68283	0
AllRead-pilot04	637	Picture	70	5838291	0	1	7111	1	0	7000	other	0
AllRead-pilot04	638	Picture	40	5845580	0	1	1956	1	0	1900	other	0
AllRead-pilot04	639	Picture	70	5847713	0	1	7111	1	0	7000	other	0
AllRead-pilot04	639	Pulse	199	5848351	638	0
AllRead-pilot04	640	Picture	40	5855002	0	1	4267	1	0	4080	other	0
AllRead-pilot04	641	Picture	70	5859447	0	1	7111	1	0	7000	other	0
AllRead-pilot04	641	Pulse	199	5860351	905	0
AllRead-pilot04	642	Picture	40	5866736	0	1	2133	1	0	2070	other	0
AllRead-pilot04	643	Picture	70	5869047	0	1	7111	1	0	7000	other	0
AllRead-pilot04	643	Pulse	199	5872351	3305	0
AllRead-pilot04	644	Picture	40	5876336	0	1	1422	1	0	1270	other	0
AllRead-pilot04	645	Picture	70	5877936	0	1	7111	1	0	7000	other	0
AllRead-pilot04	645	Pulse	199	5884352	6416	0
AllRead-pilot04	646	Picture	40	5885225	0	1	2830	193	0	2830	other	0
AllRead-pilot04	647	Picture	70	5888425	0	1	7111	1	0	7000	other	0
AllRead-pilot04	648	Picture	40	5895714	0	1	1600	1	0	1510	other	0
AllRead-pilot04	648	Pulse	199	5896351	638	0
AllRead-pilot04	649	Picture	70	5897492	0	1	7111	1	0	7000	other	0
AllRead-pilot04	650	Picture	40	5904781	0	1	2133	1	0	1990	other	0
AllRead-pilot04	651	Picture	70	5907092	0	1	7111	1	0	7000	other	0
AllRead-pilot04	651	Pulse	199	5908351	1260	0
AllRead-pilot04	652	Picture	40	5914381	0	1	1778	1	0	1640	other	0
AllRead-pilot04	653	Picture	70	5916336	0	1	7111	1	0	7000	other	0
AllRead-pilot04	653	Pulse	199	5920352	4015	0
AllRead-pilot04	654	Picture	40	5923625	0	1	3378	1	0	3330	other	0
AllRead-pilot04	655	Picture	70	5927181	0	1	7111	1	0	7000	other	0
AllRead-pilot04	655	Pulse	199	5932352	5171	0
AllRead-pilot04	656	Picture	40	5934470	0	1	1778	1	0	1630	other	0
AllRead-pilot04	657	Picture	70	5936425	0	1	7111	1	0	7000	other	0
AllRead-pilot04	658	Picture	40	5943714	0	1	2133	1	0	2020	other	0
AllRead-pilot04	658	Pulse	199	5944352	638	0
AllRead-pilot04	659	Picture	70	5946025	0	1	7111	1	0	7000	other	0
AllRead-pilot04	660	Picture	40	5953314	0	1	2311	1	0	2150	other	0
AllRead-pilot04	661	Picture	70	5955803	0	1	7111	1	0	7000	other	0
AllRead-pilot04	661	Pulse	199	5956352	549	0
AllRead-pilot04	662	Picture	40	5963092	0	1	2667	1	0	2550	other	0
AllRead-pilot04	663	Picture	70	5965937	0	1	7111	1	0	7000	other	0
AllRead-pilot04	663	Pulse	199	5968352	2415	0
AllRead-pilot04	664	Picture	40	5973226	0	1	4267	1	0	4230	other	0
AllRead-pilot04	665	Picture	70	5977670	0	1	7111	1	0	7000	other	0
AllRead-pilot04	665	Pulse	199	5980352	2681	0
AllRead-pilot04	666	Picture	40	5984959	0	1	1244	1	0	1180	other	0
AllRead-pilot04	667	Picture	70	5986382	0	1	7111	1	0	7000	other	0
AllRead-pilot04	667	Pulse	199	5992352	5971	0
AllRead-pilot04	668	Picture	40	5993671	0	1	3378	1	0	3210	other	0
AllRead-pilot04	669	Picture	50	5997226	0	1	70223	1	0	next	other	0
AllRead-pilot04	669	Pulse	199	6004352	7126	0
AllRead-pilot04	669	Pulse	199	6016352	19126	0
AllRead-pilot04	669	Pulse	199	6028352	31126	0
AllRead-pilot04	669	Pulse	199	6040352	43126	0
AllRead-pilot04	669	Pulse	199	6052352	55126	0
AllRead-pilot04	669	Pulse	199	6064351	67125	0
AllRead-pilot04	670	Picture	90	6067449	0	1	7111	1	0	7000	other	0
AllRead-pilot04	671	Picture	40	6074738	0	1	1956	1	0	1900	other	0
AllRead-pilot04	671	Pulse	199	6076352	1614	0
AllRead-pilot04	672	Picture	90	6076872	0	1	7111	1	0	7000	other	0
AllRead-pilot04	673	Picture	40	6084161	0	1	2133	1	0	2020	other	0
AllRead-pilot04	674	Picture	90	6086472	0	1	7111	1	0	7000	other	0
AllRead-pilot04	674	Pulse	199	6088353	1881	0
AllRead-pilot04	675	Picture	40	6093761	0	1	2830	193	0	2830	other	0
AllRead-pilot04	676	Picture	90	6096961	0	1	7111	1	0	7000	other	0
AllRead-pilot04	676	Pulse	199	6100352	3392	0
AllRead-pilot04	677	Picture	40	6104250	0	1	2667	1	0	2570	other	0
AllRead-pilot04	678	Picture	90	6107094	0	1	7111	1	0	7000	other	0
AllRead-pilot04	678	Pulse	199	6112352	5258	0
AllRead-pilot04	679	Picture	40	6114383	0	1	1778	1	0	1640	other	0
AllRead-pilot04	680	Picture	90	6116339	0	1	7111	1	0	7000	other	0
AllRead-pilot04	681	Picture	40	6123628	0	1	4267	1	0	4080	other	0
AllRead-pilot04	681	Pulse	199	6124352	725	0
AllRead-pilot04	682	Picture	90	6128072	0	1	7111	1	0	7000	other	0
AllRead-pilot04	683	Picture	40	6135361	0	1	2667	1	0	2550	other	0
AllRead-pilot04	683	Pulse	199	6136352	991	0
AllRead-pilot04	684	Picture	90	6138206	0	1	7111	1	0	7000	other	0
AllRead-pilot04	685	Picture	40	6145495	0	1	1245	1	0	1180	other	0
AllRead-pilot04	686	Picture	90	6146917	0	1	7111	1	0	7000	other	0
AllRead-pilot04	686	Pulse	199	6148353	1436	0
AllRead-pilot04	687	Picture	40	6154206	0	1	2311	1	0	2150	other	0
AllRead-pilot04	688	Picture	90	6156695	0	1	7111	1	0	7000	other	0
AllRead-pilot04	688	Pulse	199	6160353	3658	0
AllRead-pilot04	689	Picture	40	6163984	0	1	4800	1	0	4720	other	0
AllRead-pilot04	690	Picture	90	6168961	0	1	7111	1	0	7000	other	0
AllRead-pilot04	690	Pulse	199	6172352	3391	0
AllRead-pilot04	691	Picture	40	6176250	0	1	4267	1	0	4230	other	0
AllRead-pilot04	692	Picture	90	6180695	0	1	7111	1	0	7000	other	0
AllRead-pilot04	692	Pulse	199	6184352	3657	0
AllRead-pilot04	693	Picture	40	6187984	0	1	1778	1	0	1630	other	0
AllRead-pilot04	694	Picture	90	6189940	0	1	7111	1	0	7000	other	0
AllRead-pilot04	694	Pulse	199	6196352	6413	0
AllRead-pilot04	695	Picture	40	6197228	0	1	2133	1	0	2070	other	0
AllRead-pilot04	696	Response	21	6204652	5113	0
AllRead-pilot04	697	Picture	40	6206829	0	1	3378	1	0	3210	other	0
AllRead-pilot04	697	Pulse	199	6208353	1524	0
AllRead-pilot04	698	Picture	90	6210384	0	1	7111	1	0	7000	other	0
AllRead-pilot04	699	Picture	40	6217673	0	1	1422	1	0	1270	other	0
AllRead-pilot04	700	Picture	90	6219273	0	1	7111	1	0	7000	other	0
AllRead-pilot04	700	Pulse	199	6220352	1079	0
AllRead-pilot04	701	Picture	40	6226562	0	1	3378	1	0	3330	other	0
AllRead-pilot04	702	Picture	90	6230118	0	1	7111	1	0	7000	other	0
AllRead-pilot04	702	Pulse	199	6232352	2234	0
AllRead-pilot04	703	Picture	40	6237407	0	1	1600	1	0	1510	other	0
AllRead-pilot04	704	Picture	50	6239185	0	1	70045	1	0	next	other	0
AllRead-pilot04	704	Pulse	199	6244353	5168	0
AllRead-pilot04	704	Pulse	199	6256353	17168	0
AllRead-pilot04	704	Pulse	199	6268353	29168	0
AllRead-pilot04	704	Pulse	199	6280353	41168	0
AllRead-pilot04	705	Picture	200	6309230	45	1	80179	1	0	80000	other	0
AllRead-pilot04	706	Quit		6441354	51768	NA
