Scenario - 
Logfile written - 08/29/2019 09:00:40

Subject	Trial	Event Type	Code	Time	TTime	Uncertainty	Duration	Uncertainty	ReqTime	ReqDur	Stim Type	Pair Index

test	0	Pulse	199	0	0	NA
test	1	Pulse	199	10000	9667	NA
test	1	Response	20	12292	11959	0
test	2	Pulse	199	20000	7499	NA
test	2	Response	20	20774	8273	0
test	3	Picture	100	21002	227	1	50171	1	0	50000	other	0
test	3	Pulse	199	30000	9225	NA
test	3	Pulse	199	40000	19225	NA
test	3	Pulse	199	50000	29225	NA
test	3	Pulse	199	60000	39225	NA
test	3	Pulse	199	70000	49225	NA
test	4	Picture	90	71340	0	1	7501	1	0	7000	other	0
test	5	Picture	40	79007	0	1	2667	1	0	2490	other	0
test	5	Pulse	199	80000	993	NA
test	6	Picture	95	81841	0	1	7167	1	0	7000	miss	0
test	7	Picture	40	89175	0	1	4500	1	0	4350	other	0
test	7	Pulse	199	90000	825	NA
test	8	Picture	90	93842	0	1	7501	1	0	7000	other	0
test	8	Pulse	199	100000	6158	NA
test	9	Picture	40	101509	0	1	2000	1	0	1780	other	0
test	10	Picture	90	103676	0	1	7501	1	0	7000	other	0
test	10	Pulse	199	110000	6324	NA
test	11	Picture	40	111343	0	1	3000	1	0	2860	other	0
test	12	Picture	90	114510	0	1	7501	1	0	7000	other	0
test	12	Pulse	199	120000	5490	NA
test	13	Picture	40	122178	0	1	2334	1	0	2140	other	0
test	14	Picture	90	125011	0	1	7167	1	0	7000	other	0
test	14	Pulse	199	130000	4989	NA
test	15	Picture	40	132345	0	1	3834	1	0	3660	other	0
test	16	Picture	90	136513	0	1	7167	1	0	7000	other	0
test	16	Pulse	199	140000	3487	NA
test	17	Picture	40	143847	0	1	2167	1	0	1990	other	0
test	18	Picture	95	146513	0	1	7167	1	0	7000	miss	0
test	18	Pulse	199	150000	3487	NA
test	19	Picture	40	154014	0	1	2834	1	0	2690	other	0
test	20	Picture	90	157014	0	1	7501	1	0	7000	other	0
test	20	Pulse	199	160000	2986	NA
test	21	Picture	40	164682	0	1	2334	1	0	2130	other	0
test	22	Picture	90	167349	0	1	7167	1	0	7000	other	0
test	22	Pulse	199	170000	2651	NA
test	23	Picture	40	174849	0	1	3500	1	0	3310	other	0
test	24	Picture	50	178683	0	1	70340	1	0	next	other	0
test	24	Pulse	199	180000	1317	NA
test	24	Pulse	199	190000	11317	NA
test	24	Pulse	199	200000	21317	NA
test	24	Pulse	199	210000	31317	NA
test	24	Pulse	199	220000	41317	NA
test	24	Pulse	199	230000	51317	NA
test	24	Pulse	199	240000	61317	NA
test	25	Picture	75	249023	0	1	7167	1	0	7000	miss	0
test	25	Pulse	199	250000	977	NA
test	26	Picture	40	256690	0	1	4167	1	0	3660	other	0
test	26	Pulse	199	260000	3310	NA
test	27	Picture	70	261024	0	1	7167	1	0	7000	other	0
test	28	Picture	40	268358	0	1	2667	1	0	2140	other	0
test	28	Pulse	199	270000	1642	NA
test	29	Picture	70	271192	0	1	7334	1	0	7000	other	0
test	30	Picture	40	278692	0	1	2334	1	0	2130	other	0
test	30	Pulse	199	280000	1308	NA
test	31	Picture	70	281193	0	1	7334	1	0	7000	other	0
test	32	Picture	40	288693	0	1	2000	1	0	1780	other	0
test	32	Pulse	199	290000	1307	NA
test	33	Picture	70	290860	0	1	7167	1	0	7000	other	0
test	34	Picture	40	298194	0	1	2500	1	0	1990	other	0
test	34	Pulse	199	300000	1806	NA
test	35	Picture	70	300861	0	1	7334	2	0	7000	other	0
test	36	Picture	40	308362	0	1	2834	1	0	2690	other	0
test	36	Pulse	199	310000	1638	NA
test	37	Picture	70	311529	0	1	7501	1	0	7000	other	0
test	38	Picture	40	319196	0	1	3000	1	0	2860	other	0
test	38	Pulse	199	320000	804	NA
test	39	Picture	70	322363	0	1	7334	1	0	7000	other	0
test	39	Pulse	199	330000	7637	NA
test	40	Picture	40	330031	0	1	4834	1	0	4350	other	0
test	41	Picture	75	335031	0	1	7334	1	0	7000	miss	0
test	41	Pulse	199	340000	4969	NA
test	42	Picture	40	342532	0	1	3667	1	0	3310	other	0
test	43	Picture	70	346865	0	1	7167	1	0	7000	other	0
test	43	Pulse	199	350000	3135	NA
test	44	Picture	40	354199	0	1	3000	1	0	2490	other	0
test	45	Picture	50	357366	0	1	70173	1	0	next	other	0
test	45	Pulse	199	360000	2634	NA
test	45	Pulse	199	370000	12634	NA
test	45	Pulse	199	380000	22634	NA
test	45	Pulse	199	390000	32634	NA
test	45	Pulse	199	400000	42634	NA
test	45	Pulse	199	410000	52634	NA
test	45	Pulse	199	420000	62634	NA
test	46	Picture	60	427540	0	1	7334	1	0	7000	other	0
test	46	Pulse	199	430000	2460	NA
test	47	Picture	40	435040	0	1	2500	1	0	2130	other	0
test	48	Picture	65	437707	0	1	7167	1	0	7000	miss	0
test	48	Pulse	199	440000	2293	NA
test	49	Picture	40	445041	0	1	2667	1	0	2490	other	0
test	50	Picture	65	448042	0	1	7167	1	0	7000	miss	0
test	50	Pulse	199	450000	1958	NA
test	51	Picture	40	455376	0	1	3000	1	0	2860	other	0
test	52	Picture	60	458709	0	1	7501	1	0	7000	other	0
test	52	Pulse	199	460000	1291	NA
test	53	Picture	40	466377	0	1	2834	1	0	2690	other	0
test	54	Picture	60	469544	0	1	7167	1	0	7000	other	0
test	54	Pulse	199	470000	456	NA
test	55	Picture	40	477044	0	1	2000	1	0	1780	other	0
test	56	Picture	60	479378	0	1	7167	1	0	7000	other	0
test	56	Pulse	199	480000	622	NA
test	57	Picture	40	486712	0	1	2167	1	0	1990	other	0
test	58	Picture	60	489212	0	1	7334	1	0	7000	other	0
test	58	Pulse	199	490000	788	NA
test	59	Picture	40	496713	0	1	3834	1	0	3660	other	0
test	59	Pulse	199	500000	3287	NA
test	60	Picture	60	500713	0	1	7167	1	0	7000	other	0
test	61	Picture	40	508381	0	1	3500	1	0	3310	other	0
test	61	Pulse	199	510000	1619	NA
test	62	Picture	60	512048	0	1	7167	1	0	7000	other	0
test	63	Picture	40	519382	0	1	2334	1	0	2140	other	0
test	63	Pulse	199	520000	618	NA
test	64	Picture	60	522048	0	1	7501	1	0	7000	other	0
test	65	Picture	40	529716	0	1	4500	1	0	4350	other	0
test	65	Pulse	199	530000	284	NA
test	66	Picture	50	534550	0	1	70507	1	0	next	other	0
test	66	Pulse	199	540000	5450	NA
test	66	Pulse	199	550000	15450	NA
test	66	Pulse	199	560000	25450	NA
test	66	Pulse	199	570000	35450	NA
test	66	Pulse	199	580000	45450	NA
test	66	Pulse	199	590000	55450	NA
test	66	Pulse	199	600000	65450	NA
test	67	Picture	80	605056	0	1	7167	1	0	7000	other	0
test	67	Pulse	199	610000	4944	NA
test	68	Picture	40	612390	0	1	3167	1	0	2690	other	0
test	69	Picture	85	615724	0	1	7167	1	0	7000	miss	0
test	69	Pulse	199	620000	4276	NA
test	70	Picture	40	623225	0	1	2334	1	0	2140	other	0
test	71	Picture	80	626058	0	1	7501	1	0	7000	other	0
test	71	Pulse	199	630000	3942	NA
test	72	Picture	40	633726	0	1	3834	1	0	3660	other	0
test	73	Picture	80	637726	0	1	7501	1	0	7000	other	0
test	73	Pulse	199	640000	2274	NA
test	74	Picture	40	645393	0	1	2667	1	0	2490	other	0
test	75	Picture	80	648227	0	1	7167	1	0	7000	other	0
test	75	Pulse	199	650000	1773	NA
test	76	Picture	40	655728	0	1	4834	1	0	4350	other	0
test	76	Pulse	199	660000	4272	NA
test	77	Picture	80	660728	0	1	7167	1	0	7000	other	0
test	78	Picture	40	668395	0	1	2667	1	0	2130	other	0
test	78	Pulse	199	670000	1605	NA
test	79	Picture	80	671229	0	1	7167	1	0	7000	other	0
test	80	Picture	40	678563	0	1	2167	1	0	1780	other	0
test	80	Pulse	199	680000	1437	NA
test	81	Picture	80	680897	0	1	7334	1	0	7000	other	0
test	82	Picture	40	688397	0	1	3334	1	0	2860	other	0
test	82	Pulse	199	690000	1603	NA
test	83	Picture	80	691898	0	1	7167	1	0	7000	other	0
test	84	Picture	40	699565	0	1	3500	1	0	3310	other	0
test	84	Pulse	199	700000	435	NA
test	85	Picture	50	703399	0	1	90175	1	0	next	other	0
test	85	Pulse	199	710000	6601	NA
test	85	Pulse	199	720000	16601	NA
test	85	Pulse	199	730000	26601	NA
test	85	Pulse	199	740000	36601	NA
test	85	Pulse	199	750000	46601	NA
test	85	Pulse	199	760000	56601	NA
test	85	Pulse	199	770000	66601	NA
test	85	Pulse	199	780000	76601	NA
test	85	Pulse	199	790000	86601	NA
test	86	Picture	90	793574	0	1	7167	1	0	7000	other	0
test	86	Pulse	199	800000	6426	NA
test	87	Picture	40	800908	0	1	3500	1	0	3310	other	0
test	88	Picture	90	804575	0	1	7334	1	0	7000	other	0
test	88	Pulse	199	810000	5425	NA
test	89	Picture	40	812242	0	1	3167	1	0	2860	other	0
test	90	Picture	90	815576	0	1	7334	1	0	7000	other	0
test	90	Pulse	199	820000	4424	NA
test	91	Picture	40	823077	0	1	4834	1	0	4350	other	0
test	92	Picture	90	828077	0	1	7334	1	0	7000	other	0
test	92	Pulse	199	830000	1923	NA
test	93	Picture	40	835578	0	1	2334	1	0	1990	other	0
test	94	Picture	90	838078	0	1	7167	1	0	7000	other	0
test	94	Pulse	199	840000	1922	NA
test	95	Picture	40	845745	0	1	2334	1	0	2130	other	0
test	96	Picture	90	848246	0	1	7334	1	0	7000	other	0
test	96	Pulse	199	850000	1754	NA
test	97	Picture	40	855746	0	1	4000	1	0	3660	other	0
test	98	Picture	90	859913	0	1	7334	1	0	7000	other	0
test	98	Pulse	199	860000	87	NA
test	99	Picture	40	867414	0	1	2167	1	0	1780	other	0
test	100	Picture	90	869914	0	1	7167	1	0	7000	other	0
test	100	Pulse	199	870000	86	NA
test	101	Picture	40	877248	0	1	2334	1	0	2140	other	0
test	102	Picture	50	879749	0	1	90342	1	0	next	other	0
test	102	Pulse	199	880000	251	NA
test	102	Pulse	199	890000	10251	NA
test	102	Pulse	199	900000	20251	NA
test	102	Pulse	199	910000	30251	NA
test	102	Pulse	199	920000	40251	NA
test	102	Pulse	199	930000	50251	NA
test	102	Pulse	199	940000	60251	NA
test	102	Pulse	199	950000	70251	NA
test	102	Pulse	199	960000	80251	NA
test	102	Pulse	199	970000	90251	NA
test	103	Picture	60	970090	0	1	7167	1	0	7000	other	0
test	104	Picture	40	977758	0	1	3334	1	0	2860	other	0
test	104	Pulse	199	980000	2242	NA
test	105	Picture	60	981258	0	1	7167	1	0	7000	other	0
test	106	Picture	40	988592	0	1	2167	1	0	1990	other	0
test	106	Pulse	199	990000	1408	NA
test	107	Picture	60	991259	0	1	7501	1	0	7000	other	0
test	108	Picture	40	998926	0	1	3500	1	0	3310	other	0
test	108	Pulse	199	1000000	1074	NA
test	109	Picture	65	1002927	0	1	7334	1	0	7000	miss	0
test	109	Pulse	199	1010000	7073	NA
test	110	Picture	40	1010594	0	1	2000	1	0	1780	other	0
test	111	Picture	60	1012928	0	1	7167	1	0	7000	other	0
test	111	Pulse	199	1020000	7072	NA
test	112	Picture	40	1020428	0	1	2334	1	0	2130	other	0
test	113	Picture	60	1022929	0	1	7501	1	0	7000	other	0
test	113	Pulse	199	1030000	7071	NA
test	114	Picture	40	1030596	0	1	4667	1	0	4350	other	0
test	115	Picture	60	1035430	0	1	7167	1	0	7000	other	0
test	115	Pulse	199	1040000	4570	NA
test	116	Picture	40	1042930	0	1	2667	1	0	2490	other	0
test	117	Picture	60	1046097	0	1	7501	1	0	7000	other	0
test	117	Pulse	199	1050000	3903	NA
test	118	Picture	40	1053765	0	1	3834	1	0	3660	other	0
test	119	Picture	60	1057765	0	1	7167	1	0	7000	other	0
test	119	Pulse	199	1060000	2235	NA
test	120	Picture	40	1065099	0	1	2834	1	0	2690	other	0
test	121	Picture	50	1068266	0	1	70173	1	0	next	other	0
test	121	Pulse	199	1070000	1734	NA
test	121	Pulse	199	1080000	11734	NA
test	121	Pulse	199	1090000	21734	NA
test	121	Pulse	199	1100000	31734	NA
test	121	Pulse	199	1110000	41734	NA
test	121	Pulse	199	1120000	51734	NA
test	121	Pulse	199	1130000	61734	NA
test	122	Picture	70	1138439	0	1	7167	1	0	7000	other	0
test	122	Pulse	199	1140000	1561	NA
test	123	Picture	40	1146107	0	1	3500	1	0	3310	other	0
test	124	Picture	70	1149941	0	1	7167	1	0	7000	other	0
test	124	Pulse	199	1150000	59	NA
test	125	Picture	40	1157275	0	1	2000	1	0	1780	other	0
test	126	Picture	75	1159441	0	1	7334	1	0	7000	miss	0
test	126	Pulse	199	1160000	559	NA
test	127	Picture	40	1166942	0	1	2500	1	0	1990	other	0
test	128	Picture	70	1169609	0	1	7334	1	0	7000	other	0
test	128	Pulse	199	1170000	391	NA
test	129	Picture	40	1177110	0	1	3500	1	0	2860	other	0
test	129	Pulse	199	1180000	2890	NA
test	130	Picture	70	1180777	0	1	7334	1	0	7000	other	0
test	131	Picture	40	1188277	0	1	4167	1	0	3660	other	0
test	131	Pulse	199	1190000	1723	NA
test	132	Picture	70	1192611	0	1	7167	1	0	7000	other	0
test	132	Pulse	199	1200000	7389	NA
test	133	Picture	40	1200112	0	1	4834	1	0	4350	other	0
test	134	Picture	70	1205112	0	1	7167	1	0	7000	other	0
test	134	Pulse	199	1210000	4888	NA
test	135	Picture	40	1212613	0	1	2334	1	0	2140	other	0
test	136	Picture	70	1215280	0	1	7167	1	0	7000	other	0
test	136	Pulse	199	1220000	4720	NA
test	137	Picture	40	1222614	0	1	2834	1	0	2690	other	0
test	138	Picture	70	1225614	0	1	7334	1	0	7000	other	0
test	138	Pulse	199	1230000	4386	NA
test	139	Picture	40	1233115	0	1	2334	1	0	2130	other	0
test	140	Picture	50	1235782	0	1	90175	1	0	next	other	0
test	140	Pulse	199	1240000	4218	NA
test	140	Pulse	199	1250000	14218	NA
test	140	Pulse	199	1260000	24218	NA
test	140	Pulse	199	1270000	34218	NA
test	140	Pulse	199	1280000	44218	NA
test	140	Pulse	199	1290000	54218	NA
test	140	Pulse	199	1300000	64218	NA
test	140	Pulse	199	1310000	74218	NA
test	140	Pulse	199	1320000	84218	NA
test	141	Picture	80	1325957	0	1	7501	1	0	7000	other	0
test	141	Pulse	199	1330000	4043	NA
test	142	Picture	40	1333624	0	1	4667	1	0	4350	other	0
test	143	Picture	85	1338458	0	1	7334	1	0	7000	miss	0
test	143	Pulse	199	1340000	1542	NA
test	144	Picture	40	1345959	0	1	3834	1	0	3660	other	0
test	144	Pulse	199	1350000	4041	NA
test	145	Picture	80	1350126	0	1	7334	1	0	7000	other	0
test	146	Picture	40	1357627	0	1	2667	1	0	2140	other	0
test	146	Pulse	199	1360000	2373	NA
test	147	Picture	85	1360460	0	1	7501	1	0	7000	miss	0
test	148	Picture	40	1368128	0	1	3167	1	0	2690	other	0
test	148	Pulse	199	1370000	1872	NA
test	149	Picture	80	1371461	0	1	7334	1	0	7000	other	0
test	150	Picture	40	1378962	0	1	3500	1	0	3310	other	0
test	150	Pulse	199	1380000	1038	NA
test	151	Picture	80	1382629	0	1	7167	1	0	7000	other	0
test	151	Pulse	199	1390000	7371	NA
test	152	Picture	40	1390130	0	1	2334	1	0	2130	other	0
test	153	Picture	80	1392963	0	1	7501	1	0	7000	other	0
test	153	Pulse	199	1400000	7037	NA
test	154	Picture	40	1400631	0	1	2334	1	0	1990	other	0
test	155	Picture	80	1403131	0	1	7501	1	0	7000	other	0
test	155	Pulse	199	1410000	6869	NA
test	156	Picture	40	1410798	0	1	2834	1	0	2490	other	0
test	157	Picture	80	1413799	0	1	7334	1	0	7000	other	0
test	157	Pulse	199	1420000	6202	NA
test	158	Picture	40	1421299	0	1	3000	1	0	2860	other	0
test	159	Picture	80	1424466	0	1	7167	1	0	7000	other	0
test	159	Pulse	199	1430000	5534	NA
test	160	Picture	40	1431800	0	1	2000	1	0	1780	other	0
test	161	Picture	50	1433967	0	1	70173	1	0	next	other	0
test	161	Pulse	199	1440000	6033	NA
test	161	Pulse	199	1450000	16033	NA
test	161	Pulse	199	1460000	26033	NA
test	161	Pulse	199	1470000	36033	NA
test	161	Pulse	199	1480000	46033	NA
test	161	Pulse	199	1490000	56033	NA
test	161	Pulse	199	1500000	66033	NA
test	162	Picture	80	1504140	0	1	7501	1	0	7000	other	0
test	162	Pulse	199	1510000	5860	NA
test	163	Picture	40	1511808	0	1	3500	1	0	3310	other	0
test	164	Picture	80	1515475	0	1	7167	1	0	7000	other	0
test	164	Pulse	199	1520000	4525	NA
test	165	Picture	40	1522809	0	1	2000	1	0	1780	other	0
test	166	Picture	80	1525142	0	1	7501	1	0	7000	other	0
test	166	Pulse	199	1530000	4858	NA
test	167	Picture	40	1532810	0	1	2500	1	0	2130	other	0
test	168	Picture	80	1535477	0	1	7501	1	0	7000	other	0
test	168	Pulse	199	1540000	4523	NA
test	169	Picture	40	1543144	0	1	2667	1	0	2490	other	0
test	170	Picture	80	1545977	0	1	7501	1	0	7000	other	0
test	170	Pulse	199	1550000	4023	NA
test	171	Picture	40	1553645	0	1	3334	1	0	2860	other	0
test	172	Picture	80	1557145	0	1	7167	1	0	7000	other	0
test	172	Pulse	199	1560000	2855	NA
test	173	Picture	40	1564479	0	1	2334	1	0	2140	other	0
test	174	Picture	80	1567146	0	1	7167	1	0	7000	other	0
test	174	Pulse	199	1570000	2854	NA
test	175	Picture	40	1574647	0	1	2167	1	0	1990	other	0
test	176	Picture	80	1577147	0	1	7167	1	0	7000	other	0
test	176	Pulse	199	1580000	2853	NA
test	177	Picture	40	1584648	0	1	4667	1	0	4350	other	0
test	178	Picture	50	1589482	0	1	90175	1	0	next	other	0
test	178	Pulse	199	1590000	518	NA
test	178	Pulse	199	1600000	10518	NA
test	178	Pulse	199	1610000	20518	NA
test	178	Pulse	199	1620000	30518	NA
test	178	Pulse	199	1630000	40518	NA
test	178	Pulse	199	1640000	50518	NA
test	178	Pulse	199	1650000	60518	NA
test	178	Pulse	199	1660000	70518	NA
test	178	Pulse	199	1670000	80518	NA
test	179	Picture	60	1679657	0	1	7167	1	0	7000	other	0
test	179	Pulse	199	1680000	343	NA
test	180	Picture	40	1687157	0	1	2834	1	0	2490	other	0
test	180	Pulse	199	1690000	2843	NA
test	181	Picture	65	1690158	0	1	7167	1	0	7000	miss	0
test	182	Picture	40	1697825	0	1	2334	1	0	2140	other	0
test	182	Pulse	199	1700000	2175	NA
test	183	Picture	60	1700325	0	1	7501	1	0	7000	other	0
test	184	Picture	40	1707993	0	1	3834	1	0	3660	other	0
test	184	Pulse	199	1710000	2007	NA
test	185	Picture	60	1712160	0	1	7501	1	0	7000	other	0
test	186	Picture	40	1719827	0	1	2000	1	0	1780	other	0
test	186	Pulse	199	1720000	173	NA
test	187	Picture	60	1722161	0	1	7334	1	0	7000	other	0
test	188	Picture	40	1729661	0	1	4667	1	0	4350	other	0
test	188	Pulse	199	1730000	339	NA
test	189	Picture	60	1734662	0	1	7334	1	0	7000	other	0
test	189	Pulse	199	1740000	5338	NA
test	190	Picture	40	1742329	0	1	2334	1	0	2130	other	0
test	191	Picture	60	1744829	0	1	7501	1	0	7000	other	0
test	191	Pulse	199	1750000	5171	NA
test	192	Picture	40	1752497	0	1	2834	1	0	2690	other	0
test	193	Picture	60	1755664	0	1	7167	1	0	7000	other	0
test	193	Pulse	199	1760000	4336	NA
test	194	Picture	40	1763164	0	1	3500	1	0	3310	other	0
test	195	Picture	60	1766998	0	1	7501	1	0	7000	other	0
test	195	Pulse	199	1770000	3002	NA
test	196	Picture	40	1774666	0	1	2167	1	0	1990	other	0
test	197	Picture	50	1776999	0	1	70173	1	0	next	other	0
test	197	Pulse	199	1780000	3001	NA
test	197	Pulse	199	1790000	13001	NA
test	197	Pulse	199	1800000	23001	NA
test	197	Pulse	199	1810000	33001	NA
test	197	Pulse	199	1820000	43001	NA
test	197	Pulse	199	1830000	53001	NA
test	197	Pulse	199	1840000	63001	NA
test	198	Picture	70	1847172	0	1	7167	1	0	7000	other	0
test	198	Pulse	199	1850000	2828	NA
test	199	Picture	40	1854673	0	1	4667	1	0	4350	other	0
test	200	Picture	70	1859507	0	1	7334	1	0	7000	other	0
test	200	Pulse	199	1860000	493	NA
test	201	Picture	40	1867008	0	1	4000	1	0	3660	other	0
test	201	Pulse	199	1870000	2992	NA
test	202	Picture	70	1871175	0	1	7167	1	0	7000	other	0
test	203	Picture	40	1878675	0	1	2667	1	0	2490	other	0
test	203	Pulse	199	1880000	1325	NA
test	204	Picture	70	1881509	0	1	7334	1	0	7000	other	0
test	205	Picture	40	1889010	0	1	2333	1	0	1990	other	0
test	205	Pulse	199	1890000	990	NA
test	206	Picture	70	1891510	0	1	7501	1	0	7000	other	0
test	207	Picture	40	1899177	0	1	3167	1	0	2690	other	0
test	207	Pulse	199	1900000	823	NA
test	208	Picture	70	1902511	0	1	7334	1	0	7000	other	0
test	208	Pulse	199	1910000	7489	NA
test	209	Picture	40	1910012	0	1	3000	1	0	2860	other	0
test	210	Picture	70	1913345	0	1	7167	1	0	7000	other	0
test	210	Pulse	199	1920000	6655	NA
test	211	Picture	40	1920679	0	1	2333	1	0	2140	other	0
test	212	Picture	70	1923179	0	1	7167	1	0	7000	other	0
test	212	Pulse	199	1930000	6821	NA
test	213	Picture	40	1930513	0	1	2000	1	0	1780	other	0
test	214	Picture	50	1932680	0	1	70173	1	0	next	other	0
test	214	Pulse	199	1940000	7320	NA
test	214	Pulse	199	1950000	17320	NA
test	214	Pulse	199	1960000	27320	NA
test	214	Pulse	199	1970000	37320	NA
test	214	Pulse	199	1980000	47320	NA
test	214	Pulse	199	1990000	57320	NA
test	214	Pulse	199	2000000	67320	NA
test	215	Picture	90	2002853	0	1	7167	1	0	7000	other	0
test	215	Pulse	199	2010000	7147	NA
test	216	Picture	40	2010188	0	1	2667	1	0	2490	other	0
test	217	Picture	90	2013354	0	1	7501	1	0	7000	other	0
test	217	Pulse	199	2020000	6646	NA
test	218	Picture	40	2021022	0	1	3000	1	0	2690	other	0
test	219	Picture	90	2024189	0	1	7334	1	0	7000	other	0
test	219	Pulse	199	2030000	5811	NA
test	220	Picture	40	2031690	0	1	4667	1	0	4350	other	0
test	221	Picture	90	2036523	0	1	7334	1	0	7000	other	0
test	221	Pulse	199	2040000	3477	NA
test	222	Picture	40	2044024	0	1	3834	1	0	3310	other	0
test	223	Picture	90	2048024	0	1	7167	1	0	7000	other	0
test	223	Pulse	199	2050000	1976	NA
test	224	Picture	40	2055525	0	1	2334	1	0	2140	other	0
test	225	Picture	90	2058025	0	1	7167	1	0	7000	other	0
test	225	Pulse	199	2060000	1975	NA
test	226	Picture	40	2065526	0	1	2167	1	0	1990	other	0
test	227	Picture	90	2067860	0	1	7501	1	0	7000	other	0
test	227	Pulse	199	2070000	2140	NA
test	228	Picture	40	2075527	0	1	3834	1	0	3660	other	0
test	229	Picture	90	2079527	0	1	7334	1	0	7000	other	0
test	229	Pulse	199	2080000	473	NA
test	230	Picture	40	2087028	0	1	2334	1	0	2130	other	0
test	231	Picture	50	2089528	0	1	70173	1	0	next	other	0
test	231	Pulse	199	2090000	472	NA
test	231	Pulse	199	2100000	10472	NA
test	231	Pulse	199	2110000	20472	NA
test	231	Pulse	199	2120000	30472	NA
test	231	Pulse	199	2130000	40472	NA
test	231	Pulse	199	2140000	50472	NA
test	231	Pulse	199	2150000	60472	NA
test	232	Picture	60	2159701	0	1	7501	1	0	7000	other	0
test	232	Pulse	199	2160000	299	NA
test	233	Picture	40	2167369	0	1	3000	1	0	2860	other	0
test	233	Pulse	199	2170000	2631	NA
test	234	Picture	60	2170869	0	1	7167	1	0	7000	other	0
test	235	Picture	40	2178203	0	1	4000	1	0	3660	other	0
test	235	Pulse	199	2180000	1797	NA
test	236	Picture	60	2182370	0	1	7167	1	0	7000	other	0
test	237	Picture	40	2189704	0	1	4834	1	0	4350	other	0
test	237	Pulse	199	2190000	296	NA
test	238	Picture	60	2194705	0	1	7167	1	0	7000	other	0
test	238	Pulse	199	2200000	5295	NA
test	239	Picture	40	2202205	0	1	2834	1	0	2490	other	0
test	240	Picture	65	2205206	0	1	7167	1	0	7000	miss	0
test	240	Pulse	199	2210000	4794	NA
test	241	Picture	40	2212540	0	1	2334	1	0	2140	other	0
test	242	Picture	60	2215207	0	1	7167	1	0	7000	other	0
test	242	Pulse	199	2220000	4793	NA
test	243	Picture	40	2222541	0	1	2334	1	0	2130	other	0
test	244	Picture	60	2225041	0	1	7334	1	0	7000	other	0
test	244	Pulse	199	2230000	4959	NA
test	245	Picture	40	2232542	0	1	3167	1	0	2690	other	0
test	246	Picture	60	2235875	0	1	7167	1	0	7000	other	0
test	246	Pulse	199	2240000	4125	NA
test	247	Picture	40	2243376	0	1	2167	1	0	1780	other	0
test	248	Picture	60	2245709	0	1	7334	1	0	7000	other	0
test	248	Pulse	199	2250000	4291	NA
test	249	Picture	40	2253210	0	1	3834	1	0	3310	other	0
test	250	Picture	50	2257211	0	1	90175	1	0	next	other	0
test	250	Pulse	199	2260000	2789	NA
test	250	Pulse	199	2270000	12789	NA
test	250	Pulse	199	2280000	22789	NA
test	250	Pulse	199	2290000	32789	NA
test	250	Pulse	199	2300000	42789	NA
test	250	Pulse	199	2310000	52789	NA
test	250	Pulse	199	2320000	62789	NA
test	250	Pulse	199	2330000	72789	NA
test	250	Pulse	199	2340000	82789	NA
test	251	Picture	90	2347386	0	1	7167	1	0	7000	other	0
test	251	Pulse	199	2350000	2614	NA
test	252	Picture	40	2355053	0	1	2667	1	0	2130	other	0
test	253	Picture	95	2357887	0	1	7334	1	0	7000	miss	0
test	253	Pulse	199	2360000	2113	NA
test	254	Picture	40	2365387	0	1	4667	1	0	4350	other	0
test	254	Pulse	199	2370000	4613	NA
test	255	Picture	95	2370221	0	1	7334	1	0	7000	miss	0
test	256	Picture	40	2377888	0	1	2667	1	0	2490	other	0
test	256	Pulse	199	2380000	2112	NA
test	257	Picture	90	2380722	0	1	7167	1	0	7000	other	0
test	258	Picture	40	2388223	0	1	2334	1	0	1990	other	0
test	258	Pulse	199	2390000	1777	NA
test	259	Picture	90	2390723	0	1	7167	1	0	7000	other	0
test	260	Picture	40	2398057	0	1	3000	1	0	2860	other	0
test	260	Pulse	199	2400000	1943	NA
test	261	Picture	90	2401224	0	1	7167	1	0	7000	other	0
test	262	Picture	40	2408725	0	1	2167	1	0	1780	other	0
test	262	Pulse	199	2410000	1275	NA
test	263	Picture	90	2411058	0	1	7167	1	0	7000	other	0
test	264	Picture	40	2418392	0	1	4000	1	0	3660	other	0
test	264	Pulse	199	2420000	1608	NA
test	265	Picture	90	2422559	0	1	7167	1	0	7000	other	0
test	265	Pulse	199	2430000	7441	NA
test	266	Picture	40	2430060	0	1	3167	1	0	2690	other	0
test	267	Picture	90	2433560	0	1	7501	1	0	7000	other	0
test	267	Pulse	199	2440000	6440	NA
test	268	Picture	40	2441228	0	1	2334	1	0	2140	other	0
test	269	Picture	90	2443728	0	1	7167	1	0	7000	other	0
test	269	Pulse	199	2450000	6272	NA
test	270	Picture	40	2451062	0	1	3500	1	0	3310	other	0
test	271	Picture	50	2455062	0	1	70173	1	0	next	other	0
test	271	Pulse	199	2460000	4938	NA
test	271	Pulse	199	2470000	14938	NA
test	271	Pulse	199	2480000	24938	NA
test	271	Pulse	199	2490000	34938	NA
test	271	Pulse	199	2500000	44938	NA
test	271	Pulse	199	2510000	54938	NA
test	271	Pulse	199	2520000	64938	NA
test	272	Picture	85	2525236	0	1	7167	1	0	7000	miss	0
test	272	Pulse	199	2530000	4764	NA
test	273	Picture	40	2532570	0	1	2834	1	0	2490	other	0
test	274	Picture	80	2535570	0	1	7167	1	0	7000	other	0
test	274	Pulse	199	2540000	4430	NA
test	275	Picture	40	2543071	0	1	3334	1	0	2860	other	0
test	276	Picture	80	2546571	0	1	7167	1	0	7000	other	0
test	276	Pulse	199	2550000	3429	NA
test	277	Picture	40	2553905	0	1	2334	1	0	2140	other	0
test	278	Picture	80	2556405	0	1	7167	1	0	7000	other	0
test	278	Pulse	199	2560000	3595	NA
test	279	Picture	40	2563739	0	1	2500	1	0	2130	other	0
test	280	Picture	80	2566406	0	1	7334	1	0	7000	other	0
test	280	Pulse	199	2570000	3594	NA
test	281	Picture	40	2573907	0	1	2834	1	0	2690	other	0
test	282	Picture	80	2576907	0	1	7167	1	0	7000	other	0
test	282	Pulse	199	2580000	3093	NA
test	283	Picture	40	2584241	0	1	3667	1	0	3310	other	0
test	284	Picture	80	2588075	0	1	7501	1	0	7000	other	0
test	284	Pulse	199	2590000	1925	NA
test	285	Picture	40	2595742	0	1	4500	1	0	4350	other	0
test	285	Pulse	199	2600000	4258	NA
test	286	Picture	80	2600743	0	1	7167	1	0	7000	other	0
test	287	Picture	40	2608077	0	1	2500	1	0	1990	other	0
test	287	Pulse	199	2610000	1923	NA
test	288	Picture	80	2610744	0	1	7167	1	0	7000	other	0
test	289	Picture	40	2618078	0	1	2167	1	0	1780	other	0
test	289	Pulse	199	2620000	1922	NA
test	290	Picture	50	2620411	0	1	70340	1	0	next	other	0
test	290	Pulse	199	2630000	9589	NA
test	290	Pulse	199	2640000	19589	NA
test	290	Pulse	199	2650000	29589	NA
test	290	Pulse	199	2660000	39589	NA
test	290	Pulse	199	2670000	49589	NA
test	290	Pulse	199	2680000	59589	NA
test	290	Pulse	199	2690000	69589	NA
test	291	Picture	70	2690751	0	1	7167	1	0	7000	other	0
test	292	Picture	40	2698085	0	1	4667	1	0	4350	other	0
test	292	Pulse	199	2700000	1915	NA
test	293	Picture	70	2702919	0	1	7501	1	0	7000	other	0
test	293	Pulse	199	2710000	7081	NA
test	294	Picture	40	2710586	0	1	2667	1	0	2490	other	0
test	295	Picture	70	2713420	0	1	7167	1	0	7000	other	0
test	295	Pulse	199	2720000	6580	NA
test	296	Picture	40	2720754	0	1	4167	1	0	3660	other	0
test	297	Picture	70	2725088	0	1	7167	1	0	7000	other	0
test	297	Pulse	199	2730000	4912	NA
test	298	Picture	40	2732422	0	1	3834	1	0	3310	other	0
test	299	Picture	70	2736422	0	1	7334	1	0	7000	other	0
test	299	Pulse	199	2740000	3578	NA
test	300	Picture	40	2743923	0	1	2334	1	0	1990	other	0
test	301	Picture	70	2746423	0	1	7167	1	0	7000	other	0
test	301	Pulse	199	2750000	3577	NA
test	302	Picture	40	2753924	0	1	3334	1	0	2860	other	0
test	303	Picture	70	2757424	0	1	7334	1	0	7000	other	0
test	303	Pulse	199	2760000	2576	NA
test	304	Picture	40	2764925	0	1	2334	1	0	2130	other	0
test	305	Picture	70	2767425	0	1	7501	1	0	7000	other	0
test	305	Pulse	199	2770000	2575	NA
test	306	Picture	40	2775092	0	1	2167	1	0	1780	other	0
test	307	Picture	50	2777759	0	1	70173	1	0	next	other	0
test	307	Pulse	199	2780000	2241	NA
test	307	Pulse	199	2790000	12241	NA
test	307	Pulse	199	2800000	22241	NA
test	307	Pulse	199	2810000	32241	NA
test	307	Pulse	199	2820000	42241	NA
test	307	Pulse	199	2830000	52241	NA
test	307	Pulse	199	2840000	62241	NA
test	308	Picture	60	2847932	0	1	7167	1	0	7000	other	0
test	308	Pulse	199	2850000	2068	NA
test	309	Picture	40	2855266	0	1	3000	1	0	2860	other	0
test	310	Picture	60	2858433	0	1	7167	1	0	7000	other	0
test	310	Pulse	199	2860000	1567	NA
test	311	Picture	40	2865767	0	1	2667	1	0	2490	other	0
test	312	Picture	60	2868601	0	1	7501	1	0	7000	other	0
test	312	Pulse	199	2870000	1399	NA
test	313	Picture	40	2876268	0	1	3834	1	0	3660	other	0
test	313	Pulse	199	2880000	3732	NA
test	314	Picture	60	2880269	0	1	7334	1	0	7000	other	0
test	315	Picture	40	2887769	0	1	2334	1	0	2140	other	0
test	315	Pulse	199	2890000	2231	NA
test	316	Picture	65	2890270	0	1	7334	1	0	7000	miss	0
test	317	Picture	40	2897770	0	1	2834	1	0	2690	other	0
test	317	Pulse	199	2900000	2230	NA
test	318	Picture	60	2900937	0	1	7167	1	0	7000	other	0
test	319	Picture	40	2908271	0	1	3500	1	0	3310	other	0
test	319	Pulse	199	2910000	1729	NA
test	320	Picture	60	2911938	0	1	7334	1	0	7000	other	0
test	321	Picture	40	2919439	0	1	2167	1	0	1990	other	0
test	321	Pulse	199	2920000	561	NA
test	322	Picture	60	2921939	0	1	7167	1	0	7000	other	0
test	323	Picture	40	2929273	0	1	4500	1	0	4350	other	0
test	323	Pulse	199	2930000	727	NA
test	324	Picture	60	2934107	0	1	7334	1	0	7000	other	0
test	324	Pulse	199	2940000	5893	NA
test	325	Picture	40	2941608	0	1	2000	1	0	1780	other	0
test	326	Picture	50	2943941	0	1	90508	1	0	next	other	0
test	326	Pulse	199	2950000	6059	NA
test	326	Pulse	199	2960000	16059	NA
test	326	Pulse	199	2970000	26059	NA
test	326	Pulse	199	2980000	36059	NA
test	326	Pulse	199	2990000	46059	NA
test	326	Pulse	199	3000000	56059	NA
test	326	Pulse	199	3010000	66059	NA
test	326	Pulse	199	3020000	76059	NA
test	326	Pulse	199	3030000	86059	NA
test	327	Picture	70	3034450	0	1	7501	1	0	7000	other	0
test	327	Pulse	199	3040000	5550	NA
test	328	Picture	40	3042117	0	1	2167	1	0	1780	other	0
test	329	Picture	75	3044451	0	1	7167	1	0	7000	miss	0
test	329	Pulse	199	3050000	5549	NA
test	330	Picture	40	3052118	0	1	3500	1	0	3310	other	0
test	331	Picture	70	3055785	0	1	7167	1	0	7000	other	0
test	331	Pulse	199	3060000	4215	NA
test	332	Picture	40	3063286	0	1	2334	1	0	2130	other	0
test	333	Picture	70	3065953	0	1	7501	1	0	7000	other	0
test	333	Pulse	199	3070000	4047	NA
test	334	Picture	40	3073620	0	1	2834	1	0	2690	other	0
test	335	Picture	75	3076787	0	1	7501	1	0	7000	miss	0
test	335	Pulse	199	3080000	3213	NA
test	336	Picture	40	3084454	0	1	3000	1	0	2860	other	0
test	337	Picture	70	3087621	0	1	7167	1	0	7000	other	0
test	337	Pulse	199	3090000	2379	NA
test	338	Picture	40	3095122	0	1	2167	1	0	1990	other	0
test	339	Picture	70	3097789	0	1	7167	1	0	7000	other	0
test	339	Pulse	199	3100000	2211	NA
test	340	Picture	40	3105290	0	1	2667	1	0	2140	other	0
test	341	Picture	70	3108123	0	1	7167	1	0	7000	other	0
test	341	Pulse	199	3110000	1877	NA
test	342	Picture	40	3115791	0	1	4667	1	0	4350	other	0
test	342	Pulse	199	3120000	4209	NA
test	343	Picture	70	3120624	0	1	7334	1	0	7000	other	0
test	344	Picture	40	3128125	0	1	3834	1	0	3660	other	0
test	344	Pulse	199	3130000	1875	NA
test	345	Picture	70	3132125	0	1	7167	1	0	7000	other	0
test	346	Picture	40	3139460	0	1	2834	1	0	2490	other	0
test	346	Pulse	199	3140000	540	NA
test	347	Picture	50	3142460	0	1	70173	1	0	next	other	0
test	347	Pulse	199	3150000	7540	NA
test	347	Pulse	199	3160000	17540	NA
test	347	Pulse	199	3170000	27540	NA
test	347	Pulse	199	3180000	37540	NA
test	347	Pulse	199	3190000	47540	NA
test	347	Pulse	199	3200000	57540	NA
test	347	Pulse	199	3210000	67540	NA
test	348	Picture	90	3212633	0	1	7334	1	0	7000	other	0
test	348	Pulse	199	3220000	7367	NA
test	349	Picture	40	3220134	0	1	2334	1	0	2130	other	0
test	350	Picture	95	3222801	0	1	7167	1	0	7000	miss	0
test	350	Pulse	199	3230000	7199	NA
test	351	Picture	40	3230135	0	1	2000	1	0	1780	other	0
test	352	Picture	90	3232301	0	1	7334	1	0	7000	other	0
test	353	Picture	40	3239802	0	1	3500	1	0	3310	other	0
test	353	Pulse	199	3240000	198	NA
test	354	Picture	90	3243636	0	1	7167	1	0	7000	other	0
test	354	Pulse	199	3250000	6364	NA
test	355	Picture	40	3251137	0	1	3834	1	0	3660	other	0
test	356	Picture	90	3255304	0	1	7167	1	0	7000	other	0
test	356	Pulse	199	3260000	4696	NA
test	357	Picture	40	3262638	0	1	2667	1	0	2490	other	0
test	358	Picture	95	3265805	0	1	7334	1	0	7000	miss	0
test	358	Pulse	199	3270000	4195	NA
test	359	Picture	40	3273639	0	1	4500	1	0	4350	other	0
test	360	Picture	90	3278306	0	1	7334	1	0	7000	other	0
test	360	Pulse	199	3280000	1694	NA
test	361	Picture	40	3285806	0	1	2500	1	0	2140	other	0
test	362	Picture	90	3288473	0	1	7334	1	0	7000	other	0
test	362	Pulse	199	3290000	1527	NA
test	363	Picture	40	3295974	0	1	2167	1	0	1990	other	0
test	364	Picture	90	3298308	0	1	7501	1	0	7000	other	0
test	364	Pulse	199	3300000	1692	NA
test	365	Picture	40	3305975	0	1	3000	1	0	2860	other	0
test	366	Picture	90	3309309	0	1	7501	1	0	7000	other	0
test	366	Pulse	199	3310000	691	NA
test	367	Picture	40	3316976	0	1	2834	1	0	2690	other	0
test	367	Pulse	199	3320000	3024	NA
test	368	Picture	50	3320143	0	1	70507	1	0	next	other	0
test	368	Pulse	199	3330000	9857	NA
test	368	Pulse	199	3340000	19857	NA
test	368	Pulse	199	3350000	29857	NA
test	368	Pulse	199	3360000	39857	NA
test	368	Pulse	199	3370000	49857	NA
test	368	Pulse	199	3380000	59857	NA
test	368	Pulse	199	3390000	69857	NA
test	369	Picture	80	3390650	0	1	7167	1	0	7000	other	0
test	370	Picture	40	3397984	0	1	2500	1	0	2130	other	0
test	370	Pulse	199	3400000	2016	NA
test	371	Picture	85	3400650	0	1	7334	1	0	7000	miss	0
test	372	Picture	40	3408151	0	1	2334	1	0	2140	other	0
test	372	Pulse	199	3410000	1849	NA
test	373	Picture	80	3410651	0	1	7167	1	0	7000	other	0
test	374	Picture	40	3417985	0	1	3500	1	0	3310	other	0
test	374	Pulse	199	3420000	2015	NA
test	375	Picture	80	3421819	0	1	7167	1	0	7000	other	0
test	376	Picture	40	3429320	0	1	3000	1	0	2690	other	0
test	376	Pulse	199	3430000	680	NA
test	377	Picture	80	3432487	0	1	7334	1	0	7000	other	0
test	378	Picture	40	3439988	0	1	2000	1	0	1780	other	0
test	378	Pulse	199	3440000	12	NA
test	379	Picture	80	3442154	0	1	7334	1	0	7000	other	0
test	380	Picture	40	3449655	0	1	2834	1	0	2490	other	0
test	380	Pulse	199	3450000	345	NA
test	381	Picture	80	3452655	0	1	7167	1	0	7000	other	0
test	381	Pulse	199	3460000	7345	NA
test	382	Picture	40	3460156	0	1	3000	1	0	2860	other	0
test	383	Picture	80	3463490	0	1	7167	1	0	7000	other	0
test	383	Pulse	199	3470000	6510	NA
test	384	Picture	40	3470990	0	1	2334	1	0	1990	other	0
test	385	Picture	80	3473491	0	1	7167	1	0	7000	other	0
test	385	Pulse	199	3480000	6509	NA
test	386	Picture	40	3480991	0	1	4834	1	0	4350	other	0
test	387	Picture	50	3485992	0	1	70173	1	0	next	other	0
test	387	Pulse	199	3490000	4008	NA
test	387	Pulse	199	3500000	14008	NA
test	387	Pulse	199	3510000	24008	NA
test	387	Pulse	199	3520000	34008	NA
test	387	Pulse	199	3530000	44008	NA
test	387	Pulse	199	3540000	54008	NA
test	387	Pulse	199	3550000	64008	NA
test	388	Picture	200	3556165	173	1	80341	1	0	80000	other	0
test	388	Pulse	199	3560000	4008	NA
test	388	Pulse	199	3570000	14008	NA
test	388	Pulse	199	3580000	24008	NA
test	388	Pulse	199	3590000	34008	NA
test	388	Pulse	199	3600000	44008	NA
test	388	Pulse	199	3610000	54008	NA
test	388	Pulse	199	3620000	64008	NA
test	388	Pulse	199	3630000	74008	NA
test	389	Pulse	199	3640000	3328	NA
test	389	Pulse	199	3650000	13328	NA
test	389	Pulse	199	3660000	23328	NA
test	389	Pulse	199	3670000	33328	NA
test	389	Pulse	199	3680000	43328	NA
test	389	Pulse	199	3690000	53328	NA
test	389	Pulse	199	3700000	63328	NA
test	389	Pulse	199	3710000	73328	NA
test	389	Pulse	199	3720000	83328	NA
test	389	Pulse	199	3730000	93328	NA
test	389	Pulse	199	3740000	103328	NA
test	389	Pulse	199	3750000	113328	NA
test	389	Pulse	199	3760000	123328	NA
test	389	Pulse	199	3770000	133328	NA
test	389	Pulse	199	3780000	143328	NA
test	389	Pulse	199	3790000	153328	NA
test	389	Pulse	199	3800000	163328	NA
test	389	Pulse	199	3810000	173328	NA
test	389	Pulse	199	3820000	183328	NA
test	389	Pulse	199	3830000	193328	NA
test	389	Pulse	199	3840000	203328	NA
test	389	Pulse	199	3850000	213328	NA
test	389	Response	20	3851561	214889	0
