Scenario - 
Logfile written - 08/29/2019 09:22:54

Subject	Trial	Event Type	Code	Time	TTime	Uncertainty	Duration	Uncertainty	ReqTime	ReqDur	Stim Type	Pair Index

Jitter100-500Break5500&6000	0	Pulse	199	0	0	NA
Jitter100-500Break5500&6000	1	Response	20	7728	7561	0
Jitter100-500Break5500&6000	2	Pulse	199	10000	2166	NA
Jitter100-500Break5500&6000	2	Response	20	12773	4939	0
Jitter100-500Break5500&6000	3	Picture	100	12834	62	1	50171	1	0	50000	other	0
Jitter100-500Break5500&6000	3	Pulse	199	20000	7227	NA
Jitter100-500Break5500&6000	3	Pulse	199	30000	17227	NA
Jitter100-500Break5500&6000	3	Pulse	199	40000	27227	NA
Jitter100-500Break5500&6000	3	Pulse	199	50000	37227	NA
Jitter100-500Break5500&6000	3	Pulse	199	60000	47227	NA
Jitter100-500Break5500&6000	4	Picture	60	63339	0	1	7167	1	0	7000	other	0
Jitter100-500Break5500&6000	4	Pulse	199	70000	6661	NA
Jitter100-500Break5500&6000	5	Picture	40	70673	0	1	2834	1	0	2690	other	0
Jitter100-500Break5500&6000	6	Picture	60	73673	0	1	7167	1	0	7000	other	0
Jitter100-500Break5500&6000	6	Pulse	199	80000	6327	NA
Jitter100-500Break5500&6000	7	Picture	40	81007	0	1	2667	1	0	2490	other	0
Jitter100-500Break5500&6000	8	Picture	65	83841	0	1	7167	1	0	7000	miss	0
Jitter100-500Break5500&6000	8	Pulse	199	90000	6159	NA
Jitter100-500Break5500&6000	9	Picture	40	91175	0	1	2334	1	0	2140	other	0
Jitter100-500Break5500&6000	10	Picture	60	93675	0	1	7167	1	0	7000	other	0
Jitter100-500Break5500&6000	10	Pulse	199	100000	6325	NA
Jitter100-500Break5500&6000	11	Picture	40	101009	0	1	2334	1	0	2130	other	0
Jitter100-500Break5500&6000	12	Picture	60	103510	0	1	7167	1	0	7000	other	0
Jitter100-500Break5500&6000	12	Pulse	199	110000	6490	NA
Jitter100-500Break5500&6000	13	Picture	40	110844	0	1	2167	1	0	1990	other	0
Jitter100-500Break5500&6000	14	Picture	60	113177	0	1	7167	1	0	7000	other	0
Jitter100-500Break5500&6000	14	Pulse	199	120000	6823	NA
Jitter100-500Break5500&6000	15	Picture	40	120511	0	1	3000	1	0	2860	other	0
Jitter100-500Break5500&6000	16	Picture	60	123678	0	1	7334	1	0	7000	other	0
Jitter100-500Break5500&6000	16	Pulse	199	130000	6322	NA
Jitter100-500Break5500&6000	17	Picture	40	131179	0	1	2000	1	0	1780	other	0
Jitter100-500Break5500&6000	18	Picture	60	133346	0	1	7167	1	0	7000	other	0
Jitter100-500Break5500&6000	18	Pulse	199	140000	6654	NA
Jitter100-500Break5500&6000	19	Picture	40	140680	0	1	3500	1	0	3310	other	0
Jitter100-500Break5500&6000	20	Picture	60	144347	0	1	7334	1	0	7000	other	0
Jitter100-500Break5500&6000	20	Pulse	199	150000	5653	NA
Jitter100-500Break5500&6000	21	Picture	40	151847	0	1	3834	1	0	3660	other	0
Jitter100-500Break5500&6000	22	Picture	50	156014	0	1	55172	1	0	next	other	0
Jitter100-500Break5500&6000	22	Pulse	199	160000	3986	NA
Jitter100-500Break5500&6000	22	Pulse	199	170000	13986	NA
Jitter100-500Break5500&6000	22	Pulse	199	180000	23986	NA
Jitter100-500Break5500&6000	22	Pulse	199	190000	33986	NA
Jitter100-500Break5500&6000	22	Pulse	199	200000	43986	NA
Jitter100-500Break5500&6000	22	Pulse	199	210000	53986	NA
Jitter100-500Break5500&6000	23	Picture	90	211186	0	1	7167	1	0	7000	other	0
Jitter100-500Break5500&6000	24	Picture	40	218520	0	1	4500	1	0	4350	other	0
Jitter100-500Break5500&6000	24	Pulse	199	220000	1480	NA
Jitter100-500Break5500&6000	25	Picture	95	223187	0	1	7167	1	0	7000	miss	0
Jitter100-500Break5500&6000	25	Pulse	199	230000	6813	NA
Jitter100-500Break5500&6000	26	Picture	40	230521	0	1	4000	1	0	3660	other	0
Jitter100-500Break5500&6000	27	Picture	90	234689	0	1	7167	1	0	7000	other	0
Jitter100-500Break5500&6000	27	Pulse	199	240000	5311	NA
Jitter100-500Break5500&6000	28	Picture	40	242022	0	1	2334	1	0	2140	other	0
Jitter100-500Break5500&6000	29	Picture	90	244689	0	1	7167	1	0	7000	other	0
Jitter100-500Break5500&6000	29	Pulse	199	250000	5311	NA
Jitter100-500Break5500&6000	30	Picture	40	252023	0	1	2667	1	0	2490	other	0
Jitter100-500Break5500&6000	31	Picture	90	255190	0	1	7167	1	0	7000	other	0
Jitter100-500Break5500&6000	31	Pulse	199	260000	4810	NA
Jitter100-500Break5500&6000	32	Picture	40	262691	0	1	3000	1	0	2860	other	0
Jitter100-500Break5500&6000	33	Picture	90	266191	0	1	7167	1	0	7000	other	0
Jitter100-500Break5500&6000	33	Pulse	199	270000	3809	NA
Jitter100-500Break5500&6000	34	Picture	40	273525	0	1	2334	1	0	2130	other	0
Jitter100-500Break5500&6000	35	Picture	90	276026	0	1	7167	1	0	7000	other	0
Jitter100-500Break5500&6000	35	Pulse	199	280000	3974	NA
Jitter100-500Break5500&6000	36	Picture	40	283360	0	1	2000	1	0	1780	other	0
Jitter100-500Break5500&6000	37	Picture	90	285527	0	1	7167	1	0	7000	other	0
Jitter100-500Break5500&6000	37	Pulse	199	290000	4473	NA
Jitter100-500Break5500&6000	38	Picture	40	292861	0	1	2834	1	0	2690	other	0
Jitter100-500Break5500&6000	39	Picture	90	295861	0	1	7167	1	0	7000	other	0
Jitter100-500Break5500&6000	39	Pulse	199	300000	4139	NA
Jitter100-500Break5500&6000	40	Picture	40	303362	0	1	2167	1	0	1990	other	0
Jitter100-500Break5500&6000	41	Picture	95	305695	0	1	7167	1	0	7000	miss	0
Jitter100-500Break5500&6000	41	Pulse	199	310000	4305	NA
Jitter100-500Break5500&6000	42	Picture	40	313029	0	1	3500	1	0	3310	other	0
Jitter100-500Break5500&6000	43	Picture	50	316863	0	1	60172	1	0	next	other	0
Jitter100-500Break5500&6000	43	Pulse	199	320000	3137	NA
Jitter100-500Break5500&6000	43	Pulse	199	330000	13137	NA
Jitter100-500Break5500&6000	43	Pulse	199	340000	23137	NA
Jitter100-500Break5500&6000	43	Pulse	199	350000	33137	NA
Jitter100-500Break5500&6000	43	Pulse	199	360000	43137	NA
Jitter100-500Break5500&6000	43	Pulse	199	370000	53137	NA
Jitter100-500Break5500&6000	44	Picture	80	377035	0	1	7167	1	0	7000	other	0
Jitter100-500Break5500&6000	44	Pulse	199	380000	2965	NA
Jitter100-500Break5500&6000	45	Picture	40	384536	0	1	2500	1	0	2130	other	0
Jitter100-500Break5500&6000	46	Picture	80	387369	0	1	7167	1	0	7000	other	0
Jitter100-500Break5500&6000	46	Pulse	199	390000	2631	NA
Jitter100-500Break5500&6000	47	Picture	40	394703	0	1	3000	1	0	2860	other	0
Jitter100-500Break5500&6000	48	Picture	85	398037	0	1	7167	1	0	7000	miss	0
Jitter100-500Break5500&6000	48	Pulse	199	400000	1963	NA
Jitter100-500Break5500&6000	49	Picture	40	405371	0	1	2000	1	0	1780	other	0
Jitter100-500Break5500&6000	50	Picture	80	407538	0	1	7167	1	0	7000	other	0
Jitter100-500Break5500&6000	50	Pulse	199	410000	2462	NA
Jitter100-500Break5500&6000	51	Picture	40	414872	0	1	4667	1	0	4350	other	0
Jitter100-500Break5500&6000	52	Picture	85	419706	0	1	7167	1	0	7000	miss	0
Jitter100-500Break5500&6000	52	Pulse	199	420000	294	NA
Jitter100-500Break5500&6000	53	Picture	40	427206	0	1	2334	1	0	2140	other	0
Jitter100-500Break5500&6000	54	Picture	80	429707	0	1	7334	1	0	7000	other	0
Jitter100-500Break5500&6000	54	Pulse	199	430000	293	NA
Jitter100-500Break5500&6000	55	Picture	40	437207	0	1	2667	1	0	2490	other	0
Jitter100-500Break5500&6000	55	Pulse	199	440000	2793	NA
Jitter100-500Break5500&6000	56	Picture	80	440041	0	1	7167	1	0	7000	other	0
Jitter100-500Break5500&6000	57	Picture	40	447375	0	1	3167	1	0	2690	other	0
Jitter100-500Break5500&6000	57	Pulse	199	450000	2625	NA
Jitter100-500Break5500&6000	58	Picture	80	450709	0	1	7334	1	0	7000	other	0
Jitter100-500Break5500&6000	59	Picture	40	458209	0	1	2167	1	0	1990	other	0
Jitter100-500Break5500&6000	59	Pulse	199	460000	1791	NA
Jitter100-500Break5500&6000	60	Picture	80	460543	0	1	7167	1	0	7000	other	0
Jitter100-500Break5500&6000	61	Picture	40	468210	0	1	4167	1	0	3660	other	0
Jitter100-500Break5500&6000	61	Pulse	199	470000	1790	NA
Jitter100-500Break5500&6000	62	Picture	80	472544	0	1	7334	1	0	7000	other	0
Jitter100-500Break5500&6000	62	Pulse	199	480000	7456	NA
Jitter100-500Break5500&6000	63	Picture	40	480045	0	1	3500	1	0	3310	other	0
Jitter100-500Break5500&6000	64	Picture	50	483878	0	1	55172	1	0	next	other	0
Jitter100-500Break5500&6000	64	Pulse	199	490000	6122	NA
Jitter100-500Break5500&6000	64	Pulse	199	500000	16122	NA
Jitter100-500Break5500&6000	64	Pulse	199	510000	26122	NA
Jitter100-500Break5500&6000	64	Pulse	199	520000	36122	NA
Jitter100-500Break5500&6000	64	Pulse	199	530000	46122	NA
Jitter100-500Break5500&6000	65	Picture	70	539050	0	1	7334	1	0	7000	other	0
Jitter100-500Break5500&6000	65	Pulse	199	540000	950	NA
Jitter100-500Break5500&6000	66	Picture	40	546551	0	1	3000	1	0	2860	other	0
Jitter100-500Break5500&6000	67	Picture	70	549718	0	1	7167	1	0	7000	other	0
Jitter100-500Break5500&6000	67	Pulse	199	550000	282	NA
Jitter100-500Break5500&6000	68	Picture	40	557052	0	1	3500	1	0	3310	other	0
Jitter100-500Break5500&6000	68	Pulse	199	560000	2948	NA
Jitter100-500Break5500&6000	69	Picture	70	561052	0	1	7334	1	0	7000	other	0
Jitter100-500Break5500&6000	70	Picture	40	568553	0	1	2667	1	0	2490	other	0
Jitter100-500Break5500&6000	70	Pulse	199	570000	1447	NA
Jitter100-500Break5500&6000	71	Picture	75	571387	0	1	7167	1	0	7000	miss	0
Jitter100-500Break5500&6000	72	Picture	40	578887	0	1	2334	1	0	1990	other	0
Jitter100-500Break5500&6000	72	Pulse	199	580000	1113	NA
Jitter100-500Break5500&6000	73	Picture	70	581388	0	1	7501	1	0	7000	other	0
Jitter100-500Break5500&6000	74	Picture	40	589055	0	1	2000	1	0	1780	other	0
Jitter100-500Break5500&6000	74	Pulse	199	590000	945	NA
Jitter100-500Break5500&6000	75	Picture	70	591555	0	1	7167	1	0	7000	other	0
Jitter100-500Break5500&6000	76	Picture	40	599056	0	1	4834	1	0	4350	other	0
Jitter100-500Break5500&6000	76	Pulse	199	600000	944	NA
Jitter100-500Break5500&6000	77	Picture	70	604056	0	1	7167	1	0	7000	other	0
Jitter100-500Break5500&6000	77	Pulse	199	610000	5944	NA
Jitter100-500Break5500&6000	78	Picture	40	611390	0	1	3834	1	0	3660	other	0
Jitter100-500Break5500&6000	79	Picture	70	615391	0	1	7167	1	0	7000	other	0
Jitter100-500Break5500&6000	79	Pulse	199	620000	4609	NA
Jitter100-500Break5500&6000	80	Picture	40	622725	0	1	2334	1	0	2130	other	0
Jitter100-500Break5500&6000	81	Picture	70	625392	0	1	7334	1	0	7000	other	0
Jitter100-500Break5500&6000	81	Pulse	199	630000	4608	NA
Jitter100-500Break5500&6000	82	Picture	40	632892	0	1	2334	1	0	2140	other	0
Jitter100-500Break5500&6000	83	Picture	50	635393	0	1	60172	1	0	next	other	0
Jitter100-500Break5500&6000	83	Pulse	199	640000	4607	NA
Jitter100-500Break5500&6000	83	Pulse	199	650000	14607	NA
Jitter100-500Break5500&6000	83	Pulse	199	660000	24607	NA
Jitter100-500Break5500&6000	83	Pulse	199	670000	34607	NA
Jitter100-500Break5500&6000	83	Pulse	199	680000	44607	NA
Jitter100-500Break5500&6000	83	Pulse	199	690000	54607	NA
Jitter100-500Break5500&6000	84	Picture	65	695565	0	1	7167	1	0	7000	miss	0
Jitter100-500Break5500&6000	84	Pulse	199	700000	4435	NA
Jitter100-500Break5500&6000	85	Picture	40	702899	0	1	3000	1	0	2860	other	0
Jitter100-500Break5500&6000	86	Picture	60	706233	0	1	7167	1	0	7000	other	0
Jitter100-500Break5500&6000	86	Pulse	199	710000	3767	NA
Jitter100-500Break5500&6000	87	Picture	40	713567	0	1	2834	1	0	2690	other	0
Jitter100-500Break5500&6000	88	Picture	60	716900	0	1	7334	1	0	7000	other	0
Jitter100-500Break5500&6000	88	Pulse	199	720000	3100	NA
Jitter100-500Break5500&6000	89	Picture	40	724401	0	1	2667	1	0	2490	other	0
Jitter100-500Break5500&6000	90	Picture	60	727401	0	1	7334	1	0	7000	other	0
Jitter100-500Break5500&6000	90	Pulse	199	730000	2599	NA
Jitter100-500Break5500&6000	91	Picture	40	734902	0	1	3834	1	0	3660	other	0
Jitter100-500Break5500&6000	92	Picture	60	738902	0	1	7167	1	0	7000	other	0
Jitter100-500Break5500&6000	92	Pulse	199	740000	1098	NA
Jitter100-500Break5500&6000	93	Picture	40	746403	0	1	4667	1	0	4350	other	0
Jitter100-500Break5500&6000	93	Pulse	199	750000	3597	NA
Jitter100-500Break5500&6000	94	Picture	65	751237	0	1	7334	1	0	7000	miss	0
Jitter100-500Break5500&6000	95	Picture	40	758738	0	1	3834	1	0	3310	other	0
Jitter100-500Break5500&6000	95	Pulse	199	760000	1262	NA
Jitter100-500Break5500&6000	96	Picture	60	762738	0	1	7334	1	0	7000	other	0
Jitter100-500Break5500&6000	96	Pulse	199	770000	7262	NA
Jitter100-500Break5500&6000	97	Picture	40	770239	0	1	2500	1	0	2130	other	0
Jitter100-500Break5500&6000	98	Picture	60	772905	0	1	7167	1	0	7000	other	0
Jitter100-500Break5500&6000	98	Pulse	199	780000	7095	NA
Jitter100-500Break5500&6000	99	Picture	40	780239	0	1	2000	1	0	1780	other	0
Jitter100-500Break5500&6000	100	Picture	60	782406	0	1	7334	1	0	7000	other	0
Jitter100-500Break5500&6000	101	Picture	40	789907	0	1	2334	1	0	1990	other	0
Jitter100-500Break5500&6000	101	Pulse	199	790000	93	NA
Jitter100-500Break5500&6000	102	Picture	60	792407	0	1	7167	1	0	7000	other	0
Jitter100-500Break5500&6000	103	Picture	40	799741	0	1	2334	1	0	2140	other	0
Jitter100-500Break5500&6000	103	Pulse	199	800000	259	NA
Jitter100-500Break5500&6000	104	Picture	50	802408	0	1	60172	1	0	next	other	0
Jitter100-500Break5500&6000	104	Pulse	199	810000	7592	NA
Jitter100-500Break5500&6000	104	Pulse	199	820000	17592	NA
Jitter100-500Break5500&6000	104	Pulse	199	830000	27592	NA
Jitter100-500Break5500&6000	104	Pulse	199	840000	37592	NA
Jitter100-500Break5500&6000	104	Pulse	199	850000	47592	NA
Jitter100-500Break5500&6000	104	Pulse	199	860000	57592	NA
Jitter100-500Break5500&6000	105	Picture	70	862581	0	1	7167	1	0	7000	other	0
Jitter100-500Break5500&6000	106	Picture	40	869915	0	1	2334	1	0	2130	other	0
Jitter100-500Break5500&6000	106	Pulse	199	870000	85	NA
Jitter100-500Break5500&6000	107	Picture	70	872415	0	1	7334	1	0	7000	other	0
Jitter100-500Break5500&6000	108	Picture	40	879916	0	1	3167	1	0	2860	other	0
Jitter100-500Break5500&6000	108	Pulse	199	880000	85	NA
Jitter100-500Break5500&6000	109	Picture	70	883249	0	1	7167	1	0	7000	other	0
Jitter100-500Break5500&6000	109	Pulse	199	890000	6751	NA
Jitter100-500Break5500&6000	110	Picture	40	890583	0	1	2667	1	0	2490	other	0
Jitter100-500Break5500&6000	111	Picture	75	893417	0	1	7334	1	0	7000	miss	0
Jitter100-500Break5500&6000	111	Pulse	199	900000	6583	NA
Jitter100-500Break5500&6000	112	Picture	40	900917	0	1	4500	1	0	4350	other	0
Jitter100-500Break5500&6000	113	Picture	70	905585	0	1	7167	1	0	7000	other	0
Jitter100-500Break5500&6000	113	Pulse	199	910000	4416	NA
Jitter100-500Break5500&6000	114	Picture	40	912919	0	1	2167	1	0	1780	other	0
Jitter100-500Break5500&6000	115	Picture	70	915252	0	1	7167	1	0	7000	other	0
Jitter100-500Break5500&6000	115	Pulse	199	920000	4748	NA
Jitter100-500Break5500&6000	116	Picture	40	922753	0	1	2334	1	0	2140	other	0
Jitter100-500Break5500&6000	117	Picture	75	925253	0	1	7167	1	0	7000	miss	0
Jitter100-500Break5500&6000	117	Pulse	199	930000	4747	NA
Jitter100-500Break5500&6000	118	Picture	40	932587	0	1	3500	1	0	3310	other	0
Jitter100-500Break5500&6000	119	Picture	70	936587	0	1	7167	1	0	7000	other	0
Jitter100-500Break5500&6000	119	Pulse	199	940000	3413	NA
Jitter100-500Break5500&6000	120	Picture	40	943921	0	1	3167	1	0	2690	other	0
Jitter100-500Break5500&6000	121	Picture	70	947255	0	1	7167	1	0	7000	other	0
Jitter100-500Break5500&6000	121	Pulse	199	950000	2745	NA
Jitter100-500Break5500&6000	122	Picture	40	954756	0	1	3834	1	0	3660	other	0
Jitter100-500Break5500&6000	123	Picture	70	958923	0	1	7334	1	0	7000	other	0
Jitter100-500Break5500&6000	123	Pulse	199	960000	1077	NA
Jitter100-500Break5500&6000	124	Picture	40	966424	0	1	2167	1	0	1990	other	0
Jitter100-500Break5500&6000	125	Picture	50	968757	0	1	55339	1	0	next	other	0
Jitter100-500Break5500&6000	125	Pulse	199	970000	1243	NA
Jitter100-500Break5500&6000	125	Pulse	199	980000	11243	NA
Jitter100-500Break5500&6000	125	Pulse	199	990000	21243	NA
Jitter100-500Break5500&6000	125	Pulse	199	1000000	31243	NA
Jitter100-500Break5500&6000	125	Pulse	199	1010000	41243	NA
Jitter100-500Break5500&6000	125	Pulse	199	1020000	51243	NA
Jitter100-500Break5500&6000	126	Picture	80	1024096	0	1	7167	1	0	7000	other	0
Jitter100-500Break5500&6000	126	Pulse	199	1030000	5904	NA
Jitter100-500Break5500&6000	127	Picture	40	1031430	0	1	4500	1	0	4350	other	0
Jitter100-500Break5500&6000	128	Picture	85	1036430	0	1	7167	1	0	7000	miss	0
Jitter100-500Break5500&6000	128	Pulse	199	1040000	3570	NA
Jitter100-500Break5500&6000	129	Picture	40	1043764	0	1	3500	1	0	3310	other	0
Jitter100-500Break5500&6000	130	Picture	80	1047598	0	1	7334	1	0	7000	other	0
Jitter100-500Break5500&6000	130	Pulse	199	1050000	2402	NA
Jitter100-500Break5500&6000	131	Picture	40	1055099	0	1	3167	1	0	2860	other	0
Jitter100-500Break5500&6000	132	Picture	80	1058432	0	1	7167	1	0	7000	other	0
Jitter100-500Break5500&6000	132	Pulse	199	1060000	1568	NA
Jitter100-500Break5500&6000	133	Picture	40	1065766	0	1	2334	1	0	1990	other	0
Jitter100-500Break5500&6000	134	Picture	80	1068266	0	1	7501	1	0	7000	other	0
Jitter100-500Break5500&6000	134	Pulse	199	1070000	1734	NA
Jitter100-500Break5500&6000	135	Picture	40	1075934	0	1	2667	1	0	2490	other	0
Jitter100-500Break5500&6000	136	Picture	80	1078934	0	1	7334	1	0	7000	other	0
Jitter100-500Break5500&6000	136	Pulse	199	1080000	1066	NA
Jitter100-500Break5500&6000	137	Picture	40	1086435	0	1	3834	1	0	3660	other	0
Jitter100-500Break5500&6000	137	Pulse	199	1090000	3565	NA
Jitter100-500Break5500&6000	138	Picture	80	1090435	0	1	7501	1	0	7000	other	0
Jitter100-500Break5500&6000	139	Picture	40	1098102	0	1	2000	1	0	1780	other	0
Jitter100-500Break5500&6000	139	Pulse	199	1100000	1898	NA
Jitter100-500Break5500&6000	140	Picture	80	1100269	0	1	7334	1	0	7000	other	0
Jitter100-500Break5500&6000	141	Picture	40	1107770	0	1	2334	1	0	2130	other	0
Jitter100-500Break5500&6000	141	Pulse	199	1110000	2230	NA
Jitter100-500Break5500&6000	142	Picture	80	1110270	0	1	7167	1	0	7000	other	0
Jitter100-500Break5500&6000	143	Picture	40	1117604	0	1	2500	1	0	2140	other	0
Jitter100-500Break5500&6000	143	Pulse	199	1120000	2396	NA
Jitter100-500Break5500&6000	144	Picture	50	1120271	0	1	60172	1	0	next	other	0
Jitter100-500Break5500&6000	144	Pulse	199	1130000	9729	NA
Jitter100-500Break5500&6000	144	Pulse	199	1140000	19729	NA
Jitter100-500Break5500&6000	144	Pulse	199	1150000	29729	NA
Jitter100-500Break5500&6000	144	Pulse	199	1160000	39729	NA
Jitter100-500Break5500&6000	144	Pulse	199	1170000	49729	NA
Jitter100-500Break5500&6000	144	Pulse	199	1180000	59729	NA
Jitter100-500Break5500&6000	145	Picture	90	1180444	0	1	7167	1	0	7000	other	0
Jitter100-500Break5500&6000	146	Picture	40	1187778	0	1	2334	1	0	2130	other	0
Jitter100-500Break5500&6000	146	Pulse	199	1190000	2222	NA
Jitter100-500Break5500&6000	147	Picture	90	1190278	0	1	7167	1	0	7000	other	0
Jitter100-500Break5500&6000	148	Picture	40	1197612	0	1	2834	1	0	2690	other	0
Jitter100-500Break5500&6000	148	Pulse	199	1200000	2388	NA
Jitter100-500Break5500&6000	149	Picture	90	1200779	0	1	7334	1	0	7000	other	0
Jitter100-500Break5500&6000	150	Picture	40	1208279	0	1	4834	1	0	4350	other	0
Jitter100-500Break5500&6000	150	Pulse	199	1210000	1721	NA
Jitter100-500Break5500&6000	151	Picture	95	1213280	0	1	7167	1	0	7000	miss	0
Jitter100-500Break5500&6000	151	Pulse	199	1220000	6720	NA
Jitter100-500Break5500&6000	152	Picture	40	1220614	0	1	2167	1	0	1990	other	0
Jitter100-500Break5500&6000	153	Picture	90	1222947	0	1	7167	1	0	7000	other	0
Jitter100-500Break5500&6000	153	Pulse	199	1230000	7053	NA
Jitter100-500Break5500&6000	154	Picture	40	1230282	0	1	2000	1	0	1780	other	0
Jitter100-500Break5500&6000	155	Picture	90	1232615	0	1	7167	1	0	7000	other	0
Jitter100-500Break5500&6000	155	Pulse	199	1240000	7385	NA
Jitter100-500Break5500&6000	156	Picture	40	1240116	0	1	3834	1	0	3660	other	0
Jitter100-500Break5500&6000	157	Picture	90	1244283	0	1	7501	1	0	7000	other	0
Jitter100-500Break5500&6000	157	Pulse	199	1250000	5717	NA
Jitter100-500Break5500&6000	158	Picture	40	1251950	0	1	2667	1	0	2490	other	0
Jitter100-500Break5500&6000	159	Picture	90	1254784	0	1	7167	1	0	7000	other	0
Jitter100-500Break5500&6000	159	Pulse	199	1260000	5216	NA
Jitter100-500Break5500&6000	160	Picture	40	1262118	0	1	2334	1	0	2140	other	0
Jitter100-500Break5500&6000	161	Picture	90	1264618	0	1	7334	1	0	7000	other	0
Jitter100-500Break5500&6000	161	Pulse	199	1270000	5382	NA
Jitter100-500Break5500&6000	162	Picture	40	1272119	0	1	3334	1	0	2860	other	0
Jitter100-500Break5500&6000	163	Picture	95	1275619	0	1	7334	1	0	7000	miss	0
Jitter100-500Break5500&6000	163	Pulse	199	1280000	4381	NA
Jitter100-500Break5500&6000	164	Picture	40	1283120	0	1	3500	1	0	3310	other	0
Jitter100-500Break5500&6000	165	Picture	50	1286953	0	1	55505	1	0	next	other	0
Jitter100-500Break5500&6000	165	Pulse	199	1290000	3047	NA
Jitter100-500Break5500&6000	165	Pulse	199	1300000	13047	NA
Jitter100-500Break5500&6000	165	Pulse	199	1310000	23047	NA
Jitter100-500Break5500&6000	165	Pulse	199	1320000	33047	NA
Jitter100-500Break5500&6000	165	Pulse	199	1330000	43047	NA
Jitter100-500Break5500&6000	165	Pulse	199	1340000	53047	NA
Jitter100-500Break5500&6000	166	Picture	80	1342459	0	1	7334	1	0	7000	other	0
Jitter100-500Break5500&6000	166	Pulse	199	1350000	7541	NA
Jitter100-500Break5500&6000	167	Picture	40	1350126	0	1	2667	1	0	2490	other	0
Jitter100-500Break5500&6000	168	Picture	85	1353126	0	1	7334	1	0	7000	miss	0
Jitter100-500Break5500&6000	168	Pulse	199	1360000	6874	NA
Jitter100-500Break5500&6000	169	Picture	40	1360627	0	1	3000	1	0	2690	other	0
Jitter100-500Break5500&6000	170	Picture	80	1363794	0	1	7501	1	0	7000	other	0
Jitter100-500Break5500&6000	170	Pulse	199	1370000	6206	NA
Jitter100-500Break5500&6000	171	Picture	40	1371461	0	1	3834	1	0	3660	other	0
Jitter100-500Break5500&6000	172	Picture	80	1375462	0	1	7334	1	0	7000	other	0
Jitter100-500Break5500&6000	172	Pulse	199	1380000	4538	NA
Jitter100-500Break5500&6000	173	Picture	40	1382962	0	1	3167	1	0	2860	other	0
Jitter100-500Break5500&6000	174	Picture	80	1386296	0	1	7167	1	0	7000	other	0
Jitter100-500Break5500&6000	174	Pulse	199	1390000	3704	NA
Jitter100-500Break5500&6000	175	Picture	40	1393797	0	1	2167	1	0	1990	other	0
Jitter100-500Break5500&6000	176	Picture	85	1396130	0	1	7167	1	0	7000	miss	0
Jitter100-500Break5500&6000	176	Pulse	199	1400000	3870	NA
Jitter100-500Break5500&6000	177	Picture	40	1403464	0	1	4500	1	0	4350	other	0
Jitter100-500Break5500&6000	178	Picture	80	1408465	0	1	7501	1	0	7000	other	0
Jitter100-500Break5500&6000	178	Pulse	199	1410000	1535	NA
Jitter100-500Break5500&6000	179	Picture	40	1416132	0	1	2000	1	0	1780	other	0
Jitter100-500Break5500&6000	180	Picture	80	1418299	0	1	7501	1	0	7000	other	0
Jitter100-500Break5500&6000	180	Pulse	199	1420000	1701	NA
Jitter100-500Break5500&6000	181	Picture	40	1425966	0	1	2334	1	0	2140	other	0
Jitter100-500Break5500&6000	182	Picture	80	1428467	0	1	7501	1	0	7000	other	0
Jitter100-500Break5500&6000	182	Pulse	199	1430000	1533	NA
Jitter100-500Break5500&6000	183	Picture	40	1436134	0	1	2500	1	0	2130	other	0
Jitter100-500Break5500&6000	184	Picture	80	1438801	0	1	7167	1	0	7000	other	0
Jitter100-500Break5500&6000	184	Pulse	199	1440000	1199	NA
Jitter100-500Break5500&6000	185	Picture	40	1446302	0	1	3500	1	0	3310	other	0
Jitter100-500Break5500&6000	186	Picture	50	1449969	0	1	60172	1	0	next	other	0
Jitter100-500Break5500&6000	186	Pulse	199	1450000	31	NA
Jitter100-500Break5500&6000	186	Pulse	199	1460000	10031	NA
Jitter100-500Break5500&6000	186	Pulse	199	1470000	20031	NA
Jitter100-500Break5500&6000	186	Pulse	199	1480000	30031	NA
Jitter100-500Break5500&6000	186	Pulse	199	1490000	40031	NA
Jitter100-500Break5500&6000	186	Pulse	199	1500000	50031	NA
Jitter100-500Break5500&6000	186	Pulse	199	1510000	60031	NA
Jitter100-500Break5500&6000	187	Picture	90	1510141	0	1	7501	1	0	7000	other	0
Jitter100-500Break5500&6000	188	Picture	40	1517808	0	1	2000	1	0	1780	other	0
Jitter100-500Break5500&6000	189	Picture	90	1519975	0	1	7167	1	0	7000	other	0
Jitter100-500Break5500&6000	189	Pulse	199	1520000	25	NA
Jitter100-500Break5500&6000	190	Picture	40	1527476	0	1	4667	1	0	4350	other	0
Jitter100-500Break5500&6000	190	Pulse	199	1530000	2524	NA
Jitter100-500Break5500&6000	191	Picture	90	1532310	0	1	7167	1	0	7000	other	0
Jitter100-500Break5500&6000	192	Picture	40	1539810	0	1	3834	1	0	3660	other	0
Jitter100-500Break5500&6000	192	Pulse	199	1540000	190	NA
Jitter100-500Break5500&6000	193	Picture	90	1543977	0	1	7167	1	0	7000	other	0
Jitter100-500Break5500&6000	193	Pulse	199	1550000	6023	NA
Jitter100-500Break5500&6000	194	Picture	40	1551478	0	1	2334	1	0	1990	other	0
Jitter100-500Break5500&6000	195	Picture	90	1553978	0	1	7167	1	0	7000	other	0
Jitter100-500Break5500&6000	195	Pulse	199	1560000	6022	NA
Jitter100-500Break5500&6000	196	Picture	40	1561479	0	1	2500	1	0	2130	other	0
Jitter100-500Break5500&6000	197	Picture	90	1564146	0	1	7501	1	0	7000	other	0
Jitter100-500Break5500&6000	197	Pulse	199	1570000	5854	NA
Jitter100-500Break5500&6000	198	Picture	40	1571813	0	1	3167	1	0	2690	other	0
Jitter100-500Break5500&6000	199	Picture	90	1575147	0	1	7167	1	0	7000	other	0
Jitter100-500Break5500&6000	199	Pulse	199	1580000	4853	NA
Jitter100-500Break5500&6000	200	Picture	40	1582481	0	1	2334	1	0	2140	other	0
Jitter100-500Break5500&6000	201	Picture	95	1584981	0	1	7167	1	0	7000	miss	0
Jitter100-500Break5500&6000	201	Pulse	199	1590000	5019	NA
Jitter100-500Break5500&6000	202	Picture	40	1592315	0	1	3000	1	0	2860	other	0
Jitter100-500Break5500&6000	203	Picture	95	1595482	0	1	7334	1	0	7000	miss	0
Jitter100-500Break5500&6000	203	Pulse	199	1600000	4518	NA
Jitter100-500Break5500&6000	204	Picture	40	1602983	0	1	2834	1	0	2490	other	0
Jitter100-500Break5500&6000	205	Picture	90	1605983	0	1	7167	1	0	7000	other	0
Jitter100-500Break5500&6000	205	Pulse	199	1610000	4017	NA
Jitter100-500Break5500&6000	206	Picture	40	1613317	0	1	3500	1	0	3310	other	0
Jitter100-500Break5500&6000	207	Picture	50	1616984	0	1	60506	1	0	next	other	0
Jitter100-500Break5500&6000	207	Pulse	199	1620000	3016	NA
Jitter100-500Break5500&6000	207	Pulse	199	1630000	13016	NA
Jitter100-500Break5500&6000	207	Pulse	199	1640000	23016	NA
Jitter100-500Break5500&6000	207	Pulse	199	1650000	33016	NA
Jitter100-500Break5500&6000	207	Pulse	199	1660000	43016	NA
Jitter100-500Break5500&6000	207	Pulse	199	1670000	53016	NA
Jitter100-500Break5500&6000	208	Picture	60	1677490	0	1	7167	1	0	7000	other	0
Jitter100-500Break5500&6000	208	Pulse	199	1680000	2510	NA
Jitter100-500Break5500&6000	209	Picture	40	1684991	0	1	2334	1	0	2130	other	0
Jitter100-500Break5500&6000	210	Picture	60	1687658	0	1	7334	1	0	7000	other	0
Jitter100-500Break5500&6000	210	Pulse	199	1690000	2342	NA
Jitter100-500Break5500&6000	211	Picture	40	1695158	0	1	3500	1	0	3310	other	0
Jitter100-500Break5500&6000	212	Picture	60	1699159	0	1	7167	1	0	7000	other	0
Jitter100-500Break5500&6000	212	Pulse	199	1700000	841	NA
Jitter100-500Break5500&6000	213	Picture	40	1706493	0	1	2334	1	0	2140	other	0
Jitter100-500Break5500&6000	214	Picture	60	1709160	0	1	7334	1	0	7000	other	0
Jitter100-500Break5500&6000	214	Pulse	199	1710000	840	NA
Jitter100-500Break5500&6000	215	Picture	40	1716660	0	1	4000	1	0	3660	other	0
Jitter100-500Break5500&6000	215	Pulse	199	1720000	3340	NA
Jitter100-500Break5500&6000	216	Picture	60	1720827	0	1	7501	1	0	7000	other	0
Jitter100-500Break5500&6000	217	Picture	40	1728495	0	1	2667	1	0	2490	other	0
Jitter100-500Break5500&6000	217	Pulse	199	1730000	1505	NA
Jitter100-500Break5500&6000	218	Picture	60	1731328	0	1	7334	1	0	7000	other	0
Jitter100-500Break5500&6000	219	Picture	40	1738829	0	1	3000	1	0	2860	other	0
Jitter100-500Break5500&6000	219	Pulse	199	1740000	1171	NA
Jitter100-500Break5500&6000	220	Picture	65	1742329	0	1	7334	1	0	7000	miss	0
Jitter100-500Break5500&6000	221	Picture	40	1749830	0	1	4500	1	0	4350	other	0
Jitter100-500Break5500&6000	221	Pulse	199	1750000	170	NA
Jitter100-500Break5500&6000	222	Picture	60	1754664	0	1	7167	1	0	7000	other	0
Jitter100-500Break5500&6000	222	Pulse	199	1760000	5336	NA
Jitter100-500Break5500&6000	223	Picture	40	1762164	0	1	2000	1	0	1780	other	0
Jitter100-500Break5500&6000	224	Picture	60	1764331	0	1	7167	1	0	7000	other	0
Jitter100-500Break5500&6000	224	Pulse	199	1770000	5669	NA
Jitter100-500Break5500&6000	225	Picture	40	1771665	0	1	2834	1	0	2690	other	0
Jitter100-500Break5500&6000	226	Picture	65	1774999	0	1	7167	1	0	7000	miss	0
Jitter100-500Break5500&6000	226	Pulse	199	1780000	5001	NA
Jitter100-500Break5500&6000	227	Picture	40	1782500	0	1	2334	1	0	1990	other	0
Jitter100-500Break5500&6000	228	Picture	50	1785000	0	1	55172	1	0	next	other	0
Jitter100-500Break5500&6000	228	Pulse	199	1790000	5000	NA
Jitter100-500Break5500&6000	228	Pulse	199	1800000	15000	NA
Jitter100-500Break5500&6000	228	Pulse	199	1810000	25000	NA
Jitter100-500Break5500&6000	228	Pulse	199	1820000	35000	NA
Jitter100-500Break5500&6000	228	Pulse	199	1830000	45000	NA
Jitter100-500Break5500&6000	228	Pulse	199	1840000	55000	NA
Jitter100-500Break5500&6000	229	Picture	70	1840172	0	1	7334	1	0	7000	other	0
Jitter100-500Break5500&6000	230	Picture	40	1847673	0	1	3500	1	0	3310	other	0
Jitter100-500Break5500&6000	230	Pulse	199	1850000	2327	NA
Jitter100-500Break5500&6000	231	Picture	70	1851506	0	1	7167	1	0	7000	other	0
Jitter100-500Break5500&6000	232	Picture	40	1858840	0	1	2334	1	0	2130	other	0
Jitter100-500Break5500&6000	232	Pulse	199	1860000	1160	NA
Jitter100-500Break5500&6000	233	Picture	70	1861507	0	1	7167	1	0	7000	other	0
Jitter100-500Break5500&6000	234	Picture	40	1869174	0	1	2500	1	0	2140	other	0
Jitter100-500Break5500&6000	234	Pulse	199	1870000	826	NA
Jitter100-500Break5500&6000	235	Picture	70	1871841	0	1	7334	1	0	7000	other	0
Jitter100-500Break5500&6000	236	Picture	40	1879675	0	1	3000	1	0	2690	other	0
Jitter100-500Break5500&6000	236	Pulse	199	1880000	325	NA
Jitter100-500Break5500&6000	237	Picture	70	1882842	0	1	7167	1	0	7000	other	0
Jitter100-500Break5500&6000	237	Pulse	199	1890000	7158	NA
Jitter100-500Break5500&6000	238	Picture	40	1890176	0	1	2167	1	0	1780	other	0
Jitter100-500Break5500&6000	239	Picture	70	1892510	0	1	7167	1	0	7000	other	0
Jitter100-500Break5500&6000	239	Pulse	199	1900000	7490	NA
Jitter100-500Break5500&6000	240	Picture	40	1900177	0	1	2167	1	0	1990	other	0
Jitter100-500Break5500&6000	241	Picture	70	1902844	0	1	7334	1	0	7000	other	0
Jitter100-500Break5500&6000	241	Pulse	199	1910000	7156	NA
Jitter100-500Break5500&6000	242	Picture	40	1910345	0	1	4500	1	0	4350	other	0
Jitter100-500Break5500&6000	243	Picture	70	1915012	0	1	7167	1	0	7000	other	0
Jitter100-500Break5500&6000	243	Pulse	199	1920000	4988	NA
Jitter100-500Break5500&6000	244	Picture	40	1922680	0	1	3167	1	0	2860	other	0
Jitter100-500Break5500&6000	245	Picture	50	1926013	0	1	60506	1	0	next	other	0
Jitter100-500Break5500&6000	245	Pulse	199	1930000	3987	NA
Jitter100-500Break5500&6000	245	Pulse	199	1940000	13987	NA
Jitter100-500Break5500&6000	245	Pulse	199	1950000	23987	NA
Jitter100-500Break5500&6000	245	Pulse	199	1960000	33987	NA
Jitter100-500Break5500&6000	245	Pulse	199	1970000	43987	NA
Jitter100-500Break5500&6000	245	Pulse	199	1980000	53987	NA
Jitter100-500Break5500&6000	246	Picture	70	1986519	0	1	7167	1	0	7000	other	0
Jitter100-500Break5500&6000	246	Pulse	199	1990000	3481	NA
Jitter100-500Break5500&6000	247	Picture	40	1994020	0	1	2334	1	0	2140	other	0
Jitter100-500Break5500&6000	248	Picture	70	1996520	0	1	7167	1	0	7000	other	0
Jitter100-500Break5500&6000	248	Pulse	199	2000000	3480	NA
Jitter100-500Break5500&6000	249	Picture	40	2003854	0	1	2334	1	0	2130	other	0
Jitter100-500Break5500&6000	250	Picture	70	2006521	0	1	7334	1	0	7000	other	0
Jitter100-500Break5500&6000	250	Pulse	199	2010000	3479	NA
Jitter100-500Break5500&6000	251	Picture	40	2014021	0	1	2167	1	0	1990	other	0
Jitter100-500Break5500&6000	252	Picture	70	2016522	0	1	7167	1	0	7000	other	0
Jitter100-500Break5500&6000	252	Pulse	199	2020000	3478	NA
Jitter100-500Break5500&6000	253	Picture	40	2024022	0	1	3834	1	0	3660	other	0
Jitter100-500Break5500&6000	254	Picture	70	2028023	0	1	7334	1	0	7000	other	0
Jitter100-500Break5500&6000	254	Pulse	199	2030000	1977	NA
Jitter100-500Break5500&6000	255	Picture	40	2035523	0	1	2000	1	0	1780	other	0
Jitter100-500Break5500&6000	256	Picture	70	2037857	0	1	7501	1	0	7000	other	0
Jitter100-500Break5500&6000	256	Pulse	199	2040000	2143	NA
Jitter100-500Break5500&6000	257	Picture	40	2045524	0	1	3667	1	0	3310	other	0
Jitter100-500Break5500&6000	258	Picture	70	2049358	0	1	7167	1	0	7000	other	0
Jitter100-500Break5500&6000	258	Pulse	199	2050000	642	NA
Jitter100-500Break5500&6000	259	Picture	40	2056859	0	1	4500	1	0	4350	other	0
Jitter100-500Break5500&6000	259	Pulse	199	2060000	3141	NA
Jitter100-500Break5500&6000	260	Picture	70	2061526	0	1	7167	1	0	7000	other	0
Jitter100-500Break5500&6000	261	Picture	40	2069193	0	1	2834	1	0	2690	other	0
Jitter100-500Break5500&6000	261	Pulse	199	2070000	807	NA
Jitter100-500Break5500&6000	262	Picture	50	2072360	0	1	55172	1	0	next	other	0
Jitter100-500Break5500&6000	262	Pulse	199	2080000	7640	NA
Jitter100-500Break5500&6000	262	Pulse	199	2090000	17640	NA
Jitter100-500Break5500&6000	262	Pulse	199	2100000	27640	NA
Jitter100-500Break5500&6000	262	Pulse	199	2110000	37640	NA
Jitter100-500Break5500&6000	262	Pulse	199	2120000	47640	NA
Jitter100-500Break5500&6000	263	Picture	90	2127532	0	1	7167	1	0	7000	other	0
Jitter100-500Break5500&6000	263	Pulse	199	2130000	2468	NA
Jitter100-500Break5500&6000	264	Picture	40	2134866	0	1	2834	1	0	2490	other	0
Jitter100-500Break5500&6000	265	Picture	90	2137866	0	1	7334	1	0	7000	other	0
Jitter100-500Break5500&6000	265	Pulse	199	2140000	2134	NA
Jitter100-500Break5500&6000	266	Picture	40	2145367	0	1	2000	1	0	1780	other	0
Jitter100-500Break5500&6000	267	Picture	90	2147534	0	1	7167	1	0	7000	other	0
Jitter100-500Break5500&6000	267	Pulse	199	2150000	2466	NA
Jitter100-500Break5500&6000	268	Picture	40	2155201	0	1	2334	1	0	2130	other	0
Jitter100-500Break5500&6000	269	Picture	90	2157868	0	1	7501	1	0	7000	other	0
Jitter100-500Break5500&6000	269	Pulse	199	2160000	2132	NA
Jitter100-500Break5500&6000	270	Picture	40	2165535	0	1	3667	1	0	3310	other	0
Jitter100-500Break5500&6000	271	Picture	90	2169369	0	1	7167	1	0	7000	other	0
Jitter100-500Break5500&6000	271	Pulse	199	2170000	631	NA
Jitter100-500Break5500&6000	272	Picture	40	2177037	0	1	4500	1	0	4350	other	0
Jitter100-500Break5500&6000	272	Pulse	199	2180000	2963	NA
Jitter100-500Break5500&6000	273	Picture	90	2181870	0	1	7167	1	0	7000	other	0
Jitter100-500Break5500&6000	274	Picture	40	2189204	0	1	2500	1	0	1990	other	0
Jitter100-500Break5500&6000	274	Pulse	199	2190000	796	NA
Jitter100-500Break5500&6000	275	Picture	90	2191871	0	1	7167	1	0	7000	other	0
Jitter100-500Break5500&6000	276	Picture	40	2199205	0	1	3000	1	0	2690	other	0
Jitter100-500Break5500&6000	276	Pulse	199	2200000	795	NA
Jitter100-500Break5500&6000	277	Picture	90	2202372	0	1	7167	1	0	7000	other	0
Jitter100-500Break5500&6000	278	Picture	40	2209706	0	1	3167	1	0	2860	other	0
Jitter100-500Break5500&6000	278	Pulse	199	2210000	294	NA
Jitter100-500Break5500&6000	279	Picture	50	2213040	0	1	55172	1	0	next	other	0
Jitter100-500Break5500&6000	279	Pulse	199	2220000	6960	NA
Jitter100-500Break5500&6000	279	Pulse	199	2230000	16960	NA
Jitter100-500Break5500&6000	279	Pulse	199	2240000	26960	NA
Jitter100-500Break5500&6000	279	Pulse	199	2250000	36960	NA
Jitter100-500Break5500&6000	279	Pulse	199	2260000	46960	NA
Jitter100-500Break5500&6000	280	Picture	60	2268212	0	1	7167	1	0	7000	other	0
Jitter100-500Break5500&6000	280	Pulse	199	2270000	1788	NA
Jitter100-500Break5500&6000	281	Picture	40	2275546	0	1	3000	1	0	2690	other	0
Jitter100-500Break5500&6000	282	Picture	60	2279046	0	1	7501	1	0	7000	other	0
Jitter100-500Break5500&6000	282	Pulse	199	2280000	954	NA
Jitter100-500Break5500&6000	283	Picture	40	2286713	0	1	3500	1	0	3310	other	0
Jitter100-500Break5500&6000	283	Pulse	199	2290000	3287	NA
Jitter100-500Break5500&6000	284	Picture	60	2290380	0	1	7167	1	0	7000	other	0
Jitter100-500Break5500&6000	285	Picture	40	2297881	0	1	2334	1	0	2140	other	0
Jitter100-500Break5500&6000	285	Pulse	199	2300000	2119	NA
Jitter100-500Break5500&6000	286	Picture	60	2300548	0	1	7167	1	0	7000	other	0
Jitter100-500Break5500&6000	287	Picture	40	2307882	0	1	4500	1	0	4350	other	0
Jitter100-500Break5500&6000	287	Pulse	199	2310000	2118	NA
Jitter100-500Break5500&6000	288	Picture	65	2312549	0	1	7167	1	0	7000	miss	0
Jitter100-500Break5500&6000	288	Pulse	199	2320000	7451	NA
Jitter100-500Break5500&6000	289	Picture	40	2320050	0	1	2000	1	0	1780	other	0
Jitter100-500Break5500&6000	290	Picture	60	2322217	0	1	7501	1	0	7000	other	0
Jitter100-500Break5500&6000	291	Picture	40	2329884	0	1	2667	1	0	2490	other	0
Jitter100-500Break5500&6000	291	Pulse	199	2330000	116	NA
Jitter100-500Break5500&6000	292	Picture	65	2333051	0	1	7167	1	0	7000	miss	0
Jitter100-500Break5500&6000	292	Pulse	199	2340000	6949	NA
Jitter100-500Break5500&6000	293	Picture	40	2340385	0	1	2167	1	0	1990	other	0
Jitter100-500Break5500&6000	294	Picture	60	2342719	0	1	7167	1	0	7000	other	0
Jitter100-500Break5500&6000	294	Pulse	199	2350000	7281	NA
Jitter100-500Break5500&6000	295	Picture	40	2350053	0	1	3167	1	0	2860	other	0
Jitter100-500Break5500&6000	296	Picture	60	2353386	0	1	7334	1	0	7000	other	0
Jitter100-500Break5500&6000	296	Pulse	199	2360000	6614	NA
Jitter100-500Break5500&6000	297	Picture	40	2360887	0	1	3834	1	0	3660	other	0
Jitter100-500Break5500&6000	298	Picture	60	2365054	0	1	7167	1	0	7000	other	0
Jitter100-500Break5500&6000	298	Pulse	199	2370000	4946	NA
Jitter100-500Break5500&6000	299	Picture	40	2372555	0	1	2334	1	0	2130	other	0
Jitter100-500Break5500&6000	300	Picture	50	2375055	0	1	55172	1	0	next	other	0
Jitter100-500Break5500&6000	300	Pulse	199	2380000	4945	NA
Jitter100-500Break5500&6000	300	Pulse	199	2390000	14945	NA
Jitter100-500Break5500&6000	300	Pulse	199	2400000	24945	NA
Jitter100-500Break5500&6000	300	Pulse	199	2410000	34945	NA
Jitter100-500Break5500&6000	300	Pulse	199	2420000	44945	NA
Jitter100-500Break5500&6000	300	Pulse	199	2430000	54945	NA
Jitter100-500Break5500&6000	301	Picture	80	2430227	0	1	7501	1	0	7000	other	0
Jitter100-500Break5500&6000	302	Picture	40	2437894	0	1	2667	1	0	2490	other	0
Jitter100-500Break5500&6000	302	Pulse	199	2440000	2106	NA
Jitter100-500Break5500&6000	303	Picture	80	2440728	0	1	7501	1	0	7000	other	0
Jitter100-500Break5500&6000	304	Picture	40	2448395	0	1	4667	1	0	4350	other	0
Jitter100-500Break5500&6000	304	Pulse	199	2450000	1605	NA
Jitter100-500Break5500&6000	305	Picture	80	2453562	0	1	7501	1	0	7000	other	0
Jitter100-500Break5500&6000	305	Pulse	199	2460000	6438	NA
Jitter100-500Break5500&6000	306	Picture	40	2461230	0	1	2167	1	0	1990	other	0
Jitter100-500Break5500&6000	307	Picture	80	2463563	0	1	7501	1	0	7000	other	0
Jitter100-500Break5500&6000	307	Pulse	199	2470000	6437	NA
Jitter100-500Break5500&6000	308	Picture	40	2471231	0	1	3500	1	0	3310	other	0
Jitter100-500Break5500&6000	309	Picture	80	2474898	0	1	7501	1	0	7000	other	0
Jitter100-500Break5500&6000	309	Pulse	199	2480000	5102	NA
Jitter100-500Break5500&6000	310	Picture	40	2482565	0	1	2500	1	0	2130	other	0
Jitter100-500Break5500&6000	311	Picture	80	2485232	0	1	7167	1	0	7000	other	0
Jitter100-500Break5500&6000	311	Pulse	199	2490000	4768	NA
Jitter100-500Break5500&6000	312	Picture	40	2492566	0	1	2167	1	0	1780	other	0
Jitter100-500Break5500&6000	313	Picture	80	2494900	0	1	7334	1	0	7000	other	0
Jitter100-500Break5500&6000	313	Pulse	199	2500000	5101	NA
Jitter100-500Break5500&6000	314	Picture	40	2502400	0	1	3000	1	0	2860	other	0
Jitter100-500Break5500&6000	315	Picture	80	2505567	0	1	7167	1	0	7000	other	0
Jitter100-500Break5500&6000	315	Pulse	199	2510000	4433	NA
Jitter100-500Break5500&6000	316	Picture	40	2513068	0	1	4000	1	0	3660	other	0
Jitter100-500Break5500&6000	317	Picture	50	2517235	0	1	60339	1	0	next	other	0
Jitter100-500Break5500&6000	317	Pulse	199	2520000	2765	NA
Jitter100-500Break5500&6000	317	Pulse	199	2530000	12765	NA
Jitter100-500Break5500&6000	317	Pulse	199	2540000	22765	NA
Jitter100-500Break5500&6000	317	Pulse	199	2550000	32765	NA
Jitter100-500Break5500&6000	317	Pulse	199	2560000	42765	NA
Jitter100-500Break5500&6000	317	Pulse	199	2570000	52765	NA
Jitter100-500Break5500&6000	318	Picture	60	2577574	0	1	7501	1	0	7000	other	0
Jitter100-500Break5500&6000	318	Pulse	199	2580000	2426	NA
Jitter100-500Break5500&6000	319	Picture	40	2585241	0	1	2834	1	0	2690	other	0
Jitter100-500Break5500&6000	320	Picture	60	2588408	0	1	7167	1	0	7000	other	0
Jitter100-500Break5500&6000	320	Pulse	199	2590000	1592	NA
Jitter100-500Break5500&6000	321	Picture	40	2595909	0	1	4167	1	0	3660	other	0
Jitter100-500Break5500&6000	321	Pulse	199	2600000	4091	NA
Jitter100-500Break5500&6000	322	Picture	60	2600243	0	1	7167	1	0	7000	other	0
Jitter100-500Break5500&6000	323	Picture	40	2607577	0	1	3167	1	0	2860	other	0
Jitter100-500Break5500&6000	323	Pulse	199	2610000	2423	NA
Jitter100-500Break5500&6000	324	Picture	60	2610910	0	1	7167	1	0	7000	other	0
Jitter100-500Break5500&6000	325	Picture	40	2618244	0	1	2834	1	0	2490	other	0
Jitter100-500Break5500&6000	325	Pulse	199	2620000	1756	NA
Jitter100-500Break5500&6000	326	Picture	60	2621245	0	1	7334	1	0	7000	other	0
Jitter100-500Break5500&6000	327	Picture	40	2628745	0	1	2167	1	0	1990	other	0
Jitter100-500Break5500&6000	327	Pulse	199	2630000	1255	NA
Jitter100-500Break5500&6000	328	Picture	60	2631079	0	1	7334	1	0	7000	other	0
Jitter100-500Break5500&6000	329	Picture	40	2638580	0	1	2500	1	0	2140	other	0
Jitter100-500Break5500&6000	329	Pulse	199	2640000	1420	NA
Jitter100-500Break5500&6000	330	Picture	60	2641247	0	1	7167	1	0	7000	other	0
Jitter100-500Break5500&6000	331	Picture	40	2648581	0	1	2500	1	0	2130	other	0
Jitter100-500Break5500&6000	331	Pulse	199	2650000	1419	NA
Jitter100-500Break5500&6000	332	Picture	60	2651247	0	1	7167	1	0	7000	other	0
Jitter100-500Break5500&6000	333	Picture	40	2658581	0	1	3834	1	0	3310	other	0
Jitter100-500Break5500&6000	333	Pulse	199	2660000	1419	NA
Jitter100-500Break5500&6000	334	Picture	50	2662582	0	1	55172	1	0	next	other	0
Jitter100-500Break5500&6000	334	Pulse	199	2670000	7418	NA
Jitter100-500Break5500&6000	334	Pulse	199	2680000	17418	NA
Jitter100-500Break5500&6000	334	Pulse	199	2690000	27418	NA
Jitter100-500Break5500&6000	334	Pulse	199	2700000	37418	NA
Jitter100-500Break5500&6000	334	Pulse	199	2710000	47418	NA
Jitter100-500Break5500&6000	335	Picture	80	2717754	0	1	7167	1	0	7000	other	0
Jitter100-500Break5500&6000	335	Pulse	199	2720000	2246	NA
Jitter100-500Break5500&6000	336	Picture	40	2725088	0	1	3000	1	0	2860	other	0
Jitter100-500Break5500&6000	337	Picture	80	2728421	0	1	7334	1	0	7000	other	0
Jitter100-500Break5500&6000	337	Pulse	199	2730000	1579	NA
Jitter100-500Break5500&6000	338	Picture	40	2735922	0	1	2167	1	0	1990	other	0
Jitter100-500Break5500&6000	339	Picture	85	2738256	0	1	7167	1	0	7000	miss	0
Jitter100-500Break5500&6000	339	Pulse	199	2740000	1744	NA
Jitter100-500Break5500&6000	340	Picture	40	2745756	0	1	3500	1	0	3310	other	0
Jitter100-500Break5500&6000	341	Picture	80	2749757	0	1	7167	1	0	7000	other	0
Jitter100-500Break5500&6000	341	Pulse	199	2750000	243	NA
Jitter100-500Break5500&6000	342	Picture	40	2757257	0	1	3834	1	0	3660	other	0
Jitter100-500Break5500&6000	342	Pulse	199	2760000	2743	NA
Jitter100-500Break5500&6000	343	Picture	80	2761424	0	1	7167	1	0	7000	other	0
Jitter100-500Break5500&6000	344	Picture	40	2768925	0	1	3000	1	0	2690	other	0
Jitter100-500Break5500&6000	344	Pulse	199	2770000	1075	NA
Jitter100-500Break5500&6000	345	Picture	80	2772092	0	1	7334	1	0	7000	other	0
Jitter100-500Break5500&6000	346	Picture	40	2779593	0	1	4500	1	0	4350	other	0
Jitter100-500Break5500&6000	346	Pulse	199	2780000	407	NA
Jitter100-500Break5500&6000	347	Picture	80	2784593	0	1	7167	1	0	7000	other	0
Jitter100-500Break5500&6000	347	Pulse	199	2790000	5407	NA
Jitter100-500Break5500&6000	348	Picture	40	2792094	0	1	2834	1	0	2490	other	0
Jitter100-500Break5500&6000	349	Picture	80	2795094	0	1	7501	1	0	7000	other	0
Jitter100-500Break5500&6000	349	Pulse	199	2800000	4906	NA
Jitter100-500Break5500&6000	350	Picture	40	2802762	0	1	2334	1	0	2130	other	0
Jitter100-500Break5500&6000	351	Picture	80	2805262	0	1	7334	1	0	7000	other	0
Jitter100-500Break5500&6000	351	Pulse	199	2810000	4738	NA
Jitter100-500Break5500&6000	352	Picture	40	2812762	0	1	2167	1	0	1780	other	0
Jitter100-500Break5500&6000	353	Picture	85	2815096	0	1	7167	1	0	7000	miss	0
Jitter100-500Break5500&6000	353	Pulse	199	2820000	4904	NA
Jitter100-500Break5500&6000	354	Picture	40	2822430	0	1	2334	1	0	2140	other	0
Jitter100-500Break5500&6000	355	Picture	50	2825097	0	1	60172	1	0	next	other	0
Jitter100-500Break5500&6000	355	Pulse	199	2830000	4903	NA
Jitter100-500Break5500&6000	355	Pulse	199	2840000	14903	NA
Jitter100-500Break5500&6000	355	Pulse	199	2850000	24903	NA
Jitter100-500Break5500&6000	355	Pulse	199	2860000	34903	NA
Jitter100-500Break5500&6000	355	Pulse	199	2870000	44903	NA
Jitter100-500Break5500&6000	355	Pulse	199	2880000	54903	NA
Jitter100-500Break5500&6000	356	Picture	90	2885269	0	1	7167	1	0	7000	other	0
Jitter100-500Break5500&6000	356	Pulse	199	2890000	4731	NA
Jitter100-500Break5500&6000	357	Picture	40	2892603	0	1	2667	1	0	2490	other	0
Jitter100-500Break5500&6000	358	Picture	90	2895437	0	1	7167	1	0	7000	other	0
Jitter100-500Break5500&6000	358	Pulse	199	2900000	4563	NA
Jitter100-500Break5500&6000	359	Picture	40	2903104	0	1	2000	1	0	1780	other	0
Jitter100-500Break5500&6000	360	Picture	95	2905271	0	1	7167	1	0	7000	miss	0
Jitter100-500Break5500&6000	360	Pulse	199	2910000	4729	NA
Jitter100-500Break5500&6000	361	Picture	40	2912772	0	1	2334	1	0	2130	other	0
Jitter100-500Break5500&6000	362	Picture	90	2915272	0	1	7167	1	0	7000	other	0
Jitter100-500Break5500&6000	362	Pulse	199	2920000	4728	NA
Jitter100-500Break5500&6000	363	Picture	40	2922606	0	1	3834	1	0	3660	other	0
Jitter100-500Break5500&6000	364	Picture	90	2926773	0	1	7501	1	0	7000	other	0
Jitter100-500Break5500&6000	364	Pulse	199	2930000	3227	NA
Jitter100-500Break5500&6000	365	Picture	40	2934441	0	1	2167	1	0	1990	other	0
Jitter100-500Break5500&6000	366	Picture	90	2936774	0	1	7167	1	0	7000	other	0
Jitter100-500Break5500&6000	366	Pulse	199	2940000	3226	NA
Jitter100-500Break5500&6000	367	Picture	40	2944108	0	1	3500	1	0	3310	other	0
Jitter100-500Break5500&6000	368	Picture	90	2947942	0	1	7334	1	0	7000	other	0
Jitter100-500Break5500&6000	368	Pulse	199	2950000	2058	NA
Jitter100-500Break5500&6000	369	Picture	40	2955442	0	1	2834	1	0	2690	other	0
Jitter100-500Break5500&6000	370	Picture	90	2958443	0	1	7334	1	0	7000	other	0
Jitter100-500Break5500&6000	370	Pulse	199	2960000	1557	NA
Jitter100-500Break5500&6000	371	Picture	40	2965943	0	1	3167	1	0	2860	other	0
Jitter100-500Break5500&6000	372	Picture	90	2969277	0	1	7167	1	0	7000	other	0
Jitter100-500Break5500&6000	372	Pulse	199	2970000	723	NA
Jitter100-500Break5500&6000	373	Picture	40	2976611	0	1	4667	1	0	4350	other	0
Jitter100-500Break5500&6000	373	Pulse	199	2980000	3389	NA
Jitter100-500Break5500&6000	374	Picture	50	2981445	0	1	55172	1	0	next	other	0
Jitter100-500Break5500&6000	374	Pulse	199	2990000	8555	NA
Jitter100-500Break5500&6000	374	Pulse	199	3000000	18555	NA
Jitter100-500Break5500&6000	374	Pulse	199	3010000	28555	NA
Jitter100-500Break5500&6000	374	Pulse	199	3020000	38555	NA
Jitter100-500Break5500&6000	374	Pulse	199	3030000	48555	NA
Jitter100-500Break5500&6000	375	Picture	70	3036617	0	1	7334	1	0	7000	other	0
Jitter100-500Break5500&6000	375	Pulse	199	3040000	3383	NA
Jitter100-500Break5500&6000	376	Picture	40	3044117	0	1	2667	1	0	2490	other	0
Jitter100-500Break5500&6000	377	Picture	70	3046951	0	1	7167	1	0	7000	other	0
Jitter100-500Break5500&6000	377	Pulse	199	3050000	3049	NA
Jitter100-500Break5500&6000	378	Picture	40	3054285	0	1	2167	1	0	1990	other	0
Jitter100-500Break5500&6000	379	Picture	70	3056952	0	1	7167	1	0	7000	other	0
Jitter100-500Break5500&6000	379	Pulse	199	3060000	3048	NA
Jitter100-500Break5500&6000	380	Picture	40	3064286	0	1	2834	1	0	2690	other	0
Jitter100-500Break5500&6000	381	Picture	70	3067453	0	1	7501	1	0	7000	other	0
Jitter100-500Break5500&6000	381	Pulse	199	3070000	2547	NA
Jitter100-500Break5500&6000	382	Picture	40	3075120	0	1	3834	1	0	3310	other	0
Jitter100-500Break5500&6000	383	Picture	70	3079121	0	1	7167	1	0	7000	other	0
Jitter100-500Break5500&6000	383	Pulse	199	3080000	879	NA
Jitter100-500Break5500&6000	384	Picture	40	3086621	0	1	2334	1	0	2140	other	0
Jitter100-500Break5500&6000	385	Picture	70	3089122	0	1	7167	1	0	7000	other	0
Jitter100-500Break5500&6000	385	Pulse	199	3090000	878	NA
Jitter100-500Break5500&6000	386	Picture	40	3096456	0	1	3000	1	0	2860	other	0
Jitter100-500Break5500&6000	387	Picture	75	3099623	0	1	7167	1	0	7000	miss	0
Jitter100-500Break5500&6000	387	Pulse	199	3100000	377	NA
Jitter100-500Break5500&6000	388	Picture	40	3106957	0	1	2000	1	0	1780	other	0
Jitter100-500Break5500&6000	389	Picture	75	3109457	0	1	7167	1	0	7000	miss	0
Jitter100-500Break5500&6000	389	Pulse	199	3110000	543	NA
Jitter100-500Break5500&6000	390	Picture	40	3116958	0	1	3834	1	0	3660	other	0
Jitter100-500Break5500&6000	390	Pulse	199	3120000	3042	NA
Jitter100-500Break5500&6000	391	Picture	70	3121125	0	1	7501	1	0	7000	other	0
Jitter100-500Break5500&6000	392	Picture	40	3128792	0	1	4667	1	0	4350	other	0
Jitter100-500Break5500&6000	392	Pulse	199	3130000	1208	NA
Jitter100-500Break5500&6000	393	Picture	70	3133626	0	1	7167	1	0	7000	other	0
Jitter100-500Break5500&6000	393	Pulse	199	3140000	6374	NA
Jitter100-500Break5500&6000	394	Picture	40	3140960	0	1	2334	1	0	2130	other	0
Jitter100-500Break5500&6000	395	Picture	50	3143627	0	1	55505	1	0	next	other	0
Jitter100-500Break5500&6000	395	Pulse	199	3150000	6373	NA
Jitter100-500Break5500&6000	395	Pulse	199	3160000	16373	NA
Jitter100-500Break5500&6000	395	Pulse	199	3170000	26373	NA
Jitter100-500Break5500&6000	395	Pulse	199	3180000	36373	NA
Jitter100-500Break5500&6000	395	Pulse	199	3190000	46373	NA
Jitter100-500Break5500&6000	396	Picture	200	3199132	505	1	80174	1	0	80000	other	0
Jitter100-500Break5500&6000	396	Pulse	199	3200000	1373	NA
Jitter100-500Break5500&6000	396	Pulse	199	3210000	11373	NA
Jitter100-500Break5500&6000	396	Pulse	199	3220000	21373	NA
Jitter100-500Break5500&6000	396	Pulse	199	3230000	31373	NA
Jitter100-500Break5500&6000	396	Pulse	199	3240000	41373	NA
Jitter100-500Break5500&6000	396	Pulse	199	3250000	51373	NA
Jitter100-500Break5500&6000	396	Pulse	199	3260000	61373	NA
Jitter100-500Break5500&6000	396	Pulse	199	3270000	71373	NA
Jitter100-500Break5500&6000	397	Pulse	199	3280000	527	NA
Jitter100-500Break5500&6000	397	Pulse	199	3290000	10527	NA
Jitter100-500Break5500&6000	397	Pulse	199	3300000	20527	NA
Jitter100-500Break5500&6000	397	Pulse	199	3310000	30527	NA
Jitter100-500Break5500&6000	397	Pulse	199	3320000	40527	NA
Jitter100-500Break5500&6000	397	Pulse	199	3330000	50527	NA
Jitter100-500Break5500&6000	397	Pulse	199	3340000	60527	NA
Jitter100-500Break5500&6000	397	Pulse	199	3350000	70527	NA
Jitter100-500Break5500&6000	397	Pulse	199	3360000	80527	NA
Jitter100-500Break5500&6000	397	Pulse	199	3370000	90527	NA
Jitter100-500Break5500&6000	397	Pulse	199	3380000	100527	NA
Jitter100-500Break5500&6000	397	Pulse	199	3390000	110527	NA
Jitter100-500Break5500&6000	397	Pulse	199	3400000	120527	NA
Jitter100-500Break5500&6000	397	Pulse	199	3410000	130527	NA
Jitter100-500Break5500&6000	397	Pulse	199	3420000	140527	NA
Jitter100-500Break5500&6000	397	Pulse	199	3430000	150527	NA
Jitter100-500Break5500&6000	397	Pulse	199	3440000	160527	NA
Jitter100-500Break5500&6000	397	Pulse	199	3450000	170527	NA
Jitter100-500Break5500&6000	397	Pulse	199	3460000	180527	NA
Jitter100-500Break5500&6000	397	Pulse	199	3470000	190527	NA
Jitter100-500Break5500&6000	397	Pulse	199	3480000	200527	NA
Jitter100-500Break5500&6000	397	Pulse	199	3490000	210527	NA
Jitter100-500Break5500&6000	397	Pulse	199	3500000	220527	NA
Jitter100-500Break5500&6000	397	Pulse	199	3510000	230527	NA
Jitter100-500Break5500&6000	397	Pulse	199	3520000	240527	NA
Jitter100-500Break5500&6000	397	Pulse	199	3530000	250527	NA
Jitter100-500Break5500&6000	397	Pulse	199	3540000	260527	NA
Jitter100-500Break5500&6000	397	Response	20	3545677	266204	0
