Scenario - FeedLearn_A.sce
Logfile written - 10/06/2020 11:52:09

Subject	Trial	Event Type	Code	Time	TTime	Uncertainty	Duration	Uncertainty	ReqTime	ReqDur	Stim Type	Pair Index

p006	0	Pulse	199	0	0	NA
p006	0	Pulse	199	10000	10000	NA
p006	1	Pulse	199	20000	9833	NA
p006	1	Pulse	199	30000	19833	NA
p006	1	Pulse	199	40000	29833	NA
p006	1	Pulse	199	50000	39833	NA
p006	1	Pulse	199	60000	49833	NA
p006	1	Pulse	199	70000	59833	NA
p006	1	Response	32	70340	60173	0
p006	2	Pulse	199	80000	9646	NA
p006	2	Pulse	199	90000	19646	NA
p006	2	Pulse	199	100000	29646	NA
p006	2	Pulse	199	110000	39646	NA
p006	2	Pulse	199	120000	49646	NA
p006	3	Picture	fix	120802	0	1	25647	1	0	next	other	0
p006	3	Pulse	199	130000	9198	NA
p006	3	Pulse	199	140000	19198	NA
p006	5	Picture	stim	146450	0	1	25144	1	0	25000	incorrect	21
p006	5	Pulse	199	150000	3550	NA
p006	5	Pulse	199	160000	13550	NA
p006	5	Response	32	165211	18761	0
p006	5	Pulse	199	170000	23550	NA
p006	6	Picture	fix2	171594	0	1	21792	1	0	next	other	0
p006	6	Pulse	199	180000	8406	NA
p006	6	Pulse	199	190000	18406	NA
p006	7	Picture	feedback	193386	0	1	20115	1	0	next	other	0
p006	7	Pulse	199	200000	6614	NA
p006	7	Pulse	199	210000	16614	NA
p006	8	Picture	fix	213501	0	1	29670	1	0	next	other	0
p006	8	Pulse	199	220000	6499	NA
p006	8	Pulse	199	230000	16499	NA
p006	8	Pulse	199	240000	26499	NA
p006	10	Picture	stim	243172	0	1	25144	1	0	25000	incorrect	36
p006	10	Pulse	199	250000	6828	NA
p006	10	Pulse	199	260000	16828	NA
p006	10	Response	32	262479	19307	0
p006	11	Picture	fix2	268316	0	1	10728	1	0	next	other	0
p006	11	Pulse	199	270000	1684	NA
p006	12	Picture	feedback	279044	0	1	20116	1	0	next	other	0
p006	12	Pulse	199	280000	956	NA
p006	12	Pulse	199	290000	10956	NA
p006	13	Picture	fix	299160	0	1	37549	1	0	next	other	0
p006	13	Pulse	199	300000	840	NA
p006	13	Pulse	199	310000	10840	NA
p006	13	Pulse	199	320000	20840	NA
p006	13	Pulse	199	330000	30840	NA
p006	15	Picture	stim	336709	0	1	25144	1	0	25000	hit	50
p006	15	Pulse	199	340000	3291	NA
p006	15	Pulse	199	350000	13291	NA
p006	15	Response	16	351868	15159	0
p006	15	Pulse	199	360000	23291	NA
p006	16	Picture	fix2	361853	0	1	21624	1	0	next	other	0
p006	16	Pulse	199	370000	8147	NA
p006	16	Pulse	199	380000	18147	NA
p006	17	Picture	feedback	383477	0	1	20115	1	0	next	other	0
p006	17	Pulse	199	390000	6523	NA
p006	17	Pulse	199	400000	16523	NA
p006	18	Picture	fix	403593	0	1	28832	1	0	next	other	0
p006	18	Pulse	199	410000	6407	NA
p006	18	Pulse	199	420000	16407	NA
p006	18	Pulse	199	430000	26407	NA
p006	20	Picture	stim	432425	0	1	25144	1	0	25000	hit	64
p006	20	Pulse	199	440000	7575	NA
p006	20	Response	16	449232	16807	0
p006	20	Pulse	199	450000	17575	NA
p006	21	Picture	fix2	457569	0	1	21457	1	0	next	other	0
p006	21	Pulse	199	460000	2431	NA
p006	21	Pulse	199	470000	12431	NA
p006	22	Picture	feedback	479026	0	1	20115	1	0	next	other	0
p006	22	Pulse	199	480000	974	NA
p006	22	Pulse	199	490000	10974	NA
p006	23	Picture	fix	499141	0	1	20451	1	0	next	other	0
p006	23	Pulse	199	500000	859	NA
p006	23	Pulse	199	510000	10859	NA
p006	25	Picture	stim	519592	0	1	25144	1	0	25000	incorrect	78
p006	25	Pulse	199	520000	408	NA
p006	25	Pulse	199	530000	10408	NA
p006	25	Response	32	531140	11548	0
p006	25	Pulse	199	540000	20408	NA
p006	26	Picture	fix2	544736	0	1	22295	1	0	next	other	0
p006	26	Pulse	199	550000	5264	NA
p006	26	Pulse	199	560000	15264	NA
p006	27	Picture	feedback	567031	0	1	20115	1	0	next	other	0
p006	27	Pulse	199	570000	2969	NA
p006	27	Pulse	199	580000	12969	NA
p006	28	Picture	fix	587146	0	1	23468	1	0	next	other	0
p006	28	Pulse	199	590000	2854	NA
p006	28	Pulse	199	600000	12854	NA
p006	28	Pulse	199	610000	22854	NA
p006	30	Picture	stim	610615	0	1	25144	1	0	25000	hit	92
p006	30	Pulse	199	620000	9386	NA
p006	30	Response	16	623817	13202	0
p006	30	Pulse	199	630000	19386	NA
p006	31	Picture	fix2	635759	0	1	25983	1	0	next	other	0
p006	31	Pulse	199	640000	4241	NA
p006	31	Pulse	199	650000	14241	NA
p006	31	Pulse	199	660000	24241	NA
p006	32	Picture	feedback	661741	0	1	20115	1	0	next	other	0
p006	32	Pulse	199	670000	8259	NA
p006	32	Pulse	199	680000	18259	NA
p006	33	Picture	fix	681857	0	1	32185	1	0	next	other	0
p006	33	Pulse	199	690000	8143	NA
p006	33	Pulse	199	700000	18143	NA
p006	33	Pulse	199	710000	28143	NA
p006	35	Picture	stim	714042	0	1	25144	1	0	25000	hit	107
p006	35	Pulse	199	720000	5958	NA
p006	35	Response	16	726670	12628	0
p006	35	Pulse	199	730000	15958	NA
p006	36	Picture	fix2	739186	0	1	13243	1	0	next	other	0
p006	36	Pulse	199	740000	814	NA
p006	36	Pulse	199	750000	10814	NA
p006	37	Picture	feedback	752429	0	1	20116	1	0	next	other	0
p006	37	Pulse	199	760000	7571	NA
p006	37	Pulse	199	770000	17571	NA
p006	38	Picture	fix	772544	0	1	24642	1	0	next	other	0
p006	38	Pulse	199	780000	7456	NA
p006	38	Pulse	199	790000	17456	NA
p006	40	Picture	stim	797186	0	1	25144	1	0	25000	hit	121
p006	40	Pulse	199	800000	2814	NA
p006	40	Pulse	199	810000	12814	NA
p006	40	Response	16	811769	14584	0
p006	40	Pulse	199	820000	22814	NA
p006	41	Picture	fix2	822330	0	1	11566	1	0	next	other	0
p006	41	Pulse	199	830000	7670	NA
p006	42	Picture	feedback	833896	0	1	20115	1	0	next	other	0
p006	42	Pulse	199	840000	6104	NA
p006	42	Pulse	199	850000	16104	NA
p006	43	Picture	fix	854012	0	1	29335	1	0	next	other	0
p006	43	Pulse	199	860000	5988	NA
p006	43	Pulse	199	870000	15988	NA
p006	43	Pulse	199	880000	25988	NA
p006	45	Picture	stim	883347	0	1	25144	1	0	25000	hit	134
p006	45	Pulse	199	890000	6653	NA
p006	45	Response	16	890377	7031	0
p006	45	Pulse	199	900000	16653	NA
p006	46	Picture	fix2	908491	0	1	21959	1	0	next	other	0
p006	46	Pulse	199	910000	1509	NA
p006	46	Pulse	199	920000	11509	NA
p006	46	Pulse	199	930000	21509	NA
p006	47	Picture	feedback	930451	0	1	20115	1	0	next	other	0
p006	47	Pulse	199	940000	9549	NA
p006	47	Pulse	199	950000	19549	NA
p006	48	Picture	fix	950566	0	1	29167	1	0	next	other	0
p006	48	Pulse	199	960000	9434	NA
p006	48	Pulse	199	970000	19434	NA
p006	50	Picture	stim	979734	0	1	25144	1	0	25000	incorrect	149
p006	50	Pulse	199	980000	266	NA
p006	50	Pulse	199	990000	10266	NA
p006	50	Response	32	994427	14693	0
p006	50	Pulse	199	1000000	20266	NA
p006	51	Picture	fix2	1004878	0	1	29335	1	0	next	other	0
p006	51	Pulse	199	1010000	5122	NA
p006	51	Pulse	199	1020000	15122	NA
p006	51	Pulse	199	1030000	25122	NA
p006	52	Picture	feedback	1034213	0	1	20116	1	0	next	other	0
p006	52	Pulse	199	1040000	5787	NA
p006	52	Pulse	199	1050000	15787	NA
p006	53	Picture	fix	1054328	0	1	29000	1	0	next	other	0
p006	53	Pulse	199	1060000	5672	NA
p006	53	Pulse	199	1070000	15672	NA
p006	53	Pulse	199	1080000	25672	NA
p006	55	Picture	stim	1083328	0	1	25144	1	0	25000	hit	164
p006	55	Pulse	199	1090000	6672	NA
p006	55	Response	16	1095188	11860	0
p006	55	Pulse	199	1100000	16672	NA
p006	56	Picture	fix2	1108473	0	1	16428	1	0	next	other	0
p006	56	Pulse	199	1110000	1527	NA
p006	56	Pulse	199	1120000	11527	NA
p006	57	Picture	feedback	1124900	0	1	20116	1	0	next	other	0
p006	57	Pulse	199	1130000	5100	NA
p006	57	Pulse	199	1140000	15100	NA
p006	58	Picture	fix	1145016	0	1	22295	1	0	next	other	0
p006	58	Pulse	199	1150000	4984	NA
p006	58	Pulse	199	1160000	14984	NA
p006	60	Picture	stim	1167310	0	1	25144	1	0	25000	incorrect	177
p006	60	Pulse	199	1170000	2690	NA
p006	60	Response	32	1175995	8684	0
p006	60	Pulse	199	1180000	12690	NA
p006	60	Pulse	199	1190000	22690	NA
p006	61	Picture	fix2	1192455	0	1	16763	1	0	next	other	0
p006	61	Pulse	199	1200000	7545	NA
p006	62	Picture	feedback	1209218	0	1	20115	1	0	next	other	0
p006	62	Pulse	199	1210000	782	NA
p006	62	Pulse	199	1220000	10782	NA
p006	63	Picture	fix	1229333	0	1	19445	1	0	next	other	0
p006	63	Pulse	199	1230000	667	NA
p006	63	Pulse	199	1240000	10667	NA
p006	65	Picture	stim	1248778	0	1	25144	1	0	25000	hit	190
p006	65	Pulse	199	1250000	1222	NA
p006	65	Response	16	1259596	10818	0
p006	65	Pulse	199	1260000	11222	NA
p006	65	Pulse	199	1270000	21222	NA
p006	66	Picture	fix2	1274090	0	1	14751	1	0	next	other	0
p006	66	Pulse	199	1280000	5910	NA
p006	67	Picture	feedback	1288841	0	1	20116	1	0	next	other	0
p006	67	Pulse	199	1290000	1159	NA
p006	67	Pulse	199	1300000	11159	NA
p006	68	Picture	fix	1308957	0	1	23803	1	0	next	other	0
p006	68	Pulse	199	1310000	1043	NA
p006	68	Pulse	199	1320000	11043	NA
p006	68	Pulse	199	1330000	21043	NA
p006	70	Picture	stim	1332760	0	1	25144	1	0	25000	hit	204
p006	70	Pulse	199	1340000	7240	NA
p006	70	Response	16	1340305	7545	0
p006	70	Pulse	199	1350000	17240	NA
p006	71	Picture	fix2	1357905	0	1	15925	1	0	next	other	0
p006	71	Pulse	199	1360000	2095	NA
p006	71	Pulse	199	1370000	12095	NA
p006	72	Picture	feedback	1373829	0	1	20116	1	0	next	other	0
p006	72	Pulse	199	1380000	6171	NA
p006	72	Pulse	199	1390000	16171	NA
p006	73	Picture	fix	1393945	0	1	26485	1	0	next	other	0
p006	73	Pulse	199	1400000	6055	NA
p006	73	Pulse	199	1410000	16055	NA
p006	73	Pulse	199	1420000	26055	NA
p006	75	Picture	stim	1420430	0	1	25144	1	0	25000	incorrect	218
p006	75	Pulse	199	1430000	9570	NA
p006	75	Response	32	1432386	11956	0
p006	75	Pulse	199	1440000	19570	NA
p006	76	Picture	fix2	1445575	0	1	14584	1	0	next	other	0
p006	76	Pulse	199	1450000	4425	NA
p006	76	Pulse	199	1460000	14425	NA
p006	77	Picture	feedback	1460158	0	1	20115	1	0	next	other	0
p006	77	Pulse	199	1470000	9842	NA
p006	77	Pulse	199	1480000	19842	NA
p006	78	Picture	fix	1480274	0	1	30844	1	0	next	other	0
p006	78	Pulse	199	1490000	9726	NA
p006	78	Pulse	199	1500000	19726	NA
p006	78	Pulse	199	1510000	29726	NA
p006	80	Picture	stim	1511118	0	1	25144	1	0	25000	hit	231
p006	80	Response	16	1518379	7261	0
p006	80	Pulse	199	1520000	8882	NA
p006	80	Pulse	199	1530000	18882	NA
p006	81	Picture	fix2	1536262	0	1	27659	1	0	next	other	0
p006	81	Pulse	199	1540000	3738	NA
p006	81	Pulse	199	1550000	13738	NA
p006	81	Pulse	199	1560000	23738	NA
p006	82	Picture	feedback	1563921	0	1	20116	1	0	next	other	0
p006	82	Pulse	199	1570000	6079	NA
p006	82	Pulse	199	1580000	16079	NA
p006	83	Picture	fix	1584036	0	1	22295	1	0	next	other	0
p006	83	Pulse	199	1590000	5964	NA
p006	83	Pulse	199	1600000	15964	NA
p006	85	Picture	stim	1606331	0	1	25144	1	0	25000	incorrect	246
p006	85	Pulse	199	1610000	3669	NA
p006	85	Response	32	1615843	9512	0
p006	85	Pulse	199	1620000	13669	NA
p006	85	Pulse	199	1630000	23669	NA
p006	86	Picture	fix2	1631643	0	1	21288	1	0	next	other	0
p006	86	Pulse	199	1640000	8357	NA
p006	86	Pulse	199	1650000	18357	NA
p006	87	Picture	feedback	1652931	0	1	20116	1	0	next	other	0
p006	87	Pulse	199	1660000	7069	NA
p006	87	Pulse	199	1670000	17069	NA
p006	88	Picture	fix	1673047	0	1	35873	1	0	next	other	0
p006	88	Pulse	199	1680000	6953	NA
p006	88	Pulse	199	1690000	16953	NA
p006	88	Pulse	199	1700000	26953	NA
p006	90	Picture	stim	1708920	0	1	25144	1	0	25000	hit	261
p006	90	Pulse	199	1710000	1080	NA
p006	90	Response	16	1718694	9774	0
p006	90	Pulse	199	1720000	11080	NA
p006	90	Pulse	199	1730000	21080	NA
p006	91	Picture	fix2	1734064	0	1	29167	1	0	next	other	0
p006	91	Pulse	199	1740000	5936	NA
p006	91	Pulse	199	1750000	15936	NA
p006	91	Pulse	199	1760000	25936	NA
p006	92	Picture	feedback	1763232	0	1	20116	1	0	next	other	0
p006	92	Pulse	199	1770000	6768	NA
p006	92	Pulse	199	1780000	16768	NA
p006	93	Picture	fix	1783347	0	1	25144	1	0	next	other	0
p006	93	Pulse	199	1790000	6653	NA
p006	93	Pulse	199	1800000	16653	NA
p006	95	Picture	stim	1808491	0	1	25144	1	0	25000	hit	276
p006	95	Pulse	199	1810000	1509	NA
p006	95	Response	16	1816461	7970	0
p006	95	Pulse	199	1820000	11509	NA
p006	95	Pulse	199	1830000	21509	NA
p006	96	Picture	fix2	1833636	0	1	23300	1	0	next	other	0
p006	96	Pulse	199	1840000	6364	NA
p006	96	Pulse	199	1850000	16364	NA
p006	97	Picture	feedback	1856936	0	1	20116	1	0	next	other	0
p006	97	Pulse	199	1860000	3064	NA
p006	97	Pulse	199	1870000	13064	NA
p006	98	Picture	fix	1877052	0	1	24809	1	0	next	other	0
p006	98	Pulse	199	1880000	2948	NA
p006	98	Pulse	199	1890000	12948	NA
p006	98	Pulse	199	1900000	22948	NA
p006	100	Picture	stim	1901861	0	1	25144	1	0	25000	incorrect	291
p006	100	Pulse	199	1910000	8139	NA
p006	100	Response	32	1911634	9774	0
p006	100	Pulse	199	1920000	18139	NA
p006	101	Picture	fix2	1927005	0	1	25815	1	0	next	other	0
p006	101	Pulse	199	1930000	2995	NA
p006	101	Pulse	199	1940000	12995	NA
p006	101	Pulse	199	1950000	22995	NA
p006	102	Picture	feedback	1952820	0	1	20115	1	0	next	other	0
p006	102	Pulse	199	1960000	7180	NA
p006	102	Pulse	199	1970000	17180	NA
p006	103	Picture	fix	1972935	0	1	26485	1	0	next	other	0
p006	103	Pulse	199	1980000	7065	NA
p006	103	Pulse	199	1990000	17065	NA
p006	105	Picture	stim	1999421	0	1	25144	1	0	25000	hit	305
p006	105	Pulse	199	2000000	579	NA
p006	105	Response	16	2006211	6790	0
p006	105	Pulse	199	2010000	10579	NA
p006	105	Pulse	199	2020000	20579	NA
p006	106	Picture	fix2	2024565	0	1	20451	1	0	next	other	0
p006	106	Pulse	199	2030000	5435	NA
p006	106	Pulse	199	2040000	15435	NA
p006	107	Picture	feedback	2045016	0	1	20116	1	0	next	other	0
p006	107	Pulse	199	2050000	4984	NA
p006	107	Pulse	199	2060000	14984	NA
p006	108	Picture	fix	2065131	0	1	18607	1	0	next	other	0
p006	108	Pulse	199	2070000	4869	NA
p006	108	Pulse	199	2080000	14869	NA
p006	110	Picture	stim	2083738	0	1	25144	1	0	25000	hit	319
p006	110	Pulse	199	2090000	6262	NA
p006	110	Response	16	2091911	8173	0
p006	110	Pulse	199	2100000	16262	NA
p006	111	Picture	fix2	2108883	0	1	16428	1	0	next	other	0
p006	111	Pulse	199	2110000	1117	NA
p006	111	Pulse	199	2120000	11117	NA
p006	112	Picture	feedback	2125310	0	1	20115	1	0	next	other	0
p006	112	Pulse	199	2130000	4690	NA
p006	112	Pulse	199	2140000	14690	NA
p006	113	Picture	fix	2145426	0	1	28497	1	0	next	other	0
p006	113	Pulse	199	2150000	4574	NA
p006	113	Pulse	199	2160000	14574	NA
p006	113	Pulse	199	2170000	24574	NA
p006	115	Picture	stim	2173923	0	1	25144	1	0	25000	hit	333
p006	115	Pulse	199	2180000	6077	NA
p006	115	Response	16	2187089	13166	0
p006	115	Pulse	199	2190000	16077	NA
p006	116	Picture	fix2	2199067	0	1	15254	1	0	next	other	0
p006	116	Pulse	199	2200000	933	NA
p006	116	Pulse	199	2210000	10933	NA
p006	117	Picture	feedback	2214321	0	1	20115	1	0	next	other	0
p006	117	Pulse	199	2220000	5679	NA
p006	117	Pulse	199	2230000	15679	NA
p006	118	Picture	fix	2234437	0	1	18942	1	0	next	other	0
p006	118	Pulse	199	2240000	5563	NA
p006	118	Pulse	199	2250000	15563	NA
p006	120	Picture	stim	2253379	0	1	25144	1	0	25000	incorrect	346
p006	120	Pulse	199	2260000	6621	NA
p006	120	Response	32	2263810	10431	0
p006	120	Pulse	199	2270000	16621	NA
p006	121	Picture	fix2	2278523	0	1	14081	1	0	next	other	0
p006	121	Pulse	199	2280000	1477	NA
p006	121	Pulse	199	2290000	11477	NA
p006	122	Picture	feedback	2292604	0	1	20115	1	0	next	other	0
p006	122	Pulse	199	2300000	7396	NA
p006	122	Pulse	199	2310000	17396	NA
p006	123	Picture	fix	2312719	0	1	33191	1	0	next	other	0
p006	123	Pulse	199	2320000	7281	NA
p006	123	Pulse	199	2330000	17281	NA
p006	123	Pulse	199	2340000	27281	NA
p006	125	Picture	stim	2345910	0	1	25144	1	0	25000	incorrect	360
p006	125	Pulse	199	2350000	4090	NA
p006	125	Response	32	2356600	10690	0
p006	125	Pulse	199	2360000	14090	NA
p006	125	Pulse	199	2370000	24090	NA
p006	126	Picture	fix2	2371054	0	1	13075	1	0	next	other	0
p006	126	Pulse	199	2380000	8946	NA
p006	127	Picture	feedback	2384129	0	1	20116	1	0	next	other	0
p006	127	Pulse	199	2390000	5871	NA
p006	127	Pulse	199	2400000	15871	NA
p006	128	Picture	fix	2404245	0	1	21959	1	0	next	other	0
p006	128	Pulse	199	2410000	5755	NA
p006	128	Pulse	199	2420000	15755	NA
p006	130	Picture	stim	2426204	0	1	25144	1	0	25000	incorrect	373
p006	130	Pulse	199	2430000	3796	NA
p006	130	Response	32	2435622	9418	0
p006	130	Pulse	199	2440000	13796	NA
p006	130	Pulse	199	2450000	23796	NA
p006	131	Picture	fix2	2451516	0	1	21457	1	0	next	other	0
p006	131	Pulse	199	2460000	8484	NA
p006	131	Pulse	199	2470000	18484	NA
p006	132	Picture	feedback	2472973	0	1	20115	1	0	next	other	0
p006	132	Pulse	199	2480000	7027	NA
p006	132	Pulse	199	2490000	17027	NA
p006	133	Picture	fix	2493088	0	1	27324	1	0	next	other	0
p006	133	Pulse	199	2500000	6912	NA
p006	133	Pulse	199	2510000	16912	NA
p006	133	Pulse	199	2520000	26912	NA
p006	135	Picture	stim	2520412	0	1	25144	1	0	25000	incorrect	388
p006	135	Pulse	199	2530000	9588	NA
p006	135	Response	32	2531411	10999	0
p006	135	Pulse	199	2540000	19588	NA
p006	136	Picture	fix2	2545556	0	1	16092	1	0	next	other	0
p006	136	Pulse	199	2550000	4444	NA
p006	136	Pulse	199	2560000	14444	NA
p006	137	Picture	feedback	2561649	0	1	20115	1	0	next	other	0
p006	137	Pulse	199	2570000	8351	NA
p006	137	Pulse	199	2580000	18351	NA
p006	138	Picture	fix	2581764	0	1	26821	1	0	next	other	0
p006	138	Pulse	199	2590000	8236	NA
p006	138	Pulse	199	2600000	18236	NA
p006	140	Picture	stim	2608585	0	1	25144	1	0	25000	incorrect	401
p006	140	Pulse	199	2610000	1415	NA
p006	140	Response	32	2617750	9165	0
p006	140	Pulse	199	2620000	11415	NA
p006	140	Pulse	199	2630000	21415	NA
p006	141	Picture	fix2	2633729	0	1	24306	1	0	next	other	0
p006	141	Pulse	199	2640000	6271	NA
p006	141	Pulse	199	2650000	16271	NA
p006	142	Picture	feedback	2658035	0	1	20115	1	0	next	other	0
p006	142	Pulse	199	2660000	1965	NA
p006	142	Pulse	199	2670000	11965	NA
p006	143	Picture	fix	2678151	0	1	30006	1	0	next	other	0
p006	143	Pulse	199	2680000	1849	NA
p006	143	Pulse	199	2690000	11849	NA
p006	143	Pulse	199	2700000	21849	NA
p006	145	Picture	stim	2708156	0	1	25144	1	0	25000	hit	416
p006	145	Pulse	199	2710000	1844	NA
p006	145	Response	16	2717109	8953	0
p006	145	Pulse	199	2720000	11844	NA
p006	145	Pulse	199	2730000	21844	NA
p006	146	Picture	fix2	2733301	0	1	20451	1	0	next	other	0
p006	146	Pulse	199	2740000	6699	NA
p006	146	Pulse	199	2750000	16699	NA
p006	147	Picture	feedback	2753751	0	1	20115	1	0	next	other	0
p006	147	Pulse	199	2760000	6249	NA
p006	147	Pulse	199	2770000	16249	NA
p006	148	Picture	fix	2773867	0	1	23636	1	0	next	other	0
p006	148	Pulse	199	2780000	6133	NA
p006	148	Pulse	199	2790000	16133	NA
p006	150	Picture	stim	2797503	0	1	25144	1	0	25000	hit	430
p006	150	Pulse	199	2800000	2497	NA
p006	150	Response	16	2807517	10015	0
p006	150	Pulse	199	2810000	12497	NA
p006	150	Pulse	199	2820000	22497	NA
p006	151	Picture	fix2	2822647	0	1	11231	1	0	next	other	0
p006	151	Pulse	199	2830000	7353	NA
p006	152	Picture	feedback	2833878	0	1	20115	1	0	next	other	0
p006	152	Pulse	199	2840000	6122	NA
p006	152	Pulse	199	2850000	16122	NA
p006	153	Picture	fix	2853993	0	1	22127	1	0	next	other	0
p006	153	Pulse	199	2860000	6007	NA
p006	153	Pulse	199	2870000	16007	NA
p006	155	Picture	stim	2876121	0	1	25144	1	0	25000	incorrect	443
p006	155	Pulse	199	2880000	3879	NA
p006	155	Response	32	2884250	8129	0
p006	155	Pulse	199	2890000	13879	NA
p006	155	Pulse	199	2900000	23879	NA
p006	156	Picture	fix2	2901265	0	1	23468	1	0	next	other	0
p006	156	Pulse	199	2910000	8735	NA
p006	156	Pulse	199	2920000	18735	NA
p006	157	Picture	feedback	2924733	0	1	20115	1	0	next	other	0
p006	157	Pulse	199	2930000	5267	NA
p006	157	Pulse	199	2940000	15267	NA
p006	158	Picture	fix	2944848	0	1	24642	1	0	next	other	0
p006	158	Pulse	199	2950000	5152	NA
p006	158	Pulse	199	2960000	15152	NA
p006	160	Picture	stim	2969490	0	1	25144	1	0	25000	hit	457
p006	160	Pulse	199	2970000	510	NA
p006	160	Response	16	2979844	10354	0
p006	160	Pulse	199	2980000	10510	NA
p006	160	Pulse	199	2990000	20510	NA
p006	161	Picture	fix2	2994634	0	1	26318	1	0	next	other	0
p006	161	Pulse	199	3000000	5366	NA
p006	161	Pulse	199	3010000	15366	NA
p006	161	Pulse	199	3020000	25366	NA
p006	162	Picture	feedback	3020952	0	1	20116	1	0	next	other	0
p006	162	Pulse	199	3030000	9048	NA
p006	162	Pulse	199	3040000	19048	NA
p006	163	Picture	fix	3041068	0	1	17433	1	0	next	other	0
p006	163	Pulse	199	3050000	8932	NA
p006	165	Picture	stim	3058501	0	1	25144	1	0	25000	hit	471
p006	165	Pulse	199	3060000	1499	NA
p006	165	Response	16	3065863	7362	0
p006	165	Pulse	199	3070000	11499	NA
p006	165	Pulse	199	3080000	21499	NA
p006	166	Picture	fix2	3083645	0	1	18104	1	0	next	other	0
p006	166	Pulse	199	3090000	6355	NA
p006	166	Pulse	199	3100000	16355	NA
p006	167	Picture	feedback	3101749	0	1	20116	1	0	next	other	0
p006	167	Pulse	199	3110000	8251	NA
p006	167	Pulse	199	3120000	18251	NA
p006	168	Picture	fix	3121865	0	1	34029	1	0	next	other	0
p006	168	Pulse	199	3130000	8135	NA
p006	168	Pulse	199	3140000	18135	NA
p006	168	Pulse	199	3150000	28135	NA
p006	170	Picture	stim	3155893	0	1	25144	1	0	25000	hit	486
p006	170	Pulse	199	3160000	4107	NA
p006	170	Response	16	3164846	8952	0
p006	170	Pulse	199	3170000	14107	NA
p006	170	Pulse	199	3180000	24107	NA
p006	171	Picture	fix2	3181038	0	1	26150	1	0	next	other	0
p006	171	Pulse	199	3190000	8962	NA
p006	171	Pulse	199	3200000	18962	NA
p006	172	Picture	feedback	3207188	0	1	20115	1	0	next	other	0
p006	172	Pulse	199	3210000	2812	NA
p006	172	Pulse	199	3220000	12812	NA
p006	173	Picture	fix	3227303	0	1	21457	1	0	next	other	0
p006	173	Pulse	199	3230000	2697	NA
p006	173	Pulse	199	3240000	12697	NA
p006	175	Picture	stim	3248760	0	1	25144	1	0	25000	hit	501
p006	175	Pulse	199	3250000	1240	NA
p006	175	Pulse	199	3260000	11240	NA
p006	175	Response	16	3262933	14173	0
p006	175	Pulse	199	3270000	21240	NA
p006	176	Picture	fix2	3273904	0	1	16595	1	0	next	other	0
p006	176	Pulse	199	3280000	6096	NA
p006	176	Pulse	199	3290000	16096	NA
p006	177	Picture	feedback	3290500	0	1	20115	1	0	next	other	0
p006	177	Pulse	199	3300000	9500	NA
p006	177	Pulse	199	3310000	19500	NA
p006	178	Picture	fix	3310615	0	1	26821	1	0	next	other	0
p006	178	Pulse	199	3320000	9385	NA
p006	178	Pulse	199	3330000	19385	NA
p006	180	Picture	stim	3337436	0	1	25144	1	0	25000	incorrect	515
p006	180	Pulse	199	3340000	2564	NA
p006	180	Pulse	199	3350000	12564	NA
p006	180	Response	32	3354537	17101	0
p006	180	Pulse	199	3360000	22564	NA
p006	181	Picture	fix2	3362580	0	1	18104	1	0	next	other	0
p006	181	Pulse	199	3370000	7420	NA
p006	181	Pulse	199	3380000	17420	NA
p006	182	Picture	feedback	3380684	0	1	20115	1	0	next	other	0
p006	182	Pulse	199	3390000	9316	NA
p006	182	Pulse	199	3400000	19316	NA
p006	183	Picture	fix	3400799	0	1	27994	1	0	next	other	0
p006	183	Pulse	199	3410000	9201	NA
p006	183	Pulse	199	3420000	19201	NA
p006	185	Picture	stim	3428794	0	1	25144	1	0	25000	hit	529
p006	185	Pulse	199	3430000	1206	NA
p006	185	Pulse	199	3440000	11206	NA
p006	185	Response	16	3440754	11961	0
p006	185	Pulse	199	3450000	21206	NA
p006	186	Picture	fix2	3453938	0	1	21624	1	0	next	other	0
p006	186	Pulse	199	3460000	6062	NA
p006	186	Pulse	199	3470000	16062	NA
p006	187	Picture	feedback	3475562	0	1	20115	1	0	next	other	0
p006	187	Pulse	199	3480000	4438	NA
p006	187	Pulse	199	3490000	14438	NA
p006	188	Picture	fix	3495677	0	1	20283	1	0	next	other	0
p006	188	Pulse	199	3500000	4323	NA
p006	188	Pulse	199	3510000	14323	NA
p006	190	Picture	stim	3515961	0	1	25144	1	0	25000	incorrect	542
p006	190	Pulse	199	3520000	4039	NA
p006	190	Response	32	3524478	8517	0
p006	190	Pulse	199	3530000	14039	NA
p006	190	Pulse	199	3540000	24039	NA
p006	191	Picture	fix2	3541105	0	1	17266	1	0	next	other	0
p006	191	Pulse	199	3550000	8895	NA
p006	192	Picture	feedback	3558371	0	1	20116	1	0	next	other	0
p006	192	Pulse	199	3560000	1629	NA
p006	192	Pulse	199	3570000	11629	NA
p006	193	Picture	fix	3578486	0	1	19948	1	0	next	other	0
p006	193	Pulse	199	3580000	1514	NA
p006	193	Pulse	199	3590000	11514	NA
p006	195	Picture	stim	3598434	0	1	25144	1	0	25000	incorrect	555
p006	195	Pulse	199	3600000	1566	NA
p006	195	Response	32	3608497	10063	0
p006	195	Pulse	199	3610000	11566	NA
p006	195	Pulse	199	3620000	21566	NA
p006	196	Picture	fix2	3623578	0	1	13913	1	0	next	other	0
p006	196	Pulse	199	3630000	6422	NA
p006	197	Picture	feedback	3637492	0	1	20115	1	0	next	other	0
p006	197	Pulse	199	3640000	2508	NA
p006	197	Pulse	199	3650000	12508	NA
p006	198	Picture	fix	3657607	0	1	23468	1	0	next	other	0
p006	198	Pulse	199	3660000	2393	NA
p006	198	Pulse	199	3670000	12393	NA
p006	198	Pulse	199	3680000	22393	NA
p006	200	Picture	stim	3681075	0	1	25144	1	0	25000	hit	568
p006	200	Response	16	3689829	8754	0
p006	200	Pulse	199	3690000	8925	NA
p006	200	Pulse	199	3700000	18925	NA
p006	201	Picture	fix2	3706387	0	1	16595	1	0	next	other	0
p006	201	Pulse	199	3710000	3613	NA
p006	201	Pulse	199	3720000	13613	NA
p006	202	Picture	feedback	3722982	0	1	20116	1	0	next	other	0
p006	202	Pulse	199	3730000	7018	NA
p006	202	Pulse	199	3740000	17018	NA
p006	203	Picture	fix	3743098	0	1	31179	1	0	next	other	0
p006	203	Pulse	199	3750000	6902	NA
p006	203	Pulse	199	3760000	16902	NA
p006	203	Pulse	199	3770000	26902	NA
p006	205	Picture	stim	3774277	0	1	25144	1	0	25000	hit	583
p006	205	Pulse	199	3780000	5723	NA
p006	205	Response	16	3788424	14147	0
p006	205	Pulse	199	3790000	15723	NA
p006	206	Picture	fix2	3799589	0	1	20115	1	0	next	other	0
p006	206	Pulse	199	3800000	411	NA
p006	206	Pulse	199	3810000	10411	NA
p006	207	Picture	feedback	3819704	0	1	20116	1	0	next	other	0
p006	207	Pulse	199	3820000	296	NA
p006	207	Pulse	199	3830000	10296	NA
p006	208	Picture	fix	3839820	0	1	29000	1	0	next	other	0
p006	208	Pulse	199	3840000	180	NA
p006	208	Pulse	199	3850000	10180	NA
p006	208	Pulse	199	3860000	20180	NA
p006	210	Picture	stim	3868820	0	1	25144	1	0	25000	incorrect	597
p006	210	Pulse	199	3870000	1180	NA
p006	210	Response	32	3878035	9216	0
p006	210	Pulse	199	3880000	11180	NA
p006	210	Pulse	199	3890000	21180	NA
p006	211	Picture	fix2	3893964	0	1	17936	1	0	next	other	0
p006	211	Pulse	199	3900000	6036	NA
p006	211	Pulse	199	3910000	16036	NA
p006	212	Picture	feedback	3911900	0	1	20115	1	0	next	other	0
p006	212	Pulse	199	3920000	8100	NA
p006	212	Pulse	199	3930000	18100	NA
p006	213	Picture	fix	3932016	0	1	22798	1	0	next	other	0
p006	213	Pulse	199	3940000	7984	NA
p006	213	Pulse	199	3950000	17984	NA
p006	215	Picture	stim	3954813	0	1	25144	1	0	25000	incorrect	611
p006	215	Pulse	199	3960000	5187	NA
p006	215	Response	32	3965051	10237	0
p006	215	Pulse	199	3970000	15187	NA
p006	215	Pulse	199	3980000	25187	NA
p006	216	Picture	fix2	3980125	0	1	18607	1	0	next	other	0
p006	216	Pulse	199	3990000	9875	NA
p006	217	Picture	feedback	3998732	0	1	20115	1	0	next	other	0
p006	217	Pulse	199	4000000	1268	NA
p006	217	Pulse	199	4010000	11268	NA
p006	218	Picture	fix	4018848	0	1	26821	1	0	next	other	0
p006	218	Pulse	199	4020000	1152	NA
p006	218	Pulse	199	4030000	11152	NA
p006	218	Pulse	199	4040000	21152	NA
p006	220	Picture	stim	4045668	0	1	25144	1	0	25000	incorrect	625
p006	220	Pulse	199	4050000	4332	NA
p006	220	Response	32	4054567	8899	0
p006	220	Pulse	199	4060000	14332	NA
p006	220	Pulse	199	4070000	24332	NA
p006	221	Picture	fix2	4070813	0	1	9052	1	0	next	other	0
p006	222	Picture	feedback	4079865	0	1	20116	1	0	next	other	0
p006	222	Pulse	199	4080000	135	NA
p006	222	Pulse	199	4090000	10135	NA
p006	223	Picture	fix	4099980	0	1	28497	1	0	next	other	0
p006	223	Pulse	199	4100000	20	NA
p006	223	Pulse	199	4110000	10020	NA
p006	223	Pulse	199	4120000	20020	NA
p006	225	Picture	stim	4128477	0	1	25144	1	0	25000	incorrect	638
p006	225	Pulse	199	4130000	1523	NA
p006	225	Response	32	4138088	9611	0
p006	225	Pulse	199	4140000	11523	NA
p006	225	Pulse	199	4150000	21523	NA
p006	226	Picture	fix2	4153621	0	1	24139	1	0	next	other	0
p006	226	Pulse	199	4160000	6379	NA
p006	226	Pulse	199	4170000	16379	NA
p006	227	Picture	feedback	4177760	0	1	20116	1	0	next	other	0
p006	227	Pulse	199	4180000	2240	NA
p006	227	Pulse	199	4190000	12240	NA
p006	228	Picture	fix	4197875	0	1	17769	1	0	next	other	0
p006	228	Pulse	199	4200000	2125	NA
p006	228	Pulse	199	4210000	12125	NA
p006	230	Picture	stim	4215644	0	1	25144	1	0	25000	incorrect	652
p006	230	Pulse	199	4220000	4356	NA
p006	230	Response	32	4224206	8562	0
p006	230	Pulse	199	4230000	14356	NA
p006	230	Pulse	199	4240000	24356	NA
p006	231	Picture	fix2	4240788	0	1	15925	1	0	next	other	0
p006	231	Pulse	199	4250000	9212	NA
p006	232	Picture	feedback	4256713	0	1	20115	1	0	next	other	0
p006	232	Pulse	199	4260000	3287	NA
p006	232	Pulse	199	4270000	13287	NA
p006	233	Picture	fix	4276829	0	1	16260	1	0	next	other	0
p006	233	Pulse	199	4280000	3171	NA
p006	233	Pulse	199	4290000	13171	NA
p006	235	Picture	stim	4293089	0	1	25144	1	0	25000	incorrect	665
p006	235	Pulse	199	4300000	6911	NA
p006	235	Response	32	4301646	8558	0
p006	235	Pulse	199	4310000	16911	NA
p006	236	Picture	fix2	4318233	0	1	22630	1	0	next	other	0
p006	236	Pulse	199	4320000	1767	NA
p006	236	Pulse	199	4330000	11767	NA
p006	236	Pulse	199	4340000	21767	NA
p006	237	Picture	feedback	4340863	0	1	20116	1	0	next	other	0
p006	237	Pulse	199	4350000	9137	NA
p006	237	Pulse	199	4360000	19137	NA
p006	238	Picture	fix	4360978	0	1	25982	1	0	next	other	0
p006	238	Pulse	199	4370000	9022	NA
p006	238	Pulse	199	4380000	19022	NA
p006	240	Picture	stim	4386961	0	1	25144	1	0	25000	incorrect	679
p006	240	Pulse	199	4390000	3039	NA
p006	240	Response	32	4399851	12890	0
p006	240	Pulse	199	4400000	13039	NA
p006	240	Pulse	199	4410000	23039	NA
p006	241	Picture	fix2	4412273	0	1	16092	1	0	next	other	0
p006	241	Pulse	199	4420000	7727	NA
p006	242	Picture	feedback	4428365	0	1	20115	1	0	next	other	0
p006	242	Pulse	199	4430000	1635	NA
p006	242	Pulse	199	4440000	11635	NA
p006	243	Picture	100	4448481	0	1	80127	1	0	80000	other	0
p006	243	Pulse	199	4450000	1519	NA
p006	243	Pulse	199	4460000	11519	NA
p006	243	Pulse	199	4470000	21519	NA
p006	243	Pulse	199	4480000	31519	NA
p006	243	Pulse	199	4490000	41519	NA
p006	243	Pulse	199	4500000	51519	NA
p006	243	Pulse	199	4510000	61519	NA
p006	243	Pulse	199	4520000	71519	NA
