Scenario - FeedLearn_A.sce
Logfile written - 11/27/2020 13:56:50

Subject	Trial	Event Type	Code	Time	TTime	Uncertainty	Duration	Uncertainty	ReqTime	ReqDur	Stim Type	Pair Index

P007	0	Pulse	199	0	0	NA
P007	0	Pulse	199	10000	10000	NA
P007	1	Pulse	199	20000	9665	NA
P007	1	Pulse	199	30000	19665	NA
P007	1	Pulse	199	40000	29665	NA
P007	1	Pulse	199	50000	39665	NA
P007	1	Pulse	199	60000	49665	NA
P007	1	Pulse	199	70000	59665	NA
P007	1	Pulse	199	80000	69665	NA
P007	1	Pulse	199	90000	79665	NA
P007	1	Pulse	199	100000	89665	NA
P007	1	Pulse	199	110000	99665	NA
P007	1	Pulse	199	120000	109665	NA
P007	1	Pulse	199	130000	119665	NA
P007	1	Pulse	199	140000	129665	NA
P007	1	Pulse	199	150000	139665	NA
P007	1	Pulse	199	160000	149665	NA
P007	1	Pulse	199	170000	159665	NA
P007	1	Pulse	199	180000	169665	NA
P007	1	Pulse	199	190000	179665	NA
P007	1	Pulse	199	200000	189665	NA
P007	1	Response	32	203561	193226	0
P007	2	Pulse	199	210000	6414	NA
P007	2	Pulse	199	220000	16414	NA
P007	2	Pulse	199	230000	26414	NA
P007	2	Pulse	199	240000	36414	NA
P007	2	Pulse	199	250000	46414	NA
P007	3	Picture	fix	253901	0	1	28162	1	0	next	other	0
P007	3	Pulse	199	260000	6099	NA
P007	3	Pulse	199	270000	16099	NA
P007	3	Pulse	199	280000	26099	NA
P007	5	Picture	stim	282063	0	1	25144	1	0	25000	incorrect	35
P007	5	Pulse	199	290000	7937	NA
P007	5	Pulse	199	300000	17937	NA
P007	5	Response	32	300458	18395	0
P007	6	Picture	fix2	307207	0	1	17266	1	0	next	other	0
P007	6	Pulse	199	310000	2793	NA
P007	6	Pulse	199	320000	12793	NA
P007	7	Picture	feedback	324473	0	1	20116	1	0	next	other	0
P007	7	Pulse	199	330000	5527	NA
P007	7	Pulse	199	340000	15527	NA
P007	8	Picture	fix	344589	0	1	18942	1	0	next	other	0
P007	8	Pulse	199	350000	5411	NA
P007	8	Pulse	199	360000	15411	NA
P007	10	Picture	stim	363531	0	1	25144	1	0	25000	incorrect	48
P007	10	Pulse	199	370000	6469	NA
P007	10	Pulse	199	380000	16469	NA
P007	10	Response	32	381433	17903	0
P007	11	Picture	fix2	388675	0	1	23301	1	0	next	other	0
P007	11	Pulse	199	390000	1325	NA
P007	11	Pulse	199	400000	11325	NA
P007	11	Pulse	199	410000	21325	NA
P007	12	Picture	feedback	411976	0	1	20116	1	0	next	other	0
P007	12	Pulse	199	420000	8024	NA
P007	12	Pulse	199	430000	18024	NA
P007	13	Picture	fix	432091	0	1	27324	1	0	next	other	0
P007	13	Pulse	199	440000	7909	NA
P007	13	Pulse	199	450000	17909	NA
P007	15	Picture	stim	459415	0	1	25144	1	0	25000	miss	0
P007	15	Pulse	199	460000	585	NA
P007	15	Pulse	199	470000	10585	NA
P007	15	Pulse	199	480000	20585	NA
P007	16	Picture	fix2	484727	0	1	18104	1	0	next	other	0
P007	16	Pulse	199	490000	5273	NA
P007	16	Pulse	199	500000	15273	NA
P007	17	Picture	feedback	502831	0	1	20116	1	0	next	other	0
P007	17	Pulse	199	510000	7169	NA
P007	17	Pulse	199	520000	17169	NA
P007	18	Picture	fix	522947	0	1	29670	1	0	next	other	0
P007	18	Pulse	199	530000	7053	NA
P007	18	Pulse	199	540000	17053	NA
P007	18	Pulse	199	550000	27053	NA
P007	20	Picture	stim	552617	0	1	25144	1	0	25000	hit	75
P007	20	Pulse	199	560000	7383	NA
P007	20	Response	16	564973	12356	0
P007	20	Pulse	199	570000	17383	NA
P007	21	Picture	fix2	577761	0	1	16428	1	0	next	other	0
P007	21	Pulse	199	580000	2239	NA
P007	21	Pulse	199	590000	12239	NA
P007	22	Picture	feedback	594189	0	1	20116	1	0	next	other	0
P007	22	Pulse	199	600000	5811	NA
P007	22	Pulse	199	610000	15811	NA
P007	23	Picture	fix	614305	0	1	22295	1	0	next	other	0
P007	23	Pulse	199	620000	5695	NA
P007	23	Pulse	199	630000	15695	NA
P007	25	Picture	stim	636600	0	1	25144	1	0	25000	incorrect	88
P007	25	Pulse	199	640000	3400	NA
P007	25	Response	32	649425	12825	0
P007	25	Pulse	199	650000	13400	NA
P007	25	Pulse	199	660000	23400	NA
P007	26	Picture	fix2	661744	0	1	11231	1	0	next	other	0
P007	26	Pulse	199	670000	8256	NA
P007	27	Picture	feedback	672975	0	1	20116	1	0	next	other	0
P007	27	Pulse	199	680000	7025	NA
P007	27	Pulse	199	690000	17025	NA
P007	28	Picture	fix	693091	0	1	24809	1	0	next	other	0
P007	28	Pulse	199	700000	6909	NA
P007	28	Pulse	199	710000	16909	NA
P007	30	Picture	stim	717900	0	1	25144	1	0	25000	incorrect	102
P007	30	Pulse	199	720000	2100	NA
P007	30	Pulse	199	730000	12100	NA
P007	30	Response	32	736069	18169	0
P007	30	Pulse	199	740000	22100	NA
P007	31	Picture	fix2	743044	0	1	24139	1	0	next	other	0
P007	31	Pulse	199	750000	6956	NA
P007	31	Pulse	199	760000	16956	NA
P007	32	Picture	feedback	767183	0	1	20116	1	0	next	other	0
P007	32	Pulse	199	770000	2817	NA
P007	32	Pulse	199	780000	12817	NA
P007	33	Picture	fix	787299	0	1	30844	1	0	next	other	0
P007	33	Pulse	199	790000	2701	NA
P007	33	Pulse	199	800000	12701	NA
P007	33	Pulse	199	810000	22701	NA
P007	35	Picture	stim	818143	0	1	25144	1	0	25000	incorrect	118
P007	35	Pulse	199	820000	1857	NA
P007	35	Pulse	199	830000	11857	NA
P007	35	Pulse	199	840000	21857	NA
P007	35	Response	32	842114	23971	0
P007	36	Picture	fix2	843455	0	1	13075	1	0	next	other	0
P007	36	Pulse	199	850000	6545	NA
P007	37	Picture	feedback	856530	0	1	20116	1	0	next	other	0
P007	37	Pulse	199	860000	3470	NA
P007	37	Pulse	199	870000	13470	NA
P007	38	Picture	fix	876645	0	1	23468	1	0	next	other	0
P007	38	Pulse	199	880000	3355	NA
P007	38	Pulse	199	890000	13355	NA
P007	39	Pulse	199	900000	14	NA
P007	40	Picture	stim	900114	0	1	25144	1	0	25000	hit	130
P007	40	Pulse	199	910000	9886	NA
P007	40	Response	16	914336	14223	0
P007	40	Pulse	199	920000	19886	NA
P007	41	Picture	fix2	925258	0	1	21289	1	0	next	other	0
P007	41	Pulse	199	930000	4742	NA
P007	41	Pulse	199	940000	14742	NA
P007	42	Picture	feedback	946547	0	1	20116	1	0	next	other	0
P007	42	Pulse	199	950000	3453	NA
P007	42	Pulse	199	960000	13453	NA
P007	43	Picture	fix	966662	0	1	23636	1	0	next	other	0
P007	43	Pulse	199	970000	3338	NA
P007	43	Pulse	199	980000	13338	NA
P007	43	Pulse	199	990000	23338	NA
P007	45	Picture	stim	990298	0	1	25144	1	0	25000	incorrect	145
P007	45	Pulse	199	1000000	9702	NA
P007	45	Pulse	199	1010000	19702	NA
P007	45	Response	32	1013016	22718	0
P007	46	Picture	fix2	1015443	0	1	22462	1	0	next	other	0
P007	46	Pulse	199	1020000	4557	NA
P007	46	Pulse	199	1030000	14557	NA
P007	47	Picture	feedback	1037905	0	1	20116	1	0	next	other	0
P007	47	Pulse	199	1040000	2095	NA
P007	47	Pulse	199	1050000	12095	NA
P007	48	Picture	fix	1058021	0	1	31179	1	0	next	other	0
P007	48	Pulse	199	1060000	1979	NA
P007	48	Pulse	199	1070000	11979	NA
P007	48	Pulse	199	1080000	21979	NA
P007	50	Picture	stim	1089200	0	1	25144	1	0	25000	hit	159
P007	50	Pulse	199	1090000	800	NA
P007	50	Pulse	199	1100000	10800	NA
P007	50	Response	16	1103540	14340	0
P007	50	Pulse	199	1110000	20800	NA
P007	51	Picture	fix2	1114344	0	1	23468	1	0	next	other	0
P007	51	Pulse	199	1120000	5656	NA
P007	51	Pulse	199	1130000	15656	NA
P007	52	Picture	feedback	1137812	0	1	20116	1	0	next	other	0
P007	52	Pulse	199	1140000	2188	NA
P007	52	Pulse	199	1150000	12188	NA
P007	53	Picture	fix	1157928	0	1	22127	1	0	next	other	0
P007	53	Pulse	199	1160000	2072	NA
P007	53	Pulse	199	1170000	12072	NA
P007	54	Pulse	199	1180000	121	NA
P007	55	Picture	stim	1180055	0	1	25144	1	0	25000	hit	173
P007	55	Pulse	199	1190000	9945	NA
P007	55	Response	16	1195158	15103	0
P007	55	Pulse	199	1200000	19945	NA
P007	56	Picture	fix2	1205367	0	1	18104	1	0	next	other	0
P007	56	Pulse	199	1210000	4633	NA
P007	56	Pulse	199	1220000	14633	NA
P007	57	Picture	feedback	1223471	0	1	20116	1	0	next	other	0
P007	57	Pulse	199	1230000	6529	NA
P007	57	Pulse	199	1240000	16529	NA
P007	58	Picture	fix	1243587	0	1	32185	1	0	next	other	0
P007	58	Pulse	199	1250000	6413	NA
P007	58	Pulse	199	1260000	16413	NA
P007	58	Pulse	199	1270000	26413	NA
P007	60	Picture	stim	1275772	0	1	25144	1	0	25000	hit	187
P007	60	Pulse	199	1280000	4228	NA
P007	60	Response	16	1285985	10213	0
P007	60	Pulse	199	1290000	14228	NA
P007	60	Pulse	199	1300000	24228	NA
P007	61	Picture	fix2	1300916	0	1	16595	1	0	next	other	0
P007	61	Pulse	199	1310000	9084	NA
P007	62	Picture	feedback	1317512	0	1	20116	1	0	next	other	0
P007	62	Pulse	199	1320000	2488	NA
P007	62	Pulse	199	1330000	12488	NA
P007	63	Picture	fix	1337627	0	1	37549	1	0	next	other	0
P007	63	Pulse	199	1340000	2373	NA
P007	63	Pulse	199	1350000	12373	NA
P007	63	Pulse	199	1360000	22373	NA
P007	63	Pulse	199	1370000	32373	NA
P007	65	Picture	stim	1375176	0	1	25144	1	0	25000	incorrect	203
P007	65	Pulse	199	1380000	4824	NA
P007	65	Pulse	199	1390000	14824	NA
P007	65	Response	32	1392733	17557	0
P007	65	Pulse	199	1400000	24824	NA
P007	66	Picture	fix2	1400321	0	1	14584	1	0	next	other	0
P007	66	Pulse	199	1410000	9679	NA
P007	67	Picture	feedback	1414904	0	1	20116	1	0	next	other	0
P007	67	Pulse	199	1420000	5096	NA
P007	67	Pulse	199	1430000	15096	NA
P007	68	Picture	fix	1435020	0	1	22798	1	0	next	other	0
P007	68	Pulse	199	1440000	4980	NA
P007	68	Pulse	199	1450000	14980	NA
P007	70	Picture	stim	1457818	0	1	25144	1	0	25000	hit	215
P007	70	Pulse	199	1460000	2182	NA
P007	70	Response	16	1467045	9228	0
P007	70	Pulse	199	1470000	12182	NA
P007	70	Pulse	199	1480000	22182	NA
P007	71	Picture	fix2	1482962	0	1	15925	1	0	next	other	0
P007	71	Pulse	199	1490000	7038	NA
P007	72	Picture	feedback	1498887	0	1	20116	1	0	next	other	0
P007	72	Pulse	199	1500000	1113	NA
P007	72	Pulse	199	1510000	11113	NA
P007	73	Picture	fix	1519002	0	1	26486	1	0	next	other	0
P007	73	Pulse	199	1520000	998	NA
P007	73	Pulse	199	1530000	10998	NA
P007	73	Pulse	199	1540000	20998	NA
P007	75	Picture	stim	1545488	0	1	25145	1	0	25000	hit	229
P007	75	Pulse	199	1550000	4512	NA
P007	75	Response	16	1558673	13185	0
P007	75	Pulse	199	1560000	14512	NA
P007	75	Pulse	199	1570000	24512	NA
P007	76	Picture	fix2	1570632	0	1	13243	1	0	next	other	0
P007	76	Pulse	199	1580000	9368	NA
P007	77	Picture	feedback	1583875	0	1	20116	1	0	next	other	0
P007	77	Pulse	199	1590000	6125	NA
P007	77	Pulse	199	1600000	16125	NA
P007	78	Picture	fix	1603991	0	1	26821	1	0	next	other	0
P007	78	Pulse	199	1610000	6009	NA
P007	78	Pulse	199	1620000	16009	NA
P007	78	Pulse	199	1630000	26009	NA
P007	80	Picture	stim	1630812	0	1	25144	1	0	25000	incorrect	243
P007	80	Pulse	199	1640000	9188	NA
P007	80	Response	32	1643342	12530	0
P007	80	Pulse	199	1650000	19188	NA
P007	81	Picture	fix2	1655956	0	1	22295	1	0	next	other	0
P007	81	Pulse	199	1660000	4044	NA
P007	81	Pulse	199	1670000	14044	NA
P007	82	Picture	feedback	1678251	0	1	20116	1	0	next	other	0
P007	82	Pulse	199	1680000	1749	NA
P007	82	Pulse	199	1690000	11749	NA
P007	83	Picture	fix	1698366	0	1	16260	1	0	next	other	0
P007	83	Pulse	199	1700000	1634	NA
P007	83	Pulse	199	1710000	11634	NA
P007	85	Picture	stim	1714626	0	1	25144	1	0	25000	hit	256
P007	85	Pulse	199	1720000	5374	NA
P007	85	Response	16	1727407	12781	0
P007	85	Pulse	199	1730000	15374	NA
P007	86	Picture	fix2	1739771	0	1	15925	1	0	next	other	0
P007	86	Pulse	199	1740000	229	NA
P007	86	Pulse	199	1750000	10229	NA
P007	87	Picture	feedback	1755696	0	1	20116	1	0	next	other	0
P007	87	Pulse	199	1760000	4304	NA
P007	87	Pulse	199	1770000	14304	NA
P007	88	Picture	fix	1775811	0	1	22295	1	0	next	other	0
P007	88	Pulse	199	1780000	4189	NA
P007	88	Pulse	199	1790000	14189	NA
P007	90	Picture	stim	1798106	0	1	25145	1	0	25000	hit	269
P007	90	Pulse	199	1800000	1894	NA
P007	90	Response	16	1808986	10880	0
P007	90	Pulse	199	1810000	11894	NA
P007	90	Pulse	199	1820000	21894	NA
P007	91	Picture	fix2	1823250	0	1	11566	1	0	next	other	0
P007	91	Pulse	199	1830000	6750	NA
P007	92	Picture	feedback	1834817	0	1	20116	1	0	next	other	0
P007	92	Pulse	199	1840000	5183	NA
P007	92	Pulse	199	1850000	15183	NA
P007	93	Picture	fix	1854932	0	1	17769	1	0	next	other	0
P007	93	Pulse	199	1860000	5068	NA
P007	93	Pulse	199	1870000	15068	NA
P007	95	Picture	stim	1872701	0	1	25145	1	0	25000	incorrect	282
P007	95	Pulse	199	1880000	7299	NA
P007	95	Response	32	1883501	10799	0
P007	95	Pulse	199	1890000	17299	NA
P007	96	Picture	fix2	1897846	0	1	21792	1	0	next	other	0
P007	96	Pulse	199	1900000	2154	NA
P007	96	Pulse	199	1910000	12154	NA
P007	97	Picture	feedback	1919638	0	1	20116	1	0	next	other	0
P007	97	Pulse	199	1920000	362	NA
P007	97	Pulse	199	1930000	10362	NA
P007	98	Picture	fix	1939753	0	1	18607	1	0	next	other	0
P007	98	Pulse	199	1940000	247	NA
P007	98	Pulse	199	1950000	10247	NA
P007	100	Picture	stim	1958360	0	1	25144	1	0	25000	incorrect	296
P007	100	Pulse	199	1960000	1640	NA
P007	100	Pulse	199	1970000	11640	NA
P007	100	Response	32	1973241	14881	0
P007	100	Pulse	199	1980000	21640	NA
P007	101	Picture	fix2	1983504	0	1	21624	1	0	next	other	0
P007	101	Pulse	199	1990000	6496	NA
P007	101	Pulse	199	2000000	16496	NA
P007	102	Picture	feedback	2005129	0	1	20116	1	0	next	other	0
P007	102	Pulse	199	2010000	4871	NA
P007	102	Pulse	199	2020000	14871	NA
P007	103	Picture	fix	2025244	0	1	24642	1	0	next	other	0
P007	103	Pulse	199	2030000	4756	NA
P007	103	Pulse	199	2040000	14756	NA
P007	105	Picture	stim	2049886	0	1	25144	1	0	25000	incorrect	310
P007	105	Pulse	199	2050000	114	NA
P007	105	Pulse	199	2060000	10114	NA
P007	105	Response	32	2063584	13698	0
P007	105	Pulse	199	2070000	20114	NA
P007	106	Picture	fix2	2075030	0	1	16092	1	0	next	other	0
P007	106	Pulse	199	2080000	4970	NA
P007	106	Pulse	199	2090000	14970	NA
P007	107	Picture	feedback	2091123	0	1	20116	1	0	next	other	0
P007	107	Pulse	199	2100000	8877	NA
P007	107	Pulse	199	2110000	18877	NA
P007	108	Picture	fix	2111238	0	1	26821	1	0	next	other	0
P007	108	Pulse	199	2120000	8762	NA
P007	108	Pulse	199	2130000	18762	NA
P007	110	Picture	stim	2138059	0	1	25144	1	0	25000	incorrect	324
P007	110	Pulse	199	2140000	1941	NA
P007	110	Pulse	199	2150000	11941	NA
P007	110	Response	32	2150042	11983	0
P007	110	Pulse	199	2160000	21941	NA
P007	111	Picture	fix2	2163204	0	1	20116	1	0	next	other	0
P007	111	Pulse	199	2170000	6796	NA
P007	111	Pulse	199	2180000	16796	NA
P007	112	Picture	feedback	2183319	0	1	20116	1	0	next	other	0
P007	112	Pulse	199	2190000	6681	NA
P007	112	Pulse	199	2200000	16681	NA
P007	113	Picture	fix	2203435	0	1	21457	1	0	next	other	0
P007	113	Pulse	199	2210000	6565	NA
P007	113	Pulse	199	2220000	16565	NA
P007	115	Picture	stim	2224891	0	1	25144	1	0	25000	incorrect	337
P007	115	Pulse	199	2230000	5109	NA
P007	115	Response	32	2237200	12309	0
P007	115	Pulse	199	2240000	15109	NA
P007	115	Pulse	199	2250000	25109	NA
P007	116	Picture	fix2	2250036	0	1	18607	1	0	next	other	0
P007	116	Pulse	199	2260000	9964	NA
P007	117	Picture	feedback	2268643	0	1	20116	1	0	next	other	0
P007	117	Pulse	199	2270000	1357	NA
P007	117	Pulse	199	2280000	11357	NA
P007	118	Picture	fix	2288758	0	1	29168	1	0	next	other	0
P007	118	Pulse	199	2290000	1242	NA
P007	118	Pulse	199	2300000	11242	NA
P007	118	Pulse	199	2310000	21242	NA
P007	120	Picture	stim	2317926	0	1	25144	1	0	25000	hit	351
P007	120	Pulse	199	2320000	2074	NA
P007	120	Response	16	2326654	8728	0
P007	120	Pulse	199	2330000	12074	NA
P007	120	Pulse	199	2340000	22074	NA
P007	121	Picture	fix2	2343070	0	1	26150	1	0	next	other	0
P007	121	Pulse	199	2350000	6930	NA
P007	121	Pulse	199	2360000	16930	NA
P007	122	Picture	feedback	2369221	0	1	20116	1	0	next	other	0
P007	122	Pulse	199	2370000	779	NA
P007	122	Pulse	199	2380000	10779	NA
P007	123	Picture	fix	2389336	0	1	25983	1	0	next	other	0
P007	123	Pulse	199	2390000	664	NA
P007	123	Pulse	199	2400000	10664	NA
P007	123	Pulse	199	2410000	20664	NA
P007	125	Picture	stim	2415319	0	1	25144	1	0	25000	hit	367
P007	125	Pulse	199	2420000	4681	NA
P007	125	Pulse	199	2430000	14681	NA
P007	125	Response	16	2432125	16806	0
P007	125	Pulse	199	2440000	24681	NA
P007	126	Picture	fix2	2440463	0	1	29168	1	0	next	other	0
P007	126	Pulse	199	2450000	9537	NA
P007	126	Pulse	199	2460000	19537	NA
P007	127	Picture	feedback	2469631	0	1	20116	1	0	next	other	0
P007	127	Pulse	199	2470000	369	NA
P007	127	Pulse	199	2480000	10369	NA
P007	128	Picture	fix	2489746	0	1	34029	1	0	next	other	0
P007	128	Pulse	199	2490000	254	NA
P007	128	Pulse	199	2500000	10254	NA
P007	128	Pulse	199	2510000	20254	NA
P007	128	Pulse	199	2520000	30254	NA
P007	130	Picture	stim	2523775	0	1	25145	1	0	25000	hit	383
P007	130	Pulse	199	2530000	6225	NA
P007	130	Pulse	199	2540000	16225	NA
P007	130	Response	16	2542180	18404	0
P007	131	Picture	fix2	2548920	0	1	17936	1	0	next	other	0
P007	131	Pulse	199	2550000	1080	NA
P007	131	Pulse	199	2560000	11080	NA
P007	132	Picture	feedback	2566856	0	1	20116	1	0	next	other	0
P007	132	Pulse	199	2570000	3144	NA
P007	132	Pulse	199	2580000	13144	NA
P007	133	Picture	fix	2586972	0	1	29335	1	0	next	other	0
P007	133	Pulse	199	2590000	3028	NA
P007	133	Pulse	199	2600000	13028	NA
P007	133	Pulse	199	2610000	23028	NA
P007	135	Picture	stim	2616307	0	1	25145	1	0	25000	hit	397
P007	135	Pulse	199	2620000	3693	NA
P007	135	Pulse	199	2630000	13693	NA
P007	135	Response	16	2639694	23388	0
P007	135	Pulse	199	2640000	23693	NA
P007	136	Picture	fix2	2641451	0	1	26318	1	0	next	other	0
P007	136	Pulse	199	2650000	8549	NA
P007	136	Pulse	199	2660000	18549	NA
P007	137	Picture	feedback	2667769	0	1	20116	1	0	next	other	0
P007	137	Pulse	199	2670000	2231	NA
P007	137	Pulse	199	2680000	12231	NA
P007	138	Picture	fix	2687885	0	1	28832	1	0	next	other	0
P007	138	Pulse	199	2690000	2115	NA
P007	138	Pulse	199	2700000	12115	NA
P007	138	Pulse	199	2710000	22115	NA
P007	140	Picture	stim	2716717	0	1	25144	1	0	25000	hit	412
P007	140	Pulse	199	2720000	3283	NA
P007	140	Pulse	199	2730000	13283	NA
P007	140	Response	16	2732831	16114	0
P007	140	Pulse	199	2740000	23283	NA
P007	141	Picture	fix2	2741861	0	1	16428	1	0	next	other	0
P007	141	Pulse	199	2750000	8139	NA
P007	142	Picture	feedback	2758289	0	1	20116	1	0	next	other	0
P007	142	Pulse	199	2760000	1711	NA
P007	142	Pulse	199	2770000	11711	NA
P007	143	Picture	fix	2778405	0	1	29000	1	0	next	other	0
P007	143	Pulse	199	2780000	1595	NA
P007	143	Pulse	199	2790000	11595	NA
P007	143	Pulse	199	2800000	21595	NA
P007	145	Picture	stim	2807405	0	1	25144	1	0	25000	incorrect	425
P007	145	Pulse	199	2810000	2595	NA
P007	145	Response	32	2818503	11099	0
P007	145	Pulse	199	2820000	12595	NA
P007	145	Pulse	199	2830000	22595	NA
P007	146	Picture	fix2	2832549	0	1	24306	1	0	next	other	0
P007	146	Pulse	199	2840000	7451	NA
P007	146	Pulse	199	2850000	17451	NA
P007	147	Picture	feedback	2856855	0	1	20116	1	0	next	other	0
P007	147	Pulse	199	2860000	3145	NA
P007	147	Pulse	199	2870000	13145	NA
P007	148	Picture	fix	2876971	0	1	21960	1	0	next	other	0
P007	148	Pulse	199	2880000	3029	NA
P007	148	Pulse	199	2890000	13029	NA
P007	150	Picture	stim	2898931	0	1	25144	1	0	25000	hit	439
P007	150	Pulse	199	2900000	1070	NA
P007	150	Response	16	2909453	10522	0
P007	150	Pulse	199	2910000	11070	NA
P007	150	Pulse	199	2920000	21070	NA
P007	151	Picture	fix2	2924075	0	1	10728	1	0	next	other	0
P007	151	Pulse	199	2930000	5925	NA
P007	152	Picture	feedback	2934803	0	1	20116	1	0	next	other	0
P007	152	Pulse	199	2940000	5197	NA
P007	152	Pulse	199	2950000	15197	NA
P007	153	Picture	fix	2954919	0	1	28497	1	0	next	other	0
P007	153	Pulse	199	2960000	5081	NA
P007	153	Pulse	199	2970000	15081	NA
P007	153	Pulse	199	2980000	25081	NA
P007	155	Picture	stim	2983416	0	1	25144	1	0	25000	incorrect	453
P007	155	Pulse	199	2990000	6584	NA
P007	155	Response	32	2995227	11811	0
P007	155	Pulse	199	3000000	16584	NA
P007	156	Picture	fix2	3008560	0	1	21457	1	0	next	other	0
P007	156	Pulse	199	3010000	1440	NA
P007	156	Pulse	199	3020000	11440	NA
P007	156	Pulse	199	3030000	21440	NA
P007	157	Picture	feedback	3030017	0	1	20116	1	0	next	other	0
P007	157	Pulse	199	3040000	9983	NA
P007	157	Pulse	199	3050000	19983	NA
P007	158	Picture	fix	3050133	0	1	25480	1	0	next	other	0
P007	158	Pulse	199	3060000	9868	NA
P007	158	Pulse	199	3070000	19868	NA
P007	160	Picture	stim	3075612	0	1	25145	1	0	25000	hit	467
P007	160	Pulse	199	3080000	4388	NA
P007	160	Response	16	3085187	9575	0
P007	160	Pulse	199	3090000	14388	NA
P007	160	Pulse	199	3100000	24388	NA
P007	161	Picture	fix2	3100757	0	1	9052	1	0	next	other	0
P007	162	Picture	feedback	3109809	0	1	20116	1	0	next	other	0
P007	162	Pulse	199	3110000	191	NA
P007	162	Pulse	199	3120000	10191	NA
P007	163	Picture	fix	3129924	0	1	25144	1	0	next	other	0
P007	163	Pulse	199	3130000	76	NA
P007	163	Pulse	199	3140000	10076	NA
P007	163	Pulse	199	3150000	20076	NA
P007	165	Picture	stim	3155069	0	1	25145	1	0	25000	hit	480
P007	165	Pulse	199	3160000	4931	NA
P007	165	Response	16	3165593	10524	0
P007	165	Pulse	199	3170000	14931	NA
P007	165	Pulse	199	3180000	24931	NA
P007	166	Picture	fix2	3180213	0	1	20451	1	0	next	other	0
P007	166	Pulse	199	3190000	9787	NA
P007	166	Pulse	199	3200000	19787	NA
P007	167	Picture	feedback	3200664	0	1	20116	1	0	next	other	0
P007	167	Pulse	199	3210000	9336	NA
P007	167	Pulse	199	3220000	19336	NA
P007	168	Picture	fix	3220780	0	1	20283	1	0	next	other	0
P007	168	Pulse	199	3230000	9220	NA
P007	168	Pulse	199	3240000	19220	NA
P007	170	Picture	stim	3241063	0	1	25144	1	0	25000	hit	493
P007	170	Response	16	3249981	8919	0
P007	170	Pulse	199	3250000	8937	NA
P007	170	Pulse	199	3260000	18937	NA
P007	171	Picture	fix2	3266207	0	1	21457	1	0	next	other	0
P007	171	Pulse	199	3270000	3793	NA
P007	171	Pulse	199	3280000	13793	NA
P007	172	Picture	feedback	3287664	0	1	20116	1	0	next	other	0
P007	172	Pulse	199	3290000	2336	NA
P007	172	Pulse	199	3300000	12336	NA
P007	173	Picture	fix	3307779	0	1	33191	1	0	next	other	0
P007	173	Pulse	199	3310000	2221	NA
P007	173	Pulse	199	3320000	12221	NA
P007	173	Pulse	199	3330000	22221	NA
P007	173	Pulse	199	3340000	32221	NA
P007	175	Picture	stim	3340970	0	1	25144	1	0	25000	incorrect	509
P007	175	Pulse	199	3350000	9030	NA
P007	175	Response	32	3352680	11710	0
P007	175	Pulse	199	3360000	19030	NA
P007	176	Picture	fix2	3366115	0	1	21624	1	0	next	other	0
P007	176	Pulse	199	3370000	3885	NA
P007	176	Pulse	199	3380000	13885	NA
P007	177	Picture	feedback	3387739	0	1	20116	1	0	next	other	0
P007	177	Pulse	199	3390000	2261	NA
P007	177	Pulse	199	3400000	12261	NA
P007	178	Picture	fix	3407854	0	1	26821	1	0	next	other	0
P007	178	Pulse	199	3410000	2146	NA
P007	178	Pulse	199	3420000	12146	NA
P007	178	Pulse	199	3430000	22146	NA
P007	180	Picture	stim	3434675	0	1	25145	1	0	25000	incorrect	524
P007	180	Pulse	199	3440000	5325	NA
P007	180	Pulse	199	3450000	15325	NA
P007	180	Response	32	3451503	16828	0
P007	181	Picture	fix2	3459987	0	1	16092	1	0	next	other	0
P007	181	Pulse	199	3460000	13	NA
P007	181	Pulse	199	3470000	10013	NA
P007	182	Picture	feedback	3476080	0	1	20116	1	0	next	other	0
P007	182	Pulse	199	3480000	3920	NA
P007	182	Pulse	199	3490000	13920	NA
P007	183	Picture	fix	3496195	0	1	29000	1	0	next	other	0
P007	183	Pulse	199	3500000	3805	NA
P007	183	Pulse	199	3510000	13805	NA
P007	183	Pulse	199	3520000	23805	NA
P007	185	Picture	stim	3525195	0	1	25144	1	0	25000	hit	537
P007	185	Pulse	199	3530000	4805	NA
P007	185	Response	16	3536789	11594	0
P007	185	Pulse	199	3540000	14805	NA
P007	185	Pulse	199	3550000	24805	NA
P007	186	Picture	fix2	3550507	0	1	20451	1	0	next	other	0
P007	186	Pulse	199	3560000	9493	NA
P007	186	Pulse	199	3570000	19493	NA
P007	187	Picture	feedback	3570958	0	1	20116	1	0	next	other	0
P007	187	Pulse	199	3580000	9042	NA
P007	187	Pulse	199	3590000	19042	NA
P007	188	Picture	fix	3591074	0	1	19948	1	0	next	other	0
P007	188	Pulse	199	3600000	8926	NA
P007	188	Pulse	199	3610000	18926	NA
P007	190	Picture	stim	3611022	0	1	25145	1	0	25000	incorrect	551
P007	190	Pulse	199	3620000	8978	NA
P007	190	Response	32	3622277	11256	0
P007	190	Pulse	199	3630000	18978	NA
P007	191	Picture	fix2	3636166	0	1	25815	1	0	next	other	0
P007	191	Pulse	199	3640000	3834	NA
P007	191	Pulse	199	3650000	13834	NA
P007	191	Pulse	199	3660000	23834	NA
P007	192	Picture	feedback	3661981	0	1	20116	1	0	next	other	0
P007	192	Pulse	199	3670000	8019	NA
P007	192	Pulse	199	3680000	18019	NA
P007	193	Picture	fix	3682097	0	1	19445	1	0	next	other	0
P007	193	Pulse	199	3690000	7903	NA
P007	193	Pulse	199	3700000	17903	NA
P007	195	Picture	stim	3701542	0	1	25144	1	0	25000	incorrect	565
P007	195	Pulse	199	3710000	8458	NA
P007	195	Response	32	3714733	13191	0
P007	195	Pulse	199	3720000	18458	NA
P007	196	Picture	fix2	3726854	0	1	16763	1	0	next	other	0
P007	196	Pulse	199	3730000	3146	NA
P007	196	Pulse	199	3740000	13146	NA
P007	197	Picture	feedback	3743617	0	1	20116	1	0	next	other	0
P007	197	Pulse	199	3750000	6383	NA
P007	197	Pulse	199	3760000	16383	NA
P007	198	Picture	fix	3763732	0	1	26485	1	0	next	other	0
P007	198	Pulse	199	3770000	6268	NA
P007	198	Pulse	199	3780000	16268	NA
P007	198	Pulse	199	3790000	26268	NA
P007	200	Picture	stim	3790218	0	1	25145	1	0	25000	incorrect	579
P007	200	Pulse	199	3800000	9782	NA
P007	200	Response	32	3801223	11005	0
P007	200	Pulse	199	3810000	19782	NA
P007	201	Picture	fix2	3815362	0	1	16595	1	0	next	other	0
P007	201	Pulse	199	3820000	4638	NA
P007	201	Pulse	199	3830000	14638	NA
P007	202	Picture	feedback	3831958	0	1	20116	1	0	next	other	0
P007	202	Pulse	199	3840000	8042	NA
P007	202	Pulse	199	3850000	18042	NA
P007	203	Picture	fix	3852073	0	1	23803	1	0	next	other	0
P007	203	Pulse	199	3860000	7927	NA
P007	203	Pulse	199	3870000	17927	NA
P007	205	Picture	stim	3875877	0	1	25144	1	0	25000	hit	593
P007	205	Pulse	199	3880000	4123	NA
P007	205	Pulse	199	3890000	14123	NA
P007	205	Response	16	3895371	19494	0
P007	205	Pulse	199	3900000	24123	NA
P007	206	Picture	fix2	3901021	0	1	27659	1	0	next	other	0
P007	206	Pulse	199	3910000	8979	NA
P007	206	Pulse	199	3920000	18979	NA
P007	207	Picture	feedback	3928680	0	1	20116	1	0	next	other	0
P007	207	Pulse	199	3930000	1320	NA
P007	207	Pulse	199	3940000	11320	NA
P007	208	Picture	fix	3948795	0	1	30006	1	0	next	other	0
P007	208	Pulse	199	3950000	1205	NA
P007	208	Pulse	199	3960000	11205	NA
P007	208	Pulse	199	3970000	21205	NA
P007	210	Picture	stim	3978801	0	1	25144	1	0	25000	incorrect	607
P007	210	Pulse	199	3980000	1199	NA
P007	210	Response	32	3988629	9828	0
P007	210	Pulse	199	3990000	11199	NA
P007	210	Pulse	199	4000000	21199	NA
P007	211	Picture	fix2	4003946	0	1	15254	1	0	next	other	0
P007	211	Pulse	199	4010000	6054	NA
P007	212	Picture	feedback	4019200	0	1	20116	1	0	next	other	0
P007	212	Pulse	199	4020000	800	NA
P007	212	Pulse	199	4030000	10800	NA
P007	213	Picture	fix	4039316	0	1	35873	1	0	next	other	0
P007	213	Pulse	199	4040000	684	NA
P007	213	Pulse	199	4050000	10684	NA
P007	213	Pulse	199	4060000	20684	NA
P007	213	Pulse	199	4070000	30684	NA
P007	215	Picture	stim	4075188	0	1	25144	1	0	25000	incorrect	622
P007	215	Pulse	199	4080000	4812	NA
P007	215	Response	32	4083877	8689	0
P007	215	Pulse	199	4090000	14812	NA
P007	215	Pulse	199	4100000	24812	NA
P007	216	Picture	fix2	4100333	0	1	14081	1	0	next	other	0
P007	216	Pulse	199	4110000	9667	NA
P007	217	Picture	feedback	4114414	0	1	20116	1	0	next	other	0
P007	217	Pulse	199	4120000	5586	NA
P007	217	Pulse	199	4130000	15586	NA
P007	218	Picture	fix	4134529	0	1	28497	1	0	next	other	0
P007	218	Pulse	199	4140000	5471	NA
P007	218	Pulse	199	4150000	15471	NA
P007	218	Pulse	199	4160000	25471	NA
P007	220	Picture	stim	4163026	0	1	25144	1	0	25000	hit	636
P007	220	Pulse	199	4170000	6974	NA
P007	220	Response	16	4172260	9233	0
P007	220	Pulse	199	4180000	16974	NA
P007	221	Picture	fix2	4188171	0	1	25983	1	0	next	other	0
P007	221	Pulse	199	4190000	1829	NA
P007	221	Pulse	199	4200000	11829	NA
P007	221	Pulse	199	4210000	21829	NA
P007	222	Picture	feedback	4214153	0	1	20116	1	0	next	other	0
P007	222	Pulse	199	4220000	5847	NA
P007	222	Pulse	199	4230000	15847	NA
P007	223	Picture	fix	4234269	0	1	17434	1	0	next	other	0
P007	223	Pulse	199	4240000	5731	NA
P007	223	Pulse	199	4250000	15731	NA
P007	225	Picture	stim	4251702	0	1	25144	1	0	25000	hit	650
P007	225	Pulse	199	4260000	8298	NA
P007	225	Response	16	4262341	10639	0
P007	225	Pulse	199	4270000	18298	NA
P007	226	Picture	fix2	4277015	0	1	29335	1	0	next	other	0
P007	226	Pulse	199	4280000	2985	NA
P007	226	Pulse	199	4290000	12985	NA
P007	226	Pulse	199	4300000	22985	NA
P007	227	Picture	feedback	4306350	0	1	20116	1	0	next	other	0
P007	227	Pulse	199	4310000	3650	NA
P007	227	Pulse	199	4320000	13650	NA
P007	228	Picture	fix	4326465	0	1	23468	1	0	next	other	0
P007	228	Pulse	199	4330000	3535	NA
P007	228	Pulse	199	4340000	13535	NA
P007	230	Picture	stim	4349933	0	1	25144	1	0	25000	incorrect	664
P007	230	Pulse	199	4350000	67	NA
P007	230	Response	32	4358493	8559	0
P007	230	Pulse	199	4360000	10067	NA
P007	230	Pulse	199	4370000	20067	NA
P007	231	Picture	fix2	4375246	0	1	21959	1	0	next	other	0
P007	231	Pulse	199	4380000	4754	NA
P007	231	Pulse	199	4390000	14754	NA
P007	232	Picture	feedback	4397205	0	1	20116	1	0	next	other	0
P007	232	Pulse	199	4400000	2795	NA
P007	232	Pulse	199	4410000	12795	NA
P007	233	Picture	fix	4417321	0	1	24642	1	0	next	other	0
P007	233	Pulse	199	4420000	2679	NA
P007	233	Pulse	199	4430000	12679	NA
P007	233	Pulse	199	4440000	22679	NA
P007	235	Picture	stim	4441962	0	1	25144	1	0	25000	hit	679
P007	235	Pulse	199	4450000	8038	NA
P007	235	Response	16	4451159	9197	0
P007	235	Pulse	199	4460000	18038	NA
P007	236	Picture	fix2	4467107	0	1	13913	1	0	next	other	0
P007	236	Pulse	199	4470000	2893	NA
P007	236	Pulse	199	4480000	12893	NA
P007	237	Picture	feedback	4481020	0	1	20116	1	0	next	other	0
P007	237	Pulse	199	4490000	8980	NA
P007	237	Pulse	199	4500000	18980	NA
P007	238	Picture	fix	4501135	0	1	20451	1	0	next	other	0
P007	238	Pulse	199	4510000	8865	NA
P007	238	Pulse	199	4520000	18865	NA
P007	240	Picture	stim	4521586	0	1	25144	1	0	25000	hit	693
P007	240	Pulse	199	4530000	8414	NA
P007	240	Pulse	199	4540000	18414	NA
P007	240	Response	16	4540441	18855	0
P007	241	Picture	fix2	4546898	0	1	14751	1	0	next	other	0
P007	241	Pulse	199	4550000	3102	NA
P007	241	Pulse	199	4560000	13102	NA
P007	242	Picture	feedback	4561650	0	1	20116	1	0	next	other	0
P007	242	Pulse	199	4570000	8350	NA
P007	242	Pulse	199	4580000	18350	NA
P007	243	Picture	100	4581765	0	1	80127	1	0	80000	other	0
P007	243	Pulse	199	4590000	8235	NA
P007	243	Pulse	199	4600000	18235	NA
P007	243	Pulse	199	4610000	28235	NA
P007	243	Pulse	199	4620000	38235	NA
P007	243	Pulse	199	4630000	48235	NA
P007	243	Pulse	199	4640000	58235	NA
P007	243	Pulse	199	4650000	68235	NA
P007	243	Pulse	199	4660000	78235	NA
