Scenario - FeedLearn_A.sce
Logfile written - 02/19/2021 15:04:12

Subject	Trial	Event Type	Code	Time	TTime	Uncertainty	Duration	Uncertainty	ReqTime	ReqDur	Stim Type	Pair Index

VAGOR	0	Pulse	199	0	0	NA
VAGOR	0	Pulse	199	10000	10000	NA
VAGOR	1	Pulse	199	20000	9665	NA
VAGOR	1	Response	16	27705	17370	0
VAGOR	2	Pulse	199	30000	2268	NA
VAGOR	2	Pulse	199	40000	12268	NA
VAGOR	2	Response	16	41507	13775	0
VAGOR	2	Pulse	199	50000	22268	NA
VAGOR	2	Pulse	199	60000	32268	NA
VAGOR	2	Pulse	199	70000	42268	NA
VAGOR	3	Picture	fix	78225	0	1	20116	1	0	next	other	0
VAGOR	3	Pulse	199	80000	1775	NA
VAGOR	3	Pulse	199	90000	11775	NA
VAGOR	5	Picture	stim	98341	0	1	25144	1	0	25000	miss	0
VAGOR	5	Pulse	199	100000	1659	NA
VAGOR	5	Pulse	199	110000	11659	NA
VAGOR	5	Pulse	199	120000	21659	NA
VAGOR	6	Picture	fix2	123485	0	1	22630	1	0	next	other	0
VAGOR	6	Pulse	199	130000	6515	NA
VAGOR	6	Pulse	199	140000	16515	NA
VAGOR	7	Picture	feedback	146115	0	1	20283	1	0	next	other	0
VAGOR	7	Pulse	199	150000	3885	NA
VAGOR	7	Pulse	199	160000	13885	NA
VAGOR	8	Picture	fix	166398	0	1	23803	1	0	next	other	0
VAGOR	8	Pulse	199	170000	3602	NA
VAGOR	8	Pulse	199	180000	13602	NA
VAGOR	8	Pulse	199	190000	23602	NA
VAGOR	10	Picture	stim	190202	0	1	25145	1	0	25000	incorrect	31
VAGOR	10	Pulse	199	200000	9798	NA
VAGOR	10	Pulse	199	210000	19798	NA
VAGOR	10	Response	32	213367	23165	0
VAGOR	11	Picture	fix2	215346	0	1	21959	1	0	next	other	0
VAGOR	11	Pulse	199	220000	4654	NA
VAGOR	11	Pulse	199	230000	14654	NA
VAGOR	12	Picture	feedback	237306	0	1	20283	1	0	next	other	0
VAGOR	12	Pulse	199	240000	2694	NA
VAGOR	12	Pulse	199	250000	12694	NA
VAGOR	13	Picture	fix	257589	0	1	26821	1	0	next	other	0
VAGOR	13	Pulse	199	260000	2411	NA
VAGOR	13	Pulse	199	270000	12411	NA
VAGOR	13	Pulse	199	280000	22411	NA
VAGOR	15	Picture	stim	284410	0	1	25144	1	0	25000	hit	43
VAGOR	15	Response	16	288825	4415	0
VAGOR	15	Pulse	199	290000	5590	NA
VAGOR	15	Response	16	296371	11962	0
VAGOR	15	Pulse	199	300000	15590	NA
VAGOR	16	Picture	fix2	309554	0	1	8703	1	0	next	other	0
VAGOR	16	Pulse	199	310000	446	NA
VAGOR	16	Quit		312456	2902	NA
