Scenario - FBL_B.sce
Logfile written - 04/28/2021 15:12:22

Subject	Trial	Event Type	Code	Time	TTime	Uncertainty	Duration	Uncertainty	ReqTime	ReqDur	Stim Type	Pair Index

gpl008	1	Response	32	168340	158174	0
gpl008	2	Picture	fix	168556	0	275	18677	275	0	next	other	0
gpl008	4	Picture	stim	187233	0	1	18403	1	0	next	hit	4
gpl008	4	Response	16	205450	18216	0
gpl008	5	Picture	feedback	205636	0	1	20061	1	0	next	other	0
gpl008	6	Picture	fix	225697	0	1	32164	1	0	next	other	0
gpl008	8	Picture	stim	257861	0	1	35148	1	0	next	incorrect	8
gpl008	8	Response	32	292860	34998	0
gpl008	9	Picture	feedback	293009	0	1	20227	1	0	next	other	0
gpl008	10	Picture	fix	313236	0	1	24703	1	0	next	other	0
gpl008	12	Picture	stim	337939	0	1	8787	1	0	next	hit	12
gpl008	12	Response	16	346670	8730	0
gpl008	13	Picture	feedback	346726	0	1	20393	1	0	next	other	0
gpl008	14	Picture	fix	367119	0	1	21387	1	0	next	other	0
gpl008	16	Picture	stim	388506	0	1	9119	1	0	next	incorrect	16
gpl008	16	Response	32	397569	9063	0
gpl008	17	Picture	feedback	397625	0	1	20061	1	0	next	other	0
gpl008	18	Picture	fix	417686	0	1	21885	1	0	next	other	0
gpl008	20	Picture	stim	439571	0	1	8290	1	0	next	hit	20
gpl008	20	Response	16	447810	8239	0
gpl008	21	Picture	feedback	447860	0	1	20061	1	0	next	other	0
gpl008	22	Picture	fix	467921	0	1	23543	1	0	next	other	0
gpl008	24	Picture	stim	491464	0	1	3813	1	0	next	incorrect	24
gpl008	24	Response	32	495209	3745	0
gpl008	25	Picture	feedback	495277	0	1	20061	1	0	next	other	0
gpl008	26	Response	32	593040	77701	0
gpl008	27	Picture	start	593096	0	1	700135	178	0	next	other	0
gpl008	27	Response	16	610280	17184	0
gpl008	28	Pulse	199	1293230	650011	0
gpl008	28	Pulse	199	1303230	660010	0
gpl008	28	Pulse	199	1313229	670010	0
gpl008	28	Pulse	199	1323230	680010	0
gpl008	28	Pulse	199	1333230	690010	0
gpl008	28	Pulse	199	1343230	700010	0
gpl008	29	Picture	fix	1343643	0	1	26859	1	0	next	other	0
gpl008	29	Pulse	199	1353229	9586	0
gpl008	29	Pulse	199	1363230	19587	0
gpl008	31	Picture	stim	1370501	0	1	25035	1	0	25000	incorrect	41
gpl008	31	Pulse	199	1373230	2729	0
gpl008	31	Pulse	199	1383229	12728	0
gpl008	31	Response	32	1388430	17928	0
gpl008	31	Pulse	199	1393230	22728	0
gpl008	32	Picture	fix2	1395536	0	1	15916	1	0	next	other	0
gpl008	32	Pulse	199	1403230	7694	0
gpl008	33	Picture	feedback	1411452	0	1	20061	1	0	next	other	0
gpl008	33	Pulse	199	1413230	1778	0
gpl008	33	Pulse	199	1423229	11777	0
gpl008	34	Picture	fix	1431513	0	1	26859	1	0	next	other	0
gpl008	34	Pulse	199	1433230	1717	0
gpl008	34	Pulse	199	1443230	11717	0
gpl008	34	Pulse	199	1453229	21716	0
gpl008	36	Picture	stim	1458372	0	1	25035	1	0	25000	incorrect	54
gpl008	36	Pulse	199	1463230	4858	0
gpl008	36	Response	32	1469500	11128	0
gpl008	36	Pulse	199	1473230	14858	0
gpl008	36	Pulse	199	1483230	24858	0
gpl008	37	Picture	fix2	1483407	0	1	24372	1	0	next	other	0
gpl008	37	Pulse	199	1493229	9823	0
gpl008	37	Pulse	199	1503230	19823	0
gpl008	38	Picture	feedback	1507778	0	1	20227	1	0	next	other	0
gpl008	38	Pulse	199	1513230	5451	0
gpl008	38	Pulse	199	1523229	15451	0
gpl008	39	Picture	fix	1528005	0	1	23543	1	0	next	other	0
gpl008	39	Pulse	199	1533230	5225	0
gpl008	39	Pulse	199	1543230	15224	0
gpl008	41	Picture	stim	1551548	0	1	25035	1	0	25000	incorrect	69
gpl008	41	Pulse	199	1553230	1682	0
gpl008	41	Pulse	199	1563230	11682	0
gpl008	41	Response	32	1563909	12361	0
gpl008	41	Pulse	199	1573230	21682	0
gpl008	42	Picture	fix2	1576749	0	1	14756	1	0	next	other	0
gpl008	42	Pulse	199	1583230	6481	0
gpl008	43	Picture	feedback	1591504	0	1	20061	1	0	next	other	0
gpl008	43	Pulse	199	1593230	1725	0
gpl008	43	Pulse	199	1603230	11726	0
gpl008	44	Picture	fix	1611565	0	1	24703	1	0	next	other	0
gpl008	44	Pulse	199	1613230	1665	0
gpl008	44	Pulse	199	1623229	11664	0
gpl008	44	Pulse	199	1633229	21664	0
gpl008	46	Picture	stim	1636268	0	1	25035	1	0	25000	hit	82
gpl008	46	Pulse	199	1643230	6962	0
gpl008	46	Response	16	1649609	13341	0
gpl008	46	Pulse	199	1653230	16961	0
gpl008	47	Picture	fix2	1661303	0	1	29345	1	0	next	other	0
gpl008	47	Pulse	199	1663229	1926	0
gpl008	47	Pulse	199	1673230	11926	0
gpl008	47	Pulse	199	1683230	21926	0
gpl008	48	Picture	feedback	1690649	0	1	20061	1	0	next	other	0
gpl008	48	Pulse	199	1693230	2581	0
gpl008	48	Pulse	199	1703230	12581	0
gpl008	49	Picture	fix	1710710	0	1	25201	1	0	next	other	0
gpl008	49	Pulse	199	1713230	2520	0
gpl008	49	Pulse	199	1723230	12520	0
gpl008	49	Pulse	199	1733230	22520	0
gpl008	51	Picture	stim	1735910	0	1	25035	1	0	25000	hit	97
gpl008	51	Pulse	199	1743230	7320	0
gpl008	51	Response	16	1747519	11609	0
gpl008	51	Pulse	199	1753230	17320	0
gpl008	52	Picture	fix2	1760945	0	1	20061	1	0	next	other	0
gpl008	52	Pulse	199	1763230	2285	0
gpl008	52	Pulse	199	1773230	12285	0
gpl008	53	Picture	feedback	1781006	0	1	20393	1	0	next	other	0
gpl008	53	Pulse	199	1783230	2224	0
gpl008	53	Pulse	199	1793230	12224	0
gpl008	54	Picture	fix	1801399	0	1	26527	1	0	next	other	0
gpl008	54	Pulse	199	1803230	1831	0
gpl008	54	Pulse	199	1813230	11831	0
gpl008	54	Pulse	199	1823230	21831	0
gpl008	56	Picture	stim	1827926	0	1	25035	1	0	25000	hit	111
gpl008	56	Pulse	199	1833230	5304	0
gpl008	56	Response	16	1838000	10074	0
gpl008	56	Pulse	199	1843230	15304	0
gpl008	57	Picture	fix2	1852961	0	1	16414	1	0	next	other	0
gpl008	57	Pulse	199	1853230	270	0
gpl008	57	Pulse	199	1863230	10269	0
gpl008	58	Picture	feedback	1869374	0	1	20558	1	0	next	other	0
gpl008	58	Pulse	199	1873230	3856	0
gpl008	58	Pulse	199	1883230	13856	0
gpl008	59	Picture	fix	1889932	0	1	19398	1	0	next	other	0
gpl008	59	Pulse	199	1893230	3298	0
gpl008	59	Pulse	199	1903230	13297	0
gpl008	61	Picture	stim	1909330	0	1	25035	1	0	25000	incorrect	124
gpl008	61	Pulse	199	1913230	3900	0
gpl008	61	Response	32	1921410	12080	0
gpl008	61	Pulse	199	1923230	13900	0
gpl008	61	Pulse	199	1933230	23900	0
gpl008	62	Picture	fix2	1934365	0	1	20393	1	0	next	other	0
gpl008	62	Pulse	199	1943229	8864	0
gpl008	62	Pulse	199	1953230	18865	0
gpl008	63	Picture	feedback	1954758	0	1	20061	1	0	next	other	0
gpl008	63	Pulse	199	1963230	8472	0
gpl008	63	Pulse	199	1973229	18472	0
gpl008	64	Picture	fix	1974819	0	1	17740	1	0	next	other	0
gpl008	64	Pulse	199	1983230	8412	0
gpl008	66	Picture	stim	1992559	0	1	25035	1	0	25000	incorrect	137
gpl008	66	Pulse	199	1993230	672	0
gpl008	66	Response	32	2002100	9541	0
gpl008	66	Pulse	199	2003230	10671	0
gpl008	66	Pulse	199	2013230	20671	0
gpl008	67	Picture	fix2	2017759	0	1	23377	1	0	next	other	0
gpl008	67	Pulse	199	2023230	5471	0
gpl008	67	Pulse	199	2033230	15471	0
gpl008	68	Picture	feedback	2041136	0	1	20558	1	0	next	other	0
gpl008	68	Pulse	199	2043230	2094	0
gpl008	68	Pulse	199	2053230	12094	0
gpl008	69	Picture	fix	2061695	0	1	28848	1	0	next	other	0
gpl008	69	Pulse	199	2063230	1536	0
gpl008	69	Pulse	199	2073230	11536	0
gpl008	69	Pulse	199	2083229	21535	0
gpl008	71	Picture	stim	2090543	0	1	25035	1	0	25000	hit	153
gpl008	71	Pulse	199	2093230	2688	0
gpl008	71	Pulse	199	2103230	12687	0
gpl008	71	Response	16	2106410	15867	0
gpl008	71	Pulse	199	2113229	22687	0
gpl008	72	Picture	fix2	2115743	0	1	22051	1	0	next	other	0
gpl008	72	Pulse	199	2123230	7487	0
gpl008	72	Pulse	199	2133230	17487	0
gpl008	73	Picture	feedback	2137794	0	1	20061	1	0	next	other	0
gpl008	73	Pulse	199	2143230	5436	0
gpl008	73	Pulse	199	2153229	15436	0
gpl008	74	Picture	fix	2157855	0	1	29180	1	0	next	other	0
gpl008	74	Pulse	199	2163230	5376	0
gpl008	74	Pulse	199	2173230	15375	0
gpl008	74	Pulse	199	2183229	25375	0
gpl008	76	Picture	stim	2187034	0	1	25035	1	0	25000	incorrect	167
gpl008	76	Pulse	199	2193230	6196	0
gpl008	76	Response	32	2199950	12916	0
gpl008	76	Pulse	199	2203230	16196	0
gpl008	77	Picture	fix2	2212235	0	1	25864	1	0	next	other	0
gpl008	77	Pulse	199	2213230	995	0
gpl008	77	Pulse	199	2223230	10995	0
gpl008	77	Pulse	199	2233230	20995	0
gpl008	78	Picture	feedback	2238099	0	1	20061	1	0	next	other	0
gpl008	78	Pulse	199	2243230	5132	0
gpl008	78	Pulse	199	2253240	15141	0
gpl008	79	Picture	fix	2258160	0	1	22714	1	0	next	other	0
gpl008	79	Pulse	199	2263240	5080	0
gpl008	79	Pulse	199	2273240	15080	0
gpl008	81	Picture	stim	2280874	0	1	25035	1	0	25000	incorrect	181
gpl008	81	Pulse	199	2283240	2366	0
gpl008	81	Response	32	2290110	9237	0
gpl008	81	Pulse	199	2293239	12366	0
gpl008	81	Pulse	199	2303240	22366	0
gpl008	82	Picture	fix2	2305908	0	1	29014	1	0	next	other	0
gpl008	82	Pulse	199	2313240	7332	0
gpl008	82	Pulse	199	2323240	17331	0
gpl008	82	Pulse	199	2333240	27332	0
gpl008	83	Picture	feedback	2334922	0	1	20061	1	0	next	other	0
gpl008	83	Pulse	199	2343240	8318	0
gpl008	83	Pulse	199	2353240	18317	0
gpl008	84	Picture	fix	2354983	0	1	29345	1	0	next	other	0
gpl008	84	Pulse	199	2363240	8257	0
gpl008	84	Pulse	199	2373240	18257	0
gpl008	84	Pulse	199	2383240	28257	0
gpl008	86	Picture	stim	2384329	0	1	25035	1	0	25000	incorrect	197
gpl008	86	Pulse	199	2393240	8911	0
gpl008	86	Response	32	2397490	13161	0
gpl008	86	Pulse	199	2403240	18911	0
gpl008	87	Picture	fix2	2409363	0	1	16082	1	0	next	other	0
gpl008	87	Pulse	199	2413240	3877	0
gpl008	87	Pulse	199	2423239	13876	0
gpl008	88	Picture	feedback	2425446	0	1	20061	1	0	next	other	0
gpl008	88	Pulse	199	2433240	7795	0
gpl008	88	Pulse	199	2443240	17794	0
gpl008	89	Picture	fix	2445507	0	1	27356	1	0	next	other	0
gpl008	89	Pulse	199	2453240	7734	0
gpl008	89	Pulse	199	2463241	17734	0
gpl008	91	Picture	stim	2472862	0	1	25035	1	0	25000	hit	211
gpl008	91	Pulse	199	2473240	378	0
gpl008	91	Pulse	199	2483240	10378	0
gpl008	91	Response	16	2485650	12788	0
gpl008	91	Pulse	199	2493240	20378	0
gpl008	92	Picture	fix2	2498063	0	1	11606	1	0	next	other	0
gpl008	92	Pulse	199	2503241	5178	0
gpl008	93	Picture	feedback	2509669	0	1	20061	1	0	next	other	0
gpl008	93	Pulse	199	2513241	3572	0
gpl008	93	Pulse	199	2523240	13572	0
gpl008	94	Picture	fix	2529730	0	1	30009	1	0	next	other	0
gpl008	94	Pulse	199	2533240	3510	0
gpl008	94	Pulse	199	2543240	13511	0
gpl008	94	Pulse	199	2553240	23511	0
gpl008	96	Picture	stim	2559738	0	1	25035	1	0	25000	incorrect	225
gpl008	96	Pulse	199	2563240	3502	0
gpl008	96	Pulse	199	2573240	13502	0
gpl008	96	Response	32	2577449	17711	0
gpl008	96	Pulse	199	2583240	23502	0
gpl008	97	Picture	fix2	2584773	0	1	27688	1	0	next	other	0
gpl008	97	Pulse	199	2593240	8467	0
gpl008	97	Pulse	199	2603240	18467	0
gpl008	98	Picture	feedback	2612461	0	1	20061	1	0	next	other	0
gpl008	98	Pulse	199	2613240	780	0
gpl008	98	Pulse	199	2623240	10780	0
gpl008	99	Picture	fix	2632522	0	1	33324	1	0	next	other	0
gpl008	99	Pulse	199	2633240	718	0
gpl008	99	Pulse	199	2643240	10719	0
gpl008	99	Pulse	199	2653240	20718	0
gpl008	99	Pulse	199	2663240	30718	0
gpl008	101	Picture	stim	2665846	0	1	25035	1	0	25000	hit	240
gpl008	101	Pulse	199	2673241	7395	0
gpl008	101	Response	16	2676720	10874	0
gpl008	101	Pulse	199	2683240	17394	0
gpl008	102	Picture	fix2	2690881	0	1	21387	1	0	next	other	0
gpl008	102	Pulse	199	2693240	2359	0
gpl008	102	Pulse	199	2703240	12359	0
gpl008	103	Picture	feedback	2712268	0	1	20061	1	0	next	other	0
gpl008	103	Pulse	199	2713240	972	0
gpl008	103	Pulse	199	2723240	10972	0
gpl008	104	Picture	fix	2732329	0	1	20227	1	0	next	other	0
gpl008	104	Pulse	199	2733240	911	0
gpl008	104	Pulse	199	2743240	10911	0
gpl008	106	Picture	stim	2752556	0	1	25035	1	0	25000	hit	253
gpl008	106	Pulse	199	2753240	684	0
gpl008	106	Response	16	2761230	8674	0
gpl008	106	Pulse	199	2763240	10684	0
gpl008	106	Pulse	199	2773239	20683	0
gpl008	107	Picture	fix2	2777591	0	1	14092	1	0	next	other	0
gpl008	107	Pulse	199	2783240	5650	0
gpl008	108	Picture	feedback	2791683	0	1	20061	1	0	next	other	0
gpl008	108	Pulse	199	2793240	1557	0
gpl008	108	Pulse	199	2803240	11556	0
gpl008	109	Picture	fix	2811744	0	1	37469	1	0	next	other	0
gpl008	109	Pulse	199	2813241	1496	0
gpl008	109	Pulse	199	2823240	11496	0
gpl008	109	Pulse	199	2833240	21496	0
gpl008	109	Pulse	199	2843240	31495	0
gpl008	111	Picture	stim	2849214	0	1	25201	1	0	25000	incorrect	268
gpl008	111	Pulse	199	2853240	4027	0
gpl008	111	Response	32	2859490	10276	0
gpl008	111	Pulse	199	2863240	14027	0
gpl008	111	Pulse	199	2873240	24026	0
gpl008	112	Picture	fix2	2874414	0	1	23543	1	0	next	other	0
gpl008	112	Pulse	199	2883240	8826	0
gpl008	112	Pulse	199	2893240	18826	0
gpl008	113	Picture	feedback	2897957	0	1	20061	1	0	next	other	0
gpl008	113	Pulse	199	2903240	5283	0
gpl008	113	Pulse	199	2913240	15283	0
gpl008	114	Picture	fix	2918018	0	1	26859	1	0	next	other	0
gpl008	114	Pulse	199	2923241	5222	0
gpl008	114	Pulse	199	2933240	15222	0
gpl008	114	Pulse	199	2943240	25222	0
gpl008	116	Picture	stim	2944877	0	1	25035	1	0	25000	hit	283
gpl008	116	Pulse	199	2953240	8363	0
gpl008	116	Response	16	2958010	13133	0
gpl008	116	Pulse	199	2963240	18364	0
gpl008	117	Picture	fix2	2970077	0	1	21719	1	0	next	other	0
gpl008	117	Pulse	199	2973240	3163	0
gpl008	117	Pulse	199	2983240	13163	0
gpl008	118	Picture	feedback	2991796	0	1	20061	1	0	next	other	0
gpl008	118	Pulse	199	2993241	1444	0
gpl008	118	Pulse	199	3003240	11444	0
gpl008	119	Picture	fix	3011857	0	1	22216	1	0	next	other	0
gpl008	119	Pulse	199	3013240	1383	0
gpl008	119	Pulse	199	3023241	11383	0
gpl008	119	Pulse	199	3033240	21383	0
gpl008	121	Picture	stim	3034073	0	1	25035	1	0	25000	incorrect	297
gpl008	121	Pulse	199	3043240	9167	0
gpl008	121	Response	32	3048840	14767	0
gpl008	121	Pulse	199	3053240	19167	0
gpl008	122	Picture	fix2	3059108	0	1	21387	1	0	next	other	0
gpl008	122	Pulse	199	3063241	4132	0
gpl008	122	Pulse	199	3073240	14132	0
gpl008	123	Picture	feedback	3080496	0	1	20061	1	0	next	other	0
gpl008	123	Pulse	199	3083240	2744	0
gpl008	123	Pulse	199	3093240	12745	0
gpl008	124	Picture	fix	3100557	0	1	28516	1	0	next	other	0
gpl008	124	Pulse	199	3103241	2684	0
gpl008	124	Pulse	199	3113240	12683	0
gpl008	124	Pulse	199	3123241	22684	0
gpl008	126	Picture	stim	3129073	0	1	25035	1	0	25000	hit	311
gpl008	126	Pulse	199	3133241	4167	0
gpl008	126	Response	16	3138340	9266	0
gpl008	126	Pulse	199	3143240	14167	0
gpl008	126	Pulse	199	3153240	24167	0
gpl008	127	Picture	fix2	3154274	0	1	18569	1	0	next	other	0
gpl008	127	Pulse	199	3163241	8967	0
gpl008	128	Picture	feedback	3172843	0	1	20061	1	0	next	other	0
gpl008	128	Pulse	199	3173241	398	0
gpl008	128	Pulse	199	3183240	10397	0
gpl008	129	Picture	fix	3192904	0	1	24537	1	0	next	other	0
gpl008	129	Pulse	199	3193241	337	0
gpl008	129	Pulse	199	3203240	10337	0
gpl008	129	Pulse	199	3213240	20337	0
gpl008	131	Picture	stim	3217441	0	1	25035	1	0	25000	incorrect	325
gpl008	131	Pulse	199	3223240	5799	0
gpl008	131	Response	32	3230870	13429	0
gpl008	131	Pulse	199	3233240	15799	0
gpl008	132	Picture	fix2	3242642	0	1	17243	1	0	next	other	0
gpl008	132	Pulse	199	3243241	599	0
gpl008	132	Pulse	199	3253240	10598	0
gpl008	133	Picture	feedback	3259884	0	1	20061	1	0	next	other	0
gpl008	133	Pulse	199	3263241	3356	0
gpl008	133	Pulse	199	3273240	13355	0
gpl008	134	Picture	fix	3279945	0	1	18569	1	0	next	other	0
gpl008	134	Pulse	199	3283240	3295	0
gpl008	134	Pulse	199	3293240	13295	0
gpl008	136	Picture	stim	3298514	0	1	25035	1	0	25000	hit	338
gpl008	136	Pulse	199	3303240	4726	0
gpl008	136	Response	16	3308420	9906	0
gpl008	136	Pulse	199	3313240	14726	0
gpl008	136	Pulse	199	3323240	24725	0
gpl008	137	Picture	fix2	3323549	0	1	9119	1	0	next	other	0
gpl008	138	Picture	feedback	3332668	0	1	20061	1	0	next	other	0
gpl008	138	Pulse	199	3333240	572	0
gpl008	138	Pulse	199	3343240	10572	0
gpl008	139	Picture	fix	3352729	0	1	21387	1	0	next	other	0
gpl008	139	Pulse	199	3353240	512	0
gpl008	139	Pulse	199	3363240	10511	0
gpl008	139	Pulse	199	3373240	20512	0
gpl008	141	Picture	stim	3374116	0	1	25035	1	0	25000	incorrect	351
gpl008	141	Pulse	199	3383240	9124	0
gpl008	141	Response	32	3388320	14204	0
gpl008	141	Pulse	199	3393240	19124	0
gpl008	142	Picture	fix2	3399151	0	1	18072	1	0	next	other	0
gpl008	142	Pulse	199	3403240	4090	0
gpl008	142	Pulse	199	3413240	14089	0
gpl008	143	Picture	feedback	3417222	0	1	20061	1	0	next	other	0
gpl008	143	Pulse	199	3423240	6018	0
gpl008	143	Pulse	199	3433240	16018	0
gpl008	144	Picture	fix	3437283	0	1	22382	1	0	next	other	0
gpl008	144	Pulse	199	3443240	5957	0
gpl008	144	Pulse	199	3453240	15957	0
gpl008	146	Picture	stim	3459665	0	1	25035	1	0	25000	incorrect	364
gpl008	146	Pulse	199	3463240	3574	0
gpl008	146	Response	32	3472620	12955	0
gpl008	146	Pulse	199	3473240	13574	0
gpl008	146	Pulse	199	3483240	23574	0
gpl008	147	Picture	fix2	3484700	0	1	22201	182	0	next	other	0
gpl008	147	Pulse	199	3493240	8539	0
gpl008	147	Pulse	199	3503240	18540	0
gpl008	148	Picture	feedback	3506902	0	182	20076	182	0	next	other	0
gpl008	148	Pulse	199	3513240	6339	0
gpl008	148	Pulse	199	3523240	16339	0
gpl008	149	Picture	fix	3526978	0	1	20393	1	0	next	other	0
gpl008	149	Pulse	199	3533240	6262	0
gpl008	149	Pulse	199	3543240	16263	0
gpl008	151	Picture	stim	3547370	0	1	25035	1	0	25000	hit	378
gpl008	151	Pulse	199	3553240	5870	0
gpl008	151	Response	16	3559210	11839	0
gpl008	151	Pulse	199	3563240	15869	0
gpl008	152	Picture	fix2	3572405	0	1	11108	1	0	next	other	0
gpl008	152	Pulse	199	3573241	836	0
gpl008	152	Pulse	199	3583240	10835	0
gpl008	153	Picture	feedback	3583513	0	1	20061	1	0	next	other	0
gpl008	153	Pulse	199	3593240	9727	0
gpl008	153	Pulse	199	3603240	19726	0
gpl008	154	Picture	fix	3603574	0	1	22051	1	0	next	other	0
gpl008	154	Pulse	199	3613240	9666	0
gpl008	154	Pulse	199	3623240	19666	0
gpl008	156	Picture	stim	3625625	0	1	25035	1	0	25000	incorrect	392
gpl008	156	Pulse	199	3633240	7615	0
gpl008	156	Pulse	199	3643240	17615	0
gpl008	156	Response	32	3644379	18754	0
gpl008	157	Picture	fix2	3650825	0	1	13263	1	0	next	other	0
gpl008	157	Pulse	199	3653240	2415	0
gpl008	157	Pulse	199	3663240	12415	0
gpl008	158	Picture	feedback	3664089	0	1	20061	1	0	next	other	0
gpl008	158	Pulse	199	3673240	9151	0
gpl008	158	Pulse	199	3683240	19151	0
gpl008	159	Picture	fix	3684150	0	1	17408	1	0	next	other	0
gpl008	159	Pulse	199	3693240	9090	0
gpl008	161	Picture	stim	3701558	0	1	25035	1	0	25000	incorrect	403
gpl008	161	Pulse	199	3703240	1682	0
gpl008	161	Response	32	3709420	7862	0
gpl008	161	Pulse	199	3713240	11682	0
gpl008	161	Pulse	199	3723240	21682	0
gpl008	162	Picture	fix2	3726593	0	1	17906	1	0	next	other	0
gpl008	162	Pulse	199	3733240	6647	0
gpl008	162	Pulse	199	3743240	16647	0
gpl008	163	Picture	feedback	3744499	0	1	20061	1	0	next	other	0
gpl008	163	Pulse	199	3753240	8742	0
gpl008	163	Pulse	199	3763240	18741	0
gpl008	164	Picture	fix	3764560	0	1	35977	1	0	next	other	0
gpl008	164	Pulse	199	3773240	8680	0
gpl008	164	Pulse	199	3783240	18680	0
gpl008	164	Pulse	199	3793240	28680	0
gpl008	166	Picture	stim	3800537	0	1	25035	1	0	25000	incorrect	419
gpl008	166	Pulse	199	3803240	2703	0
gpl008	166	Pulse	199	3813240	12703	0
gpl008	166	Response	32	3813599	13063	0
gpl008	166	Pulse	199	3823240	22703	0
gpl008	167	Picture	fix2	3825572	0	1	15253	1	0	next	other	0
gpl008	167	Pulse	199	3833240	7669	0
gpl008	168	Picture	feedback	3840825	0	1	20061	1	0	next	other	0
gpl008	168	Pulse	199	3843240	2415	0
gpl008	168	Pulse	199	3853241	12416	0
gpl008	169	Picture	fix	3860886	0	1	29014	1	0	next	other	0
gpl008	169	Pulse	199	3863241	2355	0
gpl008	169	Pulse	199	3873240	12355	0
gpl008	169	Pulse	199	3883240	22355	0
gpl008	171	Picture	stim	3889900	0	1	25035	1	0	25000	incorrect	432
gpl008	171	Pulse	199	3893241	3341	0
gpl008	171	Response	32	3899420	9520	0
gpl008	171	Pulse	199	3903241	13341	0
gpl008	171	Pulse	199	3913240	23340	0
gpl008	172	Picture	fix2	3914934	0	1	26195	1	0	next	other	0
gpl008	172	Pulse	199	3923241	8306	0
gpl008	172	Pulse	199	3933241	18306	0
gpl008	173	Picture	feedback	3941130	0	1	20061	1	0	next	other	0
gpl008	173	Pulse	199	3943240	2111	0
gpl008	173	Pulse	199	3953240	12111	0
gpl008	174	Picture	fix	3961191	0	1	23377	1	0	next	other	0
gpl008	174	Pulse	199	3963241	2050	0
gpl008	174	Pulse	199	3973241	12050	0
gpl008	174	Pulse	199	3983240	22049	0
gpl008	176	Picture	stim	3984568	0	1	25035	1	0	25000	hit	447
gpl008	176	Pulse	199	3993241	8673	0
gpl008	176	Response	16	3996820	12252	0
gpl008	176	Pulse	199	4003241	18673	0
gpl008	177	Picture	fix2	4009768	0	1	20558	1	0	next	other	0
gpl008	177	Pulse	199	4013240	3472	0
gpl008	177	Pulse	199	4023241	13472	0
gpl008	178	Picture	feedback	4030327	0	1	20061	1	0	next	other	0
gpl008	178	Pulse	199	4033241	2914	0
gpl008	178	Pulse	199	4043241	12914	0
gpl008	179	Picture	fix	4050388	0	1	32164	1	0	next	other	0
gpl008	179	Pulse	199	4053241	2853	0
gpl008	179	Pulse	199	4063241	12853	0
gpl008	179	Pulse	199	4073241	22853	0
gpl008	181	Picture	stim	4082552	0	1	25035	1	0	25000	incorrect	462
gpl008	181	Pulse	199	4083240	688	0
gpl008	181	Pulse	199	4093241	10689	0
gpl008	181	Response	32	4094830	12278	0
gpl008	181	Pulse	199	4103250	20699	0
gpl008	182	Picture	fix2	4107752	0	1	21387	1	0	next	other	0
gpl008	182	Pulse	199	4113250	5498	0
gpl008	182	Pulse	199	4123250	15498	0
gpl008	183	Picture	feedback	4129140	0	1	20061	1	0	next	other	0
gpl008	183	Pulse	199	4133241	4101	0
gpl008	183	Pulse	199	4143250	14111	0
gpl008	184	Picture	fix	4149201	0	1	33988	1	0	next	other	0
gpl008	184	Pulse	199	4153250	4049	0
gpl008	184	Pulse	199	4163250	14050	0
gpl008	184	Pulse	199	4173250	24050	0
gpl008	186	Picture	stim	4183188	0	1	25035	1	0	25000	incorrect	477
gpl008	186	Pulse	199	4183250	62	0
gpl008	186	Pulse	199	4193251	10062	0
gpl008	186	Response	32	4194420	11231	0
gpl008	186	Pulse	199	4203250	20062	0
gpl008	187	Picture	fix2	4208223	0	1	24206	1	0	next	other	0
gpl008	187	Pulse	199	4213251	5027	0
gpl008	187	Pulse	199	4223250	15027	0
gpl008	188	Picture	feedback	4232429	0	1	20061	1	0	next	other	0
gpl008	188	Pulse	199	4233251	822	0
gpl008	188	Pulse	199	4243250	10821	0
gpl008	189	Picture	fix	4252490	0	1	29677	1	0	next	other	0
gpl008	189	Pulse	199	4253250	761	0
gpl008	189	Pulse	199	4263250	10760	0
gpl008	189	Pulse	199	4273251	20761	0
gpl008	191	Picture	stim	4282167	0	1	25035	1	0	25000	incorrect	492
gpl008	191	Pulse	199	4283251	1084	0
gpl008	191	Pulse	199	4293250	11083	0
gpl008	191	Response	32	4295160	12993	0
gpl008	191	Pulse	199	4303251	21084	0
gpl008	192	Picture	fix2	4307368	0	1	16579	1	0	next	other	0
gpl008	192	Pulse	199	4313251	5884	0
gpl008	192	Pulse	199	4323250	15883	0
gpl008	193	Picture	feedback	4323947	0	1	20061	1	0	next	other	0
gpl008	193	Pulse	199	4333251	9304	0
gpl008	193	Pulse	199	4343251	19304	0
gpl008	194	Picture	fix	4344008	0	1	30838	1	0	next	other	0
gpl008	194	Pulse	199	4353251	9243	0
gpl008	194	Pulse	199	4363250	19242	0
gpl008	194	Pulse	199	4373251	29243	0
gpl008	196	Picture	stim	4374846	0	1	25035	1	0	25000	hit	506
gpl008	196	Pulse	199	4383251	8405	0
gpl008	196	Response	16	4389341	14495	0
gpl008	196	Pulse	199	4393251	18405	0
gpl008	197	Picture	fix2	4399880	0	1	21885	1	0	next	other	0
gpl008	197	Pulse	199	4403251	3370	0
gpl008	197	Pulse	199	4413251	13370	0
gpl008	198	Picture	feedback	4421765	0	1	20061	1	0	next	other	0
gpl008	198	Pulse	199	4423251	1486	0
gpl008	198	Pulse	199	4433251	11485	0
gpl008	199	Picture	fix	4441826	0	1	19066	1	0	next	other	0
gpl008	199	Pulse	199	4443251	1425	0
gpl008	199	Pulse	199	4453251	11425	0
gpl008	201	Picture	stim	4460892	0	1	25035	1	0	25000	incorrect	520
gpl008	201	Pulse	199	4463250	2358	0
gpl008	201	Pulse	199	4473251	12358	0
gpl008	201	Response	32	4475261	14368	0
gpl008	201	Pulse	199	4483251	22358	0
gpl008	202	Picture	fix2	4485927	0	1	16745	1	0	next	other	0
gpl008	202	Pulse	199	4493251	7323	0
gpl008	203	Picture	feedback	4502672	0	1	20061	1	0	next	other	0
gpl008	203	Pulse	199	4503251	578	0
gpl008	203	Pulse	199	4513251	10578	0
gpl008	204	Picture	fix	4522733	0	1	16248	1	0	next	other	0
gpl008	204	Pulse	199	4523251	518	0
gpl008	204	Pulse	199	4533250	10517	0
gpl008	206	Picture	stim	4538981	0	1	25035	1	0	25000	hit	532
gpl008	206	Pulse	199	4543251	4270	0
gpl008	206	Response	16	4552571	13589	0
gpl008	206	Pulse	199	4553251	14269	0
gpl008	206	Pulse	199	4563251	24269	0
gpl008	207	Picture	fix2	4564016	0	1	26361	1	0	next	other	0
gpl008	207	Pulse	199	4573251	9235	0
gpl008	207	Pulse	199	4583251	19235	0
gpl008	208	Picture	feedback	4590377	0	1	20061	1	0	next	other	0
gpl008	208	Pulse	199	4593251	2874	0
gpl008	208	Pulse	199	4603250	12873	0
gpl008	209	Picture	fix	4610438	0	1	28848	1	0	next	other	0
gpl008	209	Pulse	199	4613250	2812	0
gpl008	209	Pulse	199	4623251	12812	0
gpl008	209	Pulse	199	4633251	22812	0
gpl008	211	Picture	stim	4639286	0	1	25035	1	0	25000	incorrect	547
gpl008	211	Pulse	199	4643251	3965	0
gpl008	211	Response	32	4651550	12264	0
gpl008	211	Pulse	199	4653251	13965	0
gpl008	211	Pulse	199	4663251	23965	0
gpl008	212	Picture	fix2	4664321	0	1	14590	1	0	next	other	0
gpl008	212	Pulse	199	4673250	8929	0
gpl008	213	Picture	feedback	4678911	0	1	20061	1	0	next	other	0
gpl008	213	Pulse	199	4683251	4340	0
gpl008	213	Pulse	199	4693251	14340	0
gpl008	214	Picture	fix	4698972	0	1	26361	1	0	next	other	0
gpl008	214	Pulse	199	4703251	4279	0
gpl008	214	Pulse	199	4713251	14279	0
gpl008	214	Pulse	199	4723251	24279	0
gpl008	216	Picture	stim	4725333	0	1	25035	1	0	25000	incorrect	561
gpl008	216	Pulse	199	4733251	7918	0
gpl008	216	Response	32	4742240	16907	0
gpl008	216	Pulse	199	4743250	17917	0
gpl008	217	Picture	fix2	4750368	0	1	12932	1	0	next	other	0
gpl008	217	Pulse	199	4753250	2882	0
gpl008	217	Pulse	199	4763251	12883	0
gpl008	218	Picture	feedback	4763300	0	1	20061	1	0	next	other	0
gpl008	218	Pulse	199	4773250	9950	0
gpl008	218	Pulse	199	4783251	19951	0
gpl008	219	Picture	fix	4783361	0	1	21885	1	0	next	other	0
gpl008	219	Pulse	199	4793251	9890	0
gpl008	219	Pulse	199	4803251	19890	0
gpl008	221	Picture	stim	4805246	0	1	25035	1	0	25000	incorrect	574
gpl008	221	Pulse	199	4813251	8005	0
gpl008	221	Response	32	4816360	11115	0
gpl008	221	Pulse	199	4823251	18005	0
gpl008	222	Picture	fix2	4830280	0	1	16579	1	0	next	other	0
gpl008	222	Pulse	199	4833251	2970	0
gpl008	222	Pulse	199	4843250	12970	0
gpl008	223	Picture	feedback	4846860	0	1	20061	1	0	next	other	0
gpl008	223	Pulse	199	4853251	6391	0
gpl008	223	Pulse	199	4863251	16391	0
gpl008	224	Picture	fix	4866921	0	1	23708	1	0	next	other	0
gpl008	224	Pulse	199	4873251	6330	0
gpl008	224	Pulse	199	4883250	16330	0
gpl008	226	Picture	stim	4890629	0	1	25035	1	0	25000	incorrect	588
gpl008	226	Pulse	199	4893251	2622	0
gpl008	226	Pulse	199	4903251	12621	0
gpl008	226	Response	32	4904281	13651	0
gpl008	226	Pulse	199	4913250	22621	0
gpl008	227	Picture	fix2	4915830	0	1	16082	1	0	next	other	0
gpl008	227	Pulse	199	4923251	7421	0
gpl008	228	Picture	feedback	4931912	0	1	20061	1	0	next	other	0
gpl008	228	Pulse	199	4933251	1339	0
gpl008	228	Pulse	199	4943250	11339	0
gpl008	229	Picture	fix	4951973	0	1	24703	1	0	next	other	0
gpl008	229	Pulse	199	4953251	1278	0
gpl008	229	Pulse	199	4963251	11278	0
gpl008	229	Pulse	199	4973251	21278	0
gpl008	231	Picture	stim	4976676	0	1	25035	1	0	25000	incorrect	601
gpl008	231	Pulse	199	4983251	6575	0
gpl008	231	Response	32	4988481	11805	0
gpl008	231	Pulse	199	4993250	16574	0
gpl008	232	Picture	fix2	5001711	0	1	18072	1	0	next	other	0
gpl008	232	Pulse	199	5003251	1540	0
gpl008	232	Pulse	199	5013251	11540	0
gpl008	233	Picture	feedback	5019782	0	1	20061	1	0	next	other	0
gpl008	233	Pulse	199	5023251	3468	0
gpl008	233	Pulse	199	5033251	13468	0
gpl008	234	Picture	fix	5039843	0	1	26030	1	0	next	other	0
gpl008	234	Pulse	199	5043251	3407	0
gpl008	234	Pulse	199	5053250	13407	0
gpl008	234	Pulse	199	5063251	23407	0
gpl008	236	Picture	stim	5065873	0	1	25035	1	0	25000	incorrect	615
gpl008	236	Pulse	199	5073251	7378	0
gpl008	236	Response	32	5081530	15657	0
gpl008	236	Pulse	199	5083250	17377	0
gpl008	237	Picture	fix2	5090908	0	1	16414	1	0	next	other	0
gpl008	237	Pulse	199	5093251	2343	0
gpl008	237	Pulse	199	5103251	12343	0
gpl008	238	Picture	feedback	5107321	0	1	20061	1	0	next	other	0
gpl008	238	Pulse	199	5113251	5929	0
gpl008	238	Pulse	199	5123250	15929	0
gpl008	239	Picture	fix	5127382	0	1	23377	1	0	next	other	0
gpl008	239	Pulse	199	5133251	5868	0
gpl008	239	Pulse	199	5143251	15868	0
gpl008	241	Picture	stim	5150759	0	1	25035	1	0	25000	incorrect	628
gpl008	241	Pulse	199	5153250	2491	0
gpl008	241	Response	32	5162651	11891	0
gpl008	241	Pulse	199	5163251	12491	0
gpl008	241	Pulse	199	5173251	22491	0
gpl008	242	Picture	fix2	5175794	0	1	21553	1	0	next	other	0
gpl008	242	Pulse	199	5183251	7456	0
gpl008	242	Pulse	199	5193250	17456	0
gpl008	243	Picture	feedback	5197347	0	1	20061	1	0	next	other	0
gpl008	243	Pulse	199	5203251	5903	0
gpl008	243	Pulse	199	5213251	15903	0
gpl008	244	Picture	fix	5217408	0	1	20061	1	0	next	other	0
gpl008	244	Pulse	199	5223250	5842	0
gpl008	244	Pulse	199	5233251	15842	0
gpl008	246	Picture	stim	5237469	0	1	25035	1	0	25000	hit	642
gpl008	246	Pulse	199	5243251	5781	0
gpl008	246	Response	16	5249310	11841	0
gpl008	246	Pulse	199	5253251	15781	0
gpl008	247	Picture	fix2	5262670	0	1	22548	1	0	next	other	0
gpl008	247	Pulse	199	5263251	581	0
gpl008	247	Pulse	199	5273251	10581	0
gpl008	247	Pulse	199	5283251	20581	0
gpl008	248	Picture	feedback	5285218	0	1	20061	1	0	next	other	0
gpl008	248	Pulse	199	5293250	8033	0
gpl008	248	Pulse	199	5303251	18033	0
gpl008	249	Picture	fix	5305279	0	1	25366	1	0	next	other	0
gpl008	249	Pulse	199	5313251	7972	0
gpl008	249	Pulse	199	5323251	17972	0
gpl008	251	Picture	stim	5330645	0	1	25035	1	0	25000	incorrect	656
gpl008	251	Pulse	199	5333251	2606	0
gpl008	251	Response	32	5339001	8356	0
gpl008	251	Pulse	199	5343251	12606	0
gpl008	251	Pulse	199	5353252	22606	0
gpl008	252	Picture	fix2	5355680	0	1	15916	1	0	next	other	0
gpl008	252	Pulse	199	5363251	7571	0
gpl008	253	Picture	feedback	5371596	0	1	20061	1	0	next	other	0
gpl008	253	Pulse	199	5373251	1655	0
gpl008	253	Pulse	199	5383251	11655	0
gpl008	254	Picture	fix	5391657	0	1	28516	1	0	next	other	0
gpl008	254	Pulse	199	5393251	1594	0
gpl008	254	Pulse	199	5403250	11593	0
gpl008	254	Pulse	199	5413251	21594	0
gpl008	256	Picture	stim	5420174	0	1	25035	1	0	25000	hit	670
gpl008	256	Pulse	199	5423251	3078	0
gpl008	256	Response	16	5430500	10327	0
gpl008	256	Pulse	199	5433250	13077	0
gpl008	256	Pulse	199	5443251	23078	0
gpl008	257	Picture	fix2	5445209	0	1	10777	1	0	next	other	0
gpl008	257	Pulse	199	5453251	8043	0
gpl008	258	Picture	feedback	5455985	0	1	20061	1	0	next	other	0
gpl008	258	Pulse	199	5463251	7266	0
gpl008	258	Pulse	199	5473251	17266	0
gpl008	259	Picture	fix	5476046	0	1	28019	1	0	next	other	0
gpl008	259	Pulse	199	5483251	7205	0
gpl008	259	Pulse	199	5493251	17205	0
gpl008	259	Pulse	199	5503251	27205	0
gpl008	261	Picture	stim	5504065	0	1	25035	1	0	25000	hit	684
gpl008	261	Pulse	199	5513251	9186	0
gpl008	261	Response	16	5522801	18736	0
gpl008	261	Pulse	199	5523251	19186	0
gpl008	262	Picture	fix2	5529100	0	1	13927	1	0	next	other	0
gpl008	262	Pulse	199	5533251	4151	0
gpl008	263	Picture	feedback	5543027	0	1	20061	1	0	next	other	0
gpl008	263	Pulse	199	5543251	225	0
gpl008	263	Pulse	199	5553251	10224	0
gpl008	264	Picture	fix	5563088	0	1	31169	1	0	next	other	0
gpl008	264	Pulse	199	5563251	163	0
gpl008	264	Pulse	199	5573251	10163	0
gpl008	264	Pulse	199	5583251	20163	0
gpl008	264	Pulse	199	5593251	30163	0
gpl008	266	Picture	stim	5594257	0	1	25035	1	0	25000	hit	698
gpl008	266	Pulse	199	5603251	8994	0
gpl008	266	Response	16	5603661	9404	0
gpl008	266	Pulse	199	5613251	18994	0
gpl008	267	Picture	fix2	5619458	0	1	25864	1	0	next	other	0
gpl008	267	Pulse	199	5623251	3794	0
gpl008	267	Pulse	199	5633251	13794	0
gpl008	267	Pulse	199	5643251	23793	0
gpl008	268	Picture	feedback	5645321	0	1	20061	1	0	next	other	0
gpl008	268	Pulse	199	5653251	7930	0
gpl008	268	Pulse	199	5663251	17930	0
gpl008	269	Picture	100	5665382	0	1	250000	183	0	250000	other	0
gpl008	269	Pulse	199	5673251	7868	0
gpl008	269	Pulse	199	5683251	17869	0
gpl008	269	Pulse	199	5693251	27869	0
gpl008	269	Pulse	199	5703251	37869	0
gpl008	269	Pulse	199	5713250	47868	0
gpl008	269	Pulse	199	5723251	57869	0
gpl008	269	Pulse	199	5733251	67869	0
gpl008	269	Pulse	199	5743251	77869	0
gpl008	269	Pulse	199	5753251	87869	0
gpl008	269	Pulse	199	5763251	97869	0
gpl008	269	Pulse	199	5773251	107869	0
gpl008	269	Pulse	199	5783250	117868	0
gpl008	269	Pulse	199	5793251	127869	0
gpl008	269	Pulse	199	5803251	137869	0
gpl008	269	Pulse	199	5813251	147868	0
gpl008	269	Pulse	199	5823251	157869	0
gpl008	269	Pulse	199	5833251	167869	0
gpl008	269	Pulse	199	5843251	177868	0
gpl008	269	Pulse	199	5853251	187869	0
gpl008	269	Pulse	199	5863251	197869	0
gpl008	269	Pulse	199	5873251	207869	0
gpl008	269	Pulse	199	5883251	217869	0
