Scenario - FBL_B.sce
Logfile written - 05/08/2021 15:10:01

Subject	Trial	Event Type	Code	Time	TTime	Uncertainty	Duration	Uncertainty	ReqTime	ReqDur	Stim Type	Pair Index

gpl017	1	Response	32	20503	10337	0
gpl017	2	Picture	fix	20531	0	246	18814	246	0	next	other	0
gpl017	4	Picture	stim	39345	0	1	23045	1	0	next	incorrect	4
gpl017	4	Response	32	62332	22987	0
gpl017	5	Picture	feedback	62390	0	1	20061	1	0	next	other	0
gpl017	6	Picture	fix	82452	0	1	32164	1	0	next	other	0
gpl017	8	Picture	stim	114615	0	1	13578	184	0	next	hit	8
gpl017	8	Response	16	128183	13567	0
gpl017	9	Picture	feedback	128193	0	184	20078	184	0	next	other	0
gpl017	10	Picture	fix	148271	0	1	24703	1	0	next	other	0
gpl017	12	Picture	stim	172975	0	1	12600	1	0	next	hit	12
gpl017	12	Response	16	185553	12578	0
gpl017	13	Picture	feedback	185575	0	1	20061	1	0	next	other	0
gpl017	14	Picture	fix	205636	0	1	21387	1	0	next	other	0
gpl017	16	Picture	stim	227023	0	1	9450	1	0	next	incorrect	16
gpl017	16	Response	32	236302	9279	0
gpl017	17	Picture	feedback	236474	0	1	20061	1	0	next	other	0
gpl017	18	Picture	fix	256535	0	1	21885	1	0	next	other	0
gpl017	20	Picture	stim	278419	0	1	17740	1	0	next	hit	20
gpl017	20	Response	16	295973	17554	0
gpl017	21	Picture	feedback	296159	0	1	20061	1	0	next	other	0
gpl017	22	Picture	fix	316220	0	1	23543	1	0	next	other	0
gpl017	24	Picture	stim	339763	0	1	9450	1	0	next	incorrect	24
gpl017	24	Response	32	349133	9370	0
gpl017	25	Picture	feedback	349213	0	1	20061	1	0	next	other	0
gpl017	26	Response	32	402532	33258	0
gpl017	27	Picture	start	402598	0	1	683705	194	0	next	other	0
gpl017	27	Response	16	414584	11985	0
gpl017	27	Response	16	417303	14704	0
gpl017	27	Response	16	418903	16305	0
gpl017	27	Response	16	420663	18065	0
gpl017	27	Response	16	422423	19825	0
gpl017	27	Response	16	424183	21585	0
gpl017	27	Response	16	426263	23665	0
gpl017	28	Pulse	199	1086303	633699	0
gpl017	28	Pulse	199	1096303	643698	0
gpl017	28	Pulse	199	1106302	653698	0
gpl017	28	Pulse	199	1116303	663698	0
gpl017	28	Pulse	199	1126312	673708	0
gpl017	28	Pulse	199	1136303	683699	9
gpl017	29	Picture	fix	1136566	0	1	26858	1	0	next	other	0
gpl017	29	Pulse	199	1146312	9746	0
gpl017	29	Pulse	199	1156312	19746	0
gpl017	31	Picture	stim	1163424	0	1	25035	1	0	25000	incorrect	47
gpl017	31	Pulse	199	1166313	2888	0
gpl017	31	Pulse	199	1176312	12888	0
gpl017	31	Response	32	1179313	15888	0
gpl017	31	Pulse	199	1186313	22888	0
gpl017	32	Picture	fix2	1188625	0	1	16745	1	0	next	other	0
gpl017	32	Pulse	199	1196313	7688	0
gpl017	33	Picture	feedback	1205370	0	1	20061	1	0	next	other	0
gpl017	33	Pulse	199	1206313	943	0
gpl017	33	Pulse	199	1216312	10942	0
gpl017	34	Picture	fix	1225431	0	1	23708	1	0	next	other	0
gpl017	34	Pulse	199	1226313	882	0
gpl017	34	Pulse	199	1236313	10882	0
gpl017	34	Pulse	199	1246312	20881	0
gpl017	36	Picture	stim	1249139	0	1	25035	1	0	25000	incorrect	61
gpl017	36	Pulse	199	1256313	7173	0
gpl017	36	Pulse	199	1266312	17173	0
gpl017	36	Response	32	1267602	18463	0
gpl017	37	Picture	fix2	1274340	0	1	16579	1	0	next	other	0
gpl017	37	Pulse	199	1276313	1972	0
gpl017	37	Pulse	199	1286312	11972	0
gpl017	38	Picture	feedback	1290919	0	1	20061	1	0	next	other	0
gpl017	38	Pulse	199	1296313	5393	0
gpl017	38	Pulse	199	1306313	15393	0
gpl017	39	Picture	fix	1310980	0	1	20227	1	0	next	other	0
gpl017	39	Pulse	199	1316312	5332	0
gpl017	39	Pulse	199	1326312	15332	0
gpl017	41	Picture	stim	1331207	0	1	25035	1	0	25000	hit	74
gpl017	41	Pulse	199	1336313	5105	0
gpl017	41	Pulse	199	1346312	15105	0
gpl017	41	Response	16	1350082	18875	0
gpl017	41	Pulse	199	1356312	25105	1
gpl017	42	Picture	fix2	1356408	0	1	11606	1	0	next	other	0
gpl017	42	Pulse	199	1366312	9905	0
gpl017	43	Picture	feedback	1368013	0	1	20061	1	0	next	other	0
gpl017	43	Pulse	199	1376313	8299	0
gpl017	43	Pulse	199	1386312	18299	0
gpl017	44	Picture	fix	1388074	0	1	21387	1	0	next	other	0
gpl017	44	Pulse	199	1396313	8238	0
gpl017	44	Pulse	199	1406312	18238	0
gpl017	46	Picture	stim	1409462	0	1	25035	1	0	25000	hit	87
gpl017	46	Pulse	199	1416312	6851	0
gpl017	46	Pulse	199	1426312	16850	0
gpl017	46	Response	16	1431612	22151	0
gpl017	47	Picture	fix2	1434497	0	1	22216	1	0	next	other	0
gpl017	47	Pulse	199	1436313	1817	0
gpl017	47	Pulse	199	1446312	11816	0
gpl017	47	Pulse	199	1456312	21815	0
gpl017	48	Picture	feedback	1456713	0	1	20061	1	0	next	other	0
gpl017	48	Pulse	199	1466313	9600	0
gpl017	48	Pulse	199	1476313	19600	0
gpl017	49	Picture	fix	1476774	0	1	30009	1	0	next	other	0
gpl017	49	Pulse	199	1486312	9538	0
gpl017	49	Pulse	199	1496312	19538	0
gpl017	49	Pulse	199	1506313	29539	0
gpl017	51	Picture	stim	1506782	0	1	25035	1	0	25000	hit	102
gpl017	51	Pulse	199	1516312	9530	0
gpl017	51	Pulse	199	1526312	19529	0
gpl017	51	Response	16	1527052	20269	0
gpl017	52	Picture	fix2	1531817	0	1	22051	1	0	next	other	0
gpl017	52	Pulse	199	1536313	4496	0
gpl017	52	Pulse	199	1546313	14495	0
gpl017	53	Picture	feedback	1553868	0	1	20061	1	0	next	other	0
gpl017	53	Pulse	199	1556312	2444	0
gpl017	53	Pulse	199	1566312	12445	0
gpl017	54	Picture	fix	1573929	0	1	23543	1	0	next	other	0
gpl017	54	Pulse	199	1576313	2384	0
gpl017	54	Pulse	199	1586312	12384	0
gpl017	54	Pulse	199	1596312	22383	0
gpl017	56	Picture	stim	1597471	0	1	25035	1	0	25000	incorrect	115
gpl017	56	Pulse	199	1606313	8841	0
gpl017	56	Response	32	1610972	13500	0
gpl017	56	Pulse	199	1616312	18841	0
gpl017	57	Picture	fix2	1622506	0	1	16413	1	0	next	other	0
gpl017	57	Pulse	199	1626312	3806	0
gpl017	57	Pulse	199	1636312	13806	0
gpl017	58	Picture	feedback	1638920	0	1	20061	1	0	next	other	0
gpl017	58	Pulse	199	1646313	7393	0
gpl017	58	Pulse	199	1656312	17393	0
gpl017	59	Picture	fix	1658981	0	1	29677	1	0	next	other	0
gpl017	59	Pulse	199	1666312	7332	0
gpl017	59	Pulse	199	1676312	17332	0
gpl017	59	Pulse	199	1686312	27332	0
gpl017	61	Picture	stim	1688658	0	1	25035	1	0	25000	hit	130
gpl017	61	Pulse	199	1696312	7654	0
gpl017	61	Pulse	199	1706312	17655	0
gpl017	61	Response	16	1707631	18974	0
gpl017	62	Picture	fix2	1713693	0	1	26195	1	0	next	other	0
gpl017	62	Pulse	199	1716313	2620	0
gpl017	62	Pulse	199	1726312	12620	0
gpl017	62	Pulse	199	1736312	22620	0
gpl017	63	Picture	feedback	1739888	0	1	20061	1	0	next	other	0
gpl017	63	Pulse	199	1746312	6425	0
gpl017	63	Pulse	199	1756312	16425	0
gpl017	64	Picture	fix	1759949	0	1	23377	1	0	next	other	0
gpl017	64	Pulse	199	1766312	6363	0
gpl017	64	Pulse	199	1776312	16364	0
gpl017	66	Picture	stim	1783326	0	1	25035	1	0	25000	incorrect	145
gpl017	66	Pulse	199	1786313	2987	0
gpl017	66	Pulse	199	1796312	12986	0
gpl017	66	Pulse	199	1806312	22987	0
gpl017	66	Response	32	1807902	24576	0
gpl017	67	Picture	fix2	1808361	0	1	10777	1	0	next	other	0
gpl017	67	Pulse	199	1816312	7952	0
gpl017	68	Picture	feedback	1819137	0	1	20061	1	0	next	other	0
gpl017	68	Pulse	199	1826313	7175	0
gpl017	68	Pulse	199	1836312	17175	0
gpl017	69	Picture	fix	1839198	0	1	28019	1	0	next	other	0
gpl017	69	Pulse	199	1846313	7114	0
gpl017	69	Pulse	199	1856312	17114	0
gpl017	69	Pulse	199	1866312	27114	0
gpl017	71	Picture	stim	1867217	0	1	25035	1	0	25000	incorrect	157
gpl017	71	Pulse	199	1876312	9095	0
gpl017	71	Response	32	1878441	11224	0
gpl017	71	Pulse	199	1886312	19095	0
gpl017	72	Picture	fix2	1892252	0	1	17242	1	0	next	other	0
gpl017	72	Pulse	199	1896312	4060	0
gpl017	72	Pulse	199	1906312	14060	0
gpl017	73	Picture	feedback	1909494	0	1	20061	1	0	next	other	0
gpl017	73	Pulse	199	1916312	6818	0
gpl017	73	Pulse	199	1926312	16818	0
gpl017	74	Picture	fix	1929555	0	1	22051	1	0	next	other	0
gpl017	74	Pulse	199	1936312	6757	0
gpl017	74	Pulse	199	1946312	16757	0
gpl017	76	Picture	stim	1951606	0	1	25035	1	0	25000	hit	171
gpl017	76	Pulse	199	1956313	4707	0
gpl017	76	Pulse	199	1966312	14706	0
gpl017	76	Response	16	1975342	23736	0
gpl017	76	Pulse	199	1976312	24706	0
gpl017	77	Picture	fix2	1976641	0	1	24206	1	0	next	other	0
gpl017	77	Pulse	199	1986312	9671	0
gpl017	77	Pulse	199	1996312	19671	0
gpl017	78	Picture	feedback	2000847	0	1	20031	196	0	next	other	0
gpl017	78	Pulse	199	2006312	5465	0
gpl017	78	Pulse	199	2016312	15465	0
gpl017	79	Picture	fix	2020878	0	196	28856	384	0	next	other	0
gpl017	79	Pulse	199	2026312	5434	0
gpl017	79	Pulse	199	2036312	15434	0
gpl017	79	Pulse	199	2046312	25434	0
gpl017	81	Picture	stim	2049734	0	188	25057	188	0	25000	incorrect	185
gpl017	81	Pulse	199	2056312	6578	0
gpl017	81	Response	32	2065502	15768	0
gpl017	81	Pulse	199	2066312	16578	0
gpl017	82	Picture	fix2	2074790	0	1	11108	1	0	next	other	0
gpl017	82	Pulse	199	2076312	1521	0
gpl017	83	Picture	feedback	2085899	0	1	20061	1	0	next	other	0
gpl017	83	Pulse	199	2086312	413	0
gpl017	83	Pulse	199	2096312	10413	0
gpl017	84	Picture	fix	2105960	0	1	28848	1	0	next	other	0
gpl017	84	Pulse	199	2106312	353	0
gpl017	84	Pulse	199	2116312	10352	0
gpl017	84	Pulse	199	2126312	20352	0
gpl017	86	Picture	stim	2134808	0	1	25035	1	0	25000	incorrect	199
gpl017	86	Pulse	199	2136312	1504	0
gpl017	86	Pulse	199	2146311	11504	0
gpl017	86	Response	32	2148752	13944	0
gpl017	86	Pulse	199	2156312	21504	0
gpl017	87	Picture	fix2	2159843	0	1	24372	1	0	next	other	0
gpl017	87	Pulse	199	2166312	6470	0
gpl017	87	Pulse	199	2176312	16469	0
gpl017	88	Picture	feedback	2184214	0	1	20061	1	0	next	other	0
gpl017	88	Pulse	199	2186313	2099	0
gpl017	88	Pulse	199	2196312	12098	0
gpl017	89	Picture	fix	2204275	0	1	20061	1	0	next	other	0
gpl017	89	Pulse	199	2206313	2037	0
gpl017	89	Pulse	199	2216311	12036	0
gpl017	91	Picture	stim	2224336	0	1	25035	1	0	25000	incorrect	213
gpl017	91	Pulse	199	2226312	1976	0
gpl017	91	Pulse	199	2236312	11976	0
gpl017	91	Response	32	2237822	13486	0
gpl017	91	Pulse	199	2246312	21976	0
gpl017	92	Picture	fix2	2249371	0	1	21387	1	0	next	other	0
gpl017	92	Pulse	199	2256313	6942	0
gpl017	92	Pulse	199	2266312	16942	0
gpl017	93	Picture	feedback	2270758	0	1	20061	1	0	next	other	0
gpl017	93	Pulse	199	2276312	5554	0
gpl017	93	Pulse	199	2286312	15553	0
gpl017	94	Picture	fix	2290819	0	1	22382	1	0	next	other	0
gpl017	94	Pulse	199	2296312	5493	0
gpl017	94	Pulse	199	2306312	15493	0
gpl017	96	Picture	stim	2313201	0	1	25035	1	0	25000	hit	227
gpl017	96	Pulse	199	2316312	3110	0
gpl017	96	Pulse	199	2326312	13111	0
gpl017	96	Response	16	2335742	22540	0
gpl017	96	Pulse	199	2336312	23111	0
gpl017	97	Picture	fix2	2338402	0	1	14590	1	0	next	other	0
gpl017	97	Pulse	199	2346312	7910	0
gpl017	98	Picture	feedback	2352992	0	1	20061	1	0	next	other	0
gpl017	98	Pulse	199	2356312	3320	0
gpl017	98	Pulse	199	2366312	13320	0
gpl017	99	Picture	fix	2373053	0	1	22216	1	0	next	other	0
gpl017	99	Pulse	199	2376312	3260	0
gpl017	99	Pulse	199	2386311	13259	0
gpl017	101	Picture	stim	2395269	0	1	25035	1	0	25000	hit	241
gpl017	101	Pulse	199	2396312	1043	0
gpl017	101	Pulse	199	2406312	11043	0
gpl017	101	Pulse	199	2416312	21043	0
gpl017	101	Response	16	2417382	22113	0
gpl017	102	Picture	fix2	2420304	0	1	15253	1	0	next	other	0
gpl017	102	Pulse	199	2426312	6008	0
gpl017	103	Picture	feedback	2435557	0	1	20061	1	0	next	other	0
gpl017	103	Pulse	199	2436312	756	0
gpl017	103	Pulse	199	2446312	10755	0
gpl017	104	Picture	fix	2455618	0	1	33325	1	0	next	other	0
gpl017	104	Pulse	199	2456312	694	0
gpl017	104	Pulse	199	2466312	10694	0
gpl017	104	Pulse	199	2476312	20694	0
gpl017	104	Pulse	199	2486312	30694	0
gpl017	106	Picture	stim	2488942	0	1	25201	1	0	25000	miss	0
gpl017	106	Pulse	199	2496313	7370	0
gpl017	106	Pulse	199	2506312	17370	0
gpl017	107	Picture	fix2	2514143	0	1	16082	1	0	next	other	0
gpl017	107	Pulse	199	2516312	2169	0
gpl017	107	Pulse	199	2526312	12169	0
gpl017	108	Picture	feedback	2530225	0	1	20061	1	0	next	other	0
gpl017	108	Pulse	199	2536312	6087	0
gpl017	108	Pulse	199	2546312	16087	0
gpl017	109	Picture	fix	2550286	0	1	37469	1	0	next	other	0
gpl017	109	Pulse	199	2556312	6026	0
gpl017	109	Pulse	199	2566312	16026	0
gpl017	109	Pulse	199	2576312	26026	0
gpl017	109	Pulse	199	2586312	36026	0
gpl017	111	Picture	stim	2587755	0	1	25035	1	0	25000	incorrect	268
gpl017	111	Pulse	199	2596311	8556	0
gpl017	111	Response	32	2601462	13707	0
gpl017	111	Pulse	199	2606312	18557	0
gpl017	112	Picture	fix2	2612790	0	1	13264	1	0	next	other	0
gpl017	112	Pulse	199	2616312	3522	0
gpl017	113	Picture	feedback	2626053	0	1	20061	1	0	next	other	0
gpl017	113	Pulse	199	2626311	258	0
gpl017	113	Pulse	199	2636312	10259	0
gpl017	114	Picture	fix	2646114	0	1	26859	1	0	next	other	0
gpl017	114	Pulse	199	2646312	198	0
gpl017	114	Pulse	199	2656312	10197	0
gpl017	114	Pulse	199	2666311	20197	0
gpl017	116	Picture	stim	2672973	0	1	25035	1	0	25000	incorrect	282
gpl017	116	Pulse	199	2676312	3339	0
gpl017	116	Pulse	199	2686312	13339	0
gpl017	116	Response	32	2687452	14479	0
gpl017	116	Pulse	199	2696311	23338	0
gpl017	117	Picture	fix2	2698008	0	1	18569	1	0	next	other	0
gpl017	117	Pulse	199	2706312	8305	0
gpl017	117	Pulse	199	2716312	18304	0
gpl017	118	Picture	feedback	2716576	0	1	20061	1	0	next	other	0
gpl017	118	Pulse	199	2726312	9736	0
gpl017	118	Pulse	199	2736311	19735	0
gpl017	119	Picture	fix	2736638	0	1	24537	1	0	next	other	0
gpl017	119	Pulse	199	2746312	9675	0
gpl017	119	Pulse	199	2756312	19674	0
gpl017	121	Picture	stim	2761175	0	1	25035	1	0	25000	hit	296
gpl017	121	Pulse	199	2766311	5136	0
gpl017	121	Pulse	199	2776312	15137	0
gpl017	121	Response	16	2777641	16466	0
gpl017	122	Picture	fix2	2786210	0	1	15916	1	0	next	other	0
gpl017	122	Pulse	199	2786312	102	0
gpl017	122	Pulse	199	2796312	10102	0
gpl017	123	Picture	feedback	2802126	0	1	20061	1	0	next	other	0
gpl017	123	Pulse	199	2806312	4186	0
gpl017	123	Pulse	199	2816312	14186	0
gpl017	124	Picture	fix	2822187	0	1	17740	1	0	next	other	0
gpl017	124	Pulse	199	2826322	4135	0
gpl017	124	Pulse	199	2836312	14125	0
gpl017	126	Picture	stim	2839927	0	1	25035	1	0	25000	hit	308
gpl017	126	Pulse	199	2846312	6385	0
gpl017	126	Response	16	2855182	15255	0
gpl017	126	Pulse	199	2856322	16395	0
gpl017	127	Picture	fix2	2864962	0	1	21719	1	0	next	other	0
gpl017	127	Pulse	199	2866312	1351	0
gpl017	127	Pulse	199	2876312	11350	0
gpl017	127	Pulse	199	2886322	21360	0
gpl017	128	Picture	feedback	2886681	0	1	20061	1	0	next	other	0
gpl017	128	Pulse	199	2896322	9641	0
gpl017	128	Pulse	199	2906321	19641	0
gpl017	129	Picture	fix	2906742	0	1	26030	1	0	next	other	0
gpl017	129	Pulse	199	2916322	9580	0
gpl017	129	Pulse	199	2926322	19580	0
gpl017	131	Picture	stim	2932771	0	1	25010	192	0	25000	incorrect	323
gpl017	131	Pulse	199	2936322	3551	0
gpl017	131	Pulse	199	2946322	13551	0
gpl017	131	Response	32	2953592	20821	0
gpl017	131	Pulse	199	2956322	23551	0
gpl017	132	Picture	fix2	2957781	0	192	15941	192	0	next	other	0
gpl017	132	Pulse	199	2966322	8542	0
gpl017	133	Picture	feedback	2973722	0	1	20061	1	0	next	other	0
gpl017	133	Pulse	199	2976322	2600	0
gpl017	133	Pulse	199	2986322	12600	0
gpl017	134	Picture	fix	2993783	0	1	19398	1	0	next	other	0
gpl017	134	Pulse	199	2996322	2539	0
gpl017	134	Pulse	199	3006321	12538	0
gpl017	136	Picture	stim	3013181	0	1	25035	1	0	25000	hit	336
gpl017	136	Pulse	199	3016322	3141	0
gpl017	136	Pulse	199	3026322	13141	0
gpl017	136	Response	16	3030562	17381	0
gpl017	136	Pulse	199	3036322	23141	0
gpl017	137	Picture	fix2	3038382	0	1	25864	1	0	next	other	0
gpl017	137	Pulse	199	3046321	7940	0
gpl017	137	Pulse	199	3056322	17940	0
gpl017	138	Picture	feedback	3064245	0	1	20061	1	0	next	other	0
gpl017	138	Pulse	199	3066322	2077	0
gpl017	138	Pulse	199	3076321	12076	0
gpl017	139	Picture	fix	3084306	0	1	24703	1	0	next	other	0
gpl017	139	Pulse	199	3086322	2016	0
gpl017	139	Pulse	199	3096322	12015	0
gpl017	139	Pulse	199	3106322	22016	0
gpl017	141	Picture	stim	3109010	0	1	25035	1	0	25000	incorrect	350
gpl017	141	Pulse	199	3116321	7312	0
gpl017	141	Response	32	3125872	16862	0
gpl017	141	Pulse	199	3126322	17312	0
gpl017	142	Picture	fix2	3134210	0	1	20061	1	0	next	other	0
gpl017	142	Pulse	199	3136322	2112	0
gpl017	142	Pulse	199	3146321	12111	0
gpl017	143	Picture	feedback	3154271	0	1	20061	1	0	next	other	0
gpl017	143	Pulse	199	3156322	2051	0
gpl017	143	Pulse	199	3166322	12051	0
gpl017	144	Picture	fix	3174332	0	1	21885	1	0	next	other	0
gpl017	144	Pulse	199	3176322	1990	0
gpl017	144	Pulse	199	3186321	11989	0
gpl017	146	Picture	stim	3196217	0	1	25035	1	0	25000	incorrect	365
gpl017	146	Pulse	199	3196322	105	0
gpl017	146	Pulse	199	3206322	10105	0
gpl017	146	Pulse	199	3216321	20104	0
gpl017	146	Response	32	3217221	21004	0
gpl017	147	Picture	fix2	3221252	0	1	14756	1	0	next	other	0
gpl017	147	Pulse	199	3226322	5070	0
gpl017	148	Picture	feedback	3236007	0	1	20061	1	0	next	other	0
gpl017	148	Pulse	199	3236322	315	0
gpl017	148	Pulse	199	3246322	10314	0
gpl017	149	Picture	fix	3256068	0	1	24703	1	0	next	other	0
gpl017	149	Pulse	199	3256322	254	0
gpl017	149	Pulse	199	3266322	10254	0
gpl017	149	Pulse	199	3276322	20254	0
gpl017	151	Picture	stim	3280771	0	1	25035	1	0	25000	hit	377
gpl017	151	Pulse	199	3286321	5550	0
gpl017	151	Response	16	3294932	14160	0
gpl017	151	Pulse	199	3296322	15550	0
gpl017	152	Picture	fix2	3305806	0	1	20558	1	0	next	other	0
gpl017	152	Pulse	199	3306322	516	0
gpl017	152	Pulse	199	3316321	10515	0
gpl017	152	Pulse	199	3326322	20516	0
gpl017	153	Picture	feedback	3326365	0	1	20061	1	0	next	other	0
gpl017	153	Pulse	199	3336322	9957	0
gpl017	153	Pulse	199	3346322	19957	0
gpl017	154	Picture	fix	3346426	0	1	29345	1	0	next	other	0
gpl017	154	Pulse	199	3356321	9896	0
gpl017	154	Pulse	199	3366322	19896	0
gpl017	156	Picture	stim	3375771	0	1	25035	1	0	25000	incorrect	392
gpl017	156	Pulse	199	3376322	551	0
gpl017	156	Pulse	199	3386321	10550	0
gpl017	156	Response	32	3394852	19081	0
gpl017	156	Pulse	199	3396322	20551	0
gpl017	157	Picture	fix2	3400806	0	1	25864	1	0	next	other	0
gpl017	157	Pulse	199	3406322	5516	0
gpl017	157	Pulse	199	3416322	15516	0
gpl017	157	Pulse	199	3426321	25515	0
gpl017	158	Picture	feedback	3426670	0	1	20061	1	0	next	other	0
gpl017	158	Pulse	199	3436322	9652	0
gpl017	158	Pulse	199	3446322	19652	0
gpl017	159	Picture	fix	3446731	0	1	35977	1	0	next	other	0
gpl017	159	Pulse	199	3456321	9591	0
gpl017	159	Pulse	199	3466322	19591	0
gpl017	159	Pulse	199	3476322	29591	0
gpl017	161	Picture	stim	3482708	0	1	25035	1	0	25000	hit	408
gpl017	161	Pulse	199	3486322	3614	0
gpl017	161	Pulse	199	3496321	13613	0
gpl017	161	Response	16	3499562	16854	0
gpl017	161	Pulse	199	3506322	23614	0
gpl017	162	Picture	fix2	3507908	0	1	26361	1	0	next	other	0
gpl017	162	Pulse	199	3516322	8414	0
gpl017	162	Pulse	199	3526321	18413	0
gpl017	163	Picture	feedback	3534270	0	1	20061	1	0	next	other	0
gpl017	163	Pulse	199	3536322	2052	0
gpl017	163	Pulse	199	3546322	12052	0
gpl017	164	Picture	fix	3554330	0	1	28516	1	0	next	other	0
gpl017	164	Pulse	199	3556322	1991	0
gpl017	164	Pulse	199	3566322	11991	0
gpl017	164	Pulse	199	3576322	21991	0
gpl017	166	Picture	stim	3582847	0	1	25035	1	0	25000	hit	423
gpl017	166	Pulse	199	3586322	3475	0
gpl017	166	Pulse	199	3596321	13474	0
gpl017	166	Response	16	3597341	14494	0
gpl017	166	Pulse	199	3606322	23475	0
gpl017	167	Picture	fix2	3607882	0	1	12932	1	0	next	other	0
gpl017	167	Pulse	199	3616322	8440	0
gpl017	168	Picture	feedback	3620814	0	1	20061	1	0	next	other	0
gpl017	168	Pulse	199	3626322	5508	0
gpl017	168	Pulse	199	3636322	15508	0
gpl017	169	Picture	fix	3640875	0	1	18569	1	0	next	other	0
gpl017	169	Pulse	199	3646322	5447	0
gpl017	169	Pulse	199	3656322	15447	0
gpl017	171	Picture	stim	3659444	0	1	25035	1	0	25000	incorrect	436
gpl017	171	Pulse	199	3666321	6878	0
gpl017	171	Pulse	199	3676322	16878	0
gpl017	171	Response	32	3678551	19107	0
gpl017	172	Picture	fix2	3684644	0	1	17906	1	0	next	other	0
gpl017	172	Pulse	199	3686322	1678	0
gpl017	172	Pulse	199	3696321	11677	0
gpl017	173	Picture	feedback	3702550	0	1	20061	1	0	next	other	0
gpl017	173	Pulse	199	3706322	3772	0
gpl017	173	Pulse	199	3716322	13772	0
gpl017	174	Picture	fix	3722611	0	1	22714	1	0	next	other	0
gpl017	174	Pulse	199	3726322	3711	0
gpl017	174	Pulse	199	3736321	13710	0
gpl017	176	Picture	stim	3745324	0	1	25035	1	0	25000	incorrect	449
gpl017	176	Pulse	199	3746322	998	0
gpl017	176	Pulse	199	3756322	10997	0
gpl017	176	Response	32	3759922	14597	0
gpl017	176	Pulse	199	3766321	20997	0
gpl017	177	Picture	fix2	3770359	0	1	14092	1	0	next	other	0
gpl017	177	Pulse	199	3776322	5962	0
gpl017	178	Picture	feedback	3784452	0	1	20061	1	0	next	other	0
gpl017	178	Pulse	199	3786322	1870	0
gpl017	178	Pulse	199	3796322	11870	0
gpl017	179	Picture	fix	3804513	0	1	25366	1	0	next	other	0
gpl017	179	Pulse	199	3806321	1808	0
gpl017	179	Pulse	199	3816322	11809	0
gpl017	179	Pulse	199	3826322	21809	0
gpl017	181	Picture	stim	3829879	0	1	25035	1	0	25000	incorrect	462
gpl017	181	Pulse	199	3836321	6442	0
gpl017	181	Response	32	3844792	14913	0
gpl017	181	Pulse	199	3846321	16442	0
gpl017	182	Picture	fix2	3854914	0	1	22548	1	0	next	other	0
gpl017	182	Pulse	199	3856322	1408	0
gpl017	182	Pulse	199	3866321	11407	0
gpl017	182	Pulse	199	3876321	21407	0
gpl017	183	Picture	feedback	3877462	0	1	20061	1	0	next	other	0
gpl017	183	Pulse	199	3886322	8860	0
gpl017	183	Pulse	199	3896321	18860	0
gpl017	184	Picture	fix	3897523	0	1	25201	1	0	next	other	0
gpl017	184	Pulse	199	3906321	8799	0
gpl017	184	Pulse	199	3916322	18799	0
gpl017	186	Picture	stim	3922723	0	1	25035	1	0	25000	incorrect	477
gpl017	186	Pulse	199	3926322	3598	0
gpl017	186	Pulse	199	3936321	13598	0
gpl017	186	Response	32	3944102	21378	0
gpl017	186	Pulse	199	3946321	23598	0
gpl017	187	Picture	fix2	3947924	0	1	23377	1	0	next	other	0
gpl017	187	Pulse	199	3956322	8398	0
gpl017	187	Pulse	199	3966322	18398	0
gpl017	188	Picture	feedback	3971301	0	1	20061	1	0	next	other	0
gpl017	188	Pulse	199	3976321	5021	0
gpl017	188	Pulse	199	3986322	15021	0
gpl017	189	Picture	fix	3991362	0	1	27356	1	0	next	other	0
gpl017	189	Pulse	199	3996322	4960	0
gpl017	189	Pulse	199	4006321	14960	0
gpl017	189	Pulse	199	4016321	24959	0
gpl017	191	Picture	stim	4018718	0	1	25035	1	0	25000	hit	491
gpl017	191	Pulse	199	4026322	7604	0
gpl017	191	Response	16	4031931	13213	0
gpl017	191	Pulse	199	4036322	17604	0
gpl017	192	Picture	fix2	4043918	0	1	18071	1	0	next	other	0
gpl017	192	Pulse	199	4046321	2403	0
gpl017	192	Pulse	199	4056322	12403	0
gpl017	193	Picture	feedback	4061990	0	1	20061	1	0	next	other	0
gpl017	193	Pulse	199	4066322	4332	0
gpl017	193	Pulse	199	4076321	14331	0
gpl017	194	Picture	fix	4082051	0	1	19066	1	0	next	other	0
gpl017	194	Pulse	199	4086322	4271	0
gpl017	194	Pulse	199	4096322	14271	0
gpl017	196	Picture	stim	4101117	0	1	25035	1	0	25000	incorrect	505
gpl017	196	Pulse	199	4106322	5205	0
gpl017	196	Pulse	199	4116321	15204	0
gpl017	196	Response	32	4117891	16774	0
gpl017	197	Picture	fix2	4126152	0	1	29346	1	0	next	other	0
gpl017	197	Pulse	199	4126322	170	0
gpl017	197	Pulse	199	4136322	10170	0
gpl017	197	Pulse	199	4146321	20169	0
gpl017	198	Picture	feedback	4155497	0	1	20061	1	0	next	other	0
gpl017	198	Pulse	199	4156322	824	0
gpl017	198	Pulse	199	4166322	10824	0
gpl017	199	Picture	fix	4175558	0	1	31169	1	0	next	other	0
gpl017	199	Pulse	199	4176322	763	0
gpl017	199	Pulse	199	4186321	10763	0
gpl017	199	Pulse	199	4196322	20763	0
gpl017	199	Pulse	199	4206322	30763	0
gpl017	201	Picture	stim	4206727	0	1	25035	1	0	25000	hit	520
gpl017	201	Pulse	199	4216321	9594	0
gpl017	201	Response	16	4223662	16934	0
gpl017	201	Pulse	199	4226322	19594	0
gpl017	202	Picture	fix2	4231762	0	1	29014	1	0	next	other	0
gpl017	202	Pulse	199	4236322	4559	0
gpl017	202	Pulse	199	4246321	14559	0
gpl017	202	Pulse	199	4256321	24559	0
gpl017	203	Picture	feedback	4260776	0	1	20061	1	0	next	other	0
gpl017	203	Pulse	199	4266322	5546	0
gpl017	203	Pulse	199	4276322	15546	0
gpl017	204	Picture	fix	4280837	0	1	26361	1	0	next	other	0
gpl017	204	Pulse	199	4286321	5484	0
gpl017	204	Pulse	199	4296322	15485	0
gpl017	204	Pulse	199	4306322	25485	0
gpl017	206	Picture	stim	4307198	0	1	25035	1	0	25000	incorrect	536
gpl017	206	Pulse	199	4316322	9124	0
gpl017	206	Pulse	199	4326321	19123	0
gpl017	206	Response	32	4326531	19333	0
gpl017	207	Picture	fix2	4332399	0	1	20393	1	0	next	other	0
gpl017	207	Pulse	199	4336322	3923	0
gpl017	207	Pulse	199	4346321	13923	0
gpl017	208	Picture	feedback	4352791	0	1	20061	1	0	next	other	0
gpl017	208	Pulse	199	4356321	3530	0
gpl017	208	Pulse	199	4366322	13530	0
gpl017	209	Picture	fix	4372852	0	1	20393	1	0	next	other	0
gpl017	209	Pulse	199	4376322	3470	0
gpl017	209	Pulse	199	4386321	13469	0
gpl017	211	Picture	stim	4393245	0	1	25035	1	0	25000	incorrect	549
gpl017	211	Pulse	199	4396321	3076	0
gpl017	211	Pulse	199	4406322	13077	0
gpl017	211	Response	32	4414711	21466	0
gpl017	211	Pulse	199	4416322	23077	0
gpl017	212	Picture	fix2	4418280	0	1	15916	1	0	next	other	0
gpl017	212	Pulse	199	4426321	8041	0
gpl017	213	Picture	feedback	4434196	0	1	20061	1	0	next	other	0
gpl017	213	Pulse	199	4436322	2126	0
gpl017	213	Pulse	199	4446322	12126	0
gpl017	214	Picture	fix	4454257	0	1	28516	1	0	next	other	0
gpl017	214	Pulse	199	4456321	2065	0
gpl017	214	Pulse	199	4466322	12065	0
gpl017	214	Pulse	199	4476322	22065	0
gpl017	216	Picture	stim	4482773	0	1	25035	1	0	25000	hit	563
gpl017	216	Pulse	199	4486322	3548	0
gpl017	216	Pulse	199	4496321	13547	0
gpl017	216	Response	16	4503772	20999	0
gpl017	216	Pulse	199	4506321	23548	0
gpl017	217	Picture	fix2	4507808	0	1	21885	1	0	next	other	0
gpl017	217	Pulse	199	4516322	8514	0
gpl017	217	Pulse	199	4526321	18513	0
gpl017	218	Picture	feedback	4529693	0	1	20061	1	0	next	other	0
gpl017	218	Pulse	199	4536322	6629	0
gpl017	218	Pulse	199	4546322	16629	0
gpl017	219	Picture	fix	4549754	0	1	17408	1	0	next	other	0
gpl017	219	Pulse	199	4556322	6568	0
gpl017	219	Pulse	199	4566321	16567	0
gpl017	221	Picture	stim	4567162	0	1	25035	1	0	25000	hit	577
gpl017	221	Pulse	199	4576322	9160	0
gpl017	221	Pulse	199	4586322	19159	0
gpl017	221	Response	16	4588522	21359	0
gpl017	222	Picture	fix2	4592363	0	1	9119	1	0	next	other	0
gpl017	222	Pulse	199	4596332	3969	0
gpl017	223	Picture	feedback	4601481	0	1	20061	1	0	next	other	0
gpl017	223	Pulse	199	4606322	4840	0
gpl017	223	Pulse	199	4616322	14840	0
gpl017	224	Picture	fix	4621542	0	1	26859	1	0	next	other	0
gpl017	224	Pulse	199	4626321	4779	0
gpl017	224	Pulse	199	4636321	14779	0
gpl017	224	Pulse	199	4646331	24789	0
gpl017	226	Picture	stim	4648401	0	1	25035	1	0	25000	incorrect	590
gpl017	226	Pulse	199	4656331	7930	0
gpl017	226	Pulse	199	4666331	17930	0
gpl017	226	Response	32	4667581	19180	0
gpl017	227	Picture	fix2	4673436	0	1	23543	1	0	next	other	0
gpl017	227	Pulse	199	4676331	2895	0
gpl017	227	Pulse	199	4686331	12896	0
gpl017	227	Pulse	199	4696331	22895	0
gpl017	228	Picture	feedback	4696978	0	1	20061	1	0	next	other	0
gpl017	228	Pulse	199	4706331	9352	0
gpl017	228	Pulse	199	4716331	19353	0
gpl017	229	Picture	fix	4717039	0	1	32164	1	0	next	other	0
gpl017	229	Pulse	199	4726332	9293	0
gpl017	229	Pulse	199	4736331	19292	0
gpl017	229	Pulse	199	4746331	29292	0
gpl017	231	Picture	stim	4749203	0	1	25035	1	0	25000	incorrect	604
gpl017	231	Pulse	199	4756332	7129	0
gpl017	231	Response	32	4764751	15547	0
gpl017	231	Pulse	199	4766331	17128	0
gpl017	232	Picture	fix2	4774404	0	1	21387	1	0	next	other	0
gpl017	232	Pulse	199	4776331	1927	0
gpl017	232	Pulse	199	4786332	11928	0
gpl017	233	Picture	feedback	4795791	0	1	20061	1	0	next	other	0
gpl017	233	Pulse	199	4796332	540	0
gpl017	233	Pulse	199	4806331	10539	0
gpl017	234	Picture	fix	4815852	0	1	26527	1	0	next	other	0
gpl017	234	Pulse	199	4816332	480	0
gpl017	234	Pulse	199	4826332	10480	0
gpl017	234	Pulse	199	4836331	20479	0
gpl017	236	Picture	stim	4842379	0	1	25035	1	0	25000	incorrect	618
gpl017	236	Pulse	199	4846331	3952	0
gpl017	236	Response	32	4855281	12902	0
gpl017	236	Pulse	199	4856331	13952	0
gpl017	236	Pulse	199	4866332	23953	0
gpl017	237	Picture	fix2	4867414	0	1	16579	1	0	next	other	0
gpl017	237	Pulse	199	4876331	8917	0
gpl017	238	Picture	feedback	4883993	0	1	20061	1	0	next	other	0
gpl017	238	Pulse	199	4886331	2338	0
gpl017	238	Pulse	199	4896331	12338	0
gpl017	239	Picture	fix	4904054	0	1	23377	1	0	next	other	0
gpl017	239	Pulse	199	4906331	2277	0
gpl017	239	Pulse	199	4916330	12276	0
gpl017	239	Pulse	199	4926331	22277	0
gpl017	241	Picture	stim	4927431	0	1	25034	2	0	25000	incorrect	632
gpl017	241	Pulse	199	4936331	8900	0
gpl017	241	Response	32	4944461	17030	0
gpl017	241	Pulse	199	4946330	18899	0
gpl017	242	Picture	fix2	4952465	0	2	21388	2	0	next	other	0
gpl017	242	Pulse	199	4956332	3866	0
gpl017	242	Pulse	199	4966331	13866	0
gpl017	243	Picture	feedback	4973853	0	1	20061	1	0	next	other	0
gpl017	243	Pulse	199	4976331	2478	0
gpl017	243	Pulse	199	4986331	12477	0
gpl017	244	Picture	fix	4993914	0	1	28848	1	0	next	other	0
gpl017	244	Pulse	199	4996332	2417	0
gpl017	244	Pulse	199	5006331	12417	0
gpl017	244	Pulse	199	5016331	22416	0
gpl017	246	Picture	stim	5022762	0	1	25035	1	0	25000	hit	647
gpl017	246	Pulse	199	5026332	3569	0
gpl017	246	Pulse	199	5036332	13569	0
gpl017	246	Response	16	5037491	14729	0
gpl017	246	Pulse	199	5046331	23568	0
gpl017	247	Picture	fix2	5047963	0	1	13927	1	0	next	other	0
gpl017	247	Pulse	199	5056331	8368	0
gpl017	248	Picture	feedback	5061890	0	1	20061	1	0	next	other	0
gpl017	248	Pulse	199	5066332	4442	0
gpl017	248	Pulse	199	5076331	14442	0
gpl017	249	Picture	fix	5081951	0	1	30838	1	0	next	other	0
gpl017	249	Pulse	199	5086331	4380	0
gpl017	249	Pulse	199	5096331	14381	0
gpl017	249	Pulse	199	5106332	24381	0
gpl017	251	Picture	stim	5112788	0	1	25035	1	0	25000	incorrect	661
gpl017	251	Pulse	199	5116331	3543	0
gpl017	251	Pulse	199	5126331	13542	0
gpl017	251	Response	32	5132101	19313	0
gpl017	251	Pulse	199	5136331	23543	0
gpl017	252	Picture	fix2	5137823	0	1	18072	1	0	next	other	0
gpl017	252	Pulse	199	5146332	8509	0
gpl017	253	Picture	feedback	5155894	0	1	20061	1	0	next	other	0
gpl017	253	Pulse	199	5156331	436	0
gpl017	253	Pulse	199	5166331	10437	0
gpl017	254	Picture	fix	5175955	0	1	16248	1	0	next	other	0
gpl017	254	Pulse	199	5176332	376	0
gpl017	254	Pulse	199	5186331	10375	0
gpl017	256	Picture	stim	5192203	0	1	25035	1	0	25000	hit	673
gpl017	256	Pulse	199	5196331	4128	0
gpl017	256	Response	16	5205431	13228	0
gpl017	256	Pulse	199	5206331	14128	0
gpl017	256	Pulse	199	5216331	24128	0
gpl017	257	Picture	fix2	5217238	0	1	16414	1	0	next	other	0
gpl017	257	Pulse	199	5226331	9093	0
gpl017	258	Picture	feedback	5233652	0	1	20061	1	0	next	other	0
gpl017	258	Pulse	199	5236331	2680	0
gpl017	258	Pulse	199	5246331	12680	0
gpl017	259	Picture	fix	5253713	0	1	33988	1	0	next	other	0
gpl017	259	Pulse	199	5256331	2618	0
gpl017	259	Pulse	199	5266331	12619	0
gpl017	259	Pulse	199	5276331	22619	0
gpl017	259	Pulse	199	5286331	32618	0
gpl017	261	Picture	stim	5287700	0	1	25035	1	0	25000	hit	688
gpl017	261	Pulse	199	5296331	8630	0
gpl017	261	Response	16	5303631	15931	0
gpl017	261	Pulse	199	5306331	18631	0
gpl017	262	Picture	fix2	5312735	0	1	27688	1	0	next	other	0
gpl017	262	Pulse	199	5316331	3596	0
gpl017	262	Pulse	199	5326331	13596	0
gpl017	262	Pulse	199	5336331	23596	0
gpl017	263	Picture	feedback	5340422	0	1	20061	1	0	next	other	0
gpl017	263	Pulse	199	5346331	5909	0
gpl017	263	Pulse	199	5356331	15908	0
gpl017	264	Picture	fix	5360484	0	1	29180	1	0	next	other	0
gpl017	264	Pulse	199	5366331	5847	0
gpl017	264	Pulse	199	5376331	15848	0
gpl017	264	Pulse	199	5386331	25848	0
gpl017	266	Picture	stim	5389663	0	1	25035	1	0	25000	hit	703
gpl017	266	Pulse	199	5396331	6668	0
gpl017	266	Response	16	5405401	15738	0
gpl017	266	Pulse	199	5406331	16668	0
gpl017	267	Picture	fix2	5414698	0	1	21553	1	0	next	other	0
gpl017	267	Pulse	199	5416332	1634	0
gpl017	267	Pulse	199	5426331	11633	0
gpl017	268	Picture	feedback	5436251	0	1	20061	1	0	next	other	0
gpl017	268	Pulse	199	5436331	80	0
gpl017	268	Pulse	199	5446331	10080	0
gpl017	269	Picture	100	5456312	0	1	250000	183	0	250000	other	0
gpl017	269	Pulse	199	5456331	19	0
gpl017	269	Pulse	199	5466330	10018	0
gpl017	269	Pulse	199	5476331	20019	0
gpl017	269	Pulse	199	5486331	30019	0
gpl017	269	Pulse	199	5496331	40018	0
gpl017	269	Pulse	199	5506331	50019	0
gpl017	269	Pulse	199	5516331	60019	0
gpl017	269	Pulse	199	5526331	70019	0
gpl017	269	Pulse	199	5536330	80018	0
gpl017	269	Pulse	199	5546331	90019	0
gpl017	269	Pulse	199	5556331	100019	0
gpl017	269	Pulse	199	5566331	110019	0
gpl017	269	Pulse	199	5576331	120019	0
gpl017	269	Pulse	199	5586331	130019	0
gpl017	269	Pulse	199	5596331	140019	0
gpl017	269	Pulse	199	5606330	150018	0
gpl017	269	Pulse	199	5616331	160019	0
gpl017	269	Pulse	199	5626331	170019	0
gpl017	269	Pulse	199	5636330	180018	0
gpl017	269	Pulse	199	5646331	190019	0
gpl017	269	Pulse	199	5656331	200019	0
gpl017	269	Pulse	199	5666331	210019	0
gpl017	269	Pulse	199	5676331	220019	0
