Scenario - FBL_B.sce
Logfile written - 03/27/2021 11:59:25

Subject	Trial	Event Type	Code	Time	TTime	Uncertainty	Duration	Uncertainty	ReqTime	ReqDur	Stim Type	Pair Index

GPL002	1	Response	16	21706	11541	0
GPL002	2	Picture	fix	21735	0	203	18771	203	0	next	other	0
GPL002	4	Picture	stim	40506	0	1	30340	1	0	next	hit	4
GPL002	4	Response	16	70727	30221	0
GPL002	5	Picture	feedback	70846	0	1	20061	1	0	next	other	0
GPL002	6	Picture	fix	90907	0	1	32164	1	0	next	other	0
GPL002	8	Picture	stim	123071	0	1	8621	1	0	next	incorrect	8
GPL002	8	Response	32	131517	8446	0
GPL002	9	Picture	feedback	131692	0	1	20061	1	0	next	other	0
GPL002	10	Picture	fix	151753	0	1	24703	1	0	next	other	0
GPL002	12	Picture	stim	176457	0	1	9948	1	0	next	incorrect	12
GPL002	12	Response	32	186347	9890	0
GPL002	13	Picture	feedback	186404	0	1	20061	1	0	next	other	0
GPL002	14	Picture	fix	206465	0	1	21387	1	0	next	other	0
GPL002	16	Picture	stim	227853	0	1	7129	1	0	next	hit	16
GPL002	16	Response	16	234927	7074	0
GPL002	17	Picture	feedback	234982	0	1	20061	1	0	next	other	0
GPL002	18	Picture	fix	255043	0	1	21885	1	0	next	other	0
GPL002	20	Picture	stim	276928	0	1	7626	1	0	next	incorrect	20
GPL002	20	Response	32	284487	7560	0
GPL002	21	Picture	feedback	284554	0	1	20061	1	0	next	other	0
GPL002	22	Picture	fix	304615	0	1	23543	1	0	next	other	0
GPL002	24	Picture	stim	328158	0	1	11440	1	0	next	hit	24
GPL002	24	Response	16	339468	11310	0
GPL002	25	Picture	feedback	339598	0	1	20007	56	0	next	other	0
GPL002	26	Response	16	411897	52293	0
GPL002	27	Picture	start	412049	0	1	667817	1	0	next	other	0
GPL002	28	Response	16	471368	9312	0
GPL002	28	Response	16	925289	463233	0
GPL002	28	Pulse	199	1079828	617772	0
GPL002	28	Pulse	199	1089828	627772	0
GPL002	28	Pulse	199	1099828	637772	0
GPL002	28	Pulse	199	1109828	647772	0
GPL002	28	Pulse	199	1119828	657772	0
GPL002	28	Pulse	199	1129828	667772	0
GPL002	29	Picture	fix	1130268	0	1	25366	1	0	next	other	0
GPL002	29	Pulse	199	1139828	9560	0
GPL002	29	Pulse	199	1149827	19560	0
GPL002	31	Picture	stim	1155634	0	1	25035	1	0	25000	hit	41
GPL002	31	Pulse	199	1159828	4194	0
GPL002	31	Response	16	1167198	11564	0
GPL002	31	Pulse	199	1169828	14193	0
GPL002	31	Pulse	199	1179827	24193	0
GPL002	32	Picture	fix2	1180669	0	1	16082	1	0	next	other	0
GPL002	32	Pulse	199	1189828	9159	0
GPL002	33	Picture	feedback	1196751	0	1	20061	1	0	next	other	0
GPL002	33	Pulse	199	1199828	3077	0
GPL002	33	Pulse	199	1209828	13077	0
GPL002	34	Picture	fix	1216812	0	1	28517	1	0	next	other	0
GPL002	34	Pulse	199	1219828	3016	0
GPL002	34	Pulse	199	1229828	13016	0
GPL002	34	Pulse	199	1239828	23016	0
GPL002	36	Picture	stim	1245329	0	1	25035	1	0	25000	hit	55
GPL002	36	Pulse	199	1249827	4499	0
GPL002	36	Response	16	1259298	13969	0
GPL002	36	Pulse	199	1259828	14499	0
GPL002	36	Pulse	199	1269828	24499	0
GPL002	37	Picture	fix2	1270363	0	1	25864	1	0	next	other	0
GPL002	37	Pulse	199	1279828	9464	0
GPL002	37	Pulse	199	1289827	19464	0
GPL002	38	Picture	feedback	1296227	0	1	20393	1	0	next	other	0
GPL002	38	Pulse	199	1299828	3601	0
GPL002	38	Pulse	199	1309828	13601	0
GPL002	39	Picture	fix	1316620	0	1	26527	1	0	next	other	0
GPL002	39	Pulse	199	1319828	3209	0
GPL002	39	Pulse	199	1329828	13208	0
GPL002	39	Pulse	199	1339829	23209	0
GPL002	41	Picture	stim	1343147	0	1	25035	1	0	25000	hit	70
GPL002	41	Pulse	199	1349829	6682	0
GPL002	41	Response	16	1357098	13952	0
GPL002	41	Pulse	199	1359828	16681	0
GPL002	42	Picture	fix2	1368182	0	1	21511	208	0	next	other	0
GPL002	42	Pulse	199	1369829	1647	0
GPL002	42	Pulse	199	1379829	11647	0
GPL002	43	Picture	feedback	1389693	0	208	20103	208	0	next	other	0
GPL002	43	Pulse	199	1389828	135	0
GPL002	43	Pulse	199	1399829	10135	0
GPL002	44	Picture	fix	1409796	0	1	18569	1	0	next	other	0
GPL002	44	Pulse	199	1409829	33	0
GPL002	44	Pulse	199	1419828	10032	0
GPL002	46	Picture	stim	1428365	0	1	25035	1	0	25000	incorrect	84
GPL002	46	Pulse	199	1429828	1463	0
GPL002	46	Pulse	199	1439829	11464	0
GPL002	46	Response	32	1447188	18824	0
GPL002	46	Pulse	199	1449829	21464	0
GPL002	47	Picture	fix2	1453400	0	1	21387	1	0	next	other	0
GPL002	47	Pulse	199	1459828	6428	0
GPL002	47	Pulse	199	1469829	16429	0
GPL002	48	Picture	feedback	1474787	0	1	20061	1	0	next	other	0
GPL002	48	Pulse	199	1479829	5042	0
GPL002	48	Pulse	199	1489829	15041	0
GPL002	49	Picture	fix	1494848	0	1	27356	1	0	next	other	0
GPL002	49	Pulse	199	1499828	4980	0
GPL002	49	Pulse	199	1509829	14981	0
GPL002	49	Pulse	199	1519829	24981	0
GPL002	51	Picture	stim	1522204	0	1	25035	1	0	25000	incorrect	98
GPL002	51	Pulse	199	1529828	7624	0
GPL002	51	Response	32	1534129	11925	0
GPL002	51	Pulse	199	1539829	17625	0
GPL002	52	Picture	fix2	1547239	0	1	18569	1	0	next	other	0
GPL002	52	Pulse	199	1549829	2590	0
GPL002	52	Pulse	199	1559829	12590	0
GPL002	53	Picture	feedback	1565808	0	1	20227	1	0	next	other	0
GPL002	53	Pulse	199	1569828	4020	0
GPL002	53	Pulse	199	1579829	14021	0
GPL002	54	Picture	fix	1586035	0	1	28848	1	0	next	other	0
GPL002	54	Pulse	199	1589829	3794	0
GPL002	54	Pulse	199	1599828	13794	0
GPL002	54	Pulse	199	1609829	23794	0
GPL002	56	Picture	stim	1614883	0	1	25035	1	0	25000	incorrect	113
GPL002	56	Pulse	199	1619839	4956	0
GPL002	56	Pulse	199	1629829	14946	0
GPL002	56	Response	32	1630009	15126	0
GPL002	56	Pulse	199	1639828	24945	0
GPL002	57	Picture	fix2	1639918	0	1	26361	1	0	next	other	0
GPL002	57	Pulse	199	1649829	9911	0
GPL002	57	Pulse	199	1659829	19911	0
GPL002	58	Picture	feedback	1666279	0	1	20392	1	0	next	other	0
GPL002	58	Pulse	199	1669838	3559	0
GPL002	58	Pulse	199	1679829	13550	0
GPL002	59	Picture	fix	1686671	0	1	16248	1	0	next	other	0
GPL002	59	Pulse	199	1689839	3168	0
GPL002	59	Pulse	199	1699839	13168	0
GPL002	61	Picture	stim	1702919	0	1	25035	1	0	25000	hit	126
GPL002	61	Pulse	199	1709839	6920	0
GPL002	61	Response	16	1715739	12820	0
GPL002	61	Pulse	199	1719839	16920	0
GPL002	62	Picture	fix2	1727954	0	1	20393	1	0	next	other	0
GPL002	62	Pulse	199	1729839	1885	0
GPL002	62	Pulse	199	1739839	11885	0
GPL002	63	Picture	feedback	1748347	0	1	20061	1	0	next	other	0
GPL002	63	Pulse	199	1749839	1492	0
GPL002	63	Pulse	199	1759839	11492	0
GPL002	64	Picture	fix	1768408	0	1	30838	1	0	next	other	0
GPL002	64	Pulse	199	1769839	1431	0
GPL002	64	Pulse	199	1779839	11431	0
GPL002	64	Pulse	199	1789839	21431	0
GPL002	66	Picture	stim	1799245	0	1	25035	1	0	25000	hit	140
GPL002	66	Pulse	199	1799839	594	0
GPL002	66	Response	16	1809528	10283	0
GPL002	66	Pulse	199	1809838	10593	0
GPL002	66	Pulse	199	1819839	20594	0
GPL002	67	Picture	fix2	1824280	0	1	23543	1	0	next	other	0
GPL002	67	Pulse	199	1829839	5559	0
GPL002	67	Pulse	199	1839839	15559	0
GPL002	68	Picture	feedback	1847823	0	1	20393	1	0	next	other	0
GPL002	68	Pulse	199	1849839	2016	0
GPL002	68	Pulse	199	1859839	12016	0
GPL002	69	Picture	fix	1868215	0	1	26030	1	0	next	other	0
GPL002	69	Pulse	199	1869840	1624	0
GPL002	69	Pulse	199	1879838	11623	0
GPL002	69	Pulse	199	1889839	21624	0
GPL002	71	Picture	stim	1894245	0	1	25035	1	0	25000	hit	155
GPL002	71	Pulse	199	1899839	5594	0
GPL002	71	Response	16	1906798	12553	0
GPL002	71	Pulse	199	1909839	15593	0
GPL002	72	Picture	fix2	1919280	0	1	14092	1	0	next	other	0
GPL002	72	Pulse	199	1919839	559	0
GPL002	72	Pulse	199	1929839	10559	0
GPL002	73	Picture	feedback	1933372	0	1	20061	1	0	next	other	0
GPL002	73	Pulse	199	1939839	6467	0
GPL002	73	Pulse	199	1949838	16466	0
GPL002	74	Picture	fix	1953433	0	1	28848	1	0	next	other	0
GPL002	74	Pulse	199	1959839	6406	0
GPL002	74	Pulse	199	1969839	16406	0
GPL002	74	Pulse	199	1979839	26405	0
GPL002	76	Picture	stim	1982282	0	1	25035	1	0	25000	incorrect	170
GPL002	76	Pulse	199	1989839	7558	0
GPL002	76	Pulse	199	1999839	17558	0
GPL002	76	Response	32	2005639	23357	0
GPL002	77	Picture	fix2	2007316	0	1	14590	1	0	next	other	0
GPL002	77	Pulse	199	2009839	2523	0
GPL002	77	Pulse	199	2019839	12522	0
GPL002	78	Picture	feedback	2021906	0	1	20061	1	0	next	other	0
GPL002	78	Pulse	199	2029839	7933	0
GPL002	78	Pulse	199	2039839	17933	0
GPL002	79	Picture	fix	2041967	0	1	24703	1	0	next	other	0
GPL002	79	Pulse	199	2049839	7872	0
GPL002	79	Pulse	199	2059839	17872	0
GPL002	81	Picture	stim	2066671	0	1	25035	1	0	25000	hit	182
GPL002	81	Pulse	199	2069839	3169	0
GPL002	81	Response	16	2078279	11609	0
GPL002	81	Pulse	199	2079839	13169	0
GPL002	81	Pulse	199	2089839	23168	0
GPL002	82	Picture	fix2	2091705	0	1	24206	1	0	next	other	0
GPL002	82	Pulse	199	2099840	8134	0
GPL002	82	Pulse	199	2109840	18134	0
GPL002	83	Picture	feedback	2115911	0	1	20061	1	0	next	other	0
GPL002	83	Pulse	199	2119839	3928	0
GPL002	83	Pulse	199	2129840	13929	0
GPL002	84	Picture	fix	2135972	0	1	35977	1	0	next	other	0
GPL002	84	Pulse	199	2139840	3868	0
GPL002	84	Pulse	199	2149839	13867	0
GPL002	84	Pulse	199	2159839	23867	0
GPL002	84	Pulse	199	2169840	33867	0
GPL002	86	Picture	stim	2171950	0	1	25035	1	0	25000	hit	198
GPL002	86	Pulse	199	2179840	7890	0
GPL002	86	Response	16	2188299	16349	0
GPL002	86	Pulse	199	2189839	17889	0
GPL002	87	Picture	fix2	2196984	0	1	29014	1	0	next	other	0
GPL002	87	Pulse	199	2199840	2855	0
GPL002	87	Pulse	199	2209840	12855	0
GPL002	87	Pulse	199	2219839	22855	0
GPL002	88	Picture	feedback	2225998	0	1	20061	1	0	next	other	0
GPL002	88	Pulse	199	2229840	3842	0
GPL002	88	Pulse	199	2239840	13842	0
GPL002	89	Picture	fix	2246059	0	1	29345	1	0	next	other	0
GPL002	89	Pulse	199	2249840	3781	0
GPL002	89	Pulse	199	2259839	13780	0
GPL002	89	Pulse	199	2269840	23780	0
GPL002	91	Picture	stim	2275405	0	1	25035	1	0	25000	incorrect	214
GPL002	91	Pulse	199	2279840	4435	0
GPL002	91	Pulse	199	2289840	14435	0
GPL002	91	Response	32	2298169	22764	0
GPL002	91	Pulse	199	2299839	24435	0
GPL002	92	Picture	fix2	2300605	0	1	18072	1	0	next	other	0
GPL002	92	Pulse	199	2309840	9234	0
GPL002	93	Picture	feedback	2318677	0	1	20061	1	0	next	other	0
GPL002	93	Pulse	199	2319840	1163	0
GPL002	93	Pulse	199	2329839	11162	0
GPL002	94	Picture	fix	2338738	0	1	26859	1	0	next	other	0
GPL002	94	Pulse	199	2339840	1102	0
GPL002	94	Pulse	199	2349840	11102	0
GPL002	94	Pulse	199	2359839	21101	0
GPL002	96	Picture	stim	2365597	0	1	25035	1	0	25000	incorrect	228
GPL002	96	Pulse	199	2369840	4243	0
GPL002	96	Pulse	199	2379840	14243	0
GPL002	96	Response	32	2387089	21493	0
GPL002	96	Pulse	199	2389840	24243	0
GPL002	97	Picture	fix2	2390631	0	1	29345	1	0	next	other	0
GPL002	97	Pulse	199	2399839	9208	0
GPL002	97	Pulse	199	2409840	19209	0
GPL002	97	Pulse	199	2419840	29208	0
GPL002	98	Picture	feedback	2419977	0	1	20061	1	0	next	other	0
GPL002	98	Pulse	199	2429839	9862	0
GPL002	98	Pulse	199	2439840	19863	0
GPL002	99	Picture	fix	2440038	0	1	23377	1	0	next	other	0
GPL002	99	Pulse	199	2449840	9802	0
GPL002	99	Pulse	199	2459840	19802	0
GPL002	101	Picture	stim	2463415	0	1	25035	1	0	25000	hit	243
GPL002	101	Pulse	199	2469839	6425	0
GPL002	101	Pulse	199	2479840	16425	0
GPL002	101	Response	16	2479961	16546	0
GPL002	102	Picture	fix2	2488450	0	1	22051	1	0	next	other	0
GPL002	102	Pulse	199	2489840	1391	0
GPL002	102	Pulse	199	2499839	11390	0
GPL002	102	Pulse	199	2509840	21391	0
GPL002	103	Picture	feedback	2510500	0	1	20061	1	0	next	other	0
GPL002	103	Pulse	199	2519840	9340	0
GPL002	103	Pulse	199	2529840	19340	0
GPL002	104	Picture	fix	2530561	0	1	26361	1	0	next	other	0
GPL002	104	Pulse	199	2539840	9279	0
GPL002	104	Pulse	199	2549840	19279	0
GPL002	106	Picture	stim	2556923	0	1	25035	1	0	25000	incorrect	257
GPL002	106	Pulse	199	2559840	2918	0
GPL002	106	Pulse	199	2569839	12917	0
GPL002	106	Response	32	2573320	16398	0
GPL002	106	Pulse	199	2579840	22918	0
GPL002	107	Picture	fix2	2581957	0	1	24372	1	0	next	other	0
GPL002	107	Pulse	199	2589840	7883	0
GPL002	107	Pulse	199	2599840	17883	0
GPL002	108	Picture	feedback	2606329	0	1	20061	1	0	next	other	0
GPL002	108	Pulse	199	2609840	3511	0
GPL002	108	Pulse	199	2619840	13511	0
GPL002	109	Picture	fix	2626390	0	1	23377	1	0	next	other	0
GPL002	109	Pulse	199	2629841	3451	0
GPL002	109	Pulse	199	2639840	13449	0
GPL002	111	Picture	stim	2649767	0	1	25035	1	0	25000	hit	271
GPL002	111	Pulse	199	2649840	73	0
GPL002	111	Pulse	199	2659841	10074	0
GPL002	111	Response	16	2668250	18483	0
GPL002	111	Pulse	199	2669840	20073	0
GPL002	112	Picture	fix2	2674802	0	1	16082	1	0	next	other	0
GPL002	112	Pulse	199	2679840	5038	0
GPL002	112	Pulse	199	2689840	15039	0
GPL002	113	Picture	feedback	2690884	0	1	20061	1	0	next	other	0
GPL002	113	Pulse	199	2699841	8957	0
GPL002	113	Pulse	199	2709840	18956	0
GPL002	114	Picture	fix	2710945	0	1	20227	1	0	next	other	0
GPL002	114	Pulse	199	2719841	8896	0
GPL002	114	Pulse	199	2729840	18896	0
GPL002	116	Picture	stim	2731172	0	1	25035	1	0	25000	incorrect	284
GPL002	116	Pulse	199	2739840	8668	0
GPL002	116	Response	32	2742871	11699	0
GPL002	116	Pulse	199	2749841	18669	0
GPL002	117	Picture	fix2	2756207	0	1	16414	1	0	next	other	0
GPL002	117	Pulse	199	2759841	3634	0
GPL002	117	Pulse	199	2769841	13634	0
GPL002	118	Picture	feedback	2772620	0	1	20061	1	0	next	other	0
GPL002	118	Pulse	199	2779840	7220	0
GPL002	118	Pulse	199	2789841	17221	0
GPL002	119	Picture	fix	2792681	0	1	22382	1	0	next	other	0
GPL002	119	Pulse	199	2799840	7159	0
GPL002	119	Pulse	199	2809840	17159	0
GPL002	121	Picture	stim	2815063	0	1	25035	1	0	25000	hit	297
GPL002	121	Pulse	199	2819841	4778	0
GPL002	121	Response	16	2829690	14627	0
GPL002	121	Pulse	199	2829841	14777	0
GPL002	121	Pulse	199	2839841	24777	0
GPL002	122	Picture	fix2	2840098	0	1	11606	1	0	next	other	0
GPL002	122	Pulse	199	2849840	9742	0
GPL002	123	Picture	feedback	2851704	0	1	20061	1	0	next	other	0
GPL002	123	Pulse	199	2859841	8137	0
GPL002	123	Pulse	199	2869841	18137	0
GPL002	124	Picture	fix	2871765	0	1	30009	1	0	next	other	0
GPL002	124	Pulse	199	2879840	8076	0
GPL002	124	Pulse	199	2889841	18076	0
GPL002	124	Pulse	199	2899841	28076	0
GPL002	126	Picture	stim	2901773	0	1	25035	1	0	25000	incorrect	312
GPL002	126	Pulse	199	2909840	8067	0
GPL002	126	Pulse	199	2919840	18067	0
GPL002	126	Response	32	2920860	19087	0
GPL002	127	Picture	fix2	2926808	0	1	21885	1	0	next	other	0
GPL002	127	Pulse	199	2929841	3033	0
GPL002	127	Pulse	199	2939841	13032	0
GPL002	128	Picture	feedback	2948693	0	1	20061	1	0	next	other	0
GPL002	128	Pulse	199	2949840	1147	0
GPL002	128	Pulse	199	2959841	11148	0
GPL002	129	Picture	fix	2968754	0	1	26859	1	0	next	other	0
GPL002	129	Pulse	199	2969841	1087	0
GPL002	129	Pulse	199	2979840	11086	0
GPL002	129	Pulse	199	2989840	21086	0
GPL002	131	Picture	stim	2995613	0	1	25035	1	0	25000	hit	326
GPL002	131	Pulse	199	2999841	4228	0
GPL002	131	Pulse	199	3009841	14228	0
GPL002	131	Response	16	3011681	16068	0
GPL002	131	Pulse	199	3019840	24227	0
GPL002	132	Picture	fix2	3020648	0	1	17906	1	0	next	other	0
GPL002	132	Pulse	199	3029841	9193	0
GPL002	133	Picture	feedback	3038553	0	1	20061	1	0	next	other	0
GPL002	133	Pulse	199	3039841	1288	0
GPL002	133	Pulse	199	3049840	11287	0
GPL002	134	Picture	fix	3058614	0	1	37469	1	0	next	other	0
GPL002	134	Pulse	199	3059841	1227	0
GPL002	134	Pulse	199	3069841	11227	0
GPL002	134	Pulse	199	3079841	21227	0
GPL002	134	Pulse	199	3089840	31226	0
GPL002	136	Picture	stim	3096084	0	1	25035	1	0	25000	hit	341
GPL002	136	Pulse	199	3099841	3757	0
GPL002	136	Pulse	199	3109841	13757	0
GPL002	136	Response	16	3118890	22807	0
GPL002	136	Pulse	199	3119841	23757	0
GPL002	137	Picture	fix2	3121284	0	1	22548	1	0	next	other	0
GPL002	137	Pulse	199	3129842	8557	0
GPL002	137	Pulse	199	3139841	18557	0
GPL002	138	Picture	feedback	3143832	0	1	20061	1	0	next	other	0
GPL002	138	Pulse	199	3149841	6009	0
GPL002	138	Pulse	199	3159840	16008	0
GPL002	139	Picture	fix	3163893	0	1	20061	1	0	next	other	0
GPL002	139	Pulse	199	3169841	5948	0
GPL002	139	Pulse	199	3179841	15948	0
GPL002	141	Picture	stim	3183954	0	1	25201	1	0	25000	miss	0
GPL002	141	Pulse	199	3189841	5887	0
GPL002	141	Pulse	199	3199841	15887	0
GPL002	142	Picture	fix2	3209155	0	1	16745	1	0	next	other	0
GPL002	142	Pulse	199	3209841	687	0
GPL002	142	Response	32	3213151	3996	0
GPL002	142	Pulse	199	3219841	10686	0
GPL002	143	Picture	feedback	3225900	0	1	20061	1	0	next	other	0
GPL002	143	Pulse	199	3229841	3941	0
GPL002	143	Pulse	199	3239841	13941	0
GPL002	144	Picture	fix	3245961	0	1	24537	1	0	next	other	0
GPL002	144	Pulse	199	3249842	3880	0
GPL002	144	Pulse	199	3259841	13880	0
GPL002	144	Pulse	199	3269842	23880	0
GPL002	146	Picture	stim	3270499	0	1	25035	1	0	25000	hit	368
GPL002	146	Pulse	199	3279841	9343	0
GPL002	146	Response	16	3287031	16532	0
GPL002	146	Pulse	199	3289841	19342	0
GPL002	147	Picture	fix2	3295533	0	1	18071	1	0	next	other	0
GPL002	147	Pulse	199	3299841	4308	0
GPL002	147	Pulse	199	3309841	14308	0
GPL002	148	Picture	feedback	3313605	0	1	20061	1	0	next	other	0
GPL002	148	Pulse	199	3319841	6237	0
GPL002	148	Pulse	199	3329841	16236	0
GPL002	149	Picture	fix	3333666	0	1	23543	1	0	next	other	0
GPL002	149	Pulse	199	3339842	6176	0
GPL002	149	Pulse	199	3349841	16175	0
GPL002	151	Picture	stim	3357209	0	1	25035	1	0	25000	incorrect	382
GPL002	151	Pulse	199	3359841	2633	0
GPL002	151	Pulse	199	3369841	12632	0
GPL002	151	Response	32	3374211	17002	0
GPL002	151	Pulse	199	3379841	22633	0
GPL002	152	Picture	fix2	3382244	0	1	20061	1	0	next	other	0
GPL002	152	Pulse	199	3389842	7598	0
GPL002	152	Pulse	199	3399841	17597	0
GPL002	153	Picture	feedback	3402305	0	1	20061	1	0	next	other	0
GPL002	153	Pulse	199	3409842	7537	0
GPL002	153	Pulse	199	3419842	17537	0
GPL002	154	Picture	fix	3422366	0	1	24703	1	0	next	other	0
GPL002	154	Pulse	199	3429841	7476	0
GPL002	154	Pulse	199	3439852	17486	0
GPL002	156	Picture	stim	3447069	0	1	25035	1	0	25000	hit	396
GPL002	156	Pulse	199	3449852	2783	0
GPL002	156	Pulse	199	3459852	12783	0
GPL002	156	Response	16	3462882	15813	0
GPL002	156	Pulse	199	3469851	22782	0
GPL002	157	Picture	fix2	3472104	0	1	22216	1	0	next	other	0
GPL002	157	Pulse	199	3479852	7748	0
GPL002	157	Pulse	199	3489852	17748	0
GPL002	158	Picture	feedback	3494320	0	1	20061	1	0	next	other	0
GPL002	158	Pulse	199	3499851	5531	0
GPL002	158	Pulse	199	3509852	15532	0
GPL002	159	Picture	fix	3514381	0	1	19066	1	0	next	other	0
GPL002	159	Pulse	199	3519852	5471	0
GPL002	159	Pulse	199	3529852	15471	0
GPL002	161	Picture	stim	3533447	0	1	25035	1	0	25000	hit	409
GPL002	161	Pulse	199	3539851	6404	0
GPL002	161	Response	16	3548021	14574	0
GPL002	161	Pulse	199	3549852	16404	0
GPL002	162	Picture	fix2	3558482	0	1	16414	1	0	next	other	0
GPL002	162	Pulse	199	3559852	1370	0
GPL002	162	Pulse	199	3569851	11369	0
GPL002	163	Picture	feedback	3574896	0	1	20061	1	0	next	other	0
GPL002	163	Pulse	199	3579852	4956	0
GPL002	163	Pulse	199	3589852	14956	0
GPL002	164	Picture	fix	3594957	0	1	26858	1	0	next	other	0
GPL002	164	Pulse	199	3599852	4895	0
GPL002	164	Pulse	199	3609851	14894	0
GPL002	164	Pulse	199	3619852	24895	0
GPL002	166	Picture	stim	3621815	0	1	25035	1	0	25000	hit	423
GPL002	166	Pulse	199	3629852	8037	0
GPL002	166	Response	16	3635332	13517	0
GPL002	166	Pulse	199	3639851	18036	0
GPL002	167	Picture	fix2	3646850	0	1	16579	1	0	next	other	0
GPL002	167	Pulse	199	3649852	3002	0
GPL002	167	Pulse	199	3659852	13001	0
GPL002	168	Picture	feedback	3663430	0	1	20061	1	0	next	other	0
GPL002	168	Pulse	199	3669852	6422	0
GPL002	168	Pulse	199	3679851	16421	0
GPL002	169	Picture	fix	3683491	0	1	33325	1	0	next	other	0
GPL002	169	Pulse	199	3689852	6361	0
GPL002	169	Pulse	199	3699852	16361	0
GPL002	169	Pulse	199	3709851	26361	0
GPL002	171	Picture	stim	3716815	0	1	25035	1	0	25000	incorrect	438
GPL002	171	Pulse	199	3719852	3037	0
GPL002	171	Pulse	199	3729852	13037	0
GPL002	171	Response	32	3731542	14727	0
GPL002	171	Pulse	199	3739851	23036	0
GPL002	172	Picture	fix2	3742016	0	1	27688	1	0	next	other	0
GPL002	172	Pulse	199	3749851	7835	0
GPL002	172	Pulse	199	3759852	17836	0
GPL002	173	Picture	feedback	3769703	0	1	20061	1	0	next	other	0
GPL002	173	Pulse	199	3769852	148	0
GPL002	173	Pulse	199	3779851	10148	0
GPL002	174	Picture	fix	3789764	0	1	17408	1	0	next	other	0
GPL002	174	Pulse	199	3789852	87	0
GPL002	174	Pulse	199	3799852	10088	0
GPL002	176	Picture	stim	3807173	0	1	25035	1	0	25000	incorrect	452
GPL002	176	Pulse	199	3809851	2679	0
GPL002	176	Pulse	199	3819852	12679	0
GPL002	176	Response	32	3825422	18249	0
GPL002	176	Pulse	199	3829852	22679	0
GPL002	177	Picture	fix2	3832208	0	1	25864	1	0	next	other	0
GPL002	177	Pulse	199	3839852	7644	0
GPL002	177	Pulse	199	3849851	17644	0
GPL002	178	Picture	feedback	3858071	0	1	20061	1	0	next	other	0
GPL002	178	Pulse	199	3859852	1781	0
GPL002	178	Pulse	199	3869852	11781	0
GPL002	179	Picture	fix	3878132	0	1	25201	1	0	next	other	0
GPL002	179	Pulse	199	3879852	1720	0
GPL002	179	Pulse	199	3889852	11719	0
GPL002	179	Pulse	199	3899853	21720	0
GPL002	181	Picture	stim	3903333	0	1	25035	1	0	25000	hit	467
GPL002	181	Pulse	199	3909852	6519	0
GPL002	181	Pulse	199	3919852	16518	0
GPL002	181	Response	16	3919872	16539	0
GPL002	182	Picture	fix2	3928368	0	1	15916	1	0	next	other	0
GPL002	182	Pulse	199	3929852	1485	0
GPL002	182	Pulse	199	3939852	11484	0
GPL002	183	Picture	feedback	3944284	0	1	20061	1	0	next	other	0
GPL002	183	Pulse	199	3949852	5568	0
GPL002	183	Pulse	199	3959852	15568	0
GPL002	184	Picture	fix	3964345	0	1	22216	1	0	next	other	0
GPL002	184	Pulse	199	3969853	5507	0
GPL002	184	Pulse	199	3979852	15507	0
GPL002	186	Picture	stim	3986562	0	1	25035	1	0	25000	hit	480
GPL002	186	Pulse	199	3989852	3291	0
GPL002	186	Pulse	199	3999852	13291	0
GPL002	186	Response	16	4001082	14521	0
GPL002	186	Pulse	199	4009853	23291	0
GPL002	187	Picture	fix2	4011596	0	1	17243	1	0	next	other	0
GPL002	187	Pulse	199	4019852	8256	0
GPL002	188	Picture	feedback	4028839	0	1	20061	1	0	next	other	0
GPL002	188	Pulse	199	4029853	1014	0
GPL002	188	Pulse	199	4039853	11014	0
GPL002	189	Picture	fix	4048900	0	1	31169	1	0	next	other	0
GPL002	189	Pulse	199	4049852	952	0
GPL002	189	Pulse	199	4059852	10952	0
GPL002	189	Pulse	199	4069852	20953	0
GPL002	189	Pulse	199	4079853	30953	0
GPL002	191	Picture	stim	4080069	0	1	25035	1	0	25000	hit	494
GPL002	191	Pulse	199	4089852	9783	0
GPL002	191	Response	16	4099042	18973	0
GPL002	191	Pulse	199	4099852	19783	0
GPL002	192	Picture	fix2	4105104	0	1	23377	1	0	next	other	0
GPL002	192	Pulse	199	4109853	4749	0
GPL002	192	Pulse	199	4119852	14748	0
GPL002	193	Picture	feedback	4128481	0	1	20061	1	0	next	other	0
GPL002	193	Pulse	199	4129852	1371	0
GPL002	193	Pulse	199	4139853	11372	0
GPL002	194	Picture	fix	4148542	0	1	23708	1	0	next	other	0
GPL002	194	Pulse	199	4149853	1311	0
GPL002	194	Pulse	199	4159853	11311	0
GPL002	194	Pulse	199	4169853	21311	0
GPL002	196	Picture	stim	4172250	0	1	25035	1	0	25000	incorrect	509
GPL002	196	Pulse	199	4179853	7602	0
GPL002	196	Pulse	199	4189852	17602	0
GPL002	196	Response	32	4190572	18322	0
GPL002	197	Picture	fix2	4197285	0	1	21387	1	0	next	other	0
GPL002	197	Pulse	199	4199853	2567	0
GPL002	197	Pulse	199	4209853	12567	0
GPL002	198	Picture	feedback	4218673	0	1	20061	1	0	next	other	0
GPL002	198	Pulse	199	4219853	1180	0
GPL002	198	Pulse	199	4229852	11179	0
GPL002	199	Picture	fix	4238734	0	1	20393	1	0	next	other	0
GPL002	199	Pulse	199	4239853	1119	0
GPL002	199	Pulse	199	4249853	11119	0
GPL002	201	Picture	stim	4259126	0	1	25035	1	0	25000	incorrect	522
GPL002	201	Pulse	199	4259853	726	0
GPL002	201	Pulse	199	4269853	10726	0
GPL002	201	Response	32	4275633	16506	0
GPL002	201	Pulse	199	4279853	20726	0
GPL002	202	Picture	fix2	4284327	0	1	20558	1	0	next	other	0
GPL002	202	Pulse	199	4289853	5526	0
GPL002	202	Pulse	199	4299852	15525	0
GPL002	203	Picture	feedback	4304885	0	1	20061	1	0	next	other	0
GPL002	203	Pulse	199	4309853	4968	0
GPL002	203	Pulse	199	4319853	14967	0
GPL002	204	Picture	fix	4324946	0	1	22050	1	0	next	other	0
GPL002	204	Pulse	199	4329852	4905	0
GPL002	204	Pulse	199	4339853	14906	0
GPL002	206	Picture	stim	4346997	0	1	25035	1	0	25000	incorrect	536
GPL002	206	Pulse	199	4349853	2856	0
GPL002	206	Pulse	199	4359853	12856	0
GPL002	206	Response	32	4368043	21046	0
GPL002	206	Pulse	199	4369852	22855	0
GPL002	207	Picture	fix2	4372032	0	1	15253	1	0	next	other	0
GPL002	207	Pulse	199	4379853	7821	0
GPL002	208	Picture	feedback	4387285	0	1	20061	1	0	next	other	0
GPL002	208	Pulse	199	4389853	2568	0
GPL002	208	Pulse	199	4399852	12568	0
GPL002	209	Picture	fix	4407346	0	1	21388	1	0	next	other	0
GPL002	209	Pulse	199	4409853	2507	0
GPL002	209	Pulse	199	4419853	12507	0
GPL002	211	Picture	stim	4428733	0	1	25035	1	0	25000	hit	549
GPL002	211	Pulse	199	4429853	1120	0
GPL002	211	Pulse	199	4439853	11120	0
GPL002	211	Response	16	4443853	15119	0
GPL002	211	Pulse	199	4449853	21120	0
GPL002	212	Picture	fix2	4453768	0	1	14756	1	0	next	other	0
GPL002	212	Pulse	199	4459853	6085	0
GPL002	213	Picture	feedback	4468524	0	1	20061	1	0	next	other	0
GPL002	213	Pulse	199	4469852	1329	0
GPL002	213	Pulse	199	4479853	11329	0
GPL002	214	Picture	fix	4488585	0	1	29677	1	0	next	other	0
GPL002	214	Pulse	199	4489853	1268	0
GPL002	214	Pulse	199	4499853	11268	0
GPL002	214	Pulse	199	4509853	21268	0
GPL002	216	Picture	stim	4518262	0	1	25035	1	0	25000	hit	563
GPL002	216	Pulse	199	4519853	1591	0
GPL002	216	Pulse	199	4529853	11591	0
GPL002	216	Response	16	4535583	17321	0
GPL002	216	Pulse	199	4539853	21591	0
GPL002	217	Picture	fix2	4543297	0	1	26195	1	0	next	other	0
GPL002	217	Pulse	199	4549853	6557	0
GPL002	217	Pulse	199	4559853	16557	0
GPL002	218	Picture	feedback	4569492	0	1	20061	1	0	next	other	0
GPL002	218	Pulse	199	4569853	361	0
GPL002	218	Pulse	199	4579853	10361	0
GPL002	219	Picture	fix	4589553	0	1	33988	1	0	next	other	0
GPL002	219	Pulse	199	4589853	300	0
GPL002	219	Pulse	199	4599853	10300	0
GPL002	219	Pulse	199	4609853	20300	0
GPL002	219	Pulse	199	4619853	30300	0
GPL002	221	Picture	stim	4623541	0	1	25035	1	0	25000	hit	578
GPL002	221	Pulse	199	4629854	6313	0
GPL002	221	Response	16	4636453	12912	0
GPL002	221	Pulse	199	4639853	16312	0
GPL002	222	Picture	fix2	4648576	0	1	11108	1	0	next	other	0
GPL002	222	Pulse	199	4649853	1277	0
GPL002	223	Picture	feedback	4659684	0	1	20061	1	0	next	other	0
GPL002	223	Pulse	199	4659854	170	0
GPL002	223	Pulse	199	4669853	10169	0
GPL002	224	Picture	fix	4679745	0	1	22714	1	0	next	other	0
GPL002	224	Pulse	199	4679853	108	0
GPL002	224	Pulse	199	4689853	10108	0
GPL002	224	Pulse	199	4699853	20108	0
GPL002	226	Picture	stim	4702459	0	1	25035	1	0	25000	hit	592
GPL002	226	Pulse	199	4709853	7394	0
GPL002	226	Pulse	199	4719853	17394	0
GPL002	226	Response	16	4721983	19525	0
GPL002	227	Picture	fix2	4727659	0	1	16579	1	0	next	other	0
GPL002	227	Pulse	199	4729853	2194	0
GPL002	227	Pulse	199	4739853	12194	0
GPL002	228	Picture	feedback	4744239	0	1	20061	1	0	next	other	0
GPL002	228	Pulse	199	4749853	5614	0
GPL002	228	Pulse	199	4759853	15614	0
GPL002	229	Picture	fix	4764300	0	1	28517	1	0	next	other	0
GPL002	229	Pulse	199	4769853	5553	0
GPL002	229	Pulse	199	4779853	15553	0
GPL002	229	Pulse	199	4789853	25553	0
GPL002	231	Picture	stim	4792816	0	1	25035	1	0	25000	hit	605
GPL002	231	Pulse	199	4799853	7037	0
GPL002	231	Response	16	4808303	15487	0
GPL002	231	Pulse	199	4809853	17037	0
GPL002	232	Picture	fix2	4817851	0	1	12932	1	0	next	other	0
GPL002	232	Pulse	199	4819853	2002	0
GPL002	232	Pulse	199	4829853	12002	0
GPL002	233	Picture	feedback	4830783	0	1	20061	1	0	next	other	0
GPL002	233	Pulse	199	4839853	9070	0
GPL002	233	Pulse	199	4849853	19070	0
GPL002	234	Picture	fix	4850844	0	1	29014	1	0	next	other	0
GPL002	234	Pulse	199	4859853	9009	0
GPL002	234	Pulse	199	4869853	19009	0
GPL002	235	Pulse	199	4879854	159	0
GPL002	236	Picture	stim	4879858	0	1	25035	1	0	25000	hit	619
GPL002	236	Pulse	199	4889854	9996	0
GPL002	236	Response	16	4896104	16246	0
GPL002	236	Pulse	199	4899854	19996	0
GPL002	237	Picture	fix2	4904893	0	1	15916	1	0	next	other	0
GPL002	237	Pulse	199	4909854	4961	0
GPL002	237	Pulse	199	4919853	14961	0
GPL002	238	Picture	feedback	4920809	0	1	20061	1	0	next	other	0
GPL002	238	Pulse	199	4929854	9045	0
GPL002	238	Pulse	199	4939854	19045	0
GPL002	239	Picture	fix	4940870	0	1	19398	1	0	next	other	0
GPL002	239	Pulse	199	4949854	8984	0
GPL002	239	Pulse	199	4959854	18983	0
GPL002	241	Picture	stim	4960268	0	1	25035	1	0	25000	hit	632
GPL002	241	Pulse	199	4969854	9586	0
GPL002	241	Response	16	4973224	12956	0
GPL002	241	Pulse	199	4979854	19586	0
GPL002	242	Picture	fix2	4985303	0	1	13264	1	0	next	other	0
GPL002	242	Pulse	199	4989854	4551	0
GPL002	243	Picture	feedback	4998566	0	1	20061	1	0	next	other	0
GPL002	243	Pulse	199	4999854	1288	0
GPL002	243	Pulse	199	5009854	11288	0
GPL002	244	Picture	fix	5018627	0	1	28019	1	0	next	other	0
GPL002	244	Pulse	199	5019854	1227	0
GPL002	244	Pulse	199	5029854	11227	0
GPL002	244	Pulse	199	5039854	21227	0
GPL002	246	Picture	stim	5046646	0	1	25035	1	0	25000	incorrect	646
GPL002	246	Pulse	199	5049854	3208	0
GPL002	246	Pulse	199	5059854	13207	0
GPL002	246	Response	32	5067234	20588	0
GPL002	246	Pulse	199	5069854	23207	0
GPL002	247	Picture	fix2	5071681	0	1	10777	1	0	next	other	0
GPL002	247	Pulse	199	5079854	8173	0
GPL002	248	Picture	feedback	5082458	0	1	20061	1	0	next	other	0
GPL002	248	Pulse	199	5089854	7396	0
GPL002	248	Pulse	199	5099854	17396	0
GPL002	249	Picture	fix	5102519	0	1	21885	1	0	next	other	0
GPL002	249	Pulse	199	5109854	7335	0
GPL002	249	Pulse	199	5119854	17335	0
GPL002	251	Picture	stim	5124404	0	1	25035	1	0	25000	incorrect	659
GPL002	251	Pulse	199	5129854	5450	0
GPL002	251	Pulse	199	5139854	15450	0
GPL002	251	Response	32	5140354	15950	0
GPL002	252	Picture	fix2	5149438	0	1	21719	1	0	next	other	0
GPL002	252	Pulse	199	5149854	415	0
GPL002	252	Pulse	199	5159853	10415	0
GPL002	252	Pulse	199	5169854	20416	0
GPL002	253	Picture	feedback	5171158	0	1	20227	1	0	next	other	0
GPL002	253	Pulse	199	5179864	8707	0
GPL002	253	Pulse	199	5189854	18697	0
GPL002	254	Picture	fix	5191384	0	1	29180	1	0	next	other	0
GPL002	254	Pulse	199	5199854	8469	0
GPL002	254	Pulse	199	5209864	18480	0
GPL002	254	Pulse	199	5219864	28480	0
GPL002	256	Picture	stim	5220564	0	1	25035	1	0	25000	incorrect	673
GPL002	256	Pulse	199	5229864	9300	0
GPL002	256	Response	32	5236114	15550	0
GPL002	256	Pulse	199	5239864	19300	0
GPL002	257	Picture	fix2	5245765	0	1	13927	1	0	next	other	0
GPL002	257	Pulse	199	5249864	4100	0
GPL002	258	Picture	feedback	5259691	0	1	20061	1	0	next	other	0
GPL002	258	Pulse	199	5259864	173	0
GPL002	258	Pulse	199	5269863	10172	0
GPL002	259	Picture	fix	5279752	0	1	17740	1	0	next	other	0
GPL002	259	Pulse	199	5279864	112	0
GPL002	259	Pulse	199	5289864	10112	0
GPL002	261	Picture	stim	5297492	0	1	25035	1	0	25000	incorrect	686
GPL002	261	Pulse	199	5299864	2371	0
GPL002	261	Pulse	199	5309864	12372	0
GPL002	261	Response	32	5316924	19432	0
GPL002	261	Pulse	199	5319864	22372	0
GPL002	262	Picture	fix2	5322693	0	1	9119	1	0	next	other	0
GPL002	262	Pulse	199	5329864	7171	0
GPL002	263	Picture	feedback	5331812	0	1	20061	1	0	next	other	0
GPL002	263	Pulse	199	5339864	8052	0
GPL002	263	Pulse	199	5349864	18053	0
GPL002	264	Picture	fix	5351873	0	1	32164	1	0	next	other	0
GPL002	264	Pulse	199	5359865	7992	0
GPL002	264	Pulse	199	5369864	17991	0
GPL002	264	Pulse	199	5379864	27992	0
GPL002	266	Picture	stim	5384037	0	1	25035	1	0	25000	incorrect	699
GPL002	266	Pulse	199	5389865	5828	0
GPL002	266	Response	32	5397024	12987	0
GPL002	266	Pulse	199	5399864	15827	0
GPL002	267	Picture	fix2	5409071	0	1	21387	1	0	next	other	0
GPL002	267	Pulse	199	5409864	792	0
GPL002	267	Pulse	199	5419864	10793	0
GPL002	267	Pulse	199	5429864	20793	0
GPL002	268	Picture	feedback	5430459	0	1	20061	1	0	next	other	0
GPL002	268	Pulse	199	5439864	9405	0
GPL002	268	Pulse	199	5449864	19406	0
GPL002	269	Picture	100	5450520	0	1	15087	1	0	15000	other	0
GPL002	269	Pulse	199	5459864	9344	0
