Scenario - FBL_B.sce
Logfile written - 04/07/2021 17:37:38

Subject	Trial	Event Type	Code	Time	TTime	Uncertainty	Duration	Uncertainty	ReqTime	ReqDur	Stim Type	Pair Index

gpl003	1	Response	16	65322	55156	0
gpl003	2	Picture	fix	65513	0	194	18762	194	0	next	other	0
gpl003	4	Picture	stim	84275	0	1	13761	1	0	next	hit	4
gpl003	4	Response	16	97901	13625	0
gpl003	5	Picture	feedback	98036	0	1	20061	1	0	next	other	0
gpl003	6	Picture	fix	118097	0	1	32164	1	0	next	other	0
gpl003	8	Picture	stim	150261	0	1	10942	1	0	next	incorrect	8
gpl003	8	Response	32	161152	10890	0
gpl003	9	Picture	feedback	161204	0	1	20201	192	0	next	other	0
gpl003	10	Picture	fix	181405	0	192	24729	192	0	next	other	0
gpl003	12	Picture	stim	206134	0	1	9782	1	0	next	incorrect	12
gpl003	12	Response	32	215842	9708	0
gpl003	13	Picture	feedback	215915	0	1	20393	1	0	next	other	0
gpl003	14	Picture	fix	236308	0	1	21387	1	0	next	other	0
gpl003	16	Picture	stim	257695	0	1	7792	1	0	next	hit	16
gpl003	16	Response	16	265371	7676	0
gpl003	17	Picture	feedback	265488	0	1	20061	1	0	next	other	0
gpl003	18	Picture	fix	285549	0	1	21885	1	0	next	other	0
gpl003	20	Picture	stim	307433	0	1	19398	1	0	next	hit	20
gpl003	20	Response	16	326652	19218	0
gpl003	21	Picture	feedback	326831	0	1	20061	1	0	next	other	0
gpl003	21	Response	32	328121	1290	0
gpl003	22	Picture	fix	346892	0	1	23543	1	0	next	other	0
gpl003	24	Picture	stim	370435	0	1	7958	1	0	next	hit	25
gpl003	24	Response	16	378221	7786	0
gpl003	25	Picture	feedback	378393	0	1	20227	1	0	next	other	0
gpl003	26	Response	16	538872	140252	0
gpl003	27	Picture	start	539047	0	1	657703	1	0	next	other	0
gpl003	27	Response	16	553273	14226	0
gpl003	28	Pulse	199	1196592	607539	0
gpl003	28	Pulse	199	1206581	617528	0
gpl003	28	Pulse	199	1216582	627529	0
gpl003	28	Pulse	199	1226582	637529	0
gpl003	28	Pulse	199	1236582	647528	0
gpl003	28	Pulse	199	1246582	657529	0
gpl003	29	Picture	fix	1247151	0	1	30009	1	0	next	other	0
gpl003	29	Pulse	199	1256582	9432	0
gpl003	29	Pulse	199	1266592	19441	0
gpl003	29	Pulse	199	1276592	29441	0
gpl003	31	Picture	stim	1277160	0	1	25035	1	0	25000	incorrect	42
gpl003	31	Pulse	199	1286592	9433	0
gpl003	31	Response	32	1296202	19043	0
gpl003	31	Pulse	199	1296592	19433	0
gpl003	32	Picture	fix2	1302360	0	1	18072	1	0	next	other	0
gpl003	32	Pulse	199	1306592	4231	0
gpl003	32	Pulse	199	1316592	14231	0
gpl003	33	Picture	feedback	1320432	0	1	20061	1	0	next	other	0
gpl003	33	Pulse	199	1326592	6160	0
gpl003	33	Pulse	199	1336592	16160	0
gpl003	34	Picture	fix	1340493	0	1	19066	1	0	next	other	0
gpl003	34	Pulse	199	1346592	6099	0
gpl003	34	Pulse	199	1356592	16099	0
gpl003	36	Picture	stim	1359559	0	1	25035	1	0	25000	incorrect	56
gpl003	36	Pulse	199	1366592	7033	0
gpl003	36	Pulse	199	1376592	17033	0
gpl003	36	Response	32	1379002	19443	0
gpl003	37	Picture	fix2	1384594	0	1	25864	1	0	next	other	0
gpl003	37	Pulse	199	1386592	1998	0
gpl003	37	Pulse	199	1396592	11998	0
gpl003	37	Pulse	199	1406592	21998	0
gpl003	38	Picture	feedback	1410458	0	1	20227	1	0	next	other	0
gpl003	38	Pulse	199	1416592	6134	0
gpl003	38	Pulse	199	1426592	16135	0
gpl003	39	Picture	fix	1430685	0	1	23543	1	0	next	other	0
gpl003	39	Pulse	199	1436592	5908	0
gpl003	39	Pulse	199	1446592	15907	0
gpl003	41	Picture	stim	1454227	0	1	25035	1	0	25000	incorrect	70
gpl003	41	Pulse	199	1456592	2365	0
gpl003	41	Pulse	199	1466592	12365	0
gpl003	41	Response	32	1472141	17914	0
gpl003	41	Pulse	199	1476592	22365	0
gpl003	42	Picture	fix2	1479262	0	1	17243	1	0	next	other	0
gpl003	42	Pulse	199	1486591	7329	0
gpl003	43	Picture	feedback	1496505	0	1	20061	1	0	next	other	0
gpl003	43	Pulse	199	1496592	87	0
gpl003	43	Pulse	199	1506592	10087	0
gpl003	44	Picture	fix	1516566	0	1	18569	1	0	next	other	0
gpl003	44	Pulse	199	1516591	26	0
gpl003	44	Pulse	199	1526592	10027	0
gpl003	46	Picture	stim	1535134	0	1	25035	1	0	25000	incorrect	83
gpl003	46	Pulse	199	1536592	1457	0
gpl003	46	Pulse	199	1546592	11457	0
gpl003	46	Response	32	1549242	14107	0
gpl003	46	Pulse	199	1556592	21457	0
gpl003	47	Picture	fix2	1560335	0	1	21885	1	0	next	other	0
gpl003	47	Pulse	199	1566592	6257	0
gpl003	47	Pulse	199	1576592	16257	0
gpl003	48	Picture	feedback	1582220	0	1	20061	1	0	next	other	0
gpl003	48	Pulse	199	1586591	4372	0
gpl003	48	Pulse	199	1596592	14372	0
gpl003	49	Picture	fix	1602281	0	1	22382	1	0	next	other	0
gpl003	49	Pulse	199	1606593	4312	0
gpl003	49	Pulse	199	1616592	14311	0
gpl003	51	Picture	stim	1624663	0	1	25035	1	0	25000	incorrect	97
gpl003	51	Pulse	199	1626592	1929	0
gpl003	51	Pulse	199	1636592	11929	0
gpl003	51	Response	32	1636773	12110	0
gpl003	51	Pulse	199	1646592	21929	0
gpl003	52	Picture	fix2	1649864	0	1	26361	1	0	next	other	0
gpl003	52	Pulse	199	1656592	6728	0
gpl003	52	Pulse	199	1666592	16729	0
gpl003	53	Picture	feedback	1676225	0	1	20227	1	0	next	other	0
gpl003	53	Pulse	199	1676592	368	0
gpl003	53	Pulse	199	1686592	10367	0
gpl003	54	Picture	fix	1696452	0	1	27356	1	0	next	other	0
gpl003	54	Pulse	199	1696592	140	0
gpl003	54	Pulse	199	1706592	10141	0
gpl003	54	Pulse	199	1716592	20141	0
gpl003	56	Picture	stim	1723807	0	1	25035	1	0	25000	incorrect	112
gpl003	56	Pulse	199	1726592	2784	0
gpl003	56	Pulse	199	1736592	12784	0
gpl003	56	Response	32	1743752	19944	0
gpl003	56	Pulse	199	1746592	22784	0
gpl003	57	Picture	fix2	1748842	0	1	14092	1	0	next	other	0
gpl003	57	Pulse	199	1756592	7750	0
gpl003	58	Picture	feedback	1762935	0	1	20393	1	0	next	other	0
gpl003	58	Pulse	199	1766592	3657	0
gpl003	58	Pulse	199	1776592	13657	0
gpl003	59	Picture	fix	1783327	0	1	28848	1	0	next	other	0
gpl003	59	Pulse	199	1786592	3265	0
gpl003	59	Pulse	199	1796592	13265	0
gpl003	59	Pulse	199	1806592	23264	0
gpl003	61	Picture	stim	1812175	0	1	25035	1	0	25000	incorrect	126
gpl003	61	Pulse	199	1816592	4416	0
gpl003	61	Pulse	199	1826592	14417	0
gpl003	61	Response	32	1834192	22016	0
gpl003	61	Pulse	199	1836592	24416	0
gpl003	62	Picture	fix2	1837210	0	1	13263	1	0	next	other	0
gpl003	62	Pulse	199	1846592	9382	0
gpl003	63	Picture	feedback	1850474	0	1	20061	1	0	next	other	0
gpl003	63	Pulse	199	1856592	6118	0
gpl003	63	Pulse	199	1866592	16118	0
gpl003	64	Picture	fix	1870535	0	1	16248	1	0	next	other	0
gpl003	64	Pulse	199	1876592	6057	0
gpl003	64	Pulse	199	1886592	16057	0
gpl003	66	Picture	stim	1886783	0	1	25035	1	0	25000	incorrect	138
gpl003	66	Pulse	199	1896592	9809	0
gpl003	66	Response	32	1900282	13499	0
gpl003	66	Pulse	199	1906591	19809	0
gpl003	67	Picture	fix2	1911817	0	1	15916	1	0	next	other	0
gpl003	67	Pulse	199	1916592	4774	0
gpl003	67	Pulse	199	1926592	14775	0
gpl003	68	Picture	feedback	1927733	0	1	20393	1	0	next	other	0
gpl003	68	Pulse	199	1936592	8859	0
gpl003	68	Pulse	199	1946592	18858	0
gpl003	69	Picture	fix	1948126	0	1	26859	1	0	next	other	0
gpl003	69	Pulse	199	1956592	8466	0
gpl003	69	Pulse	199	1966592	18466	0
gpl003	71	Picture	stim	1974985	0	1	25035	1	0	25000	incorrect	152
gpl003	71	Pulse	199	1976593	1608	0
gpl003	71	Pulse	199	1986592	11608	0
gpl003	71	Response	32	1987242	12258	0
gpl003	71	Pulse	199	1996593	21608	0
gpl003	72	Picture	fix2	2000185	0	1	16082	1	0	next	other	0
gpl003	72	Pulse	199	2006592	6407	0
gpl003	73	Picture	feedback	2016267	0	1	20061	1	0	next	other	0
gpl003	73	Pulse	199	2016592	325	0
gpl003	73	Pulse	199	2026592	10325	0
gpl003	74	Picture	fix	2036328	0	1	21387	1	0	next	other	0
gpl003	74	Pulse	199	2036592	264	0
gpl003	74	Pulse	199	2046592	10264	0
gpl003	74	Pulse	199	2056593	20264	0
gpl003	76	Picture	stim	2057716	0	1	25035	1	0	25000	incorrect	165
gpl003	76	Pulse	199	2066593	8877	0
gpl003	76	Response	32	2072422	14706	0
gpl003	76	Pulse	199	2076592	18877	0
gpl003	77	Picture	fix2	2082916	0	1	16579	1	0	next	other	0
gpl003	77	Pulse	199	2086592	3676	0
gpl003	77	Pulse	199	2096593	13676	0
gpl003	78	Picture	feedback	2099496	0	1	20061	1	0	next	other	0
gpl003	78	Pulse	199	2106592	7097	0
gpl003	78	Pulse	199	2116592	17097	0
gpl003	79	Picture	fix	2119557	0	1	17408	1	0	next	other	0
gpl003	79	Pulse	199	2126592	7036	0
gpl003	79	Pulse	199	2136592	17036	0
gpl003	81	Picture	stim	2136965	0	1	25035	1	0	25000	hit	177
gpl003	81	Response	16	2145162	8197	0
gpl003	81	Pulse	199	2146592	9627	0
gpl003	81	Pulse	199	2156592	19627	0
gpl003	82	Picture	fix2	2162000	0	1	23377	1	0	next	other	0
gpl003	82	Pulse	199	2166592	4592	0
gpl003	82	Pulse	199	2176592	14592	0
gpl003	83	Picture	feedback	2185377	0	1	20061	1	0	next	other	0
gpl003	83	Pulse	199	2186592	1215	0
gpl003	83	Pulse	199	2196592	11215	0
gpl003	84	Picture	fix	2205438	0	1	21885	1	0	next	other	0
gpl003	84	Pulse	199	2206592	1154	0
gpl003	84	Pulse	199	2216592	11155	0
gpl003	84	Pulse	199	2226592	21154	0
gpl003	86	Picture	stim	2227322	0	1	25035	1	0	25000	hit	192
gpl003	86	Pulse	199	2236592	9270	0
gpl003	86	Response	16	2241202	13880	0
gpl003	86	Pulse	199	2246592	19270	0
gpl003	87	Picture	fix2	2252357	0	1	21553	1	0	next	other	0
gpl003	87	Pulse	199	2256592	4235	0
gpl003	87	Pulse	199	2266592	14235	0
gpl003	88	Picture	feedback	2273910	0	1	20061	1	0	next	other	0
gpl003	88	Pulse	199	2276592	2682	0
gpl003	88	Pulse	199	2286592	12682	0
gpl003	89	Picture	fix	2293971	0	1	30838	1	0	next	other	0
gpl003	89	Pulse	199	2296592	2621	0
gpl003	89	Pulse	199	2306593	12621	0
gpl003	89	Pulse	199	2316593	22621	0
gpl003	91	Picture	stim	2324809	0	1	25035	1	0	25000	incorrect	207
gpl003	91	Pulse	199	2326592	1783	0
gpl003	91	Pulse	199	2336593	11784	0
gpl003	91	Response	32	2339212	14404	0
gpl003	91	Pulse	199	2346593	21784	0
gpl003	92	Picture	fix2	2349844	0	1	21387	1	0	next	other	0
gpl003	92	Pulse	199	2356592	6748	0
gpl003	92	Pulse	199	2366593	16749	0
gpl003	93	Picture	feedback	2371231	0	1	20060	2	0	next	other	0
gpl003	93	Pulse	199	2376593	5362	0
gpl003	93	Pulse	199	2386593	15362	0
gpl003	94	Picture	fix	2391292	0	1	17741	2	0	next	other	0
gpl003	94	Pulse	199	2396592	5301	0
gpl003	94	Pulse	199	2406593	15301	0
gpl003	96	Picture	stim	2409032	0	1	25035	1	0	25000	hit	221
gpl003	96	Pulse	199	2416593	7561	0
gpl003	96	Pulse	199	2426592	17560	0
gpl003	96	Response	16	2428012	18980	0
gpl003	97	Picture	fix2	2434067	0	1	21387	1	0	next	other	0
gpl003	97	Pulse	199	2436593	2526	0
gpl003	97	Pulse	199	2446593	12526	0
gpl003	98	Picture	feedback	2455454	0	1	20061	1	0	next	other	0
gpl003	98	Pulse	199	2456593	1138	0
gpl003	98	Pulse	199	2466592	11138	0
gpl003	99	Picture	fix	2475515	0	1	24703	1	0	next	other	0
gpl003	99	Pulse	199	2476593	1077	0
gpl003	99	Pulse	199	2486593	11077	0
gpl003	99	Pulse	199	2496592	21077	0
gpl003	101	Picture	stim	2500219	0	1	25035	1	0	25000	incorrect	234
gpl003	101	Pulse	199	2506593	6374	0
gpl003	101	Response	32	2514273	14054	0
gpl003	101	Pulse	199	2516593	16374	0
gpl003	102	Picture	fix2	2525419	0	1	14756	1	0	next	other	0
gpl003	102	Pulse	199	2526593	1174	0
gpl003	102	Pulse	199	2536593	11174	0
gpl003	103	Picture	feedback	2540175	0	1	20061	1	0	next	other	0
gpl003	103	Pulse	199	2546593	6418	0
gpl003	103	Pulse	199	2556593	16418	0
gpl003	104	Picture	fix	2560236	0	1	31169	1	0	next	other	0
gpl003	104	Pulse	199	2566593	6357	0
gpl003	104	Pulse	199	2576593	16357	0
gpl003	104	Pulse	199	2586593	26357	0
gpl003	106	Picture	stim	2591405	0	1	25035	1	0	25000	incorrect	248
gpl003	106	Pulse	199	2596593	5188	0
gpl003	106	Response	32	2601023	9618	0
gpl003	106	Pulse	199	2606592	15187	0
gpl003	107	Picture	fix2	2616440	0	1	17906	1	0	next	other	0
gpl003	107	Pulse	199	2616593	153	0
gpl003	107	Pulse	199	2626593	10153	0
gpl003	108	Picture	feedback	2634346	0	1	20061	1	0	next	other	0
gpl003	108	Pulse	199	2636592	2247	0
gpl003	108	Pulse	199	2646593	12247	0
gpl003	109	Picture	fix	2654407	0	1	20393	1	0	next	other	0
gpl003	109	Pulse	199	2656593	2187	0
gpl003	109	Pulse	199	2666593	12186	0
gpl003	111	Picture	stim	2674799	0	1	25035	1	0	25000	hit	262
gpl003	111	Pulse	199	2676593	1794	0
gpl003	111	Pulse	199	2686593	11794	0
gpl003	111	Response	16	2686653	11854	0
gpl003	111	Pulse	199	2696593	21794	0
gpl003	112	Picture	fix2	2699834	0	1	20061	1	0	next	other	0
gpl003	112	Pulse	199	2706593	6759	0
gpl003	112	Pulse	199	2716593	16759	0
gpl003	113	Picture	feedback	2719895	0	1	20061	1	0	next	other	0
gpl003	113	Pulse	199	2726593	6698	0
gpl003	113	Pulse	199	2736593	16698	0
gpl003	114	Picture	fix	2739956	0	1	22714	1	0	next	other	0
gpl003	114	Pulse	199	2746593	6637	0
gpl003	114	Pulse	199	2756592	16636	0
gpl003	116	Picture	stim	2762670	0	1	25035	1	0	25000	incorrect	275
gpl003	116	Pulse	199	2766593	3923	0
gpl003	116	Response	32	2775322	12653	0
gpl003	116	Pulse	199	2776592	13923	0
gpl003	116	Pulse	199	2786592	23923	0
gpl003	117	Picture	fix2	2787870	0	1	29014	1	0	next	other	0
gpl003	117	Pulse	199	2796593	8722	0
gpl003	117	Pulse	199	2806592	18722	0
gpl003	117	Pulse	199	2816593	28722	0
gpl003	118	Picture	feedback	2816884	0	1	20061	1	0	next	other	0
gpl003	118	Pulse	199	2826593	9708	0
gpl003	118	Pulse	199	2836593	19708	0
gpl003	119	Picture	fix	2836945	0	1	29180	1	0	next	other	0
gpl003	119	Pulse	199	2846592	9647	0
gpl003	119	Pulse	199	2856593	19647	0
gpl003	121	Picture	stim	2866125	0	1	25035	1	0	25000	hit	291
gpl003	121	Pulse	199	2866593	468	0
gpl003	121	Pulse	199	2876593	10468	0
gpl003	121	Response	16	2883013	16888	0
gpl003	121	Pulse	199	2886593	20468	0
gpl003	122	Picture	fix2	2891325	0	1	11606	1	0	next	other	0
gpl003	122	Pulse	199	2896593	5267	0
gpl003	123	Picture	feedback	2902931	0	1	20061	1	0	next	other	0
gpl003	123	Pulse	199	2906593	3662	0
gpl003	123	Pulse	199	2916592	13661	0
gpl003	124	Picture	fix	2922992	0	1	26858	1	0	next	other	0
gpl003	124	Pulse	199	2926593	3601	0
gpl003	124	Pulse	199	2936593	13600	0
gpl003	124	Pulse	199	2946592	23600	0
gpl003	126	Picture	stim	2949851	0	1	25035	1	0	25000	incorrect	304
gpl003	126	Pulse	199	2956603	6753	0
gpl003	126	Response	32	2961422	11572	0
gpl003	126	Pulse	199	2966603	16753	0
gpl003	127	Picture	fix2	2974885	0	1	14590	1	0	next	other	0
gpl003	127	Pulse	199	2976603	1718	0
gpl003	127	Pulse	199	2986602	11717	0
gpl003	128	Picture	feedback	2989475	0	1	20061	1	0	next	other	0
gpl003	128	Pulse	199	2996603	7128	0
gpl003	128	Pulse	199	3006603	17128	0
gpl003	129	Picture	fix	3009536	0	1	22216	1	0	next	other	0
gpl003	129	Pulse	199	3016602	7066	0
gpl003	129	Pulse	199	3026603	17067	0
gpl003	131	Picture	stim	3031753	0	1	25035	1	0	25000	hit	318
gpl003	131	Pulse	199	3036603	4850	0
gpl003	131	Pulse	199	3046603	14850	0
gpl003	131	Response	16	3047733	15980	0
gpl003	131	Pulse	199	3056603	24851	0
gpl003	132	Picture	fix2	3056787	0	1	20558	1	0	next	other	0
gpl003	132	Pulse	199	3066603	9816	0
gpl003	132	Pulse	199	3076603	19816	0
gpl003	133	Picture	feedback	3077346	0	1	20061	1	0	next	other	0
gpl003	133	Pulse	199	3086603	9257	0
gpl003	133	Pulse	199	3096603	19257	0
gpl003	134	Picture	fix	3097407	0	1	37469	1	0	next	other	0
gpl003	134	Pulse	199	3106603	9196	0
gpl003	134	Pulse	199	3116602	19196	0
gpl003	134	Pulse	199	3126603	29196	0
gpl003	136	Picture	stim	3134876	0	1	25035	1	0	25000	incorrect	333
gpl003	136	Pulse	199	3136603	1727	0
gpl003	136	Pulse	199	3146603	11727	0
gpl003	136	Response	32	3152353	17477	0
gpl003	136	Pulse	199	3156603	21726	0
gpl003	137	Picture	fix2	3159911	0	1	25864	1	0	next	other	0
gpl003	137	Pulse	199	3166603	6692	0
gpl003	137	Pulse	199	3176603	16692	0
gpl003	138	Picture	feedback	3185775	0	1	20061	1	0	next	other	0
gpl003	138	Pulse	199	3186603	828	0
gpl003	138	Pulse	199	3196603	10828	0
gpl003	139	Picture	fix	3205836	0	1	28848	1	0	next	other	0
gpl003	139	Pulse	199	3206603	768	0
gpl003	139	Pulse	199	3216603	10768	0
gpl003	139	Pulse	199	3226603	20767	0
gpl003	141	Picture	stim	3234684	0	1	25035	1	0	25000	hit	347
gpl003	141	Pulse	199	3236603	1919	0
gpl003	141	Response	16	3245493	10809	0
gpl003	141	Pulse	199	3246603	11919	0
gpl003	141	Pulse	199	3256603	21919	0
gpl003	142	Picture	fix2	3259884	0	1	23543	1	0	next	other	0
gpl003	142	Pulse	199	3266603	6719	0
gpl003	142	Pulse	199	3276603	16719	0
gpl003	143	Picture	feedback	3283427	0	1	20061	1	0	next	other	0
gpl003	143	Pulse	199	3286603	3176	0
gpl003	143	Pulse	199	3296603	13176	0
gpl003	144	Picture	fix	3303488	0	1	26859	1	0	next	other	0
gpl003	144	Pulse	199	3306603	3115	0
gpl003	144	Pulse	199	3316603	13115	0
gpl003	144	Pulse	199	3326603	23115	0
gpl003	146	Picture	stim	3330347	0	1	25035	1	0	25000	incorrect	363
gpl003	146	Pulse	199	3336603	6257	0
gpl003	146	Pulse	199	3346603	16257	0
gpl003	146	Response	32	3350233	19887	0
gpl003	147	Picture	fix2	3355382	0	1	16082	1	0	next	other	0
gpl003	147	Pulse	199	3356603	1222	0
gpl003	147	Pulse	199	3366603	11221	0
gpl003	148	Picture	feedback	3371464	0	1	20061	1	0	next	other	0
gpl003	148	Pulse	199	3376603	5140	0
gpl003	148	Pulse	199	3386603	15140	0
gpl003	149	Picture	fix	3391525	0	1	23377	1	0	next	other	0
gpl003	149	Pulse	199	3396603	5078	0
gpl003	149	Pulse	199	3406603	15079	0
gpl003	151	Picture	stim	3414901	0	1	25035	1	0	25000	incorrect	375
gpl003	151	Pulse	199	3416603	1702	0
gpl003	151	Response	32	3426503	11602	0
gpl003	151	Pulse	199	3426603	11702	0
gpl003	151	Pulse	199	3436604	21702	0
gpl003	152	Picture	fix2	3439936	0	1	10777	1	0	next	other	0
gpl003	152	Pulse	199	3446603	6667	0
gpl003	153	Picture	feedback	3450713	0	1	20061	1	0	next	other	0
gpl003	153	Pulse	199	3456603	5891	0
gpl003	153	Pulse	199	3466603	15890	0
gpl003	154	Picture	fix	3470774	0	1	33324	1	0	next	other	0
gpl003	154	Pulse	199	3476604	5830	0
gpl003	154	Pulse	199	3486604	15830	0
gpl003	154	Pulse	199	3496603	25829	0
gpl003	156	Picture	stim	3504098	0	1	25035	1	0	25000	hit	389
gpl003	156	Pulse	199	3506603	2505	0
gpl003	156	Response	16	3514843	10745	0
gpl003	156	Pulse	199	3516603	12505	0
gpl003	156	Pulse	199	3526603	22505	0
gpl003	157	Picture	fix2	3529133	0	1	16745	1	0	next	other	0
gpl003	157	Pulse	199	3536603	7470	0
gpl003	158	Picture	feedback	3545878	0	1	20061	1	0	next	other	0
gpl003	158	Pulse	199	3546603	725	0
gpl003	158	Pulse	199	3556603	10725	0
gpl003	159	Picture	fix	3565939	0	1	20227	1	0	next	other	0
gpl003	159	Pulse	199	3566603	664	0
gpl003	159	Pulse	199	3576603	10664	0
gpl003	161	Picture	stim	3586166	0	1	25035	1	0	25000	hit	402
gpl003	161	Pulse	199	3586603	437	0
gpl003	161	Response	16	3594663	8497	0
gpl003	161	Pulse	199	3596603	10437	0
gpl003	161	Pulse	199	3606603	20437	0
gpl003	162	Picture	fix2	3611201	0	1	22051	1	0	next	other	0
gpl003	162	Pulse	199	3616603	5402	0
gpl003	162	Pulse	199	3626603	15402	0
gpl003	163	Picture	feedback	3633252	0	1	20061	1	0	next	other	0
gpl003	163	Pulse	199	3636603	3351	0
gpl003	163	Pulse	199	3646603	13352	0
gpl003	164	Picture	fix	3653313	0	1	29677	1	0	next	other	0
gpl003	164	Pulse	199	3656603	3291	0
gpl003	164	Pulse	199	3666603	13290	0
gpl003	164	Pulse	199	3676603	23290	0
gpl003	166	Picture	stim	3682990	0	1	25035	1	0	25000	hit	418
gpl003	166	Pulse	199	3686603	3614	0
gpl003	166	Pulse	199	3696603	13614	0
gpl003	166	Response	16	3705963	22973	0
gpl003	166	Pulse	199	3706603	23614	0
gpl003	167	Picture	fix2	3708190	0	1	16579	1	0	next	other	0
gpl003	167	Pulse	199	3716604	8413	0
gpl003	168	Picture	feedback	3724770	0	1	20061	1	0	next	other	0
gpl003	168	Pulse	199	3726604	1834	0
gpl003	168	Pulse	199	3736604	11834	0
gpl003	169	Picture	fix	3744831	0	1	22051	1	0	next	other	0
gpl003	169	Pulse	199	3746603	1772	0
gpl003	169	Pulse	199	3756603	11773	0
gpl003	169	Pulse	199	3766603	21773	0
gpl003	171	Picture	stim	3766881	0	1	25035	1	0	25000	incorrect	431
gpl003	171	Pulse	199	3776603	9722	0
gpl003	171	Response	32	3784313	17432	0
gpl003	171	Pulse	199	3786604	19723	0
gpl003	172	Picture	fix2	3792082	0	1	24206	1	0	next	other	0
gpl003	172	Pulse	199	3796604	4522	0
gpl003	172	Pulse	199	3806603	14522	0
gpl003	173	Picture	feedback	3816288	0	1	20061	1	0	next	other	0
gpl003	173	Pulse	199	3816603	316	0
gpl003	173	Pulse	199	3826604	10316	0
gpl003	174	Picture	fix	3836349	0	1	23377	1	0	next	other	0
gpl003	174	Pulse	199	3836604	255	0
gpl003	174	Pulse	199	3846604	10255	0
gpl003	174	Pulse	199	3856604	20255	0
gpl003	176	Picture	stim	3859725	0	1	25035	1	0	25000	incorrect	445
gpl003	176	Pulse	199	3866604	6878	0
gpl003	176	Response	32	3874623	14897	0
gpl003	176	Pulse	199	3876603	16878	0
gpl003	177	Picture	fix2	3884760	0	1	16414	1	0	next	other	0
gpl003	177	Pulse	199	3886604	1843	0
gpl003	177	Pulse	199	3896603	11843	0
gpl003	178	Picture	feedback	3901174	0	1	20061	1	0	next	other	0
gpl003	178	Pulse	199	3906604	5430	0
gpl003	178	Pulse	199	3916603	15429	0
gpl003	179	Picture	fix	3921235	0	1	20061	1	0	next	other	0
gpl003	179	Pulse	199	3926604	5369	0
gpl003	179	Pulse	199	3936604	15369	0
gpl003	181	Picture	stim	3941296	0	1	25035	1	0	25000	incorrect	459
gpl003	181	Pulse	199	3946603	5307	0
gpl003	181	Pulse	199	3956604	15308	0
gpl003	181	Response	32	3961093	19797	0
gpl003	182	Picture	fix2	3966331	0	1	26195	1	0	next	other	0
gpl003	182	Pulse	199	3966603	273	0
gpl003	182	Pulse	199	3976604	10273	0
gpl003	182	Pulse	199	3986603	20273	0
gpl003	183	Picture	feedback	3992526	0	1	20061	1	0	next	other	0
gpl003	183	Pulse	199	3996603	4077	0
gpl003	183	Pulse	199	4006604	14078	0
gpl003	184	Picture	fix	4012587	0	1	26030	1	0	next	other	0
gpl003	184	Pulse	199	4016603	4016	0
gpl003	184	Pulse	199	4026604	14017	0
gpl003	184	Pulse	199	4036603	24016	0
gpl003	186	Picture	stim	4038617	0	1	25035	1	0	25000	hit	473
gpl003	186	Pulse	199	4046604	7987	0
gpl003	186	Response	16	4053594	14977	0
gpl003	186	Pulse	199	4056603	17986	0
gpl003	187	Picture	fix2	4063817	0	1	29345	1	0	next	other	0
gpl003	187	Pulse	199	4066604	2787	0
gpl003	187	Pulse	199	4076604	12787	0
gpl003	187	Pulse	199	4086603	22786	0
gpl003	188	Picture	feedback	4093163	0	1	20061	1	0	next	other	0
gpl003	188	Pulse	199	4096604	3441	0
gpl003	188	Pulse	199	4106604	13441	0
gpl003	189	Picture	fix	4113224	0	1	28516	1	0	next	other	0
gpl003	189	Pulse	199	4116604	3380	0
gpl003	189	Pulse	199	4126604	13380	0
gpl003	189	Pulse	199	4136604	23380	0
gpl003	191	Picture	stim	4141740	0	1	25035	1	0	25000	hit	489
gpl003	191	Pulse	199	4146604	4864	0
gpl003	191	Pulse	199	4156603	14863	0
gpl003	191	Response	16	4157013	15273	0
gpl003	191	Pulse	199	4166603	24863	0
gpl003	192	Picture	fix2	4166775	0	1	15253	1	0	next	other	0
gpl003	192	Pulse	199	4176604	9829	0
gpl003	193	Picture	feedback	4182028	0	1	20061	1	0	next	other	0
gpl003	193	Pulse	199	4186604	4575	0
gpl003	193	Pulse	199	4196603	14575	0
gpl003	194	Picture	fix	4202089	0	1	35977	1	0	next	other	0
gpl003	194	Pulse	199	4206604	4515	0
gpl003	194	Pulse	199	4216604	14515	0
gpl003	194	Pulse	199	4226603	24514	0
gpl003	194	Pulse	199	4236604	34515	0
gpl003	196	Picture	stim	4238066	0	1	25035	1	0	25000	incorrect	503
gpl003	196	Pulse	199	4246604	8537	0
gpl003	196	Response	32	4252833	14767	0
gpl003	196	Pulse	199	4256603	18537	0
gpl003	197	Picture	fix2	4263267	0	1	12932	1	0	next	other	0
gpl003	197	Pulse	199	4266604	3337	0
gpl003	198	Picture	feedback	4276199	0	1	20061	1	0	next	other	0
gpl003	198	Pulse	199	4276604	405	0
gpl003	198	Pulse	199	4286604	10405	0
gpl003	199	Picture	fix	4296260	0	1	25201	1	0	next	other	0
gpl003	199	Pulse	199	4296604	344	0
gpl003	199	Pulse	199	4306604	10344	0
gpl003	199	Pulse	199	4316604	20344	0
gpl003	201	Picture	stim	4321460	0	1	25035	1	0	25000	incorrect	517
gpl003	201	Pulse	199	4326604	5143	0
gpl003	201	Pulse	199	4336604	15144	0
gpl003	201	Response	32	4344084	22624	0
gpl003	202	Picture	fix2	4346495	0	1	22548	1	0	next	other	0
gpl003	202	Pulse	199	4346604	109	0
gpl003	202	Pulse	199	4356604	10108	0
gpl003	202	Pulse	199	4366603	20108	0
gpl003	203	Picture	feedback	4369043	0	1	20061	1	0	next	other	0
gpl003	203	Pulse	199	4376604	7561	0
gpl003	203	Pulse	199	4386604	17561	0
gpl003	204	Picture	fix	4389104	0	1	29014	1	0	next	other	0
gpl003	204	Pulse	199	4396604	7499	0
gpl003	204	Pulse	199	4406604	17500	0
gpl003	204	Pulse	199	4416604	27500	0
gpl003	206	Picture	stim	4418118	0	1	25035	1	0	25000	hit	531
gpl003	206	Pulse	199	4426604	8486	0
gpl003	206	Response	16	4436374	18256	0
gpl003	206	Pulse	199	4436603	18485	0
gpl003	207	Picture	fix2	4443153	0	1	18569	1	0	next	other	0
gpl003	207	Pulse	199	4446604	3451	0
gpl003	207	Pulse	199	4456604	13451	0
gpl003	208	Picture	feedback	4461722	0	1	20061	1	0	next	other	0
gpl003	208	Pulse	199	4466604	4882	0
gpl003	208	Pulse	199	4476604	14882	0
gpl003	209	Picture	fix	4481783	0	1	19398	1	0	next	other	0
gpl003	209	Pulse	199	4486604	4821	0
gpl003	209	Pulse	199	4496603	14821	0
gpl003	211	Picture	stim	4501181	0	1	25035	1	0	25000	hit	545
gpl003	211	Pulse	199	4506604	5423	0
gpl003	211	Pulse	199	4516604	15423	0
gpl003	211	Response	16	4518094	16913	0
gpl003	212	Picture	fix2	4526215	0	1	21719	1	0	next	other	0
gpl003	212	Pulse	199	4526604	388	0
gpl003	212	Pulse	199	4536603	10388	0
gpl003	212	Pulse	199	4546604	20388	0
gpl003	213	Picture	feedback	4547934	0	1	20061	1	0	next	other	0
gpl003	213	Pulse	199	4556604	8669	0
gpl003	213	Pulse	199	4566604	18669	0
gpl003	214	Picture	fix	4567995	0	1	28019	1	0	next	other	0
gpl003	214	Pulse	199	4576604	8609	0
gpl003	214	Pulse	199	4586604	18608	0
gpl003	216	Picture	stim	4596014	0	1	25035	1	0	25000	incorrect	559
gpl003	216	Pulse	199	4596604	589	0
gpl003	216	Pulse	199	4606604	10589	0
gpl003	216	Response	32	4610564	14549	0
gpl003	216	Pulse	199	4616604	20589	0
gpl003	217	Picture	fix2	4621215	0	1	16414	1	0	next	other	0
gpl003	217	Pulse	199	4626604	5389	0
gpl003	217	Pulse	199	4636613	15398	0
gpl003	218	Picture	feedback	4637629	0	1	20061	1	0	next	other	0
gpl003	218	Pulse	199	4646614	8985	0
gpl003	218	Pulse	199	4656604	18975	0
gpl003	219	Picture	fix	4657690	0	1	32164	1	0	next	other	0
gpl003	219	Pulse	199	4666614	8925	0
gpl003	219	Pulse	199	4676603	18914	0
gpl003	219	Pulse	199	4686614	28924	0
gpl003	221	Picture	stim	4689854	0	1	25035	1	0	25000	hit	573
gpl003	221	Pulse	199	4696614	6760	0
gpl003	221	Response	16	4700574	10720	0
gpl003	221	Pulse	199	4706613	16760	0
gpl003	222	Picture	fix2	4714888	0	1	9119	1	0	next	other	0
gpl003	222	Pulse	199	4716614	1726	0
gpl003	223	Picture	feedback	4724007	0	1	20061	1	0	next	other	0
gpl003	223	Pulse	199	4726614	2607	0
gpl003	223	Pulse	199	4736614	12607	0
gpl003	224	Picture	fix	4744068	0	1	26361	1	0	next	other	0
gpl003	224	Pulse	199	4746613	2545	0
gpl003	224	Pulse	199	4756614	12546	0
gpl003	224	Pulse	199	4766614	22546	0
gpl003	226	Picture	stim	4770429	0	1	25035	1	0	25000	hit	587
gpl003	226	Pulse	199	4776613	6184	0
gpl003	226	Pulse	199	4786614	16185	0
gpl003	226	Response	16	4792444	22015	0
gpl003	227	Picture	fix2	4795630	0	1	18071	1	0	next	other	0
gpl003	227	Pulse	199	4796614	984	0
gpl003	227	Pulse	199	4806614	10984	0
gpl003	228	Picture	feedback	4813701	0	1	20061	1	0	next	other	0
gpl003	228	Pulse	199	4816614	2912	0
gpl003	228	Pulse	199	4826614	12913	0
gpl003	229	Picture	fix	4833762	0	1	24537	1	0	next	other	0
gpl003	229	Pulse	199	4836614	2852	0
gpl003	229	Pulse	199	4846613	12851	0
gpl003	229	Pulse	199	4856614	22852	0
gpl003	231	Picture	stim	4858300	0	1	25035	1	0	25000	incorrect	600
gpl003	231	Pulse	199	4866614	8314	0
gpl003	231	Response	32	4876544	18244	0
gpl003	231	Pulse	199	4876614	18314	0
gpl003	232	Picture	fix2	4883335	0	1	20393	1	0	next	other	0
gpl003	232	Pulse	199	4886613	3279	0
gpl003	232	Pulse	199	4896614	13279	0
gpl003	233	Picture	feedback	4903727	0	1	20061	1	0	next	other	0
gpl003	233	Pulse	199	4906614	2887	0
gpl003	233	Pulse	199	4916613	12886	0
gpl003	234	Picture	fix	4923788	0	1	26527	1	0	next	other	0
gpl003	234	Pulse	199	4926614	2826	0
gpl003	234	Pulse	199	4936614	12826	0
gpl003	234	Pulse	199	4946614	22825	0
gpl003	236	Picture	stim	4950315	0	1	25035	1	0	25000	incorrect	615
gpl003	236	Pulse	199	4956614	6299	0
gpl003	236	Pulse	199	4966614	16299	0
gpl003	236	Response	32	4967764	17449	0
gpl003	237	Picture	fix2	4975350	0	1	13927	1	0	next	other	0
gpl003	237	Pulse	199	4976614	1264	0
gpl003	237	Pulse	199	4986613	11263	0
gpl003	238	Picture	feedback	4989277	0	1	20061	1	0	next	other	0
gpl003	238	Pulse	199	4996614	7337	0
gpl003	238	Pulse	199	5006614	17337	0
gpl003	239	Picture	fix	5009338	0	1	25366	1	0	next	other	0
gpl003	239	Pulse	199	5016613	7276	0
gpl003	239	Pulse	199	5026614	17276	0
gpl003	241	Picture	stim	5034704	0	1	25035	1	0	25000	hit	628
gpl003	241	Pulse	199	5036614	1910	0
gpl003	241	Pulse	199	5046614	11909	0
gpl003	241	Response	16	5047743	13039	0
gpl003	241	Pulse	199	5056614	21909	0
gpl003	242	Picture	fix2	5059739	0	1	24372	1	0	next	other	0
gpl003	242	Pulse	199	5066614	6875	0
gpl003	242	Pulse	199	5076614	16875	0
gpl003	243	Picture	feedback	5084111	0	1	20061	1	0	next	other	0
gpl003	243	Pulse	199	5086613	2503	0
gpl003	243	Pulse	199	5096614	12503	0
gpl003	244	Picture	fix	5104172	0	1	24703	1	0	next	other	0
gpl003	244	Pulse	199	5106614	2442	0
gpl003	244	Pulse	199	5116614	12442	0
gpl003	244	Pulse	199	5126613	22442	0
gpl003	246	Picture	stim	5128875	0	1	25035	1	0	25000	incorrect	642
gpl003	246	Pulse	199	5136614	7739	0
gpl003	246	Response	32	5145254	16379	0
gpl003	246	Pulse	199	5146614	17739	0
gpl003	247	Picture	fix2	5153910	0	1	27688	1	0	next	other	0
gpl003	247	Pulse	199	5156614	2704	0
gpl003	247	Pulse	199	5166614	12704	0
gpl003	247	Pulse	199	5176614	22704	0
gpl003	248	Picture	feedback	5181597	0	1	20061	1	0	next	other	0
gpl003	248	Pulse	199	5186614	5017	0
gpl003	248	Pulse	199	5196613	15016	0
gpl003	249	Picture	fix	5201658	0	1	29345	1	0	next	other	0
gpl003	249	Pulse	199	5206614	4956	0
gpl003	249	Pulse	199	5216614	14956	0
gpl003	249	Pulse	199	5226613	24955	0
gpl003	251	Picture	stim	5231004	0	1	25035	1	0	25000	incorrect	658
gpl003	251	Pulse	199	5236614	5610	0
gpl003	251	Pulse	199	5246614	15610	0
gpl003	251	Response	32	5247354	16350	0
gpl003	252	Picture	fix2	5256039	0	1	21387	1	0	next	other	0
gpl003	252	Pulse	199	5256614	575	0
gpl003	252	Pulse	199	5266614	10575	0
gpl003	252	Pulse	199	5276614	20575	0
gpl003	253	Picture	feedback	5277426	0	1	20061	1	0	next	other	0
gpl003	253	Pulse	199	5286614	9188	0
gpl003	253	Pulse	199	5296613	19187	0
gpl003	254	Picture	fix	5297487	0	1	33988	1	0	next	other	0
gpl003	254	Pulse	199	5306614	9127	0
gpl003	254	Pulse	199	5316614	19127	0
gpl003	254	Pulse	199	5326614	29127	0
gpl003	256	Picture	stim	5331475	0	1	25035	1	0	25000	incorrect	673
gpl003	256	Pulse	199	5336614	5139	0
gpl003	256	Pulse	199	5346614	15139	0
gpl003	256	Response	32	5346755	15280	0
gpl003	257	Picture	fix2	5356509	0	1	11108	1	0	next	other	0
gpl003	257	Pulse	199	5356614	105	0
gpl003	257	Pulse	199	5366613	10104	0
gpl003	258	Picture	feedback	5367618	0	1	20061	1	0	next	other	0
gpl003	258	Pulse	199	5376614	8996	0
gpl003	258	Pulse	199	5386614	18996	0
gpl003	259	Picture	fix	5387679	0	1	28516	1	0	next	other	0
gpl003	259	Pulse	199	5396614	8935	0
gpl003	259	Pulse	199	5406614	18935	0
gpl003	261	Picture	stim	5416195	0	1	25035	1	0	25000	incorrect	686
gpl003	261	Pulse	199	5416614	419	0
gpl003	261	Pulse	199	5426614	10419	0
gpl003	261	Response	32	5426735	10539	0
gpl003	261	Pulse	199	5436614	20419	0
gpl003	262	Picture	fix2	5441230	0	1	15916	1	0	next	other	0
gpl003	262	Pulse	199	5446614	5384	0
gpl003	262	Pulse	199	5456614	15384	0
gpl003	263	Picture	feedback	5457146	0	1	20061	1	0	next	other	0
gpl003	263	Pulse	199	5466614	9468	0
gpl003	263	Pulse	199	5476615	19469	0
gpl003	264	Picture	fix	5477207	0	1	23708	1	0	next	other	0
gpl003	264	Pulse	199	5486615	9407	0
gpl003	264	Pulse	199	5496614	19407	0
gpl003	266	Picture	stim	5500916	0	1	25035	1	0	25000	incorrect	699
gpl003	266	Pulse	199	5506614	5698	0
gpl003	266	Response	32	5516334	15418	0
gpl003	266	Pulse	199	5516614	15698	0
gpl003	267	Picture	fix2	5525950	0	1	22216	1	0	next	other	0
gpl003	267	Pulse	199	5526614	664	0
gpl003	267	Pulse	199	5536614	10663	0
gpl003	267	Pulse	199	5546614	20664	0
gpl003	268	Picture	feedback	5548167	0	1	20061	1	0	next	other	0
gpl003	268	Pulse	199	5556614	8448	0
gpl003	268	Pulse	199	5566614	18447	0
gpl003	269	Picture	100	5568228	0	1	15087	1	0	15000	other	0
gpl003	269	Pulse	199	5576614	8386	0
