Scenario - FBL_B.sce
Logfile written - 04/14/2021 17:47:07

Subject	Trial	Event Type	Code	Time	TTime	Uncertainty	Duration	Uncertainty	ReqTime	ReqDur	Stim Type	Pair Index

gpl004	1	Response	16	181968	171802	0
gpl004	2	Picture	fix	182166	0	260	18663	260	0	next	other	0
gpl004	4	Picture	stim	200828	0	1	15419	1	0	next	hit	4
gpl004	4	Response	16	216088	15260	0
gpl004	5	Picture	feedback	216247	0	1	20061	1	0	next	other	0
gpl004	6	Picture	fix	236308	0	1	32164	1	0	next	other	0
gpl004	8	Picture	stim	268472	0	1	8953	1	0	next	incorrect	8
gpl004	8	Response	32	277338	8867	0
gpl004	9	Picture	feedback	277425	0	1	20227	1	0	next	other	0
gpl004	10	Picture	fix	297651	0	1	24703	1	0	next	other	0
gpl004	12	Picture	stim	322355	0	1	12434	1	0	next	incorrect	12
gpl004	12	Response	32	334708	12354	0
gpl004	13	Picture	feedback	334789	0	1	20393	1	0	next	other	0
gpl004	14	Picture	fix	355182	0	1	21387	1	0	next	other	0
gpl004	16	Picture	stim	376569	0	1	11108	1	0	next	hit	16
gpl004	16	Response	16	387518	10949	0
gpl004	17	Picture	feedback	387677	0	1	20061	1	0	next	other	0
gpl004	18	Picture	fix	407738	0	1	21885	1	0	next	other	0
gpl004	20	Picture	stim	429623	0	1	7129	1	0	next	incorrect	20
gpl004	20	Response	32	436588	6965	0
gpl004	21	Picture	feedback	436752	0	1	20061	1	0	next	other	0
gpl004	22	Picture	fix	456813	0	1	23543	1	0	next	other	0
gpl004	24	Picture	stim	480356	0	1	7461	1	0	next	hit	24
gpl004	24	Response	16	487698	7342	0
gpl004	25	Picture	feedback	487816	0	1	20006	222	0	next	other	0
gpl004	26	Response	16	784918	277096	0
gpl004	27	Picture	start	785084	0	1	807248	1	0	next	other	0
gpl004	28	Response	16	920329	85239	0
gpl004	28	Pulse	199	1592188	757098	0
gpl004	28	Pulse	199	1602188	767098	0
gpl004	28	Pulse	199	1612188	777098	0
gpl004	28	Pulse	199	1622188	787098	0
gpl004	28	Pulse	199	1632188	797098	0
gpl004	28	Pulse	199	1642188	807098	0
gpl004	29	Picture	fix	1642734	0	1	21387	1	0	next	other	0
gpl004	29	Pulse	199	1652189	9455	0
gpl004	29	Pulse	199	1662189	19455	0
gpl004	31	Picture	stim	1664121	0	1	25035	1	0	25000	incorrect	41
gpl004	31	Pulse	199	1672189	8068	0
gpl004	31	Pulse	199	1682188	18067	0
gpl004	31	Response	32	1684098	19977	0
gpl004	32	Picture	fix2	1689156	0	1	26195	1	0	next	other	0
gpl004	32	Pulse	199	1692189	3033	0
gpl004	32	Pulse	199	1702188	13032	0
gpl004	32	Pulse	199	1712188	23032	0
gpl004	33	Picture	feedback	1715351	0	1	20061	1	0	next	other	0
gpl004	33	Pulse	199	1722188	6837	0
gpl004	33	Pulse	199	1732189	16837	0
gpl004	34	Picture	fix	1735412	0	1	23377	1	0	next	other	0
gpl004	34	Pulse	199	1742188	6776	0
gpl004	34	Pulse	199	1752189	16776	0
gpl004	36	Picture	stim	1758789	0	1	25035	1	0	25000	hit	55
gpl004	36	Pulse	199	1762189	3399	0
gpl004	36	Pulse	199	1772188	13399	0
gpl004	36	Response	16	1776589	17799	0
gpl004	36	Pulse	199	1782188	23399	0
gpl004	37	Picture	fix2	1783824	0	1	22050	1	0	next	other	0
gpl004	37	Pulse	199	1792189	8365	0
gpl004	37	Pulse	199	1802189	18365	0
gpl004	38	Picture	feedback	1805874	0	1	20193	200	0	next	other	0
gpl004	38	Pulse	199	1812188	6313	0
gpl004	38	Pulse	199	1822189	16314	0
gpl004	39	Picture	fix	1826068	0	200	29710	200	0	next	other	0
gpl004	39	Pulse	199	1832189	6121	0
gpl004	39	Pulse	199	1842188	16120	0
gpl004	39	Pulse	199	1852188	26120	0
gpl004	41	Picture	stim	1855778	0	1	25035	1	0	25000	hit	69
gpl004	41	Pulse	199	1862188	6410	0
gpl004	41	Response	16	1870228	14450	0
gpl004	41	Pulse	199	1872188	16410	0
gpl004	42	Picture	fix2	1880813	0	1	21719	1	0	next	other	0
gpl004	42	Pulse	199	1882188	1375	0
gpl004	42	Pulse	199	1892189	11375	0
gpl004	42	Pulse	199	1902189	21375	0
gpl004	43	Picture	feedback	1902532	0	1	20061	1	0	next	other	0
gpl004	43	Pulse	199	1912188	9656	0
gpl004	43	Pulse	199	1922188	19656	0
gpl004	44	Picture	fix	1922593	0	1	24703	1	0	next	other	0
gpl004	44	Pulse	199	1932188	9595	0
gpl004	44	Pulse	199	1942188	19595	0
gpl004	46	Picture	stim	1947296	0	1	25035	1	0	25000	hit	84
gpl004	46	Pulse	199	1952188	4892	0
gpl004	46	Pulse	199	1962189	14892	0
gpl004	46	Response	16	1963238	15942	0
gpl004	46	Pulse	199	1972189	24892	0
gpl004	47	Picture	fix2	1972331	0	1	11108	1	0	next	other	0
gpl004	47	Pulse	199	1982189	9858	0
gpl004	48	Picture	feedback	1983439	0	1	20061	1	0	next	other	0
gpl004	48	Pulse	199	1992188	8749	0
gpl004	48	Pulse	199	2002189	18749	0
gpl004	49	Picture	fix	2003500	0	1	32164	1	0	next	other	0
gpl004	49	Pulse	199	2012189	8688	0
gpl004	49	Pulse	199	2022188	18688	0
gpl004	49	Pulse	199	2032189	28688	0
gpl004	51	Picture	stim	2035664	0	1	25035	1	0	25000	hit	97
gpl004	51	Pulse	199	2042188	6524	0
gpl004	51	Response	16	2045979	10315	0
gpl004	51	Pulse	199	2052188	16524	0
gpl004	52	Picture	fix2	2060699	0	1	20558	1	0	next	other	0
gpl004	52	Pulse	199	2062188	1489	0
gpl004	52	Pulse	199	2072188	11489	0
gpl004	53	Picture	feedback	2081257	0	1	20205	188	0	next	other	0
gpl004	53	Pulse	199	2082188	931	0
gpl004	53	Pulse	199	2092188	10930	0
gpl004	54	Picture	fix	2101463	0	188	35833	188	0	next	other	0
gpl004	54	Pulse	199	2102189	726	0
gpl004	54	Pulse	199	2112189	10726	0
gpl004	54	Pulse	199	2122188	20725	0
gpl004	54	Pulse	199	2132188	30726	0
gpl004	56	Picture	stim	2137296	0	1	25035	1	0	25000	incorrect	112
gpl004	56	Pulse	199	2142189	4893	0
gpl004	56	Response	32	2146768	9472	0
gpl004	56	Pulse	199	2152188	14893	0
gpl004	56	Pulse	199	2162188	24892	0
gpl004	57	Picture	fix2	2162330	0	1	24206	1	0	next	other	0
gpl004	57	Pulse	199	2172188	9858	0
gpl004	57	Pulse	199	2182188	19858	0
gpl004	58	Picture	feedback	2186536	0	1	20202	192	0	next	other	0
gpl004	58	Pulse	199	2192188	5652	0
gpl004	58	Pulse	199	2202188	15652	0
gpl004	59	Picture	fix	2206738	0	192	26552	192	0	next	other	0
gpl004	59	Pulse	199	2212189	5451	0
gpl004	59	Pulse	199	2222188	15450	0
gpl004	59	Pulse	199	2232188	25450	0
gpl004	61	Picture	stim	2233290	0	1	25035	1	0	25000	hit	127
gpl004	61	Pulse	199	2242189	8899	0
gpl004	61	Response	16	2247028	13738	0
gpl004	61	Pulse	199	2252188	18898	0
gpl004	62	Picture	fix2	2258491	0	1	14756	1	0	next	other	0
gpl004	62	Pulse	199	2262188	3697	0
gpl004	62	Pulse	199	2272189	13698	0
gpl004	63	Picture	feedback	2273246	0	1	20061	1	0	next	other	0
gpl004	63	Pulse	199	2282188	8942	0
gpl004	63	Pulse	199	2292189	18942	0
gpl004	64	Picture	fix	2293307	0	1	23708	1	0	next	other	0
gpl004	64	Pulse	199	2302188	8881	0
gpl004	64	Pulse	199	2312189	18882	0
gpl004	66	Picture	stim	2317016	0	1	25035	1	0	25000	hit	140
gpl004	66	Pulse	199	2322189	5173	0
gpl004	66	Response	16	2328729	11713	0
gpl004	66	Pulse	199	2332188	15173	0
gpl004	67	Picture	fix2	2342050	0	1	16414	1	0	next	other	0
gpl004	67	Pulse	199	2342189	138	0
gpl004	67	Pulse	199	2352189	10138	0
gpl004	68	Picture	feedback	2358464	0	1	20393	1	0	next	other	0
gpl004	68	Pulse	199	2362189	3725	0
gpl004	68	Pulse	199	2372188	13724	0
gpl004	69	Picture	fix	2378857	0	1	31169	1	0	next	other	0
gpl004	69	Pulse	199	2382189	3332	0
gpl004	69	Pulse	199	2392189	13332	0
gpl004	69	Pulse	199	2402188	23332	0
gpl004	71	Picture	stim	2410026	0	1	25035	1	0	25000	hit	154
gpl004	71	Pulse	199	2412189	2163	0
gpl004	71	Response	16	2422088	12063	0
gpl004	71	Pulse	199	2422188	12163	0
gpl004	71	Pulse	199	2432188	22163	0
gpl004	72	Picture	fix2	2435061	0	1	15916	1	0	next	other	0
gpl004	72	Pulse	199	2442188	7128	0
gpl004	73	Picture	feedback	2450977	0	1	20061	1	0	next	other	0
gpl004	73	Pulse	199	2452189	1212	0
gpl004	73	Pulse	199	2462188	11212	0
gpl004	74	Picture	fix	2471038	0	1	28019	1	0	next	other	0
gpl004	74	Pulse	199	2472198	1160	1
gpl004	74	Pulse	199	2482188	11151	0
gpl004	74	Pulse	199	2492199	21161	0
gpl004	76	Picture	stim	2499057	0	1	25035	1	0	25000	hit	169
gpl004	76	Pulse	199	2502189	3132	0
gpl004	76	Pulse	199	2512188	13131	0
gpl004	76	Response	16	2513328	14271	0
gpl004	76	Pulse	199	2522199	23142	0
gpl004	77	Picture	fix2	2524092	0	1	25864	1	0	next	other	0
gpl004	77	Pulse	199	2532189	8097	0
gpl004	77	Pulse	199	2542198	18106	0
gpl004	78	Picture	feedback	2549955	0	1	20061	1	0	next	other	0
gpl004	78	Pulse	199	2552198	2243	0
gpl004	78	Pulse	199	2562199	12243	0
gpl004	79	Picture	fix	2570016	0	1	23543	1	0	next	other	0
gpl004	79	Pulse	199	2572199	2182	0
gpl004	79	Pulse	199	2582198	12181	0
gpl004	79	Pulse	199	2592198	22182	0
gpl004	81	Picture	stim	2593559	0	1	25035	1	0	25000	hit	182
gpl004	81	Response	16	2602059	8500	0
gpl004	81	Pulse	199	2602198	8639	0
gpl004	81	Pulse	199	2612198	18639	0
gpl004	82	Picture	fix2	2618594	0	1	21553	1	0	next	other	0
gpl004	82	Pulse	199	2622198	3604	0
gpl004	82	Pulse	199	2632199	13605	0
gpl004	83	Picture	feedback	2640147	0	1	20061	1	0	next	other	0
gpl004	83	Pulse	199	2642198	2051	0
gpl004	83	Pulse	199	2652198	12051	0
gpl004	84	Picture	fix	2660208	0	1	28516	1	0	next	other	0
gpl004	84	Pulse	199	2662199	1991	0
gpl004	84	Pulse	199	2672199	11991	0
gpl004	84	Pulse	199	2682198	21990	0
gpl004	86	Picture	stim	2688725	0	1	25035	1	0	25000	hit	197
gpl004	86	Pulse	199	2692199	3475	0
gpl004	86	Response	16	2701209	12484	0
gpl004	86	Pulse	199	2702199	13474	0
gpl004	86	Pulse	199	2712198	23474	0
gpl004	87	Picture	fix2	2713759	0	1	27688	1	0	next	other	0
gpl004	87	Pulse	199	2722198	8439	0
gpl004	87	Pulse	199	2732198	18439	0
gpl004	88	Picture	feedback	2741447	0	1	20061	1	0	next	other	0
gpl004	88	Pulse	199	2742199	752	0
gpl004	88	Pulse	199	2752198	10751	0
gpl004	89	Picture	fix	2761508	0	1	20393	1	0	next	other	0
gpl004	89	Pulse	199	2762199	691	0
gpl004	89	Pulse	199	2772199	10691	0
gpl004	91	Picture	stim	2781900	0	1	25035	1	0	25000	incorrect	212
gpl004	91	Pulse	199	2782198	298	0
gpl004	91	Pulse	199	2792198	10297	0
gpl004	91	Response	32	2795398	13498	0
gpl004	91	Pulse	199	2802199	20298	0
gpl004	92	Picture	fix2	2807101	0	1	21885	1	0	next	other	0
gpl004	92	Pulse	199	2812199	5098	0
gpl004	92	Pulse	199	2822198	15097	0
gpl004	93	Picture	feedback	2828986	0	1	20061	1	0	next	other	0
gpl004	93	Pulse	199	2832199	3213	0
gpl004	93	Pulse	199	2842199	13213	0
gpl004	94	Picture	fix	2849047	0	1	29180	1	0	next	other	0
gpl004	94	Pulse	199	2852198	3151	0
gpl004	94	Pulse	199	2862198	13151	0
gpl004	94	Pulse	199	2872199	23152	0
gpl004	96	Picture	stim	2878226	0	1	25035	1	0	25000	hit	227
gpl004	96	Pulse	199	2882200	3973	0
gpl004	96	Pulse	199	2892198	13972	0
gpl004	96	Response	16	2896028	17802	0
gpl004	96	Pulse	199	2902199	23972	0
gpl004	97	Picture	fix2	2903427	0	1	29014	1	0	next	other	0
gpl004	97	Pulse	199	2912199	8772	0
gpl004	97	Pulse	199	2922198	18771	0
gpl004	97	Pulse	199	2932198	28771	0
gpl004	98	Picture	feedback	2932441	0	1	20061	1	0	next	other	0
gpl004	98	Pulse	199	2942199	9758	0
gpl004	98	Pulse	199	2952198	19758	0
gpl004	99	Picture	fix	2952502	0	1	26859	1	0	next	other	0
gpl004	99	Pulse	199	2962198	9696	0
gpl004	99	Pulse	199	2972199	19697	0
gpl004	101	Picture	stim	2979360	0	1	25035	1	0	25000	hit	241
gpl004	101	Pulse	199	2982199	2839	0
gpl004	101	Response	16	2990798	11438	0
gpl004	101	Pulse	199	2992198	12838	0
gpl004	101	Pulse	199	3002199	22839	0
gpl004	102	Picture	fix2	3004561	0	1	16414	1	0	next	other	0
gpl004	102	Pulse	199	3012199	7638	0
gpl004	103	Picture	feedback	3020975	0	1	20061	1	0	next	other	0
gpl004	103	Pulse	199	3022199	1224	0
gpl004	103	Pulse	199	3032198	11223	0
gpl004	104	Picture	fix	3041036	0	1	19066	1	0	next	other	0
gpl004	104	Pulse	199	3042199	1163	0
gpl004	104	Pulse	199	3052199	11163	0
gpl004	106	Picture	stim	3060102	0	1	25035	1	0	25000	incorrect	254
gpl004	106	Pulse	199	3062199	2097	0
gpl004	106	Response	32	3068519	8417	0
gpl004	106	Pulse	199	3072199	12097	0
gpl004	106	Pulse	199	3082199	22097	0
gpl004	107	Picture	fix2	3085302	0	1	16082	1	0	next	other	0
gpl004	107	Pulse	199	3092199	6896	0
gpl004	108	Picture	feedback	3101385	0	1	20061	1	0	next	other	0
gpl004	108	Pulse	199	3102198	814	0
gpl004	108	Pulse	199	3112199	10814	0
gpl004	109	Picture	fix	3121445	0	1	16248	1	0	next	other	0
gpl004	109	Pulse	199	3122199	754	0
gpl004	109	Pulse	199	3132198	10753	0
gpl004	111	Picture	stim	3137693	0	1	25035	1	0	25000	incorrect	267
gpl004	111	Pulse	199	3142199	4506	0
gpl004	111	Response	32	3150189	12496	0
gpl004	111	Pulse	199	3152199	14506	0
gpl004	111	Pulse	199	3162198	24505	0
gpl004	112	Picture	fix2	3162728	0	1	13263	1	0	next	other	0
gpl004	112	Pulse	199	3172198	9470	0
gpl004	113	Picture	feedback	3175992	0	1	20061	1	0	next	other	0
gpl004	113	Pulse	199	3182199	6208	0
gpl004	113	Pulse	199	3192199	16207	0
gpl004	114	Picture	fix	3196053	0	1	26859	1	0	next	other	0
gpl004	114	Pulse	199	3202198	6146	0
gpl004	114	Pulse	199	3212199	16146	0
gpl004	114	Pulse	199	3222199	26146	0
gpl004	116	Picture	stim	3222911	0	1	25035	1	0	25000	incorrect	281
gpl004	116	Pulse	199	3232198	9287	0
gpl004	116	Response	32	3233579	10668	0
gpl004	116	Pulse	199	3242198	19287	0
gpl004	117	Picture	fix2	3247946	0	1	12932	1	0	next	other	0
gpl004	117	Pulse	199	3252199	4253	0
gpl004	118	Picture	feedback	3260878	0	1	20061	1	0	next	other	0
gpl004	118	Pulse	199	3262199	1321	0
gpl004	118	Pulse	199	3272198	11320	0
gpl004	119	Picture	fix	3280939	0	1	30838	1	0	next	other	0
gpl004	119	Pulse	199	3282199	1260	0
gpl004	119	Pulse	199	3292199	11260	0
gpl004	119	Pulse	199	3302198	21259	0
gpl004	121	Picture	stim	3311776	0	1	25035	1	0	25000	incorrect	295
gpl004	121	Pulse	199	3312198	422	0
gpl004	121	Pulse	199	3322199	10422	0
gpl004	121	Response	32	3328598	16822	0
gpl004	121	Pulse	199	3332199	20422	0
gpl004	122	Picture	fix2	3336811	0	1	16579	1	0	next	other	0
gpl004	122	Pulse	199	3342198	5387	0
gpl004	122	Pulse	199	3352199	15388	0
gpl004	123	Picture	feedback	3353390	0	1	20061	1	0	next	other	0
gpl004	123	Pulse	199	3362199	8808	0
gpl004	123	Pulse	199	3372198	18808	0
gpl004	124	Picture	fix	3373451	0	1	22050	1	0	next	other	0
gpl004	124	Pulse	199	3382199	8747	0
gpl004	124	Pulse	199	3392199	18747	0
gpl004	126	Picture	stim	3395502	0	1	25035	1	0	25000	incorrect	308
gpl004	126	Pulse	199	3402199	6697	0
gpl004	126	Response	32	3404979	9477	0
gpl004	126	Pulse	199	3412198	16697	0
gpl004	127	Picture	fix2	3420537	0	1	23377	1	0	next	other	0
gpl004	127	Pulse	199	3422199	1662	0
gpl004	127	Pulse	199	3432199	11663	0
gpl004	127	Pulse	199	3442198	21661	0
gpl004	128	Picture	feedback	3443914	0	1	20061	1	0	next	other	0
gpl004	128	Pulse	199	3452199	8285	0
gpl004	128	Pulse	199	3462199	18285	0
gpl004	129	Picture	fix	3463975	0	1	33324	1	0	next	other	0
gpl004	129	Pulse	199	3472199	8224	0
gpl004	129	Pulse	199	3482198	18223	0
gpl004	129	Pulse	199	3492199	28224	0
gpl004	131	Picture	stim	3497299	0	1	25035	1	0	25000	hit	323
gpl004	131	Pulse	199	3502199	4899	0
gpl004	131	Response	16	3509269	11970	0
gpl004	131	Pulse	199	3512198	14899	0
gpl004	131	Pulse	199	3522199	24899	0
gpl004	132	Picture	fix2	3522500	0	1	18072	1	0	next	other	0
gpl004	132	Pulse	199	3532199	9699	0
gpl004	133	Picture	feedback	3540571	0	1	20061	1	0	next	other	0
gpl004	133	Pulse	199	3542198	1627	0
gpl004	133	Pulse	199	3552198	11627	0
gpl004	134	Picture	fix	3560632	0	1	26859	1	0	next	other	0
gpl004	134	Pulse	199	3562199	1567	0
gpl004	134	Pulse	199	3572199	11567	0
gpl004	134	Pulse	199	3582198	21566	0
gpl004	136	Picture	stim	3587491	0	1	25035	1	0	25000	incorrect	337
gpl004	136	Pulse	199	3592199	4708	0
gpl004	136	Response	32	3599319	11828	0
gpl004	136	Pulse	199	3602199	14708	0
gpl004	136	Pulse	199	3612198	24707	0
gpl004	137	Picture	fix2	3612526	0	1	9119	1	0	next	other	0
gpl004	138	Picture	feedback	3621644	0	1	20061	1	0	next	other	0
gpl004	138	Pulse	199	3622199	555	0
gpl004	138	Pulse	199	3632199	10555	0
gpl004	139	Picture	fix	3641705	0	1	25201	1	0	next	other	0
gpl004	139	Pulse	199	3642199	494	0
gpl004	139	Pulse	199	3652198	10493	0
gpl004	139	Pulse	199	3662199	20494	0
gpl004	141	Picture	stim	3666906	0	1	25035	1	0	25000	incorrect	350
gpl004	141	Pulse	199	3672199	5293	0
gpl004	141	Response	32	3678989	12083	0
gpl004	141	Pulse	199	3682198	15292	0
gpl004	142	Picture	fix2	3691941	0	1	29345	1	0	next	other	0
gpl004	142	Pulse	199	3692199	258	0
gpl004	142	Pulse	199	3702199	10258	0
gpl004	142	Pulse	199	3712199	20258	0
gpl004	143	Picture	feedback	3721286	0	1	20027	201	0	next	other	0
gpl004	143	Pulse	199	3722198	912	0
gpl004	143	Pulse	199	3732199	10913	0
gpl004	144	Picture	fix	3741313	0	201	24738	201	0	next	other	0
gpl004	144	Pulse	199	3742199	886	0
gpl004	144	Pulse	199	3752198	10885	0
gpl004	144	Pulse	199	3762199	20886	0
gpl004	146	Picture	stim	3766050	0	1	25035	1	0	25000	hit	365
gpl004	146	Pulse	199	3772199	6149	0
gpl004	146	Response	16	3778948	12898	0
gpl004	146	Pulse	199	3782198	16148	0
gpl004	147	Picture	fix2	3791251	0	1	26361	1	0	next	other	0
gpl004	147	Pulse	199	3792199	948	0
gpl004	147	Pulse	199	3802199	10948	0
gpl004	147	Pulse	199	3812199	20948	0
gpl004	148	Picture	feedback	3817612	0	1	20061	1	0	next	other	0
gpl004	148	Pulse	199	3822199	4586	0
gpl004	148	Pulse	199	3832199	14586	0
gpl004	149	Picture	fix	3837673	0	1	27356	1	0	next	other	0
gpl004	149	Pulse	199	3842199	4526	0
gpl004	149	Pulse	199	3852199	14526	0
gpl004	149	Pulse	199	3862198	24525	0
gpl004	151	Picture	stim	3865029	0	1	25035	1	0	25000	hit	381
gpl004	151	Pulse	199	3872199	7170	0
gpl004	151	Pulse	199	3882199	17170	0
gpl004	151	Response	16	3883859	18830	0
gpl004	152	Picture	fix2	3890230	0	1	23543	1	0	next	other	0
gpl004	152	Response	32	3891229	1000	0
gpl004	152	Pulse	199	3892198	1969	0
gpl004	152	Pulse	199	3902199	11969	0
gpl004	152	Pulse	199	3912199	21969	0
gpl004	153	Picture	feedback	3913772	0	1	20061	1	0	next	other	0
gpl004	153	Pulse	199	3922199	8426	0
gpl004	153	Pulse	199	3932198	18426	0
gpl004	154	Picture	fix	3933833	0	1	26361	1	0	next	other	0
gpl004	154	Pulse	199	3942199	8366	0
gpl004	154	Pulse	199	3952199	18366	0
gpl004	156	Picture	stim	3960195	0	1	25035	1	0	25000	incorrect	397
gpl004	156	Pulse	199	3962198	2004	0
gpl004	156	Pulse	199	3972199	12005	0
gpl004	156	Pulse	199	3982199	22004	0
gpl004	156	Response	32	3982360	22166	0
gpl004	157	Picture	fix2	3985229	0	1	21387	1	0	next	other	0
gpl004	157	Pulse	199	3992198	6969	0
gpl004	157	Pulse	199	4002198	16969	0
gpl004	158	Picture	feedback	4006617	0	1	20025	202	0	next	other	0
gpl004	158	Pulse	199	4012199	5582	0
gpl004	158	Pulse	199	4022199	15582	0
gpl004	159	Picture	fix	4026642	0	202	22252	202	0	next	other	0
gpl004	159	Pulse	199	4032199	5556	0
gpl004	159	Pulse	199	4042199	15557	0
gpl004	161	Picture	stim	4048894	0	1	25035	1	0	25000	hit	409
gpl004	161	Pulse	199	4052199	3305	0
gpl004	161	Response	16	4059678	10784	0
gpl004	161	Pulse	199	4062198	13304	0
gpl004	161	Pulse	199	4072199	23305	0
gpl004	162	Picture	fix2	4073929	0	1	16745	1	0	next	other	0
gpl004	162	Pulse	199	4082199	8271	0
gpl004	163	Picture	feedback	4090674	0	1	20061	1	0	next	other	0
gpl004	163	Pulse	199	4092199	1525	0
gpl004	163	Pulse	199	4102198	11524	0
gpl004	164	Picture	fix	4110735	0	1	18569	1	0	next	other	0
gpl004	164	Pulse	199	4112199	1464	0
gpl004	164	Pulse	199	4122199	11464	0
gpl004	166	Picture	stim	4129304	0	1	25035	1	0	25000	hit	422
gpl004	166	Pulse	199	4132199	2895	0
gpl004	166	Response	16	4142189	12885	0
gpl004	166	Pulse	199	4142209	12905	0
gpl004	166	Pulse	199	4152199	22895	0
gpl004	167	Picture	fix2	4154339	0	1	17243	1	0	next	other	0
gpl004	167	Pulse	199	4162199	7861	0
gpl004	168	Picture	feedback	4171581	0	1	20061	1	0	next	other	0
gpl004	168	Pulse	199	4172199	617	0
gpl004	168	Pulse	199	4182199	10618	0
gpl004	169	Picture	fix	4191642	0	1	37469	1	0	next	other	0
gpl004	169	Pulse	199	4192199	557	0
gpl004	169	Pulse	199	4202209	10567	0
gpl004	169	Pulse	199	4212199	20557	0
gpl004	169	Pulse	199	4222199	30557	0
gpl004	171	Picture	stim	4229112	0	1	25035	1	0	25000	hit	437
gpl004	171	Pulse	199	4232209	3097	0
gpl004	171	Response	16	4238939	9828	0
gpl004	171	Pulse	199	4242209	13098	0
gpl004	171	Pulse	199	4252199	23087	0
gpl004	172	Picture	fix2	4254146	0	1	22201	182	0	next	other	0
gpl004	172	Pulse	199	4262210	8063	0
gpl004	172	Pulse	199	4272209	18063	0
gpl004	173	Picture	feedback	4276348	0	181	20076	182	0	next	other	0
gpl004	173	Pulse	199	4282209	5862	0
gpl004	173	Pulse	199	4292210	15862	0
gpl004	174	Picture	fix	4296424	0	1	17740	1	0	next	other	0
gpl004	174	Pulse	199	4302209	5785	0
gpl004	174	Pulse	199	4312210	15786	0
gpl004	176	Picture	stim	4314164	0	1	25035	1	0	25000	hit	451
gpl004	176	Pulse	199	4322209	8046	0
gpl004	176	Response	16	4327119	12955	0
gpl004	176	Pulse	199	4332209	18046	0
gpl004	177	Picture	fix2	4339198	0	1	10777	1	0	next	other	0
gpl004	177	Pulse	199	4342209	3011	0
gpl004	178	Picture	feedback	4349975	0	1	20061	1	0	next	other	0
gpl004	178	Pulse	199	4352210	2235	0
gpl004	178	Pulse	199	4362209	12234	0
gpl004	179	Picture	fix	4370036	0	1	26029	1	0	next	other	0
gpl004	179	Pulse	199	4372209	2173	0
gpl004	179	Pulse	199	4382209	12173	0
gpl004	179	Pulse	199	4392209	22173	0
gpl004	181	Picture	stim	4396065	0	1	25035	1	0	25000	hit	464
gpl004	181	Pulse	199	4402209	6144	0
gpl004	181	Response	16	4408489	12424	0
gpl004	181	Pulse	199	4412209	16143	0
gpl004	182	Picture	fix2	4421266	0	1	20061	1	0	next	other	0
gpl004	182	Pulse	199	4422209	943	0
gpl004	182	Pulse	199	4432209	10943	0
gpl004	183	Picture	feedback	4441327	0	1	20061	1	0	next	other	0
gpl004	183	Pulse	199	4442209	882	0
gpl004	183	Pulse	199	4452209	10882	0
gpl004	184	Picture	fix	4461388	0	1	30009	1	0	next	other	0
gpl004	184	Pulse	199	4462209	821	1
gpl004	184	Pulse	199	4472209	10821	0
gpl004	184	Pulse	199	4482209	20820	0
gpl004	186	Picture	stim	4491397	0	1	25035	1	0	25000	incorrect	479
gpl004	186	Pulse	199	4492209	812	0
gpl004	186	Pulse	199	4502209	10812	0
gpl004	186	Response	32	4504929	13532	0
gpl004	186	Pulse	199	4512209	20812	0
gpl004	187	Picture	fix2	4516597	0	1	14092	1	0	next	other	0
gpl004	187	Pulse	199	4522210	5612	0
gpl004	188	Picture	feedback	4530690	0	1	20026	202	0	next	other	0
gpl004	188	Pulse	199	4532209	1520	0
gpl004	188	Pulse	199	4542209	11519	0
gpl004	189	Picture	fix	4550715	0	202	28883	202	0	next	other	0
gpl004	189	Pulse	199	4552209	1494	0
gpl004	189	Pulse	199	4562209	11494	0
gpl004	189	Pulse	199	4572209	21494	0
gpl004	191	Picture	stim	4579599	0	1	25035	1	0	25000	hit	493
gpl004	191	Pulse	199	4582209	2610	0
gpl004	191	Pulse	199	4592209	12610	0
gpl004	191	Response	16	4592689	13090	0
gpl004	191	Pulse	199	4602209	22610	0
gpl004	192	Picture	fix2	4604799	0	1	15253	1	0	next	other	0
gpl004	192	Pulse	199	4612209	7409	0
gpl004	193	Picture	feedback	4620052	0	1	20061	1	0	next	other	0
gpl004	193	Pulse	199	4622209	2157	0
gpl004	193	Pulse	199	4632209	12157	0
gpl004	194	Picture	fix	4640113	0	1	20227	1	0	next	other	0
gpl004	194	Pulse	199	4642209	2096	0
gpl004	194	Pulse	199	4652208	12095	0
gpl004	196	Picture	stim	4660340	0	1	25035	1	0	25000	hit	506
gpl004	196	Pulse	199	4662209	1869	0
gpl004	196	Pulse	199	4672209	11869	0
gpl004	196	Response	16	4678139	17799	0
gpl004	196	Pulse	199	4682209	21869	0
gpl004	197	Picture	fix2	4685375	0	1	16579	1	0	next	other	0
gpl004	197	Pulse	199	4692210	6835	0
gpl004	198	Picture	feedback	4701954	0	1	20061	1	0	next	other	0
gpl004	198	Pulse	199	4702209	255	0
gpl004	198	Pulse	199	4712209	10255	0
gpl004	199	Picture	fix	4722015	0	1	23377	1	0	next	other	0
gpl004	199	Pulse	199	4722209	194	0
gpl004	199	Pulse	199	4732209	10194	0
gpl004	199	Pulse	199	4742209	20194	0
gpl004	201	Picture	stim	4745392	0	1	25035	1	0	25000	hit	519
gpl004	201	Pulse	199	4752209	6817	0
gpl004	201	Response	16	4760829	15437	0
gpl004	201	Pulse	199	4762209	16817	0
gpl004	202	Picture	fix2	4770427	0	1	21387	1	0	next	other	0
gpl004	202	Pulse	199	4772209	1782	0
gpl004	202	Pulse	199	4782210	11783	0
gpl004	203	Picture	feedback	4791814	0	1	20061	1	0	next	other	0
gpl004	203	Pulse	199	4792208	394	0
gpl004	203	Pulse	199	4802209	10395	0
gpl004	204	Picture	fix	4811875	0	1	24537	1	0	next	other	0
gpl004	204	Pulse	199	4812209	333	0
gpl004	204	Pulse	199	4822209	10333	0
gpl004	204	Pulse	199	4832209	20334	0
gpl004	206	Picture	stim	4836413	0	1	25035	1	0	25000	hit	533
gpl004	206	Pulse	199	4842210	5797	0
gpl004	206	Response	16	4850399	13986	0
gpl004	206	Pulse	199	4852209	15796	0
gpl004	207	Picture	fix2	4861448	0	1	24372	1	0	next	other	0
gpl004	207	Pulse	199	4862209	761	0
gpl004	207	Pulse	199	4872210	10762	0
gpl004	207	Pulse	199	4882210	20762	0
gpl004	208	Picture	feedback	4885819	0	1	20061	1	0	next	other	0
gpl004	208	Pulse	199	4892209	6389	0
gpl004	208	Pulse	199	4902209	16390	0
gpl004	209	Picture	fix	4905880	0	1	20061	1	0	next	other	0
gpl004	209	Pulse	199	4912210	6329	0
gpl004	209	Pulse	199	4922209	16329	0
gpl004	211	Picture	stim	4925941	0	1	25035	1	0	25000	incorrect	547
gpl004	211	Pulse	199	4932210	6268	0
gpl004	211	Response	32	4938780	12838	0
gpl004	211	Pulse	199	4942209	16268	0
gpl004	212	Picture	fix2	4951142	0	1	22548	1	0	next	other	0
gpl004	212	Pulse	199	4952210	1068	0
gpl004	212	Pulse	199	4962209	11067	0
gpl004	212	Pulse	199	4972209	21067	0
gpl004	213	Picture	feedback	4973690	0	1	20061	1	0	next	other	0
gpl004	213	Pulse	199	4982209	8519	0
gpl004	213	Pulse	199	4992209	18519	0
gpl004	214	Picture	fix	4993751	0	1	19398	1	0	next	other	0
gpl004	214	Pulse	199	5002210	8459	0
gpl004	214	Pulse	199	5012209	18458	0
gpl004	216	Picture	stim	5013149	0	1	25035	1	0	25000	hit	561
gpl004	216	Pulse	199	5022209	9060	0
gpl004	216	Response	16	5025329	12180	0
gpl004	216	Pulse	199	5032209	19060	0
gpl004	217	Picture	fix2	5038184	0	1	25864	1	0	next	other	0
gpl004	217	Pulse	199	5042209	4026	0
gpl004	217	Pulse	199	5052209	14026	0
gpl004	217	Pulse	199	5062209	24025	0
gpl004	218	Picture	feedback	5064047	0	1	20061	1	0	next	other	0
gpl004	218	Pulse	199	5072209	8162	0
gpl004	218	Pulse	199	5082209	18162	0
gpl004	219	Picture	fix	5084108	0	1	17408	1	0	next	other	0
gpl004	219	Pulse	199	5092209	8101	0
gpl004	221	Picture	stim	5101516	0	1	25035	1	0	25000	hit	575
gpl004	221	Pulse	199	5102209	692	0
gpl004	221	Pulse	199	5112209	10693	0
gpl004	221	Response	16	5113039	11523	0
gpl004	221	Pulse	199	5122209	20693	0
gpl004	222	Picture	fix2	5126551	0	1	18071	1	0	next	other	0
gpl004	222	Pulse	199	5132209	5657	0
gpl004	222	Pulse	199	5142209	15658	0
gpl004	223	Picture	feedback	5144623	0	1	20061	1	0	next	other	0
gpl004	223	Pulse	199	5152209	7586	0
gpl004	223	Pulse	199	5162209	17586	0
gpl004	224	Picture	fix	5164684	0	1	33988	1	0	next	other	0
gpl004	224	Pulse	199	5172210	7526	0
gpl004	224	Pulse	199	5182210	17526	0
gpl004	224	Pulse	199	5192210	27526	0
gpl004	226	Picture	stim	5198672	0	1	25035	1	0	25000	hit	589
gpl004	226	Pulse	199	5202210	3538	0
gpl004	226	Response	16	5210370	11698	0
gpl004	226	Pulse	199	5212210	13538	0
gpl004	226	Pulse	199	5222209	23538	0
gpl004	227	Picture	fix2	5223872	0	1	15916	1	0	next	other	0
gpl004	227	Pulse	199	5232209	8337	0
gpl004	228	Picture	feedback	5239788	0	1	20061	1	0	next	other	0
gpl004	228	Pulse	199	5242209	2421	0
gpl004	228	Pulse	199	5252209	12421	0
gpl004	229	Picture	fix	5259849	0	1	28516	1	0	next	other	0
gpl004	229	Pulse	199	5262210	2361	0
gpl004	229	Pulse	199	5272210	12360	0
gpl004	229	Pulse	199	5282210	22360	0
gpl004	231	Picture	stim	5288366	0	1	25024	178	0	25000	hit	603
gpl004	231	Pulse	199	5292210	3844	0
gpl004	231	Response	16	5300469	12103	0
gpl004	231	Pulse	199	5302209	13844	0
gpl004	231	Pulse	199	5312210	23844	0
gpl004	232	Picture	fix2	5313390	0	178	16093	178	0	next	other	0
gpl004	232	Pulse	199	5322210	8821	0
gpl004	233	Picture	feedback	5329483	0	1	20061	1	0	next	other	0
gpl004	233	Pulse	199	5332210	2727	0
gpl004	233	Pulse	199	5342209	12726	0
gpl004	234	Picture	fix	5349544	0	1	28848	1	0	next	other	0
gpl004	234	Pulse	199	5352210	2666	0
gpl004	234	Pulse	199	5362210	12666	0
gpl004	234	Pulse	199	5372209	22665	0
gpl004	236	Picture	stim	5378392	0	1	25035	1	0	25000	hit	618
gpl004	236	Pulse	199	5382209	3818	0
gpl004	236	Pulse	199	5392210	13818	0
gpl004	236	Response	16	5398169	19778	0
gpl004	236	Pulse	199	5402210	23818	0
gpl004	237	Picture	fix2	5403592	0	1	18569	1	0	next	other	0
gpl004	237	Pulse	199	5412209	8617	0
gpl004	238	Picture	feedback	5422161	0	1	20061	1	0	next	other	0
gpl004	238	Pulse	199	5422210	49	0
gpl004	238	Pulse	199	5432210	10049	0
gpl004	238	Pulse	199	5442209	20048	0
gpl004	239	Picture	fix	5442222	0	1	29345	1	0	next	other	0
gpl004	239	Pulse	199	5452210	9988	0
gpl004	239	Pulse	199	5462210	19987	0
gpl004	241	Picture	stim	5471567	0	1	25035	1	0	25000	hit	632
gpl004	241	Pulse	199	5472210	642	0
gpl004	241	Pulse	199	5482209	10641	0
gpl004	241	Response	16	5487800	16232	0
gpl004	241	Pulse	199	5492210	20642	0
gpl004	242	Picture	fix2	5496602	0	1	17906	1	0	next	other	0
gpl004	242	Pulse	199	5502210	5607	0
gpl004	242	Pulse	199	5512209	15607	0
gpl004	243	Picture	feedback	5514508	0	1	20060	2	0	next	other	0
gpl004	243	Pulse	199	5522210	7702	0
gpl004	243	Pulse	199	5532210	17702	0
gpl004	244	Picture	fix	5534568	0	1	22217	2	0	next	other	0
gpl004	244	Pulse	199	5542210	7642	0
gpl004	244	Pulse	199	5552209	17641	0
gpl004	246	Picture	stim	5556785	0	1	25035	1	0	25000	hit	645
gpl004	246	Pulse	199	5562210	5424	0
gpl004	246	Response	16	5570620	13834	0
gpl004	246	Pulse	199	5572209	15424	0
gpl004	247	Picture	fix2	5581820	0	1	20393	1	0	next	other	0
gpl004	247	Pulse	199	5582209	389	0
gpl004	247	Pulse	199	5592210	10390	0
gpl004	247	Pulse	199	5602210	20390	0
gpl004	248	Picture	feedback	5602213	0	1	20061	1	0	next	other	0
gpl004	248	Pulse	199	5612210	9997	0
gpl004	248	Pulse	199	5622209	19996	0
gpl004	249	Picture	fix	5622274	0	1	28848	1	0	next	other	0
gpl004	249	Pulse	199	5632210	9936	0
gpl004	249	Pulse	199	5642209	19936	0
gpl004	251	Picture	stim	5651122	0	1	25035	1	0	25000	hit	659
gpl004	251	Pulse	199	5652209	1087	0
gpl004	251	Response	16	5661160	10038	0
gpl004	251	Pulse	199	5662210	11088	0
gpl004	251	Pulse	199	5672209	21088	0
gpl004	252	Picture	fix2	5676323	0	1	21387	1	0	next	other	0
gpl004	252	Pulse	199	5682210	5887	0
gpl004	252	Pulse	199	5692209	15886	0
gpl004	253	Picture	feedback	5697710	0	1	20032	196	0	next	other	0
gpl004	253	Pulse	199	5702210	4500	0
gpl004	253	Pulse	199	5712209	14500	0
gpl004	254	Picture	fix	5717742	0	196	21914	196	0	next	other	0
gpl004	254	Pulse	199	5722209	4468	0
gpl004	254	Pulse	199	5732210	14468	0
gpl004	256	Picture	stim	5739656	0	1	25035	1	0	25000	hit	673
gpl004	256	Pulse	199	5742210	2554	0
gpl004	256	Response	16	5751189	11534	0
gpl004	256	Pulse	199	5752209	12554	0
gpl004	256	Pulse	199	5762210	22554	0
gpl004	257	Picture	fix2	5764690	0	1	11606	1	0	next	other	0
gpl004	257	Pulse	199	5772210	7520	0
gpl004	258	Picture	feedback	5776296	0	1	20061	1	0	next	other	0
gpl004	258	Pulse	199	5782210	5914	0
gpl004	258	Pulse	199	5792209	15913	0
gpl004	259	Picture	fix	5796357	0	1	22714	1	0	next	other	0
gpl004	259	Pulse	199	5802210	5853	0
gpl004	259	Pulse	199	5812210	15853	0
gpl004	261	Picture	stim	5819071	0	1	25035	1	0	25000	incorrect	687
gpl004	261	Pulse	199	5822209	3139	0
gpl004	261	Pulse	199	5832210	13139	0
gpl004	261	Response	32	5832939	13869	0
gpl004	261	Pulse	199	5842210	23139	0
gpl004	262	Picture	fix2	5844105	0	1	14590	1	0	next	other	0
gpl004	262	Pulse	199	5852210	8104	0
gpl004	263	Picture	feedback	5858695	0	1	20061	1	0	next	other	0
gpl004	263	Pulse	199	5862209	3514	0
gpl004	263	Pulse	199	5872209	13514	0
gpl004	264	Picture	fix	5878756	0	1	25366	1	0	next	other	0
gpl004	264	Pulse	199	5882210	3454	0
gpl004	264	Pulse	199	5892209	13453	0
gpl004	264	Pulse	199	5902210	23453	0
gpl004	266	Picture	stim	5904123	0	1	25035	1	0	25000	hit	700
gpl004	266	Pulse	199	5912210	8087	0
gpl004	266	Response	16	5912330	8208	0
gpl004	266	Pulse	199	5922210	18087	0
gpl004	266	Response	32	5927900	23777	0
gpl004	267	Picture	fix2	5929158	0	1	13927	1	0	next	other	0
gpl004	267	Pulse	199	5932209	3052	0
gpl004	267	Pulse	199	5942220	13062	0
gpl004	268	Picture	feedback	5943084	0	1	20061	1	0	next	other	0
gpl004	268	Pulse	199	5952220	9136	0
gpl004	268	Pulse	199	5962219	19135	0
gpl004	269	Picture	100	5963145	0	1	250000	183	0	250000	other	0
gpl004	269	Pulse	199	5972210	9065	0
gpl004	269	Pulse	199	5982209	19064	0
gpl004	269	Pulse	199	5992220	29075	0
gpl004	269	Pulse	199	6002219	39074	0
gpl004	269	Pulse	199	6012220	49075	0
gpl004	269	Pulse	199	6022220	59075	0
gpl004	269	Pulse	199	6032219	69074	0
gpl004	269	Pulse	199	6042220	79075	0
gpl004	269	Pulse	199	6052220	89074	0
gpl004	269	Pulse	199	6062219	99074	0
gpl004	269	Pulse	199	6072220	109075	0
gpl004	269	Pulse	199	6082220	119075	0
gpl004	269	Pulse	199	6092219	129074	0
gpl004	269	Pulse	199	6102219	139074	0
gpl004	269	Pulse	199	6112220	149075	0
gpl004	269	Pulse	199	6122220	159075	0
gpl004	269	Pulse	199	6132219	169074	0
gpl004	269	Pulse	199	6142220	179075	0
gpl004	269	Pulse	199	6152220	189074	0
gpl004	269	Pulse	199	6162220	199075	0
gpl004	269	Pulse	199	6172219	209074	0
gpl004	269	Pulse	199	6182220	219075	0
