Scenario - FBL_B.sce
Logfile written - 04/23/2021 17:40:35

Subject	Trial	Event Type	Code	Time	TTime	Uncertainty	Duration	Uncertainty	ReqTime	ReqDur	Stim Type	Pair Index

gpl007	1	Response	16	20181	10016	0
gpl007	2	Picture	fix	20209	0	237	18617	425	0	next	other	0
gpl007	4	Picture	stim	38826	0	189	9638	189	0	next	incorrect	4
gpl007	4	Response	32	48280	9455	0
gpl007	5	Picture	feedback	48464	0	1	20061	1	0	next	other	0
gpl007	6	Picture	fix	68525	0	1	32164	1	0	next	other	0
gpl007	8	Picture	stim	100689	0	1	10412	200	0	next	hit	8
gpl007	8	Response	16	111090	10401	0
gpl007	9	Picture	feedback	111101	0	200	20094	200	0	next	other	0
gpl007	10	Picture	fix	131195	0	1	24703	1	0	next	other	0
gpl007	12	Picture	stim	155898	0	1	12435	1	0	next	hit	12
gpl007	12	Response	16	168170	12272	0
gpl007	13	Picture	feedback	168333	0	1	20061	1	0	next	other	0
gpl007	14	Picture	fix	188394	0	1	21387	1	0	next	other	0
gpl007	16	Picture	stim	209781	0	1	8455	1	0	next	incorrect	16
gpl007	16	Response	32	218120	8339	0
gpl007	17	Picture	feedback	218236	0	1	20061	1	0	next	other	0
gpl007	18	Picture	fix	238297	0	1	21885	1	0	next	other	0
gpl007	20	Picture	stim	260182	0	1	9782	1	0	next	hit	20
gpl007	20	Response	16	269811	9629	0
gpl007	21	Picture	feedback	269964	0	1	20061	1	0	next	other	0
gpl007	22	Picture	fix	290025	0	1	23543	1	0	next	other	0
gpl007	24	Picture	stim	313568	0	1	10942	1	0	next	incorrect	24
gpl007	24	Response	32	324451	10883	0
gpl007	25	Picture	feedback	324510	0	1	20061	1	0	next	other	0
gpl007	26	Response	32	405550	60979	0
gpl007	27	Picture	start	405583	0	1	671463	1	0	next	other	0
gpl007	27	Response	16	435061	29478	0
gpl007	27	Response	16	444661	39078	0
gpl007	28	Response	16	1045941	590347	0
gpl007	28	Response	16	1047860	592267	0
gpl007	28	Pulse	199	1077020	621426	0
gpl007	28	Pulse	199	1087020	631426	0
gpl007	28	Pulse	199	1097019	641426	0
gpl007	28	Pulse	199	1107020	651426	0
gpl007	28	Pulse	199	1117020	661426	0
gpl007	28	Pulse	199	1127020	671426	0
gpl007	29	Picture	fix	1127282	0	1	30008	1	0	next	other	0
gpl007	29	Pulse	199	1137020	9738	0
gpl007	29	Pulse	199	1147020	19738	0
gpl007	29	Pulse	199	1157020	29738	0
gpl007	31	Picture	stim	1157290	0	1	25035	1	0	25000	incorrect	44
gpl007	31	Pulse	199	1167020	9730	0
gpl007	31	Response	32	1172870	15580	0
gpl007	31	Pulse	199	1177020	19730	0
gpl007	32	Picture	fix2	1182325	0	1	21553	1	0	next	other	0
gpl007	32	Pulse	199	1187020	4695	0
gpl007	32	Pulse	199	1197020	14695	0
gpl007	33	Picture	feedback	1203878	0	1	20061	1	0	next	other	0
gpl007	33	Pulse	199	1207020	3142	0
gpl007	33	Pulse	199	1217020	13142	0
gpl007	34	Picture	fix	1223939	0	1	33988	1	0	next	other	0
gpl007	34	Pulse	199	1227020	3081	0
gpl007	34	Pulse	199	1237019	13080	0
gpl007	34	Pulse	199	1247020	23081	0
gpl007	34	Pulse	199	1257020	33081	0
gpl007	36	Picture	stim	1257927	0	1	25035	1	0	25000	incorrect	59
gpl007	36	Pulse	199	1267020	9093	0
gpl007	36	Response	32	1268920	10993	0
gpl007	36	Pulse	199	1277020	19093	0
gpl007	37	Picture	fix2	1282962	0	1	16414	1	0	next	other	0
gpl007	37	Pulse	199	1287020	4058	0
gpl007	37	Pulse	199	1297020	14058	0
gpl007	38	Picture	feedback	1299375	0	1	20061	1	0	next	other	0
gpl007	38	Pulse	199	1307019	7644	0
gpl007	38	Pulse	199	1317020	17645	0
gpl007	39	Picture	fix	1319436	0	1	22696	184	0	next	other	0
gpl007	39	Pulse	199	1327020	7584	0
gpl007	39	Pulse	199	1337020	17584	0
gpl007	41	Picture	stim	1342132	0	184	25052	184	0	25000	hit	73
gpl007	41	Pulse	199	1347020	4887	0
gpl007	41	Pulse	199	1357020	14887	0
gpl007	41	Response	16	1366570	24438	0
gpl007	41	Pulse	199	1367020	24887	0
gpl007	42	Picture	fix2	1367185	0	1	14590	1	0	next	other	0
gpl007	42	Pulse	199	1377020	9835	0
gpl007	43	Picture	feedback	1381774	0	1	20061	1	0	next	other	0
gpl007	43	Pulse	199	1387020	5246	0
gpl007	43	Pulse	199	1397020	15246	0
gpl007	44	Picture	fix	1401835	0	1	31169	1	0	next	other	0
gpl007	44	Pulse	199	1407020	5185	0
gpl007	44	Pulse	199	1417020	15185	0
gpl007	44	Pulse	199	1427020	25185	0
gpl007	46	Picture	stim	1433004	0	1	25035	1	0	25000	hit	87
gpl007	46	Pulse	199	1437020	4016	0
gpl007	46	Pulse	199	1447020	14015	0
gpl007	46	Response	16	1448820	15815	0
gpl007	46	Pulse	199	1457020	24016	0
gpl007	47	Picture	fix2	1458039	0	1	21885	1	0	next	other	0
gpl007	47	Pulse	199	1467020	8981	0
gpl007	47	Pulse	199	1477020	18980	0
gpl007	48	Picture	feedback	1479924	0	1	20061	1	0	next	other	0
gpl007	48	Pulse	199	1487020	7096	0
gpl007	48	Pulse	199	1497020	17096	0
gpl007	49	Picture	fix	1499985	0	1	29014	1	0	next	other	0
gpl007	49	Pulse	199	1507020	7035	0
gpl007	49	Pulse	199	1517019	17034	0
gpl007	49	Pulse	199	1527020	27035	0
gpl007	51	Picture	stim	1528999	0	1	25035	1	0	25000	hit	101
gpl007	51	Pulse	199	1537020	8021	0
gpl007	51	Response	16	1542380	13381	0
gpl007	51	Pulse	199	1547020	18021	0
gpl007	52	Picture	fix2	1554199	0	1	14092	1	0	next	other	0
gpl007	52	Pulse	199	1557020	2821	0
gpl007	52	Pulse	199	1567020	12821	0
gpl007	53	Picture	feedback	1568292	0	1	20061	1	0	next	other	0
gpl007	53	Pulse	199	1577020	8728	0
gpl007	53	Pulse	199	1587019	18727	0
gpl007	54	Picture	fix	1588353	0	1	23377	1	0	next	other	0
gpl007	54	Pulse	199	1597020	8667	0
gpl007	54	Pulse	199	1607020	18667	0
gpl007	56	Picture	stim	1611730	0	1	25035	1	0	25000	hit	114
gpl007	56	Pulse	199	1617020	5290	0
gpl007	56	Response	16	1625420	13690	0
gpl007	56	Pulse	199	1627020	15290	0
gpl007	57	Picture	fix2	1636765	0	1	26195	1	0	next	other	0
gpl007	57	Pulse	199	1637020	256	0
gpl007	57	Pulse	199	1647020	10255	0
gpl007	57	Pulse	199	1657019	20255	0
gpl007	58	Picture	feedback	1662960	0	1	20061	1	0	next	other	0
gpl007	58	Pulse	199	1667020	4060	0
gpl007	58	Pulse	199	1677020	14060	0
gpl007	59	Picture	fix	1683021	0	1	29180	1	0	next	other	0
gpl007	59	Pulse	199	1687019	3998	0
gpl007	59	Pulse	199	1697020	13999	0
gpl007	59	Pulse	199	1707021	24000	0
gpl007	61	Picture	stim	1712201	0	1	25035	1	0	25000	incorrect	130
gpl007	61	Pulse	199	1717020	4819	0
gpl007	61	Pulse	199	1727019	14819	0
gpl007	61	Response	32	1734470	22269	0
gpl007	61	Pulse	199	1737020	24819	0
gpl007	62	Picture	fix2	1737235	0	1	24372	1	0	next	other	0
gpl007	62	Pulse	199	1747020	9785	0
gpl007	62	Pulse	199	1757020	19784	0
gpl007	63	Picture	feedback	1761607	0	1	20061	1	0	next	other	0
gpl007	63	Pulse	199	1767020	5413	0
gpl007	63	Pulse	199	1777020	15413	0
gpl007	64	Picture	fix	1781668	0	1	28517	1	0	next	other	0
gpl007	64	Pulse	199	1787020	5352	0
gpl007	64	Pulse	199	1797019	15351	0
gpl007	64	Pulse	199	1807020	25352	0
gpl007	66	Picture	stim	1810184	0	1	25035	1	0	25000	incorrect	145
gpl007	66	Pulse	199	1817020	6836	0
gpl007	66	Pulse	199	1827019	16835	0
gpl007	66	Response	32	1830550	20365	0
gpl007	67	Picture	fix2	1835219	0	1	20558	1	0	next	other	0
gpl007	67	Pulse	199	1837020	1801	0
gpl007	67	Pulse	199	1847020	11801	0
gpl007	68	Picture	feedback	1855778	0	1	20061	1	0	next	other	0
gpl007	68	Pulse	199	1857019	1242	0
gpl007	68	Pulse	199	1867020	11242	0
gpl007	69	Picture	fix	1875839	0	1	28848	1	0	next	other	0
gpl007	69	Pulse	199	1877020	1182	0
gpl007	69	Pulse	199	1887020	11181	0
gpl007	69	Pulse	199	1897019	21180	0
gpl007	71	Picture	stim	1904687	0	1	25035	1	0	25000	incorrect	159
gpl007	71	Pulse	199	1907020	2333	0
gpl007	71	Pulse	199	1917020	12333	0
gpl007	71	Response	32	1920330	15643	0
gpl007	71	Pulse	199	1927019	22333	0
gpl007	72	Picture	fix2	1929722	0	1	15916	1	0	next	other	0
gpl007	72	Pulse	199	1937020	7299	0
gpl007	73	Picture	feedback	1945638	0	1	20061	1	0	next	other	0
gpl007	73	Pulse	199	1947020	1382	0
gpl007	73	Pulse	199	1957020	11382	0
gpl007	74	Picture	fix	1965699	0	1	26030	1	0	next	other	0
gpl007	74	Pulse	199	1967020	1321	0
gpl007	74	Pulse	199	1977020	11321	0
gpl007	74	Pulse	199	1987020	21321	0
gpl007	76	Picture	stim	1991728	0	1	25035	1	0	25000	hit	173
gpl007	76	Pulse	199	1997019	5291	0
gpl007	76	Pulse	199	2007020	15292	0
gpl007	76	Response	16	2010229	18501	0
gpl007	77	Picture	fix2	2016763	0	1	10777	1	0	next	other	0
gpl007	77	Pulse	199	2017020	257	0
gpl007	77	Pulse	199	2027020	10257	0
gpl007	78	Picture	feedback	2027540	0	1	20061	1	0	next	other	0
gpl007	78	Pulse	199	2037019	9480	0
gpl007	78	Pulse	199	2047020	19480	0
gpl007	79	Picture	fix	2047601	0	1	20393	1	0	next	other	0
gpl007	79	Pulse	199	2057020	9420	0
gpl007	79	Pulse	199	2067019	19419	0
gpl007	81	Picture	stim	2067993	0	1	25035	1	0	25000	incorrect	185
gpl007	81	Pulse	199	2077020	9027	0
gpl007	81	Response	32	2080919	12926	0
gpl007	81	Pulse	199	2087020	19027	0
gpl007	82	Picture	fix2	2093194	0	1	9119	1	0	next	other	0
gpl007	82	Pulse	199	2097020	3826	0
gpl007	83	Picture	feedback	2102312	0	1	20061	1	0	next	other	0
gpl007	83	Pulse	199	2107019	4707	0
gpl007	83	Pulse	199	2117020	14707	0
gpl007	84	Picture	fix	2122373	0	1	22382	1	0	next	other	0
gpl007	84	Pulse	199	2127020	4647	0
gpl007	84	Pulse	199	2137019	14646	0
gpl007	86	Picture	stim	2144756	0	1	25035	1	0	25000	incorrect	198
gpl007	86	Pulse	199	2147020	2264	0
gpl007	86	Pulse	199	2157020	12264	0
gpl007	86	Response	32	2166510	21754	0
gpl007	86	Pulse	199	2167019	22264	0
gpl007	87	Picture	fix2	2169790	0	1	29345	1	0	next	other	0
gpl007	87	Pulse	199	2177020	7229	0
gpl007	87	Pulse	199	2187020	17229	0
gpl007	87	Pulse	199	2197020	27229	0
gpl007	88	Picture	feedback	2199136	0	1	20061	1	0	next	other	0
gpl007	88	Pulse	199	2207019	7884	0
gpl007	88	Pulse	199	2217020	17884	0
gpl007	89	Picture	fix	2219197	0	1	28517	1	0	next	other	0
gpl007	89	Pulse	199	2227020	7823	0
gpl007	89	Pulse	199	2237019	17823	0
gpl007	89	Pulse	199	2247020	27823	0
gpl007	91	Picture	stim	2247713	0	1	25035	1	0	25000	incorrect	213
gpl007	91	Pulse	199	2257020	9306	0
gpl007	91	Response	32	2261319	13606	0
gpl007	91	Pulse	199	2267020	19306	0
gpl007	92	Picture	fix2	2272748	0	1	16082	1	0	next	other	0
gpl007	92	Pulse	199	2277019	4271	0
gpl007	92	Pulse	199	2287030	14282	0
gpl007	93	Picture	feedback	2288830	0	1	20061	1	0	next	other	0
gpl007	93	Pulse	199	2297020	8190	0
gpl007	93	Pulse	199	2307019	18189	0
gpl007	94	Picture	fix	2308891	0	1	30838	1	0	next	other	0
gpl007	94	Pulse	199	2317019	8128	0
gpl007	94	Pulse	199	2327020	18129	0
gpl007	94	Pulse	199	2337019	28128	0
gpl007	96	Picture	stim	2339728	0	1	25035	1	0	25000	incorrect	228
gpl007	96	Pulse	199	2347030	7301	0
gpl007	96	Pulse	199	2357030	17301	0
gpl007	96	Response	32	2360969	21241	0
gpl007	97	Picture	fix2	2364763	0	1	22548	1	0	next	other	0
gpl007	97	Pulse	199	2367030	2267	0
gpl007	97	Pulse	199	2377029	12266	0
gpl007	97	Pulse	199	2387030	22267	0
gpl007	98	Picture	feedback	2387311	0	1	20061	1	0	next	other	0
gpl007	98	Pulse	199	2397030	9719	0
gpl007	98	Pulse	199	2407030	19718	0
gpl007	99	Picture	fix	2407372	0	1	28019	1	0	next	other	0
gpl007	99	Pulse	199	2417030	9658	0
gpl007	99	Pulse	199	2427030	19658	0
gpl007	101	Picture	stim	2435391	0	1	25035	1	0	25000	incorrect	242
gpl007	101	Pulse	199	2437030	1639	0
gpl007	101	Pulse	199	2447029	11638	0
gpl007	101	Response	32	2454750	19359	0
gpl007	101	Pulse	199	2457030	21639	0
gpl007	102	Picture	fix2	2460592	0	1	18072	1	0	next	other	0
gpl007	102	Pulse	199	2467030	6438	0
gpl007	102	Pulse	199	2477030	16438	0
gpl007	103	Picture	feedback	2478663	0	1	20061	1	0	next	other	0
gpl007	103	Pulse	199	2487029	8366	0
gpl007	103	Pulse	199	2497030	18366	0
gpl007	104	Picture	fix	2498724	0	1	21885	1	0	next	other	0
gpl007	104	Pulse	199	2507030	8306	0
gpl007	104	Pulse	199	2517029	18305	0
gpl007	106	Picture	stim	2520609	0	1	25035	1	0	25000	hit	256
gpl007	106	Pulse	199	2527030	6421	0
gpl007	106	Pulse	199	2537030	16421	0
gpl007	106	Response	16	2542789	22180	0
gpl007	107	Picture	fix2	2545810	0	1	23377	1	0	next	other	0
gpl007	107	Pulse	199	2547029	1220	0
gpl007	107	Pulse	199	2557029	11220	0
gpl007	107	Pulse	199	2567030	21220	0
gpl007	108	Picture	feedback	2569187	0	1	20061	1	0	next	other	0
gpl007	108	Pulse	199	2577030	7843	0
gpl007	108	Pulse	199	2587029	17843	0
gpl007	109	Picture	fix	2589248	0	1	27356	1	0	next	other	0
gpl007	109	Pulse	199	2597030	7782	0
gpl007	109	Pulse	199	2607030	17782	0
gpl007	111	Picture	stim	2616603	0	1	25035	1	0	25000	hit	270
gpl007	111	Pulse	199	2617029	426	0
gpl007	111	Pulse	199	2627030	10427	0
gpl007	111	Response	16	2632129	15526	0
gpl007	111	Pulse	199	2637030	20426	0
gpl007	112	Picture	fix2	2641638	0	1	20061	1	0	next	other	0
gpl007	112	Pulse	199	2647030	5391	0
gpl007	112	Pulse	199	2657029	15391	0
gpl007	113	Picture	feedback	2661699	0	1	20061	1	0	next	other	0
gpl007	113	Pulse	199	2667030	5331	0
gpl007	113	Pulse	199	2677030	15330	0
gpl007	114	Picture	fix	2681760	0	1	26859	1	0	next	other	0
gpl007	114	Pulse	199	2687029	5269	0
gpl007	114	Pulse	199	2697029	15269	0
gpl007	114	Pulse	199	2707030	25269	0
gpl007	116	Picture	stim	2708619	0	1	25035	1	0	25000	incorrect	284
gpl007	116	Pulse	199	2717030	8411	0
gpl007	116	Response	32	2719940	11321	0
gpl007	116	Pulse	199	2727029	18410	0
gpl007	117	Picture	fix2	2733653	0	1	18569	1	0	next	other	0
gpl007	117	Pulse	199	2737030	3376	0
gpl007	117	Pulse	199	2747030	13376	0
gpl007	118	Picture	feedback	2752222	0	1	20061	1	0	next	other	0
gpl007	118	Pulse	199	2757029	4807	0
gpl007	118	Pulse	199	2767030	14807	0
gpl007	119	Picture	fix	2772283	0	1	23543	1	0	next	other	0
gpl007	119	Pulse	199	2777030	4746	0
gpl007	119	Pulse	199	2787029	14746	0
gpl007	121	Picture	stim	2795826	0	1	25201	1	0	25000	miss	0
gpl007	121	Pulse	199	2797029	1203	0
gpl007	121	Pulse	199	2807030	11204	0
gpl007	121	Pulse	199	2817030	21204	0
gpl007	122	Picture	fix2	2821027	0	1	18071	1	0	next	other	0
gpl007	122	Response	16	2822540	1513	0
gpl007	122	Pulse	199	2827029	6002	0
gpl007	122	Pulse	199	2837030	16003	0
gpl007	123	Picture	feedback	2839098	0	1	20061	1	0	next	other	0
gpl007	123	Pulse	199	2847030	7932	0
gpl007	123	Pulse	199	2857029	17931	0
gpl007	124	Picture	fix	2859159	0	1	17408	1	0	next	other	0
gpl007	124	Pulse	199	2867030	7870	0
gpl007	126	Picture	stim	2876567	0	1	25035	1	0	25000	incorrect	311
gpl007	126	Pulse	199	2877030	462	0
gpl007	126	Pulse	199	2887030	10462	0
gpl007	126	Response	32	2892190	15622	0
gpl007	126	Pulse	199	2897029	20462	0
gpl007	127	Picture	fix2	2901602	0	1	21387	1	0	next	other	0
gpl007	127	Pulse	199	2907030	5428	0
gpl007	127	Pulse	199	2917030	15427	0
gpl007	128	Picture	feedback	2922990	0	1	20061	1	0	next	other	0
gpl007	128	Pulse	199	2927030	4040	0
gpl007	128	Pulse	199	2937029	14040	0
gpl007	129	Picture	fix	2943051	0	1	26859	1	0	next	other	0
gpl007	129	Pulse	199	2947030	3979	0
gpl007	129	Pulse	199	2957030	13979	0
gpl007	129	Pulse	199	2967029	23978	0
gpl007	131	Picture	stim	2969909	0	1	25035	1	0	25000	incorrect	325
gpl007	131	Pulse	199	2977030	7120	0
gpl007	131	Response	32	2986600	16691	0
gpl007	131	Pulse	199	2987029	17120	0
gpl007	132	Picture	fix2	2995110	0	1	20393	1	0	next	other	0
gpl007	132	Pulse	199	2997029	1919	0
gpl007	132	Pulse	199	3007029	11920	0
gpl007	133	Picture	feedback	3015502	0	1	20061	1	0	next	other	0
gpl007	133	Pulse	199	3017029	1527	0
gpl007	133	Pulse	199	3027029	11527	0
gpl007	134	Picture	fix	3035563	0	1	20061	1	0	next	other	0
gpl007	134	Pulse	199	3037029	1466	0
gpl007	134	Pulse	199	3047029	11466	0
gpl007	136	Picture	stim	3055624	0	1	25035	1	0	25000	hit	340
gpl007	136	Pulse	199	3057029	1405	0
gpl007	136	Pulse	199	3067029	11404	0
gpl007	136	Pulse	199	3077029	21405	0
gpl007	136	Response	16	3080369	24744	0
gpl007	137	Picture	fix2	3080659	0	1	16745	1	0	next	other	0
gpl007	137	Pulse	199	3087029	6370	0
gpl007	137	Pulse	199	3097029	16370	0
gpl007	138	Picture	feedback	3097404	0	1	20061	1	0	next	other	0
gpl007	138	Pulse	199	3107029	9625	0
gpl007	138	Pulse	199	3117029	19625	0
gpl007	139	Picture	fix	3117465	0	1	19066	1	0	next	other	0
gpl007	139	Pulse	199	3127029	9564	0
gpl007	141	Picture	stim	3136531	0	1	25035	1	0	25000	hit	352
gpl007	141	Pulse	199	3137029	497	0
gpl007	141	Pulse	199	3147029	10498	0
gpl007	141	Response	16	3150329	13798	0
gpl007	141	Pulse	199	3157029	20498	0
gpl007	142	Picture	fix2	3161566	0	1	12932	1	0	next	other	0
gpl007	142	Pulse	199	3167029	5463	0
gpl007	143	Picture	feedback	3174498	0	1	20061	1	0	next	other	0
gpl007	143	Pulse	199	3177029	2531	0
gpl007	143	Pulse	199	3187030	12532	0
gpl007	144	Picture	fix	3194559	0	1	26361	1	0	next	other	0
gpl007	144	Pulse	199	3197030	2471	0
gpl007	144	Pulse	199	3207029	12470	0
gpl007	144	Pulse	199	3217030	22471	0
gpl007	146	Picture	stim	3220920	0	1	25035	1	0	25000	incorrect	365
gpl007	146	Pulse	199	3227029	6109	0
gpl007	146	Response	32	3235749	14829	0
gpl007	146	Pulse	199	3237029	16109	0
gpl007	147	Picture	fix2	3245955	0	1	13263	1	0	next	other	0
gpl007	147	Pulse	199	3247030	1074	0
gpl007	147	Pulse	199	3257029	11074	0
gpl007	148	Picture	feedback	3259219	0	1	20061	1	0	next	other	0
gpl007	148	Pulse	199	3267030	7811	0
gpl007	148	Pulse	199	3277029	17811	0
gpl007	149	Picture	fix	3279280	0	1	37469	1	0	next	other	0
gpl007	149	Pulse	199	3287029	7750	0
gpl007	149	Pulse	199	3297029	17750	0
gpl007	149	Pulse	199	3307030	27750	0
gpl007	151	Picture	stim	3316749	0	1	25035	1	0	25000	incorrect	380
gpl007	151	Pulse	199	3317030	281	0
gpl007	151	Pulse	199	3327030	10281	0
gpl007	151	Response	32	3328969	12220	0
gpl007	151	Pulse	199	3337029	20281	0
gpl007	152	Picture	fix2	3341784	0	1	22201	182	0	next	other	0
gpl007	152	Pulse	199	3347029	5245	0
gpl007	152	Pulse	199	3357029	15246	0
gpl007	153	Picture	feedback	3363985	0	182	20076	182	0	next	other	0
gpl007	153	Pulse	199	3367030	3045	0
gpl007	153	Pulse	199	3377029	13044	0
gpl007	154	Picture	fix	3384061	0	1	25366	1	0	next	other	0
gpl007	154	Pulse	199	3387030	2969	0
gpl007	154	Pulse	199	3397029	12968	0
gpl007	154	Pulse	199	3407030	22969	0
gpl007	156	Picture	stim	3409427	0	1	25035	1	0	25000	incorrect	394
gpl007	156	Pulse	199	3417029	7602	0
gpl007	156	Response	32	3422119	12692	0
gpl007	156	Pulse	199	3427029	17602	0
gpl007	157	Picture	fix2	3434462	0	1	21387	1	0	next	other	0
gpl007	157	Pulse	199	3437030	2568	0
gpl007	157	Pulse	199	3447029	12567	0
gpl007	158	Picture	feedback	3455850	0	1	20061	1	0	next	other	0
gpl007	158	Pulse	199	3457030	1180	0
gpl007	158	Pulse	199	3467029	11180	0
gpl007	159	Picture	fix	3475910	0	1	22051	1	0	next	other	0
gpl007	159	Pulse	199	3477029	1119	0
gpl007	159	Pulse	199	3487029	11118	0
gpl007	159	Pulse	199	3497029	21119	0
gpl007	161	Picture	stim	3497961	0	1	25035	1	0	25000	incorrect	408
gpl007	161	Pulse	199	3507030	9069	0
gpl007	161	Response	32	3515449	17488	0
gpl007	161	Pulse	199	3517029	19068	0
gpl007	162	Picture	fix2	3522996	0	1	29014	1	0	next	other	0
gpl007	162	Pulse	199	3527030	4034	0
gpl007	162	Pulse	199	3537029	14034	0
gpl007	162	Pulse	199	3547029	24034	0
gpl007	163	Picture	feedback	3552010	0	1	20061	1	0	next	other	0
gpl007	163	Pulse	199	3557029	5019	0
gpl007	163	Pulse	199	3567029	15020	0
gpl007	164	Picture	fix	3572071	0	1	32164	1	0	next	other	0
gpl007	164	Pulse	199	3577030	4959	0
gpl007	164	Pulse	199	3587029	14958	0
gpl007	164	Pulse	199	3597029	24958	0
gpl007	166	Picture	stim	3604235	0	1	25035	1	0	25000	incorrect	423
gpl007	166	Pulse	199	3607029	2795	0
gpl007	166	Response	32	3615899	11665	0
gpl007	166	Pulse	199	3617029	12795	0
gpl007	166	Pulse	199	3627029	22794	0
gpl007	167	Picture	fix2	3629269	0	1	24206	1	0	next	other	0
gpl007	167	Pulse	199	3637030	7760	0
gpl007	167	Pulse	199	3647029	17759	0
gpl007	168	Picture	feedback	3653475	0	1	20061	1	0	next	other	0
gpl007	168	Pulse	199	3657029	3553	0
gpl007	168	Pulse	199	3667029	13553	0
gpl007	169	Picture	fix	3673536	0	1	35977	1	0	next	other	0
gpl007	169	Pulse	199	3677029	3493	0
gpl007	169	Pulse	199	3687029	13493	0
gpl007	169	Pulse	199	3697029	23492	0
gpl007	169	Pulse	199	3707029	33492	0
gpl007	171	Picture	stim	3709513	0	1	25035	1	0	25000	hit	439
gpl007	171	Pulse	199	3717029	7516	0
gpl007	171	Response	16	3724488	14975	0
gpl007	171	Pulse	199	3727028	17515	0
gpl007	172	Picture	fix2	3734714	0	1	21387	1	0	next	other	0
gpl007	172	Pulse	199	3737029	2315	0
gpl007	172	Pulse	199	3747029	12315	0
gpl007	173	Picture	feedback	3756101	0	1	20061	1	0	next	other	0
gpl007	173	Pulse	199	3757029	928	0
gpl007	173	Pulse	199	3767029	10928	0
gpl007	174	Picture	fix	3776162	0	1	33324	1	0	next	other	0
gpl007	174	Pulse	199	3777030	867	0
gpl007	174	Pulse	199	3787029	10867	0
gpl007	174	Pulse	199	3797029	20867	0
gpl007	174	Pulse	199	3807029	30867	0
gpl007	176	Picture	stim	3809487	0	1	25035	1	0	25000	hit	454
gpl007	176	Pulse	199	3817029	7543	0
gpl007	176	Response	16	3824998	15512	0
gpl007	176	Pulse	199	3827029	17542	0
gpl007	177	Picture	fix2	3834687	0	1	15916	1	0	next	other	0
gpl007	177	Pulse	199	3837029	2342	0
gpl007	177	Pulse	199	3847029	12342	0
gpl007	178	Picture	feedback	3850603	0	1	20061	1	0	next	other	0
gpl007	178	Pulse	199	3857029	6426	0
gpl007	178	Pulse	199	3867029	16425	0
gpl007	179	Picture	fix	3870664	0	1	23709	1	0	next	other	0
gpl007	179	Pulse	199	3877030	6365	0
gpl007	179	Pulse	199	3887029	16365	0
gpl007	181	Picture	stim	3894373	0	1	25035	1	0	25000	hit	468
gpl007	181	Pulse	199	3897029	2656	0
gpl007	181	Pulse	199	3907029	12657	0
gpl007	181	Response	16	3915589	21216	0
gpl007	181	Pulse	199	3917029	22656	0
gpl007	182	Picture	fix2	3919408	0	1	25864	1	0	next	other	0
gpl007	182	Pulse	199	3927029	7622	0
gpl007	182	Pulse	199	3937029	17621	0
gpl007	183	Picture	feedback	3945271	0	1	20061	1	0	next	other	0
gpl007	183	Pulse	199	3947029	1758	0
gpl007	183	Pulse	199	3957029	11758	0
gpl007	184	Picture	fix	3965332	0	1	23377	1	0	next	other	0
gpl007	184	Pulse	199	3967029	1696	0
gpl007	184	Pulse	199	3977029	11697	0
gpl007	184	Pulse	199	3987029	21697	0
gpl007	186	Picture	stim	3988709	0	1	25035	1	0	25000	incorrect	482
gpl007	186	Pulse	199	3997029	8320	0
gpl007	186	Response	32	3998659	9950	0
gpl007	186	Pulse	199	4007029	18320	0
gpl007	187	Picture	fix2	4013744	0	1	11108	1	0	next	other	0
gpl007	187	Pulse	199	4017029	3285	0
gpl007	188	Picture	feedback	4024852	0	1	20061	1	0	next	other	0
gpl007	188	Pulse	199	4027029	2177	0
gpl007	188	Pulse	199	4037029	12176	0
gpl007	189	Picture	fix	4044913	0	1	17740	1	0	next	other	0
gpl007	189	Pulse	199	4047029	2116	0
gpl007	189	Pulse	199	4057029	12116	0
gpl007	191	Picture	stim	4062653	0	1	25035	1	0	25000	incorrect	494
gpl007	191	Pulse	199	4067029	4376	0
gpl007	191	Response	32	4070788	8135	0
gpl007	191	Pulse	199	4077029	14375	0
gpl007	191	Pulse	199	4087029	24376	0
gpl007	192	Picture	fix2	4087854	0	1	17243	1	0	next	other	0
gpl007	192	Pulse	199	4097029	9175	0
gpl007	193	Picture	feedback	4105096	0	1	20061	1	0	next	other	0
gpl007	193	Pulse	199	4107029	1932	0
gpl007	193	Pulse	199	4117039	11943	0
gpl007	194	Picture	fix	4125157	0	1	21387	1	0	next	other	0
gpl007	194	Pulse	199	4127029	1872	0
gpl007	194	Pulse	199	4137039	11882	0
gpl007	196	Picture	stim	4146544	0	1	25035	1	0	25000	hit	508
gpl007	196	Pulse	199	4147039	494	0
gpl007	196	Pulse	199	4157029	10485	0
gpl007	196	Response	16	4159049	12505	0
gpl007	196	Pulse	199	4167039	20495	0
gpl007	197	Picture	fix2	4171579	0	1	16414	1	0	next	other	0
gpl007	197	Pulse	199	4177039	5459	0
gpl007	197	Pulse	199	4187039	15460	0
gpl007	198	Picture	feedback	4187993	0	1	20061	1	0	next	other	0
gpl007	198	Pulse	199	4197039	9046	0
gpl007	198	Pulse	199	4207039	19046	0
gpl007	199	Picture	fix	4208054	0	1	25201	1	0	next	other	0
gpl007	199	Pulse	199	4217039	8985	0
gpl007	199	Pulse	199	4227039	18985	0
gpl007	201	Picture	stim	4233255	0	1	25035	1	0	25000	hit	522
gpl007	201	Pulse	199	4237039	3785	0
gpl007	201	Pulse	199	4247038	13784	0
gpl007	201	Response	16	4250079	16825	0
gpl007	201	Pulse	199	4257039	23785	0
gpl007	202	Picture	fix2	4258455	0	1	16579	1	0	next	other	0
gpl007	202	Pulse	199	4267039	8584	0
gpl007	203	Picture	feedback	4275034	0	1	20061	1	0	next	other	0
gpl007	203	Pulse	199	4277039	2004	0
gpl007	203	Pulse	199	4287039	12005	0
gpl007	204	Picture	fix	4295095	0	1	28848	1	0	next	other	0
gpl007	204	Pulse	199	4297039	1944	0
gpl007	204	Pulse	199	4307039	11944	0
gpl007	204	Pulse	199	4317038	21943	0
gpl007	206	Picture	stim	4323944	0	1	25035	1	0	25000	incorrect	535
gpl007	206	Pulse	199	4327039	3096	0
gpl007	206	Response	32	4333579	9635	0
gpl007	206	Pulse	199	4337039	13096	0
gpl007	206	Pulse	199	4347038	23095	0
gpl007	207	Picture	fix2	4348978	0	1	11606	1	0	next	other	0
gpl007	207	Pulse	199	4357039	8061	0
gpl007	208	Picture	feedback	4360584	0	1	20061	1	0	next	other	0
gpl007	208	Pulse	199	4367039	6455	0
gpl007	208	Pulse	199	4377039	16455	0
gpl007	209	Picture	fix	4380645	0	1	26527	1	0	next	other	0
gpl007	209	Pulse	199	4387039	6394	0
gpl007	209	Pulse	199	4397039	16394	0
gpl007	209	Pulse	199	4407035	26390	4
gpl007	211	Picture	stim	4407172	0	1	25035	1	0	25000	incorrect	549
gpl007	211	Pulse	199	4417039	9867	0
gpl007	211	Response	32	4419569	12397	0
gpl007	211	Pulse	199	4427039	19867	0
gpl007	212	Picture	fix2	4432372	0	1	27688	1	0	next	other	0
gpl007	212	Pulse	199	4437039	4667	0
gpl007	212	Pulse	199	4447039	14667	0
gpl007	212	Pulse	199	4457038	24666	0
gpl007	213	Picture	feedback	4460060	0	1	20061	1	0	next	other	0
gpl007	213	Pulse	199	4467039	6979	0
gpl007	213	Pulse	199	4477039	16979	0
gpl007	214	Picture	fix	4480121	0	1	29345	1	0	next	other	0
gpl007	214	Pulse	199	4487039	6918	0
gpl007	214	Pulse	199	4497039	16918	0
gpl007	214	Pulse	199	4507039	26918	0
gpl007	216	Picture	stim	4509466	0	1	25035	1	0	25000	incorrect	565
gpl007	216	Pulse	199	4517039	7573	0
gpl007	216	Pulse	199	4527039	17573	0
gpl007	216	Response	32	4532379	22913	0
gpl007	217	Picture	fix2	4534501	0	1	22051	1	0	next	other	0
gpl007	217	Pulse	199	4537039	2538	0
gpl007	217	Pulse	199	4547039	12538	0
gpl007	218	Picture	feedback	4556552	0	1	20061	1	0	next	other	0
gpl007	218	Pulse	199	4557038	487	0
gpl007	218	Pulse	199	4567039	10487	0
gpl007	219	Picture	fix	4576613	0	1	18569	1	0	next	other	0
gpl007	219	Pulse	199	4577039	426	0
gpl007	219	Pulse	199	4587039	10426	0
gpl007	221	Picture	stim	4595182	0	1	25035	1	0	25000	incorrect	578
gpl007	221	Pulse	199	4597039	1857	0
gpl007	221	Pulse	199	4607039	11857	0
gpl007	221	Response	32	4609189	14007	0
gpl007	221	Pulse	199	4617039	21857	0
gpl007	222	Picture	fix2	4620216	0	1	25864	1	0	next	other	0
gpl007	222	Pulse	199	4627039	6823	0
gpl007	222	Pulse	199	4637039	16822	0
gpl007	223	Picture	feedback	4646080	0	1	20061	1	0	next	other	0
gpl007	223	Pulse	199	4647039	959	0
gpl007	223	Pulse	199	4657039	10959	0
gpl007	224	Picture	fix	4666141	0	1	24703	1	0	next	other	0
gpl007	224	Pulse	199	4667039	898	0
gpl007	224	Pulse	199	4677039	10898	0
gpl007	224	Pulse	199	4687039	20898	0
gpl007	226	Picture	stim	4690844	0	1	25035	1	0	25000	incorrect	593
gpl007	226	Pulse	199	4697038	6194	0
gpl007	226	Pulse	199	4707039	16195	0
gpl007	226	Response	32	4708969	18125	0
gpl007	227	Picture	fix2	4715879	0	1	26361	1	0	next	other	0
gpl007	227	Pulse	199	4717039	1161	0
gpl007	227	Pulse	199	4727039	11160	0
gpl007	227	Pulse	199	4737039	21160	0
gpl007	228	Picture	feedback	4742240	0	1	20061	1	0	next	other	0
gpl007	228	Pulse	199	4747039	4799	0
gpl007	228	Pulse	199	4757039	14799	0
gpl007	229	Picture	fix	4762301	0	1	16248	1	0	next	other	0
gpl007	229	Pulse	199	4767038	4737	0
gpl007	229	Pulse	199	4777039	14738	0
gpl007	231	Picture	stim	4778549	0	1	25035	1	0	25000	incorrect	606
gpl007	231	Pulse	199	4787039	8490	0
gpl007	231	Response	32	4794649	16100	0
gpl007	231	Pulse	199	4797039	18490	0
gpl007	232	Picture	fix2	4803584	0	1	21719	1	0	next	other	0
gpl007	232	Pulse	199	4807039	3455	0
gpl007	232	Pulse	199	4817039	13455	0
gpl007	233	Picture	feedback	4825303	0	1	20061	1	0	next	other	0
gpl007	233	Pulse	199	4827039	1736	0
gpl007	233	Pulse	199	4837038	11736	0
gpl007	234	Picture	fix	4845364	0	1	20227	1	0	next	other	0
gpl007	234	Pulse	199	4847039	1675	0
gpl007	234	Pulse	199	4857039	11675	0
gpl007	236	Picture	stim	4865590	0	1	25035	1	0	25000	incorrect	620
gpl007	236	Pulse	199	4867039	1448	0
gpl007	236	Pulse	199	4877039	11448	0
gpl007	236	Response	32	4879528	13938	0
gpl007	236	Pulse	199	4887039	21448	0
gpl007	237	Picture	fix2	4890625	0	1	16579	1	0	next	other	0
gpl007	237	Pulse	199	4897039	6414	0
gpl007	237	Pulse	199	4907039	16413	0
gpl007	238	Picture	feedback	4907205	0	1	20061	1	0	next	other	0
gpl007	238	Pulse	199	4917039	9834	0
gpl007	238	Pulse	199	4927039	19834	0
gpl007	239	Picture	fix	4927266	0	1	24703	1	0	next	other	0
gpl007	239	Pulse	199	4937039	9773	0
gpl007	239	Pulse	199	4947039	19773	0
gpl007	241	Picture	stim	4951969	0	1	25035	1	0	25000	incorrect	633
gpl007	241	Pulse	199	4957039	5070	0
gpl007	241	Response	32	4966588	14620	0
gpl007	241	Pulse	199	4967039	15070	0
gpl007	241	Pulse	199	4977039	25070	0
gpl007	242	Picture	fix2	4977169	0	1	16082	1	0	next	other	0
gpl007	242	Pulse	199	4987039	9870	0
gpl007	243	Picture	feedback	4993251	0	1	20061	1	0	next	other	0
gpl007	243	Pulse	199	4997039	3788	0
gpl007	243	Pulse	199	5007039	13787	0
gpl007	244	Picture	fix	5013312	0	1	24537	1	0	next	other	0
gpl007	244	Pulse	199	5017039	3727	0
gpl007	244	Pulse	199	5027039	13727	0
gpl007	244	Pulse	199	5037039	23727	0
gpl007	246	Picture	stim	5037850	0	1	25035	1	0	25000	hit	647
gpl007	246	Pulse	199	5047039	9189	0
gpl007	246	Response	16	5051219	13369	0
gpl007	246	Pulse	199	5057039	19190	0
gpl007	247	Picture	fix2	5062885	0	1	23543	1	0	next	other	0
gpl007	247	Pulse	199	5067039	4155	0
gpl007	247	Pulse	199	5077039	14154	0
gpl007	248	Picture	feedback	5086427	0	1	20061	1	0	next	other	0
gpl007	248	Pulse	199	5087039	612	0
gpl007	248	Pulse	199	5097039	10612	0
gpl007	249	Picture	fix	5106488	0	1	26858	1	0	next	other	0
gpl007	249	Pulse	199	5107039	550	0
gpl007	249	Pulse	199	5117039	10551	0
gpl007	249	Pulse	199	5127039	20551	0
gpl007	251	Picture	stim	5133347	0	1	25035	1	0	25000	hit	662
gpl007	251	Pulse	199	5137039	3692	0
gpl007	251	Pulse	199	5147038	13692	0
gpl007	251	Response	16	5147728	14381	0
gpl007	251	Pulse	199	5157039	23692	0
gpl007	252	Picture	fix2	5158382	0	1	17906	1	0	next	other	0
gpl007	252	Pulse	199	5167039	8658	0
gpl007	253	Picture	feedback	5176287	0	1	20060	1	0	next	other	0
gpl007	253	Pulse	199	5177039	751	0
gpl007	253	Pulse	199	5187039	10752	0
gpl007	254	Picture	fix	5196348	0	1	29678	1	0	next	other	0
gpl007	254	Pulse	199	5197039	691	0
gpl007	254	Pulse	199	5207039	10691	0
gpl007	254	Pulse	199	5217038	20691	0
gpl007	256	Picture	stim	5226025	0	1	25035	1	0	25000	hit	676
gpl007	256	Pulse	199	5227039	1014	0
gpl007	256	Pulse	199	5237039	11014	0
gpl007	256	Response	16	5239498	13473	0
gpl007	256	Pulse	199	5247038	21013	0
gpl007	257	Picture	fix2	5251060	0	1	14756	1	0	next	other	0
gpl007	257	Pulse	199	5257039	5979	0
gpl007	258	Picture	feedback	5265816	0	1	20061	1	0	next	other	0
gpl007	258	Pulse	199	5267039	1223	0
gpl007	258	Pulse	199	5277039	11223	0
gpl007	259	Picture	fix	5285877	0	1	22216	1	0	next	other	0
gpl007	259	Pulse	199	5287039	1162	0
gpl007	259	Pulse	199	5297039	11162	0
gpl007	259	Pulse	199	5307039	21162	0
gpl007	261	Picture	stim	5308093	0	1	25035	1	0	25000	incorrect	689
gpl007	261	Pulse	199	5317038	8945	0
gpl007	261	Response	32	5322778	14685	0
gpl007	261	Pulse	199	5327039	18946	0
gpl007	262	Picture	fix2	5333128	0	1	13927	1	0	next	other	0
gpl007	262	Pulse	199	5337039	3911	0
gpl007	262	Pulse	199	5347038	13910	1
gpl007	263	Picture	feedback	5347054	0	1	20061	1	0	next	other	0
gpl007	263	Pulse	199	5357038	9984	0
gpl007	263	Pulse	199	5367039	19984	0
gpl007	264	Picture	fix	5367115	0	1	19398	1	0	next	other	0
gpl007	264	Pulse	199	5377039	9923	0
gpl007	266	Picture	stim	5386513	0	1	25035	1	0	25000	hit	702
gpl007	266	Pulse	199	5387038	525	0
gpl007	266	Pulse	199	5397039	10525	0
gpl007	266	Response	16	5399968	13455	0
gpl007	266	Pulse	199	5407039	20525	0
gpl007	267	Picture	fix2	5411548	0	1	15253	1	0	next	other	0
gpl007	267	Pulse	199	5417038	5490	0
gpl007	268	Picture	feedback	5426801	0	1	20061	1	0	next	other	0
gpl007	268	Pulse	199	5427039	238	0
gpl007	268	Pulse	199	5437039	10238	0
gpl007	269	Picture	100	5446862	0	1	250016	1	0	250000	other	0
gpl007	269	Pulse	199	5447039	177	0
gpl007	269	Pulse	199	5457038	10176	0
gpl007	269	Pulse	199	5467039	20177	0
gpl007	269	Pulse	199	5477038	30176	0
gpl007	269	Pulse	199	5487038	40176	0
gpl007	269	Pulse	199	5497039	50177	0
gpl007	269	Pulse	199	5507038	60176	0
gpl007	269	Pulse	199	5517038	70176	0
gpl007	269	Pulse	199	5527038	80176	0
gpl007	269	Pulse	199	5537039	90177	0
gpl007	269	Pulse	199	5547038	100177	0
gpl007	269	Pulse	199	5557038	110176	0
gpl007	269	Pulse	199	5567038	120177	0
gpl007	269	Pulse	199	5577038	130177	0
gpl007	269	Pulse	199	5587038	140176	0
gpl007	269	Pulse	199	5597038	150176	0
gpl007	269	Pulse	199	5607038	160177	0
gpl007	269	Pulse	199	5617038	170177	0
gpl007	269	Pulse	199	5627038	180176	0
gpl007	269	Pulse	199	5637038	190176	0
gpl007	269	Pulse	199	5647038	200177	0
gpl007	269	Pulse	199	5657038	210176	0
gpl007	269	Pulse	199	5667038	220176	0
