Scenario - FBL_B.sce
Logfile written - 05/05/2021 15:34:28

Subject	Trial	Event Type	Code	Time	TTime	Uncertainty	Duration	Uncertainty	ReqTime	ReqDur	Stim Type	Pair Index

gpl013	1	Response	32	167964	157799	0
gpl013	2	Picture	fix	168498	0	1	18900	1	0	next	other	0
gpl013	4	Picture	stim	187399	0	1	192321	1	0	next	incorrect	4
gpl013	4	Response	32	379645	192246	0
gpl013	5	Picture	feedback	379719	0	1	20061	1	0	next	other	0
gpl013	6	Picture	fix	399780	0	1	32164	1	0	next	other	0
gpl013	8	Picture	stim	431944	0	1	44411	188	0	next	hit	8
gpl013	8	Response	16	476345	44400	0
gpl013	9	Picture	feedback	476355	0	188	20414	188	0	next	other	0
gpl013	10	Picture	fix	496770	0	1	24703	1	0	next	other	0
gpl013	12	Picture	stim	521473	0	1	22548	1	0	next	incorrect	12
gpl013	12	Response	32	543945	22472	0
gpl013	13	Picture	feedback	544021	0	1	20393	1	0	next	other	0
gpl013	14	Picture	fix	564413	0	1	21387	1	0	next	other	0
gpl013	16	Picture	stim	585801	0	1	20724	1	0	next	hit	16
gpl013	16	Response	16	606446	20645	0
gpl013	17	Picture	feedback	606525	0	1	20061	1	0	next	other	0
gpl013	18	Picture	fix	626586	0	1	21885	1	0	next	other	0
gpl013	20	Picture	stim	648471	0	1	12269	1	0	next	incorrect	20
gpl013	20	Response	32	660685	12214	0
gpl013	21	Picture	feedback	660740	0	1	20061	1	0	next	other	0
gpl013	22	Picture	fix	680801	0	1	23543	1	0	next	other	0
gpl013	24	Picture	stim	704343	0	1	15419	1	0	next	hit	24
gpl013	24	Response	16	719606	15263	0
gpl013	25	Picture	feedback	719762	0	1	20005	222	0	next	other	0
gpl013	26	Response	16	851036	111268	0
gpl013	27	Picture	start	851070	0	1	648566	185	0	next	other	0
gpl013	27	Response	16	878476	27406	0
gpl013	27	Response	16	880876	29806	0
gpl013	27	Response	16	882957	31886	0
gpl013	28	Pulse	199	1499636	598559	0
gpl013	28	Pulse	199	1509636	608559	0
gpl013	28	Pulse	199	1519636	618559	0
gpl013	28	Pulse	199	1529635	628558	0
gpl013	28	Pulse	199	1539636	638559	0
gpl013	28	Pulse	199	1549636	648559	0
gpl013	29	Picture	fix	1550056	0	1	33988	1	0	next	other	0
gpl013	29	Pulse	199	1559636	9579	0
gpl013	29	Pulse	199	1569635	19579	0
gpl013	29	Pulse	199	1579636	29580	0
gpl013	31	Picture	stim	1584044	0	1	25035	1	0	25000	hit	44
gpl013	31	Pulse	199	1589636	5592	0
gpl013	31	Pulse	199	1599635	15591	0
gpl013	31	Response	16	1606086	22042	0
gpl013	32	Picture	fix2	1609079	0	1	16082	1	0	next	other	0
gpl013	32	Pulse	199	1609636	558	0
gpl013	32	Pulse	199	1619636	10557	0
gpl013	33	Picture	feedback	1625161	0	1	20061	1	0	next	other	0
gpl013	33	Pulse	199	1629636	4475	0
gpl013	33	Pulse	199	1639635	14475	0
gpl013	34	Picture	fix	1645222	0	1	28516	1	0	next	other	0
gpl013	34	Pulse	199	1649635	4414	0
gpl013	34	Pulse	199	1659635	14414	0
gpl013	34	Pulse	199	1669636	24414	0
gpl013	36	Picture	stim	1673738	0	1	25035	1	0	25000	hit	57
gpl013	36	Pulse	199	1679636	5898	0
gpl013	36	Response	16	1689046	15308	0
gpl013	36	Pulse	199	1689636	15898	0
gpl013	37	Picture	fix2	1698939	0	1	10777	1	0	next	other	0
gpl013	37	Pulse	199	1699635	697	0
gpl013	37	Pulse	199	1709636	10697	0
gpl013	38	Picture	feedback	1709715	0	1	20393	1	0	next	other	0
gpl013	38	Pulse	199	1719636	9921	0
gpl013	38	Pulse	199	1729636	19920	0
gpl013	39	Picture	fix	1730108	0	1	37406	230	0	next	other	0
gpl013	39	Pulse	199	1739635	9527	0
gpl013	39	Pulse	199	1749636	19528	0
gpl013	39	Pulse	199	1759636	29528	0
gpl013	41	Picture	stim	1767514	0	230	25098	230	0	25000	hit	72
gpl013	41	Pulse	199	1769635	2122	0
gpl013	41	Pulse	199	1779636	12122	0
gpl013	41	Response	16	1781806	14292	0
gpl013	41	Pulse	199	1789636	22122	0
gpl013	42	Picture	fix2	1792612	0	1	9119	1	0	next	other	0
gpl013	42	Pulse	199	1799636	7024	0
gpl013	43	Picture	feedback	1801731	0	1	20061	1	0	next	other	0
gpl013	43	Pulse	199	1809635	7904	0
gpl013	43	Pulse	199	1819636	17905	0
gpl013	44	Picture	fix	1821792	0	1	27356	1	0	next	other	0
gpl013	44	Pulse	199	1829636	7844	0
gpl013	44	Pulse	199	1839635	17844	0
gpl013	46	Picture	stim	1849148	0	1	25035	1	0	25000	hit	85
gpl013	46	Pulse	199	1849636	488	0
gpl013	46	Pulse	199	1859636	10488	0
gpl013	46	Response	16	1866115	16967	0
gpl013	46	Pulse	199	1869636	20488	0
gpl013	47	Picture	fix2	1874348	0	1	25864	1	0	next	other	0
gpl013	47	Pulse	199	1879635	5287	0
gpl013	47	Pulse	199	1889636	15288	0
gpl013	47	Pulse	199	1899636	25288	0
gpl013	48	Picture	feedback	1900212	0	1	20061	1	0	next	other	0
gpl013	48	Pulse	199	1909635	9423	0
gpl013	48	Pulse	199	1919636	19424	0
gpl013	49	Picture	fix	1920273	0	1	20393	1	0	next	other	0
gpl013	49	Pulse	199	1929646	9373	0
gpl013	49	Pulse	199	1939636	19363	0
gpl013	51	Picture	stim	1940666	0	1	25035	1	0	25000	incorrect	99
gpl013	51	Pulse	199	1949636	8971	0
gpl013	51	Response	32	1955176	14510	0
gpl013	51	Pulse	199	1959646	18980	0
gpl013	52	Picture	fix2	1965701	0	1	16414	1	0	next	other	0
gpl013	52	Pulse	199	1969646	3946	0
gpl013	52	Pulse	199	1979646	13945	0
gpl013	53	Picture	feedback	1982114	0	1	20393	1	0	next	other	0
gpl013	53	Pulse	199	1989646	7532	0
gpl013	53	Pulse	199	1999636	17522	0
gpl013	54	Picture	fix	2002507	0	1	28019	1	0	next	other	0
gpl013	54	Pulse	199	2009646	7139	0
gpl013	54	Pulse	199	2019645	17139	0
gpl013	54	Pulse	199	2029646	27139	0
gpl013	56	Picture	stim	2030526	0	1	25035	1	0	25000	hit	113
gpl013	56	Pulse	199	2039646	9120	0
gpl013	56	Response	16	2044465	13939	0
gpl013	56	Pulse	199	2049646	19120	0
gpl013	57	Picture	fix2	2055727	0	1	21387	1	0	next	other	0
gpl013	57	Pulse	199	2059646	3919	0
gpl013	57	Pulse	199	2069646	13919	0
gpl013	58	Picture	feedback	2077114	0	1	20227	1	0	next	other	0
gpl013	58	Pulse	199	2079646	2532	0
gpl013	58	Pulse	199	2089645	12532	0
gpl013	59	Picture	fix	2097341	0	1	23543	1	0	next	other	0
gpl013	59	Pulse	199	2099646	2306	0
gpl013	59	Pulse	199	2109646	12305	0
gpl013	59	Pulse	199	2119646	22305	0
gpl013	61	Picture	stim	2120883	0	1	25035	1	0	25000	hit	128
gpl013	61	Pulse	199	2129646	8763	0
gpl013	61	Pulse	199	2139646	18762	0
gpl013	61	Response	16	2143236	22353	0
gpl013	62	Picture	fix2	2145918	0	1	18071	1	0	next	other	0
gpl013	62	Pulse	199	2149646	3728	0
gpl013	62	Pulse	199	2159645	13727	0
gpl013	63	Picture	feedback	2163990	0	1	20061	1	0	next	other	0
gpl013	63	Pulse	199	2169646	5656	0
gpl013	63	Pulse	199	2179646	15656	0
gpl013	64	Picture	fix	2184051	0	1	26527	1	0	next	other	0
gpl013	64	Pulse	199	2189646	5595	0
gpl013	64	Pulse	199	2199646	15595	0
gpl013	64	Pulse	199	2209646	25595	0
gpl013	66	Picture	stim	2210578	0	1	25035	1	0	25000	hit	141
gpl013	66	Pulse	199	2219646	9068	0
gpl013	66	Response	16	2225056	14479	0
gpl013	66	Pulse	199	2229646	19068	0
gpl013	67	Picture	fix2	2235778	0	1	16579	1	0	next	other	0
gpl013	67	Pulse	199	2239646	3868	0
gpl013	67	Pulse	199	2249646	13868	0
gpl013	68	Picture	feedback	2252358	0	1	20393	1	0	next	other	0
gpl013	68	Pulse	199	2259646	7288	0
gpl013	68	Pulse	199	2269646	17288	0
gpl013	69	Picture	fix	2272750	0	1	29677	1	0	next	other	0
gpl013	69	Pulse	199	2279646	6896	0
gpl013	69	Pulse	199	2289646	16896	0
gpl013	69	Pulse	199	2299646	26895	0
gpl013	71	Picture	stim	2302427	0	1	25035	1	0	25000	incorrect	156
gpl013	71	Pulse	199	2309646	7219	0
gpl013	71	Pulse	199	2319646	17219	0
gpl013	71	Response	32	2321846	19419	0
gpl013	72	Picture	fix2	2327462	0	1	23377	1	0	next	other	0
gpl013	72	Pulse	199	2329646	2184	0
gpl013	72	Pulse	199	2339646	12184	0
gpl013	72	Pulse	199	2349646	22184	0
gpl013	73	Picture	feedback	2350839	0	1	20061	1	0	next	other	0
gpl013	73	Pulse	199	2359646	8807	0
gpl013	73	Pulse	199	2369646	18807	0
gpl013	74	Picture	fix	2370900	0	1	24537	1	0	next	other	0
gpl013	74	Pulse	199	2379647	8747	0
gpl013	74	Pulse	199	2389647	18747	0
gpl013	76	Picture	stim	2395437	0	1	25035	1	0	25000	incorrect	170
gpl013	76	Pulse	199	2399646	4208	0
gpl013	76	Pulse	199	2409647	14210	0
gpl013	76	Response	32	2417347	21909	0
gpl013	76	Pulse	199	2419646	24209	0
gpl013	77	Picture	fix2	2420472	0	1	20061	1	0	next	other	0
gpl013	77	Pulse	199	2429646	9174	0
gpl013	77	Pulse	199	2439646	19173	0
gpl013	78	Picture	feedback	2440533	0	1	20061	1	0	next	other	0
gpl013	78	Pulse	199	2449646	9113	0
gpl013	78	Pulse	199	2459647	19113	0
gpl013	79	Picture	fix	2460594	0	1	22714	1	0	next	other	0
gpl013	79	Pulse	199	2469646	9051	0
gpl013	79	Pulse	199	2479647	19052	0
gpl013	81	Picture	stim	2483308	0	1	25035	1	0	25000	hit	184
gpl013	81	Pulse	199	2489646	6338	0
gpl013	81	Pulse	199	2499646	16338	0
gpl013	81	Response	16	2503986	20678	0
gpl013	82	Picture	fix2	2508343	0	1	16579	1	0	next	other	0
gpl013	82	Pulse	199	2509646	1303	0
gpl013	82	Pulse	199	2519646	11303	0
gpl013	83	Picture	feedback	2524922	0	1	20061	1	0	next	other	0
gpl013	83	Pulse	199	2529646	4724	0
gpl013	83	Pulse	199	2539646	14723	0
gpl013	84	Picture	fix	2544983	0	1	23377	1	0	next	other	0
gpl013	84	Pulse	199	2549647	4663	0
gpl013	84	Pulse	199	2559646	14663	0
gpl013	86	Picture	stim	2568360	0	1	25035	1	0	25000	incorrect	197
gpl013	86	Pulse	199	2569646	1286	0
gpl013	86	Pulse	199	2579646	11286	0
gpl013	86	Response	32	2585576	17216	0
gpl013	86	Pulse	199	2589646	21286	0
gpl013	87	Picture	fix2	2593395	0	1	13263	1	0	next	other	0
gpl013	87	Pulse	199	2599647	6252	0
gpl013	88	Picture	feedback	2606659	0	1	20061	1	0	next	other	0
gpl013	88	Pulse	199	2609646	2987	0
gpl013	88	Pulse	199	2619646	12988	0
gpl013	89	Picture	fix	2626720	0	1	29180	1	0	next	other	0
gpl013	89	Pulse	199	2629646	2927	0
gpl013	89	Pulse	199	2639646	12926	0
gpl013	89	Pulse	199	2649647	22927	0
gpl013	91	Picture	stim	2655899	0	1	25035	1	0	25000	hit	211
gpl013	91	Pulse	199	2659647	3747	0
gpl013	91	Pulse	199	2669646	13747	0
gpl013	91	Response	16	2674286	18387	0
gpl013	91	Pulse	199	2679646	23747	0
gpl013	92	Picture	fix2	2680934	0	1	21387	1	0	next	other	0
gpl013	92	Pulse	199	2689647	8712	0
gpl013	92	Pulse	199	2699647	18713	0
gpl013	93	Picture	feedback	2702321	0	1	20061	1	0	next	other	0
gpl013	93	Pulse	199	2709646	7325	0
gpl013	93	Pulse	199	2719647	17325	0
gpl013	94	Picture	fix	2722382	0	1	26361	1	0	next	other	0
gpl013	94	Pulse	199	2729647	7264	0
gpl013	94	Pulse	199	2739646	17264	0
gpl013	96	Picture	stim	2748744	0	1	25035	1	0	25000	hit	226
gpl013	96	Pulse	199	2749646	902	0
gpl013	96	Pulse	199	2759646	10903	0
gpl013	96	Pulse	199	2769646	20903	0
gpl013	96	Response	16	2769687	20944	0
gpl013	97	Picture	fix2	2773944	0	1	11108	1	0	next	other	0
gpl013	97	Pulse	199	2779646	5702	0
gpl013	98	Picture	feedback	2785052	0	1	20061	1	0	next	other	0
gpl013	98	Pulse	199	2789646	4594	0
gpl013	98	Pulse	199	2799647	14594	0
gpl013	99	Picture	fix	2805113	0	1	28848	1	0	next	other	0
gpl013	99	Pulse	199	2809646	4533	0
gpl013	99	Pulse	199	2819646	14533	0
gpl013	99	Pulse	199	2829646	24533	0
gpl013	101	Picture	stim	2833962	0	1	25035	1	0	25000	hit	239
gpl013	101	Pulse	199	2839647	5685	0
gpl013	101	Pulse	199	2849646	15684	0
gpl013	101	Response	16	2853767	19805	0
gpl013	102	Picture	fix2	2858996	0	1	20558	1	0	next	other	0
gpl013	102	Pulse	199	2859647	650	0
gpl013	102	Pulse	199	2869647	10650	0
gpl013	103	Picture	feedback	2879555	0	1	20061	1	0	next	other	0
gpl013	103	Pulse	199	2879646	92	0
gpl013	103	Pulse	199	2889646	10091	0
gpl013	104	Picture	fix	2899616	0	1	26859	1	0	next	other	0
gpl013	104	Pulse	199	2899647	31	0
gpl013	104	Pulse	199	2909647	10031	0
gpl013	104	Pulse	199	2919646	20030	0
gpl013	106	Picture	stim	2926474	0	1	25035	1	0	25000	hit	253
gpl013	106	Pulse	199	2929647	3172	0
gpl013	106	Pulse	199	2939646	13172	0
gpl013	106	Response	16	2948116	21642	0
gpl013	106	Pulse	199	2949646	23172	0
gpl013	107	Picture	fix2	2951675	0	1	16745	1	0	next	other	0
gpl013	107	Pulse	199	2959647	7972	0
gpl013	108	Picture	feedback	2968420	0	1	20061	1	0	next	other	0
gpl013	108	Pulse	199	2969647	1226	0
gpl013	108	Pulse	199	2979647	11226	0
gpl013	109	Picture	fix	2988481	0	1	33324	1	0	next	other	0
gpl013	109	Pulse	199	2989646	1165	0
gpl013	109	Pulse	199	2999647	11166	0
gpl013	109	Pulse	199	3009646	21165	0
gpl013	109	Pulse	199	3019646	31165	0
gpl013	111	Picture	stim	3021805	0	1	25035	1	0	25000	hit	267
gpl013	111	Pulse	199	3029647	7842	0
gpl013	111	Response	16	3035416	13611	0
gpl013	111	Pulse	199	3039647	17841	0
gpl013	112	Picture	fix2	3047006	0	1	22051	1	0	next	other	0
gpl013	112	Pulse	199	3049647	2640	0
gpl013	112	Pulse	199	3059646	12640	0
gpl013	113	Picture	feedback	3069057	0	1	20061	1	0	next	other	0
gpl013	113	Pulse	199	3069647	590	0
gpl013	113	Pulse	199	3079647	10590	0
gpl013	114	Picture	fix	3089118	0	1	25366	1	0	next	other	0
gpl013	114	Pulse	199	3089646	528	0
gpl013	114	Pulse	199	3099647	10529	0
gpl013	114	Pulse	199	3109647	20529	0
gpl013	116	Picture	stim	3114484	0	1	25035	1	0	25000	hit	282
gpl013	116	Pulse	199	3119647	5163	0
gpl013	116	Pulse	199	3129646	15162	0
gpl013	116	Response	16	3133177	18692	0
gpl013	116	Pulse	199	3139647	25163	0
gpl013	117	Picture	fix2	3139685	0	1	22548	1	0	next	other	0
gpl013	117	Pulse	199	3149647	9962	0
gpl013	117	Pulse	199	3159646	19961	0
gpl013	118	Picture	feedback	3162233	0	1	20061	1	0	next	other	0
gpl013	118	Pulse	199	3169647	7414	0
gpl013	118	Pulse	199	3179646	17414	0
gpl013	119	Picture	fix	3182294	0	1	32164	1	0	next	other	0
gpl013	119	Pulse	199	3189647	7353	0
gpl013	119	Pulse	199	3199646	17353	0
gpl013	119	Pulse	199	3209647	27353	0
gpl013	121	Picture	stim	3214458	0	1	25035	1	0	25000	incorrect	296
gpl013	121	Pulse	199	3219647	5189	0
gpl013	121	Response	32	3228746	14288	0
gpl013	121	Pulse	199	3229646	15188	0
gpl013	122	Picture	fix2	3239493	0	1	20392	1	0	next	other	0
gpl013	122	Pulse	199	3239647	154	0
gpl013	122	Pulse	199	3249647	10154	0
gpl013	122	Pulse	199	3259646	20154	0
gpl013	123	Picture	feedback	3259885	0	1	20061	1	0	next	other	0
gpl013	123	Pulse	199	3269646	9761	0
gpl013	123	Pulse	199	3279647	19762	0
gpl013	124	Picture	fix	3279946	0	1	22382	1	0	next	other	0
gpl013	124	Pulse	199	3289647	9700	0
gpl013	124	Pulse	199	3299646	19700	0
gpl013	126	Picture	stim	3302328	0	1	25035	1	0	25000	incorrect	311
gpl013	126	Pulse	199	3309647	7319	0
gpl013	126	Pulse	199	3319646	17318	0
gpl013	126	Response	32	3323627	21299	0
gpl013	127	Picture	fix2	3327363	0	1	21719	1	0	next	other	0
gpl013	127	Pulse	199	3329646	2283	0
gpl013	127	Pulse	199	3339646	12283	0
gpl013	128	Picture	feedback	3349082	0	1	20061	1	0	next	other	0
gpl013	128	Pulse	199	3349647	564	0
gpl013	128	Pulse	199	3359646	10564	0
gpl013	129	Picture	fix	3369143	0	1	24703	1	0	next	other	0
gpl013	129	Pulse	199	3369646	503	0
gpl013	129	Pulse	199	3379647	10504	0
gpl013	129	Pulse	199	3389648	20505	0
gpl013	131	Picture	stim	3393846	0	1	25035	1	0	25000	hit	325
gpl013	131	Pulse	199	3399647	5800	0
gpl013	131	Pulse	199	3409647	15801	0
gpl013	131	Response	16	3412476	18630	0
gpl013	132	Picture	fix2	3418881	0	1	16082	1	0	next	other	0
gpl013	132	Pulse	199	3419647	766	0
gpl013	132	Pulse	199	3429647	10766	0
gpl013	133	Picture	feedback	3434963	0	1	20061	1	0	next	other	0
gpl013	133	Pulse	199	3439647	4684	0
gpl013	133	Pulse	199	3449647	14684	0
gpl013	134	Picture	fix	3455024	0	1	22216	1	0	next	other	0
gpl013	134	Pulse	199	3459647	4623	0
gpl013	134	Pulse	199	3469646	14622	0
gpl013	136	Picture	stim	3477240	0	1	25035	1	0	25000	hit	338
gpl013	136	Pulse	199	3479647	2407	0
gpl013	136	Pulse	199	3489647	12407	0
gpl013	136	Response	16	3499607	22366	0
gpl013	136	Pulse	199	3499646	22406	0
gpl013	137	Picture	fix2	3502441	0	1	29346	1	0	next	other	0
gpl013	137	Pulse	199	3509646	7205	0
gpl013	137	Pulse	199	3519647	17206	0
gpl013	137	Pulse	199	3529647	27206	0
gpl013	138	Picture	feedback	3531787	0	1	20061	1	0	next	other	0
gpl013	138	Pulse	199	3539646	7860	0
gpl013	138	Pulse	199	3549647	17860	0
gpl013	139	Picture	fix	3551848	0	1	29346	1	0	next	other	0
gpl013	139	Pulse	199	3559647	7799	0
gpl013	139	Pulse	199	3569646	17799	0
gpl013	139	Pulse	199	3579646	27799	0
gpl013	141	Picture	stim	3581193	0	1	25035	1	0	25000	hit	354
gpl013	141	Pulse	199	3589647	8454	0
gpl013	141	Pulse	199	3599647	18454	0
gpl013	141	Response	16	3602547	21354	0
gpl013	142	Picture	fix2	3606228	0	1	21885	1	0	next	other	0
gpl013	142	Pulse	199	3609646	3419	0
gpl013	142	Pulse	199	3619647	13419	0
gpl013	143	Picture	feedback	3628113	0	1	20061	1	0	next	other	0
gpl013	143	Pulse	199	3629647	1534	0
gpl013	143	Pulse	199	3639647	11534	0
gpl013	144	Picture	fix	3648174	0	1	24703	1	0	next	other	0
gpl013	144	Pulse	199	3649647	1473	0
gpl013	144	Pulse	199	3659647	11473	0
gpl013	144	Pulse	199	3669646	21473	0
gpl013	146	Picture	stim	3672877	0	1	25035	1	0	25000	hit	367
gpl013	146	Pulse	199	3679646	6769	0
gpl013	146	Response	16	3688067	15190	0
gpl013	146	Pulse	199	3689646	16769	0
gpl013	147	Picture	fix2	3697912	0	1	26195	1	0	next	other	0
gpl013	147	Pulse	199	3699647	1735	0
gpl013	147	Pulse	199	3709646	11735	0
gpl013	147	Pulse	199	3719646	21735	0
gpl013	148	Picture	feedback	3724107	0	1	20061	1	0	next	other	0
gpl013	148	Pulse	199	3729647	5540	0
gpl013	148	Pulse	199	3739647	15539	0
gpl013	149	Picture	fix	3744168	0	1	21387	1	0	next	other	0
gpl013	149	Pulse	199	3749656	5488	0
gpl013	149	Pulse	199	3759647	15479	0
gpl013	151	Picture	stim	3765555	0	1	25035	1	0	25000	incorrect	382
gpl013	151	Pulse	199	3769656	4101	0
gpl013	151	Pulse	199	3779646	14091	0
gpl013	151	Response	32	3786937	21381	0
gpl013	151	Pulse	199	3789647	24091	0
gpl013	152	Picture	fix2	3790590	0	1	15916	1	0	next	other	0
gpl013	152	Pulse	199	3799657	9067	0
gpl013	153	Picture	feedback	3806507	0	1	20061	1	0	next	other	0
gpl013	153	Pulse	199	3809657	3150	0
gpl013	153	Pulse	199	3819646	13139	0
gpl013	154	Picture	fix	3826567	0	1	23377	1	0	next	other	0
gpl013	154	Pulse	199	3829657	3090	0
gpl013	154	Pulse	199	3839657	13089	0
gpl013	154	Pulse	199	3849656	23089	0
gpl013	156	Picture	stim	3849944	0	1	25035	1	0	25000	hit	395
gpl013	156	Pulse	199	3859657	9713	0
gpl013	156	Response	16	3867216	17272	0
gpl013	156	Pulse	199	3869656	19712	0
gpl013	157	Picture	fix2	3874979	0	1	24206	1	0	next	other	0
gpl013	157	Pulse	199	3879657	4678	0
gpl013	157	Pulse	199	3889656	14677	0
gpl013	158	Picture	feedback	3899185	0	1	20061	1	0	next	other	0
gpl013	158	Pulse	199	3899657	472	0
gpl013	158	Pulse	199	3909657	10472	0
gpl013	159	Picture	fix	3919246	0	1	28848	1	0	next	other	0
gpl013	159	Pulse	199	3919657	410	0
gpl013	159	Pulse	199	3929657	10411	0
gpl013	159	Pulse	199	3939657	20411	0
gpl013	161	Picture	stim	3948094	0	1	25035	1	0	25000	hit	410
gpl013	161	Pulse	199	3949657	1563	0
gpl013	161	Pulse	199	3959656	11562	0
gpl013	161	Response	16	3963137	15042	0
gpl013	161	Pulse	199	3969657	21563	0
gpl013	162	Picture	fix2	3973129	0	1	13927	1	0	next	other	0
gpl013	162	Pulse	199	3979657	6528	0
gpl013	163	Picture	feedback	3987056	0	1	20061	1	0	next	other	0
gpl013	163	Pulse	199	3989656	2601	0
gpl013	163	Pulse	199	3999657	12601	0
gpl013	164	Picture	fix	4007117	0	1	20061	1	0	next	other	0
gpl013	164	Pulse	199	4009657	2540	0
gpl013	164	Pulse	199	4019657	12540	0
gpl013	166	Picture	stim	4027178	0	1	25035	1	0	25000	hit	423
gpl013	166	Pulse	199	4029657	2479	0
gpl013	166	Pulse	199	4039657	12479	0
gpl013	166	Response	16	4040987	13809	0
gpl013	166	Pulse	199	4049657	22479	0
gpl013	167	Picture	fix2	4052213	0	1	26361	1	0	next	other	0
gpl013	167	Pulse	199	4059657	7444	0
gpl013	167	Pulse	199	4069657	17445	0
gpl013	168	Picture	feedback	4078574	0	1	20061	1	0	next	other	0
gpl013	168	Pulse	199	4079657	1084	0
gpl013	168	Pulse	199	4089656	11082	0
gpl013	169	Picture	fix	4098635	0	1	16248	1	0	next	other	0
gpl013	169	Pulse	199	4099657	1023	0
gpl013	169	Pulse	199	4109657	11022	0
gpl013	171	Picture	stim	4114883	0	1	25035	1	0	25000	hit	437
gpl013	171	Pulse	199	4119657	4774	0
gpl013	171	Pulse	199	4129657	14774	0
gpl013	171	Response	16	4132407	17525	0
gpl013	171	Pulse	199	4139657	24774	0
gpl013	172	Picture	fix2	4140083	0	1	21553	1	0	next	other	0
gpl013	172	Pulse	199	4149657	9574	0
gpl013	172	Pulse	199	4159657	19574	0
gpl013	173	Picture	feedback	4161636	0	1	20061	1	0	next	other	0
gpl013	173	Pulse	199	4169657	8021	0
gpl013	173	Pulse	199	4179658	18021	0
gpl013	174	Picture	fix	4181697	0	1	17408	1	0	next	other	0
gpl013	174	Pulse	199	4189658	7961	0
gpl013	176	Picture	stim	4199106	0	1	25035	2	0	25000	hit	450
gpl013	176	Pulse	199	4199657	551	0
gpl013	176	Pulse	199	4209658	10552	0
gpl013	176	Response	16	4214497	15392	0
gpl013	176	Pulse	199	4219657	20552	0
gpl013	177	Picture	fix2	4224306	0	1	23543	1	0	next	other	0
gpl013	177	Pulse	199	4229657	5351	0
gpl013	177	Pulse	199	4239657	15351	0
gpl013	178	Picture	feedback	4247849	0	1	20061	1	0	next	other	0
gpl013	178	Pulse	199	4249658	1809	0
gpl013	178	Pulse	199	4259657	11808	0
gpl013	179	Picture	fix	4267910	0	1	23708	1	0	next	other	0
gpl013	179	Pulse	199	4269657	1747	0
gpl013	179	Pulse	199	4279658	11748	0
gpl013	179	Pulse	199	4289658	21748	0
gpl013	181	Picture	stim	4291618	0	1	25035	1	0	25000	hit	465
gpl013	181	Pulse	199	4299657	8039	0
gpl013	181	Pulse	199	4309658	18039	0
gpl013	181	Response	16	4311817	20198	0
gpl013	182	Picture	fix2	4316653	0	1	24372	1	0	next	other	0
gpl013	182	Pulse	199	4319658	3004	0
gpl013	182	Pulse	199	4329658	13004	0
gpl013	182	Pulse	199	4339657	23003	0
gpl013	183	Picture	feedback	4341025	0	1	20061	1	0	next	other	0
gpl013	183	Pulse	199	4349658	8633	0
gpl013	183	Pulse	199	4359658	18633	0
gpl013	184	Picture	fix	4361086	0	1	29014	1	0	next	other	0
gpl013	184	Pulse	199	4369657	8571	0
gpl013	184	Pulse	199	4379658	18572	0
gpl013	184	Pulse	199	4389658	28572	0
gpl013	186	Picture	stim	4390100	0	1	25035	1	0	25000	hit	479
gpl013	186	Pulse	199	4399657	9557	0
gpl013	186	Response	16	4406858	16758	0
gpl013	186	Pulse	199	4409657	19557	0
gpl013	187	Picture	fix2	4415135	0	1	16414	1	0	next	other	0
gpl013	187	Pulse	199	4419658	4523	0
gpl013	187	Pulse	199	4429657	14523	0
gpl013	188	Picture	feedback	4431548	0	1	20061	1	0	next	other	0
gpl013	188	Pulse	199	4439657	8109	0
gpl013	188	Pulse	199	4449658	18110	0
gpl013	189	Picture	fix	4451609	0	1	35977	1	0	next	other	0
gpl013	189	Pulse	199	4459658	8049	0
gpl013	189	Pulse	199	4469658	18049	0
gpl013	189	Pulse	199	4479656	28047	0
gpl013	191	Picture	stim	4487586	0	1	25035	1	0	25000	hit	494
gpl013	191	Pulse	199	4489658	2071	0
gpl013	191	Pulse	199	4499658	12071	0
gpl013	191	Response	16	4500197	12611	0
gpl013	191	Pulse	199	4509657	22070	0
gpl013	192	Picture	fix2	4512621	0	1	25864	1	0	next	other	0
gpl013	192	Pulse	199	4519658	7037	0
gpl013	192	Pulse	199	4529657	17036	0
gpl013	193	Picture	feedback	4538485	0	1	20061	1	0	next	other	0
gpl013	193	Pulse	199	4539657	1172	0
gpl013	193	Pulse	199	4549658	11173	0
gpl013	194	Picture	fix	4558546	0	1	26859	1	0	next	other	0
gpl013	194	Pulse	199	4559658	1112	0
gpl013	194	Pulse	199	4569658	11112	0
gpl013	194	Pulse	199	4579657	21111	0
gpl013	196	Picture	stim	4585405	0	1	25035	1	0	25000	hit	509
gpl013	196	Pulse	199	4589658	4253	0
gpl013	196	Pulse	199	4599657	14253	0
gpl013	196	Response	16	4604267	18862	0
gpl013	196	Pulse	199	4609657	24252	0
gpl013	197	Picture	fix2	4610439	0	1	17243	1	0	next	other	0
gpl013	197	Pulse	199	4619658	9219	0
gpl013	198	Picture	feedback	4627682	0	1	20061	1	0	next	other	0
gpl013	198	Pulse	199	4629658	1976	0
gpl013	198	Pulse	199	4639658	11976	0
gpl013	199	Picture	fix	4647743	0	1	28516	1	0	next	other	0
gpl013	199	Pulse	199	4649657	1914	0
gpl013	199	Pulse	199	4659658	11915	0
gpl013	199	Pulse	199	4669658	21915	0
gpl013	201	Picture	stim	4676259	0	1	25035	1	0	25000	incorrect	523
gpl013	201	Pulse	199	4679657	3398	0
gpl013	201	Pulse	199	4689658	13398	0
gpl013	201	Response	32	4693247	16987	0
gpl013	201	Pulse	199	4699658	23398	0
gpl013	202	Picture	fix2	4701294	0	1	14590	1	0	next	other	0
gpl013	202	Pulse	199	4709658	8363	0
gpl013	203	Picture	feedback	4715884	0	1	20061	1	0	next	other	0
gpl013	203	Pulse	199	4719657	3773	0
gpl013	203	Pulse	199	4729658	13774	0
gpl013	204	Picture	fix	4735945	0	1	19066	1	0	next	other	0
gpl013	204	Pulse	199	4739658	3713	0
gpl013	204	Pulse	199	4749657	13712	0
gpl013	206	Picture	stim	4755011	0	1	25201	1	0	25000	miss	0
gpl013	206	Pulse	199	4759658	4646	0
gpl013	206	Pulse	199	4769658	14647	0
gpl013	206	Pulse	199	4779658	24646	0
gpl013	207	Picture	fix2	4780212	0	1	15916	1	0	next	other	0
gpl013	207	Response	16	4782598	2386	0
gpl013	207	Pulse	199	4789657	9445	0
gpl013	208	Picture	feedback	4796128	0	1	20061	1	0	next	other	0
gpl013	208	Pulse	199	4799658	3530	0
gpl013	208	Pulse	199	4809658	13529	0
gpl013	209	Picture	fix	4816189	0	1	31169	1	0	next	other	0
gpl013	209	Pulse	199	4819657	3468	1
gpl013	209	Pulse	199	4829658	13469	0
gpl013	209	Pulse	199	4839658	23469	0
gpl013	211	Picture	stim	4847358	0	1	25035	1	0	25000	hit	550
gpl013	211	Pulse	199	4849658	2299	0
gpl013	211	Pulse	199	4859657	12299	0
gpl013	211	Response	16	4862227	14869	0
gpl013	211	Pulse	199	4869658	22299	0
gpl013	212	Picture	fix2	4872559	0	1	22201	182	0	next	other	0
gpl013	212	Pulse	199	4879658	7099	0
gpl013	212	Pulse	199	4889657	17098	0
gpl013	213	Picture	feedback	4894760	0	182	20076	182	0	next	other	0
gpl013	213	Pulse	199	4899658	4897	0
gpl013	213	Pulse	199	4909658	14898	0
gpl013	214	Picture	fix	4914836	0	1	26858	1	0	next	other	0
gpl013	214	Pulse	199	4919658	4821	0
gpl013	214	Pulse	199	4929657	14821	0
gpl013	214	Pulse	199	4939658	24821	0
gpl013	216	Picture	stim	4941695	0	1	25035	1	0	25000	hit	565
gpl013	216	Pulse	199	4949658	7963	0
gpl013	216	Pulse	199	4959657	17962	0
gpl013	216	Response	16	4961828	20133	0
gpl013	217	Picture	fix2	4966730	0	1	12932	1	0	next	other	0
gpl013	217	Pulse	199	4969658	2928	0
gpl013	217	Pulse	199	4979657	12927	0
gpl013	218	Picture	feedback	4979662	0	1	20061	1	0	next	other	0
gpl013	218	Pulse	199	4989657	9995	0
gpl013	218	Pulse	199	4999657	19996	0
gpl013	219	Picture	fix	4999723	0	1	30838	1	0	next	other	0
gpl013	219	Pulse	199	5009658	9935	0
gpl013	219	Pulse	199	5019657	19934	0
gpl013	219	Pulse	199	5029657	29934	0
gpl013	221	Picture	stim	5030560	0	1	25035	1	0	25000	hit	578
gpl013	221	Pulse	199	5039658	9097	0
gpl013	221	Response	16	5045937	15377	0
gpl013	221	Pulse	199	5049657	19097	0
gpl013	222	Picture	fix2	5055761	0	1	27688	1	0	next	other	0
gpl013	222	Pulse	199	5059657	3896	0
gpl013	222	Pulse	199	5069658	13897	0
gpl013	222	Pulse	199	5079658	23897	0
gpl013	223	Picture	feedback	5083448	0	1	20061	1	0	next	other	0
gpl013	223	Pulse	199	5089658	6209	0
gpl013	223	Pulse	199	5099657	16209	0
gpl013	224	Picture	fix	5103510	0	1	20227	1	0	next	other	0
gpl013	224	Pulse	199	5109658	6148	0
gpl013	224	Pulse	199	5119658	16148	0
gpl013	226	Picture	stim	5123736	0	1	25035	1	0	25000	incorrect	592
gpl013	226	Pulse	199	5129657	5921	0
gpl013	226	Response	32	5136838	13102	0
gpl013	226	Pulse	199	5139658	15921	0
gpl013	227	Picture	fix2	5148771	0	1	18072	1	0	next	other	0
gpl013	227	Pulse	199	5149658	887	0
gpl013	227	Pulse	199	5159657	10886	0
gpl013	228	Picture	feedback	5166843	0	1	20061	1	0	next	other	0
gpl013	228	Pulse	199	5169657	2815	0
gpl013	228	Pulse	199	5179658	12815	0
gpl013	229	Picture	fix	5186904	0	1	26030	1	0	next	other	0
gpl013	229	Pulse	199	5189658	2755	0
gpl013	229	Pulse	199	5199657	12754	0
gpl013	229	Pulse	199	5209658	22755	0
gpl013	231	Picture	stim	5212933	0	1	25035	1	0	25000	hit	606
gpl013	231	Pulse	199	5219658	6725	0
gpl013	231	Response	16	5224678	11745	0
gpl013	231	Pulse	199	5229657	16724	0
gpl013	232	Picture	fix2	5238134	0	1	21387	1	0	next	other	0
gpl013	232	Pulse	199	5239658	1524	0
gpl013	232	Pulse	199	5249658	11524	0
gpl013	233	Picture	feedback	5259521	0	1	20061	1	0	next	other	0
gpl013	233	Pulse	199	5259658	137	0
gpl013	233	Pulse	199	5269657	10136	0
gpl013	234	Picture	fix	5279582	0	1	18568	2	0	next	other	0
gpl013	234	Pulse	199	5279658	76	0
gpl013	234	Pulse	199	5289658	10076	0
gpl013	236	Picture	stim	5298151	0	1	25035	2	0	25000	hit	620
gpl013	236	Pulse	199	5299658	1507	0
gpl013	236	Pulse	199	5309657	11507	0
gpl013	236	Response	16	5317498	19348	0
gpl013	236	Pulse	199	5319658	21508	0
gpl013	237	Picture	fix2	5323352	0	1	29014	1	0	next	other	0
gpl013	237	Pulse	199	5329659	6307	0
gpl013	237	Pulse	199	5339657	16306	0
gpl013	237	Pulse	199	5349658	26306	0
gpl013	238	Picture	feedback	5352366	0	1	20061	1	0	next	other	0
gpl013	238	Pulse	199	5359658	7293	0
gpl013	238	Pulse	199	5369658	17292	0
gpl013	239	Picture	fix	5372427	0	1	25201	1	0	next	other	0
gpl013	239	Pulse	199	5379658	7231	0
gpl013	239	Pulse	199	5389658	17231	0
gpl013	241	Picture	stim	5397627	0	1	25035	1	0	25000	hit	635
gpl013	241	Pulse	199	5399658	2031	0
gpl013	241	Pulse	199	5409658	12031	0
gpl013	241	Response	16	5413248	15621	0
gpl013	241	Pulse	199	5419658	22031	0
gpl013	242	Picture	fix2	5422662	0	1	14756	1	0	next	other	0
gpl013	242	Pulse	199	5429659	6997	0
gpl013	243	Picture	feedback	5437418	0	1	20061	1	0	next	other	0
gpl013	243	Pulse	199	5439658	2240	0
gpl013	243	Pulse	199	5449657	12240	0
gpl013	244	Picture	fix	5457479	0	1	30009	1	0	next	other	0
gpl013	244	Pulse	199	5459658	2180	0
gpl013	244	Pulse	199	5469658	12179	0
gpl013	244	Pulse	199	5479657	22179	0
gpl013	246	Picture	stim	5487487	0	1	25035	1	0	25000	incorrect	648
gpl013	246	Pulse	199	5489658	2171	0
gpl013	246	Response	32	5498728	11241	0
gpl013	246	Pulse	199	5499658	12171	0
gpl013	246	Pulse	199	5509657	22170	0
gpl013	247	Picture	fix2	5512522	0	1	18569	1	0	next	other	0
gpl013	247	Pulse	199	5519658	7136	0
gpl013	247	Pulse	199	5529658	17136	0
gpl013	248	Picture	feedback	5531091	0	1	20061	1	0	next	other	0
gpl013	248	Pulse	199	5539657	8566	0
gpl013	248	Pulse	199	5549657	18566	0
gpl013	249	Picture	fix	5551152	0	1	22051	1	0	next	other	0
gpl013	249	Pulse	199	5559659	8506	0
gpl013	249	Pulse	199	5569658	18506	0
gpl013	251	Picture	stim	5573203	0	1	25035	1	0	25000	hit	662
gpl013	251	Pulse	199	5579658	6455	0
gpl013	251	Response	16	5582918	9715	0
gpl013	251	Pulse	199	5589658	16456	0
gpl013	252	Picture	fix2	5598237	0	1	14092	1	0	next	other	0
gpl013	252	Pulse	199	5599659	1421	0
gpl013	252	Pulse	199	5609658	11420	0
gpl013	253	Picture	feedback	5612330	0	1	20061	1	0	next	other	0
gpl013	253	Pulse	199	5619668	7338	0
gpl013	253	Pulse	199	5629668	17338	0
gpl013	254	Picture	fix	5632391	0	1	19398	1	0	next	other	0
gpl013	254	Pulse	199	5639669	7278	0
gpl013	254	Pulse	199	5649668	17277	0
gpl013	256	Picture	stim	5651789	0	1	25035	1	0	25000	incorrect	675
gpl013	256	Pulse	199	5659659	7870	0
gpl013	256	Response	32	5665988	14199	0
gpl013	256	Pulse	199	5669668	17880	0
gpl013	257	Picture	fix2	5676989	0	1	15253	1	0	next	other	0
gpl013	257	Pulse	199	5679668	2679	0
gpl013	257	Pulse	199	5689668	12679	0
gpl013	258	Picture	feedback	5692242	0	1	20061	1	0	next	other	0
gpl013	258	Pulse	199	5699668	7426	0
gpl013	258	Pulse	199	5709668	17425	0
gpl013	259	Picture	fix	5712303	0	1	17740	1	0	next	other	0
gpl013	259	Pulse	199	5719668	7365	0
gpl013	259	Pulse	199	5729668	17365	0
gpl013	261	Picture	stim	5730043	0	1	25035	1	0	25000	hit	688
gpl013	261	Pulse	199	5739668	9625	0
gpl013	261	Response	16	5745818	15775	0
gpl013	261	Pulse	199	5749668	19624	0
gpl013	262	Picture	fix2	5755078	0	1	11606	1	0	next	other	0
gpl013	262	Pulse	199	5759668	4590	0
gpl013	263	Picture	feedback	5766684	0	1	20061	1	0	next	other	0
gpl013	263	Pulse	199	5769668	2984	0
gpl013	263	Pulse	199	5779668	12984	0
gpl013	264	Picture	fix	5786745	0	1	21885	1	0	next	other	0
gpl013	264	Pulse	199	5789668	2923	0
gpl013	264	Pulse	199	5799668	12923	0
gpl013	266	Picture	stim	5808630	0	1	25035	1	0	25000	incorrect	701
gpl013	266	Pulse	199	5809668	1039	0
gpl013	266	Pulse	199	5819668	11038	0
gpl013	266	Response	32	5822868	14239	0
gpl013	266	Pulse	199	5829668	21038	0
gpl013	267	Picture	fix2	5833830	0	1	17906	1	0	next	other	0
gpl013	267	Pulse	199	5839668	5838	0
gpl013	267	Pulse	199	5849668	15838	0
gpl013	268	Picture	feedback	5851736	0	1	20061	1	0	next	other	0
gpl013	268	Pulse	199	5859668	7932	0
gpl013	268	Pulse	199	5869668	17932	0
gpl013	269	Picture	100	5871797	0	1	250017	1	0	250000	other	0
gpl013	269	Pulse	199	5879668	7872	0
gpl013	269	Pulse	199	5889668	17871	0
gpl013	269	Pulse	199	5899668	27871	0
gpl013	269	Pulse	199	5909668	37871	0
gpl013	269	Pulse	199	5919668	47871	0
gpl013	269	Pulse	199	5929668	57871	0
gpl013	269	Pulse	199	5939668	67871	0
gpl013	269	Pulse	199	5949668	77872	0
gpl013	269	Pulse	199	5959668	87871	0
gpl013	269	Pulse	199	5969669	97872	0
gpl013	269	Pulse	199	5979669	107872	0
gpl013	269	Pulse	199	5989668	117871	0
gpl013	269	Pulse	199	5999668	127872	0
gpl013	269	Pulse	199	6009669	137872	0
gpl013	269	Pulse	199	6019668	147871	0
gpl013	269	Pulse	199	6029669	157872	0
gpl013	269	Pulse	199	6039668	167871	0
gpl013	269	Pulse	199	6049668	177872	0
gpl013	269	Pulse	199	6059668	187871	0
gpl013	269	Pulse	199	6069669	197872	0
gpl013	269	Pulse	199	6079669	207872	0
gpl013	269	Pulse	199	6089669	217872	0
