Scenario - FBL_B.sce
Logfile written - 04/28/2021 18:10:36

Subject	Trial	Event Type	Code	Time	TTime	Uncertainty	Duration	Uncertainty	ReqTime	ReqDur	Stim Type	Pair Index

gpl009	1	Response	32	212740	202575	0
gpl009	2	Picture	fix	212930	0	2	18735	2	0	next	other	0
gpl009	4	Picture	stim	231666	0	1	17077	1	0	next	incorrect	4
gpl009	4	Response	32	248632	16966	0
gpl009	5	Picture	feedback	248742	0	1	20061	1	0	next	other	0
gpl009	6	Picture	fix	268803	0	1	32164	1	0	next	other	0
gpl009	8	Picture	stim	300967	0	1	13927	1	0	next	hit	8
gpl009	8	Response	16	314810	13843	0
gpl009	9	Picture	feedback	314894	0	1	20061	1	0	next	other	0
gpl009	10	Picture	fix	334955	0	1	24703	1	0	next	other	0
gpl009	12	Picture	stim	359658	0	1	23543	1	0	next	hit	12
gpl009	12	Response	16	383100	23442	0
gpl009	13	Picture	feedback	383201	0	1	20061	1	0	next	other	0
gpl009	14	Picture	fix	403262	0	1	21387	1	0	next	other	0
gpl009	16	Picture	stim	424649	0	1	42941	1	0	next	incorrect	16
gpl009	16	Response	32	467520	42871	0
gpl009	17	Picture	feedback	467590	0	1	20061	1	0	next	other	0
gpl009	18	Picture	fix	487651	0	1	21885	1	0	next	other	0
gpl009	20	Picture	stim	509535	0	1	68970	1	0	next	hit	20
gpl009	20	Response	16	578410	68875	0
gpl009	21	Picture	feedback	578506	0	1	20061	1	0	next	other	0
gpl009	22	Picture	fix	598567	0	1	23543	1	0	next	other	0
gpl009	24	Picture	stim	622109	0	1	11440	1	0	next	incorrect	24
gpl009	24	Response	32	633370	11261	0
gpl009	25	Picture	feedback	633549	0	1	20005	222	0	next	other	0
gpl009	26	Response	32	753340	99786	0
gpl009	27	Picture	start	753418	0	1	705949	1	0	next	other	0
gpl009	27	Response	16	799801	46383	0
gpl009	28	Response	16	810680	7257	0
gpl009	28	Response	16	812120	8696	0
gpl009	28	Response	16	813560	10136	0
gpl009	28	Response	16	814841	11417	0
gpl009	28	Response	16	816121	12697	0
gpl009	28	Response	16	817561	14137	0
gpl009	28	Pulse	199	1459250	655827	0
gpl009	28	Pulse	199	1469250	665827	0
gpl009	28	Pulse	199	1479250	675826	0
gpl009	28	Pulse	199	1489250	685826	0
gpl009	28	Pulse	199	1499250	695826	0
gpl009	28	Pulse	199	1509250	705826	0
gpl009	29	Picture	fix	1509602	0	1	29014	1	0	next	other	0
gpl009	29	Pulse	199	1519250	9648	0
gpl009	29	Pulse	199	1529250	19648	0
gpl009	31	Picture	stim	1538616	0	1	25201	1	0	25000	miss	0
gpl009	31	Pulse	199	1539250	634	0
gpl009	31	Pulse	199	1549250	10634	0
gpl009	31	Pulse	199	1559250	20634	0
gpl009	32	Picture	fix2	1563817	0	1	18071	1	0	next	other	0
gpl009	32	Response	32	1568570	4754	0
gpl009	32	Pulse	199	1569250	5433	0
gpl009	32	Pulse	199	1579250	15434	0
gpl009	33	Picture	feedback	1581888	0	1	20061	1	0	next	other	0
gpl009	33	Pulse	199	1589251	7363	0
gpl009	33	Pulse	199	1599250	17362	0
gpl009	34	Picture	fix	1601949	0	1	31169	1	0	next	other	0
gpl009	34	Pulse	199	1609250	7301	0
gpl009	34	Pulse	199	1619250	17301	0
gpl009	34	Pulse	199	1629250	27301	0
gpl009	36	Picture	stim	1633118	0	1	25035	1	0	25000	incorrect	61
gpl009	36	Pulse	199	1639250	6132	0
gpl009	36	Response	32	1646990	13872	0
gpl009	36	Pulse	199	1649250	16131	0
gpl009	37	Picture	fix2	1658153	0	1	11606	1	0	next	other	0
gpl009	37	Pulse	199	1659250	1097	0
gpl009	37	Pulse	199	1669250	11097	0
gpl009	38	Picture	feedback	1669759	0	1	20061	1	0	next	other	0
gpl009	38	Pulse	199	1679250	9491	0
gpl009	38	Pulse	199	1689250	19491	0
gpl009	39	Picture	fix	1689820	0	1	20393	1	0	next	other	0
gpl009	39	Pulse	199	1699250	9430	0
gpl009	39	Pulse	199	1709250	19430	0
gpl009	41	Picture	stim	1710212	0	1	25035	1	0	25000	incorrect	74
gpl009	41	Pulse	199	1719250	9038	0
gpl009	41	Response	32	1727760	17548	0
gpl009	41	Pulse	199	1729250	19037	0
gpl009	42	Picture	fix2	1735247	0	1	18072	1	0	next	other	0
gpl009	42	Pulse	199	1739250	4003	0
gpl009	42	Pulse	199	1749250	14003	0
gpl009	43	Picture	feedback	1753318	0	1	20061	1	0	next	other	0
gpl009	43	Pulse	199	1759250	5932	0
gpl009	43	Pulse	199	1769250	15931	0
gpl009	44	Picture	fix	1773380	0	1	19398	1	0	next	other	0
gpl009	44	Pulse	199	1779250	5871	0
gpl009	44	Pulse	199	1789250	15870	0
gpl009	46	Picture	stim	1792777	0	1	25035	1	0	25000	incorrect	88
gpl009	46	Pulse	199	1799250	6473	0
gpl009	46	Pulse	199	1809250	16473	0
gpl009	46	Response	32	1810429	17652	0
gpl009	47	Picture	fix2	1817812	0	1	15253	1	0	next	other	0
gpl009	47	Pulse	199	1819250	1438	0
gpl009	47	Pulse	199	1829250	11438	0
gpl009	48	Picture	feedback	1833065	0	1	20061	1	0	next	other	0
gpl009	48	Pulse	199	1839250	6185	0
gpl009	48	Pulse	199	1849250	16185	0
gpl009	49	Picture	fix	1853126	0	1	30009	1	0	next	other	0
gpl009	49	Pulse	199	1859251	6125	0
gpl009	49	Pulse	199	1869250	16124	0
gpl009	49	Pulse	199	1879251	26124	0
gpl009	51	Picture	stim	1883135	0	1	25035	1	0	25000	incorrect	102
gpl009	51	Pulse	199	1889250	6116	0
gpl009	51	Pulse	199	1899250	16116	0
gpl009	51	Response	32	1899830	16696	0
gpl009	52	Picture	fix2	1908170	0	1	10777	1	0	next	other	0
gpl009	52	Pulse	199	1909250	1080	0
gpl009	53	Picture	feedback	1918946	0	1	20061	1	0	next	other	0
gpl009	53	Pulse	199	1919250	304	0
gpl009	53	Pulse	199	1929250	10304	0
gpl009	54	Picture	fix	1939007	0	1	28848	1	0	next	other	0
gpl009	54	Pulse	199	1939250	243	0
gpl009	54	Pulse	199	1949251	10243	0
gpl009	54	Pulse	199	1959250	20243	0
gpl009	56	Picture	stim	1967855	0	1	25035	1	0	25000	hit	115
gpl009	56	Pulse	199	1969250	1395	0
gpl009	56	Pulse	199	1979250	11395	0
gpl009	56	Response	16	1985220	17365	0
gpl009	56	Pulse	199	1989250	21395	0
gpl009	57	Picture	fix2	1992890	0	1	20061	1	0	next	other	0
gpl009	57	Pulse	199	1999251	6360	0
gpl009	57	Pulse	199	2009250	16360	0
gpl009	58	Picture	feedback	2012951	0	1	20061	1	0	next	other	0
gpl009	58	Pulse	199	2019251	6300	0
gpl009	58	Pulse	199	2029250	16299	0
gpl009	59	Picture	fix	2033012	0	1	27356	1	0	next	other	0
gpl009	59	Pulse	199	2039251	6239	0
gpl009	59	Pulse	199	2049250	16237	0
gpl009	59	Pulse	199	2059250	26238	0
gpl009	61	Picture	stim	2060368	0	1	25035	1	0	25000	incorrect	130
gpl009	61	Pulse	199	2069251	8883	0
gpl009	61	Pulse	199	2079250	18882	0
gpl009	61	Response	32	2081830	21462	0
gpl009	62	Picture	fix2	2085403	0	1	14590	1	0	next	other	0
gpl009	62	Pulse	199	2089250	3848	0
gpl009	62	Pulse	199	2099250	13848	0
gpl009	63	Picture	feedback	2099993	0	1	20061	1	0	next	other	0
gpl009	63	Pulse	199	2109250	9258	0
gpl009	63	Pulse	199	2119250	19257	0
gpl009	64	Picture	fix	2120054	0	1	22714	1	0	next	other	0
gpl009	64	Pulse	199	2129251	9197	0
gpl009	64	Pulse	199	2139250	19197	0
gpl009	66	Picture	stim	2142767	0	1	25035	1	0	25000	hit	143
gpl009	66	Pulse	199	2149250	6483	0
gpl009	66	Pulse	199	2159250	16483	0
gpl009	66	Response	16	2160190	17422	0
gpl009	67	Picture	fix2	2167802	0	1	20393	1	0	next	other	0
gpl009	67	Pulse	199	2169251	1448	0
gpl009	67	Pulse	199	2179250	11448	0
gpl009	68	Picture	feedback	2188195	0	1	20061	1	0	next	other	0
gpl009	68	Pulse	199	2189250	1055	0
gpl009	68	Pulse	199	2199250	11056	0
gpl009	69	Picture	fix	2208256	0	1	22051	1	0	next	other	0
gpl009	69	Pulse	199	2209251	995	0
gpl009	69	Pulse	199	2219250	10994	0
gpl009	69	Pulse	199	2229250	20995	0
gpl009	71	Picture	stim	2230306	0	1	25035	1	0	25000	incorrect	156
gpl009	71	Pulse	199	2239251	8944	0
gpl009	71	Response	32	2242670	12364	0
gpl009	71	Pulse	199	2249250	18944	0
gpl009	72	Picture	fix2	2255341	0	1	16745	1	0	next	other	0
gpl009	72	Pulse	199	2259250	3909	0
gpl009	72	Pulse	199	2269251	13909	0
gpl009	73	Picture	feedback	2272086	0	1	20061	1	0	next	other	0
gpl009	73	Pulse	199	2279251	7164	0
gpl009	73	Pulse	199	2289250	17163	0
gpl009	74	Picture	fix	2292147	0	1	24703	1	0	next	other	0
gpl009	74	Pulse	199	2299251	7103	0
gpl009	74	Pulse	199	2309250	17103	0
gpl009	76	Picture	stim	2316851	0	1	25035	1	0	25000	incorrect	170
gpl009	76	Pulse	199	2319250	2400	0
gpl009	76	Pulse	199	2329250	12399	0
gpl009	76	Response	32	2334160	17310	0
gpl009	76	Pulse	199	2339250	22400	0
gpl009	77	Picture	fix2	2341885	0	1	27688	1	0	next	other	0
gpl009	77	Pulse	199	2349251	7365	0
gpl009	77	Pulse	199	2359250	17365	0
gpl009	77	Pulse	199	2369250	27365	0
gpl009	78	Picture	feedback	2369573	0	1	20061	1	0	next	other	0
gpl009	78	Pulse	199	2379250	9678	0
gpl009	78	Pulse	199	2389250	19677	0
gpl009	79	Picture	fix	2389634	0	1	18569	1	0	next	other	0
gpl009	79	Pulse	199	2399251	9617	0
gpl009	81	Picture	stim	2408203	0	1	25035	1	0	25000	incorrect	183
gpl009	81	Pulse	199	2409251	1048	0
gpl009	81	Response	32	2417970	9767	0
gpl009	81	Pulse	199	2419250	11048	0
gpl009	81	Pulse	199	2429250	21047	0
gpl009	82	Picture	fix2	2433403	0	1	23377	1	0	next	other	0
gpl009	82	Pulse	199	2439251	5847	0
gpl009	82	Pulse	199	2449250	15847	0
gpl009	83	Picture	feedback	2456780	0	1	20061	1	0	next	other	0
gpl009	83	Pulse	199	2459250	2470	0
gpl009	83	Pulse	199	2469251	12470	0
gpl009	84	Picture	fix	2476841	0	1	28848	1	0	next	other	0
gpl009	84	Pulse	199	2479251	2409	0
gpl009	84	Pulse	199	2489250	12409	0
gpl009	84	Pulse	199	2499250	22409	0
gpl009	86	Picture	stim	2505689	0	1	25035	1	0	25000	incorrect	199
gpl009	86	Pulse	199	2509251	3561	0
gpl009	86	Pulse	199	2519260	13571	0
gpl009	86	Response	32	2526720	21030	0
gpl009	86	Pulse	199	2529250	23561	0
gpl009	87	Picture	fix2	2530724	0	1	11108	1	0	next	other	0
gpl009	87	Pulse	199	2539251	8527	0
gpl009	88	Picture	feedback	2541832	0	1	20061	1	0	next	other	0
gpl009	88	Pulse	199	2549251	7418	0
gpl009	88	Pulse	199	2559250	17418	0
gpl009	89	Picture	fix	2561893	0	1	25201	1	0	next	other	0
gpl009	89	Pulse	199	2569250	7357	0
gpl009	89	Pulse	199	2579260	17367	0
gpl009	91	Picture	stim	2587094	0	1	25035	1	0	25000	incorrect	212
gpl009	91	Pulse	199	2589251	2157	0
gpl009	91	Pulse	199	2599260	12166	0
gpl009	91	Response	32	2608541	21447	0
gpl009	91	Pulse	199	2609261	22167	0
gpl009	92	Picture	fix2	2612129	0	1	12932	1	0	next	other	0
gpl009	92	Pulse	199	2619261	7132	0
gpl009	93	Picture	feedback	2625061	0	1	20061	1	0	next	other	0
gpl009	93	Pulse	199	2629261	4200	0
gpl009	93	Pulse	199	2639261	14200	0
gpl009	94	Picture	fix	2645122	0	1	28019	1	0	next	other	0
gpl009	94	Pulse	199	2649261	4139	0
gpl009	94	Pulse	199	2659261	14139	0
gpl009	94	Pulse	199	2669260	24138	0
gpl009	96	Picture	stim	2673141	0	1	25035	1	0	25000	incorrect	225
gpl009	96	Pulse	199	2679261	6120	0
gpl009	96	Response	32	2687021	13880	0
gpl009	96	Pulse	199	2689261	16120	0
gpl009	97	Picture	fix2	2698176	0	1	22548	1	0	next	other	0
gpl009	97	Pulse	199	2699261	1085	0
gpl009	97	Pulse	199	2709260	11084	0
gpl009	97	Pulse	199	2719261	21085	0
gpl009	98	Picture	feedback	2720724	0	1	20061	1	0	next	other	0
gpl009	98	Pulse	199	2729261	8537	0
gpl009	98	Pulse	199	2739260	18537	0
gpl009	99	Picture	fix	2740785	0	1	26859	1	0	next	other	0
gpl009	99	Pulse	199	2749261	8476	0
gpl009	99	Pulse	199	2759261	18476	0
gpl009	101	Picture	stim	2767643	0	1	25035	1	0	25000	hit	240
gpl009	101	Pulse	199	2769261	1617	0
gpl009	101	Pulse	199	2779260	11617	0
gpl009	101	Response	16	2785621	17978	0
gpl009	101	Pulse	199	2789261	21618	0
gpl009	102	Picture	fix2	2792844	0	1	14756	1	0	next	other	0
gpl009	102	Pulse	199	2799261	6417	0
gpl009	103	Picture	feedback	2807599	0	1	20061	1	0	next	other	0
gpl009	103	Pulse	199	2809260	1661	0
gpl009	103	Pulse	199	2819261	11661	0
gpl009	104	Picture	fix	2827660	0	1	29180	1	0	next	other	0
gpl009	104	Pulse	199	2829261	1601	0
gpl009	104	Pulse	199	2839260	11600	0
gpl009	104	Pulse	199	2849261	21600	0
gpl009	106	Picture	stim	2856840	0	1	25035	1	0	25000	hit	253
gpl009	106	Pulse	199	2859261	2421	0
gpl009	106	Response	16	2867491	10651	0
gpl009	106	Pulse	199	2869261	12421	0
gpl009	106	Pulse	199	2879260	22420	0
gpl009	107	Picture	fix2	2881875	0	1	22051	1	0	next	other	0
gpl009	107	Pulse	199	2889261	7386	0
gpl009	107	Pulse	199	2899261	17386	0
gpl009	108	Picture	feedback	2903925	0	1	20061	1	0	next	other	0
gpl009	108	Pulse	199	2909260	5335	0
gpl009	108	Pulse	199	2919261	15335	0
gpl009	109	Picture	fix	2923986	0	1	29345	1	0	next	other	0
gpl009	109	Pulse	199	2929261	5274	0
gpl009	109	Pulse	199	2939261	15274	0
gpl009	109	Pulse	199	2949260	25273	0
gpl009	111	Picture	stim	2953332	0	1	25035	1	0	25000	incorrect	268
gpl009	111	Pulse	199	2959261	5929	0
gpl009	111	Response	32	2967461	14129	0
gpl009	111	Pulse	199	2969261	15929	0
gpl009	112	Picture	fix2	2978367	0	1	16414	1	0	next	other	0
gpl009	112	Pulse	199	2979260	893	0
gpl009	112	Pulse	199	2989261	10894	0
gpl009	113	Picture	feedback	2994780	0	1	20061	1	0	next	other	0
gpl009	113	Pulse	199	2999261	4481	0
gpl009	113	Pulse	199	3009261	14480	0
gpl009	114	Picture	fix	3014841	0	1	17740	1	0	next	other	0
gpl009	114	Pulse	199	3019260	4419	0
gpl009	114	Pulse	199	3029260	14419	0
gpl009	116	Picture	stim	3032581	0	1	25035	1	0	25000	hit	281
gpl009	116	Pulse	199	3039261	6680	0
gpl009	116	Response	16	3048340	15759	0
gpl009	116	Pulse	199	3049260	16679	0
gpl009	117	Picture	fix2	3057616	0	1	13263	1	0	next	other	0
gpl009	117	Pulse	199	3059261	1645	0
gpl009	117	Pulse	199	3069261	11645	0
gpl009	118	Picture	feedback	3070879	0	1	20061	1	0	next	other	0
gpl009	118	Pulse	199	3079260	8381	0
gpl009	118	Pulse	199	3089261	18381	0
gpl009	119	Picture	fix	3090940	0	1	26527	1	0	next	other	0
gpl009	119	Pulse	199	3099261	8321	0
gpl009	119	Pulse	199	3109261	18320	0
gpl009	121	Picture	stim	3117467	0	1	25035	1	0	25000	hit	295
gpl009	121	Pulse	199	3119260	1793	0
gpl009	121	Pulse	199	3129261	11793	0
gpl009	121	Response	16	3137431	19963	0
gpl009	121	Pulse	199	3139261	21793	0
gpl009	122	Picture	fix2	3142668	0	1	29345	1	0	next	other	0
gpl009	122	Pulse	199	3149260	6592	0
gpl009	122	Pulse	199	3159261	16593	0
gpl009	122	Pulse	199	3169261	26593	0
gpl009	123	Picture	feedback	3172013	0	1	20061	1	0	next	other	0
gpl009	123	Pulse	199	3179261	7247	0
gpl009	123	Pulse	199	3189260	17247	0
gpl009	124	Picture	fix	3192074	0	1	29677	1	0	next	other	0
gpl009	124	Pulse	199	3199261	7187	0
gpl009	124	Pulse	199	3209261	17186	0
gpl009	124	Pulse	199	3219260	27186	0
gpl009	126	Picture	stim	3221751	0	1	25034	1	0	25000	hit	310
gpl009	126	Pulse	199	3229261	7510	0
gpl009	126	Response	16	3232960	11208	0
gpl009	126	Pulse	199	3239261	17509	0
gpl009	127	Picture	fix2	3246952	0	1	15916	1	0	next	other	0
gpl009	127	Pulse	199	3249261	2309	0
gpl009	127	Pulse	199	3259260	12308	0
gpl009	128	Picture	feedback	3262868	0	1	20061	1	0	next	other	0
gpl009	128	Pulse	199	3269261	6393	0
gpl009	128	Pulse	199	3279261	16393	0
gpl009	129	Picture	fix	3282929	0	1	25366	1	0	next	other	0
gpl009	129	Pulse	199	3289260	6331	0
gpl009	129	Pulse	199	3299261	16332	0
gpl009	131	Picture	stim	3308296	0	1	25035	1	0	25000	incorrect	324
gpl009	131	Pulse	199	3309261	965	0
gpl009	131	Pulse	199	3319261	10965	0
gpl009	131	Response	32	3322590	14295	0
gpl009	131	Pulse	199	3329260	20965	0
gpl009	132	Picture	fix2	3333496	0	1	16082	1	0	next	other	0
gpl009	132	Pulse	199	3339261	5765	0
gpl009	132	Pulse	199	3349261	15765	0
gpl009	133	Picture	feedback	3349578	0	1	20061	1	0	next	other	0
gpl009	133	Pulse	199	3359260	9682	0
gpl009	133	Pulse	199	3369261	19683	0
gpl009	134	Picture	fix	3369639	0	1	26361	1	0	next	other	0
gpl009	134	Pulse	199	3379261	9622	0
gpl009	134	Pulse	199	3389261	19621	0
gpl009	136	Picture	stim	3396000	0	1	25035	1	0	25000	hit	337
gpl009	136	Pulse	199	3399260	3260	0
gpl009	136	Response	16	3407421	11420	0
gpl009	136	Pulse	199	3409261	13260	0
gpl009	136	Pulse	199	3419261	23260	0
gpl009	137	Picture	fix2	3421035	0	1	16082	1	0	next	other	0
gpl009	137	Pulse	199	3429260	8225	0
gpl009	138	Picture	feedback	3437117	0	1	20061	1	0	next	other	0
gpl009	138	Pulse	199	3439261	2144	0
gpl009	138	Pulse	199	3449261	12143	0
gpl009	139	Picture	fix	3457178	0	1	23377	1	0	next	other	0
gpl009	139	Pulse	199	3459261	2082	0
gpl009	139	Pulse	199	3469261	12082	0
gpl009	139	Pulse	199	3479261	22082	0
gpl009	141	Picture	stim	3480555	0	1	25035	1	0	25000	incorrect	352
gpl009	141	Pulse	199	3489261	8706	0
gpl009	141	Pulse	199	3499260	18705	0
gpl009	141	Response	32	3499710	19155	0
gpl009	142	Picture	fix2	3505756	0	1	26195	1	0	next	other	0
gpl009	142	Pulse	199	3509261	3505	0
gpl009	142	Pulse	199	3519261	13505	0
gpl009	142	Pulse	199	3529260	23505	0
gpl009	143	Picture	feedback	3531951	0	1	20061	1	0	next	other	0
gpl009	143	Pulse	199	3539260	7309	0
gpl009	143	Pulse	199	3549261	17310	0
gpl009	144	Picture	fix	3552012	0	1	22216	1	0	next	other	0
gpl009	144	Pulse	199	3559261	7249	0
gpl009	144	Pulse	199	3569260	17248	0
gpl009	146	Picture	stim	3574228	0	1	25035	1	0	25000	incorrect	366
gpl009	146	Pulse	199	3579261	5032	0
gpl009	146	Pulse	199	3589261	15032	0
gpl009	146	Response	32	3597070	22842	0
gpl009	146	Pulse	199	3599260	25032	0
gpl009	147	Picture	fix2	3599263	0	1	16579	1	0	next	other	0
gpl009	147	Pulse	199	3609261	9998	0
gpl009	148	Picture	feedback	3615843	0	1	20061	1	0	next	other	0
gpl009	148	Pulse	199	3619261	3418	0
gpl009	148	Pulse	199	3629261	13418	0
gpl009	149	Picture	fix	3635904	0	1	32164	1	0	next	other	0
gpl009	149	Pulse	199	3639260	3357	0
gpl009	149	Pulse	199	3649261	13358	0
gpl009	149	Pulse	199	3659261	23358	0
gpl009	151	Picture	stim	3668068	0	1	25035	1	0	25000	hit	380
gpl009	151	Pulse	199	3669261	1193	0
gpl009	151	Pulse	199	3679261	11194	0
gpl009	151	Response	16	3683040	14973	0
gpl009	151	Pulse	199	3689261	21193	0
gpl009	152	Picture	fix2	3693102	0	1	15916	1	0	next	other	0
gpl009	152	Pulse	199	3699261	6159	0
gpl009	153	Picture	feedback	3709019	0	1	20061	1	0	next	other	0
gpl009	153	Pulse	199	3709261	242	0
gpl009	153	Pulse	199	3719261	10242	0
gpl009	154	Picture	fix	3729080	0	1	26030	1	0	next	other	0
gpl009	154	Pulse	199	3729261	182	0
gpl009	154	Pulse	199	3739260	10181	0
gpl009	154	Pulse	199	3749261	20181	0
gpl009	156	Picture	stim	3755109	0	1	25035	1	0	25000	incorrect	394
gpl009	156	Pulse	199	3759261	4152	0
gpl009	156	Pulse	199	3769261	14152	0
gpl009	156	Response	32	3771291	16182	0
gpl009	156	Pulse	199	3779260	24151	0
gpl009	157	Picture	fix2	3780310	0	1	21553	1	0	next	other	0
gpl009	157	Pulse	199	3789261	8951	0
gpl009	157	Pulse	199	3799261	18951	0
gpl009	158	Picture	feedback	3801863	0	1	20061	1	0	next	other	0
gpl009	158	Pulse	199	3809261	7398	0
gpl009	158	Pulse	199	3819261	17398	0
gpl009	159	Picture	fix	3821924	0	1	24537	1	0	next	other	0
gpl009	159	Pulse	199	3829261	7337	0
gpl009	159	Pulse	199	3839261	17337	0
gpl009	161	Picture	stim	3846461	0	1	25035	1	0	25000	incorrect	408
gpl009	161	Pulse	199	3849261	2800	0
gpl009	161	Pulse	199	3859261	12800	0
gpl009	161	Response	32	3864330	17869	0
gpl009	161	Pulse	199	3869261	22800	0
gpl009	162	Picture	fix2	3871662	0	1	18569	1	0	next	other	0
gpl009	162	Pulse	199	3879260	7598	0
gpl009	162	Pulse	199	3889261	17599	0
gpl009	163	Picture	feedback	3890231	0	1	20061	2	0	next	other	0
gpl009	163	Pulse	199	3899261	9030	0
gpl009	163	Pulse	199	3909261	19030	0
gpl009	164	Picture	fix	3910292	0	1	22382	2	0	next	other	0
gpl009	164	Pulse	199	3919261	8969	0
gpl009	164	Pulse	199	3929261	18969	0
gpl009	166	Picture	stim	3932674	0	1	25035	1	0	25000	incorrect	421
gpl009	166	Pulse	199	3939261	6587	0
gpl009	166	Response	32	3941681	9007	0
gpl009	166	Pulse	199	3949261	16587	0
gpl009	167	Picture	fix2	3957875	0	1	13927	1	0	next	other	0
gpl009	167	Pulse	199	3959261	1387	0
gpl009	167	Pulse	199	3969261	11386	0
gpl009	168	Picture	feedback	3971801	0	1	20061	1	0	next	other	0
gpl009	168	Pulse	199	3979261	7459	0
gpl009	168	Pulse	199	3989261	17459	0
gpl009	169	Picture	fix	3991862	0	1	23377	1	0	next	other	0
gpl009	169	Pulse	199	3999261	7399	0
gpl009	169	Pulse	199	4009261	17399	0
gpl009	171	Picture	stim	4015239	0	1	25035	1	0	25000	incorrect	435
gpl009	171	Pulse	199	4019261	4022	0
gpl009	171	Pulse	199	4029261	14022	0
gpl009	171	Response	32	4031101	15862	0
gpl009	171	Pulse	199	4039261	24022	0
gpl009	172	Picture	fix2	4040274	0	1	17242	1	0	next	other	0
gpl009	172	Pulse	199	4049261	8987	0
gpl009	173	Picture	feedback	4057517	0	1	20061	1	0	next	other	0
gpl009	173	Pulse	199	4059261	1745	0
gpl009	173	Pulse	199	4069261	11745	0
gpl009	174	Picture	fix	4077578	0	1	23543	1	0	next	other	0
gpl009	174	Pulse	199	4079261	1684	0
gpl009	174	Pulse	199	4089261	11683	0
gpl009	174	Pulse	199	4099261	21684	0
gpl009	176	Picture	stim	4101120	0	1	25035	1	0	25000	hit	449
gpl009	176	Pulse	199	4109261	8141	0
gpl009	176	Pulse	199	4119260	18140	0
gpl009	176	Response	16	4119781	18660	0
gpl009	177	Picture	fix2	4126155	0	1	21387	1	0	next	other	0
gpl009	177	Pulse	199	4129261	3106	0
gpl009	177	Pulse	199	4139261	13106	0
gpl009	178	Picture	feedback	4147542	0	1	20061	1	0	next	other	0
gpl009	178	Pulse	199	4149261	1719	0
gpl009	178	Pulse	199	4159261	11718	0
gpl009	179	Picture	fix	4167603	0	1	33988	1	0	next	other	0
gpl009	179	Pulse	199	4169261	1658	0
gpl009	179	Pulse	199	4179261	11658	0
gpl009	179	Pulse	199	4189260	21657	0
gpl009	179	Pulse	199	4199261	31658	0
gpl009	181	Picture	stim	4201591	0	1	25035	1	0	25000	incorrect	463
gpl009	181	Pulse	199	4209261	7670	0
gpl009	181	Response	32	4215061	13470	0
gpl009	181	Pulse	199	4219261	17670	0
gpl009	182	Picture	fix2	4226792	0	1	23543	1	0	next	other	0
gpl009	182	Pulse	199	4229261	2469	0
gpl009	182	Pulse	199	4239261	12469	0
gpl009	182	Pulse	199	4249261	22470	0
gpl009	183	Picture	feedback	4250334	0	1	20061	1	0	next	other	0
gpl009	183	Pulse	199	4259260	8926	0
gpl009	183	Pulse	199	4269261	18927	0
gpl009	184	Picture	fix	4270395	0	1	21885	1	0	next	other	0
gpl009	184	Pulse	199	4279261	8866	0
gpl009	184	Pulse	199	4289261	18865	0
gpl009	186	Picture	stim	4292280	0	1	25035	1	0	25000	incorrect	478
gpl009	186	Pulse	199	4299261	6981	0
gpl009	186	Pulse	199	4309261	16981	0
gpl009	186	Response	32	4309951	17671	0
gpl009	187	Picture	fix2	4317315	0	1	29014	1	0	next	other	0
gpl009	187	Pulse	199	4319261	1946	0
gpl009	187	Pulse	199	4329261	11946	0
gpl009	187	Pulse	199	4339261	21946	0
gpl009	188	Picture	feedback	4346329	0	1	20061	1	0	next	other	0
gpl009	188	Pulse	199	4349261	2933	0
gpl009	188	Pulse	199	4359261	12932	0
gpl009	189	Picture	fix	4366390	0	1	24703	1	0	next	other	0
gpl009	189	Pulse	199	4369262	2872	0
gpl009	189	Pulse	199	4379261	12871	0
gpl009	189	Pulse	199	4389271	22882	0
gpl009	191	Picture	stim	4391093	0	1	25035	1	0	25000	incorrect	492
gpl009	191	Pulse	199	4399260	8167	0
gpl009	191	Response	32	4403901	12808	0
gpl009	191	Pulse	199	4409261	18168	0
gpl009	192	Picture	fix2	4416128	0	1	20558	1	0	next	other	0
gpl009	192	Pulse	199	4419272	3144	0
gpl009	192	Pulse	199	4429261	13133	0
gpl009	193	Picture	feedback	4436686	0	1	20061	1	0	next	other	0
gpl009	193	Pulse	199	4439261	2575	0
gpl009	193	Pulse	199	4449271	12585	0
gpl009	194	Picture	fix	4456747	0	1	20061	1	0	next	other	0
gpl009	194	Pulse	199	4459271	2524	0
gpl009	194	Pulse	199	4469271	12523	0
gpl009	196	Picture	stim	4476808	0	1	25035	1	0	25000	hit	506
gpl009	196	Pulse	199	4479271	2463	0
gpl009	196	Pulse	199	4489271	12463	0
gpl009	196	Response	16	4494621	17813	0
gpl009	196	Pulse	199	4499271	22462	0
gpl009	197	Picture	fix2	4501843	0	1	24372	1	0	next	other	0
gpl009	197	Pulse	199	4509271	7428	0
gpl009	197	Pulse	199	4519271	17428	0
gpl009	198	Picture	feedback	4526215	0	1	20061	1	0	next	other	0
gpl009	198	Pulse	199	4529271	3057	0
gpl009	198	Pulse	199	4539271	13056	0
gpl009	199	Picture	fix	4546276	0	1	21387	1	0	next	other	0
gpl009	199	Pulse	199	4549271	2996	0
gpl009	199	Pulse	199	4559271	12996	0
gpl009	201	Picture	stim	4567663	0	1	25035	1	0	25000	hit	520
gpl009	201	Pulse	199	4569271	1608	0
gpl009	201	Pulse	199	4579271	11608	0
gpl009	201	Response	16	4583650	15987	0
gpl009	201	Pulse	199	4589271	21608	0
gpl009	202	Picture	fix2	4592698	0	1	14093	1	0	next	other	0
gpl009	202	Pulse	199	4599271	6573	0
gpl009	203	Picture	feedback	4606790	0	1	20061	1	0	next	other	0
gpl009	203	Pulse	199	4609271	2481	0
gpl009	203	Pulse	199	4619271	12481	0
gpl009	204	Picture	fix	4626851	0	1	28516	1	0	next	other	0
gpl009	204	Pulse	199	4629272	2420	0
gpl009	204	Pulse	199	4639271	12419	0
gpl009	204	Pulse	199	4649271	22420	0
gpl009	206	Picture	stim	4655368	0	1	25035	1	0	25000	incorrect	534
gpl009	206	Pulse	199	4659271	3904	0
gpl009	206	Pulse	199	4669271	13903	0
gpl009	206	Response	32	4673351	17983	0
gpl009	206	Pulse	199	4679271	23903	0
gpl009	207	Picture	fix2	4680403	0	1	16579	1	0	next	other	0
gpl009	207	Pulse	199	4689271	8869	0
gpl009	208	Picture	feedback	4696982	0	1	20061	1	0	next	other	0
gpl009	208	Pulse	199	4699271	2289	0
gpl009	208	Pulse	199	4709271	12289	0
gpl009	209	Picture	fix	4717043	0	1	28516	1	0	next	other	0
gpl009	209	Pulse	199	4719271	2228	0
gpl009	209	Pulse	199	4729271	12228	0
gpl009	209	Pulse	199	4739271	22228	0
gpl009	211	Picture	stim	4745559	0	1	25035	1	0	25000	incorrect	547
gpl009	211	Pulse	199	4749271	3712	0
gpl009	211	Response	32	4755511	9952	0
gpl009	211	Pulse	199	4759271	13712	0
gpl009	211	Pulse	199	4769271	23712	0
gpl009	212	Picture	fix2	4770594	0	1	25864	1	0	next	other	0
gpl009	212	Pulse	199	4779270	8676	0
gpl009	212	Pulse	199	4789271	18677	0
gpl009	213	Picture	feedback	4796458	0	1	20061	1	0	next	other	0
gpl009	213	Pulse	199	4799271	2813	0
gpl009	213	Pulse	199	4809271	12812	0
gpl009	214	Picture	fix	4816519	0	1	35977	1	0	next	other	0
gpl009	214	Pulse	199	4819271	2752	0
gpl009	214	Pulse	199	4829271	12752	0
gpl009	214	Pulse	199	4839271	22752	0
gpl009	214	Pulse	199	4849270	32751	0
gpl009	216	Picture	stim	4852496	0	1	25035	1	0	25000	incorrect	564
gpl009	216	Pulse	199	4859271	6775	0
gpl009	216	Pulse	199	4869271	16775	0
gpl009	216	Response	32	4872941	20445	0
gpl009	217	Picture	fix2	4877531	0	1	21885	1	0	next	other	0
gpl009	217	Pulse	199	4879270	1739	0
gpl009	217	Pulse	199	4889271	11740	0
gpl009	217	Pulse	199	4899262	21731	9
gpl009	218	Picture	feedback	4899416	0	1	20061	1	0	next	other	0
gpl009	218	Pulse	199	4909271	9855	0
gpl009	218	Pulse	199	4919270	19854	0
gpl009	219	Picture	fix	4919477	0	1	33324	1	0	next	other	0
gpl009	219	Pulse	199	4929271	9794	0
gpl009	219	Pulse	199	4939271	19794	0
gpl009	219	Pulse	199	4949271	29794	0
gpl009	221	Picture	stim	4952801	0	1	25035	1	0	25000	incorrect	578
gpl009	221	Pulse	199	4959271	6470	0
gpl009	221	Response	32	4964480	11679	0
gpl009	221	Pulse	199	4969271	16470	0
gpl009	222	Picture	fix2	4977836	0	1	26361	1	0	next	other	0
gpl009	222	Pulse	199	4979271	1435	0
gpl009	222	Pulse	199	4989270	11434	0
gpl009	222	Pulse	199	4999271	21435	0
gpl009	223	Picture	feedback	5004197	0	1	20061	1	0	next	other	0
gpl009	223	Pulse	199	5009271	5074	0
gpl009	223	Pulse	199	5019271	15073	0
gpl009	224	Picture	fix	5024258	0	1	37469	1	0	next	other	0
gpl009	224	Pulse	199	5029272	5013	0
gpl009	224	Pulse	199	5039271	15013	0
gpl009	224	Pulse	199	5049271	25013	0
gpl009	224	Pulse	199	5059271	35013	0
gpl009	226	Picture	stim	5061728	0	1	25035	1	0	25000	incorrect	595
gpl009	226	Pulse	199	5069271	7544	0
gpl009	226	Pulse	199	5079271	17544	0
gpl009	226	Response	32	5082591	20864	0
gpl009	227	Picture	fix2	5086928	0	1	22216	1	0	next	other	0
gpl009	227	Pulse	199	5089271	2343	0
gpl009	227	Pulse	199	5099271	12343	0
gpl009	228	Picture	feedback	5109145	0	1	20061	1	0	next	other	0
gpl009	228	Pulse	199	5109271	127	0
gpl009	228	Pulse	199	5119271	10126	0
gpl009	229	Picture	fix	5129206	0	1	30838	1	0	next	other	0
gpl009	229	Pulse	199	5129272	66	0
gpl009	229	Pulse	199	5139271	10066	0
gpl009	229	Pulse	199	5149271	20066	0
gpl009	229	Pulse	199	5159271	30065	0
gpl009	231	Picture	stim	5160043	0	1	25035	1	0	25000	incorrect	609
gpl009	231	Pulse	199	5169271	9228	0
gpl009	231	Response	32	5171921	11877	0
gpl009	231	Pulse	199	5179271	19228	0
gpl009	232	Picture	fix2	5185078	0	1	25864	1	0	next	other	0
gpl009	232	Pulse	199	5189271	4193	0
gpl009	232	Pulse	199	5199272	14194	0
gpl009	232	Pulse	199	5209271	24193	0
gpl009	233	Picture	feedback	5210942	0	1	20061	1	0	next	other	0
gpl009	233	Pulse	199	5219271	8330	0
gpl009	233	Pulse	199	5229271	18329	0
gpl009	234	Picture	fix	5231003	0	1	26859	1	0	next	other	0
gpl009	234	Pulse	199	5239271	8269	0
gpl009	234	Pulse	199	5249271	18268	0
gpl009	236	Picture	stim	5257861	0	1	25035	1	0	25000	incorrect	624
gpl009	236	Pulse	199	5259271	1409	0
gpl009	236	Pulse	199	5269271	11410	0
gpl009	236	Response	32	5270381	12520	0
gpl009	236	Pulse	199	5279271	21410	0
gpl009	237	Picture	fix2	5282896	0	1	16414	1	0	next	other	0
gpl009	237	Pulse	199	5289271	6375	0
gpl009	237	Pulse	199	5299271	16374	0
gpl009	238	Picture	feedback	5299310	0	1	20061	1	0	next	other	0
gpl009	238	Pulse	199	5309271	9961	0
gpl009	238	Pulse	199	5319271	19961	0
gpl009	239	Picture	fix	5319371	0	1	17408	1	0	next	other	0
gpl009	239	Pulse	199	5329271	9900	0
gpl009	241	Picture	stim	5336779	0	1	25035	1	0	25000	incorrect	637
gpl009	241	Pulse	199	5339271	2492	0
gpl009	241	Pulse	199	5349271	12492	0
gpl009	241	Response	32	5352941	16162	0
gpl009	241	Pulse	199	5359271	22492	0
gpl009	242	Picture	fix2	5361814	0	1	21719	1	0	next	other	0
gpl009	242	Pulse	199	5369271	7457	0
gpl009	242	Pulse	199	5379271	17457	0
gpl009	243	Picture	feedback	5383533	0	1	20061	1	0	next	other	0
gpl009	243	Pulse	199	5389271	5738	0
gpl009	243	Pulse	199	5399271	15738	0
gpl009	244	Picture	fix	5403594	0	1	26859	1	0	next	other	0
gpl009	244	Pulse	199	5409271	5677	0
gpl009	244	Pulse	199	5419271	15677	0
gpl009	244	Pulse	199	5429271	25677	0
gpl009	246	Picture	stim	5430452	0	1	25035	1	0	25000	hit	651
gpl009	246	Pulse	199	5439271	8818	0
gpl009	246	Response	16	5447231	16779	0
gpl009	246	Pulse	199	5449271	18819	0
gpl009	247	Picture	fix2	5455487	0	1	24206	1	0	next	other	0
gpl009	247	Pulse	199	5459272	3784	0
gpl009	247	Pulse	199	5469271	13784	0
gpl009	247	Pulse	199	5479271	23784	0
gpl009	248	Picture	feedback	5479693	0	1	20061	1	0	next	other	0
gpl009	248	Pulse	199	5489271	9578	0
gpl009	248	Pulse	199	5499271	19578	0
gpl009	249	Picture	fix	5499754	0	1	23708	1	0	next	other	0
gpl009	249	Pulse	199	5509271	9517	0
gpl009	249	Pulse	199	5519271	19517	0
gpl009	251	Picture	stim	5523463	0	1	25035	1	0	25000	hit	666
gpl009	251	Pulse	199	5529271	5809	0
gpl009	251	Pulse	199	5539271	15808	0
gpl009	251	Response	16	5540061	16598	0
gpl009	252	Picture	fix2	5548663	0	1	9119	1	0	next	other	0
gpl009	252	Pulse	199	5549271	608	0
gpl009	253	Picture	feedback	5557782	0	1	20061	1	0	next	other	0
gpl009	253	Pulse	199	5559271	1489	0
gpl009	253	Pulse	199	5569271	11489	0
gpl009	254	Picture	fix	5577843	0	1	16248	1	0	next	other	0
gpl009	254	Pulse	199	5579272	1429	0
gpl009	254	Pulse	199	5589271	11428	0
gpl009	256	Picture	stim	5594091	0	1	25035	1	0	25000	hit	677
gpl009	256	Pulse	199	5599271	5181	0
gpl009	256	Response	16	5608701	14610	0
gpl009	256	Pulse	199	5609271	15180	0
gpl009	257	Picture	fix2	5619125	0	1	17906	1	0	next	other	0
gpl009	257	Pulse	199	5619271	146	0
gpl009	257	Pulse	199	5629271	10146	0
gpl009	258	Picture	feedback	5637031	0	1	20061	1	0	next	other	0
gpl009	258	Pulse	199	5639271	2240	0
gpl009	258	Pulse	199	5649271	12240	0
gpl009	259	Picture	fix	5657092	0	1	19066	1	0	next	other	0
gpl009	259	Pulse	199	5659271	2179	0
gpl009	259	Pulse	199	5669271	12179	0
gpl009	261	Picture	stim	5676158	0	1	25035	1	0	25000	hit	690
gpl009	261	Pulse	199	5679272	3113	0
gpl009	261	Response	16	5686892	10733	0
gpl009	261	Pulse	199	5689271	13113	0
gpl009	261	Pulse	199	5699271	23113	0
gpl009	262	Picture	fix2	5701193	0	1	21387	1	0	next	other	0
gpl009	262	Pulse	199	5709271	8078	0
gpl009	262	Pulse	199	5719272	18078	0
gpl009	263	Picture	feedback	5722581	0	1	20061	1	0	next	other	0
gpl009	263	Pulse	199	5729272	6691	0
gpl009	263	Pulse	199	5739271	16691	0
gpl009	264	Picture	fix	5742642	0	1	20227	1	0	next	other	0
gpl009	264	Pulse	199	5749271	6629	0
gpl009	264	Pulse	199	5759272	16630	0
gpl009	266	Picture	stim	5762868	0	1	25035	1	0	25000	hit	704
gpl009	266	Pulse	199	5769272	6403	0
gpl009	266	Response	16	5775431	12563	0
gpl009	266	Pulse	199	5779271	16403	0
gpl009	267	Picture	fix2	5787903	0	1	21387	1	0	next	other	0
gpl009	267	Pulse	199	5789272	1368	0
gpl009	267	Pulse	199	5799272	11368	0
gpl009	267	Pulse	199	5809271	21368	0
gpl009	268	Picture	feedback	5809291	0	1	20061	1	0	next	other	0
gpl009	268	Pulse	199	5819271	9980	0
gpl009	268	Pulse	199	5829272	19981	0
gpl009	269	Picture	100	5829352	0	1	250000	183	0	250000	other	0
gpl009	269	Pulse	199	5839272	9920	0
gpl009	269	Pulse	199	5849271	19919	0
gpl009	269	Pulse	199	5859272	29920	0
gpl009	269	Pulse	199	5869272	39920	0
gpl009	269	Pulse	199	5879271	49920	0
gpl009	269	Pulse	199	5889271	59919	0
gpl009	269	Pulse	199	5899272	69920	0
gpl009	269	Pulse	199	5909272	79920	0
gpl009	269	Pulse	199	5919271	89919	0
gpl009	269	Pulse	199	5929272	99920	0
gpl009	269	Pulse	199	5939272	109920	0
gpl009	269	Pulse	199	5949271	119920	0
gpl009	269	Pulse	199	5959271	129920	0
gpl009	269	Pulse	199	5969272	139920	0
gpl009	269	Pulse	199	5979272	149920	0
gpl009	269	Pulse	199	5989271	159919	0
gpl009	269	Pulse	199	5999272	169920	0
gpl009	269	Pulse	199	6009272	179920	0
gpl009	269	Pulse	199	6019271	189919	0
gpl009	269	Pulse	199	6029272	199920	0
gpl009	269	Pulse	199	6039272	209920	0
gpl009	269	Pulse	199	6049271	219920	0
