Scenario - FBL_B.sce
Logfile written - 04/14/2021 18:32:14

Subject	Trial	Event Type	Code	Time	TTime	Uncertainty	Duration	Uncertainty	ReqTime	ReqDur	Stim Type	Pair Index

gpl004	1	Response	16	24115	13950	0
gpl004	2	Picture	fix	24405	0	185	18754	186	0	next	other	0
gpl004	4	Picture	stim	43158	0	1	13761	1	0	next	incorrect	4
gpl004	4	Response	32	56755	13597	0
gpl004	5	Picture	feedback	56919	0	1	20061	1	0	next	other	0
gpl004	6	Picture	fix	76980	0	1	32164	1	0	next	other	0
gpl004	8	Picture	stim	109144	0	1	11440	1	0	next	incorrect	8
gpl004	8	Response	32	120425	11281	0
gpl004	9	Picture	feedback	120584	0	1	20393	1	0	next	other	0
gpl004	10	Picture	fix	140977	0	1	24703	1	0	next	other	0
gpl004	12	Picture	stim	165680	0	1	9782	1	0	next	incorrect	12
gpl004	12	Response	32	175345	9665	0
gpl004	13	Picture	feedback	175462	0	1	20213	181	0	next	other	0
gpl004	14	Picture	fix	195674	0	180	21401	181	0	next	other	0
gpl004	16	Picture	stim	217076	0	1	7626	1	0	next	hit	16
gpl004	16	Response	16	224646	7570	0
gpl004	17	Picture	feedback	224702	0	1	20061	1	0	next	other	0
gpl004	18	Picture	fix	244763	0	1	21885	1	0	next	other	0
gpl004	20	Picture	stim	266648	0	1	10445	1	0	next	hit	20
gpl004	20	Response	16	276996	10348	0
gpl004	21	Picture	feedback	277093	0	1	20061	1	0	next	other	0
gpl004	21	Response	32	283205	6112	0
gpl004	22	Picture	fix	297154	0	1	23542	1	0	next	other	0
gpl004	24	Picture	stim	320696	0	1	9451	1	0	next	hit	25
gpl004	24	Response	16	330125	9429	0
gpl004	25	Picture	feedback	330147	0	1	20006	222	0	next	other	0
gpl004	26	Response	16	380736	30583	0
gpl004	27	Picture	start	380880	0	1	725015	1	0	next	other	0
gpl004	28	Response	16	438886	8000	0
gpl004	28	Pulse	199	1105726	674840	0
gpl004	28	Pulse	199	1115725	684839	0
gpl004	28	Pulse	199	1125726	694839	0
gpl004	28	Pulse	199	1135726	704839	0
gpl004	28	Pulse	199	1145725	714839	0
gpl004	28	Pulse	199	1155726	724839	0
gpl004	29	Picture	fix	1156461	0	1	18569	1	0	next	other	0
gpl004	29	Pulse	199	1165726	9264	0
gpl004	31	Picture	stim	1175030	0	1	25035	1	0	25000	hit	41
gpl004	31	Pulse	199	1175726	695	0
gpl004	31	Pulse	199	1185725	10695	0
gpl004	31	Response	16	1188995	13965	0
gpl004	31	Pulse	199	1195726	20695	0
gpl004	32	Picture	fix2	1200065	0	1	22548	1	0	next	other	0
gpl004	32	Pulse	199	1205726	5661	0
gpl004	32	Pulse	199	1215725	15660	0
gpl004	33	Picture	feedback	1222613	0	1	20227	1	0	next	other	0
gpl004	33	Pulse	199	1225726	3113	0
gpl004	33	Pulse	199	1235726	13112	0
gpl004	34	Picture	fix	1242840	0	1	22714	1	0	next	other	0
gpl004	34	Pulse	199	1245725	2886	0
gpl004	34	Pulse	199	1255726	12886	0
gpl004	36	Picture	stim	1265554	0	1	25035	1	0	25000	hit	55
gpl004	36	Pulse	199	1265726	172	0
gpl004	36	Pulse	199	1275726	10172	0
gpl004	36	Response	16	1276746	11192	0
gpl004	36	Pulse	199	1285725	20171	0
gpl004	37	Picture	fix2	1290754	0	1	13264	1	0	next	other	0
gpl004	37	Pulse	199	1295726	4972	0
gpl004	38	Picture	feedback	1304018	0	1	20061	1	0	next	other	0
gpl004	38	Pulse	199	1305726	1708	0
gpl004	38	Pulse	199	1315725	11707	0
gpl004	39	Picture	fix	1324079	0	1	28019	1	0	next	other	0
gpl004	39	Pulse	199	1325726	1647	0
gpl004	39	Pulse	199	1335725	11647	0
gpl004	39	Pulse	199	1345725	21647	0
gpl004	41	Picture	stim	1352098	0	1	25035	1	0	25000	incorrect	68
gpl004	41	Pulse	199	1355725	3627	0
gpl004	41	Response	32	1363496	11398	0
gpl004	41	Pulse	199	1365726	13628	0
gpl004	41	Pulse	199	1375725	23628	0
gpl004	42	Picture	fix2	1377298	0	1	23543	1	0	next	other	0
gpl004	42	Pulse	199	1385725	8427	0
gpl004	42	Pulse	199	1395726	18427	0
gpl004	43	Picture	feedback	1400841	0	1	20227	1	0	next	other	0
gpl004	43	Pulse	199	1405726	4884	0
gpl004	43	Pulse	199	1415725	14884	0
gpl004	44	Picture	fix	1421068	0	1	29677	1	0	next	other	0
gpl004	44	Pulse	199	1425725	4658	0
gpl004	44	Pulse	199	1435725	14658	0
gpl004	44	Pulse	199	1445725	24658	0
gpl004	46	Picture	stim	1450745	0	1	25035	1	0	25000	incorrect	83
gpl004	46	Pulse	199	1455725	4980	0
gpl004	46	Response	32	1464645	13901	0
gpl004	46	Pulse	199	1465725	14981	0
gpl004	46	Pulse	199	1475725	24981	0
gpl004	47	Picture	fix2	1475945	0	1	15916	1	0	next	other	0
gpl004	47	Pulse	199	1485725	9780	0
gpl004	48	Picture	feedback	1491862	0	1	20061	1	0	next	other	0
gpl004	48	Pulse	199	1495725	3863	0
gpl004	48	Pulse	199	1505725	13864	0
gpl004	49	Picture	fix	1511923	0	1	19066	1	0	next	other	0
gpl004	49	Pulse	199	1515726	3803	0
gpl004	49	Pulse	199	1525725	13802	0
gpl004	51	Picture	stim	1530989	0	1	25035	1	0	25000	hit	96
gpl004	51	Pulse	199	1535726	4737	0
gpl004	51	Response	16	1543845	12857	0
gpl004	51	Pulse	199	1545725	14736	0
gpl004	51	Pulse	199	1555725	24736	0
gpl004	52	Picture	fix2	1556024	0	1	23377	1	0	next	other	0
gpl004	52	Pulse	199	1565725	9701	0
gpl004	52	Pulse	199	1575726	19702	0
gpl004	53	Picture	feedback	1579401	0	1	20202	192	0	next	other	0
gpl004	53	Pulse	199	1585726	6325	0
gpl004	53	Pulse	199	1595725	16325	0
gpl004	54	Picture	fix	1599602	0	192	31194	192	0	next	other	0
gpl004	54	Pulse	199	1605726	6124	0
gpl004	54	Pulse	199	1615726	16124	0
gpl004	54	Pulse	199	1625726	26123	0
gpl004	56	Picture	stim	1630797	0	1	25035	1	0	25000	hit	111
gpl004	56	Pulse	199	1635726	4929	0
gpl004	56	Response	16	1643136	12339	0
gpl004	56	Pulse	199	1645726	14929	0
gpl004	56	Pulse	199	1655726	24929	0
gpl004	57	Picture	fix2	1655997	0	1	24372	1	0	next	other	0
gpl004	57	Pulse	199	1665726	9729	0
gpl004	57	Pulse	199	1675726	19729	0
gpl004	58	Picture	feedback	1680369	0	1	20393	1	0	next	other	0
gpl004	58	Pulse	199	1685726	5357	0
gpl004	58	Pulse	199	1695725	15357	0
gpl004	59	Picture	fix	1700761	0	1	28848	1	0	next	other	0
gpl004	59	Pulse	199	1705725	4964	0
gpl004	59	Pulse	199	1715726	14964	0
gpl004	59	Pulse	199	1725725	24964	0
gpl004	61	Picture	stim	1729609	0	1	25035	1	0	25000	incorrect	126
gpl004	61	Pulse	199	1735725	6115	0
gpl004	61	Response	32	1744295	14686	0
gpl004	61	Pulse	199	1745725	16116	0
gpl004	62	Picture	fix2	1754644	0	1	18072	1	0	next	other	0
gpl004	62	Pulse	199	1755726	1082	0
gpl004	62	Pulse	199	1765725	11081	0
gpl004	63	Picture	feedback	1772716	0	1	20061	1	0	next	other	0
gpl004	63	Pulse	199	1775726	3010	0
gpl004	63	Pulse	199	1785726	13010	0
gpl004	64	Picture	fix	1792777	0	1	19398	1	0	next	other	0
gpl004	64	Pulse	199	1795726	2949	0
gpl004	64	Pulse	199	1805725	12949	0
gpl004	66	Picture	stim	1812174	0	1	25035	1	0	25000	hit	139
gpl004	66	Pulse	199	1815726	3552	0
gpl004	66	Response	16	1822185	10011	0
gpl004	66	Pulse	199	1825726	13551	0
gpl004	66	Pulse	199	1835726	23551	0
gpl004	67	Picture	fix2	1837209	0	1	16414	1	0	next	other	0
gpl004	67	Pulse	199	1845725	8516	0
gpl004	68	Picture	feedback	1853623	0	1	20061	1	0	next	other	0
gpl004	68	Pulse	199	1855726	2103	0
gpl004	68	Pulse	199	1865726	12103	0
gpl004	69	Picture	fix	1873684	0	1	29014	1	0	next	other	0
gpl004	69	Pulse	199	1875726	2042	0
gpl004	69	Pulse	199	1885726	12042	0
gpl004	69	Pulse	199	1895726	22042	0
gpl004	71	Picture	stim	1902698	0	1	25035	1	0	25000	hit	154
gpl004	71	Pulse	199	1905726	3028	0
gpl004	71	Pulse	199	1915725	13028	0
gpl004	71	Response	16	1916265	13567	0
gpl004	71	Pulse	199	1925726	23028	0
gpl004	72	Picture	fix2	1927733	0	1	26195	1	0	next	other	0
gpl004	72	Pulse	199	1935726	7993	0
gpl004	72	Pulse	199	1945725	17992	0
gpl004	73	Picture	feedback	1953928	0	1	20393	1	0	next	other	0
gpl004	73	Pulse	199	1955726	1798	0
gpl004	73	Pulse	199	1965726	11798	0
gpl004	74	Picture	fix	1974321	0	1	24703	1	0	next	other	0
gpl004	74	Pulse	199	1975726	1405	0
gpl004	74	Pulse	199	1985725	11405	0
gpl004	74	Pulse	199	1995726	21405	0
gpl004	76	Picture	stim	1999024	0	1	25035	1	0	25000	incorrect	168
gpl004	76	Pulse	199	2005726	6702	0
gpl004	76	Response	32	2010636	11612	0
gpl004	76	Pulse	199	2015725	16701	0
gpl004	77	Picture	fix2	2024058	0	1	14093	1	0	next	other	0
gpl004	77	Pulse	199	2025726	1668	0
gpl004	77	Pulse	199	2035726	11667	0
gpl004	78	Picture	feedback	2038151	0	1	20061	1	0	next	other	0
gpl004	78	Pulse	199	2045725	7574	0
gpl004	78	Pulse	199	2055726	17575	0
gpl004	79	Picture	fix	2058212	0	1	22382	1	0	next	other	0
gpl004	79	Pulse	199	2065726	7514	0
gpl004	79	Pulse	199	2075726	17514	0
gpl004	81	Picture	stim	2080594	0	1	25035	1	0	25000	hit	181
gpl004	81	Pulse	199	2085726	5132	0
gpl004	81	Response	16	2090796	10202	0
gpl004	81	Pulse	199	2095726	15132	0
gpl004	82	Picture	fix2	2105629	0	1	10777	1	0	next	other	0
gpl004	82	Pulse	199	2105726	97	0
gpl004	82	Pulse	199	2115725	10096	0
gpl004	83	Picture	feedback	2116406	0	1	20061	1	0	next	other	0
gpl004	83	Pulse	199	2125726	9320	0
gpl004	83	Pulse	199	2135726	19320	0
gpl004	84	Picture	fix	2136467	0	1	26858	1	0	next	other	0
gpl004	84	Pulse	199	2145726	9259	0
gpl004	84	Pulse	199	2155725	19258	0
gpl004	86	Picture	stim	2163325	0	1	25035	1	0	25000	hit	194
gpl004	86	Pulse	199	2165726	2401	0
gpl004	86	Response	16	2174226	10901	0
gpl004	86	Pulse	199	2175726	12401	0
gpl004	86	Pulse	199	2185725	22400	0
gpl004	87	Picture	fix2	2188360	0	1	24206	1	0	next	other	0
gpl004	87	Pulse	199	2195726	7366	0
gpl004	87	Pulse	199	2205726	17366	0
gpl004	88	Picture	feedback	2212566	0	1	20061	1	0	next	other	0
gpl004	88	Pulse	199	2215726	3160	0
gpl004	88	Pulse	199	2225725	13159	0
gpl004	89	Picture	fix	2232627	0	1	37469	1	0	next	other	0
gpl004	89	Pulse	199	2235726	3099	0
gpl004	89	Pulse	199	2245726	13099	0
gpl004	89	Pulse	199	2255725	23098	0
gpl004	89	Pulse	199	2265726	33099	0
gpl004	91	Picture	stim	2270096	0	1	25035	1	0	25000	hit	210
gpl004	91	Pulse	199	2275726	5630	0
gpl004	91	Response	16	2284306	14210	0
gpl004	91	Pulse	199	2285726	15630	0
gpl004	92	Picture	fix2	2295131	0	1	16579	1	0	next	other	0
gpl004	92	Pulse	199	2295726	595	0
gpl004	92	Pulse	199	2305726	10595	0
gpl004	93	Picture	feedback	2311710	0	1	20061	1	0	next	other	0
gpl004	93	Pulse	199	2315726	4016	0
gpl004	93	Pulse	199	2325725	14015	0
gpl004	94	Picture	fix	2331771	0	1	26859	1	0	next	other	0
gpl004	94	Pulse	199	2335726	3955	0
gpl004	94	Pulse	199	2345726	13955	0
gpl004	94	Pulse	199	2355726	23955	0
gpl004	96	Picture	stim	2358630	0	1	25035	1	0	25000	hit	224
gpl004	96	Pulse	199	2365726	7096	0
gpl004	96	Response	16	2369075	10445	0
gpl004	96	Pulse	199	2375726	17096	0
gpl004	97	Picture	fix2	2383830	0	1	17243	1	0	next	other	0
gpl004	97	Pulse	199	2385726	1896	0
gpl004	97	Pulse	199	2395725	11895	0
gpl004	98	Picture	feedback	2401073	0	1	20061	1	0	next	other	0
gpl004	98	Pulse	199	2405726	4653	0
gpl004	98	Pulse	199	2415726	14653	0
gpl004	99	Picture	fix	2421134	0	1	16248	1	0	next	other	0
gpl004	99	Pulse	199	2425725	4592	0
gpl004	99	Pulse	199	2435726	14592	0
gpl004	101	Picture	stim	2437382	0	1	25035	1	0	25000	hit	237
gpl004	101	Pulse	199	2445725	8344	0
gpl004	101	Response	16	2451165	13784	0
gpl004	101	Pulse	199	2455726	18344	0
gpl004	102	Picture	fix2	2462416	0	1	20061	1	0	next	other	0
gpl004	102	Pulse	199	2465725	3309	0
gpl004	102	Pulse	199	2475726	13310	0
gpl004	103	Picture	feedback	2482477	0	1	20061	1	0	next	other	0
gpl004	103	Pulse	199	2485726	3248	0
gpl004	103	Pulse	199	2495725	13248	0
gpl004	104	Picture	fix	2502539	0	1	26361	1	0	next	other	0
gpl004	104	Pulse	199	2505726	3188	0
gpl004	104	Pulse	199	2515726	13187	0
gpl004	104	Pulse	199	2525726	23187	0
gpl004	106	Picture	stim	2528900	0	1	25035	1	0	25000	hit	251
gpl004	106	Pulse	199	2535725	6826	0
gpl004	106	Response	16	2540906	12006	0
gpl004	106	Pulse	199	2545736	16836	0
gpl004	107	Picture	fix2	2554100	0	1	25864	1	0	next	other	0
gpl004	107	Pulse	199	2555726	1626	0
gpl004	107	Pulse	199	2565725	11625	0
gpl004	107	Pulse	199	2575736	21636	0
gpl004	108	Picture	feedback	2579964	0	1	20061	1	0	next	other	0
gpl004	108	Pulse	199	2585736	5772	0
gpl004	108	Pulse	199	2595736	15772	0
gpl004	109	Picture	fix	2600025	0	1	22216	1	0	next	other	0
gpl004	109	Pulse	199	2605736	5711	0
gpl004	109	Pulse	199	2615736	15711	0
gpl004	111	Picture	stim	2622241	0	1	25035	1	0	25000	hit	265
gpl004	111	Pulse	199	2625736	3495	0
gpl004	111	Response	16	2635145	12904	0
gpl004	111	Pulse	199	2635735	13494	0
gpl004	111	Pulse	199	2645736	23495	0
gpl004	112	Picture	fix2	2647276	0	1	18071	1	0	next	other	0
gpl004	112	Pulse	199	2655736	8460	0
gpl004	113	Picture	feedback	2665348	0	1	20061	1	0	next	other	0
gpl004	113	Pulse	199	2665736	388	0
gpl004	113	Pulse	199	2675735	10388	0
gpl004	114	Picture	fix	2685408	0	1	26030	1	0	next	other	0
gpl004	114	Pulse	199	2685736	328	0
gpl004	114	Pulse	199	2695736	10328	0
gpl004	114	Pulse	199	2705736	20327	0
gpl004	116	Picture	stim	2711438	0	1	25035	1	0	25000	incorrect	279
gpl004	116	Pulse	199	2715736	4298	0
gpl004	116	Response	32	2723916	12478	0
gpl004	116	Pulse	199	2725736	14298	0
gpl004	116	Pulse	199	2735736	24298	0
gpl004	117	Picture	fix2	2736473	0	1	15916	1	0	next	other	0
gpl004	117	Pulse	199	2745736	9263	0
gpl004	118	Picture	feedback	2752389	0	1	20226	1	0	next	other	0
gpl004	118	Pulse	199	2755736	3347	0
gpl004	118	Pulse	199	2765736	13347	0
gpl004	119	Picture	fix	2772616	0	1	23709	1	0	next	other	0
gpl004	119	Pulse	199	2775736	3120	0
gpl004	119	Pulse	199	2785736	13120	0
gpl004	119	Pulse	199	2795736	23120	0
gpl004	121	Picture	stim	2796324	0	1	25035	1	0	25000	hit	293
gpl004	121	Pulse	199	2805736	9411	0
gpl004	121	Response	16	2812276	15951	0
gpl004	121	Pulse	199	2815736	19412	0
gpl004	122	Picture	fix2	2821359	0	1	13927	1	0	next	other	0
gpl004	122	Pulse	199	2825736	4377	0
gpl004	123	Picture	feedback	2835286	0	1	20061	1	0	next	other	0
gpl004	123	Pulse	199	2835736	450	0
gpl004	123	Pulse	199	2845736	10450	0
gpl004	124	Picture	fix	2855347	0	1	25201	1	0	next	other	0
gpl004	124	Pulse	199	2855736	389	0
gpl004	124	Pulse	199	2865736	10389	0
gpl004	124	Pulse	199	2875736	20389	0
gpl004	126	Picture	stim	2880548	0	1	25035	1	0	25000	incorrect	306
gpl004	126	Pulse	199	2885736	5189	0
gpl004	126	Response	32	2895006	14459	0
gpl004	126	Pulse	199	2895736	15189	0
gpl004	126	Pulse	199	2905736	25188	1
gpl004	127	Picture	fix2	2905748	0	1	29346	1	0	next	other	0
gpl004	127	Pulse	199	2915736	9988	0
gpl004	127	Pulse	199	2925736	19988	0
gpl004	128	Picture	feedback	2935094	0	1	20061	1	0	next	other	0
gpl004	128	Pulse	199	2935736	643	0
gpl004	128	Pulse	199	2945736	10642	0
gpl004	129	Picture	fix	2955155	0	1	23377	1	0	next	other	0
gpl004	129	Pulse	199	2955736	582	0
gpl004	129	Pulse	199	2965736	10582	0
gpl004	129	Pulse	199	2975736	20581	0
gpl004	131	Picture	stim	2978531	0	1	25035	1	0	25000	hit	321
gpl004	131	Pulse	199	2985736	7205	0
gpl004	131	Response	16	2989036	10504	0
gpl004	131	Pulse	199	2995736	17205	0
gpl004	132	Picture	fix2	3003566	0	1	22051	1	0	next	other	0
gpl004	132	Pulse	199	3005736	2170	0
gpl004	132	Pulse	199	3015736	12169	0
gpl004	133	Picture	feedback	3025617	0	1	20061	1	0	next	other	0
gpl004	133	Pulse	199	3025736	119	0
gpl004	133	Pulse	199	3035736	10119	0
gpl004	134	Picture	fix	3045678	0	1	28516	1	0	next	other	0
gpl004	134	Pulse	199	3045736	58	0
gpl004	134	Pulse	199	3055736	10059	0
gpl004	134	Pulse	199	3065736	20058	0
gpl004	136	Picture	stim	3074194	0	1	25035	1	0	25000	incorrect	336
gpl004	136	Pulse	199	3075736	1542	0
gpl004	136	Pulse	199	3085736	11541	0
gpl004	136	Response	32	3086666	12471	0
gpl004	136	Pulse	199	3095736	21542	0
gpl004	137	Picture	fix2	3099229	0	1	9119	1	0	next	other	0
gpl004	137	Pulse	199	3105736	6507	0
gpl004	138	Picture	feedback	3108348	0	1	20061	1	0	next	other	0
gpl004	138	Pulse	199	3115736	7389	0
gpl004	138	Pulse	199	3125736	17388	0
gpl004	139	Picture	fix	3128409	0	1	17740	1	0	next	other	0
gpl004	139	Pulse	199	3135736	7328	0
gpl004	139	Pulse	199	3145736	17327	0
gpl004	141	Picture	stim	3146149	0	1	25035	1	0	25000	hit	348
gpl004	141	Pulse	199	3155736	9587	0
gpl004	141	Response	16	3160136	13987	0
gpl004	141	Pulse	199	3165736	19587	0
gpl004	142	Picture	fix2	3171183	0	1	21387	1	0	next	other	0
gpl004	142	Pulse	199	3175736	4553	0
gpl004	142	Pulse	199	3185735	14552	0
gpl004	143	Picture	feedback	3192571	0	1	20061	1	0	next	other	0
gpl004	143	Pulse	199	3195736	3165	0
gpl004	143	Pulse	199	3205736	13165	0
gpl004	144	Picture	fix	3212632	0	1	21387	1	0	next	other	0
gpl004	144	Pulse	199	3215736	3104	0
gpl004	144	Pulse	199	3225735	13104	0
gpl004	146	Picture	stim	3234019	0	1	25035	1	0	25000	incorrect	362
gpl004	146	Pulse	199	3235736	1717	0
gpl004	146	Pulse	199	3245736	11717	0
gpl004	146	Response	32	3248646	14627	0
gpl004	146	Pulse	199	3255735	21716	0
gpl004	147	Picture	fix2	3259220	0	1	20393	1	0	next	other	0
gpl004	147	Pulse	199	3265736	6516	0
gpl004	147	Pulse	199	3275736	16516	0
gpl004	148	Picture	feedback	3279612	0	1	20061	1	0	next	other	0
gpl004	148	Pulse	199	3285736	6123	0
gpl004	148	Pulse	199	3295735	16123	0
gpl004	149	Picture	fix	3299673	0	1	22050	1	0	next	other	0
gpl004	149	Pulse	199	3305736	6063	0
gpl004	149	Pulse	199	3315736	16062	0
gpl004	151	Picture	stim	3321724	0	1	25035	1	0	25000	incorrect	375
gpl004	151	Pulse	199	3325736	4012	0
gpl004	151	Response	32	3334376	12652	0
gpl004	151	Pulse	199	3335736	14012	0
gpl004	151	Pulse	199	3345736	24012	0
gpl004	152	Picture	fix2	3346924	0	1	28981	199	0	next	other	0
gpl004	152	Pulse	199	3355736	8812	0
gpl004	152	Pulse	199	3365736	18812	0
gpl004	152	Pulse	199	3375736	28812	0
gpl004	153	Picture	feedback	3375906	0	199	20093	199	0	next	other	0
gpl004	153	Pulse	199	3385737	9831	0
gpl004	153	Pulse	199	3395736	19830	0
gpl004	154	Picture	fix	3395999	0	1	25366	1	0	next	other	0
gpl004	154	Pulse	199	3405736	9737	0
gpl004	154	Pulse	199	3415736	19737	0
gpl004	156	Picture	stim	3421366	0	1	25035	1	0	25000	hit	390
gpl004	156	Pulse	199	3425736	4371	0
gpl004	156	Response	16	3430896	9531	0
gpl004	156	Pulse	199	3435736	14371	0
gpl004	156	Pulse	199	3445736	24371	0
gpl004	157	Picture	fix2	3446401	0	1	16745	1	0	next	other	0
gpl004	157	Pulse	199	3455736	9336	0
gpl004	158	Picture	feedback	3463146	0	1	20061	1	0	next	other	0
gpl004	158	Pulse	199	3465736	2590	0
gpl004	158	Pulse	199	3475736	12591	0
gpl004	159	Picture	fix	3483207	0	1	33324	1	0	next	other	0
gpl004	159	Pulse	199	3485736	2530	0
gpl004	159	Pulse	199	3495736	12529	0
gpl004	159	Pulse	199	3505736	22530	0
gpl004	159	Pulse	199	3515736	32530	0
gpl004	161	Picture	stim	3516531	0	1	25035	1	0	25000	incorrect	405
gpl004	161	Pulse	199	3525736	9205	0
gpl004	161	Response	32	3530376	13845	0
gpl004	161	Pulse	199	3535736	19205	0
gpl004	162	Picture	fix2	3541732	0	1	14590	1	0	next	other	0
gpl004	162	Pulse	199	3545737	4005	0
gpl004	162	Pulse	199	3555736	14005	0
gpl004	163	Picture	feedback	3556322	0	1	20061	1	0	next	other	0
gpl004	163	Pulse	199	3565736	9415	0
gpl004	163	Pulse	199	3575736	19415	0
gpl004	164	Picture	fix	3576383	0	1	28848	1	0	next	other	0
gpl004	164	Pulse	199	3585737	9354	0
gpl004	164	Pulse	199	3595736	19354	0
gpl004	166	Picture	stim	3605231	0	1	25035	1	0	25000	incorrect	419
gpl004	166	Pulse	199	3605736	506	0
gpl004	166	Pulse	199	3615736	10506	0
gpl004	166	Response	32	3618785	13555	0
gpl004	166	Pulse	199	3625736	20506	0
gpl004	167	Picture	fix2	3630265	0	1	21388	1	0	next	other	0
gpl004	167	Pulse	199	3635736	5471	0
gpl004	167	Pulse	199	3645736	15471	0
gpl004	168	Picture	feedback	3651653	0	1	20061	1	0	next	other	0
gpl004	168	Pulse	199	3655736	4084	0
gpl004	168	Pulse	199	3665736	14084	0
gpl004	169	Picture	fix	3671714	0	1	30837	1	0	next	other	0
gpl004	169	Pulse	199	3675736	4022	0
gpl004	169	Pulse	199	3685736	14023	0
gpl004	169	Pulse	199	3695736	24022	0
gpl004	171	Picture	stim	3702551	0	1	25035	1	0	25000	hit	433
gpl004	171	Pulse	199	3705736	3185	0
gpl004	171	Response	16	3713316	10765	0
gpl004	171	Pulse	199	3715736	13185	0
gpl004	171	Pulse	199	3725736	23185	0
gpl004	172	Picture	fix2	3727586	0	1	21387	1	0	next	other	0
gpl004	172	Pulse	199	3735736	8150	0
gpl004	172	Pulse	199	3745736	18150	0
gpl004	173	Picture	feedback	3748974	0	1	20061	1	0	next	other	0
gpl004	173	Pulse	199	3755737	6763	0
gpl004	173	Pulse	199	3765736	16763	0
gpl004	174	Picture	fix	3769035	0	1	30009	1	0	next	other	0
gpl004	174	Pulse	199	3775736	6701	0
gpl004	174	Pulse	199	3785736	16702	0
gpl004	174	Pulse	199	3795736	26702	0
gpl004	176	Picture	stim	3799043	0	1	25035	1	0	25000	hit	448
gpl004	176	Pulse	199	3805736	6693	0
gpl004	176	Response	16	3810916	11873	0
gpl004	176	Pulse	199	3815736	16692	0
gpl004	177	Picture	fix2	3824244	0	1	20558	1	0	next	other	0
gpl004	177	Pulse	199	3825737	1493	0
gpl004	177	Pulse	199	3835737	11493	0
gpl004	178	Picture	feedback	3844802	0	1	20061	1	0	next	other	0
gpl004	178	Pulse	199	3845736	934	0
gpl004	178	Pulse	199	3855736	10934	0
gpl004	179	Picture	fix	3864863	0	1	32164	1	0	next	other	0
gpl004	179	Pulse	199	3865737	873	0
gpl004	179	Pulse	199	3875736	10873	0
gpl004	179	Pulse	199	3885736	20873	0
gpl004	179	Pulse	199	3895736	30873	0
gpl004	181	Picture	stim	3897027	0	1	25035	1	0	25000	hit	463
gpl004	181	Pulse	199	3905737	8710	0
gpl004	181	Response	16	3908946	11919	0
gpl004	181	Pulse	199	3915736	18709	0
gpl004	182	Picture	fix2	3922062	0	1	16414	1	0	next	other	0
gpl004	182	Pulse	199	3925737	3675	0
gpl004	182	Pulse	199	3935736	13675	0
gpl004	183	Picture	feedback	3938475	0	1	20061	1	0	next	other	0
gpl004	183	Pulse	199	3945736	7261	0
gpl004	183	Pulse	199	3955737	17261	0
gpl004	184	Picture	fix	3958537	0	1	21885	1	0	next	other	0
gpl004	184	Pulse	199	3965737	7200	0
gpl004	184	Pulse	199	3975736	17200	0
gpl004	186	Picture	stim	3980421	0	1	25035	1	0	25000	hit	476
gpl004	186	Pulse	199	3985736	5315	0
gpl004	186	Response	16	3993796	13375	0
gpl004	186	Pulse	199	3995736	15315	0
gpl004	186	Response	32	4003306	22885	0
gpl004	187	Picture	fix2	4005456	0	1	21885	1	0	next	other	0
gpl004	187	Pulse	199	4005737	281	0
gpl004	187	Response	32	4009206	3750	0
gpl004	187	Response	32	4011556	6100	0
gpl004	187	Pulse	199	4015736	10280	0
gpl004	187	Pulse	199	4025737	20281	0
gpl004	188	Picture	feedback	4027341	0	1	20061	1	0	next	other	0
gpl004	188	Pulse	199	4035737	8396	0
gpl004	188	Pulse	199	4045736	18395	0
gpl004	189	Picture	fix	4047402	0	1	20227	1	0	next	other	0
gpl004	189	Pulse	199	4055736	8334	0
gpl004	189	Pulse	199	4065736	18334	0
gpl004	191	Picture	stim	4067629	0	1	25035	1	0	25000	incorrect	493
gpl004	191	Pulse	199	4075737	8108	0
gpl004	191	Response	32	4081956	14328	0
gpl004	191	Pulse	199	4085736	18107	0
gpl004	192	Picture	fix2	4092663	0	1	16082	1	0	next	other	0
gpl004	192	Pulse	199	4095737	3073	0
gpl004	192	Pulse	199	4105736	13073	0
gpl004	193	Picture	feedback	4108745	0	1	20061	1	0	next	other	0
gpl004	193	Pulse	199	4115736	6991	0
gpl004	193	Pulse	199	4125736	16991	0
gpl004	194	Picture	fix	4128806	0	1	29345	1	0	next	other	0
gpl004	194	Pulse	199	4135737	6930	0
gpl004	194	Pulse	199	4145736	16930	0
gpl004	194	Pulse	199	4155736	26929	0
gpl004	196	Picture	stim	4158152	0	1	25035	1	0	25000	hit	507
gpl004	196	Pulse	199	4165736	7585	0
gpl004	196	Response	16	4170495	12344	0
gpl004	196	Pulse	199	4175736	17585	0
gpl004	197	Picture	fix2	4183187	0	1	16082	1	0	next	other	0
gpl004	197	Pulse	199	4185736	2550	0
gpl004	197	Pulse	199	4195736	12550	0
gpl004	198	Picture	feedback	4199269	0	1	20061	1	0	next	other	0
gpl004	198	Pulse	199	4205736	6468	0
gpl004	198	Pulse	199	4215736	16468	0
gpl004	199	Picture	fix	4219330	0	1	20393	1	0	next	other	0
gpl004	199	Pulse	199	4225736	6406	0
gpl004	199	Pulse	199	4235736	16407	0
gpl004	201	Picture	stim	4239722	0	1	25035	1	0	25000	incorrect	520
gpl004	201	Pulse	199	4245736	6014	0
gpl004	201	Response	32	4253236	13514	0
gpl004	201	Pulse	199	4255746	16024	0
gpl004	202	Picture	fix2	4264923	0	1	11606	1	0	next	other	0
gpl004	202	Pulse	199	4265736	813	0
gpl004	202	Pulse	199	4275736	10814	0
gpl004	203	Picture	feedback	4276528	0	1	20061	1	0	next	other	0
gpl004	203	Pulse	199	4285736	9208	0
gpl004	203	Pulse	199	4295736	19207	0
gpl004	204	Picture	fix	4296589	0	1	29180	1	0	next	other	0
gpl004	204	Pulse	199	4305736	9147	0
gpl004	204	Pulse	199	4315747	19157	0
gpl004	205	Pulse	199	4325746	47	0
gpl004	206	Picture	stim	4325769	0	1	25035	1	0	25000	hit	534
gpl004	206	Pulse	199	4335747	9978	0
gpl004	206	Response	16	4341986	16218	0
gpl004	206	Pulse	199	4345747	19978	0
gpl004	207	Picture	fix2	4350804	0	1	11108	1	0	next	other	0
gpl004	207	Pulse	199	4355747	4943	0
gpl004	208	Picture	feedback	4361912	0	1	20061	1	0	next	other	0
gpl004	208	Pulse	199	4365746	3834	0
gpl004	208	Pulse	199	4375747	13835	0
gpl004	209	Picture	fix	4381973	0	1	17408	1	0	next	other	0
gpl004	209	Pulse	199	4385747	3774	0
gpl004	209	Pulse	199	4395746	13773	0
gpl004	211	Picture	stim	4399381	0	1	25035	1	0	25000	hit	547
gpl004	211	Pulse	199	4405747	6366	0
gpl004	211	Pulse	199	4415747	16366	0
gpl004	211	Response	16	4416206	16825	0
gpl004	212	Picture	fix2	4424416	0	1	27687	1	0	next	other	0
gpl004	212	Pulse	199	4425747	1331	0
gpl004	212	Pulse	199	4435746	11330	0
gpl004	212	Pulse	199	4445747	21330	0
gpl004	213	Picture	feedback	4452104	0	1	20061	1	0	next	other	0
gpl004	213	Pulse	199	4455746	3643	0
gpl004	213	Pulse	199	4465746	13642	0
gpl004	214	Picture	fix	4472164	0	1	23543	1	0	next	other	0
gpl004	214	Pulse	199	4475747	3583	0
gpl004	214	Pulse	199	4485747	13582	0
gpl004	216	Picture	stim	4495707	0	1	25035	1	0	25000	incorrect	560
gpl004	216	Pulse	199	4495747	39	0
gpl004	216	Response	32	4505646	9939	0
gpl004	216	Pulse	199	4505746	10039	0
gpl004	216	Pulse	199	4515747	20039	0
gpl004	217	Picture	fix2	4520742	0	1	16579	1	0	next	other	0
gpl004	217	Pulse	199	4525747	5005	0
gpl004	217	Pulse	199	4535746	15004	0
gpl004	218	Picture	feedback	4537321	0	1	20061	1	0	next	other	0
gpl004	218	Pulse	199	4545747	8425	0
gpl004	218	Pulse	199	4555747	18425	0
gpl004	219	Picture	fix	4557382	0	1	27356	1	0	next	other	0
gpl004	219	Pulse	199	4565747	8364	0
gpl004	219	Pulse	199	4575746	18364	0
gpl004	221	Picture	stim	4584738	0	1	25035	1	0	25000	hit	575
gpl004	221	Pulse	199	4585747	1008	0
gpl004	221	Pulse	199	4595747	11009	0
gpl004	221	Response	16	4601857	17118	0
gpl004	221	Pulse	199	4605746	21008	0
gpl004	222	Picture	fix2	4609773	0	1	25864	1	0	next	other	0
gpl004	222	Pulse	199	4615747	5974	0
gpl004	222	Pulse	199	4625747	15974	0
gpl004	223	Picture	feedback	4635637	0	1	20061	1	0	next	other	0
gpl004	223	Pulse	199	4635746	109	0
gpl004	223	Pulse	199	4645746	10109	0
gpl004	224	Picture	fix	4655698	0	1	26527	1	0	next	other	0
gpl004	224	Pulse	199	4655747	49	0
gpl004	224	Pulse	199	4665747	10049	0
gpl004	224	Pulse	199	4675746	20048	0
gpl004	226	Picture	stim	4682225	0	1	25035	1	0	25000	hit	589
gpl004	226	Pulse	199	4685747	3522	0
gpl004	226	Response	16	4689356	7131	0
gpl004	226	Pulse	199	4695746	13522	0
gpl004	226	Pulse	199	4705746	23521	0
gpl004	227	Picture	fix2	4707425	0	1	26361	1	0	next	other	0
gpl004	227	Pulse	199	4715747	8322	0
gpl004	227	Pulse	199	4725747	18321	0
gpl004	228	Picture	feedback	4733787	0	1	20061	1	0	next	other	0
gpl004	228	Pulse	199	4735747	1960	0
gpl004	228	Pulse	199	4745746	11960	0
gpl004	229	Picture	fix	4753848	0	1	28516	1	0	next	other	0
gpl004	229	Pulse	199	4755747	1899	0
gpl004	229	Pulse	199	4765747	11899	0
gpl004	229	Pulse	199	4775746	21899	0
gpl004	231	Picture	stim	4782364	0	1	25035	1	0	25000	hit	605
gpl004	231	Pulse	199	4785747	3383	0
gpl004	231	Pulse	199	4795747	13383	0
gpl004	231	Response	16	4799766	17402	0
gpl004	231	Pulse	199	4805747	23383	0
gpl004	232	Picture	fix2	4807399	0	1	22201	182	0	next	other	0
gpl004	232	Pulse	199	4815746	8347	0
gpl004	232	Pulse	199	4825747	18348	0
gpl004	233	Picture	feedback	4829600	0	182	20076	182	0	next	other	0
gpl004	233	Pulse	199	4835747	6147	0
gpl004	233	Pulse	199	4845746	16146	0
gpl004	234	Picture	fix	4849676	0	1	23377	1	0	next	other	0
gpl004	234	Pulse	199	4855747	6071	0
gpl004	234	Pulse	199	4865747	16070	0
gpl004	236	Picture	stim	4873053	0	1	25035	1	0	25000	hit	618
gpl004	236	Pulse	199	4875746	2693	0
gpl004	236	Response	16	4885286	12233	0
gpl004	236	Pulse	199	4885746	12693	0
gpl004	236	Pulse	199	4895746	22693	0
gpl004	237	Picture	fix2	4898088	0	1	14756	1	0	next	other	0
gpl004	237	Pulse	199	4905747	7659	0
gpl004	238	Picture	feedback	4912844	0	1	20061	1	0	next	other	0
gpl004	238	Pulse	199	4915746	2903	0
gpl004	238	Pulse	199	4925747	12903	0
gpl004	239	Picture	fix	4932905	0	1	24537	1	0	next	other	0
gpl004	239	Pulse	199	4935747	2842	0
gpl004	239	Pulse	199	4945746	12842	0
gpl004	239	Pulse	199	4955746	22841	0
gpl004	241	Picture	stim	4957442	0	1	25035	1	0	25000	hit	632
gpl004	241	Pulse	199	4965747	8305	0
gpl004	241	Response	16	4969896	12454	0
gpl004	241	Pulse	199	4975746	18305	0
gpl004	242	Picture	fix2	4982477	0	1	18569	1	0	next	other	0
gpl004	242	Pulse	199	4985746	3269	0
gpl004	242	Pulse	199	4995747	13270	0
gpl004	243	Picture	feedback	5001046	0	1	20061	1	0	next	other	0
gpl004	243	Pulse	199	5005747	4701	0
gpl004	243	Pulse	199	5015746	14701	0
gpl004	244	Picture	fix	5021107	0	1	20061	1	0	next	other	0
gpl004	244	Pulse	199	5025746	4640	0
gpl004	244	Pulse	199	5035746	14640	0
gpl004	246	Picture	stim	5041168	0	1	25035	1	0	25000	incorrect	646
gpl004	246	Pulse	199	5045747	4579	0
gpl004	246	Pulse	199	5055746	14579	0
gpl004	246	Response	32	5056096	14929	0
gpl004	246	Pulse	199	5065746	24579	0
gpl004	247	Picture	fix2	5066202	0	1	21553	1	0	next	other	0
gpl004	247	Pulse	199	5075747	9544	0
gpl004	247	Pulse	199	5085746	19544	0
gpl004	248	Picture	feedback	5087756	0	1	20061	1	0	next	other	0
gpl004	248	Pulse	199	5095747	7991	0
gpl004	248	Pulse	199	5105747	17991	0
gpl004	249	Picture	fix	5107817	0	1	26858	1	0	next	other	0
gpl004	249	Pulse	199	5115747	7931	0
gpl004	249	Pulse	199	5125747	17930	0
gpl004	251	Picture	stim	5134675	0	1	25035	1	0	25000	hit	660
gpl004	251	Pulse	199	5135747	1072	0
gpl004	251	Pulse	199	5145747	11072	0
gpl004	251	Response	16	5147307	12632	0
gpl004	251	Response	32	5151716	17041	0
gpl004	251	Pulse	199	5155747	21071	0
gpl004	251	Response	32	5155757	21082	0
gpl004	251	Response	32	5157917	23242	0
gpl004	252	Picture	fix2	5159710	0	1	12932	1	0	next	other	0
gpl004	252	Response	32	5159796	86	0
gpl004	252	Response	32	5161767	2057	0
gpl004	252	Pulse	199	5165747	6037	0
gpl004	253	Picture	feedback	5172642	0	1	20061	1	0	next	other	0
gpl004	253	Pulse	199	5175747	3105	0
gpl004	253	Pulse	199	5185747	13105	0
gpl004	254	Picture	fix	5192703	0	1	33988	1	0	next	other	0
gpl004	254	Pulse	199	5195747	3044	0
gpl004	254	Pulse	199	5205747	13044	0
gpl004	254	Pulse	199	5215747	23044	0
gpl004	254	Pulse	199	5225746	33043	0
gpl004	256	Picture	stim	5226690	0	1	25035	1	0	25000	incorrect	679
gpl004	256	Pulse	199	5235747	9056	0
gpl004	256	Response	32	5236097	9406	0
gpl004	256	Pulse	199	5245747	19056	0
gpl004	257	Picture	fix2	5251891	0	1	17906	1	0	next	other	0
gpl004	257	Pulse	199	5255747	3856	0
gpl004	257	Pulse	199	5265746	13855	0
gpl004	258	Picture	feedback	5269797	0	1	20061	1	0	next	other	0
gpl004	258	Pulse	199	5275747	5950	0
gpl004	258	Pulse	199	5285747	15950	0
gpl004	259	Picture	fix	5289858	0	1	35977	1	0	next	other	0
gpl004	259	Pulse	199	5295746	5889	0
gpl004	259	Pulse	199	5305747	15889	0
gpl004	259	Pulse	199	5315747	25889	0
gpl004	260	Pulse	199	5325747	78	0
gpl004	261	Picture	stim	5325835	0	1	25035	1	0	25000	incorrect	694
gpl004	261	Pulse	199	5335747	9912	0
gpl004	261	Response	32	5342957	17122	0
gpl004	261	Pulse	199	5345747	19912	0
gpl004	262	Picture	fix2	5351036	0	1	21719	1	0	next	other	0
gpl004	262	Pulse	199	5355747	4712	0
gpl004	262	Pulse	199	5365747	14711	0
gpl004	263	Picture	feedback	5372754	0	1	20061	1	0	next	other	0
gpl004	263	Pulse	199	5375747	2993	0
gpl004	263	Pulse	199	5385747	12992	0
gpl004	264	Picture	fix	5392816	0	1	24703	1	0	next	other	0
gpl004	264	Pulse	199	5395747	2931	0
gpl004	264	Pulse	199	5405746	12931	0
gpl004	264	Pulse	199	5415747	22931	0
gpl004	266	Picture	stim	5417519	0	1	25035	1	0	25000	incorrect	708
gpl004	266	Pulse	199	5425747	8228	0
gpl004	266	Response	32	5433127	15608	0
gpl004	266	Pulse	199	5435746	18227	0
gpl004	267	Picture	fix2	5442554	0	1	15253	1	0	next	other	0
gpl004	267	Pulse	199	5445747	3194	0
gpl004	267	Pulse	199	5455747	13193	0
gpl004	268	Picture	feedback	5457806	0	1	20061	1	0	next	other	0
gpl004	268	Pulse	199	5465747	7940	0
gpl004	268	Pulse	199	5475746	17940	0
gpl004	269	Picture	100	5477868	0	1	250000	183	0	250000	other	0
gpl004	269	Pulse	199	5485747	7879	0
gpl004	269	Pulse	199	5495747	17879	0
gpl004	269	Pulse	199	5505746	27879	0
gpl004	269	Pulse	199	5515747	37879	0
gpl004	269	Pulse	199	5525747	47879	0
gpl004	269	Pulse	199	5535746	57879	0
gpl004	269	Pulse	199	5545747	67879	0
gpl004	269	Pulse	199	5555747	77879	0
gpl004	269	Pulse	199	5565747	87879	0
gpl004	269	Pulse	199	5575746	97878	0
gpl004	269	Pulse	199	5585747	107879	0
gpl004	269	Pulse	199	5595747	117879	0
gpl004	269	Pulse	199	5605746	127878	0
gpl004	269	Pulse	199	5615747	137879	0
gpl004	269	Pulse	199	5625747	147879	0
gpl004	269	Pulse	199	5635747	157879	0
gpl004	269	Pulse	199	5645747	167879	0
gpl004	269	Pulse	199	5655747	177879	0
gpl004	269	Pulse	199	5665747	187879	0
gpl004	269	Pulse	199	5675746	197879	0
gpl004	269	Pulse	199	5685747	207879	0
gpl004	269	Pulse	199	5695747	217879	0
