Scenario - FBL_B.sce
Logfile written - 04/28/2021 15:50:07

Subject	Trial	Event Type	Code	Time	TTime	Uncertainty	Duration	Uncertainty	ReqTime	ReqDur	Stim Type	Pair Index

gpl008	1	Response	32	24802	14636	0
gpl008	2	Picture	fix	25253	0	1	18735	1	0	next	other	0
gpl008	4	Picture	stim	43987	0	1	17574	1	0	next	incorrect	4
gpl008	4	Response	32	61392	17405	0
gpl008	5	Picture	feedback	61562	0	1	20061	1	0	next	other	0
gpl008	6	Picture	fix	81623	0	1	32164	1	0	next	other	0
gpl008	8	Picture	stim	113786	0	1	9450	1	0	next	hit	8
gpl008	8	Response	16	123152	9366	0
gpl008	9	Picture	feedback	123237	0	1	20227	1	0	next	other	0
gpl008	10	Picture	fix	143464	0	1	24703	1	0	next	other	0
gpl008	12	Picture	stim	168167	0	1	13761	1	0	next	hit	12
gpl008	12	Response	16	181872	13705	0
gpl008	13	Picture	feedback	181928	0	1	20227	1	0	next	other	0
gpl008	14	Picture	fix	202154	0	1	21387	1	0	next	other	0
gpl008	16	Picture	stim	223542	0	1	9948	1	0	next	incorrect	16
gpl008	16	Response	32	233352	9811	0
gpl008	17	Picture	feedback	233489	0	1	20061	1	0	next	other	0
gpl008	18	Picture	fix	253550	0	1	21885	1	0	next	other	0
gpl008	20	Picture	stim	275435	0	1	8124	1	0	next	hit	20
gpl008	20	Response	16	283522	8087	0
gpl008	21	Picture	feedback	283559	0	1	20061	1	0	next	other	0
gpl008	22	Picture	fix	303620	0	1	23543	1	0	next	other	0
gpl008	24	Picture	stim	327163	0	1	7627	1	0	next	incorrect	24
gpl008	24	Response	32	334663	7500	0
gpl008	25	Picture	feedback	334789	0	1	20061	1	0	next	other	0
gpl008	26	Response	32	378413	23562	0
gpl008	27	Picture	start	378559	0	1	664832	1	0	next	other	0
gpl008	27	Response	16	396783	18224	0
gpl008	28	Pulse	199	1043222	614657	0
gpl008	28	Pulse	199	1053222	624656	0
gpl008	28	Pulse	199	1063222	634657	0
gpl008	28	Pulse	199	1073223	644657	0
gpl008	28	Pulse	199	1083222	654657	0
gpl008	28	Pulse	199	1093223	664657	0
gpl008	29	Picture	fix	1093792	0	1	23356	187	0	next	other	0
gpl008	29	Pulse	199	1103223	9431	0
gpl008	29	Pulse	199	1113222	19430	0
gpl008	31	Picture	stim	1117148	0	187	25055	187	0	25000	incorrect	40
gpl008	31	Pulse	199	1123222	6074	0
gpl008	31	Response	32	1125892	8743	0
gpl008	31	Pulse	199	1133222	16074	0
gpl008	32	Picture	fix2	1142204	0	1	16579	1	0	next	other	0
gpl008	32	Pulse	199	1143222	1019	0
gpl008	32	Pulse	199	1153221	11018	0
gpl008	33	Picture	feedback	1158783	0	1	20393	1	0	next	other	0
gpl008	33	Pulse	199	1163222	4439	0
gpl008	33	Pulse	199	1173222	14439	0
gpl008	34	Picture	fix	1179176	0	1	26858	1	0	next	other	0
gpl008	34	Pulse	199	1183223	4047	0
gpl008	34	Pulse	199	1193222	14046	0
gpl008	34	Pulse	199	1203223	24047	0
gpl008	36	Picture	stim	1206034	0	1	25035	1	0	25000	incorrect	54
gpl008	36	Pulse	199	1213223	7189	0
gpl008	36	Response	32	1215572	9538	0
gpl008	36	Pulse	199	1223222	17188	0
gpl008	37	Picture	fix2	1231069	0	1	14590	1	0	next	other	0
gpl008	37	Pulse	199	1233223	2154	0
gpl008	37	Pulse	199	1243223	12154	0
gpl008	38	Picture	feedback	1245659	0	1	20061	1	0	next	other	0
gpl008	38	Pulse	199	1253222	7564	0
gpl008	38	Pulse	199	1263222	17563	0
gpl008	39	Picture	fix	1265720	0	1	26859	1	0	next	other	0
gpl008	39	Pulse	199	1273223	7503	0
gpl008	39	Pulse	199	1283223	17503	0
gpl008	41	Picture	stim	1292578	0	1	25035	1	0	25000	hit	68
gpl008	41	Pulse	199	1293222	644	0
gpl008	41	Pulse	199	1303233	10654	0
gpl008	41	Response	16	1303562	10984	0
gpl008	41	Pulse	199	1313233	20654	0
gpl008	42	Picture	fix2	1317613	0	1	14092	1	0	next	other	0
gpl008	42	Pulse	199	1323233	5620	0
gpl008	43	Picture	feedback	1331706	0	1	20227	1	0	next	other	0
gpl008	43	Pulse	199	1333222	1516	0
gpl008	43	Pulse	199	1343233	11527	0
gpl008	44	Picture	fix	1351932	0	1	19398	1	0	next	other	0
gpl008	44	Pulse	199	1353233	1300	0
gpl008	44	Pulse	199	1363232	11300	0
gpl008	46	Picture	stim	1371330	0	1	25035	1	0	25000	hit	81
gpl008	46	Pulse	199	1373233	1902	0
gpl008	46	Pulse	199	1383233	11902	0
gpl008	46	Response	16	1384223	12892	0
gpl008	46	Pulse	199	1393232	21902	0
gpl008	47	Picture	fix2	1396365	0	1	22548	1	0	next	other	0
gpl008	47	Pulse	199	1403233	6868	0
gpl008	47	Pulse	199	1413233	16868	0
gpl008	48	Picture	feedback	1418913	0	1	20061	1	0	next	other	0
gpl008	48	Pulse	199	1423233	4320	0
gpl008	48	Pulse	199	1433232	14319	0
gpl008	49	Picture	fix	1438974	0	1	18569	1	0	next	other	0
gpl008	49	Pulse	199	1443233	4259	0
gpl008	49	Pulse	199	1453233	14258	0
gpl008	51	Picture	stim	1457543	0	1	25035	1	0	25000	incorrect	94
gpl008	51	Pulse	199	1463232	5689	0
gpl008	51	Response	32	1468593	11050	0
gpl008	51	Pulse	199	1473233	15690	0
gpl008	52	Picture	fix2	1482743	0	1	15916	1	0	next	other	0
gpl008	52	Pulse	199	1483233	489	0
gpl008	52	Pulse	199	1493232	10489	0
gpl008	53	Picture	feedback	1498660	0	1	20393	1	0	next	other	0
gpl008	53	Pulse	199	1503232	4573	0
gpl008	53	Pulse	199	1513233	14573	0
gpl008	54	Picture	fix	1519052	0	1	20061	1	0	next	other	0
gpl008	54	Pulse	199	1523233	4181	0
gpl008	54	Pulse	199	1533232	14180	0
gpl008	56	Picture	stim	1539113	0	1	25035	1	0	25000	incorrect	108
gpl008	56	Pulse	199	1543233	4119	0
gpl008	56	Pulse	199	1553233	14119	0
gpl008	56	Response	32	1557062	17949	0
gpl008	56	Pulse	199	1563233	24119	0
gpl008	57	Picture	fix2	1564148	0	1	17243	1	0	next	other	0
gpl008	57	Pulse	199	1573232	9084	0
gpl008	58	Picture	feedback	1581391	0	1	20227	1	0	next	other	0
gpl008	58	Pulse	199	1583233	1842	0
gpl008	58	Pulse	199	1593233	11842	0
gpl008	59	Picture	fix	1601617	0	1	22382	1	0	next	other	0
gpl008	59	Pulse	199	1603233	1615	0
gpl008	59	Pulse	199	1613233	11615	0
gpl008	59	Pulse	199	1623233	21615	0
gpl008	61	Picture	stim	1624000	0	1	25035	1	0	25000	hit	121
gpl008	61	Pulse	199	1633233	9233	0
gpl008	61	Response	16	1639653	15653	0
gpl008	61	Pulse	199	1643232	19232	0
gpl008	62	Picture	fix2	1649034	0	1	26361	1	0	next	other	0
gpl008	62	Pulse	199	1653233	4198	0
gpl008	62	Pulse	199	1663232	14198	0
gpl008	62	Pulse	199	1673232	24198	0
gpl008	63	Picture	feedback	1675396	0	1	20061	1	0	next	other	0
gpl008	63	Pulse	199	1683233	7837	0
gpl008	63	Pulse	199	1693232	17837	0
gpl008	64	Picture	fix	1695457	0	1	31169	1	0	next	other	0
gpl008	64	Pulse	199	1703233	7776	0
gpl008	64	Pulse	199	1713232	17776	0
gpl008	64	Pulse	199	1723232	27776	0
gpl008	66	Picture	stim	1726626	0	1	25035	1	0	25000	incorrect	136
gpl008	66	Pulse	199	1733233	6607	0
gpl008	66	Response	32	1740832	14206	0
gpl008	66	Pulse	199	1743232	16606	0
gpl008	67	Picture	fix2	1751826	0	1	16414	1	0	next	other	0
gpl008	67	Pulse	199	1753233	1406	0
gpl008	67	Pulse	199	1763232	11406	0
gpl008	68	Picture	feedback	1768240	0	1	20227	1	0	next	other	0
gpl008	68	Pulse	199	1773232	4992	0
gpl008	68	Pulse	199	1783232	14992	0
gpl008	69	Picture	fix	1788467	0	1	37469	1	0	next	other	0
gpl008	69	Pulse	199	1793233	4766	0
gpl008	69	Pulse	199	1803232	14766	0
gpl008	69	Pulse	199	1813232	24765	0
gpl008	69	Pulse	199	1823232	34766	0
gpl008	71	Picture	stim	1825936	0	1	25035	1	0	25000	hit	151
gpl008	71	Pulse	199	1833233	7297	0
gpl008	71	Response	16	1840622	14686	0
gpl008	71	Pulse	199	1843232	17296	0
gpl008	72	Picture	fix2	1850971	0	1	25864	1	0	next	other	0
gpl008	72	Pulse	199	1853233	2262	0
gpl008	72	Pulse	199	1863232	12261	0
gpl008	72	Pulse	199	1873233	22262	0
gpl008	73	Picture	feedback	1876835	0	1	20213	180	0	next	other	0
gpl008	73	Pulse	199	1883233	6398	0
gpl008	73	Pulse	199	1893232	16398	0
gpl008	74	Picture	fix	1897048	0	180	29028	180	0	next	other	0
gpl008	74	Pulse	199	1903233	6185	0
gpl008	74	Pulse	199	1913233	16185	0
gpl008	74	Pulse	199	1923233	26185	0
gpl008	76	Picture	stim	1926075	0	1	25035	1	0	25000	incorrect	166
gpl008	76	Pulse	199	1933233	7157	0
gpl008	76	Response	32	1938342	12267	0
gpl008	76	Pulse	199	1943233	17157	0
gpl008	77	Picture	fix2	1951276	0	1	16082	1	0	next	other	0
gpl008	77	Pulse	199	1953232	1956	0
gpl008	77	Pulse	199	1963233	11957	0
gpl008	78	Picture	feedback	1967358	0	1	20061	1	0	next	other	0
gpl008	78	Pulse	199	1973233	5875	0
gpl008	78	Pulse	199	1983232	15874	0
gpl008	79	Picture	fix	1987419	0	1	23377	1	0	next	other	0
gpl008	79	Pulse	199	1993232	5814	0
gpl008	79	Pulse	199	2003233	15814	0
gpl008	81	Picture	stim	2010796	0	1	25035	1	0	25000	hit	180
gpl008	81	Pulse	199	2013233	2437	0
gpl008	81	Pulse	199	2023232	12436	0
gpl008	81	Response	16	2024982	14186	0
gpl008	81	Pulse	199	2033233	22437	0
gpl008	82	Picture	fix2	2035996	0	1	29345	1	0	next	other	0
gpl008	82	Pulse	199	2043233	7237	0
gpl008	82	Pulse	199	2053233	17236	0
gpl008	82	Pulse	199	2063233	27236	0
gpl008	83	Picture	feedback	2065342	0	1	20061	1	0	next	other	0
gpl008	83	Pulse	199	2073233	7891	0
gpl008	83	Pulse	199	2083233	17891	0
gpl008	84	Picture	fix	2085403	0	1	24703	1	0	next	other	0
gpl008	84	Pulse	199	2093232	7830	0
gpl008	84	Pulse	199	2103233	17830	0
gpl008	86	Picture	stim	2110106	0	1	25035	1	0	25000	incorrect	195
gpl008	86	Pulse	199	2113233	3127	0
gpl008	86	Pulse	199	2123232	13126	0
gpl008	86	Response	32	2124092	13986	0
gpl008	86	Pulse	199	2133233	23127	0
gpl008	87	Picture	fix2	2135307	0	1	22051	1	0	next	other	0
gpl008	87	Pulse	199	2143233	7926	0
gpl008	87	Pulse	199	2153233	17926	0
gpl008	88	Picture	feedback	2157357	0	1	20061	1	0	next	other	0
gpl008	88	Pulse	199	2163233	5875	0
gpl008	88	Pulse	199	2173233	15876	0
gpl008	89	Picture	fix	2177418	0	1	26527	1	0	next	other	0
gpl008	89	Pulse	199	2183233	5815	0
gpl008	89	Pulse	199	2193232	15814	0
gpl008	89	Pulse	199	2203233	25815	0
gpl008	91	Picture	stim	2203945	0	1	25035	1	0	25000	incorrect	209
gpl008	91	Pulse	199	2213233	9288	0
gpl008	91	Response	32	2216963	13018	0
gpl008	91	Pulse	199	2223233	19288	0
gpl008	92	Picture	fix2	2228980	0	1	20393	1	0	next	other	0
gpl008	92	Pulse	199	2233233	4252	0
gpl008	92	Pulse	199	2243233	14253	0
gpl008	93	Picture	feedback	2249373	0	1	20061	1	0	next	other	0
gpl008	93	Pulse	199	2253233	3860	0
gpl008	93	Pulse	199	2263232	13859	0
gpl008	94	Picture	fix	2269434	0	1	29345	1	0	next	other	0
gpl008	94	Pulse	199	2273233	3799	0
gpl008	94	Pulse	199	2283233	13799	0
gpl008	94	Pulse	199	2293232	23799	0
gpl008	96	Picture	stim	2298779	0	1	25035	1	0	25000	incorrect	223
gpl008	96	Pulse	199	2303233	4454	0
gpl008	96	Response	32	2309472	10693	0
gpl008	96	Pulse	199	2313232	14453	0
gpl008	96	Pulse	199	2323233	24453	0
gpl008	97	Picture	fix2	2323814	0	1	23377	1	0	next	other	0
gpl008	97	Pulse	199	2333232	9418	0
gpl008	97	Pulse	199	2343233	19419	0
gpl008	98	Picture	feedback	2347191	0	1	20061	1	0	next	other	0
gpl008	98	Pulse	199	2353233	6042	0
gpl008	98	Pulse	199	2363232	16042	0
gpl008	99	Picture	fix	2367252	0	1	33324	1	0	next	other	0
gpl008	99	Pulse	199	2373233	5981	0
gpl008	99	Pulse	199	2383233	15981	0
gpl008	99	Pulse	199	2393233	25981	0
gpl008	101	Picture	stim	2400576	0	1	25035	1	0	25000	incorrect	239
gpl008	101	Pulse	199	2403232	2656	0
gpl008	101	Pulse	199	2413233	12657	0
gpl008	101	Response	32	2415123	14546	0
gpl008	101	Pulse	199	2423233	22657	0
gpl008	102	Picture	fix2	2425611	0	1	12932	1	0	next	other	0
gpl008	102	Pulse	199	2433232	7621	0
gpl008	103	Picture	feedback	2438543	0	1	20061	1	0	next	other	0
gpl008	103	Pulse	199	2443233	4690	0
gpl008	103	Pulse	199	2453233	14690	0
gpl008	104	Picture	fix	2458604	0	1	21387	1	0	next	other	0
gpl008	104	Pulse	199	2463233	4629	0
gpl008	104	Pulse	199	2473233	14629	0
gpl008	106	Picture	stim	2479991	0	1	25035	1	0	25000	hit	252
gpl008	106	Pulse	199	2483233	3242	0
gpl008	106	Pulse	199	2493233	13242	0
gpl008	106	Response	16	2496883	16891	0
gpl008	106	Pulse	199	2503232	23241	0
gpl008	107	Picture	fix2	2505192	0	1	18072	1	0	next	other	0
gpl008	107	Pulse	199	2513233	8041	0
gpl008	107	Pulse	199	2523233	18041	0
gpl008	108	Picture	feedback	2523264	0	1	20061	1	0	next	other	0
gpl008	108	Pulse	199	2533233	9969	0
gpl008	108	Pulse	199	2543232	19969	0
gpl008	109	Picture	fix	2543324	0	1	28517	1	0	next	other	0
gpl008	109	Pulse	199	2553233	9908	0
gpl008	109	Pulse	199	2563233	19908	0
gpl008	111	Picture	stim	2571841	0	1	25035	1	0	25000	incorrect	266
gpl008	111	Pulse	199	2573232	1391	0
gpl008	111	Pulse	199	2583233	11392	0
gpl008	111	Response	32	2587332	15491	0
gpl008	111	Pulse	199	2593233	21392	0
gpl008	112	Picture	fix2	2596876	0	1	21719	1	0	next	other	0
gpl008	112	Pulse	199	2603233	6357	0
gpl008	112	Pulse	199	2613233	16357	0
gpl008	113	Picture	feedback	2618595	0	1	20061	1	0	next	other	0
gpl008	113	Pulse	199	2623233	4638	0
gpl008	113	Pulse	199	2633233	14638	0
gpl008	114	Picture	fix	2638656	0	1	25366	1	0	next	other	0
gpl008	114	Pulse	199	2643233	4577	0
gpl008	114	Pulse	199	2653233	14577	0
gpl008	114	Pulse	199	2663233	24577	0
gpl008	116	Picture	stim	2664022	0	1	25035	1	0	25000	incorrect	280
gpl008	116	Pulse	199	2673232	9210	0
gpl008	116	Response	32	2675053	11031	0
gpl008	116	Pulse	199	2683232	19210	0
gpl008	117	Picture	fix2	2689057	0	1	16082	1	0	next	other	0
gpl008	117	Pulse	199	2693233	4176	0
gpl008	117	Pulse	199	2703233	14176	0
gpl008	118	Picture	feedback	2705139	0	1	20061	1	0	next	other	0
gpl008	118	Pulse	199	2713232	8093	0
gpl008	118	Pulse	199	2723233	18094	0
gpl008	119	Picture	fix	2725200	0	1	19066	1	0	next	other	0
gpl008	119	Pulse	199	2733233	8033	0
gpl008	119	Pulse	199	2743232	18032	0
gpl008	121	Picture	stim	2744266	0	1	25035	1	0	25000	incorrect	293
gpl008	121	Pulse	199	2753233	8966	0
gpl008	121	Response	32	2758243	13976	0
gpl008	121	Pulse	199	2763232	18966	0
gpl008	122	Picture	fix2	2769467	0	1	27688	1	0	next	other	0
gpl008	122	Pulse	199	2773233	3766	0
gpl008	122	Pulse	199	2783232	13765	0
gpl008	122	Pulse	199	2793233	23766	0
gpl008	123	Picture	feedback	2797154	0	1	20061	1	0	next	other	0
gpl008	123	Pulse	199	2803232	6078	0
gpl008	123	Pulse	199	2813232	16078	0
gpl008	124	Picture	fix	2817215	0	1	26030	1	0	next	other	0
gpl008	124	Pulse	199	2823233	6017	0
gpl008	124	Pulse	199	2833233	16017	0
gpl008	125	Pulse	199	2843233	157	0
gpl008	126	Picture	stim	2843245	0	1	25035	1	0	25000	incorrect	308
gpl008	126	Pulse	199	2853232	9987	0
gpl008	126	Response	32	2854692	11447	0
gpl008	126	Pulse	199	2863233	19988	0
gpl008	127	Picture	fix2	2868446	0	1	11108	1	0	next	other	0
gpl008	127	Pulse	199	2873233	4787	0
gpl008	128	Picture	feedback	2879554	0	1	20061	1	0	next	other	0
gpl008	128	Pulse	199	2883233	3679	0
gpl008	128	Pulse	199	2893233	13679	0
gpl008	129	Picture	fix	2899615	0	1	20227	1	0	next	other	0
gpl008	129	Pulse	199	2903233	3618	0
gpl008	129	Pulse	199	2913233	13618	0
gpl008	131	Picture	stim	2919842	0	1	25035	1	0	25000	hit	321
gpl008	131	Pulse	199	2923233	3391	0
gpl008	131	Pulse	199	2933233	13391	0
gpl008	131	Response	16	2933913	14071	0
gpl008	131	Pulse	199	2943233	23392	0
gpl008	132	Picture	fix2	2944876	0	1	24372	1	0	next	other	0
gpl008	132	Pulse	199	2953233	8356	0
gpl008	132	Pulse	199	2963233	18357	0
gpl008	133	Picture	feedback	2969248	0	1	20061	1	0	next	other	0
gpl008	133	Pulse	199	2973233	3985	0
gpl008	133	Pulse	199	2983233	13985	0
gpl008	134	Picture	fix	2989309	0	1	26361	1	0	next	other	0
gpl008	134	Pulse	199	2993233	3924	0
gpl008	134	Pulse	199	3003233	13924	0
gpl008	134	Pulse	199	3013233	23924	0
gpl008	136	Picture	stim	3015670	0	1	25035	1	0	25000	incorrect	335
gpl008	136	Pulse	199	3023233	7562	0
gpl008	136	Response	32	3025433	9762	0
gpl008	136	Pulse	199	3033233	17563	0
gpl008	137	Picture	fix2	3040871	0	1	9118	1	0	next	other	0
gpl008	137	Pulse	199	3043233	2362	0
gpl008	138	Picture	feedback	3049989	0	1	20061	1	0	next	other	0
gpl008	138	Pulse	199	3053233	3244	0
gpl008	138	Pulse	199	3063243	13253	0
gpl008	139	Picture	fix	3070050	0	1	27356	1	0	next	other	0
gpl008	139	Pulse	199	3073233	3183	0
gpl008	139	Pulse	199	3083233	13183	0
gpl008	139	Pulse	199	3093243	23192	0
gpl008	141	Picture	stim	3097406	0	1	25035	1	0	25000	incorrect	349
gpl008	141	Pulse	199	3103233	5827	0
gpl008	141	Pulse	199	3113233	15827	0
gpl008	141	Response	32	3113623	16217	0
gpl008	142	Picture	fix2	3122441	0	1	13927	1	0	next	other	0
gpl008	142	Pulse	199	3123233	792	0
gpl008	142	Pulse	199	3133233	10792	0
gpl008	143	Picture	feedback	3136368	0	1	20061	1	0	next	other	0
gpl008	143	Pulse	199	3143243	6875	0
gpl008	143	Pulse	199	3153243	16875	0
gpl008	144	Picture	fix	3156429	0	1	22051	1	0	next	other	0
gpl008	144	Pulse	199	3163243	6814	0
gpl008	144	Pulse	199	3173243	16814	0
gpl008	146	Picture	stim	3178479	0	1	25035	1	0	25000	incorrect	362
gpl008	146	Pulse	199	3183243	4764	0
gpl008	146	Pulse	199	3193243	14763	0
gpl008	146	Response	32	3197163	18684	0
gpl008	146	Pulse	199	3203242	24763	0
gpl008	147	Picture	fix2	3203514	0	1	22201	182	0	next	other	0
gpl008	147	Pulse	199	3213243	9729	0
gpl008	147	Pulse	199	3223243	19729	0
gpl008	148	Picture	feedback	3225716	0	181	20076	182	0	next	other	0
gpl008	148	Pulse	199	3233242	7527	0
gpl008	148	Pulse	199	3243243	17528	0
gpl008	149	Picture	fix	3245791	0	1	28019	1	0	next	other	0
gpl008	149	Pulse	199	3253243	7452	0
gpl008	149	Pulse	199	3263243	17451	0
gpl008	149	Pulse	199	3273243	27451	0
gpl008	151	Picture	stim	3273811	0	1	25035	1	0	25000	incorrect	376
gpl008	151	Pulse	199	3283243	9433	0
gpl008	151	Response	32	3291182	17372	0
gpl008	151	Pulse	199	3293243	19433	0
gpl008	152	Picture	fix2	3298845	0	1	21885	1	0	next	other	0
gpl008	152	Pulse	199	3303243	4397	0
gpl008	152	Pulse	199	3313243	14398	0
gpl008	153	Picture	feedback	3320730	0	1	20061	1	0	next	other	0
gpl008	153	Pulse	199	3323243	2513	0
gpl008	153	Pulse	199	3333243	12512	0
gpl008	154	Picture	fix	3340791	0	1	23543	1	0	next	other	0
gpl008	154	Pulse	199	3343243	2451	0
gpl008	154	Pulse	199	3353243	12452	0
gpl008	154	Pulse	199	3363243	22452	0
gpl008	156	Picture	stim	3364334	0	1	25035	1	0	25000	hit	390
gpl008	156	Pulse	199	3373243	8909	0
gpl008	156	Response	16	3382003	17669	0
gpl008	156	Pulse	199	3383243	18909	0
gpl008	157	Picture	fix2	3389534	0	1	16745	1	0	next	other	0
gpl008	157	Pulse	199	3393243	3709	0
gpl008	157	Pulse	199	3403242	13708	0
gpl008	158	Picture	feedback	3406280	0	1	20061	1	0	next	other	0
gpl008	158	Pulse	199	3413243	6964	0
gpl008	158	Pulse	199	3423243	16963	0
gpl008	159	Picture	fix	3426341	0	1	32164	1	0	next	other	0
gpl008	159	Pulse	199	3433243	6902	0
gpl008	159	Pulse	199	3443243	16902	0
gpl008	159	Pulse	199	3453243	26902	0
gpl008	161	Picture	stim	3458505	0	1	25035	1	0	25000	hit	405
gpl008	161	Pulse	199	3463243	4739	0
gpl008	161	Pulse	199	3473243	14738	0
gpl008	161	Response	16	3478893	20388	0
gpl008	161	Pulse	199	3483243	24738	0
gpl008	162	Picture	fix2	3483539	0	1	15253	1	0	next	other	0
gpl008	162	Pulse	199	3493243	9704	0
gpl008	163	Picture	feedback	3498792	0	1	20061	1	0	next	other	0
gpl008	163	Pulse	199	3503243	4451	0
gpl008	163	Pulse	199	3513243	14450	0
gpl008	164	Picture	fix	3518853	0	1	21885	1	0	next	other	0
gpl008	164	Pulse	199	3523243	4390	0
gpl008	164	Pulse	199	3533243	14390	0
gpl008	166	Picture	stim	3540738	0	1	25035	1	0	25000	hit	418
gpl008	166	Pulse	199	3543243	2505	0
gpl008	166	Pulse	199	3553243	12505	0
gpl008	166	Response	16	3557122	16384	0
gpl008	166	Pulse	199	3563243	22505	0
gpl008	167	Picture	fix2	3565773	0	1	21553	1	0	next	other	0
gpl008	167	Pulse	199	3573243	7470	0
gpl008	167	Pulse	199	3583243	17470	0
gpl008	168	Picture	feedback	3587326	0	1	20061	1	0	next	other	0
gpl008	168	Pulse	199	3593243	5917	0
gpl008	168	Pulse	199	3603243	15917	0
gpl008	169	Picture	fix	3607387	0	1	24537	1	0	next	other	0
gpl008	169	Pulse	199	3613243	5856	0
gpl008	169	Pulse	199	3623243	15856	0
gpl008	171	Picture	stim	3631925	0	1	25035	1	0	25000	incorrect	432
gpl008	171	Pulse	199	3633243	1319	0
gpl008	171	Pulse	199	3643243	11318	0
gpl008	171	Response	32	3646863	14939	0
gpl008	171	Pulse	199	3653243	21319	0
gpl008	172	Picture	fix2	3656959	0	1	13264	1	0	next	other	0
gpl008	172	Pulse	199	3663244	6284	0
gpl008	173	Picture	feedback	3670223	0	1	20061	1	0	next	other	0
gpl008	173	Pulse	199	3673243	3021	0
gpl008	173	Pulse	199	3683243	13020	0
gpl008	174	Picture	fix	3690284	0	1	24703	1	0	next	other	0
gpl008	174	Pulse	199	3693244	2960	0
gpl008	174	Pulse	199	3703243	12959	0
gpl008	174	Pulse	199	3713243	22959	0
gpl008	176	Picture	stim	3714987	0	1	25035	1	0	25000	incorrect	444
gpl008	176	Response	32	3721483	6496	0
gpl008	176	Pulse	199	3723243	8256	0
gpl008	176	Pulse	199	3733243	18256	0
gpl008	177	Picture	fix2	3740188	0	1	18569	1	0	next	other	0
gpl008	177	Pulse	199	3743243	3055	0
gpl008	177	Pulse	199	3753242	13055	0
gpl008	178	Picture	feedback	3758757	0	1	20061	1	0	next	other	0
gpl008	178	Pulse	199	3763243	4487	0
gpl008	178	Pulse	199	3773243	14487	0
gpl008	179	Picture	fix	3778818	0	1	33988	1	0	next	other	0
gpl008	179	Pulse	199	3783243	4425	0
gpl008	179	Pulse	199	3793243	14425	1
gpl008	179	Pulse	199	3803243	24425	0
gpl008	181	Picture	stim	3812805	0	1	25035	1	0	25000	incorrect	460
gpl008	181	Pulse	199	3813243	438	0
gpl008	181	Pulse	199	3823242	10437	0
gpl008	181	Response	32	3825893	13087	0
gpl008	181	Pulse	199	3833243	20438	0
gpl008	182	Picture	fix2	3837840	0	1	21387	1	0	next	other	0
gpl008	182	Pulse	199	3843243	5403	0
gpl008	182	Pulse	199	3853243	15403	0
gpl008	183	Picture	feedback	3859227	0	1	20061	1	0	next	other	0
gpl008	183	Pulse	199	3863243	4016	0
gpl008	183	Pulse	199	3873243	14016	0
gpl008	184	Picture	fix	3879288	0	1	23708	1	0	next	other	0
gpl008	184	Pulse	199	3883243	3955	0
gpl008	184	Pulse	199	3893243	13954	0
gpl008	186	Picture	stim	3902997	0	1	25035	1	0	25000	hit	475
gpl008	186	Pulse	199	3903243	247	0
gpl008	186	Pulse	199	3913243	10246	0
gpl008	186	Pulse	199	3923243	20246	0
gpl008	186	Response	16	3925383	22386	0
gpl008	187	Picture	fix2	3928198	0	1	20558	1	0	next	other	0
gpl008	187	Pulse	199	3933244	5046	0
gpl008	187	Pulse	199	3943243	15046	0
gpl008	188	Picture	feedback	3948756	0	1	20061	1	0	next	other	0
gpl008	188	Pulse	199	3953243	4487	0
gpl008	188	Pulse	199	3963243	14487	0
gpl008	189	Picture	fix	3968817	0	1	25201	1	0	next	other	0
gpl008	189	Pulse	199	3973244	4427	0
gpl008	189	Pulse	199	3983243	14426	0
gpl008	189	Pulse	199	3993243	24426	0
gpl008	191	Picture	stim	3994018	0	1	25035	1	0	25000	incorrect	488
gpl008	191	Pulse	199	4003243	9226	0
gpl008	191	Response	32	4008813	14795	0
gpl008	191	Pulse	199	4013243	19226	0
gpl008	192	Picture	fix2	4019052	0	1	21387	1	0	next	other	0
gpl008	192	Pulse	199	4023243	4191	0
gpl008	192	Pulse	199	4033243	14191	0
gpl008	193	Picture	feedback	4040440	0	1	20061	1	0	next	other	0
gpl008	193	Pulse	199	4043244	2804	0
gpl008	193	Pulse	199	4053243	12804	0
gpl008	194	Picture	fix	4060501	0	1	30838	1	0	next	other	0
gpl008	194	Pulse	199	4063243	2742	0
gpl008	194	Pulse	199	4073243	12743	0
gpl008	194	Pulse	199	4083244	22743	0
gpl008	196	Picture	stim	4091338	0	1	25035	1	0	25000	incorrect	502
gpl008	196	Pulse	199	4093243	1905	0
gpl008	196	Response	32	4098993	7655	0
gpl008	196	Pulse	199	4103244	11905	0
gpl008	196	Pulse	199	4113243	21905	0
gpl008	197	Picture	fix2	4116373	0	1	16414	1	0	next	other	0
gpl008	197	Pulse	199	4123243	6870	0
gpl008	198	Picture	feedback	4132787	0	1	20061	1	0	next	other	0
gpl008	198	Pulse	199	4133243	457	0
gpl008	198	Pulse	199	4143244	10457	0
gpl008	199	Picture	fix	4152848	0	1	28848	1	0	next	other	0
gpl008	199	Pulse	199	4153244	396	0
gpl008	199	Pulse	199	4163243	10395	0
gpl008	199	Pulse	199	4173243	20396	0
gpl008	201	Picture	stim	4181696	0	1	25035	1	0	25000	hit	516
gpl008	201	Pulse	199	4183243	1548	0
gpl008	201	Response	16	4192243	10547	0
gpl008	201	Pulse	199	4193243	11547	0
gpl008	201	Pulse	199	4203242	21547	0
gpl008	202	Picture	fix2	4206731	0	1	18072	1	0	next	other	0
gpl008	202	Pulse	199	4213244	6513	0
gpl008	202	Pulse	199	4223244	16513	0
gpl008	203	Picture	feedback	4224802	0	1	20061	1	0	next	other	0
gpl008	203	Pulse	199	4233243	8441	0
gpl008	203	Pulse	199	4243243	18441	0
gpl008	204	Picture	fix	4244863	0	1	20393	1	0	next	other	0
gpl008	204	Pulse	199	4253243	8380	0
gpl008	204	Pulse	199	4263243	18380	0
gpl008	206	Picture	stim	4265256	0	1	25035	1	0	25000	hit	530
gpl008	206	Pulse	199	4273244	7988	0
gpl008	206	Response	16	4282913	17658	0
gpl008	206	Pulse	199	4283243	17987	0
gpl008	207	Picture	fix2	4290456	0	1	29014	1	0	next	other	0
gpl008	207	Pulse	199	4293244	2787	0
gpl008	207	Pulse	199	4303243	12787	0
gpl008	207	Pulse	199	4313243	22787	0
gpl008	208	Picture	feedback	4319470	0	1	20061	1	0	next	other	0
gpl008	208	Pulse	199	4323244	3773	0
gpl008	208	Pulse	199	4333243	13773	0
gpl008	209	Picture	fix	4339531	0	1	17740	1	0	next	other	0
gpl008	209	Pulse	199	4343243	3712	0
gpl008	209	Pulse	199	4353243	13711	0
gpl008	211	Picture	stim	4357271	0	1	25035	1	0	25000	incorrect	544
gpl008	211	Pulse	199	4363244	5973	0
gpl008	211	Response	32	4368823	11552	0
gpl008	211	Pulse	199	4373243	15972	0
gpl008	212	Picture	fix2	4382306	0	1	26195	1	0	next	other	0
gpl008	212	Pulse	199	4383244	938	0
gpl008	212	Pulse	199	4393243	10937	0
gpl008	212	Pulse	199	4403243	20937	0
gpl008	213	Picture	feedback	4408501	0	1	20061	1	0	next	other	0
gpl008	213	Pulse	199	4413244	4743	0
gpl008	213	Pulse	199	4423244	14742	0
gpl008	214	Picture	fix	4428562	0	1	35977	1	0	next	other	0
gpl008	214	Pulse	199	4433244	4681	0
gpl008	214	Pulse	199	4443243	14681	0
gpl008	214	Pulse	199	4453243	24681	0
gpl008	214	Pulse	199	4463243	34681	0
gpl008	216	Picture	stim	4464540	0	1	25035	1	0	25000	hit	560
gpl008	216	Pulse	199	4473243	8703	0
gpl008	216	Response	16	4474833	10294	0
gpl008	216	Pulse	199	4483243	18704	0
gpl008	217	Picture	fix2	4489574	0	1	17906	1	0	next	other	0
gpl008	217	Pulse	199	4493243	3669	0
gpl008	217	Pulse	199	4503243	13669	0
gpl008	218	Picture	feedback	4507480	0	1	20061	1	0	next	other	0
gpl008	218	Pulse	199	4513243	5763	0
gpl008	218	Pulse	199	4523243	15763	0
gpl008	219	Picture	fix	4527541	0	1	16248	1	0	next	other	0
gpl008	219	Pulse	199	4533244	5703	0
gpl008	219	Pulse	199	4543243	15702	0
gpl008	221	Picture	stim	4543789	0	1	25035	1	0	25000	incorrect	573
gpl008	221	Pulse	199	4553243	9455	0
gpl008	221	Response	32	4559843	16055	0
gpl008	221	Pulse	199	4563243	19454	0
gpl008	222	Picture	fix2	4568824	0	1	25864	1	0	next	other	0
gpl008	222	Pulse	199	4573243	4420	0
gpl008	222	Pulse	199	4583243	14419	0
gpl008	222	Pulse	199	4593243	24419	0
gpl008	223	Picture	feedback	4594687	0	1	20061	1	0	next	other	0
gpl008	223	Pulse	199	4603243	8556	0
gpl008	223	Pulse	199	4613243	18555	0
gpl008	224	Picture	fix	4614748	0	1	22216	1	0	next	other	0
gpl008	224	Pulse	199	4623243	8495	0
gpl008	224	Pulse	199	4633243	18495	0
gpl008	226	Picture	stim	4636965	0	1	25035	1	0	25000	hit	587
gpl008	226	Pulse	199	4643243	6278	0
gpl008	226	Response	16	4646273	9308	0
gpl008	226	Pulse	199	4653243	16278	0
gpl008	227	Picture	fix2	4662000	0	1	14756	1	0	next	other	0
gpl008	227	Pulse	199	4663243	1244	0
gpl008	227	Pulse	199	4673244	11244	0
gpl008	228	Picture	feedback	4676755	0	1	20061	1	0	next	other	0
gpl008	228	Pulse	199	4683243	6488	0
gpl008	228	Pulse	199	4693244	16488	0
gpl008	229	Picture	fix	4696816	0	1	17408	1	0	next	other	0
gpl008	229	Pulse	199	4703244	6428	0
gpl008	229	Pulse	199	4713243	16427	0
gpl008	231	Picture	stim	4714225	0	1	25035	1	0	25000	incorrect	600
gpl008	231	Pulse	199	4723244	9019	0
gpl008	231	Response	32	4728313	14088	0
gpl008	231	Pulse	199	4733243	19019	0
gpl008	232	Picture	fix2	4739259	0	1	24206	1	0	next	other	0
gpl008	232	Pulse	199	4743244	3984	0
gpl008	232	Pulse	199	4753243	13983	0
gpl008	232	Pulse	199	4763243	23984	0
gpl008	233	Picture	feedback	4763465	0	1	20061	1	0	next	other	0
gpl008	233	Pulse	199	4773243	9778	0
gpl008	233	Pulse	199	4783243	19778	0
gpl008	234	Picture	fix	4783526	0	1	26859	1	0	next	other	0
gpl008	234	Pulse	199	4793244	9717	0
gpl008	234	Pulse	199	4803243	19717	0
gpl008	236	Picture	stim	4810385	0	1	25035	1	0	25000	incorrect	614
gpl008	236	Pulse	199	4813243	2859	0
gpl008	236	Response	32	4819313	8928	0
gpl008	236	Pulse	199	4823242	12858	0
gpl008	236	Pulse	199	4833243	22859	0
gpl008	237	Picture	fix2	4835420	0	1	23543	1	0	next	other	0
gpl008	237	Pulse	199	4843243	7824	0
gpl008	237	Pulse	199	4853243	17823	0
gpl008	238	Picture	feedback	4858962	0	1	20061	1	0	next	other	0
gpl008	238	Pulse	199	4863243	4281	0
gpl008	238	Pulse	199	4873243	14281	0
gpl008	239	Picture	fix	4879023	0	1	29677	1	0	next	other	0
gpl008	239	Pulse	199	4883244	4220	0
gpl008	239	Pulse	199	4893243	14220	0
gpl008	239	Pulse	199	4903243	24220	0
gpl008	241	Picture	stim	4908700	0	1	25035	1	0	25000	incorrect	629
gpl008	241	Pulse	199	4913243	4543	0
gpl008	241	Response	32	4922123	13422	0
gpl008	241	Pulse	199	4923243	14543	0
gpl008	241	Pulse	199	4933253	24553	0
gpl008	242	Picture	fix2	4933735	0	1	10777	1	0	next	other	0
gpl008	242	Pulse	199	4943244	9508	0
gpl008	243	Picture	feedback	4944512	0	1	20061	1	0	next	other	0
gpl008	243	Pulse	199	4953243	8732	0
gpl008	243	Pulse	199	4963253	18741	0
gpl008	244	Picture	fix	4964573	0	1	28516	1	0	next	other	0
gpl008	244	Pulse	199	4973244	8671	0
gpl008	244	Pulse	199	4983243	18671	0
gpl008	246	Picture	stim	4993089	0	1	25035	1	0	25000	incorrect	644
gpl008	246	Pulse	199	4993253	164	0
gpl008	246	Pulse	199	5003254	10164	0
gpl008	246	Pulse	199	5013253	20164	0
gpl008	246	Response	32	5014783	21694	0
gpl008	247	Picture	fix2	5018124	0	1	15916	1	0	next	other	0
gpl008	247	Pulse	199	5023254	5130	0
gpl008	247	Pulse	199	5033253	15129	0
gpl008	248	Picture	feedback	5034040	0	1	20061	1	0	next	other	0
gpl008	248	Pulse	199	5043254	9214	0
gpl008	248	Pulse	199	5053254	19213	0
gpl008	249	Picture	fix	5054101	0	1	28848	1	0	next	other	0
gpl008	249	Pulse	199	5063253	9152	0
gpl008	249	Pulse	199	5073254	19152	0
gpl008	251	Picture	stim	5082949	0	1	25035	1	0	25000	hit	657
gpl008	251	Pulse	199	5083254	305	0
gpl008	251	Pulse	199	5093253	10304	0
gpl008	251	Response	16	5095894	12944	0
gpl008	251	Pulse	199	5103254	20305	0
gpl008	252	Picture	fix2	5108150	0	1	20061	1	0	next	other	0
gpl008	252	Pulse	199	5113254	5104	0
gpl008	252	Pulse	199	5123254	15104	0
gpl008	253	Picture	feedback	5128211	0	1	20061	1	0	next	other	0
gpl008	253	Pulse	199	5133253	5042	0
gpl008	253	Pulse	199	5143254	15043	0
gpl008	254	Picture	fix	5148272	0	1	29179	1	0	next	other	0
gpl008	254	Pulse	199	5153254	4982	0
gpl008	254	Pulse	199	5163253	14981	0
gpl008	254	Pulse	199	5173254	24982	0
gpl008	256	Picture	stim	5177451	0	1	25035	1	0	25000	hit	672
gpl008	256	Pulse	199	5183254	5802	0
gpl008	256	Pulse	199	5193253	15802	0
gpl008	256	Response	16	5195534	18082	0
gpl008	257	Picture	fix2	5202486	0	1	16579	1	0	next	other	0
gpl008	257	Pulse	199	5203253	767	0
gpl008	257	Pulse	199	5213254	10767	0
gpl008	258	Picture	feedback	5219066	0	1	20061	1	0	next	other	0
gpl008	258	Pulse	199	5223254	4188	0
gpl008	258	Pulse	199	5233253	14187	0
gpl008	259	Picture	fix	5239127	0	1	22714	1	0	next	other	0
gpl008	259	Pulse	199	5243254	4127	0
gpl008	259	Pulse	199	5253254	14127	0
gpl008	261	Picture	stim	5261840	0	1	25035	1	0	25000	hit	684
gpl008	261	Pulse	199	5263253	1413	0
gpl008	261	Response	16	5272074	10233	0
gpl008	261	Pulse	199	5273253	11413	0
gpl008	261	Pulse	199	5283253	21413	0
gpl008	262	Picture	fix2	5286875	0	1	11606	1	0	next	other	0
gpl008	262	Pulse	199	5293254	6379	0
gpl008	263	Picture	feedback	5298481	0	1	20061	1	0	next	other	0
gpl008	263	Pulse	199	5303253	4773	0
gpl008	263	Pulse	199	5313254	14773	0
gpl008	264	Picture	fix	5318542	0	1	30009	1	0	next	other	0
gpl008	264	Pulse	199	5323254	4712	0
gpl008	264	Pulse	199	5333253	14711	0
gpl008	264	Pulse	199	5343253	24712	0
gpl008	266	Picture	stim	5348550	0	1	25035	1	0	25000	hit	699
gpl008	266	Pulse	199	5353254	4703	0
gpl008	266	Pulse	199	5363253	14703	0
gpl008	266	Response	16	5369893	21343	0
gpl008	266	Pulse	199	5373253	24702	0
gpl008	267	Picture	fix2	5373585	0	1	21387	1	0	next	other	0
gpl008	267	Pulse	199	5383254	9668	0
gpl008	267	Pulse	199	5393254	19668	0
gpl008	268	Picture	feedback	5394973	0	1	20061	1	0	next	other	0
gpl008	268	Pulse	199	5403253	8281	0
gpl008	268	Pulse	199	5413253	18281	0
gpl008	269	Picture	100	5415034	0	1	250000	183	0	250000	other	0
gpl008	269	Pulse	199	5423254	8220	0
gpl008	269	Pulse	199	5433254	18220	0
gpl008	269	Pulse	199	5443253	28220	0
gpl008	269	Pulse	199	5453254	38220	0
gpl008	269	Pulse	199	5463254	48220	0
gpl008	269	Pulse	199	5473254	58220	0
gpl008	269	Pulse	199	5483254	68220	0
gpl008	269	Pulse	199	5493254	78220	0
gpl008	269	Pulse	199	5503254	88220	0
gpl008	269	Pulse	199	5513254	98220	0
gpl008	269	Pulse	199	5523254	108220	0
gpl008	269	Pulse	199	5533254	118220	0
gpl008	269	Pulse	199	5543253	128220	0
gpl008	269	Pulse	199	5553254	138220	0
gpl008	269	Pulse	199	5563254	148220	0
gpl008	269	Pulse	199	5573254	158220	0
gpl008	269	Pulse	199	5583253	168220	0
gpl008	269	Pulse	199	5593254	178220	0
gpl008	269	Pulse	199	5603254	188220	0
gpl008	269	Pulse	199	5613253	198220	0
gpl008	269	Pulse	199	5623254	208220	0
gpl008	269	Pulse	199	5633254	218220	0
