Scenario - FBL_B.sce
Logfile written - 05/08/2021 11:14:39

Subject	Trial	Event Type	Code	Time	TTime	Uncertainty	Duration	Uncertainty	ReqTime	ReqDur	Stim Type	Pair Index

gpl010	1	Response	32	121576	111411	0
gpl010	2	Picture	fix	121852	0	225	18793	225	0	next	other	0
gpl010	4	Picture	stim	140645	0	1	77094	1	0	next	incorrect	4
gpl010	4	Response	32	217636	76991	0
gpl010	5	Picture	feedback	217739	0	1	20061	1	0	next	other	0
gpl010	6	Picture	fix	237800	0	1	32164	1	0	next	other	0
gpl010	8	Picture	stim	269964	0	1	25366	1	0	next	hit	8
gpl010	8	Response	16	295147	25183	0
gpl010	9	Picture	feedback	295330	0	1	20393	1	0	next	other	0
gpl010	10	Picture	fix	315723	0	1	24703	1	0	next	other	0
gpl010	12	Picture	stim	340426	0	1	27853	1	0	next	incorrect	12
gpl010	12	Response	32	368207	27781	0
gpl010	13	Picture	feedback	368279	0	1	20212	182	0	next	other	0
gpl010	14	Picture	fix	388491	0	181	21402	182	0	next	other	0
gpl010	16	Picture	stim	409893	0	1	19895	1	0	next	incorrect	16
gpl010	16	Response	32	429726	19833	0
gpl010	17	Picture	feedback	429789	0	1	20061	1	0	next	other	0
gpl010	18	Picture	fix	449850	0	1	21885	1	0	next	other	0
gpl010	20	Picture	stim	471734	0	1	11274	1	0	next	hit	20
gpl010	20	Response	16	482977	11243	0
gpl010	21	Picture	feedback	483008	0	1	20061	1	0	next	other	0
gpl010	22	Picture	fix	503069	0	1	23543	1	0	next	other	0
gpl010	24	Picture	stim	526612	0	1	16082	1	0	next	hit	24
gpl010	24	Response	16	542516	15904	0
gpl010	25	Picture	feedback	542694	0	1	20006	222	0	next	other	0
gpl010	26	Response	32	637027	74327	0
gpl010	27	Picture	start	637196	0	1	661350	1	0	next	other	0
gpl010	27	Response	16	659668	22471	0
gpl010	27	Response	16	661748	24551	0
gpl010	27	Response	16	663507	26311	0
gpl010	27	Response	16	665267	28071	0
gpl010	27	Response	16	667027	29831	0
gpl010	27	Response	16	668787	31591	0
gpl010	27	Response	16	670067	32871	0
gpl010	28	Pulse	199	1298387	611184	0
gpl010	28	Pulse	199	1308387	621184	0
gpl010	28	Pulse	199	1318386	631184	0
gpl010	28	Pulse	199	1328386	641184	0
gpl010	28	Pulse	199	1338387	651184	0
gpl010	28	Pulse	199	1348387	661184	0
gpl010	29	Picture	fix	1348947	0	1	22382	1	0	next	other	0
gpl010	29	Pulse	199	1358386	9438	0
gpl010	29	Pulse	199	1368387	19439	0
gpl010	31	Picture	stim	1371330	0	1	25035	1	0	25000	incorrect	46
gpl010	31	Pulse	199	1378387	7057	0
gpl010	31	Response	32	1386836	15507	0
gpl010	31	Pulse	199	1388386	17057	0
gpl010	32	Picture	fix2	1396530	0	1	9119	1	0	next	other	0
gpl010	32	Pulse	199	1398386	1856	0
gpl010	33	Picture	feedback	1405649	0	1	20061	1	0	next	other	0
gpl010	33	Pulse	199	1408387	2738	0
gpl010	33	Pulse	199	1418387	12738	0
gpl010	34	Picture	fix	1425710	0	1	22216	1	0	next	other	0
gpl010	34	Pulse	199	1428386	2676	0
gpl010	34	Pulse	199	1438387	12677	0
gpl010	36	Picture	stim	1447926	0	1	25035	1	0	25000	hit	59
gpl010	36	Pulse	199	1448387	461	0
gpl010	36	Pulse	199	1458386	10460	0
gpl010	36	Response	16	1461687	13761	0
gpl010	36	Pulse	199	1468386	20460	0
gpl010	37	Picture	fix2	1472961	0	1	20061	1	0	next	other	0
gpl010	37	Pulse	199	1478387	5426	0
gpl010	37	Pulse	199	1488387	15426	0
gpl010	38	Picture	feedback	1493022	0	1	20227	1	0	next	other	0
gpl010	38	Pulse	199	1498386	5364	0
gpl010	38	Pulse	199	1508387	15365	0
gpl010	39	Picture	fix	1513249	0	1	23709	1	0	next	other	0
gpl010	39	Pulse	199	1518387	5138	0
gpl010	39	Pulse	199	1528386	15138	0
gpl010	41	Picture	stim	1536957	0	1	25035	1	0	25000	incorrect	73
gpl010	41	Pulse	199	1538387	1430	0
gpl010	41	Pulse	199	1548387	11430	0
gpl010	41	Response	32	1550656	13699	0
gpl010	41	Pulse	199	1558386	21429	0
gpl010	42	Picture	fix2	1561992	0	1	16414	1	0	next	other	0
gpl010	42	Pulse	199	1568386	6394	0
gpl010	42	Pulse	199	1578386	16395	0
gpl010	43	Picture	feedback	1578405	0	1	20061	1	0	next	other	0
gpl010	43	Pulse	199	1588387	9981	0
gpl010	43	Pulse	199	1598386	19980	0
gpl010	44	Picture	fix	1598466	0	1	24537	1	0	next	other	0
gpl010	44	Pulse	199	1608387	9920	0
gpl010	44	Pulse	199	1618386	19920	0
gpl010	46	Picture	stim	1623004	0	1	25035	1	0	25000	incorrect	87
gpl010	46	Pulse	199	1628386	5382	0
gpl010	46	Pulse	199	1638386	15383	0
gpl010	46	Response	32	1639246	16242	0
gpl010	47	Picture	fix2	1648039	0	1	21719	1	0	next	other	0
gpl010	47	Pulse	199	1648386	348	0
gpl010	47	Pulse	199	1658386	10348	0
gpl010	47	Pulse	199	1668386	20347	0
gpl010	48	Picture	feedback	1669757	0	1	20061	1	0	next	other	0
gpl010	48	Pulse	199	1678387	8629	0
gpl010	48	Pulse	199	1688387	18629	0
gpl010	49	Picture	fix	1689819	0	1	27356	1	0	next	other	0
gpl010	49	Pulse	199	1698386	8568	0
gpl010	49	Pulse	199	1708386	18567	0
gpl010	51	Picture	stim	1717174	0	1	25035	1	0	25000	hit	101
gpl010	51	Pulse	199	1718386	1212	0
gpl010	51	Pulse	199	1728386	11211	0
gpl010	51	Response	16	1732607	15432	0
gpl010	51	Pulse	199	1738385	21211	0
gpl010	52	Picture	fix2	1742375	0	1	21387	1	0	next	other	0
gpl010	52	Pulse	199	1748386	6011	0
gpl010	52	Pulse	199	1758386	16011	0
gpl010	53	Picture	feedback	1763762	0	1	20393	1	0	next	other	0
gpl010	53	Pulse	199	1768386	4623	0
gpl010	53	Pulse	199	1778386	14623	0
gpl010	54	Picture	fix	1784155	0	1	37469	1	0	next	other	0
gpl010	54	Pulse	199	1788386	4231	0
gpl010	54	Pulse	199	1798386	14231	0
gpl010	54	Pulse	199	1808386	24231	0
gpl010	54	Pulse	199	1818386	34231	0
gpl010	56	Picture	stim	1821624	0	1	25035	1	0	25000	hit	117
gpl010	56	Pulse	199	1828386	6762	0
gpl010	56	Pulse	199	1838386	16762	0
gpl010	56	Response	16	1841887	20262	0
gpl010	57	Picture	fix2	1846659	0	1	21553	1	0	next	other	0
gpl010	57	Pulse	199	1848386	1726	0
gpl010	57	Pulse	199	1858386	11727	0
gpl010	58	Picture	feedback	1868212	0	1	20393	1	0	next	other	0
gpl010	58	Pulse	199	1868386	174	0
gpl010	58	Pulse	199	1878386	10173	0
gpl010	58	Pulse	199	1888216	20004	170
gpl010	59	Picture	fix	1888605	0	1	28848	1	0	next	other	0
gpl010	59	Pulse	199	1898386	9781	0
gpl010	59	Pulse	199	1908386	19781	0
gpl010	61	Picture	stim	1917453	0	1	25035	1	0	25000	hit	131
gpl010	61	Pulse	199	1918386	933	0
gpl010	61	Pulse	199	1928386	10934	0
gpl010	61	Response	16	1930946	13494	0
gpl010	61	Pulse	199	1938387	20934	0
gpl010	62	Picture	fix2	1942654	0	1	16082	1	0	next	other	0
gpl010	62	Pulse	199	1948386	5732	0
gpl010	62	Pulse	199	1958386	15733	0
gpl010	63	Picture	feedback	1958735	0	1	20061	1	0	next	other	0
gpl010	63	Pulse	199	1968386	9651	0
gpl010	63	Pulse	199	1978386	19651	0
gpl010	64	Picture	fix	1978797	0	1	33988	1	0	next	other	0
gpl010	64	Pulse	199	1988386	9589	0
gpl010	64	Pulse	199	1998386	19590	0
gpl010	64	Pulse	199	2008386	29590	0
gpl010	66	Picture	stim	2012784	0	1	25035	1	0	25000	incorrect	145
gpl010	66	Pulse	199	2018386	5602	0
gpl010	66	Response	32	2024127	11343	0
gpl010	66	Pulse	199	2028386	15602	0
gpl010	67	Picture	fix2	2037819	0	1	16579	1	0	next	other	0
gpl010	67	Pulse	199	2038387	568	0
gpl010	67	Pulse	199	2048386	10567	0
gpl010	68	Picture	feedback	2054398	0	1	20393	1	0	next	other	0
gpl010	68	Pulse	199	2058386	3988	0
gpl010	68	Pulse	199	2068387	13988	0
gpl010	69	Picture	fix	2074791	0	1	23377	1	0	next	other	0
gpl010	69	Pulse	199	2078387	3596	0
gpl010	69	Pulse	199	2088386	13595	0
gpl010	71	Picture	stim	2098168	0	1	25035	1	0	25000	hit	159
gpl010	71	Pulse	199	2098386	219	0
gpl010	71	Pulse	199	2108386	10219	0
gpl010	71	Response	16	2110206	12038	0
gpl010	71	Pulse	199	2118386	20218	0
gpl010	72	Picture	fix2	2123203	0	1	21387	1	0	next	other	0
gpl010	72	Pulse	199	2128386	5184	0
gpl010	72	Pulse	199	2138386	15184	0
gpl010	73	Picture	feedback	2144590	0	1	20061	1	0	next	other	0
gpl010	73	Pulse	199	2148386	3796	0
gpl010	73	Pulse	199	2158386	13796	0
gpl010	74	Picture	fix	2164651	0	1	28516	1	0	next	other	0
gpl010	74	Pulse	199	2168386	3735	0
gpl010	74	Pulse	199	2178387	13736	0
gpl010	74	Pulse	199	2188386	23735	0
gpl010	76	Picture	stim	2193167	0	1	25035	1	0	25000	incorrect	173
gpl010	76	Pulse	199	2198386	5219	0
gpl010	76	Response	32	2202166	8998	0
gpl010	76	Pulse	199	2208386	15219	0
gpl010	77	Picture	fix2	2218202	0	1	25864	1	0	next	other	0
gpl010	77	Pulse	199	2218386	184	0
gpl010	77	Pulse	199	2228386	10184	0
gpl010	77	Pulse	199	2238386	20184	0
gpl010	78	Picture	feedback	2244066	0	1	20061	1	0	next	other	0
gpl010	78	Pulse	199	2248387	4321	0
gpl010	78	Pulse	199	2258386	14320	0
gpl010	79	Picture	fix	2264127	0	1	17740	1	0	next	other	0
gpl010	79	Pulse	199	2268386	4259	0
gpl010	79	Pulse	199	2278386	14259	0
gpl010	81	Picture	stim	2281867	0	1	25035	1	0	25000	incorrect	188
gpl010	81	Pulse	199	2288386	6519	0
gpl010	81	Pulse	199	2298386	16519	0
gpl010	81	Response	32	2306816	24949	0
gpl010	82	Picture	fix2	2306902	0	1	16414	1	0	next	other	0
gpl010	82	Pulse	199	2308386	1485	0
gpl010	82	Pulse	199	2318386	11485	0
gpl010	83	Picture	feedback	2323315	0	1	20061	1	0	next	other	0
gpl010	83	Pulse	199	2328386	5070	0
gpl010	83	Pulse	199	2338386	15071	0
gpl010	84	Picture	fix	2343376	0	1	26030	1	0	next	other	0
gpl010	84	Pulse	199	2348386	5010	0
gpl010	84	Pulse	199	2358386	15010	0
gpl010	84	Pulse	199	2368386	25010	0
gpl010	86	Picture	stim	2369406	0	1	25035	1	0	25000	incorrect	201
gpl010	86	Pulse	199	2378386	8981	0
gpl010	86	Response	32	2383746	14340	0
gpl010	86	Pulse	199	2388386	18980	0
gpl010	87	Picture	fix2	2394441	0	1	22548	1	0	next	other	0
gpl010	87	Pulse	199	2398386	3945	0
gpl010	87	Pulse	199	2408386	13946	0
gpl010	88	Picture	feedback	2416988	0	1	20061	1	0	next	other	0
gpl010	88	Pulse	199	2418387	1398	0
gpl010	88	Pulse	199	2428386	11397	0
gpl010	89	Picture	fix	2437049	0	1	28517	1	0	next	other	0
gpl010	89	Pulse	199	2438386	1337	0
gpl010	89	Pulse	199	2448386	11337	0
gpl010	89	Pulse	199	2458396	21347	0
gpl010	91	Picture	stim	2465566	0	1	25035	1	0	25000	hit	216
gpl010	91	Pulse	199	2468396	2830	0
gpl010	91	Pulse	199	2478396	12830	0
gpl010	91	Response	16	2481976	16410	0
gpl010	91	Pulse	199	2488395	22830	0
gpl010	92	Picture	fix2	2490767	0	1	21387	1	0	next	other	0
gpl010	92	Pulse	199	2498396	7629	0
gpl010	92	Pulse	199	2508396	17629	0
gpl010	93	Picture	feedback	2512154	0	1	20061	1	0	next	other	0
gpl010	93	Pulse	199	2518396	6242	0
gpl010	93	Pulse	199	2528396	16242	0
gpl010	94	Picture	fix	2532215	0	1	29179	1	0	next	other	0
gpl010	94	Pulse	199	2538396	6181	0
gpl010	94	Pulse	199	2548396	16181	0
gpl010	94	Pulse	199	2558396	26181	0
gpl010	96	Picture	stim	2561394	0	1	25035	1	0	25000	incorrect	230
gpl010	96	Pulse	199	2568395	7001	0
gpl010	96	Response	32	2570626	9231	0
gpl010	96	Pulse	199	2578396	17001	0
gpl010	97	Picture	fix2	2586429	0	1	11606	1	0	next	other	0
gpl010	97	Pulse	199	2588396	1966	0
gpl010	98	Picture	feedback	2598035	0	1	20061	1	0	next	other	0
gpl010	98	Pulse	199	2598396	361	0
gpl010	98	Pulse	199	2608396	10361	0
gpl010	99	Picture	fix	2618096	0	1	26527	1	0	next	other	0
gpl010	99	Pulse	199	2618396	300	0
gpl010	99	Pulse	199	2628396	10300	0
gpl010	99	Pulse	199	2638395	20300	0
gpl010	101	Picture	stim	2644623	0	1	25035	1	0	25000	hit	243
gpl010	101	Pulse	199	2648396	3773	0
gpl010	101	Response	16	2655396	10773	0
gpl010	101	Pulse	199	2658396	13773	0
gpl010	101	Pulse	199	2668396	23773	0
gpl010	102	Picture	fix2	2669658	0	1	11108	1	0	next	other	0
gpl010	102	Pulse	199	2678396	8738	0
gpl010	103	Picture	feedback	2680766	0	1	20061	1	0	next	other	0
gpl010	103	Pulse	199	2688396	7631	0
gpl010	103	Pulse	199	2698396	17631	0
gpl010	104	Picture	fix	2700827	0	1	21884	2	0	next	other	0
gpl010	104	Pulse	199	2708396	7569	0
gpl010	104	Pulse	199	2718396	17569	0
gpl010	106	Picture	stim	2722711	0	2	25035	2	0	25000	hit	256
gpl010	106	Pulse	199	2728396	5685	0
gpl010	106	Response	16	2732576	9865	0
gpl010	106	Pulse	199	2738396	15685	0
gpl010	107	Picture	fix2	2747912	0	1	15916	1	0	next	other	0
gpl010	107	Pulse	199	2748396	484	0
gpl010	107	Pulse	199	2758396	10484	0
gpl010	108	Picture	feedback	2763828	0	1	20061	1	0	next	other	0
gpl010	108	Pulse	199	2768396	4568	0
gpl010	108	Pulse	199	2778396	14567	0
gpl010	109	Picture	fix	2783889	0	1	26361	1	0	next	other	0
gpl010	109	Pulse	199	2788396	4507	0
gpl010	109	Pulse	199	2798396	14507	0
gpl010	109	Pulse	199	2808396	24507	0
gpl010	111	Picture	stim	2810250	0	1	25035	1	0	25000	incorrect	269
gpl010	111	Response	32	2818186	7936	0
gpl010	111	Pulse	199	2818396	8146	0
gpl010	111	Pulse	199	2828396	18146	0
gpl010	112	Picture	fix2	2835285	0	1	24206	1	0	next	other	0
gpl010	112	Pulse	199	2838396	3111	0
gpl010	112	Pulse	199	2848396	13110	0
gpl010	112	Pulse	199	2858396	23111	0
gpl010	113	Picture	feedback	2859491	0	1	20061	1	0	next	other	0
gpl010	113	Pulse	199	2868397	8906	0
gpl010	113	Pulse	199	2878396	18905	0
gpl010	114	Picture	fix	2879552	0	1	18569	1	0	next	other	0
gpl010	114	Pulse	199	2888396	8844	0
gpl010	116	Picture	stim	2898121	0	1	25035	1	0	25000	incorrect	284
gpl010	116	Pulse	199	2898396	275	0
gpl010	116	Pulse	199	2908396	10275	0
gpl010	116	Response	32	2918316	20195	0
gpl010	116	Pulse	199	2918395	20274	0
gpl010	117	Picture	fix2	2923156	0	1	23377	1	0	next	other	0
gpl010	117	Pulse	199	2928396	5240	0
gpl010	117	Pulse	199	2938396	15241	0
gpl010	118	Picture	feedback	2946533	0	1	20061	1	0	next	other	0
gpl010	118	Pulse	199	2948396	1863	0
gpl010	118	Pulse	199	2958396	11864	0
gpl010	119	Picture	fix	2966594	0	1	24703	1	0	next	other	0
gpl010	119	Pulse	199	2968396	1803	0
gpl010	119	Pulse	199	2978396	11803	0
gpl010	119	Pulse	199	2988396	21802	0
gpl010	121	Picture	stim	2991297	0	1	25035	1	0	25000	hit	298
gpl010	121	Pulse	199	2998396	7099	0
gpl010	121	Response	16	3006726	15429	0
gpl010	121	Pulse	199	3008396	17099	0
gpl010	122	Picture	fix2	3016332	0	1	13927	1	0	next	other	0
gpl010	122	Pulse	199	3018396	2064	0
gpl010	122	Pulse	199	3028396	12065	0
gpl010	123	Picture	feedback	3030258	0	1	20061	1	0	next	other	0
gpl010	123	Pulse	199	3038396	8138	0
gpl010	123	Pulse	199	3048396	18138	0
gpl010	124	Picture	fix	3050319	0	1	30838	1	0	next	other	0
gpl010	124	Pulse	199	3058396	8076	0
gpl010	124	Pulse	199	3068396	18077	0
gpl010	124	Pulse	199	3078396	28077	0
gpl010	126	Picture	stim	3081157	0	1	25035	1	0	25000	incorrect	312
gpl010	126	Pulse	199	3088395	7238	0
gpl010	126	Response	32	3095026	13869	0
gpl010	126	Pulse	199	3098396	17239	0
gpl010	127	Picture	fix2	3106192	0	1	23543	1	0	next	other	0
gpl010	127	Pulse	199	3108396	2205	0
gpl010	127	Pulse	199	3118396	12204	0
gpl010	127	Pulse	199	3128395	22204	0
gpl010	128	Picture	feedback	3129734	0	1	20061	1	0	next	other	0
gpl010	128	Pulse	199	3138396	8662	0
gpl010	128	Pulse	199	3148396	18662	0
gpl010	129	Picture	fix	3149795	0	1	29014	1	0	next	other	0
gpl010	129	Pulse	199	3158395	8600	0
gpl010	129	Pulse	199	3168396	18601	0
gpl010	129	Pulse	199	3178396	28601	0
gpl010	131	Picture	stim	3178809	0	1	25035	1	0	25000	incorrect	327
gpl010	131	Pulse	199	3188395	9586	0
gpl010	131	Response	32	3192056	13247	0
gpl010	131	Pulse	199	3198396	19587	0
gpl010	132	Picture	fix2	3203844	0	1	18569	1	0	next	other	0
gpl010	132	Pulse	199	3208396	4552	0
gpl010	132	Pulse	199	3218396	14552	0
gpl010	133	Picture	feedback	3222413	0	1	20061	1	0	next	other	0
gpl010	133	Pulse	199	3228395	5982	0
gpl010	133	Pulse	199	3238396	15983	0
gpl010	134	Picture	fix	3242474	0	1	20393	1	0	next	other	0
gpl010	134	Pulse	199	3248396	5922	0
gpl010	134	Pulse	199	3258396	15922	0
gpl010	136	Picture	stim	3262866	0	1	25035	1	0	25000	hit	340
gpl010	136	Pulse	199	3268396	5530	0
gpl010	136	Response	16	3276576	13710	0
gpl010	136	Pulse	199	3278396	15529	0
gpl010	137	Picture	fix2	3287901	0	1	26361	1	0	next	other	0
gpl010	137	Pulse	199	3288396	494	0
gpl010	137	Pulse	199	3298396	10495	0
gpl010	137	Pulse	199	3308396	20495	0
gpl010	138	Picture	feedback	3314262	0	1	20061	1	0	next	other	0
gpl010	138	Pulse	199	3318396	4134	0
gpl010	138	Pulse	199	3328396	14133	0
gpl010	139	Picture	fix	3334323	0	1	28848	1	0	next	other	0
gpl010	139	Pulse	199	3338396	4073	0
gpl010	139	Pulse	199	3348396	14073	0
gpl010	139	Pulse	199	3358396	24073	0
gpl010	141	Picture	stim	3363171	0	1	25035	1	0	25000	incorrect	355
gpl010	141	Pulse	199	3368396	5224	0
gpl010	141	Response	32	3372116	8944	0
gpl010	141	Pulse	199	3378396	15225	0
gpl010	142	Picture	fix2	3388206	0	1	21885	1	0	next	other	0
gpl010	142	Pulse	199	3388396	190	0
gpl010	142	Pulse	199	3398395	10189	0
gpl010	142	Pulse	199	3408395	20189	0
gpl010	143	Picture	feedback	3410091	0	1	20061	1	0	next	other	0
gpl010	143	Pulse	199	3418396	8305	0
gpl010	143	Pulse	199	3428395	18305	0
gpl010	144	Picture	fix	3430152	0	1	19398	1	0	next	other	0
gpl010	144	Pulse	199	3438396	8244	0
gpl010	144	Pulse	199	3448396	18244	0
gpl010	146	Picture	stim	3449550	0	1	25035	1	0	25000	incorrect	369
gpl010	146	Pulse	199	3458396	8846	0
gpl010	146	Response	32	3463966	14416	0
gpl010	146	Pulse	199	3468395	18845	0
gpl010	147	Picture	fix2	3474750	0	1	18072	1	0	next	other	0
gpl010	147	Pulse	199	3478396	3646	0
gpl010	147	Pulse	199	3488396	13646	0
gpl010	148	Picture	feedback	3492822	0	1	20061	1	0	next	other	0
gpl010	148	Pulse	199	3498396	5574	0
gpl010	148	Pulse	199	3508396	15574	0
gpl010	149	Picture	fix	3512883	0	1	29345	1	0	next	other	0
gpl010	149	Pulse	199	3518396	5513	0
gpl010	149	Pulse	199	3528396	15513	0
gpl010	149	Pulse	199	3538395	25512	0
gpl010	151	Picture	stim	3542228	0	1	25035	1	0	25000	incorrect	383
gpl010	151	Pulse	199	3548396	6168	0
gpl010	151	Response	32	3552035	9807	0
gpl010	151	Pulse	199	3558395	16167	0
gpl010	152	Picture	fix2	3567429	0	1	25864	1	0	next	other	0
gpl010	152	Pulse	199	3568396	967	0
gpl010	152	Pulse	199	3578396	10967	0
gpl010	152	Pulse	199	3588396	20967	0
gpl010	153	Picture	feedback	3593293	0	1	20061	1	0	next	other	0
gpl010	153	Pulse	199	3598396	5103	0
gpl010	153	Pulse	199	3608395	15103	0
gpl010	154	Picture	fix	3613354	0	1	23543	1	0	next	other	0
gpl010	154	Pulse	199	3618396	5042	0
gpl010	154	Pulse	199	3628396	15042	0
gpl010	156	Picture	stim	3636896	0	1	25035	1	0	25000	incorrect	397
gpl010	156	Pulse	199	3638395	1499	0
gpl010	156	Response	32	3646576	9680	0
gpl010	156	Pulse	199	3648396	11499	0
gpl010	156	Pulse	199	3658396	21499	0
gpl010	157	Picture	fix2	3661931	0	1	16745	1	0	next	other	0
gpl010	157	Pulse	199	3668396	6465	0
gpl010	157	Pulse	199	3678395	16464	0
gpl010	158	Picture	feedback	3678676	0	1	20061	1	0	next	other	0
gpl010	158	Pulse	199	3688396	9720	0
gpl010	158	Pulse	199	3698396	19720	0
gpl010	159	Picture	fix	3698737	0	1	30009	1	0	next	other	0
gpl010	159	Pulse	199	3708395	9658	0
gpl010	159	Pulse	199	3718396	19659	0
gpl010	159	Pulse	199	3728396	29659	0
gpl010	161	Picture	stim	3728746	0	1	25035	1	0	25000	hit	412
gpl010	161	Pulse	199	3738396	9650	0
gpl010	161	Response	16	3744876	16130	0
gpl010	161	Pulse	199	3748395	19649	0
gpl010	162	Picture	fix2	3753946	0	1	26195	1	0	next	other	0
gpl010	162	Pulse	199	3758396	4449	0
gpl010	162	Pulse	199	3768396	14449	0
gpl010	162	Pulse	199	3778395	24449	0
gpl010	163	Picture	feedback	3780142	0	1	20061	1	0	next	other	0
gpl010	163	Pulse	199	3788396	8254	0
gpl010	163	Pulse	199	3798396	18254	0
gpl010	164	Picture	fix	3800203	0	1	19066	1	0	next	other	0
gpl010	164	Pulse	199	3808396	8193	0
gpl010	164	Pulse	199	3818395	18192	0
gpl010	166	Picture	stim	3819269	0	1	25035	1	0	25000	hit	425
gpl010	166	Response	16	3828336	9067	0
gpl010	166	Pulse	199	3828396	9127	0
gpl010	166	Pulse	199	3838396	19127	0
gpl010	167	Picture	fix2	3844470	0	1	29345	1	0	next	other	0
gpl010	167	Pulse	199	3848395	3926	0
gpl010	167	Pulse	199	3858396	13927	0
gpl010	167	Pulse	199	3868396	23926	0
gpl010	168	Picture	feedback	3873815	0	1	20061	1	0	next	other	0
gpl010	168	Pulse	199	3878395	4580	0
gpl010	168	Pulse	199	3888395	14580	0
gpl010	169	Picture	fix	3893876	0	1	26859	1	0	next	other	0
gpl010	169	Pulse	199	3898396	4520	0
gpl010	169	Pulse	199	3908396	14520	0
gpl010	169	Pulse	199	3918395	24519	0
gpl010	171	Picture	stim	3920735	0	1	25035	1	0	25000	incorrect	441
gpl010	171	Pulse	199	3928396	7661	0
gpl010	171	Response	32	3931545	10811	0
gpl010	171	Pulse	199	3938396	17661	0
gpl010	172	Picture	fix2	3945935	0	1	14590	1	0	next	other	0
gpl010	172	Pulse	199	3948395	2460	0
gpl010	172	Pulse	199	3958396	12461	0
gpl010	173	Picture	feedback	3960525	0	1	20061	1	0	next	other	0
gpl010	173	Pulse	199	3968396	7871	0
gpl010	173	Pulse	199	3978396	17871	0
gpl010	174	Picture	fix	3980586	0	1	35977	1	0	next	other	0
gpl010	174	Pulse	199	3988395	7809	0
gpl010	174	Pulse	199	3998396	17810	0
gpl010	174	Pulse	199	4008396	27810	0
gpl010	176	Picture	stim	4016563	0	1	25035	1	0	25000	hit	455
gpl010	176	Pulse	199	4018396	1832	0
gpl010	176	Response	16	4026346	9783	0
gpl010	176	Pulse	199	4028396	11832	0
gpl010	176	Pulse	199	4038396	21833	0
gpl010	177	Picture	fix2	4041608	0	322	29004	322	0	next	other	0
gpl010	177	Pulse	199	4048396	6787	0
gpl010	177	Pulse	199	4058395	16787	0
gpl010	177	Pulse	199	4068396	26787	0
gpl010	178	Picture	feedback	4070612	0	1	20061	1	0	next	other	0
gpl010	178	Pulse	199	4078396	7784	0
gpl010	178	Pulse	199	4088395	17783	0
gpl010	179	Picture	fix	4090673	0	1	23377	1	0	next	other	0
gpl010	179	Pulse	199	4098396	7723	0
gpl010	179	Pulse	199	4108396	17723	0
gpl010	181	Picture	stim	4114050	0	1	25035	1	0	25000	hit	470
gpl010	181	Pulse	199	4118396	4346	0
gpl010	181	Response	16	4126476	12426	0
gpl010	181	Pulse	199	4128395	14345	0
gpl010	181	Pulse	199	4138396	24346	0
gpl010	182	Picture	fix2	4139250	0	1	15916	1	0	next	other	0
gpl010	182	Pulse	199	4148396	9146	0
gpl010	183	Picture	feedback	4155167	0	1	20061	1	0	next	other	0
gpl010	183	Pulse	199	4158395	3229	0
gpl010	183	Pulse	199	4168396	13230	0
gpl010	184	Picture	fix	4175228	0	1	32164	1	0	next	other	0
gpl010	184	Pulse	199	4178396	3168	0
gpl010	184	Pulse	199	4188406	13178	0
gpl010	184	Pulse	199	4198395	23167	0
gpl010	186	Picture	stim	4207391	0	1	25035	1	0	25000	incorrect	485
gpl010	186	Pulse	199	4208406	1014	0
gpl010	186	Pulse	199	4218406	11014	0
gpl010	186	Response	32	4224416	17024	0
gpl010	186	Pulse	199	4228405	21014	0
gpl010	187	Picture	fix2	4232426	0	1	22051	1	0	next	other	0
gpl010	187	Pulse	199	4238406	5979	0
gpl010	187	Pulse	199	4248406	15979	0
gpl010	188	Picture	feedback	4254477	0	1	20061	1	0	next	other	0
gpl010	188	Pulse	199	4258406	3929	0
gpl010	188	Pulse	199	4268405	13928	0
gpl010	189	Picture	fix	4274538	0	1	22714	1	0	next	other	0
gpl010	189	Pulse	199	4278406	3868	0
gpl010	189	Pulse	199	4288406	13868	0
gpl010	191	Picture	stim	4297251	0	1	25035	1	0	25000	incorrect	498
gpl010	191	Pulse	199	4298405	1154	0
gpl010	191	Response	32	4307636	10384	0
gpl010	191	Pulse	199	4308405	11154	0
gpl010	191	Pulse	199	4318406	21154	0
gpl010	192	Picture	fix2	4322286	0	1	12932	1	0	next	other	0
gpl010	192	Pulse	199	4328406	6119	0
gpl010	193	Picture	feedback	4335218	0	1	20061	1	0	next	other	0
gpl010	193	Pulse	199	4338406	3188	0
gpl010	193	Pulse	199	4348406	13187	0
gpl010	194	Picture	fix	4355279	0	1	26859	1	0	next	other	0
gpl010	194	Pulse	199	4358406	3126	0
gpl010	194	Pulse	199	4368405	13126	0
gpl010	194	Pulse	199	4378406	23126	0
gpl010	196	Picture	stim	4382138	0	1	25035	1	0	25000	hit	513
gpl010	196	Pulse	199	4388406	6268	0
gpl010	196	Pulse	199	4398405	16268	0
gpl010	196	Response	16	4398556	16418	0
gpl010	197	Picture	fix2	4407173	0	1	22201	182	0	next	other	0
gpl010	197	Pulse	199	4408406	1233	0
gpl010	197	Pulse	199	4418406	11233	0
gpl010	197	Pulse	199	4428406	21233	0
gpl010	198	Picture	feedback	4429374	0	181	20076	182	0	next	other	0
gpl010	198	Pulse	199	4438405	9031	0
gpl010	198	Pulse	199	4448406	19032	0
gpl010	199	Picture	fix	4449450	0	1	17408	1	0	next	other	0
gpl010	199	Pulse	199	4458406	8956	0
gpl010	201	Picture	stim	4466858	0	1	25035	1	0	25000	hit	525
gpl010	201	Pulse	199	4468405	1546	0
gpl010	201	Response	16	4476955	10097	0
gpl010	201	Pulse	199	4478405	11547	0
gpl010	201	Pulse	199	4488406	21548	0
gpl010	202	Picture	fix2	4492059	0	1	20393	1	0	next	other	0
gpl010	202	Pulse	199	4498405	6346	0
gpl010	202	Pulse	199	4508405	16346	0
gpl010	203	Picture	feedback	4512451	0	1	20061	1	0	next	other	0
gpl010	203	Pulse	199	4518405	5954	0
gpl010	203	Pulse	199	4528405	15954	0
gpl010	204	Picture	fix	4532512	0	1	25200	1	0	next	other	0
gpl010	204	Pulse	199	4538405	5892	0
gpl010	204	Pulse	199	4548405	15893	0
gpl010	206	Picture	stim	4557713	0	1	25035	1	0	25000	hit	539
gpl010	206	Pulse	199	4558406	693	0
gpl010	206	Response	16	4568166	10453	0
gpl010	206	Pulse	199	4568405	10692	0
gpl010	206	Pulse	199	4578405	20692	0
gpl010	207	Picture	fix2	4582913	0	1	16082	1	0	next	other	0
gpl010	207	Pulse	199	4588406	5492	0
gpl010	207	Pulse	199	4598406	15492	0
gpl010	208	Picture	feedback	4598995	0	1	20061	1	0	next	other	0
gpl010	208	Pulse	199	4608405	9409	0
gpl010	208	Pulse	199	4618406	19410	0
gpl010	209	Picture	fix	4619056	0	1	16248	1	0	next	other	0
gpl010	209	Pulse	199	4628406	9349	0
gpl010	211	Picture	stim	4635304	0	1	25035	1	0	25000	incorrect	552
gpl010	211	Pulse	199	4638405	3101	0
gpl010	211	Response	32	4646416	11111	0
gpl010	211	Pulse	199	4648406	13101	0
gpl010	211	Pulse	199	4658406	23102	0
gpl010	212	Picture	fix2	4660339	0	1	20558	1	0	next	other	0
gpl010	212	Pulse	199	4668406	8067	0
gpl010	212	Pulse	199	4678405	18066	0
gpl010	213	Picture	feedback	4680897	0	1	20061	1	0	next	other	0
gpl010	213	Pulse	199	4688406	7508	0
gpl010	213	Pulse	199	4698406	17508	0
gpl010	214	Picture	fix	4700958	0	1	26859	1	0	next	other	0
gpl010	214	Pulse	199	4708405	7447	0
gpl010	214	Pulse	199	4718406	17447	0
gpl010	216	Picture	stim	4727817	0	1	25035	1	0	25000	hit	568
gpl010	216	Pulse	199	4728406	589	0
gpl010	216	Pulse	199	4738405	10588	0
gpl010	216	Pulse	199	4748405	20588	0
gpl010	216	Response	16	4749415	21598	0
gpl010	217	Picture	fix2	4752852	0	1	24372	1	0	next	other	0
gpl010	217	Pulse	199	4758406	5554	0
gpl010	217	Pulse	199	4768406	15554	0
gpl010	218	Picture	feedback	4777223	0	1	20061	1	0	next	other	0
gpl010	218	Pulse	199	4778405	1182	0
gpl010	218	Pulse	199	4788406	11182	0
gpl010	219	Picture	fix	4797284	0	1	31169	1	0	next	other	0
gpl010	219	Pulse	199	4798406	1121	0
gpl010	219	Pulse	199	4808406	11121	0
gpl010	219	Pulse	199	4818405	21121	0
gpl010	219	Pulse	199	4828406	31121	0
gpl010	221	Picture	stim	4828453	0	1	25035	1	0	25000	incorrect	582
gpl010	221	Pulse	199	4838406	9952	0
gpl010	221	Response	32	4841825	13372	0
gpl010	221	Pulse	199	4848405	19951	0
gpl010	222	Picture	fix2	4853488	0	1	18071	1	0	next	other	0
gpl010	222	Pulse	199	4858406	4917	0
gpl010	222	Pulse	199	4868405	14917	0
gpl010	223	Picture	feedback	4871560	0	1	20061	1	0	next	other	0
gpl010	223	Pulse	199	4878406	6846	0
gpl010	223	Pulse	199	4888405	16845	0
gpl010	224	Picture	fix	4891621	0	1	24703	1	0	next	other	0
gpl010	224	Pulse	199	4898406	6785	0
gpl010	224	Pulse	199	4908404	16784	0
gpl010	226	Picture	stim	4916324	0	1	25035	1	0	25000	hit	597
gpl010	226	Pulse	199	4918405	2081	0
gpl010	226	Pulse	199	4928406	12082	0
gpl010	226	Pulse	199	4938405	22081	0
gpl010	226	Response	16	4938785	22461	0
gpl010	227	Picture	fix2	4941359	0	1	14093	1	0	next	other	0
gpl010	227	Pulse	199	4948405	7047	0
gpl010	228	Picture	feedback	4955451	0	1	20061	1	0	next	other	0
gpl010	228	Pulse	199	4958405	2954	0
gpl010	228	Pulse	199	4968405	12954	0
gpl010	229	Picture	fix	4975512	0	1	33324	1	0	next	other	0
gpl010	229	Pulse	199	4978405	2893	0
gpl010	229	Pulse	199	4988405	12892	0
gpl010	229	Pulse	199	4998405	22893	0
gpl010	229	Pulse	199	5008406	32893	0
gpl010	231	Picture	stim	5008837	0	1	25035	1	0	25000	hit	610
gpl010	231	Pulse	199	5018405	9569	0
gpl010	231	Response	16	5019565	10728	0
gpl010	231	Pulse	199	5028406	19569	0
gpl010	232	Picture	fix2	5033872	0	1	27687	1	0	next	other	0
gpl010	232	Pulse	199	5038406	4534	0
gpl010	232	Pulse	199	5048405	14534	0
gpl010	232	Pulse	199	5058405	24533	0
gpl010	233	Picture	feedback	5061559	0	1	20061	1	0	next	other	0
gpl010	233	Pulse	199	5068406	6847	0
gpl010	233	Pulse	199	5078406	16846	0
gpl010	234	Picture	fix	5081620	0	1	20061	1	0	next	other	0
gpl010	234	Pulse	199	5088405	6785	0
gpl010	234	Pulse	199	5098406	16786	0
gpl010	236	Picture	stim	5101681	0	1	25035	1	0	25000	hit	624
gpl010	236	Pulse	199	5108406	6725	0
gpl010	236	Response	16	5115135	13454	0
gpl010	236	Pulse	199	5118405	16724	0
gpl010	237	Picture	fix2	5126716	0	1	13263	1	0	next	other	0
gpl010	237	Pulse	199	5128405	1689	0
gpl010	237	Pulse	199	5138406	11690	0
gpl010	238	Picture	feedback	5139979	0	1	20061	1	0	next	other	0
gpl010	238	Pulse	199	5148406	8426	0
gpl010	238	Pulse	199	5158405	18426	0
gpl010	239	Picture	fix	5160040	0	1	28019	1	0	next	other	0
gpl010	239	Pulse	199	5168405	8365	0
gpl010	239	Pulse	199	5178406	18365	0
gpl010	241	Picture	stim	5188059	0	1	25035	1	0	25000	incorrect	637
gpl010	241	Pulse	199	5188405	346	0
gpl010	241	Response	32	5197865	9806	0
gpl010	241	Pulse	199	5198405	10346	0
gpl010	241	Pulse	199	5208406	20346	0
gpl010	242	Picture	fix2	5213260	0	1	14756	1	0	next	other	0
gpl010	242	Pulse	199	5218405	5145	0
gpl010	243	Picture	feedback	5228016	0	1	20061	1	0	next	other	0
gpl010	243	Pulse	199	5228405	390	0
gpl010	243	Pulse	199	5238405	10390	0
gpl010	244	Picture	fix	5248077	0	1	21387	1	0	next	other	0
gpl010	244	Pulse	199	5248405	328	0
gpl010	244	Pulse	199	5258405	10328	0
gpl010	244	Pulse	199	5268405	20328	0
gpl010	246	Picture	stim	5269464	0	1	25035	1	0	25000	hit	651
gpl010	246	Pulse	199	5278405	8941	0
gpl010	246	Response	16	5285015	15551	0
gpl010	246	Pulse	199	5288405	18941	0
gpl010	247	Picture	fix2	5294499	0	1	15253	1	0	next	other	0
gpl010	247	Pulse	199	5298405	3906	0
gpl010	247	Pulse	199	5308405	13906	0
gpl010	248	Picture	feedback	5309752	0	1	20061	1	0	next	other	0
gpl010	248	Pulse	199	5318405	8653	0
gpl010	248	Pulse	199	5328405	18653	0
gpl010	249	Picture	fix	5329813	0	1	20227	1	0	next	other	0
gpl010	249	Pulse	199	5338405	8592	0
gpl010	249	Pulse	199	5348405	18592	0
gpl010	251	Picture	stim	5350040	0	1	25035	1	0	25000	incorrect	664
gpl010	251	Pulse	199	5358405	8365	0
gpl010	251	Response	32	5361125	11085	0
gpl010	251	Pulse	199	5368405	18365	0
gpl010	252	Picture	fix2	5375074	0	1	16579	1	0	next	other	0
gpl010	252	Pulse	199	5378405	3331	0
gpl010	252	Pulse	199	5388405	13331	0
gpl010	253	Picture	feedback	5391654	0	1	20061	1	0	next	other	0
gpl010	253	Pulse	199	5398405	6751	0
gpl010	253	Pulse	199	5408405	16751	0
gpl010	254	Picture	fix	5411715	0	1	22051	1	0	next	other	0
gpl010	254	Pulse	199	5418405	6690	0
gpl010	254	Pulse	199	5428405	16691	0
gpl010	256	Picture	stim	5433765	0	1	25035	1	0	25000	incorrect	678
gpl010	256	Pulse	199	5438405	4640	0
gpl010	256	Pulse	199	5448405	14640	0
gpl010	256	Response	32	5449345	15580	0
gpl010	256	Pulse	199	5458406	24640	0
gpl010	257	Picture	fix2	5458800	0	1	17243	1	0	next	other	0
gpl010	257	Pulse	199	5468405	9605	0
gpl010	258	Picture	feedback	5476043	0	1	20027	201	0	next	other	0
gpl010	258	Pulse	199	5478405	2363	0
gpl010	258	Pulse	199	5488406	12363	0
gpl010	259	Picture	fix	5496069	0	201	29711	201	0	next	other	0
gpl010	259	Pulse	199	5498405	2336	0
gpl010	259	Pulse	199	5508405	12336	0
gpl010	259	Pulse	199	5518406	22336	0
gpl010	261	Picture	stim	5525781	0	1	25035	1	0	25000	incorrect	691
gpl010	261	Pulse	199	5528406	2625	0
gpl010	261	Response	32	5538235	12454	0
gpl010	261	Pulse	199	5538404	12624	0
gpl010	261	Pulse	199	5548405	22624	0
gpl010	262	Picture	fix2	5550981	0	1	17906	1	0	next	other	0
gpl010	262	Pulse	199	5558405	7424	0
gpl010	262	Pulse	199	5568405	17424	0
gpl010	263	Picture	feedback	5568887	0	1	20061	1	0	next	other	0
gpl010	263	Pulse	199	5578405	9518	0
gpl010	263	Pulse	199	5588405	19519	0
gpl010	264	Picture	fix	5588948	0	1	25366	1	0	next	other	0
gpl010	264	Pulse	199	5598405	9457	0
gpl010	264	Pulse	199	5608405	19457	0
gpl010	266	Picture	stim	5614314	0	1	25035	1	0	25000	hit	705
gpl010	266	Pulse	199	5618405	4091	0
gpl010	266	Response	16	5624845	10531	0
gpl010	266	Pulse	199	5628405	14091	0
gpl010	266	Pulse	199	5638405	24091	0
gpl010	267	Picture	fix2	5639515	0	1	10777	1	0	next	other	0
gpl010	267	Pulse	199	5648405	8890	0
gpl010	268	Picture	feedback	5650291	0	1	20061	1	0	next	other	0
gpl010	268	Pulse	199	5658405	8114	0
gpl010	268	Pulse	199	5668405	18114	0
gpl010	269	Picture	100	5670352	0	1	250000	183	0	250000	other	0
gpl010	269	Pulse	199	5678405	8053	0
gpl010	269	Pulse	199	5688405	18053	0
gpl010	269	Pulse	199	5698405	28053	0
gpl010	269	Pulse	199	5708405	38053	0
gpl010	269	Pulse	199	5718405	48052	0
gpl010	269	Pulse	199	5728405	58053	0
gpl010	269	Pulse	199	5738405	68053	0
gpl010	269	Pulse	199	5748405	78053	0
gpl010	269	Pulse	199	5758405	88053	0
gpl010	269	Pulse	199	5768405	98053	0
gpl010	269	Pulse	199	5778405	108053	0
gpl010	269	Pulse	199	5788405	118053	0
gpl010	269	Pulse	199	5798405	128053	0
gpl010	269	Pulse	199	5808405	138053	0
gpl010	269	Pulse	199	5818405	148052	0
gpl010	269	Pulse	199	5828405	158053	0
gpl010	269	Pulse	199	5838405	168053	0
gpl010	269	Pulse	199	5848405	178053	0
gpl010	269	Pulse	199	5858405	188053	0
gpl010	269	Pulse	199	5868405	198053	0
gpl010	269	Pulse	199	5878405	208053	0
gpl010	269	Pulse	199	5888405	218052	0
