Scenario - FBL_B.sce
Logfile written - 05/08/2021 14:31:08

Subject	Trial	Event Type	Code	Time	TTime	Uncertainty	Duration	Uncertainty	ReqTime	ReqDur	Stim Type	Pair Index

gpl017	1	Response	32	132989	122823	0
gpl017	2	Picture	fix	133184	0	1	18735	1	0	next	other	0
gpl017	4	Picture	stim	151919	0	1	63830	1	0	next	incorrect	4
gpl017	4	Response	32	215669	63750	0
gpl017	5	Picture	feedback	215749	0	1	20061	1	0	next	other	0
gpl017	6	Picture	fix	235810	0	1	32164	1	0	next	other	0
gpl017	8	Picture	stim	267974	0	1	11244	197	0	next	hit	8
gpl017	8	Response	16	279208	11234	0
gpl017	9	Picture	feedback	279218	0	196	20091	197	0	next	other	0
gpl017	10	Picture	fix	299309	0	1	24703	1	0	next	other	0
gpl017	12	Picture	stim	324012	0	1	14756	1	0	next	hit	12
gpl017	12	Response	16	338688	14676	0
gpl017	13	Picture	feedback	338768	0	1	20061	1	0	next	other	0
gpl017	14	Picture	fix	358829	0	1	21387	1	0	next	other	0
gpl017	16	Picture	stim	380216	0	1	19066	1	0	next	hit	16
gpl017	16	Response	16	399179	18962	0
gpl017	17	Picture	feedback	399283	0	1	20061	1	0	next	other	0
gpl017	18	Picture	fix	419344	0	1	21885	1	0	next	other	0
gpl017	20	Picture	stim	441228	0	1	21222	1	0	next	hit	20
gpl017	20	Response	16	462409	21180	0
gpl017	21	Picture	feedback	462450	0	1	20061	1	0	next	other	0
gpl017	22	Picture	fix	482511	0	1	23543	1	0	next	other	0
gpl017	24	Picture	stim	506054	0	1	7792	1	0	next	incorrect	24
gpl017	24	Response	32	513809	7755	0
gpl017	25	Picture	feedback	513846	0	1	20006	222	0	next	other	0
gpl017	26	Response	32	617318	83466	0
gpl017	27	Picture	start	617467	0	1	710922	1	0	next	other	0
gpl017	27	Response	16	646438	28972	0
gpl017	27	Response	16	648679	31212	0
gpl017	27	Response	16	650279	32812	0
gpl017	28	Pulse	199	1328278	660805	0
gpl017	28	Pulse	199	1338278	670805	0
gpl017	28	Pulse	199	1348278	680804	0
gpl017	28	Pulse	199	1358278	690805	0
gpl017	28	Pulse	199	1368278	700805	0
gpl017	28	Pulse	199	1378278	710804	0
gpl017	29	Picture	fix	1378624	0	1	18569	1	0	next	other	0
gpl017	29	Pulse	199	1388279	9654	0
gpl017	31	Picture	stim	1397193	0	1	25035	1	0	25000	incorrect	43
gpl017	31	Pulse	199	1398278	1086	0
gpl017	31	Pulse	199	1408278	11085	0
gpl017	31	Pulse	199	1418278	21085	0
gpl017	31	Response	32	1421928	24735	0
gpl017	32	Picture	fix2	1422228	0	1	29345	1	0	next	other	0
gpl017	32	Pulse	199	1428278	6051	0
gpl017	32	Pulse	199	1438278	16050	0
gpl017	32	Pulse	199	1448278	26050	0
gpl017	33	Picture	feedback	1451573	0	1	20061	1	0	next	other	0
gpl017	33	Pulse	199	1458278	6705	0
gpl017	33	Pulse	199	1468278	16705	0
gpl017	34	Picture	fix	1471634	0	1	32164	1	0	next	other	0
gpl017	34	Pulse	199	1478278	6644	0
gpl017	34	Pulse	199	1488277	16643	0
gpl017	34	Pulse	199	1498278	26644	0
gpl017	36	Picture	stim	1503798	0	1	25035	1	0	25000	incorrect	58
gpl017	36	Pulse	199	1508278	4480	0
gpl017	36	Pulse	199	1518277	14479	0
gpl017	36	Response	32	1521388	17590	0
gpl017	36	Pulse	199	1528277	24479	0
gpl017	37	Picture	fix2	1528833	0	1	14590	1	0	next	other	0
gpl017	37	Pulse	199	1538278	9445	0
gpl017	38	Picture	feedback	1543423	0	1	20061	1	0	next	other	0
gpl017	38	Pulse	199	1548278	4855	0
gpl017	38	Pulse	199	1558277	14855	0
gpl017	39	Picture	fix	1563484	0	1	28516	1	0	next	other	0
gpl017	39	Pulse	199	1568278	4794	0
gpl017	39	Pulse	199	1578288	14804	0
gpl017	39	Pulse	199	1588277	24794	0
gpl017	41	Picture	stim	1592000	0	1	25035	1	0	25000	incorrect	72
gpl017	41	Pulse	199	1598278	6278	0
gpl017	41	Pulse	199	1608288	16288	0
gpl017	41	Response	32	1612548	20548	0
gpl017	42	Picture	fix2	1617035	0	1	12932	1	0	next	other	0
gpl017	42	Pulse	199	1618278	1243	0
gpl017	42	Pulse	199	1628277	11242	0
gpl017	43	Picture	feedback	1629967	0	1	20061	1	0	next	other	0
gpl017	43	Pulse	199	1638288	8321	0
gpl017	43	Pulse	199	1648288	18321	0
gpl017	44	Picture	fix	1650028	0	1	26859	1	0	next	other	0
gpl017	44	Pulse	199	1658288	8260	0
gpl017	44	Pulse	199	1668288	18260	0
gpl017	46	Picture	stim	1676886	0	1	25035	1	0	25000	hit	85
gpl017	46	Pulse	199	1678288	1402	0
gpl017	46	Pulse	199	1688288	11401	0
gpl017	46	Response	16	1695418	18531	0
gpl017	46	Pulse	199	1698288	21401	0
gpl017	47	Picture	fix2	1702087	0	1	21387	1	0	next	other	0
gpl017	47	Pulse	199	1708288	6201	0
gpl017	47	Pulse	199	1718288	16201	0
gpl017	48	Picture	feedback	1723474	0	1	20061	1	0	next	other	0
gpl017	48	Pulse	199	1728288	4813	0
gpl017	48	Pulse	199	1738288	14814	0
gpl017	49	Picture	fix	1743535	0	1	27356	1	0	next	other	0
gpl017	49	Pulse	199	1748288	4753	0
gpl017	49	Pulse	199	1758288	14753	0
gpl017	49	Pulse	199	1768287	24753	0
gpl017	51	Picture	stim	1770891	0	1	25035	1	0	25000	hit	100
gpl017	51	Pulse	199	1778288	7397	0
gpl017	51	Pulse	199	1788288	17397	0
gpl017	51	Response	16	1790208	19317	0
gpl017	52	Picture	fix2	1795926	0	1	29014	1	0	next	other	0
gpl017	52	Pulse	199	1798287	2362	0
gpl017	52	Pulse	199	1808288	12362	0
gpl017	52	Pulse	199	1818288	22362	0
gpl017	53	Picture	feedback	1824940	0	1	20061	1	0	next	other	0
gpl017	53	Pulse	199	1828288	3348	0
gpl017	53	Pulse	199	1838288	13348	0
gpl017	54	Picture	fix	1845001	0	1	29180	1	0	next	other	0
gpl017	54	Pulse	199	1848288	3288	0
gpl017	54	Pulse	199	1858288	13287	0
gpl017	54	Pulse	199	1868287	23286	0
gpl017	56	Picture	stim	1874180	0	1	25035	1	0	25000	hit	115
gpl017	56	Pulse	199	1878288	4108	0
gpl017	56	Pulse	199	1888288	14108	0
gpl017	56	Response	16	1892838	18658	0
gpl017	56	Pulse	199	1898287	24107	0
gpl017	57	Picture	fix2	1899215	0	1	13263	1	0	next	other	0
gpl017	57	Pulse	199	1908288	9073	0
gpl017	58	Picture	feedback	1912479	0	1	20061	1	0	next	other	0
gpl017	58	Pulse	199	1918288	5809	0
gpl017	58	Pulse	199	1928288	15809	0
gpl017	59	Picture	fix	1932540	0	1	28516	1	0	next	other	0
gpl017	59	Pulse	199	1938287	5748	0
gpl017	59	Pulse	199	1948288	15748	0
gpl017	59	Pulse	199	1958288	25748	0
gpl017	61	Picture	stim	1961056	0	1	25201	1	0	25000	miss	0
gpl017	61	Pulse	199	1968287	7231	0
gpl017	61	Pulse	199	1978288	17231	0
gpl017	62	Picture	fix2	1986257	0	1	23543	1	0	next	other	0
gpl017	62	Pulse	199	1988288	2031	0
gpl017	62	Response	32	1988688	2431	0
gpl017	62	Pulse	199	1998288	12031	0
gpl017	62	Pulse	199	2008288	22031	0
gpl017	63	Picture	feedback	2009799	0	1	20061	1	0	next	other	0
gpl017	63	Pulse	199	2018288	8488	0
gpl017	63	Pulse	199	2028288	18489	0
gpl017	64	Picture	fix	2029860	0	1	25201	1	0	next	other	0
gpl017	64	Pulse	199	2038288	8427	0
gpl017	64	Pulse	199	2048288	18427	0
gpl017	66	Picture	stim	2055061	0	1	25035	1	0	25000	hit	143
gpl017	66	Pulse	199	2058288	3227	0
gpl017	66	Pulse	199	2068288	13227	0
gpl017	66	Response	16	2075117	20056	0
gpl017	66	Pulse	199	2078288	23227	0
gpl017	67	Picture	fix2	2080096	0	1	24206	1	0	next	other	0
gpl017	67	Pulse	199	2088288	8192	0
gpl017	67	Pulse	199	2098288	18192	0
gpl017	68	Picture	feedback	2104302	0	1	20061	1	0	next	other	0
gpl017	68	Pulse	199	2108288	3986	0
gpl017	68	Pulse	199	2118288	13986	0
gpl017	69	Picture	fix	2124363	0	1	24537	1	0	next	other	0
gpl017	69	Pulse	199	2128288	3926	0
gpl017	69	Pulse	199	2138288	13925	0
gpl017	69	Pulse	199	2148288	23925	0
gpl017	71	Picture	stim	2148900	0	1	25035	1	0	25000	incorrect	157
gpl017	71	Pulse	199	2158288	9388	0
gpl017	71	Response	32	2163897	14997	0
gpl017	71	Pulse	199	2168288	19388	0
gpl017	72	Picture	fix2	2173935	0	1	13926	1	0	next	other	0
gpl017	72	Pulse	199	2178288	4353	0
gpl017	73	Picture	feedback	2187861	0	1	20061	1	0	next	other	0
gpl017	73	Pulse	199	2188288	427	0
gpl017	73	Pulse	199	2198288	10427	0
gpl017	74	Picture	fix	2207922	0	1	26527	1	0	next	other	0
gpl017	74	Pulse	199	2208287	365	0
gpl017	74	Pulse	199	2218288	10365	0
gpl017	74	Pulse	199	2228288	20366	0
gpl017	76	Picture	stim	2234449	0	1	25035	1	0	25000	hit	171
gpl017	76	Pulse	199	2238288	3838	0
gpl017	76	Pulse	199	2248287	13838	0
gpl017	76	Response	16	2254718	20268	0
gpl017	76	Pulse	199	2258287	23838	0
gpl017	77	Picture	fix2	2259484	0	1	21387	1	0	next	other	0
gpl017	77	Pulse	199	2268288	8803	0
gpl017	77	Pulse	199	2278288	18803	0
gpl017	78	Picture	feedback	2280872	0	1	20061	1	0	next	other	0
gpl017	78	Pulse	199	2288287	7416	0
gpl017	78	Pulse	199	2298287	17416	0
gpl017	79	Picture	fix	2300933	0	1	20061	1	0	next	other	0
gpl017	79	Pulse	199	2308288	7355	0
gpl017	79	Pulse	199	2318287	17355	0
gpl017	81	Picture	stim	2320993	0	1	25035	1	0	25000	incorrect	184
gpl017	81	Pulse	199	2328287	7294	0
gpl017	81	Response	32	2337728	16734	0
gpl017	81	Pulse	199	2338287	17294	0
gpl017	82	Picture	fix2	2346028	0	1	20061	1	0	next	other	0
gpl017	82	Pulse	199	2348287	2259	0
gpl017	82	Pulse	199	2358287	12259	0
gpl017	83	Picture	feedback	2366089	0	1	20061	1	0	next	other	0
gpl017	83	Pulse	199	2368287	2198	0
gpl017	83	Pulse	199	2378287	12198	0
gpl017	84	Picture	fix	2386150	0	1	26859	1	0	next	other	0
gpl017	84	Pulse	199	2388288	2137	0
gpl017	84	Pulse	199	2398287	12137	0
gpl017	84	Pulse	199	2408287	22137	0
gpl017	86	Picture	stim	2413009	0	1	25035	1	0	25000	miss	0
gpl017	86	Pulse	199	2418287	5278	0
gpl017	86	Pulse	199	2428288	15279	0
gpl017	87	Picture	fix2	2438044	0	1	23377	1	0	next	other	0
gpl017	87	Pulse	199	2438288	244	0
gpl017	87	Pulse	199	2448287	10244	0
gpl017	87	Pulse	199	2458288	20244	0
gpl017	88	Picture	feedback	2461421	0	1	20061	1	0	next	other	0
gpl017	88	Pulse	199	2468288	6867	0
gpl017	88	Pulse	199	2478288	16868	0
gpl017	89	Picture	fix	2481482	0	1	21885	1	0	next	other	0
gpl017	89	Pulse	199	2488287	6806	0
gpl017	89	Pulse	199	2498288	16806	0
gpl017	91	Picture	stim	2503366	0	1	25035	1	0	25000	incorrect	211
gpl017	91	Pulse	199	2508288	4922	0
gpl017	91	Response	32	2517458	14091	0
gpl017	91	Pulse	199	2518287	14921	0
gpl017	91	Pulse	199	2528287	24921	0
gpl017	92	Picture	fix2	2528401	0	1	21885	1	0	next	other	0
gpl017	92	Pulse	199	2538288	9887	0
gpl017	92	Pulse	199	2548288	19887	0
gpl017	93	Picture	feedback	2550286	0	1	20061	1	0	next	other	0
gpl017	93	Pulse	199	2558287	8001	0
gpl017	93	Pulse	199	2568288	18002	0
gpl017	94	Picture	fix	2570347	0	1	29014	1	0	next	other	0
gpl017	94	Pulse	199	2578288	7941	0
gpl017	94	Pulse	199	2588287	17941	0
gpl017	94	Pulse	199	2598288	27941	0
gpl017	96	Picture	stim	2599361	0	1	25035	1	0	25000	incorrect	226
gpl017	96	Pulse	199	2608288	8927	0
gpl017	96	Response	32	2613857	14496	0
gpl017	96	Pulse	199	2618288	18927	0
gpl017	97	Picture	fix2	2624395	0	1	9119	1	0	next	other	0
gpl017	97	Pulse	199	2628287	3892	0
gpl017	98	Picture	feedback	2633514	0	1	20061	1	0	next	other	0
gpl017	98	Pulse	199	2638288	4774	0
gpl017	98	Pulse	199	2648287	14773	0
gpl017	99	Picture	fix	2653575	0	1	22382	1	0	next	other	0
gpl017	99	Pulse	199	2658287	4712	0
gpl017	99	Pulse	199	2668288	14713	0
gpl017	101	Picture	stim	2675957	0	1	25035	1	0	25000	hit	239
gpl017	101	Pulse	199	2678288	2331	0
gpl017	101	Pulse	199	2688288	12331	0
gpl017	101	Response	16	2689688	13731	0
gpl017	101	Pulse	199	2698287	22330	0
gpl017	102	Picture	fix2	2700992	0	1	16413	1	0	next	other	0
gpl017	102	Pulse	199	2708288	7296	0
gpl017	103	Picture	feedback	2717405	0	1	20061	1	0	next	other	0
gpl017	103	Pulse	199	2718288	883	0
gpl017	103	Pulse	199	2728287	10882	0
gpl017	104	Picture	fix	2737466	0	1	17740	1	0	next	other	0
gpl017	104	Pulse	199	2738288	822	0
gpl017	104	Pulse	199	2748288	10821	0
gpl017	106	Picture	stim	2755206	0	1	25035	1	0	25000	hit	252
gpl017	106	Pulse	199	2758288	3081	0
gpl017	106	Pulse	199	2768287	13081	0
gpl017	106	Response	16	2769987	14781	0
gpl017	106	Pulse	199	2778287	23081	0
gpl017	107	Picture	fix2	2780241	0	1	11606	1	0	next	other	0
gpl017	107	Pulse	199	2788288	8047	0
gpl017	108	Picture	feedback	2791847	0	1	20061	1	0	next	other	0
gpl017	108	Pulse	199	2798287	6440	0
gpl017	108	Pulse	199	2808288	16441	0
gpl017	109	Picture	fix	2811908	0	1	31169	1	0	next	other	0
gpl017	109	Pulse	199	2818288	6380	0
gpl017	109	Pulse	199	2828287	16380	0
gpl017	109	Pulse	199	2838288	26380	0
gpl017	111	Picture	stim	2843077	0	1	25035	1	0	25000	hit	266
gpl017	111	Pulse	199	2848288	5211	0
gpl017	111	Pulse	199	2858288	15211	0
gpl017	111	Response	16	2863967	20891	0
gpl017	112	Picture	fix2	2868112	0	1	21719	1	0	next	other	0
gpl017	112	Pulse	199	2868287	175	0
gpl017	112	Pulse	199	2878288	10176	0
gpl017	112	Pulse	199	2888287	20176	0
gpl017	113	Picture	feedback	2889831	0	1	20061	1	0	next	other	0
gpl017	113	Pulse	199	2898287	8457	0
gpl017	113	Pulse	199	2908287	18457	0
gpl017	114	Picture	fix	2909892	0	1	19066	1	0	next	other	0
gpl017	114	Pulse	199	2918288	8396	0
gpl017	114	Pulse	199	2928288	18396	0
gpl017	116	Picture	stim	2928958	0	1	25035	1	0	25000	hit	280
gpl017	116	Pulse	199	2938287	9330	0
gpl017	116	Pulse	199	2948287	19330	0
gpl017	116	Response	16	2949178	20220	0
gpl017	117	Picture	fix2	2953993	0	1	21387	1	0	next	other	0
gpl017	117	Pulse	199	2958288	4295	0
gpl017	117	Pulse	199	2968287	14295	0
gpl017	118	Picture	feedback	2975380	0	1	20061	1	0	next	other	0
gpl017	118	Pulse	199	2978288	2908	0
gpl017	118	Pulse	199	2988288	12908	0
gpl017	119	Picture	fix	2995441	0	1	35977	1	0	next	other	0
gpl017	119	Pulse	199	2998288	2847	0
gpl017	119	Pulse	199	3008287	12846	0
gpl017	119	Pulse	199	3018288	22847	0
gpl017	119	Pulse	199	3028287	32847	0
gpl017	121	Picture	stim	3031418	0	1	25035	1	0	25000	incorrect	295
gpl017	121	Pulse	199	3038287	6869	0
gpl017	121	Pulse	199	3048288	16870	0
gpl017	121	Response	32	3049817	18399	0
gpl017	122	Picture	fix2	3056453	0	1	26195	1	0	next	other	0
gpl017	122	Pulse	199	3058288	1835	0
gpl017	122	Pulse	199	3068287	11835	0
gpl017	122	Pulse	199	3078287	21834	0
gpl017	123	Picture	feedback	3082648	0	1	20061	1	0	next	other	0
gpl017	123	Pulse	199	3088288	5640	0
gpl017	123	Pulse	199	3098288	15639	0
gpl017	124	Picture	fix	3102709	0	1	28019	1	0	next	other	0
gpl017	124	Pulse	199	3108287	5578	0
gpl017	124	Pulse	199	3118287	15578	0
gpl017	124	Pulse	199	3128287	25578	0
gpl017	126	Picture	stim	3130728	0	1	25035	1	0	25000	hit	309
gpl017	126	Pulse	199	3138288	7559	0
gpl017	126	Response	16	3140397	9669	0
gpl017	126	Pulse	199	3148287	17559	0
gpl017	127	Picture	fix2	3155763	0	1	11108	1	0	next	other	0
gpl017	127	Pulse	199	3158288	2524	0
gpl017	128	Picture	feedback	3166871	0	1	20061	1	0	next	other	0
gpl017	128	Pulse	199	3168288	1416	0
gpl017	128	Pulse	199	3178287	11416	0
gpl017	129	Picture	fix	3186932	0	1	33324	1	0	next	other	0
gpl017	129	Pulse	199	3188288	1356	0
gpl017	129	Pulse	199	3198288	11355	0
gpl017	129	Pulse	199	3208287	21355	0
gpl017	129	Pulse	199	3218287	31355	0
gpl017	131	Picture	stim	3220257	0	1	25035	1	0	25000	incorrect	323
gpl017	131	Pulse	199	3228288	8031	0
gpl017	131	Response	32	3235387	15131	0
gpl017	131	Pulse	199	3238288	18031	0
gpl017	132	Picture	fix2	3245291	0	1	22548	1	0	next	other	0
gpl017	132	Pulse	199	3248287	2996	0
gpl017	132	Pulse	199	3258287	12996	0
gpl017	133	Picture	feedback	3267839	0	1	20061	1	0	next	other	0
gpl017	133	Pulse	199	3268287	448	0
gpl017	133	Pulse	199	3278287	10448	0
gpl017	134	Picture	fix	3287900	0	1	30837	1	0	next	other	0
gpl017	134	Pulse	199	3288287	387	0
gpl017	134	Pulse	199	3298287	10387	0
gpl017	134	Pulse	199	3308287	20387	0
gpl017	134	Pulse	199	3318287	30386	0
gpl017	136	Picture	stim	3318738	0	1	25035	1	0	25000	incorrect	339
gpl017	136	Pulse	199	3328287	9550	0
gpl017	136	Pulse	199	3338287	19549	0
gpl017	136	Response	32	3338948	20210	0
gpl017	137	Picture	fix2	3343773	0	1	25864	1	0	next	other	0
gpl017	137	Pulse	199	3348287	4514	0
gpl017	137	Pulse	199	3358287	14515	0
gpl017	137	Pulse	199	3368298	24525	0
gpl017	138	Picture	feedback	3369637	0	1	20061	1	0	next	other	0
gpl017	138	Pulse	199	3378288	8651	0
gpl017	138	Pulse	199	3388287	18651	0
gpl017	139	Picture	fix	3389697	0	1	23377	1	0	next	other	0
gpl017	139	Pulse	199	3398298	8600	0
gpl017	139	Pulse	199	3408287	18590	0
gpl017	141	Picture	stim	3413074	0	1	25035	1	0	25000	incorrect	353
gpl017	141	Pulse	199	3418287	5212	0
gpl017	141	Pulse	199	3428297	15222	0
gpl017	141	Response	32	3432497	19423	0
gpl017	142	Picture	fix2	3438275	0	1	14756	1	0	next	other	0
gpl017	142	Pulse	199	3438298	23	0
gpl017	142	Pulse	199	3448297	10022	0
gpl017	143	Picture	feedback	3453031	0	1	20061	1	0	next	other	0
gpl017	143	Pulse	199	3458297	5266	0
gpl017	143	Pulse	199	3468298	15267	0
gpl017	144	Picture	fix	3473092	0	1	24703	1	0	next	other	0
gpl017	144	Pulse	199	3478298	5206	0
gpl017	144	Pulse	199	3488297	15205	0
gpl017	146	Picture	stim	3497795	0	1	25035	1	0	25000	hit	367
gpl017	146	Pulse	199	3498297	502	0
gpl017	146	Pulse	199	3508298	10503	0
gpl017	146	Pulse	199	3518297	20503	0
gpl017	146	Response	16	3519498	21703	0
gpl017	147	Picture	fix2	3522830	0	1	18071	1	0	next	other	0
gpl017	147	Pulse	199	3528297	5467	0
gpl017	147	Pulse	199	3538298	15468	0
gpl017	148	Picture	feedback	3540901	0	1	20061	1	0	next	other	0
gpl017	148	Pulse	199	3548298	7397	0
gpl017	148	Pulse	199	3558297	17396	0
gpl017	149	Picture	fix	3560962	0	1	26029	1	0	next	other	0
gpl017	149	Pulse	199	3568297	7335	0
gpl017	149	Pulse	199	3578298	17336	0
gpl017	151	Picture	stim	3586991	0	1	25035	1	0	25000	hit	380
gpl017	151	Pulse	199	3588298	1306	0
gpl017	151	Pulse	199	3598297	11305	0
gpl017	151	Response	16	3605688	18696	0
gpl017	151	Pulse	199	3608297	21306	0
gpl017	152	Picture	fix2	3612026	0	1	18569	1	0	next	other	0
gpl017	152	Pulse	199	3618298	6271	0
gpl017	152	Pulse	199	3628297	16270	0
gpl017	153	Picture	feedback	3630595	0	1	20061	1	0	next	other	0
gpl017	153	Pulse	199	3638297	7702	0
gpl017	153	Pulse	199	3648298	17702	0
gpl017	154	Picture	fix	3650656	0	1	23377	1	0	next	other	0
gpl017	154	Pulse	199	3658297	7641	0
gpl017	154	Pulse	199	3668297	17640	0
gpl017	156	Picture	stim	3674033	0	1	25035	1	0	25000	incorrect	394
gpl017	156	Pulse	199	3678298	4265	0
gpl017	156	Pulse	199	3688298	14264	0
gpl017	156	Response	32	3690417	16384	0
gpl017	156	Pulse	199	3698297	24264	0
gpl017	157	Picture	fix2	3699068	0	1	17243	1	0	next	other	0
gpl017	157	Pulse	199	3708298	9230	0
gpl017	158	Picture	feedback	3716310	0	1	20061	1	0	next	other	0
gpl017	158	Pulse	199	3718298	1987	0
gpl017	158	Pulse	199	3728297	11987	0
gpl017	159	Picture	fix	3736371	0	1	19398	1	0	next	other	0
gpl017	159	Pulse	199	3738297	1926	0
gpl017	159	Pulse	199	3748297	11926	0
gpl017	161	Picture	stim	3755769	0	1	25035	1	0	25000	incorrect	407
gpl017	161	Pulse	199	3758297	2528	0
gpl017	161	Pulse	199	3768297	12527	0
gpl017	161	Response	32	3770397	14628	0
gpl017	161	Pulse	199	3778297	22528	0
gpl017	162	Picture	fix2	3780804	0	1	16579	1	0	next	other	0
gpl017	162	Pulse	199	3788298	7494	0
gpl017	163	Picture	feedback	3797383	0	1	20061	1	0	next	other	0
gpl017	163	Pulse	199	3798297	914	0
gpl017	163	Pulse	199	3808297	10913	0
gpl017	164	Picture	fix	3817444	0	1	33988	1	0	next	other	0
gpl017	164	Pulse	199	3818297	853	0
gpl017	164	Pulse	199	3828297	10853	0
gpl017	164	Pulse	199	3838297	20853	0
gpl017	164	Pulse	199	3848297	30853	0
gpl017	166	Picture	stim	3851432	0	1	25035	1	0	25000	incorrect	421
gpl017	166	Pulse	199	3858298	6866	0
gpl017	166	Response	32	3864017	12585	0
gpl017	166	Pulse	199	3868297	16865	0
gpl017	167	Picture	fix2	3876633	0	1	16745	1	0	next	other	0
gpl017	167	Pulse	199	3878297	1665	0
gpl017	167	Pulse	199	3888297	11665	0
gpl017	168	Picture	feedback	3893378	0	1	20061	1	0	next	other	0
gpl017	168	Pulse	199	3898298	4920	0
gpl017	168	Pulse	199	3908297	14919	0
gpl017	169	Picture	fix	3913439	0	1	28848	1	0	next	other	0
gpl017	169	Pulse	199	3918298	4859	0
gpl017	169	Pulse	199	3928297	14859	0
gpl017	169	Pulse	199	3938297	24858	0
gpl017	171	Picture	stim	3942287	0	1	25035	1	0	25000	hit	436
gpl017	171	Pulse	199	3948297	6011	0
gpl017	171	Pulse	199	3958297	16010	0
gpl017	171	Response	16	3961677	19390	0
gpl017	172	Picture	fix2	3967322	0	1	22051	1	0	next	other	0
gpl017	172	Pulse	199	3968297	976	0
gpl017	172	Pulse	199	3978297	10975	0
gpl017	172	Pulse	199	3988297	20976	0
gpl017	173	Picture	feedback	3989372	0	1	20061	1	0	next	other	0
gpl017	173	Pulse	199	3998297	8925	0
gpl017	173	Pulse	199	4008297	18924	0
gpl017	174	Picture	fix	4009433	0	1	22714	1	0	next	other	0
gpl017	174	Pulse	199	4018297	8864	0
gpl017	174	Pulse	199	4028297	18864	0
gpl017	176	Picture	stim	4032147	0	1	25035	1	0	25000	incorrect	449
gpl017	176	Pulse	199	4038297	6150	0
gpl017	176	Response	32	4044977	12830	0
gpl017	176	Pulse	199	4048297	16150	0
gpl017	176	Response	16	4050236	18090	0
gpl017	177	Picture	fix2	4057182	0	1	14093	1	0	next	other	0
gpl017	177	Pulse	199	4058297	1116	0
gpl017	177	Pulse	199	4068297	11116	0
gpl017	178	Picture	feedback	4071274	0	1	20061	1	0	next	other	0
gpl017	178	Pulse	199	4078297	7023	0
gpl017	178	Pulse	199	4088297	17023	0
gpl017	179	Picture	fix	4091335	0	1	22216	1	0	next	other	0
gpl017	179	Pulse	199	4098297	6962	0
gpl017	179	Pulse	199	4108297	16962	0
gpl017	181	Picture	stim	4113551	0	1	25035	1	0	25000	incorrect	463
gpl017	181	Pulse	199	4118297	4745	0
gpl017	181	Response	32	4127917	14366	0
gpl017	181	Pulse	199	4128297	14746	0
gpl017	181	Pulse	199	4138297	24746	0
gpl017	182	Picture	fix2	4138586	0	1	18071	1	0	next	other	0
gpl017	182	Pulse	199	4148297	9711	0
gpl017	183	Picture	feedback	4156658	0	1	20061	1	0	next	other	0
gpl017	183	Pulse	199	4158297	1640	0
gpl017	183	Pulse	199	4168297	11640	0
gpl017	184	Picture	fix	4176719	0	1	26859	1	0	next	other	0
gpl017	184	Pulse	199	4178297	1579	0
gpl017	184	Pulse	199	4188297	11578	0
gpl017	184	Pulse	199	4198297	21579	0
gpl017	186	Picture	stim	4203577	0	1	25035	1	0	25000	hit	478
gpl017	186	Pulse	199	4208297	4720	0
gpl017	186	Pulse	199	4218297	14719	0
gpl017	186	Response	16	4221077	17500	0
gpl017	186	Pulse	199	4228297	24720	0
gpl017	187	Picture	fix2	4228612	0	1	10777	1	0	next	other	0
gpl017	187	Pulse	199	4238298	9686	0
gpl017	188	Picture	feedback	4239388	0	1	20061	1	0	next	other	0
gpl017	188	Pulse	199	4248297	8909	0
gpl017	188	Pulse	199	4258297	18908	0
gpl017	189	Picture	fix	4259449	0	1	20393	1	0	next	other	0
gpl017	189	Pulse	199	4268298	8848	0
gpl017	189	Pulse	199	4278297	18848	0
gpl017	191	Picture	stim	4279842	0	1	25035	1	0	25000	incorrect	490
gpl017	191	Pulse	199	4288297	8455	0
gpl017	191	Response	32	4294378	14535	0
gpl017	191	Pulse	199	4298297	18455	0
gpl017	192	Picture	fix2	4305043	0	1	15253	1	0	next	other	0
gpl017	192	Pulse	199	4308298	3255	0
gpl017	192	Pulse	199	4318297	13254	0
gpl017	193	Picture	feedback	4320296	0	1	20061	1	0	next	other	0
gpl017	193	Pulse	199	4328297	8001	0
gpl017	193	Pulse	199	4338297	18002	0
gpl017	194	Picture	fix	4340357	0	1	30009	1	0	next	other	0
gpl017	194	Pulse	199	4348297	7941	0
gpl017	194	Pulse	199	4358296	17940	0
gpl017	194	Pulse	199	4368297	27941	0
gpl017	196	Picture	stim	4370365	0	1	25035	1	0	25000	hit	504
gpl017	196	Pulse	199	4378298	7932	0
gpl017	196	Response	16	4385267	14902	0
gpl017	196	Pulse	199	4388297	17931	0
gpl017	197	Picture	fix2	4395566	0	1	27687	1	0	next	other	0
gpl017	197	Pulse	199	4398298	2732	0
gpl017	197	Pulse	199	4408297	12731	0
gpl017	197	Pulse	199	4418297	22731	0
gpl017	198	Picture	feedback	4423253	0	1	20061	1	0	next	other	0
gpl017	198	Pulse	199	4428297	5043	0
gpl017	198	Pulse	199	4438297	15044	0
gpl017	199	Picture	fix	4443314	0	1	37469	1	0	next	other	0
gpl017	199	Pulse	199	4448298	4983	0
gpl017	199	Pulse	199	4458297	14982	0
gpl017	199	Pulse	199	4468297	24983	0
gpl017	199	Pulse	199	4478297	34983	0
gpl017	201	Picture	stim	4480784	0	1	25035	1	0	25000	incorrect	520
gpl017	201	Pulse	199	4488297	7513	0
gpl017	201	Response	32	4495587	14804	0
gpl017	201	Pulse	199	4498296	17513	0
gpl017	202	Picture	fix2	4505818	0	1	20558	1	0	next	other	0
gpl017	202	Pulse	199	4508298	2479	0
gpl017	202	Pulse	199	4518297	12479	0
gpl017	203	Picture	feedback	4526377	0	1	20061	1	0	next	other	0
gpl017	203	Pulse	199	4528297	1920	0
gpl017	203	Pulse	199	4538297	11920	0
gpl017	204	Picture	fix	4546438	0	1	17408	1	0	next	other	0
gpl017	204	Pulse	199	4548297	1859	0
gpl017	204	Pulse	199	4558297	11859	0
gpl017	206	Picture	stim	4563846	0	1	25035	1	0	25000	incorrect	534
gpl017	206	Pulse	199	4568297	4451	0
gpl017	206	Pulse	199	4578297	14451	0
gpl017	206	Response	32	4580137	16291	0
gpl017	206	Response	16	4586226	22380	0
gpl017	206	Pulse	199	4588297	24451	0
gpl017	207	Picture	fix2	4588881	0	1	16082	1	0	next	other	0
gpl017	207	Pulse	199	4598297	9416	0
gpl017	208	Picture	feedback	4604963	0	1	20061	1	0	next	other	0
gpl017	208	Pulse	199	4608297	3334	0
gpl017	208	Pulse	199	4618297	13334	0
gpl017	209	Picture	fix	4625024	0	1	29345	1	0	next	other	0
gpl017	209	Pulse	199	4628297	3273	0
gpl017	209	Pulse	199	4638297	13273	0
gpl017	209	Pulse	199	4648297	23273	0
gpl017	211	Picture	stim	4654369	0	1	25035	1	0	25000	incorrect	549
gpl017	211	Pulse	199	4658297	3928	0
gpl017	211	Pulse	199	4668296	13927	0
gpl017	211	Response	32	4675277	20908	0
gpl017	211	Pulse	199	4678297	23928	0
gpl017	212	Picture	fix2	4679404	0	1	20393	1	0	next	other	0
gpl017	212	Pulse	199	4688297	8893	0
gpl017	212	Pulse	199	4698296	18892	0
gpl017	213	Picture	feedback	4699797	0	1	20061	1	0	next	other	0
gpl017	213	Pulse	199	4708297	8500	0
gpl017	213	Pulse	199	4718297	18501	0
gpl017	214	Picture	fix	4719858	0	1	20227	1	0	next	other	0
gpl017	214	Pulse	199	4728297	8439	0
gpl017	214	Pulse	199	4738296	18439	0
gpl017	216	Picture	stim	4740084	0	1	25035	1	0	25000	miss	0
gpl017	216	Pulse	199	4748297	8213	0
gpl017	216	Pulse	199	4758297	18213	0
gpl017	217	Picture	fix2	4765119	0	1	26361	1	0	next	other	0
gpl017	217	Pulse	199	4768297	3177	0
gpl017	217	Pulse	199	4778297	13178	0
gpl017	217	Pulse	199	4788297	23178	0
gpl017	218	Picture	feedback	4791480	0	1	20061	1	0	next	other	0
gpl017	218	Pulse	199	4798297	6817	0
gpl017	218	Pulse	199	4808296	16816	0
gpl017	219	Picture	fix	4811541	0	1	29677	1	0	next	other	0
gpl017	219	Pulse	199	4818297	6756	0
gpl017	219	Pulse	199	4828297	16756	0
gpl017	219	Pulse	199	4838296	26755	0
gpl017	221	Picture	stim	4841218	0	1	25035	1	0	25000	incorrect	576
gpl017	221	Pulse	199	4848297	7079	0
gpl017	221	Response	32	4851396	10178	0
gpl017	221	Pulse	199	4858297	17079	0
gpl017	222	Picture	fix2	4866253	0	1	21553	1	0	next	other	0
gpl017	222	Pulse	199	4868297	2044	0
gpl017	222	Pulse	199	4878296	12043	0
gpl017	223	Picture	feedback	4887806	0	1	20061	1	0	next	other	0
gpl017	223	Pulse	199	4888297	491	0
gpl017	223	Pulse	199	4898297	10491	0
gpl017	224	Picture	fix	4907867	0	1	23543	1	0	next	other	0
gpl017	224	Pulse	199	4908297	429	0
gpl017	224	Pulse	199	4918297	10430	0
gpl017	224	Pulse	199	4928297	20430	0
gpl017	226	Picture	stim	4931410	0	1	25035	1	0	25000	incorrect	590
gpl017	226	Pulse	199	4938297	6887	0
gpl017	226	Response	32	4946467	15057	0
gpl017	226	Pulse	199	4948296	16886	0
gpl017	227	Picture	fix2	4956445	0	1	16413	1	0	next	other	0
gpl017	227	Pulse	199	4958297	1853	0
gpl017	227	Pulse	199	4968297	11852	0
gpl017	228	Picture	feedback	4972858	0	1	20061	1	0	next	other	0
gpl017	228	Pulse	199	4978296	5438	0
gpl017	228	Pulse	199	4988297	15439	0
gpl017	229	Picture	fix	4992919	0	1	23709	1	0	next	other	0
gpl017	229	Pulse	199	4998297	5378	0
gpl017	229	Pulse	199	5008296	15377	0
gpl017	231	Picture	stim	5016628	0	1	25035	1	0	25000	incorrect	603
gpl017	231	Pulse	199	5018296	1669	0
gpl017	231	Response	32	5027597	10969	0
gpl017	231	Pulse	199	5028297	11669	0
gpl017	231	Pulse	199	5038297	21669	0
gpl017	232	Picture	fix2	5041663	0	1	22201	16	0	next	other	0
gpl017	232	Pulse	199	5048297	6634	0
gpl017	232	Pulse	199	5058297	16634	0
gpl017	233	Picture	feedback	5063864	0	16	20076	16	0	next	other	0
gpl017	233	Pulse	199	5068297	4433	0
gpl017	233	Pulse	199	5078297	14433	0
gpl017	234	Picture	fix	5083940	0	1	26361	1	0	next	other	0
gpl017	234	Pulse	199	5088297	4357	0
gpl017	234	Pulse	199	5098297	14357	0
gpl017	234	Pulse	199	5108297	24357	0
gpl017	236	Picture	stim	5110301	0	1	25035	1	0	25000	incorrect	618
gpl017	236	Pulse	199	5118296	7995	0
gpl017	236	Response	32	5122197	11896	0
gpl017	236	Pulse	199	5128297	17996	0
gpl017	236	Response	16	5133536	23235	0
gpl017	237	Picture	fix2	5135502	0	1	16082	1	0	next	other	0
gpl017	237	Pulse	199	5138297	2795	0
gpl017	237	Pulse	199	5148296	12795	0
gpl017	238	Picture	feedback	5151584	0	1	20061	1	0	next	other	0
gpl017	238	Pulse	199	5158307	6724	0
gpl017	238	Pulse	199	5168297	16713	0
gpl017	239	Picture	fix	5171645	0	1	28848	1	0	next	other	0
gpl017	239	Pulse	199	5178307	6663	0
gpl017	239	Pulse	199	5188307	16662	0
gpl017	239	Pulse	199	5198307	26663	0
gpl017	241	Picture	stim	5200493	0	1	25035	1	0	25000	incorrect	633
gpl017	241	Pulse	199	5208307	7815	0
gpl017	241	Response	32	5211287	10795	0
gpl017	241	Pulse	199	5218306	17814	0
gpl017	242	Picture	fix2	5225693	0	1	15916	1	0	next	other	0
gpl017	242	Pulse	199	5228307	2614	0
gpl017	242	Pulse	199	5238307	12614	0
gpl017	243	Picture	feedback	5241609	0	1	20061	1	0	next	other	0
gpl017	243	Pulse	199	5248307	6698	0
gpl017	243	Pulse	199	5258307	16697	0
gpl017	244	Picture	fix	5261670	0	1	24703	2	0	next	other	0
gpl017	244	Pulse	199	5268307	6637	0
gpl017	244	Pulse	199	5278307	16637	0
gpl017	246	Picture	stim	5286373	0	1	25035	2	0	25000	hit	647
gpl017	246	Pulse	199	5288307	1934	0
gpl017	246	Pulse	199	5298307	11934	0
gpl017	246	Response	16	5298907	12534	0
gpl017	246	Pulse	199	5308307	21934	0
gpl017	247	Picture	fix2	5311574	0	1	24372	1	0	next	other	0
gpl017	247	Pulse	199	5318307	6733	0
gpl017	247	Pulse	199	5328307	16733	0
gpl017	248	Picture	feedback	5335946	0	1	20061	1	0	next	other	0
gpl017	248	Pulse	199	5338307	2361	0
gpl017	248	Pulse	199	5348307	12361	0
gpl017	249	Picture	fix	5356007	0	1	25366	1	0	next	other	0
gpl017	249	Pulse	199	5358307	2300	0
gpl017	249	Pulse	199	5368307	12300	0
gpl017	249	Pulse	199	5378307	22300	0
gpl017	251	Picture	stim	5381373	0	1	25035	1	0	25000	incorrect	661
gpl017	251	Pulse	199	5388306	6933	0
gpl017	251	Response	32	5396967	15594	0
gpl017	251	Pulse	199	5398307	16934	0
gpl017	251	Response	16	5402116	20743	0
gpl017	252	Picture	fix2	5406408	0	1	25864	1	0	next	other	0
gpl017	252	Pulse	199	5408307	1899	0
gpl017	252	Pulse	199	5418307	11899	0
gpl017	252	Pulse	199	5428306	21898	0
gpl017	253	Picture	feedback	5432272	0	1	20061	1	0	next	other	0
gpl017	253	Pulse	199	5438307	6035	0
gpl017	253	Pulse	199	5448307	16035	0
gpl017	254	Picture	fix	5452333	0	1	16248	1	0	next	other	0
gpl017	254	Pulse	199	5458306	5974	0
gpl017	254	Pulse	199	5468307	15974	0
gpl017	256	Picture	stim	5468580	0	1	25035	1	0	25000	incorrect	676
gpl017	256	Pulse	199	5478307	9727	0
gpl017	256	Response	32	5486936	18356	0
gpl017	256	Pulse	199	5488307	19726	0
gpl017	257	Picture	fix2	5493781	0	1	15916	1	0	next	other	0
gpl017	257	Pulse	199	5498307	4526	0
gpl017	257	Pulse	199	5508307	14526	0
gpl017	258	Picture	feedback	5509697	0	1	20061	1	0	next	other	0
gpl017	258	Pulse	199	5518307	8610	0
gpl017	258	Pulse	199	5528307	18609	0
gpl017	259	Picture	fix	5529758	0	1	21387	1	0	next	other	0
gpl017	259	Pulse	199	5538307	8549	0
gpl017	259	Pulse	199	5548307	18549	0
gpl017	261	Picture	stim	5551146	0	1	25035	1	0	25000	hit	689
gpl017	261	Pulse	199	5558307	7161	0
gpl017	261	Response	16	5567887	16741	0
gpl017	261	Pulse	199	5568306	17161	0
gpl017	262	Picture	fix2	5576180	0	1	17906	1	0	next	other	0
gpl017	262	Pulse	199	5578307	2127	0
gpl017	262	Pulse	199	5588307	12126	0
gpl017	263	Picture	feedback	5594086	0	1	20061	1	0	next	other	0
gpl017	263	Pulse	199	5598307	4221	0
gpl017	263	Pulse	199	5608307	14221	0
gpl017	264	Picture	fix	5614147	0	1	22051	1	0	next	other	0
gpl017	264	Pulse	199	5618307	4160	0
gpl017	264	Pulse	199	5628307	14160	0
gpl017	266	Picture	stim	5636198	0	1	25035	1	0	25000	hit	703
gpl017	266	Pulse	199	5638307	2110	0
gpl017	266	Pulse	199	5648307	12109	0
gpl017	266	Response	16	5651227	15029	0
gpl017	266	Pulse	199	5658307	22109	0
gpl017	267	Picture	fix2	5661232	0	1	16579	1	0	next	other	0
gpl017	267	Pulse	199	5668307	7074	0
gpl017	268	Picture	feedback	5677812	0	1	20061	1	0	next	other	0
gpl017	268	Pulse	199	5678307	495	0
gpl017	268	Pulse	199	5688307	10495	0
gpl017	269	Picture	100	5697873	0	1	250000	183	0	250000	other	0
gpl017	269	Pulse	199	5698307	434	0
gpl017	269	Pulse	199	5708307	10434	0
gpl017	269	Pulse	199	5718307	20434	0
gpl017	269	Pulse	199	5728307	30434	0
gpl017	269	Pulse	199	5738306	40434	0
gpl017	269	Pulse	199	5748307	50434	0
gpl017	269	Pulse	199	5758307	60434	0
gpl017	269	Pulse	199	5768307	70434	0
gpl017	269	Pulse	199	5778307	80434	0
gpl017	269	Pulse	199	5788307	90434	0
gpl017	269	Pulse	199	5798306	100434	0
gpl017	269	Pulse	199	5808306	110434	0
gpl017	269	Pulse	199	5818306	120434	0
gpl017	269	Pulse	199	5828306	130434	0
gpl017	269	Pulse	199	5838306	140434	0
gpl017	269	Pulse	199	5848307	150434	0
gpl017	269	Pulse	199	5858307	160434	0
gpl017	269	Pulse	199	5868306	170434	0
gpl017	269	Pulse	199	5878307	180434	0
gpl017	269	Pulse	199	5888306	190434	0
gpl017	269	Pulse	199	5898306	200434	0
gpl017	269	Pulse	199	5908306	210434	0
gpl017	269	Pulse	199	5918307	220434	0
