Scenario - FBL_B.sce
Logfile written - 05/08/2021 11:53:02

Subject	Trial	Event Type	Code	Time	TTime	Uncertainty	Duration	Uncertainty	ReqTime	ReqDur	Stim Type	Pair Index

gpl010	1	Response	32	58027	47861	0
gpl010	2	Picture	fix	58189	0	223	18792	224	0	next	other	0
gpl010	4	Picture	stim	76980	0	1	15087	1	0	next	incorrect	4
gpl010	4	Response	32	91926	14946	0
gpl010	5	Picture	feedback	92068	0	1	20061	1	0	next	other	0
gpl010	6	Picture	fix	112129	0	1	32164	1	0	next	other	0
gpl010	8	Picture	stim	144292	0	1	9450	1	0	next	hit	8
gpl010	8	Response	16	153607	9314	0
gpl010	9	Picture	feedback	153743	0	1	20392	1	0	next	other	0
gpl010	10	Picture	fix	174135	0	1	24703	1	0	next	other	0
gpl010	12	Picture	stim	198838	0	1	15916	1	0	next	hit	12
gpl010	12	Response	16	214626	15788	0
gpl010	13	Picture	feedback	214755	0	1	20227	1	0	next	other	0
gpl010	14	Picture	fix	234981	0	1	21387	1	0	next	other	0
gpl010	16	Picture	stim	256369	0	1	16414	1	0	next	incorrect	16
gpl010	16	Response	32	272696	16327	0
gpl010	17	Picture	feedback	272782	0	1	20061	1	0	next	other	0
gpl010	18	Picture	fix	292843	0	1	21885	1	0	next	other	0
gpl010	20	Picture	stim	314728	0	1	9284	1	0	next	hit	20
gpl010	20	Response	16	323877	9149	0
gpl010	21	Picture	feedback	324012	0	1	20061	1	0	next	other	0
gpl010	22	Picture	fix	344073	0	1	23543	1	0	next	other	0
gpl010	24	Picture	stim	367616	0	1	15916	1	0	next	incorrect	24
gpl010	24	Response	32	383487	15871	0
gpl010	25	Picture	feedback	383532	0	1	20006	222	0	next	other	0
gpl010	26	Response	32	445756	42218	0
gpl010	27	Picture	start	445870	0	1	688540	1	0	next	other	0
gpl010	27	Response	16	479128	33257	0
gpl010	27	Response	16	480567	34697	0
gpl010	27	Response	16	492087	46217	0
gpl010	27	Response	16	495447	49577	0
gpl010	28	Response	16	498807	2930	0
gpl010	28	Pulse	199	1134236	638359	0
gpl010	28	Pulse	199	1144236	648360	0
gpl010	28	Pulse	199	1154236	658360	0
gpl010	28	Pulse	199	1164236	668359	0
gpl010	28	Pulse	199	1174236	678359	0
gpl010	28	Pulse	199	1184236	688359	0
gpl010	29	Picture	fix	1184812	0	1	30838	1	0	next	other	0
gpl010	29	Pulse	199	1194236	9425	0
gpl010	29	Pulse	199	1204236	19424	0
gpl010	29	Pulse	199	1214236	29425	0
gpl010	31	Picture	stim	1215649	0	1	25035	1	0	25000	incorrect	45
gpl010	31	Pulse	199	1224236	8587	0
gpl010	31	Response	32	1231686	16037	0
gpl010	31	Pulse	199	1234236	18587	0
gpl010	32	Picture	fix2	1240684	0	1	18072	1	0	next	other	0
gpl010	32	Pulse	199	1244236	3553	0
gpl010	32	Pulse	199	1254237	13553	0
gpl010	33	Picture	feedback	1258755	0	1	20393	1	0	next	other	0
gpl010	33	Pulse	199	1264237	5481	0
gpl010	33	Pulse	199	1274236	15480	0
gpl010	34	Picture	fix	1279148	0	1	35977	1	0	next	other	0
gpl010	34	Pulse	199	1284236	5088	0
gpl010	34	Pulse	199	1294236	15088	0
gpl010	34	Pulse	199	1304236	25088	0
gpl010	34	Pulse	199	1314235	35087	0
gpl010	36	Picture	stim	1315125	0	1	25035	1	0	25000	hit	60
gpl010	36	Pulse	199	1324236	9111	0
gpl010	36	Response	16	1324586	9461	0
gpl010	36	Pulse	199	1334236	19111	0
gpl010	37	Picture	fix2	1340160	0	1	21553	1	0	next	other	0
gpl010	37	Pulse	199	1344236	4076	0
gpl010	37	Pulse	199	1354236	14076	0
gpl010	38	Picture	feedback	1361713	0	1	20061	1	0	next	other	0
gpl010	38	Pulse	199	1364236	2523	0
gpl010	38	Pulse	199	1374235	12522	0
gpl010	39	Picture	fix	1381774	0	1	26527	1	0	next	other	0
gpl010	39	Pulse	199	1384236	2461	0
gpl010	39	Pulse	199	1394236	12462	0
gpl010	39	Pulse	199	1404236	22462	0
gpl010	41	Picture	stim	1408301	0	1	25035	1	0	25000	hit	74
gpl010	41	Pulse	199	1414236	5935	0
gpl010	41	Response	16	1422756	14455	0
gpl010	41	Pulse	199	1424236	15935	0
gpl010	42	Picture	fix2	1433502	0	1	21885	1	0	next	other	0
gpl010	42	Pulse	199	1434236	735	0
gpl010	42	Pulse	199	1444236	10734	0
gpl010	42	Pulse	199	1454236	20734	0
gpl010	43	Picture	feedback	1455386	0	1	20227	1	0	next	other	0
gpl010	43	Pulse	199	1464236	8850	0
gpl010	43	Pulse	199	1474236	18850	0
gpl010	44	Picture	fix	1475613	0	1	16248	1	0	next	other	0
gpl010	44	Pulse	199	1484236	8623	0
gpl010	46	Picture	stim	1491861	0	1	25035	1	0	25000	incorrect	88
gpl010	46	Pulse	199	1494236	2375	0
gpl010	46	Pulse	199	1504236	12375	0
gpl010	46	Response	32	1506686	14825	0
gpl010	46	Pulse	199	1514236	22375	0
gpl010	47	Picture	fix2	1516896	0	1	29345	1	0	next	other	0
gpl010	47	Pulse	199	1524236	7340	0
gpl010	47	Pulse	199	1534236	17341	0
gpl010	47	Pulse	199	1544236	27340	0
gpl010	48	Picture	feedback	1546241	0	1	20061	1	0	next	other	0
gpl010	48	Pulse	199	1554236	7994	0
gpl010	48	Pulse	199	1564236	17995	0
gpl010	49	Picture	fix	1566302	0	1	25366	1	0	next	other	0
gpl010	49	Pulse	199	1574236	7934	0
gpl010	49	Pulse	199	1584236	17934	0
gpl010	51	Picture	stim	1591668	0	1	25035	1	0	25000	incorrect	102
gpl010	51	Pulse	199	1594236	2568	0
gpl010	51	Response	32	1604106	12438	0
gpl010	51	Pulse	199	1604236	12567	0
gpl010	51	Pulse	199	1614236	22568	0
gpl010	52	Picture	fix2	1616869	0	1	13263	1	0	next	other	0
gpl010	52	Pulse	199	1624236	7367	0
gpl010	53	Picture	feedback	1630133	0	1	20393	1	0	next	other	0
gpl010	53	Pulse	199	1634236	4104	0
gpl010	53	Pulse	199	1644236	14104	0
gpl010	54	Picture	fix	1650525	0	1	26361	1	0	next	other	0
gpl010	54	Pulse	199	1654236	3710	0
gpl010	54	Pulse	199	1664236	13711	0
gpl010	54	Pulse	199	1674236	23711	0
gpl010	56	Picture	stim	1676886	0	1	25035	1	0	25000	incorrect	117
gpl010	56	Pulse	199	1684236	7350	0
gpl010	56	Pulse	199	1694236	17350	0
gpl010	56	Response	32	1696045	19159	0
gpl010	57	Picture	fix2	1701921	0	1	16414	1	0	next	other	0
gpl010	57	Pulse	199	1704236	2315	0
gpl010	57	Pulse	199	1714236	12315	0
gpl010	58	Picture	feedback	1718335	0	1	20393	1	0	next	other	0
gpl010	58	Pulse	199	1724236	5901	0
gpl010	58	Pulse	199	1734236	15902	0
gpl010	59	Picture	fix	1738727	0	1	22714	1	0	next	other	0
gpl010	59	Pulse	199	1744236	5509	0
gpl010	59	Pulse	199	1754236	15509	0
gpl010	61	Picture	stim	1761441	0	1	25035	1	0	25000	hit	129
gpl010	61	Pulse	199	1764236	2795	0
gpl010	61	Response	16	1773746	12305	0
gpl010	61	Pulse	199	1774236	12795	0
gpl010	61	Pulse	199	1784236	22796	0
gpl010	62	Picture	fix2	1786476	0	1	10777	1	0	next	other	0
gpl010	62	Pulse	199	1794236	7760	0
gpl010	63	Picture	feedback	1797252	0	1	20061	1	0	next	other	0
gpl010	63	Pulse	199	1804236	6984	0
gpl010	63	Pulse	199	1814236	16984	0
gpl010	64	Picture	fix	1817313	0	1	23377	1	0	next	other	0
gpl010	64	Pulse	199	1824236	6923	0
gpl010	64	Pulse	199	1834236	16922	0
gpl010	66	Picture	stim	1840690	0	1	25035	1	0	25000	hit	142
gpl010	66	Pulse	199	1844236	3546	0
gpl010	66	Response	16	1853716	13026	0
gpl010	66	Pulse	199	1854236	13546	0
gpl010	66	Pulse	199	1864235	23545	0
gpl010	67	Picture	fix2	1865891	0	1	16579	1	0	next	other	0
gpl010	67	Pulse	199	1874236	8345	0
gpl010	68	Picture	feedback	1882470	0	1	20061	1	0	next	other	0
gpl010	68	Pulse	199	1884236	1766	0
gpl010	68	Pulse	199	1894236	11766	0
gpl010	69	Picture	fix	1902531	0	1	28019	1	0	next	other	0
gpl010	69	Pulse	199	1904236	1704	0
gpl010	69	Pulse	199	1914236	11705	0
gpl010	69	Pulse	199	1924236	21705	0
gpl010	71	Picture	stim	1930550	0	1	25035	1	0	25000	incorrect	157
gpl010	71	Pulse	199	1934235	3685	0
gpl010	71	Pulse	199	1944236	13686	0
gpl010	71	Response	32	1949686	19136	0
gpl010	71	Pulse	199	1954236	23686	0
gpl010	72	Picture	fix2	1955751	0	1	16745	1	0	next	other	0
gpl010	72	Pulse	199	1964236	8485	0
gpl010	73	Picture	feedback	1972496	0	1	20216	178	0	next	other	0
gpl010	73	Pulse	199	1974236	1740	0
gpl010	73	Pulse	199	1984236	11740	0
gpl010	74	Picture	fix	1992712	0	177	25212	178	0	next	other	0
gpl010	74	Pulse	199	1994236	1524	0
gpl010	74	Pulse	199	2004235	11524	0
gpl010	74	Pulse	199	2014236	21524	0
gpl010	76	Picture	stim	2017923	0	1	25035	1	0	25000	hit	170
gpl010	76	Pulse	199	2024236	6313	0
gpl010	76	Response	16	2031655	13732	0
gpl010	76	Pulse	199	2034235	16312	0
gpl010	77	Picture	fix2	2042958	0	1	21387	1	0	next	other	0
gpl010	77	Pulse	199	2044236	1278	0
gpl010	77	Pulse	199	2054236	11278	0
gpl010	77	Pulse	199	2064246	21288	0
gpl010	78	Picture	feedback	2064345	0	1	20061	1	0	next	other	0
gpl010	78	Pulse	199	2074236	9890	0
gpl010	78	Pulse	199	2084246	19901	0
gpl010	79	Picture	fix	2084406	0	1	19066	1	0	next	other	0
gpl010	79	Pulse	199	2094246	9840	0
gpl010	81	Picture	stim	2103473	0	1	25035	1	0	25000	incorrect	184
gpl010	81	Pulse	199	2104236	763	0
gpl010	81	Pulse	199	2114246	10774	0
gpl010	81	Response	32	2115545	12073	0
gpl010	81	Pulse	199	2124246	20774	0
gpl010	82	Picture	fix2	2128673	0	1	20558	1	0	next	other	0
gpl010	82	Pulse	199	2134246	5573	0
gpl010	82	Pulse	199	2144245	15572	0
gpl010	83	Picture	feedback	2149232	0	1	20061	1	0	next	other	0
gpl010	83	Pulse	199	2154246	5015	0
gpl010	83	Pulse	199	2164246	15015	0
gpl010	84	Picture	fix	2169293	0	1	17408	1	0	next	other	0
gpl010	84	Pulse	199	2174246	4953	0
gpl010	84	Pulse	199	2184246	14954	0
gpl010	86	Picture	stim	2186701	0	1	25035	1	0	25000	hit	197
gpl010	86	Pulse	199	2194246	7545	0
gpl010	86	Response	16	2203386	16685	0
gpl010	86	Pulse	199	2204246	17545	0
gpl010	87	Picture	fix2	2211736	0	1	27687	1	0	next	other	0
gpl010	87	Pulse	199	2214245	2510	0
gpl010	87	Pulse	199	2224246	12511	0
gpl010	87	Pulse	199	2234246	22511	0
gpl010	88	Picture	feedback	2239423	0	1	20061	1	0	next	other	0
gpl010	88	Pulse	199	2244245	4822	0
gpl010	88	Pulse	199	2254246	14823	0
gpl010	89	Picture	fix	2259484	0	1	28848	1	0	next	other	0
gpl010	89	Pulse	199	2264246	4762	0
gpl010	89	Pulse	199	2274246	14762	0
gpl010	89	Pulse	199	2284246	24762	0
gpl010	91	Picture	stim	2288332	0	1	25035	1	0	25000	incorrect	212
gpl010	91	Pulse	199	2294246	5914	0
gpl010	91	Response	32	2301516	13184	0
gpl010	91	Pulse	199	2304246	15914	0
gpl010	92	Picture	fix2	2313367	0	1	22548	1	0	next	other	0
gpl010	92	Pulse	199	2314245	878	0
gpl010	92	Pulse	199	2324246	10879	0
gpl010	92	Pulse	199	2334246	20879	0
gpl010	93	Picture	feedback	2335915	0	1	20061	1	0	next	other	0
gpl010	93	Pulse	199	2344246	8331	0
gpl010	93	Pulse	199	2354246	18332	0
gpl010	94	Picture	fix	2355976	0	1	29677	1	0	next	other	0
gpl010	94	Pulse	199	2364246	8270	0
gpl010	94	Pulse	199	2374246	18270	0
gpl010	94	Pulse	199	2384245	28270	0
gpl010	96	Picture	stim	2385653	0	1	25035	1	0	25000	hit	227
gpl010	96	Pulse	199	2394246	8594	0
gpl010	96	Response	16	2402156	16503	0
gpl010	96	Pulse	199	2404246	18593	0
gpl010	97	Picture	fix2	2410853	0	1	26361	1	0	next	other	0
gpl010	97	Pulse	199	2414245	3392	0
gpl010	97	Pulse	199	2424246	13393	0
gpl010	97	Pulse	199	2434246	23392	0
gpl010	98	Picture	feedback	2437215	0	1	20061	1	0	next	other	0
gpl010	98	Pulse	199	2444246	7031	0
gpl010	98	Pulse	199	2454246	17031	0
gpl010	99	Picture	fix	2457276	0	1	33324	1	0	next	other	0
gpl010	99	Pulse	199	2464246	6970	0
gpl010	99	Pulse	199	2474246	16970	0
gpl010	99	Pulse	199	2484245	26970	0
gpl010	101	Picture	stim	2490600	0	1	25035	1	0	25000	hit	243
gpl010	101	Pulse	199	2494246	3646	0
gpl010	101	Pulse	199	2504246	13646	0
gpl010	101	Response	16	2508766	18166	0
gpl010	101	Pulse	199	2514246	23646	0
gpl010	102	Picture	fix2	2515635	0	1	22202	181	0	next	other	0
gpl010	102	Pulse	199	2524246	8611	0
gpl010	102	Pulse	199	2534246	18611	0
gpl010	103	Picture	feedback	2537837	0	181	20076	181	0	next	other	0
gpl010	103	Pulse	199	2544246	6409	0
gpl010	103	Pulse	199	2554246	16409	0
gpl010	104	Picture	fix	2557912	0	1	22050	1	0	next	other	0
gpl010	104	Pulse	199	2564246	6334	0
gpl010	104	Pulse	199	2574246	16334	0
gpl010	106	Picture	stim	2579963	0	1	25035	1	0	25000	incorrect	256
gpl010	106	Pulse	199	2584246	4283	0
gpl010	106	Response	32	2589666	9703	0
gpl010	106	Pulse	199	2594245	14282	0
gpl010	106	Pulse	199	2604246	24283	0
gpl010	107	Picture	fix2	2604997	0	1	17906	1	0	next	other	0
gpl010	107	Pulse	199	2614246	9248	0
gpl010	108	Picture	feedback	2622903	0	1	20061	1	0	next	other	0
gpl010	108	Pulse	199	2624246	1342	0
gpl010	108	Pulse	199	2634246	11342	0
gpl010	109	Picture	fix	2642964	0	1	37469	1	0	next	other	0
gpl010	109	Pulse	199	2644246	1281	0
gpl010	109	Pulse	199	2654246	11281	0
gpl010	109	Pulse	199	2664245	21281	0
gpl010	109	Pulse	199	2674246	31282	0
gpl010	111	Picture	stim	2680433	0	1	25035	1	0	25000	incorrect	271
gpl010	111	Pulse	199	2684246	3812	0
gpl010	111	Response	32	2692825	12392	0
gpl010	111	Pulse	199	2694245	13812	0
gpl010	111	Pulse	199	2704246	23812	0
gpl010	112	Picture	fix2	2705634	0	1	21387	1	0	next	other	0
gpl010	112	Pulse	199	2714246	8612	0
gpl010	112	Pulse	199	2724246	18612	0
gpl010	113	Picture	feedback	2727021	0	1	20061	1	0	next	other	0
gpl010	113	Pulse	199	2734246	7224	0
gpl010	113	Pulse	199	2744246	17224	0
gpl010	114	Picture	fix	2747082	0	1	17740	1	0	next	other	0
gpl010	114	Pulse	199	2754246	7163	0
gpl010	114	Pulse	199	2764245	17163	0
gpl010	116	Picture	stim	2764822	0	1	25035	1	0	25000	incorrect	285
gpl010	116	Pulse	199	2774246	9424	0
gpl010	116	Response	32	2781456	16634	0
gpl010	116	Pulse	199	2784245	19423	0
gpl010	117	Picture	fix2	2789857	0	1	21387	1	0	next	other	0
gpl010	117	Pulse	199	2794246	4389	0
gpl010	117	Pulse	199	2804246	14389	0
gpl010	118	Picture	feedback	2811244	0	1	20061	1	0	next	other	0
gpl010	118	Pulse	199	2814246	3001	0
gpl010	118	Pulse	199	2824246	13002	0
gpl010	119	Picture	fix	2831305	0	1	28848	1	0	next	other	0
gpl010	119	Pulse	199	2834245	2940	0
gpl010	119	Pulse	199	2844246	12941	0
gpl010	119	Pulse	199	2854246	22941	0
gpl010	121	Picture	stim	2860153	0	1	25035	1	0	25000	hit	299
gpl010	121	Pulse	199	2864246	4092	0
gpl010	121	Response	16	2872846	12693	0
gpl010	121	Pulse	199	2874246	14093	0
gpl010	121	Pulse	199	2884246	24092	0
gpl010	122	Picture	fix2	2885188	0	1	24372	1	0	next	other	0
gpl010	122	Pulse	199	2894246	9057	0
gpl010	122	Pulse	199	2904246	19057	0
gpl010	123	Picture	feedback	2909560	0	1	20061	1	0	next	other	0
gpl010	123	Pulse	199	2914246	4686	0
gpl010	123	Pulse	199	2924246	14686	0
gpl010	124	Picture	fix	2929621	0	1	21387	1	0	next	other	0
gpl010	124	Pulse	199	2934245	4625	0
gpl010	124	Pulse	199	2944246	14625	0
gpl010	126	Picture	stim	2951008	0	1	25035	1	0	25000	incorrect	313
gpl010	126	Pulse	199	2954246	3238	0
gpl010	126	Response	32	2963546	12538	0
gpl010	126	Pulse	199	2964245	13237	0
gpl010	126	Pulse	199	2974245	23237	0
gpl010	127	Picture	fix2	2976043	0	1	16414	1	0	next	other	0
gpl010	127	Pulse	199	2984246	8203	0
gpl010	128	Picture	feedback	2992457	0	1	20061	1	0	next	other	0
gpl010	128	Pulse	199	2994246	1789	0
gpl010	128	Pulse	199	3004245	11789	0
gpl010	129	Picture	fix	3012518	0	1	29014	1	0	next	other	0
gpl010	129	Pulse	199	3014246	1728	0
gpl010	129	Pulse	199	3024246	11728	0
gpl010	129	Pulse	199	3034246	21728	0
gpl010	131	Picture	stim	3041531	0	1	25035	1	0	25000	hit	328
gpl010	131	Pulse	199	3044246	2714	0
gpl010	131	Pulse	199	3054246	12714	0
gpl010	131	Response	16	3058055	16524	0
gpl010	131	Pulse	199	3064246	22714	0
gpl010	132	Picture	fix2	3066732	0	1	22051	1	0	next	other	0
gpl010	132	Pulse	199	3074245	7513	0
gpl010	132	Pulse	199	3084246	17514	0
gpl010	133	Picture	feedback	3088783	0	1	20061	1	0	next	other	0
gpl010	133	Pulse	199	3094246	5463	0
gpl010	133	Pulse	199	3104246	15463	0
gpl010	134	Picture	fix	3108844	0	1	30009	1	0	next	other	0
gpl010	134	Pulse	199	3114246	5402	0
gpl010	134	Pulse	199	3124246	15402	0
gpl010	134	Pulse	199	3134246	25402	0
gpl010	136	Picture	stim	3138852	0	1	25035	1	0	25000	incorrect	343
gpl010	136	Pulse	199	3144245	5393	0
gpl010	136	Pulse	199	3154246	15394	0
gpl010	136	Response	32	3159876	21024	0
gpl010	137	Picture	fix2	3163887	0	1	11108	1	0	next	other	0
gpl010	137	Pulse	199	3164246	359	0
gpl010	137	Pulse	199	3174245	10358	0
gpl010	138	Picture	feedback	3174995	0	1	20061	1	0	next	other	0
gpl010	138	Pulse	199	3184246	9251	0
gpl010	138	Pulse	199	3194246	19251	0
gpl010	139	Picture	fix	3195056	0	1	19398	1	0	next	other	0
gpl010	139	Pulse	199	3204246	9190	0
gpl010	139	Pulse	199	3214245	19189	0
gpl010	141	Picture	stim	3214454	0	1	25035	1	0	25000	incorrect	355
gpl010	141	Pulse	199	3224246	9792	0
gpl010	141	Response	32	3229455	15002	0
gpl010	141	Pulse	199	3234246	19792	0
gpl010	142	Picture	fix2	3239489	0	1	14756	1	0	next	other	0
gpl010	142	Pulse	199	3244245	4757	0
gpl010	143	Picture	feedback	3254244	0	1	20061	1	0	next	other	0
gpl010	143	Pulse	199	3254246	2	0
gpl010	143	Pulse	199	3264246	10002	0
gpl010	143	Pulse	199	3274245	20001	1
gpl010	144	Picture	fix	3274305	0	1	28517	1	0	next	other	0
gpl010	144	Pulse	199	3284245	9940	0
gpl010	144	Pulse	199	3294246	19941	0
gpl010	146	Picture	stim	3302822	0	1	25035	1	0	25000	hit	369
gpl010	146	Pulse	199	3304246	1424	0
gpl010	146	Pulse	199	3314245	11424	0
gpl010	146	Response	16	3318526	15704	0
gpl010	146	Pulse	199	3324246	21424	0
gpl010	147	Picture	fix2	3327856	0	1	21719	1	0	next	other	0
gpl010	147	Pulse	199	3334246	6389	0
gpl010	147	Pulse	199	3344246	16389	0
gpl010	148	Picture	feedback	3349575	0	1	20061	1	0	next	other	0
gpl010	148	Pulse	199	3354246	4670	0
gpl010	148	Pulse	199	3364246	14670	0
gpl010	149	Picture	fix	3369636	0	1	29345	1	0	next	other	0
gpl010	149	Pulse	199	3374246	4609	0
gpl010	149	Pulse	199	3384245	14609	0
gpl010	149	Pulse	199	3394246	24609	0
gpl010	151	Picture	stim	3398982	0	1	25035	1	0	25000	hit	384
gpl010	151	Pulse	199	3404246	5264	0
gpl010	151	Pulse	199	3414246	15264	0
gpl010	151	Response	16	3419136	20154	0
gpl010	152	Picture	fix2	3424017	0	1	18569	1	0	next	other	0
gpl010	152	Pulse	199	3424246	229	0
gpl010	152	Pulse	199	3434246	10229	0
gpl010	153	Picture	feedback	3442586	0	1	20061	1	0	next	other	0
gpl010	153	Pulse	199	3444246	1660	0
gpl010	153	Pulse	199	3454246	11660	0
gpl010	154	Picture	fix	3462647	0	1	23543	1	0	next	other	0
gpl010	154	Pulse	199	3464246	1599	0
gpl010	154	Pulse	199	3474246	11599	0
gpl010	154	Pulse	199	3484245	21599	0
gpl010	156	Picture	stim	3486189	0	1	25035	1	0	25000	incorrect	397
gpl010	156	Pulse	199	3494246	8056	0
gpl010	156	Response	32	3503386	17196	0
gpl010	156	Pulse	199	3504245	18056	0
gpl010	157	Picture	fix2	3511224	0	1	14590	1	0	next	other	0
gpl010	157	Pulse	199	3514245	3021	0
gpl010	157	Pulse	199	3524245	13021	0
gpl010	158	Picture	feedback	3525814	0	1	20061	1	0	next	other	0
gpl010	158	Pulse	199	3534246	8432	0
gpl010	158	Pulse	199	3544246	18432	0
gpl010	159	Picture	fix	3545875	0	1	26859	1	0	next	other	0
gpl010	159	Pulse	199	3554245	8371	0
gpl010	159	Pulse	199	3564246	18371	0
gpl010	161	Picture	stim	3572733	0	1	25035	1	0	25000	hit	411
gpl010	161	Pulse	199	3574246	1512	0
gpl010	161	Pulse	199	3584246	11513	0
gpl010	161	Response	16	3593646	20912	0
gpl010	161	Pulse	199	3594245	21512	0
gpl010	162	Picture	fix2	3597934	0	1	11606	1	0	next	other	0
gpl010	162	Pulse	199	3604246	6312	0
gpl010	163	Picture	feedback	3609539	0	1	20061	1	0	next	other	0
gpl010	163	Pulse	199	3614246	4706	0
gpl010	163	Pulse	199	3624245	14706	0
gpl010	164	Picture	fix	3629600	0	1	20393	1	0	next	other	0
gpl010	164	Pulse	199	3634245	4645	0
gpl010	164	Pulse	199	3644246	14645	0
gpl010	166	Picture	stim	3649993	0	1	25035	1	0	25000	hit	424
gpl010	166	Pulse	199	3654246	4253	0
gpl010	166	Pulse	199	3664245	14252	0
gpl010	166	Response	16	3665665	15672	0
gpl010	166	Pulse	199	3674246	24253	0
gpl010	167	Picture	fix2	3675194	0	1	20061	1	0	next	other	0
gpl010	167	Pulse	199	3684246	9052	0
gpl010	167	Pulse	199	3694246	19052	0
gpl010	168	Picture	feedback	3695255	0	1	20061	1	0	next	other	0
gpl010	168	Pulse	199	3704246	8991	0
gpl010	168	Pulse	199	3714246	18991	0
gpl010	169	Picture	fix	3715316	0	1	21885	1	0	next	other	0
gpl010	169	Pulse	199	3724246	8930	0
gpl010	169	Pulse	199	3734245	18929	0
gpl010	171	Picture	stim	3737200	0	1	25035	1	0	25000	incorrect	437
gpl010	171	Pulse	199	3744246	7045	0
gpl010	171	Response	32	3748025	10824	0
gpl010	171	Pulse	199	3754246	17045	0
gpl010	172	Picture	fix2	3762235	0	1	12932	1	0	next	other	0
gpl010	172	Pulse	199	3764245	2010	0
gpl010	172	Pulse	199	3774246	12010	0
gpl010	173	Picture	feedback	3775167	0	1	20061	1	0	next	other	0
gpl010	173	Pulse	199	3784246	9079	0
gpl010	173	Pulse	199	3794255	19088	0
gpl010	174	Picture	fix	3795228	0	1	28516	1	0	next	other	0
gpl010	174	Pulse	199	3804245	9017	0
gpl010	174	Pulse	199	3814246	19018	0
gpl010	176	Picture	stim	3823744	0	1	25035	1	0	25000	incorrect	451
gpl010	176	Pulse	199	3824256	511	0
gpl010	176	Pulse	199	3834245	10501	0
gpl010	176	Response	32	3838625	14881	0
gpl010	176	Pulse	199	3844246	20502	0
gpl010	177	Picture	fix2	3848945	0	1	24206	1	0	next	other	0
gpl010	177	Pulse	199	3854256	5311	0
gpl010	177	Pulse	199	3864256	15311	0
gpl010	178	Picture	feedback	3873151	0	1	20061	1	0	next	other	0
gpl010	178	Pulse	199	3874255	1104	0
gpl010	178	Pulse	199	3884255	11105	0
gpl010	179	Picture	fix	3893212	0	1	18569	1	0	next	other	0
gpl010	179	Pulse	199	3894256	1044	0
gpl010	179	Pulse	199	3904255	11043	0
gpl010	181	Picture	stim	3911781	0	1	25035	1	0	25000	incorrect	465
gpl010	181	Pulse	199	3914256	2475	0
gpl010	181	Pulse	199	3924256	12475	0
gpl010	181	Response	32	3929976	18195	0
gpl010	181	Pulse	199	3934255	22474	0
gpl010	182	Picture	fix2	3936981	0	1	17243	1	0	next	other	0
gpl010	182	Pulse	199	3944255	7274	0
gpl010	183	Picture	feedback	3954224	0	1	20061	1	0	next	other	0
gpl010	183	Pulse	199	3954256	32	0
gpl010	183	Pulse	199	3964256	10032	0
gpl010	183	Pulse	199	3974250	20026	5
gpl010	184	Picture	fix	3974285	0	1	26859	1	0	next	other	0
gpl010	184	Pulse	199	3984256	9971	0
gpl010	184	Pulse	199	3994256	19971	0
gpl010	186	Picture	stim	4001143	0	1	25035	1	0	25000	hit	479
gpl010	186	Pulse	199	4004255	3112	0
gpl010	186	Pulse	199	4014256	13113	0
gpl010	186	Response	16	4017545	16401	0
gpl010	186	Pulse	199	4024256	23112	0
gpl010	187	Picture	fix2	4026344	0	1	18071	1	0	next	other	0
gpl010	187	Pulse	199	4034256	7912	0
gpl010	187	Pulse	199	4044255	17911	0
gpl010	188	Picture	feedback	4044415	0	1	20061	1	0	next	other	0
gpl010	188	Pulse	199	4054256	9840	0
gpl010	188	Pulse	199	4064256	19840	0
gpl010	189	Picture	fix	4064476	0	1	32164	1	0	next	other	0
gpl010	189	Pulse	199	4074255	9778	0
gpl010	189	Pulse	199	4084255	19779	0
gpl010	189	Pulse	199	4094256	29779	0
gpl010	191	Picture	stim	4096640	0	1	25035	1	0	25000	hit	494
gpl010	191	Pulse	199	4104255	7615	0
gpl010	191	Pulse	199	4114255	17615	0
gpl010	191	Response	16	4118975	22335	0
gpl010	192	Picture	fix2	4121841	0	1	23377	1	0	next	other	0
gpl010	192	Pulse	199	4124256	2415	0
gpl010	192	Pulse	199	4134256	12415	0
gpl010	192	Pulse	199	4144255	22414	0
gpl010	193	Picture	feedback	4145218	0	1	20061	1	0	next	other	0
gpl010	193	Pulse	199	4154256	9038	0
gpl010	193	Pulse	199	4164256	19038	0
gpl010	194	Picture	fix	4165279	0	1	22382	1	0	next	other	0
gpl010	194	Pulse	199	4174255	8977	0
gpl010	194	Pulse	199	4184255	18976	0
gpl010	196	Picture	stim	4187661	0	1	25201	1	0	25000	miss	0
gpl010	196	Pulse	199	4194256	6595	0
gpl010	196	Pulse	199	4204256	16595	0
gpl010	196	Response	16	4212669	25008	7
gpl010	197	Picture	fix2	4212862	0	1	15253	1	0	next	other	0
gpl010	197	Pulse	199	4214255	1393	0
gpl010	197	Pulse	199	4224256	11394	0
gpl010	198	Picture	feedback	4228114	0	1	20061	1	0	next	other	0
gpl010	198	Pulse	199	4234256	6141	0
gpl010	198	Pulse	199	4244256	16141	0
gpl010	199	Picture	fix	4248175	0	1	27356	1	0	next	other	0
gpl010	199	Pulse	199	4254256	6080	0
gpl010	199	Pulse	199	4264256	16080	0
gpl010	199	Pulse	199	4274256	26080	0
gpl010	201	Picture	stim	4275531	0	1	25035	1	0	25000	hit	521
gpl010	201	Pulse	199	4284255	8724	0
gpl010	201	Response	16	4286985	11453	0
gpl010	201	Pulse	199	4294256	18724	0
gpl010	202	Picture	fix2	4300566	0	1	15916	1	0	next	other	0
gpl010	202	Pulse	199	4304256	3689	0
gpl010	202	Pulse	199	4314255	13689	0
gpl010	203	Picture	feedback	4316482	0	1	20061	1	0	next	other	0
gpl010	203	Pulse	199	4324256	7773	0
gpl010	203	Pulse	199	4334256	17773	0
gpl010	204	Picture	fix	4336543	0	1	24703	1	0	next	other	0
gpl010	204	Pulse	199	4344256	7712	0
gpl010	204	Pulse	199	4354255	17712	0
gpl010	206	Picture	stim	4361247	0	1	25012	190	0	25000	miss	0
gpl010	206	Pulse	199	4364256	3009	0
gpl010	206	Pulse	199	4374255	13009	0
gpl010	206	Pulse	199	4384255	23009	0
gpl010	207	Picture	fix2	4386258	0	190	16105	190	0	next	other	0
gpl010	207	Response	16	4387666	1407	0
gpl010	207	Pulse	199	4394256	7997	0
gpl010	208	Picture	feedback	4402363	0	1	20061	1	0	next	other	0
gpl010	208	Pulse	199	4404255	1892	0
gpl010	208	Pulse	199	4414255	11892	0
gpl010	209	Picture	fix	4422424	0	1	24537	1	0	next	other	0
gpl010	209	Pulse	199	4424255	1831	0
gpl010	209	Pulse	199	4434255	11831	0
gpl010	209	Pulse	199	4444255	21831	0
gpl010	211	Picture	stim	4446962	0	1	25035	1	0	25000	hit	548
gpl010	211	Pulse	199	4454255	7294	0
gpl010	211	Response	16	4457025	10064	0
gpl010	211	Pulse	199	4464255	17294	0
gpl010	212	Picture	fix2	4471996	0	1	29014	1	0	next	other	0
gpl010	212	Pulse	199	4474255	2259	0
gpl010	212	Pulse	199	4484255	12259	0
gpl010	212	Pulse	199	4494255	22258	0
gpl010	213	Picture	feedback	4501010	0	1	20061	1	0	next	other	0
gpl010	213	Pulse	199	4504255	3245	0
gpl010	213	Pulse	199	4514255	13245	0
gpl010	214	Picture	fix	4521071	0	1	26859	1	0	next	other	0
gpl010	214	Pulse	199	4524255	3183	0
gpl010	214	Pulse	199	4534255	13184	0
gpl010	214	Pulse	199	4544255	23184	0
gpl010	216	Picture	stim	4547930	0	1	25035	1	0	25000	hit	563
gpl010	216	Pulse	199	4554255	6325	0
gpl010	216	Response	16	4563095	15165	0
gpl010	216	Pulse	199	4564254	16325	0
gpl010	217	Picture	fix2	4572965	0	1	23543	1	0	next	other	0
gpl010	217	Pulse	199	4574256	1291	0
gpl010	217	Pulse	199	4584256	11291	0
gpl010	217	Pulse	199	4594255	21290	0
gpl010	218	Picture	feedback	4596507	0	1	20061	1	0	next	other	0
gpl010	218	Pulse	199	4604256	7748	0
gpl010	218	Pulse	199	4614256	17748	0
gpl010	219	Picture	fix	4616568	0	1	22216	1	0	next	other	0
gpl010	219	Pulse	199	4624256	7687	0
gpl010	219	Pulse	199	4634255	17687	0
gpl010	221	Picture	stim	4638785	0	1	25035	1	0	25000	incorrect	577
gpl010	221	Pulse	199	4644256	5471	0
gpl010	221	Response	32	4651955	13171	0
gpl010	221	Pulse	199	4654255	15470	0
gpl010	222	Picture	fix2	4663819	0	1	9119	1	0	next	other	0
gpl010	222	Pulse	199	4664255	435	0
gpl010	223	Picture	feedback	4672938	0	1	20061	1	0	next	other	0
gpl010	223	Pulse	199	4674256	1318	0
gpl010	223	Pulse	199	4684256	11318	0
gpl010	224	Picture	fix	4692999	0	1	31169	1	0	next	other	0
gpl010	224	Pulse	199	4694255	1256	0
gpl010	224	Pulse	199	4704256	11257	0
gpl010	224	Pulse	199	4714256	21256	0
gpl010	226	Picture	stim	4724168	0	1	25035	1	0	25000	incorrect	590
gpl010	226	Pulse	199	4724256	88	0
gpl010	226	Response	32	4733545	9377	0
gpl010	226	Pulse	199	4734255	10086	0
gpl010	226	Pulse	199	4744256	20087	0
gpl010	227	Picture	fix2	4749203	0	1	25864	1	0	next	other	0
gpl010	227	Pulse	199	4754255	5052	0
gpl010	227	Pulse	199	4764255	15052	0
gpl010	227	Pulse	199	4774256	25053	0
gpl010	228	Picture	feedback	4775067	0	1	20027	201	0	next	other	0
gpl010	228	Pulse	199	4784256	9189	0
gpl010	228	Pulse	199	4794255	19188	0
gpl010	229	Picture	fix	4795093	0	201	20261	201	0	next	other	0
gpl010	229	Pulse	199	4804255	9161	0
gpl010	229	Pulse	199	4814256	19162	0
gpl010	231	Picture	stim	4815355	0	1	25035	1	0	25000	incorrect	605
gpl010	231	Pulse	199	4824255	8901	0
gpl010	231	Response	32	4826035	10681	0
gpl010	231	Pulse	199	4834255	18900	0
gpl010	232	Picture	fix2	4840389	0	1	13927	1	0	next	other	0
gpl010	232	Pulse	199	4844255	3866	0
gpl010	232	Pulse	199	4854255	13866	0
gpl010	233	Picture	feedback	4854316	0	1	20061	1	0	next	other	0
gpl010	233	Pulse	199	4864255	9939	0
gpl010	233	Pulse	199	4874255	19939	0
gpl010	234	Picture	fix	4874377	0	1	23708	1	0	next	other	0
gpl010	234	Pulse	199	4884256	9879	0
gpl010	234	Pulse	199	4894256	19879	0
gpl010	236	Picture	stim	4898085	0	1	25035	1	0	25000	incorrect	618
gpl010	236	Pulse	199	4904255	6169	0
gpl010	236	Response	32	4911835	13750	0
gpl010	236	Pulse	199	4914255	16170	0
gpl010	237	Picture	fix2	4923120	0	1	14092	1	0	next	other	0
gpl010	237	Pulse	199	4924255	1135	0
gpl010	237	Pulse	199	4934255	11135	0
gpl010	238	Picture	feedback	4937213	0	1	20061	1	0	next	other	0
gpl010	238	Pulse	199	4944255	7042	0
gpl010	238	Pulse	199	4954255	17043	0
gpl010	239	Picture	fix	4957274	0	1	29180	1	0	next	other	0
gpl010	239	Pulse	199	4964256	6982	0
gpl010	239	Pulse	199	4974255	16981	0
gpl010	239	Pulse	199	4984255	26982	0
gpl010	241	Picture	stim	4986453	0	1	25035	1	0	25000	incorrect	632
gpl010	241	Pulse	199	4994255	7802	0
gpl010	241	Response	32	5001215	14761	0
gpl010	241	Pulse	199	5004255	17802	0
gpl010	242	Picture	fix2	5011488	0	1	16082	1	0	next	other	0
gpl010	242	Pulse	199	5014255	2767	0
gpl010	242	Pulse	199	5024255	12767	0
gpl010	243	Picture	feedback	5027570	0	1	20061	1	0	next	other	0
gpl010	243	Pulse	199	5034255	6685	0
gpl010	243	Pulse	199	5044255	16685	0
gpl010	244	Picture	fix	5047631	0	1	26030	1	0	next	other	0
gpl010	244	Pulse	199	5054255	6624	0
gpl010	244	Pulse	199	5064255	16624	0
gpl010	246	Picture	stim	5073661	0	1	25035	1	0	25000	hit	646
gpl010	246	Pulse	199	5074255	595	0
gpl010	246	Pulse	199	5084255	10594	0
gpl010	246	Response	16	5091076	17415	0
gpl010	246	Pulse	199	5094255	20594	0
gpl010	247	Picture	fix2	5098695	0	1	25864	1	0	next	other	0
gpl010	247	Pulse	199	5104255	5560	0
gpl010	247	Pulse	199	5114255	15559	0
gpl010	247	Pulse	199	5124255	25560	0
gpl010	248	Picture	feedback	5124559	0	1	20061	1	0	next	other	0
gpl010	248	Pulse	199	5134255	9696	0
gpl010	248	Pulse	199	5144255	19696	0
gpl010	249	Picture	fix	5144620	0	1	24703	1	0	next	other	0
gpl010	249	Pulse	199	5154255	9635	0
gpl010	249	Pulse	199	5164255	19635	0
gpl010	251	Picture	stim	5169323	0	1	25035	1	0	25000	hit	660
gpl010	251	Pulse	199	5174255	4932	0
gpl010	251	Response	16	5178655	9332	0
gpl010	251	Pulse	199	5184255	14932	0
gpl010	251	Pulse	199	5194255	24932	0
gpl010	252	Picture	fix2	5194358	0	1	16579	1	0	next	other	0
gpl010	252	Pulse	199	5204255	9897	0
gpl010	253	Picture	feedback	5210938	0	1	20061	1	0	next	other	0
gpl010	253	Pulse	199	5214255	3317	0
gpl010	253	Pulse	199	5224255	13318	0
gpl010	254	Picture	fix	5230998	0	1	20061	1	0	next	other	0
gpl010	254	Pulse	199	5234255	3257	0
gpl010	254	Pulse	199	5244255	13257	0
gpl010	256	Picture	stim	5251059	0	1	25035	1	0	25000	hit	673
gpl010	256	Pulse	199	5254255	3196	0
gpl010	256	Response	16	5259145	8085	0
gpl010	256	Pulse	199	5264255	13196	0
gpl010	256	Pulse	199	5274255	23196	0
gpl010	257	Picture	fix2	5276094	0	1	15916	1	0	next	other	0
gpl010	257	Pulse	199	5284255	8161	0
gpl010	258	Picture	feedback	5292011	0	1	20061	1	0	next	other	0
gpl010	258	Pulse	199	5294255	2245	0
gpl010	258	Pulse	199	5304255	12245	0
gpl010	259	Picture	fix	5312071	0	1	33988	1	0	next	other	0
gpl010	259	Pulse	199	5314255	2184	0
gpl010	259	Pulse	199	5324255	12184	0
gpl010	259	Pulse	199	5334255	22184	0
gpl010	259	Pulse	199	5344255	32184	0
gpl010	261	Picture	stim	5346059	0	1	25035	1	0	25000	incorrect	688
gpl010	261	Pulse	199	5354255	8196	0
gpl010	261	Response	32	5360775	14716	0
gpl010	261	Pulse	199	5364255	18196	0
gpl010	262	Picture	fix2	5371094	0	1	26195	1	0	next	other	0
gpl010	262	Pulse	199	5374255	3161	0
gpl010	262	Pulse	199	5384255	13161	0
gpl010	262	Pulse	199	5394255	23161	0
gpl010	263	Picture	feedback	5397289	0	1	20061	1	0	next	other	0
gpl010	263	Pulse	199	5404255	6966	0
gpl010	263	Pulse	199	5414255	16966	0
gpl010	264	Picture	fix	5417350	0	1	23377	1	0	next	other	0
gpl010	264	Pulse	199	5424255	6905	0
gpl010	264	Pulse	199	5434255	16905	0
gpl010	266	Picture	stim	5440727	0	1	25035	1	0	25000	hit	702
gpl010	266	Pulse	199	5444255	3528	0
gpl010	266	Response	16	5452665	11937	0
gpl010	266	Pulse	199	5454255	13528	0
gpl010	266	Pulse	199	5464255	23527	0
gpl010	267	Picture	fix2	5465762	0	1	20393	1	0	next	other	0
gpl010	267	Pulse	199	5474255	8493	0
gpl010	267	Pulse	199	5484255	18493	0
gpl010	268	Picture	feedback	5486155	0	1	20061	1	0	next	other	0
gpl010	268	Pulse	199	5494255	8100	0
gpl010	268	Pulse	199	5504255	18101	0
gpl010	269	Picture	100	5506215	0	1	250000	183	0	250000	other	0
gpl010	269	Pulse	199	5514255	8040	0
gpl010	269	Pulse	199	5524265	18049	0
gpl010	269	Pulse	199	5534255	28039	0
gpl010	269	Pulse	199	5544255	38039	0
gpl010	269	Pulse	199	5554255	48039	0
gpl010	269	Pulse	199	5564254	58039	0
gpl010	269	Pulse	199	5574255	68040	0
gpl010	269	Pulse	199	5584265	78050	0
gpl010	269	Pulse	199	5594265	88049	0
gpl010	269	Pulse	199	5604265	98050	0
gpl010	269	Pulse	199	5614265	108050	0
gpl010	269	Pulse	199	5624265	118049	0
gpl010	269	Pulse	199	5634264	128049	0
gpl010	269	Pulse	199	5644265	138050	0
gpl010	269	Pulse	199	5654265	148049	0
gpl010	269	Pulse	199	5664264	158049	0
gpl010	269	Pulse	199	5674265	168049	0
gpl010	269	Pulse	199	5684265	178049	0
gpl010	269	Pulse	199	5694265	188050	0
gpl010	269	Pulse	199	5704265	198049	0
gpl010	269	Pulse	199	5714265	208049	0
gpl010	269	Pulse	199	5724265	218050	0
