Scenario - FBL_B.sce
Logfile written - 03/27/2021 12:32:19

Subject	Trial	Event Type	Code	Time	TTime	Uncertainty	Duration	Uncertainty	ReqTime	ReqDur	Stim Type	Pair Index

GPL002	1	Response	16	14861	4696	0
GPL002	2	Picture	fix	15073	0	233	18636	233	0	next	other	0
GPL002	4	Picture	stim	33708	0	1	22050	1	0	next	hit	4
GPL002	4	Response	16	55601	21893	0
GPL002	5	Picture	feedback	55759	0	1	20061	1	0	next	other	0
GPL002	6	Picture	fix	75820	0	1	32164	1	0	next	other	0
GPL002	8	Picture	stim	107984	0	1	11108	1	0	next	incorrect	8
GPL002	8	Response	32	118961	10977	0
GPL002	9	Picture	feedback	119092	0	1	20227	1	0	next	other	0
GPL002	10	Picture	fix	139319	0	1	24703	1	0	next	other	0
GPL002	12	Picture	stim	164022	0	1	9770	178	0	next	incorrect	12
GPL002	12	Response	32	173782	9759	0
GPL002	13	Picture	feedback	173792	0	178	20239	179	0	next	other	0
GPL002	14	Picture	fix	194031	0	1	21387	1	0	next	other	0
GPL002	16	Picture	stim	215418	0	1	10264	182	0	next	hit	16
GPL002	16	Response	16	225671	10253	0
GPL002	17	Picture	feedback	225682	0	182	20077	182	0	next	other	0
GPL002	18	Picture	fix	245758	0	1	21885	1	0	next	other	0
GPL002	20	Picture	stim	267643	0	1	11937	1	0	next	incorrect	20
GPL002	20	Response	32	279471	11828	0
GPL002	21	Picture	feedback	279580	0	1	20061	1	0	next	other	0
GPL002	22	Picture	fix	299641	0	1	23543	1	0	next	other	0
GPL002	24	Picture	stim	323184	0	1	9284	1	0	next	hit	24
GPL002	24	Response	16	332362	9178	0
GPL002	25	Picture	feedback	332469	0	1	20006	222	0	next	other	0
GPL002	26	Response	16	379371	26897	0
GPL002	27	Picture	start	379373	0	181	707125	181	0	next	other	0
GPL002	27	Response	16	423563	44189	0
GPL002	28	Pulse	199	1086443	657064	0
GPL002	28	Pulse	199	1096442	667063	0
GPL002	28	Pulse	199	1106443	677063	0
GPL002	28	Pulse	199	1116443	687063	0
GPL002	28	Pulse	199	1126442	697063	0
GPL002	28	Pulse	199	1136442	707063	0
GPL002	29	Picture	fix	1136900	0	1	26361	1	0	next	other	0
GPL002	29	Pulse	199	1146443	9543	0
GPL002	29	Pulse	199	1156442	19543	0
GPL002	31	Picture	stim	1163261	0	1	25035	1	0	25000	hit	41
GPL002	31	Pulse	199	1166443	3182	0
GPL002	31	Pulse	199	1176443	13182	0
GPL002	31	Response	16	1181592	18331	0
GPL002	31	Pulse	199	1186443	23182	0
GPL002	32	Picture	fix2	1188296	0	1	14590	1	0	next	other	0
GPL002	32	Pulse	199	1196443	8147	0
GPL002	33	Picture	feedback	1202885	0	1	20227	1	0	next	other	0
GPL002	33	Pulse	199	1206442	3557	0
GPL002	33	Pulse	199	1216443	13557	0
GPL002	34	Picture	fix	1223112	0	1	20393	1	0	next	other	0
GPL002	34	Pulse	199	1226443	3331	0
GPL002	34	Pulse	199	1236442	13330	0
GPL002	36	Picture	stim	1243505	0	1	25035	1	0	25000	hit	54
GPL002	36	Pulse	199	1246443	2938	0
GPL002	36	Pulse	199	1256443	12938	0
GPL002	36	Response	16	1256454	12949	0
GPL002	36	Pulse	199	1266443	22938	0
GPL002	37	Picture	fix2	1268540	0	1	20393	1	0	next	other	0
GPL002	37	Pulse	199	1276442	7903	0
GPL002	37	Pulse	199	1286443	17903	0
GPL002	38	Picture	feedback	1288932	0	1	20061	1	0	next	other	0
GPL002	38	Pulse	199	1296443	7510	0
GPL002	38	Pulse	199	1306452	17520	0
GPL002	39	Picture	fix	1308993	0	1	29014	1	0	next	other	0
GPL002	39	Pulse	199	1316443	7450	0
GPL002	39	Pulse	199	1326453	17460	0
GPL002	39	Pulse	199	1336453	27459	0
GPL002	41	Picture	stim	1338007	0	1	25035	1	0	25000	incorrect	68
GPL002	41	Pulse	199	1346453	8446	0
GPL002	41	Response	32	1350072	12065	0
GPL002	41	Pulse	199	1356453	18446	0
GPL002	42	Picture	fix2	1363042	0	1	9119	1	0	next	other	0
GPL002	42	Pulse	199	1366453	3411	0
GPL002	43	Picture	feedback	1372161	0	1	20227	1	0	next	other	0
GPL002	43	Pulse	199	1376453	4292	0
GPL002	43	Pulse	199	1386453	14292	0
GPL002	44	Picture	fix	1392388	0	1	24703	1	0	next	other	0
GPL002	44	Pulse	199	1396453	4066	0
GPL002	44	Pulse	199	1406453	14065	0
GPL002	44	Pulse	199	1416453	24065	0
GPL002	46	Picture	stim	1417091	0	1	25035	1	0	25000	incorrect	81
GPL002	46	Pulse	199	1426453	9362	0
GPL002	46	Response	32	1434262	17171	0
GPL002	46	Pulse	199	1436453	19362	0
GPL002	47	Picture	fix2	1442126	0	1	23543	1	0	next	other	0
GPL002	47	Pulse	199	1446453	4327	0
GPL002	47	Pulse	199	1456453	14327	0
GPL002	48	Picture	feedback	1465669	0	1	20061	1	0	next	other	0
GPL002	48	Pulse	199	1466453	785	0
GPL002	48	Pulse	199	1476452	10784	0
GPL002	49	Picture	fix	1485730	0	1	19066	1	0	next	other	0
GPL002	49	Pulse	199	1486453	724	0
GPL002	49	Pulse	199	1496453	10724	0
GPL002	51	Picture	stim	1504796	0	1	25035	1	0	25000	incorrect	95
GPL002	51	Pulse	199	1506453	1657	0
GPL002	51	Pulse	199	1516452	11657	0
GPL002	51	Response	32	1518972	14177	0
GPL002	51	Pulse	199	1526453	21657	0
GPL002	52	Picture	fix2	1529831	0	1	15916	1	0	next	other	0
GPL002	52	Pulse	199	1536454	6623	0
GPL002	53	Picture	feedback	1545747	0	1	20227	1	0	next	other	0
GPL002	53	Pulse	199	1546453	706	0
GPL002	53	Pulse	199	1556453	10707	0
GPL002	54	Picture	fix	1565974	0	1	22382	1	0	next	other	0
GPL002	54	Pulse	199	1566454	480	0
GPL002	54	Pulse	199	1576453	10480	0
GPL002	54	Pulse	199	1586453	20479	0
GPL002	56	Picture	stim	1588356	0	1	25035	1	0	25000	incorrect	109
GPL002	56	Pulse	199	1596454	8098	0
GPL002	56	Pulse	199	1606453	18098	0
GPL002	56	Response	32	1607603	19248	0
GPL002	57	Picture	fix2	1613556	0	1	16414	1	0	next	other	0
GPL002	57	Pulse	199	1616453	2896	0
GPL002	57	Pulse	199	1626453	12897	0
GPL002	58	Picture	feedback	1629970	0	1	20393	1	0	next	other	0
GPL002	58	Pulse	199	1636454	6483	0
GPL002	58	Pulse	199	1646453	16483	0
GPL002	59	Picture	fix	1650363	0	1	33325	1	0	next	other	0
GPL002	59	Pulse	199	1656453	6090	0
GPL002	59	Pulse	199	1666454	16091	0
GPL002	59	Pulse	199	1676454	26091	0
GPL002	61	Picture	stim	1683687	0	1	25035	1	0	25000	incorrect	123
GPL002	61	Pulse	199	1686453	2766	0
GPL002	61	Pulse	199	1696454	12767	0
GPL002	61	Response	32	1701573	17886	0
GPL002	61	Pulse	199	1706454	22766	0
GPL002	62	Picture	fix2	1708722	0	1	12932	1	0	next	other	0
GPL002	62	Pulse	199	1716454	7732	0
GPL002	63	Picture	feedback	1721654	0	1	20061	1	0	next	other	0
GPL002	63	Pulse	199	1726453	4799	0
GPL002	63	Pulse	199	1736454	14800	0
GPL002	64	Picture	fix	1741715	0	1	26527	1	0	next	other	0
GPL002	64	Pulse	199	1746454	4739	0
GPL002	64	Pulse	199	1756453	14738	0
GPL002	64	Pulse	199	1766454	24739	0
GPL002	66	Picture	stim	1768242	0	1	25035	1	0	25000	hit	136
GPL002	66	Pulse	199	1776454	8212	0
GPL002	66	Response	16	1782023	13781	0
GPL002	66	Pulse	199	1786453	18211	0
GPL002	67	Picture	fix2	1793277	0	1	21387	1	0	next	other	0
GPL002	67	Pulse	199	1796454	3177	0
GPL002	67	Pulse	199	1806454	13177	0
GPL002	68	Picture	feedback	1814664	0	1	20061	1	0	next	other	0
GPL002	68	Pulse	199	1816454	1790	0
GPL002	68	Pulse	199	1826453	11789	0
GPL002	69	Picture	fix	1834725	0	1	28019	1	0	next	other	0
GPL002	69	Pulse	199	1836454	1729	0
GPL002	69	Pulse	199	1846454	11729	0
GPL002	69	Pulse	199	1856454	21728	0
GPL002	71	Picture	stim	1862744	0	1	25035	1	0	25000	hit	151
GPL002	71	Pulse	199	1866454	3709	0
GPL002	71	Pulse	199	1876454	13709	0
GPL002	71	Response	16	1881883	19139	0
GPL002	71	Pulse	199	1886454	23709	0
GPL002	72	Picture	fix2	1887945	0	1	15253	1	0	next	other	0
GPL002	72	Pulse	199	1896453	8508	0
GPL002	73	Picture	feedback	1903198	0	1	20393	1	0	next	other	0
GPL002	73	Pulse	199	1906454	3256	0
GPL002	73	Pulse	199	1916454	13256	0
GPL002	74	Picture	fix	1923591	0	1	30009	1	0	next	other	0
GPL002	74	Pulse	199	1926454	2863	0
GPL002	74	Pulse	199	1936454	12863	0
GPL002	74	Pulse	199	1946454	22863	0
GPL002	76	Picture	stim	1953599	0	1	25035	1	0	25000	hit	165
GPL002	76	Pulse	199	1956454	2854	0
GPL002	76	Pulse	199	1966453	12854	0
GPL002	76	Response	16	1970564	16965	0
GPL002	76	Pulse	199	1976454	22854	0
GPL002	77	Picture	fix2	1978634	0	1	10777	1	0	next	other	0
GPL002	77	Pulse	199	1986454	7820	0
GPL002	78	Picture	feedback	1989411	0	1	20061	1	0	next	other	0
GPL002	78	Pulse	199	1996453	7042	0
GPL002	78	Pulse	199	2006454	17043	0
GPL002	79	Picture	fix	2009472	0	1	23377	1	0	next	other	0
GPL002	79	Pulse	199	2016454	6982	0
GPL002	79	Pulse	199	2026454	16982	0
GPL002	81	Picture	stim	2032849	0	1	25035	1	0	25000	hit	178
GPL002	81	Pulse	199	2036453	3605	0
GPL002	81	Pulse	199	2046454	13605	0
GPL002	81	Response	16	2048164	15315	0
GPL002	81	Pulse	199	2056454	23606	0
GPL002	82	Picture	fix2	2058049	0	1	13263	1	0	next	other	0
GPL002	82	Pulse	199	2066454	8404	0
GPL002	83	Picture	feedback	2071313	0	1	20061	1	0	next	other	0
GPL002	83	Pulse	199	2076454	5141	0
GPL002	83	Pulse	199	2086454	15141	0
GPL002	84	Picture	fix	2091374	0	1	26030	1	0	next	other	0
GPL002	84	Pulse	199	2096454	5080	0
GPL002	84	Pulse	199	2106454	15080	0
GPL002	84	Pulse	199	2116455	25081	0
GPL002	86	Picture	stim	2117403	0	1	25035	1	0	25000	incorrect	192
GPL002	86	Pulse	199	2126455	9051	0
GPL002	86	Pulse	199	2136454	19051	0
GPL002	86	Response	32	2139534	22131	0
GPL002	87	Picture	fix2	2142438	0	1	16082	1	0	next	other	0
GPL002	87	Pulse	199	2146454	4016	0
GPL002	87	Pulse	199	2156454	14016	0
GPL002	88	Picture	feedback	2158520	0	1	20061	1	0	next	other	0
GPL002	88	Pulse	199	2166454	7934	0
GPL002	88	Pulse	199	2176454	17933	0
GPL002	89	Picture	fix	2178581	0	1	35977	1	0	next	other	0
GPL002	89	Pulse	199	2186454	7873	0
GPL002	89	Pulse	199	2196454	17873	0
GPL002	89	Pulse	199	2206454	27872	0
GPL002	91	Picture	stim	2214559	0	1	25035	1	0	25000	hit	206
GPL002	91	Pulse	199	2216454	1896	0
GPL002	91	Pulse	199	2226454	11896	0
GPL002	91	Response	16	2228504	13946	0
GPL002	91	Pulse	199	2236454	21895	0
GPL002	92	Picture	fix2	2239593	0	1	11108	1	0	next	other	0
GPL002	92	Pulse	199	2246455	6861	0
GPL002	93	Picture	feedback	2250702	0	1	20061	1	0	next	other	0
GPL002	93	Pulse	199	2256454	5753	0
GPL002	93	Pulse	199	2266454	15753	0
GPL002	94	Picture	fix	2270763	0	1	27356	1	0	next	other	0
GPL002	94	Pulse	199	2276454	5692	0
GPL002	94	Pulse	199	2286454	15692	0
GPL002	94	Pulse	199	2296455	25692	0
GPL002	96	Picture	stim	2298119	0	1	25035	1	0	25000	incorrect	219
GPL002	96	Pulse	199	2306454	8336	0
GPL002	96	Response	32	2315474	17356	0
GPL002	96	Pulse	199	2316454	18336	0
GPL002	97	Picture	fix2	2323154	0	1	16082	1	0	next	other	0
GPL002	97	Pulse	199	2326455	3301	0
GPL002	97	Pulse	199	2336454	13301	0
GPL002	98	Picture	feedback	2339235	0	1	20061	1	0	next	other	0
GPL002	98	Pulse	199	2346454	7219	0
GPL002	98	Pulse	199	2356455	17219	0
GPL002	99	Picture	fix	2359297	0	1	25201	1	0	next	other	0
GPL002	99	Pulse	199	2366455	7158	0
GPL002	99	Pulse	199	2376454	17158	0
GPL002	101	Picture	stim	2384497	0	1	25035	1	0	25000	hit	233
GPL002	101	Pulse	199	2386455	1958	0
GPL002	101	Pulse	199	2396455	11957	0
GPL002	101	Response	16	2400095	15597	0
GPL002	101	Pulse	199	2406454	21957	0
GPL002	102	Picture	fix2	2409698	0	1	24372	1	0	next	other	0
GPL002	102	Pulse	199	2416454	6756	0
GPL002	102	Pulse	199	2426455	16757	0
GPL002	103	Picture	feedback	2434069	0	1	20061	1	0	next	other	0
GPL002	103	Pulse	199	2436455	2385	0
GPL002	103	Pulse	199	2446454	12385	0
GPL002	104	Picture	fix	2454131	0	1	29346	1	0	next	other	0
GPL002	104	Pulse	199	2456455	2324	0
GPL002	104	Pulse	199	2466455	12324	0
GPL002	104	Pulse	199	2476455	22324	0
GPL002	106	Picture	stim	2483476	0	1	25035	1	0	25000	hit	248
GPL002	106	Pulse	199	2486454	2978	0
GPL002	106	Pulse	199	2496455	12979	0
GPL002	106	Response	16	2504885	21409	0
GPL002	106	Pulse	199	2506455	22979	0
GPL002	107	Picture	fix2	2508677	0	1	17906	1	0	next	other	0
GPL002	107	Pulse	199	2516454	7777	0
GPL002	107	Pulse	199	2526455	17778	0
GPL002	108	Picture	feedback	2526582	0	1	20061	1	0	next	other	0
GPL002	108	Pulse	199	2536455	9872	0
GPL002	108	Pulse	199	2546455	19872	0
GPL002	109	Picture	fix	2546643	0	1	29677	1	0	next	other	0
GPL002	109	Pulse	199	2556454	9811	0
GPL002	109	Pulse	199	2566455	19811	0
GPL002	111	Picture	stim	2576321	0	1	25035	1	0	25000	hit	262
GPL002	111	Pulse	199	2576455	135	0
GPL002	111	Pulse	199	2586454	10134	0
GPL002	111	Response	16	2591205	14884	0
GPL002	111	Pulse	199	2596455	20134	0
GPL002	112	Picture	fix2	2601355	0	1	25864	1	0	next	other	0
GPL002	112	Pulse	199	2606455	5100	0
GPL002	112	Pulse	199	2616454	15099	0
GPL002	112	Pulse	199	2626455	25099	0
GPL002	113	Picture	feedback	2627219	0	1	20061	1	0	next	other	0
GPL002	113	Pulse	199	2636455	9236	0
GPL002	113	Pulse	199	2646455	19236	0
GPL002	114	Picture	fix	2647280	0	1	29180	1	0	next	other	0
GPL002	114	Pulse	199	2656455	9175	0
GPL002	114	Pulse	199	2666455	19175	0
GPL002	115	Pulse	199	2676455	64	0
GPL002	116	Picture	stim	2676460	0	1	25035	1	0	25000	hit	277
GPL002	116	Pulse	199	2686455	9995	0
GPL002	116	Response	16	2691305	14845	0
GPL002	116	Pulse	199	2696455	19995	0
GPL002	117	Picture	fix2	2701495	0	1	27687	1	0	next	other	0
GPL002	117	Pulse	199	2706455	4960	0
GPL002	117	Pulse	199	2716455	14960	0
GPL002	117	Pulse	199	2726455	24960	0
GPL002	118	Picture	feedback	2729182	0	1	20061	1	0	next	other	0
GPL002	118	Pulse	199	2736455	7273	0
GPL002	118	Pulse	199	2746455	17273	0
GPL002	119	Picture	fix	2749243	0	1	24537	1	0	next	other	0
GPL002	119	Pulse	199	2756455	7211	0
GPL002	119	Pulse	199	2766455	17211	0
GPL002	121	Picture	stim	2773781	0	1	25035	1	0	25000	incorrect	292
GPL002	121	Pulse	199	2776455	2675	0
GPL002	121	Pulse	199	2786455	12674	0
GPL002	121	Response	32	2790175	16394	0
GPL002	121	Pulse	199	2796454	22674	0
GPL002	122	Picture	fix2	2798816	0	1	18072	1	0	next	other	0
GPL002	122	Pulse	199	2806455	7640	0
GPL002	122	Pulse	199	2816455	17640	0
GPL002	123	Picture	feedback	2816887	0	1	20061	1	0	next	other	0
GPL002	123	Pulse	199	2826455	9567	0
GPL002	123	Pulse	199	2836455	19568	0
GPL002	124	Picture	fix	2836948	0	1	28517	1	0	next	other	0
GPL002	124	Pulse	199	2846455	9507	0
GPL002	124	Pulse	199	2856455	19507	0
GPL002	126	Picture	stim	2865465	0	1	25035	1	0	25000	hit	306
GPL002	126	Pulse	199	2866455	990	0
GPL002	126	Pulse	199	2876456	10991	0
GPL002	126	Response	16	2884715	19250	0
GPL002	126	Pulse	199	2886455	20991	0
GPL002	127	Picture	fix2	2890500	0	1	21719	1	0	next	other	0
GPL002	127	Pulse	199	2896455	5955	0
GPL002	127	Pulse	199	2906455	15956	0
GPL002	128	Picture	feedback	2912218	0	1	20061	1	0	next	other	0
GPL002	128	Pulse	199	2916455	4237	0
GPL002	128	Pulse	199	2926455	14237	0
GPL002	129	Picture	fix	2932280	0	1	26859	1	0	next	other	0
GPL002	129	Pulse	199	2936455	4175	0
GPL002	129	Pulse	199	2946455	14176	0
GPL002	129	Pulse	199	2956455	24176	0
GPL002	131	Picture	stim	2959138	0	1	25035	1	0	25000	hit	320
GPL002	131	Pulse	199	2966455	7317	0
GPL002	131	Response	16	2970436	11297	0
GPL002	131	Pulse	199	2976455	17317	0
GPL002	132	Picture	fix2	2984173	0	1	14092	1	0	next	other	0
GPL002	132	Pulse	199	2986455	2282	0
GPL002	132	Pulse	199	2996455	12282	0
GPL002	133	Picture	feedback	2998265	0	1	20061	1	0	next	other	0
GPL002	133	Pulse	199	3006455	8190	0
GPL002	133	Pulse	199	3016455	18190	0
GPL002	134	Picture	fix	3018326	0	1	20227	1	0	next	other	0
GPL002	134	Pulse	199	3026456	8129	0
GPL002	134	Pulse	199	3036455	18128	0
GPL002	136	Picture	stim	3038553	0	1	25035	1	0	25000	incorrect	334
GPL002	136	Pulse	199	3046455	7902	0
GPL002	136	Pulse	199	3056466	17912	0
GPL002	136	Response	32	3062105	23552	0
GPL002	137	Picture	fix2	3063588	0	1	20061	1	0	next	other	0
GPL002	137	Pulse	199	3066455	2867	0
GPL002	137	Pulse	199	3076466	12877	0
GPL002	138	Picture	feedback	3083649	0	1	20061	1	0	next	other	0
GPL002	138	Pulse	199	3086466	2817	0
GPL002	138	Pulse	199	3096466	12817	0
GPL002	139	Picture	fix	3103710	0	1	32164	1	0	next	other	0
GPL002	139	Pulse	199	3106466	2755	0
GPL002	139	Pulse	199	3116466	12755	0
GPL002	139	Pulse	199	3126466	22755	0
GPL002	141	Picture	stim	3135874	0	1	25201	1	0	25000	miss	0
GPL002	141	Pulse	199	3136465	591	0
GPL002	141	Pulse	199	3146466	10592	0
GPL002	141	Pulse	199	3156466	20592	0
GPL002	142	Picture	fix2	3161075	0	1	16579	1	0	next	other	0
GPL002	142	Response	16	3163305	2230	0
GPL002	142	Pulse	199	3166466	5391	0
GPL002	142	Pulse	199	3176465	15390	0
GPL002	143	Picture	feedback	3177654	0	1	20061	1	0	next	other	0
GPL002	143	Pulse	199	3186466	8812	0
GPL002	143	Pulse	199	3196466	18812	0
GPL002	144	Picture	fix	3197715	0	1	25367	1	0	next	other	0
GPL002	144	Pulse	199	3206465	8750	0
GPL002	144	Pulse	199	3216466	18751	0
GPL002	146	Picture	stim	3223082	0	1	25035	1	0	25000	hit	362
GPL002	146	Pulse	199	3226466	3384	0
GPL002	146	Pulse	199	3236466	13384	0
GPL002	146	Response	16	3242536	19454	0
GPL002	146	Pulse	199	3246466	23384	0
GPL002	147	Picture	fix2	3248282	0	1	26195	1	0	next	other	0
GPL002	147	Pulse	199	3256466	8184	0
GPL002	147	Pulse	199	3266466	18184	0
GPL002	148	Picture	feedback	3274478	0	1	20061	1	0	next	other	0
GPL002	148	Pulse	199	3276465	1987	0
GPL002	148	Pulse	199	3286466	11988	0
GPL002	149	Picture	fix	3294539	0	1	17408	1	0	next	other	0
GPL002	149	Pulse	199	3296466	1927	0
GPL002	149	Pulse	199	3306466	11927	0
GPL002	151	Picture	stim	3311947	0	1	25035	1	0	25000	incorrect	376
GPL002	151	Pulse	199	3316466	4518	0
GPL002	151	Pulse	199	3326466	14519	0
GPL002	151	Response	32	3330146	18199	0
GPL002	151	Pulse	199	3336466	24519	0
GPL002	152	Picture	fix2	3336982	0	1	14756	1	0	next	other	0
GPL002	152	Pulse	199	3346466	9484	0
GPL002	153	Picture	feedback	3351738	0	1	20061	1	0	next	other	0
GPL002	153	Pulse	199	3356466	4728	0
GPL002	153	Pulse	199	3366466	14728	0
GPL002	154	Picture	fix	3371799	0	1	22714	1	0	next	other	0
GPL002	154	Pulse	199	3376466	4667	0
GPL002	154	Pulse	199	3386466	14667	0
GPL002	156	Picture	stim	3394512	0	1	25035	1	0	25000	hit	388
GPL002	156	Pulse	199	3396466	1954	0
GPL002	156	Response	16	3406416	11904	0
GPL002	156	Pulse	199	3406466	11954	0
GPL002	156	Pulse	199	3416466	21953	0
GPL002	157	Picture	fix2	3419547	0	1	26361	1	0	next	other	0
GPL002	157	Pulse	199	3426466	6919	0
GPL002	157	Pulse	199	3436466	16919	0
GPL002	158	Picture	feedback	3445908	0	1	20061	1	0	next	other	0
GPL002	158	Pulse	199	3446466	557	0
GPL002	158	Pulse	199	3456466	10558	0
GPL002	159	Picture	fix	3465969	0	1	19398	1	0	next	other	0
GPL002	159	Pulse	199	3466466	497	0
GPL002	159	Pulse	199	3476466	10497	0
GPL002	161	Picture	stim	3485367	0	1	25035	1	0	25000	hit	403
GPL002	161	Pulse	199	3486466	1098	0
GPL002	161	Pulse	199	3496466	11099	0
GPL002	161	Response	16	3500655	15288	0
GPL002	161	Pulse	199	3506466	21099	0
GPL002	162	Picture	fix2	3510402	0	1	25864	1	0	next	other	0
GPL002	162	Pulse	199	3516466	6064	0
GPL002	162	Pulse	199	3526466	16064	0
GPL002	163	Picture	feedback	3536266	0	1	20061	1	0	next	other	0
GPL002	163	Pulse	199	3536466	200	0
GPL002	163	Pulse	199	3546466	10200	0
GPL002	164	Picture	fix	3556327	0	1	23377	1	0	next	other	0
GPL002	164	Pulse	199	3556466	139	0
GPL002	164	Pulse	199	3566466	10139	0
GPL002	164	Pulse	199	3576466	20139	0
GPL002	166	Picture	stim	3579704	0	1	25000	201	0	25000	incorrect	418
GPL002	166	Pulse	199	3586466	6762	0
GPL002	166	Pulse	199	3596466	16762	0
GPL002	166	Response	32	3601706	22002	0
GPL002	167	Picture	fix2	3605070	0	1	22201	16	0	next	other	0
GPL002	167	Pulse	199	3606466	1396	0
GPL002	167	Pulse	199	3616466	11396	0
GPL002	167	Pulse	199	3626466	21395	0
GPL002	168	Picture	feedback	3627272	0	16	20076	16	0	next	other	0
GPL002	168	Pulse	199	3636466	9195	0
GPL002	168	Pulse	199	3646466	19195	0
GPL002	169	Picture	fix	3647348	0	1	17740	1	0	next	other	0
GPL002	169	Pulse	199	3656466	9118	0
GPL002	171	Picture	stim	3665088	0	1	25035	1	0	25000	hit	431
GPL002	171	Pulse	199	3666466	1379	0
GPL002	171	Pulse	199	3676466	11378	0
GPL002	171	Response	16	3682376	17288	0
GPL002	171	Pulse	199	3686466	21378	0
GPL002	172	Picture	fix2	3690123	0	1	16579	1	0	next	other	0
GPL002	172	Pulse	199	3696466	6343	0
GPL002	172	Pulse	199	3706466	16344	0
GPL002	173	Picture	feedback	3706702	0	1	20061	1	0	next	other	0
GPL002	173	Pulse	199	3716466	9764	0
GPL002	173	Pulse	199	3726466	19764	0
GPL002	174	Picture	fix	3726763	0	1	22051	1	0	next	other	0
GPL002	174	Pulse	199	3736466	9704	0
GPL002	174	Pulse	199	3746466	19703	0
GPL002	176	Picture	stim	3748813	0	1	25035	1	0	25000	hit	444
GPL002	176	Pulse	199	3756466	7653	0
GPL002	176	Response	16	3764616	15803	0
GPL002	176	Pulse	199	3766466	17652	0
GPL002	177	Picture	fix2	3773848	0	1	22051	1	0	next	other	0
GPL002	177	Pulse	199	3776466	2618	0
GPL002	177	Pulse	199	3786466	12618	0
GPL002	178	Picture	feedback	3795899	0	1	20227	1	0	next	other	0
GPL002	178	Pulse	199	3796466	567	0
GPL002	178	Pulse	199	3806466	10567	0
GPL002	179	Picture	fix	3816126	0	1	18569	1	0	next	other	0
GPL002	179	Pulse	199	3816466	341	0
GPL002	179	Pulse	199	3826466	10340	0
GPL002	181	Picture	stim	3834695	0	1	25035	1	0	25000	hit	458
GPL002	181	Pulse	199	3836466	1772	0
GPL002	181	Pulse	199	3846466	11772	0
GPL002	181	Response	16	3846537	11843	0
GPL002	181	Pulse	199	3856467	21772	0
GPL002	182	Picture	fix2	3859730	0	1	22548	1	0	next	other	0
GPL002	182	Pulse	199	3866466	6737	0
GPL002	182	Pulse	199	3876467	16737	0
GPL002	183	Picture	feedback	3882277	0	1	20061	1	0	next	other	0
GPL002	183	Pulse	199	3886467	4190	0
GPL002	183	Pulse	199	3896467	14189	0
GPL002	184	Picture	fix	3902338	0	1	28848	1	0	next	other	0
GPL002	184	Pulse	199	3906467	4129	0
GPL002	184	Pulse	199	3916467	14129	0
GPL002	184	Pulse	199	3926467	24128	0
GPL002	186	Picture	stim	3931187	0	1	25035	1	0	25000	incorrect	472
GPL002	186	Pulse	199	3936467	5280	0
GPL002	186	Response	32	3942147	10960	0
GPL002	186	Pulse	199	3946467	15281	0
GPL002	187	Picture	fix2	3956221	0	1	11606	1	0	next	other	0
GPL002	187	Pulse	199	3956467	246	0
GPL002	187	Pulse	199	3966466	10245	0
GPL002	188	Picture	feedback	3967827	0	1	20061	1	0	next	other	0
GPL002	188	Pulse	199	3976467	8640	0
GPL002	188	Pulse	199	3986467	18640	0
GPL002	189	Picture	fix	3987888	0	1	26859	1	0	next	other	0
GPL002	189	Pulse	199	3996467	8579	0
GPL002	189	Pulse	199	4006467	18579	0
GPL002	191	Picture	stim	4014747	0	1	25035	1	0	25000	incorrect	486
GPL002	191	Pulse	199	4016467	1720	0
GPL002	191	Pulse	199	4026467	11720	0
GPL002	191	Response	32	4035076	20329	0
GPL002	191	Pulse	199	4036467	21720	0
GPL002	192	Picture	fix2	4039781	0	1	15916	1	0	next	other	0
GPL002	192	Pulse	199	4046467	6686	0
GPL002	193	Picture	feedback	4055698	0	1	20061	1	0	next	other	0
GPL002	193	Pulse	199	4056467	769	0
GPL002	193	Pulse	199	4066466	10769	0
GPL002	194	Picture	fix	4075759	0	1	33988	1	0	next	other	0
GPL002	194	Pulse	199	4076467	708	0
GPL002	194	Pulse	199	4086467	10708	0
GPL002	194	Pulse	199	4096467	20708	0
GPL002	194	Pulse	199	4106467	30708	0
GPL002	196	Picture	stim	4109746	0	1	25035	1	0	25000	hit	501
GPL002	196	Pulse	199	4116467	6721	0
GPL002	196	Pulse	199	4126467	16721	0
GPL002	196	Response	16	4131797	22051	0
GPL002	197	Picture	fix2	4134781	0	1	16414	1	0	next	other	0
GPL002	197	Pulse	199	4136467	1686	0
GPL002	197	Pulse	199	4146467	11686	0
GPL002	198	Picture	feedback	4151195	0	1	20061	1	0	next	other	0
GPL002	198	Pulse	199	4156467	5272	0
GPL002	198	Pulse	199	4166467	15272	0
GPL002	199	Picture	fix	4171256	0	1	24703	1	0	next	other	0
GPL002	199	Pulse	199	4176467	5211	0
GPL002	199	Pulse	199	4186467	15211	0
GPL002	201	Picture	stim	4195959	0	1	25035	1	0	25000	incorrect	514
GPL002	201	Pulse	199	4196467	508	0
GPL002	201	Pulse	199	4206467	10508	0
GPL002	201	Response	32	4211687	15728	0
GPL002	201	Pulse	199	4216467	20508	0
GPL002	202	Picture	fix2	4220994	0	1	21387	1	0	next	other	0
GPL002	202	Pulse	199	4226467	5473	0
GPL002	202	Pulse	199	4236467	15473	0
GPL002	203	Picture	feedback	4242381	0	1	20061	1	0	next	other	0
GPL002	203	Pulse	199	4246467	4085	0
GPL002	203	Pulse	199	4256467	14086	0
GPL002	204	Picture	fix	4262442	0	1	28517	1	0	next	other	0
GPL002	204	Pulse	199	4266467	4025	0
GPL002	204	Pulse	199	4276467	14024	0
GPL002	204	Pulse	199	4286467	24025	0
GPL002	206	Picture	stim	4290959	0	1	25035	1	0	25000	hit	529
GPL002	206	Pulse	199	4296467	5508	0
GPL002	206	Pulse	199	4306467	15508	0
GPL002	206	Response	16	4309397	18438	0
GPL002	207	Picture	fix2	4315994	0	1	18072	1	0	next	other	0
GPL002	207	Pulse	199	4316467	473	0
GPL002	207	Pulse	199	4326467	10474	0
GPL002	208	Picture	feedback	4334065	0	1	20061	1	0	next	other	0
GPL002	208	Pulse	199	4336467	2402	0
GPL002	208	Pulse	199	4346467	12401	0
GPL002	209	Picture	fix	4354126	0	1	30838	1	0	next	other	0
GPL002	209	Pulse	199	4356468	2341	0
GPL002	209	Pulse	199	4366467	12341	0
GPL002	209	Pulse	199	4376467	22341	0
GPL002	211	Picture	stim	4384964	0	1	25035	1	0	25000	incorrect	543
GPL002	211	Pulse	199	4386467	1503	0
GPL002	211	Pulse	199	4396467	11503	0
GPL002	211	Response	32	4404808	19844	0
GPL002	211	Pulse	199	4406467	21503	0
GPL002	212	Picture	fix2	4409999	0	1	16745	1	0	next	other	0
GPL002	212	Pulse	199	4416467	6468	0
GPL002	212	Pulse	199	4426467	16468	0
GPL002	213	Picture	feedback	4426744	0	1	20061	1	0	next	other	0
GPL002	213	Pulse	199	4436467	9723	0
GPL002	213	Pulse	199	4446467	19723	0
GPL002	214	Picture	fix	4446805	0	1	16248	1	0	next	other	0
GPL002	214	Pulse	199	4456467	9662	0
GPL002	216	Picture	stim	4463053	0	1	25035	1	0	25000	incorrect	555
GPL002	216	Pulse	199	4466467	3415	0
GPL002	216	Response	32	4473377	10324	0
GPL002	216	Pulse	199	4476467	13415	0
GPL002	216	Pulse	199	4486467	23414	0
GPL002	217	Picture	fix2	4488088	0	1	20558	1	0	next	other	0
GPL002	217	Pulse	199	4496468	8380	0
GPL002	217	Pulse	199	4506467	18380	0
GPL002	218	Picture	feedback	4508646	0	1	20061	1	0	next	other	0
GPL002	218	Pulse	199	4516467	7821	0
GPL002	218	Pulse	199	4526467	17821	0
GPL002	219	Picture	fix	4528707	0	1	23543	1	0	next	other	0
GPL002	219	Pulse	199	4536468	7761	0
GPL002	219	Pulse	199	4546468	17761	0
GPL002	221	Picture	stim	4552250	0	1	25035	1	0	25000	hit	570
GPL002	221	Pulse	199	4556467	4218	0
GPL002	221	Pulse	199	4566468	14218	0
GPL002	221	Response	16	4566509	14259	0
GPL002	221	Pulse	199	4576468	24218	0
GPL002	222	Picture	fix2	4577450	0	1	24206	1	0	next	other	0
GPL002	222	Pulse	199	4586467	9017	0
GPL002	222	Pulse	199	4596468	19018	0
GPL002	223	Picture	feedback	4601656	0	1	20061	1	0	next	other	0
GPL002	223	Pulse	199	4606468	4812	0
GPL002	223	Pulse	199	4616468	14812	0
GPL002	224	Picture	fix	4621717	0	1	31169	1	0	next	other	0
GPL002	224	Pulse	199	4626467	4750	0
GPL002	224	Pulse	199	4636468	14750	0
GPL002	224	Pulse	199	4646468	24751	0
GPL002	226	Picture	stim	4652887	0	1	25035	1	0	25000	hit	584
GPL002	226	Pulse	199	4656468	3581	0
GPL002	226	Response	16	4663198	10312	0
GPL002	226	Pulse	199	4666468	13581	0
GPL002	226	Pulse	199	4676468	23581	0
GPL002	227	Picture	fix2	4677921	0	1	21553	1	0	next	other	0
GPL002	227	Pulse	199	4686468	8547	0
GPL002	227	Pulse	199	4696467	18546	0
GPL002	228	Picture	feedback	4699475	0	1	20061	1	0	next	other	0
GPL002	228	Pulse	199	4706468	6993	0
GPL002	228	Pulse	199	4716468	16993	0
GPL002	229	Picture	fix	4719536	0	1	28848	1	0	next	other	0
GPL002	229	Pulse	199	4726468	6932	0
GPL002	229	Pulse	199	4736468	16932	0
GPL002	229	Pulse	199	4746468	26932	0
GPL002	231	Picture	stim	4748384	0	1	25035	1	0	25000	miss	0
GPL002	231	Pulse	199	4756468	8084	0
GPL002	231	Pulse	199	4766467	18084	0
GPL002	232	Picture	fix2	4773419	0	1	29014	1	0	next	other	0
GPL002	232	Response	16	4775628	2209	0
GPL002	232	Pulse	199	4776468	3049	0
GPL002	232	Pulse	199	4786468	13049	0
GPL002	232	Pulse	199	4796467	23049	0
GPL002	233	Picture	feedback	4802432	0	1	20061	1	0	next	other	0
GPL002	233	Pulse	199	4806468	4035	0
GPL002	233	Pulse	199	4816478	14046	0
GPL002	234	Picture	fix	4822493	0	1	21885	1	0	next	other	0
GPL002	234	Pulse	199	4826468	3975	0
GPL002	234	Pulse	199	4836467	13974	0
GPL002	236	Picture	stim	4844378	0	1	25035	1	0	25000	hit	614
GPL002	236	Pulse	199	4846478	2100	0
GPL002	236	Pulse	199	4856468	12089	0
GPL002	236	Response	16	4858878	14500	0
GPL002	236	Pulse	199	4866478	22099	0
GPL002	237	Picture	fix2	4869413	0	1	21885	1	0	next	other	0
GPL002	237	Pulse	199	4876478	7065	0
GPL002	237	Pulse	199	4886478	17065	0
GPL002	238	Picture	feedback	4891298	0	1	20061	1	0	next	other	0
GPL002	238	Pulse	199	4896478	5180	0
GPL002	238	Pulse	199	4906477	15180	0
GPL002	239	Picture	fix	4911359	0	1	26859	1	0	next	other	0
GPL002	239	Pulse	199	4916478	5120	0
GPL002	239	Pulse	199	4926478	15119	0
GPL002	239	Pulse	199	4936478	25119	0
GPL002	241	Picture	stim	4938217	0	1	25035	1	0	25000	hit	628
GPL002	241	Pulse	199	4946478	8261	0
GPL002	241	Response	16	4951348	13130	0
GPL002	241	Pulse	199	4956478	18261	0
GPL002	242	Picture	fix2	4963418	0	1	18569	1	0	next	other	0
GPL002	242	Pulse	199	4966478	3060	0
GPL002	242	Pulse	199	4976478	13059	0
GPL002	243	Picture	feedback	4981987	0	1	20061	1	0	next	other	0
GPL002	243	Pulse	199	4986478	4491	0
GPL002	243	Pulse	199	4996478	14491	0
GPL002	244	Picture	fix	5002048	0	1	21387	1	0	next	other	0
GPL002	244	Pulse	199	5006478	4430	0
GPL002	244	Pulse	199	5016478	14430	0
GPL002	246	Picture	stim	5023435	0	1	25035	1	0	25000	incorrect	642
GPL002	246	Pulse	199	5026478	3043	0
GPL002	246	Pulse	199	5036478	13043	0
GPL002	246	Response	32	5039318	15883	0
GPL002	246	Pulse	199	5046478	23042	0
GPL002	247	Picture	fix2	5048470	0	1	29345	1	0	next	other	0
GPL002	247	Pulse	199	5056478	8008	0
GPL002	247	Pulse	199	5066478	18008	0
GPL002	247	Pulse	199	5076478	28007	0
GPL002	248	Picture	feedback	5077816	0	1	20061	1	0	next	other	0
GPL002	248	Pulse	199	5086478	8663	0
GPL002	248	Pulse	199	5096478	18663	0
GPL002	249	Picture	fix	5097877	0	1	20061	1	0	next	other	0
GPL002	249	Pulse	199	5106478	8601	0
GPL002	249	Pulse	199	5116478	18601	0
GPL002	251	Picture	stim	5117938	0	1	25010	192	0	25000	hit	657
GPL002	251	Pulse	199	5126478	8541	0
GPL002	251	Pulse	199	5136478	18541	0
GPL002	251	Response	16	5139008	21070	0
GPL002	252	Picture	fix2	5142948	0	191	23402	192	0	next	other	0
GPL002	252	Pulse	199	5146478	3530	0
GPL002	252	Pulse	199	5156479	13531	0
GPL002	253	Picture	feedback	5166350	0	1	20061	1	0	next	other	0
GPL002	253	Pulse	199	5166478	129	0
GPL002	253	Pulse	199	5176478	10128	0
GPL002	254	Picture	fix	5186411	0	1	22216	1	0	next	other	0
GPL002	254	Pulse	199	5186478	67	0
GPL002	254	Pulse	199	5196479	10068	0
GPL002	254	Pulse	199	5206479	20068	0
GPL002	256	Picture	stim	5208627	0	1	25035	1	0	25000	incorrect	671
GPL002	256	Pulse	199	5216478	7851	0
GPL002	256	Pulse	199	5226478	17852	0
GPL002	256	Response	32	5226898	18271	0
GPL002	257	Picture	fix2	5233662	0	1	13927	1	0	next	other	0
GPL002	257	Pulse	199	5236479	2817	0
GPL002	257	Pulse	199	5246478	12816	0
GPL002	258	Picture	feedback	5247588	0	1	20061	1	0	next	other	0
GPL002	258	Pulse	199	5256479	8890	0
GPL002	258	Pulse	199	5266479	18890	0
GPL002	259	Picture	fix	5267650	0	1	37469	1	0	next	other	0
GPL002	259	Pulse	199	5276479	8829	0
GPL002	259	Pulse	199	5286478	18829	0
GPL002	259	Pulse	199	5296479	28829	0
GPL002	261	Picture	stim	5305119	0	1	25035	1	0	25000	incorrect	685
GPL002	261	Pulse	199	5306479	1360	0
GPL002	261	Pulse	199	5316478	11360	0
GPL002	261	Response	32	5324229	19110	0
GPL002	261	Pulse	199	5326479	21360	0
GPL002	262	Picture	fix2	5330153	0	1	21388	1	0	next	other	0
GPL002	262	Pulse	199	5336479	6326	0
GPL002	262	Pulse	199	5346479	16325	0
GPL002	263	Picture	feedback	5351541	0	1	20061	1	0	next	other	0
GPL002	263	Pulse	199	5356478	4937	0
GPL002	263	Pulse	199	5366479	14938	0
GPL002	264	Picture	fix	5371602	0	1	23708	1	0	next	other	0
GPL002	264	Pulse	199	5376479	4877	0
GPL002	264	Pulse	199	5386478	14876	0
GPL002	266	Picture	stim	5395311	0	1	25035	1	0	25000	incorrect	699
GPL002	266	Pulse	199	5396479	1169	0
GPL002	266	Pulse	199	5406479	11168	0
GPL002	266	Response	32	5410389	15078	0
GPL002	266	Pulse	199	5416479	21168	0
GPL002	267	Picture	fix2	5420346	0	1	17243	1	0	next	other	0
GPL002	267	Pulse	199	5426479	6133	0
GPL002	267	Pulse	199	5436479	16134	0
GPL002	268	Picture	feedback	5437588	0	1	20061	1	0	next	other	0
GPL002	268	Pulse	199	5446479	8891	0
GPL002	268	Pulse	199	5456478	18890	0
GPL002	269	Picture	100	5457649	0	1	15087	1	0	15000	other	0
GPL002	269	Pulse	199	5466479	8830	0
