Scenario - FBL_B.sce
Logfile written - 05/05/2021 18:29:08

Subject	Trial	Event Type	Code	Time	TTime	Uncertainty	Duration	Uncertainty	ReqTime	ReqDur	Stim Type	Pair Index

gpl012	1	Response	16	17036	6870	0
gpl012	2	Picture	fix	17062	0	233	18625	410	0	next	other	0
gpl012	4	Picture	stim	35687	0	177	14600	177	0	next	hit	4
gpl012	4	Response	16	50117	14429	0
gpl012	5	Picture	feedback	50288	0	1	20061	1	0	next	other	0
gpl012	6	Picture	fix	70349	0	1	32164	1	0	next	other	0
gpl012	8	Picture	stim	102513	0	1	10279	1	0	next	incorrect	8
gpl012	8	Response	32	112697	10184	0
gpl012	9	Picture	feedback	112792	0	1	20061	1	0	next	other	0
gpl012	10	Picture	fix	132853	0	1	24703	1	0	next	other	0
gpl012	12	Picture	stim	157556	0	1	10113	1	0	next	incorrect	12
gpl012	12	Response	32	167496	9940	0
gpl012	13	Picture	feedback	167669	0	1	20061	1	0	next	other	0
gpl012	14	Picture	fix	187730	0	1	21387	1	0	next	other	0
gpl012	16	Picture	stim	209118	0	1	9284	1	0	next	hit	16
gpl012	16	Response	16	218217	9099	0
gpl012	17	Picture	feedback	218402	0	1	20061	1	0	next	other	0
gpl012	18	Picture	fix	238463	0	1	21885	1	0	next	other	0
gpl012	20	Picture	stim	260348	0	1	8290	1	0	next	incorrect	20
gpl012	20	Response	32	268517	8169	0
gpl012	21	Picture	feedback	268638	0	1	20061	1	0	next	other	0
gpl012	22	Picture	fix	288699	0	1	23543	1	0	next	other	0
gpl012	24	Picture	stim	312241	0	1	12103	1	0	next	hit	24
gpl012	24	Response	16	324227	11985	0
gpl012	25	Picture	feedback	324344	0	1	20005	222	0	next	other	0
gpl012	26	Response	16	386967	42618	0
gpl012	27	Picture	start	387014	0	1	668314	1	0	next	other	0
gpl012	27	Response	16	407017	20003	0
gpl012	27	Response	16	409897	22883	0
gpl012	27	Response	16	412458	25443	0
gpl012	27	Response	16	414378	27363	0
gpl012	27	Response	16	416138	29123	0
gpl012	27	Response	16	419497	32482	0
gpl012	27	Response	16	421737	34723	0
gpl012	28	Pulse	199	1055236	618216	0
gpl012	28	Pulse	199	1065237	628216	0
gpl012	28	Pulse	199	1075237	638216	0
gpl012	28	Pulse	199	1085237	648216	0
gpl012	28	Pulse	199	1095236	658216	0
gpl012	28	Pulse	199	1105237	668217	0
gpl012	29	Picture	fix	1105563	0	1	17740	1	0	next	other	0
gpl012	29	Pulse	199	1115237	9674	0
gpl012	31	Picture	stim	1123303	0	1	25035	1	0	25000	hit	47
gpl012	31	Pulse	199	1125237	1933	0
gpl012	31	Pulse	199	1135237	11934	0
gpl012	31	Pulse	199	1145238	21934	0
gpl012	31	Response	16	1145558	22254	0
gpl012	32	Picture	fix2	1148338	0	1	24372	1	0	next	other	0
gpl012	32	Pulse	199	1155238	6900	0
gpl012	32	Pulse	199	1165238	16899	0
gpl012	33	Picture	feedback	1172710	0	1	20061	1	0	next	other	0
gpl012	33	Pulse	199	1175238	2528	0
gpl012	33	Pulse	199	1185237	12528	0
gpl012	34	Picture	fix	1192771	0	1	33988	1	0	next	other	0
gpl012	34	Pulse	199	1195237	2466	0
gpl012	34	Pulse	199	1205237	12467	0
gpl012	34	Pulse	199	1215237	22466	0
gpl012	34	Pulse	199	1225237	32466	0
gpl012	36	Picture	stim	1226759	0	1	25035	1	0	25000	hit	61
gpl012	36	Pulse	199	1235237	8479	0
gpl012	36	Response	16	1238357	11598	0
gpl012	36	Pulse	199	1245237	18479	0
gpl012	37	Picture	fix2	1251793	0	1	21387	1	0	next	other	0
gpl012	37	Pulse	199	1255238	3444	0
gpl012	37	Pulse	199	1265237	13444	0
gpl012	38	Picture	feedback	1273181	0	1	20061	1	0	next	other	0
gpl012	38	Pulse	199	1275237	2056	0
gpl012	38	Pulse	199	1285237	12056	0
gpl012	39	Picture	fix	1293242	0	1	20061	1	0	next	other	0
gpl012	39	Pulse	199	1295237	1996	0
gpl012	39	Pulse	199	1305237	11995	0
gpl012	41	Picture	stim	1313303	0	1	25035	1	0	25000	incorrect	75
gpl012	41	Pulse	199	1315238	1935	0
gpl012	41	Pulse	199	1325237	11935	0
gpl012	41	Response	32	1326397	13095	0
gpl012	41	Pulse	199	1335237	21934	0
gpl012	42	Picture	fix2	1338503	0	1	15253	1	0	next	other	0
gpl012	42	Pulse	199	1345237	6734	0
gpl012	43	Picture	feedback	1353756	0	1	20061	1	0	next	other	0
gpl012	43	Pulse	199	1355237	1481	0
gpl012	43	Pulse	199	1365237	11481	0
gpl012	44	Picture	fix	1373817	0	1	19066	1	0	next	other	0
gpl012	44	Pulse	199	1375237	1420	0
gpl012	44	Pulse	199	1385238	11420	0
gpl012	46	Picture	stim	1392884	0	1	25035	1	0	25000	hit	87
gpl012	46	Pulse	199	1395238	2354	0
gpl012	46	Response	16	1404447	11564	0
gpl012	46	Pulse	199	1405237	12353	0
gpl012	46	Pulse	199	1415238	22354	0
gpl012	47	Picture	fix2	1417918	0	1	18569	1	0	next	other	0
gpl012	47	Pulse	199	1425238	7319	0
gpl012	47	Pulse	199	1435237	17319	0
gpl012	48	Picture	feedback	1436487	0	1	20061	1	0	next	other	0
gpl012	48	Pulse	199	1445238	8750	0
gpl012	48	Pulse	199	1455238	18750	0
gpl012	49	Picture	fix	1456548	0	1	24703	1	0	next	other	0
gpl012	49	Pulse	199	1465238	8689	0
gpl012	49	Pulse	199	1475237	18689	0
gpl012	51	Picture	stim	1481252	0	1	25035	1	0	25000	incorrect	102
gpl012	51	Pulse	199	1485238	3986	0
gpl012	51	Pulse	199	1495238	13986	0
gpl012	51	Response	32	1497897	16646	0
gpl012	51	Pulse	199	1505237	23985	0
gpl012	52	Picture	fix2	1506286	0	1	14590	1	0	next	other	0
gpl012	52	Pulse	199	1515237	8951	0
gpl012	53	Picture	feedback	1520876	0	1	20061	1	0	next	other	0
gpl012	53	Pulse	199	1525238	4362	0
gpl012	53	Pulse	199	1535238	14362	0
gpl012	54	Picture	fix	1540937	0	1	22051	1	0	next	other	0
gpl012	54	Pulse	199	1545237	4300	0
gpl012	54	Pulse	199	1555238	14300	0
gpl012	56	Picture	stim	1562988	0	1	25035	1	0	25000	hit	114
gpl012	56	Pulse	199	1565238	2250	0
gpl012	56	Response	16	1572307	9319	0
gpl012	56	Pulse	199	1575237	12249	0
gpl012	56	Pulse	199	1585237	22250	0
gpl012	57	Picture	fix2	1588188	0	1	25864	1	0	next	other	0
gpl012	57	Pulse	199	1595238	7049	0
gpl012	57	Pulse	199	1605237	17049	0
gpl012	58	Picture	feedback	1614052	0	1	20061	1	0	next	other	0
gpl012	58	Pulse	199	1615237	1185	0
gpl012	58	Pulse	199	1625237	11185	0
gpl012	59	Picture	fix	1634113	0	1	28848	1	0	next	other	0
gpl012	59	Pulse	199	1635238	1124	0
gpl012	59	Pulse	199	1645237	11124	0
gpl012	59	Pulse	199	1655237	21124	0
gpl012	61	Picture	stim	1662961	0	1	25035	1	0	25000	hit	129
gpl012	61	Pulse	199	1665237	2276	0
gpl012	61	Response	16	1674207	11246	0
gpl012	61	Pulse	199	1675237	12276	0
gpl012	61	Pulse	199	1685237	22276	0
gpl012	62	Picture	fix2	1687996	0	1	26361	1	0	next	other	0
gpl012	62	Pulse	199	1695238	7242	0
gpl012	62	Pulse	199	1705238	17242	0
gpl012	63	Picture	feedback	1714357	0	1	20061	1	0	next	other	0
gpl012	63	Pulse	199	1715237	880	0
gpl012	63	Pulse	199	1725238	10880	0
gpl012	64	Picture	fix	1734418	0	1	28516	1	0	next	other	0
gpl012	64	Pulse	199	1735238	820	0
gpl012	64	Pulse	199	1745237	10819	0
gpl012	64	Pulse	199	1755237	20819	0
gpl012	66	Picture	stim	1762935	0	1	25035	1	0	25000	hit	145
gpl012	66	Pulse	199	1765238	2303	0
gpl012	66	Pulse	199	1775238	12303	0
gpl012	66	Response	16	1775918	12983	0
gpl012	66	Pulse	199	1785237	22302	0
gpl012	67	Picture	fix2	1787970	0	1	23543	1	0	next	other	0
gpl012	67	Pulse	199	1795238	7268	0
gpl012	67	Pulse	199	1805238	17268	0
gpl012	68	Picture	feedback	1811512	0	1	20061	1	0	next	other	0
gpl012	68	Pulse	199	1815237	3725	0
gpl012	68	Pulse	199	1825238	13725	0
gpl012	69	Picture	fix	1831573	0	1	32164	1	0	next	other	0
gpl012	69	Pulse	199	1835238	3665	0
gpl012	69	Pulse	199	1845238	13664	0
gpl012	69	Pulse	199	1855237	23664	0
gpl012	71	Picture	stim	1863737	0	1	25035	1	0	25000	incorrect	160
gpl012	71	Pulse	199	1865238	1501	0
gpl012	71	Pulse	199	1875238	11501	0
gpl012	71	Response	32	1879698	15960	0
gpl012	71	Pulse	199	1885238	21500	0
gpl012	72	Picture	fix2	1888772	0	1	26195	1	0	next	other	0
gpl012	72	Pulse	199	1895238	6466	0
gpl012	72	Pulse	199	1905238	16466	0
gpl012	73	Picture	feedback	1914968	0	1	20061	1	0	next	other	0
gpl012	73	Pulse	199	1915238	270	0
gpl012	73	Pulse	199	1925237	10270	0
gpl012	74	Picture	fix	1935029	0	1	21387	1	0	next	other	0
gpl012	74	Pulse	199	1935248	220	0
gpl012	74	Pulse	199	1945238	10209	0
gpl012	74	Pulse	199	1955237	20208	0
gpl012	76	Picture	stim	1956416	0	1	25035	1	0	25000	hit	174
gpl012	76	Pulse	199	1965248	8832	0
gpl012	76	Response	16	1975138	18722	0
gpl012	76	Pulse	199	1975248	18832	0
gpl012	77	Picture	fix2	1981451	0	1	21387	1	0	next	other	0
gpl012	77	Pulse	199	1985248	3797	0
gpl012	77	Pulse	199	1995248	13797	0
gpl012	78	Picture	feedback	2002838	0	1	20061	1	0	next	other	0
gpl012	78	Pulse	199	2005248	2410	0
gpl012	78	Pulse	199	2015248	12410	0
gpl012	79	Picture	fix	2022899	0	1	24537	1	0	next	other	0
gpl012	79	Pulse	199	2025248	2349	0
gpl012	79	Pulse	199	2035248	12348	0
gpl012	79	Pulse	199	2045248	22348	0
gpl012	81	Picture	stim	2047437	0	1	25035	1	0	25000	hit	188
gpl012	81	Pulse	199	2055248	7811	0
gpl012	81	Response	16	2057298	9861	0
gpl012	81	Pulse	199	2065247	17811	0
gpl012	82	Picture	fix2	2072471	0	1	24206	1	0	next	other	0
gpl012	82	Pulse	199	2075248	2776	0
gpl012	82	Pulse	199	2085248	12776	0
gpl012	82	Pulse	199	2095247	22776	0
gpl012	83	Picture	feedback	2096677	0	1	20061	1	0	next	other	0
gpl012	83	Pulse	199	2105248	8570	0
gpl012	83	Pulse	199	2115248	18570	0
gpl012	84	Picture	fix	2116738	0	1	26030	1	0	next	other	0
gpl012	84	Pulse	199	2125248	8510	0
gpl012	84	Pulse	199	2135247	18509	0
gpl012	86	Picture	stim	2142768	0	1	25035	1	0	25000	incorrect	203
gpl012	86	Pulse	199	2145248	2480	0
gpl012	86	Pulse	199	2155248	12480	0
gpl012	86	Response	32	2155828	13060	0
gpl012	86	Pulse	199	2165247	22479	0
gpl012	87	Picture	fix2	2167803	0	1	22216	1	0	next	other	0
gpl012	87	Pulse	199	2175248	7445	0
gpl012	87	Pulse	199	2185248	17445	0
gpl012	88	Picture	feedback	2190019	0	1	20061	1	0	next	other	0
gpl012	88	Pulse	199	2195248	5229	0
gpl012	88	Pulse	199	2205248	15229	0
gpl012	89	Picture	fix	2210080	0	1	20227	1	0	next	other	0
gpl012	89	Pulse	199	2215248	5168	0
gpl012	89	Pulse	199	2225248	15168	0
gpl012	91	Picture	stim	2230307	0	1	25035	1	0	25000	hit	217
gpl012	91	Pulse	199	2235247	4941	0
gpl012	91	Pulse	199	2245248	14941	0
gpl012	91	Response	16	2252058	21751	0
gpl012	91	Pulse	199	2255248	24941	0
gpl012	92	Picture	fix2	2255342	0	1	27688	1	0	next	other	0
gpl012	92	Pulse	199	2265247	9906	0
gpl012	92	Pulse	199	2275248	19906	0
gpl012	93	Picture	feedback	2283029	0	1	20061	1	0	next	other	0
gpl012	93	Pulse	199	2285248	2219	0
gpl012	93	Pulse	199	2295248	12219	0
gpl012	94	Picture	fix	2303090	0	1	28019	1	0	next	other	0
gpl012	94	Pulse	199	2305248	2157	0
gpl012	94	Pulse	199	2315248	12158	0
gpl012	94	Pulse	199	2325248	22158	0
gpl012	96	Picture	stim	2331109	0	1	25035	1	0	25000	incorrect	232
gpl012	96	Pulse	199	2335247	4138	0
gpl012	96	Pulse	199	2345248	14139	0
gpl012	96	Response	32	2350588	19478	0
gpl012	96	Pulse	199	2355248	24139	0
gpl012	97	Picture	fix2	2356144	0	1	15916	1	0	next	other	0
gpl012	97	Pulse	199	2365248	9104	0
gpl012	98	Picture	feedback	2372060	0	1	20061	1	0	next	other	0
gpl012	98	Pulse	199	2375248	3188	0
gpl012	98	Pulse	199	2385248	13188	0
gpl012	99	Picture	fix	2392121	0	1	33325	1	0	next	other	0
gpl012	99	Pulse	199	2395248	3127	0
gpl012	99	Pulse	199	2405247	13126	0
gpl012	99	Pulse	199	2415248	23127	0
gpl012	99	Pulse	199	2425248	33127	0
gpl012	101	Picture	stim	2425446	0	1	25035	1	0	25000	hit	246
gpl012	101	Pulse	199	2435248	9802	0
gpl012	101	Response	16	2442808	17362	0
gpl012	101	Pulse	199	2445248	19802	0
gpl012	102	Picture	fix2	2450481	0	1	16579	1	0	next	other	0
gpl012	102	Pulse	199	2455248	4768	0
gpl012	102	Pulse	199	2465248	14768	0
gpl012	103	Picture	feedback	2467060	0	1	20061	1	0	next	other	0
gpl012	103	Pulse	199	2475247	8187	0
gpl012	103	Pulse	199	2485248	18188	0
gpl012	104	Picture	fix	2487121	0	1	24703	2	0	next	other	0
gpl012	104	Pulse	199	2495248	8127	0
gpl012	104	Pulse	199	2505248	18127	0
gpl012	106	Picture	stim	2511824	0	2	25035	2	0	25000	incorrect	260
gpl012	106	Pulse	199	2515248	3424	0
gpl012	106	Pulse	199	2525248	13424	0
gpl012	106	Response	32	2528868	17044	0
gpl012	106	Pulse	199	2535248	23424	0
gpl012	107	Picture	fix2	2536859	0	1	22051	1	0	next	other	0
gpl012	107	Pulse	199	2545248	8389	0
gpl012	107	Pulse	199	2555248	18389	0
gpl012	108	Picture	feedback	2558910	0	1	20061	1	0	next	other	0
gpl012	108	Pulse	199	2565248	6338	0
gpl012	108	Pulse	199	2575248	16338	0
gpl012	109	Picture	fix	2578971	0	1	30838	1	0	next	other	0
gpl012	109	Pulse	199	2585249	6278	0
gpl012	109	Pulse	199	2595248	16278	0
gpl012	109	Pulse	199	2605248	26278	0
gpl012	111	Picture	stim	2609808	0	1	25035	1	0	25000	hit	275
gpl012	111	Pulse	199	2615248	5440	0
gpl012	111	Pulse	199	2625248	15440	0
gpl012	111	Response	16	2627858	18049	0
gpl012	112	Picture	fix2	2634843	0	1	20393	1	0	next	other	0
gpl012	112	Pulse	199	2635248	405	0
gpl012	112	Pulse	199	2645248	10405	0
gpl012	113	Picture	feedback	2655236	0	1	20061	1	0	next	other	0
gpl012	113	Pulse	199	2655249	13	0
gpl012	113	Pulse	199	2665248	10013	0
gpl012	113	Pulse	199	2675248	20012	1
gpl012	114	Picture	fix	2675297	0	1	28848	1	0	next	other	0
gpl012	114	Pulse	199	2685248	9951	0
gpl012	114	Pulse	199	2695248	19951	0
gpl012	116	Picture	stim	2704145	0	1	25035	1	0	25000	incorrect	290
gpl012	116	Pulse	199	2705248	1103	0
gpl012	116	Pulse	199	2715248	11103	0
gpl012	116	Pulse	199	2725248	21103	0
gpl012	116	Response	32	2726797	22653	0
gpl012	117	Picture	fix2	2729180	0	1	20061	1	0	next	other	0
gpl012	117	Pulse	199	2735248	6068	0
gpl012	117	Pulse	199	2745248	16068	0
gpl012	118	Picture	feedback	2749241	0	1	20061	1	0	next	other	0
gpl012	118	Pulse	199	2755248	6007	0
gpl012	118	Pulse	199	2765248	16007	0
gpl012	119	Picture	fix	2769302	0	1	25366	1	0	next	other	0
gpl012	119	Pulse	199	2775248	5946	0
gpl012	119	Pulse	199	2785248	15946	0
gpl012	121	Picture	stim	2794668	0	1	25035	1	0	25000	incorrect	303
gpl012	121	Pulse	199	2795248	580	0
gpl012	121	Pulse	199	2805248	10580	0
gpl012	121	Response	32	2812288	17620	0
gpl012	121	Pulse	199	2815248	20580	0
gpl012	122	Picture	fix2	2819703	0	1	12932	1	0	next	other	0
gpl012	122	Pulse	199	2825248	5545	0
gpl012	123	Picture	feedback	2832635	0	1	20061	1	0	next	other	0
gpl012	123	Pulse	199	2835248	2613	0
gpl012	123	Pulse	199	2845248	12613	0
gpl012	124	Picture	fix	2852696	0	1	30009	1	0	next	other	0
gpl012	124	Pulse	199	2855248	2552	0
gpl012	124	Pulse	199	2865248	12552	0
gpl012	124	Pulse	199	2875248	22552	0
gpl012	126	Picture	stim	2882704	0	1	25035	1	0	25000	hit	317
gpl012	126	Pulse	199	2885248	2544	0
gpl012	126	Pulse	199	2895248	12543	0
gpl012	126	Response	16	2895898	13193	0
gpl012	126	Pulse	199	2905248	22543	0
gpl012	127	Picture	fix2	2907739	0	1	15916	1	0	next	other	0
gpl012	127	Pulse	199	2915248	7509	0
gpl012	128	Picture	feedback	2923655	0	1	20061	1	0	next	other	0
gpl012	128	Pulse	199	2925248	1592	0
gpl012	128	Pulse	199	2935248	11593	0
gpl012	129	Picture	fix	2943716	0	1	26527	1	0	next	other	0
gpl012	129	Pulse	199	2945248	1532	0
gpl012	129	Pulse	199	2955248	11531	0
gpl012	129	Pulse	199	2965248	21532	0
gpl012	131	Picture	stim	2970243	0	1	25035	1	0	25000	hit	331
gpl012	131	Pulse	199	2975248	5005	0
gpl012	131	Pulse	199	2985249	15005	0
gpl012	131	Response	16	2989648	19405	0
gpl012	131	Pulse	199	2995243	25000	5
gpl012	132	Picture	fix2	2995278	0	1	11605	1	0	next	other	0
gpl012	132	Pulse	199	3005248	9970	0
gpl012	133	Picture	feedback	3006884	0	1	20061	1	0	next	other	0
gpl012	133	Pulse	199	3015249	8365	0
gpl012	133	Pulse	199	3025248	18364	0
gpl012	134	Picture	fix	3026945	0	1	26858	1	0	next	other	0
gpl012	134	Pulse	199	3035249	8304	0
gpl012	134	Pulse	199	3045248	18304	0
gpl012	136	Picture	stim	3053803	0	1	25035	1	0	25000	hit	344
gpl012	136	Pulse	199	3055249	1445	0
gpl012	136	Pulse	199	3065248	11444	0
gpl012	136	Response	16	3069468	15665	0
gpl012	136	Pulse	199	3075248	21445	0
gpl012	137	Picture	fix2	3078838	0	1	9119	1	0	next	other	0
gpl012	137	Pulse	199	3085248	6410	0
gpl012	138	Picture	feedback	3087957	0	1	20061	1	0	next	other	0
gpl012	138	Pulse	199	3095248	7291	0
gpl012	138	Pulse	199	3105248	17291	0
gpl012	139	Picture	fix	3108018	0	1	16248	1	0	next	other	0
gpl012	139	Pulse	199	3115248	7230	0
gpl012	141	Picture	stim	3124266	0	1	25035	1	0	25000	incorrect	356
gpl012	141	Pulse	199	3125249	983	0
gpl012	141	Pulse	199	3135248	10982	0
gpl012	141	Response	32	3143988	19723	0
gpl012	141	Pulse	199	3145248	20983	0
gpl012	142	Picture	fix2	3149300	0	1	16414	1	0	next	other	0
gpl012	142	Pulse	199	3155249	5948	0
gpl012	142	Pulse	199	3165248	15947	0
gpl012	143	Picture	feedback	3165714	0	1	20061	1	0	next	other	0
gpl012	143	Pulse	199	3175249	9535	0
gpl012	143	Pulse	199	3185248	19534	0
gpl012	144	Picture	fix	3185775	0	1	27356	1	0	next	other	0
gpl012	144	Pulse	199	3195249	9474	0
gpl012	144	Pulse	199	3205248	19473	0
gpl012	146	Picture	stim	3213131	0	1	25035	1	0	25000	hit	370
gpl012	146	Pulse	199	3215248	2117	0
gpl012	146	Pulse	199	3225248	12117	0
gpl012	146	Response	16	3227358	14227	0
gpl012	146	Pulse	199	3235248	22117	0
gpl012	147	Picture	fix2	3238166	0	1	13927	1	0	next	other	0
gpl012	147	Pulse	199	3245249	7083	0
gpl012	148	Picture	feedback	3252092	0	1	20061	1	0	next	other	0
gpl012	148	Pulse	199	3255248	3156	0
gpl012	148	Pulse	199	3265248	13156	0
gpl012	149	Picture	fix	3272153	0	1	23708	1	0	next	other	0
gpl012	149	Pulse	199	3275249	3096	0
gpl012	149	Pulse	199	3285249	13095	0
gpl012	149	Pulse	199	3295248	23095	0
gpl012	151	Picture	stim	3295862	0	1	25035	1	0	25000	hit	383
gpl012	151	Pulse	199	3305248	9386	0
gpl012	151	Response	16	3309258	13397	0
gpl012	151	Pulse	199	3315248	19387	0
gpl012	152	Picture	fix2	3321063	0	1	16082	1	0	next	other	0
gpl012	152	Pulse	199	3325249	4186	0
gpl012	152	Pulse	199	3335248	14186	0
gpl012	153	Picture	feedback	3337144	0	1	20061	1	0	next	other	0
gpl012	153	Pulse	199	3345248	8104	0
gpl012	153	Pulse	199	3355248	18104	0
gpl012	154	Picture	fix	3357206	0	1	29014	1	0	next	other	0
gpl012	154	Pulse	199	3365249	8043	0
gpl012	154	Pulse	199	3375248	18042	0
gpl012	154	Pulse	199	3385248	28043	0
gpl012	156	Picture	stim	3386219	0	1	25035	1	0	25000	hit	397
gpl012	156	Pulse	199	3395248	9029	0
gpl012	156	Response	16	3402658	16439	0
gpl012	156	Pulse	199	3405248	19029	0
gpl012	157	Picture	fix2	3411254	0	1	18072	1	0	next	other	0
gpl012	157	Pulse	199	3415249	3995	0
gpl012	157	Pulse	199	3425248	13994	0
gpl012	158	Picture	feedback	3429326	0	1	20061	1	0	next	other	0
gpl012	158	Pulse	199	3435248	5923	0
gpl012	158	Pulse	199	3445248	15922	0
gpl012	159	Picture	fix	3449387	0	1	29346	1	0	next	other	0
gpl012	159	Pulse	199	3455248	5862	0
gpl012	159	Pulse	199	3465248	15862	0
gpl012	159	Pulse	199	3475248	25861	0
gpl012	161	Picture	stim	3478732	0	1	25035	1	0	25000	hit	411
gpl012	161	Pulse	199	3485248	6516	0
gpl012	161	Response	16	3493338	14606	0
gpl012	161	Pulse	199	3495248	16516	0
gpl012	162	Picture	fix2	3503767	0	1	18071	1	0	next	other	0
gpl012	162	Pulse	199	3505249	1482	0
gpl012	162	Pulse	199	3515248	11481	0
gpl012	163	Picture	feedback	3521839	0	1	20061	1	0	next	other	0
gpl012	163	Pulse	199	3525248	3410	0
gpl012	163	Pulse	199	3535248	13410	0
gpl012	164	Picture	fix	3541900	0	1	19398	1	0	next	other	0
gpl012	164	Pulse	199	3545248	3349	0
gpl012	164	Pulse	199	3555248	13349	0
gpl012	166	Picture	stim	3561297	0	1	25035	1	0	25000	hit	425
gpl012	166	Pulse	199	3565248	3951	0
gpl012	166	Pulse	199	3575248	13951	0
gpl012	166	Response	16	3579089	17791	0
gpl012	166	Pulse	199	3585248	23951	0
gpl012	167	Picture	fix2	3586332	0	1	21387	1	0	next	other	0
gpl012	167	Pulse	199	3595249	8917	0
gpl012	167	Pulse	199	3605249	18917	0
gpl012	168	Picture	feedback	3607720	0	1	20061	1	0	next	other	0
gpl012	168	Pulse	199	3615248	7528	0
gpl012	168	Pulse	199	3625249	17529	0
gpl012	169	Picture	fix	3627781	0	1	29677	1	0	next	other	0
gpl012	169	Pulse	199	3635249	7468	0
gpl012	169	Pulse	199	3645248	17468	0
gpl012	169	Pulse	199	3655248	27468	0
gpl012	171	Picture	stim	3657458	0	1	25035	1	0	25000	hit	439
gpl012	171	Pulse	199	3665249	7791	0
gpl012	171	Response	16	3672688	15231	0
gpl012	171	Pulse	199	3675248	17791	0
gpl012	172	Picture	fix2	3682658	0	1	10777	1	0	next	other	0
gpl012	172	Pulse	199	3685248	2590	0
gpl012	173	Picture	feedback	3693435	0	1	20061	1	0	next	other	0
gpl012	173	Pulse	199	3695248	1814	0
gpl012	173	Pulse	199	3705248	11813	0
gpl012	174	Picture	fix	3713496	0	1	22216	1	0	next	other	0
gpl012	174	Pulse	199	3715248	1752	0
gpl012	174	Pulse	199	3725248	11752	0
gpl012	174	Pulse	199	3735248	21753	0
gpl012	176	Picture	stim	3735712	0	1	25035	1	0	25000	hit	452
gpl012	176	Pulse	199	3745249	9536	0
gpl012	176	Response	16	3753338	17626	0
gpl012	176	Pulse	199	3755258	19546	0
gpl012	177	Picture	fix2	3760913	0	1	16579	1	0	next	other	0
gpl012	177	Pulse	199	3765248	4336	0
gpl012	177	Pulse	199	3775248	14335	0
gpl012	178	Picture	feedback	3777492	0	1	20061	1	0	next	other	0
gpl012	178	Pulse	199	3785259	7767	0
gpl012	178	Pulse	199	3795248	17756	0
gpl012	179	Picture	fix	3797553	0	1	23377	1	0	next	other	0
gpl012	179	Pulse	199	3805249	7696	0
gpl012	179	Pulse	199	3815259	17706	0
gpl012	181	Picture	stim	3820930	0	1	25035	1	0	25000	hit	465
gpl012	181	Pulse	199	3825258	4328	0
gpl012	181	Response	16	3832769	11838	0
gpl012	181	Pulse	199	3835259	14329	0
gpl012	181	Pulse	199	3845259	24329	0
gpl012	182	Picture	fix2	3845965	0	1	17906	1	0	next	other	0
gpl012	182	Pulse	199	3855258	9294	0
gpl012	183	Picture	feedback	3863871	0	1	20061	1	0	next	other	0
gpl012	183	Pulse	199	3865259	1388	0
gpl012	183	Pulse	199	3875259	11388	0
gpl012	184	Picture	fix	3883932	0	1	21885	1	0	next	other	0
gpl012	184	Pulse	199	3885259	1327	0
gpl012	184	Pulse	199	3895259	11327	0
gpl012	184	Pulse	199	3905259	21327	0
gpl012	186	Picture	stim	3905816	0	1	25035	1	0	25000	hit	479
gpl012	186	Pulse	199	3915259	9443	0
gpl012	186	Response	16	3923019	17203	0
gpl012	186	Pulse	199	3925258	19442	0
gpl012	187	Picture	fix2	3930851	0	1	21553	1	0	next	other	0
gpl012	187	Pulse	199	3935259	4408	0
gpl012	187	Pulse	199	3945259	14408	0
gpl012	188	Picture	feedback	3952404	0	1	20061	1	0	next	other	0
gpl012	188	Pulse	199	3955259	2855	0
gpl012	188	Pulse	199	3965258	12854	0
gpl012	189	Picture	fix	3972465	0	1	26361	1	0	next	other	0
gpl012	189	Pulse	199	3975259	2794	0
gpl012	189	Pulse	199	3985259	12794	0
gpl012	189	Pulse	199	3995259	22793	0
gpl012	191	Picture	stim	3998826	0	1	25035	1	0	25000	incorrect	494
gpl012	191	Pulse	199	4005259	6433	0
gpl012	191	Pulse	199	4015259	16433	0
gpl012	191	Response	32	4017849	19023	0
gpl012	192	Picture	fix2	4024027	0	1	21885	1	0	next	other	0
gpl012	192	Pulse	199	4025259	1232	0
gpl012	192	Pulse	199	4035259	11232	0
gpl012	192	Pulse	199	4045259	21232	0
gpl012	193	Picture	feedback	4045912	0	1	20061	1	0	next	other	0
gpl012	193	Pulse	199	4055259	9347	0
gpl012	193	Pulse	199	4065259	19347	0
gpl012	194	Picture	fix	4065973	0	1	23377	1	0	next	other	0
gpl012	194	Pulse	199	4075259	9286	0
gpl012	194	Pulse	199	4085259	19286	0
gpl012	196	Picture	stim	4089350	0	1	25035	1	0	25000	hit	507
gpl012	196	Pulse	199	4095259	5909	0
gpl012	196	Response	16	4102639	13289	0
gpl012	196	Pulse	199	4105259	15909	0
gpl012	197	Picture	fix2	4114385	0	1	14092	1	0	next	other	0
gpl012	197	Pulse	199	4115259	874	0
gpl012	197	Pulse	199	4125259	10874	0
gpl012	198	Picture	feedback	4128477	0	1	20061	1	0	next	other	0
gpl012	198	Pulse	199	4135259	6782	0
gpl012	198	Pulse	199	4145259	16782	0
gpl012	199	Picture	fix	4148538	0	1	29180	1	0	next	other	0
gpl012	199	Pulse	199	4155259	6721	0
gpl012	199	Pulse	199	4165259	16721	0
gpl012	199	Pulse	199	4175259	26721	0
gpl012	201	Picture	stim	4177718	0	1	25035	1	0	25000	incorrect	522
gpl012	201	Pulse	199	4185259	7542	0
gpl012	201	Pulse	199	4195259	17542	0
gpl012	201	Response	32	4196149	18432	0
gpl012	202	Picture	fix2	4202918	0	1	16082	1	0	next	other	0
gpl012	202	Pulse	199	4205259	2340	0
gpl012	202	Pulse	199	4215259	12341	0
gpl012	203	Picture	feedback	4219000	0	1	20061	1	0	next	other	0
gpl012	203	Pulse	199	4225259	6259	0
gpl012	203	Pulse	199	4235259	16258	0
gpl012	204	Picture	fix	4239061	0	1	18569	1	0	next	other	0
gpl012	204	Pulse	199	4245259	6198	0
gpl012	204	Pulse	199	4255259	16198	0
gpl012	206	Picture	stim	4257630	0	1	25035	1	0	25000	hit	534
gpl012	206	Pulse	199	4265259	7629	0
gpl012	206	Response	16	4271529	13899	0
gpl012	206	Pulse	199	4275259	17629	0
gpl012	207	Picture	fix2	4282831	0	1	22548	1	0	next	other	0
gpl012	207	Pulse	199	4285260	2429	0
gpl012	207	Pulse	199	4295259	12428	0
gpl012	207	Pulse	199	4305259	22428	0
gpl012	208	Picture	feedback	4305379	0	1	20061	1	0	next	other	0
gpl012	208	Pulse	199	4315259	9880	0
gpl012	208	Pulse	199	4325259	19881	0
gpl012	209	Picture	fix	4325440	0	1	23543	1	0	next	other	0
gpl012	209	Pulse	199	4335259	9819	0
gpl012	209	Pulse	199	4345259	19819	0
gpl012	211	Picture	stim	4348982	0	1	25035	1	0	25000	hit	548
gpl012	211	Pulse	199	4355259	6277	0
gpl012	211	Response	16	4365129	16147	0
gpl012	211	Pulse	199	4365259	16277	0
gpl012	212	Picture	fix2	4374017	0	1	17242	1	0	next	other	0
gpl012	212	Pulse	199	4375259	1242	0
gpl012	212	Pulse	199	4385259	11242	0
gpl012	213	Picture	feedback	4391260	0	1	20061	1	0	next	other	0
gpl012	213	Pulse	199	4395259	4000	0
gpl012	213	Pulse	199	4405259	14000	0
gpl012	214	Picture	fix	4411321	0	1	17408	1	0	next	other	0
gpl012	214	Pulse	199	4415259	3939	0
gpl012	214	Pulse	199	4425259	13939	0
gpl012	216	Picture	stim	4428729	0	1	25035	1	0	25000	incorrect	562
gpl012	216	Pulse	199	4435259	6530	0
gpl012	216	Pulse	199	4445259	16530	0
gpl012	216	Response	32	4450549	21820	0
gpl012	217	Picture	fix2	4453764	0	1	21719	1	0	next	other	0
gpl012	217	Pulse	199	4455259	1496	0
gpl012	217	Pulse	199	4465259	11495	0
gpl012	217	Pulse	199	4475259	21495	0
gpl012	218	Picture	feedback	4475483	0	1	20061	1	0	next	other	0
gpl012	218	Pulse	199	4485259	9776	0
gpl012	218	Pulse	199	4495259	19776	0
gpl012	219	Picture	fix	4495544	0	1	37469	1	0	next	other	0
gpl012	219	Pulse	199	4505259	9715	0
gpl012	219	Pulse	199	4515259	19715	0
gpl012	219	Pulse	199	4525259	29715	0
gpl012	221	Picture	stim	4533013	0	1	25035	1	0	25000	hit	577
gpl012	221	Pulse	199	4535259	2246	0
gpl012	221	Pulse	199	4545259	12245	0
gpl012	221	Response	16	4550789	17776	0
gpl012	221	Pulse	199	4555259	22246	0
gpl012	222	Picture	fix2	4558048	0	1	20558	1	0	next	other	0
gpl012	222	Pulse	199	4565259	7211	0
gpl012	222	Pulse	199	4575259	17211	0
gpl012	223	Picture	feedback	4578606	0	1	20061	1	0	next	other	0
gpl012	223	Pulse	199	4585259	6652	0
gpl012	223	Pulse	199	4595259	16653	0
gpl012	224	Picture	fix	4598668	0	1	22714	1	0	next	other	0
gpl012	224	Pulse	199	4605259	6592	0
gpl012	224	Pulse	199	4615259	16592	0
gpl012	226	Picture	stim	4621381	0	1	25035	1	0	25000	hit	591
gpl012	226	Pulse	199	4625259	3878	0
gpl012	226	Pulse	199	4635259	13878	0
gpl012	226	Response	16	4637630	16248	0
gpl012	226	Pulse	199	4645259	23878	0
gpl012	227	Picture	fix2	4646582	0	1	16745	1	0	next	other	0
gpl012	227	Pulse	199	4655259	8677	0
gpl012	228	Picture	feedback	4663327	0	1	20061	1	0	next	other	0
gpl012	228	Pulse	199	4665259	1932	0
gpl012	228	Pulse	199	4675259	11932	0
gpl012	229	Picture	fix	4683388	0	1	31169	1	0	next	other	0
gpl012	229	Pulse	199	4685259	1871	0
gpl012	229	Pulse	199	4695260	11871	0
gpl012	229	Pulse	199	4705260	21872	0
gpl012	231	Picture	stim	4714557	0	1	25035	1	0	25000	hit	605
gpl012	231	Pulse	199	4715259	702	0
gpl012	231	Pulse	199	4725260	10703	0
gpl012	231	Response	16	4735240	20682	0
gpl012	231	Pulse	199	4735260	20703	0
gpl012	232	Picture	fix2	4739592	0	1	14756	1	0	next	other	0
gpl012	232	Pulse	199	4745260	5668	0
gpl012	233	Picture	feedback	4754348	0	1	20061	1	0	next	other	0
gpl012	233	Pulse	199	4755259	912	0
gpl012	233	Pulse	199	4765260	10912	0
gpl012	234	Picture	fix	4774409	0	1	20393	1	0	next	other	0
gpl012	234	Pulse	199	4775260	851	0
gpl012	234	Pulse	199	4785259	10851	0
gpl012	236	Picture	stim	4794801	0	1	25035	1	0	25000	hit	619
gpl012	236	Pulse	199	4795260	458	0
gpl012	236	Pulse	199	4805260	10458	0
gpl012	236	Pulse	199	4815260	20458	0
gpl012	236	Response	16	4819080	24278	0
gpl012	237	Picture	fix2	4819836	0	1	16414	1	0	next	other	0
gpl012	237	Pulse	199	4825259	5423	0
gpl012	237	Pulse	199	4835260	15424	0
gpl012	238	Picture	feedback	4836250	0	1	20061	1	0	next	other	0
gpl012	238	Pulse	199	4845260	9010	0
gpl012	238	Pulse	199	4855259	19010	0
gpl012	239	Picture	fix	4856311	0	1	25201	1	0	next	other	0
gpl012	239	Pulse	199	4865259	8948	0
gpl012	239	Pulse	199	4875259	18949	0
gpl012	241	Picture	stim	4881511	0	1	25035	1	0	25000	hit	631
gpl012	241	Pulse	199	4885260	3748	0
gpl012	241	Response	16	4894359	12848	0
gpl012	241	Pulse	199	4895259	13748	0
gpl012	241	Pulse	199	4905259	23748	0
gpl012	242	Picture	fix2	4906546	0	1	25864	1	0	next	other	0
gpl012	242	Pulse	199	4915260	8714	0
gpl012	242	Pulse	199	4925259	18713	0
gpl012	243	Picture	feedback	4932410	0	1	20061	1	0	next	other	0
gpl012	243	Pulse	199	4935259	2849	0
gpl012	243	Pulse	199	4945259	12849	0
gpl012	244	Picture	fix	4952471	0	1	26859	1	0	next	other	0
gpl012	244	Pulse	199	4955259	2788	0
gpl012	244	Pulse	199	4965259	12788	0
gpl012	244	Pulse	199	4975259	22788	0
gpl012	246	Picture	stim	4979329	0	1	25035	1	0	25000	incorrect	647
gpl012	246	Pulse	199	4985259	5930	0
gpl012	246	Pulse	199	4995259	15929	0
gpl012	246	Response	32	4995669	16340	0
gpl012	247	Picture	fix2	5004364	0	1	13263	1	0	next	other	0
gpl012	247	Pulse	199	5005260	896	0
gpl012	247	Pulse	199	5015260	10895	0
gpl012	248	Picture	feedback	5017628	0	1	20061	1	0	next	other	0
gpl012	248	Pulse	199	5025260	7632	0
gpl012	248	Pulse	199	5035259	17631	0
gpl012	249	Picture	fix	5037689	0	1	28516	1	0	next	other	0
gpl012	249	Pulse	199	5045260	7571	0
gpl012	249	Pulse	199	5055259	17570	0
gpl012	249	Pulse	199	5065259	27570	0
gpl012	251	Picture	stim	5066205	0	1	25035	1	0	25000	incorrect	660
gpl012	251	Pulse	199	5075259	9054	0
gpl012	251	Response	32	5080399	14194	0
gpl012	251	Pulse	199	5085260	19054	0
gpl012	252	Picture	fix2	5091240	0	1	23377	1	0	next	other	0
gpl012	252	Pulse	199	5095260	4019	0
gpl012	252	Pulse	199	5105259	14019	0
gpl012	253	Picture	feedback	5114617	0	1	20061	1	0	next	other	0
gpl012	253	Pulse	199	5115260	643	0
gpl012	253	Pulse	199	5125260	10643	0
gpl012	254	Picture	fix	5134678	0	1	22382	1	0	next	other	0
gpl012	254	Pulse	199	5135259	581	0
gpl012	254	Pulse	199	5145260	10582	0
gpl012	254	Pulse	199	5155260	20582	0
gpl012	256	Picture	stim	5157060	0	1	25035	1	0	25000	hit	674
gpl012	256	Pulse	199	5165260	8199	0
gpl012	256	Response	16	5169430	12370	0
gpl012	256	Pulse	199	5175260	18200	0
gpl012	257	Picture	fix2	5182095	0	1	29014	1	0	next	other	0
gpl012	257	Pulse	199	5185260	3165	0
gpl012	257	Pulse	199	5195260	13165	0
gpl012	257	Pulse	199	5205259	23164	0
gpl012	258	Picture	feedback	5211109	0	1	20061	1	0	next	other	0
gpl012	258	Pulse	199	5215260	4151	0
gpl012	258	Pulse	199	5225260	14151	0
gpl012	259	Picture	fix	5231170	0	1	26858	1	0	next	other	0
gpl012	259	Pulse	199	5235260	4090	0
gpl012	259	Pulse	199	5245259	14089	0
gpl012	259	Pulse	199	5255260	24090	0
gpl012	261	Picture	stim	5258028	0	1	25035	1	0	25000	incorrect	690
gpl012	261	Pulse	199	5265260	7232	0
gpl012	261	Pulse	199	5275259	17231	0
gpl012	261	Response	32	5275499	17471	0
gpl012	262	Picture	fix2	5283063	0	1	29345	1	0	next	other	0
gpl012	262	Pulse	199	5285260	2197	0
gpl012	262	Pulse	199	5295260	12197	0
gpl012	262	Pulse	199	5305259	22196	0
gpl012	263	Picture	feedback	5312409	0	1	20061	1	0	next	other	0
gpl012	263	Pulse	199	5315260	2851	0
gpl012	263	Pulse	199	5325260	12851	0
gpl012	264	Picture	fix	5332470	0	1	35977	1	0	next	other	0
gpl012	264	Pulse	199	5335260	2790	0
gpl012	264	Pulse	199	5345259	12789	0
gpl012	264	Pulse	199	5355260	22790	0
gpl012	264	Pulse	199	5365260	32790	0
gpl012	266	Picture	stim	5368447	0	1	25035	1	0	25000	incorrect	705
gpl012	266	Pulse	199	5375259	6813	0
gpl012	266	Response	32	5379200	10753	0
gpl012	266	Pulse	199	5385260	16813	0
gpl012	267	Picture	fix2	5393482	0	1	11108	1	0	next	other	0
gpl012	267	Pulse	199	5395260	1778	0
gpl012	268	Picture	feedback	5404590	0	1	20061	1	0	next	other	0
gpl012	268	Pulse	199	5405260	670	0
gpl012	268	Pulse	199	5415259	10670	0
gpl012	269	Picture	100	5424651	0	1	250017	1	0	250000	other	0
gpl012	269	Pulse	199	5425260	609	0
gpl012	269	Pulse	199	5435260	10609	0
gpl012	269	Pulse	199	5445259	20608	0
gpl012	269	Pulse	199	5455260	30609	0
gpl012	269	Pulse	199	5465260	40609	0
gpl012	269	Pulse	199	5475260	50609	0
gpl012	269	Pulse	199	5485259	60608	0
gpl012	269	Pulse	199	5495260	70609	0
gpl012	269	Pulse	199	5505260	80609	0
gpl012	269	Pulse	199	5515259	90608	0
gpl012	269	Pulse	199	5525260	100609	0
gpl012	269	Pulse	199	5535260	110609	0
gpl012	269	Pulse	199	5545260	120609	0
gpl012	269	Pulse	199	5555259	130608	0
gpl012	269	Pulse	199	5565260	140609	0
gpl012	269	Pulse	199	5575270	150619	0
gpl012	269	Pulse	199	5585260	160609	0
gpl012	269	Pulse	199	5595259	170609	0
gpl012	269	Pulse	199	5605270	180619	0
gpl012	269	Pulse	199	5615260	190609	0
gpl012	269	Pulse	199	5625270	200619	0
gpl012	269	Pulse	199	5635270	210619	0
gpl012	269	Pulse	199	5645270	220619	0
