Scenario - FBL_B.sce
Logfile written - 05/14/2021 14:16:38

Subject	Trial	Event Type	Code	Time	TTime	Uncertainty	Duration	Uncertainty	ReqTime	ReqDur	Stim Type	Pair Index

gpl011	1	Response	16	141589	131424	0
gpl011	2	Picture	fix	141971	0	1	18735	1	0	next	other	0
gpl011	4	Picture	stim	160706	0	1	15585	1	0	next	incorrect	4
gpl011	4	Response	32	176179	15473	0
gpl011	5	Picture	feedback	176291	0	1	20061	1	0	next	other	0
gpl011	6	Picture	fix	196352	0	1	32164	1	0	next	other	0
gpl011	8	Picture	stim	228516	0	1	11771	1	0	next	incorrect	8
gpl011	8	Response	32	240209	11693	0
gpl011	9	Picture	feedback	240287	0	1	20227	1	0	next	other	0
gpl011	10	Picture	fix	260514	0	1	24703	1	0	next	other	0
gpl011	12	Picture	stim	285217	0	1	8124	1	0	next	incorrect	12
gpl011	12	Response	32	293319	8102	0
gpl011	13	Picture	feedback	293341	0	1	20204	189	0	next	other	0
gpl011	14	Picture	fix	313545	0	189	21410	189	0	next	other	0
gpl011	16	Picture	stim	334955	0	1	13595	1	0	next	hit	16
gpl011	16	Response	16	348439	13484	0
gpl011	17	Picture	feedback	348550	0	1	20061	1	0	next	other	0
gpl011	18	Picture	fix	368611	0	1	21885	1	0	next	other	0
gpl011	20	Picture	stim	390496	0	1	8621	1	0	next	incorrect	20
gpl011	20	Response	32	398988	8493	0
gpl011	21	Picture	feedback	399117	0	1	20227	1	0	next	other	0
gpl011	22	Picture	fix	419344	0	1	23543	1	0	next	other	0
gpl011	24	Picture	stim	442886	0	1	9782	1	0	next	hit	24
gpl011	24	Response	16	452509	9622	0
gpl011	25	Picture	feedback	452668	0	1	20006	222	0	next	other	0
gpl011	26	Response	16	541268	68594	0
gpl011	27	Picture	start	541368	0	1	708435	1	0	next	other	0
gpl011	27	Response	16	564609	23241	0
gpl011	27	Response	16	578050	36682	0
gpl011	27	Response	16	579649	38282	0
gpl011	28	Response	16	1191649	600275	0
gpl011	28	Response	16	1193729	602355	0
gpl011	28	Pulse	199	1249699	658325	0
gpl011	28	Pulse	199	1259699	668325	0
gpl011	28	Pulse	199	1269699	678325	0
gpl011	28	Pulse	199	1279699	688325	0
gpl011	28	Pulse	199	1289699	698325	0
gpl011	28	Pulse	199	1299698	708324	0
gpl011	29	Picture	fix	1300192	0	179	28861	179	0	next	other	0
gpl011	29	Pulse	199	1309699	9507	0
gpl011	29	Pulse	199	1319699	19507	0
gpl011	31	Picture	stim	1329052	0	1	25035	1	0	25000	hit	46
gpl011	31	Pulse	199	1329699	646	0
gpl011	31	Pulse	199	1339698	10646	0
gpl011	31	Pulse	199	1349699	20647	0
gpl011	31	Response	16	1350379	21326	0
gpl011	32	Picture	fix2	1354087	0	1	27687	1	0	next	other	0
gpl011	32	Pulse	199	1359699	5612	0
gpl011	32	Pulse	199	1369698	15611	0
gpl011	32	Pulse	199	1379699	25612	0
gpl011	33	Picture	feedback	1381775	0	1	20061	1	0	next	other	0
gpl011	33	Pulse	199	1389699	7925	0
gpl011	33	Pulse	199	1399699	17924	0
gpl011	34	Picture	fix	1401836	0	1	24537	1	0	next	other	0
gpl011	34	Pulse	199	1409699	7863	0
gpl011	34	Pulse	199	1419699	17863	0
gpl011	36	Picture	stim	1426373	0	1	25035	1	0	25000	incorrect	60
gpl011	36	Pulse	199	1429699	3326	0
gpl011	36	Pulse	199	1439698	13325	0
gpl011	36	Response	32	1441338	14965	0
gpl011	36	Pulse	199	1449699	23326	0
gpl011	37	Picture	fix2	1451408	0	1	21387	1	0	next	other	0
gpl011	37	Pulse	199	1459699	8291	0
gpl011	37	Pulse	199	1469699	18291	0
gpl011	38	Picture	feedback	1472795	0	1	20393	1	0	next	other	0
gpl011	38	Pulse	199	1479700	6904	0
gpl011	38	Pulse	199	1489699	16904	0
gpl011	39	Picture	fix	1493188	0	1	26527	1	0	next	other	0
gpl011	39	Pulse	199	1499699	6511	0
gpl011	39	Pulse	199	1509698	16510	0
gpl011	40	Pulse	199	1519699	121	0
gpl011	41	Picture	stim	1519715	0	1	25035	1	0	25000	hit	74
gpl011	41	Pulse	199	1529699	9984	0
gpl011	41	Response	16	1538679	18964	0
gpl011	41	Pulse	199	1539698	19983	0
gpl011	42	Picture	fix2	1544750	0	1	9119	1	0	next	other	0
gpl011	42	Pulse	199	1549699	4949	0
gpl011	43	Picture	feedback	1553868	0	1	20061	1	0	next	other	0
gpl011	43	Pulse	199	1559699	5831	0
gpl011	43	Pulse	199	1569699	15830	0
gpl011	44	Picture	fix	1573929	0	1	24703	1	0	next	other	0
gpl011	44	Pulse	199	1579698	5769	0
gpl011	44	Pulse	199	1589699	15770	0
gpl011	46	Picture	stim	1598633	0	1	25035	1	0	25000	incorrect	87
gpl011	46	Pulse	199	1599699	1067	0
gpl011	46	Pulse	199	1609698	11066	0
gpl011	46	Response	32	1614279	15646	0
gpl011	46	Pulse	199	1619699	21066	0
gpl011	47	Picture	fix2	1623667	0	1	12932	1	0	next	other	0
gpl011	47	Pulse	199	1629699	6032	0
gpl011	48	Picture	feedback	1636599	0	1	20061	1	0	next	other	0
gpl011	48	Pulse	199	1639699	3099	0
gpl011	48	Pulse	199	1649698	13099	0
gpl011	49	Picture	fix	1656660	0	1	22714	1	0	next	other	0
gpl011	49	Pulse	199	1659699	3039	0
gpl011	49	Pulse	199	1669699	13039	0
gpl011	51	Picture	stim	1679374	0	1	25035	1	0	25000	incorrect	100
gpl011	51	Pulse	199	1679698	324	0
gpl011	51	Pulse	199	1689699	10325	0
gpl011	51	Response	32	1693368	13994	0
gpl011	51	Pulse	199	1699699	20325	0
gpl011	52	Picture	fix2	1704409	0	1	25864	1	0	next	other	0
gpl011	52	Pulse	199	1709699	5290	0
gpl011	52	Pulse	199	1719698	15289	0
gpl011	52	Pulse	199	1729699	25290	0
gpl011	53	Picture	feedback	1730273	0	1	20393	1	0	next	other	0
gpl011	53	Pulse	199	1739699	9427	0
gpl011	53	Pulse	199	1749698	19426	0
gpl011	54	Picture	fix	1750665	0	1	28516	1	0	next	other	0
gpl011	54	Pulse	199	1759699	9034	0
gpl011	54	Pulse	199	1769699	19033	0
gpl011	56	Picture	stim	1779182	0	1	25035	1	0	25000	incorrect	115
gpl011	56	Pulse	199	1779699	517	0
gpl011	56	Pulse	199	1789698	10517	0
gpl011	56	Response	32	1789839	10657	0
gpl011	56	Pulse	199	1799699	20517	0
gpl011	57	Picture	fix2	1804382	0	1	16579	1	0	next	other	0
gpl011	57	Pulse	199	1809699	5317	0
gpl011	57	Pulse	199	1819698	15316	0
gpl011	58	Picture	feedback	1820962	0	1	20375	184	0	next	other	0
gpl011	58	Pulse	199	1829699	8737	0
gpl011	58	Pulse	199	1839699	18737	0
gpl011	59	Picture	fix	1841337	0	184	26379	184	0	next	other	0
gpl011	59	Pulse	199	1849699	8363	0
gpl011	59	Pulse	199	1859698	18361	0
gpl011	61	Picture	stim	1867715	0	1	25035	1	0	25000	hit	130
gpl011	61	Pulse	199	1869699	1984	0
gpl011	61	Pulse	199	1879699	11984	0
gpl011	61	Pulse	199	1889699	21983	0
gpl011	61	Response	16	1889909	22193	0
gpl011	62	Picture	fix2	1892916	0	1	21719	1	0	next	other	0
gpl011	62	Pulse	199	1899699	6783	0
gpl011	62	Pulse	199	1909699	16783	0
gpl011	63	Picture	feedback	1914635	0	1	20227	1	0	next	other	0
gpl011	63	Pulse	199	1919699	5064	0
gpl011	63	Pulse	199	1929698	15063	0
gpl011	64	Picture	fix	1934862	0	1	21387	1	0	next	other	0
gpl011	64	Pulse	199	1939699	4838	0
gpl011	64	Pulse	199	1949699	14837	0
gpl011	66	Picture	stim	1956249	0	1	25035	1	0	25000	hit	143
gpl011	66	Pulse	199	1959699	3450	0
gpl011	66	Pulse	199	1969699	13450	0
gpl011	66	Response	16	1971958	15709	0
gpl011	66	Pulse	199	1979699	23450	0
gpl011	67	Picture	fix2	1981284	0	1	13263	1	0	next	other	0
gpl011	67	Pulse	199	1989699	8415	0
gpl011	68	Picture	feedback	1994547	0	1	20393	1	0	next	other	0
gpl011	68	Pulse	199	1999698	5151	0
gpl011	68	Pulse	199	2009699	15152	0
gpl011	69	Picture	fix	2014940	0	1	26859	1	0	next	other	0
gpl011	69	Pulse	199	2019699	4759	0
gpl011	69	Pulse	199	2029699	14759	0
gpl011	69	Pulse	199	2039699	24759	0
gpl011	71	Picture	stim	2041798	0	1	25035	1	0	25000	hit	156
gpl011	71	Pulse	199	2049699	7901	0
gpl011	71	Response	16	2059529	17730	0
gpl011	71	Pulse	199	2059699	17900	0
gpl011	72	Picture	fix2	2066999	0	1	14756	1	0	next	other	0
gpl011	72	Pulse	199	2069699	2700	0
gpl011	72	Pulse	199	2079699	12700	0
gpl011	73	Picture	feedback	2081755	0	1	20061	1	0	next	other	0
gpl011	73	Pulse	199	2089699	7944	0
gpl011	73	Pulse	199	2099698	17944	0
gpl011	74	Picture	fix	2101816	0	1	23377	1	0	next	other	0
gpl011	74	Pulse	199	2109699	7883	0
gpl011	74	Pulse	199	2119698	17883	0
gpl011	76	Picture	stim	2125192	0	1	25035	1	0	25000	incorrect	169
gpl011	76	Pulse	199	2129699	4506	0
gpl011	76	Response	32	2138088	12896	0
gpl011	76	Pulse	199	2139698	14506	0
gpl011	76	Pulse	199	2149698	24506	0
gpl011	77	Picture	fix2	2150227	0	1	21388	1	0	next	other	0
gpl011	77	Pulse	199	2159699	9472	0
gpl011	77	Pulse	199	2169699	19471	0
gpl011	78	Picture	feedback	2171615	0	1	20061	1	0	next	other	0
gpl011	78	Pulse	199	2179699	8084	0
gpl011	78	Pulse	199	2189699	18084	0
gpl011	79	Picture	fix	2191676	0	1	22216	1	0	next	other	0
gpl011	79	Pulse	199	2199699	8023	0
gpl011	79	Pulse	199	2209698	18022	0
gpl011	81	Picture	stim	2213892	0	1	25035	1	0	25000	hit	184
gpl011	81	Pulse	199	2219699	5807	0
gpl011	81	Pulse	199	2229698	15806	0
gpl011	81	Response	16	2231338	17446	0
gpl011	82	Picture	fix2	2238927	0	1	21387	1	0	next	other	0
gpl011	82	Pulse	199	2239698	771	0
gpl011	82	Pulse	199	2249698	10771	0
gpl011	82	Pulse	199	2259698	20771	0
gpl011	83	Picture	feedback	2260314	0	1	20061	1	0	next	other	0
gpl011	83	Pulse	199	2269698	9384	0
gpl011	83	Pulse	199	2279698	19384	0
gpl011	84	Picture	fix	2280375	0	1	28517	1	0	next	other	0
gpl011	84	Pulse	199	2289698	9323	0
gpl011	84	Pulse	199	2299698	19323	0
gpl011	86	Picture	stim	2308892	0	1	25035	1	0	25000	hit	199
gpl011	86	Pulse	199	2309698	806	0
gpl011	86	Pulse	199	2319698	10806	0
gpl011	86	Pulse	199	2329698	20806	0
gpl011	86	Response	16	2333458	24566	0
gpl011	87	Picture	fix2	2333926	0	1	21885	1	0	next	other	0
gpl011	87	Pulse	199	2339698	5772	0
gpl011	87	Pulse	199	2349698	15771	0
gpl011	88	Picture	feedback	2355811	0	1	20061	1	0	next	other	0
gpl011	88	Pulse	199	2359698	3887	0
gpl011	88	Pulse	199	2369698	13887	0
gpl011	89	Picture	fix	2375872	0	1	29014	1	0	next	other	0
gpl011	89	Pulse	199	2379698	3826	0
gpl011	89	Pulse	199	2389698	13826	0
gpl011	89	Pulse	199	2399699	23826	0
gpl011	91	Picture	stim	2404886	0	1	25035	1	0	25000	hit	213
gpl011	91	Pulse	199	2409698	4812	0
gpl011	91	Pulse	199	2419698	14812	0
gpl011	91	Response	16	2423608	18722	0
gpl011	91	Pulse	199	2429698	24812	0
gpl011	92	Picture	fix2	2430086	0	2	17243	2	0	next	other	0
gpl011	92	Pulse	199	2439699	9613	0
gpl011	93	Picture	feedback	2447329	0	1	20061	1	0	next	other	0
gpl011	93	Pulse	199	2449698	2369	0
gpl011	93	Pulse	199	2459699	12370	0
gpl011	94	Picture	fix	2467390	0	1	28848	1	0	next	other	0
gpl011	94	Pulse	199	2469699	2309	0
gpl011	94	Pulse	199	2479698	12308	0
gpl011	94	Pulse	199	2489699	22309	0
gpl011	96	Picture	stim	2496238	0	1	25035	1	0	25000	hit	228
gpl011	96	Pulse	199	2499699	3461	0
gpl011	96	Pulse	199	2509699	13461	0
gpl011	96	Pulse	199	2519698	23460	0
gpl011	96	Response	16	2520698	24460	0
gpl011	97	Picture	fix2	2521273	0	1	14092	1	0	next	other	0
gpl011	97	Pulse	199	2529699	8426	0
gpl011	98	Picture	feedback	2535365	0	1	20060	2	0	next	other	0
gpl011	98	Pulse	199	2539699	4334	0
gpl011	98	Pulse	199	2549698	14333	0
gpl011	99	Picture	fix	2555426	0	2	16249	2	0	next	other	0
gpl011	99	Pulse	199	2559699	4273	0
gpl011	99	Pulse	199	2569699	14273	0
gpl011	101	Picture	stim	2571674	0	1	25035	1	0	25000	hit	240
gpl011	101	Pulse	199	2579699	8025	0
gpl011	101	Pulse	199	2589699	18024	0
gpl011	101	Response	16	2596488	24814	0
gpl011	102	Picture	fix2	2596709	0	1	21553	1	0	next	other	0
gpl011	102	Pulse	199	2599699	2990	0
gpl011	102	Pulse	199	2609699	12990	0
gpl011	103	Picture	feedback	2618262	0	1	20061	1	0	next	other	0
gpl011	103	Pulse	199	2619698	1436	0
gpl011	103	Pulse	199	2629699	11436	0
gpl011	104	Picture	fix	2638323	0	1	20393	1	0	next	other	0
gpl011	104	Pulse	199	2639699	1376	0
gpl011	104	Pulse	199	2649699	11375	0
gpl011	106	Picture	stim	2658716	0	1	25035	1	0	25000	incorrect	252
gpl011	106	Pulse	199	2659698	982	0
gpl011	106	Response	32	2667899	9183	0
gpl011	106	Pulse	199	2669699	10983	0
gpl011	106	Pulse	199	2679699	20983	0
gpl011	107	Picture	fix2	2683751	0	1	16081	2	0	next	other	0
gpl011	107	Pulse	199	2689699	5948	0
gpl011	107	Pulse	199	2699699	15948	0
gpl011	108	Picture	feedback	2699831	0	2	20062	2	0	next	other	0
gpl011	108	Pulse	199	2709699	9868	0
gpl011	108	Pulse	199	2719699	19868	0
gpl011	109	Picture	fix	2719894	0	1	21885	1	0	next	other	0
gpl011	109	Pulse	199	2729698	9805	0
gpl011	109	Pulse	199	2739699	19805	0
gpl011	111	Picture	stim	2741778	0	1	25035	1	0	25000	hit	266
gpl011	111	Pulse	199	2749699	7921	0
gpl011	111	Response	16	2755879	14100	0
gpl011	111	Pulse	199	2759708	17930	0
gpl011	112	Picture	fix2	2766813	0	1	18071	1	0	next	other	0
gpl011	112	Pulse	199	2769709	2896	0
gpl011	112	Pulse	199	2779709	12896	0
gpl011	113	Picture	feedback	2784885	0	1	20061	1	0	next	other	0
gpl011	113	Pulse	199	2789709	4824	0
gpl011	113	Pulse	199	2799698	14814	0
gpl011	114	Picture	fix	2804946	0	1	26859	1	0	next	other	0
gpl011	114	Pulse	199	2809699	4754	0
gpl011	114	Pulse	199	2819709	14763	0
gpl011	114	Pulse	199	2829709	24763	0
gpl011	116	Picture	stim	2831804	0	1	25035	1	0	25000	incorrect	280
gpl011	116	Pulse	199	2839709	7905	0
gpl011	116	Response	32	2844798	12994	0
gpl011	116	Pulse	199	2849709	17905	0
gpl011	117	Picture	fix2	2856839	0	1	16745	1	0	next	other	0
gpl011	117	Pulse	199	2859709	2870	0
gpl011	117	Pulse	199	2869709	12870	0
gpl011	118	Picture	feedback	2873584	0	1	20061	1	0	next	other	0
gpl011	118	Pulse	199	2879709	6125	0
gpl011	118	Pulse	199	2889709	16125	0
gpl011	119	Picture	fix	2893645	0	1	22051	1	0	next	other	0
gpl011	119	Pulse	199	2899709	6064	0
gpl011	119	Pulse	199	2909709	16064	0
gpl011	121	Picture	stim	2915696	0	1	25035	1	0	25000	incorrect	294
gpl011	121	Pulse	199	2919709	4013	0
gpl011	121	Pulse	199	2929709	14013	0
gpl011	121	Response	32	2938228	22533	0
gpl011	121	Pulse	199	2939709	24013	0
gpl011	122	Picture	fix2	2940730	0	1	22201	182	0	next	other	0
gpl011	122	Pulse	199	2949709	8978	0
gpl011	122	Pulse	199	2959708	18978	0
gpl011	123	Picture	feedback	2962932	0	182	20076	182	0	next	other	0
gpl011	123	Pulse	199	2969708	6776	0
gpl011	123	Pulse	199	2979708	16777	0
gpl011	124	Picture	fix	2983008	0	1	29677	1	0	next	other	0
gpl011	124	Pulse	199	2989709	6701	0
gpl011	124	Pulse	199	2999708	16700	0
gpl011	124	Pulse	199	3009708	26701	0
gpl011	126	Picture	stim	3012685	0	1	25035	1	0	25000	incorrect	308
gpl011	126	Pulse	199	3019709	7024	0
gpl011	126	Response	32	3024159	11474	0
gpl011	126	Pulse	199	3029709	17024	0
gpl011	127	Picture	fix2	3037720	0	1	24206	1	0	next	other	0
gpl011	127	Pulse	199	3039708	1989	0
gpl011	127	Pulse	199	3049709	11989	0
gpl011	127	Pulse	199	3059708	21989	0
gpl011	128	Picture	feedback	3061925	0	1	20061	1	0	next	other	0
gpl011	128	Pulse	199	3069708	7783	0
gpl011	128	Pulse	199	3079708	17783	0
gpl011	129	Picture	fix	3081986	0	1	18569	1	0	next	other	0
gpl011	129	Pulse	199	3089709	7722	0
gpl011	129	Pulse	199	3099708	17722	0
gpl011	131	Picture	stim	3100555	0	1	25201	1	0	25000	miss	0
gpl011	131	Pulse	199	3109708	9153	0
gpl011	131	Pulse	199	3119708	19153	0
gpl011	131	Response	32	3125638	25083	0
gpl011	132	Picture	fix2	3125756	0	1	11606	1	0	next	other	0
gpl011	132	Pulse	199	3129709	3953	0
gpl011	133	Picture	feedback	3137361	0	1	20227	1	0	next	other	0
gpl011	133	Pulse	199	3139708	2347	0
gpl011	133	Pulse	199	3149709	12348	0
gpl011	134	Picture	fix	3157588	0	1	17740	1	0	next	other	0
gpl011	134	Pulse	199	3159709	2121	0
gpl011	134	Pulse	199	3169709	12121	0
gpl011	136	Picture	stim	3175328	0	1	25035	1	0	25000	incorrect	334
gpl011	136	Pulse	199	3179709	4380	0
gpl011	136	Response	32	3185149	9821	0
gpl011	136	Pulse	199	3189709	14381	0
gpl011	136	Pulse	199	3199709	24381	0
gpl011	137	Picture	fix2	3200363	0	1	18569	1	0	next	other	0
gpl011	137	Pulse	199	3209709	9346	0
gpl011	138	Picture	feedback	3218932	0	1	20061	1	0	next	other	0
gpl011	138	Pulse	199	3219708	777	0
gpl011	138	Pulse	199	3229709	10777	0
gpl011	139	Picture	fix	3238993	0	1	33988	1	0	next	other	0
gpl011	139	Pulse	199	3239709	716	0
gpl011	139	Pulse	199	3249708	10716	0
gpl011	139	Pulse	199	3259709	20716	0
gpl011	139	Pulse	199	3269709	30716	0
gpl011	141	Picture	stim	3272980	0	1	25035	1	0	25000	incorrect	350
gpl011	141	Pulse	199	3279709	6728	0
gpl011	141	Pulse	199	3289709	16729	0
gpl011	141	Response	32	3293768	20787	0
gpl011	142	Picture	fix2	3298015	0	1	11108	1	0	next	other	0
gpl011	142	Pulse	199	3299709	1694	0
gpl011	143	Picture	feedback	3309123	0	1	20061	1	0	next	other	0
gpl011	143	Pulse	199	3309709	585	0
gpl011	143	Pulse	199	3319708	10585	0
gpl011	144	Picture	fix	3329184	0	1	29180	1	0	next	other	0
gpl011	144	Pulse	199	3329709	525	0
gpl011	144	Pulse	199	3339709	10524	0
gpl011	144	Pulse	199	3349708	20524	0
gpl011	146	Picture	stim	3358364	0	1	25035	1	0	25000	incorrect	363
gpl011	146	Pulse	199	3359709	1344	0
gpl011	146	Pulse	199	3369709	11345	0
gpl011	146	Response	32	3371658	13294	0
gpl011	146	Pulse	199	3379709	21345	0
gpl011	147	Picture	fix2	3383565	0	1	15916	1	0	next	other	0
gpl011	147	Pulse	199	3389709	6144	0
gpl011	148	Picture	feedback	3399481	0	1	20061	1	0	next	other	0
gpl011	148	Pulse	199	3399709	228	0
gpl011	148	Pulse	199	3409709	10228	0
gpl011	149	Picture	fix	3419542	0	1	35977	1	0	next	other	0
gpl011	149	Pulse	199	3419709	167	0
gpl011	149	Pulse	199	3429709	10167	0
gpl011	149	Pulse	199	3439709	20167	0
gpl011	149	Pulse	199	3449709	30167	0
gpl011	151	Picture	stim	3455519	0	1	25035	1	0	25000	incorrect	378
gpl011	151	Pulse	199	3459709	4190	0
gpl011	151	Pulse	199	3469709	14190	0
gpl011	151	Response	32	3469929	14410	0
gpl011	151	Pulse	199	3479709	24190	0
gpl011	152	Picture	fix2	3480554	0	1	23542	1	0	next	other	0
gpl011	152	Pulse	199	3489709	9155	0
gpl011	152	Pulse	199	3499709	19155	0
gpl011	153	Picture	feedback	3504096	0	1	20061	1	0	next	other	0
gpl011	153	Pulse	199	3509709	5613	0
gpl011	153	Pulse	199	3519709	15613	0
gpl011	154	Picture	fix	3524158	0	1	26859	1	0	next	other	0
gpl011	154	Pulse	199	3529709	5551	0
gpl011	154	Pulse	199	3539709	15551	0
gpl011	154	Pulse	199	3549709	25551	0
gpl011	156	Picture	stim	3551016	0	1	25035	1	0	25000	hit	393
gpl011	156	Pulse	199	3559708	8692	0
gpl011	156	Pulse	199	3569709	18693	0
gpl011	156	Response	16	3575038	24022	0
gpl011	157	Picture	fix2	3576051	0	1	15916	1	0	next	other	0
gpl011	157	Pulse	199	3579709	3658	0
gpl011	157	Pulse	199	3589709	13658	0
gpl011	158	Picture	feedback	3591967	0	1	20061	1	0	next	other	0
gpl011	158	Pulse	199	3599709	7742	0
gpl011	158	Pulse	199	3609709	17742	0
gpl011	159	Picture	fix	3612028	0	1	20061	1	0	next	other	0
gpl011	159	Pulse	199	3619709	7681	0
gpl011	159	Pulse	199	3629708	17680	0
gpl011	161	Picture	stim	3632089	0	1	25035	1	0	25000	hit	405
gpl011	161	Pulse	199	3639709	7620	0
gpl011	161	Response	16	3647629	15540	0
gpl011	161	Pulse	199	3649709	17620	0
gpl011	162	Picture	fix2	3657124	0	1	13927	1	0	next	other	0
gpl011	162	Pulse	199	3659709	2585	0
gpl011	162	Pulse	199	3669709	12585	0
gpl011	163	Picture	feedback	3671051	0	1	20061	1	0	next	other	0
gpl011	163	Pulse	199	3679709	8658	0
gpl011	163	Pulse	199	3689709	18658	0
gpl011	164	Picture	fix	3691111	0	1	25201	1	0	next	other	0
gpl011	164	Pulse	199	3699708	8597	0
gpl011	164	Pulse	199	3709709	18597	0
gpl011	166	Picture	stim	3716312	0	1	25035	1	0	25000	hit	418
gpl011	166	Pulse	199	3719709	3397	0
gpl011	166	Response	16	3729488	13176	0
gpl011	166	Pulse	199	3729708	13396	0
gpl011	166	Pulse	199	3739709	23397	0
gpl011	167	Picture	fix2	3741347	0	1	24372	1	0	next	other	0
gpl011	167	Pulse	199	3749709	8362	0
gpl011	167	Pulse	199	3759709	18362	0
gpl011	168	Picture	feedback	3765719	0	1	20061	1	0	next	other	0
gpl011	168	Pulse	199	3769708	3990	0
gpl011	168	Pulse	199	3779709	13990	0
gpl011	169	Picture	fix	3785779	0	1	37469	1	0	next	other	0
gpl011	169	Pulse	199	3789709	3929	0
gpl011	169	Pulse	199	3799708	13929	0
gpl011	169	Pulse	199	3809709	23929	0
gpl011	169	Pulse	199	3819709	33929	0
gpl011	171	Picture	stim	3823249	0	1	25035	1	0	25000	incorrect	435
gpl011	171	Pulse	199	3829709	6460	0
gpl011	171	Pulse	199	3839708	16459	0
gpl011	171	Response	32	3842688	19439	0
gpl011	172	Picture	fix2	3848284	0	1	15253	1	0	next	other	0
gpl011	172	Pulse	199	3849709	1425	0
gpl011	172	Pulse	199	3859709	11425	0
gpl011	173	Picture	feedback	3863537	0	1	20061	1	0	next	other	0
gpl011	173	Pulse	199	3869709	6172	0
gpl011	173	Pulse	199	3879709	16172	0
gpl011	174	Picture	fix	3883598	0	1	23377	1	0	next	other	0
gpl011	174	Pulse	199	3889709	6111	0
gpl011	174	Pulse	199	3899709	16111	0
gpl011	176	Picture	stim	3906975	0	1	25035	1	0	25000	hit	448
gpl011	176	Pulse	199	3909709	2734	0
gpl011	176	Pulse	199	3919709	12734	0
gpl011	176	Response	16	3927959	20984	0
gpl011	176	Pulse	199	3929709	22734	0
gpl011	177	Picture	fix2	3932009	0	1	14590	1	0	next	other	0
gpl011	177	Pulse	199	3939709	7699	0
gpl011	178	Picture	feedback	3946599	0	1	20061	1	0	next	other	0
gpl011	178	Pulse	199	3949709	3110	0
gpl011	178	Pulse	199	3959709	13110	0
gpl011	179	Picture	fix	3966660	0	1	23543	1	0	next	other	0
gpl011	179	Pulse	199	3969709	3049	0
gpl011	179	Pulse	199	3979708	13048	0
gpl011	179	Pulse	199	3989708	23048	0
gpl011	181	Picture	stim	3990203	0	1	25035	1	0	25000	hit	461
gpl011	181	Pulse	199	3999708	9506	0
gpl011	181	Response	16	4006389	16186	0
gpl011	181	Pulse	199	4009708	19505	0
gpl011	182	Picture	fix2	4015238	0	1	10777	1	0	next	other	0
gpl011	182	Pulse	199	4019708	4471	0
gpl011	183	Picture	feedback	4026014	0	1	20061	1	0	next	other	0
gpl011	183	Pulse	199	4029708	3694	0
gpl011	183	Pulse	199	4039708	13694	0
gpl011	184	Picture	fix	4046075	0	1	26030	1	0	next	other	0
gpl011	184	Pulse	199	4049709	3634	0
gpl011	184	Pulse	199	4059708	13633	0
gpl011	184	Pulse	199	4069708	23633	0
gpl011	186	Picture	stim	4072105	0	1	25035	1	0	25000	incorrect	474
gpl011	186	Pulse	199	4079708	7603	0
gpl011	186	Response	32	4087549	15444	0
gpl011	186	Pulse	199	4089708	17603	0
gpl011	187	Picture	fix2	4097140	0	1	20393	1	0	next	other	0
gpl011	187	Pulse	199	4099709	2569	0
gpl011	187	Pulse	199	4109708	12568	0
gpl011	188	Picture	feedback	4117532	0	1	20061	1	0	next	other	0
gpl011	188	Pulse	199	4119708	2176	0
gpl011	188	Pulse	199	4129708	12176	0
gpl011	189	Picture	fix	4137593	0	1	29345	1	0	next	other	0
gpl011	189	Pulse	199	4139708	2115	0
gpl011	189	Pulse	199	4149708	12115	0
gpl011	189	Pulse	199	4159709	22115	0
gpl011	191	Picture	stim	4166939	0	1	25035	1	0	25000	hit	490
gpl011	191	Pulse	199	4169709	2770	0
gpl011	191	Pulse	199	4179708	12770	0
gpl011	191	Pulse	199	4189709	22770	0
gpl011	191	Response	16	4190289	23350	0
gpl011	192	Picture	fix2	4191973	0	1	29014	1	0	next	other	0
gpl011	192	Pulse	199	4199709	7736	0
gpl011	192	Pulse	199	4209709	17735	0
gpl011	192	Pulse	199	4219709	27735	0
gpl011	193	Picture	feedback	4220987	0	1	20061	1	0	next	other	0
gpl011	193	Pulse	199	4229709	8722	0
gpl011	193	Pulse	199	4239709	18721	0
gpl011	194	Picture	fix	4241048	0	1	28019	1	0	next	other	0
gpl011	194	Pulse	199	4249708	8660	0
gpl011	194	Pulse	199	4259709	18661	0
gpl011	196	Picture	stim	4269067	0	1	25035	1	0	25000	incorrect	504
gpl011	196	Pulse	199	4269709	642	0
gpl011	196	Pulse	199	4279709	10642	0
gpl011	196	Response	32	4288139	19071	0
gpl011	196	Pulse	199	4289708	20641	0
gpl011	197	Picture	fix2	4294268	0	1	22051	1	0	next	other	0
gpl011	197	Pulse	199	4299709	5441	0
gpl011	197	Pulse	199	4309709	15441	0
gpl011	198	Picture	feedback	4316319	0	1	20061	1	0	next	other	0
gpl011	198	Pulse	199	4319708	3390	0
gpl011	198	Pulse	199	4329709	13390	0
gpl011	199	Picture	fix	4336380	0	1	33325	1	0	next	other	0
gpl011	199	Pulse	199	4339709	3329	0
gpl011	199	Pulse	199	4349709	13329	0
gpl011	199	Pulse	199	4359709	23329	0
gpl011	201	Picture	stim	4369704	0	1	25035	1	0	25000	incorrect	519
gpl011	201	Pulse	199	4369709	5	0
gpl011	201	Pulse	199	4379709	10005	0
gpl011	201	Response	32	4387788	18084	0
gpl011	201	Pulse	199	4389708	20004	0
gpl011	202	Picture	fix2	4394739	0	1	23377	1	0	next	other	0
gpl011	202	Pulse	199	4399709	4970	0
gpl011	202	Pulse	199	4409709	14970	0
gpl011	203	Picture	feedback	4418116	0	1	20061	1	0	next	other	0
gpl011	203	Pulse	199	4419709	1593	0
gpl011	203	Pulse	199	4429709	11594	0
gpl011	204	Picture	fix	4438177	0	1	30009	1	0	next	other	0
gpl011	204	Pulse	199	4439709	1532	0
gpl011	204	Pulse	199	4449709	11532	0
gpl011	204	Pulse	199	4459708	21532	0
gpl011	206	Picture	stim	4468185	0	1	25035	1	0	25000	miss	0
gpl011	206	Pulse	199	4469709	1524	0
gpl011	206	Pulse	199	4479709	11523	0
gpl011	206	Pulse	199	4489708	21523	0
gpl011	207	Picture	fix2	4493220	0	1	20061	1	0	next	other	0
gpl011	207	Response	32	4495819	2599	0
gpl011	207	Pulse	199	4499709	6489	0
gpl011	207	Pulse	199	4509709	16489	0
gpl011	208	Picture	feedback	4513281	0	1	20061	1	0	next	other	0
gpl011	208	Pulse	199	4519709	6428	0
gpl011	208	Pulse	199	4529708	16427	0
gpl011	209	Picture	fix	4533342	0	1	19066	1	0	next	other	0
gpl011	209	Pulse	199	4539709	6367	0
gpl011	209	Pulse	199	4549709	16367	0
gpl011	211	Picture	stim	4552408	0	1	25035	1	0	25000	hit	547
gpl011	211	Pulse	199	4559718	7310	0
gpl011	211	Response	16	4565319	12910	0
gpl011	211	Pulse	199	4569709	17300	0
gpl011	212	Picture	fix2	4577443	0	1	18072	1	0	next	other	0
gpl011	212	Pulse	199	4579719	2276	0
gpl011	212	Pulse	199	4589709	12266	0
gpl011	213	Picture	feedback	4595515	0	1	20061	1	0	next	other	0
gpl011	213	Pulse	199	4599708	4193	0
gpl011	213	Pulse	199	4609719	14204	0
gpl011	214	Picture	fix	4615576	0	1	32164	1	0	next	other	0
gpl011	214	Pulse	199	4619719	4144	0
gpl011	214	Pulse	199	4629719	14143	0
gpl011	214	Pulse	199	4639719	24143	0
gpl011	216	Picture	stim	4647740	0	1	25035	1	0	25000	hit	563
gpl011	216	Pulse	199	4649719	1979	0
gpl011	216	Pulse	199	4659719	11979	0
gpl011	216	Pulse	199	4669719	21979	0
gpl011	216	Response	16	4670288	22548	0
gpl011	217	Picture	fix2	4672774	0	1	26195	1	0	next	other	0
gpl011	217	Pulse	199	4679719	6945	0
gpl011	217	Pulse	199	4689719	16944	0
gpl011	218	Picture	feedback	4698970	0	1	20061	1	0	next	other	0
gpl011	218	Pulse	199	4699718	749	0
gpl011	218	Pulse	199	4709719	10749	0
gpl011	219	Picture	fix	4719031	0	1	31169	1	0	next	other	0
gpl011	219	Pulse	199	4719719	688	0
gpl011	219	Pulse	199	4729718	10687	0
gpl011	219	Pulse	199	4739718	20687	0
gpl011	219	Pulse	199	4749718	30688	0
gpl011	221	Picture	stim	4750200	0	1	25035	1	0	25000	hit	577
gpl011	221	Pulse	199	4759718	9518	0
gpl011	221	Response	16	4765749	15549	0
gpl011	221	Pulse	199	4769718	19518	0
gpl011	222	Picture	fix2	4775235	0	1	25864	1	0	next	other	0
gpl011	222	Pulse	199	4779718	4484	0
gpl011	222	Pulse	199	4789718	14483	0
gpl011	222	Pulse	199	4799718	24483	0
gpl011	223	Picture	feedback	4801099	0	1	20061	1	0	next	other	0
gpl011	223	Pulse	199	4809719	8620	0
gpl011	223	Pulse	199	4819718	18620	0
gpl011	224	Picture	fix	4821160	0	1	27356	1	0	next	other	0
gpl011	224	Pulse	199	4829718	8559	0
gpl011	224	Pulse	199	4839718	18558	0
gpl011	226	Picture	stim	4848515	0	1	25035	1	0	25000	incorrect	592
gpl011	226	Pulse	199	4849718	1203	0
gpl011	226	Pulse	199	4859718	11203	0
gpl011	226	Response	32	4868008	19493	0
gpl011	226	Pulse	199	4869718	21203	0
gpl011	227	Picture	fix2	4873550	0	1	29345	1	0	next	other	0
gpl011	227	Pulse	199	4879718	6168	0
gpl011	227	Pulse	199	4889718	16168	0
gpl011	227	Pulse	199	4899718	26168	0
gpl011	228	Picture	feedback	4902896	0	1	20061	1	0	next	other	0
gpl011	228	Pulse	199	4909718	6822	0
gpl011	228	Pulse	199	4919718	16823	0
gpl011	229	Picture	fix	4922957	0	1	17408	1	0	next	other	0
gpl011	229	Pulse	199	4929719	6762	0
gpl011	229	Pulse	199	4939718	16761	0
gpl011	231	Picture	stim	4940365	0	1	25035	1	0	25000	hit	606
gpl011	231	Pulse	199	4949719	9354	0
gpl011	231	Response	16	4954528	14163	0
gpl011	231	Pulse	199	4959719	19353	0
gpl011	232	Picture	fix2	4965400	0	1	26361	1	0	next	other	0
gpl011	232	Pulse	199	4969719	4319	0
gpl011	232	Pulse	199	4979718	14319	0
gpl011	232	Pulse	199	4989719	24319	0
gpl011	233	Picture	feedback	4991761	0	1	20061	1	0	next	other	0
gpl011	233	Pulse	199	4999719	7958	0
gpl011	233	Pulse	199	5009718	17957	0
gpl011	234	Picture	fix	5011822	0	1	20227	1	0	next	other	0
gpl011	234	Pulse	199	5019719	7897	0
gpl011	234	Pulse	199	5029719	17897	0
gpl011	236	Picture	stim	5032049	0	1	25035	1	0	25000	hit	621
gpl011	236	Pulse	199	5039719	7670	0
gpl011	236	Pulse	199	5049719	17670	0
gpl011	236	Response	16	5051488	19439	0
gpl011	237	Picture	fix2	5057084	0	1	16414	1	0	next	other	0
gpl011	237	Pulse	199	5059719	2635	0
gpl011	237	Pulse	199	5069719	12635	0
gpl011	238	Picture	feedback	5073497	0	1	20061	1	0	next	other	0
gpl011	238	Pulse	199	5079719	6222	0
gpl011	238	Pulse	199	5089719	16222	0
gpl011	239	Picture	fix	5093558	0	1	23708	1	0	next	other	0
gpl011	239	Pulse	199	5099719	6161	0
gpl011	239	Pulse	199	5109719	16161	0
gpl011	241	Picture	stim	5117266	0	1	25035	1	0	25000	hit	634
gpl011	241	Pulse	199	5119719	2452	0
gpl011	241	Pulse	199	5129719	12452	0
gpl011	241	Response	16	5137018	19752	0
gpl011	241	Pulse	199	5139719	22452	0
gpl011	242	Picture	fix2	5142301	0	1	17906	1	0	next	other	0
gpl011	242	Pulse	199	5149719	7417	0
gpl011	242	Pulse	199	5159718	17417	0
gpl011	243	Picture	feedback	5160207	0	1	20061	1	0	next	other	0
gpl011	243	Pulse	199	5169719	9512	0
gpl011	243	Pulse	199	5179719	19512	0
gpl011	244	Picture	fix	5180268	0	1	30838	1	0	next	other	0
gpl011	244	Pulse	199	5189719	9450	0
gpl011	244	Pulse	199	5199719	19451	0
gpl011	244	Pulse	199	5209719	29451	0
gpl011	246	Picture	stim	5211106	0	1	25035	1	0	25000	incorrect	648
gpl011	246	Pulse	199	5219719	8613	0
gpl011	246	Response	32	5223619	12513	0
gpl011	246	Pulse	199	5229719	18613	0
gpl011	247	Picture	fix2	5236141	0	1	20558	1	0	next	other	0
gpl011	247	Pulse	199	5239719	3579	0
gpl011	247	Pulse	199	5249718	13578	0
gpl011	248	Picture	feedback	5256699	0	1	20061	1	0	next	other	0
gpl011	248	Pulse	199	5259719	3020	0
gpl011	248	Pulse	199	5269719	13020	0
gpl011	249	Picture	fix	5276760	0	1	19398	1	0	next	other	0
gpl011	249	Pulse	199	5279719	2959	0
gpl011	249	Pulse	199	5289718	12958	0
gpl011	251	Picture	stim	5296158	0	1	25035	1	0	25000	incorrect	662
gpl011	251	Pulse	199	5299719	3561	0
gpl011	251	Pulse	199	5309719	13561	0
gpl011	251	Response	32	5316628	20471	0
gpl011	251	Pulse	199	5319718	23561	0
gpl011	252	Picture	fix2	5321193	0	1	16082	1	0	next	other	0
gpl011	252	Pulse	199	5329719	8527	0
gpl011	253	Picture	feedback	5337275	0	1	20061	1	0	next	other	0
gpl011	253	Pulse	199	5339719	2444	0
gpl011	253	Pulse	199	5349719	12444	0
gpl011	254	Picture	fix	5357336	0	1	24703	1	0	next	other	0
gpl011	254	Pulse	199	5359718	2383	0
gpl011	254	Pulse	199	5369719	12383	0
gpl011	254	Pulse	199	5379719	22383	0
gpl011	256	Picture	stim	5382039	0	1	25035	1	0	25000	incorrect	676
gpl011	256	Pulse	199	5389718	7680	0
gpl011	256	Pulse	199	5399719	17680	0
gpl011	256	Response	32	5403158	21119	0
gpl011	257	Picture	fix2	5407239	0	1	16579	1	0	next	other	0
gpl011	257	Pulse	199	5409719	2480	0
gpl011	257	Pulse	199	5419719	12479	0
gpl011	258	Picture	feedback	5423819	0	1	20061	1	0	next	other	0
gpl011	258	Pulse	199	5429718	5900	0
gpl011	258	Pulse	199	5439719	15900	0
gpl011	259	Picture	fix	5443880	0	1	25366	1	0	next	other	0
gpl011	259	Pulse	199	5449719	5839	0
gpl011	259	Pulse	199	5459718	15838	0
gpl011	261	Picture	stim	5469246	0	1	25035	1	0	25000	incorrect	689
gpl011	261	Pulse	199	5469719	473	0
gpl011	261	Pulse	199	5479719	10473	0
gpl011	261	Response	32	5482669	13423	0
gpl011	261	Pulse	199	5489719	20473	0
gpl011	262	Picture	fix2	5494447	0	1	16414	1	0	next	other	0
gpl011	262	Pulse	199	5499719	5272	0
gpl011	262	Pulse	199	5509719	15272	0
gpl011	263	Picture	feedback	5510860	0	1	20061	1	0	next	other	0
gpl011	263	Pulse	199	5519719	8859	0
gpl011	263	Pulse	199	5529718	18858	0
gpl011	264	Picture	fix	5530921	0	1	22382	1	0	next	other	0
gpl011	264	Pulse	199	5539719	8798	0
gpl011	264	Pulse	199	5549719	18798	0
gpl011	266	Picture	stim	5553303	0	1	25035	1	0	25000	incorrect	703
gpl011	266	Pulse	199	5559719	6415	0
gpl011	266	Pulse	199	5569719	16416	0
gpl011	266	Response	32	5573488	20185	0
gpl011	267	Picture	fix2	5578338	0	1	22548	1	0	next	other	0
gpl011	267	Pulse	199	5579719	1381	0
gpl011	267	Pulse	199	5589719	11381	0
gpl011	267	Pulse	199	5599718	21380	0
gpl011	268	Picture	feedback	5600886	0	1	20061	1	0	next	other	0
gpl011	268	Pulse	199	5609719	8833	0
gpl011	268	Pulse	199	5619719	18833	0
gpl011	269	Picture	100	5620947	0	1	250000	183	0	250000	other	0
gpl011	269	Pulse	199	5629718	8771	0
gpl011	269	Pulse	199	5639719	18772	0
gpl011	269	Pulse	199	5649719	28772	0
gpl011	269	Pulse	199	5659719	38772	0
gpl011	269	Pulse	199	5669718	48771	0
gpl011	269	Pulse	199	5679719	58772	0
gpl011	269	Pulse	199	5689719	68772	0
gpl011	269	Pulse	199	5699718	78771	0
gpl011	269	Pulse	199	5709719	88772	0
gpl011	269	Pulse	199	5719719	98772	0
gpl011	269	Pulse	199	5729719	108772	0
gpl011	269	Pulse	199	5739718	118771	0
gpl011	269	Pulse	199	5749719	128772	0
gpl011	269	Pulse	199	5759719	138772	0
gpl011	269	Pulse	199	5769718	148771	0
gpl011	269	Pulse	199	5779719	158772	0
gpl011	269	Pulse	199	5789719	168771	0
gpl011	269	Pulse	199	5799719	178772	0
gpl011	269	Pulse	199	5809718	188771	0
gpl011	269	Pulse	199	5819719	198772	0
gpl011	269	Pulse	199	5829719	208772	0
gpl011	269	Pulse	199	5839719	218772	0
