Scenario - FeedLearn_B.sce
Logfile written - 10/06/2020 11:43:47

Subject	Trial	Event Type	Code	Time	TTime	Uncertainty	Duration	Uncertainty	ReqTime	ReqDur	Stim Type	Pair Index

p006	0	Pulse	199	0	0	NA
p006	0	Pulse	199	10000	10000	NA
p006	1	Pulse	199	20000	9833	NA
p006	1	Pulse	199	30000	19833	NA
p006	1	Pulse	199	40000	29833	NA
p006	1	Pulse	199	50000	39833	NA
p006	1	Pulse	199	60000	49833	NA
p006	1	Pulse	199	70000	59833	NA
p006	1	Pulse	199	80000	69833	NA
p006	1	Pulse	199	90000	79833	NA
p006	1	Pulse	199	100000	89833	NA
p006	1	Pulse	199	110000	99833	NA
p006	1	Pulse	199	120000	109833	NA
p006	1	Pulse	199	130000	119833	NA
p006	1	Pulse	199	140000	129833	NA
p006	1	Pulse	199	150000	139833	NA
p006	1	Pulse	199	160000	149833	NA
p006	1	Pulse	199	170000	159833	NA
p006	1	Pulse	199	180000	169833	NA
p006	1	Pulse	199	190000	179833	NA
p006	1	Pulse	199	200000	189833	NA
p006	1	Pulse	199	210000	199833	NA
p006	1	Pulse	199	220000	209833	NA
p006	1	Pulse	199	230000	219833	NA
p006	1	Pulse	199	240000	229833	NA
p006	1	Pulse	199	250000	239833	NA
p006	1	Pulse	199	260000	249833	NA
p006	1	Pulse	199	270000	259833	NA
p006	1	Pulse	199	280000	269833	NA
p006	1	Pulse	199	290000	279833	NA
p006	1	Pulse	199	300000	289833	NA
p006	1	Response	32	300613	290446	0
p006	2	Picture	fix	300836	0	1	18774	1	0	next	other	0
p006	2	Pulse	199	310000	9164	NA
p006	4	Picture	stim	319610	0	1	12907	1	0	next	hit	38
p006	4	Pulse	199	320000	390	NA
p006	4	Pulse	199	330000	10390	NA
p006	4	Response	16	332411	12801	0
p006	5	Picture	feedback	332518	0	1	20116	1	0	next	other	0
p006	5	Pulse	199	340000	7482	NA
p006	5	Pulse	199	350000	17482	NA
p006	6	Picture	fix	352633	0	1	32185	1	0	next	other	0
p006	6	Pulse	199	360000	7367	NA
p006	6	Pulse	199	370000	17367	NA
p006	6	Pulse	199	380000	27367	NA
p006	8	Picture	stim	384818	0	1	13075	1	0	next	hit	48
p006	8	Pulse	199	390000	5182	NA
p006	8	Response	16	397804	12985	0
p006	9	Picture	feedback	397893	0	1	20116	1	0	next	other	0
p006	9	Pulse	199	400000	2107	NA
p006	9	Pulse	199	410000	12107	NA
p006	10	Picture	fix	418009	0	1	24641	1	0	next	other	0
p006	10	Pulse	199	420000	1991	NA
p006	10	Pulse	199	430000	11991	NA
p006	10	Pulse	199	440000	21991	NA
p006	12	Picture	stim	442650	0	1	6705	1	0	next	incorrect	57
p006	12	Response	32	449240	6590	0
p006	13	Picture	feedback	449355	0	1	20116	1	0	next	other	0
p006	13	Pulse	199	450000	645	NA
p006	13	Pulse	199	460000	10645	NA
p006	14	Picture	fix	469471	0	1	21456	1	0	next	other	0
p006	14	Pulse	199	470000	529	NA
p006	14	Pulse	199	480000	10529	NA
p006	14	Pulse	199	490000	20529	NA
p006	16	Picture	stim	490927	0	1	9387	1	0	next	hit	67
p006	16	Pulse	199	500000	9073	NA
p006	16	Response	16	500175	9248	0
p006	17	Picture	feedback	500315	0	1	20115	1	0	next	other	0
p006	17	Pulse	199	510000	9685	NA
p006	17	Pulse	199	520000	19685	NA
p006	18	Picture	fix	520430	0	1	21959	1	0	next	other	0
p006	18	Pulse	199	530000	9570	NA
p006	18	Pulse	199	540000	19570	NA
p006	20	Picture	stim	542389	0	1	12069	1	0	next	incorrect	76
p006	20	Pulse	199	550000	7611	NA
p006	20	Response	32	554398	12009	0
p006	21	Picture	feedback	554459	0	1	20115	1	0	next	other	0
p006	21	Pulse	199	560000	5541	NA
p006	21	Pulse	199	570000	15541	NA
p006	22	Picture	fix	574574	0	1	23636	1	0	next	other	0
p006	22	Pulse	199	580000	5426	NA
p006	22	Pulse	199	590000	15426	NA
p006	24	Picture	stim	598210	0	1	7040	1	0	next	hit	85
p006	24	Pulse	199	600000	1790	NA
p006	24	Response	16	605132	6922	0
p006	25	Picture	feedback	605250	0	1	20116	1	0	next	other	0
p006	25	Pulse	199	610000	4750	NA
p006	25	Pulse	199	620000	14750	NA
p006	26	Pulse	199	630000	4634	NA
p006	26	Pulse	199	640000	14634	NA
p006	26	Pulse	199	650000	24634	NA
p006	26	Pulse	199	660000	34634	NA
p006	26	Pulse	199	670000	44634	NA
p006	26	Pulse	199	680000	54634	NA
p006	26	Pulse	199	690000	64634	NA
p006	26	Pulse	199	700000	74634	NA
p006	26	Pulse	199	710000	84634	NA
p006	26	Pulse	199	720000	94634	NA
p006	26	Response	32	720851	95485	0
p006	27	Pulse	199	730000	9140	NA
p006	27	Pulse	199	740000	19140	NA
p006	27	Pulse	199	750000	29140	NA
p006	27	Pulse	199	760000	39140	NA
p006	27	Pulse	199	770000	49140	NA
p006	28	Picture	fix	771203	0	1	23636	1	0	next	other	0
p006	28	Pulse	199	780000	8797	NA
p006	28	Pulse	199	790000	18797	NA
p006	30	Picture	stim	794839	0	1	25144	1	0	25000	incorrect	111
p006	30	Pulse	199	800000	5161	NA
p006	30	Pulse	199	810000	15161	NA
p006	30	Response	32	810658	15819	0
p006	31	Picture	fix2	819983	0	1	15925	1	0	next	other	0
p006	31	Pulse	199	820000	17	NA
p006	31	Pulse	199	830000	10017	NA
p006	32	Picture	feedback	835908	0	1	20115	1	0	next	other	0
p006	32	Pulse	199	840000	4092	NA
p006	32	Pulse	199	850000	14092	NA
p006	33	Picture	fix	856023	0	1	20283	1	0	next	other	0
p006	33	Pulse	199	860000	3977	NA
p006	33	Pulse	199	870000	13977	NA
p006	35	Picture	stim	876306	0	1	25144	1	0	25000	incorrect	124
p006	35	Pulse	199	880000	3694	NA
p006	35	Pulse	199	890000	13694	NA
p006	35	Response	32	892786	16480	0
p006	35	Pulse	199	900000	23694	NA
p006	36	Picture	fix2	901451	0	1	26150	1	0	next	other	0
p006	36	Pulse	199	910000	8549	NA
p006	36	Pulse	199	920000	18549	NA
p006	37	Picture	feedback	927601	0	1	20115	1	0	next	other	0
p006	37	Pulse	199	930000	2399	NA
p006	37	Pulse	199	940000	12399	NA
p006	38	Picture	fix	947716	0	1	29000	1	0	next	other	0
p006	38	Pulse	199	950000	2284	NA
p006	38	Pulse	199	960000	12284	NA
p006	38	Pulse	199	970000	22284	NA
p006	40	Picture	stim	976716	0	1	25144	1	0	25000	incorrect	139
p006	40	Pulse	199	980000	3284	NA
p006	40	Pulse	199	990000	13284	NA
p006	40	Response	32	995050	18333	0
p006	40	Pulse	199	1000000	23284	NA
p006	41	Picture	fix2	1002028	0	1	13243	1	0	next	other	0
p006	41	Pulse	199	1010000	7972	NA
p006	42	Picture	feedback	1015271	0	1	20115	1	0	next	other	0
p006	42	Pulse	199	1020000	4729	NA
p006	42	Pulse	199	1030000	14729	NA
p006	43	Picture	fix	1035386	0	1	29670	1	0	next	other	0
p006	43	Pulse	199	1040000	4614	NA
p006	43	Pulse	199	1050000	14614	NA
p006	43	Pulse	199	1060000	24614	NA
p006	45	Picture	stim	1065057	0	1	25144	1	0	25000	hit	152
p006	45	Pulse	199	1070000	4943	NA
p006	45	Response	16	1073390	8333	0
p006	45	Pulse	199	1080000	14943	NA
p006	45	Pulse	199	1090000	24943	NA
p006	46	Picture	fix2	1090201	0	1	10728	1	0	next	other	0
p006	46	Pulse	199	1100000	9799	NA
p006	47	Picture	feedback	1100929	0	1	20115	1	0	next	other	0
p006	47	Pulse	199	1110000	9071	NA
p006	47	Pulse	199	1120000	19071	NA
p006	48	Picture	fix	1121045	0	1	16260	1	0	next	other	0
p006	48	Pulse	199	1130000	8955	NA
p006	50	Picture	stim	1137305	0	1	25144	1	0	25000	hit	165
p006	50	Pulse	199	1140000	2695	NA
p006	50	Pulse	199	1150000	12695	NA
p006	50	Response	16	1150731	13427	0
p006	50	Pulse	199	1160000	22695	NA
p006	51	Picture	fix2	1162449	0	1	25982	1	0	next	other	0
p006	51	Pulse	199	1170000	7551	NA
p006	51	Pulse	199	1180000	17551	NA
p006	52	Picture	feedback	1188432	0	1	20116	1	0	next	other	0
p006	52	Pulse	199	1190000	1568	NA
p006	52	Pulse	199	1200000	11568	NA
p006	53	Picture	fix	1208547	0	1	21456	1	0	next	other	0
p006	53	Pulse	199	1210000	1453	NA
p006	53	Pulse	199	1220000	11453	NA
p006	54	Pulse	199	1230000	112	NA
p006	55	Picture	stim	1230004	0	1	25144	1	0	25000	hit	179
p006	55	Pulse	199	1240000	9996	NA
p006	55	Response	16	1242530	12527	0
p006	55	Pulse	199	1250000	19996	NA
p006	56	Picture	fix2	1255148	0	1	16763	1	0	next	other	0
p006	56	Pulse	199	1260000	4852	NA
p006	56	Pulse	199	1270000	14852	NA
p006	57	Picture	feedback	1271911	0	1	20116	1	0	next	other	0
p006	57	Pulse	199	1280000	8089	NA
p006	57	Pulse	199	1290000	18089	NA
p006	58	Picture	fix	1292026	0	1	25480	1	0	next	other	0
p006	58	Pulse	199	1300000	7974	NA
p006	58	Pulse	199	1310000	17974	NA
p006	60	Picture	stim	1317506	0	1	25144	1	0	25000	incorrect	193
p006	60	Pulse	199	1320000	2494	NA
p006	60	Pulse	199	1330000	12494	NA
p006	60	Response	32	1332635	15129	0
p006	60	Pulse	199	1340000	22494	NA
p006	61	Picture	fix2	1342818	0	1	21959	1	0	next	other	0
p006	61	Pulse	199	1350000	7182	NA
p006	61	Pulse	199	1360000	17182	NA
p006	62	Picture	feedback	1364777	0	1	20115	1	0	next	other	0
p006	62	Pulse	199	1370000	5223	NA
p006	62	Pulse	199	1380000	15223	NA
p006	63	Picture	fix	1384893	0	1	27994	1	0	next	other	0
p006	63	Pulse	199	1390000	5107	NA
p006	63	Pulse	199	1400000	15107	NA
p006	63	Pulse	199	1410000	25107	NA
p006	65	Picture	stim	1412887	0	1	25144	1	0	25000	incorrect	207
p006	65	Pulse	199	1420000	7113	NA
p006	65	Response	32	1428822	15935	0
p006	65	Pulse	199	1430000	17113	NA
p006	66	Picture	fix2	1438199	0	1	18607	1	0	next	other	0
p006	66	Pulse	199	1440000	1801	NA
p006	66	Pulse	199	1450000	11801	NA
p006	67	Picture	feedback	1456806	0	1	20116	1	0	next	other	0
p006	67	Pulse	199	1460000	3194	NA
p006	67	Pulse	199	1470000	13194	NA
p006	68	Picture	fix	1476921	0	1	30844	1	0	next	other	0
p006	68	Pulse	199	1480000	3079	NA
p006	68	Pulse	199	1490000	13079	NA
p006	68	Pulse	199	1500000	23079	NA
p006	70	Picture	stim	1507765	0	1	25144	1	0	25000	hit	221
p006	70	Pulse	199	1510000	2235	NA
p006	70	Response	16	1515839	8074	0
p006	70	Pulse	199	1520000	12235	NA
p006	70	Pulse	199	1530000	22235	NA
p006	71	Picture	fix2	1533077	0	1	16092	1	0	next	other	0
p006	71	Pulse	199	1540000	6923	NA
p006	72	Picture	feedback	1549169	0	1	20115	1	0	next	other	0
p006	72	Pulse	199	1550000	831	NA
p006	72	Pulse	199	1560000	10831	NA
p006	73	Picture	fix	1569285	0	1	18607	1	0	next	other	0
p006	73	Pulse	199	1570000	715	NA
p006	73	Pulse	199	1580000	10715	NA
p006	75	Picture	stim	1587892	0	1	25144	1	0	25000	hit	234
p006	75	Pulse	199	1590000	2108	NA
p006	75	Response	16	1598665	10774	0
p006	75	Pulse	199	1600000	12108	NA
p006	75	Pulse	199	1610000	22108	NA
p006	76	Picture	fix2	1613036	0	1	26318	1	0	next	other	0
p006	76	Pulse	199	1620000	6964	NA
p006	76	Pulse	199	1630000	16964	NA
p006	77	Picture	feedback	1639354	0	1	20116	1	0	next	other	0
p006	77	Pulse	199	1640000	646	NA
p006	77	Pulse	199	1650000	10646	NA
p006	78	Picture	fix	1659469	0	1	19445	1	0	next	other	0
p006	78	Pulse	199	1660000	531	NA
p006	78	Pulse	199	1670000	10531	NA
p006	80	Picture	stim	1678914	0	1	25144	1	0	25000	incorrect	248
p006	80	Pulse	199	1680000	1086	NA
p006	80	Response	32	1688475	9561	0
p006	80	Pulse	199	1690000	11086	NA
p006	80	Pulse	199	1700000	21086	NA
p006	81	Picture	fix2	1704059	0	1	16092	1	0	next	other	0
p006	81	Pulse	199	1710000	5941	NA
p006	81	Pulse	199	1720000	15941	NA
p006	82	Picture	feedback	1720151	0	1	20116	1	0	next	other	0
p006	82	Pulse	199	1730000	9849	NA
p006	82	Pulse	199	1740000	19849	NA
p006	83	Picture	fix	1740266	0	1	35873	1	0	next	other	0
p006	83	Pulse	199	1750000	9734	NA
p006	83	Pulse	199	1760000	19734	NA
p006	83	Pulse	199	1770000	29734	NA
p006	85	Picture	stim	1776139	0	1	25144	1	0	25000	incorrect	263
p006	85	Pulse	199	1780000	3861	NA
p006	85	Response	32	1786157	10018	0
p006	85	Pulse	199	1790000	13861	NA
p006	85	Pulse	199	1800000	23861	NA
p006	86	Picture	fix2	1801451	0	1	21457	1	0	next	other	0
p006	86	Pulse	199	1810000	8549	NA
p006	86	Pulse	199	1820000	18549	NA
p006	87	Picture	feedback	1822907	0	1	20115	1	0	next	other	0
p006	87	Pulse	199	1830000	7093	NA
p006	87	Pulse	199	1840000	17093	NA
p006	88	Picture	fix	1843023	0	1	29335	1	0	next	other	0
p006	88	Pulse	199	1850000	6977	NA
p006	88	Pulse	199	1860000	16977	NA
p006	88	Pulse	199	1870000	26977	NA
p006	90	Picture	stim	1872358	0	1	25144	1	0	25000	incorrect	279
p006	90	Pulse	199	1880000	7642	NA
p006	90	Pulse	199	1890000	17642	NA
p006	90	Response	32	1890119	17761	0
p006	91	Picture	fix2	1897502	0	1	13075	1	0	next	other	0
p006	91	Pulse	199	1900000	2498	NA
p006	91	Pulse	199	1910000	12498	NA
p006	92	Picture	feedback	1910578	0	1	20115	1	0	next	other	0
p006	92	Pulse	199	1920000	9423	NA
p006	92	Pulse	199	1930000	19423	NA
p006	93	Picture	fix	1930693	0	1	19948	1	0	next	other	0
p006	93	Pulse	199	1940000	9307	NA
p006	93	Pulse	199	1950000	19307	NA
p006	95	Picture	stim	1950641	0	1	25144	1	0	25000	incorrect	291
p006	95	Pulse	199	1960000	9359	NA
p006	95	Response	32	1960595	9955	0
p006	95	Pulse	199	1970000	19359	NA
p006	96	Picture	fix2	1975785	0	1	16595	1	0	next	other	0
p006	96	Pulse	199	1980000	4215	NA
p006	96	Pulse	199	1990000	14215	NA
p006	97	Picture	feedback	1992380	0	1	20116	1	0	next	other	0
p006	97	Pulse	199	2000000	7620	NA
p006	97	Pulse	199	2010000	17620	NA
p006	98	Picture	fix	2012496	0	1	22295	1	0	next	other	0
p006	98	Pulse	199	2020000	7504	NA
p006	98	Pulse	199	2030000	17504	NA
p006	100	Picture	stim	2034791	0	1	25144	1	0	25000	incorrect	304
p006	100	Pulse	199	2040000	5209	NA
p006	100	Response	32	2045628	10837	0
p006	100	Pulse	199	2050000	15209	NA
p006	101	Picture	fix2	2059935	0	1	25815	1	0	next	other	0
p006	101	Pulse	199	2060000	65	NA
p006	101	Pulse	199	2070000	10065	NA
p006	101	Pulse	199	2080000	20065	NA
p006	102	Picture	feedback	2085750	0	1	20116	1	0	next	other	0
p006	102	Pulse	199	2090000	4250	NA
p006	102	Pulse	199	2100000	14250	NA
p006	103	Picture	fix	2105865	0	1	28832	1	0	next	other	0
p006	103	Pulse	199	2110000	4135	NA
p006	103	Pulse	199	2120000	14135	NA
p006	103	Pulse	199	2130000	24135	NA
p006	105	Picture	stim	2134697	0	1	25144	1	0	25000	incorrect	319
p006	105	Pulse	199	2140000	5303	NA
p006	105	Response	32	2143315	8617	0
p006	105	Pulse	199	2150000	15303	NA
p006	106	Picture	fix2	2159842	0	1	9052	1	0	next	other	0
p006	106	Pulse	199	2160000	158	NA
p006	107	Picture	feedback	2168894	0	1	20115	1	0	next	other	0
p006	107	Pulse	199	2170000	1106	NA
p006	107	Pulse	199	2180000	11106	NA
p006	108	Picture	fix	2189009	0	1	27324	1	0	next	other	0
p006	108	Pulse	199	2190000	991	NA
p006	108	Pulse	199	2200000	10991	NA
p006	108	Pulse	199	2210000	20991	NA
p006	110	Picture	stim	2216333	0	1	25144	1	0	25000	incorrect	332
p006	110	Pulse	199	2220000	3667	NA
p006	110	Response	32	2224958	8625	0
p006	110	Pulse	199	2230000	13667	NA
p006	110	Pulse	199	2240000	23667	NA
p006	111	Picture	fix2	2241477	0	1	18104	1	0	next	other	0
p006	111	Pulse	199	2250000	8523	NA
p006	112	Picture	feedback	2259581	0	1	20115	1	0	next	other	0
p006	112	Pulse	199	2260000	419	NA
p006	112	Pulse	199	2270000	10419	NA
p006	113	Picture	fix	2279696	0	1	20451	1	0	next	other	0
p006	113	Pulse	199	2280000	304	NA
p006	113	Pulse	199	2290000	10304	NA
p006	113	Pulse	199	2300000	20304	NA
p006	115	Picture	stim	2300147	0	1	25144	1	0	25000	incorrect	346
p006	115	Pulse	199	2310000	9853	NA
p006	115	Response	32	2315776	15629	0
p006	115	Pulse	199	2320000	19853	NA
p006	116	Picture	fix2	2325292	0	1	16428	1	0	next	other	0
p006	116	Pulse	199	2330000	4708	NA
p006	116	Pulse	199	2340000	14708	NA
p006	117	Picture	feedback	2341719	0	1	20115	1	0	next	other	0
p006	117	Pulse	199	2350000	8281	NA
p006	117	Pulse	199	2360000	18281	NA
p006	118	Picture	fix	2361835	0	1	23803	1	0	next	other	0
p006	118	Pulse	199	2370000	8165	NA
p006	118	Pulse	199	2380000	18165	NA
p006	120	Picture	stim	2385638	0	1	25144	1	0	25000	hit	360
p006	120	Pulse	199	2390000	4362	NA
p006	120	Pulse	199	2400000	14362	NA
p006	120	Response	16	2402709	17071	0
p006	120	Pulse	199	2410000	24362	NA
p006	121	Picture	fix2	2410782	0	1	20451	1	0	next	other	0
p006	121	Pulse	199	2420000	9218	NA
p006	121	Pulse	199	2430000	19218	NA
p006	122	Picture	feedback	2431233	0	1	20115	1	0	next	other	0
p006	122	Pulse	199	2440000	8767	NA
p006	122	Pulse	199	2450000	18767	NA
p006	123	Picture	fix	2451349	0	1	23468	1	0	next	other	0
p006	123	Pulse	199	2460000	8651	NA
p006	123	Pulse	199	2470000	18651	NA
p006	125	Picture	stim	2474817	0	1	25144	1	0	25000	hit	373
p006	125	Pulse	199	2480000	5183	NA
p006	125	Response	16	2485583	10766	0
p006	125	Pulse	199	2490000	15183	NA
p006	126	Picture	fix2	2499961	0	1	14081	1	0	next	other	0
p006	126	Pulse	199	2500000	39	NA
p006	126	Pulse	199	2510000	10039	NA
p006	127	Picture	feedback	2514042	0	1	20116	1	0	next	other	0
p006	127	Pulse	199	2520000	5958	NA
p006	127	Pulse	199	2530000	15958	NA
p006	128	Picture	fix	2534157	0	1	22127	1	0	next	other	0
p006	128	Pulse	199	2540000	5843	NA
p006	128	Pulse	199	2550000	15843	NA
p006	130	Picture	stim	2556284	0	1	25144	1	0	25000	incorrect	386
p006	130	Pulse	199	2560000	3716	NA
p006	130	Response	32	2564116	7831	0
p006	130	Pulse	199	2570000	13716	NA
p006	130	Pulse	199	2580000	23716	NA
p006	131	Picture	fix2	2581429	0	1	20451	1	0	next	other	0
p006	131	Pulse	199	2590000	8571	NA
p006	131	Pulse	199	2600000	18571	NA
p006	132	Picture	feedback	2601880	0	1	20115	1	0	next	other	0
p006	132	Pulse	199	2610000	8121	NA
p006	132	Pulse	199	2620000	18121	NA
p006	133	Picture	fix	2621995	0	1	22295	1	0	next	other	0
p006	133	Pulse	199	2630000	8005	NA
p006	133	Pulse	199	2640000	18005	NA
p006	135	Picture	stim	2644290	0	1	25144	1	0	25000	hit	400
p006	135	Pulse	199	2650000	5710	NA
p006	135	Response	16	2658232	13942	0
p006	135	Pulse	199	2660000	15710	NA
p006	136	Picture	fix2	2669434	0	1	29335	1	0	next	other	0
p006	136	Pulse	199	2670000	566	NA
p006	136	Pulse	199	2680000	10566	NA
p006	136	Pulse	199	2690000	20566	NA
p006	137	Picture	feedback	2698769	0	1	20115	1	0	next	other	0
p006	137	Pulse	199	2700000	1231	NA
p006	137	Pulse	199	2710000	11231	NA
p006	138	Picture	fix	2718885	0	1	26485	1	0	next	other	0
p006	138	Pulse	199	2720000	1115	NA
p006	138	Pulse	199	2730000	11115	NA
p006	138	Pulse	199	2740000	21115	NA
p006	140	Picture	stim	2745370	0	1	25144	1	0	25000	incorrect	415
p006	140	Pulse	199	2750000	4630	NA
p006	140	Response	32	2755640	10269	0
p006	140	Pulse	199	2760000	14630	NA
p006	140	Pulse	199	2770000	24630	NA
p006	141	Picture	fix2	2770514	0	1	24139	1	0	next	other	0
p006	141	Pulse	199	2780000	9486	NA
p006	141	Pulse	199	2790000	19486	NA
p006	142	Picture	feedback	2794653	0	1	20116	1	0	next	other	0
p006	142	Pulse	199	2800000	5347	NA
p006	142	Pulse	199	2810000	15347	NA
p006	143	Picture	fix	2814768	0	1	30006	1	0	next	other	0
p006	143	Pulse	199	2820000	5232	NA
p006	143	Pulse	199	2830000	15232	NA
p006	143	Pulse	199	2840000	25232	NA
p006	145	Picture	stim	2844774	0	1	25144	1	0	25000	hit	430
p006	145	Pulse	199	2850000	5226	NA
p006	145	Response	16	2855539	10765	0
p006	145	Pulse	199	2860000	15226	NA
p006	146	Picture	fix2	2869918	0	1	24306	1	0	next	other	0
p006	146	Pulse	199	2870000	82	NA
p006	146	Pulse	199	2880000	10082	NA
p006	146	Pulse	199	2890000	20082	NA
p006	147	Picture	feedback	2894225	0	1	20115	1	0	next	other	0
p006	147	Pulse	199	2900000	5775	NA
p006	147	Pulse	199	2910000	15775	NA
p006	148	Picture	fix	2914340	0	1	21959	1	0	next	other	0
p006	148	Pulse	199	2920000	5660	NA
p006	148	Pulse	199	2930000	15660	NA
p006	150	Picture	stim	2936299	0	1	25144	1	0	25000	incorrect	444
p006	150	Pulse	199	2940000	3701	NA
p006	150	Response	32	2949059	12760	0
p006	150	Pulse	199	2950000	13701	NA
p006	150	Pulse	199	2960000	23701	NA
p006	151	Picture	fix2	2961444	0	1	21624	1	0	next	other	0
p006	151	Pulse	199	2970000	8556	NA
p006	151	Pulse	199	2980000	18556	NA
p006	152	Picture	feedback	2983068	0	1	20116	1	0	next	other	0
p006	152	Pulse	199	2990000	6932	NA
p006	152	Pulse	199	3000000	16932	NA
p006	153	Picture	fix	3003183	0	1	34029	1	0	next	other	0
p006	153	Pulse	199	3010000	6817	NA
p006	153	Pulse	199	3020000	16817	NA
p006	153	Pulse	199	3030000	26817	NA
p006	155	Picture	stim	3037212	0	1	25144	1	0	25000	incorrect	459
p006	155	Pulse	199	3040000	2788	NA
p006	155	Response	32	3044079	6867	0
p006	155	Pulse	199	3050000	12788	NA
p006	155	Pulse	199	3060000	22788	NA
p006	156	Picture	fix2	3062356	0	1	14751	1	0	next	other	0
p006	156	Pulse	199	3070000	7644	NA
p006	157	Picture	feedback	3077108	0	1	20116	1	0	next	other	0
p006	157	Pulse	199	3080000	2892	NA
p006	157	Pulse	199	3090000	12892	NA
p006	158	Picture	fix	3097223	0	1	24641	1	0	next	other	0
p006	158	Pulse	199	3100000	2777	NA
p006	158	Pulse	199	3110000	12777	NA
p006	158	Pulse	199	3120000	22777	NA
p006	160	Picture	stim	3121865	0	1	25144	1	0	25000	incorrect	473
p006	160	Pulse	199	3130000	8135	NA
p006	160	Response	32	3131217	9352	0
p006	160	Pulse	199	3140000	18135	NA
p006	161	Picture	fix2	3147009	0	1	16428	1	0	next	other	0
p006	161	Pulse	199	3150000	2991	NA
p006	161	Pulse	199	3160000	12991	NA
p006	162	Picture	feedback	3163437	0	1	20116	1	0	next	other	0
p006	162	Pulse	199	3170000	6563	NA
p006	162	Pulse	199	3180000	16563	NA
p006	163	Picture	fix	3183552	0	1	23468	1	0	next	other	0
p006	163	Pulse	199	3190000	6448	NA
p006	163	Pulse	199	3200000	16448	NA
p006	165	Picture	stim	3207020	0	1	25144	1	0	25000	hit	486
p006	165	Pulse	199	3210000	2980	NA
p006	165	Response	16	3215867	8847	0
p006	165	Pulse	199	3220000	12980	NA
p006	165	Pulse	199	3230000	22980	NA
p006	166	Picture	fix2	3232165	0	1	22295	1	0	next	other	0
p006	166	Pulse	199	3240000	7835	NA
p006	166	Pulse	199	3250000	17835	NA
p006	167	Picture	feedback	3254459	0	1	20115	1	0	next	other	0
p006	167	Pulse	199	3260000	5541	NA
p006	167	Pulse	199	3270000	15541	NA
p006	168	Picture	fix	3274575	0	1	24642	1	0	next	other	0
p006	168	Pulse	199	3280000	5425	NA
p006	168	Pulse	199	3290000	15425	NA
p006	170	Picture	stim	3299216	0	1	25144	1	0	25000	hit	501
p006	170	Pulse	199	3300000	784	NA
p006	170	Pulse	199	3310000	10784	NA
p006	170	Response	16	3312278	13061	0
p006	170	Pulse	199	3320000	20784	NA
p006	171	Picture	fix2	3324528	0	1	20116	1	0	next	other	0
p006	171	Pulse	199	3330000	5472	NA
p006	171	Pulse	199	3340000	15472	NA
p006	172	Picture	feedback	3344644	0	1	20115	1	0	next	other	0
p006	172	Pulse	199	3350000	5356	NA
p006	172	Pulse	199	3360000	15356	NA
p006	173	Picture	fix	3364759	0	1	28497	1	0	next	other	0
p006	173	Pulse	199	3370000	5241	NA
p006	173	Pulse	199	3380000	15241	NA
p006	173	Pulse	199	3390000	25241	NA
p006	175	Picture	stim	3393256	0	1	25144	1	0	25000	hit	515
p006	175	Pulse	199	3400000	6744	NA
p006	175	Response	16	3402614	9357	0
p006	175	Pulse	199	3410000	16744	NA
p006	176	Picture	fix2	3418568	0	1	27659	1	0	next	other	0
p006	176	Pulse	199	3420000	1432	NA
p006	176	Pulse	199	3430000	11432	NA
p006	176	Pulse	199	3440000	21432	NA
p006	177	Picture	feedback	3446227	0	1	20116	1	0	next	other	0
p006	177	Pulse	199	3450000	3773	NA
p006	177	Pulse	199	3460000	13773	NA
p006	178	Picture	fix	3466342	0	1	31179	1	0	next	other	0
p006	178	Pulse	199	3470000	3658	NA
p006	178	Pulse	199	3480000	13658	NA
p006	178	Pulse	199	3490000	23658	NA
p006	180	Picture	stim	3497521	0	1	25144	1	0	25000	hit	530
p006	180	Pulse	199	3500000	2479	NA
p006	180	Response	16	3506814	9293	0
p006	180	Pulse	199	3510000	12479	NA
p006	180	Pulse	199	3520000	22479	NA
p006	181	Picture	fix2	3522666	0	1	11566	1	0	next	other	0
p006	181	Pulse	199	3530000	7334	NA
p006	182	Picture	feedback	3534232	0	1	20115	1	0	next	other	0
p006	182	Pulse	199	3540000	5768	NA
p006	182	Pulse	199	3550000	15768	NA
p006	183	Picture	fix	3554348	0	1	17769	1	0	next	other	0
p006	183	Pulse	199	3560000	5652	NA
p006	183	Pulse	199	3570000	15652	NA
p006	185	Picture	stim	3572116	0	1	25144	1	0	25000	hit	543
p006	185	Pulse	199	3580000	7884	NA
p006	185	Response	16	3581504	9387	0
p006	185	Pulse	199	3590000	17884	NA
p006	186	Picture	fix2	3597261	0	1	23468	1	0	next	other	0
p006	186	Pulse	199	3600000	2739	NA
p006	186	Pulse	199	3610000	12739	NA
p006	186	Pulse	199	3620000	22739	NA
p006	187	Picture	feedback	3620729	0	1	20116	1	0	next	other	0
p006	187	Pulse	199	3630000	9271	NA
p006	187	Pulse	199	3640000	19271	NA
p006	188	Picture	fix	3640844	0	1	22798	1	0	next	other	0
p006	188	Pulse	199	3650000	9156	NA
p006	188	Pulse	199	3660000	19156	NA
p006	190	Picture	stim	3663642	0	1	25144	1	0	25000	incorrect	557
p006	190	Pulse	199	3670000	6358	NA
p006	190	Response	32	3672645	9003	0
p006	190	Pulse	199	3680000	16358	NA
p006	191	Picture	fix2	3688786	0	1	16595	1	0	next	other	0
p006	191	Pulse	199	3690000	1214	NA
p006	191	Pulse	199	3700000	11214	NA
p006	192	Picture	feedback	3705381	0	1	20115	1	0	next	other	0
p006	192	Pulse	199	3710000	4619	NA
p006	192	Pulse	199	3720000	14619	NA
p006	193	Picture	fix	3725497	0	1	37549	1	0	next	other	0
p006	193	Pulse	199	3730000	4503	NA
p006	193	Pulse	199	3740000	14503	NA
p006	193	Pulse	199	3750000	24503	NA
p006	193	Pulse	199	3760000	34503	NA
p006	195	Picture	stim	3763046	0	1	25144	1	0	25000	incorrect	572
p006	195	Pulse	199	3770000	6954	NA
p006	195	Response	32	3772564	9518	0
p006	195	Pulse	199	3780000	16954	NA
p006	196	Picture	fix2	3788190	0	1	21792	1	0	next	other	0
p006	196	Pulse	199	3790000	1810	NA
p006	196	Pulse	199	3800000	11810	NA
p006	197	Picture	feedback	3809982	0	1	20116	1	0	next	other	0
p006	197	Pulse	199	3810000	18	NA
p006	197	Pulse	199	3820000	10018	NA
p006	197	Pulse	199	3830000	20018	NA
p006	198	Picture	fix	3830097	0	1	28497	1	0	next	other	0
p006	198	Pulse	199	3840000	9903	NA
p006	198	Pulse	199	3850000	19903	NA
p006	200	Picture	stim	3858594	0	1	25144	1	0	25000	hit	586
p006	200	Pulse	199	3860000	1406	NA
p006	200	Response	16	3869195	10600	0
p006	200	Pulse	199	3870000	11406	NA
p006	200	Pulse	199	3880000	21406	NA
p006	201	Picture	fix2	3883739	0	1	14584	1	0	next	other	0
p006	201	Pulse	199	3890000	6261	NA
p006	202	Picture	feedback	3898322	0	1	20115	1	0	next	other	0
p006	202	Pulse	199	3900000	1678	NA
p006	202	Pulse	199	3910000	11678	NA
p006	203	Picture	fix	3918438	0	1	17433	1	0	next	other	0
p006	203	Pulse	199	3920000	1562	NA
p006	203	Pulse	199	3930000	11562	NA
p006	205	Picture	stim	3935871	0	1	25144	1	0	25000	hit	599
p006	205	Pulse	199	3940000	4129	NA
p006	205	Response	16	3945783	9912	0
p006	205	Pulse	199	3950000	14129	NA
p006	205	Pulse	199	3960000	24129	NA
p006	206	Picture	fix2	3961016	0	1	18104	1	0	next	other	0
p006	206	Pulse	199	3970000	8984	NA
p006	207	Picture	feedback	3979120	0	1	20115	1	0	next	other	0
p006	207	Pulse	199	3980000	880	NA
p006	207	Pulse	199	3990000	10880	NA
p006	208	Picture	fix	3999235	0	1	18942	1	0	next	other	0
p006	208	Pulse	199	4000000	765	NA
p006	208	Pulse	199	4010000	10765	NA
p006	210	Picture	stim	4018177	0	1	25144	1	0	25000	incorrect	613
p006	210	Pulse	199	4020000	1823	NA
p006	210	Pulse	199	4030000	11823	NA
p006	210	Response	32	4037535	19358	0
p006	210	Pulse	199	4040000	21823	NA
p006	211	Picture	fix2	4043321	0	1	11231	1	0	next	other	0
p006	211	Pulse	199	4050000	6679	NA
p006	212	Picture	feedback	4054553	0	1	20115	1	0	next	other	0
p006	212	Pulse	199	4060000	5447	NA
p006	212	Pulse	199	4070000	15447	NA
p006	213	Picture	fix	4074668	0	1	29000	1	0	next	other	0
p006	213	Pulse	199	4080000	5332	NA
p006	213	Pulse	199	4090000	15332	NA
p006	213	Pulse	199	4100000	25332	NA
p006	215	Picture	stim	4103668	0	1	25144	1	0	25000	hit	626
p006	215	Pulse	199	4110000	6332	NA
p006	215	Response	16	4111536	7868	0
p006	215	Pulse	199	4120000	16332	NA
p006	216	Picture	fix2	4128980	0	1	15925	1	0	next	other	0
p006	216	Pulse	199	4130000	1020	NA
p006	216	Pulse	199	4140000	11020	NA
p006	217	Picture	feedback	4144905	0	1	20116	1	0	next	other	0
p006	217	Pulse	199	4150000	5095	NA
p006	217	Pulse	199	4160000	15095	NA
p006	218	Picture	fix	4165020	0	1	26485	1	0	next	other	0
p006	218	Pulse	199	4170000	4980	NA
p006	218	Pulse	199	4180000	14980	NA
p006	218	Pulse	199	4190000	24980	NA
p006	220	Picture	stim	4191506	0	1	25144	1	0	25000	incorrect	640
p006	220	Pulse	199	4200000	8494	NA
p006	220	Response	32	4201098	9592	0
p006	220	Pulse	199	4210000	18494	NA
p006	221	Picture	fix2	4216650	0	1	23300	1	0	next	other	0
p006	221	Pulse	199	4220000	3350	NA
p006	221	Pulse	199	4230000	13350	NA
p006	222	Picture	feedback	4239950	0	1	20115	1	0	next	other	0
p006	222	Pulse	199	4240000	50	NA
p006	222	Pulse	199	4250000	10050	NA
p006	222	Pulse	199	4260000	20050	NA
p006	223	Picture	fix	4260066	0	1	33191	1	0	next	other	0
p006	223	Pulse	199	4270000	9934	NA
p006	223	Pulse	199	4280000	19934	NA
p006	223	Pulse	199	4290000	29934	NA
p006	225	Picture	stim	4293256	0	1	25144	1	0	25000	incorrect	656
p006	225	Pulse	199	4300000	6744	NA
p006	225	Pulse	199	4310000	16744	NA
p006	225	Response	32	4311602	18346	0
p006	226	Picture	fix2	4318568	0	1	17266	1	0	next	other	0
p006	226	Pulse	199	4320000	1432	NA
p006	226	Pulse	199	4330000	11432	NA
p006	227	Picture	feedback	4335834	0	1	20116	1	0	next	other	0
p006	227	Pulse	199	4340000	4166	NA
p006	227	Pulse	199	4350000	14166	NA
p006	228	Picture	fix	4355950	0	1	25982	1	0	next	other	0
p006	228	Pulse	199	4360000	4050	NA
p006	228	Pulse	199	4370000	14050	NA
p006	228	Pulse	199	4380000	24050	NA
p006	230	Picture	stim	4381932	0	1	25144	1	0	25000	hit	669
p006	230	Pulse	199	4390000	8068	NA
p006	230	Response	16	4397474	15542	0
p006	230	Pulse	199	4400000	18068	NA
p006	231	Picture	fix2	4407244	0	1	17936	1	0	next	other	0
p006	231	Pulse	199	4410000	2756	NA
p006	231	Pulse	199	4420000	12756	NA
p006	232	Picture	feedback	4425180	0	1	20116	1	0	next	other	0
p006	232	Pulse	199	4430000	4820	NA
p006	232	Pulse	199	4440000	14820	NA
p006	233	Picture	fix	4445296	0	1	26821	1	0	next	other	0
p006	233	Pulse	199	4450000	4704	NA
p006	233	Pulse	199	4460000	14704	NA
p006	233	Pulse	199	4470000	24704	NA
p006	235	Picture	stim	4472116	0	1	25144	1	0	25000	hit	683
p006	235	Pulse	199	4480000	7884	NA
p006	235	Response	16	4482251	10135	0
p006	235	Pulse	199	4490000	17884	NA
p006	236	Picture	fix2	4497261	0	1	21289	1	0	next	other	0
p006	236	Pulse	199	4500000	2739	NA
p006	236	Pulse	199	4510000	12739	NA
p006	237	Picture	feedback	4518550	0	1	20115	1	0	next	other	0
p006	237	Pulse	199	4520000	1450	NA
p006	237	Pulse	199	4530000	11450	NA
p006	238	Picture	fix	4538665	0	1	32185	1	0	next	other	0
p006	238	Pulse	199	4540000	1335	NA
p006	238	Pulse	199	4550000	11335	NA
p006	238	Pulse	199	4560000	21335	NA
p006	238	Pulse	199	4570000	31335	NA
p006	240	Picture	stim	4570850	0	1	25144	1	0	25000	incorrect	698
p006	240	Pulse	199	4580000	9150	NA
p006	240	Response	32	4588070	17220	0
p006	240	Pulse	199	4590000	19150	NA
p006	241	Picture	fix2	4595994	0	1	21456	1	0	next	other	0
p006	241	Pulse	199	4600000	4006	NA
p006	241	Pulse	199	4610000	14006	NA
p006	242	Picture	feedback	4617451	0	1	20115	1	0	next	other	0
p006	242	Pulse	199	4620000	2549	NA
p006	242	Pulse	199	4630000	12549	NA
p006	243	Picture	fix	4637566	0	1	26821	1	0	next	other	0
p006	243	Pulse	199	4640000	2434	NA
p006	243	Pulse	199	4650000	12434	NA
p006	243	Pulse	199	4660000	22434	NA
p006	245	Picture	stim	4664387	0	1	25144	1	0	25000	hit	712
p006	245	Pulse	199	4670000	5613	NA
p006	245	Response	16	4674445	10058	0
p006	245	Pulse	199	4680000	15613	NA
p006	246	Picture	fix2	4689531	0	1	13913	1	0	next	other	0
p006	246	Pulse	199	4690000	469	NA
p006	246	Pulse	199	4700000	10469	NA
p006	247	Picture	feedback	4703445	0	1	20115	1	0	next	other	0
p006	247	Pulse	199	4710000	6555	NA
p006	247	Pulse	199	4720000	16555	NA
p006	248	Picture	fix	4723560	0	1	29168	1	0	next	other	0
p006	248	Pulse	199	4730000	6440	NA
p006	248	Pulse	199	4740000	16440	NA
p006	248	Pulse	199	4750000	26440	NA
p006	250	Picture	stim	4752728	0	1	25144	1	0	25000	incorrect	726
p006	250	Pulse	199	4760000	7273	NA
p006	250	Response	32	4762014	9286	0
p006	250	Pulse	199	4770000	17273	NA
p006	251	Picture	fix2	4777872	0	1	29168	1	0	next	other	0
p006	251	Pulse	199	4780000	2128	NA
p006	251	Pulse	199	4790000	12128	NA
p006	251	Pulse	199	4800000	22128	NA
p006	252	Picture	feedback	4807039	0	1	20115	1	0	next	other	0
p006	252	Pulse	199	4810000	2961	NA
p006	252	Pulse	199	4820000	12961	NA
p006	253	Picture	fix	4827155	0	1	25144	1	0	next	other	0
p006	253	Pulse	199	4830000	2845	NA
p006	253	Pulse	199	4840000	12845	NA
p006	253	Pulse	199	4850000	22845	NA
p006	255	Picture	stim	4852299	0	1	25144	1	0	25000	hit	741
p006	255	Pulse	199	4860000	7701	NA
p006	255	Response	16	4862549	10250	0
p006	255	Pulse	199	4870000	17701	NA
p006	256	Picture	fix2	4877611	0	1	21624	1	0	next	other	0
p006	256	Pulse	199	4880000	2389	NA
p006	256	Pulse	199	4890000	12389	NA
p006	257	Picture	feedback	4899235	0	1	20115	1	0	next	other	0
p006	257	Pulse	199	4900000	765	NA
p006	257	Pulse	199	4910000	10765	NA
p006	258	Picture	fix	4919351	0	1	26821	1	0	next	other	0
p006	258	Pulse	199	4920000	649	NA
p006	258	Pulse	199	4930000	10649	NA
p006	258	Pulse	199	4940000	20649	NA
p006	260	Picture	stim	4946171	0	1	25144	1	0	25000	hit	755
p006	260	Pulse	199	4950000	3829	NA
p006	260	Response	16	4954806	8635	0
p006	260	Pulse	199	4960000	13829	NA
p006	260	Pulse	199	4970000	23829	NA
p006	261	Picture	fix2	4971316	0	1	22630	1	0	next	other	0
p006	261	Pulse	199	4980000	8684	NA
p006	261	Pulse	199	4990000	18684	NA
p006	262	Picture	feedback	4993946	0	1	20115	1	0	next	other	0
p006	262	Pulse	199	5000000	6054	NA
p006	262	Pulse	199	5010000	16054	NA
p006	263	Picture	fix	5014061	0	1	24809	1	0	next	other	0
p006	263	Pulse	199	5020000	5939	NA
p006	263	Pulse	199	5030000	15939	NA
p006	265	Picture	stim	5038870	0	1	25144	1	0	25000	hit	770
p006	265	Pulse	199	5040000	1130	NA
p006	265	Pulse	199	5050000	11130	NA
p006	265	Response	16	5051555	12684	0
p006	265	Pulse	199	5060000	21130	NA
p006	266	Picture	fix2	5064015	0	1	15254	1	0	next	other	0
p006	266	Pulse	199	5070000	5985	NA
p006	267	Picture	feedback	5079269	0	1	20115	1	0	next	other	0
p006	267	Pulse	199	5080000	731	NA
p006	267	Pulse	199	5090000	10731	NA
p006	268	Picture	100	5099384	0	1	80127	1	0	80000	other	0
p006	268	Pulse	199	5100000	616	NA
p006	268	Pulse	199	5110000	10616	NA
p006	268	Pulse	199	5120000	20616	NA
p006	268	Pulse	199	5130000	30616	NA
p006	268	Pulse	199	5140000	40616	NA
p006	268	Pulse	199	5150000	50616	NA
p006	268	Pulse	199	5160000	60616	NA
p006	268	Pulse	199	5170000	70616	NA
