Scenario - FeedLearn_B.sce
Logfile written - 09/08/2020 10:00:00

Subject	Trial	Event Type	Code	Time	TTime	Uncertainty	Duration	Uncertainty	ReqTime	ReqDur	Stim Type	Pair Index

pepito	0	Pulse	199	0	0	NA
pepito	0	Pulse	199	10000	10000	NA
pepito	1	Picture	fix	10333	0	1	18848	1	0	next	other	0
pepito	1	Response	16	12400	2067	0
pepito	1	Pulse	199	20000	9667	NA
pepito	3	Picture	stim	29181	0	1	20516	1	0	20000	hit	8
pepito	3	Pulse	199	30000	819	NA
pepito	3	Response	16	34720	5539	0
pepito	3	Pulse	199	40000	10819	NA
pepito	3	Response	16	46639	17458	0
pepito	4	Picture	fix2	49697	0	1	16847	1	0	next	other	0
pepito	4	Pulse	199	50000	303	NA
pepito	4	Response	16	57202	7505	0
pepito	4	Pulse	199	60000	10303	NA
pepito	5	Picture	feedback	66544	0	1	20683	1	0	next	other	0
pepito	5	Pulse	199	70000	3456	NA
pepito	5	Response	16	78078	11534	0
pepito	5	Pulse	199	80000	13456	NA
pepito	6	Picture	fix	87226	0	1	26905	1	0	next	other	0
pepito	6	Pulse	199	90000	2774	NA
pepito	6	Pulse	199	100000	12774	NA
pepito	6	Quit		106801	19574	NA
