Scenario - 
Logfile written - 03/19/2021 14:55:22

Subject	Trial	Event Type	Code	Time	TTime	Uncertainty	Duration	Uncertainty	ReqTime	ReqDur	Stim Type	Pair Index

G003	1	Response	20	50959	50793	0
G003	2	Picture	start	51064	0	1	648087	1	0	next	other	0
G003	2	Response	20	152879	101815	0
G003	3	Pulse	199	699089	546209	0
G003	3	Picture	100	699151	546272	1	50070	1	0	50000	other	0
G003	3	Pulse	199	711589	558710	0
G003	3	Pulse	199	724089	571210	0
G003	3	Pulse	199	736589	583710	0
G003	3	Pulse	199	749089	596210	0
G003	4	Picture	60	749387	0	1	7129	1	0	7000	other	0
G003	5	Picture	40	756682	0	1	2818	1	0	2690	other	0
G003	6	Picture	60	759666	0	1	7129	1	0	7000	other	0
G003	6	Pulse	199	761589	1923	0
G003	7	Picture	40	766961	0	1	4476	1	0	4350	other	0
G003	8	Picture	60	771603	0	1	7129	1	0	7000	other	0
G003	8	Pulse	199	774089	2486	0
G003	9	Picture	40	778898	0	1	2155	1	0	1990	other	0
G003	10	Picture	60	781219	0	1	7129	1	0	7000	other	0
G003	10	Pulse	199	786589	5369	0
G003	11	Picture	40	788514	0	1	2984	1	0	2860	other	0
G003	12	Picture	60	791664	0	1	7129	1	0	7000	other	0
G003	13	Picture	40	798959	0	1	3813	1	0	3660	other	0
G003	13	Pulse	199	799089	130	0
G003	14	Picture	60	802938	0	1	7129	1	0	7000	other	0
G003	15	Picture	40	810233	0	1	2653	1	0	2490	other	0
G003	15	Pulse	199	811589	1356	0
G003	16	Picture	60	813052	0	1	7129	1	0	7000	other	0
G003	17	Picture	40	820346	0	1	2155	1	0	2130	other	0
G003	18	Picture	60	822668	0	1	7129	1	0	7000	other	0
G003	18	Pulse	199	824089	1422	0
G003	19	Picture	40	829963	0	1	3482	1	0	3310	other	0
G003	20	Picture	60	833610	0	1	7129	1	0	7000	other	0
G003	20	Pulse	199	836589	2979	0
G003	21	Picture	40	840905	0	1	2155	1	0	2140	other	0
G003	22	Picture	60	843226	0	1	7129	1	0	7000	other	0
G003	22	Pulse	199	849089	5863	0
G003	23	Picture	40	850521	0	1	1824	1	0	1780	other	0
G003	24	Picture	50	852510	0	1	30174	1	0	next	other	0
G003	24	Pulse	199	861589	9079	0
G003	24	Pulse	199	874089	21578	0
G003	25	Picture	90	882685	0	1	7129	1	0	7000	other	0
G003	25	Pulse	199	886588	3904	0
G003	26	Picture	40	889980	0	1	2984	1	0	2860	other	0
G003	27	Picture	90	893130	0	1	7129	1	0	7000	other	0
G003	27	Pulse	199	899088	5959	0
G003	28	Picture	40	900425	0	1	3813	1	0	3660	other	0
G003	29	Picture	90	904404	0	1	7129	1	0	7000	other	0
G003	29	Pulse	199	911588	7185	0
G003	30	Picture	40	911699	0	1	2155	1	0	2130	other	0
G003	31	Picture	90	914020	0	1	7129	1	0	7000	other	0
G003	32	Picture	40	921315	0	1	1824	1	0	1780	other	0
G003	33	Picture	90	923304	0	1	7129	1	0	7000	other	0
G003	33	Pulse	199	924089	785	0
G003	34	Picture	40	930599	0	1	2653	1	0	2490	other	0
G003	35	Picture	90	933418	0	1	7129	1	0	7000	other	0
G003	35	Pulse	199	936589	3171	0
G003	36	Picture	40	940713	0	1	2155	1	0	1990	other	0
G003	37	Picture	90	943034	0	1	7129	1	0	7000	other	0
G003	37	Pulse	199	949089	6055	0
G003	38	Picture	40	950329	0	1	4476	1	0	4350	other	0
G003	39	Picture	95	954971	0	1	7129	1	0	7000	hit	62
G003	39	Response	25	958699	3728	0
G003	39	Pulse	199	961589	6618	0
G003	40	Picture	40	962266	0	1	2155	1	0	2140	other	0
G003	41	Picture	90	964587	0	1	7129	1	0	7000	other	0
G003	42	Picture	40	971882	0	1	2819	1	0	2690	other	0
G003	42	Pulse	199	974089	2207	0
G003	43	Picture	90	974866	0	1	7129	1	0	7000	other	0
G003	44	Picture	40	982161	0	1	3482	1	0	3310	other	0
G003	45	Picture	50	985808	0	1	50070	1	0	next	other	0
G003	45	Pulse	199	986589	780	0
G003	45	Pulse	199	999089	13280	0
G003	45	Pulse	199	1011588	25780	0
G003	45	Pulse	199	1024089	38280	0
G003	46	Picture	80	1035878	0	1	7129	1	0	7000	other	0
G003	46	Pulse	199	1036589	711	0
G003	47	Picture	40	1043173	0	1	2818	1	0	2690	other	0
G003	48	Picture	80	1046157	0	1	7129	1	0	7000	other	0
G003	48	Pulse	199	1049089	2932	0
G003	49	Picture	40	1053452	0	1	2155	1	0	1990	other	0
G003	50	Picture	80	1055773	0	1	7129	1	0	7000	other	0
G003	50	Pulse	199	1061589	5815	0
G003	51	Picture	40	1063068	0	1	4476	1	0	4350	other	0
G003	52	Picture	80	1067711	0	1	7129	1	0	7000	other	0
G003	52	Pulse	199	1074089	6378	0
G003	53	Picture	40	1075005	0	1	1824	1	0	1780	other	0
G003	54	Picture	85	1076995	0	1	7129	1	0	7000	hit	88
G003	54	Response	25	1080558	3563	0
G003	55	Picture	40	1084290	0	1	2155	1	0	2140	other	0
G003	55	Pulse	199	1086589	2299	1
G003	56	Picture	80	1086611	0	1	7129	1	0	7000	other	0
G003	57	Picture	40	1093906	0	1	2984	1	0	2860	other	0
G003	58	Picture	80	1097056	0	1	7129	1	0	7000	other	0
G003	58	Pulse	199	1099089	2033	0
G003	59	Picture	40	1104351	0	1	3482	1	0	3310	other	0
G003	60	Picture	80	1107998	0	1	7129	1	0	7000	other	0
G003	60	Pulse	199	1111589	3591	0
G003	61	Picture	40	1115293	0	1	2653	1	0	2490	other	0
G003	62	Picture	80	1118112	0	1	7129	1	0	7000	other	0
G003	62	Pulse	199	1124089	5977	0
G003	63	Picture	40	1125407	0	1	3813	1	0	3660	other	0
G003	64	Picture	80	1129386	0	1	7129	1	0	7000	other	0
G003	64	Pulse	199	1136589	7203	0
G003	65	Picture	40	1136681	0	1	2155	1	0	2130	other	0
G003	66	Picture	50	1139002	0	1	70131	1	0	next	other	0
G003	66	Pulse	199	1149089	10088	0
G003	66	Pulse	199	1161589	22588	0
G003	66	Pulse	199	1174089	35088	0
G003	66	Pulse	199	1186589	47588	0
G003	66	Pulse	199	1199089	60088	0
G003	67	Picture	70	1209132	0	1	7129	1	0	7000	other	0
G003	67	Pulse	199	1211590	2457	0
G003	68	Picture	40	1216427	0	1	4476	1	0	4350	other	0
G003	69	Picture	70	1221070	0	1	7129	1	0	7000	other	0
G003	69	Pulse	199	1224089	3020	0
G003	70	Picture	40	1228365	0	1	3813	1	0	3660	other	0
G003	71	Picture	70	1232344	0	1	7129	1	0	7000	other	0
G003	71	Pulse	199	1236589	4245	0
G003	72	Picture	40	1239638	0	1	2984	1	0	2860	other	0
G003	73	Picture	75	1242789	0	1	7129	1	0	7000	hit	121
G003	73	Response	25	1247069	4281	0
G003	73	Pulse	199	1249089	6300	0
G003	74	Picture	40	1250083	0	1	2155	1	0	2140	other	0
G003	75	Picture	70	1252405	0	1	7129	1	0	7000	other	0
G003	76	Picture	40	1259700	0	1	2653	1	0	2490	other	0
G003	76	Pulse	199	1261590	1890	0
G003	77	Picture	75	1262518	0	1	7129	1	0	7000	hit	128
G003	77	Response	25	1266859	4341	0
G003	78	Picture	40	1269813	0	1	2818	1	0	2690	other	0
G003	79	Picture	70	1272797	0	1	7129	1	0	7000	other	0
G003	79	Pulse	199	1274090	1292	0
G003	80	Picture	40	1280092	0	1	1824	1	0	1780	other	0
G003	81	Picture	70	1282082	0	1	7129	1	0	7000	other	0
G003	81	Pulse	199	1286589	4508	0
G003	82	Picture	40	1289377	0	1	2155	1	0	2130	other	0
G003	83	Picture	70	1291698	0	1	7129	1	0	7000	other	0
G003	84	Picture	40	1298993	0	1	3482	1	0	3310	other	0
G003	84	Pulse	199	1299089	97	0
G003	85	Picture	70	1302640	0	1	7129	1	0	7000	other	0
G003	86	Picture	40	1309935	0	1	2155	1	0	1990	other	0
G003	86	Pulse	199	1311599	1665	0
G003	87	Picture	50	1312256	0	1	90192	1	0	next	other	0
G003	87	Pulse	199	1324099	11843	0
G003	87	Pulse	199	1336599	24343	0
G003	87	Pulse	199	1349099	36843	0
G003	87	Pulse	199	1361600	49343	0
G003	87	Pulse	199	1374100	61844	0
G003	87	Pulse	199	1386600	74343	0
G003	87	Pulse	199	1399100	86843	0
G003	88	Picture	60	1402448	0	1	7129	1	0	7000	other	0
G003	89	Picture	40	1409743	0	1	2819	1	0	2690	other	0
G003	89	Pulse	199	1411600	1857	0
G003	90	Picture	60	1412727	0	1	7129	1	0	7000	other	0
G003	91	Picture	40	1420022	0	1	2155	1	0	1990	other	0
G003	92	Picture	60	1422343	0	1	7129	1	0	7000	other	0
G003	92	Pulse	199	1424100	1757	0
G003	93	Picture	40	1429638	0	1	2155	1	0	2140	other	0
G003	94	Picture	60	1431959	0	1	7129	1	0	7000	other	0
G003	94	Pulse	199	1436600	4641	0
G003	95	Picture	40	1439254	0	1	3813	1	0	3660	other	0
G003	96	Picture	65	1443233	0	1	7129	1	0	7000	hit	162
G003	96	Response	25	1447179	3946	0
G003	96	Pulse	199	1449099	5866	0
G003	97	Picture	40	1450528	0	1	2155	1	0	2130	other	0
G003	98	Picture	60	1452849	0	1	7129	1	0	7000	other	0
G003	99	Picture	40	1460144	0	1	1824	1	0	1780	other	0
G003	99	Pulse	199	1461599	1455	0
G003	100	Picture	60	1462133	0	1	7129	1	0	7000	other	0
G003	101	Picture	40	1469428	0	1	3482	1	0	3310	other	0
G003	102	Picture	60	1473076	0	1	7129	1	0	7000	other	0
G003	102	Pulse	199	1474100	1024	0
G003	103	Picture	40	1480371	0	1	2653	1	0	2490	other	0
G003	104	Picture	60	1483189	0	1	7129	1	0	7000	other	0
G003	104	Pulse	199	1486600	3410	0
G003	105	Picture	40	1490484	0	1	2984	1	0	2860	other	0
G003	106	Picture	60	1493634	0	1	7129	1	0	7000	other	0
G003	106	Pulse	199	1499100	5465	0
G003	107	Picture	40	1500929	0	1	4476	1	0	4350	other	0
G003	108	Picture	50	1505571	0	1	90192	1	0	next	other	0
G003	108	Pulse	199	1511600	6028	0
G003	108	Pulse	199	1524100	18528	0
G003	108	Pulse	199	1536600	31028	0
G003	108	Pulse	199	1549100	43528	0
G003	108	Pulse	199	1561600	56028	0
G003	108	Pulse	199	1574099	68528	0
G003	108	Pulse	199	1586599	81028	0
G003	109	Picture	90	1595763	0	1	7129	1	0	7000	other	0
G003	109	Pulse	199	1599100	3337	0
G003	110	Picture	40	1603058	0	1	4476	1	0	4350	other	0
G003	111	Picture	90	1607700	0	1	7129	1	0	7000	other	0
G003	111	Pulse	199	1611599	3899	0
G003	112	Picture	40	1614995	0	1	2653	1	0	2490	other	0
G003	113	Picture	90	1617814	0	1	7129	1	0	7000	other	0
G003	113	Pulse	199	1624100	6286	0
G003	114	Picture	40	1625109	0	1	2984	1	0	2860	other	0
G003	115	Picture	90	1628259	0	1	7129	1	0	7000	other	0
G003	116	Picture	40	1635554	0	1	3482	1	0	3310	other	0
G003	116	Pulse	199	1636599	1046	0
G003	117	Picture	90	1639201	0	1	7129	1	0	7000	other	0
G003	118	Picture	40	1646496	0	1	1824	1	0	1780	other	0
G003	119	Picture	90	1648486	0	1	7129	1	0	7000	other	0
G003	119	Pulse	199	1649100	614	0
G003	120	Picture	40	1655780	0	1	2155	1	0	2140	other	0
G003	121	Picture	90	1658102	0	1	7129	1	0	7000	other	0
G003	121	Pulse	199	1661599	3498	0
G003	122	Picture	40	1665396	0	1	3813	1	0	3660	other	0
G003	123	Picture	90	1669376	0	1	7129	1	0	7000	other	0
G003	123	Pulse	199	1674100	4724	0
G003	124	Picture	40	1676670	0	1	2155	1	0	2130	other	0
G003	125	Picture	95	1678991	0	1	7129	1	0	7000	hit	211
G003	125	Response	25	1683159	4168	0
G003	126	Picture	40	1686286	0	1	2155	1	0	1990	other	0
G003	126	Pulse	199	1686599	312	0
G003	127	Picture	90	1688608	0	1	7129	1	0	7000	other	0
G003	128	Picture	40	1695902	0	1	2819	1	0	2690	other	0
G003	129	Picture	50	1698887	0	1	70131	1	0	next	other	0
G003	129	Pulse	199	1699099	212	0
G003	129	Pulse	199	1711599	12713	0
G003	129	Pulse	199	1724100	25213	0
G003	129	Pulse	199	1736599	37713	0
G003	129	Pulse	199	1749100	50213	0
G003	129	Pulse	199	1761599	62713	0
G003	130	Picture	80	1769017	0	1	7129	1	0	7000	other	0
G003	130	Pulse	199	1774100	5082	0
G003	131	Picture	40	1776312	0	1	1824	1	0	1780	other	0
G003	132	Picture	80	1778302	0	1	7129	1	0	7000	other	0
G003	133	Picture	40	1785597	0	1	3482	1	0	3310	other	0
G003	133	Pulse	199	1786600	1003	0
G003	134	Picture	85	1789244	0	1	7129	1	0	7000	hit	230
G003	134	Response	25	1793060	3816	0
G003	135	Picture	40	1796539	0	1	4476	1	0	4350	other	0
G003	135	Pulse	199	1799099	2560	0
G003	136	Picture	80	1801181	0	1	7129	1	0	7000	other	0
G003	137	Picture	40	1808476	0	1	2155	1	0	2140	other	0
G003	138	Picture	80	1810797	0	1	7129	1	0	7000	other	0
G003	138	Pulse	199	1811600	802	0
G003	139	Picture	40	1818092	0	1	2653	1	0	2490	other	0
G003	140	Picture	80	1820911	0	1	7129	1	0	7000	other	0
G003	140	Pulse	199	1824100	3189	0
G003	141	Picture	40	1828206	0	1	2984	1	0	2860	other	0
G003	142	Picture	80	1831356	0	1	7129	1	0	7000	other	0
G003	142	Pulse	199	1836600	5244	0
G003	143	Picture	40	1838651	0	1	3813	1	0	3660	other	0
G003	144	Picture	80	1842630	0	1	7129	1	0	7000	other	0
G003	144	Pulse	199	1849100	6470	0
G003	145	Picture	40	1849925	0	1	2155	1	0	1990	other	0
G003	146	Picture	85	1852246	0	1	7129	1	0	7000	hit	248
G003	146	Response	25	1856659	4413	0
G003	147	Picture	40	1859541	0	1	2155	1	0	2130	other	0
G003	147	Pulse	199	1861600	2059	0
G003	148	Picture	80	1861862	0	1	7129	1	0	7000	other	0
G003	149	Picture	40	1869157	0	1	2818	1	0	2690	other	0
G003	150	Picture	50	1872141	0	1	50070	1	0	next	other	0
G003	150	Pulse	199	1874100	1959	0
G003	150	Pulse	199	1886600	14459	0
G003	150	Pulse	199	1899099	26958	0
G003	150	Pulse	199	1911599	39458	0
G003	151	Picture	70	1922211	0	1	7129	1	0	7000	other	0
G003	151	Pulse	199	1924100	1889	0
G003	152	Picture	40	1929506	0	1	2653	1	0	2490	other	0
G003	153	Picture	70	1932324	0	1	7129	1	0	7000	other	0
G003	153	Pulse	199	1936600	4276	0
G003	154	Picture	40	1939619	0	1	2155	1	0	1990	other	0
G003	155	Picture	70	1941940	0	1	7129	1	0	7000	other	0
G003	155	Pulse	199	1949100	7160	0
G003	156	Picture	40	1949235	0	1	4476	1	0	4350	other	0
G003	157	Picture	70	1953877	0	1	7129	1	0	7000	other	0
G003	158	Picture	40	1961172	0	1	2984	1	0	2860	other	0
G003	158	Pulse	199	1961600	428	0
G003	159	Picture	70	1964322	0	1	7129	1	0	7000	other	0
G003	160	Picture	40	1971617	0	1	3813	1	0	3660	other	0
G003	160	Pulse	199	1974099	2482	0
G003	161	Picture	70	1975596	0	1	7129	1	0	7000	other	0
G003	162	Picture	40	1982891	0	1	2818	1	0	2690	other	0
G003	163	Picture	70	1985875	0	1	7129	1	0	7000	other	0
G003	163	Pulse	199	1986600	724	0
G003	164	Picture	40	1993170	0	1	2155	1	0	2140	other	0
G003	165	Picture	70	1995492	0	1	7129	1	0	7000	other	0
G003	165	Pulse	199	1999100	3608	0
G003	166	Picture	40	2002786	0	1	1824	1	0	1780	other	0
G003	167	Picture	70	2004776	0	1	7129	1	0	7000	other	0
G003	167	Pulse	199	2011599	6823	0
G003	168	Picture	40	2012071	0	1	2155	1	0	2130	other	0
G003	169	Picture	70	2014392	0	1	7129	1	0	7000	other	0
G003	170	Picture	40	2021687	0	1	3482	1	0	3310	other	0
G003	170	Pulse	199	2024099	2413	0
G003	171	Picture	50	2025334	0	1	30174	1	0	next	other	0
G003	171	Pulse	199	2036599	11265	0
G003	171	Pulse	199	2049100	23765	0
G003	172	Picture	60	2055509	0	1	7129	1	0	7000	other	0
G003	172	Pulse	199	2061600	6091	0
G003	173	Picture	40	2062804	0	1	2155	1	0	1990	other	0
G003	174	Picture	60	2065125	0	1	7129	1	0	7000	other	0
G003	175	Picture	40	2072420	0	1	2155	1	0	2130	other	0
G003	175	Pulse	199	2074100	1680	0
G003	176	Picture	60	2074741	0	1	7129	1	0	7000	other	0
G003	177	Picture	40	2082036	0	1	1823	1	0	1780	other	0
G003	178	Picture	60	2084025	0	1	7129	1	0	7000	other	0
G003	178	Pulse	199	2086600	2574	0
G003	179	Picture	40	2091320	0	1	3482	1	0	3310	other	0
G003	180	Picture	60	2094968	0	1	7129	1	0	7000	other	0
G003	180	Pulse	199	2099100	4132	0
G003	181	Picture	40	2102263	0	1	2819	1	0	2690	other	0
G003	182	Picture	65	2105247	0	1	7129	1	0	7000	hit	305
G003	182	Response	25	2111480	6233	0
G003	182	Pulse	199	2111600	6353	0
G003	183	Picture	40	2112542	0	1	3813	1	0	3660	other	0
G003	184	Picture	60	2116521	0	1	7129	1	0	7000	other	0
G003	185	Picture	40	2123816	0	1	4476	1	0	4350	other	0
G003	185	Pulse	199	2124099	283	0
G003	186	Picture	60	2128458	0	1	7129	1	0	7000	other	0
G003	187	Picture	40	2135753	0	1	2653	1	0	2490	other	0
G003	187	Pulse	199	2136600	847	0
G003	188	Picture	60	2138571	0	1	7129	1	0	7000	other	0
G003	189	Picture	40	2145866	0	1	2155	1	0	2140	other	0
G003	190	Picture	60	2148187	0	1	7129	1	0	7000	other	0
G003	190	Pulse	199	2149099	912	0
G003	191	Picture	40	2155482	0	1	2984	1	0	2860	other	0
G003	192	Picture	50	2158632	0	1	70131	1	0	next	other	0
G003	192	Pulse	199	2161600	2967	0
G003	192	Pulse	199	2174100	15467	0
G003	192	Pulse	199	2186600	27967	0
G003	192	Pulse	199	2199099	40467	0
G003	192	Pulse	199	2211600	52967	0
G003	192	Pulse	199	2224099	65467	0
G003	193	Picture	90	2228763	0	1	7129	1	0	7000	other	0
G003	194	Picture	40	2236058	0	1	2818	1	0	2690	other	0
G003	194	Pulse	199	2236599	541	0
G003	195	Picture	90	2239042	0	1	7129	1	0	7000	other	0
G003	196	Picture	40	2246337	0	1	2155	1	0	2130	other	0
G003	197	Picture	90	2248658	0	1	7129	1	0	7000	other	0
G003	197	Pulse	199	2249099	441	0
G003	198	Picture	40	2255953	0	1	3482	1	0	3310	other	0
G003	199	Picture	95	2259601	0	1	7129	1	0	7000	hit	336
G003	199	Pulse	199	2261599	1999	0
G003	199	Response	25	2263829	4228	0
G003	200	Picture	40	2266896	0	1	2653	1	0	2490	other	0
G003	201	Picture	90	2269714	0	1	7129	1	0	7000	other	0
G003	201	Pulse	199	2274100	4386	0
G003	202	Picture	40	2277009	0	1	3813	1	0	3660	other	0
G003	203	Picture	90	2280988	0	1	7129	1	0	7000	other	0
G003	203	Pulse	199	2286600	5612	0
G003	204	Picture	40	2288283	0	1	4476	1	0	4350	other	0
G003	205	Picture	95	2292925	0	1	7129	1	0	7000	hit	345
G003	205	Response	25	2296770	3845	0
G003	205	Pulse	199	2299100	6175	0
G003	206	Picture	40	2300220	0	1	2155	1	0	1990	other	0
G003	207	Picture	90	2302541	0	1	7129	1	0	7000	other	0
G003	208	Picture	40	2309836	0	1	2155	1	0	2140	other	0
G003	208	Pulse	199	2311600	1764	0
G003	209	Picture	90	2312157	0	1	7129	1	0	7000	other	0
G003	210	Picture	40	2319452	0	1	2984	1	0	2860	other	0
G003	211	Picture	90	2322602	0	1	7129	1	0	7000	other	0
G003	211	Pulse	199	2324100	1498	0
G003	212	Picture	40	2329897	0	1	1824	1	0	1780	other	0
G003	213	Picture	50	2331887	0	1	30174	1	0	next	other	0
G003	213	Pulse	199	2336600	4713	0
G003	213	Pulse	199	2349100	17213	0
G003	213	Pulse	199	2361600	29713	0
G003	214	Picture	80	2362061	0	1	7129	1	0	7000	other	0
G003	215	Picture	40	2369356	0	1	2155	1	0	2130	other	0
G003	216	Picture	80	2371677	0	1	7129	1	0	7000	other	0
G003	216	Pulse	199	2374100	2423	0
G003	217	Picture	40	2378972	0	1	2819	1	0	2690	other	0
G003	218	Picture	80	2381956	0	1	7129	1	0	7000	other	0
G003	218	Pulse	199	2386600	4644	0
G003	219	Picture	40	2389251	0	1	3482	1	0	3310	other	0
G003	220	Picture	80	2392899	0	1	7129	1	0	7000	other	0
G003	220	Pulse	199	2399101	6202	0
G003	221	Picture	40	2400194	0	1	2155	1	0	2140	other	0
G003	222	Picture	80	2402515	0	1	7129	1	0	7000	other	0
G003	223	Picture	40	2409810	0	1	2155	1	0	1990	other	0
G003	223	Pulse	199	2411600	1790	0
G003	224	Picture	80	2412131	0	1	7129	1	0	7000	other	0
G003	225	Picture	40	2419426	0	1	2653	1	0	2490	other	0
G003	226	Picture	80	2422244	0	1	7129	1	0	7000	other	0
G003	226	Pulse	199	2424100	1856	0
G003	227	Picture	40	2429539	0	1	3813	1	0	3660	other	0
G003	228	Picture	80	2433518	0	1	7129	1	0	7000	other	0
G003	228	Pulse	199	2436600	3082	0
G003	229	Picture	40	2440813	0	1	2984	1	0	2860	other	0
G003	230	Picture	80	2443963	0	1	7129	1	0	7000	other	0
G003	230	Pulse	199	2449100	5137	0
G003	231	Picture	40	2451258	0	1	1824	1	0	1780	other	0
G003	232	Picture	80	2453248	0	1	7129	1	0	7000	other	0
G003	233	Picture	40	2460543	0	1	4476	1	0	4350	other	0
G003	233	Pulse	199	2461600	1057	0
G003	234	Picture	50	2465185	0	1	90192	1	0	next	other	0
G003	234	Pulse	199	2474099	8915	0
G003	234	Pulse	199	2486600	21415	0
G003	234	Pulse	199	2499100	33916	0
G003	234	Pulse	199	2511601	46416	0
G003	234	Pulse	199	2524100	58916	0
G003	234	Pulse	199	2536600	71416	0
G003	234	Pulse	199	2549100	83916	0
G003	235	Picture	70	2555376	0	1	7129	1	0	7000	other	0
G003	235	Pulse	199	2561600	6224	0
G003	236	Picture	40	2562671	0	1	2155	1	0	2140	other	0
G003	237	Picture	70	2564992	0	1	7129	1	0	7000	other	0
G003	238	Picture	40	2572287	0	1	3813	1	0	3660	other	0
G003	238	Pulse	199	2574100	1812	0
G003	239	Picture	75	2576266	0	1	7129	1	0	7000	hit	403
G003	239	Response	25	2579940	3674	0
G003	240	Picture	40	2583561	0	1	2984	1	0	2860	other	0
G003	240	Pulse	199	2586600	3038	0
G003	241	Picture	70	2586711	0	1	7129	1	0	7000	other	0
G003	242	Picture	40	2594006	0	1	2155	1	0	2130	other	0
G003	243	Picture	70	2596327	0	1	7129	1	0	7000	other	0
G003	243	Pulse	199	2599100	2772	0
G003	244	Picture	40	2603622	0	1	2155	1	0	1990	other	0
G003	245	Picture	70	2605943	0	1	7129	1	0	7000	other	0
G003	245	Pulse	199	2611600	5657	0
G003	246	Picture	40	2613238	0	1	3482	1	0	3310	other	0
G003	247	Picture	70	2616886	0	1	7129	1	0	7000	other	0
G003	247	Pulse	199	2624100	7214	0
G003	248	Picture	40	2624181	0	1	1824	1	0	1780	other	0
G003	249	Picture	70	2626170	0	1	7129	1	0	7000	other	0
G003	250	Picture	40	2633465	0	1	2653	1	0	2490	other	0
G003	251	Picture	70	2636284	0	1	7129	1	0	7000	other	0
G003	251	Pulse	199	2636601	317	0
G003	252	Picture	40	2643579	0	1	2819	1	0	2690	other	0
G003	253	Picture	70	2646563	0	1	7129	1	0	7000	other	0
G003	253	Pulse	199	2649100	2537	0
G003	254	Picture	40	2653858	0	1	4477	1	0	4350	other	0
G003	255	Picture	50	2658500	0	1	50070	1	0	next	other	0
G003	255	Pulse	199	2661600	3100	0
G003	255	Pulse	199	2674100	15600	0
G003	255	Pulse	199	2686600	28100	0
G003	255	Pulse	199	2699100	40600	0
G003	256	Picture	60	2708570	0	1	7129	1	0	7000	other	0
G003	256	Pulse	199	2711600	3030	0
G003	257	Picture	40	2715865	0	1	2155	1	0	1990	other	0
G003	258	Picture	60	2718186	0	1	7129	1	0	7000	other	0
G003	258	Pulse	199	2724100	5914	0
G003	259	Picture	40	2725481	0	1	3813	1	0	3660	other	0
G003	260	Picture	60	2729460	0	1	7129	1	0	7000	other	0
G003	260	Pulse	199	2736599	7139	1
G003	261	Picture	40	2736755	0	1	2818	1	0	2690	other	0
G003	262	Picture	65	2739739	0	1	7129	1	0	7000	hit	440
G003	262	Response	25	2743400	3661	0
G003	263	Picture	40	2747034	0	1	2984	1	0	2860	other	0
G003	263	Pulse	199	2749100	2066	0
G003	264	Picture	60	2750184	0	1	7129	1	0	7000	other	0
G003	265	Picture	40	2757479	0	1	2155	1	0	2140	other	0
G003	266	Picture	60	2759800	0	1	7129	1	0	7000	other	0
G003	266	Pulse	199	2761600	1800	0
G003	267	Picture	40	2767095	0	1	2155	1	0	2130	other	0
G003	268	Picture	65	2769416	0	1	7129	1	0	7000	hit	450
G003	268	Pulse	199	2774100	4684	0
G003	268	Response	25	2774211	4795	0
G003	269	Picture	40	2776711	0	1	1824	1	0	1780	other	0
G003	270	Picture	60	2778700	0	1	7129	1	0	7000	other	0
G003	271	Picture	40	2785995	0	1	3482	1	0	3310	other	0
G003	271	Pulse	199	2786600	605	0
G003	272	Picture	60	2789643	0	1	7129	1	0	7000	other	0
G003	273	Picture	40	2796938	0	1	4476	1	0	4350	other	0
G003	273	Pulse	199	2799100	2162	0
G003	274	Picture	60	2801580	0	1	7129	1	0	7000	other	0
G003	275	Picture	40	2808875	0	1	2653	1	0	2490	other	0
G003	275	Pulse	199	2811600	2725	0
G003	276	Picture	50	2811693	0	1	50070	1	0	next	other	0
G003	276	Pulse	199	2824100	12407	0
G003	276	Pulse	199	2836600	24907	0
G003	276	Pulse	199	2849100	37407	0
G003	276	Pulse	199	2861600	49907	0
G003	277	Picture	90	2861763	0	1	7129	1	0	7000	other	0
G003	278	Picture	40	2869058	0	1	1824	1	0	1780	other	0
G003	279	Picture	90	2871047	0	1	7129	1	0	7000	other	0
G003	279	Pulse	199	2874100	3053	0
G003	280	Picture	40	2878342	0	1	2984	1	0	2860	other	0
G003	281	Picture	90	2881492	0	1	7129	1	0	7000	other	0
G003	281	Pulse	199	2886600	5108	0
G003	282	Picture	40	2888787	0	1	3482	1	0	3310	other	0
G003	283	Picture	90	2892435	0	1	7129	1	0	7000	other	0
G003	283	Pulse	199	2899100	6665	0
G003	284	Picture	40	2899730	0	1	2155	1	0	2130	other	0
G003	285	Picture	90	2902051	0	1	7129	1	0	7000	other	0
G003	286	Picture	40	2909346	0	1	2653	1	0	2490	other	0
G003	286	Pulse	199	2911600	2254	0
G003	287	Picture	90	2912164	0	1	7129	1	0	7000	other	0
G003	288	Picture	40	2919459	0	1	2818	1	0	2690	other	0
G003	289	Picture	90	2922443	0	1	7129	1	0	7000	other	0
G003	289	Pulse	199	2924100	1656	0
G003	290	Picture	40	2929738	0	1	2155	1	0	2140	other	0
G003	291	Picture	90	2932060	0	1	7129	1	0	7000	other	0
G003	291	Pulse	199	2936600	4541	0
G003	292	Picture	40	2939354	0	1	3813	1	0	3660	other	0
G003	293	Picture	90	2943333	0	1	7129	1	0	7000	other	0
G003	293	Pulse	199	2949110	5777	0
G003	294	Picture	40	2950628	0	1	4476	1	0	4350	other	0
G003	295	Picture	90	2955271	0	1	7129	1	0	7000	other	0
G003	295	Pulse	199	2961610	6340	0
G003	296	Picture	40	2962565	0	1	2155	1	0	1990	other	0
G003	297	Picture	50	2964887	0	1	90192	1	0	next	other	0
G003	297	Pulse	199	2974110	9223	0
G003	297	Pulse	199	2986610	21724	0
G003	297	Pulse	199	2999110	34224	0
G003	297	Pulse	199	3011610	46724	0
G003	297	Pulse	199	3024110	59223	0
G003	297	Pulse	199	3036610	71723	0
G003	297	Pulse	199	3049110	84223	0
G003	298	Picture	80	3055078	0	1	7129	1	0	7000	other	0
G003	298	Pulse	199	3061610	6532	0
G003	299	Picture	40	3062373	0	1	2155	1	0	2140	other	0
G003	300	Picture	80	3064694	0	1	7129	1	0	7000	other	0
G003	301	Picture	40	3071989	0	1	2818	1	0	2690	other	0
G003	301	Pulse	199	3074110	2121	0
G003	302	Picture	80	3074974	0	1	7129	1	0	7000	other	0
G003	303	Picture	40	3082268	0	1	4476	1	0	4350	other	0
G003	303	Pulse	199	3086610	4342	0
G003	304	Picture	85	3086911	0	1	7129	1	0	7000	hit	512
G003	304	Response	25	3091530	4619	0
G003	305	Picture	40	3094206	0	1	2984	1	0	2860	other	0
G003	306	Picture	80	3097356	0	1	7129	1	0	7000	other	0
G003	306	Pulse	199	3099111	1755	0
G003	307	Picture	40	3104651	0	1	3813	1	0	3660	other	0
G003	308	Picture	80	3108630	0	1	7129	1	0	7000	other	0
G003	308	Pulse	199	3111610	2981	0
G003	309	Picture	40	3115925	0	1	1824	1	0	1780	other	0
G003	310	Picture	80	3117914	0	1	7129	1	0	7000	other	0
G003	310	Pulse	199	3124110	6196	0
G003	311	Picture	40	3125209	0	1	2653	1	0	2490	other	0
G003	312	Picture	80	3128028	0	1	7129	1	0	7000	other	0
G003	313	Picture	40	3135322	0	1	3482	1	0	3310	other	0
G003	313	Pulse	199	3136610	1288	0
G003	314	Picture	80	3138970	0	1	7129	1	0	7000	other	0
G003	315	Picture	40	3146265	0	1	2155	1	0	1990	other	0
G003	316	Picture	80	3148586	0	1	7129	1	0	7000	other	0
G003	316	Pulse	199	3149110	524	0
G003	317	Picture	40	3155881	0	1	2155	1	0	2130	other	0
G003	318	Picture	50	3158202	0	1	30174	1	0	next	other	0
G003	318	Pulse	199	3161611	3409	0
G003	318	Pulse	199	3174111	15909	0
G003	318	Pulse	199	3186610	28408	0
G003	319	Picture	70	3188376	0	1	7129	1	0	7000	other	0
G003	320	Picture	40	3195671	0	1	4477	1	0	4350	other	0
G003	320	Pulse	199	3199110	3439	0
G003	321	Picture	70	3200313	0	1	7129	1	0	7000	other	0
G003	322	Picture	40	3207608	0	1	2155	1	0	1990	other	0
G003	323	Picture	70	3209930	0	1	7129	1	0	7000	other	0
G003	323	Pulse	199	3211610	1681	0
G003	324	Picture	40	3217224	0	1	1824	1	0	1780	other	0
G003	325	Picture	70	3219214	0	1	7129	1	0	7000	other	0
G003	325	Pulse	199	3224111	4897	0
G003	326	Picture	40	3226509	0	1	2819	1	0	2690	other	0
G003	327	Picture	70	3229493	0	1	7129	1	0	7000	other	0
G003	327	Pulse	199	3236610	7117	0
G003	328	Picture	40	3236788	0	1	2653	1	0	2490	other	0
G003	329	Picture	70	3239607	0	1	7129	1	0	7000	other	0
G003	330	Picture	40	3246901	0	1	2984	1	0	2860	other	0
G003	330	Pulse	199	3249110	2209	0
G003	331	Picture	70	3250052	0	1	7129	1	0	7000	other	0
G003	332	Picture	40	3257347	0	1	2155	1	0	2130	other	0
G003	333	Picture	70	3259668	0	1	7129	1	0	7000	other	0
G003	333	Pulse	199	3261610	1942	0
G003	334	Picture	40	3266963	0	1	2155	1	0	2140	other	0
G003	335	Picture	75	3269284	0	1	7129	1	0	7000	hit	558
G003	335	Response	25	3273901	4617	0
G003	335	Pulse	199	3274110	4827	0
G003	336	Picture	40	3276579	0	1	3813	1	0	3660	other	0
G003	337	Picture	70	3280558	0	1	7129	1	0	7000	other	0
G003	337	Pulse	199	3286611	6053	0
G003	338	Picture	40	3287853	0	1	3482	1	0	3310	other	0
G003	339	Picture	50	3291500	0	1	70131	1	0	next	other	0
G003	339	Pulse	199	3299110	7610	0
G003	339	Pulse	199	3311611	20111	0
G003	339	Pulse	199	3324111	32611	0
G003	339	Pulse	199	3336610	45110	0
G003	339	Pulse	199	3349111	57611	0
G003	339	Pulse	199	3361610	70110	0
G003	340	Picture	60	3361631	0	1	7129	1	0	7000	other	0
G003	341	Picture	40	3368926	0	1	3813	1	0	3660	other	0
G003	342	Picture	60	3372905	0	1	7129	1	0	7000	other	0
G003	342	Pulse	199	3374111	1206	0
G003	343	Picture	40	3380200	0	1	3482	1	0	3310	other	0
G003	344	Picture	65	3383847	0	1	7129	1	0	7000	hit	578
G003	344	Pulse	199	3386611	2764	0
G003	344	Response	25	3387351	3504	0
G003	345	Picture	40	3391142	0	1	1824	1	0	1780	other	0
G003	346	Picture	60	3393131	0	1	7129	1	0	7000	other	0
G003	346	Pulse	199	3399111	5979	0
G003	347	Picture	40	3400426	0	1	2155	1	0	1990	other	0
G003	348	Picture	60	3402747	0	1	7129	1	0	7000	other	0
G003	349	Picture	40	3410042	0	1	2818	1	0	2690	other	0
G003	349	Pulse	199	3411611	1568	0
G003	350	Picture	60	3413027	0	1	7129	1	0	7000	other	0
G003	351	Picture	40	3420322	0	1	2984	1	0	2860	other	0
G003	352	Picture	60	3423472	0	1	7129	1	0	7000	other	0
G003	352	Pulse	199	3424111	639	0
G003	353	Picture	40	3430767	0	1	4476	1	0	4350	other	0
G003	354	Picture	60	3435409	0	1	7129	1	0	7000	other	0
G003	354	Pulse	199	3436610	1202	0
G003	355	Picture	40	3442704	0	1	2155	1	0	2140	other	0
G003	356	Picture	60	3445025	0	1	7129	1	0	7000	other	0
G003	356	Pulse	199	3449111	4086	0
G003	357	Picture	40	3452320	0	1	2155	1	0	2130	other	0
G003	358	Picture	60	3454641	0	1	7129	1	0	7000	other	0
G003	358	Pulse	199	3461610	6969	0
G003	359	Picture	40	3461936	0	1	2653	1	0	2490	other	0
G003	360	Picture	50	3464754	0	1	90192	1	0	next	other	0
G003	360	Pulse	199	3474111	9356	0
G003	360	Pulse	199	3486610	21856	0
G003	360	Pulse	199	3499111	34356	0
G003	360	Pulse	199	3511611	46856	0
G003	360	Pulse	199	3524111	59357	0
G003	360	Pulse	199	3536611	71857	0
G003	360	Pulse	199	3549111	84357	0
G003	361	Picture	90	3554946	0	1	7129	1	0	7000	other	0
G003	361	Pulse	199	3561611	6665	0
G003	362	Picture	40	3562241	0	1	2156	1	0	2130	other	0
G003	363	Picture	90	3564562	0	1	7129	1	0	7000	other	0
G003	364	Picture	40	3571857	0	1	4476	1	0	4350	other	0
G003	364	Pulse	199	3574111	2254	0
G003	365	Picture	90	3576499	0	1	7129	1	0	7000	other	0
G003	366	Picture	40	3583794	0	1	2984	1	0	2860	other	0
G003	366	Pulse	199	3586611	2816	0
G003	367	Picture	90	3586944	0	1	7129	1	0	7000	other	0
G003	368	Picture	40	3594239	0	1	2155	1	0	1990	other	0
G003	369	Picture	95	3596560	0	1	7129	1	0	7000	hit	621
G003	369	Pulse	199	3599111	2551	0
G003	369	Response	25	3600771	4210	0
G003	370	Picture	40	3603855	0	1	3813	1	0	3660	other	0
G003	371	Picture	90	3607834	0	1	7129	1	0	7000	other	0
G003	371	Pulse	199	3611611	3777	0
G003	372	Picture	40	3615129	0	1	2155	1	0	2140	other	0
G003	373	Picture	95	3617450	0	1	7129	1	0	7000	hit	627
G003	373	Response	25	3622291	4841	0
G003	373	Pulse	199	3624111	6661	0
G003	374	Picture	40	3624745	0	1	2653	1	0	2490	other	0
G003	375	Picture	90	3627564	0	1	7129	1	0	7000	other	0
G003	376	Picture	40	3634858	0	1	3482	1	0	3310	other	0
G003	376	Pulse	199	3636611	1752	0
G003	377	Picture	90	3638506	0	1	7129	1	0	7000	other	0
G003	378	Picture	40	3645801	0	1	2818	1	0	2690	other	0
G003	379	Picture	90	3648785	0	1	7129	1	0	7000	other	0
G003	379	Pulse	199	3649111	326	0
G003	380	Picture	40	3656080	0	1	1824	1	0	1780	other	0
G003	381	Picture	50	3658070	0	1	30174	1	0	next	other	0
G003	381	Pulse	199	3661611	3541	0
G003	381	Pulse	199	3674111	16041	0
G003	381	Pulse	199	3686611	28541	0
G003	382	Picture	80	3688244	0	1	7129	1	0	7000	other	0
G003	383	Picture	40	3695539	0	1	3482	1	0	3310	other	0
G003	383	Pulse	199	3699110	3572	0
G003	384	Picture	80	3699186	0	1	7129	1	0	7000	other	0
G003	385	Picture	40	3706481	0	1	2818	1	0	2690	other	0
G003	386	Picture	80	3709465	0	1	7129	1	0	7000	other	0
G003	386	Pulse	199	3711611	2145	0
G003	387	Picture	40	3716761	0	1	4476	1	0	4350	other	0
G003	388	Picture	80	3721403	0	1	7129	1	0	7000	other	0
G003	388	Pulse	199	3724111	2708	0
G003	389	Picture	40	3728698	0	1	3813	1	0	3660	other	0
G003	390	Picture	80	3732677	0	1	7129	1	0	7000	other	0
G003	390	Pulse	199	3736611	3934	0
G003	391	Picture	40	3739972	0	1	2155	1	0	2140	other	0
G003	392	Picture	80	3742293	0	1	7129	1	0	7000	other	0
G003	392	Pulse	199	3749111	6818	0
G003	393	Picture	40	3749588	0	1	2155	1	0	1990	other	0
G003	394	Picture	80	3751909	0	1	7129	1	0	7000	other	0
G003	395	Picture	40	3759204	0	1	2653	1	0	2490	other	0
G003	395	Pulse	199	3761611	2407	0
G003	396	Picture	80	3762022	0	1	7129	1	0	7000	other	0
G003	397	Picture	40	3769317	0	1	1824	1	0	1780	other	0
G003	398	Picture	80	3771307	0	1	7129	1	0	7000	other	0
G003	398	Pulse	199	3774111	2804	0
G003	399	Picture	40	3778602	0	1	2984	1	0	2860	other	0
G003	400	Picture	80	3781752	0	1	7129	1	0	7000	other	0
G003	400	Pulse	199	3786611	4859	0
G003	401	Picture	40	3789047	0	1	2155	1	0	2130	other	0
G003	402	Picture	50	3791368	0	1	50070	1	0	next	other	0
G003	402	Pulse	199	3799110	7743	0
G003	402	Pulse	199	3811611	20243	0
G003	402	Pulse	199	3824110	32743	0
G003	402	Pulse	199	3836611	45243	0
G003	403	Picture	70	3841437	0	1	7129	1	0	7000	other	0
G003	404	Picture	40	3848732	0	1	2984	1	0	2860	other	0
G003	404	Pulse	199	3849111	379	0
G003	405	Picture	70	3851882	0	1	7129	1	0	7000	other	0
G003	406	Picture	40	3859177	0	1	2819	1	0	2690	other	0
G003	406	Pulse	199	3861611	2434	0
G003	407	Picture	70	3862162	0	1	7129	1	0	7000	other	0
G003	408	Picture	40	3869456	0	1	2653	1	0	2490	other	0
G003	409	Picture	70	3872275	0	1	7129	1	0	7000	other	0
G003	409	Pulse	199	3874111	1836	0
G003	410	Picture	40	3879570	0	1	2155	1	0	1990	other	0
G003	411	Picture	70	3881891	0	1	7129	1	0	7000	other	0
G003	411	Pulse	199	3886611	4720	0
G003	412	Picture	40	3889186	0	1	4476	1	0	4350	other	0
G003	413	Picture	70	3893828	0	1	7129	1	0	7000	other	0
G003	413	Pulse	199	3899111	5283	0
G003	414	Picture	40	3901123	0	1	3482	1	0	3310	other	0
G003	415	Picture	75	3904770	0	1	7129	1	0	7000	hit	693
G003	415	Response	25	3909680	4910	0
G003	415	Pulse	199	3911611	6840	0
G003	416	Picture	40	3912065	0	1	3813	1	0	3660	other	0
G003	417	Picture	70	3916044	0	1	7129	1	0	7000	other	0
G003	418	Picture	40	3923339	0	1	2155	1	0	2130	other	0
G003	418	Pulse	199	3924111	772	0
G003	419	Picture	70	3925660	0	1	7129	1	0	7000	other	0
G003	420	Picture	40	3932955	0	1	2155	1	0	2140	other	0
G003	421	Picture	70	3935277	0	1	7129	1	0	7000	other	0
G003	421	Pulse	199	3936611	1334	0
G003	422	Picture	40	3942571	0	1	1824	1	0	1780	other	0
G003	423	Picture	50	3944561	0	1	70131	1	0	next	other	0
G003	423	Pulse	199	3949111	4550	0
G003	423	Pulse	199	3961611	17050	0
G003	423	Pulse	199	3974111	29550	0
G003	423	Pulse	199	3986611	42050	0
G003	423	Pulse	199	3999111	54550	0
G003	423	Pulse	199	4011611	67050	0
G003	424	Picture	60	4014692	0	1	7129	1	0	7000	other	0
G003	425	Picture	40	4021987	0	1	2155	1	0	1990	other	0
G003	425	Pulse	199	4024111	2124	0
G003	426	Picture	60	4024308	0	1	7129	1	0	7000	other	0
G003	427	Picture	40	4031603	0	1	1824	1	0	1780	other	0
G003	428	Picture	65	4033592	0	1	7129	1	0	7000	hit	718
G003	428	Pulse	199	4036611	3019	0
G003	428	Response	25	4039001	5409	0
G003	429	Picture	40	4040887	0	1	2818	1	0	2690	other	0
G003	430	Picture	60	4043871	0	1	7129	1	0	7000	other	0
G003	430	Pulse	199	4049111	5240	0
G003	431	Picture	40	4051166	0	1	2155	1	0	2130	other	0
G003	432	Picture	60	4053487	0	1	7129	1	0	7000	other	0
G003	433	Picture	40	4060782	0	1	3813	1	0	3660	other	0
G003	433	Pulse	199	4061611	829	0
G003	434	Picture	60	4064761	0	1	7129	1	0	7000	other	0
G003	435	Picture	40	4072056	0	1	2155	1	0	2140	other	0
G003	435	Pulse	199	4074111	2055	0
G003	436	Picture	60	4074377	0	1	7129	1	0	7000	other	0
G003	437	Picture	40	4081672	0	1	2653	1	0	2490	other	0
G003	438	Picture	60	4084491	0	1	7129	1	0	7000	other	0
G003	438	Pulse	199	4086611	2120	0
G003	439	Picture	40	4091786	0	1	4476	1	0	4350	other	0
G003	440	Picture	65	4096428	0	1	7129	1	0	7000	hit	736
G003	440	Pulse	199	4099112	2684	0
G003	440	Response	25	4101411	4983	0
G003	441	Picture	40	4103723	0	1	3482	1	0	3310	other	0
G003	442	Picture	60	4107370	0	1	7129	1	0	7000	other	0
G003	442	Pulse	199	4111611	4241	0
G003	443	Picture	40	4114665	0	1	2984	1	0	2860	other	0
G003	444	Picture	50	4117815	0	1	70131	1	0	next	other	0
G003	444	Pulse	199	4124111	6296	0
G003	444	Pulse	199	4136611	18796	0
G003	444	Pulse	199	4149111	31296	0
G003	444	Pulse	199	4161611	43796	0
G003	444	Pulse	199	4174111	56296	0
G003	444	Pulse	199	4186611	68796	0
G003	445	Picture	90	4187946	0	1	7129	1	0	7000	other	0
G003	446	Picture	40	4195241	0	1	2155	1	0	1990	other	0
G003	447	Picture	90	4197562	0	1	7129	1	0	7000	other	0
G003	447	Pulse	199	4199111	1549	0
G003	448	Picture	40	4204857	0	1	3813	1	0	3660	other	0
G003	449	Picture	90	4208836	0	1	7129	1	0	7000	other	0
G003	449	Pulse	199	4211611	2775	0
G003	450	Picture	40	4216131	0	1	2818	1	0	2690	other	0
G003	451	Picture	90	4219115	0	1	7129	1	0	7000	other	0
G003	451	Pulse	199	4224111	4996	0
G003	452	Picture	40	4226410	0	1	1824	1	0	1780	other	0
G003	453	Picture	90	4228400	0	1	7129	1	0	7000	other	0
G003	454	Picture	40	4235695	0	1	3482	1	0	3310	other	0
G003	454	Pulse	199	4236611	916	0
G003	455	Picture	90	4239342	0	1	7129	1	0	7000	other	0
G003	456	Picture	40	4246637	0	1	4476	1	0	4350	other	0
G003	456	Pulse	199	4249111	2474	0
G003	457	Picture	90	4251279	0	1	7129	1	0	7000	other	0
G003	458	Picture	40	4258574	0	1	2653	1	0	2490	other	0
G003	459	Picture	90	4261393	0	1	7129	1	0	7000	other	0
G003	459	Pulse	199	4261611	219	0
G003	460	Picture	40	4268687	0	1	2984	1	0	2860	other	0
G003	461	Picture	90	4271837	0	1	7129	1	0	7000	other	0
G003	461	Pulse	199	4274111	2274	0
G003	462	Picture	40	4279132	0	1	2155	1	0	2130	other	0
G003	463	Picture	90	4281453	0	1	7129	1	0	7000	other	0
G003	463	Pulse	199	4286611	5158	0
G003	464	Picture	40	4288748	0	1	2155	1	0	2140	other	0
G003	465	Picture	50	4291070	0	1	50070	1	0	next	other	0
G003	465	Pulse	199	4299111	8042	0
G003	465	Pulse	199	4311611	20541	0
G003	465	Pulse	199	4324111	33042	0
G003	465	Pulse	199	4336611	45541	0
G003	466	Picture	80	4341139	0	1	7129	1	0	7000	other	0
G003	467	Picture	40	4348434	0	1	3813	1	0	3660	other	0
G003	467	Pulse	199	4349111	677	0
G003	468	Picture	80	4352413	0	1	7129	1	0	7000	other	0
G003	469	Picture	40	4359708	0	1	3482	1	0	3310	other	0
G003	469	Pulse	199	4361611	1903	0
G003	470	Picture	80	4363356	0	1	7129	1	0	7000	other	0
G003	471	Picture	40	4370650	0	1	1824	1	0	1780	other	0
G003	472	Picture	80	4372640	0	1	7129	1	0	7000	other	0
G003	472	Pulse	199	4374111	1471	0
G003	473	Picture	40	4379935	0	1	2155	1	0	1990	other	0
G003	474	Picture	80	4382256	0	1	7129	1	0	7000	other	0
G003	474	Pulse	199	4386611	4355	0
G003	475	Picture	40	4389551	0	1	2155	1	0	2140	other	0
G003	476	Picture	80	4391872	0	1	7129	1	0	7000	other	0
G003	476	Pulse	199	4399111	7239	1
G003	477	Picture	40	4399167	0	1	2819	1	0	2690	other	0
G003	478	Picture	80	4402151	0	1	7129	1	0	7000	other	0
G003	479	Picture	40	4409446	0	1	4476	1	0	4350	other	0
G003	479	Pulse	199	4411611	2165	0
G003	480	Picture	80	4414088	0	1	7129	1	0	7000	other	0
G003	481	Picture	40	4421383	0	1	2984	1	0	2860	other	0
G003	481	Pulse	199	4424111	2728	0
G003	482	Picture	85	4424533	0	1	7129	1	0	7000	hit	805
G003	482	Response	25	4428191	3658	0
G003	483	Picture	40	4431828	0	1	2653	1	0	2490	other	0
G003	484	Picture	80	4434647	0	1	7129	1	0	7000	other	0
G003	484	Pulse	199	4436611	1964	0
G003	485	Picture	40	4441942	0	1	2155	1	0	2130	other	0
G003	486	Picture	50	4444263	0	1	90192	1	0	next	other	0
G003	486	Pulse	199	4449111	4848	0
G003	486	Pulse	199	4461611	17348	0
G003	486	Pulse	199	4474111	29848	0
G003	486	Pulse	199	4486611	42348	0
G003	486	Pulse	199	4499111	54848	0
G003	486	Pulse	199	4511612	67349	0
G003	486	Pulse	199	4524111	79849	0
G003	487	Picture	70	4534455	0	1	7129	1	0	7000	other	0
G003	487	Pulse	199	4536611	2156	0
G003	488	Picture	40	4541749	0	1	1824	1	0	1780	other	0
G003	489	Picture	70	4543739	0	1	7129	1	0	7000	other	0
G003	489	Pulse	199	4549111	5373	0
G003	490	Picture	40	4551034	0	1	2155	1	0	1990	other	0
G003	491	Picture	70	4553355	0	1	7129	1	0	7000	other	0
G003	492	Picture	40	4560650	0	1	3813	1	0	3660	other	0
G003	492	Pulse	199	4561612	962	0
G003	493	Picture	70	4564629	0	1	7129	1	0	7000	other	0
G003	494	Picture	40	4571924	0	1	3482	1	0	3310	other	0
G003	494	Pulse	199	4574111	2187	0
G003	495	Picture	70	4575571	0	1	7129	1	0	7000	other	0
G003	496	Picture	40	4582866	0	1	2818	1	0	2690	other	0
G003	497	Picture	70	4585850	0	1	7129	1	0	7000	other	0
G003	497	Pulse	199	4586611	760	0
G003	498	Picture	40	4593145	0	1	2653	1	0	2490	other	0
G003	499	Picture	70	4595964	0	1	7129	1	0	7000	other	0
G003	499	Pulse	199	4599111	3147	0
G003	500	Picture	40	4603259	0	1	4476	1	0	4350	other	0
G003	501	Picture	75	4607901	0	1	7129	1	0	7000	hit	839
G003	501	Response	25	4611342	3441	0
G003	501	Pulse	199	4611611	3710	0
G003	502	Picture	40	4615196	0	1	2155	1	0	2140	other	0
G003	503	Picture	70	4617517	0	1	7129	1	0	7000	other	0
G003	503	Pulse	199	4624121	6604	0
G003	504	Picture	40	4624812	0	1	2155	1	0	2130	other	0
G003	505	Picture	70	4627133	0	1	7129	1	0	7000	other	0
G003	506	Picture	40	4634428	0	1	2984	1	0	2860	other	0
G003	506	Pulse	199	4636611	2183	0
G003	507	Picture	50	4637578	0	1	30174	1	0	next	other	0
G003	507	Pulse	199	4649121	11543	0
G003	507	Pulse	199	4661621	24043	0
G003	508	Picture	60	4667753	0	1	7129	1	0	7000	other	0
G003	508	Pulse	199	4674121	6369	0
G003	509	Picture	40	4675047	0	1	2984	1	0	2860	other	0
G003	510	Picture	60	4678198	0	1	7129	1	0	7000	other	0
G003	511	Picture	40	4685493	0	1	2653	1	0	2490	other	0
G003	511	Pulse	199	4686621	1129	0
G003	512	Picture	60	4688311	0	1	7129	1	0	7000	other	0
G003	513	Picture	40	4695606	0	1	4476	1	0	4350	other	0
G003	513	Pulse	199	4699121	3515	0
G003	514	Picture	60	4700248	0	1	7129	1	0	7000	other	0
G003	515	Picture	40	4707543	0	1	2155	1	0	2140	other	0
G003	516	Picture	60	4709864	0	1	7129	1	0	7000	other	0
G003	516	Pulse	199	4711621	1757	0
G003	517	Picture	40	4717159	0	1	1824	1	0	1780	other	0
G003	518	Picture	60	4719149	0	1	7129	1	0	7000	other	0
G003	518	Pulse	199	4724121	4973	0
G003	519	Picture	40	4726444	0	1	2819	1	0	2690	other	0
G003	520	Picture	60	4729428	0	1	7129	1	0	7000	other	0
G003	520	Pulse	199	4736622	7194	0
G003	521	Picture	40	4736723	0	1	2155	1	0	1990	other	0
G003	522	Picture	60	4739044	0	1	7129	1	0	7000	other	0
G003	523	Picture	40	4746339	0	1	2155	1	0	2130	other	0
G003	524	Picture	60	4748660	0	1	7129	1	0	7000	other	0
G003	524	Pulse	199	4749122	462	0
G003	525	Picture	40	4755955	0	1	3482	1	0	3310	other	0
G003	526	Picture	60	4759602	0	1	7129	1	0	7000	other	0
G003	526	Pulse	199	4761622	2019	0
G003	527	Picture	40	4766897	0	1	3813	1	0	3660	other	0
G003	528	Picture	50	4770876	0	1	50070	1	0	next	other	0
G003	528	Pulse	199	4774122	3246	0
G003	528	Pulse	199	4786621	15745	0
G003	528	Pulse	199	4799122	28246	0
G003	528	Pulse	199	4811621	40745	0
G003	529	Picture	90	4820946	0	1	7129	1	0	7000	other	0
G003	529	Pulse	199	4824121	3175	0
G003	530	Picture	40	4828241	0	1	2155	1	0	2140	other	0
G003	531	Picture	90	4830562	0	1	7129	1	0	7000	other	0
G003	531	Pulse	199	4836622	6060	0
G003	532	Picture	40	4837857	0	1	2155	1	0	1990	other	0
G003	533	Picture	90	4840178	0	1	7129	1	0	7000	other	0
G003	534	Picture	40	4847473	0	1	3813	1	0	3660	other	0
G003	534	Pulse	199	4849122	1649	0
G003	535	Picture	90	4851452	0	1	7129	1	0	7000	other	0
G003	536	Picture	40	4858747	0	1	2653	1	0	2490	other	0
G003	537	Picture	90	4861565	0	1	7129	1	0	7000	other	0
G003	537	Pulse	199	4861622	56	0
G003	538	Picture	40	4868860	0	1	3482	1	0	3310	other	0
G003	539	Picture	90	4872508	0	1	7129	1	0	7000	other	0
G003	539	Pulse	199	4874122	1614	0
G003	540	Picture	40	4879803	0	1	1824	1	0	1780	other	0
G003	541	Picture	90	4881792	0	1	7129	1	0	7000	other	0
G003	541	Pulse	199	4886622	4830	0
G003	542	Picture	40	4889087	0	1	2984	1	0	2860	other	0
G003	543	Picture	90	4892237	0	1	7129	1	0	7000	other	0
G003	543	Pulse	199	4899122	6885	0
G003	544	Picture	40	4899532	0	1	4477	1	0	4350	other	0
G003	545	Picture	90	4904174	0	1	7129	1	0	7000	other	0
G003	546	Picture	40	4911469	0	1	2818	1	0	2690	other	0
G003	546	Pulse	199	4911621	152	0
G003	547	Picture	95	4914453	0	1	7129	1	0	7000	hit	911
G003	547	Response	25	4918721	4268	0
G003	548	Picture	40	4921748	0	1	2155	1	0	2130	other	0
G003	549	Picture	50	4924069	0	1	70131	1	0	next	other	0
G003	549	Pulse	199	4924121	51	0
G003	549	Pulse	199	4936621	12551	0
G003	549	Pulse	199	4949121	25052	0
G003	549	Pulse	199	4961621	37552	0
G003	549	Pulse	199	4974121	50052	0
G003	549	Pulse	199	4986621	62552	0
G003	550	Picture	80	4994200	0	1	7129	1	0	7000	other	0
G003	550	Pulse	199	4999122	4922	0
G003	551	Picture	40	5001495	0	1	2155	1	0	2140	other	0
G003	552	Picture	80	5003816	0	1	7129	1	0	7000	other	0
G003	553	Picture	40	5011111	0	1	2819	1	0	2690	other	0
G003	553	Pulse	199	5011622	510	0
G003	554	Picture	80	5014095	0	1	7129	1	0	7000	other	0
G003	555	Picture	40	5021390	0	1	1824	1	0	1780	other	0
G003	556	Picture	85	5023380	0	1	7129	1	0	7000	hit	930
G003	556	Pulse	199	5024121	741	0
G003	556	Response	25	5027561	4182	0
G003	557	Picture	40	5030675	0	1	2155	1	0	1990	other	0
G003	558	Picture	80	5032996	0	1	7129	1	0	7000	other	0
G003	558	Pulse	199	5036621	3625	0
G003	559	Picture	40	5040291	0	1	3482	1	0	3310	other	0
G003	560	Picture	80	5043938	0	1	7129	1	0	7000	other	0
G003	560	Pulse	199	5049121	5183	0
G003	561	Picture	40	5051233	0	1	3813	1	0	3660	other	0
G003	562	Picture	80	5055212	0	1	7129	1	0	7000	other	0
G003	562	Pulse	199	5061621	6409	0
G003	563	Picture	40	5062507	0	1	2653	1	0	2490	other	0
G003	564	Picture	80	5065326	0	1	7129	1	0	7000	other	0
G003	565	Picture	40	5072621	0	1	2155	1	0	2130	other	0
G003	565	Pulse	199	5074122	1501	0
G003	566	Picture	80	5074942	0	1	7129	1	0	7000	other	0
G003	567	Picture	40	5082237	0	1	2984	1	0	2860	other	0
G003	568	Picture	80	5085387	0	1	7129	1	0	7000	other	0
G003	568	Pulse	199	5086621	1235	0
G003	569	Picture	40	5092682	0	1	4476	1	0	4350	other	0
G003	570	Picture	50	5097323	0	1	30175	2	0	next	other	0
G003	570	Pulse	199	5099122	1798	0
G003	570	Pulse	199	5111621	14298	0
G003	570	Pulse	199	5124122	26798	0
G003	571	Picture	70	5127498	0	1	7129	1	0	7000	other	0
G003	572	Picture	40	5134793	0	1	2818	1	0	2690	other	0
G003	572	Pulse	199	5136621	1828	0
G003	573	Picture	70	5137777	0	1	7129	1	0	7000	other	0
G003	574	Picture	40	5145072	0	1	2984	1	0	2860	other	0
G003	575	Picture	70	5148222	0	1	7129	1	0	7000	other	0
G003	575	Pulse	199	5149121	899	0
G003	576	Picture	40	5155517	0	1	3482	1	0	3310	other	0
G003	577	Picture	70	5159165	0	1	7129	1	0	7000	other	0
G003	577	Pulse	199	5161621	2456	0
G003	578	Picture	40	5166460	0	1	2155	1	0	2140	other	0
G003	579	Picture	70	5168781	0	1	7129	1	0	7000	other	0
G003	579	Pulse	199	5174122	5341	0
G003	580	Picture	40	5176076	0	1	4476	1	0	4350	other	0
G003	581	Picture	70	5180718	0	1	7129	1	0	7000	other	0
G003	581	Pulse	199	5186621	5903	0
G003	582	Picture	40	5188013	0	1	2155	1	0	2130	other	0
G003	583	Picture	75	5190334	0	1	7129	1	0	7000	hit	971
G003	583	Response	25	5195301	4967	0
G003	584	Picture	40	5197629	0	1	3813	1	0	3660	other	0
G003	584	Pulse	199	5199122	1493	0
G003	585	Picture	70	5201608	0	1	7129	1	0	7000	other	0
G003	586	Picture	40	5208903	0	1	2155	1	0	1990	other	0
G003	587	Picture	75	5211224	0	1	7129	1	0	7000	hit	978
G003	587	Pulse	199	5211621	397	0
G003	587	Response	25	5215821	4597	0
G003	588	Picture	40	5218519	0	1	1824	1	0	1780	other	0
G003	589	Picture	70	5220508	0	1	7129	1	0	7000	other	0
G003	589	Pulse	199	5224122	3613	0
G003	590	Picture	40	5227803	0	1	2653	1	0	2490	other	0
G003	591	Picture	50	5230622	0	1	90192	1	0	next	other	0
G003	591	Pulse	199	5236622	6000	0
G003	591	Pulse	199	5249121	18499	0
G003	591	Pulse	199	5261621	30999	0
G003	591	Pulse	199	5274121	43499	0
G003	591	Pulse	199	5286622	56000	0
G003	591	Pulse	199	5299122	68500	0
G003	591	Pulse	199	5311622	81000	0
G003	592	Picture	60	5320814	0	1	7129	1	0	7000	other	0
G003	592	Pulse	199	5324122	3308	0
G003	593	Picture	40	5328108	0	1	3482	1	0	3310	other	0
G003	594	Picture	60	5331756	0	1	7129	1	0	7000	other	0
G003	594	Pulse	199	5336622	4866	0
G003	595	Picture	40	5339051	0	1	3813	1	0	3660	other	0
G003	596	Picture	60	5343030	0	1	7129	1	0	7000	other	0
G003	596	Pulse	199	5349122	6092	0
G003	597	Picture	40	5350325	0	1	2818	1	0	2690	other	0
G003	598	Picture	65	5353309	0	1	7129	1	0	7000	hit	1001
G003	598	Response	25	5356642	3333	0
G003	599	Picture	40	5360604	0	1	2984	1	0	2860	other	0
G003	599	Pulse	199	5361621	1017	0
G003	600	Picture	60	5363754	0	1	7129	1	0	7000	other	0
G003	601	Picture	40	5371049	0	1	1824	1	0	1780	other	0
G003	602	Picture	60	5373038	0	1	7129	1	0	7000	other	0
G003	602	Pulse	199	5374121	1083	0
G003	603	Picture	40	5380333	0	1	4476	1	0	4350	other	0
G003	604	Picture	60	5384976	0	1	7129	1	0	7000	other	0
G003	604	Pulse	199	5386621	1645	0
G003	605	Picture	40	5392271	0	1	2653	1	0	2490	other	0
G003	606	Picture	60	5395089	0	1	7129	1	0	7000	other	0
G003	606	Pulse	199	5399122	4033	0
G003	607	Picture	40	5402384	0	1	2155	1	0	2130	other	0
G003	608	Picture	60	5404705	0	1	7129	1	0	7000	other	0
G003	608	Pulse	199	5411622	6917	0
G003	609	Picture	40	5412000	0	1	2155	1	0	1990	other	0
G003	610	Picture	60	5414321	0	1	7129	1	0	7000	other	0
G003	611	Picture	40	5421616	0	1	2155	1	0	2140	other	0
G003	612	Picture	50	5423937	0	1	30174	1	0	next	other	0
G003	612	Pulse	199	5424122	185	0
G003	612	Pulse	199	5436623	12686	0
G003	612	Pulse	199	5449122	25185	0
G003	613	Picture	90	5454112	0	1	7129	1	0	7000	other	0
G003	614	Picture	40	5461406	0	1	4476	1	0	4350	other	0
G003	614	Pulse	199	5461622	216	0
G003	615	Picture	90	5466049	0	1	7129	1	0	7000	other	0
G003	616	Picture	40	5473344	0	1	2653	1	0	2490	other	0
G003	616	Pulse	199	5474122	778	0
G003	617	Picture	90	5476162	0	1	7129	1	0	7000	other	0
G003	618	Picture	40	5483457	0	1	2155	1	0	2140	other	0
G003	619	Picture	90	5485778	0	1	7129	1	0	7000	other	0
G003	619	Pulse	199	5486621	843	0
G003	620	Picture	40	5493073	0	1	2155	1	0	1990	other	0
G003	621	Picture	95	5495394	0	1	7129	1	0	7000	hit	1037
G003	621	Pulse	199	5499121	3727	0
G003	621	Response	25	5499972	4578	0
G003	622	Picture	40	5502689	0	1	3482	1	0	3310	other	0
G003	623	Picture	90	5506337	0	1	7129	1	0	7000	other	0
G003	623	Pulse	199	5511622	5286	0
G003	624	Picture	40	5513631	0	1	1824	1	0	1780	other	0
G003	625	Picture	90	5515621	0	1	7129	1	0	7000	other	0
G003	626	Picture	40	5522916	0	1	2818	1	0	2690	other	0
G003	626	Pulse	199	5524122	1206	0
G003	627	Picture	90	5525900	0	1	7129	1	0	7000	other	0
G003	628	Picture	40	5533195	0	1	2155	1	0	2130	other	0
G003	629	Picture	90	5535516	0	1	7129	1	0	7000	other	0
G003	629	Pulse	199	5536622	1106	0
G003	630	Picture	40	5542811	0	1	2984	1	0	2860	other	0
G003	631	Picture	90	5545961	0	1	7129	1	0	7000	other	0
G003	631	Pulse	199	5549121	3160	0
G003	632	Picture	40	5553256	0	1	3813	1	0	3660	other	0
G003	633	Picture	50	5557235	0	1	90192	1	0	next	other	0
G003	633	Pulse	199	5561622	4387	0
G003	633	Pulse	199	5574121	16886	0
G003	633	Pulse	199	5586622	29387	0
G003	633	Pulse	199	5599121	41886	0
G003	633	Pulse	199	5611622	54387	0
G003	633	Pulse	199	5624121	66886	0
G003	633	Pulse	199	5636622	79387	0
G003	634	Picture	80	5647427	0	1	7129	1	0	7000	other	0
G003	634	Pulse	199	5649121	1694	0
G003	635	Picture	40	5654722	0	1	2653	1	0	2490	other	0
G003	636	Picture	80	5657540	0	1	7129	1	0	7000	other	0
G003	636	Pulse	199	5661622	4082	0
G003	637	Picture	40	5664835	0	1	1824	1	0	1780	other	0
G003	638	Picture	85	5666825	0	1	7129	1	0	7000	hit	1068
G003	638	Response	25	5671002	4177	0
G003	639	Picture	40	5674120	0	1	2155	1	0	1990	other	0
G003	639	Pulse	199	5674121	2	0
G003	640	Picture	80	5676441	0	1	7129	1	0	7000	other	0
G003	641	Picture	40	5683736	0	1	3482	1	0	3310	other	0
G003	641	Pulse	199	5686622	2886	0
G003	642	Picture	85	5687383	0	1	7130	2	0	7000	hit	1075
G003	642	Response	25	5691772	4390	0
G003	643	Picture	40	5694678	0	1	2818	1	0	2690	other	0
G003	644	Picture	80	5697662	0	1	7129	1	0	7000	other	0
G003	644	Pulse	199	5699122	1459	0
G003	645	Picture	40	5704957	0	1	2984	1	0	2860	other	0
G003	646	Picture	80	5708107	0	1	7129	1	0	7000	other	0
G003	646	Pulse	199	5711621	3514	0
G003	647	Picture	40	5715402	0	1	4477	1	0	4350	other	0
G003	648	Picture	80	5720045	0	1	7129	1	0	7000	other	0
G003	648	Pulse	199	5724122	4077	0
G003	649	Picture	40	5727339	0	1	3813	1	0	3660	other	0
G003	650	Picture	80	5731318	0	1	7129	1	0	7000	other	0
G003	650	Pulse	199	5736622	5303	0
G003	651	Picture	40	5738613	0	1	2155	1	0	2140	other	0
G003	652	Picture	80	5740934	0	1	7129	1	0	7000	other	0
G003	653	Picture	40	5748229	0	1	2155	1	0	2130	other	0
G003	653	Pulse	199	5749122	893	0
G003	654	Picture	50	5750551	0	1	70131	1	0	next	other	0
G003	654	Pulse	199	5761622	11071	0
G003	654	Pulse	199	5774122	23572	0
G003	654	Pulse	199	5786622	36072	0
G003	654	Pulse	199	5799122	48572	0
G003	654	Pulse	199	5811622	61072	0
G003	655	Picture	70	5820681	0	1	7129	1	0	7000	other	0
G003	655	Pulse	199	5824122	3441	0
G003	656	Picture	40	5827976	0	1	3482	1	0	3310	other	0
G003	657	Picture	70	5831624	0	1	7129	1	0	7000	other	0
G003	657	Pulse	199	5836622	4998	0
G003	658	Picture	40	5838918	0	1	2155	1	0	2140	other	0
G003	659	Picture	70	5841240	0	1	7129	1	0	7000	other	0
G003	660	Picture	40	5848535	0	1	2653	1	0	2490	other	0
G003	660	Pulse	199	5849122	588	0
G003	661	Picture	70	5851353	0	1	7129	1	0	7000	other	0
G003	662	Picture	40	5858648	0	1	2155	1	0	2130	other	0
G003	663	Picture	70	5860969	0	1	7129	1	0	7000	other	0
G003	663	Pulse	199	5861622	653	0
G003	664	Picture	40	5868264	0	1	2819	1	0	2690	other	0
G003	665	Picture	70	5871248	0	1	7129	1	0	7000	other	0
G003	665	Pulse	199	5874122	2874	0
G003	666	Picture	40	5878543	0	1	3813	1	0	3660	other	0
G003	667	Picture	70	5882522	0	1	7129	1	0	7000	other	0
G003	667	Pulse	199	5886622	4100	0
G003	668	Picture	40	5889817	0	1	1824	1	0	1780	other	0
G003	669	Picture	70	5891807	0	1	7129	1	0	7000	other	0
G003	670	Picture	40	5899102	0	1	2155	1	0	1990	other	0
G003	670	Pulse	199	5899122	21	0
G003	671	Picture	70	5901423	0	1	7129	1	0	7000	other	0
G003	672	Picture	40	5908718	0	1	4476	1	0	4350	other	0
G003	672	Pulse	199	5911622	2905	0
G003	673	Picture	70	5913360	0	1	7129	1	0	7000	other	0
G003	674	Picture	40	5920655	0	1	2984	1	0	2860	other	0
G003	675	Picture	50	5923805	0	1	50070	1	0	next	other	0
G003	675	Pulse	199	5924122	317	0
G003	675	Pulse	199	5936622	12817	0
G003	675	Pulse	199	5949122	25317	0
G003	675	Pulse	199	5961622	37818	0
G003	676	Picture	200	5973874	70	1	80078	1	0	80000	other	0
G003	676	Pulse	199	5974122	317	0
G003	676	Pulse	199	5986622	12817	0
G003	676	Pulse	199	5999122	25318	0
G003	676	Pulse	199	6011621	37817	0
G003	676	Pulse	199	6024123	50318	0
G003	676	Pulse	199	6036621	62817	0
G003	676	Pulse	199	6049121	75317	0
G003	677	Pulse	199	6061622	7503	0
G003	677	Pulse	199	6074122	20004	0
G003	677	Pulse	199	6086621	32503	0
G003	677	Pulse	199	6099122	45004	0
G003	677	Pulse	199	6111622	57503	0
G003	677	Pulse	199	6124122	70004	0
G003	677	Pulse	199	6136622	82503	0
G003	677	Pulse	199	6149122	95003	0
G003	677	Pulse	199	6161621	107503	0
G003	677	Pulse	199	6174122	120003	0
G003	677	Pulse	199	6186622	132503	0
