Scenario - 
Logfile written - 04/28/2021 18:59:53

Subject	Trial	Event Type	Code	Time	TTime	Uncertainty	Duration	Uncertainty	ReqTime	ReqDur	Stim Type	Pair Index

gpl009	1	Response	21	32994	32828	0
gpl009	2	Picture	start	33159	0	1	715233	1	0	next	other	0
gpl009	2	Response	20	39594	6435	0
gpl009	3	Response	20	42314	2720	0
gpl009	3	Response	20	44554	4960	0
gpl009	3	Response	20	47114	7520	0
gpl009	3	Response	20	49354	9760	0
gpl009	3	Response	20	51914	12320	0
gpl009	3	Pulse	199	748234	708640	0
gpl009	3	Picture	100	748392	708798	1	50070	1	0	50000	other	0
gpl009	3	Pulse	199	760734	721140	0
gpl009	3	Pulse	199	773234	733640	0
gpl009	3	Pulse	199	785733	746139	0
gpl009	3	Pulse	199	798233	758639	0
gpl009	4	Picture	60	798627	0	1	7129	1	0	7000	other	0
gpl009	5	Picture	40	805922	0	1	2155	1	0	1990	other	0
gpl009	6	Picture	60	808243	0	1	7129	1	0	7000	other	0
gpl009	6	Pulse	199	810734	2490	0
gpl009	7	Picture	40	815538	0	1	2818	1	0	2690	other	0
gpl009	8	Picture	60	818522	0	1	7129	1	0	7000	other	0
gpl009	8	Pulse	199	823234	4711	0
gpl009	9	Picture	40	825817	0	1	2155	1	0	2130	other	0
gpl009	10	Picture	60	828138	0	1	7129	1	0	7000	other	0
gpl009	11	Picture	40	835433	0	1	1824	1	0	1780	other	0
gpl009	11	Pulse	199	835733	300	0
gpl009	12	Picture	60	837423	0	1	7129	1	0	7000	other	0
gpl009	13	Picture	40	844718	0	1	2155	1	0	2140	other	0
gpl009	14	Picture	60	846883	0	156	7119	157	0	7000	other	0
gpl009	14	Pulse	199	848234	1351	0
gpl009	15	Picture	40	854168	0	1	3813	1	0	3660	other	0
gpl009	16	Picture	60	858147	0	1	7129	1	0	7000	other	0
gpl009	16	Pulse	199	860734	2587	0
gpl009	17	Picture	40	865442	0	1	3482	1	0	3310	other	0
gpl009	18	Picture	60	869089	0	1	7129	1	0	7000	other	0
gpl009	18	Pulse	199	873234	4145	0
gpl009	19	Picture	40	876384	0	1	2984	1	0	2860	other	0
gpl009	20	Picture	60	879534	0	1	7129	1	0	7000	other	0
gpl009	20	Pulse	199	885734	6199	0
gpl009	21	Picture	40	886829	0	1	2653	1	0	2490	other	0
gpl009	22	Picture	60	889648	0	1	7129	1	0	7000	other	0
gpl009	23	Picture	40	896943	0	1	4476	1	0	4350	other	0
gpl009	23	Pulse	199	898234	1291	0
gpl009	24	Picture	50	901585	0	1	30174	1	0	next	other	0
gpl009	24	Pulse	199	910733	9148	0
gpl009	24	Pulse	199	923233	21648	0
gpl009	25	Picture	80	931759	0	1	7129	1	0	7000	other	0
gpl009	25	Pulse	199	935734	3974	0
gpl009	26	Picture	40	939054	0	1	4476	1	0	4350	other	0
gpl009	27	Picture	80	943696	0	1	7129	1	0	7000	other	0
gpl009	27	Pulse	199	948234	4538	0
gpl009	28	Picture	40	950991	0	1	2818	1	0	2690	other	0
gpl009	29	Picture	80	953976	0	1	7129	1	0	7000	other	0
gpl009	29	Pulse	199	960734	6758	0
gpl009	30	Picture	40	961271	0	1	2155	1	0	2140	other	0
gpl009	31	Picture	80	963436	0	322	7119	322	0	7000	other	0
gpl009	32	Picture	40	970721	0	1	2984	1	0	2860	other	0
gpl009	32	Pulse	199	973234	2513	0
gpl009	33	Picture	80	973871	0	1	7129	1	0	7000	other	0
gpl009	34	Picture	40	981166	0	1	3813	1	0	3660	other	0
gpl009	35	Picture	80	985145	0	1	7129	1	0	7000	other	0
gpl009	35	Pulse	199	985734	589	0
gpl009	36	Picture	40	992440	0	1	3482	1	0	3310	other	0
gpl009	37	Picture	80	996087	0	1	7129	1	0	7000	other	0
gpl009	37	Pulse	199	998234	2147	0
gpl009	38	Picture	40	1003382	0	1	2155	1	0	2130	other	0
gpl009	39	Picture	85	1005703	0	1	7129	1	0	7000	hit	67
gpl009	39	Response	26	1009274	3570	0
gpl009	39	Pulse	199	1010734	5030	0
gpl009	40	Picture	40	1012998	0	1	2155	1	0	1990	other	0
gpl009	41	Picture	80	1015319	0	1	7129	1	0	7000	other	0
gpl009	42	Picture	40	1022614	0	1	2653	1	0	2490	other	0
gpl009	42	Pulse	199	1023234	619	0
gpl009	43	Picture	80	1025433	0	1	7129	1	0	7000	other	0
gpl009	44	Picture	40	1032728	0	1	1824	1	0	1780	other	0
gpl009	45	Picture	50	1034717	0	1	50070	1	0	next	other	0
gpl009	45	Pulse	199	1035734	1017	0
gpl009	45	Pulse	199	1048234	13517	0
gpl009	45	Pulse	199	1060734	26017	0
gpl009	45	Pulse	199	1073234	38517	0
gpl009	46	Picture	90	1084787	0	1	7129	1	0	7000	other	0
gpl009	46	Pulse	199	1085735	948	0
gpl009	47	Picture	40	1092082	0	1	1824	1	0	1780	other	0
gpl009	48	Picture	90	1094071	0	1	7129	1	0	7000	other	0
gpl009	48	Pulse	199	1098234	4163	0
gpl009	49	Picture	40	1101366	0	1	2155	1	0	2130	other	0
gpl009	50	Picture	90	1103687	0	1	7129	1	0	7000	other	0
gpl009	50	Pulse	199	1110734	7047	0
gpl009	51	Picture	40	1110982	0	1	2653	1	0	2490	other	0
gpl009	52	Picture	90	1113801	0	1	7129	1	0	7000	other	0
gpl009	53	Picture	40	1121096	0	1	4476	1	0	4350	other	0
gpl009	53	Pulse	199	1123234	2138	0
gpl009	54	Picture	90	1125738	0	1	7129	1	0	7000	other	0
gpl009	55	Picture	40	1133032	0	1	2984	1	0	2860	other	0
gpl009	55	Pulse	199	1135734	2702	0
gpl009	56	Picture	90	1136183	0	1	7129	1	0	7000	other	0
gpl009	57	Picture	40	1143478	0	1	2155	1	0	2140	other	0
gpl009	58	Picture	90	1145643	0	322	7119	322	0	7000	other	0
gpl009	58	Pulse	199	1148234	2591	0
gpl009	59	Picture	40	1152928	0	1	2819	1	0	2690	other	0
gpl009	60	Picture	90	1155912	0	1	7129	1	0	7000	other	0
gpl009	60	Pulse	199	1160734	4822	0
gpl009	61	Picture	40	1163207	0	1	2155	1	0	1990	other	0
gpl009	62	Picture	90	1165528	0	1	7129	1	0	7000	other	0
gpl009	63	Picture	40	1172823	0	1	3813	1	0	3660	other	0
gpl009	63	Pulse	199	1173234	411	0
gpl009	64	Picture	95	1176802	0	1	7129	1	0	7000	hit	107
gpl009	64	Response	26	1181254	4452	0
gpl009	65	Picture	40	1184097	0	1	3482	1	0	3310	other	0
gpl009	65	Pulse	199	1185734	1637	0
gpl009	66	Picture	50	1187745	0	1	70131	1	0	next	other	0
gpl009	66	Pulse	199	1198234	10490	0
gpl009	66	Pulse	199	1210734	22990	0
gpl009	66	Pulse	199	1223234	35490	0
gpl009	66	Pulse	199	1235734	47989	0
gpl009	66	Pulse	199	1248233	60489	0
gpl009	67	Picture	70	1257875	0	1	7129	1	0	7000	other	0
gpl009	67	Pulse	199	1260734	2858	0
gpl009	68	Picture	40	1265170	0	1	2155	1	0	2140	other	0
gpl009	69	Picture	70	1267335	0	322	7119	322	0	7000	other	0
gpl009	69	Pulse	199	1273234	5899	0
gpl009	70	Picture	40	1274620	0	1	2819	1	0	2690	other	0
gpl009	71	Picture	70	1277605	0	1	7129	1	0	7000	other	0
gpl009	72	Picture	40	1284899	0	1	1824	1	0	1780	other	0
gpl009	72	Pulse	199	1285734	835	0
gpl009	73	Picture	75	1286889	0	1	7129	1	0	7000	hit	126
gpl009	73	Response	26	1291184	4295	0
gpl009	74	Picture	40	1294184	0	1	2984	1	0	2860	other	0
gpl009	75	Picture	70	1297334	0	1	7129	1	0	7000	other	0
gpl009	75	Pulse	199	1298234	900	0
gpl009	76	Picture	40	1304629	0	1	3482	1	0	3310	other	0
gpl009	77	Picture	75	1308276	0	1	7129	1	0	7000	hit	133
gpl009	77	Pulse	199	1310734	2458	0
gpl009	77	Response	26	1312554	4278	0
gpl009	78	Picture	40	1315571	0	1	2653	1	0	2490	other	0
gpl009	79	Picture	70	1318390	0	1	7129	1	0	7000	other	0
gpl009	79	Pulse	199	1323234	4845	0
gpl009	80	Picture	40	1325685	0	1	3813	1	0	3660	other	0
gpl009	81	Picture	70	1329664	0	1	7129	1	0	7000	other	0
gpl009	81	Pulse	199	1335734	6071	0
gpl009	82	Picture	40	1336959	0	1	2155	1	0	1990	other	0
gpl009	83	Picture	70	1339280	0	1	7129	1	0	7000	other	0
gpl009	84	Picture	40	1346575	0	1	4476	1	0	4350	other	0
gpl009	84	Pulse	199	1348234	1659	0
gpl009	85	Picture	70	1351217	0	1	7129	1	0	7000	other	0
gpl009	86	Picture	40	1358512	0	1	2155	1	0	2130	other	0
gpl009	86	Pulse	199	1360734	2222	0
gpl009	87	Picture	50	1360833	0	1	90192	1	0	next	other	0
gpl009	87	Pulse	199	1373233	12401	0
gpl009	87	Pulse	199	1385734	24901	0
gpl009	87	Pulse	199	1398234	37401	0
gpl009	87	Pulse	199	1410734	49901	0
gpl009	87	Pulse	199	1423234	62401	0
gpl009	87	Pulse	199	1435734	74901	0
gpl009	87	Pulse	199	1448234	87401	0
gpl009	88	Picture	60	1451025	0	1	7129	1	0	7000	other	0
gpl009	89	Picture	40	1458319	0	1	4476	1	0	4350	other	0
gpl009	89	Pulse	199	1460734	2415	0
gpl009	90	Picture	60	1462962	0	1	7129	1	0	7000	other	0
gpl009	91	Picture	40	1470257	0	1	2155	1	0	1990	other	0
gpl009	92	Picture	60	1472578	0	1	7129	1	0	7000	other	0
gpl009	92	Pulse	199	1473234	656	0
gpl009	93	Picture	40	1479873	0	1	2984	1	0	2860	other	0
gpl009	94	Picture	60	1483023	0	1	7129	1	0	7000	other	0
gpl009	94	Pulse	199	1485734	2711	0
gpl009	95	Picture	40	1490318	0	1	1824	1	0	1780	other	0
gpl009	96	Picture	65	1492307	0	1	7129	1	0	7000	hit	167
gpl009	96	Response	26	1496024	3717	0
gpl009	96	Pulse	199	1498234	5927	0
gpl009	97	Picture	40	1499602	0	1	2653	1	0	2490	other	0
gpl009	98	Picture	60	1502421	0	1	7129	1	0	7000	other	0
gpl009	99	Picture	40	1509715	0	1	2819	1	0	2690	other	0
gpl009	99	Pulse	199	1510734	1019	0
gpl009	100	Picture	60	1512700	0	1	7129	1	0	7000	other	0
gpl009	101	Picture	40	1519995	0	1	2155	1	0	2140	other	0
gpl009	102	Picture	60	1522160	0	322	7119	322	0	7000	other	0
gpl009	102	Pulse	199	1523234	1074	0
gpl009	103	Picture	40	1529445	0	1	3482	1	0	3310	other	0
gpl009	104	Picture	60	1533092	0	1	7129	1	0	7000	other	0
gpl009	104	Pulse	199	1535734	2642	0
gpl009	105	Picture	40	1540387	0	1	2155	1	0	2130	other	0
gpl009	106	Picture	60	1542708	0	1	7129	1	0	7000	other	0
gpl009	106	Pulse	199	1548234	5526	0
gpl009	107	Picture	40	1550003	0	1	3813	1	0	3660	other	0
gpl009	108	Picture	50	1553982	0	1	90192	1	0	next	other	0
gpl009	108	Pulse	199	1560734	6752	0
gpl009	108	Pulse	199	1573234	19252	0
gpl009	108	Pulse	199	1585734	31751	0
gpl009	108	Pulse	199	1598234	44251	0
gpl009	108	Pulse	199	1610734	56752	0
gpl009	108	Pulse	199	1623234	69252	0
gpl009	108	Pulse	199	1635734	81752	0
gpl009	109	Picture	80	1644174	0	1	7129	1	0	7000	other	0
gpl009	109	Pulse	199	1648234	4061	0
gpl009	110	Picture	40	1651469	0	1	4476	1	0	4350	other	0
gpl009	111	Picture	80	1656111	0	1	7129	1	0	7000	other	0
gpl009	111	Pulse	199	1660734	4623	0
gpl009	112	Picture	40	1663406	0	1	2653	1	0	2490	other	0
gpl009	113	Picture	80	1666225	0	1	7129	1	0	7000	other	0
gpl009	113	Pulse	199	1673225	7000	10
gpl009	114	Picture	40	1673519	0	1	3482	1	0	3310	other	0
gpl009	115	Picture	80	1677167	0	1	7129	1	0	7000	other	0
gpl009	116	Picture	40	1684462	0	1	2984	1	0	2860	other	0
gpl009	116	Pulse	199	1685734	1272	0
gpl009	117	Picture	85	1687612	0	1	7129	1	0	7000	hit	205
gpl009	117	Response	26	1691044	3432	0
gpl009	118	Picture	40	1694907	0	1	3813	1	0	3660	other	0
gpl009	118	Pulse	199	1698234	3327	0
gpl009	119	Picture	80	1698886	0	1	7129	1	0	7000	other	0
gpl009	120	Picture	40	1706181	0	1	2155	1	0	1990	other	0
gpl009	121	Picture	80	1708502	0	1	7129	1	0	7000	other	0
gpl009	121	Pulse	199	1710734	2232	0
gpl009	122	Picture	40	1715797	0	1	2155	1	0	2130	other	0
gpl009	123	Picture	80	1718118	0	1	7129	1	0	7000	other	0
gpl009	123	Pulse	199	1723234	5116	0
gpl009	124	Picture	40	1725413	0	1	2819	1	0	2690	other	0
gpl009	125	Picture	80	1728397	0	1	7129	1	0	7000	other	0
gpl009	126	Picture	40	1735692	0	1	2155	1	0	2140	other	0
gpl009	126	Pulse	199	1735734	42	0
gpl009	127	Picture	80	1737857	0	322	7119	322	0	7000	other	0
gpl009	128	Picture	40	1745142	0	1	1824	1	0	1780	other	0
gpl009	129	Picture	50	1747132	0	1	70131	1	0	next	other	0
gpl009	129	Pulse	199	1748234	1103	0
gpl009	129	Pulse	199	1760734	13603	0
gpl009	129	Pulse	199	1773234	26102	0
gpl009	129	Pulse	199	1785734	38602	0
gpl009	129	Pulse	199	1798234	51102	0
gpl009	129	Pulse	199	1810734	63602	0
gpl009	130	Picture	90	1817262	0	1	7129	1	0	7000	other	0
gpl009	130	Response	21	1821404	4141	0
gpl009	130	Pulse	199	1823234	5971	0
gpl009	131	Picture	40	1824557	0	1	3813	1	0	3660	other	0
gpl009	132	Picture	90	1828536	0	1	7129	2	0	7000	other	0
gpl009	132	Pulse	199	1835734	7198	0
gpl009	133	Picture	40	1835831	0	1	4476	1	0	4350	other	0
gpl009	134	Picture	95	1840474	0	1	7129	1	0	7000	hit	236
gpl009	134	Response	26	1844354	3881	0
gpl009	135	Picture	40	1847768	0	1	1824	1	0	1780	other	0
gpl009	135	Pulse	199	1848235	466	0
gpl009	136	Picture	90	1849758	0	1	7129	1	0	7000	other	0
gpl009	137	Picture	40	1857053	0	1	2818	1	0	2690	other	0
gpl009	138	Picture	90	1860037	0	1	7129	1	0	7000	other	0
gpl009	138	Pulse	199	1860734	697	0
gpl009	139	Picture	40	1867332	0	1	2984	1	0	2860	other	0
gpl009	140	Picture	90	1870482	0	1	7129	1	0	7000	other	0
gpl009	140	Pulse	199	1873234	2752	0
gpl009	141	Picture	40	1877777	0	1	2653	1	0	2490	other	0
gpl009	142	Picture	90	1880596	0	1	7129	1	0	7000	other	0
gpl009	142	Pulse	199	1885734	5139	0
gpl009	143	Picture	40	1887891	0	1	3482	1	0	3310	other	0
gpl009	144	Picture	90	1891538	0	1	7129	1	0	7000	other	0
gpl009	144	Pulse	199	1898234	6696	0
gpl009	145	Picture	40	1898833	0	1	2155	1	0	2130	other	0
gpl009	146	Picture	95	1901154	0	1	7129	1	0	7000	hit	254
gpl009	146	Response	26	1905304	4150	0
gpl009	147	Picture	40	1908449	0	1	2155	1	0	2140	other	0
gpl009	148	Picture	90	1910614	0	156	7119	157	0	7000	other	0
gpl009	148	Pulse	199	1910614	0	120
gpl009	149	Picture	40	1917899	0	1	2155	1	0	1990	other	0
gpl009	150	Picture	50	1920220	0	1	50070	1	0	next	other	0
gpl009	150	Pulse	199	1923234	3014	0
gpl009	150	Pulse	199	1935734	15514	0
gpl009	150	Pulse	199	1948234	28014	0
gpl009	150	Pulse	199	1960734	40514	0
gpl009	151	Picture	70	1970290	0	1	7129	1	0	7000	other	0
gpl009	151	Pulse	199	1973235	2945	0
gpl009	152	Picture	40	1977585	0	1	3482	1	0	3310	other	0
gpl009	153	Picture	70	1981232	0	1	7129	1	0	7000	other	0
gpl009	153	Pulse	199	1985734	4502	0
gpl009	154	Picture	40	1988527	0	1	3813	1	0	3660	other	0
gpl009	155	Picture	70	1992506	0	1	7129	1	0	7000	other	0
gpl009	155	Pulse	199	1998234	5728	0
gpl009	156	Picture	40	1999801	0	1	2653	1	0	2490	other	0
gpl009	157	Picture	70	2002620	0	1	7129	1	0	7000	other	0
gpl009	158	Picture	40	2009915	0	1	1824	1	0	1780	other	0
gpl009	158	Pulse	199	2010734	820	0
gpl009	159	Picture	70	2011904	0	1	7129	1	0	7000	other	0
gpl009	160	Picture	40	2019199	0	1	2155	1	0	2130	other	0
gpl009	161	Picture	70	2021520	0	1	7129	1	0	7000	other	0
gpl009	161	Pulse	199	2023234	1714	0
gpl009	162	Picture	40	2028815	0	1	4476	1	0	4350	other	0
gpl009	163	Picture	70	2033457	0	1	7129	1	0	7000	other	0
gpl009	163	Pulse	199	2035734	2276	0
gpl009	164	Picture	40	2040752	0	1	2155	1	0	2140	other	0
gpl009	165	Picture	70	2042917	0	322	7119	322	0	7000	other	0
gpl009	165	Pulse	199	2048234	5316	0
gpl009	166	Picture	40	2050202	0	1	2818	1	0	2690	other	0
gpl009	167	Picture	70	2053187	0	1	7129	1	0	7000	other	0
gpl009	168	Picture	40	2060482	0	1	2155	1	0	1990	other	0
gpl009	168	Pulse	199	2060734	253	0
gpl009	169	Picture	70	2062803	0	1	7129	1	0	7000	other	0
gpl009	170	Picture	40	2070098	0	1	2984	1	0	2860	other	0
gpl009	170	Pulse	199	2073234	3137	0
gpl009	171	Picture	50	2073248	0	1	30174	1	0	next	other	0
gpl009	171	Pulse	199	2085734	12487	0
gpl009	171	Pulse	199	2098234	24987	0
gpl009	172	Picture	60	2103422	0	1	7129	1	0	7000	other	0
gpl009	173	Picture	40	2110717	0	1	2155	1	0	1990	other	0
gpl009	173	Pulse	199	2110735	18	0
gpl009	174	Picture	60	2113038	0	1	7129	1	0	7000	other	0
gpl009	175	Picture	40	2120333	0	1	2155	1	0	2140	other	0
gpl009	176	Picture	60	2122654	0	1	7129	1	0	7000	other	0
gpl009	176	Pulse	199	2123234	580	0
gpl009	177	Picture	40	2129949	0	1	2984	1	0	2860	other	0
gpl009	178	Picture	65	2133099	0	1	7129	1	0	7000	hit	306
gpl009	178	Pulse	199	2135734	2635	0
gpl009	178	Response	26	2138504	5405	0
gpl009	179	Picture	40	2140394	0	1	2818	1	0	2690	other	0
gpl009	180	Picture	60	2143378	0	1	7129	1	0	7000	other	0
gpl009	180	Pulse	199	2148234	4855	0
gpl009	181	Picture	40	2150673	0	1	2653	1	0	2490	other	0
gpl009	182	Picture	60	2153492	0	1	7129	1	0	7000	other	0
gpl009	182	Pulse	199	2160735	7243	0
gpl009	183	Picture	40	2160787	0	1	3482	1	0	3310	other	0
gpl009	184	Picture	60	2164434	0	1	7129	1	0	7000	other	0
gpl009	185	Picture	40	2171729	0	1	3813	1	0	3660	other	0
gpl009	185	Pulse	199	2173244	1515	0
gpl009	186	Picture	60	2175708	0	1	7129	1	0	7000	other	0
gpl009	187	Picture	40	2183003	0	1	4476	1	0	4350	other	0
gpl009	187	Pulse	199	2185734	2731	0
gpl009	188	Picture	60	2187645	0	1	7129	1	0	7000	other	0
gpl009	189	Picture	40	2194940	0	1	2155	1	0	2130	other	0
gpl009	190	Picture	60	2197261	0	1	7129	1	0	7000	other	0
gpl009	190	Pulse	199	2198244	983	0
gpl009	191	Picture	40	2204556	0	1	1824	1	0	1780	other	0
gpl009	192	Picture	50	2206545	0	1	70131	1	0	next	other	0
gpl009	192	Pulse	199	2210744	4199	0
gpl009	192	Pulse	199	2223244	16698	0
gpl009	192	Pulse	199	2235744	29199	0
gpl009	192	Pulse	199	2248244	41698	0
gpl009	192	Pulse	199	2260743	54198	0
gpl009	192	Pulse	199	2273243	66698	0
gpl009	193	Picture	80	2276676	0	1	7129	1	0	7000	other	0
gpl009	194	Picture	40	2283971	0	1	2156	1	0	1990	other	0
gpl009	194	Pulse	199	2285744	1773	0
gpl009	195	Picture	80	2286292	0	1	7129	1	0	7000	other	0
gpl009	196	Picture	40	2293587	0	1	3813	1	0	3660	other	0
gpl009	197	Picture	80	2297566	0	1	7129	1	0	7000	other	0
gpl009	197	Pulse	199	2298244	678	0
gpl009	198	Picture	40	2304861	0	1	4476	1	0	4350	other	0
gpl009	199	Picture	85	2309503	0	1	7129	1	0	7000	hit	342
gpl009	199	Pulse	199	2310744	1241	0
gpl009	199	Response	26	2313694	4191	0
gpl009	200	Picture	40	2316798	0	1	3482	1	0	3310	other	0
gpl009	201	Picture	80	2320446	0	1	7129	1	0	7000	other	0
gpl009	201	Pulse	199	2323244	2799	0
gpl009	202	Picture	40	2327741	0	1	2155	1	0	2140	other	0
gpl009	203	Picture	80	2329906	0	322	7119	323	0	7000	other	0
gpl009	203	Pulse	199	2335745	5839	0
gpl009	204	Picture	40	2337191	0	1	2155	1	0	2130	other	0
gpl009	205	Picture	85	2339512	0	1	7129	1	0	7000	hit	351
gpl009	205	Response	26	2343584	4072	0
gpl009	206	Picture	40	2346807	0	1	2818	1	0	2690	other	0
gpl009	206	Pulse	199	2348245	1438	0
gpl009	207	Picture	80	2349791	0	1	7129	1	0	7000	other	0
gpl009	208	Picture	40	2357086	0	1	1824	1	0	1780	other	0
gpl009	209	Picture	80	2359076	0	1	7129	1	0	7000	other	0
gpl009	209	Pulse	199	2360744	1669	0
gpl009	210	Picture	40	2366371	0	1	2653	1	0	2490	other	0
gpl009	211	Picture	80	2369189	0	1	7129	1	0	7000	other	0
gpl009	211	Pulse	199	2373244	4055	0
gpl009	212	Picture	40	2376484	0	1	2984	1	0	2860	other	0
gpl009	213	Picture	50	2379634	0	1	30174	1	0	next	other	0
gpl009	213	Pulse	199	2385745	6111	0
gpl009	213	Pulse	199	2398245	18611	0
gpl009	214	Picture	90	2409808	0	1	7129	1	0	7000	other	0
gpl009	214	Pulse	199	2410745	936	0
gpl009	215	Picture	40	2417103	0	1	2155	1	0	2130	other	0
gpl009	216	Picture	90	2419424	0	1	7129	1	0	7000	other	0
gpl009	216	Pulse	199	2423245	3820	0
gpl009	217	Picture	40	2426719	0	1	2984	1	0	2860	other	0
gpl009	218	Picture	90	2429869	0	1	7129	1	0	7000	other	0
gpl009	218	Pulse	199	2435745	5875	0
gpl009	219	Picture	40	2437164	0	1	3482	1	0	3310	other	0
gpl009	220	Picture	90	2440812	0	1	7129	1	0	7000	other	0
gpl009	221	Picture	40	2448107	0	1	3813	1	0	3660	other	0
gpl009	221	Pulse	199	2448245	138	0
gpl009	222	Picture	90	2452086	0	1	7129	1	0	7000	other	0
gpl009	223	Picture	40	2459381	0	1	1824	1	0	1780	other	0
gpl009	223	Pulse	199	2460744	1364	0
gpl009	224	Picture	90	2461370	0	1	7129	1	0	7000	other	0
gpl009	225	Picture	40	2468665	0	1	4476	1	0	4350	other	0
gpl009	225	Pulse	199	2473244	4579	0
gpl009	226	Picture	90	2473307	0	1	7129	1	0	7000	other	0
gpl009	227	Picture	40	2480602	0	1	2653	1	0	2490	other	0
gpl009	228	Picture	90	2483421	0	1	7129	1	0	7000	other	0
gpl009	228	Pulse	199	2485744	2324	0
gpl009	229	Picture	40	2490716	0	1	2818	1	0	2690	other	0
gpl009	230	Picture	90	2493700	0	1	7129	1	0	7000	other	0
gpl009	230	Pulse	199	2498244	4544	0
gpl009	231	Picture	40	2500995	0	1	2155	1	0	2140	other	0
gpl009	232	Picture	90	2503160	0	322	7119	322	0	7000	other	0
gpl009	233	Picture	40	2510445	0	1	2155	1	0	1990	other	0
gpl009	233	Pulse	199	2510745	300	0
gpl009	234	Picture	50	2512766	0	1	90192	1	0	next	other	0
gpl009	234	Pulse	199	2523245	10478	0
gpl009	234	Pulse	199	2535744	22978	0
gpl009	234	Pulse	199	2548245	35478	0
gpl009	234	Pulse	199	2560745	47978	0
gpl009	234	Pulse	199	2573244	60478	0
gpl009	234	Pulse	199	2585744	72978	0
gpl009	234	Pulse	199	2598244	85478	0
gpl009	235	Picture	70	2602958	0	1	7129	1	0	7000	other	0
gpl009	236	Picture	40	2610253	0	1	2155	1	0	2130	other	0
gpl009	236	Pulse	199	2610744	492	0
gpl009	237	Picture	70	2612574	0	1	7129	1	0	7000	other	0
gpl009	238	Picture	40	2619869	0	1	2984	1	0	2860	other	0
gpl009	239	Picture	70	2623019	0	1	7129	1	0	7000	other	0
gpl009	239	Pulse	199	2623245	226	0
gpl009	240	Picture	40	2630314	0	1	2653	1	0	2490	other	0
gpl009	241	Picture	75	2633132	0	1	7129	1	0	7000	hit	412
gpl009	241	Pulse	199	2635745	2612	0
gpl009	241	Response	26	2637645	4512	0
gpl009	242	Picture	40	2640427	0	1	1824	1	0	1780	other	0
gpl009	243	Picture	70	2642417	0	1	7129	1	0	7000	other	0
gpl009	243	Pulse	199	2648245	5828	0
gpl009	244	Picture	40	2649711	0	1	4477	1	0	4350	other	0
gpl009	245	Picture	70	2654354	0	1	7129	1	0	7000	other	0
gpl009	245	Pulse	199	2660744	6391	0
gpl009	246	Picture	40	2661649	0	1	2155	1	0	2140	other	0
gpl009	247	Picture	70	2663814	0	322	7119	322	0	7000	other	0
gpl009	248	Picture	40	2671099	0	1	2155	1	0	1990	other	0
gpl009	248	Pulse	199	2673245	2146	0
gpl009	249	Picture	70	2673420	0	1	7129	1	0	7000	other	0
gpl009	250	Picture	40	2680715	0	1	2818	1	0	2690	other	0
gpl009	251	Picture	70	2683699	0	1	7129	1	0	7000	other	0
gpl009	251	Pulse	199	2685744	2045	0
gpl009	252	Picture	40	2690994	0	1	3482	1	0	3310	other	0
gpl009	253	Picture	70	2694642	0	1	7129	1	0	7000	other	0
gpl009	253	Pulse	199	2698244	3603	0
gpl009	254	Picture	40	2701937	0	1	3813	1	0	3660	other	0
gpl009	255	Picture	50	2705916	0	1	50070	1	0	next	other	0
gpl009	255	Pulse	199	2710744	4828	0
gpl009	255	Pulse	199	2723244	17328	0
gpl009	255	Pulse	199	2735744	29829	0
gpl009	255	Pulse	199	2748245	42329	0
gpl009	256	Picture	60	2755985	0	1	7129	1	0	7000	other	0
gpl009	256	Pulse	199	2760745	4759	0
gpl009	257	Picture	40	2763280	0	1	2155	1	0	1990	other	0
gpl009	258	Picture	60	2765601	0	1	7129	1	0	7000	other	0
gpl009	259	Picture	40	2772896	0	1	3813	1	0	3660	other	0
gpl009	259	Pulse	199	2773245	349	0
gpl009	260	Picture	60	2776875	0	1	7129	1	0	7000	other	0
gpl009	261	Picture	40	2784170	0	1	2818	1	0	2690	other	0
gpl009	261	Pulse	199	2785745	1574	0
gpl009	262	Picture	65	2787154	0	1	7129	1	0	7000	hit	446
gpl009	262	Response	26	2791315	4161	0
gpl009	263	Picture	40	2794449	0	1	4476	1	0	4350	other	0
gpl009	263	Pulse	199	2798245	3796	0
gpl009	264	Picture	60	2799092	0	1	7129	1	0	7000	other	0
gpl009	265	Picture	40	2806386	0	1	2155	1	0	2140	other	0
gpl009	266	Picture	60	2808552	0	322	7119	322	0	7000	other	0
gpl009	266	Pulse	199	2810744	2192	0
gpl009	267	Picture	40	2815837	0	1	2155	1	0	2130	other	0
gpl009	268	Picture	65	2818158	0	1	7129	1	0	7000	hit	455
gpl009	268	Response	26	2823144	4986	0
gpl009	268	Pulse	199	2823244	5086	0
gpl009	269	Picture	40	2825453	0	1	1824	1	0	1780	other	0
gpl009	270	Picture	60	2827442	0	1	7129	1	0	7000	other	0
gpl009	271	Picture	40	2834737	0	1	3482	1	0	3310	other	0
gpl009	271	Pulse	199	2835745	1008	0
gpl009	272	Picture	60	2838385	0	1	7129	1	0	7000	other	0
gpl009	273	Picture	40	2845680	0	1	2653	1	0	2490	other	0
gpl009	273	Pulse	199	2848245	2565	0
gpl009	274	Picture	60	2848498	0	1	7129	1	0	7000	other	0
gpl009	275	Picture	40	2855793	0	1	2984	1	0	2860	other	0
gpl009	276	Picture	50	2858943	0	1	50070	1	0	next	other	0
gpl009	276	Pulse	199	2860745	1802	0
gpl009	276	Pulse	199	2873245	14302	0
gpl009	276	Pulse	199	2885745	26802	0
gpl009	276	Pulse	199	2898245	39302	0
gpl009	277	Picture	80	2909013	0	1	7129	1	0	7000	other	0
gpl009	277	Pulse	199	2910745	1732	0
gpl009	278	Picture	40	2916308	0	1	1824	1	0	1780	other	0
gpl009	279	Picture	80	2918297	0	1	7129	1	0	7000	other	0
gpl009	279	Pulse	199	2923244	4947	0
gpl009	280	Picture	40	2925592	0	1	2155	1	0	2130	other	0
gpl009	281	Picture	80	2927913	0	1	7129	1	0	7000	other	0
gpl009	282	Picture	40	2935208	0	1	2818	1	0	2690	other	0
gpl009	282	Pulse	199	2935744	536	0
gpl009	283	Picture	80	2938192	0	1	7129	1	0	7000	other	0
gpl009	284	Picture	40	2945487	0	1	2155	1	0	2140	other	0
gpl009	285	Picture	80	2947653	0	156	7119	157	0	7000	other	0
gpl009	285	Pulse	199	2948245	592	0
gpl009	286	Picture	40	2954937	0	1	4476	1	0	4350	other	0
gpl009	287	Picture	80	2959580	0	1	7129	1	0	7000	other	0
gpl009	287	Pulse	199	2960745	1165	0
gpl009	288	Picture	40	2966875	0	1	3482	1	0	3310	other	0
gpl009	289	Picture	80	2970522	0	1	7129	1	0	7000	other	0
gpl009	289	Pulse	199	2973245	2723	0
gpl009	290	Picture	40	2977817	0	1	2984	1	0	2860	other	0
gpl009	291	Picture	80	2980967	0	1	7129	1	0	7000	other	0
gpl009	291	Pulse	199	2985745	4778	0
gpl009	292	Picture	40	2988262	0	1	3813	1	0	3660	other	0
gpl009	293	Picture	80	2992241	0	1	7129	1	0	7000	other	0
gpl009	293	Pulse	199	2998245	6004	0
gpl009	294	Picture	40	2999536	0	1	2653	1	0	2490	other	0
gpl009	295	Picture	80	3002354	0	1	7129	1	0	7000	other	0
gpl009	296	Picture	40	3009649	0	1	2155	1	0	1990	other	0
gpl009	296	Pulse	199	3010745	1096	0
gpl009	297	Picture	50	3011970	0	1	90192	1	0	next	other	0
gpl009	297	Pulse	199	3023245	11274	0
gpl009	297	Pulse	199	3035744	23773	0
gpl009	297	Pulse	199	3048244	36274	0
gpl009	297	Pulse	199	3060744	48774	0
gpl009	297	Pulse	199	3073244	61274	0
gpl009	297	Pulse	199	3085744	73774	0
gpl009	297	Pulse	199	3098245	86274	0
gpl009	298	Picture	90	3102162	0	1	7129	1	0	7000	other	0
gpl009	299	Picture	40	3109457	0	1	2155	1	0	1990	other	0
gpl009	299	Pulse	199	3110745	1288	0
gpl009	300	Picture	90	3111778	0	1	7129	1	0	7000	other	0
gpl009	301	Picture	40	3119073	0	1	2155	1	0	2140	other	0
gpl009	302	Picture	95	3121394	0	1	7129	1	0	7000	hit	515
gpl009	302	Pulse	199	3123245	1851	0
gpl009	302	Response	26	3125674	4280	0
gpl009	303	Picture	40	3128689	0	1	2653	1	0	2490	other	0
gpl009	304	Picture	90	3131508	0	1	7129	1	0	7000	other	0
gpl009	304	Pulse	199	3135745	4237	0
gpl009	305	Picture	40	3138802	0	1	2155	1	0	2130	other	0
gpl009	306	Picture	90	3141123	0	1	7129	1	0	7000	other	0
gpl009	306	Pulse	199	3148244	7121	0
gpl009	307	Picture	40	3148418	0	1	4476	1	0	4350	other	0
gpl009	308	Picture	90	3153061	0	1	7129	1	0	7000	other	0
gpl009	309	Picture	40	3160356	0	1	3813	1	0	3660	other	0
gpl009	309	Pulse	199	3160744	388	0
gpl009	310	Picture	90	3164335	0	1	7129	1	0	7000	other	0
gpl009	311	Picture	40	3171630	0	1	3482	1	0	3310	other	0
gpl009	311	Pulse	199	3173244	1615	0
gpl009	312	Picture	90	3175277	0	1	7129	1	0	7000	other	0
gpl009	313	Picture	40	3182572	0	1	2818	1	0	2690	other	0
gpl009	314	Picture	90	3185556	0	1	7129	1	0	7000	other	0
gpl009	314	Pulse	199	3185745	189	0
gpl009	315	Picture	40	3192851	0	1	1824	1	0	1780	other	0
gpl009	316	Picture	90	3194841	0	1	7129	1	0	7000	other	0
gpl009	316	Pulse	199	3198244	3404	0
gpl009	317	Picture	40	3202136	0	1	2984	1	0	2860	other	0
gpl009	318	Picture	50	3205286	0	1	30174	1	0	next	other	0
gpl009	318	Pulse	199	3210745	5459	0
gpl009	318	Pulse	199	3223244	17959	0
gpl009	319	Picture	70	3235460	0	1	7129	1	0	7000	other	0
gpl009	319	Pulse	199	3235745	285	0
gpl009	320	Picture	40	3242755	0	1	1824	1	0	1780	other	0
gpl009	321	Picture	70	3244744	0	1	7129	1	0	7000	other	0
gpl009	321	Pulse	199	3248244	3500	0
gpl009	322	Picture	40	3252039	0	1	2818	1	0	2690	other	0
gpl009	323	Picture	70	3255024	0	1	7129	1	0	7000	other	0
gpl009	323	Pulse	199	3260744	5721	0
gpl009	324	Picture	40	3262319	0	1	2155	1	0	2140	other	0
gpl009	325	Picture	70	3264640	0	1	7129	1	0	7000	other	0
gpl009	326	Picture	40	3271935	0	1	2653	1	0	2490	other	0
gpl009	326	Pulse	199	3273244	1309	0
gpl009	327	Picture	70	3274753	0	1	7129	1	0	7000	other	0
gpl009	328	Picture	40	3282048	0	1	2155	1	0	2130	other	0
gpl009	329	Picture	75	3284369	0	1	7129	1	0	7000	hit	556
gpl009	329	Pulse	199	3285745	1376	0
gpl009	329	Response	26	3288914	4545	0
gpl009	330	Picture	40	3291664	0	1	2984	1	0	2860	other	0
gpl009	331	Picture	70	3294814	0	1	7129	1	0	7000	other	0
gpl009	331	Pulse	199	3298244	3430	0
gpl009	332	Picture	40	3302109	0	1	2155	1	0	1990	other	0
gpl009	333	Picture	70	3304430	0	1	7129	1	0	7000	other	0
gpl009	333	Pulse	199	3310745	6315	0
gpl009	334	Picture	40	3311725	0	1	3813	1	0	3660	other	0
gpl009	335	Picture	70	3315704	0	1	7129	1	0	7000	other	0
gpl009	336	Picture	40	3322999	0	1	3482	1	0	3310	other	0
gpl009	336	Pulse	199	3323244	245	0
gpl009	337	Picture	70	3326647	0	1	7129	1	0	7000	other	0
gpl009	338	Picture	40	3333941	0	1	4476	1	0	4350	other	0
gpl009	338	Pulse	199	3335745	1804	0
gpl009	339	Picture	50	3338584	0	1	70131	1	0	next	other	0
gpl009	339	Pulse	199	3348244	9661	0
gpl009	339	Pulse	199	3360745	22161	0
gpl009	339	Pulse	199	3373244	34661	0
gpl009	339	Pulse	199	3385744	47160	0
gpl009	339	Pulse	199	3398245	59661	0
gpl009	340	Picture	60	3408714	0	1	7129	1	0	7000	other	0
gpl009	340	Pulse	199	3410745	2031	0
gpl009	341	Picture	40	3416009	0	1	2155	1	0	2140	other	0
gpl009	342	Picture	60	3418175	0	156	7119	157	0	7000	other	0
gpl009	342	Pulse	199	3423245	5070	0
gpl009	343	Picture	40	3425459	0	1	2653	1	0	2490	other	0
gpl009	344	Picture	60	3428278	0	1	7129	1	0	7000	other	0
gpl009	345	Picture	40	3435573	0	1	3813	1	0	3660	other	0
gpl009	345	Pulse	199	3435745	172	0
gpl009	346	Picture	60	3439552	0	1	7129	1	0	7000	other	0
gpl009	347	Picture	40	3446847	0	1	2155	1	0	1990	other	0
gpl009	347	Pulse	199	3448245	1398	0
gpl009	348	Picture	65	3449168	0	1	7129	1	0	7000	hit	589
gpl009	348	Response	26	3453295	4127	0
gpl009	349	Picture	40	3456463	0	1	2155	1	0	2130	other	0
gpl009	350	Picture	60	3458784	0	1	7129	1	0	7000	other	0
gpl009	350	Pulse	199	3460745	1961	0
gpl009	351	Picture	40	3466079	0	1	3482	1	0	3310	other	0
gpl009	352	Picture	60	3469726	0	1	7129	1	0	7000	other	0
gpl009	352	Pulse	199	3473245	3518	0
gpl009	353	Picture	40	3477021	0	1	1824	1	0	1780	other	0
gpl009	354	Picture	60	3479011	0	1	7129	1	0	7000	other	0
gpl009	354	Pulse	199	3485744	6733	0
gpl009	355	Picture	40	3486306	0	1	4476	1	0	4350	other	0
gpl009	356	Picture	60	3490948	0	1	7129	1	0	7000	other	0
gpl009	357	Picture	40	3498243	0	1	2984	1	0	2860	other	0
gpl009	357	Pulse	199	3498244	2	0
gpl009	358	Picture	60	3501393	0	1	7129	1	0	7000	other	0
gpl009	359	Picture	40	3508688	0	1	2818	1	0	2690	other	0
gpl009	359	Pulse	199	3510745	2057	0
gpl009	360	Picture	50	3511672	0	1	90192	1	0	next	other	0
gpl009	360	Pulse	199	3523245	11573	0
gpl009	360	Pulse	199	3535745	24073	0
gpl009	360	Pulse	199	3548245	36573	0
gpl009	360	Pulse	199	3560745	49073	0
gpl009	360	Pulse	199	3573245	61573	0
gpl009	360	Pulse	199	3585744	74072	0
gpl009	360	Pulse	199	3598244	86572	0
gpl009	361	Picture	80	3601864	0	1	7129	1	0	7000	other	0
gpl009	362	Picture	40	3609159	0	1	2155	1	0	2140	other	0
gpl009	362	Pulse	199	3610745	1586	0
gpl009	363	Picture	80	3611324	0	322	7119	322	0	7000	other	0
gpl009	364	Picture	40	3618609	0	1	2155	1	0	1990	other	0
gpl009	365	Picture	80	3620930	0	1	7129	1	0	7000	other	0
gpl009	365	Pulse	199	3623245	2315	0
gpl009	366	Picture	40	3628225	0	1	2984	1	0	2860	other	0
gpl009	367	Picture	80	3631375	0	1	7129	1	0	7000	other	0
gpl009	367	Pulse	199	3635745	4370	0
gpl009	368	Picture	40	3638670	0	1	2653	1	0	2490	other	0
gpl009	369	Picture	85	3641488	0	1	7129	1	0	7000	hit	626
gpl009	369	Response	26	3646565	5077	0
gpl009	369	Pulse	199	3648245	6756	0
gpl009	370	Picture	40	3648783	0	1	3813	1	0	3660	other	0
gpl009	371	Picture	80	3652762	0	1	7129	1	0	7000	other	0
gpl009	372	Picture	40	3660057	0	1	2818	1	0	2690	other	0
gpl009	372	Pulse	199	3660745	688	0
gpl009	373	Picture	85	3663041	0	1	7129	1	0	7000	hit	633
gpl009	373	Response	26	3667294	4253	0
gpl009	374	Picture	40	3670336	0	1	4476	1	0	4350	other	0
gpl009	374	Pulse	199	3673245	2908	0
gpl009	375	Picture	80	3674979	0	1	7129	1	0	7000	other	0
gpl009	376	Picture	40	3682274	0	1	1824	1	0	1780	other	0
gpl009	377	Picture	80	3684263	0	1	7129	1	0	7000	other	0
gpl009	377	Pulse	199	3685745	1482	0
gpl009	378	Picture	40	3691558	0	1	3482	1	0	3310	other	0
gpl009	379	Picture	80	3695205	0	1	7129	1	0	7000	other	0
gpl009	379	Pulse	199	3698245	3039	0
gpl009	380	Picture	40	3702500	0	1	2155	1	0	2130	other	0
gpl009	381	Picture	50	3704821	0	1	30174	1	0	next	other	0
gpl009	381	Pulse	199	3710744	5923	0
gpl009	381	Pulse	199	3723244	18423	0
gpl009	382	Picture	90	3734996	0	1	7129	1	0	7000	other	0
gpl009	382	Pulse	199	3735744	749	0
gpl009	383	Picture	40	3742291	0	1	3482	1	0	3310	other	0
gpl009	384	Picture	90	3745938	0	1	7129	1	0	7000	other	0
gpl009	384	Pulse	199	3748245	2307	0
gpl009	385	Picture	40	3753233	0	1	3813	1	0	3660	other	0
gpl009	386	Picture	90	3757212	0	1	7129	1	0	7000	other	0
gpl009	386	Pulse	199	3760744	3532	0
gpl009	387	Picture	40	3764507	0	1	4476	1	0	4350	other	0
gpl009	388	Picture	90	3769149	0	1	7129	1	0	7000	other	0
gpl009	388	Pulse	199	3773245	4096	0
gpl009	389	Picture	40	3776444	0	1	1824	1	0	1780	other	0
gpl009	390	Picture	90	3778434	0	1	7129	1	0	7000	other	0
gpl009	391	Picture	40	3785729	0	1	2155	1	0	2130	other	0
gpl009	391	Pulse	199	3785744	16	0
gpl009	392	Picture	90	3788050	0	1	7129	1	0	7000	other	0
gpl009	393	Picture	40	3795345	0	1	2984	1	0	2860	other	0
gpl009	393	Pulse	199	3798245	2900	0
gpl009	394	Picture	90	3798495	0	1	7129	1	0	7000	other	0
gpl009	395	Picture	40	3805790	0	1	2155	1	0	1990	other	0
gpl009	396	Picture	90	3808111	0	1	7129	1	0	7000	other	0
gpl009	396	Pulse	199	3810744	2634	0
gpl009	397	Picture	40	3815406	0	1	2653	1	0	2490	other	0
gpl009	398	Picture	90	3818224	0	1	7129	1	0	7000	other	0
gpl009	398	Pulse	199	3823244	5020	0
gpl009	399	Picture	40	3825519	0	1	2818	1	0	2690	other	0
gpl009	400	Picture	90	3828503	0	1	7129	1	0	7000	other	0
gpl009	400	Pulse	199	3835744	7241	0
gpl009	401	Picture	40	3835798	0	1	2155	1	0	2140	other	0
gpl009	402	Picture	50	3838119	0	1	50070	1	0	next	other	0
gpl009	402	Pulse	199	3848245	10125	0
gpl009	402	Pulse	199	3860744	22625	0
gpl009	402	Pulse	199	3873245	35125	0
gpl009	402	Pulse	199	3885745	47625	0
gpl009	403	Picture	70	3888189	0	1	7129	1	0	7000	other	0
gpl009	404	Picture	40	3895484	0	1	3482	1	0	3310	other	0
gpl009	404	Pulse	199	3898245	2761	0
gpl009	405	Picture	70	3899131	0	1	7129	1	0	7000	other	0
gpl009	406	Picture	40	3906426	0	1	2653	1	0	2490	other	0
gpl009	407	Picture	70	3909245	0	1	7129	1	0	7000	other	0
gpl009	407	Pulse	199	3910745	1500	0
gpl009	408	Picture	40	3916540	0	1	3813	1	0	3660	other	0
gpl009	409	Picture	70	3920519	0	1	7129	1	0	7000	other	0
gpl009	409	Pulse	199	3923245	2726	0
gpl009	410	Picture	40	3927814	0	1	2155	1	0	2130	other	0
gpl009	411	Picture	70	3930135	0	1	7129	1	0	7000	other	0
gpl009	411	Pulse	199	3935745	5610	0
gpl009	412	Picture	40	3937430	0	1	2818	1	0	2690	other	0
gpl009	413	Picture	70	3940414	0	1	7129	1	0	7000	other	0
gpl009	414	Picture	40	3947709	0	1	2155	1	0	2140	other	0
gpl009	414	Pulse	199	3948244	535	0
gpl009	415	Picture	75	3949874	0	322	7119	322	0	7000	hit	699
gpl009	415	Response	26	3954235	4361	0
gpl009	416	Picture	40	3957159	0	1	2984	1	0	2860	other	0
gpl009	417	Picture	70	3960309	0	1	7129	1	0	7000	other	0
gpl009	417	Pulse	199	3960755	446	0
gpl009	418	Picture	40	3967604	0	1	4476	1	0	4350	other	0
gpl009	419	Picture	70	3972246	0	1	7129	1	0	7000	other	0
gpl009	419	Pulse	199	3973245	999	0
gpl009	420	Picture	40	3979541	0	1	1824	1	0	1780	other	0
gpl009	421	Picture	70	3981531	0	1	7129	1	0	7000	other	0
gpl009	421	Pulse	199	3985745	4214	0
gpl009	422	Picture	40	3988826	0	1	2155	1	0	1990	other	0
gpl009	423	Picture	50	3991147	0	1	70131	1	0	next	other	0
gpl009	423	Pulse	199	3998245	7098	0
gpl009	423	Pulse	199	4010745	19598	0
gpl009	423	Pulse	199	4023245	32098	0
gpl009	423	Pulse	199	4035745	44598	0
gpl009	423	Pulse	199	4048244	57097	0
gpl009	423	Pulse	199	4060754	69607	0
gpl009	424	Picture	60	4061277	0	1	7129	1	0	7000	other	0
gpl009	425	Picture	40	4068572	0	1	2155	1	0	2140	other	0
gpl009	426	Picture	60	4070738	0	322	7119	322	0	7000	other	0
gpl009	426	Pulse	199	4073255	2517	0
gpl009	427	Picture	40	4078023	0	1	1824	1	0	1780	other	0
gpl009	428	Picture	65	4080012	0	1	7129	1	0	7000	hit	723
gpl009	428	Response	26	4084315	4303	0
gpl009	428	Pulse	199	4085755	5743	0
gpl009	429	Picture	40	4087307	0	1	4476	1	0	4350	other	0
gpl009	430	Picture	60	4091949	0	1	7129	1	0	7000	other	0
gpl009	430	Pulse	199	4098255	6305	0
gpl009	431	Picture	40	4099244	0	1	2818	1	0	2690	other	0
gpl009	432	Picture	60	4102228	0	1	7129	1	0	7000	other	0
gpl009	433	Picture	40	4109523	0	1	3813	1	0	3660	other	0
gpl009	433	Pulse	199	4110755	1232	0
gpl009	434	Picture	60	4113502	0	1	7129	1	0	7000	other	0
gpl009	435	Picture	40	4120797	0	1	2155	1	0	2130	other	0
gpl009	436	Picture	60	4123118	0	1	7129	1	0	7000	other	0
gpl009	436	Pulse	199	4123255	136	0
gpl009	437	Picture	40	4130413	0	1	3482	1	0	3310	other	0
gpl009	438	Picture	60	4134061	0	1	7129	1	0	7000	other	0
gpl009	438	Pulse	199	4135755	1694	0
gpl009	439	Picture	40	4141356	0	1	2155	1	0	1990	other	0
gpl009	440	Picture	65	4143677	0	1	7129	1	0	7000	hit	741
gpl009	440	Response	26	4147335	3658	0
gpl009	440	Pulse	199	4148254	4577	0
gpl009	441	Picture	40	4150972	0	1	2984	1	0	2860	other	0
gpl009	442	Picture	60	4154122	0	1	7129	1	0	7000	other	0
gpl009	442	Pulse	199	4160754	6633	0
gpl009	443	Picture	40	4161417	0	1	2653	1	0	2490	other	0
gpl009	444	Picture	50	4164235	0	1	70131	1	0	next	other	0
gpl009	444	Pulse	199	4173255	9020	0
gpl009	444	Pulse	199	4185755	21520	0
gpl009	444	Pulse	199	4198255	34020	0
gpl009	444	Pulse	199	4210755	46520	0
gpl009	444	Pulse	199	4223255	59020	0
gpl009	445	Picture	80	4234366	0	1	7129	1	0	7000	other	0
gpl009	445	Pulse	199	4235755	1389	0
gpl009	446	Picture	40	4241661	0	1	1824	1	0	1780	other	0
gpl009	447	Picture	80	4243650	0	1	7129	1	0	7000	other	0
gpl009	447	Pulse	199	4248255	4605	0
gpl009	448	Picture	40	4250945	0	1	3813	1	0	3660	other	0
gpl009	449	Picture	80	4254924	0	1	7129	1	0	7000	other	0
gpl009	449	Pulse	199	4260755	5830	0
gpl009	450	Picture	40	4262219	0	1	2819	1	0	2690	other	0
gpl009	451	Picture	80	4265203	0	1	7129	1	0	7000	other	0
gpl009	452	Picture	40	4272498	0	1	2984	1	0	2860	other	0
gpl009	452	Pulse	199	4273255	756	0
gpl009	453	Picture	80	4275649	0	1	7129	1	0	7000	other	0
gpl009	454	Picture	40	4282943	0	1	2155	1	0	1990	other	0
gpl009	455	Picture	80	4285265	0	1	7129	1	0	7000	other	0
gpl009	455	Pulse	199	4285755	490	0
gpl009	456	Picture	40	4292559	0	1	2653	1	0	2490	other	0
gpl009	457	Picture	80	4295378	0	1	7129	1	0	7000	other	0
gpl009	457	Pulse	199	4298255	2877	0
gpl009	458	Picture	40	4302673	0	1	2155	1	0	2140	other	0
gpl009	459	Picture	80	4304838	0	322	7119	322	0	7000	other	0
gpl009	459	Pulse	199	4310755	5917	0
gpl009	460	Picture	40	4312123	0	1	2155	1	0	2130	other	0
gpl009	461	Picture	80	4314444	0	1	7129	1	0	7000	other	0
gpl009	462	Picture	40	4321739	0	1	4476	1	0	4350	other	0
gpl009	462	Pulse	199	4323255	1516	0
gpl009	463	Picture	80	4326381	0	1	7129	1	0	7000	other	0
gpl009	464	Picture	40	4333676	0	1	3481	1	0	3310	other	0
gpl009	464	Pulse	199	4335755	2079	0
gpl009	465	Picture	50	4337324	0	1	50070	1	0	next	other	0
gpl009	465	Pulse	199	4348255	10931	0
gpl009	465	Pulse	199	4360755	23431	0
gpl009	465	Pulse	199	4373255	35931	0
gpl009	465	Pulse	199	4385755	48431	0
gpl009	466	Picture	90	4387393	0	1	7129	1	0	7000	other	0
gpl009	467	Picture	40	4394688	0	1	3813	1	0	3660	other	0
gpl009	467	Pulse	199	4398255	3567	0
gpl009	468	Picture	90	4398667	0	1	7129	1	0	7000	other	0
gpl009	469	Picture	40	4405962	0	1	4476	1	0	4350	other	0
gpl009	470	Picture	90	4410604	0	1	7129	1	0	7000	other	0
gpl009	470	Pulse	199	4410755	151	0
gpl009	471	Picture	40	4417899	0	1	2155	1	0	1990	other	0
gpl009	472	Picture	95	4420220	0	1	7129	1	0	7000	hit	797
gpl009	472	Pulse	199	4423255	3035	0
gpl009	472	Response	26	4423705	3485	0
gpl009	473	Picture	40	4427515	0	1	2155	1	0	2130	other	0
gpl009	474	Picture	90	4429836	0	1	7129	1	0	7000	other	0
gpl009	474	Pulse	199	4435755	5919	0
gpl009	475	Picture	40	4437131	0	1	3482	1	0	3310	other	0
gpl009	476	Picture	90	4440779	0	1	7129	1	0	7000	other	0
gpl009	477	Picture	40	4448074	0	1	2819	1	0	2690	other	0
gpl009	477	Pulse	199	4448255	182	0
gpl009	478	Picture	90	4451058	0	1	7129	1	0	7000	other	0
gpl009	479	Picture	40	4458353	0	1	1824	1	0	1780	other	0
gpl009	480	Picture	90	4460342	0	1	7129	1	0	7000	other	0
gpl009	480	Pulse	199	4460755	412	0
gpl009	481	Picture	40	4467637	0	1	2984	1	0	2860	other	0
gpl009	482	Picture	90	4470787	0	1	7129	1	0	7000	other	0
gpl009	482	Pulse	199	4473255	2468	0
gpl009	483	Picture	40	4478082	0	1	2653	1	0	2490	other	0
gpl009	484	Picture	90	4480901	0	1	7129	2	0	7000	other	0
gpl009	484	Pulse	199	4485754	4854	0
gpl009	485	Picture	40	4488196	0	1	2155	1	0	2140	other	0
gpl009	486	Picture	50	4490361	0	322	90182	322	0	next	other	0
gpl009	486	Pulse	199	4498254	7893	0
gpl009	486	Pulse	199	4510754	20393	0
gpl009	486	Pulse	199	4523255	32894	0
gpl009	486	Pulse	199	4535755	45393	0
gpl009	486	Pulse	199	4548255	57894	0
gpl009	486	Pulse	199	4560755	70394	0
gpl009	486	Pulse	199	4573255	82894	0
gpl009	487	Picture	70	4580543	0	1	7129	1	0	7000	other	0
gpl009	487	Pulse	199	4585755	5212	0
gpl009	488	Picture	40	4587838	0	1	2155	1	0	1990	other	0
gpl009	489	Picture	70	4590159	0	1	7129	1	0	7000	other	0
gpl009	490	Picture	40	4597454	0	1	2653	1	0	2490	other	0
gpl009	490	Pulse	199	4598255	801	0
gpl009	491	Picture	75	4600272	0	1	7129	1	0	7000	hit	831
gpl009	491	Response	26	4603615	3343	0
gpl009	492	Picture	40	4607567	0	1	3813	1	0	3660	other	0
gpl009	492	Pulse	199	4610755	3187	0
gpl009	493	Picture	70	4611546	0	1	7129	1	0	7000	other	0
gpl009	494	Picture	40	4618841	0	1	2984	1	0	2860	other	0
gpl009	495	Picture	70	4621991	0	1	7129	1	0	7000	other	0
gpl009	495	Pulse	199	4623255	1263	0
gpl009	496	Picture	40	4629286	0	1	2155	1	0	2140	other	0
gpl009	497	Picture	70	4631451	0	322	7119	322	0	7000	other	0
gpl009	497	Pulse	199	4635755	4303	0
gpl009	498	Picture	40	4638736	0	1	1824	1	0	1780	other	0
gpl009	499	Picture	70	4640726	0	1	7129	1	0	7000	other	0
gpl009	500	Picture	40	4648021	0	1	4476	1	0	4350	other	0
gpl009	500	Pulse	199	4648255	235	0
gpl009	501	Picture	70	4652663	0	1	7129	1	0	7000	other	0
gpl009	502	Picture	40	4659958	0	1	3482	1	0	3310	other	0
gpl009	502	Pulse	199	4660755	797	0
gpl009	503	Picture	70	4663605	0	1	7129	1	0	7000	other	0
gpl009	504	Picture	40	4670900	0	1	2155	1	0	2130	other	0
gpl009	505	Picture	70	4673221	0	1	7129	1	0	7000	other	0
gpl009	505	Pulse	199	4673255	34	0
gpl009	506	Picture	40	4680516	0	1	2818	1	0	2690	other	0
gpl009	507	Picture	50	4683500	0	1	30174	1	0	next	other	0
gpl009	507	Pulse	199	4685755	2255	0
gpl009	507	Pulse	199	4698255	14755	0
gpl009	507	Pulse	199	4710755	27255	0
gpl009	508	Picture	60	4713675	0	1	7129	1	0	7000	other	0
gpl009	509	Picture	40	4720970	0	1	2984	1	0	2860	other	0
gpl009	509	Pulse	199	4723255	2285	0
gpl009	510	Picture	60	4724120	0	1	7129	1	0	7000	other	0
gpl009	511	Picture	40	4731415	0	1	3482	1	0	3310	other	0
gpl009	512	Picture	60	4735062	0	1	7129	1	0	7000	other	0
gpl009	512	Pulse	199	4735755	693	0
gpl009	513	Picture	40	4742357	0	1	2156	1	0	2140	other	0
gpl009	514	Picture	60	4744522	0	322	7119	322	0	7000	other	0
gpl009	514	Pulse	199	4748255	3733	0
gpl009	515	Picture	40	4751807	0	1	4476	1	0	4350	other	0
gpl009	516	Picture	60	4756450	0	1	7129	1	0	7000	other	0
gpl009	516	Pulse	199	4760755	4305	0
gpl009	517	Picture	40	4763745	0	1	1824	1	0	1780	other	0
gpl009	518	Picture	60	4765734	0	1	7129	1	0	7000	other	0
gpl009	519	Picture	40	4773029	0	1	2653	1	0	2490	other	0
gpl009	519	Pulse	199	4773255	226	0
gpl009	520	Picture	60	4775847	0	1	7129	1	0	7000	other	0
gpl009	521	Picture	40	4783142	0	1	3813	1	0	3660	other	0
gpl009	521	Pulse	199	4785755	2613	0
gpl009	522	Picture	60	4787121	0	1	7129	1	0	7000	other	0
gpl009	523	Picture	40	4794416	0	1	2155	1	0	1990	other	0
gpl009	524	Picture	60	4796737	0	1	7129	1	0	7000	other	0
gpl009	524	Pulse	199	4798255	1518	0
gpl009	525	Picture	40	4804032	0	1	2155	1	0	2130	other	0
gpl009	526	Picture	60	4806353	0	1	7129	1	0	7000	other	0
gpl009	526	Pulse	199	4810756	4402	0
gpl009	527	Picture	40	4813648	0	1	2818	1	0	2690	other	0
gpl009	528	Picture	50	4816633	0	1	50070	1	0	next	other	0
gpl009	528	Pulse	199	4823255	6622	0
gpl009	528	Pulse	199	4835755	19122	0
gpl009	528	Pulse	199	4848255	31622	0
gpl009	528	Pulse	199	4860755	44123	0
gpl009	529	Picture	80	4866702	0	1	7129	1	0	7000	other	0
gpl009	529	Pulse	199	4873256	6553	0
gpl009	530	Picture	40	4873997	0	1	2984	1	0	2860	other	0
gpl009	531	Picture	80	4877147	0	1	7129	1	0	7000	other	0
gpl009	532	Picture	40	4884442	0	1	2653	1	0	2490	other	0
gpl009	532	Pulse	199	4885755	1313	0
gpl009	533	Picture	85	4887261	0	1	7129	1	0	7000	hit	897
gpl009	533	Response	26	4891094	3834	0
gpl009	534	Picture	40	4894556	0	1	3813	1	0	3660	other	0
gpl009	534	Pulse	199	4898255	3700	0
gpl009	535	Picture	80	4898535	0	1	7129	1	0	7000	other	0
gpl009	536	Picture	40	4905830	0	1	4476	1	0	4350	other	0
gpl009	537	Picture	80	4910472	0	1	7129	1	0	7000	other	0
gpl009	537	Pulse	199	4910755	284	0
gpl009	538	Picture	40	4917767	0	1	2818	1	0	2690	other	0
gpl009	539	Picture	80	4920751	0	1	7129	1	0	7000	other	0
gpl009	539	Pulse	199	4923255	2504	0
gpl009	540	Picture	40	4928046	0	1	2155	1	0	2140	other	0
gpl009	541	Picture	80	4930211	0	322	7119	322	0	7000	other	0
gpl009	541	Pulse	199	4935755	5544	0
gpl009	542	Picture	40	4937496	0	1	2155	1	0	2130	other	0
gpl009	543	Picture	80	4939817	0	1	7129	1	0	7000	other	0
gpl009	544	Picture	40	4947112	0	1	1824	1	0	1780	other	0
gpl009	544	Pulse	199	4948255	1142	0
gpl009	545	Picture	80	4949102	0	1	7129	1	0	7000	other	0
gpl009	546	Picture	40	4956397	0	1	3482	1	0	3310	other	0
gpl009	547	Picture	80	4960044	0	1	7129	1	0	7000	other	0
gpl009	547	Pulse	199	4960755	711	0
gpl009	548	Picture	40	4967339	0	1	2155	1	0	1990	other	0
gpl009	549	Picture	50	4969660	0	1	70131	1	0	next	other	0
gpl009	549	Pulse	199	4973255	3595	0
gpl009	549	Pulse	199	4985755	16095	0
gpl009	549	Pulse	199	4998255	28595	0
gpl009	549	Pulse	199	5010755	41095	0
gpl009	549	Pulse	199	5023255	53595	0
gpl009	549	Pulse	199	5035756	66095	0
gpl009	550	Picture	90	5039791	0	1	7129	1	0	7000	other	0
gpl009	551	Picture	40	5047086	0	1	2653	1	0	2490	other	0
gpl009	551	Pulse	199	5048255	1169	0
gpl009	552	Picture	90	5049904	0	1	7129	1	0	7000	other	0
gpl009	553	Picture	40	5057199	0	1	2155	1	0	1990	other	0
gpl009	554	Picture	90	5059520	0	1	7129	1	0	7000	other	0
gpl009	554	Pulse	199	5060755	1234	0
gpl009	555	Picture	40	5066815	0	1	3813	1	0	3660	other	0
gpl009	556	Picture	90	5070794	0	1	7129	1	0	7000	other	0
gpl009	556	Pulse	199	5073255	2461	0
gpl009	557	Picture	40	5078089	0	1	2818	1	0	2690	other	0
gpl009	558	Picture	90	5081073	0	1	7129	1	0	7000	other	0
gpl009	558	Pulse	199	5085755	4682	0
gpl009	559	Picture	40	5088368	0	1	2155	1	0	2140	other	0
gpl009	560	Picture	90	5090689	0	1	7129	1	0	7000	other	0
gpl009	561	Picture	40	5097984	0	1	3482	1	0	3310	other	0
gpl009	561	Pulse	199	5098255	271	0
gpl009	562	Picture	90	5101632	0	1	7129	1	0	7000	other	0
gpl009	563	Picture	40	5108927	0	1	4476	1	0	4350	other	0
gpl009	563	Pulse	199	5110755	1829	0
gpl009	564	Picture	90	5113569	0	1	7129	1	0	7000	other	0
gpl009	565	Picture	40	5120864	0	1	1824	1	0	1780	other	0
gpl009	566	Picture	95	5122853	0	1	7129	1	0	7000	hit	950
gpl009	566	Pulse	199	5123255	402	0
gpl009	566	Response	26	5127125	4272	0
gpl009	567	Picture	40	5130148	0	1	2155	1	0	2130	other	0
gpl009	568	Picture	90	5132469	0	1	7129	1	0	7000	other	0
gpl009	568	Pulse	199	5135755	3286	0
gpl009	569	Picture	40	5139764	0	1	2984	1	0	2860	other	0
gpl009	570	Picture	50	5142914	0	1	30174	1	0	next	other	0
gpl009	570	Pulse	199	5148255	5341	0
gpl009	570	Pulse	199	5160755	17841	0
gpl009	571	Picture	70	5173089	0	1	7129	1	0	7000	other	0
gpl009	571	Pulse	199	5173255	166	0
gpl009	572	Picture	40	5180384	0	1	2155	1	0	2130	other	0
gpl009	573	Picture	70	5182705	0	1	7129	1	0	7000	other	0
gpl009	573	Pulse	199	5185755	3051	0
gpl009	574	Picture	40	5190000	0	1	2155	1	0	1990	other	0
gpl009	575	Picture	70	5192321	0	1	7129	1	0	7000	other	0
gpl009	575	Pulse	199	5198255	5935	0
gpl009	576	Picture	40	5199616	0	1	1824	1	0	1780	other	0
gpl009	577	Picture	70	5201605	0	1	7129	1	0	7000	other	0
gpl009	578	Picture	40	5208900	0	1	3813	1	0	3660	other	0
gpl009	578	Pulse	199	5210755	1855	0
gpl009	579	Picture	70	5212879	0	1	7129	1	0	7000	other	0
gpl009	580	Picture	40	5220174	0	1	4476	1	0	4350	other	0
gpl009	580	Pulse	199	5223256	3082	0
gpl009	581	Picture	70	5224816	0	1	7129	1	0	7000	other	0
gpl009	582	Picture	40	5232111	0	1	3482	1	0	3310	other	0
gpl009	582	Pulse	199	5235755	3644	0
gpl009	583	Picture	75	5235759	0	1	7129	1	0	7000	hit	977
gpl009	583	Response	26	5240016	4257	0
gpl009	584	Picture	40	5243054	0	1	2818	1	0	2690	other	0
gpl009	585	Picture	70	5246038	0	1	7129	1	0	7000	other	0
gpl009	585	Pulse	199	5248256	2218	0
gpl009	586	Picture	40	5253333	0	1	2984	1	0	2860	other	0
gpl009	587	Picture	75	5256483	0	1	7129	1	0	7000	hit	984
gpl009	587	Pulse	199	5260755	4273	0
gpl009	587	Response	26	5261605	5122	0
gpl009	588	Picture	40	5263778	0	1	2653	1	0	2490	other	0
gpl009	589	Picture	70	5266596	0	1	7129	1	0	7000	other	0
gpl009	589	Pulse	199	5273255	6659	0
gpl009	590	Picture	40	5273891	0	1	2155	1	0	2140	other	0
gpl009	591	Picture	50	5276212	0	1	90192	1	0	next	other	0
gpl009	591	Pulse	199	5285755	9543	0
gpl009	591	Pulse	199	5298255	22043	0
gpl009	591	Pulse	199	5310756	34543	0
gpl009	591	Pulse	199	5323255	47043	0
gpl009	591	Pulse	199	5335755	59543	0
gpl009	591	Pulse	199	5348255	72043	0
gpl009	591	Pulse	199	5360755	84543	0
gpl009	592	Picture	60	5366404	0	1	7129	1	0	7000	other	0
gpl009	592	Pulse	199	5373256	6852	0
gpl009	593	Picture	40	5373699	0	1	2155	1	0	2130	other	0
gpl009	594	Picture	60	5376020	0	1	7129	1	0	7000	other	0
gpl009	595	Picture	40	5383315	0	1	1824	1	0	1780	other	0
gpl009	596	Picture	60	5385304	0	1	7129	1	0	7000	other	0
gpl009	596	Pulse	199	5385755	451	0
gpl009	597	Picture	40	5392599	0	1	2819	1	0	2690	other	0
gpl009	598	Picture	60	5395583	0	1	7129	1	0	7000	other	0
gpl009	598	Pulse	199	5398255	2672	0
gpl009	599	Picture	40	5402878	0	1	2984	1	0	2860	other	0
gpl009	600	Picture	65	5406029	0	1	7129	1	0	7000	hit	1009
gpl009	600	Response	26	5410125	4097	0
gpl009	600	Pulse	199	5410755	4727	0
gpl009	601	Picture	40	5413323	0	1	4476	1	0	4350	other	0
gpl009	602	Picture	60	5417966	0	1	7129	1	0	7000	other	0
gpl009	602	Pulse	199	5423256	5290	0
gpl009	603	Picture	40	5425261	0	1	2155	1	0	1990	other	0
gpl009	604	Picture	60	5427582	0	1	7129	1	0	7000	other	0
gpl009	605	Picture	40	5434877	0	1	3813	1	0	3660	other	0
gpl009	605	Pulse	199	5435756	879	0
gpl009	606	Picture	60	5438856	0	1	7129	1	0	7000	other	0
gpl009	607	Picture	40	5446151	0	1	3482	1	0	3310	other	0
gpl009	607	Pulse	199	5448256	2105	0
gpl009	608	Picture	60	5449798	0	1	7129	1	0	7000	other	0
gpl009	609	Picture	40	5457093	0	1	2155	1	0	2140	other	0
gpl009	610	Picture	60	5459258	0	156	7119	157	0	7000	other	0
gpl009	610	Pulse	199	5460756	1497	0
gpl009	611	Picture	40	5466543	0	1	2653	1	0	2490	other	0
gpl009	612	Picture	50	5469362	0	1	30174	1	0	next	other	0
gpl009	612	Pulse	199	5473256	3894	0
gpl009	612	Pulse	199	5485755	16394	0
gpl009	612	Pulse	199	5498255	28893	0
gpl009	613	Picture	80	5499536	0	1	7129	1	0	7000	other	0
gpl009	614	Picture	40	5506831	0	1	2653	1	0	2490	other	0
gpl009	615	Picture	80	5509650	0	1	7129	1	0	7000	other	0
gpl009	615	Pulse	199	5510755	1105	0
gpl009	616	Picture	40	5516944	0	1	1824	1	0	1780	other	0
gpl009	617	Picture	80	5518934	0	1	7129	1	0	7000	other	0
gpl009	617	Pulse	199	5523255	4321	0
gpl009	618	Picture	40	5526229	0	1	2155	1	0	1990	other	0
gpl009	619	Picture	80	5528550	0	1	7129	1	0	7000	other	0
gpl009	619	Pulse	199	5535755	7205	0
gpl009	620	Picture	40	5535845	0	1	3813	1	0	3660	other	0
gpl009	621	Picture	80	5539824	0	1	7129	1	0	7000	other	0
gpl009	622	Picture	40	5547119	0	1	2984	1	0	2860	other	0
gpl009	622	Pulse	199	5548256	1137	0
gpl009	623	Picture	80	5550269	0	1	7129	1	0	7000	other	0
gpl009	624	Picture	40	5557564	0	1	4476	1	0	4350	other	0
gpl009	624	Pulse	199	5560755	3192	0
gpl009	625	Picture	80	5562206	0	1	7129	1	0	7000	other	0
gpl009	626	Picture	40	5569501	0	1	2819	1	0	2690	other	0
gpl009	627	Picture	80	5572485	0	1	7129	1	0	7000	other	0
gpl009	627	Pulse	199	5573256	770	0
gpl009	628	Picture	40	5579780	0	1	2155	1	0	2130	other	0
gpl009	629	Picture	85	5582101	0	1	7129	1	0	7000	hit	1053
gpl009	629	Response	26	5585745	3644	0
gpl009	629	Pulse	199	5585766	3664	0
gpl009	630	Picture	40	5589396	0	1	2155	1	0	2140	other	0
gpl009	631	Picture	80	5591562	0	156	7119	157	0	7000	other	0
gpl009	631	Pulse	199	5598255	6694	0
gpl009	632	Picture	40	5598846	0	1	3482	1	0	3310	other	0
gpl009	633	Picture	50	5602494	0	1	90192	1	0	next	other	0
gpl009	633	Pulse	199	5610755	8261	0
gpl009	633	Pulse	199	5623255	20761	0
gpl009	633	Pulse	199	5635755	33261	0
gpl009	633	Pulse	199	5648255	45762	0
gpl009	633	Pulse	199	5660755	58261	0
gpl009	633	Pulse	199	5673255	70762	0
gpl009	633	Pulse	199	5685755	83261	0
gpl009	634	Picture	90	5692686	0	1	7129	1	0	7000	other	0
gpl009	634	Pulse	199	5698256	5570	0
gpl009	635	Picture	40	5699980	0	1	3482	1	0	3310	other	0
gpl009	636	Picture	90	5703628	0	1	7129	1	0	7000	other	0
gpl009	636	Pulse	199	5710755	7128	0
gpl009	637	Picture	40	5710923	0	1	2819	1	0	2690	other	0
gpl009	638	Picture	95	5713907	0	1	7129	1	0	7000	hit	1074
gpl009	638	Response	26	5718426	4518	0
gpl009	639	Picture	40	5721202	0	1	2156	1	0	2140	other	0
gpl009	639	Pulse	199	5723255	2053	0
gpl009	640	Picture	90	5723367	0	322	7119	322	0	7000	other	0
gpl009	641	Picture	40	5730652	0	1	2155	1	0	1990	other	0
gpl009	642	Picture	95	5732973	0	1	7129	1	0	7000	hit	1081
gpl009	642	Pulse	199	5735755	2782	0
gpl009	642	Response	26	5737565	4592	0
gpl009	643	Picture	40	5740268	0	1	2984	1	0	2860	other	0
gpl009	644	Picture	90	5743418	0	1	7129	1	0	7000	other	0
gpl009	644	Pulse	199	5748256	4838	0
gpl009	645	Picture	40	5750713	0	1	4476	1	0	4350	other	0
gpl009	646	Picture	90	5755355	0	1	7129	1	0	7000	other	0
gpl009	646	Pulse	199	5760756	5400	0
gpl009	647	Picture	40	5762650	0	1	1824	1	0	1780	other	0
gpl009	648	Picture	90	5764640	0	1	7129	1	0	7000	other	0
gpl009	649	Picture	40	5771935	0	1	3813	1	0	3660	other	0
gpl009	649	Pulse	199	5773256	1321	0
gpl009	650	Picture	90	5775914	0	1	7129	1	0	7000	other	0
gpl009	651	Picture	40	5783209	0	1	2653	1	0	2490	other	0
gpl009	651	Pulse	199	5785756	2547	0
gpl009	652	Picture	90	5786027	0	1	7129	1	0	7000	other	0
gpl009	653	Picture	40	5793322	0	1	2155	1	0	2130	other	0
gpl009	654	Picture	50	5795643	0	1	70131	1	0	next	other	0
gpl009	654	Pulse	199	5798256	2612	0
gpl009	654	Pulse	199	5810756	15112	0
gpl009	654	Pulse	199	5823255	27612	0
gpl009	654	Pulse	199	5835755	40112	0
gpl009	654	Pulse	199	5848255	52612	0
gpl009	654	Pulse	199	5860755	65112	0
gpl009	655	Picture	70	5865774	0	1	7129	1	0	7000	other	0
gpl009	656	Picture	40	5873069	0	1	2155	1	0	2140	other	0
gpl009	656	Pulse	199	5873256	187	0
gpl009	657	Picture	70	5875234	0	322	7119	322	0	7000	other	0
gpl009	658	Picture	40	5882519	0	1	4476	1	0	4350	other	0
gpl009	658	Pulse	199	5885756	3237	0
gpl009	659	Picture	70	5887161	0	1	7129	1	0	7000	other	0
gpl009	660	Picture	40	5894456	0	1	3813	1	0	3660	other	0
gpl009	660	Pulse	199	5898256	3799	0
gpl009	661	Picture	70	5898435	0	1	7129	1	0	7000	other	0
gpl009	662	Picture	40	5905730	0	1	2155	1	0	2130	other	0
gpl009	663	Picture	70	5908051	0	1	7129	1	0	7000	other	0
gpl009	663	Pulse	199	5910756	2704	0
gpl009	664	Picture	40	5915346	0	1	2155	1	0	1990	other	0
gpl009	665	Picture	70	5917667	0	1	7129	1	0	7000	other	0
gpl009	665	Pulse	199	5923265	5598	0
gpl009	666	Picture	40	5924962	0	1	2984	1	0	2860	other	0
gpl009	667	Picture	70	5928112	0	1	7129	1	0	7000	other	0
gpl009	668	Picture	40	5935407	0	1	1824	1	0	1780	other	0
gpl009	668	Pulse	199	5935765	358	0
gpl009	669	Picture	70	5937397	0	1	7129	1	0	7000	other	0
gpl009	670	Picture	40	5944692	0	1	3482	1	0	3310	other	0
gpl009	670	Pulse	199	5948265	3573	0
gpl009	671	Picture	70	5948339	0	1	7129	1	0	7000	other	0
gpl009	672	Picture	40	5955634	0	1	2653	1	0	2490	other	0
gpl009	673	Picture	70	5958453	0	1	7129	1	0	7000	other	0
gpl009	673	Pulse	199	5960765	2312	0
gpl009	674	Picture	40	5965747	0	1	2819	1	0	2690	other	0
gpl009	675	Picture	50	5968732	0	1	50070	1	0	next	other	0
gpl009	675	Pulse	199	5973266	4534	0
gpl009	675	Pulse	199	5985766	17034	0
gpl009	675	Pulse	199	5998266	29534	0
gpl009	675	Pulse	199	6010766	42034	0
gpl009	676	Picture	200	6018801	0	1	260130	1	0	260000	other	0
gpl009	676	Pulse	199	6023266	4464	0
gpl009	676	Pulse	199	6035766	16964	0
gpl009	676	Pulse	199	6048265	29463	0
gpl009	676	Pulse	199	6060765	41963	0
gpl009	676	Pulse	199	6073265	54464	0
gpl009	676	Pulse	199	6085766	66965	0
gpl009	676	Pulse	199	6098265	79464	0
gpl009	676	Pulse	199	6110765	91964	0
gpl009	676	Pulse	199	6123265	104464	0
gpl009	676	Pulse	199	6135765	116964	0
gpl009	676	Pulse	199	6148265	129464	0
gpl009	676	Pulse	199	6160765	141964	0
gpl009	676	Pulse	199	6173265	154463	0
gpl009	676	Pulse	199	6185765	166963	0
gpl009	676	Pulse	199	6198265	179464	0
gpl009	676	Pulse	199	6210765	191964	0
gpl009	676	Pulse	199	6223265	204464	0
gpl009	676	Pulse	199	6235765	216964	0
