Scenario - 
Logfile written - 03/27/2021 12:45:24

Subject	Trial	Event Type	Code	Time	TTime	Uncertainty	Duration	Uncertainty	ReqTime	ReqDur	Stim Type	Pair Index

GPL002	1	Response	20	11651	11485	0
GPL002	2	Picture	start	11771	0	1	718971	243	0	next	other	0
GPL002	2	Response	20	433953	422182	0
GPL002	3	Pulse	199	730742	296789	0
GPL002	3	Picture	100	730742	296789	243	50146	243	0	50000	other	0
GPL002	3	Pulse	199	743241	309288	0
GPL002	3	Pulse	199	755742	321789	0
GPL002	3	Pulse	199	768242	334289	0
GPL002	3	Pulse	199	780742	346789	1
GPL002	4	Picture	90	781054	0	1	7129	1	0	7000	other	0
GPL002	5	Picture	40	788349	0	1	2155	1	0	2130	other	0
GPL002	6	Picture	90	790514	0	156	7119	157	0	7000	other	0
GPL002	6	Pulse	199	793243	2728	0
GPL002	7	Picture	40	797799	0	1	2155	1	0	1990	other	0
GPL002	8	Picture	90	800120	0	1	7129	1	0	7000	other	0
GPL002	8	Pulse	199	805742	5622	0
GPL002	9	Picture	40	807415	0	1	3813	1	0	3660	other	0
GPL002	10	Picture	90	811394	0	1	7129	1	0	7000	other	0
GPL002	10	Pulse	199	818242	6848	0
GPL002	11	Picture	40	818689	0	1	2984	1	0	2860	other	0
GPL002	12	Picture	90	821839	0	1	7129	1	0	7000	other	0
GPL002	13	Picture	40	829134	0	1	3482	1	0	3310	other	0
GPL002	13	Pulse	199	830742	1608	0
GPL002	14	Picture	90	832782	0	1	7129	1	0	7000	other	0
GPL002	15	Picture	40	840076	0	1	2653	1	0	2490	other	0
GPL002	16	Picture	90	842895	0	1	7129	1	0	7000	other	0
GPL002	16	Pulse	199	843242	347	0
GPL002	17	Picture	40	850190	0	1	1824	1	0	1780	other	0
GPL002	18	Picture	90	852179	0	1	7129	1	0	7000	other	0
GPL002	18	Pulse	199	855742	3562	0
GPL002	19	Picture	40	859474	0	1	4476	1	0	4350	other	0
GPL002	20	Picture	90	864117	0	1	7129	1	0	7000	other	0
GPL002	20	Pulse	199	868243	4126	0
GPL002	21	Picture	40	871411	0	1	2155	1	0	2140	other	0
GPL002	22	Picture	90	873577	0	322	7119	322	0	7000	other	0
GPL002	22	Pulse	199	880743	7166	0
GPL002	23	Picture	40	880862	0	1	2819	1	0	2690	other	0
GPL002	24	Picture	50	883846	0	1	30175	1	0	next	other	0
GPL002	24	Pulse	199	893243	9397	0
GPL002	24	Pulse	199	905752	21907	0
GPL002	25	Picture	80	914020	0	1	7129	1	0	7000	other	0
GPL002	25	Pulse	199	918242	4222	0
GPL002	26	Picture	40	921315	0	1	2155	1	0	2140	other	0
GPL002	27	Picture	80	923637	0	1	7129	1	0	7000	other	0
GPL002	27	Pulse	199	930752	7116	0
GPL002	28	Picture	40	930931	0	1	2984	1	0	2860	other	0
GPL002	29	Picture	80	934082	0	1	7129	1	0	7000	other	0
GPL002	30	Picture	40	941376	0	1	2155	1	0	2130	other	0
GPL002	30	Pulse	199	943242	1866	0
GPL002	31	Picture	80	943698	0	1	7129	1	0	7000	other	0
GPL002	32	Picture	40	950992	0	1	4476	1	0	4350	other	0
GPL002	33	Picture	80	955635	0	1	7129	1	0	7000	other	0
GPL002	33	Pulse	199	955752	117	0
GPL002	34	Picture	40	962930	0	1	2653	1	0	2490	other	0
GPL002	35	Picture	80	965748	0	1	7129	1	0	7000	other	0
GPL002	35	Pulse	199	968252	2504	0
GPL002	36	Picture	40	973043	0	1	2819	1	0	2690	other	0
GPL002	37	Picture	80	976027	0	1	7129	1	0	7000	other	0
GPL002	37	Pulse	199	980753	4726	0
GPL002	38	Picture	40	983322	0	1	1824	1	0	1780	other	0
GPL002	39	Picture	80	985312	0	1	7129	1	0	7000	other	0
GPL002	40	Picture	40	992607	0	1	2155	1	0	1990	other	0
GPL002	40	Pulse	199	993253	646	0
GPL002	41	Picture	80	994928	0	1	7129	1	0	7000	other	0
GPL002	42	Picture	40	1002223	0	1	3813	1	0	3660	other	0
GPL002	42	Pulse	199	1005753	3530	0
GPL002	43	Picture	85	1006202	0	1	7129	1	0	7000	hit	68
GPL002	43	Response	25	1010932	4730	0
GPL002	44	Picture	40	1013497	0	1	3482	1	0	3310	other	0
GPL002	45	Picture	50	1017144	0	1	50070	1	0	next	other	0
GPL002	45	Pulse	199	1018253	1109	0
GPL002	45	Pulse	199	1030753	13608	0
GPL002	45	Pulse	199	1043253	26109	0
GPL002	45	Pulse	199	1055752	38608	0
GPL002	46	Picture	70	1067214	0	1	7129	1	0	7000	other	0
GPL002	46	Pulse	199	1068252	1039	0
GPL002	47	Picture	40	1074509	0	1	2984	1	0	2860	other	0
GPL002	48	Picture	70	1077659	0	1	7129	1	0	7000	other	0
GPL002	48	Pulse	199	1080752	3093	0
GPL002	49	Picture	40	1084954	0	1	4476	1	0	4350	other	0
GPL002	50	Picture	70	1089596	0	1	7129	1	0	7000	other	0
GPL002	50	Pulse	199	1093253	3657	0
GPL002	51	Picture	40	1096891	0	1	2818	1	0	2690	other	0
GPL002	52	Picture	70	1099875	0	1	7129	1	0	7000	other	0
GPL002	52	Pulse	199	1105753	5878	0
GPL002	53	Picture	40	1107170	0	1	2653	1	0	2490	other	0
GPL002	54	Picture	70	1109989	0	1	7129	1	0	7000	other	0
GPL002	55	Picture	40	1117284	0	1	2155	1	0	1990	other	0
GPL002	55	Pulse	199	1118253	969	0
GPL002	56	Picture	70	1119605	0	1	7129	1	0	7000	other	0
GPL002	57	Picture	40	1126900	0	1	2155	1	0	2130	other	0
GPL002	58	Picture	70	1129221	0	1	7129	1	0	7000	other	0
GPL002	58	Pulse	199	1130753	1532	0
GPL002	59	Picture	40	1136516	0	1	3482	1	0	3310	other	0
GPL002	60	Picture	70	1140163	0	1	7129	1	0	7000	other	0
GPL002	60	Pulse	199	1143253	3090	0
GPL002	61	Picture	40	1147458	0	1	3813	1	0	3660	other	0
GPL002	62	Picture	75	1151437	0	1	7129	1	0	7000	miss	0
GPL002	62	Pulse	199	1155753	4316	0
GPL002	63	Picture	40	1158732	0	1	1824	1	0	1780	false_alarm	101
GPL002	63	Response	20	1159773	1041	0
GPL002	64	Picture	70	1160721	0	1	7129	1	0	7000	other	0
GPL002	65	Picture	40	1168016	0	1	2155	1	0	2140	other	0
GPL002	65	Pulse	199	1168253	236	0
GPL002	66	Picture	50	1170338	0	1	70131	1	0	next	other	0
GPL002	66	Pulse	199	1180752	10415	0
GPL002	66	Pulse	199	1193253	22915	0
GPL002	66	Pulse	199	1205753	35415	0
GPL002	66	Pulse	199	1218253	47915	0
GPL002	66	Pulse	199	1230753	60415	0
GPL002	67	Picture	60	1240468	0	1	7129	1	0	7000	other	0
GPL002	67	Pulse	199	1243253	2785	0
GPL002	68	Picture	40	1247763	0	1	3813	1	0	3660	other	0
GPL002	69	Picture	60	1251742	0	1	7129	1	0	7000	other	0
GPL002	69	Pulse	199	1255753	4011	0
GPL002	70	Picture	40	1259037	0	1	1824	1	0	1780	other	0
GPL002	71	Picture	60	1261027	0	1	7129	1	0	7000	other	0
GPL002	71	Pulse	199	1268253	7226	0
GPL002	72	Picture	40	1268322	0	1	3482	1	0	3310	other	0
GPL002	73	Picture	65	1271969	0	1	7129	1	0	7000	hit	121
GPL002	73	Response	25	1277103	5134	0
GPL002	74	Picture	40	1279264	0	1	2155	1	0	1990	other	0
GPL002	74	Pulse	199	1280752	1488	0
GPL002	75	Picture	60	1281585	0	1	7129	1	0	7000	other	0
GPL002	76	Picture	40	1288880	0	1	2819	1	0	2690	other	0
GPL002	77	Picture	65	1291864	0	1	7129	1	0	7000	hit	128
GPL002	77	Pulse	199	1293252	1388	0
GPL002	77	Response	25	1296053	4189	0
GPL002	78	Picture	40	1299159	0	1	2155	1	0	2130	other	0
GPL002	79	Picture	60	1301480	0	1	7129	1	0	7000	other	0
GPL002	79	Pulse	199	1305752	4272	0
GPL002	80	Picture	40	1308775	0	1	2155	1	0	2140	other	0
GPL002	81	Picture	60	1310941	0	322	7119	322	0	7000	other	0
GPL002	82	Picture	40	1318226	0	1	2984	1	0	2860	other	0
GPL002	82	Pulse	199	1318253	28	0
GPL002	83	Picture	60	1321376	0	1	7129	1	0	7000	other	0
GPL002	84	Picture	40	1328671	0	1	4476	1	0	4350	other	0
GPL002	84	Pulse	199	1330753	2083	0
GPL002	85	Picture	60	1333313	0	1	7129	1	0	7000	other	0
GPL002	86	Picture	40	1340608	0	1	2653	1	0	2490	other	0
GPL002	86	Pulse	199	1343253	2645	1
GPL002	87	Picture	50	1343426	0	1	90192	1	0	next	other	0
GPL002	87	Pulse	199	1355753	12327	0
GPL002	87	Pulse	199	1368253	24827	0
GPL002	87	Pulse	199	1380753	37327	0
GPL002	87	Pulse	199	1393253	49826	0
GPL002	87	Pulse	199	1405752	62326	0
GPL002	87	Pulse	199	1418253	74826	0
GPL002	87	Pulse	199	1430753	87327	0
GPL002	88	Picture	90	1433618	0	1	7129	1	0	7000	other	0
GPL002	89	Picture	40	1440913	0	1	4477	1	0	4350	other	0
GPL002	89	Pulse	199	1443253	2341	0
GPL002	90	Picture	90	1445555	0	1	7129	1	0	7000	other	0
GPL002	91	Picture	40	1452850	0	1	2155	1	0	2140	other	0
GPL002	92	Picture	90	1455015	0	322	7119	322	0	7000	other	0
GPL002	92	Pulse	199	1455753	738	0
GPL002	93	Picture	40	1462300	0	1	1824	1	0	1780	other	0
GPL002	94	Picture	90	1464290	0	1	7129	1	0	7000	other	0
GPL002	94	Pulse	199	1468253	3963	0
GPL002	95	Picture	40	1471585	0	1	2155	1	0	1990	other	0
GPL002	96	Picture	90	1473906	0	1	7129	1	0	7000	other	0
GPL002	96	Pulse	199	1480753	6847	0
GPL002	97	Picture	40	1481201	0	1	3482	1	0	3310	other	0
GPL002	98	Picture	90	1484848	0	1	7129	1	0	7000	other	0
GPL002	99	Picture	40	1492143	0	1	2653	1	0	2490	other	0
GPL002	99	Pulse	199	1493253	1110	0
GPL002	100	Picture	95	1494962	0	1	7129	1	0	7000	hit	168
GPL002	100	Response	25	1499643	4682	0
GPL002	101	Picture	40	1502257	0	1	2155	1	0	2130	other	0
GPL002	102	Picture	90	1504578	0	1	7129	1	0	7000	other	0
GPL002	102	Pulse	199	1505753	1175	0
GPL002	103	Picture	40	1511873	0	1	2984	1	0	2860	other	0
GPL002	104	Picture	90	1515023	0	1	7129	1	0	7000	other	0
GPL002	104	Pulse	199	1518253	3230	0
GPL002	105	Picture	40	1522318	0	1	3813	1	0	3660	other	0
GPL002	106	Picture	90	1526297	0	1	7129	1	0	7000	other	0
GPL002	106	Pulse	199	1530753	4456	0
GPL002	107	Picture	40	1533592	0	1	2818	1	0	2690	other	0
GPL002	108	Picture	50	1536576	0	1	90192	1	0	next	other	0
GPL002	108	Pulse	199	1543253	6678	0
GPL002	108	Pulse	199	1555753	19177	0
GPL002	108	Pulse	199	1568253	31677	0
GPL002	108	Pulse	199	1580753	44177	0
GPL002	108	Pulse	199	1593253	56677	0
GPL002	108	Pulse	199	1605753	69178	0
GPL002	108	Pulse	199	1618253	81677	0
GPL002	109	Picture	80	1626768	0	1	7129	1	0	7000	other	0
GPL002	109	Pulse	199	1630753	3985	0
GPL002	110	Picture	40	1634063	0	1	1824	1	0	1780	other	0
GPL002	111	Picture	80	1636052	0	1	7129	1	0	7000	other	0
GPL002	111	Pulse	199	1643253	7201	0
GPL002	112	Picture	40	1643347	0	1	2155	1	0	1990	other	0
GPL002	113	Picture	85	1645668	0	1	7129	1	0	7000	hit	194
GPL002	113	Response	25	1651474	5805	0
GPL002	114	Picture	40	1652963	0	1	2984	1	0	2860	other	0
GPL002	114	Pulse	199	1655754	2791	0
GPL002	115	Picture	80	1656113	0	1	7129	1	0	7000	other	0
GPL002	116	Picture	40	1663408	0	1	2155	1	0	2140	other	0
GPL002	117	Picture	80	1665573	0	322	7119	322	0	7000	other	0
GPL002	117	Pulse	199	1668253	2680	0
GPL002	118	Picture	40	1672858	0	1	2653	1	0	2490	other	0
GPL002	119	Picture	80	1675677	0	1	7129	1	0	7000	other	0
GPL002	119	Pulse	199	1680754	5077	0
GPL002	120	Picture	40	1682972	0	1	3482	1	0	3310	other	0
GPL002	121	Picture	80	1686619	0	1	7129	1	0	7000	other	0
GPL002	121	Pulse	199	1693253	6634	0
GPL002	122	Picture	40	1693914	0	1	2155	1	0	2130	other	0
GPL002	123	Picture	80	1696235	0	1	7129	1	0	7000	other	0
GPL002	124	Picture	40	1703530	0	1	4476	1	0	4350	other	0
GPL002	124	Pulse	199	1705754	2224	0
GPL002	125	Picture	80	1708172	0	1	7129	1	0	7000	other	0
GPL002	126	Picture	40	1715467	0	1	2818	1	0	2690	other	0
GPL002	126	Pulse	199	1718254	2786	0
GPL002	127	Picture	80	1718451	0	1	7129	1	0	7000	other	0
GPL002	128	Picture	40	1725746	0	1	3813	1	0	3660	other	0
GPL002	129	Picture	50	1729725	0	1	70131	1	0	next	other	0
GPL002	129	Pulse	199	1730753	1028	0
GPL002	129	Pulse	199	1743253	13527	0
GPL002	129	Pulse	199	1755753	26028	0
GPL002	129	Pulse	199	1768253	38528	0
GPL002	129	Pulse	199	1780754	51028	0
GPL002	129	Pulse	199	1793254	63528	0
GPL002	130	Picture	70	1799856	0	1	7129	1	0	7000	other	0
GPL002	130	Pulse	199	1805754	5898	0
GPL002	131	Picture	40	1807151	0	1	2653	1	0	2490	other	0
GPL002	132	Picture	70	1809970	0	1	7129	1	0	7000	other	0
GPL002	133	Picture	40	1817265	0	1	1824	1	0	1780	other	0
GPL002	133	Pulse	199	1818253	989	0
GPL002	134	Picture	75	1819254	0	1	7129	1	0	7000	hit	230
GPL002	134	Response	25	1823554	4300	0
GPL002	135	Picture	40	1826549	0	1	2984	1	0	2860	other	0
GPL002	136	Picture	70	1829699	0	1	7129	1	0	7000	other	0
GPL002	136	Pulse	199	1830754	1055	0
GPL002	137	Picture	40	1836994	0	1	2819	1	0	2690	other	0
GPL002	138	Picture	70	1839978	0	1	7129	1	0	7000	other	0
GPL002	138	Pulse	199	1843253	3275	0
GPL002	139	Picture	40	1847273	0	1	3482	1	0	3310	other	0
GPL002	140	Picture	70	1850921	0	1	7129	1	0	7000	other	0
GPL002	140	Pulse	199	1855753	4833	0
GPL002	141	Picture	40	1858216	0	1	4476	1	0	4350	other	0
GPL002	142	Picture	70	1862858	0	1	7129	1	0	7000	other	0
GPL002	142	Pulse	199	1868253	5396	0
GPL002	143	Picture	40	1870153	0	1	3813	1	0	3660	other	0
GPL002	144	Picture	70	1874132	0	1	7129	1	0	7000	other	0
GPL002	144	Pulse	199	1880754	6622	0
GPL002	145	Picture	40	1881427	0	1	2155	1	0	2140	other	0
GPL002	146	Picture	75	1883748	0	1	7129	1	0	7000	hit	248
GPL002	146	Response	25	1889224	5476	0
GPL002	147	Picture	40	1891043	0	1	2155	1	0	1990	other	0
GPL002	147	Pulse	199	1893254	2212	0
GPL002	148	Picture	70	1893364	0	1	7129	1	0	7000	other	0
GPL002	149	Picture	40	1900659	0	1	2155	1	0	2130	other	0
GPL002	150	Picture	50	1902980	0	1	50070	1	0	next	other	0
GPL002	150	Pulse	199	1905754	2774	0
GPL002	150	Pulse	199	1918254	15274	0
GPL002	150	Pulse	199	1930754	27774	0
GPL002	150	Pulse	199	1943254	40274	0
GPL002	151	Picture	60	1953050	0	1	7129	1	0	7000	other	0
GPL002	151	Pulse	199	1955754	2704	0
GPL002	152	Picture	40	1960344	0	1	1824	1	0	1780	other	0
GPL002	153	Picture	60	1962334	0	1	7129	1	0	7000	other	0
GPL002	153	Pulse	199	1968254	5920	0
GPL002	154	Picture	40	1969629	0	1	2155	1	0	2130	other	0
GPL002	155	Picture	60	1971950	0	1	7129	1	0	7000	other	0
GPL002	156	Picture	40	1979245	0	1	2155	1	0	2140	other	0
GPL002	156	Pulse	199	1980754	1509	0
GPL002	157	Picture	60	1981566	0	1	7129	1	0	7000	other	0
GPL002	158	Picture	40	1988861	0	1	2653	1	0	2490	other	0
GPL002	159	Picture	60	1991680	0	1	7129	1	0	7000	other	0
GPL002	159	Pulse	199	1993254	1575	0
GPL002	160	Picture	40	1998974	0	1	2155	1	0	1990	other	0
GPL002	161	Picture	60	2001296	0	1	7129	1	0	7000	other	0
GPL002	161	Pulse	199	2005754	4459	0
GPL002	162	Picture	40	2008591	0	1	3813	1	0	3660	other	0
GPL002	163	Picture	60	2012570	0	1	7129	1	0	7000	other	0
GPL002	163	Pulse	199	2018254	5685	0
GPL002	164	Picture	40	2019864	0	1	4476	1	0	4350	other	0
GPL002	165	Picture	60	2024507	0	1	7129	1	0	7000	other	0
GPL002	165	Pulse	199	2030754	6248	0
GPL002	166	Picture	40	2031802	0	1	2818	1	0	2690	other	0
GPL002	167	Picture	60	2034786	0	1	7129	1	0	7000	other	0
GPL002	168	Picture	40	2042081	0	1	3482	1	0	3310	other	0
GPL002	168	Pulse	199	2043254	1174	0
GPL002	169	Picture	60	2045728	0	1	7129	1	0	7000	other	0
GPL002	170	Picture	40	2053023	0	1	2984	1	0	2860	other	0
GPL002	170	Pulse	199	2055754	2731	0
GPL002	171	Picture	50	2056173	0	1	30175	1	0	next	other	0
GPL002	171	Pulse	199	2068254	12081	0
GPL002	171	Pulse	199	2080754	24580	0
GPL002	172	Picture	90	2086348	0	1	7129	1	0	7000	other	0
GPL002	172	Pulse	199	2093254	6906	0
GPL002	173	Picture	40	2093643	0	1	3813	1	0	3660	other	0
GPL002	174	Picture	90	2097622	0	1	7129	1	0	7000	other	0
GPL002	175	Picture	40	2104917	0	1	2155	1	0	1990	other	0
GPL002	175	Pulse	199	2105754	838	0
GPL002	176	Picture	90	2107238	0	1	7129	1	0	7000	other	0
GPL002	177	Picture	40	2114533	0	1	3482	1	0	3310	other	0
GPL002	178	Picture	95	2118180	0	1	7129	1	0	7000	hit	300
GPL002	178	Pulse	199	2118254	74	0
GPL002	178	Response	25	2123164	4984	0
GPL002	179	Picture	40	2125475	0	1	1824	1	0	1780	other	0
GPL002	180	Picture	90	2127465	0	1	7129	1	0	7000	other	0
GPL002	180	Pulse	199	2130754	3290	0
GPL002	181	Picture	40	2134760	0	1	2984	1	0	2860	other	0
GPL002	182	Picture	90	2137910	0	1	7129	1	0	7000	other	0
GPL002	182	Pulse	199	2143254	5345	0
GPL002	183	Picture	40	2145205	0	1	2155	1	0	2140	other	0
GPL002	184	Picture	90	2147370	0	156	7119	157	0	7000	other	0
GPL002	185	Picture	40	2154655	0	1	2653	1	0	2490	other	0
GPL002	185	Pulse	199	2155754	1099	0
GPL002	186	Picture	90	2157473	0	1	7129	1	0	7000	other	0
GPL002	187	Picture	40	2164768	0	1	4476	1	0	4350	other	0
GPL002	187	Pulse	199	2168255	3486	0
GPL002	188	Picture	90	2169410	0	1	7129	1	0	7000	other	0
GPL002	189	Picture	40	2176705	0	1	2819	1	0	2690	other	0
GPL002	190	Picture	90	2179690	0	1	7129	1	0	7000	other	0
GPL002	190	Pulse	199	2180754	1064	0
GPL002	191	Picture	40	2186984	0	1	2155	1	0	2130	other	0
GPL002	192	Picture	50	2189306	0	1	70131	1	0	next	other	0
GPL002	192	Pulse	199	2193254	3948	0
GPL002	192	Pulse	199	2205754	16448	0
GPL002	192	Pulse	199	2218254	28949	0
GPL002	192	Pulse	199	2230754	41449	0
GPL002	192	Pulse	199	2243254	53949	0
GPL002	192	Pulse	199	2255754	66449	0
GPL002	193	Picture	80	2259436	0	1	7129	1	0	7000	other	0
GPL002	194	Picture	40	2266731	0	1	3482	1	0	3310	other	0
GPL002	194	Pulse	199	2268255	1523	0
GPL002	195	Picture	80	2270379	0	1	7129	1	0	7000	other	0
GPL002	196	Picture	40	2277674	0	1	1824	1	0	1780	other	0
GPL002	197	Picture	80	2279663	0	1	7129	1	0	7000	other	0
GPL002	197	Pulse	199	2280754	1091	0
GPL002	198	Picture	40	2286958	0	1	2818	1	0	2690	other	0
GPL002	199	Picture	85	2289942	0	1	7129	1	0	7000	hit	336
GPL002	199	Pulse	199	2293254	3311	0
GPL002	199	Response	25	2294624	4682	0
GPL002	200	Picture	40	2297237	0	1	2653	1	0	2490	other	0
GPL002	201	Picture	80	2300056	0	1	7129	1	0	7000	other	0
GPL002	201	Pulse	199	2305754	5698	0
GPL002	202	Picture	40	2307351	0	1	3813	1	0	3660	other	0
GPL002	203	Picture	80	2311330	0	1	7129	1	0	7000	other	0
GPL002	203	Pulse	199	2318254	6924	0
GPL002	204	Picture	40	2318625	0	1	2155	1	0	2140	other	0
GPL002	205	Picture	85	2320790	0	322	7119	322	0	7000	hit	345
GPL002	205	Response	25	2326525	5735	0
GPL002	206	Picture	40	2328075	0	1	2984	1	0	2860	other	0
GPL002	206	Pulse	199	2330754	2679	0
GPL002	207	Picture	80	2331225	0	1	7129	1	0	7000	other	0
GPL002	208	Picture	40	2338520	0	1	4476	1	0	4350	other	0
GPL002	209	Picture	80	2343162	0	1	7129	1	0	7000	other	0
GPL002	209	Pulse	199	2343255	93	0
GPL002	210	Picture	40	2350457	0	1	2155	1	0	2130	other	0
GPL002	211	Picture	80	2352778	0	1	7129	1	0	7000	other	0
GPL002	211	Pulse	199	2355754	2976	0
GPL002	212	Picture	40	2360073	0	1	2155	1	0	1990	other	0
GPL002	213	Picture	50	2362394	0	1	30174	1	0	next	other	0
GPL002	213	Pulse	199	2368255	5861	0
GPL002	213	Pulse	199	2380755	18361	0
GPL002	214	Picture	70	2392569	0	1	7129	1	0	7000	other	0
GPL002	214	Pulse	199	2393255	686	0
GPL002	215	Picture	40	2399864	0	1	2155	1	0	2140	other	0
GPL002	216	Picture	70	2402185	0	1	7129	1	0	7000	other	0
GPL002	216	Pulse	199	2405754	3569	0
GPL002	217	Picture	40	2409480	0	1	3813	1	0	3660	other	0
GPL002	218	Picture	70	2413459	0	1	7129	1	0	7000	other	0
GPL002	218	Pulse	199	2418254	4795	0
GPL002	219	Picture	40	2420754	0	1	1824	1	0	1780	other	0
GPL002	220	Picture	70	2422743	0	1	7129	1	0	7000	other	0
GPL002	221	Picture	40	2430038	0	1	2984	1	0	2860	other	0
GPL002	221	Pulse	199	2430755	717	0
GPL002	222	Picture	70	2433188	0	1	7129	1	0	7000	other	0
GPL002	223	Picture	40	2440483	0	1	2155	1	0	2130	other	0
GPL002	224	Picture	70	2442804	0	1	7129	1	0	7000	other	0
GPL002	224	Pulse	199	2443255	451	0
GPL002	225	Picture	40	2450099	0	1	2155	1	0	1990	other	0
GPL002	226	Picture	70	2452420	0	1	7129	1	0	7000	other	0
GPL002	226	Pulse	199	2455755	3335	0
GPL002	227	Picture	40	2459715	0	1	2819	1	0	2690	other	0
GPL002	228	Picture	70	2462699	0	1	7129	1	0	7000	other	0
GPL002	228	Pulse	199	2468255	5555	0
GPL002	229	Picture	40	2469994	0	1	3482	1	0	3310	other	0
GPL002	230	Picture	70	2473642	0	1	7129	1	0	7000	other	0
GPL002	230	Pulse	199	2480755	7113	0
GPL002	231	Picture	40	2480937	0	1	4476	1	0	4350	other	0
GPL002	232	Picture	70	2485579	0	1	7129	1	0	7000	other	0
GPL002	233	Picture	40	2492874	0	1	2653	1	0	2490	other	0
GPL002	233	Pulse	199	2493255	381	0
GPL002	234	Picture	50	2495692	0	1	90192	1	0	next	other	0
GPL002	234	Pulse	199	2505755	10062	0
GPL002	234	Pulse	199	2518254	22562	0
GPL002	234	Pulse	199	2530754	35062	0
GPL002	234	Pulse	199	2543254	47562	0
GPL002	234	Pulse	199	2555755	60062	0
GPL002	234	Pulse	199	2568255	72562	0
GPL002	234	Pulse	199	2580755	85063	0
GPL002	235	Picture	60	2585884	0	1	7129	1	0	7000	other	0
GPL002	236	Picture	40	2593179	0	1	3482	1	0	3310	other	0
GPL002	236	Pulse	199	2593255	76	0
GPL002	237	Picture	60	2596827	0	1	7129	1	0	7000	other	0
GPL002	238	Picture	40	2604121	0	1	3813	1	0	3660	other	0
GPL002	238	Pulse	199	2605755	1634	0
GPL002	239	Picture	60	2608101	0	1	7129	1	0	7000	other	0
GPL002	240	Picture	40	2615395	0	1	2984	1	0	2860	other	0
GPL002	240	Pulse	199	2618255	2860	0
GPL002	241	Picture	60	2618546	0	1	7129	1	0	7000	other	0
GPL002	242	Picture	40	2625840	0	1	2155	1	0	1990	other	0
GPL002	243	Picture	60	2628162	0	1	7129	1	0	7000	other	0
GPL002	243	Pulse	199	2630765	2603	0
GPL002	244	Picture	40	2635456	0	1	2155	1	0	2140	other	0
GPL002	245	Picture	60	2637622	0	156	7119	157	0	7000	other	0
GPL002	245	Pulse	199	2643255	5633	0
GPL002	246	Picture	40	2644907	0	1	1824	1	0	1780	other	0
GPL002	247	Picture	65	2646896	0	1	7129	1	0	7000	hit	414
GPL002	247	Response	25	2651575	4679	0
GPL002	248	Picture	40	2654191	0	1	2653	1	0	2490	other	0
GPL002	248	Pulse	199	2655755	1564	0
GPL002	249	Picture	60	2657010	0	1	7129	1	0	7000	other	0
GPL002	250	Picture	40	2664305	0	1	2818	1	0	2690	other	0
GPL002	251	Picture	60	2667289	0	1	7129	1	0	7000	other	0
GPL002	251	Pulse	199	2668255	966	0
GPL002	252	Picture	40	2674584	0	1	2155	1	0	2130	other	0
GPL002	253	Picture	60	2676905	0	1	7129	1	0	7000	other	0
GPL002	253	Pulse	199	2680765	3860	0
GPL002	254	Picture	40	2684200	0	1	4476	1	0	4350	other	0
GPL002	255	Picture	50	2688842	0	1	50070	1	0	next	other	0
GPL002	255	Pulse	199	2693265	4423	0
GPL002	255	Pulse	199	2705765	16923	0
GPL002	255	Pulse	199	2718265	29423	0
GPL002	255	Pulse	199	2730765	41923	0
GPL002	256	Picture	90	2738912	0	1	7129	1	0	7000	other	0
GPL002	256	Pulse	199	2743265	4353	0
GPL002	257	Picture	40	2746207	0	1	2653	1	0	2490	other	0
GPL002	258	Picture	90	2749025	0	1	7129	1	0	7000	other	0
GPL002	258	Pulse	199	2755765	6739	0
GPL002	259	Picture	40	2756320	0	1	4476	1	0	4350	other	0
GPL002	260	Picture	90	2760962	0	1	7129	1	0	7000	other	0
GPL002	261	Picture	40	2768257	0	1	3482	1	0	3310	other	0
GPL002	261	Pulse	199	2768265	8	0
GPL002	262	Picture	95	2771905	0	1	7129	1	0	7000	hit	440
GPL002	262	Response	25	2775946	4041	0
GPL002	263	Picture	40	2779200	0	1	3813	1	0	3660	other	0
GPL002	263	Pulse	199	2780765	1566	0
GPL002	264	Picture	90	2783179	0	1	7129	1	0	7000	other	0
GPL002	265	Picture	40	2790474	0	1	2155	1	0	1990	other	0
GPL002	266	Picture	90	2792795	0	1	7129	1	0	7000	other	0
GPL002	266	Pulse	199	2793266	471	0
GPL002	267	Picture	40	2800090	0	1	2155	1	0	2130	other	0
GPL002	268	Picture	95	2802411	0	1	7129	1	0	7000	hit	450
GPL002	268	Pulse	199	2805765	3355	0
GPL002	268	Response	25	2807295	4884	0
GPL002	269	Picture	40	2809706	0	1	2984	1	0	2860	other	0
GPL002	270	Picture	90	2812856	0	1	7129	1	0	7000	other	0
GPL002	270	Pulse	199	2818265	5410	0
GPL002	271	Picture	40	2820151	0	1	2155	1	0	2140	other	0
GPL002	272	Picture	90	2822316	0	322	7119	322	0	7000	other	0
GPL002	273	Picture	40	2829601	0	1	2818	1	0	2690	other	0
GPL002	273	Pulse	199	2830766	1165	0
GPL002	274	Picture	90	2832585	0	1	7129	1	0	7000	other	0
GPL002	275	Picture	40	2839880	0	1	1824	1	0	1780	other	0
GPL002	276	Picture	50	2841870	0	1	50070	1	0	next	other	0
GPL002	276	Pulse	199	2843265	1395	0
GPL002	276	Pulse	199	2855765	13895	0
GPL002	276	Pulse	199	2868265	26396	0
GPL002	276	Pulse	199	2880765	38896	0
GPL002	277	Picture	80	2891939	0	1	7129	1	0	7000	other	0
GPL002	277	Pulse	199	2893266	1326	0
GPL002	278	Picture	40	2899234	0	1	2653	1	0	2490	other	0
GPL002	279	Picture	80	2902053	0	1	7129	1	0	7000	other	0
GPL002	279	Pulse	199	2905766	3713	0
GPL002	280	Picture	40	2909348	0	1	2984	1	0	2860	other	0
GPL002	281	Picture	80	2912498	0	1	7129	1	0	7000	other	0
GPL002	281	Pulse	199	2918266	5768	0
GPL002	282	Picture	40	2919793	0	1	3813	1	0	3660	other	0
GPL002	283	Picture	80	2923772	0	1	7129	1	0	7000	other	0
GPL002	283	Pulse	199	2930765	6994	0
GPL002	284	Picture	40	2931066	0	1	3482	1	0	3310	other	0
GPL002	285	Picture	80	2934714	0	1	7129	1	0	7000	other	0
GPL002	286	Picture	40	2942009	0	1	2155	1	0	2140	other	0
GPL002	286	Pulse	199	2943266	1257	0
GPL002	287	Picture	80	2944174	0	322	7119	322	0	7000	other	0
GPL002	288	Picture	40	2951459	0	1	2155	1	0	1990	other	0
GPL002	289	Picture	80	2953780	0	1	7129	1	0	7000	other	0
GPL002	289	Pulse	199	2955765	1985	0
GPL002	290	Picture	40	2961075	0	1	2819	1	0	2690	other	0
GPL002	291	Picture	80	2964060	0	1	7129	1	0	7000	other	0
GPL002	291	Pulse	199	2968265	4205	0
GPL002	292	Picture	40	2971354	0	1	2155	1	0	2130	other	0
GPL002	293	Picture	80	2973676	0	1	7129	1	0	7000	other	0
GPL002	293	Pulse	199	2980765	7089	0
GPL002	294	Picture	40	2980971	0	1	1824	1	0	1780	other	0
GPL002	295	Picture	80	2982960	0	1	7129	1	0	7000	other	0
GPL002	296	Picture	40	2990255	0	1	4476	1	0	4350	other	0
GPL002	296	Pulse	199	2993266	3011	0
GPL002	297	Picture	50	2994897	0	1	90192	1	0	next	other	0
GPL002	297	Pulse	199	3005766	10868	0
GPL002	297	Pulse	199	3018266	23368	0
GPL002	297	Pulse	199	3030765	35868	0
GPL002	297	Pulse	199	3043266	48368	0
GPL002	297	Pulse	199	3055765	60868	0
GPL002	297	Pulse	199	3068265	73368	0
GPL002	297	Pulse	199	3080765	85868	0
GPL002	298	Picture	70	3085089	0	1	7129	1	0	7000	other	0
GPL002	299	Picture	40	3092384	0	1	2155	1	0	2140	other	0
GPL002	299	Pulse	199	3093265	882	0
GPL002	300	Picture	70	3094549	0	322	7119	322	0	7000	other	0
GPL002	301	Picture	40	3101834	0	1	3482	1	0	3310	other	0
GPL002	302	Picture	70	3105482	0	1	7129	1	0	7000	other	0
GPL002	302	Pulse	199	3105766	284	0
GPL002	303	Picture	40	3112777	0	1	2984	1	0	2860	other	0
GPL002	304	Picture	70	3115927	0	1	7129	1	0	7000	other	0
GPL002	304	Pulse	199	3118266	2339	0
GPL002	305	Picture	40	3123222	0	1	2155	1	0	2130	other	0
GPL002	306	Picture	70	3125543	0	1	7129	1	0	7000	other	0
GPL002	306	Pulse	199	3130766	5223	0
GPL002	307	Picture	40	3132838	0	1	2819	1	0	2690	other	0
GPL002	308	Picture	70	3135822	0	1	7129	1	0	7000	other	0
GPL002	309	Picture	40	3143117	0	1	4476	1	0	4350	other	0
GPL002	309	Pulse	199	3143266	149	0
GPL002	310	Picture	70	3147759	0	1	7129	1	0	7000	other	0
GPL002	311	Picture	40	3155054	0	1	1824	1	0	1780	other	0
GPL002	311	Pulse	199	3155766	712	0
GPL002	312	Picture	75	3157043	0	1	7129	1	0	7000	hit	523
GPL002	312	Response	25	3161506	4462	0
GPL002	313	Picture	40	3164338	0	1	2155	1	0	1990	other	0
GPL002	314	Picture	70	3166659	0	1	7129	1	0	7000	other	0
GPL002	314	Pulse	199	3168266	1607	0
GPL002	315	Picture	40	3173954	0	1	2653	1	0	2490	other	0
GPL002	316	Picture	70	3176773	0	1	7129	1	0	7000	other	0
GPL002	316	Pulse	199	3180766	3993	0
GPL002	317	Picture	40	3184068	0	1	3813	1	0	3660	other	0
GPL002	318	Picture	50	3188047	0	1	30174	1	0	next	other	0
GPL002	318	Pulse	199	3193265	5219	0
GPL002	318	Pulse	199	3205765	17718	0
GPL002	319	Picture	60	3218221	0	1	7129	1	0	7000	other	0
GPL002	319	Pulse	199	3218266	44	0
GPL002	320	Picture	40	3225516	0	1	2653	1	0	2490	other	0
GPL002	321	Picture	60	3228335	0	1	7129	1	0	7000	other	0
GPL002	321	Pulse	199	3230766	2431	0
GPL002	322	Picture	40	3235630	0	1	2155	1	0	2140	other	0
GPL002	323	Picture	60	3237795	0	322	7119	322	0	7000	other	0
GPL002	323	Pulse	199	3243266	5471	0
GPL002	324	Picture	40	3245080	0	1	3482	1	0	3310	other	0
GPL002	325	Picture	60	3248727	0	1	7129	1	0	7000	other	0
GPL002	325	Pulse	199	3255766	7039	0
GPL002	326	Picture	40	3256022	0	1	2155	1	0	1990	other	0
GPL002	327	Picture	60	3258343	0	1	7129	1	0	7000	other	0
GPL002	328	Picture	40	3265638	0	1	1824	1	0	1780	other	0
GPL002	329	Picture	60	3267628	0	1	7129	1	0	7000	other	0
GPL002	329	Pulse	199	3268266	638	0
GPL002	330	Picture	40	3274923	0	1	2984	1	0	2860	other	0
GPL002	331	Picture	60	3278073	0	1	7129	1	0	7000	other	0
GPL002	331	Pulse	199	3280766	2694	0
GPL002	332	Picture	40	3285368	0	1	2818	1	0	2690	other	0
GPL002	333	Picture	65	3288352	0	1	7129	1	0	7000	hit	555
GPL002	333	Response	25	3293166	4814	0
GPL002	333	Pulse	199	3293266	4913	0
GPL002	334	Picture	40	3295647	0	1	2155	1	0	2130	other	0
GPL002	335	Picture	60	3297968	0	1	7129	1	0	7000	other	0
GPL002	336	Picture	40	3305263	0	1	3813	1	0	3660	other	0
GPL002	336	Pulse	199	3305766	503	0
GPL002	337	Picture	60	3309242	0	1	7129	1	0	7000	other	0
GPL002	338	Picture	40	3316537	0	1	4476	2	0	4350	other	0
GPL002	338	Pulse	199	3318266	1729	0
GPL002	339	Picture	50	3321179	0	1	70131	1	0	next	other	0
GPL002	339	Pulse	199	3330766	9587	0
GPL002	339	Pulse	199	3343266	22087	0
GPL002	339	Pulse	199	3355766	34587	0
GPL002	339	Pulse	199	3368266	47087	0
GPL002	339	Pulse	199	3380766	59587	0
GPL002	340	Picture	90	3391310	0	1	7129	1	0	7000	other	0
GPL002	340	Pulse	199	3393266	1957	0
GPL002	341	Picture	40	3398605	0	1	4476	1	0	4350	other	0
GPL002	342	Picture	90	3403247	0	1	7129	1	0	7000	other	0
GPL002	342	Pulse	199	3405766	2519	0
GPL002	343	Picture	40	3410542	0	1	2984	1	0	2860	other	0
GPL002	344	Picture	90	3413692	0	1	7129	1	0	7000	other	0
GPL002	344	Pulse	199	3418265	4573	0
GPL002	345	Picture	40	3420987	0	1	2155	1	0	2130	other	0
GPL002	346	Picture	90	3423308	0	1	7129	1	0	7000	other	0
GPL002	347	Picture	40	3430603	0	1	3482	1	0	3310	other	0
GPL002	347	Pulse	199	3430766	162	0
GPL002	348	Picture	90	3434251	0	1	7129	1	0	7000	other	0
GPL002	349	Picture	40	3441545	0	1	2155	1	0	2140	other	0
GPL002	349	Pulse	199	3443266	1721	0
GPL002	350	Picture	90	3443711	0	322	7119	322	0	7000	other	0
GPL002	351	Picture	40	3450996	0	1	1824	1	0	1780	other	0
GPL002	352	Picture	90	3452985	0	1	7129	1	0	7000	other	0
GPL002	352	Pulse	199	3455766	2781	0
GPL002	353	Picture	40	3460280	0	1	3813	1	0	3660	other	0
GPL002	354	Picture	95	3464259	0	1	7129	1	0	7000	hit	592
GPL002	354	Pulse	199	3468266	4007	0
GPL002	354	Response	25	3469096	4837	0
GPL002	355	Picture	40	3471554	0	1	2819	1	0	2690	other	0
GPL002	356	Picture	90	3474538	0	1	7129	1	0	7000	other	0
GPL002	356	Pulse	199	3480766	6228	0
GPL002	357	Picture	40	3481833	0	1	2155	1	0	1990	other	0
GPL002	358	Picture	90	3484154	0	1	7129	1	0	7000	other	0
GPL002	359	Picture	40	3491449	0	1	2653	1	0	2490	other	0
GPL002	359	Pulse	199	3493266	1817	0
GPL002	360	Picture	50	3494268	0	1	90192	1	0	next	other	0
GPL002	360	Pulse	199	3505766	11499	0
GPL002	360	Pulse	199	3518266	23998	0
GPL002	360	Pulse	199	3530766	36498	0
GPL002	360	Pulse	199	3543266	48998	0
GPL002	360	Pulse	199	3555766	61499	0
GPL002	360	Pulse	199	3568266	73998	0
GPL002	360	Pulse	199	3580766	86499	0
GPL002	361	Picture	80	3584460	0	1	7129	1	0	7000	other	0
GPL002	362	Picture	40	3591755	0	1	4476	1	0	4350	other	0
GPL002	362	Pulse	199	3593266	1512	0
GPL002	363	Picture	80	3596397	0	1	7129	1	0	7000	other	0
GPL002	364	Picture	40	3603692	0	1	2155	1	0	1990	other	0
GPL002	364	Pulse	199	3605767	2075	0
GPL002	365	Picture	80	3606013	0	1	7129	1	0	7000	other	0
GPL002	366	Picture	40	3613308	0	1	3482	1	0	3310	other	0
GPL002	367	Picture	80	3616955	0	1	7129	1	0	7000	other	0
GPL002	367	Pulse	199	3618266	1311	0
GPL002	368	Picture	40	3624250	0	1	3813	1	0	3660	other	0
GPL002	369	Picture	85	3628229	0	1	7129	1	0	7000	hit	621
GPL002	369	Pulse	199	3630766	2537	0
GPL002	369	Response	25	3632257	4027	0
GPL002	370	Picture	40	3635524	0	1	2819	1	0	2690	other	0
GPL002	371	Picture	80	3638508	0	1	7129	1	0	7000	other	0
GPL002	371	Pulse	199	3643266	4757	0
GPL002	372	Picture	40	3645803	0	1	2984	1	0	2860	other	0
GPL002	373	Picture	85	3648953	0	1	7129	1	0	7000	hit	627
GPL002	373	Response	25	3654117	5163	0
GPL002	373	Pulse	199	3655766	6813	0
GPL002	374	Picture	40	3656248	0	1	2155	1	0	2130	other	0
GPL002	375	Picture	80	3658569	0	1	7129	1	0	7000	other	0
GPL002	376	Picture	40	3665864	0	1	1824	1	0	1780	other	0
GPL002	377	Picture	80	3667854	0	1	7129	1	0	7000	other	0
GPL002	377	Pulse	199	3668267	413	0
GPL002	378	Picture	40	3675149	0	1	2155	1	0	2140	other	0
GPL002	379	Picture	80	3677314	0	322	7119	322	0	7000	other	0
GPL002	379	Pulse	199	3680767	3453	0
GPL002	380	Picture	40	3684599	0	1	2653	1	0	2490	other	0
GPL002	381	Picture	50	3687418	0	1	30174	1	0	next	other	0
GPL002	381	Pulse	199	3693267	5849	0
GPL002	381	Pulse	199	3705767	18349	0
GPL002	382	Picture	70	3717592	0	1	7129	1	0	7000	other	0
GPL002	382	Pulse	199	3718267	675	0
GPL002	383	Picture	40	3724887	0	1	1824	1	0	1780	other	0
GPL002	384	Picture	70	3726876	0	1	7129	1	0	7000	other	0
GPL002	384	Pulse	199	3730767	3890	0
GPL002	385	Picture	40	3734171	0	1	3813	1	0	3660	other	0
GPL002	386	Picture	70	3738150	0	1	7129	1	0	7000	other	0
GPL002	386	Pulse	199	3743266	5116	0
GPL002	387	Picture	40	3745445	0	1	4477	1	0	4350	other	0
GPL002	388	Picture	70	3750087	0	1	7129	1	0	7000	other	0
GPL002	388	Pulse	199	3755766	5679	0
GPL002	389	Picture	40	3757382	0	1	2818	1	0	2690	other	0
GPL002	390	Picture	70	3760367	0	1	7129	1	0	7000	other	0
GPL002	391	Picture	40	3767662	0	1	3482	1	0	3310	other	0
GPL002	391	Pulse	199	3768267	605	0
GPL002	392	Picture	70	3771309	0	1	7129	1	0	7000	other	0
GPL002	393	Picture	40	3778604	0	1	2984	1	0	2860	other	0
GPL002	393	Pulse	199	3780767	2163	0
GPL002	394	Picture	70	3781754	0	1	7129	1	0	7000	other	0
GPL002	395	Picture	40	3789049	0	1	2155	1	0	2140	other	0
GPL002	396	Picture	70	3791214	0	322	7119	322	0	7000	other	0
GPL002	396	Pulse	199	3793267	2053	0
GPL002	397	Picture	40	3798499	0	1	2155	1	0	1990	other	0
GPL002	398	Picture	70	3800820	0	1	7129	1	0	7000	other	0
GPL002	398	Pulse	199	3805767	4947	0
GPL002	399	Picture	40	3808115	0	1	2653	1	0	2490	other	0
GPL002	400	Picture	70	3810934	0	1	7129	1	0	7000	other	0
GPL002	401	Picture	40	3818229	0	1	2155	1	0	2130	other	0
GPL002	401	Pulse	199	3818267	38	0
GPL002	402	Picture	50	3820550	0	1	50070	1	0	next	other	0
GPL002	402	Pulse	199	3830767	10217	0
GPL002	402	Pulse	199	3843267	22717	0
GPL002	402	Pulse	199	3855766	35217	0
GPL002	402	Pulse	199	3868266	47716	0
GPL002	403	Picture	60	3870620	0	1	7129	1	0	7000	other	0
GPL002	404	Picture	40	3877914	0	1	1824	1	0	1780	other	0
GPL002	405	Picture	60	3879904	0	1	7129	1	0	7000	other	0
GPL002	405	Pulse	199	3880766	862	0
GPL002	406	Picture	40	3887199	0	1	2155	1	0	1990	other	0
GPL002	407	Picture	60	3889520	0	1	7129	1	0	7000	other	0
GPL002	407	Pulse	199	3893267	3747	0
GPL002	408	Picture	40	3896815	0	1	3813	1	0	3660	other	0
GPL002	409	Picture	60	3900794	0	1	7129	1	0	7000	other	0
GPL002	409	Pulse	199	3905767	4973	0
GPL002	410	Picture	40	3908089	0	1	2818	1	0	2690	other	0
GPL002	411	Picture	60	3911073	0	1	7129	1	0	7000	other	0
GPL002	411	Pulse	199	3918267	7194	0
GPL002	412	Picture	40	3918368	0	1	2653	1	0	2490	other	0
GPL002	413	Picture	60	3921187	0	1	7129	1	0	7000	other	0
GPL002	414	Picture	40	3928482	0	1	2155	1	0	2140	other	0
GPL002	415	Picture	60	3930647	0	322	7119	322	0	7000	other	0
GPL002	415	Pulse	199	3930647	0	120
GPL002	416	Picture	40	3937932	0	1	3482	1	0	3310	other	0
GPL002	417	Picture	60	3941579	0	1	7129	1	0	7000	other	0
GPL002	417	Pulse	199	3943267	1688	0
GPL002	418	Picture	40	3948874	0	1	4476	1	0	4350	other	0
GPL002	419	Picture	60	3953516	0	1	7129	1	0	7000	other	0
GPL002	419	Pulse	199	3955767	2250	0
GPL002	420	Picture	40	3960811	0	1	2984	1	0	2860	other	0
GPL002	421	Picture	65	3963961	0	1	7129	1	0	7000	hit	702
GPL002	421	Pulse	199	3968267	4305	0
GPL002	421	Response	25	3969197	5235	0
GPL002	422	Picture	40	3971256	0	1	2155	1	0	2130	other	0
GPL002	423	Picture	50	3973577	0	1	70131	1	0	next	other	0
GPL002	423	Pulse	199	3980766	7189	0
GPL002	423	Pulse	199	3993266	19689	0
GPL002	423	Pulse	199	4005767	32189	0
GPL002	423	Pulse	199	4018267	44690	0
GPL002	423	Pulse	199	4030767	57189	0
GPL002	423	Pulse	199	4043267	69690	0
GPL002	424	Picture	90	4043708	0	1	7129	1	0	7000	other	0
GPL002	425	Picture	40	4051003	0	1	3813	1	0	3660	other	0
GPL002	426	Picture	90	4054982	0	1	7129	1	0	7000	other	0
GPL002	426	Pulse	199	4055767	785	0
GPL002	427	Picture	40	4062277	0	1	3482	1	0	3310	other	0
GPL002	428	Picture	95	4065924	0	1	7129	1	0	7000	hit	718
GPL002	428	Pulse	199	4068267	2343	0
GPL002	428	Response	25	4070447	4522	0
GPL002	429	Picture	40	4073219	0	1	2155	1	0	2140	other	0
GPL002	430	Picture	90	4075540	0	1	7129	1	0	7000	other	0
GPL002	430	Pulse	199	4080767	5226	0
GPL002	431	Picture	40	4082835	0	1	2984	1	0	2860	other	0
GPL002	432	Picture	90	4085986	0	1	7129	1	0	7000	other	0
GPL002	432	Pulse	199	4093267	7281	0
GPL002	433	Picture	40	4093280	0	1	1824	1	0	1780	other	0
GPL002	434	Picture	90	4095270	0	1	7129	1	0	7000	other	0
GPL002	435	Picture	40	4102565	0	1	2653	1	0	2490	other	0
GPL002	436	Picture	90	4105383	0	1	7129	1	0	7000	other	0
GPL002	436	Pulse	199	4105767	383	0
GPL002	437	Picture	40	4112678	0	1	2155	1	0	2130	other	0
GPL002	438	Picture	90	4114999	0	1	7129	1	0	7000	other	0
GPL002	438	Pulse	199	4118267	3268	0
GPL002	439	Picture	40	4122294	0	1	2155	1	0	1990	other	0
GPL002	440	Picture	95	4124615	0	1	7129	1	0	7000	hit	735
GPL002	440	Response	25	4130317	5702	0
GPL002	440	Pulse	199	4130767	6151	0
GPL002	441	Picture	40	4131910	0	1	2819	1	0	2690	other	0
GPL002	442	Picture	90	4134895	0	1	7129	1	0	7000	other	0
GPL002	443	Picture	40	4142190	0	1	4476	1	0	4350	other	0
GPL002	443	Pulse	199	4143267	1078	0
GPL002	444	Picture	50	4146832	0	1	70131	1	0	next	other	0
GPL002	444	Pulse	199	4155767	8936	0
GPL002	444	Pulse	199	4168267	21435	0
GPL002	444	Pulse	199	4180768	33936	0
GPL002	444	Pulse	199	4193267	46435	0
GPL002	444	Pulse	199	4205767	58935	0
GPL002	445	Picture	80	4216963	0	1	7129	1	0	7000	other	0
GPL002	445	Pulse	199	4218267	1305	0
GPL002	446	Picture	40	4224257	0	1	3482	1	0	3310	other	0
GPL002	447	Picture	80	4227905	0	1	7129	1	0	7000	other	0
GPL002	447	Pulse	199	4230768	2863	0
GPL002	448	Picture	40	4235200	0	1	4476	1	0	4350	other	0
GPL002	449	Picture	80	4239842	0	1	7129	1	0	7000	other	0
GPL002	449	Pulse	199	4243268	3425	0
GPL002	450	Picture	40	4247137	0	1	2818	1	0	2690	other	0
GPL002	451	Picture	80	4250121	0	1	7129	1	0	7000	other	0
GPL002	451	Pulse	199	4255768	5646	0
GPL002	452	Picture	40	4257416	0	1	3813	1	0	3660	other	0
GPL002	453	Picture	80	4261395	0	1	7129	1	0	7000	other	0
GPL002	453	Pulse	199	4268268	6872	0
GPL002	454	Picture	40	4268690	0	1	1824	1	0	1780	other	0
GPL002	455	Picture	80	4270680	0	1	7129	1	0	7000	other	0
GPL002	456	Picture	40	4277975	0	1	2155	1	0	2130	other	0
GPL002	457	Picture	80	4280296	0	1	7129	1	0	7000	other	0
GPL002	457	Pulse	199	4280768	472	0
GPL002	458	Picture	40	4287591	0	1	2155	1	0	1990	other	0
GPL002	459	Picture	80	4289912	0	1	7129	1	0	7000	other	0
GPL002	459	Pulse	199	4293267	3356	0
GPL002	460	Picture	40	4297207	0	1	2984	1	0	2860	other	0
GPL002	461	Picture	80	4300357	0	1	7129	1	0	7000	other	0
GPL002	461	Pulse	199	4305767	5410	0
GPL002	462	Picture	40	4307652	0	1	2653	1	0	2490	other	0
GPL002	463	Picture	80	4310470	0	1	7129	1	0	7000	other	0
GPL002	464	Picture	40	4317765	0	1	2155	1	0	2140	other	0
GPL002	464	Pulse	199	4318267	502	0
GPL002	465	Picture	50	4320086	0	1	50070	1	0	next	other	0
GPL002	465	Pulse	199	4330768	10681	0
GPL002	465	Pulse	199	4343268	23181	0
GPL002	465	Pulse	199	4355768	35681	0
GPL002	465	Pulse	199	4368268	48181	0
GPL002	466	Picture	70	4370156	0	1	7129	1	0	7000	other	0
GPL002	467	Picture	40	4377451	0	1	2653	1	0	2490	other	0
GPL002	468	Picture	70	4380269	0	1	7129	1	0	7000	other	0
GPL002	468	Pulse	199	4380767	498	0
GPL002	469	Picture	40	4387564	0	1	2155	1	0	2140	other	0
GPL002	470	Picture	70	4389730	0	322	7119	323	0	7000	other	0
GPL002	470	Pulse	199	4393268	3538	0
GPL002	471	Picture	40	4397014	0	1	2984	1	0	2860	other	0
GPL002	472	Picture	70	4400165	0	1	7129	1	0	7000	other	0
GPL002	472	Pulse	199	4405778	5613	0
GPL002	473	Picture	40	4407460	0	1	4476	1	0	4350	other	0
GPL002	474	Picture	75	4412102	0	1	7129	1	0	7000	hit	793
GPL002	474	Response	25	4416637	4536	0
GPL002	474	Pulse	199	4418277	6175	0
GPL002	475	Picture	40	4419397	0	1	2819	1	0	2690	other	0
GPL002	476	Picture	70	4422381	0	1	7129	1	0	7000	other	0
GPL002	477	Picture	40	4429676	0	1	2155	1	0	1990	other	0
GPL002	477	Pulse	199	4430767	1091	0
GPL002	478	Picture	70	4431997	0	1	7129	1	0	7000	other	0
GPL002	479	Picture	40	4439292	0	1	1824	1	0	1780	other	0
GPL002	480	Picture	70	4441281	0	1	7129	1	0	7000	other	0
GPL002	480	Pulse	199	4443267	1986	0
GPL002	481	Picture	40	4448576	0	1	3813	1	0	3660	other	0
GPL002	482	Picture	70	4452555	0	1	7129	1	0	7000	other	0
GPL002	482	Pulse	199	4455778	3222	0
GPL002	483	Picture	40	4459850	0	1	2155	1	0	2130	other	0
GPL002	484	Picture	70	4462171	0	1	7129	1	0	7000	other	0
GPL002	484	Pulse	199	4468278	6107	0
GPL002	485	Picture	40	4469466	0	1	3482	1	0	3310	other	0
GPL002	486	Picture	50	4473114	0	1	90192	1	0	next	other	0
GPL002	486	Pulse	199	4480778	7664	0
GPL002	486	Pulse	199	4493278	20164	0
GPL002	486	Pulse	199	4505778	32664	0
GPL002	486	Pulse	199	4518278	45164	0
GPL002	486	Pulse	199	4530777	57663	0
GPL002	486	Pulse	199	4543278	70164	0
GPL002	486	Pulse	199	4555778	82664	0
GPL002	487	Picture	60	4563306	0	1	7129	1	0	7000	other	0
GPL002	487	Pulse	199	4568278	4973	0
GPL002	488	Picture	40	4570600	0	1	1824	1	0	1780	other	0
GPL002	489	Picture	60	4572590	0	1	7129	1	0	7000	other	0
GPL002	490	Picture	40	4579885	0	1	3813	1	0	3660	other	0
GPL002	490	Pulse	199	4580778	893	0
GPL002	491	Picture	60	4583864	0	1	7129	1	0	7000	other	0
GPL002	492	Picture	40	4591159	0	1	2653	1	0	2490	other	0
GPL002	492	Pulse	199	4593278	2119	0
GPL002	493	Picture	60	4593977	0	1	7129	1	0	7000	other	0
GPL002	494	Picture	40	4601272	0	1	2155	1	0	1990	other	0
GPL002	495	Picture	60	4603593	0	1	7129	1	0	7000	other	0
GPL002	495	Pulse	199	4605778	2185	0
GPL002	496	Picture	40	4610888	0	1	2818	1	0	2690	other	0
GPL002	497	Picture	60	4613873	0	1	7129	1	0	7000	other	0
GPL002	497	Pulse	199	4618278	4405	0
GPL002	498	Picture	40	4621168	0	1	2984	1	0	2860	other	0
GPL002	499	Picture	65	4624318	0	1	7129	1	0	7000	miss	0
GPL002	499	Pulse	199	4630778	6460	0
GPL002	500	Picture	40	4631613	0	1	4476	1	0	4350	other	0
GPL002	501	Picture	60	4636255	0	1	7129	1	0	7000	other	0
GPL002	501	Pulse	199	4643278	7023	0
GPL002	502	Picture	40	4643550	0	1	2155	1	0	2130	other	0
GPL002	503	Picture	60	4645871	0	1	7129	1	0	7000	other	0
GPL002	504	Picture	40	4653166	0	1	2155	1	0	2140	other	0
GPL002	505	Picture	60	4655487	0	1	7129	1	0	7000	other	0
GPL002	505	Pulse	199	4655778	291	0
GPL002	506	Picture	40	4662782	0	1	3482	1	0	3310	other	0
GPL002	507	Picture	50	4666429	0	1	30174	1	0	next	other	0
GPL002	507	Pulse	199	4668278	1848	0
GPL002	507	Pulse	199	4680778	14349	0
GPL002	507	Pulse	199	4693278	26849	0
GPL002	508	Picture	90	4696604	0	1	7129	1	0	7000	other	0
GPL002	509	Picture	40	4703899	0	1	2155	1	0	2140	other	0
GPL002	509	Pulse	199	4705778	1879	0
GPL002	510	Picture	90	4706220	0	1	7129	1	0	7000	other	0
GPL002	511	Picture	40	4713515	0	1	4476	1	0	4350	other	0
GPL002	512	Picture	90	4718157	0	1	7129	1	0	7000	other	0
GPL002	512	Pulse	199	4718278	121	0
GPL002	513	Picture	40	4725452	0	1	3482	1	0	3310	other	0
GPL002	514	Picture	90	4729099	0	1	7129	1	0	7000	other	0
GPL002	514	Pulse	199	4730778	1679	0
GPL002	515	Picture	40	4736394	0	1	1824	1	0	1780	other	0
GPL002	516	Picture	90	4738384	0	1	7129	1	0	7000	other	0
GPL002	516	Pulse	199	4743278	4894	0
GPL002	517	Picture	40	4745679	0	1	2984	1	0	2860	other	0
GPL002	518	Picture	90	4748829	0	1	7129	1	0	7000	other	0
GPL002	518	Pulse	199	4755778	6949	0
GPL002	519	Picture	40	4756124	0	1	2155	1	0	2130	other	0
GPL002	520	Picture	90	4758445	0	1	7129	1	0	7000	other	0
GPL002	521	Picture	40	4765740	0	1	2155	1	0	1990	other	0
GPL002	522	Picture	90	4768061	0	1	7129	1	0	7000	other	0
GPL002	522	Pulse	199	4768278	217	0
GPL002	523	Picture	40	4775356	0	1	2818	1	0	2690	other	0
GPL002	524	Picture	90	4778340	0	1	7129	1	0	7000	other	0
GPL002	524	Pulse	199	4780778	2438	0
GPL002	525	Picture	40	4785635	0	1	3813	1	0	3660	other	0
GPL002	526	Picture	90	4789614	0	1	7129	1	0	7000	other	0
GPL002	526	Pulse	199	4793278	3664	0
GPL002	527	Picture	40	4796909	0	1	2653	1	0	2490	other	0
GPL002	528	Picture	50	4799727	0	1	50070	1	0	next	other	0
GPL002	528	Pulse	199	4805778	6051	0
GPL002	528	Pulse	199	4818278	18551	0
GPL002	528	Pulse	199	4830778	31051	0
GPL002	528	Pulse	199	4843278	43551	0
GPL002	529	Picture	80	4849797	0	1	7129	1	0	7000	other	0
GPL002	529	Pulse	199	4855778	5981	0
GPL002	530	Picture	40	4857092	0	1	2818	1	0	2690	other	0
GPL002	531	Picture	80	4860076	0	1	7129	1	0	7000	other	0
GPL002	532	Picture	40	4867371	0	1	3813	1	0	3660	other	0
GPL002	532	Pulse	199	4868278	906	0
GPL002	533	Picture	80	4871350	0	1	7129	1	0	7000	other	0
GPL002	534	Picture	40	4878645	0	1	2155	1	0	1990	other	0
GPL002	534	Pulse	199	4880778	2132	0
GPL002	535	Picture	80	4880966	0	1	7129	1	0	7000	other	0
GPL002	536	Picture	40	4888261	0	1	2984	1	0	2860	other	0
GPL002	537	Picture	80	4891411	0	1	7129	1	0	7000	other	0
GPL002	537	Pulse	199	4893278	1867	0
GPL002	538	Picture	40	4898706	0	1	2155	1	0	2130	other	0
GPL002	539	Picture	80	4901027	0	1	7129	1	0	7000	other	0
GPL002	539	Pulse	199	4905778	4751	0
GPL002	540	Picture	40	4908322	0	1	2653	1	0	2490	other	0
GPL002	541	Picture	85	4911141	0	1	7129	1	0	7000	hit	901
GPL002	541	Response	25	4915138	3998	0
GPL002	541	Pulse	199	4918278	7138	0
GPL002	542	Picture	40	4918436	0	1	4476	1	0	4350	other	0
GPL002	543	Picture	80	4923078	0	1	7129	1	0	7000	other	0
GPL002	544	Picture	40	4930373	0	1	2155	1	0	2140	other	0
GPL002	544	Pulse	199	4930779	406	0
GPL002	545	Picture	80	4932538	0	156	7119	157	0	7000	other	0
GPL002	546	Picture	40	4939823	0	1	1824	1	0	1780	other	0
GPL002	547	Picture	80	4941813	0	1	7129	1	0	7000	other	0
GPL002	547	Pulse	199	4943279	1466	0
GPL002	548	Picture	40	4949107	0	1	3482	1	0	3310	other	0
GPL002	549	Picture	50	4952755	0	1	70131	1	0	next	other	0
GPL002	549	Pulse	199	4955779	3024	0
GPL002	549	Pulse	199	4968278	15523	0
GPL002	549	Pulse	199	4980778	28023	0
GPL002	549	Pulse	199	4993278	40523	0
GPL002	549	Pulse	199	5005779	53024	0
GPL002	549	Pulse	199	5018279	65524	0
GPL002	550	Picture	70	5022886	0	1	7129	1	0	7000	other	0
GPL002	551	Picture	40	5030181	0	1	2155	1	0	1990	other	0
GPL002	551	Pulse	199	5030779	598	0
GPL002	552	Picture	70	5032502	0	1	7129	1	0	7000	other	0
GPL002	553	Picture	40	5039797	0	1	2653	1	0	2490	other	0
GPL002	554	Picture	70	5042615	0	1	7129	1	0	7000	other	0
GPL002	554	Pulse	199	5043279	664	0
GPL002	555	Picture	40	5049910	0	1	2155	1	0	2130	other	0
GPL002	556	Picture	70	5052231	0	1	7129	1	0	7000	other	0
GPL002	556	Pulse	199	5055779	3548	0
GPL002	557	Picture	40	5059526	0	1	1824	1	0	1780	other	0
GPL002	558	Picture	70	5061516	0	1	7129	1	0	7000	other	0
GPL002	558	Pulse	199	5068279	6763	0
GPL002	559	Picture	40	5068811	0	1	4476	1	0	4350	other	0
GPL002	560	Picture	75	5073453	0	1	7129	1	0	7000	hit	934
GPL002	560	Response	25	5077948	4495	0
GPL002	561	Picture	40	5080748	0	1	2819	1	0	2690	other	0
GPL002	561	Pulse	199	5080778	31	0
GPL002	562	Picture	70	5083732	0	1	7129	1	0	7000	other	0
GPL002	563	Picture	40	5091027	0	1	3482	1	0	3310	other	0
GPL002	563	Pulse	199	5093279	2252	0
GPL002	564	Picture	70	5094674	0	1	7129	1	0	7000	other	0
GPL002	565	Picture	40	5101969	0	1	3813	1	0	3660	other	0
GPL002	565	Pulse	199	5105778	3809	0
GPL002	566	Picture	70	5105948	0	1	7129	1	0	7000	other	0
GPL002	567	Picture	40	5113243	0	1	2984	1	0	2860	other	0
GPL002	568	Picture	70	5116393	0	1	7129	1	0	7000	other	0
GPL002	568	Pulse	199	5118279	1885	0
GPL002	569	Picture	40	5123688	0	1	2155	1	0	2140	other	0
GPL002	570	Picture	50	5125854	0	322	30164	322	0	next	other	0
GPL002	570	Pulse	199	5130779	4925	0
GPL002	570	Pulse	199	5143279	17425	0
GPL002	570	Pulse	199	5155779	29925	0
GPL002	571	Picture	60	5156018	0	1	7129	1	0	7000	other	0
GPL002	572	Picture	40	5163313	0	1	1824	1	0	1780	other	0
GPL002	573	Picture	60	5165302	0	1	7129	1	0	7000	other	0
GPL002	573	Pulse	199	5168279	2977	0
GPL002	574	Picture	40	5172597	0	1	2155	1	0	2140	other	0
GPL002	575	Picture	60	5174763	0	322	7119	323	0	7000	other	0
GPL002	575	Pulse	199	5180779	6016	0
GPL002	576	Picture	40	5182048	0	1	2819	1	0	2690	other	0
GPL002	577	Picture	60	5185032	0	1	7129	1	0	7000	other	0
GPL002	578	Picture	40	5192327	0	1	2653	1	0	2490	other	0
GPL002	578	Pulse	199	5193279	952	0
GPL002	579	Picture	60	5195145	0	1	7129	1	0	7000	other	0
GPL002	580	Picture	40	5202440	0	1	2155	1	0	2130	other	0
GPL002	581	Picture	60	5204761	0	1	7129	2	0	7000	other	0
GPL002	581	Pulse	199	5205778	1017	0
GPL002	582	Picture	40	5212056	0	1	2984	1	0	2860	other	0
GPL002	583	Picture	65	5215206	0	1	7129	1	0	7000	hit	970
GPL002	583	Pulse	199	5218278	3072	0
GPL002	583	Response	25	5220398	5192	0
GPL002	584	Picture	40	5222501	0	1	3482	1	0	3310	other	0
GPL002	585	Picture	60	5226149	0	1	7129	1	0	7000	other	0
GPL002	585	Pulse	199	5230779	4630	0
GPL002	586	Picture	40	5233444	0	1	4476	1	0	4350	other	0
GPL002	587	Picture	65	5238086	0	1	7129	1	0	7000	hit	977
GPL002	587	Pulse	199	5243278	5192	0
GPL002	587	Response	25	5243629	5543	0
GPL002	588	Picture	40	5245381	0	1	2155	1	0	1990	other	0
GPL002	589	Picture	60	5247702	0	1	7129	1	0	7000	other	0
GPL002	590	Picture	40	5254997	0	1	3813	1	0	3660	other	0
GPL002	590	Pulse	199	5255779	782	0
GPL002	591	Picture	50	5258976	0	1	90192	1	0	next	other	0
GPL002	591	Pulse	199	5268278	9302	0
GPL002	591	Pulse	199	5280779	21803	0
GPL002	591	Pulse	199	5293278	34302	0
GPL002	591	Pulse	199	5305778	46803	0
GPL002	591	Pulse	199	5318278	59302	0
GPL002	591	Pulse	199	5330779	71803	0
GPL002	591	Pulse	199	5343278	84303	0
GPL002	592	Picture	90	5349168	0	1	7129	1	0	7000	other	0
GPL002	592	Pulse	199	5355779	6612	0
GPL002	593	Picture	40	5356463	0	1	3813	1	0	3660	other	0
GPL002	594	Picture	90	5360442	0	1	7129	1	0	7000	other	0
GPL002	595	Picture	40	5367737	0	1	2819	1	0	2690	other	0
GPL002	595	Pulse	199	5368279	542	0
GPL002	596	Picture	90	5370721	0	1	7129	1	0	7000	other	0
GPL002	597	Picture	40	5378016	0	1	3482	1	0	3310	other	0
GPL002	597	Pulse	199	5380779	2763	0
GPL002	598	Picture	90	5381663	0	1	7129	1	0	7000	other	0
GPL002	599	Picture	40	5388958	0	1	2653	1	0	2490	other	0
GPL002	600	Picture	95	5391777	0	1	7129	1	0	7000	hit	1003
GPL002	600	Pulse	199	5393279	1502	0
GPL002	600	Response	25	5395779	4002	0
GPL002	601	Picture	40	5399072	0	1	2155	1	0	2130	other	0
GPL002	602	Picture	90	5401393	0	1	7129	1	0	7000	other	0
GPL002	602	Pulse	199	5405779	4387	0
GPL002	603	Picture	40	5408688	0	1	2155	1	0	1990	other	0
GPL002	604	Picture	90	5411009	0	1	7129	1	0	7000	other	0
GPL002	604	Pulse	199	5418279	7270	0
GPL002	605	Picture	40	5418304	0	1	1824	1	0	1780	other	0
GPL002	606	Picture	90	5420293	0	1	7129	1	0	7000	other	0
GPL002	607	Picture	40	5427588	0	1	4476	1	0	4350	other	0
GPL002	607	Pulse	199	5430778	3190	0
GPL002	608	Picture	90	5432230	0	1	7129	1	0	7000	other	0
GPL002	609	Picture	40	5439525	0	1	2984	1	0	2860	other	0
GPL002	610	Picture	90	5442675	0	1	7129	1	0	7000	other	0
GPL002	610	Pulse	199	5443279	604	0
GPL002	611	Picture	40	5449970	0	1	2155	1	0	2140	other	0
GPL002	612	Picture	50	5452291	0	1	30175	1	0	next	other	0
GPL002	612	Pulse	199	5455779	3488	0
GPL002	612	Pulse	199	5468279	15988	0
GPL002	612	Pulse	199	5480779	28488	0
GPL002	613	Picture	80	5482466	0	1	7129	1	0	7000	other	0
GPL002	614	Picture	40	5489761	0	1	3813	1	0	3660	other	0
GPL002	614	Pulse	199	5493279	3519	0
GPL002	615	Picture	80	5493740	0	1	7129	1	0	7000	other	0
GPL002	616	Picture	40	5501035	0	1	2984	1	0	2860	other	0
GPL002	617	Picture	80	5504185	0	1	7129	1	0	7000	other	0
GPL002	617	Pulse	199	5505779	1595	0
GPL002	618	Picture	40	5511480	0	1	4476	1	0	4350	other	0
GPL002	619	Picture	80	5516122	0	1	7129	1	0	7000	other	0
GPL002	619	Pulse	199	5518279	2158	0
GPL002	620	Picture	40	5523417	0	1	2155	1	0	2130	other	0
GPL002	621	Picture	80	5525738	0	1	7129	1	0	7000	other	0
GPL002	621	Pulse	199	5530779	5041	0
GPL002	622	Picture	40	5533033	0	1	1824	1	0	1780	other	0
GPL002	623	Picture	80	5535022	0	1	7129	1	0	7000	other	0
GPL002	624	Picture	40	5542317	0	1	2155	1	0	1990	other	0
GPL002	624	Pulse	199	5543279	962	0
GPL002	625	Picture	80	5544638	0	1	7129	1	0	7000	other	0
GPL002	626	Picture	40	5551933	0	1	2818	1	0	2690	other	0
GPL002	627	Picture	85	5554918	0	1	7129	1	0	7000	hit	1044
GPL002	627	Pulse	199	5555780	862	0
GPL002	627	Response	25	5558949	4031	0
GPL002	628	Picture	40	5562213	0	1	2155	1	0	2140	other	0
GPL002	629	Picture	80	5564378	0	156	7119	156	0	7000	other	0
GPL002	629	Pulse	199	5568280	3902	0
GPL002	630	Picture	40	5571663	0	1	2653	1	0	2490	other	0
GPL002	631	Picture	80	5574481	0	1	7129	1	0	7000	other	0
GPL002	631	Pulse	199	5580779	6298	0
GPL002	632	Picture	40	5581776	0	1	3482	1	0	3310	other	0
GPL002	633	Picture	50	5585424	0	1	90192	1	0	next	other	0
GPL002	633	Pulse	199	5593279	7856	0
GPL002	633	Pulse	199	5605779	20355	0
GPL002	633	Pulse	199	5618280	32856	0
GPL002	633	Pulse	199	5630779	45356	0
GPL002	633	Pulse	199	5643279	57855	0
GPL002	633	Pulse	199	5655779	70355	0
GPL002	633	Pulse	199	5668279	82855	0
GPL002	634	Picture	70	5675615	0	1	7129	1	0	7000	other	0
GPL002	634	Pulse	199	5680780	5165	0
GPL002	635	Picture	40	5682910	0	1	2653	1	0	2490	other	0
GPL002	636	Picture	70	5685729	0	1	7129	1	0	7000	other	0
GPL002	637	Picture	40	5693024	0	1	2819	1	0	2690	other	0
GPL002	637	Pulse	199	5693280	256	0
GPL002	638	Picture	75	5696008	0	1	7129	1	0	7000	hit	1067
GPL002	638	Response	25	5702230	6222	0
GPL002	639	Picture	40	5703303	0	1	1824	1	0	1780	other	0
GPL002	640	Picture	70	5705292	0	1	7129	1	0	7000	other	0
GPL002	640	Pulse	199	5705779	487	0
GPL002	641	Picture	40	5712587	0	1	2155	1	0	1990	other	0
GPL002	642	Picture	75	5714909	0	1	7129	1	0	7000	hit	1074
GPL002	642	Pulse	199	5718280	3371	0
GPL002	642	Response	25	5719059	4151	0
GPL002	643	Picture	40	5722204	0	1	3813	1	0	3660	other	0
GPL002	644	Picture	70	5726183	0	1	7129	1	0	7000	other	0
GPL002	644	Pulse	199	5730779	4597	0
GPL002	645	Picture	40	5733477	0	1	2155	1	0	2130	other	0
GPL002	646	Picture	70	5735799	0	1	7129	1	0	7000	other	0
GPL002	647	Picture	40	5743093	0	1	2984	1	0	2860	other	0
GPL002	647	Pulse	199	5743280	186	0
GPL002	648	Picture	70	5746244	0	1	7129	1	0	7000	other	0
GPL002	649	Picture	40	5753539	0	1	3482	1	0	3310	other	0
GPL002	649	Pulse	199	5755779	2241	0
GPL002	650	Picture	70	5757186	0	1	7129	1	0	7000	other	0
GPL002	651	Picture	40	5764481	0	1	4476	1	0	4350	other	0
GPL002	651	Pulse	199	5768279	3798	0
GPL002	652	Picture	70	5769123	0	1	7129	1	0	7000	other	0
GPL002	653	Picture	40	5776418	0	1	2155	1	0	2140	other	0
GPL002	654	Picture	50	5778739	0	1	70131	1	0	next	other	0
GPL002	654	Pulse	199	5780779	2040	0
GPL002	654	Pulse	199	5793280	14541	0
GPL002	654	Pulse	199	5805779	27040	0
GPL002	654	Pulse	199	5818280	39541	0
GPL002	654	Pulse	199	5830779	52040	0
GPL002	654	Pulse	199	5843280	64541	0
GPL002	655	Picture	60	5848870	0	1	7129	1	0	7000	other	0
GPL002	655	Pulse	199	5855779	6910	0
GPL002	656	Picture	40	5856165	0	1	2653	1	0	2490	other	0
GPL002	657	Picture	60	5858983	0	1	7129	1	0	7000	other	0
GPL002	658	Picture	40	5866278	0	1	2155	1	0	2140	other	0
GPL002	658	Pulse	199	5868280	2002	0
GPL002	659	Picture	60	5868444	0	322	7119	322	0	7000	other	0
GPL002	660	Picture	40	5875728	0	1	3482	1	0	3310	other	0
GPL002	661	Picture	60	5879376	0	1	7129	1	0	7000	other	0
GPL002	661	Pulse	199	5880779	1403	0
GPL002	662	Picture	40	5886671	0	1	1824	1	0	1780	other	0
GPL002	663	Picture	60	5888660	0	1	7129	1	0	7000	other	0
GPL002	663	Pulse	199	5893279	4619	0
GPL002	664	Picture	40	5895955	0	1	2155	1	0	2130	other	0
GPL002	665	Picture	60	5898276	0	1	7129	1	0	7000	other	0
GPL002	666	Picture	40	5905571	0	1	2984	1	0	2860	other	0
GPL002	666	Pulse	199	5905779	208	0
GPL002	667	Picture	60	5908721	0	1	7129	1	0	7000	other	0
GPL002	668	Picture	40	5916016	0	1	2819	1	0	2690	other	0
GPL002	668	Pulse	199	5918280	2264	0
GPL002	669	Picture	60	5919001	0	1	7129	1	0	7000	other	0
GPL002	670	Picture	40	5926295	0	1	2155	1	0	1990	other	0
GPL002	671	Picture	60	5928617	0	1	7129	1	0	7000	other	0
GPL002	671	Pulse	199	5930780	2163	0
GPL002	672	Picture	40	5935912	0	1	3813	1	0	3660	other	0
GPL002	673	Picture	60	5939891	0	1	7129	1	0	7000	other	0
GPL002	673	Pulse	199	5943280	3389	0
GPL002	674	Picture	40	5947186	0	1	4476	1	0	4350	other	0
GPL002	675	Picture	50	5951828	0	1	50070	1	0	next	other	0
GPL002	675	Pulse	199	5955780	3952	0
GPL002	675	Pulse	199	5968280	16452	0
GPL002	675	Pulse	199	5980780	28952	0
GPL002	675	Pulse	199	5993279	41451	0
GPL002	676	Picture	200	6001897	69	1	80078	1	0	80000	other	0
GPL002	676	Pulse	199	6005780	3952	0
GPL002	676	Pulse	199	6018280	16452	0
GPL002	676	Pulse	199	6030780	28952	0
GPL002	676	Pulse	199	6043280	41452	0
GPL002	676	Pulse	199	6055780	53952	0
GPL002	676	Pulse	199	6068280	66452	0
GPL002	676	Pulse	199	6080780	78952	0
GPL002	677	Pulse	199	6093280	11138	0
GPL002	677	Pulse	199	6105780	23638	0
GPL002	677	Pulse	199	6118279	36138	0
GPL002	677	Pulse	199	6130780	48639	0
GPL002	677	Pulse	199	6143280	61139	0
GPL002	677	Pulse	199	6155780	73639	0
GPL002	677	Pulse	199	6168280	86139	0
GPL002	677	Pulse	199	6180780	98639	0
GPL002	677	Pulse	199	6193280	111139	0
GPL002	677	Pulse	199	6205790	123648	0
GPL002	677	Pulse	199	6218279	136138	0
