Scenario - 
Logfile written - 04/23/2021 18:22:37

Subject	Trial	Event Type	Code	Time	TTime	Uncertainty	Duration	Uncertainty	ReqTime	ReqDur	Stim Type	Pair Index

gpl007	1	Response	20	12755	12590	0
gpl007	2	Picture	start	12932	0	1	673784	1	0	next	other	0
gpl007	2	Response	20	24376	11444	0
gpl007	3	Response	20	513016	488639	0
gpl007	3	Pulse	199	686565	662189	0
gpl007	3	Picture	100	686716	662339	1	50070	1	0	50000	other	0
gpl007	3	Pulse	199	699065	674688	0
gpl007	3	Pulse	199	711565	687188	0
gpl007	3	Pulse	199	724065	699688	0
gpl007	3	Pulse	199	736565	712188	0
gpl007	4	Picture	60	736951	0	1	7129	1	0	7000	other	0
gpl007	5	Picture	40	744246	0	1	2155	1	0	2140	other	0
gpl007	6	Picture	60	746567	0	1	7129	1	0	7000	other	0
gpl007	6	Pulse	199	749065	2498	0
gpl007	7	Picture	40	753862	0	1	2155	1	0	2130	other	0
gpl007	8	Picture	60	756183	0	1	7129	1	0	7000	other	0
gpl007	8	Pulse	199	761565	5382	0
gpl007	9	Picture	40	763478	0	1	2155	1	0	1990	other	0
gpl007	10	Picture	60	765799	0	1	7129	1	0	7000	other	0
gpl007	11	Picture	40	773094	0	1	4476	1	0	4350	other	0
gpl007	11	Pulse	199	774065	970	0
gpl007	12	Picture	60	777737	0	1	7128	2	0	7000	other	0
gpl007	13	Picture	40	785031	0	1	2818	1	0	2690	other	0
gpl007	13	Pulse	199	786565	1534	0
gpl007	14	Picture	60	788016	0	1	7129	1	0	7000	other	0
gpl007	15	Picture	40	795311	0	1	2984	1	0	2860	other	0
gpl007	16	Picture	60	798461	0	1	7129	1	0	7000	other	0
gpl007	16	Pulse	199	799065	604	0
gpl007	17	Picture	40	805756	0	1	2653	1	0	2490	other	0
gpl007	18	Picture	60	808574	0	1	7129	1	0	7000	other	0
gpl007	18	Pulse	199	811565	2991	0
gpl007	19	Picture	40	815869	0	1	3813	1	0	3660	other	0
gpl007	20	Picture	60	819848	0	1	7129	1	0	7000	other	0
gpl007	20	Pulse	199	824065	4217	0
gpl007	21	Picture	40	827143	0	1	1824	1	0	1780	other	0
gpl007	22	Picture	60	829132	0	1	7129	1	0	7000	other	0
gpl007	23	Picture	40	836427	0	1	3482	1	0	3310	other	0
gpl007	23	Pulse	199	836564	137	0
gpl007	24	Picture	50	840075	0	1	30174	1	0	next	other	0
gpl007	24	Pulse	199	849064	8989	0
gpl007	24	Pulse	199	861565	21490	0
gpl007	25	Picture	70	870249	0	1	7129	1	0	7000	other	0
gpl007	25	Pulse	199	874065	3816	0
gpl007	26	Picture	40	877544	0	1	3813	1	0	3660	other	0
gpl007	27	Picture	70	881523	0	1	7129	1	0	7000	other	0
gpl007	27	Pulse	199	886565	5042	0
gpl007	28	Picture	40	888818	0	1	3482	1	0	3310	other	0
gpl007	29	Picture	70	892466	0	1	7129	1	0	7000	other	0
gpl007	29	Pulse	199	899065	6600	0
gpl007	30	Picture	40	899760	0	1	1824	1	0	1780	other	0
gpl007	31	Picture	75	901750	0	1	7129	1	0	7000	hit	52
gpl007	31	Response	25	907074	5324	0
gpl007	32	Picture	40	909045	0	1	2155	2	0	1990	other	0
gpl007	33	Picture	70	911366	0	1	7129	2	0	7000	other	0
gpl007	33	Pulse	199	911565	199	0
gpl007	34	Picture	40	918661	0	1	2155	1	0	2140	other	0
gpl007	35	Picture	70	920982	0	1	7129	1	0	7000	other	0
gpl007	35	Pulse	199	924065	3083	0
gpl007	36	Picture	40	928277	0	1	2984	1	0	2860	other	0
gpl007	37	Picture	70	931427	0	1	7129	1	0	7000	other	0
gpl007	37	Pulse	199	936565	5138	0
gpl007	38	Picture	40	938722	0	1	2818	1	0	2690	other	0
gpl007	39	Picture	70	941706	0	1	7129	1	0	7000	other	0
gpl007	40	Picture	40	949001	0	1	2653	1	0	2490	other	0
gpl007	40	Pulse	199	949065	64	0
gpl007	41	Picture	70	951820	0	1	7129	1	0	7000	other	0
gpl007	42	Picture	40	959115	0	1	2155	1	0	2130	other	0
gpl007	43	Picture	70	961436	0	1	7129	1	0	7000	other	0
gpl007	43	Pulse	199	961564	129	0
gpl007	44	Picture	40	968731	0	1	4476	1	0	4350	other	0
gpl007	45	Picture	50	973373	0	1	50070	1	0	next	other	0
gpl007	45	Pulse	199	974065	692	0
gpl007	45	Pulse	199	986565	13192	0
gpl007	45	Pulse	199	999065	25692	0
gpl007	45	Pulse	199	1011565	38192	0
gpl007	46	Picture	80	1023442	0	1	7129	1	0	7000	other	0
gpl007	46	Pulse	199	1024065	623	0
gpl007	47	Picture	40	1030737	0	1	1824	1	0	1780	other	0
gpl007	48	Picture	80	1032727	0	1	7129	1	0	7000	other	0
gpl007	48	Pulse	199	1036565	3838	0
gpl007	49	Picture	40	1040022	0	1	2653	1	0	2490	other	0
gpl007	50	Picture	80	1042840	0	1	7129	1	0	7000	other	0
gpl007	50	Pulse	199	1049065	6225	0
gpl007	51	Picture	40	1050135	0	1	2818	1	0	2690	other	0
gpl007	52	Picture	80	1053119	0	1	7129	1	0	7000	other	0
gpl007	53	Picture	40	1060414	0	1	2155	1	0	2140	other	0
gpl007	53	Pulse	199	1061565	1151	0
gpl007	54	Picture	80	1062735	0	1	7129	1	0	7000	other	0
gpl007	55	Picture	40	1070030	0	1	3813	1	0	3660	other	0
gpl007	56	Picture	80	1074009	0	1	7129	1	0	7000	other	0
gpl007	56	Pulse	199	1074065	56	0
gpl007	57	Picture	40	1081304	0	1	4476	1	0	4350	other	0
gpl007	58	Picture	85	1085946	0	1	7129	1	0	7000	hit	95
gpl007	58	Pulse	199	1086565	619	0
gpl007	58	Response	25	1091875	5929	0
gpl007	59	Picture	40	1093241	0	1	3482	1	0	3310	other	0
gpl007	60	Picture	80	1096889	0	1	7129	1	0	7000	other	0
gpl007	60	Pulse	199	1099065	2177	0
gpl007	61	Picture	40	1104184	0	1	2984	1	0	2860	other	0
gpl007	62	Picture	80	1107334	0	1	7129	1	0	7000	other	0
gpl007	62	Pulse	199	1111565	4232	0
gpl007	63	Picture	40	1114629	0	1	2155	1	0	1990	other	0
gpl007	64	Picture	80	1116950	0	1	7129	1	0	7000	other	0
gpl007	64	Pulse	199	1124065	7115	0
gpl007	65	Picture	40	1124245	0	1	2155	1	0	2130	other	0
gpl007	66	Picture	50	1126566	0	1	70131	1	0	next	other	0
gpl007	66	Pulse	199	1136565	10000	0
gpl007	66	Pulse	199	1149065	22499	0
gpl007	66	Pulse	199	1161565	34999	0
gpl007	66	Pulse	199	1174065	47499	0
gpl007	66	Pulse	199	1186565	59999	0
gpl007	67	Picture	90	1196696	0	1	7129	1	0	7000	other	0
gpl007	67	Pulse	199	1199066	2369	0
gpl007	68	Picture	40	1203991	0	1	2984	1	0	2860	other	0
gpl007	69	Picture	90	1207141	0	1	7129	1	0	7000	other	0
gpl007	69	Pulse	199	1211565	4424	0
gpl007	70	Picture	40	1214436	0	1	4476	1	0	4350	other	0
gpl007	71	Picture	90	1219078	0	1	7129	1	0	7000	other	0
gpl007	71	Pulse	199	1224065	4987	0
gpl007	72	Picture	40	1226373	0	1	2155	1	0	1990	other	0
gpl007	73	Picture	95	1228694	0	1	7129	1	0	7000	hit	122
gpl007	73	Response	25	1234615	5921	0
gpl007	74	Picture	40	1235989	0	1	2653	1	0	2490	other	0
gpl007	74	Pulse	199	1236565	576	0
gpl007	75	Picture	90	1238808	0	1	7129	1	0	7000	other	0
gpl007	76	Picture	40	1246103	0	1	1824	1	0	1780	other	0
gpl007	77	Picture	95	1248092	0	1	7129	1	0	7000	hit	129
gpl007	77	Pulse	199	1249065	973	0
gpl007	77	Response	25	1252856	4763	0
gpl007	78	Picture	40	1255387	0	1	3482	1	0	3310	other	0
gpl007	79	Picture	90	1259035	0	1	7129	1	0	7000	other	0
gpl007	79	Pulse	199	1261565	2531	0
gpl007	80	Picture	40	1266330	0	1	2818	1	0	2690	other	0
gpl007	81	Picture	90	1269314	0	1	7129	1	0	7000	other	0
gpl007	81	Pulse	199	1274065	4751	0
gpl007	82	Picture	40	1276609	0	1	2155	1	0	2130	other	0
gpl007	83	Picture	90	1278930	0	1	7129	1	0	7000	other	0
gpl007	84	Picture	40	1286225	0	1	2155	1	0	2140	other	0
gpl007	84	Pulse	199	1286565	340	0
gpl007	85	Picture	90	1288546	0	1	7129	1	0	7000	other	0
gpl007	86	Picture	40	1295841	0	1	3813	1	0	3660	other	0
gpl007	86	Pulse	199	1299065	3224	0
gpl007	87	Picture	50	1299820	0	1	90192	1	0	next	other	0
gpl007	87	Pulse	199	1311565	11745	0
gpl007	87	Pulse	199	1324065	24245	0
gpl007	87	Pulse	199	1336565	36745	0
gpl007	87	Pulse	199	1349065	49245	0
gpl007	87	Pulse	199	1361565	61745	0
gpl007	87	Pulse	199	1374065	74245	0
gpl007	87	Pulse	199	1386565	86745	0
gpl007	88	Picture	60	1390011	0	1	7129	1	0	7000	other	0
gpl007	89	Picture	40	1397306	0	1	4476	1	0	4350	other	0
gpl007	89	Pulse	199	1399064	1758	0
gpl007	90	Picture	60	1401949	0	1	7129	1	0	7000	other	0
gpl007	91	Picture	40	1409243	0	1	2155	1	0	2140	other	0
gpl007	92	Picture	60	1411565	0	1	7129	1	0	7000	other	0
gpl007	92	Pulse	199	1411565	0	0
gpl007	93	Picture	40	1418859	0	1	2819	1	0	2690	other	0
gpl007	94	Picture	60	1421844	0	1	7129	1	0	7000	other	0
gpl007	94	Pulse	199	1424065	2221	0
gpl007	95	Picture	40	1429139	0	1	1824	1	0	1780	other	0
gpl007	96	Picture	65	1431128	0	1	7129	1	0	7000	hit	164
gpl007	96	Pulse	199	1436565	5437	0
gpl007	96	Response	25	1438185	7057	0
gpl007	97	Picture	40	1438423	0	1	2984	1	0	2860	other	0
gpl007	98	Picture	60	1441573	0	1	7129	1	0	7000	other	0
gpl007	99	Picture	40	1448868	0	1	2653	1	0	2490	other	0
gpl007	99	Pulse	199	1449065	197	0
gpl007	100	Picture	60	1451687	0	1	7129	1	0	7000	other	0
gpl007	101	Picture	40	1458981	0	1	2155	1	0	2130	other	0
gpl007	102	Picture	60	1461303	0	1	7129	1	0	7000	other	0
gpl007	102	Pulse	199	1461565	263	0
gpl007	103	Picture	40	1468597	0	1	3813	1	0	3660	other	0
gpl007	104	Picture	60	1472577	0	1	7129	1	0	7000	other	0
gpl007	104	Pulse	199	1474065	1489	0
gpl007	105	Picture	40	1479871	0	1	3482	1	0	3310	other	0
gpl007	106	Picture	60	1483519	0	1	7129	1	0	7000	other	0
gpl007	106	Pulse	199	1486565	3046	0
gpl007	107	Picture	40	1490814	0	1	2155	1	0	1990	other	0
gpl007	108	Picture	50	1493135	0	1	90192	1	0	next	other	0
gpl007	108	Pulse	199	1499065	5930	0
gpl007	108	Pulse	199	1511564	18429	0
gpl007	108	Pulse	199	1524065	30930	0
gpl007	108	Pulse	199	1536565	43430	0
gpl007	108	Pulse	199	1549065	55930	0
gpl007	108	Pulse	199	1561565	68430	0
gpl007	108	Pulse	199	1574065	80930	0
gpl007	109	Picture	70	1583327	0	1	7129	1	0	7000	other	0
gpl007	109	Pulse	199	1586565	3239	0
gpl007	109	Response	20	1587905	4579	0
gpl007	110	Picture	40	1590621	0	1	3482	1	0	3310	other	0
gpl007	111	Picture	70	1594269	0	1	7129	1	0	7000	other	0
gpl007	111	Pulse	199	1599065	4796	0
gpl007	112	Picture	40	1601564	0	1	1824	1	0	1780	other	0
gpl007	113	Picture	70	1603553	0	1	7129	1	0	7000	other	0
gpl007	114	Picture	40	1610848	0	1	3813	1	0	3660	other	0
gpl007	114	Pulse	199	1611565	716	0
gpl007	115	Picture	70	1614827	0	1	7129	1	0	7000	other	0
gpl007	116	Picture	40	1622122	0	1	2653	1	0	2490	other	0
gpl007	116	Pulse	199	1624064	1942	0
gpl007	117	Picture	70	1624941	0	1	7129	1	0	7000	other	0
gpl007	118	Picture	40	1632236	0	1	2819	1	0	2690	other	0
gpl007	119	Picture	70	1635220	0	1	7129	1	0	7000	other	0
gpl007	119	Pulse	199	1636565	1345	0
gpl007	120	Picture	40	1642515	0	1	2155	1	0	2140	other	0
gpl007	121	Picture	70	1644836	0	1	7129	1	0	7000	other	0
gpl007	121	Pulse	199	1649065	4229	0
gpl007	122	Picture	40	1652131	0	1	2155	1	0	2130	other	0
gpl007	123	Picture	75	1654452	0	1	7129	1	0	7000	hit	210
gpl007	123	Response	25	1658085	3633	0
gpl007	123	Pulse	199	1661565	7113	0
gpl007	124	Picture	40	1661747	0	1	2155	1	0	1990	other	0
gpl007	125	Picture	70	1664068	0	1	7129	1	0	7000	other	0
gpl007	126	Picture	40	1671363	0	1	2984	1	0	2860	other	0
gpl007	126	Pulse	199	1674065	2702	0
gpl007	127	Picture	70	1674513	0	1	7129	1	0	7000	other	0
gpl007	128	Picture	40	1681808	0	1	4476	1	0	4350	other	0
gpl007	129	Picture	50	1686450	0	1	70131	1	0	next	other	0
gpl007	129	Pulse	199	1686565	115	0
gpl007	129	Pulse	199	1699065	12615	0
gpl007	129	Pulse	199	1711565	25115	0
gpl007	129	Pulse	199	1724065	37615	0
gpl007	129	Pulse	199	1736565	50115	0
gpl007	129	Pulse	199	1749064	62614	0
gpl007	130	Picture	80	1756581	0	1	7129	1	0	7000	other	0
gpl007	130	Pulse	199	1761565	4985	0
gpl007	131	Picture	40	1763875	0	1	2155	1	0	2130	other	0
gpl007	132	Picture	80	1766197	0	1	7129	1	0	7000	other	0
gpl007	133	Picture	40	1773491	0	1	3813	1	0	3660	other	0
gpl007	133	Pulse	199	1774065	573	0
gpl007	134	Picture	85	1777471	0	1	7129	1	0	7000	hit	232
gpl007	134	Response	25	1782335	4864	0
gpl007	135	Picture	40	1784765	0	1	2155	1	0	1990	other	0
gpl007	135	Pulse	199	1786565	1800	0
gpl007	136	Picture	80	1787087	0	1	7129	1	0	7000	other	0
gpl007	137	Picture	40	1794381	0	1	4476	1	0	4350	other	0
gpl007	138	Picture	80	1799024	0	1	7129	1	0	7000	other	0
gpl007	138	Pulse	199	1799065	41	0
gpl007	139	Picture	40	1806319	0	1	2653	1	0	2490	other	0
gpl007	140	Picture	80	1809137	0	1	7129	1	0	7000	other	0
gpl007	140	Pulse	199	1811565	2428	0
gpl007	141	Picture	40	1816432	0	1	2984	1	0	2860	other	0
gpl007	142	Picture	80	1819582	0	1	7129	1	0	7000	other	0
gpl007	142	Pulse	199	1824065	4483	0
gpl007	143	Picture	40	1826877	0	1	1824	1	0	1780	other	0
gpl007	144	Picture	80	1828866	0	1	7129	1	0	7000	other	0
gpl007	145	Picture	40	1836161	0	1	2819	1	0	2690	other	0
gpl007	145	Pulse	199	1836565	403	0
gpl007	146	Picture	85	1839146	0	1	7129	1	0	7000	hit	250
gpl007	146	Response	25	1842705	3559	0
gpl007	147	Picture	40	1846441	0	1	3482	1	0	3310	other	0
gpl007	147	Pulse	199	1849064	2624	0
gpl007	148	Picture	80	1850088	0	1	7129	1	0	7000	other	0
gpl007	149	Picture	40	1857383	0	1	2155	1	0	2140	other	0
gpl007	150	Picture	50	1859704	0	1	50070	1	0	next	other	0
gpl007	150	Pulse	199	1861565	1861	0
gpl007	150	Pulse	199	1874065	14361	0
gpl007	150	Pulse	199	1886565	26861	0
gpl007	150	Pulse	199	1899065	39361	0
gpl007	151	Picture	90	1909774	0	1	7129	1	0	7000	other	0
gpl007	151	Pulse	199	1911565	1791	0
gpl007	152	Picture	40	1917069	0	1	2653	1	0	2490	other	0
gpl007	153	Picture	90	1919887	0	1	7129	1	0	7000	other	0
gpl007	153	Pulse	199	1924065	4178	0
gpl007	154	Picture	40	1927182	0	1	2155	1	0	2140	other	0
gpl007	155	Picture	90	1929503	0	1	7129	1	0	7000	other	0
gpl007	155	Pulse	199	1936565	7062	0
gpl007	156	Picture	40	1936798	0	1	2155	1	0	2130	other	0
gpl007	157	Picture	90	1939119	0	1	7129	1	0	7000	other	0
gpl007	158	Picture	40	1946414	0	1	3813	1	0	3660	other	0
gpl007	158	Pulse	199	1949065	2651	0
gpl007	159	Picture	90	1950393	0	1	7129	1	0	7000	other	0
gpl007	160	Picture	40	1957688	0	1	3482	1	0	3310	other	0
gpl007	161	Picture	90	1961335	0	1	7129	1	0	7000	other	0
gpl007	161	Pulse	199	1961564	229	0
gpl007	162	Picture	40	1968630	0	1	1824	1	0	1780	other	0
gpl007	163	Picture	90	1970620	0	1	7129	1	0	7000	other	0
gpl007	163	Pulse	199	1974065	3445	0
gpl007	164	Picture	40	1977915	0	1	2155	1	0	1990	other	0
gpl007	165	Picture	90	1980236	0	1	7129	1	0	7000	other	0
gpl007	165	Pulse	199	1986565	6329	0
gpl007	166	Picture	40	1987531	0	1	2818	1	0	2690	other	0
gpl007	167	Picture	90	1990515	0	1	7129	1	0	7000	other	0
gpl007	168	Picture	40	1997810	0	1	2984	1	0	2860	other	0
gpl007	168	Pulse	199	1999065	1255	0
gpl007	169	Picture	90	2000960	0	1	7129	1	0	7000	other	0
gpl007	170	Picture	40	2008255	0	1	4476	1	0	4350	other	0
gpl007	170	Pulse	199	2011565	3310	0
gpl007	171	Picture	50	2012897	0	1	30174	1	0	next	other	0
gpl007	171	Pulse	199	2024065	11168	0
gpl007	171	Pulse	199	2036565	23668	0
gpl007	172	Picture	60	2043072	0	1	7129	1	0	7000	other	0
gpl007	172	Pulse	199	2049065	5994	0
gpl007	173	Picture	40	2050366	0	1	3482	1	0	3310	other	0
gpl007	174	Picture	60	2054014	0	1	7129	1	0	7000	other	0
gpl007	175	Picture	40	2061309	0	1	1824	1	0	1780	other	0
gpl007	175	Pulse	199	2061564	256	0
gpl007	176	Picture	60	2063298	0	1	7129	1	0	7000	other	0
gpl007	177	Picture	40	2070593	0	1	2819	1	0	2690	other	0
gpl007	178	Picture	60	2073577	0	1	7129	1	0	7000	other	0
gpl007	178	Pulse	199	2074064	487	0
gpl007	179	Picture	40	2080872	0	1	4476	1	0	4350	other	0
gpl007	180	Picture	60	2085515	0	1	7128	2	0	7000	other	0
gpl007	180	Pulse	199	2086565	1051	0
gpl007	181	Picture	40	2092810	0	1	2155	1	0	1990	other	0
gpl007	182	Picture	60	2095131	0	1	7129	1	0	7000	other	0
gpl007	182	Pulse	199	2099065	3934	0
gpl007	183	Picture	40	2102426	0	1	2155	1	0	2140	other	0
gpl007	184	Picture	65	2104747	0	1	7129	1	0	7000	hit	310
gpl007	184	Response	25	2108395	3648	0
gpl007	184	Pulse	199	2111565	6818	0
gpl007	185	Picture	40	2112041	0	1	2984	1	0	2860	other	0
gpl007	186	Picture	60	2115192	0	1	7129	1	0	7000	other	0
gpl007	187	Picture	40	2122487	0	1	3813	1	0	3660	other	0
gpl007	187	Pulse	199	2124065	1578	0
gpl007	188	Picture	60	2126466	0	1	7129	1	0	7000	other	0
gpl007	189	Picture	40	2133760	0	1	2653	1	0	2490	other	0
gpl007	189	Pulse	199	2136565	2804	1
gpl007	190	Picture	60	2136579	0	1	7129	1	0	7000	other	0
gpl007	191	Picture	40	2143874	0	1	2155	1	0	2130	other	0
gpl007	192	Picture	50	2146195	0	1	70131	1	0	next	other	0
gpl007	192	Pulse	199	2149065	2870	0
gpl007	192	Pulse	199	2161565	15370	0
gpl007	192	Pulse	199	2174065	27870	0
gpl007	192	Pulse	199	2186565	40370	0
gpl007	192	Pulse	199	2199064	52870	0
gpl007	192	Pulse	199	2211565	65370	0
gpl007	193	Picture	70	2216326	0	1	7129	1	0	7000	other	0
gpl007	194	Picture	40	2223620	0	1	2819	1	0	2690	other	0
gpl007	194	Pulse	199	2224065	445	0
gpl007	195	Picture	70	2226605	0	1	7129	1	0	7000	other	0
gpl007	196	Picture	40	2233900	0	1	2155	1	0	1990	other	0
gpl007	197	Picture	70	2236221	0	1	7129	1	0	7000	other	0
gpl007	197	Pulse	199	2236565	344	0
gpl007	198	Picture	40	2243516	0	1	2984	1	0	2860	other	0
gpl007	199	Picture	75	2246666	0	1	7129	1	0	7000	hit	338
gpl007	199	Pulse	199	2249065	2399	0
gpl007	199	Response	25	2250875	4209	0
gpl007	200	Picture	40	2253961	0	1	2155	1	0	2140	other	0
gpl007	201	Picture	70	2256282	0	1	7129	1	0	7000	other	0
gpl007	201	Pulse	199	2261565	5283	0
gpl007	202	Picture	40	2263577	0	1	2155	1	0	2130	other	0
gpl007	203	Picture	70	2265898	0	1	7129	1	0	7000	other	0
gpl007	204	Picture	40	2273193	0	1	4476	1	0	4350	other	0
gpl007	204	Pulse	199	2274065	872	0
gpl007	205	Picture	75	2277835	0	1	7129	1	0	7000	hit	347
gpl007	205	Response	25	2282655	4820	0
gpl007	206	Picture	40	2285130	0	1	3482	1	0	3310	other	0
gpl007	206	Pulse	199	2286565	1435	0
gpl007	207	Picture	70	2288777	0	1	7129	1	0	7000	other	0
gpl007	208	Picture	40	2296072	0	1	2653	1	0	2490	other	0
gpl007	209	Picture	70	2298891	0	1	7129	1	0	7000	other	0
gpl007	209	Pulse	199	2299064	173	0
gpl007	210	Picture	40	2306186	0	1	1824	1	0	1780	other	0
gpl007	211	Picture	70	2308175	0	1	7129	1	0	7000	other	0
gpl007	211	Pulse	199	2311564	3389	0
gpl007	212	Picture	40	2315470	0	1	3813	1	0	3660	other	0
gpl007	213	Picture	50	2319449	0	1	30174	1	0	next	other	0
gpl007	213	Pulse	199	2324075	4626	0
gpl007	213	Pulse	199	2336565	17116	0
gpl007	213	Pulse	199	2349075	29626	0
gpl007	214	Picture	80	2349623	0	1	7129	1	0	7000	other	0
gpl007	215	Picture	40	2356918	0	1	2155	1	0	2130	other	0
gpl007	216	Picture	80	2359239	0	1	7129	1	0	7000	other	0
gpl007	216	Pulse	199	2361575	2336	0
gpl007	217	Picture	40	2366534	0	1	2984	1	0	2860	other	0
gpl007	218	Picture	80	2369684	0	1	7129	1	0	7000	other	0
gpl007	218	Pulse	199	2374075	4390	0
gpl007	219	Picture	40	2376979	0	1	4477	1	0	4350	other	0
gpl007	220	Picture	80	2381622	0	1	7129	1	0	7000	other	0
gpl007	220	Pulse	199	2386575	4953	0
gpl007	221	Picture	40	2388916	0	1	1824	1	0	1780	other	0
gpl007	222	Picture	80	2390906	0	1	7129	1	0	7000	other	0
gpl007	223	Picture	40	2398201	0	1	2155	1	0	1990	other	0
gpl007	223	Pulse	199	2399075	874	0
gpl007	224	Picture	80	2400522	0	1	7129	1	0	7000	other	0
gpl007	225	Picture	40	2407817	0	1	2155	1	0	2140	other	0
gpl007	226	Picture	80	2410138	0	1	7129	1	0	7000	other	0
gpl007	226	Pulse	199	2411574	1436	0
gpl007	227	Picture	40	2417433	0	1	2818	1	0	2690	other	0
gpl007	228	Picture	80	2420417	0	1	7129	1	0	7000	other	0
gpl007	228	Pulse	199	2424074	3657	0
gpl007	229	Picture	40	2427712	0	1	3813	1	0	3660	other	0
gpl007	230	Picture	80	2431691	0	1	7129	1	0	7000	other	0
gpl007	230	Pulse	199	2436575	4884	0
gpl007	231	Picture	40	2438986	0	1	2653	1	0	2490	other	0
gpl007	232	Picture	80	2441805	0	1	7129	1	0	7000	other	0
gpl007	232	Pulse	199	2449075	7270	0
gpl007	233	Picture	40	2449099	0	1	3482	1	0	3310	other	0
gpl007	234	Picture	50	2452747	0	1	90192	1	0	next	other	0
gpl007	234	Pulse	199	2461575	8828	0
gpl007	234	Pulse	199	2474075	21328	0
gpl007	234	Pulse	199	2486575	33828	0
gpl007	234	Pulse	199	2499075	46328	0
gpl007	234	Pulse	199	2511575	58828	0
gpl007	234	Pulse	199	2524074	71327	0
gpl007	234	Pulse	199	2536574	83827	0
gpl007	235	Picture	90	2542939	0	1	7129	1	0	7000	other	0
gpl007	235	Pulse	199	2549075	6136	0
gpl007	236	Picture	40	2550233	0	1	2984	1	0	2860	other	0
gpl007	237	Picture	90	2553383	0	1	7129	1	0	7000	other	0
gpl007	238	Picture	40	2560678	0	1	2155	1	0	2140	other	0
gpl007	238	Pulse	199	2561575	896	0
gpl007	239	Picture	90	2563000	0	1	7129	1	0	7000	other	0
gpl007	240	Picture	40	2570294	0	1	2653	1	0	2490	other	0
gpl007	241	Picture	90	2573113	0	1	7129	1	0	7000	other	0
gpl007	241	Pulse	199	2574075	962	0
gpl007	242	Picture	40	2580408	0	1	1824	1	0	1780	other	0
gpl007	243	Picture	90	2582397	0	1	7129	1	0	7000	other	0
gpl007	243	Pulse	199	2586575	4177	0
gpl007	244	Picture	40	2589692	0	1	4476	1	0	4350	other	0
gpl007	245	Picture	90	2594334	0	1	7129	1	0	7000	other	0
gpl007	245	Pulse	199	2599074	4740	0
gpl007	246	Picture	40	2601629	0	1	2155	1	0	2130	other	0
gpl007	247	Picture	95	2603950	0	1	7129	1	0	7000	hit	416
gpl007	247	Response	25	2609174	5223	0
gpl007	248	Picture	40	2611245	0	1	3813	1	0	3660	other	0
gpl007	248	Pulse	199	2611575	329	0
gpl007	249	Picture	90	2615224	0	1	7129	1	0	7000	other	0
gpl007	250	Picture	40	2622519	0	1	2819	1	0	2690	other	0
gpl007	250	Pulse	199	2624074	1555	0
gpl007	251	Picture	90	2625503	0	1	7129	1	0	7000	other	0
gpl007	252	Picture	40	2632799	0	1	3482	1	0	3310	other	0
gpl007	253	Picture	90	2636446	0	1	7129	1	0	7000	other	0
gpl007	253	Pulse	199	2636574	128	0
gpl007	254	Picture	40	2643741	0	1	2155	1	0	1990	other	0
gpl007	255	Picture	50	2646062	0	1	50070	1	0	next	other	0
gpl007	255	Pulse	199	2649074	3012	0
gpl007	255	Pulse	199	2661575	15513	0
gpl007	255	Pulse	199	2674075	28013	0
gpl007	255	Pulse	199	2686575	40513	0
gpl007	256	Picture	60	2696132	0	1	7129	1	0	7000	other	0
gpl007	256	Pulse	199	2699075	2943	0
gpl007	257	Picture	40	2703427	0	1	2818	1	0	2690	other	0
gpl007	258	Picture	60	2706411	0	1	7129	1	0	7000	other	0
gpl007	258	Pulse	199	2711575	5164	0
gpl007	259	Picture	40	2713706	0	1	3813	1	0	3660	other	0
gpl007	260	Picture	60	2717685	0	1	7129	1	0	7000	other	0
gpl007	260	Pulse	199	2724075	6390	0
gpl007	261	Picture	40	2724980	0	1	2155	1	0	2130	other	0
gpl007	262	Picture	65	2727301	0	1	7129	1	0	7000	hit	442
gpl007	262	Response	25	2731205	3904	0
gpl007	263	Picture	40	2734596	0	1	2155	1	0	2140	other	0
gpl007	263	Pulse	199	2736574	1978	0
gpl007	264	Picture	60	2736917	0	1	7129	1	0	7000	other	0
gpl007	265	Picture	40	2744212	0	1	1824	1	0	1780	other	0
gpl007	266	Picture	60	2746201	0	1	7129	1	0	7000	other	0
gpl007	266	Pulse	199	2749074	2873	0
gpl007	267	Picture	40	2753496	0	1	2653	1	0	2490	other	0
gpl007	268	Picture	65	2756315	0	1	7129	1	0	7000	hit	451
gpl007	268	Response	25	2760555	4240	0
gpl007	268	Pulse	199	2761575	5260	0
gpl007	269	Picture	40	2763609	0	1	3482	1	0	3310	other	0
gpl007	270	Picture	60	2767257	0	1	7129	1	0	7000	other	0
gpl007	270	Pulse	199	2774075	6818	0
gpl007	271	Picture	40	2774552	0	1	4477	1	0	4350	other	0
gpl007	272	Picture	60	2779194	0	1	7129	1	0	7000	other	0
gpl007	273	Picture	40	2786489	0	1	2155	1	0	1990	other	0
gpl007	273	Pulse	199	2786575	86	0
gpl007	274	Picture	60	2788810	0	1	7129	1	0	7000	other	0
gpl007	275	Picture	40	2796105	0	1	2984	1	0	2860	other	0
gpl007	275	Pulse	199	2799075	2970	0
gpl007	276	Picture	50	2799255	0	1	50070	1	0	next	other	0
gpl007	276	Pulse	199	2811575	12320	0
gpl007	276	Pulse	199	2824075	24820	0
gpl007	276	Pulse	199	2836575	37320	0
gpl007	276	Pulse	199	2849074	49819	0
gpl007	277	Picture	70	2849325	0	1	7129	1	0	7000	other	0
gpl007	278	Picture	40	2856620	0	1	2653	1	0	2490	other	0
gpl007	279	Picture	70	2859438	0	1	7129	1	0	7000	other	0
gpl007	279	Pulse	199	2861574	2137	0
gpl007	280	Picture	40	2866733	0	1	1824	1	0	1780	other	0
gpl007	281	Picture	70	2868722	0	1	7129	1	0	7000	other	0
gpl007	281	Pulse	199	2874075	5352	0
gpl007	282	Picture	40	2876017	0	1	2984	1	0	2860	other	0
gpl007	283	Picture	70	2879167	0	1	7129	1	0	7000	other	0
gpl007	284	Picture	40	2886462	0	1	2818	1	0	2690	other	0
gpl007	284	Pulse	199	2886575	113	0
gpl007	285	Picture	70	2889447	0	1	7129	1	0	7000	other	0
gpl007	286	Picture	40	2896742	0	1	4476	1	0	4350	other	0
gpl007	286	Pulse	199	2899075	2333	0
gpl007	287	Picture	70	2901383	0	1	7130	2	0	7000	other	0
gpl007	288	Picture	40	2908679	0	1	2155	1	0	1990	other	0
gpl007	289	Picture	70	2911000	0	1	7129	1	0	7000	other	0
gpl007	289	Pulse	199	2911575	575	0
gpl007	290	Picture	40	2918295	0	1	2155	1	0	2130	other	0
gpl007	291	Picture	70	2920616	0	1	7129	1	0	7000	other	0
gpl007	291	Pulse	199	2924075	3459	0
gpl007	292	Picture	40	2927911	0	1	3813	1	0	3660	other	0
gpl007	293	Picture	70	2931890	0	1	7129	1	0	7000	other	0
gpl007	293	Pulse	199	2936575	4685	0
gpl007	294	Picture	40	2939185	0	1	3482	1	0	3310	other	0
gpl007	295	Picture	70	2942832	0	1	7129	1	0	7000	other	0
gpl007	295	Pulse	199	2949075	6243	0
gpl007	296	Picture	40	2950127	0	1	2155	1	0	2140	other	0
gpl007	297	Picture	50	2952448	0	1	90192	1	0	next	other	0
gpl007	297	Pulse	199	2961575	9126	0
gpl007	297	Pulse	199	2974074	21626	0
gpl007	297	Pulse	199	2986575	34127	0
gpl007	297	Pulse	199	2999075	46627	0
gpl007	297	Pulse	199	3011575	59126	0
gpl007	297	Pulse	199	3024075	71627	0
gpl007	297	Pulse	199	3036574	84126	0
gpl007	298	Picture	80	3042640	0	1	7129	1	0	7000	other	0
gpl007	298	Pulse	199	3049075	6435	0
gpl007	299	Picture	40	3049935	0	1	2653	1	0	2490	other	0
gpl007	300	Picture	80	3052753	0	1	7129	1	0	7000	other	0
gpl007	301	Picture	40	3060048	0	1	2819	1	0	2690	other	0
gpl007	301	Pulse	199	3061574	1526	0
gpl007	302	Picture	80	3063032	0	1	7129	1	0	7000	other	0
gpl007	303	Picture	40	3070327	0	1	3813	1	0	3660	other	0
gpl007	303	Pulse	199	3074074	3747	0
gpl007	304	Picture	80	3074306	0	1	7129	1	0	7000	other	0
gpl007	305	Picture	40	3081601	0	1	2155	1	0	2140	other	0
gpl007	306	Picture	80	3083922	0	1	7129	1	0	7000	other	0
gpl007	306	Pulse	199	3086574	2652	0
gpl007	307	Picture	40	3091217	0	1	4476	1	0	4350	other	0
gpl007	308	Picture	80	3095859	0	1	7129	1	0	7000	other	0
gpl007	308	Pulse	199	3099075	3215	0
gpl007	309	Picture	40	3103154	0	1	1824	1	0	1780	other	0
gpl007	310	Picture	80	3105144	0	1	7129	1	0	7000	other	0
gpl007	310	Pulse	199	3111574	6431	0
gpl007	311	Picture	40	3112439	0	1	2155	1	0	2130	other	0
gpl007	312	Picture	85	3114760	0	1	7129	1	0	7000	hit	525
gpl007	312	Response	25	3119614	4855	0
gpl007	313	Picture	40	3122055	0	1	2155	1	0	1990	other	0
gpl007	313	Pulse	199	3124075	2020	0
gpl007	314	Picture	80	3124376	0	1	7129	1	0	7000	other	0
gpl007	315	Picture	40	3131671	0	1	2984	1	0	2860	other	0
gpl007	316	Picture	80	3134821	0	1	7129	1	0	7000	other	0
gpl007	316	Pulse	199	3136574	1754	0
gpl007	317	Picture	40	3142116	0	1	3482	1	0	3310	other	0
gpl007	318	Picture	50	3145763	0	1	30174	1	0	next	other	0
gpl007	318	Pulse	199	3149074	3311	0
gpl007	318	Pulse	199	3161574	15811	0
gpl007	318	Pulse	199	3174074	28311	0
gpl007	319	Picture	90	3175938	0	1	7129	1	0	7000	other	0
gpl007	320	Picture	40	3183232	0	1	2155	1	0	2140	other	0
gpl007	321	Picture	90	3185554	0	1	7129	1	0	7000	other	0
gpl007	321	Pulse	199	3186574	1021	0
gpl007	322	Picture	40	3192848	0	1	2818	1	0	2690	other	0
gpl007	323	Picture	90	3195833	0	1	7129	1	0	7000	other	0
gpl007	323	Pulse	199	3199074	3241	0
gpl007	324	Picture	40	3203128	0	1	1824	1	0	1780	other	0
gpl007	325	Picture	90	3205117	0	1	7129	1	0	7000	other	0
gpl007	325	Pulse	199	3211575	6458	0
gpl007	326	Picture	40	3212412	0	1	2155	1	0	2130	other	0
gpl007	327	Picture	90	3214733	0	1	7129	1	0	7000	other	0
gpl007	328	Picture	40	3222028	0	1	2653	1	0	2490	other	0
gpl007	328	Pulse	199	3224075	2047	0
gpl007	329	Picture	90	3224847	0	1	7129	1	0	7000	other	0
gpl007	330	Picture	40	3232142	0	1	4476	1	0	4350	other	0
gpl007	330	Pulse	199	3236575	4433	0
gpl007	331	Picture	90	3236784	0	1	7129	1	0	7000	other	0
gpl007	332	Picture	40	3244079	0	1	2984	1	0	2860	other	0
gpl007	333	Picture	90	3247229	0	1	7129	1	0	7000	other	0
gpl007	333	Pulse	199	3249075	1846	0
gpl007	334	Picture	40	3254524	0	1	3813	1	0	3660	other	0
gpl007	335	Picture	90	3258503	0	1	7129	1	0	7000	other	0
gpl007	335	Pulse	199	3261575	3072	0
gpl007	336	Picture	40	3265798	0	1	2155	1	0	1990	other	0
gpl007	337	Picture	95	3268119	0	1	7129	1	0	7000	hit	563
gpl007	337	Response	25	3272524	4406	0
gpl007	337	Pulse	199	3274075	5956	0
gpl007	338	Picture	40	3275414	0	1	3482	1	0	3310	other	0
gpl007	339	Picture	50	3279061	0	1	70131	1	0	next	other	0
gpl007	339	Pulse	199	3286574	7513	0
gpl007	339	Pulse	199	3299074	20013	0
gpl007	339	Pulse	199	3311574	32513	0
gpl007	339	Pulse	199	3324075	45014	0
gpl007	339	Pulse	199	3336575	57514	0
gpl007	339	Pulse	199	3349074	70013	1
gpl007	340	Picture	60	3349192	0	1	7129	1	0	7000	other	0
gpl007	341	Picture	40	3356487	0	1	2155	1	0	2140	other	0
gpl007	342	Picture	60	3358808	0	1	7129	1	0	7000	other	0
gpl007	342	Pulse	199	3361575	2767	0
gpl007	343	Picture	40	3366103	0	1	4476	1	0	4350	other	0
gpl007	344	Picture	60	3370745	0	1	7129	1	0	7000	other	0
gpl007	344	Pulse	199	3374075	3330	0
gpl007	345	Picture	40	3378040	0	1	2155	1	0	1990	other	0
gpl007	346	Picture	60	3380361	0	1	7129	1	0	7000	other	0
gpl007	346	Pulse	199	3386574	6214	0
gpl007	347	Picture	40	3387656	0	1	3482	1	0	3310	other	0
gpl007	348	Picture	60	3391303	0	1	7129	1	0	7000	other	0
gpl007	349	Picture	40	3398598	0	1	2819	1	0	2690	other	0
gpl007	349	Pulse	199	3399074	476	0
gpl007	350	Picture	65	3401582	0	1	7129	1	0	7000	hit	588
gpl007	350	Response	25	3406665	5082	0
gpl007	351	Picture	40	3408877	0	1	3813	1	0	3660	other	0
gpl007	351	Pulse	199	3411574	2697	0
gpl007	352	Picture	60	3412856	0	1	7129	1	0	7000	other	0
gpl007	353	Picture	40	3420151	0	1	2653	1	0	2490	other	0
gpl007	354	Picture	60	3422970	0	1	7129	1	0	7000	other	0
gpl007	354	Pulse	199	3424074	1105	0
gpl007	355	Picture	40	3430265	0	1	2155	1	0	2130	other	0
gpl007	356	Picture	60	3432586	0	1	7129	1	0	7000	other	0
gpl007	356	Pulse	199	3436575	3989	0
gpl007	357	Picture	40	3439881	0	1	2984	1	0	2860	other	0
gpl007	358	Picture	60	3443031	0	1	7129	1	0	7000	other	0
gpl007	358	Pulse	199	3449075	6044	0
gpl007	359	Picture	40	3450326	0	1	1824	1	0	1780	other	0
gpl007	360	Picture	50	3452315	0	1	90192	1	0	next	other	0
gpl007	360	Pulse	199	3461575	9259	0
gpl007	360	Pulse	199	3474075	21760	0
gpl007	360	Pulse	199	3486575	34259	0
gpl007	360	Pulse	199	3499074	46759	0
gpl007	360	Pulse	199	3511574	59259	0
gpl007	360	Pulse	199	3524074	71759	0
gpl007	360	Pulse	199	3536574	84259	0
gpl007	361	Picture	70	3542507	0	1	7129	1	0	7000	other	0
gpl007	361	Pulse	199	3549075	6568	0
gpl007	362	Picture	40	3549802	0	1	3482	1	0	3310	other	0
gpl007	363	Picture	70	3553449	0	1	7129	1	0	7000	other	0
gpl007	364	Picture	40	3560744	0	1	2984	1	0	2860	other	0
gpl007	364	Pulse	199	3561575	831	0
gpl007	365	Picture	70	3563894	0	1	7129	1	0	7000	other	0
gpl007	366	Picture	40	3571189	0	1	4476	1	0	4350	other	0
gpl007	366	Pulse	199	3574074	2885	0
gpl007	367	Picture	70	3575831	0	1	7129	1	0	7000	other	0
gpl007	368	Picture	40	3583126	0	1	1824	1	0	1780	other	0
gpl007	369	Picture	75	3585116	0	1	7129	1	0	7000	hit	623
gpl007	369	Pulse	199	3586575	1459	0
gpl007	369	Response	25	3589104	3989	0
gpl007	370	Picture	40	3592410	0	1	2155	1	0	2130	other	0
gpl007	371	Picture	70	3594732	0	1	7129	1	0	7000	other	0
gpl007	371	Pulse	199	3599074	4343	0
gpl007	372	Picture	40	3602026	0	1	3813	1	0	3660	other	0
gpl007	373	Picture	75	3606005	0	1	7129	1	0	7000	hit	629
gpl007	373	Response	25	3609854	3849	0
gpl007	373	Pulse	199	3611575	5569	0
gpl007	374	Picture	40	3613300	0	1	2818	1	0	2690	other	0
gpl007	375	Picture	70	3616285	0	1	7129	1	0	7000	other	0
gpl007	376	Picture	40	3623580	0	1	2653	1	0	2490	other	0
gpl007	376	Pulse	199	3624074	494	0
gpl007	377	Picture	70	3626398	0	1	7129	1	0	7000	other	0
gpl007	378	Picture	40	3633693	0	1	2155	1	0	2140	other	0
gpl007	379	Picture	70	3636014	0	1	7129	1	0	7000	other	0
gpl007	379	Pulse	199	3636574	560	0
gpl007	380	Picture	40	3643309	0	1	2155	1	0	1990	other	0
gpl007	381	Picture	50	3645630	0	1	30174	1	0	next	other	0
gpl007	381	Pulse	199	3649074	3444	0
gpl007	381	Pulse	199	3661575	15944	0
gpl007	381	Pulse	199	3674074	28444	0
gpl007	382	Picture	80	3675805	0	1	7129	1	0	7000	other	0
gpl007	383	Picture	40	3683099	0	1	1824	1	0	1780	other	0
gpl007	384	Picture	80	3685089	0	1	7129	1	0	7000	other	0
gpl007	384	Pulse	199	3686575	1486	0
gpl007	385	Picture	40	3692384	0	1	3813	1	0	3660	other	0
gpl007	386	Picture	80	3696363	0	1	7129	1	0	7000	other	0
gpl007	386	Pulse	199	3699075	2712	0
gpl007	387	Picture	40	3703657	0	1	2156	1	0	1990	other	0
gpl007	388	Picture	80	3705979	0	1	7129	1	0	7000	other	0
gpl007	388	Pulse	199	3711575	5596	0
gpl007	389	Picture	40	3713274	0	1	3482	1	0	3310	other	0
gpl007	390	Picture	80	3716921	0	1	7129	1	0	7000	other	0
gpl007	390	Pulse	199	3724075	7153	0
gpl007	391	Picture	40	3724216	0	1	2984	1	0	2860	other	0
gpl007	392	Picture	80	3727366	0	1	7129	1	0	7000	other	0
gpl007	393	Picture	40	3734661	0	1	2155	1	0	2130	other	0
gpl007	393	Pulse	199	3736574	1913	0
gpl007	394	Picture	80	3736982	0	1	7129	1	0	7000	other	0
gpl007	395	Picture	40	3744277	0	1	4476	1	0	4350	other	0
gpl007	396	Picture	80	3748919	0	1	7129	1	0	7000	other	0
gpl007	396	Pulse	199	3749074	155	0
gpl007	397	Picture	40	3756214	0	1	2155	1	0	2140	other	0
gpl007	398	Picture	80	3758535	0	1	7129	1	0	7000	other	0
gpl007	398	Pulse	199	3761574	3039	0
gpl007	399	Picture	40	3765830	0	1	2818	1	0	2690	other	0
gpl007	400	Picture	80	3768815	0	1	7129	1	0	7000	other	0
gpl007	400	Pulse	199	3774075	5260	0
gpl007	401	Picture	40	3776110	0	1	2653	1	0	2490	other	0
gpl007	402	Picture	50	3778928	0	1	50070	1	0	next	other	0
gpl007	402	Pulse	199	3786575	7647	0
gpl007	402	Pulse	199	3799075	20147	0
gpl007	402	Pulse	199	3811575	32647	0
gpl007	402	Pulse	199	3824075	45147	0
gpl007	403	Picture	90	3828998	0	1	7129	1	0	7000	other	0
gpl007	404	Picture	40	3836293	0	1	2984	1	0	2860	other	0
gpl007	404	Pulse	199	3836574	282	0
gpl007	405	Picture	90	3839443	0	1	7129	1	0	7000	other	0
gpl007	406	Picture	40	3846737	0	1	2155	1	0	2140	other	0
gpl007	407	Picture	90	3849059	0	1	7129	1	0	7000	other	0
gpl007	407	Pulse	199	3849074	15	0
gpl007	408	Picture	40	3856354	0	1	2653	1	0	2490	other	0
gpl007	409	Picture	95	3859172	0	1	7129	1	0	7000	hit	687
gpl007	409	Pulse	199	3861574	2402	0
gpl007	409	Response	25	3864464	5292	0
gpl007	410	Picture	40	3866467	0	1	4476	1	0	4350	other	0
gpl007	411	Picture	90	3871109	0	1	7129	1	0	7000	other	0
gpl007	411	Pulse	199	3874074	2965	0
gpl007	412	Picture	40	3878404	0	1	3482	1	0	3310	other	0
gpl007	413	Picture	90	3882051	0	1	7129	1	0	7000	other	0
gpl007	413	Pulse	199	3886575	4523	0
gpl007	414	Picture	40	3889346	0	1	3813	1	0	3660	other	0
gpl007	415	Picture	90	3893325	0	1	7129	1	0	7000	other	0
gpl007	415	Pulse	199	3899075	5749	0
gpl007	416	Picture	40	3900620	0	1	1824	1	0	1780	other	0
gpl007	417	Picture	90	3902610	0	1	7129	1	0	7000	other	0
gpl007	418	Picture	40	3909905	0	1	2155	1	0	1990	other	0
gpl007	418	Pulse	199	3911574	1670	0
gpl007	419	Picture	90	3912226	0	1	7129	1	0	7000	other	0
gpl007	420	Picture	40	3919521	0	1	2155	1	0	2130	other	0
gpl007	421	Picture	90	3921842	0	1	7129	1	0	7000	other	0
gpl007	421	Pulse	199	3924074	2233	0
gpl007	422	Picture	40	3929137	0	1	2818	1	0	2690	other	0
gpl007	423	Picture	50	3932121	0	1	70131	1	0	next	other	0
gpl007	423	Pulse	199	3936575	4453	0
gpl007	423	Pulse	199	3949074	16953	0
gpl007	423	Pulse	199	3961574	29453	0
gpl007	423	Pulse	199	3974074	41953	0
gpl007	423	Pulse	199	3986574	54453	0
gpl007	423	Pulse	199	3999074	66953	0
gpl007	424	Picture	60	4002252	0	1	7129	1	0	7000	other	0
gpl007	425	Picture	40	4009547	0	1	3813	1	0	3660	other	0
gpl007	425	Pulse	199	4011574	2028	0
gpl007	426	Picture	60	4013526	0	1	7129	1	0	7000	other	0
gpl007	427	Picture	40	4020821	0	1	3482	1	0	3310	other	0
gpl007	427	Pulse	199	4024074	3254	0
gpl007	428	Picture	65	4024468	0	1	7129	1	0	7000	hit	720
gpl007	428	Response	25	4029204	4736	0
gpl007	429	Picture	40	4031763	0	1	2653	1	0	2490	other	0
gpl007	430	Picture	60	4034581	0	1	7129	1	0	7000	other	0
gpl007	430	Pulse	199	4036574	1993	0
gpl007	431	Picture	40	4041876	0	1	2984	1	0	2860	other	0
gpl007	432	Picture	60	4045026	0	1	7129	1	0	7000	other	0
gpl007	432	Pulse	199	4049075	4048	0
gpl007	433	Picture	40	4052321	0	1	4476	1	0	4350	other	0
gpl007	434	Picture	60	4056963	0	1	7129	1	0	7000	other	0
gpl007	434	Pulse	199	4061574	4611	0
gpl007	435	Picture	40	4064258	0	1	2155	1	0	2140	other	0
gpl007	436	Picture	60	4066580	0	1	7129	1	0	7000	other	0
gpl007	437	Picture	40	4073874	0	1	2155	1	0	1990	other	0
gpl007	437	Pulse	199	4074074	199	0
gpl007	438	Picture	60	4076196	0	1	7129	1	0	7000	other	0
gpl007	439	Picture	40	4083490	0	1	2155	1	0	2130	other	0
gpl007	440	Picture	65	4085812	0	1	7129	1	0	7000	hit	738
gpl007	440	Pulse	199	4086574	762	0
gpl007	440	Response	25	4090204	4393	0
gpl007	441	Picture	40	4093106	0	1	2818	1	0	2690	other	0
gpl007	442	Picture	60	4096091	0	1	7129	1	0	7000	other	0
gpl007	442	Pulse	199	4099074	2983	0
gpl007	443	Picture	40	4103386	0	1	1824	1	0	1780	other	0
gpl007	444	Picture	50	4105375	0	1	70131	1	0	next	other	0
gpl007	444	Pulse	199	4111574	6199	0
gpl007	444	Pulse	199	4124074	18699	0
gpl007	444	Pulse	199	4136574	31199	0
gpl007	444	Pulse	199	4149084	43709	0
gpl007	444	Pulse	199	4161585	56209	0
gpl007	444	Pulse	199	4174084	68709	0
gpl007	445	Picture	70	4175506	0	1	7129	1	0	7000	other	0
gpl007	446	Picture	40	4182801	0	1	2155	1	0	2130	other	0
gpl007	447	Picture	70	4185122	0	1	7129	1	0	7000	other	0
gpl007	447	Pulse	199	4186584	1463	0
gpl007	448	Picture	40	4192417	0	1	2653	1	0	2490	other	0
gpl007	449	Picture	70	4195235	0	1	7129	1	0	7000	other	0
gpl007	449	Pulse	199	4199084	3849	0
gpl007	450	Picture	40	4202530	0	1	3482	1	0	3310	other	0
gpl007	451	Picture	70	4206177	0	1	7129	1	0	7000	other	0
gpl007	451	Pulse	199	4211584	5406	0
gpl007	452	Picture	40	4213472	0	1	2155	1	0	2140	other	0
gpl007	453	Picture	70	4215794	0	1	7129	1	0	7000	other	0
gpl007	454	Picture	40	4223088	0	1	2155	1	0	1990	other	0
gpl007	454	Pulse	199	4224084	996	0
gpl007	455	Picture	70	4225410	0	1	7129	1	0	7000	other	0
gpl007	456	Picture	40	4232704	0	1	2984	1	0	2860	other	0
gpl007	457	Picture	70	4235855	0	1	7129	1	0	7000	other	0
gpl007	457	Pulse	199	4236584	730	0
gpl007	458	Picture	40	4243149	0	1	2819	1	0	2690	other	0
gpl007	459	Picture	70	4246134	0	1	7129	1	0	7000	other	0
gpl007	459	Pulse	199	4249085	2951	0
gpl007	460	Picture	40	4253429	0	1	1824	1	0	1780	other	0
gpl007	461	Picture	70	4255418	0	1	7129	1	0	7000	other	0
gpl007	461	Pulse	199	4261584	6166	0
gpl007	462	Picture	40	4262713	0	1	4476	1	0	4350	other	0
gpl007	463	Picture	70	4267355	0	1	7129	1	0	7000	other	0
gpl007	463	Pulse	199	4274084	6729	0
gpl007	464	Picture	40	4274650	0	1	3813	1	0	3660	other	0
gpl007	465	Picture	50	4278629	0	1	50070	1	0	next	other	0
gpl007	465	Pulse	199	4286584	7955	0
gpl007	465	Pulse	199	4299084	20454	0
gpl007	465	Pulse	199	4311584	32955	0
gpl007	465	Pulse	199	4324084	45454	0
gpl007	466	Picture	80	4328699	0	1	7129	1	0	7000	other	0
gpl007	467	Picture	40	4335994	0	1	1824	1	0	1780	other	0
gpl007	467	Pulse	199	4336585	591	0
gpl007	468	Picture	80	4337983	0	1	7129	1	0	7000	other	0
gpl007	469	Picture	40	4345278	0	1	4476	1	0	4350	other	0
gpl007	469	Pulse	199	4349085	3807	0
gpl007	470	Picture	80	4349920	0	1	7129	1	0	7000	other	0
gpl007	471	Picture	40	4357215	0	1	2653	1	0	2490	other	0
gpl007	472	Picture	80	4360034	0	1	7129	1	0	7000	other	0
gpl007	472	Pulse	199	4361584	1551	0
gpl007	473	Picture	40	4367329	0	1	2155	1	0	2140	other	0
gpl007	474	Picture	80	4369650	0	1	7129	1	0	7000	other	0
gpl007	474	Pulse	199	4374084	4435	0
gpl007	475	Picture	40	4376945	0	1	2818	1	0	2690	other	0
gpl007	476	Picture	80	4379929	0	1	7129	1	0	7000	other	0
gpl007	476	Pulse	199	4386584	6655	0
gpl007	477	Picture	40	4387224	0	1	3813	1	0	3660	other	0
gpl007	478	Picture	80	4391203	0	1	7129	1	0	7000	other	0
gpl007	479	Picture	40	4398498	0	1	3482	1	0	3310	other	0
gpl007	479	Pulse	199	4399084	586	0
gpl007	480	Picture	80	4402145	0	1	7129	1	0	7000	other	0
gpl007	481	Picture	40	4409440	0	1	2155	1	0	1990	other	0
gpl007	481	Pulse	199	4411584	2144	0
gpl007	482	Picture	85	4411761	0	1	7129	1	0	7000	hit	807
gpl007	482	Response	25	4416144	4383	0
gpl007	483	Picture	40	4419056	0	1	2984	1	0	2860	other	0
gpl007	484	Picture	80	4422206	0	1	7129	1	0	7000	other	0
gpl007	484	Pulse	199	4424084	1877	0
gpl007	485	Picture	40	4429501	0	1	2155	1	0	2130	other	0
gpl007	486	Picture	50	4431822	0	1	90192	1	0	next	other	0
gpl007	486	Pulse	199	4436584	4762	0
gpl007	486	Pulse	199	4449084	17262	0
gpl007	486	Pulse	199	4461584	29762	0
gpl007	486	Pulse	199	4474084	42262	0
gpl007	486	Pulse	199	4486584	54762	0
gpl007	486	Pulse	199	4499085	67262	0
gpl007	486	Pulse	199	4511584	79762	0
gpl007	487	Picture	90	4522014	0	1	7129	1	0	7000	other	0
gpl007	487	Pulse	199	4524084	2070	0
gpl007	488	Picture	40	4529309	0	1	2818	1	0	2690	other	0
gpl007	489	Picture	90	4532293	0	1	7129	1	0	7000	other	0
gpl007	489	Pulse	199	4536584	4291	0
gpl007	490	Picture	40	4539588	0	1	3482	1	0	3310	other	0
gpl007	491	Picture	95	4543235	0	1	7129	1	0	7000	hit	827
gpl007	491	Response	25	4547324	4089	0
gpl007	491	Pulse	199	4549084	5848	0
gpl007	492	Picture	40	4550530	0	1	2653	1	0	2490	other	0
gpl007	493	Picture	90	4553349	0	1	7129	1	0	7000	other	0
gpl007	494	Picture	40	4560644	0	1	1824	1	0	1780	other	0
gpl007	494	Pulse	199	4561584	941	0
gpl007	495	Picture	90	4562633	0	1	7129	1	0	7000	other	0
gpl007	496	Picture	40	4569928	0	1	2155	1	0	2140	other	0
gpl007	497	Picture	90	4572249	0	1	7129	1	0	7000	other	0
gpl007	497	Pulse	199	4574085	1835	0
gpl007	498	Picture	40	4579544	0	1	3813	1	0	3660	other	0
gpl007	499	Picture	90	4583523	0	1	7129	1	0	7000	other	0
gpl007	499	Pulse	199	4586584	3061	0
gpl007	500	Picture	40	4590818	0	1	2155	1	0	2130	other	0
gpl007	501	Picture	90	4593139	0	1	7129	1	0	7000	other	0
gpl007	501	Pulse	199	4599084	5945	0
gpl007	502	Picture	40	4600434	0	1	2155	1	0	1990	other	0
gpl007	503	Picture	90	4602755	0	1	7129	1	0	7000	other	0
gpl007	504	Picture	40	4610050	0	1	4476	1	0	4350	other	0
gpl007	504	Pulse	199	4611584	1534	0
gpl007	505	Picture	90	4614692	0	1	7129	1	0	7000	other	0
gpl007	506	Picture	40	4621987	0	1	2984	1	0	2860	other	0
gpl007	506	Pulse	199	4624084	2097	0
gpl007	507	Picture	50	4625137	0	1	30174	1	0	next	other	0
gpl007	507	Pulse	199	4636584	11446	0
gpl007	507	Pulse	199	4649084	23946	0
gpl007	508	Picture	60	4655312	0	1	7129	1	0	7000	other	0
gpl007	508	Pulse	199	4661584	6273	0
gpl007	509	Picture	40	4662607	0	1	2155	1	0	2130	other	0
gpl007	510	Picture	60	4664928	0	1	7129	1	0	7000	other	0
gpl007	511	Picture	40	4672223	0	1	2819	1	0	2690	other	0
gpl007	511	Pulse	199	4674084	1862	0
gpl007	512	Picture	60	4675207	0	1	7129	1	0	7000	other	0
gpl007	513	Picture	40	4682502	0	1	2155	1	0	1990	other	0
gpl007	514	Picture	60	4684823	0	1	7129	1	0	7000	other	0
gpl007	514	Pulse	199	4686584	1761	0
gpl007	515	Picture	40	4692118	0	1	3482	1	0	3310	other	0
gpl007	516	Picture	60	4695765	0	1	7129	1	0	7000	other	0
gpl007	516	Pulse	199	4699084	3319	0
gpl007	517	Picture	40	4703060	0	1	2653	1	0	2490	other	0
gpl007	518	Picture	60	4705879	0	1	7129	1	0	7000	other	0
gpl007	518	Pulse	199	4711584	5706	0
gpl007	519	Picture	40	4713174	0	1	1824	1	0	1780	other	0
gpl007	520	Picture	60	4715163	0	1	7129	1	0	7000	other	0
gpl007	521	Picture	40	4722458	0	1	4476	1	0	4350	other	0
gpl007	521	Pulse	199	4724084	1626	0
gpl007	522	Picture	60	4727100	0	1	7129	1	0	7000	other	0
gpl007	523	Picture	40	4734395	0	1	3813	1	0	3660	other	0
gpl007	523	Pulse	199	4736584	2189	0
gpl007	524	Picture	60	4738374	0	1	7129	1	0	7000	other	0
gpl007	525	Picture	40	4745669	0	1	2155	1	0	2140	other	0
gpl007	526	Picture	60	4747990	0	1	7129	1	0	7000	other	0
gpl007	526	Pulse	199	4749084	1094	0
gpl007	527	Picture	40	4755285	0	1	2984	1	0	2860	other	0
gpl007	528	Picture	50	4758435	0	1	50070	1	0	next	other	0
gpl007	528	Pulse	199	4761584	3148	0
gpl007	528	Pulse	199	4774084	15649	0
gpl007	528	Pulse	199	4786584	28149	0
gpl007	528	Pulse	199	4799084	40649	0
gpl007	529	Picture	70	4808505	0	1	7129	1	0	7000	other	0
gpl007	529	Pulse	199	4811584	3079	0
gpl007	530	Picture	40	4815800	0	1	2155	1	0	2140	other	0
gpl007	531	Picture	70	4818121	0	1	7129	1	0	7000	other	0
gpl007	531	Pulse	199	4824084	5963	0
gpl007	532	Picture	40	4825416	0	1	1824	1	0	1780	other	0
gpl007	533	Picture	70	4827405	0	1	7129	1	0	7000	other	0
gpl007	534	Picture	40	4834700	0	1	2984	1	0	2860	other	0
gpl007	534	Pulse	199	4836584	1884	0
gpl007	535	Picture	70	4837850	0	1	7129	1	0	7000	other	0
gpl007	536	Picture	40	4845145	0	1	3482	1	0	3310	other	0
gpl007	537	Picture	70	4848793	0	1	7129	1	0	7000	other	0
gpl007	537	Pulse	199	4849084	292	0
gpl007	538	Picture	40	4856088	0	1	2155	1	0	2130	other	0
gpl007	539	Picture	70	4858409	0	1	7129	1	0	7000	other	0
gpl007	539	Pulse	199	4861584	3175	0
gpl007	540	Picture	40	4865704	0	1	2155	1	0	1990	other	0
gpl007	541	Picture	70	4868025	0	1	7129	1	0	7000	other	0
gpl007	541	Pulse	199	4874083	6059	0
gpl007	542	Picture	40	4875320	0	1	2818	1	0	2690	other	0
gpl007	543	Picture	75	4878304	0	1	7129	1	0	7000	hit	907
gpl007	543	Response	25	4882124	3820	0
gpl007	544	Picture	40	4885599	0	1	4476	1	0	4350	other	0
gpl007	544	Pulse	199	4886584	985	0
gpl007	545	Picture	70	4890241	0	1	7129	1	0	7000	other	0
gpl007	546	Picture	40	4897536	0	1	2653	1	0	2490	other	0
gpl007	546	Pulse	199	4899084	1548	0
gpl007	547	Picture	70	4900354	0	1	7129	1	0	7000	other	0
gpl007	548	Picture	40	4907649	0	1	3813	1	0	3660	other	0
gpl007	548	Pulse	199	4911584	3935	0
gpl007	549	Picture	50	4911628	0	1	70131	1	0	next	other	0
gpl007	549	Pulse	199	4924084	12456	0
gpl007	549	Pulse	199	4936584	24956	0
gpl007	549	Pulse	199	4949084	37456	0
gpl007	549	Pulse	199	4961584	49956	0
gpl007	549	Pulse	199	4974083	62455	0
gpl007	550	Picture	80	4981759	0	1	7129	1	0	7000	other	0
gpl007	550	Pulse	199	4986584	4825	0
gpl007	551	Picture	40	4989054	0	1	2155	1	0	2140	other	0
gpl007	552	Picture	80	4991375	0	1	7129	1	0	7000	other	0
gpl007	553	Picture	40	4998670	0	1	2984	1	0	2860	other	0
gpl007	553	Pulse	199	4999084	414	0
gpl007	554	Picture	80	5001820	0	1	7129	1	0	7000	other	0
gpl007	555	Picture	40	5009115	0	1	4476	1	0	4350	other	0
gpl007	555	Pulse	199	5011585	2470	0
gpl007	556	Picture	80	5013757	0	1	7129	1	0	7000	other	0
gpl007	557	Picture	40	5021052	0	1	3482	1	0	3310	other	0
gpl007	557	Pulse	199	5024084	3032	0
gpl007	558	Picture	85	5024699	0	1	7129	1	0	7000	hit	935
gpl007	558	Response	25	5027904	3204	0
gpl007	559	Picture	40	5031994	0	1	3813	1	0	3660	other	0
gpl007	560	Picture	80	5035973	0	1	7129	1	0	7000	other	0
gpl007	560	Pulse	199	5036584	611	0
gpl007	561	Picture	40	5043268	0	1	2155	1	0	2130	other	0
gpl007	562	Picture	80	5045589	0	1	7129	1	0	7000	other	0
gpl007	562	Pulse	199	5049084	3495	0
gpl007	563	Picture	40	5052884	0	1	1824	1	0	1780	other	0
gpl007	564	Picture	80	5054874	0	1	7129	1	0	7000	other	0
gpl007	564	Pulse	199	5061584	6710	0
gpl007	565	Picture	40	5062169	0	1	2818	1	0	2690	other	0
gpl007	566	Picture	80	5065153	0	1	7129	1	0	7000	other	0
gpl007	567	Picture	40	5072448	0	1	2155	1	0	1990	other	0
gpl007	567	Pulse	199	5074084	1636	0
gpl007	568	Picture	80	5074769	0	1	7129	1	0	7000	other	0
gpl007	569	Picture	40	5082064	0	1	2653	1	0	2490	other	0
gpl007	570	Picture	50	5084882	0	1	30174	1	0	next	other	0
gpl007	570	Pulse	199	5086583	1701	0
gpl007	570	Pulse	199	5099083	14201	0
gpl007	570	Pulse	199	5111584	26702	0
gpl007	571	Picture	90	5115057	0	1	7129	1	0	7000	other	0
gpl007	572	Picture	40	5122352	0	1	4476	1	0	4350	other	0
gpl007	572	Pulse	199	5124084	1733	0
gpl007	573	Picture	90	5126994	0	1	7129	1	0	7000	other	0
gpl007	574	Picture	40	5134289	0	1	2984	1	0	2860	other	0
gpl007	574	Pulse	199	5136584	2296	0
gpl007	575	Picture	90	5137439	0	1	7129	1	0	7000	other	0
gpl007	576	Picture	40	5144734	0	1	2155	1	0	1990	other	0
gpl007	577	Picture	90	5147055	0	1	7129	1	0	7000	other	0
gpl007	577	Pulse	199	5149084	2029	0
gpl007	578	Picture	40	5154350	0	1	3813	1	0	3660	other	0
gpl007	579	Picture	90	5158329	0	1	7129	1	0	7000	other	0
gpl007	579	Pulse	199	5161584	3255	0
gpl007	580	Picture	40	5165624	0	1	2818	1	0	2690	other	0
gpl007	581	Picture	90	5168608	0	1	7129	1	0	7000	other	0
gpl007	581	Pulse	199	5174084	5476	0
gpl007	582	Picture	40	5175902	0	1	3482	2	0	3310	other	0
gpl007	583	Picture	95	5179550	0	1	7129	1	0	7000	hit	973
gpl007	583	Response	25	5183713	4163	0
gpl007	583	Pulse	199	5186584	7033	0
gpl007	584	Picture	40	5186845	0	1	2155	1	0	2130	other	0
gpl007	585	Picture	90	5189166	0	1	7129	1	0	7000	other	0
gpl007	586	Picture	40	5196461	0	1	2155	1	0	2140	other	0
gpl007	587	Picture	95	5198782	0	1	7129	1	0	7000	hit	980
gpl007	587	Pulse	199	5199084	301	0
gpl007	587	Response	25	5204634	5852	0
gpl007	588	Picture	40	5206077	0	1	1824	1	0	1780	other	0
gpl007	589	Picture	90	5208067	0	1	7129	1	0	7000	other	0
gpl007	589	Pulse	199	5211584	3517	0
gpl007	590	Picture	40	5215362	0	1	2653	1	0	2490	other	0
gpl007	591	Picture	50	5218180	0	1	90192	1	0	next	other	0
gpl007	591	Pulse	199	5224084	5904	0
gpl007	591	Pulse	199	5236584	18404	0
gpl007	591	Pulse	199	5249084	30904	0
gpl007	591	Pulse	199	5261584	43404	0
gpl007	591	Pulse	199	5274084	55903	0
gpl007	591	Pulse	199	5286584	68404	0
gpl007	591	Pulse	199	5299084	80903	0
gpl007	592	Picture	60	5308372	0	1	7129	1	0	7000	other	0
gpl007	592	Pulse	199	5311584	3212	0
gpl007	593	Picture	40	5315667	0	1	3482	1	0	3310	other	0
gpl007	594	Picture	60	5319314	0	1	7129	1	0	7000	other	0
gpl007	594	Pulse	199	5324083	4769	0
gpl007	595	Picture	40	5326609	0	1	4476	1	0	4350	other	0
gpl007	596	Picture	60	5331251	0	1	7129	1	0	7000	other	0
gpl007	596	Pulse	199	5336584	5333	0
gpl007	597	Picture	40	5338546	0	1	2984	1	0	2860	other	0
gpl007	598	Picture	60	5341696	0	1	7129	1	0	7000	other	0
gpl007	599	Picture	40	5348991	0	1	3813	1	0	3660	other	0
gpl007	599	Pulse	199	5349083	92	0
gpl007	600	Picture	60	5352970	0	1	7129	1	0	7000	other	0
gpl007	601	Picture	40	5360265	0	1	2818	1	0	2690	other	0
gpl007	601	Pulse	199	5361585	1320	0
gpl007	602	Picture	60	5363249	0	1	7129	1	0	7000	other	0
gpl007	603	Picture	40	5370544	0	1	2155	1	0	1990	other	0
gpl007	604	Picture	60	5372865	0	1	7129	1	0	7000	other	0
gpl007	604	Pulse	199	5374083	1218	0
gpl007	605	Picture	40	5380160	0	1	2155	1	0	2130	other	0
gpl007	606	Picture	60	5382481	0	1	7129	1	0	7000	other	0
gpl007	606	Pulse	199	5386584	4103	0
gpl007	607	Picture	40	5389776	0	1	2653	1	0	2490	other	0
gpl007	608	Picture	60	5392595	0	1	7129	1	0	7000	other	0
gpl007	608	Pulse	199	5399083	6489	0
gpl007	609	Picture	40	5399890	0	1	1824	1	0	1780	other	0
gpl007	610	Picture	65	5401879	0	1	7129	1	0	7000	hit	1020
gpl007	610	Response	25	5407404	5524	0
gpl007	611	Picture	40	5409174	0	1	2155	1	0	2140	other	0
gpl007	612	Picture	50	5411495	0	1	30174	1	0	next	other	0
gpl007	612	Pulse	199	5411584	89	0
gpl007	612	Pulse	199	5424083	12588	0
gpl007	612	Pulse	199	5436583	25088	0
gpl007	613	Picture	70	5441670	0	1	7129	1	0	7000	other	0
gpl007	614	Picture	40	5448965	0	1	2155	1	0	2140	other	0
gpl007	614	Pulse	199	5449083	119	0
gpl007	615	Picture	70	5451286	0	1	7129	1	0	7000	other	0
gpl007	616	Picture	40	5458581	0	1	4476	1	0	4350	other	0
gpl007	616	Pulse	199	5461584	3003	0
gpl007	617	Picture	70	5463223	0	1	7129	1	0	7000	other	0
gpl007	618	Picture	40	5470518	0	1	2653	1	0	2490	other	0
gpl007	619	Picture	70	5473336	0	1	7129	1	0	7000	other	0
gpl007	619	Pulse	199	5474084	748	0
gpl007	620	Picture	40	5480631	0	1	3482	1	0	3310	other	0
gpl007	621	Picture	70	5484279	0	1	7129	1	0	7000	other	0
gpl007	621	Pulse	199	5486584	2306	0
gpl007	622	Picture	40	5491573	0	1	2984	1	0	2860	other	0
gpl007	623	Picture	70	5494723	0	1	7129	1	0	7000	other	0
gpl007	623	Pulse	199	5499084	4360	0
gpl007	624	Picture	40	5502018	0	1	2818	1	0	2690	other	0
gpl007	625	Picture	70	5505003	0	1	7129	1	0	7000	other	0
gpl007	625	Pulse	199	5511584	6581	0
gpl007	626	Picture	40	5512298	0	1	1824	1	0	1780	other	0
gpl007	627	Picture	75	5514287	0	1	7129	1	0	7000	hit	1047
gpl007	627	Response	25	5519494	5207	0
gpl007	628	Picture	40	5521582	0	1	2155	1	0	2130	other	0
gpl007	629	Picture	70	5523903	0	1	7129	1	0	7000	other	0
gpl007	629	Pulse	199	5524084	181	0
gpl007	630	Picture	40	5531198	0	1	2155	1	0	1990	other	0
gpl007	631	Picture	70	5533519	0	1	7129	1	0	7000	other	0
gpl007	631	Pulse	199	5536583	3064	0
gpl007	632	Picture	40	5540814	0	1	3813	1	0	3660	other	0
gpl007	633	Picture	50	5544793	0	1	90192	1	0	next	other	0
gpl007	633	Pulse	199	5549084	4291	0
gpl007	633	Pulse	199	5561584	16791	0
gpl007	633	Pulse	199	5574084	29291	0
gpl007	633	Pulse	199	5586584	41791	0
gpl007	633	Pulse	199	5599084	54291	0
gpl007	633	Pulse	199	5611584	66791	0
gpl007	633	Pulse	199	5624084	79291	0
gpl007	634	Picture	80	5634985	0	1	7129	1	0	7000	other	0
gpl007	634	Pulse	199	5636583	1599	0
gpl007	635	Picture	40	5642280	0	1	2155	1	0	2130	other	0
gpl007	636	Picture	80	5644601	0	1	7129	1	0	7000	other	0
gpl007	636	Pulse	199	5649083	4482	0
gpl007	637	Picture	40	5651896	0	1	4476	1	0	4350	other	0
gpl007	638	Picture	85	5656538	0	1	7129	1	0	7000	hit	1071
gpl007	638	Pulse	199	5661584	5046	0
gpl007	638	Response	25	5662473	5935	0
gpl007	639	Picture	40	5663833	0	1	1824	1	0	1780	other	0
gpl007	640	Picture	80	5665822	0	1	7129	1	0	7000	other	0
gpl007	641	Picture	40	5673117	0	1	2984	1	0	2860	other	0
gpl007	641	Pulse	199	5674084	967	0
gpl007	642	Picture	85	5676267	0	1	7129	1	0	7000	hit	1077
gpl007	642	Response	25	5681974	5707	0
gpl007	643	Picture	40	5683562	0	1	3813	1	0	3660	other	0
gpl007	643	Pulse	199	5686584	3022	0
gpl007	644	Picture	80	5687541	0	1	7129	1	0	7000	other	0
gpl007	645	Picture	40	5694836	0	1	2155	1	0	1990	other	0
gpl007	646	Picture	80	5697157	0	1	7129	1	0	7000	other	0
gpl007	646	Pulse	199	5699084	1927	0
gpl007	647	Picture	40	5704452	0	1	3482	1	0	3310	other	0
gpl007	648	Picture	80	5708100	0	1	7129	1	0	7000	other	0
gpl007	648	Pulse	199	5711584	3484	0
gpl007	649	Picture	40	5715394	0	1	2818	1	0	2690	other	0
gpl007	650	Picture	80	5718379	0	1	7129	1	0	7000	other	0
gpl007	650	Pulse	199	5724084	5705	0
gpl007	651	Picture	40	5725674	0	1	2155	1	0	2140	other	0
gpl007	652	Picture	80	5727995	0	1	7129	1	0	7000	other	0
gpl007	653	Picture	40	5735290	0	1	2653	1	0	2490	other	0
gpl007	653	Pulse	199	5736584	1294	0
gpl007	654	Picture	50	5738108	0	1	70131	1	0	next	other	0
gpl007	654	Pulse	199	5749083	10975	0
gpl007	654	Pulse	199	5761584	23475	0
gpl007	654	Pulse	199	5774083	35975	0
gpl007	654	Pulse	199	5786584	48475	0
gpl007	654	Pulse	199	5799084	60976	0
gpl007	655	Picture	90	5808239	0	1	7129	1	0	7000	other	0
gpl007	655	Pulse	199	5811583	3344	0
gpl007	656	Picture	40	5815534	0	1	2155	1	0	1990	other	0
gpl007	657	Picture	90	5817855	0	1	7129	1	0	7000	other	0
gpl007	657	Pulse	199	5824084	6229	0
gpl007	658	Picture	40	5825150	0	1	3813	1	0	3660	other	0
gpl007	659	Picture	90	5829129	0	1	7129	1	0	7000	other	0
gpl007	660	Picture	40	5836424	0	1	4476	1	0	4350	other	0
gpl007	660	Pulse	199	5836583	159	0
gpl007	661	Picture	90	5841066	0	1	7129	1	0	7000	other	0
gpl007	662	Picture	40	5848361	0	1	2653	1	0	2490	other	0
gpl007	662	Pulse	199	5849084	723	0
gpl007	663	Picture	90	5851179	0	1	7129	1	0	7000	other	0
gpl007	664	Picture	40	5858474	0	1	2984	1	0	2860	other	0
gpl007	664	Pulse	199	5861583	3109	0
gpl007	665	Picture	90	5861624	0	1	7129	1	0	7000	other	0
gpl007	666	Picture	40	5868919	0	1	1824	1	0	1780	other	0
gpl007	667	Picture	90	5870909	0	1	7129	1	0	7000	other	0
gpl007	667	Pulse	199	5874083	3174	0
gpl007	668	Picture	40	5878204	0	1	3482	1	0	3310	other	0
gpl007	669	Picture	90	5881851	0	1	7129	1	0	7000	other	0
gpl007	669	Pulse	199	5886583	4732	0
gpl007	670	Picture	40	5889146	0	1	2818	1	0	2690	other	0
gpl007	671	Picture	90	5892130	0	1	7129	1	0	7000	other	0
gpl007	671	Pulse	199	5899084	6954	0
gpl007	672	Picture	40	5899425	0	1	2155	1	0	2130	other	0
gpl007	673	Picture	90	5901746	0	1	7129	1	0	7000	other	0
gpl007	674	Picture	40	5909041	0	1	2155	1	0	2140	other	0
gpl007	675	Picture	50	5911362	0	1	50070	1	0	next	other	0
gpl007	675	Pulse	199	5911583	221	0
gpl007	675	Pulse	199	5924084	12722	0
gpl007	675	Pulse	199	5936594	25232	0
gpl007	675	Pulse	199	5949084	37722	0
gpl007	676	Picture	200	5961432	0	1	260130	1	0	260000	other	0
gpl007	676	Pulse	199	5961594	162	0
gpl007	676	Pulse	199	5974094	12662	0
gpl007	676	Pulse	199	5986594	25162	0
gpl007	676	Pulse	199	5999094	37662	0
gpl007	676	Pulse	199	6011594	50162	0
gpl007	676	Pulse	199	6024094	62662	0
gpl007	676	Pulse	199	6036594	75162	0
gpl007	676	Pulse	199	6049093	87662	0
gpl007	676	Pulse	199	6061594	100162	0
gpl007	676	Pulse	199	6074093	112661	0
gpl007	676	Pulse	199	6086593	125161	0
gpl007	676	Pulse	199	6099093	137661	0
gpl007	676	Pulse	199	6111593	150161	0
gpl007	676	Pulse	199	6124093	162661	0
gpl007	676	Pulse	199	6136594	175162	0
gpl007	676	Pulse	199	6149093	187661	0
gpl007	676	Pulse	199	6161594	200162	0
gpl007	676	Pulse	199	6174093	212661	0
