Scenario - 
Logfile written - 04/16/2021 15:15:54

Subject	Trial	Event Type	Code	Time	TTime	Uncertainty	Duration	Uncertainty	ReqTime	ReqDur	Stim Type	Pair Index

gpl005	1	Response	20	86984	86818	0
gpl005	2	Picture	start	87041	0	1	727003	1	0	next	other	0
gpl005	2	Response	20	96155	9114	0
gpl005	3	Pulse	199	813893	717738	0
gpl005	3	Picture	100	814044	717889	1	50070	1	0	50000	other	0
gpl005	3	Pulse	199	826393	730238	0
gpl005	3	Pulse	199	838893	742738	0
gpl005	3	Pulse	199	851392	755237	0
gpl005	3	Pulse	199	863892	767737	0
gpl005	4	Picture	60	864279	0	1	7129	1	0	7000	other	0
gpl005	5	Picture	40	871574	0	1	3813	1	0	3660	other	0
gpl005	6	Picture	60	875553	0	1	7129	1	0	7000	other	0
gpl005	6	Pulse	199	876393	839	0
gpl005	7	Picture	40	882848	0	1	1824	1	0	1780	other	0
gpl005	8	Picture	60	884838	0	1	7129	1	0	7000	other	0
gpl005	8	Pulse	199	888893	4055	0
gpl005	9	Picture	40	892133	0	1	2155	1	0	2130	other	0
gpl005	10	Picture	60	894454	0	1	7129	1	0	7000	other	0
gpl005	10	Pulse	199	901393	6939	0
gpl005	11	Picture	40	901749	0	1	2818	1	0	2690	other	0
gpl005	12	Picture	60	904733	0	1	7129	1	0	7000	other	0
gpl005	13	Picture	40	912028	0	1	3482	1	0	3310	other	0
gpl005	13	Pulse	199	913893	1865	0
gpl005	14	Picture	60	915675	0	1	7129	1	0	7000	other	0
gpl005	15	Picture	40	922970	0	1	2155	1	0	2140	other	0
gpl005	16	Picture	60	925291	0	1	7129	1	0	7000	other	0
gpl005	16	Pulse	199	926393	1102	0
gpl005	17	Picture	40	932586	0	1	2155	1	0	1990	other	0
gpl005	18	Picture	60	934907	0	1	7129	1	0	7000	other	0
gpl005	18	Pulse	199	938893	3986	0
gpl005	19	Picture	40	942202	0	1	2984	1	0	2860	other	0
gpl005	20	Picture	60	945352	0	1	7129	1	0	7000	other	0
gpl005	20	Pulse	199	951393	6041	0
gpl005	21	Picture	40	952647	0	1	4476	1	0	4350	other	0
gpl005	22	Picture	60	957289	0	1	7129	1	0	7000	other	0
gpl005	22	Pulse	199	963892	6603	0
gpl005	23	Picture	40	964584	0	1	2653	1	0	2490	other	0
gpl005	24	Picture	50	967403	0	1	30174	1	0	next	other	0
gpl005	24	Pulse	199	976393	8990	0
gpl005	24	Pulse	199	988893	21490	0
gpl005	25	Picture	70	997577	0	1	7129	1	0	7000	other	0
gpl005	25	Pulse	199	1001393	3816	0
gpl005	26	Picture	40	1004872	0	1	2984	1	0	2860	other	0
gpl005	27	Picture	70	1008022	0	1	7129	1	0	7000	other	0
gpl005	27	Pulse	199	1013893	5871	0
gpl005	28	Picture	40	1015317	0	1	2155	1	0	2130	other	0
gpl005	29	Picture	70	1017638	0	1	7129	1	0	7000	other	0
gpl005	30	Picture	40	1024933	0	1	4476	1	0	4350	other	0
gpl005	30	Pulse	199	1026393	1460	0
gpl005	31	Picture	70	1029575	0	1	7129	1	0	7000	other	0
gpl005	32	Picture	40	1036870	0	1	2819	1	0	2690	other	0
gpl005	32	Pulse	199	1038893	2023	0
gpl005	33	Picture	70	1039854	0	1	7129	1	0	7000	other	0
gpl005	34	Picture	40	1047149	0	1	1824	1	0	1780	other	0
gpl005	35	Picture	70	1049139	0	1	7129	1	0	7000	other	0
gpl005	35	Pulse	199	1051393	2254	0
gpl005	36	Picture	40	1056434	0	1	2653	1	0	2490	other	0
gpl005	37	Picture	70	1059252	0	1	7129	1	0	7000	other	0
gpl005	37	Pulse	199	1063892	4640	0
gpl005	38	Picture	40	1066547	0	1	3482	1	0	3310	other	0
gpl005	39	Picture	75	1070195	0	1	7129	1	0	7000	hit	62
gpl005	39	Response	25	1075382	5188	0
gpl005	39	Pulse	199	1076392	6198	0
gpl005	40	Picture	40	1077489	0	1	3813	1	0	3660	other	0
gpl005	41	Picture	70	1081469	0	1	7129	1	0	7000	other	0
gpl005	42	Picture	40	1088763	0	1	2155	1	0	1990	other	0
gpl005	42	Pulse	199	1088892	129	0
gpl005	43	Picture	70	1091085	0	1	7129	1	0	7000	other	0
gpl005	44	Picture	40	1098379	0	1	2155	1	0	2140	other	0
gpl005	45	Picture	50	1100700	0	1	50070	1	0	next	other	0
gpl005	45	Pulse	199	1101393	692	0
gpl005	45	Pulse	199	1113893	13192	0
gpl005	45	Pulse	199	1126392	25692	0
gpl005	45	Pulse	199	1138893	38192	0
gpl005	46	Picture	90	1150770	0	1	7129	1	0	7000	other	0
gpl005	46	Pulse	199	1151393	623	0
gpl005	47	Picture	40	1158065	0	1	3482	1	0	3310	other	0
gpl005	48	Picture	90	1161712	0	1	7129	1	0	7000	other	0
gpl005	48	Pulse	199	1163902	2190	0
gpl005	49	Picture	40	1169007	0	1	2155	1	0	2140	other	0
gpl005	50	Picture	90	1171328	0	1	7129	1	0	7000	other	0
gpl005	50	Pulse	199	1176402	5074	0
gpl005	51	Picture	40	1178623	0	1	2155	1	0	1990	other	0
gpl005	52	Picture	90	1180944	0	1	7129	1	0	7000	other	0
gpl005	53	Picture	40	1188239	0	1	2155	1	0	2130	other	0
gpl005	53	Pulse	199	1188902	663	0
gpl005	54	Picture	95	1190560	0	1	7129	1	0	7000	hit	88
gpl005	54	Response	25	1194613	4052	0
gpl005	55	Picture	40	1197855	0	1	3813	1	0	3660	other	0
gpl005	55	Pulse	199	1201402	3547	0
gpl005	56	Picture	90	1201834	0	1	7129	1	0	7000	other	0
gpl005	57	Picture	40	1209129	0	1	4476	1	0	4350	other	0
gpl005	58	Picture	90	1213771	0	1	7129	1	0	7000	other	0
gpl005	58	Pulse	199	1213903	131	0
gpl005	59	Picture	40	1221066	0	1	2818	1	0	2690	other	0
gpl005	60	Picture	90	1224051	0	1	7129	1	0	7000	other	0
gpl005	60	Pulse	199	1226403	2352	0
gpl005	61	Picture	40	1231345	0	1	2984	1	0	2860	other	0
gpl005	62	Picture	90	1234496	0	1	7129	1	0	7000	other	0
gpl005	62	Pulse	199	1238903	4407	0
gpl005	63	Picture	40	1241790	0	1	1824	1	0	1780	other	0
gpl005	64	Picture	90	1243780	0	1	7129	1	0	7000	other	0
gpl005	65	Picture	40	1251075	0	1	2653	1	0	2490	other	0
gpl005	65	Pulse	199	1251402	327	0
gpl005	66	Picture	50	1253893	0	2	70131	2	0	next	other	0
gpl005	66	Pulse	199	1263903	10010	0
gpl005	66	Pulse	199	1276402	22510	0
gpl005	66	Pulse	199	1288902	35009	0
gpl005	66	Pulse	199	1301402	47509	0
gpl005	66	Pulse	199	1313903	60010	0
gpl005	67	Picture	80	1324024	0	1	7129	1	0	7000	other	0
gpl005	67	Pulse	199	1326403	2379	0
gpl005	68	Picture	40	1331319	0	1	2653	1	0	2490	other	0
gpl005	69	Picture	80	1334137	0	1	7129	1	0	7000	other	0
gpl005	69	Pulse	199	1338903	4766	0
gpl005	70	Picture	40	1341432	0	1	3482	1	0	3310	other	0
gpl005	71	Picture	80	1345080	0	1	7129	1	0	7000	other	0
gpl005	71	Pulse	199	1351403	6323	0
gpl005	72	Picture	40	1352374	0	1	3813	1	0	3660	other	0
gpl005	73	Picture	85	1356354	0	1	7129	1	0	7000	hit	121
gpl005	73	Response	25	1360122	3769	0
gpl005	74	Picture	40	1363648	0	1	2155	1	0	2140	other	0
gpl005	74	Pulse	199	1363903	254	0
gpl005	75	Picture	80	1365969	0	1	7129	1	0	7000	other	0
gpl005	76	Picture	40	1373264	0	1	2818	1	0	2690	other	0
gpl005	77	Picture	85	1376249	0	1	7129	1	0	7000	hit	128
gpl005	77	Pulse	199	1376403	154	0
gpl005	77	Response	25	1380182	3934	0
gpl005	78	Picture	40	1383544	0	1	2155	1	0	2130	other	0
gpl005	79	Picture	80	1385865	0	1	7129	1	0	7000	other	0
gpl005	79	Pulse	199	1388902	3038	0
gpl005	80	Picture	40	1393160	0	1	1824	1	0	1780	other	0
gpl005	81	Picture	80	1395149	0	1	7129	1	0	7000	other	0
gpl005	81	Pulse	199	1401402	6253	0
gpl005	82	Picture	40	1402444	0	1	2155	1	0	1990	other	0
gpl005	83	Picture	80	1404765	0	1	7129	1	0	7000	other	0
gpl005	84	Picture	40	1412060	0	1	4476	1	0	4350	other	0
gpl005	84	Pulse	199	1413902	1842	0
gpl005	85	Picture	80	1416702	0	1	7129	1	0	7000	other	0
gpl005	86	Picture	40	1423997	0	1	2984	1	0	2860	other	0
gpl005	86	Pulse	199	1426402	2405	0
gpl005	87	Picture	50	1427147	0	1	90191	1	0	next	other	0
gpl005	87	Pulse	199	1438903	11755	0
gpl005	87	Pulse	199	1451402	24255	0
gpl005	87	Pulse	199	1463902	36755	0
gpl005	87	Pulse	199	1476402	49255	0
gpl005	87	Pulse	199	1488903	61755	0
gpl005	87	Pulse	199	1501402	74254	0
gpl005	87	Pulse	199	1513901	86754	0
gpl005	88	Picture	60	1517339	0	1	7129	1	0	7000	other	0
gpl005	89	Picture	40	1524634	0	1	2984	1	0	2860	other	0
gpl005	89	Pulse	199	1526401	1768	0
gpl005	90	Picture	60	1527784	0	1	7129	1	0	7000	other	0
gpl005	91	Picture	40	1535079	0	1	3482	1	0	3310	other	0
gpl005	92	Picture	60	1538726	0	1	7129	1	0	7000	other	0
gpl005	92	Pulse	199	1538902	176	0
gpl005	93	Picture	40	1546021	0	1	3813	1	0	3660	other	0
gpl005	94	Picture	60	1550000	0	1	7129	1	0	7000	other	0
gpl005	94	Pulse	199	1551402	1402	0
gpl005	95	Picture	40	1557295	0	1	2155	1	0	2140	other	0
gpl005	96	Picture	60	1559616	0	1	7129	1	0	7000	other	0
gpl005	96	Pulse	199	1563902	4286	0
gpl005	97	Picture	40	1566911	0	1	2653	1	0	2490	other	0
gpl005	98	Picture	65	1569729	0	1	7129	1	0	7000	hit	165
gpl005	98	Response	25	1572992	3263	0
gpl005	98	Pulse	199	1576402	6672	0
gpl005	99	Picture	40	1577024	0	1	2155	1	0	2130	other	0
gpl005	100	Picture	60	1579345	0	1	7129	1	0	7000	other	0
gpl005	101	Picture	40	1586640	0	1	2155	1	0	1990	other	0
gpl005	101	Pulse	199	1588902	2262	0
gpl005	102	Picture	60	1588961	0	1	7129	1	0	7000	other	0
gpl005	103	Picture	40	1596256	0	1	4476	1	0	4350	other	0
gpl005	104	Picture	60	1600898	0	1	7129	1	0	7000	other	0
gpl005	104	Pulse	199	1601402	503	0
gpl005	105	Picture	40	1608193	0	1	1824	1	0	1780	other	0
gpl005	106	Picture	60	1610183	0	1	7129	1	0	7000	other	0
gpl005	106	Pulse	199	1613902	3719	0
gpl005	107	Picture	40	1617478	0	1	2818	1	0	2690	other	0
gpl005	108	Picture	50	1620462	0	1	90191	1	0	next	other	0
gpl005	108	Pulse	199	1626401	5939	0
gpl005	108	Pulse	199	1638901	18439	0
gpl005	108	Pulse	199	1651401	30939	0
gpl005	108	Pulse	199	1663902	43440	0
gpl005	108	Pulse	199	1676402	55940	0
gpl005	108	Pulse	199	1688902	68440	0
gpl005	108	Pulse	199	1701402	80940	0
gpl005	109	Picture	70	1710653	0	1	7129	1	0	7000	other	0
gpl005	109	Pulse	199	1713902	3248	0
gpl005	110	Picture	40	1717948	0	1	1824	1	0	1780	other	0
gpl005	111	Picture	70	1719938	0	1	7129	1	0	7000	other	0
gpl005	111	Pulse	199	1726402	6464	0
gpl005	112	Picture	40	1727233	0	1	3482	1	0	3310	other	0
gpl005	113	Picture	70	1730880	0	1	7129	1	0	7000	other	0
gpl005	114	Picture	40	1738175	0	1	4476	1	0	4350	other	0
gpl005	114	Pulse	199	1738901	726	0
gpl005	115	Picture	70	1742817	0	1	7129	1	0	7000	other	0
gpl005	116	Picture	40	1750112	0	1	2155	1	0	1990	other	0
gpl005	116	Pulse	199	1751401	1289	0
gpl005	117	Picture	70	1752433	0	1	7129	1	0	7000	other	0
gpl005	118	Picture	40	1759728	0	1	2155	1	0	2140	other	0
gpl005	119	Picture	70	1762049	0	1	7129	1	0	7000	other	0
gpl005	119	Pulse	199	1763902	1853	0
gpl005	120	Picture	40	1769344	0	1	2818	1	0	2690	other	0
gpl005	121	Picture	70	1772329	0	1	7129	1	0	7000	other	0
gpl005	121	Pulse	199	1776402	4074	0
gpl005	122	Picture	40	1779623	0	1	3813	1	0	3660	other	0
gpl005	123	Picture	70	1783602	0	1	7129	1	0	7000	other	0
gpl005	123	Pulse	199	1788902	5299	0
gpl005	124	Picture	40	1790897	0	1	2155	1	0	2130	other	0
gpl005	125	Picture	70	1793218	0	1	7129	1	0	7000	other	0
gpl005	126	Picture	40	1800513	0	1	2984	1	0	2860	other	0
gpl005	126	Pulse	199	1801402	889	0
gpl005	127	Picture	75	1803663	0	1	7129	1	0	7000	hit	214
gpl005	127	Response	25	1807791	4128	0
gpl005	128	Picture	40	1810958	0	1	2653	1	0	2490	other	0
gpl005	129	Picture	50	1813777	0	1	70130	1	0	next	other	0
gpl005	129	Pulse	199	1813902	125	0
gpl005	129	Pulse	199	1826402	12625	0
gpl005	129	Pulse	199	1838902	25125	0
gpl005	129	Pulse	199	1851401	37624	0
gpl005	129	Pulse	199	1863901	50124	0
gpl005	129	Pulse	199	1876402	62625	0
gpl005	130	Picture	90	1883907	0	1	7129	1	0	7000	other	0
gpl005	130	Pulse	199	1888902	4995	0
gpl005	131	Picture	40	1891202	0	1	1824	1	0	1780	other	0
gpl005	132	Picture	90	1893192	0	1	7129	1	0	7000	other	0
gpl005	133	Picture	40	1900487	0	1	2155	1	0	2130	other	0
gpl005	133	Pulse	199	1901402	915	0
gpl005	134	Picture	95	1902808	0	1	7129	1	0	7000	hit	230
gpl005	134	Response	25	1906371	3563	0
gpl005	135	Picture	40	1910103	0	1	2818	1	0	2690	other	0
gpl005	136	Picture	90	1913087	0	1	7129	1	0	7000	other	0
gpl005	136	Pulse	199	1913902	815	0
gpl005	137	Picture	40	1920382	0	1	2155	1	0	2140	other	0
gpl005	138	Picture	90	1922703	0	1	7129	1	0	7000	other	0
gpl005	138	Pulse	199	1926402	3699	0
gpl005	139	Picture	40	1929998	0	1	2155	1	0	1990	other	0
gpl005	140	Picture	90	1932319	0	1	7129	1	0	7000	other	0
gpl005	140	Pulse	199	1938902	6583	0
gpl005	141	Picture	40	1939614	0	1	4476	1	0	4350	other	0
gpl005	142	Picture	90	1944256	0	1	7129	1	0	7000	other	0
gpl005	142	Pulse	199	1951395	7139	7
gpl005	143	Picture	40	1951551	0	1	2984	1	0	2860	other	0
gpl005	144	Picture	90	1954701	0	1	7129	1	0	7000	other	0
gpl005	145	Picture	40	1961996	0	1	3482	1	0	3310	other	0
gpl005	145	Pulse	199	1963901	1905	0
gpl005	146	Picture	95	1965643	0	1	7129	1	0	7000	hit	248
gpl005	146	Response	25	1969592	3948	0
gpl005	147	Picture	40	1972938	0	1	3813	1	0	3660	other	0
gpl005	147	Pulse	199	1976401	3463	0
gpl005	148	Picture	90	1976917	0	1	7129	1	0	7000	other	0
gpl005	149	Picture	40	1984212	0	1	2653	1	0	2490	other	0
gpl005	150	Picture	50	1987031	0	1	50070	1	0	next	other	0
gpl005	150	Pulse	199	1988901	1870	0
gpl005	150	Pulse	199	2001402	14371	0
gpl005	150	Pulse	199	2013901	26871	0
gpl005	150	Pulse	199	2026401	39370	0
gpl005	151	Picture	80	2037100	0	1	7129	1	0	7000	other	0
gpl005	151	Pulse	199	2038901	1801	0
gpl005	152	Picture	40	2044395	0	1	2155	1	0	1990	other	0
gpl005	153	Picture	80	2046716	0	1	7129	1	0	7000	other	0
gpl005	153	Pulse	199	2051402	4685	0
gpl005	154	Picture	40	2054011	0	1	2155	1	0	2140	other	0
gpl005	155	Picture	80	2056332	0	1	7129	1	0	7000	other	0
gpl005	156	Picture	40	2063627	0	1	1824	1	0	1780	other	0
gpl005	156	Pulse	199	2063901	274	0
gpl005	157	Picture	80	2065616	0	1	7129	1	0	7000	other	0
gpl005	158	Picture	40	2072912	0	1	2984	1	0	2860	other	0
gpl005	159	Picture	80	2076062	0	1	7129	1	0	7000	other	0
gpl005	159	Pulse	199	2076401	339	0
gpl005	160	Picture	40	2083356	0	1	2653	1	0	2490	other	0
gpl005	161	Picture	80	2086175	0	1	7129	1	0	7000	other	0
gpl005	161	Pulse	199	2088901	2726	0
gpl005	162	Picture	40	2093470	0	1	2818	1	0	2690	other	0
gpl005	163	Picture	80	2096454	0	1	7129	1	0	7000	other	0
gpl005	163	Pulse	199	2101401	4947	0
gpl005	164	Picture	40	2103749	0	1	3813	1	0	3660	other	0
gpl005	165	Picture	80	2107728	0	1	7129	1	0	7000	other	0
gpl005	165	Pulse	199	2113901	6173	0
gpl005	166	Picture	40	2115023	0	1	4476	1	0	4350	other	0
gpl005	167	Picture	80	2119665	0	1	7129	1	0	7000	other	0
gpl005	167	Pulse	199	2126401	6736	0
gpl005	168	Picture	40	2126960	0	1	3482	1	0	3310	other	0
gpl005	169	Picture	80	2130608	0	1	7129	1	0	7000	other	0
gpl005	170	Picture	40	2137902	0	1	2155	1	0	2130	other	0
gpl005	170	Pulse	199	2138901	999	0
gpl005	171	Picture	50	2140224	0	1	30174	1	0	next	other	0
gpl005	171	Pulse	199	2151401	11178	0
gpl005	171	Pulse	199	2163901	23678	0
gpl005	172	Picture	60	2170398	0	1	7129	1	0	7000	other	0
gpl005	172	Pulse	199	2176401	6004	0
gpl005	173	Picture	40	2177693	0	1	2155	1	0	1990	other	0
gpl005	174	Picture	60	2180014	0	1	7129	1	0	7000	other	0
gpl005	175	Picture	40	2187309	0	1	4476	1	0	4350	other	0
gpl005	175	Pulse	199	2188901	1592	0
gpl005	176	Picture	60	2191950	0	2	7130	2	0	7000	other	0
gpl005	177	Picture	40	2199246	0	1	2984	1	0	2860	other	0
gpl005	177	Pulse	199	2201401	2155	0
gpl005	178	Picture	65	2202396	0	1	7129	1	0	7000	hit	300
gpl005	178	Response	25	2206361	3965	0
gpl005	179	Picture	40	2209691	0	1	2154	2	0	2140	other	0
gpl005	180	Picture	60	2211856	0	322	7119	323	0	7000	other	0
gpl005	180	Pulse	199	2213902	2046	0
gpl005	181	Picture	40	2219141	0	1	3813	1	0	3660	other	0
gpl005	182	Picture	60	2223120	0	1	7129	1	0	7000	other	0
gpl005	182	Pulse	199	2226401	3281	0
gpl005	183	Picture	40	2230415	0	1	3482	1	0	3310	other	0
gpl005	184	Picture	60	2234062	0	1	7129	1	0	7000	other	0
gpl005	184	Pulse	199	2238901	4839	0
gpl005	185	Picture	40	2241357	0	1	1824	1	0	1780	other	0
gpl005	186	Picture	60	2243347	0	1	7129	1	0	7000	other	0
gpl005	187	Picture	40	2250642	0	1	2155	1	0	2130	other	0
gpl005	187	Pulse	199	2251401	760	0
gpl005	188	Picture	60	2252963	0	1	7129	1	0	7000	other	0
gpl005	189	Picture	40	2260258	0	1	2653	1	0	2490	other	0
gpl005	190	Picture	60	2263076	0	1	7129	1	0	7000	other	0
gpl005	190	Pulse	199	2263901	825	0
gpl005	191	Picture	40	2270371	0	1	2819	1	0	2690	other	0
gpl005	192	Picture	50	2273355	0	1	70130	1	0	next	other	0
gpl005	192	Pulse	199	2276401	3046	0
gpl005	192	Pulse	199	2288901	15546	0
gpl005	192	Pulse	199	2301401	28045	0
gpl005	192	Pulse	199	2313900	40545	0
gpl005	192	Pulse	199	2326401	53046	0
gpl005	192	Pulse	199	2338901	65546	0
gpl005	193	Picture	70	2343486	0	1	7129	1	0	7000	other	0
gpl005	194	Picture	40	2350781	0	1	2984	1	0	2860	other	0
gpl005	194	Pulse	199	2351401	620	0
gpl005	195	Picture	70	2353931	0	1	7129	1	0	7000	other	0
gpl005	196	Picture	40	2361226	0	1	3813	1	0	3660	other	0
gpl005	196	Pulse	199	2363901	2675	0
gpl005	197	Picture	70	2365205	0	1	7129	1	0	7000	other	0
gpl005	198	Picture	40	2372500	0	1	4476	1	0	4350	other	0
gpl005	198	Pulse	199	2376401	3901	0
gpl005	199	Picture	75	2377142	0	1	7129	1	0	7000	hit	336
gpl005	199	Response	25	2380741	3599	0
gpl005	200	Picture	40	2384437	0	1	2155	1	0	2140	other	0
gpl005	201	Picture	70	2386758	0	1	7129	1	0	7000	other	0
gpl005	201	Pulse	199	2388901	2143	0
gpl005	202	Picture	40	2394053	0	1	2155	1	0	1990	other	0
gpl005	203	Picture	70	2396374	0	1	7129	1	0	7000	other	0
gpl005	203	Pulse	199	2401401	5027	0
gpl005	204	Picture	40	2403669	0	1	1824	1	0	1780	other	0
gpl005	205	Picture	75	2405658	0	1	7129	1	0	7000	hit	345
gpl005	205	Response	25	2409251	3593	0
gpl005	206	Picture	40	2412953	0	1	3482	1	0	3310	other	0
gpl005	206	Pulse	199	2413900	947	0
gpl005	207	Picture	70	2416601	0	1	7129	1	0	7000	other	0
gpl005	208	Picture	40	2423896	0	1	2818	1	0	2690	other	0
gpl005	208	Pulse	199	2426401	2505	0
gpl005	209	Picture	70	2426880	0	1	7129	1	0	7000	other	0
gpl005	210	Picture	40	2434175	0	1	2155	1	0	2130	other	0
gpl005	211	Picture	70	2436496	0	1	7129	1	0	7000	other	0
gpl005	211	Pulse	199	2438901	2405	0
gpl005	212	Picture	40	2443791	0	1	2653	1	0	2490	other	0
gpl005	213	Picture	50	2446609	0	1	30174	1	0	next	other	0
gpl005	213	Pulse	199	2451401	4792	0
gpl005	213	Pulse	199	2463901	17292	0
gpl005	213	Pulse	199	2476401	29791	0
gpl005	214	Picture	90	2476784	0	1	7129	1	0	7000	other	0
gpl005	215	Picture	40	2484078	0	1	3482	1	0	3310	other	0
gpl005	216	Picture	90	2487726	0	1	7129	1	0	7000	other	0
gpl005	216	Pulse	199	2488901	1175	0
gpl005	217	Picture	40	2495021	0	1	2155	1	0	2130	other	0
gpl005	218	Picture	90	2497342	0	1	7129	1	0	7000	other	0
gpl005	218	Pulse	199	2501401	4059	0
gpl005	219	Picture	40	2504637	0	1	2155	1	0	2140	other	0
gpl005	220	Picture	90	2506958	0	1	7129	1	0	7000	other	0
gpl005	220	Pulse	199	2513901	6943	0
gpl005	221	Picture	40	2514253	0	1	2819	1	0	2690	other	0
gpl005	222	Picture	90	2517237	0	1	7129	1	0	7000	other	0
gpl005	223	Picture	40	2524532	0	1	4476	1	0	4350	other	0
gpl005	223	Pulse	199	2526401	1869	0
gpl005	224	Picture	90	2529174	0	1	7129	1	0	7000	other	0
gpl005	225	Picture	40	2536469	0	1	2984	1	0	2860	other	0
gpl005	225	Pulse	199	2538900	2431	0
gpl005	226	Picture	90	2539619	0	1	7129	1	0	7000	other	0
gpl005	227	Picture	40	2546914	0	1	3813	1	0	3660	other	0
gpl005	228	Picture	90	2550893	0	1	7129	1	0	7000	other	0
gpl005	228	Pulse	199	2551401	507	0
gpl005	229	Picture	40	2558188	0	1	2155	1	0	1990	other	0
gpl005	230	Picture	90	2560509	0	1	7129	1	0	7000	other	0
gpl005	230	Pulse	199	2563901	3392	0
gpl005	231	Picture	40	2567804	0	1	2653	1	0	2490	other	0
gpl005	232	Picture	90	2570623	0	1	7129	1	0	7000	other	0
gpl005	232	Pulse	199	2576400	5778	0
gpl005	233	Picture	40	2577917	0	1	1824	1	0	1780	other	0
gpl005	234	Picture	50	2579907	0	1	90191	1	0	next	other	0
gpl005	234	Pulse	199	2588901	8994	0
gpl005	234	Pulse	199	2601400	21493	0
gpl005	234	Pulse	199	2613900	33993	0
gpl005	234	Pulse	199	2626400	46493	0
gpl005	234	Pulse	199	2638900	58993	0
gpl005	234	Pulse	199	2651400	71493	0
gpl005	234	Pulse	199	2663900	83993	0
gpl005	235	Picture	80	2670098	0	1	7129	1	0	7000	other	0
gpl005	235	Pulse	199	2676401	6302	0
gpl005	236	Picture	40	2677393	0	1	3482	1	0	3310	other	0
gpl005	237	Picture	80	2681041	0	1	7129	1	0	7000	other	0
gpl005	238	Picture	40	2688336	0	1	2653	1	0	2490	other	0
gpl005	238	Pulse	199	2688901	565	0
gpl005	239	Picture	80	2691154	0	1	7129	1	0	7000	other	0
gpl005	240	Picture	40	2698449	0	1	3813	1	0	3660	other	0
gpl005	240	Pulse	199	2701401	2952	0
gpl005	241	Picture	80	2702428	0	1	7129	1	0	7000	other	0
gpl005	242	Picture	40	2709723	0	1	2155	1	0	2140	other	0
gpl005	243	Picture	80	2712044	0	1	7129	1	0	7000	other	0
gpl005	243	Pulse	199	2713900	1856	0
gpl005	244	Picture	40	2719339	0	1	2155	1	0	2130	other	0
gpl005	245	Picture	80	2721660	0	1	7129	1	0	7000	other	0
gpl005	245	Pulse	199	2726400	4740	0
gpl005	246	Picture	40	2728955	0	1	2818	1	0	2690	other	0
gpl005	247	Picture	80	2731939	0	1	7129	1	0	7000	other	0
gpl005	247	Pulse	199	2738900	6961	0
gpl005	248	Picture	40	2739234	0	1	1824	1	0	1780	other	0
gpl005	249	Picture	80	2741224	0	1	7129	1	0	7000	other	0
gpl005	250	Picture	40	2748519	0	1	2155	1	0	1990	other	0
gpl005	251	Picture	80	2750840	0	1	7129	1	0	7000	other	0
gpl005	251	Pulse	199	2751400	560	0
gpl005	252	Picture	40	2758135	0	1	2984	1	0	2860	other	0
gpl005	253	Picture	85	2761284	0	1	7129	1	0	7000	hit	423
gpl005	253	Pulse	199	2763900	2615	0
gpl005	253	Response	25	2764790	3506	0
gpl005	254	Picture	40	2768579	0	1	4476	1	0	4350	other	0
gpl005	255	Picture	50	2773222	0	1	50070	1	0	next	other	0
gpl005	255	Pulse	199	2776400	3179	0
gpl005	255	Pulse	199	2788910	15689	0
gpl005	255	Pulse	199	2801400	28179	0
gpl005	255	Pulse	199	2813900	40679	0
gpl005	256	Picture	60	2823291	0	1	7129	1	0	7000	other	0
gpl005	256	Pulse	199	2826401	3109	0
gpl005	257	Picture	40	2830586	0	1	2155	1	0	1990	other	0
gpl005	258	Picture	60	2832907	0	1	7129	1	0	7000	other	0
gpl005	258	Pulse	199	2838910	6003	0
gpl005	259	Picture	40	2840202	0	1	2984	1	0	2860	other	0
gpl005	260	Picture	60	2843352	0	1	7129	1	0	7000	other	0
gpl005	261	Picture	40	2850647	0	1	2155	1	0	2130	other	0
gpl005	261	Pulse	199	2851410	763	0
gpl005	262	Picture	65	2852968	0	1	7129	1	0	7000	hit	440
gpl005	262	Response	25	2857150	4182	0
gpl005	263	Picture	40	2860263	0	1	2155	1	0	2140	other	0
gpl005	264	Picture	60	2862584	0	1	7129	1	0	7000	other	0
gpl005	264	Pulse	199	2863900	1316	0
gpl005	265	Picture	40	2869879	0	1	2653	1	0	2490	other	0
gpl005	266	Picture	60	2872698	0	1	7129	1	0	7000	other	0
gpl005	266	Pulse	199	2876400	3702	0
gpl005	267	Picture	40	2879993	0	1	4476	1	0	4350	other	0
gpl005	268	Picture	65	2884635	0	1	7129	1	0	7000	hit	449
gpl005	268	Response	25	2888470	3835	0
gpl005	268	Pulse	199	2888910	4275	0
gpl005	269	Picture	40	2891930	0	1	2819	1	0	2690	other	0
gpl005	270	Picture	60	2894914	0	1	7129	1	0	7000	other	0
gpl005	270	Pulse	199	2901410	6497	0
gpl005	271	Picture	40	2902209	0	1	1824	1	0	1780	other	0
gpl005	272	Picture	60	2904198	0	1	7129	1	0	7000	other	0
gpl005	273	Picture	40	2911493	0	1	3482	1	0	3310	other	0
gpl005	273	Pulse	199	2913910	2417	0
gpl005	274	Picture	60	2915141	0	1	7129	1	0	7000	other	0
gpl005	275	Picture	40	2922435	0	1	3813	1	0	3660	other	0
gpl005	275	Pulse	199	2926410	3975	0
gpl005	276	Picture	50	2926415	0	1	50070	1	0	next	other	0
gpl005	276	Pulse	199	2938910	12496	0
gpl005	276	Pulse	199	2951410	24996	0
gpl005	276	Pulse	199	2963910	37495	0
gpl005	276	Pulse	199	2976409	49995	0
gpl005	277	Picture	70	2976484	0	1	7129	1	0	7000	other	0
gpl005	278	Picture	40	2983779	0	1	2155	1	0	1990	other	0
gpl005	279	Picture	70	2986100	0	1	7129	1	0	7000	other	0
gpl005	279	Pulse	199	2988910	2810	0
gpl005	280	Picture	40	2993395	0	1	2653	1	0	2490	other	0
gpl005	281	Picture	70	2996213	0	1	7129	1	0	7000	other	0
gpl005	281	Pulse	199	3001410	5197	0
gpl005	282	Picture	40	3003508	0	1	1824	1	0	1780	other	0
gpl005	283	Picture	70	3005498	0	1	7129	1	0	7000	other	0
gpl005	284	Picture	40	3012793	0	1	4476	1	0	4350	other	0
gpl005	284	Pulse	199	3013910	1117	0
gpl005	285	Picture	70	3017435	0	1	7129	1	0	7000	other	0
gpl005	286	Picture	40	3024730	0	1	2984	1	0	2860	other	0
gpl005	286	Pulse	199	3026410	1680	0
gpl005	287	Picture	70	3027880	0	1	7129	1	0	7000	other	0
gpl005	288	Picture	40	3035175	0	1	2155	1	0	2130	other	0
gpl005	289	Picture	70	3037496	0	1	7129	1	0	7000	other	0
gpl005	289	Pulse	199	3038910	1414	0
gpl005	290	Picture	40	3044791	0	1	3813	1	0	3660	other	0
gpl005	291	Picture	70	3048770	0	1	7129	1	0	7000	other	0
gpl005	291	Pulse	199	3051410	2640	0
gpl005	292	Picture	40	3056065	0	1	2818	1	0	2690	other	0
gpl005	293	Picture	70	3059049	0	1	7129	1	0	7000	other	0
gpl005	293	Pulse	199	3063910	4861	0
gpl005	294	Picture	40	3066344	0	1	2155	1	0	2140	other	0
gpl005	295	Picture	70	3068665	0	1	7129	1	0	7000	other	0
gpl005	296	Picture	40	3075960	0	1	3482	1	0	3310	other	0
gpl005	296	Pulse	199	3076410	450	0
gpl005	297	Picture	50	3079607	0	1	90191	1	0	next	other	0
gpl005	297	Pulse	199	3088909	9302	0
gpl005	297	Pulse	199	3101409	21802	0
gpl005	297	Pulse	199	3113910	34303	0
gpl005	297	Pulse	199	3126410	46802	0
gpl005	297	Pulse	199	3138910	59302	0
gpl005	297	Pulse	199	3151410	71802	0
gpl005	297	Pulse	199	3163910	84302	0
gpl005	298	Picture	90	3169799	0	1	7129	1	0	7000	other	0
gpl005	298	Pulse	199	3176410	6611	0
gpl005	299	Picture	40	3177094	0	1	4476	1	0	4350	other	0
gpl005	300	Picture	90	3181736	0	1	7129	1	0	7000	other	0
gpl005	300	Pulse	199	3188909	7173	0
gpl005	301	Picture	40	3189031	0	1	2155	1	0	2130	other	0
gpl005	302	Picture	90	3191352	0	1	7129	1	0	7000	other	0
gpl005	303	Picture	40	3198647	0	1	1824	1	0	1780	other	0
gpl005	304	Picture	90	3200636	0	1	7129	1	0	7000	other	0
gpl005	304	Pulse	199	3201409	773	0
gpl005	305	Picture	40	3207931	0	1	3813	1	0	3660	other	0
gpl005	306	Picture	90	3211910	0	1	7129	1	0	7000	other	0
gpl005	306	Pulse	199	3213909	1999	0
gpl005	307	Picture	40	3219205	0	1	2984	1	0	2860	other	0
gpl005	308	Picture	90	3222355	0	1	7129	1	0	7000	other	0
gpl005	308	Pulse	199	3226410	4054	0
gpl005	309	Picture	40	3229650	0	1	2653	1	0	2490	other	0
gpl005	310	Picture	90	3232469	0	1	7129	1	0	7000	other	0
gpl005	310	Pulse	199	3238910	6441	0
gpl005	311	Picture	40	3239764	0	1	2818	1	0	2690	other	0
gpl005	312	Picture	90	3242748	0	1	7129	1	0	7000	other	0
gpl005	313	Picture	40	3250043	0	1	3482	1	0	3310	other	0
gpl005	313	Pulse	199	3251410	1367	0
gpl005	314	Picture	90	3253690	0	1	7129	1	0	7000	other	0
gpl005	315	Picture	40	3260985	0	1	2155	1	0	2140	other	0
gpl005	316	Picture	95	3263306	0	1	7129	1	0	7000	hit	529
gpl005	316	Pulse	199	3263910	604	0
gpl005	316	Response	25	3266930	3623	0
gpl005	317	Picture	40	3270601	0	1	2155	1	0	1990	other	0
gpl005	318	Picture	50	3272922	0	1	30174	1	0	next	other	0
gpl005	318	Pulse	199	3276410	3487	0
gpl005	318	Pulse	199	3288910	15987	0
gpl005	318	Pulse	199	3301409	28487	0
gpl005	319	Picture	80	3303097	0	1	7129	1	0	7000	other	0
gpl005	320	Picture	40	3310392	0	1	2155	1	0	2130	other	0
gpl005	321	Picture	80	3312713	0	1	7129	1	0	7000	other	0
gpl005	321	Pulse	199	3313909	1197	0
gpl005	322	Picture	40	3320008	0	1	2984	1	0	2860	other	0
gpl005	323	Picture	85	3323158	0	1	7129	1	0	7000	hit	542
gpl005	323	Pulse	199	3326409	3252	0
gpl005	323	Response	25	3327029	3871	0
gpl005	324	Picture	40	3330452	0	2	3483	2	0	3310	other	0
gpl005	325	Picture	80	3334100	0	1	7129	1	0	7000	other	0
gpl005	325	Pulse	199	3338910	4810	0
gpl005	326	Picture	40	3341395	0	1	2653	1	0	2490	other	0
gpl005	327	Picture	80	3344213	0	1	7129	1	0	7000	other	0
gpl005	327	Pulse	199	3351409	7196	0
gpl005	328	Picture	40	3351508	0	1	3813	1	0	3660	other	0
gpl005	329	Picture	80	3355487	0	1	7129	1	0	7000	other	0
gpl005	330	Picture	40	3362782	0	1	2155	1	0	2140	other	0
gpl005	330	Pulse	199	3363910	1128	0
gpl005	331	Picture	80	3365103	0	1	7129	1	0	7000	other	0
gpl005	332	Picture	40	3372398	0	1	4476	1	0	4350	other	0
gpl005	332	Pulse	199	3376409	4011	0
gpl005	333	Picture	80	3377040	0	1	7129	1	0	7000	other	0
gpl005	334	Picture	40	3384335	0	1	1824	1	0	1780	other	0
gpl005	335	Picture	80	3386325	0	1	7129	1	0	7000	other	0
gpl005	335	Pulse	199	3388910	2585	0
gpl005	336	Picture	40	3393620	0	1	2818	1	0	2690	other	0
gpl005	337	Picture	80	3396604	0	1	7129	1	0	7000	other	0
gpl005	337	Pulse	199	3401409	4805	0
gpl005	338	Picture	40	3403899	0	1	2155	1	0	1990	other	0
gpl005	339	Picture	50	3406220	0	1	70131	1	0	next	other	0
gpl005	339	Pulse	199	3413909	7689	0
gpl005	339	Pulse	199	3426409	20189	0
gpl005	339	Pulse	199	3438909	32689	0
gpl005	339	Pulse	199	3451410	45190	0
gpl005	339	Pulse	199	3463909	57689	0
gpl005	340	Picture	60	3476350	0	1	7129	1	0	7000	other	0
gpl005	340	Pulse	199	3476409	59	0
gpl005	341	Picture	40	3483645	0	1	2818	1	0	2690	other	0
gpl005	342	Picture	60	3486630	0	1	7129	1	0	7000	other	0
gpl005	342	Pulse	199	3488910	2280	0
gpl005	343	Picture	40	3493925	0	1	2653	1	0	2490	other	0
gpl005	344	Picture	65	3496743	0	1	7129	1	0	7000	hit	577
gpl005	344	Response	25	3500429	3686	0
gpl005	344	Pulse	199	3501409	4666	0
gpl005	345	Picture	40	3504038	0	1	2155	1	0	2140	other	0
gpl005	346	Picture	60	3506359	0	1	7129	1	0	7000	other	0
gpl005	347	Picture	40	3513654	0	1	4476	1	0	4350	other	0
gpl005	347	Pulse	199	3513909	255	0
gpl005	348	Picture	60	3518296	0	1	7129	1	0	7000	other	0
gpl005	349	Picture	40	3525591	0	1	2155	1	0	1990	other	0
gpl005	349	Pulse	199	3526409	818	0
gpl005	350	Picture	60	3527912	0	1	7129	1	0	7000	other	0
gpl005	351	Picture	40	3535207	0	1	3482	1	0	3310	other	0
gpl005	352	Picture	60	3538854	0	1	7129	1	0	7000	other	0
gpl005	352	Pulse	199	3538909	54	0
gpl005	353	Picture	40	3546149	0	1	3813	1	0	3660	other	0
gpl005	354	Picture	60	3550128	0	1	7129	1	0	7000	other	0
gpl005	354	Pulse	199	3551409	1280	0
gpl005	355	Picture	40	3557423	0	1	2155	1	0	2130	other	0
gpl005	356	Picture	60	3559744	0	1	7129	1	0	7000	other	0
gpl005	356	Pulse	199	3563909	4165	0
gpl005	357	Picture	40	3567039	0	1	1824	1	0	1780	other	0
gpl005	358	Picture	60	3569029	0	1	7129	1	0	7000	other	0
gpl005	359	Picture	40	3576324	0	1	2984	1	0	2860	other	0
gpl005	359	Pulse	199	3576410	86	0
gpl005	360	Picture	50	3579474	0	1	90191	1	0	next	other	0
gpl005	360	Pulse	199	3588909	9435	0
gpl005	360	Pulse	199	3601409	21935	0
gpl005	360	Pulse	199	3613909	34436	0
gpl005	360	Pulse	199	3626409	46935	0
gpl005	360	Pulse	199	3638909	59435	0
gpl005	360	Pulse	199	3651408	71935	0
gpl005	360	Pulse	199	3663909	84435	0
gpl005	361	Picture	70	3669665	0	1	7129	1	0	7000	other	0
gpl005	361	Pulse	199	3676409	6744	0
gpl005	362	Picture	40	3676960	0	1	2818	1	0	2690	other	0
gpl005	363	Picture	70	3679944	0	1	7129	1	0	7000	other	0
gpl005	364	Picture	40	3687239	0	1	4476	1	0	4350	other	0
gpl005	364	Pulse	199	3688909	1670	0
gpl005	365	Picture	70	3691882	0	1	7129	1	0	7000	other	0
gpl005	366	Picture	40	3699176	0	1	1824	1	0	1780	other	0
gpl005	367	Picture	70	3701166	0	1	7129	1	0	7000	other	0
gpl005	367	Pulse	199	3701409	243	0
gpl005	368	Picture	40	3708461	0	1	2155	1	0	1990	other	0
gpl005	369	Picture	75	3710782	0	1	7129	1	0	7000	hit	621
gpl005	369	Pulse	199	3713909	3127	0
gpl005	369	Response	25	3714149	3367	0
gpl005	370	Picture	40	3718077	0	1	2984	1	0	2860	other	0
gpl005	371	Picture	70	3721227	0	1	7129	1	0	7000	other	0
gpl005	371	Pulse	199	3726409	5182	0
gpl005	372	Picture	40	3728522	0	1	2155	1	0	2130	other	0
gpl005	373	Picture	75	3730843	0	1	7129	1	0	7000	hit	627
gpl005	373	Response	25	3734639	3796	0
gpl005	374	Picture	40	3738138	0	1	3813	1	0	3660	other	0
gpl005	374	Pulse	199	3738909	771	0
gpl005	375	Picture	70	3742117	0	1	7129	1	0	7000	other	0
gpl005	376	Picture	40	3749412	0	1	2155	1	0	2140	other	0
gpl005	376	Pulse	199	3751409	1997	0
gpl005	377	Picture	70	3751733	0	1	7129	1	0	7000	other	0
gpl005	378	Picture	40	3759028	0	1	3482	1	0	3310	other	0
gpl005	379	Picture	70	3762675	0	1	7129	1	0	7000	other	0
gpl005	379	Pulse	199	3763909	1233	0
gpl005	380	Picture	40	3769970	0	1	2653	1	0	2490	other	0
gpl005	381	Picture	50	3772788	0	1	30175	1	0	next	other	0
gpl005	381	Pulse	199	3776408	3620	0
gpl005	381	Pulse	199	3788909	16120	0
gpl005	381	Pulse	199	3801409	28620	0
gpl005	382	Picture	90	3802963	0	1	7129	1	0	7000	other	0
gpl005	383	Picture	40	3810258	0	1	2984	1	0	2860	other	0
gpl005	384	Picture	90	3813408	0	1	7129	1	0	7000	other	0
gpl005	384	Pulse	199	3813909	501	0
gpl005	385	Picture	40	3820703	0	1	2155	1	0	1990	other	0
gpl005	386	Picture	90	3823024	0	1	7129	1	0	7000	other	0
gpl005	386	Pulse	199	3826409	3385	0
gpl005	387	Picture	40	3830319	0	1	2819	1	0	2690	other	0
gpl005	388	Picture	90	3833303	0	1	7129	1	0	7000	other	0
gpl005	388	Pulse	199	3838909	5606	0
gpl005	389	Picture	40	3840598	0	1	3813	1	0	3660	other	0
gpl005	390	Picture	90	3844577	0	1	7129	1	0	7000	other	0
gpl005	390	Pulse	199	3851409	6832	0
gpl005	391	Picture	40	3851872	0	1	3482	1	0	3310	other	0
gpl005	392	Picture	90	3855519	0	1	7129	1	0	7000	other	0
gpl005	393	Picture	40	3862814	0	1	2653	1	0	2490	other	0
gpl005	393	Pulse	199	3863908	1094	0
gpl005	394	Picture	90	3865633	0	1	7129	1	0	7000	other	0
gpl005	395	Picture	40	3872928	0	1	1824	1	0	1780	other	0
gpl005	396	Picture	90	3874917	0	1	7129	1	0	7000	other	0
gpl005	396	Pulse	199	3876408	1491	0
gpl005	397	Picture	40	3882212	0	1	2155	1	0	2130	other	0
gpl005	398	Picture	90	3884533	0	1	7129	1	0	7000	other	0
gpl005	398	Pulse	199	3888908	4375	0
gpl005	399	Picture	40	3891828	0	1	4476	1	0	4350	other	0
gpl005	400	Picture	90	3896470	0	1	7129	1	0	7000	other	0
gpl005	400	Pulse	199	3901409	4939	0
gpl005	401	Picture	40	3903765	0	1	2155	1	0	2140	other	0
gpl005	402	Picture	50	3906086	0	1	50069	1	0	next	other	0
gpl005	402	Pulse	199	3913909	7822	0
gpl005	402	Pulse	199	3926409	20322	0
gpl005	402	Pulse	199	3938909	32822	0
gpl005	402	Pulse	199	3951409	45322	0
gpl005	403	Picture	80	3956156	0	1	7129	1	0	7000	other	0
gpl005	404	Picture	40	3963451	0	1	3482	1	0	3310	other	0
gpl005	404	Pulse	199	3963909	458	0
gpl005	405	Picture	80	3967098	0	1	7129	1	0	7000	other	0
gpl005	406	Picture	40	3974393	0	1	4476	1	0	4350	other	0
gpl005	406	Pulse	199	3976408	2015	0
gpl005	407	Picture	85	3979035	0	1	7129	1	0	7000	hit	682
gpl005	407	Response	25	3982668	3633	0
gpl005	408	Picture	40	3986330	0	1	2984	1	0	2860	other	0
gpl005	408	Pulse	199	3988908	2578	0
gpl005	409	Picture	80	3989480	0	1	7129	1	0	7000	other	0
gpl005	410	Picture	40	3996775	0	1	2155	1	0	2140	other	0
gpl005	411	Picture	80	3999096	0	1	7129	1	0	7000	other	0
gpl005	411	Pulse	199	4001409	2312	0
gpl005	412	Picture	40	4006391	0	1	2155	1	0	2130	other	0
gpl005	413	Picture	80	4008712	0	1	7129	1	0	7000	other	0
gpl005	413	Pulse	199	4013909	5197	0
gpl005	414	Picture	40	4016007	0	1	2818	1	0	2690	other	0
gpl005	415	Picture	80	4018991	0	1	7129	1	0	7000	other	0
gpl005	416	Picture	40	4026286	0	1	2155	1	0	1990	other	0
gpl005	416	Pulse	199	4026408	122	0
gpl005	417	Picture	80	4028607	0	1	7129	1	0	7000	other	0
gpl005	418	Picture	40	4035902	0	1	1824	1	0	1780	other	0
gpl005	419	Picture	80	4037892	0	1	7129	1	0	7000	other	0
gpl005	419	Pulse	199	4038909	1017	0
gpl005	420	Picture	40	4045187	0	1	3813	1	0	3660	other	0
gpl005	421	Picture	80	4049166	0	1	7129	1	0	7000	other	0
gpl005	421	Pulse	199	4051409	2243	0
gpl005	422	Picture	40	4056461	0	1	2653	1	0	2490	other	0
gpl005	423	Picture	50	4059279	0	1	70131	1	0	next	other	0
gpl005	423	Pulse	199	4063909	4629	0
gpl005	423	Pulse	199	4076408	17129	0
gpl005	423	Pulse	199	4088908	29629	0
gpl005	423	Pulse	199	4101408	42128	0
gpl005	423	Pulse	199	4113908	54629	0
gpl005	423	Pulse	199	4126408	67129	0
gpl005	424	Picture	60	4129410	0	1	7129	1	0	7000	other	0
gpl005	425	Picture	40	4136705	0	1	4476	1	0	4350	other	0
gpl005	425	Pulse	199	4138909	2204	0
gpl005	426	Picture	60	4141347	0	1	7129	1	0	7000	other	0
gpl005	427	Picture	40	4148642	0	1	2653	1	0	2490	other	0
gpl005	427	Pulse	199	4151408	2767	0
gpl005	428	Picture	65	4151460	0	1	7129	1	0	7000	hit	718
gpl005	428	Response	25	4156148	4688	0
gpl005	429	Picture	40	4158755	0	1	2818	1	0	2690	other	0
gpl005	430	Picture	60	4161739	0	1	7129	1	0	7000	other	0
gpl005	430	Pulse	199	4163909	2169	0
gpl005	431	Picture	40	4169034	0	1	2155	1	0	1990	other	0
gpl005	432	Picture	60	4171355	0	1	7129	1	0	7000	other	0
gpl005	432	Pulse	199	4176409	5053	0
gpl005	433	Picture	40	4178650	0	1	3482	1	0	3310	other	0
gpl005	434	Picture	60	4182298	0	1	7129	1	0	7000	other	0
gpl005	434	Pulse	199	4188908	6611	0
gpl005	435	Picture	40	4189593	0	1	2155	1	0	2130	other	0
gpl005	436	Picture	60	4191914	0	1	7129	1	0	7000	other	0
gpl005	437	Picture	40	4199209	0	1	1824	1	0	1780	other	0
gpl005	438	Picture	60	4201198	0	1	7129	1	0	7000	other	0
gpl005	438	Pulse	199	4201408	210	0
gpl005	439	Picture	40	4208493	0	1	2984	1	0	2860	other	0
gpl005	440	Picture	65	4211643	0	1	7129	1	0	7000	hit	736
gpl005	440	Pulse	199	4213908	2265	0
gpl005	440	Response	25	4215437	3794	0
gpl005	441	Picture	40	4218938	0	1	3813	1	0	3660	other	0
gpl005	442	Picture	60	4222917	0	1	7129	1	0	7000	other	0
gpl005	442	Pulse	199	4226408	3491	0
gpl005	443	Picture	40	4230212	0	1	2155	1	0	2140	other	0
gpl005	444	Picture	50	4232533	0	1	70131	1	0	next	other	0
gpl005	444	Pulse	199	4238908	6375	0
gpl005	444	Pulse	199	4251408	18875	0
gpl005	444	Pulse	199	4263908	31375	0
gpl005	444	Pulse	199	4276408	43875	0
gpl005	444	Pulse	199	4288908	56375	0
gpl005	444	Pulse	199	4301408	68875	0
gpl005	445	Picture	70	4302663	0	1	7129	1	0	7000	other	0
gpl005	446	Picture	40	4309958	0	1	4476	1	0	4350	other	0
gpl005	446	Pulse	199	4313908	3949	0
gpl005	447	Picture	70	4314601	0	1	7129	1	0	7000	other	0
gpl005	448	Picture	40	4321895	0	1	1824	1	0	1780	other	0
gpl005	449	Picture	70	4323885	0	1	7129	1	0	7000	other	0
gpl005	449	Pulse	199	4326407	2522	0
gpl005	450	Picture	40	4331180	0	1	2155	1	0	2140	other	0
gpl005	451	Picture	70	4333501	0	1	7129	1	0	7000	other	0
gpl005	451	Pulse	199	4338909	5408	0
gpl005	452	Picture	40	4340796	0	1	2155	1	0	1990	other	0
gpl005	453	Picture	70	4343117	0	1	7129	1	0	7000	other	0
gpl005	454	Picture	40	4350412	0	1	3482	1	0	3310	other	0
gpl005	454	Pulse	199	4351408	996	0
gpl005	455	Picture	70	4354059	0	1	7129	1	0	7000	other	0
gpl005	456	Picture	40	4361354	0	1	2653	1	0	2490	other	0
gpl005	456	Pulse	199	4363908	2554	0
gpl005	457	Picture	70	4364173	0	1	7129	1	0	7000	other	0
gpl005	458	Picture	40	4371468	0	1	2155	1	0	2130	other	0
gpl005	459	Picture	70	4373789	0	1	7129	1	0	7000	other	0
gpl005	459	Pulse	199	4376408	2619	0
gpl005	460	Picture	40	4381084	0	1	2819	1	0	2690	other	0
gpl005	461	Picture	70	4384068	0	1	7129	1	0	7000	other	0
gpl005	461	Pulse	199	4388908	4840	0
gpl005	462	Picture	40	4391363	0	1	2984	1	0	2860	other	0
gpl005	463	Picture	70	4394513	0	1	7129	1	0	7000	other	0
gpl005	463	Pulse	199	4401408	6895	0
gpl005	464	Picture	40	4401808	0	1	3813	1	0	3660	other	0
gpl005	465	Picture	50	4405787	0	1	50069	1	0	next	other	0
gpl005	465	Pulse	199	4413908	8121	0
gpl005	465	Pulse	199	4426407	20620	0
gpl005	465	Pulse	199	4438907	33120	0
gpl005	465	Pulse	199	4451408	45621	0
gpl005	466	Picture	90	4455856	0	1	7129	1	0	7000	other	0
gpl005	467	Picture	40	4463151	0	1	2155	1	0	1990	other	0
gpl005	467	Pulse	199	4463908	757	0
gpl005	468	Picture	90	4465472	0	1	7129	1	0	7000	other	0
gpl005	469	Picture	40	4472767	0	1	3813	1	0	3660	other	0
gpl005	469	Pulse	199	4476408	3641	0
gpl005	470	Picture	90	4476746	0	1	7129	1	0	7000	other	0
gpl005	471	Picture	40	4484041	0	1	2653	1	0	2490	other	0
gpl005	472	Picture	90	4486860	0	1	7129	1	0	7000	other	0
gpl005	472	Pulse	199	4488908	2048	0
gpl005	473	Picture	40	4494155	0	1	2819	1	0	2690	other	0
gpl005	474	Picture	90	4497139	0	1	7129	1	0	7000	other	0
gpl005	474	Pulse	199	4501408	4269	0
gpl005	475	Picture	40	4504434	0	1	2155	1	0	2130	other	0
gpl005	476	Picture	90	4506755	0	1	7129	1	0	7000	other	0
gpl005	476	Pulse	199	4513908	7153	0
gpl005	477	Picture	40	4514050	0	1	4476	1	0	4350	other	0
gpl005	478	Picture	90	4518692	0	1	7129	1	0	7000	other	0
gpl005	479	Picture	40	4525987	0	1	1824	1	0	1780	other	0
gpl005	479	Pulse	199	4526408	421	0
gpl005	480	Picture	95	4527976	0	1	7129	1	0	7000	hit	802
gpl005	480	Response	25	4531628	3652	0
gpl005	481	Picture	40	4535271	0	1	2984	1	0	2860	other	0
gpl005	482	Picture	90	4538421	0	1	7129	1	0	7000	other	0
gpl005	482	Pulse	199	4538907	486	0
gpl005	483	Picture	40	4545716	0	1	2155	1	0	2140	other	0
gpl005	484	Picture	90	4548037	0	1	7129	1	0	7000	other	0
gpl005	484	Pulse	199	4551408	3370	0
gpl005	485	Picture	40	4555332	0	1	3482	1	0	3310	other	0
gpl005	486	Picture	50	4558980	0	1	90191	1	0	next	other	0
gpl005	486	Pulse	199	4563908	4928	0
gpl005	486	Pulse	199	4576408	17428	0
gpl005	486	Pulse	199	4588908	29928	0
gpl005	486	Pulse	199	4601418	42438	0
gpl005	486	Pulse	199	4613917	54938	0
gpl005	486	Pulse	199	4626418	67438	0
gpl005	486	Pulse	199	4638917	79938	0
gpl005	487	Picture	80	4649171	0	1	7129	1	0	7000	other	0
gpl005	487	Pulse	199	4651417	2246	0
gpl005	488	Picture	40	4656466	0	1	2653	1	0	2490	other	0
gpl005	489	Picture	80	4659285	0	1	7129	1	0	7000	other	0
gpl005	489	Pulse	199	4663917	4632	0
gpl005	490	Picture	40	4666579	0	1	2984	1	0	2860	other	0
gpl005	491	Picture	80	4669729	0	1	7129	1	0	7000	other	0
gpl005	491	Pulse	199	4676418	6688	0
gpl005	492	Picture	40	4677024	0	1	2155	1	0	1990	other	0
gpl005	493	Picture	80	4679345	0	1	7129	1	0	7000	other	0
gpl005	494	Picture	40	4686640	0	1	4476	2	0	4350	other	0
gpl005	494	Pulse	199	4688918	2277	0
gpl005	495	Picture	80	4691283	0	1	7129	1	0	7000	other	0
gpl005	496	Picture	40	4698578	0	1	2155	1	0	2130	other	0
gpl005	497	Picture	80	4700899	0	1	7129	1	0	7000	other	0
gpl005	497	Pulse	199	4701418	519	0
gpl005	498	Picture	40	4708194	0	1	1824	1	0	1780	other	0
gpl005	499	Picture	80	4710183	0	1	7129	1	0	7000	other	0
gpl005	499	Pulse	199	4713918	3735	0
gpl005	500	Picture	40	4717478	0	1	2819	1	0	2690	other	0
gpl005	501	Picture	80	4720462	0	2	7129	2	0	7000	other	0
gpl005	501	Pulse	199	4726418	5956	0
gpl005	502	Picture	40	4727757	0	1	3813	1	0	3660	other	0
gpl005	503	Picture	80	4731736	0	1	7129	1	0	7000	other	0
gpl005	503	Pulse	199	4738918	7182	0
gpl005	504	Picture	40	4739031	0	1	2155	1	0	2140	other	0
gpl005	505	Picture	85	4741352	0	1	7129	1	0	7000	hit	845
gpl005	505	Response	25	4745678	4325	0
gpl005	506	Picture	40	4748647	0	1	3482	1	0	3310	other	0
gpl005	506	Pulse	199	4751417	2770	0
gpl005	507	Picture	50	4752294	0	1	30174	1	0	next	other	0
gpl005	507	Pulse	199	4763917	11622	0
gpl005	507	Pulse	199	4776417	24122	0
gpl005	508	Picture	60	4782469	0	1	7129	1	0	7000	other	0
gpl005	508	Pulse	199	4788918	6449	0
gpl005	509	Picture	40	4789764	0	1	4476	1	0	4350	other	0
gpl005	510	Picture	60	4794406	0	1	7129	1	0	7000	other	0
gpl005	510	Pulse	199	4801406	7000	12
gpl005	511	Picture	40	4801701	0	1	2155	1	0	2130	other	0
gpl005	512	Picture	60	4804022	0	1	7129	1	0	7000	other	0
gpl005	513	Picture	40	4811317	0	1	2653	1	0	2490	other	0
gpl005	513	Pulse	199	4813918	2601	0
gpl005	514	Picture	60	4814135	0	1	7129	1	0	7000	other	0
gpl005	515	Picture	40	4821430	0	1	1824	1	0	1780	other	0
gpl005	516	Picture	60	4823420	0	1	7129	1	0	7000	other	0
gpl005	516	Pulse	199	4826418	2998	0
gpl005	517	Picture	40	4830715	0	1	3813	1	0	3660	other	0
gpl005	518	Picture	60	4834694	0	1	7129	1	0	7000	other	0
gpl005	518	Pulse	199	4838918	4224	0
gpl005	519	Picture	40	4841989	0	1	3482	1	0	3310	other	0
gpl005	520	Picture	60	4845636	0	1	7129	1	0	7000	other	0
gpl005	520	Pulse	199	4851418	5782	0
gpl005	521	Picture	40	4852931	0	1	2984	1	0	2860	other	0
gpl005	522	Picture	60	4856081	0	1	7129	1	0	7000	other	0
gpl005	523	Picture	40	4863376	0	1	2819	1	0	2690	other	0
gpl005	523	Pulse	199	4863917	541	0
gpl005	524	Picture	60	4866360	0	1	7129	1	0	7000	other	0
gpl005	525	Picture	40	4873655	0	1	2155	1	0	1990	other	0
gpl005	526	Picture	60	4875976	0	1	7129	1	0	7000	other	0
gpl005	526	Pulse	199	4876417	441	0
gpl005	527	Picture	40	4883271	0	1	2155	1	0	2140	other	0
gpl005	528	Picture	50	4885592	0	1	50043	193	0	next	other	0
gpl005	528	Pulse	199	4888917	3325	0
gpl005	528	Pulse	199	4901417	15825	0
gpl005	528	Pulse	199	4913917	28325	0
gpl005	528	Pulse	199	4926417	40825	0
gpl005	529	Picture	70	4935635	0	193	7156	193	0	7000	other	0
gpl005	529	Pulse	199	4938917	3282	0
gpl005	530	Picture	40	4942957	0	1	2818	1	0	2690	other	0
gpl005	531	Picture	70	4945941	0	1	7129	1	0	7000	other	0
gpl005	531	Pulse	199	4951417	5477	0
gpl005	532	Picture	40	4953236	0	1	2653	1	0	2490	other	0
gpl005	533	Picture	70	4956054	0	1	7129	1	0	7000	other	0
gpl005	534	Picture	40	4963349	0	1	2155	1	0	2130	other	0
gpl005	534	Pulse	199	4963917	568	0
gpl005	535	Picture	70	4965670	0	1	7129	1	0	7000	other	0
gpl005	536	Picture	40	4972965	0	1	2155	1	0	2140	other	0
gpl005	537	Picture	70	4975131	0	322	7119	323	0	7000	other	0
gpl005	537	Pulse	199	4976417	1287	0
gpl005	538	Picture	40	4982415	0	1	3482	1	0	3310	other	0
gpl005	539	Picture	70	4986063	0	1	7129	1	0	7000	other	0
gpl005	539	Pulse	199	4988917	2854	0
gpl005	540	Picture	40	4993358	0	1	2984	1	0	2860	other	0
gpl005	541	Picture	70	4996508	0	1	7129	1	0	7000	other	0
gpl005	541	Pulse	199	5001417	4909	0
gpl005	542	Picture	40	5003803	0	1	3813	1	0	3660	other	0
gpl005	543	Picture	75	5007782	0	1	7129	1	0	7000	hit	905
gpl005	543	Response	25	5012037	4256	0
gpl005	543	Pulse	199	5013917	6136	0
gpl005	544	Picture	40	5015077	0	1	2155	1	0	1990	other	0
gpl005	545	Picture	70	5017398	0	1	7129	1	0	7000	other	0
gpl005	546	Picture	40	5024693	0	1	1824	1	0	1780	other	0
gpl005	546	Pulse	199	5026417	1724	0
gpl005	547	Picture	70	5026682	0	1	7129	1	0	7000	other	0
gpl005	548	Picture	40	5033977	0	1	4476	1	0	4350	other	0
gpl005	549	Picture	50	5038619	0	1	70131	1	0	next	other	0
gpl005	549	Pulse	199	5038917	298	0
gpl005	549	Pulse	199	5051417	12798	0
gpl005	549	Pulse	199	5063917	25298	0
gpl005	549	Pulse	199	5076417	37797	0
gpl005	549	Pulse	199	5088917	50297	0
gpl005	549	Pulse	199	5101416	62797	0
gpl005	550	Picture	90	5108750	0	1	7129	1	0	7000	other	0
gpl005	550	Pulse	199	5113916	5167	0
gpl005	551	Picture	40	5116045	0	1	2155	1	0	1990	other	0
gpl005	552	Picture	90	5118366	0	1	7129	1	0	7000	other	0
gpl005	553	Picture	40	5125661	0	1	2155	1	0	2130	other	0
gpl005	553	Pulse	199	5126417	756	0
gpl005	554	Picture	90	5127982	0	1	7129	1	0	7000	other	0
gpl005	555	Picture	40	5135277	0	1	2818	1	0	2690	other	0
gpl005	556	Picture	90	5138261	0	1	7129	1	0	7000	other	0
gpl005	556	Pulse	199	5138917	656	0
gpl005	557	Picture	40	5145556	0	1	2653	1	0	2490	other	0
gpl005	558	Picture	90	5148374	0	1	7129	1	0	7000	other	0
gpl005	558	Pulse	199	5151417	3043	0
gpl005	559	Picture	40	5155669	0	1	1824	1	0	1780	other	0
gpl005	560	Picture	90	5157659	0	1	7129	1	0	7000	other	0
gpl005	560	Pulse	199	5163917	6258	0
gpl005	561	Picture	40	5164954	0	1	3813	1	0	3660	other	0
gpl005	562	Picture	90	5168933	0	1	7129	1	0	7000	other	0
gpl005	563	Picture	40	5176228	0	1	2984	1	0	2860	other	0
gpl005	563	Pulse	199	5176417	189	0
gpl005	564	Picture	90	5179378	0	1	7129	1	0	7000	other	0
gpl005	565	Picture	40	5186673	0	1	2155	1	0	2140	other	0
gpl005	565	Pulse	199	5188838	2165	80
gpl005	566	Picture	95	5188994	0	1	7129	1	0	7000	hit	944
gpl005	566	Response	25	5193507	4513	0
gpl005	567	Picture	40	5196288	0	1	4476	1	0	4350	other	0
gpl005	568	Picture	90	5200931	0	1	7129	1	0	7000	other	0
gpl005	568	Pulse	199	5201417	486	0
gpl005	569	Picture	40	5208226	0	1	3482	1	0	3310	other	0
gpl005	570	Picture	50	5211873	0	1	30174	1	0	next	other	0
gpl005	570	Pulse	199	5213916	2043	0
gpl005	570	Pulse	199	5226416	14543	0
gpl005	570	Pulse	199	5238917	27044	0
gpl005	571	Picture	80	5242047	0	1	7129	1	0	7000	other	0
gpl005	572	Picture	40	5249342	0	1	2984	1	0	2860	other	0
gpl005	572	Pulse	199	5251417	2075	0
gpl005	573	Picture	80	5252492	0	1	7129	1	0	7000	other	0
gpl005	574	Picture	40	5259787	0	1	2653	1	0	2490	other	0
gpl005	575	Picture	80	5262606	0	1	7129	1	0	7000	other	0
gpl005	575	Pulse	199	5263917	1311	0
gpl005	576	Picture	40	5269901	0	1	1824	1	0	1780	other	0
gpl005	577	Picture	80	5271890	0	1	7129	1	0	7000	other	0
gpl005	577	Pulse	199	5276417	4527	0
gpl005	578	Picture	40	5279185	0	1	2155	1	0	1990	other	0
gpl005	579	Picture	80	5281506	0	1	7129	1	0	7000	other	0
gpl005	580	Picture	40	5288801	0	1	2155	1	0	2140	other	0
gpl005	580	Pulse	199	5288917	116	0
gpl005	581	Picture	80	5291122	0	1	7129	1	0	7000	other	0
gpl005	582	Picture	40	5298417	0	1	2819	1	0	2690	other	0
gpl005	583	Picture	85	5301401	0	1	7129	1	0	7000	hit	971
gpl005	583	Pulse	199	5301417	16	0
gpl005	583	Response	25	5305137	3735	0
gpl005	584	Picture	40	5308696	0	1	3813	1	0	3660	other	0
gpl005	585	Picture	80	5312675	0	1	7129	1	0	7000	other	0
gpl005	585	Pulse	199	5313916	1241	0
gpl005	586	Picture	40	5319970	0	1	4476	1	0	4350	other	0
gpl005	587	Picture	85	5324612	0	1	7129	1	0	7000	hit	978
gpl005	587	Pulse	199	5326416	1804	0
gpl005	587	Response	25	5329947	5334	0
gpl005	588	Picture	40	5331907	0	1	3482	1	0	3310	other	0
gpl005	589	Picture	80	5335555	0	1	7129	1	0	7000	other	0
gpl005	589	Pulse	199	5338917	3362	0
gpl005	590	Picture	40	5342850	0	1	2155	1	0	2130	other	0
gpl005	591	Picture	50	5345171	0	1	90191	1	0	next	other	0
gpl005	591	Pulse	199	5351417	6246	0
gpl005	591	Pulse	199	5363917	18746	0
gpl005	591	Pulse	199	5376417	31246	0
gpl005	591	Pulse	199	5388917	43746	0
gpl005	591	Pulse	199	5401417	56246	0
gpl005	591	Pulse	199	5413916	68746	0
gpl005	591	Pulse	199	5426416	81245	0
gpl005	592	Picture	60	5435362	0	1	7129	1	0	7000	other	0
gpl005	592	Pulse	199	5438916	3554	0
gpl005	593	Picture	40	5442657	0	1	2818	1	0	2690	other	0
gpl005	594	Picture	60	5445641	0	1	7129	1	0	7000	other	0
gpl005	594	Pulse	199	5451416	5775	0
gpl005	595	Picture	40	5452936	0	1	4476	1	0	4350	other	0
gpl005	596	Picture	60	5457579	0	1	7129	1	0	7000	other	0
gpl005	596	Pulse	199	5463916	6338	0
gpl005	597	Picture	40	5464873	0	1	2155	1	0	2140	other	0
gpl005	598	Picture	65	5467195	0	1	7129	1	0	7000	hit	1001
gpl005	598	Response	25	5470807	3612	0
gpl005	599	Picture	40	5474489	0	1	2155	1	0	2130	other	0
gpl005	599	Pulse	199	5476417	1927	0
gpl005	600	Picture	60	5476811	0	1	7129	1	0	7000	other	0
gpl005	601	Picture	40	5484105	0	1	1824	1	0	1780	other	0
gpl005	602	Picture	60	5486095	0	1	7129	1	0	7000	other	0
gpl005	602	Pulse	199	5488916	2821	0
gpl005	603	Picture	40	5493390	0	1	2155	1	0	1990	other	0
gpl005	604	Picture	60	5495711	0	1	7129	1	0	7000	other	0
gpl005	604	Pulse	199	5501417	5706	0
gpl005	605	Picture	40	5503006	0	1	2984	1	0	2860	other	0
gpl005	606	Picture	60	5506156	0	1	7129	1	0	7000	other	0
gpl005	607	Picture	40	5513451	0	1	3813	1	0	3660	other	0
gpl005	607	Pulse	199	5513916	466	0
gpl005	608	Picture	60	5517430	0	1	7129	1	0	7000	other	0
gpl005	609	Picture	40	5524725	0	1	3482	1	0	3310	other	0
gpl005	609	Pulse	199	5526417	1692	0
gpl005	610	Picture	60	5528372	0	1	7129	1	0	7000	other	0
gpl005	611	Picture	40	5535667	0	1	2653	1	0	2490	other	0
gpl005	612	Picture	50	5538486	0	1	30174	1	0	next	other	0
gpl005	612	Pulse	199	5538916	431	0
gpl005	612	Pulse	199	5551416	12930	0
gpl005	612	Pulse	199	5563916	25430	0
gpl005	613	Picture	70	5568660	0	1	7129	1	0	7000	other	0
gpl005	614	Picture	40	5575955	0	1	2155	1	0	1990	other	0
gpl005	614	Pulse	199	5576416	462	0
gpl005	615	Picture	70	5578276	0	1	7129	1	0	7000	other	0
gpl005	616	Picture	40	5585571	0	1	3482	1	0	3310	other	0
gpl005	616	Pulse	199	5588916	3345	0
gpl005	617	Picture	70	5589218	0	1	7129	1	0	7000	other	0
gpl005	618	Picture	40	5596513	0	1	1824	1	0	1780	other	0
gpl005	619	Picture	70	5598503	0	1	7129	1	0	7000	other	0
gpl005	619	Pulse	199	5601416	2914	0
gpl005	620	Picture	40	5605798	0	1	3813	1	0	3660	other	0
gpl005	621	Picture	70	5609777	0	1	7129	1	0	7000	other	0
gpl005	621	Pulse	199	5613916	4140	0
gpl005	622	Picture	40	5617071	0	1	2155	1	0	2140	other	0
gpl005	623	Picture	70	5619393	0	1	7129	1	0	7000	other	0
gpl005	623	Pulse	199	5626417	7024	0
gpl005	624	Picture	40	5626687	0	1	4476	1	0	4350	other	0
gpl005	625	Picture	75	5631330	0	1	7129	1	0	7000	hit	1042
gpl005	625	Response	25	5635166	3836	0
gpl005	626	Picture	40	5638625	0	1	2984	1	0	2860	other	0
gpl005	626	Pulse	199	5638916	291	0
gpl005	627	Picture	70	5641775	0	1	7129	1	0	7000	other	0
gpl005	628	Picture	40	5649070	0	1	2819	1	0	2690	other	0
gpl005	628	Pulse	199	5651416	2346	0
gpl005	629	Picture	70	5652054	0	1	7129	1	0	7000	other	0
gpl005	630	Picture	40	5659349	0	1	2155	1	0	2130	other	0
gpl005	631	Picture	70	5661670	0	1	7129	1	0	7000	other	0
gpl005	631	Pulse	199	5663916	2246	0
gpl005	632	Picture	40	5668965	0	1	2653	1	0	2490	other	0
gpl005	633	Picture	50	5671783	0	1	90191	1	0	next	other	0
gpl005	633	Pulse	199	5676416	4632	0
gpl005	633	Pulse	199	5688916	17133	0
gpl005	633	Pulse	199	5701416	29633	0
gpl005	633	Pulse	199	5713916	42133	0
gpl005	633	Pulse	199	5726416	54633	0
gpl005	633	Pulse	199	5738916	67133	0
gpl005	633	Pulse	199	5751416	79633	0
gpl005	634	Picture	90	5761975	0	1	7129	1	0	7000	other	0
gpl005	634	Pulse	199	5763916	1941	0
gpl005	635	Picture	40	5769270	0	1	3482	1	0	3310	other	0
gpl005	636	Picture	90	5772917	0	1	7129	1	0	7000	other	0
gpl005	636	Pulse	199	5776415	3498	0
gpl005	637	Picture	40	5780212	0	1	2155	1	0	1990	other	0
gpl005	638	Picture	95	5782533	0	1	7129	1	0	7000	hit	1068
gpl005	638	Response	25	5786716	4183	0
gpl005	638	Pulse	199	5788916	6383	0
gpl005	639	Picture	40	5789828	0	1	2818	1	0	2690	other	0
gpl005	640	Picture	90	5792812	0	1	7129	1	0	7000	other	0
gpl005	641	Picture	40	5800107	0	1	2155	1	0	2140	other	0
gpl005	641	Pulse	199	5801416	1309	0
gpl005	642	Picture	95	5802428	0	1	7129	1	0	7000	hit	1075
gpl005	642	Response	25	5807346	4917	0
gpl005	643	Picture	40	5809723	0	1	3813	1	0	3660	other	0
gpl005	644	Picture	90	5813702	0	1	7129	1	0	7000	other	0
gpl005	644	Pulse	199	5813916	214	0
gpl005	645	Picture	40	5820997	0	1	4476	1	0	4350	other	0
gpl005	646	Picture	90	5825639	0	1	7129	1	0	7000	other	0
gpl005	646	Pulse	199	5826416	777	0
gpl005	647	Picture	40	5832934	0	1	2653	1	0	2490	other	0
gpl005	648	Picture	90	5835753	0	1	7129	1	0	7000	other	0
gpl005	648	Pulse	199	5838916	3164	0
gpl005	649	Picture	40	5843048	0	1	2984	1	0	2860	other	0
gpl005	650	Picture	90	5846198	0	1	7129	1	0	7000	other	0
gpl005	650	Pulse	199	5851416	5218	0
gpl005	651	Picture	40	5853493	0	1	1824	1	0	1780	other	0
gpl005	652	Picture	90	5855482	0	1	7129	1	0	7000	other	0
gpl005	653	Picture	40	5862777	0	1	2155	1	0	2130	other	0
gpl005	653	Pulse	199	5863916	1139	0
gpl005	654	Picture	50	5865098	0	1	70131	1	0	next	other	0
gpl005	654	Pulse	199	5876415	11317	0
gpl005	654	Pulse	199	5888915	23817	0
gpl005	654	Pulse	199	5901416	36318	0
gpl005	654	Pulse	199	5913916	48818	0
gpl005	654	Pulse	199	5926416	61318	0
gpl005	655	Picture	80	5935229	0	1	7129	1	0	7000	other	0
gpl005	655	Pulse	199	5938916	3687	0
gpl005	656	Picture	40	5942523	0	1	4476	1	0	4350	other	0
gpl005	657	Picture	80	5947166	0	1	7129	1	0	7000	other	0
gpl005	657	Pulse	199	5951416	4250	0
gpl005	658	Picture	40	5954461	0	1	2155	1	0	2140	other	0
gpl005	659	Picture	80	5956782	0	1	7129	1	0	7000	other	0
gpl005	659	Pulse	199	5963916	7134	0
gpl005	660	Picture	40	5964077	0	1	2155	1	0	1990	other	0
gpl005	661	Picture	80	5966397	0	1	7129	1	0	7000	other	0
gpl005	662	Picture	40	5973693	0	1	2984	1	0	2860	other	0
gpl005	662	Pulse	199	5976415	2723	0
gpl005	663	Picture	80	5976843	0	1	7129	1	0	7000	other	0
gpl005	664	Picture	40	5984138	0	1	1824	1	0	1780	other	0
gpl005	665	Picture	80	5986127	0	1	7129	1	0	7000	other	0
gpl005	665	Pulse	199	5988915	2788	0
gpl005	666	Picture	40	5993422	0	1	3482	1	0	3310	other	0
gpl005	667	Picture	80	5997069	0	1	7129	1	0	7000	other	0
gpl005	667	Pulse	199	6001415	4346	0
gpl005	668	Picture	40	6004364	0	1	3813	1	0	3660	other	0
gpl005	669	Picture	80	6008343	0	1	7129	1	0	7000	other	0
gpl005	669	Pulse	199	6013915	5572	0
gpl005	670	Picture	40	6015638	0	1	2155	1	0	2130	other	0
gpl005	671	Picture	80	6017959	0	1	7129	1	0	7000	other	0
gpl005	672	Picture	40	6025254	0	1	2818	1	0	2690	other	0
gpl005	672	Pulse	199	6026416	1161	0
gpl005	673	Picture	80	6028239	0	1	7129	1	0	7000	other	0
gpl005	674	Picture	40	6035533	0	1	2653	1	0	2490	other	0
gpl005	675	Picture	50	6038352	0	1	50070	1	0	next	other	0
gpl005	675	Pulse	199	6038916	564	0
gpl005	675	Pulse	199	6051415	13063	0
gpl005	675	Pulse	199	6063916	25564	0
gpl005	675	Pulse	199	6076415	38063	0
gpl005	676	Picture	200	6088421	69	1	80078	1	0	80000	other	0
gpl005	676	Pulse	199	6088915	563	0
gpl005	676	Pulse	199	6101415	13063	0
gpl005	676	Pulse	199	6113915	25563	0
gpl005	676	Pulse	199	6126415	38063	0
gpl005	676	Pulse	199	6138916	50564	0
gpl005	676	Pulse	199	6151415	63063	0
gpl005	676	Pulse	199	6163915	75563	0
gpl005	677	Pulse	199	6176415	7750	0
gpl005	677	Pulse	199	6188915	20250	0
gpl005	677	Pulse	199	6201415	32750	0
gpl005	677	Pulse	199	6213915	45249	0
gpl005	677	Pulse	199	6226415	57750	0
gpl005	677	Pulse	199	6238915	70250	0
gpl005	677	Pulse	199	6251415	82750	0
gpl005	677	Pulse	199	6263915	95250	0
gpl005	677	Pulse	199	6276415	107750	0
gpl005	677	Pulse	199	6288915	120250	0
gpl005	677	Pulse	199	6301415	132750	0
