Scenario - 
Logfile written - 05/08/2021 15:22:35

Subject	Trial	Event Type	Code	Time	TTime	Uncertainty	Duration	Uncertainty	ReqTime	ReqDur	Stim Type	Pair Index

gpl017	1	Response	21	89708	89542	0
gpl017	2	Picture	start	89860	0	1	689866	1	0	next	other	0
gpl017	2	Response	20	119018	29159	0
gpl017	3	Response	20	121098	2080	0
gpl017	3	Response	20	123018	4000	0
gpl017	3	Response	20	124778	5760	0
gpl017	3	Pulse	199	779667	660649	0
gpl017	3	Picture	100	779726	660707	1	50070	1	0	50000	other	0
gpl017	3	Pulse	199	792167	673148	0
gpl017	3	Pulse	199	804666	685648	0
gpl017	3	Pulse	199	817167	698148	0
gpl017	3	Pulse	199	829667	710648	0
gpl017	4	Picture	80	829961	0	1	7129	1	0	7000	other	0
gpl017	5	Picture	40	837256	0	1	1824	1	0	1780	other	0
gpl017	6	Picture	80	839246	0	1	7129	1	0	7000	other	0
gpl017	6	Pulse	199	842168	2922	0
gpl017	7	Picture	40	846541	0	1	4476	1	0	4350	other	0
gpl017	8	Picture	80	851183	0	1	7129	1	0	7000	other	0
gpl017	8	Pulse	199	854667	3484	0
gpl017	9	Picture	40	858478	0	1	2155	1	0	2140	other	0
gpl017	10	Picture	80	860643	0	322	7119	322	0	7000	other	0
gpl017	10	Pulse	199	867167	6524	0
gpl017	11	Picture	40	867928	0	1	3482	1	0	3310	other	0
gpl017	12	Picture	80	871576	0	1	7129	1	0	7000	other	0
gpl017	13	Picture	40	878871	0	1	2653	1	0	2490	other	0
gpl017	13	Pulse	199	879667	797	0
gpl017	14	Picture	80	881689	0	1	7129	1	0	7000	other	0
gpl017	15	Picture	40	888984	0	1	2984	1	0	2860	other	0
gpl017	16	Picture	80	892134	0	1	7129	1	0	7000	other	0
gpl017	16	Pulse	199	892168	34	0
gpl017	17	Picture	40	899429	0	1	2155	1	0	1990	other	0
gpl017	18	Picture	80	901750	0	1	7129	1	0	7000	other	0
gpl017	18	Pulse	199	904667	2917	0
gpl017	19	Picture	40	909045	0	1	3813	1	0	3660	other	0
gpl017	20	Picture	80	913024	0	1	7129	1	0	7000	other	0
gpl017	20	Pulse	199	917167	4143	0
gpl017	21	Picture	40	920319	0	1	2155	1	0	2130	other	0
gpl017	22	Picture	80	922640	0	1	7129	1	0	7000	other	0
gpl017	22	Pulse	199	929667	7027	0
gpl017	23	Picture	40	929935	0	1	2818	1	0	2690	other	0
gpl017	24	Picture	50	932919	0	1	30174	1	0	next	other	0
gpl017	24	Pulse	199	942167	9248	0
gpl017	24	Pulse	199	954667	21748	0
gpl017	25	Picture	60	963094	0	1	7129	1	0	7000	other	0
gpl017	25	Pulse	199	967167	4074	0
gpl017	26	Picture	40	970388	0	1	1824	1	0	1780	other	0
gpl017	27	Picture	60	972378	0	1	7129	1	0	7000	other	0
gpl017	27	Pulse	199	979667	7289	0
gpl017	28	Picture	40	979673	0	1	2819	1	0	2690	other	0
gpl017	29	Picture	60	982657	0	1	7129	1	0	7000	other	0
gpl017	30	Picture	40	989952	0	1	4476	1	0	4350	other	0
gpl017	30	Pulse	199	992167	2215	0
gpl017	31	Picture	60	994594	0	1	7129	1	0	7000	other	0
gpl017	32	Picture	40	1001889	0	1	2155	1	0	1990	other	0
gpl017	33	Picture	60	1004210	0	1	7129	1	0	7000	other	0
gpl017	33	Pulse	199	1004667	457	0
gpl017	34	Picture	40	1011505	0	1	2155	1	0	2140	other	0
gpl017	35	Picture	65	1013671	0	322	7119	322	0	7000	hit	60
gpl017	35	Pulse	199	1017167	3496	0
gpl017	35	Response	25	1019937	6266	0
gpl017	36	Picture	40	1020955	0	1	3482	1	0	3310	other	0
gpl017	37	Picture	60	1024603	0	1	7129	1	0	7000	other	0
gpl017	37	Pulse	199	1029666	5064	0
gpl017	38	Picture	40	1031898	0	1	2653	1	0	2490	other	0
gpl017	39	Picture	60	1034716	0	1	7129	1	0	7000	other	0
gpl017	40	Picture	40	1042011	0	1	2155	1	0	2130	other	0
gpl017	40	Pulse	199	1042167	155	0
gpl017	41	Picture	60	1044332	0	1	7129	1	0	7000	other	0
gpl017	42	Picture	40	1051627	0	1	2984	1	0	2860	other	0
gpl017	42	Pulse	199	1054667	3040	0
gpl017	43	Picture	60	1054777	0	1	7129	1	0	7000	other	0
gpl017	44	Picture	40	1062072	0	1	3813	1	0	3660	other	0
gpl017	45	Picture	50	1066051	0	1	50070	1	0	next	other	0
gpl017	45	Pulse	199	1067167	1116	0
gpl017	45	Pulse	199	1079667	13616	0
gpl017	45	Pulse	199	1092167	26116	0
gpl017	45	Pulse	199	1104667	38616	0
gpl017	46	Picture	70	1116121	0	1	7129	1	0	7000	other	0
gpl017	46	Pulse	199	1117167	1046	0
gpl017	47	Picture	40	1123416	0	1	3813	1	0	3660	other	0
gpl017	48	Picture	70	1127395	0	1	7129	1	0	7000	other	0
gpl017	48	Pulse	199	1129666	2272	0
gpl017	49	Picture	40	1134690	0	1	2984	1	0	2860	other	0
gpl017	50	Picture	70	1137840	0	1	7129	1	0	7000	other	0
gpl017	50	Pulse	199	1142166	4327	0
gpl017	51	Picture	40	1145135	0	1	2155	1	0	2130	other	0
gpl017	52	Picture	70	1147456	0	1	7129	1	0	7000	other	0
gpl017	52	Pulse	199	1154666	7211	0
gpl017	53	Picture	40	1154751	0	1	2155	1	0	1990	other	0
gpl017	54	Picture	70	1157072	0	1	7129	1	0	7000	other	0
gpl017	55	Picture	40	1164367	0	1	2818	1	0	2690	other	0
gpl017	55	Pulse	199	1167167	2800	0
gpl017	56	Picture	70	1167351	0	1	7129	1	0	7000	other	0
gpl017	57	Picture	40	1174646	0	1	2653	1	0	2490	other	0
gpl017	58	Picture	75	1177464	0	1	7129	1	0	7000	hit	97
gpl017	58	Pulse	199	1179667	2202	0
gpl017	58	Response	25	1183276	5812	0
gpl017	59	Picture	40	1184759	0	1	3482	1	0	3310	other	0
gpl017	60	Picture	70	1188407	0	1	7129	1	0	7000	other	0
gpl017	60	Pulse	199	1192167	3760	0
gpl017	61	Picture	40	1195702	0	1	1824	1	0	1780	other	0
gpl017	62	Picture	70	1197691	0	1	7129	1	0	7000	other	0
gpl017	62	Pulse	199	1204667	6976	0
gpl017	63	Picture	40	1204986	0	1	2155	1	0	2140	other	0
gpl017	64	Picture	70	1207151	0	322	7119	322	0	7000	other	0
gpl017	65	Picture	40	1214436	0	1	4476	1	0	4350	other	0
gpl017	65	Pulse	199	1217167	2731	0
gpl017	66	Picture	50	1219079	0	1	70131	1	0	next	other	0
gpl017	66	Pulse	199	1229667	10588	0
gpl017	66	Pulse	199	1242166	23088	0
gpl017	66	Pulse	199	1254666	35587	0
gpl017	66	Pulse	199	1267166	48087	0
gpl017	66	Pulse	199	1279667	60589	0
gpl017	67	Picture	90	1289209	0	1	7129	1	0	7000	other	0
gpl017	67	Pulse	199	1292167	2958	0
gpl017	68	Picture	40	1296504	0	1	2653	1	0	2490	other	0
gpl017	69	Picture	90	1299322	0	1	7129	1	0	7000	other	0
gpl017	69	Pulse	199	1304667	5344	0
gpl017	70	Picture	40	1306617	0	1	2819	1	0	2690	other	0
gpl017	71	Picture	90	1309602	0	1	7129	1	0	7000	other	0
gpl017	72	Picture	40	1316897	0	1	2155	1	0	2140	other	0
gpl017	72	Pulse	199	1317167	271	0
gpl017	73	Picture	95	1319062	0	322	7119	322	0	7000	hit	124
gpl017	73	Response	25	1325866	6804	0
gpl017	74	Picture	40	1326347	0	1	3482	1	0	3310	other	0
gpl017	74	Pulse	199	1329667	3320	0
gpl017	75	Picture	90	1329994	0	1	7129	1	0	7000	other	0
gpl017	76	Picture	40	1337289	0	1	2984	1	0	2860	other	0
gpl017	77	Picture	95	1340439	0	1	7129	1	0	7000	hit	131
gpl017	77	Pulse	199	1342167	1728	0
gpl017	77	Response	25	1347327	6888	0
gpl017	78	Picture	40	1347734	0	1	4476	1	0	4350	other	0
gpl017	79	Picture	90	1352376	0	1	7129	1	0	7000	other	0
gpl017	79	Pulse	199	1354667	2291	0
gpl017	80	Picture	40	1359671	0	1	3813	1	0	3660	other	0
gpl017	81	Picture	90	1363650	0	1	7129	1	0	7000	other	0
gpl017	81	Pulse	199	1367166	3516	0
gpl017	82	Picture	40	1370945	0	1	2155	1	0	2130	other	0
gpl017	83	Picture	90	1373266	0	1	7129	1	0	7000	other	0
gpl017	83	Pulse	199	1379666	6400	0
gpl017	84	Picture	40	1380561	0	1	2155	1	0	1990	other	0
gpl017	85	Picture	90	1382882	0	1	7129	1	0	7000	other	0
gpl017	86	Picture	40	1390177	0	1	1824	1	0	1780	other	0
gpl017	87	Picture	50	1392167	0	1	90192	1	0	next	other	0
gpl017	87	Pulse	199	1392167	0	0
gpl017	87	Pulse	199	1404667	12500	0
gpl017	87	Pulse	199	1417167	25000	0
gpl017	87	Pulse	199	1429667	37500	0
gpl017	87	Pulse	199	1442167	50000	0
gpl017	87	Pulse	199	1454666	62500	0
gpl017	87	Pulse	199	1467167	75000	0
gpl017	87	Pulse	199	1479667	87500	0
gpl017	88	Picture	80	1482358	0	1	7129	1	0	7000	other	0
gpl017	89	Picture	40	1489653	0	1	2155	1	0	2140	other	0
gpl017	90	Picture	80	1491974	0	1	7129	1	0	7000	other	0
gpl017	90	Pulse	199	1492167	192	0
gpl017	91	Picture	40	1499269	0	1	3482	1	0	3310	other	0
gpl017	92	Picture	80	1502917	0	1	7129	1	0	7000	other	0
gpl017	92	Pulse	199	1504667	1750	0
gpl017	93	Picture	40	1510212	0	1	3813	1	0	3660	other	0
gpl017	94	Picture	80	1514191	0	1	7129	1	0	7000	other	0
gpl017	94	Pulse	199	1517167	2977	0
gpl017	95	Picture	40	1521486	0	1	2155	1	0	2130	other	0
gpl017	96	Picture	80	1523807	0	1	7129	1	0	7000	other	0
gpl017	96	Pulse	199	1529667	5860	0
gpl017	97	Picture	40	1531102	0	1	1824	1	0	1780	other	0
gpl017	98	Picture	80	1533091	0	1	7129	1	0	7000	other	0
gpl017	99	Picture	40	1540386	0	1	2155	1	0	1990	other	0
gpl017	99	Pulse	199	1542167	1781	0
gpl017	100	Picture	85	1542707	0	1	7129	1	0	7000	hit	171
gpl017	100	Response	25	1547716	5009	0
gpl017	101	Picture	40	1550002	0	1	2984	1	0	2860	other	0
gpl017	102	Picture	80	1553152	0	1	7129	1	0	7000	other	0
gpl017	102	Pulse	199	1554667	1515	0
gpl017	103	Picture	40	1560447	0	1	4476	1	0	4350	other	0
gpl017	104	Picture	80	1565089	0	1	7129	1	0	7000	other	0
gpl017	104	Pulse	199	1567167	2078	0
gpl017	105	Picture	40	1572384	0	1	2653	1	0	2490	other	0
gpl017	106	Picture	80	1575203	0	1	7129	1	0	7000	other	0
gpl017	106	Pulse	199	1579667	4464	0
gpl017	107	Picture	40	1582498	0	1	2818	1	0	2690	other	0
gpl017	108	Picture	50	1585482	0	1	90192	1	0	next	other	0
gpl017	108	Pulse	199	1592166	6685	0
gpl017	108	Pulse	199	1604667	19185	0
gpl017	108	Pulse	199	1617167	31685	0
gpl017	108	Pulse	199	1629667	44185	0
gpl017	108	Pulse	199	1642167	56685	0
gpl017	108	Pulse	199	1654667	69185	0
gpl017	108	Pulse	199	1667167	81685	0
gpl017	109	Picture	60	1675673	0	1	7129	1	0	7000	other	0
gpl017	109	Pulse	199	1679667	3993	0
gpl017	110	Picture	40	1682968	0	1	2818	1	0	2690	other	0
gpl017	111	Picture	60	1685953	0	1	7129	1	0	7000	other	0
gpl017	111	Pulse	199	1692166	6214	0
gpl017	112	Picture	40	1693248	0	1	2984	1	0	2860	other	0
gpl017	113	Picture	60	1696398	0	1	7129	1	0	7000	other	0
gpl017	114	Picture	40	1703693	0	1	2155	1	0	2140	other	0
gpl017	114	Pulse	199	1704666	974	0
gpl017	115	Picture	60	1705858	0	322	7119	323	0	7000	other	0
gpl017	116	Picture	40	1713143	0	1	2155	1	0	1990	other	0
gpl017	117	Picture	60	1715464	0	1	7129	1	0	7000	other	0
gpl017	117	Pulse	199	1717167	1703	0
gpl017	118	Picture	40	1722759	0	1	3813	1	0	3660	other	0
gpl017	119	Picture	65	1726738	0	1	7129	1	0	7000	hit	206
gpl017	119	Pulse	199	1729667	2929	0
gpl017	119	Response	25	1730857	4119	0
gpl017	120	Picture	40	1734033	0	1	1824	1	0	1780	other	0
gpl017	121	Picture	60	1736022	0	1	7129	1	0	7000	other	0
gpl017	121	Pulse	199	1742167	6144	0
gpl017	122	Picture	40	1743317	0	1	3482	1	0	3310	other	0
gpl017	123	Picture	60	1746965	0	1	7129	1	0	7000	other	0
gpl017	124	Picture	40	1754260	0	1	2653	1	0	2490	other	0
gpl017	124	Pulse	199	1754667	407	0
gpl017	125	Picture	60	1757078	0	1	7129	1	0	7000	other	0
gpl017	126	Picture	40	1764373	0	1	4476	1	0	4350	other	0
gpl017	126	Pulse	199	1767167	2794	0
gpl017	127	Picture	60	1769015	0	1	7129	1	0	7000	other	0
gpl017	128	Picture	40	1776310	0	1	2155	1	0	2130	other	0
gpl017	129	Picture	50	1778631	0	1	70131	1	0	next	other	0
gpl017	129	Pulse	199	1779667	1036	0
gpl017	129	Pulse	199	1792167	13536	0
gpl017	129	Pulse	199	1804666	26035	0
gpl017	129	Pulse	199	1817166	38535	0
gpl017	129	Pulse	199	1829666	51035	0
gpl017	129	Pulse	199	1842167	63536	0
gpl017	130	Picture	70	1848762	0	1	7129	1	0	7000	other	0
gpl017	130	Pulse	199	1854667	5905	0
gpl017	131	Picture	40	1856057	0	1	1824	1	0	1780	other	0
gpl017	132	Picture	70	1858046	0	1	7129	1	0	7000	other	0
gpl017	133	Picture	40	1865341	0	1	2155	1	0	1990	other	0
gpl017	133	Pulse	199	1867167	1826	0
gpl017	134	Picture	75	1867662	0	1	7129	1	0	7000	hit	233
gpl017	134	Response	25	1872816	5154	0
gpl017	135	Picture	40	1874957	0	1	2653	1	0	2490	other	0
gpl017	136	Picture	70	1877776	0	1	7129	1	0	7000	other	0
gpl017	136	Pulse	199	1879667	1892	0
gpl017	137	Picture	40	1885070	0	1	2984	1	0	2860	other	0
gpl017	138	Picture	70	1888221	0	1	7129	1	0	7000	other	0
gpl017	138	Pulse	199	1892167	3947	0
gpl017	139	Picture	40	1895515	0	1	3813	1	0	3660	other	0
gpl017	140	Picture	70	1899495	0	1	7129	1	0	7000	other	0
gpl017	140	Pulse	199	1904667	5172	0
gpl017	141	Picture	40	1906789	0	1	2818	1	0	2690	other	0
gpl017	142	Picture	70	1909774	0	1	7129	1	0	7000	other	0
gpl017	143	Picture	40	1917069	0	1	2155	1	0	2130	other	0
gpl017	143	Pulse	199	1917167	98	0
gpl017	144	Picture	70	1919390	0	1	7129	1	0	7000	other	0
gpl017	145	Picture	40	1926685	0	1	4476	1	0	4350	other	0
gpl017	145	Pulse	199	1929667	2982	0
gpl017	146	Picture	75	1931327	0	1	7129	1	0	7000	hit	251
gpl017	146	Response	25	1934147	2820	0
gpl017	147	Picture	40	1938622	0	1	2155	1	0	2140	other	0
gpl017	148	Picture	70	1940787	0	322	7119	323	0	7000	other	0
gpl017	148	Pulse	199	1942167	1380	0
gpl017	149	Picture	40	1948072	0	1	3482	1	0	3310	other	0
gpl017	150	Picture	50	1951719	0	1	50070	1	0	next	other	0
gpl017	150	Pulse	199	1954667	2947	0
gpl017	150	Pulse	199	1967167	15447	0
gpl017	150	Pulse	199	1979667	27947	0
gpl017	150	Pulse	199	1992167	40447	0
gpl017	151	Picture	90	2001789	0	1	7129	1	0	7000	other	0
gpl017	151	Pulse	199	2004667	2878	0
gpl017	152	Picture	40	2009084	0	1	3482	1	0	3310	other	0
gpl017	153	Picture	90	2012731	0	1	7129	1	0	7000	other	0
gpl017	153	Pulse	199	2017167	4435	0
gpl017	154	Picture	40	2020026	0	1	1824	1	0	1780	other	0
gpl017	155	Picture	90	2022016	0	1	7129	1	0	7000	other	0
gpl017	156	Picture	40	2029311	0	1	4476	1	0	4350	other	0
gpl017	156	Pulse	199	2029667	356	0
gpl017	157	Picture	90	2033953	0	1	7129	1	0	7000	other	0
gpl017	158	Picture	40	2041248	0	1	2155	1	0	2130	other	0
gpl017	158	Pulse	199	2042166	918	0
gpl017	159	Picture	90	2043569	0	1	7129	1	0	7000	other	0
gpl017	160	Picture	40	2050864	0	1	2653	1	0	2490	other	0
gpl017	161	Picture	90	2053682	0	1	7129	1	0	7000	other	0
gpl017	161	Pulse	199	2054667	985	0
gpl017	162	Picture	40	2060977	0	1	2984	1	0	2860	other	0
gpl017	163	Picture	90	2064127	0	1	7129	1	0	7000	other	0
gpl017	163	Pulse	199	2067167	3040	0
gpl017	164	Picture	40	2071422	0	1	2155	1	0	2140	other	0
gpl017	165	Picture	90	2073588	0	322	7119	322	0	7000	other	0
gpl017	165	Pulse	199	2079667	6079	0
gpl017	166	Picture	40	2080872	0	1	2819	1	0	2690	other	0
gpl017	167	Picture	90	2083857	0	1	7129	1	0	7000	other	0
gpl017	168	Picture	40	2091152	0	1	3813	1	0	3660	other	0
gpl017	168	Pulse	199	2092167	1015	0
gpl017	169	Picture	90	2095131	0	1	7129	1	0	7000	other	0
gpl017	170	Picture	40	2102426	0	1	2155	1	0	1990	other	0
gpl017	170	Pulse	199	2104667	2241	0
gpl017	171	Picture	50	2104747	0	1	30174	1	0	next	other	0
gpl017	171	Pulse	199	2117167	12420	0
gpl017	171	Pulse	199	2129666	24920	0
gpl017	172	Picture	80	2134921	0	1	7129	1	0	7000	other	0
gpl017	172	Pulse	199	2142166	7245	0
gpl017	173	Picture	40	2142216	0	1	3813	1	0	3660	other	0
gpl017	174	Picture	80	2146195	0	1	7129	1	0	7000	other	0
gpl017	175	Picture	40	2153490	0	1	4476	1	0	4350	other	0
gpl017	175	Pulse	199	2154666	1176	0
gpl017	176	Picture	80	2158132	0	1	7129	1	0	7000	other	0
gpl017	177	Picture	40	2165427	0	1	2155	1	0	1990	other	0
gpl017	177	Pulse	199	2167166	1739	0
gpl017	178	Picture	80	2167748	0	1	7129	1	0	7000	other	0
gpl017	179	Picture	40	2175043	0	1	2653	1	0	2490	other	0
gpl017	180	Picture	80	2177862	0	1	7129	1	0	7000	other	0
gpl017	180	Pulse	199	2179667	1805	0
gpl017	181	Picture	40	2185157	0	1	3482	1	0	3310	other	0
gpl017	182	Picture	85	2188804	0	1	7129	1	0	7000	hit	308
gpl017	182	Response	25	2191747	2943	0
gpl017	182	Pulse	199	2192167	3363	0
gpl017	183	Picture	40	2196099	0	1	2155	1	0	2140	other	0
gpl017	184	Picture	80	2198264	0	157	7119	157	0	7000	other	0
gpl017	184	Pulse	199	2204667	6403	0
gpl017	185	Picture	40	2205549	0	1	1824	1	0	1780	other	0
gpl017	186	Picture	80	2207539	0	1	7129	1	0	7000	other	0
gpl017	187	Picture	40	2214833	0	1	2984	1	0	2860	other	0
gpl017	187	Pulse	199	2217167	2333	0
gpl017	188	Picture	80	2217983	0	1	7129	1	0	7000	other	0
gpl017	189	Picture	40	2225278	0	1	2818	1	0	2690	other	0
gpl017	190	Picture	80	2228263	0	1	7129	1	0	7000	other	0
gpl017	190	Pulse	199	2229667	1404	0
gpl017	191	Picture	40	2235558	0	1	2155	1	0	2130	other	0
gpl017	192	Picture	50	2237879	0	1	70131	1	0	next	other	0
gpl017	192	Pulse	199	2242167	4288	0
gpl017	192	Pulse	199	2254666	16787	0
gpl017	192	Pulse	199	2267166	29287	0
gpl017	192	Pulse	199	2279666	41787	0
gpl017	192	Pulse	199	2292167	54288	0
gpl017	192	Pulse	199	2304666	66788	0
gpl017	193	Picture	60	2308009	0	1	7129	1	0	7000	other	0
gpl017	194	Picture	40	2315304	0	1	2984	1	0	2860	other	0
gpl017	194	Pulse	199	2317167	1863	0
gpl017	195	Picture	60	2318454	0	1	7129	1	0	7000	other	0
gpl017	196	Picture	40	2325749	0	1	2653	1	0	2490	other	0
gpl017	197	Picture	60	2328568	0	1	7129	1	0	7000	other	0
gpl017	197	Pulse	199	2329667	1099	0
gpl017	198	Picture	40	2335863	0	1	3813	1	0	3660	other	0
gpl017	199	Picture	65	2339842	0	1	7129	1	0	7000	hit	339
gpl017	199	Pulse	199	2342167	2325	0
gpl017	199	Response	25	2343547	3705	0
gpl017	200	Picture	40	2347137	0	1	1824	1	0	1780	other	0
gpl017	201	Picture	60	2349126	0	1	7129	1	0	7000	other	0
gpl017	201	Pulse	199	2354667	5540	0
gpl017	202	Picture	40	2356421	0	1	2819	1	0	2690	other	0
gpl017	203	Picture	60	2359405	0	1	7129	1	0	7000	other	0
gpl017	204	Picture	40	2366700	0	1	2155	1	0	2130	other	0
gpl017	204	Pulse	199	2367166	466	0
gpl017	205	Picture	65	2369021	0	1	7129	1	0	7000	hit	348
gpl017	205	Response	25	2373607	4585	0
gpl017	206	Picture	40	2376316	0	1	2155	1	0	2140	other	0
gpl017	207	Picture	60	2378637	0	1	7129	1	0	7000	other	0
gpl017	207	Pulse	199	2379667	1030	0
gpl017	208	Picture	40	2385932	0	1	3482	1	0	3310	other	0
gpl017	209	Picture	60	2389580	0	1	7129	1	0	7000	other	0
gpl017	209	Pulse	199	2392166	2587	0
gpl017	210	Picture	40	2396875	0	1	4476	1	0	4350	other	0
gpl017	211	Picture	60	2401517	0	1	7129	1	0	7000	other	0
gpl017	211	Pulse	199	2404667	3150	0
gpl017	212	Picture	40	2408812	0	1	2155	1	0	1990	other	0
gpl017	213	Picture	50	2411133	0	1	30174	1	0	next	other	0
gpl017	213	Pulse	199	2417167	6034	0
gpl017	213	Pulse	199	2429667	18534	0
gpl017	214	Picture	70	2441307	0	1	7129	1	0	7000	other	0
gpl017	214	Pulse	199	2442167	860	0
gpl017	215	Picture	40	2448602	0	1	2818	1	0	2690	other	0
gpl017	216	Picture	70	2451586	0	1	7129	1	0	7000	other	0
gpl017	216	Pulse	199	2454667	3080	0
gpl017	217	Picture	40	2458881	0	1	2653	1	0	2490	other	0
gpl017	218	Picture	70	2461700	0	1	7129	1	0	7000	other	0
gpl017	218	Pulse	199	2467166	5467	0
gpl017	219	Picture	40	2468995	0	1	1824	1	0	1780	other	0
gpl017	220	Picture	70	2470984	0	1	7129	1	0	7000	other	0
gpl017	221	Picture	40	2478279	0	1	2155	1	0	1990	other	0
gpl017	221	Pulse	199	2479666	1387	0
gpl017	222	Picture	70	2480600	0	1	7129	1	0	7000	other	0
gpl017	223	Picture	40	2487895	0	1	2155	1	0	2140	other	0
gpl017	224	Picture	70	2490061	0	322	7119	322	0	7000	other	0
gpl017	224	Pulse	199	2492166	2106	0
gpl017	225	Picture	40	2497345	0	1	2155	1	0	2130	other	0
gpl017	226	Picture	70	2499667	0	1	7129	1	0	7000	other	0
gpl017	226	Pulse	199	2504667	5000	0
gpl017	227	Picture	40	2506961	0	1	4476	1	0	4350	other	0
gpl017	228	Picture	70	2511604	0	1	7129	1	0	7000	other	0
gpl017	228	Pulse	199	2517167	5563	0
gpl017	229	Picture	40	2518899	0	1	3813	1	0	3660	other	0
gpl017	230	Picture	70	2522878	0	1	7129	1	0	7000	other	0
gpl017	230	Pulse	199	2529667	6789	0
gpl017	231	Picture	40	2530172	0	1	3482	1	0	3310	other	0
gpl017	232	Picture	70	2533820	0	1	7129	1	0	7000	other	0
gpl017	233	Picture	40	2541115	0	1	2984	1	0	2860	other	0
gpl017	233	Pulse	199	2542167	1052	0
gpl017	234	Picture	50	2544265	0	1	90192	1	0	next	other	0
gpl017	234	Pulse	199	2554667	10402	0
gpl017	234	Pulse	199	2567176	22912	0
gpl017	234	Pulse	199	2579676	35411	0
gpl017	234	Pulse	199	2592176	47911	0
gpl017	234	Pulse	199	2604676	60411	0
gpl017	234	Pulse	199	2617177	72912	0
gpl017	234	Pulse	199	2629677	85412	0
gpl017	235	Picture	90	2634457	0	1	7129	1	0	7000	other	0
gpl017	236	Picture	40	2641751	0	1	2818	1	0	2690	other	0
gpl017	236	Pulse	199	2642177	426	0
gpl017	237	Picture	90	2644736	0	1	7129	1	0	7000	other	0
gpl017	238	Picture	40	2652031	0	1	2984	1	0	2860	other	0
gpl017	238	Pulse	199	2654677	2646	0
gpl017	239	Picture	90	2655181	0	1	7129	1	0	7000	other	0
gpl017	240	Picture	40	2662476	0	1	3482	1	0	3310	other	0
gpl017	241	Picture	90	2666123	0	1	7129	1	0	7000	other	0
gpl017	241	Pulse	199	2667177	1054	0
gpl017	242	Picture	40	2673418	0	1	2155	1	0	2130	other	0
gpl017	243	Picture	90	2675739	0	1	7129	1	0	7000	other	0
gpl017	243	Pulse	199	2679677	3938	0
gpl017	244	Picture	40	2683034	0	1	3813	2	0	3660	other	0
gpl017	245	Picture	90	2687013	0	1	7129	1	0	7000	other	0
gpl017	245	Pulse	199	2692176	5163	0
gpl017	246	Picture	40	2694308	0	1	2155	1	0	2140	other	0
gpl017	247	Picture	90	2696473	0	322	7119	323	0	7000	other	0
gpl017	248	Picture	40	2703758	0	1	2155	1	0	1990	other	0
gpl017	248	Pulse	199	2704676	918	0
gpl017	249	Picture	90	2706079	0	1	7129	1	0	7000	other	0
gpl017	250	Picture	40	2713374	0	1	2653	1	0	2490	other	0
gpl017	251	Picture	95	2716193	0	1	7129	1	0	7000	hit	423
gpl017	251	Pulse	199	2717177	984	0
gpl017	251	Response	25	2720657	4464	0
gpl017	252	Picture	40	2723487	0	1	1824	1	0	1780	other	0
gpl017	253	Picture	90	2725477	0	1	7129	1	0	7000	other	0
gpl017	253	Pulse	199	2729677	4200	0
gpl017	254	Picture	40	2732772	0	1	4476	1	0	4350	other	0
gpl017	255	Picture	50	2737414	0	1	50070	1	0	next	other	0
gpl017	255	Pulse	199	2742177	4763	0
gpl017	255	Pulse	199	2754677	17262	0
gpl017	255	Pulse	199	2767177	29762	0
gpl017	255	Pulse	199	2779677	42262	0
gpl017	256	Picture	80	2787484	0	1	7129	1	0	7000	other	0
gpl017	256	Pulse	199	2792177	4693	0
gpl017	257	Picture	40	2794779	0	1	2984	1	0	2860	other	0
gpl017	258	Picture	80	2797929	0	1	7129	1	0	7000	other	0
gpl017	258	Pulse	199	2804677	6748	0
gpl017	259	Picture	40	2805224	0	1	3482	1	0	3310	other	0
gpl017	260	Picture	80	2808871	0	1	7129	1	0	7000	other	0
gpl017	261	Picture	40	2816166	0	1	2155	1	0	2130	other	0
gpl017	261	Pulse	199	2817176	1010	0
gpl017	262	Picture	85	2818487	0	1	7129	1	0	7000	hit	443
gpl017	262	Response	25	2824337	5850	0
gpl017	263	Picture	40	2825782	0	1	2155	1	0	2140	other	0
gpl017	264	Picture	80	2828103	0	1	7129	1	0	7000	other	0
gpl017	264	Pulse	199	2829676	1573	0
gpl017	265	Picture	40	2835398	0	1	4476	1	0	4350	other	0
gpl017	266	Picture	80	2840040	0	1	7129	1	0	7000	other	0
gpl017	266	Pulse	199	2842176	2136	0
gpl017	267	Picture	40	2847335	0	1	2155	1	0	1990	other	0
gpl017	268	Picture	85	2849656	0	1	7129	1	0	7000	hit	452
gpl017	268	Response	25	2853567	3910	0
gpl017	268	Pulse	199	2854677	5020	0
gpl017	269	Picture	40	2856951	0	1	1824	1	0	1780	other	0
gpl017	270	Picture	80	2858941	0	1	7129	1	0	7000	other	0
gpl017	271	Picture	40	2866236	0	1	3813	1	0	3660	other	0
gpl017	271	Pulse	199	2867177	941	0
gpl017	272	Picture	80	2870215	0	1	7129	1	0	7000	other	0
gpl017	273	Picture	40	2877510	0	1	2653	1	0	2490	other	0
gpl017	273	Pulse	199	2879677	2167	0
gpl017	274	Picture	80	2880328	0	1	7129	1	0	7000	other	0
gpl017	275	Picture	40	2887623	0	1	2818	1	0	2690	other	0
gpl017	276	Picture	50	2890607	0	1	50070	1	0	next	other	0
gpl017	276	Pulse	199	2892177	1569	0
gpl017	276	Pulse	199	2904676	14069	0
gpl017	276	Pulse	199	2917176	26569	0
gpl017	276	Pulse	199	2929676	39069	0
gpl017	277	Picture	60	2940677	0	1	7129	1	0	7000	other	0
gpl017	277	Pulse	199	2942176	1499	0
gpl017	278	Picture	40	2947972	0	1	3482	1	0	3310	other	0
gpl017	279	Picture	60	2951619	0	1	7129	1	0	7000	other	0
gpl017	279	Pulse	199	2954677	3058	0
gpl017	280	Picture	40	2958914	0	1	1824	1	0	1780	other	0
gpl017	281	Picture	60	2960904	0	1	7129	1	0	7000	other	0
gpl017	281	Pulse	199	2967177	6273	0
gpl017	282	Picture	40	2968199	0	1	2653	1	0	2490	other	0
gpl017	283	Picture	60	2971017	0	1	7129	1	0	7000	other	0
gpl017	284	Picture	40	2978312	0	1	2155	1	0	2140	other	0
gpl017	284	Pulse	199	2979677	1365	0
gpl017	285	Picture	60	2980633	0	1	7129	1	0	7000	other	0
gpl017	286	Picture	40	2987928	0	1	3813	1	0	3660	other	0
gpl017	287	Picture	60	2991907	0	1	7129	1	0	7000	other	0
gpl017	287	Pulse	199	2992177	270	0
gpl017	288	Picture	40	2999202	0	1	2155	1	0	2130	other	0
gpl017	289	Picture	60	3001523	0	1	7129	1	0	7000	other	0
gpl017	289	Pulse	199	3004677	3153	0
gpl017	290	Picture	40	3008818	0	1	2819	1	0	2690	other	0
gpl017	291	Picture	60	3011802	0	1	7129	1	0	7000	other	0
gpl017	291	Pulse	199	3017177	5375	0
gpl017	292	Picture	40	3019097	0	1	2984	1	0	2860	other	0
gpl017	293	Picture	60	3022247	0	1	7129	1	0	7000	other	0
gpl017	294	Picture	40	3029542	0	1	2155	1	0	1990	other	0
gpl017	294	Pulse	199	3029676	134	0
gpl017	295	Picture	60	3031863	0	1	7129	1	0	7000	other	0
gpl017	296	Picture	40	3039158	0	1	4476	1	0	4350	other	0
gpl017	296	Pulse	199	3042176	3018	0
gpl017	297	Picture	50	3043800	0	1	90192	1	0	next	other	0
gpl017	297	Pulse	199	3054676	10875	0
gpl017	297	Pulse	199	3067177	23376	0
gpl017	297	Pulse	199	3079676	35876	0
gpl017	297	Pulse	199	3092177	48376	0
gpl017	297	Pulse	199	3104676	60876	0
gpl017	297	Pulse	199	3117177	73376	0
gpl017	297	Pulse	199	3129677	85876	0
gpl017	298	Picture	70	3133992	0	1	7129	1	0	7000	other	0
gpl017	299	Picture	40	3141287	0	1	2653	1	0	2490	other	0
gpl017	299	Pulse	199	3142176	890	0
gpl017	300	Picture	70	3144105	0	1	7129	1	0	7000	other	0
gpl017	301	Picture	40	3151400	0	1	4476	1	0	4350	other	0
gpl017	301	Pulse	199	3154676	3276	0
gpl017	302	Picture	70	3156043	0	1	7129	1	0	7000	other	0
gpl017	303	Picture	40	3163337	0	1	1824	1	0	1780	other	0
gpl017	304	Picture	70	3165327	0	1	7129	1	0	7000	other	0
gpl017	304	Pulse	199	3167177	1850	0
gpl017	305	Picture	40	3172622	0	1	2155	1	0	1990	other	0
gpl017	306	Picture	70	3174943	0	1	7129	1	0	7000	other	0
gpl017	306	Pulse	199	3179677	4734	0
gpl017	307	Picture	40	3182238	0	1	3813	1	0	3660	other	0
gpl017	308	Picture	75	3186217	0	1	7129	1	0	7000	hit	520
gpl017	308	Response	25	3190057	3840	0
gpl017	308	Pulse	199	3192177	5960	0
gpl017	309	Picture	40	3193512	0	1	2819	1	0	2690	other	0
gpl017	310	Picture	70	3196496	0	1	7129	1	0	7000	other	0
gpl017	311	Picture	40	3203791	0	1	2155	1	0	2140	other	0
gpl017	311	Pulse	199	3204677	886	0
gpl017	312	Picture	70	3205956	0	322	7119	322	0	7000	other	0
gpl017	313	Picture	40	3213241	0	1	3482	1	0	3310	other	0
gpl017	314	Picture	70	3216889	0	1	7129	1	0	7000	other	0
gpl017	314	Pulse	199	3217177	288	0
gpl017	315	Picture	40	3224184	0	1	2155	1	0	2130	other	0
gpl017	316	Picture	70	3226505	0	1	7129	1	0	7000	other	0
gpl017	316	Pulse	199	3229677	3172	0
gpl017	317	Picture	40	3233800	0	1	2984	1	0	2860	other	0
gpl017	318	Picture	50	3236950	0	1	30174	1	0	next	other	0
gpl017	318	Pulse	199	3242177	5227	0
gpl017	318	Pulse	199	3254676	17726	0
gpl017	319	Picture	90	3267124	0	1	7129	1	0	7000	other	0
gpl017	319	Pulse	199	3267176	52	0
gpl017	320	Picture	40	3274419	0	1	2819	1	0	2690	other	0
gpl017	321	Picture	90	3277403	0	1	7129	1	0	7000	other	0
gpl017	321	Pulse	199	3279676	2273	0
gpl017	322	Picture	40	3284698	0	1	2140	182	0	2140	other	0
gpl017	323	Picture	90	3287185	0	1	7129	1	0	7000	other	0
gpl017	323	Pulse	199	3292176	4991	0
gpl017	324	Picture	40	3294480	0	1	2155	1	0	2130	other	0
gpl017	325	Picture	95	3296801	0	1	7129	1	0	7000	hit	547
gpl017	325	Response	25	3301647	4846	0
gpl017	326	Picture	40	3304096	0	1	3482	1	0	3310	other	0
gpl017	326	Pulse	199	3304677	581	0
gpl017	327	Picture	90	3307743	0	1	7129	1	0	7000	other	0
gpl017	328	Picture	40	3315038	0	1	2984	1	0	2860	other	0
gpl017	328	Pulse	199	3317177	2138	0
gpl017	329	Picture	90	3318188	0	1	7129	1	0	7000	other	0
gpl017	330	Picture	40	3325483	0	1	3813	1	0	3660	other	0
gpl017	331	Picture	90	3329462	0	1	7129	1	0	7000	other	0
gpl017	331	Pulse	199	3329677	214	0
gpl017	332	Picture	40	3336757	0	1	2155	1	0	1990	other	0
gpl017	333	Picture	90	3339078	0	1	7129	1	0	7000	other	0
gpl017	333	Pulse	199	3342177	3098	0
gpl017	334	Picture	40	3346373	0	1	2653	1	0	2490	other	0
gpl017	335	Picture	90	3349192	0	1	7129	1	0	7000	other	0
gpl017	335	Pulse	199	3354677	5485	0
gpl017	336	Picture	40	3356487	0	1	4476	1	0	4350	other	0
gpl017	337	Picture	90	3361129	0	1	7129	1	0	7000	other	0
gpl017	337	Pulse	199	3367176	6047	0
gpl017	338	Picture	40	3368424	0	1	1824	1	0	1780	other	0
gpl017	339	Picture	50	3370413	0	1	70131	1	0	next	other	0
gpl017	339	Pulse	199	3379676	9263	0
gpl017	339	Pulse	199	3392176	21762	0
gpl017	339	Pulse	199	3404676	34263	0
gpl017	339	Pulse	199	3417176	46763	0
gpl017	339	Pulse	199	3429676	59263	0
gpl017	340	Picture	80	3440544	0	1	7129	1	0	7000	other	0
gpl017	340	Pulse	199	3442176	1633	0
gpl017	341	Picture	40	3447839	0	1	2155	1	0	2140	other	0
gpl017	342	Picture	80	3450004	0	322	7119	322	0	7000	other	0
gpl017	342	Pulse	199	3454677	4673	0
gpl017	343	Picture	40	3457289	0	1	4476	1	0	4350	other	0
gpl017	344	Picture	80	3461931	0	1	7129	1	0	7000	other	0
gpl017	344	Pulse	199	3467177	5245	0
gpl017	345	Picture	40	3469226	0	1	2155	1	0	2130	other	0
gpl017	346	Picture	80	3471547	0	1	7129	1	0	7000	other	0
gpl017	347	Picture	40	3478842	0	1	2155	1	0	1990	other	0
gpl017	347	Pulse	199	3479676	834	0
gpl017	348	Picture	80	3481163	0	1	7129	1	0	7000	other	0
gpl017	349	Picture	40	3488458	0	1	2653	1	0	2490	other	0
gpl017	350	Picture	80	3491277	0	1	7129	1	0	7000	other	0
gpl017	350	Pulse	199	3492176	899	0
gpl017	351	Picture	40	3498572	0	1	3482	1	0	3310	other	0
gpl017	352	Picture	80	3502219	0	1	7129	1	0	7000	other	0
gpl017	352	Pulse	199	3504676	2457	0
gpl017	353	Picture	40	3509514	0	1	2819	1	0	2690	other	0
gpl017	354	Picture	80	3512498	0	1	7129	1	0	7000	other	0
gpl017	354	Pulse	199	3517177	4678	0
gpl017	355	Picture	40	3519793	0	1	2984	1	0	2860	other	0
gpl017	356	Picture	85	3522943	0	1	7129	1	0	7000	hit	597
gpl017	356	Response	25	3527007	4063	0
gpl017	356	Pulse	199	3529676	6733	0
gpl017	357	Picture	40	3530238	0	1	1824	1	0	1780	other	0
gpl017	358	Picture	80	3532228	0	1	7129	1	0	7000	other	0
gpl017	359	Picture	40	3539523	0	1	3813	1	0	3660	other	0
gpl017	359	Pulse	199	3542177	2654	0
gpl017	360	Picture	50	3543502	0	1	90192	1	0	next	other	0
gpl017	360	Pulse	199	3554677	11175	0
gpl017	360	Pulse	199	3567176	23675	0
gpl017	360	Pulse	199	3579677	36175	0
gpl017	360	Pulse	199	3592176	48674	0
gpl017	360	Pulse	199	3604676	61174	0
gpl017	360	Pulse	199	3617176	73674	0
gpl017	360	Pulse	199	3629676	86175	0
gpl017	361	Picture	60	3633693	0	1	7129	1	0	7000	other	0
gpl017	362	Picture	40	3640988	0	1	2984	1	0	2860	other	0
gpl017	362	Pulse	199	3642177	1189	0
gpl017	363	Picture	60	3644138	0	1	7129	1	0	7000	other	0
gpl017	364	Picture	40	3651433	0	1	2653	1	0	2490	other	0
gpl017	365	Picture	60	3654252	0	1	7129	1	0	7000	other	0
gpl017	365	Pulse	199	3654677	425	0
gpl017	366	Picture	40	3661546	0	1	2155	1	0	1990	other	0
gpl017	367	Picture	60	3663868	0	1	7129	1	0	7000	other	0
gpl017	367	Pulse	199	3667177	3309	0
gpl017	368	Picture	40	3671163	0	1	2818	1	0	2690	other	0
gpl017	369	Picture	65	3674147	0	1	7129	1	0	7000	hit	623
gpl017	369	Response	25	3679587	5440	0
gpl017	369	Pulse	199	3679676	5530	0
gpl017	370	Picture	40	3681442	0	1	2155	1	0	2130	other	0
gpl017	371	Picture	60	3683763	0	1	7129	1	0	7000	other	0
gpl017	372	Picture	40	3691058	0	1	2155	1	0	2140	other	0
gpl017	372	Pulse	199	3692176	1119	0
gpl017	373	Picture	65	3693223	0	322	7119	322	0	7000	hit	630
gpl017	373	Response	25	3698216	4993	0
gpl017	374	Picture	40	3700508	0	1	3813	1	0	3660	other	0
gpl017	375	Picture	60	3704487	0	1	7129	1	0	7000	other	0
gpl017	375	Pulse	199	3704676	189	0
gpl017	376	Picture	40	3711782	0	1	1824	1	0	1780	other	0
gpl017	377	Picture	60	3713771	0	1	7129	1	0	7000	other	0
gpl017	377	Pulse	199	3717176	3405	0
gpl017	378	Picture	40	3721066	0	1	3482	1	0	3310	other	0
gpl017	379	Picture	60	3724714	0	1	7129	1	0	7000	other	0
gpl017	379	Pulse	199	3729676	4963	0
gpl017	380	Picture	40	3732009	0	1	4476	1	0	4350	other	0
gpl017	381	Picture	50	3736651	0	1	30174	1	0	next	other	0
gpl017	381	Pulse	199	3742177	5526	0
gpl017	381	Pulse	199	3754676	18026	0
gpl017	382	Picture	70	3766825	0	1	7129	1	0	7000	other	0
gpl017	382	Pulse	199	3767177	351	0
gpl017	383	Picture	40	3774120	0	1	2155	1	0	2140	other	0
gpl017	384	Picture	70	3776286	0	156	7119	156	0	7000	other	0
gpl017	384	Pulse	199	3779677	3391	0
gpl017	385	Picture	40	3783570	0	1	2653	1	0	2490	other	0
gpl017	386	Picture	70	3786389	0	1	7129	1	0	7000	other	0
gpl017	386	Pulse	199	3792177	5788	0
gpl017	387	Picture	40	3793684	0	1	2155	1	0	1990	other	0
gpl017	388	Picture	70	3796005	0	1	7129	1	0	7000	other	0
gpl017	389	Picture	40	3803300	0	1	1824	1	0	1780	other	0
gpl017	389	Pulse	199	3804676	1377	0
gpl017	390	Picture	70	3805289	0	1	7129	1	0	7000	other	0
gpl017	391	Picture	40	3812584	0	1	4476	1	0	4350	other	0
gpl017	391	Pulse	199	3817176	4592	0
gpl017	392	Picture	70	3817226	0	1	7129	1	0	7000	other	0
gpl017	393	Picture	40	3824521	0	1	3482	1	0	3310	other	0
gpl017	394	Picture	70	3828169	0	1	7129	1	0	7000	other	0
gpl017	394	Pulse	199	3829676	1507	0
gpl017	395	Picture	40	3835464	0	1	2155	1	0	2130	other	0
gpl017	396	Picture	70	3837785	0	1	7129	1	0	7000	other	0
gpl017	396	Pulse	199	3842176	4391	0
gpl017	397	Picture	40	3845080	0	1	3813	1	0	3660	other	0
gpl017	398	Picture	70	3849059	0	1	7129	1	0	7000	other	0
gpl017	398	Pulse	199	3854677	5618	0
gpl017	399	Picture	40	3856354	0	1	2818	1	0	2690	other	0
gpl017	400	Picture	70	3859338	0	1	7129	1	0	7000	other	0
gpl017	401	Picture	40	3866633	0	1	2984	1	0	2860	other	0
gpl017	401	Pulse	199	3867177	544	0
gpl017	402	Picture	50	3869783	0	1	50070	1	0	next	other	0
gpl017	402	Pulse	199	3879676	9894	0
gpl017	402	Pulse	199	3892176	22393	0
gpl017	402	Pulse	199	3904676	34893	0
gpl017	402	Pulse	199	3917176	47393	0
gpl017	403	Picture	90	3919853	0	1	7129	1	0	7000	other	0
gpl017	404	Picture	40	3927147	0	1	1824	1	0	1780	other	0
gpl017	405	Picture	90	3929137	0	1	7129	1	0	7000	other	0
gpl017	405	Pulse	199	3929676	539	0
gpl017	406	Picture	40	3936432	0	1	3482	1	0	3310	other	0
gpl017	407	Picture	90	3940079	0	1	7129	1	0	7000	other	0
gpl017	407	Pulse	199	3942176	2096	0
gpl017	408	Picture	40	3947374	0	1	2155	1	0	2140	other	0
gpl017	409	Picture	90	3949540	0	322	7119	322	0	7000	other	0
gpl017	409	Pulse	199	3954676	5136	0
gpl017	410	Picture	40	3956824	0	1	2984	1	0	2860	other	0
gpl017	411	Picture	90	3959975	0	1	7129	1	0	7000	other	0
gpl017	411	Pulse	199	3967177	7202	0
gpl017	412	Picture	40	3967269	0	1	4476	1	0	4350	other	0
gpl017	413	Picture	90	3971912	0	1	7129	1	0	7000	other	0
gpl017	414	Picture	40	3979207	0	1	2155	1	0	2130	other	0
gpl017	414	Pulse	199	3979676	470	0
gpl017	415	Picture	90	3981528	0	1	7129	1	0	7000	other	0
gpl017	416	Picture	40	3988823	0	1	2155	1	0	1990	other	0
gpl017	417	Picture	90	3991144	0	1	7129	1	0	7000	other	0
gpl017	417	Pulse	199	3992176	1033	0
gpl017	418	Picture	40	3998439	0	1	3813	1	0	3660	other	0
gpl017	419	Picture	90	4002418	0	1	7129	1	0	7000	other	0
gpl017	419	Pulse	199	4004676	2259	0
gpl017	420	Picture	40	4009713	0	1	2818	1	0	2690	other	0
gpl017	421	Picture	95	4012697	0	1	7129	1	0	7000	hit	705
gpl017	421	Pulse	199	4017176	4480	0
gpl017	421	Response	25	4017297	4600	0
gpl017	422	Picture	40	4019992	0	1	2653	1	0	2490	other	0
gpl017	423	Picture	50	4022810	0	1	70131	1	0	next	other	0
gpl017	423	Pulse	199	4029676	6866	0
gpl017	423	Pulse	199	4042176	19365	0
gpl017	423	Pulse	199	4054676	31865	0
gpl017	423	Pulse	199	4067176	44366	0
gpl017	423	Pulse	199	4079676	56866	0
gpl017	423	Pulse	199	4092176	69366	0
gpl017	424	Picture	80	4092941	0	1	7129	1	0	7000	other	0
gpl017	425	Picture	40	4100236	0	1	4476	1	0	4350	other	0
gpl017	425	Pulse	199	4104676	4440	1
gpl017	426	Picture	80	4104878	0	1	7129	1	0	7000	other	0
gpl017	427	Picture	40	4112173	0	1	3813	1	0	3660	other	0
gpl017	428	Picture	85	4116152	0	1	7129	1	0	7000	hit	721
gpl017	428	Pulse	199	4117176	1024	0
gpl017	428	Response	25	4120236	4084	0
gpl017	429	Picture	40	4123447	0	1	3482	1	0	3310	other	0
gpl017	430	Picture	80	4127094	0	1	7129	1	0	7000	other	0
gpl017	430	Pulse	199	4129676	2582	0
gpl017	431	Picture	40	4134389	0	1	2653	1	0	2490	other	0
gpl017	432	Picture	80	4137208	0	1	7129	1	0	7000	other	0
gpl017	432	Pulse	199	4142176	4968	0
gpl017	433	Picture	40	4144503	0	1	2155	1	0	2130	other	0
gpl017	434	Picture	80	4146824	0	1	7129	1	0	7000	other	0
gpl017	435	Picture	40	4154119	0	1	2155	1	0	2140	other	0
gpl017	435	Pulse	199	4154675	557	0
gpl017	436	Picture	80	4156284	0	322	7119	323	0	7000	other	0
gpl017	437	Picture	40	4163569	0	1	2155	1	0	1990	other	0
gpl017	438	Picture	80	4165890	0	1	7129	1	0	7000	other	0
gpl017	438	Pulse	199	4167176	1286	0
gpl017	439	Picture	40	4173185	0	1	2818	1	0	2690	other	0
gpl017	440	Picture	85	4176169	0	1	7129	1	0	7000	hit	739
gpl017	440	Pulse	199	4179676	3507	0
gpl017	440	Response	25	4181525	5356	0
gpl017	441	Picture	40	4183464	0	1	1824	1	0	1780	other	0
gpl017	442	Picture	80	4185453	0	1	7129	1	0	7000	other	0
gpl017	442	Pulse	199	4192176	6722	0
gpl017	443	Picture	40	4192748	0	1	2984	1	0	2860	other	0
gpl017	444	Picture	50	4195898	0	1	70131	1	0	next	other	0
gpl017	444	Pulse	199	4204676	8778	0
gpl017	444	Pulse	199	4217176	21277	0
gpl017	444	Pulse	199	4229676	33777	0
gpl017	444	Pulse	199	4242176	46277	0
gpl017	444	Pulse	199	4254676	58777	0
gpl017	445	Picture	60	4266029	0	1	7129	1	0	7000	other	0
gpl017	445	Pulse	199	4267175	1146	0
gpl017	446	Picture	40	4273324	0	1	2984	1	0	2860	other	0
gpl017	447	Picture	60	4276474	0	1	7129	1	0	7000	other	0
gpl017	447	Pulse	199	4279676	3202	0
gpl017	448	Picture	40	4283769	0	1	2653	1	0	2490	other	0
gpl017	449	Picture	60	4286588	0	1	7129	1	0	7000	other	0
gpl017	449	Pulse	199	4292176	5588	0
gpl017	450	Picture	40	4293882	0	1	3813	1	0	3660	other	0
gpl017	451	Picture	60	4297861	0	1	7129	1	0	7000	other	0
gpl017	451	Pulse	199	4304676	6814	0
gpl017	452	Picture	40	4305156	0	1	2155	1	0	2130	other	0
gpl017	453	Picture	60	4307477	0	1	7129	1	0	7000	other	0
gpl017	454	Picture	40	4314772	0	1	3482	1	0	3310	other	0
gpl017	454	Pulse	199	4317176	2404	0
gpl017	455	Picture	60	4318420	0	1	7129	1	0	7000	other	0
gpl017	456	Picture	40	4325715	0	1	2155	1	0	2140	other	0
gpl017	457	Picture	60	4328036	0	1	7129	1	0	7000	other	0
gpl017	457	Pulse	199	4329686	1650	0
gpl017	458	Picture	40	4335331	0	1	4476	1	0	4350	other	0
gpl017	459	Picture	60	4339973	0	1	7129	1	0	7000	other	0
gpl017	459	Pulse	199	4342186	2213	0
gpl017	460	Picture	40	4347268	0	1	1824	1	0	1780	other	0
gpl017	461	Picture	60	4349257	0	1	7129	1	0	7000	other	0
gpl017	461	Pulse	199	4354686	5429	0
gpl017	462	Picture	40	4356552	0	1	2155	1	0	1990	other	0
gpl017	463	Picture	60	4358873	0	1	7129	1	0	7000	other	0
gpl017	464	Picture	40	4366168	0	1	2818	1	0	2690	other	0
gpl017	464	Pulse	199	4367186	1017	0
gpl017	465	Picture	50	4369153	0	1	50070	1	0	next	other	0
gpl017	465	Pulse	199	4379685	10533	0
gpl017	465	Pulse	199	4392186	23033	0
gpl017	465	Pulse	199	4404685	35533	0
gpl017	465	Pulse	199	4417186	48034	0
gpl017	466	Picture	70	4419222	0	1	7129	1	0	7000	other	0
gpl017	467	Picture	40	4426517	0	1	2155	1	0	2140	other	0
gpl017	468	Picture	70	4428682	0	322	7119	323	0	7000	other	0
gpl017	468	Pulse	199	4429686	1004	0
gpl017	469	Picture	40	4435967	0	1	4476	1	0	4350	other	0
gpl017	470	Picture	70	4440609	0	1	7129	1	0	7000	other	0
gpl017	470	Pulse	199	4442186	1577	0
gpl017	471	Picture	40	4447904	0	1	2653	1	0	2490	other	0
gpl017	472	Picture	70	4450723	0	1	7129	1	0	7000	other	0
gpl017	472	Pulse	199	4454686	3963	0
gpl017	473	Picture	40	4458018	0	1	3813	1	0	3660	other	0
gpl017	474	Picture	70	4461997	0	1	7129	1	0	7000	other	0
gpl017	474	Pulse	199	4467186	5190	0
gpl017	475	Picture	40	4469292	0	1	1824	1	0	1780	other	0
gpl017	476	Picture	70	4471281	0	1	7129	1	0	7000	other	0
gpl017	477	Picture	40	4478576	0	1	2155	1	0	2130	other	0
gpl017	477	Pulse	199	4479686	1110	0
gpl017	478	Picture	70	4480897	0	1	7129	1	0	7000	other	0
gpl017	479	Picture	40	4488192	0	1	2819	1	0	2690	other	0
gpl017	480	Picture	75	4491176	0	1	7129	1	0	7000	hit	805
gpl017	480	Pulse	199	4492186	1010	0
gpl017	480	Response	25	4494926	3750	0
gpl017	481	Picture	40	4498471	0	1	2155	1	0	1990	other	0
gpl017	482	Picture	70	4500792	0	1	7129	1	0	7000	other	0
gpl017	482	Pulse	199	4504686	3893	0
gpl017	483	Picture	40	4508087	0	1	2984	1	0	2860	other	0
gpl017	484	Picture	70	4511237	0	1	7129	1	0	7000	other	0
gpl017	484	Pulse	199	4517186	5948	0
gpl017	485	Picture	40	4518532	0	1	3482	1	0	3310	other	0
gpl017	486	Picture	50	4522180	0	1	90192	1	0	next	other	0
gpl017	486	Pulse	199	4529686	7506	0
gpl017	486	Pulse	199	4542187	20007	0
gpl017	486	Pulse	199	4554686	32506	0
gpl017	486	Pulse	199	4567186	45006	0
gpl017	486	Pulse	199	4579686	57506	0
gpl017	486	Pulse	199	4592186	70006	0
gpl017	486	Pulse	199	4604686	82506	0
gpl017	487	Picture	90	4612371	0	1	7129	1	0	7000	other	0
gpl017	487	Pulse	199	4617186	4814	0
gpl017	488	Picture	40	4619666	0	1	3813	1	0	3660	other	0
gpl017	489	Picture	90	4623645	0	1	7129	1	0	7000	other	0
gpl017	489	Pulse	199	4629686	6040	0
gpl017	490	Picture	40	4630940	0	1	3482	1	0	3310	other	0
gpl017	491	Picture	90	4634588	0	1	7129	1	0	7000	other	0
gpl017	492	Picture	40	4641883	0	1	2653	1	0	2490	other	0
gpl017	492	Pulse	199	4642186	304	0
gpl017	493	Picture	90	4644701	0	1	7129	1	0	7000	other	0
gpl017	494	Picture	40	4651996	0	1	2984	1	0	2860	other	0
gpl017	494	Pulse	199	4654686	2690	0
gpl017	495	Picture	90	4655146	0	1	7129	1	0	7000	other	0
gpl017	496	Picture	40	4662441	0	1	1824	1	0	1780	other	0
gpl017	497	Picture	90	4664431	0	1	7129	1	0	7000	other	0
gpl017	497	Pulse	199	4667186	2756	0
gpl017	498	Picture	40	4671725	0	1	2155	1	0	2140	other	0
gpl017	499	Picture	90	4673891	0	322	7119	322	0	7000	other	0
gpl017	499	Pulse	199	4679686	5795	0
gpl017	500	Picture	40	4681176	0	1	2819	1	0	2690	other	0
gpl017	501	Picture	95	4684160	0	1	7129	1	0	7000	hit	842
gpl017	501	Response	25	4688535	4376	0
gpl017	502	Picture	40	4691455	0	1	2155	1	0	2130	other	0
gpl017	502	Pulse	199	4692186	731	0
gpl017	503	Picture	90	4693620	0	156	7119	157	0	7000	other	0
gpl017	504	Picture	40	4700905	0	1	2155	1	0	1990	other	0
gpl017	505	Picture	90	4703226	0	1	7129	1	0	7000	other	0
gpl017	505	Pulse	199	4704686	1460	0
gpl017	506	Picture	40	4710521	0	1	4476	1	0	4350	other	0
gpl017	507	Picture	50	4715163	0	1	30174	1	0	next	other	0
gpl017	507	Pulse	199	4717186	2022	0
gpl017	507	Pulse	199	4729685	14522	0
gpl017	507	Pulse	199	4742186	27022	0
gpl017	508	Picture	80	4745338	0	1	7129	1	0	7000	other	0
gpl017	509	Picture	40	4752633	0	1	2155	1	0	2140	other	0
gpl017	509	Pulse	199	4754686	2054	0
gpl017	510	Picture	80	4754798	0	322	7119	322	0	7000	other	0
gpl017	511	Picture	40	4762083	0	1	4476	1	0	4350	other	0
gpl017	512	Picture	80	4766725	0	1	7129	1	0	7000	other	0
gpl017	512	Pulse	199	4767186	461	0
gpl017	513	Picture	40	4774020	0	1	1824	1	0	1780	other	0
gpl017	514	Picture	80	4776009	0	1	7129	1	0	7000	other	0
gpl017	514	Pulse	199	4779686	3677	0
gpl017	515	Picture	40	4783304	0	1	2984	1	0	2860	other	0
gpl017	516	Picture	80	4786454	0	1	7129	1	0	7000	other	0
gpl017	516	Pulse	199	4792186	5732	0
gpl017	517	Picture	40	4793749	0	1	2818	1	0	2690	other	0
gpl017	518	Picture	80	4796734	0	1	7129	1	0	7000	other	0
gpl017	519	Picture	40	4804029	0	1	2155	1	0	1990	other	0
gpl017	519	Pulse	199	4804686	657	0
gpl017	520	Picture	80	4806350	0	1	7129	1	0	7000	other	0
gpl017	521	Picture	40	4813645	0	1	2653	1	0	2490	other	0
gpl017	522	Picture	80	4816463	0	1	7129	1	0	7000	other	0
gpl017	522	Pulse	199	4817186	723	0
gpl017	523	Picture	40	4823758	0	1	2155	1	0	2130	other	0
gpl017	524	Picture	80	4826079	0	1	7129	1	0	7000	other	0
gpl017	524	Pulse	199	4829685	3606	0
gpl017	525	Picture	40	4833374	0	1	3482	1	0	3310	other	0
gpl017	526	Picture	80	4837021	0	1	7129	1	0	7000	other	0
gpl017	526	Pulse	199	4842185	5164	0
gpl017	527	Picture	40	4844316	0	1	3813	1	0	3660	other	0
gpl017	528	Picture	50	4848295	0	1	50070	1	0	next	other	0
gpl017	528	Pulse	199	4854686	6390	0
gpl017	528	Pulse	199	4867186	18891	0
gpl017	528	Pulse	199	4879686	31391	0
gpl017	528	Pulse	199	4892186	43891	0
gpl017	529	Picture	60	4898365	0	1	7129	1	0	7000	other	0
gpl017	529	Pulse	199	4904687	6322	0
gpl017	530	Picture	40	4905660	0	1	3813	1	0	3660	other	0
gpl017	531	Picture	60	4909639	0	1	7129	1	0	7000	other	0
gpl017	532	Picture	40	4916934	0	1	2984	1	0	2860	other	0
gpl017	532	Pulse	199	4917186	253	0
gpl017	533	Picture	60	4920084	0	1	7129	1	0	7000	other	0
gpl017	534	Picture	40	4927379	0	1	3482	1	0	3310	other	0
gpl017	534	Pulse	199	4929686	2307	0
gpl017	535	Picture	60	4931026	0	1	7129	1	0	7000	other	0
gpl017	536	Picture	40	4938321	0	1	1824	1	0	1780	other	0
gpl017	537	Picture	60	4940311	0	1	7129	1	0	7000	other	0
gpl017	537	Pulse	199	4942185	1875	0
gpl017	538	Picture	40	4947606	0	1	2155	1	0	1990	other	0
gpl017	539	Picture	60	4949927	0	1	7129	1	0	7000	other	0
gpl017	539	Pulse	199	4954686	4759	0
gpl017	540	Picture	40	4957222	0	1	4476	1	0	4350	other	0
gpl017	541	Picture	60	4961864	0	1	7129	1	0	7000	other	0
gpl017	541	Pulse	199	4967186	5322	0
gpl017	542	Picture	40	4969159	0	1	2653	1	0	2490	other	0
gpl017	543	Picture	60	4971977	0	1	7129	1	0	7000	other	0
gpl017	544	Picture	40	4979272	0	1	2155	1	0	2140	other	0
gpl017	544	Pulse	199	4979686	414	0
gpl017	545	Picture	60	4981437	0	322	7119	322	0	7000	other	0
gpl017	546	Picture	40	4988722	0	1	2818	1	0	2690	other	0
gpl017	547	Picture	65	4991707	0	1	7129	1	0	7000	hit	914
gpl017	547	Pulse	199	4992186	480	0
gpl017	547	Response	25	4996926	5219	0
gpl017	548	Picture	40	4999002	0	1	2155	1	0	2130	other	0
gpl017	549	Picture	50	5001323	0	1	70131	1	0	next	other	0
gpl017	549	Pulse	199	5004686	3364	0
gpl017	549	Pulse	199	5017186	15863	0
gpl017	549	Pulse	199	5029686	28363	0
gpl017	549	Pulse	199	5042186	40863	0
gpl017	549	Pulse	199	5054686	53363	0
gpl017	549	Pulse	199	5067185	65863	0
gpl017	550	Picture	70	5071453	0	1	7129	1	0	7000	other	0
gpl017	551	Picture	40	5078748	0	1	2653	1	0	2490	other	0
gpl017	551	Pulse	199	5079686	938	0
gpl017	552	Picture	70	5081567	0	1	7129	1	0	7000	other	0
gpl017	553	Picture	40	5088862	0	1	2984	1	0	2860	other	0
gpl017	554	Picture	70	5092012	0	1	7129	1	0	7000	other	0
gpl017	554	Pulse	199	5092186	175	0
gpl017	555	Picture	40	5099307	0	1	2155	1	0	2130	other	0
gpl017	556	Picture	70	5101628	0	1	7129	1	0	7000	other	0
gpl017	556	Pulse	199	5104686	3059	0
gpl017	557	Picture	40	5108923	0	1	2155	1	0	2140	other	0
gpl017	558	Picture	70	5111088	0	322	7119	322	0	7000	other	0
gpl017	558	Pulse	199	5117186	6098	0
gpl017	559	Picture	40	5118373	0	1	4476	1	0	4350	other	0
gpl017	560	Picture	70	5123015	0	1	7129	1	0	7000	other	0
gpl017	560	Pulse	199	5129686	6671	0
gpl017	561	Picture	40	5130310	0	1	1824	1	0	1780	other	0
gpl017	562	Picture	70	5132299	0	1	7129	1	0	7000	other	0
gpl017	563	Picture	40	5139594	0	1	2155	1	0	1990	other	0
gpl017	564	Picture	75	5141915	0	1	7129	1	0	7000	hit	944
gpl017	564	Pulse	199	5142186	271	0
gpl017	564	Response	25	5145936	4021	0
gpl017	565	Picture	40	5149210	0	1	2819	1	0	2690	other	0
gpl017	566	Picture	70	5152195	0	1	7129	1	0	7000	other	0
gpl017	566	Pulse	199	5154686	2491	0
gpl017	567	Picture	40	5159490	0	1	3813	1	0	3660	other	0
gpl017	568	Picture	70	5163469	0	1	7129	1	0	7000	other	0
gpl017	568	Pulse	199	5167185	3717	0
gpl017	569	Picture	40	5170764	0	1	3482	1	0	3310	other	0
gpl017	570	Picture	50	5174411	0	1	30174	1	0	next	other	0
gpl017	570	Pulse	199	5179685	5274	0
gpl017	570	Pulse	199	5192185	17774	0
gpl017	571	Picture	90	5204585	0	1	7129	1	0	7000	other	0
gpl017	571	Pulse	199	5204686	101	0
gpl017	572	Picture	40	5211880	0	1	2653	1	0	2490	other	0
gpl017	573	Picture	90	5214699	0	1	7129	1	0	7000	other	0
gpl017	573	Pulse	199	5217186	2487	0
gpl017	574	Picture	40	5221994	0	1	2984	1	0	2860	other	0
gpl017	575	Picture	90	5225144	0	1	7129	1	0	7000	other	0
gpl017	575	Pulse	199	5229686	4542	0
gpl017	576	Picture	40	5232439	0	1	2819	1	0	2690	other	0
gpl017	577	Picture	90	5235423	0	1	7129	1	0	7000	other	0
gpl017	577	Pulse	199	5242186	6763	0
gpl017	578	Picture	40	5242718	0	1	2155	1	0	1990	other	0
gpl017	579	Picture	90	5245039	0	1	7129	1	0	7000	other	0
gpl017	580	Picture	40	5252334	0	1	3482	1	0	3310	other	0
gpl017	580	Pulse	199	5254686	2352	0
gpl017	581	Picture	90	5255981	0	1	7129	1	0	7000	other	0
gpl017	582	Picture	40	5263276	0	1	4476	1	0	4350	other	0
gpl017	582	Pulse	199	5267186	3910	0
gpl017	583	Picture	95	5267918	0	1	7129	1	0	7000	hit	974
gpl017	583	Response	25	5272506	4587	0
gpl017	584	Picture	40	5275213	0	1	2155	1	0	2130	other	0
gpl017	585	Picture	90	5277534	0	1	7129	1	0	7000	other	0
gpl017	585	Pulse	199	5279685	2151	0
gpl017	586	Picture	40	5284829	0	1	3813	1	0	3660	other	0
gpl017	587	Picture	95	5288808	0	1	7129	1	0	7000	hit	981
gpl017	587	Pulse	199	5292185	3377	0
gpl017	587	Response	25	5294165	5357	0
gpl017	588	Picture	40	5296103	0	1	2155	1	0	2140	other	0
gpl017	589	Picture	90	5298424	0	1	7129	1	0	7000	other	0
gpl017	589	Pulse	199	5304686	6262	0
gpl017	590	Picture	40	5305719	0	1	1824	1	0	1780	other	0
gpl017	591	Picture	50	5307709	0	1	90192	1	0	next	other	0
gpl017	591	Pulse	199	5317186	9477	0
gpl017	591	Pulse	199	5329686	21977	0
gpl017	591	Pulse	199	5342186	34477	0
gpl017	591	Pulse	199	5354686	46977	0
gpl017	591	Pulse	199	5367186	59477	0
gpl017	591	Pulse	199	5379686	71977	0
gpl017	591	Pulse	199	5392185	84476	0
gpl017	592	Picture	80	5397900	0	1	7129	1	0	7000	other	0
gpl017	592	Pulse	199	5404685	6785	0
gpl017	593	Picture	40	5405195	0	1	2984	1	0	2860	other	0
gpl017	594	Picture	80	5408345	0	1	7129	1	0	7000	other	0
gpl017	595	Picture	40	5415640	0	1	2155	1	0	2130	other	0
gpl017	595	Pulse	199	5417186	1546	0
gpl017	596	Picture	80	5417961	0	1	7129	1	0	7000	other	0
gpl017	597	Picture	40	5425256	0	1	2155	1	0	1990	other	0
gpl017	598	Picture	80	5427577	0	1	7129	1	0	7000	other	0
gpl017	598	Pulse	199	5429686	2109	0
gpl017	599	Picture	40	5434872	0	1	4476	1	0	4350	other	0
gpl017	600	Picture	80	5439515	0	1	7129	2	0	7000	other	0
gpl017	600	Pulse	199	5442186	2672	0
gpl017	601	Picture	40	5446809	0	1	1824	1	0	1780	other	0
gpl017	602	Picture	80	5448799	0	1	7129	1	0	7000	other	0
gpl017	602	Pulse	199	5454686	5887	0
gpl017	603	Picture	40	5456094	0	1	2653	1	0	2490	other	0
gpl017	604	Picture	85	5458912	0	1	7129	1	0	7000	hit	1012
gpl017	604	Response	25	5463636	4723	0
gpl017	605	Picture	40	5466207	0	1	3482	1	0	3310	other	0
gpl017	605	Pulse	199	5467186	979	0
gpl017	606	Picture	80	5469855	0	1	7129	2	0	7000	other	0
gpl017	607	Picture	40	5477150	0	1	3813	1	0	3660	other	0
gpl017	607	Pulse	199	5479686	2537	0
gpl017	608	Picture	80	5481129	0	1	7129	1	0	7000	other	0
gpl017	609	Picture	40	5488424	0	1	2819	1	0	2690	other	0
gpl017	610	Picture	80	5491408	0	1	7129	1	0	7000	other	0
gpl017	610	Pulse	199	5492186	778	0
gpl017	611	Picture	40	5498703	0	1	2155	1	0	2140	other	0
gpl017	612	Picture	50	5500868	0	322	30164	322	0	next	other	0
gpl017	612	Pulse	199	5504685	3817	0
gpl017	612	Pulse	199	5517185	16317	0
gpl017	612	Pulse	199	5529686	28818	0
gpl017	613	Picture	60	5531033	0	1	7129	1	0	7000	other	0
gpl017	614	Picture	40	5538327	0	1	1824	1	0	1780	other	0
gpl017	615	Picture	60	5540317	0	1	7129	1	0	7000	other	0
gpl017	615	Pulse	199	5542186	1869	0
gpl017	616	Picture	40	5547612	0	1	2818	1	0	2690	other	0
gpl017	617	Picture	60	5550596	0	1	7129	1	0	7000	other	0
gpl017	617	Pulse	199	5554686	4090	0
gpl017	618	Picture	40	5557891	0	1	3482	1	0	3310	other	0
gpl017	619	Picture	60	5561538	0	1	7129	1	0	7000	other	0
gpl017	619	Pulse	199	5567186	5648	0
gpl017	620	Picture	40	5568833	0	1	4476	1	0	4350	other	0
gpl017	621	Picture	60	5573476	0	1	7129	1	0	7000	other	0
gpl017	621	Pulse	199	5579686	6210	0
gpl017	622	Picture	40	5580770	0	1	2155	1	0	2130	other	0
gpl017	623	Picture	60	5583092	0	1	7129	1	0	7000	other	0
gpl017	624	Picture	40	5590386	0	1	2155	1	0	2140	other	0
gpl017	624	Pulse	199	5592186	1800	0
gpl017	625	Picture	60	5592552	0	322	7119	322	0	7000	other	0
gpl017	626	Picture	40	5599837	0	1	2653	1	0	2490	other	0
gpl017	627	Picture	60	5602655	0	1	7129	1	0	7000	other	0
gpl017	627	Pulse	199	5604686	2030	0
gpl017	628	Picture	40	5609950	0	1	2984	1	0	2860	other	0
gpl017	629	Picture	60	5613100	0	1	7129	1	0	7000	other	0
gpl017	629	Pulse	199	5617185	4085	0
gpl017	630	Picture	40	5620395	0	1	3813	1	0	3660	other	0
gpl017	631	Picture	65	5624374	0	1	7129	1	0	7000	hit	1053
gpl017	631	Response	25	5627916	3542	0
gpl017	631	Pulse	199	5629685	5311	0
gpl017	632	Picture	40	5631669	0	1	2155	1	0	1990	other	0
gpl017	633	Picture	50	5633990	0	1	90192	1	0	next	other	0
gpl017	633	Pulse	199	5642186	8196	0
gpl017	633	Pulse	199	5654686	20696	0
gpl017	633	Pulse	199	5667186	33196	0
gpl017	633	Pulse	199	5679686	45696	0
gpl017	633	Pulse	199	5692186	58196	0
gpl017	633	Pulse	199	5704686	70696	0
gpl017	633	Pulse	199	5717185	83195	0
gpl017	634	Picture	70	5724182	0	1	7129	1	0	7000	other	0
gpl017	634	Pulse	199	5729685	5504	0
gpl017	635	Picture	40	5731477	0	1	2653	1	0	2490	other	0
gpl017	636	Picture	70	5734295	0	1	7129	1	0	7000	other	0
gpl017	637	Picture	40	5741590	0	1	2155	1	0	2140	other	0
gpl017	637	Pulse	199	5742185	595	0
gpl017	638	Picture	75	5743755	0	322	7119	322	0	7000	hit	1071
gpl017	638	Response	25	5749606	5850	0
gpl017	639	Picture	40	5751040	0	1	2155	1	0	1990	other	0
gpl017	640	Picture	70	5753361	0	1	7129	1	0	7000	other	0
gpl017	640	Pulse	199	5754686	1324	0
gpl017	641	Picture	40	5760656	0	1	3482	1	0	3310	other	0
gpl017	642	Picture	75	5764304	0	1	7129	1	0	7000	hit	1078
gpl017	642	Pulse	199	5767186	2882	0
gpl017	642	Response	25	5770045	5741	0
gpl017	643	Picture	40	5771599	0	1	3813	1	0	3660	other	0
gpl017	644	Picture	70	5775578	0	1	7129	1	0	7000	other	0
gpl017	644	Pulse	199	5779686	4108	0
gpl017	645	Picture	40	5782873	0	1	2155	1	0	2130	other	0
gpl017	646	Picture	70	5785194	0	1	7129	1	0	7000	other	0
gpl017	646	Pulse	199	5792186	6992	0
gpl017	647	Picture	40	5792489	0	1	2984	1	0	2860	other	0
gpl017	648	Picture	70	5795639	0	1	7129	1	0	7000	other	0
gpl017	649	Picture	40	5802934	0	1	4476	1	0	4350	other	0
gpl017	649	Pulse	199	5804686	1752	0
gpl017	650	Picture	70	5807576	0	1	7129	1	0	7000	other	0
gpl017	651	Picture	40	5814871	0	1	1824	1	0	1780	other	0
gpl017	652	Picture	70	5816860	0	1	7129	1	0	7000	other	0
gpl017	652	Pulse	199	5817186	326	0
gpl017	653	Picture	40	5824155	0	1	2819	1	0	2690	other	0
gpl017	654	Picture	50	5827139	0	1	70131	1	0	next	other	0
gpl017	654	Pulse	199	5829685	2546	0
gpl017	654	Pulse	199	5842185	15046	0
gpl017	654	Pulse	199	5854685	27546	0
gpl017	654	Pulse	199	5867186	40047	0
gpl017	654	Pulse	199	5879686	52546	0
gpl017	654	Pulse	199	5892186	65047	0
gpl017	655	Picture	90	5897270	0	1	7129	1	0	7000	other	0
gpl017	656	Picture	40	5904565	0	1	4476	1	0	4350	other	0
gpl017	656	Pulse	199	5904686	121	0
gpl017	657	Picture	90	5909207	0	1	7129	1	0	7000	other	0
gpl017	658	Picture	40	5916502	0	1	2155	1	0	2140	other	0
gpl017	658	Pulse	199	5917186	684	0
gpl017	659	Picture	90	5918667	0	322	7119	322	0	7000	other	0
gpl017	660	Picture	40	5925952	0	1	3813	1	0	3660	other	0
gpl017	660	Pulse	199	5929686	3734	0
gpl017	661	Picture	90	5929931	0	1	7129	1	0	7000	other	0
gpl017	662	Picture	40	5937226	0	1	1824	1	0	1780	other	0
gpl017	663	Picture	90	5939216	0	1	7129	1	0	7000	other	0
gpl017	663	Pulse	199	5942186	2970	0
gpl017	664	Picture	40	5946511	0	1	3482	1	0	3310	other	0
gpl017	665	Picture	90	5950158	0	1	7129	1	0	7000	other	0
gpl017	665	Pulse	199	5954685	4527	0
gpl017	666	Picture	40	5957453	0	1	2984	1	0	2860	other	0
gpl017	667	Picture	90	5960603	0	1	7129	1	0	7000	other	0
gpl017	667	Pulse	199	5967185	6582	0
gpl017	668	Picture	40	5967898	0	1	2653	1	0	2490	other	0
gpl017	669	Picture	90	5970717	0	1	7129	1	0	7000	other	0
gpl017	670	Picture	40	5978011	0	1	2155	1	0	1990	other	0
gpl017	670	Pulse	199	5979686	1675	0
gpl017	671	Picture	90	5980333	0	1	7129	1	0	7000	other	0
gpl017	672	Picture	40	5987627	0	1	2818	1	0	2690	other	0
gpl017	673	Picture	90	5990612	0	1	7129	1	0	7000	other	0
gpl017	673	Pulse	199	5992186	1574	0
gpl017	674	Picture	40	5997907	0	1	2155	1	0	2130	other	0
gpl017	675	Picture	50	6000228	0	1	50070	1	0	next	other	0
gpl017	675	Pulse	199	6004686	4458	0
gpl017	675	Pulse	199	6017186	16958	0
gpl017	675	Pulse	199	6029686	29458	0
gpl017	675	Pulse	199	6042186	41958	0
gpl017	676	Picture	200	6050297	0	1	260130	1	0	260000	other	0
gpl017	676	Pulse	199	6054685	4388	0
gpl017	676	Pulse	199	6067185	16888	0
gpl017	676	Pulse	199	6079685	29388	0
gpl017	676	Pulse	199	6092186	41888	0
gpl017	676	Pulse	199	6104696	54398	0
gpl017	676	Pulse	199	6117196	66898	0
gpl017	676	Pulse	199	6129696	79398	0
gpl017	676	Pulse	199	6142196	91898	0
gpl017	676	Pulse	199	6154696	104398	0
gpl017	676	Pulse	199	6167195	116898	0
gpl017	676	Pulse	199	6179695	129398	0
gpl017	676	Pulse	199	6192196	141898	0
gpl017	676	Pulse	199	6204696	154398	0
gpl017	676	Pulse	199	6217195	166898	0
gpl017	676	Pulse	199	6229696	179398	0
gpl017	676	Pulse	199	6242196	191898	0
gpl017	676	Pulse	199	6254696	204398	0
gpl017	676	Pulse	199	6267195	216898	0
