Scenario - 
Logfile written - 04/14/2021 18:44:43

Subject	Trial	Event Type	Code	Time	TTime	Uncertainty	Duration	Uncertainty	ReqTime	ReqDur	Stim Type	Pair Index

gpl004	1	Response	20	53288	53123	0
gpl004	2	Picture	start	53385	0	1	698613	207	0	next	other	0
gpl004	2	Response	20	75478	22093	0
gpl004	3	Pulse	199	751998	676520	0
gpl004	3	Picture	100	751999	676520	207	50110	207	0	50000	other	0
gpl004	3	Pulse	199	764498	689019	0
gpl004	3	Pulse	199	776998	701519	0
gpl004	3	Pulse	199	789498	714019	0
gpl004	3	Pulse	199	801998	726519	0
gpl004	4	Picture	80	802274	0	1	7129	1	0	7000	other	0
gpl004	5	Picture	40	809569	0	1	1824	1	0	1780	other	0
gpl004	6	Picture	80	811559	0	1	7129	1	0	7000	other	0
gpl004	6	Pulse	199	814498	2939	0
gpl004	7	Picture	40	818854	0	1	2155	1	0	2140	other	0
gpl004	8	Picture	80	821175	0	1	7129	1	0	7000	other	0
gpl004	8	Pulse	199	826998	5823	0
gpl004	9	Picture	40	828470	0	1	3813	1	0	3660	other	0
gpl004	10	Picture	80	832449	0	1	7129	1	0	7000	other	0
gpl004	10	Pulse	199	839498	7049	0
gpl004	11	Picture	40	839744	0	1	2984	1	0	2860	other	0
gpl004	12	Picture	80	842894	0	1	7129	1	0	7000	other	0
gpl004	13	Picture	40	850189	0	1	4476	1	0	4350	other	0
gpl004	13	Pulse	199	851998	1809	0
gpl004	14	Picture	80	854831	0	1	7129	1	0	7000	other	0
gpl004	15	Picture	40	862126	0	1	3482	1	0	3310	other	0
gpl004	15	Pulse	199	864498	2372	0
gpl004	16	Picture	80	865773	0	1	7129	1	0	7000	other	0
gpl004	17	Picture	40	873068	0	1	2653	1	0	2490	other	0
gpl004	18	Picture	80	875887	0	1	7129	1	0	7000	other	0
gpl004	18	Pulse	199	876998	1111	0
gpl004	19	Picture	40	883182	0	1	2155	1	0	1990	other	0
gpl004	20	Picture	80	885503	0	1	7129	1	0	7000	other	0
gpl004	20	Pulse	199	889498	3995	0
gpl004	21	Picture	40	892798	0	1	2818	1	0	2690	other	0
gpl004	22	Picture	80	895782	0	1	7129	1	0	7000	other	0
gpl004	22	Pulse	199	901998	6216	0
gpl004	23	Picture	40	903077	0	1	2155	1	0	2130	other	0
gpl004	24	Picture	50	905398	0	1	30174	1	0	next	other	0
gpl004	24	Pulse	199	914498	9100	0
gpl004	24	Pulse	199	926998	21600	0
gpl004	25	Picture	70	935572	0	1	7129	1	0	7000	other	0
gpl004	25	Pulse	199	939498	3925	0
gpl004	26	Picture	40	942867	0	1	2653	1	0	2490	other	0
gpl004	27	Picture	70	945686	0	1	7129	1	0	7000	other	0
gpl004	27	Pulse	199	951998	6312	0
gpl004	28	Picture	40	952981	0	1	3813	1	0	3660	other	0
gpl004	29	Picture	70	956960	0	1	7129	1	0	7000	other	0
gpl004	30	Picture	40	964255	0	1	3482	1	0	3310	other	0
gpl004	30	Pulse	199	964498	243	0
gpl004	31	Picture	70	967902	0	1	7129	1	0	7000	other	0
gpl004	32	Picture	40	975197	0	1	2155	1	0	2130	other	0
gpl004	32	Pulse	199	976998	1801	0
gpl004	33	Picture	70	977518	0	1	7129	1	0	7000	other	0
gpl004	34	Picture	40	984813	0	1	2818	1	0	2690	other	0
gpl004	35	Picture	70	987797	0	1	7129	1	0	7000	other	0
gpl004	35	Pulse	199	989497	1700	0
gpl004	36	Picture	40	995092	0	1	2155	1	0	2140	other	0
gpl004	37	Picture	75	997257	0	323	7120	323	0	7000	hit	59
gpl004	37	Response	25	1001888	4631	0
gpl004	37	Pulse	199	1001997	4741	0
gpl004	38	Picture	40	1004542	0	1	2984	1	0	2860	other	0
gpl004	39	Picture	70	1007692	0	1	7129	1	0	7000	other	0
gpl004	39	Pulse	199	1014498	6806	0
gpl004	40	Picture	40	1014987	0	1	4476	1	0	4350	other	0
gpl004	41	Picture	70	1019630	0	1	7129	1	0	7000	other	0
gpl004	42	Picture	40	1026925	0	1	2155	1	0	1990	other	0
gpl004	42	Pulse	199	1026998	74	0
gpl004	43	Picture	70	1029246	0	1	7129	1	0	7000	other	0
gpl004	44	Picture	40	1036541	0	1	1824	1	0	1780	other	0
gpl004	45	Picture	50	1038530	0	1	50070	1	0	next	other	0
gpl004	45	Pulse	199	1039498	968	0
gpl004	45	Pulse	199	1051998	13468	0
gpl004	45	Pulse	199	1064498	25968	0
gpl004	45	Pulse	199	1076998	38468	0
gpl004	46	Picture	90	1088600	0	1	7129	1	0	7000	other	0
gpl004	46	Pulse	199	1089498	898	0
gpl004	47	Picture	40	1095895	0	1	3813	1	0	3660	other	0
gpl004	48	Picture	90	1099874	0	1	7129	1	0	7000	other	0
gpl004	48	Pulse	199	1101998	2125	0
gpl004	49	Picture	40	1107169	0	1	2155	1	0	2130	other	0
gpl004	50	Picture	90	1109490	0	1	7129	1	0	7000	other	0
gpl004	50	Pulse	199	1114498	5008	0
gpl004	51	Picture	40	1116785	0	1	2984	1	0	2860	other	0
gpl004	52	Picture	90	1119935	0	1	7129	1	0	7000	other	0
gpl004	52	Pulse	199	1126998	7064	0
gpl004	53	Picture	40	1127229	0	1	2653	1	0	2490	other	0
gpl004	54	Picture	95	1130048	0	1	7129	1	0	7000	hit	88
gpl004	54	Response	25	1134028	3980	0
gpl004	55	Picture	40	1137343	0	1	3482	1	0	3310	other	0
gpl004	55	Pulse	199	1139498	2155	0
gpl004	56	Picture	90	1140990	0	1	7129	1	0	7000	other	0
gpl004	57	Picture	40	1148285	0	1	4476	1	0	4350	other	0
gpl004	57	Pulse	199	1151998	3713	0
gpl004	58	Picture	90	1152928	0	1	7129	1	0	7000	other	0
gpl004	59	Picture	40	1160222	0	1	1824	1	0	1780	other	0
gpl004	60	Picture	90	1162212	0	1	7129	1	0	7000	other	0
gpl004	60	Pulse	199	1164499	2287	0
gpl004	61	Picture	40	1169507	0	1	2155	1	0	1990	other	0
gpl004	62	Picture	90	1171828	0	1	7129	1	0	7000	other	0
gpl004	62	Pulse	199	1176998	5170	0
gpl004	63	Picture	40	1179123	0	1	2155	1	0	2140	other	0
gpl004	64	Picture	90	1181288	0	322	7119	322	0	7000	other	0
gpl004	65	Picture	40	1188573	0	1	2819	1	0	2690	other	0
gpl004	65	Pulse	199	1189498	925	0
gpl004	66	Picture	50	1191557	0	1	70131	1	0	next	other	0
gpl004	66	Pulse	199	1201998	10441	0
gpl004	66	Pulse	199	1214498	22940	0
gpl004	66	Pulse	199	1226998	35440	0
gpl004	66	Pulse	199	1239498	47941	0
gpl004	66	Pulse	199	1251998	60441	0
gpl004	67	Picture	60	1261688	0	1	7129	1	0	7000	other	0
gpl004	67	Pulse	199	1264498	2810	0
gpl004	68	Picture	40	1268983	0	1	4476	1	0	4350	other	0
gpl004	69	Picture	60	1273625	0	1	7129	1	0	7000	other	0
gpl004	69	Pulse	199	1276998	3373	0
gpl004	70	Picture	40	1280920	0	1	2653	1	0	2490	other	0
gpl004	71	Picture	60	1283739	0	1	7129	1	0	7000	other	0
gpl004	71	Pulse	199	1289498	5760	0
gpl004	72	Picture	40	1291033	0	1	2155	1	0	2130	other	0
gpl004	73	Picture	65	1293355	0	1	7129	1	0	7000	hit	121
gpl004	73	Response	25	1298488	5134	0
gpl004	74	Picture	40	1300650	0	1	1824	1	0	1780	other	0
gpl004	74	Pulse	199	1301998	1349	0
gpl004	75	Picture	60	1302639	0	1	7129	1	0	7000	other	0
gpl004	76	Picture	40	1309934	0	1	2155	1	0	1990	other	0
gpl004	77	Picture	65	1312255	0	1	7129	1	0	7000	hit	128
gpl004	77	Pulse	199	1314499	2244	0
gpl004	77	Response	25	1316028	3773	0
gpl004	78	Picture	40	1319550	0	1	2819	1	0	2690	other	0
gpl004	79	Picture	60	1322534	0	1	7129	1	0	7000	other	0
gpl004	79	Pulse	199	1326998	4464	0
gpl004	80	Picture	40	1329829	0	1	3482	1	0	3310	other	0
gpl004	81	Picture	60	1333477	0	1	7129	1	0	7000	other	0
gpl004	81	Pulse	199	1339498	6022	0
gpl004	82	Picture	40	1340772	0	1	3813	1	0	3660	other	0
gpl004	83	Picture	60	1344751	0	1	7129	1	0	7000	other	0
gpl004	83	Pulse	199	1351998	7248	0
gpl004	84	Picture	40	1352045	0	1	2984	1	0	2860	other	0
gpl004	85	Picture	60	1355196	0	1	7129	1	0	7000	other	0
gpl004	86	Picture	40	1362490	0	1	2155	1	0	2140	other	0
gpl004	86	Pulse	199	1364498	2008	0
gpl004	87	Picture	50	1364812	0	1	90192	1	0	next	other	0
gpl004	87	Pulse	199	1376998	12187	0
gpl004	87	Pulse	199	1389498	24687	0
gpl004	87	Pulse	199	1401998	37187	0
gpl004	87	Pulse	199	1414498	49687	0
gpl004	87	Pulse	199	1426998	62187	0
gpl004	87	Pulse	199	1439498	74686	0
gpl004	87	Pulse	199	1451998	87186	0
gpl004	88	Picture	80	1455003	0	1	7129	1	0	7000	other	0
gpl004	89	Picture	40	1462298	0	1	2155	1	0	2140	other	0
gpl004	89	Pulse	199	1464464	2165	35
gpl004	90	Picture	80	1464619	0	1	7129	1	0	7000	other	0
gpl004	91	Picture	40	1471914	0	1	3813	1	0	3660	other	0
gpl004	92	Picture	80	1475893	0	1	7129	1	0	7000	other	0
gpl004	92	Pulse	199	1476998	1105	0
gpl004	93	Picture	40	1483188	0	1	2818	1	0	2690	other	0
gpl004	94	Picture	80	1486172	0	1	7129	1	0	7000	other	0
gpl004	94	Pulse	199	1489498	3326	0
gpl004	95	Picture	40	1493467	0	1	1824	1	0	1780	other	0
gpl004	96	Picture	80	1495457	0	1	7129	1	0	7000	other	0
gpl004	96	Pulse	199	1501998	6541	0
gpl004	97	Picture	40	1502752	0	1	2155	1	0	1990	other	0
gpl004	98	Picture	80	1505073	0	1	7129	1	0	7000	other	0
gpl004	99	Picture	40	1512368	0	1	2984	1	0	2860	other	0
gpl004	99	Pulse	199	1514498	2130	0
gpl004	100	Picture	80	1515518	0	1	7129	1	0	7000	other	0
gpl004	101	Picture	40	1522813	0	1	4476	1	0	4350	other	0
gpl004	101	Pulse	199	1526998	4185	0
gpl004	102	Picture	85	1527455	0	1	7129	1	0	7000	hit	171
gpl004	102	Response	25	1530808	3353	0
gpl004	103	Picture	40	1534750	0	1	3482	1	0	3310	other	0
gpl004	104	Picture	80	1538397	0	1	7129	1	0	7000	other	0
gpl004	104	Pulse	199	1539498	1101	0
gpl004	105	Picture	40	1545692	0	1	2155	1	0	2130	other	0
gpl004	106	Picture	80	1548013	0	1	7129	1	0	7000	other	0
gpl004	106	Pulse	199	1551998	3984	0
gpl004	107	Picture	40	1555308	0	1	2653	1	0	2490	other	0
gpl004	108	Picture	50	1558127	0	1	90192	1	0	next	other	0
gpl004	108	Pulse	199	1564498	6371	0
gpl004	108	Pulse	199	1576998	18871	0
gpl004	108	Pulse	199	1589499	31372	0
gpl004	108	Pulse	199	1601998	43871	0
gpl004	108	Pulse	199	1614498	56371	0
gpl004	108	Pulse	199	1626998	68871	0
gpl004	108	Pulse	199	1639498	81371	0
gpl004	109	Picture	70	1648318	0	1	7129	1	0	7000	other	0
gpl004	109	Pulse	199	1651998	3680	0
gpl004	110	Picture	40	1655613	0	1	4476	1	0	4350	other	0
gpl004	111	Picture	70	1660256	0	1	7129	1	0	7000	other	0
gpl004	111	Pulse	199	1664498	4242	0
gpl004	112	Picture	40	1667550	0	1	2155	1	0	2140	other	0
gpl004	113	Picture	70	1669871	0	1	7129	1	0	7000	other	0
gpl004	113	Pulse	199	1676999	7127	0
gpl004	114	Picture	40	1677166	0	1	2155	1	0	2130	other	0
gpl004	115	Picture	70	1679488	0	1	7129	1	0	7000	other	0
gpl004	116	Picture	40	1686782	0	1	3813	1	0	3660	other	0
gpl004	116	Pulse	199	1689498	2716	0
gpl004	117	Picture	70	1690762	0	1	7129	1	0	7000	other	0
gpl004	118	Picture	40	1698056	0	1	2653	1	0	2490	other	0
gpl004	119	Picture	70	1700875	0	1	7129	1	0	7000	other	0
gpl004	119	Pulse	199	1701999	1124	0
gpl004	120	Picture	40	1708170	0	1	2818	1	0	2690	other	0
gpl004	121	Picture	70	1711154	0	1	7129	1	0	7000	other	0
gpl004	121	Pulse	199	1714498	3344	0
gpl004	122	Picture	40	1718449	0	1	2984	1	0	2860	other	0
gpl004	123	Picture	70	1721599	0	1	7129	1	0	7000	other	0
gpl004	123	Pulse	199	1726998	5399	0
gpl004	124	Picture	40	1728894	0	1	3482	1	0	3310	other	0
gpl004	125	Picture	75	1732541	0	1	7129	1	0	7000	hit	211
gpl004	125	Response	25	1736348	3806	0
gpl004	125	Pulse	199	1739499	6957	0
gpl004	126	Picture	40	1739836	0	1	2155	1	0	1990	other	0
gpl004	127	Picture	70	1742157	0	1	7129	1	0	7000	other	0
gpl004	128	Picture	40	1749452	0	1	1824	1	0	1780	other	0
gpl004	129	Picture	50	1751442	0	1	70131	1	0	next	other	0
gpl004	129	Pulse	199	1751998	556	0
gpl004	129	Pulse	199	1764498	13056	0
gpl004	129	Pulse	199	1776998	25556	0
gpl004	129	Pulse	199	1789498	38056	0
gpl004	129	Pulse	199	1801998	50556	0
gpl004	129	Pulse	199	1814498	63056	0
gpl004	130	Picture	90	1821573	0	1	7129	1	0	7000	other	0
gpl004	130	Pulse	199	1826998	5426	0
gpl004	131	Picture	40	1828867	0	1	2818	1	0	2690	other	0
gpl004	132	Picture	90	1831852	0	1	7129	1	0	7000	other	0
gpl004	133	Picture	40	1839147	0	1	2155	1	0	1990	other	0
gpl004	133	Pulse	199	1839498	351	0
gpl004	134	Picture	95	1841468	0	1	7129	1	0	7000	hit	230
gpl004	134	Response	25	1846568	5100	0
gpl004	135	Picture	40	1848763	0	1	2155	1	0	2140	other	0
gpl004	136	Picture	90	1851084	0	1	7129	1	0	7000	other	0
gpl004	136	Pulse	199	1851999	915	0
gpl004	137	Picture	40	1858379	0	1	2984	1	0	2860	other	0
gpl004	138	Picture	90	1861529	0	1	7129	1	0	7000	other	0
gpl004	138	Pulse	199	1864498	2970	0
gpl004	139	Picture	40	1868824	0	1	3482	1	0	3310	other	0
gpl004	140	Picture	90	1872471	0	1	7129	1	0	7000	other	0
gpl004	140	Pulse	199	1876998	4527	0
gpl004	141	Picture	40	1879766	0	1	2653	1	0	2490	other	0
gpl004	142	Picture	90	1882585	0	1	7129	1	0	7000	other	0
gpl004	142	Pulse	199	1889498	6913	0
gpl004	143	Picture	40	1889879	0	1	4476	1	0	4350	other	0
gpl004	144	Picture	90	1894522	0	1	7129	1	0	7000	other	0
gpl004	145	Picture	40	1901817	0	1	3813	1	0	3660	other	0
gpl004	145	Pulse	199	1901998	182	0
gpl004	146	Picture	95	1905796	0	1	7129	1	0	7000	hit	248
gpl004	146	Response	25	1910168	4373	0
gpl004	147	Picture	40	1913091	0	1	2155	1	0	2130	other	0
gpl004	147	Pulse	199	1914498	1408	0
gpl004	148	Picture	90	1915412	0	1	7129	1	0	7000	other	0
gpl004	149	Picture	40	1922707	0	1	1824	1	0	1780	other	0
gpl004	150	Picture	50	1924696	0	1	50069	2	0	next	other	0
gpl004	150	Pulse	199	1926999	2303	0
gpl004	150	Pulse	199	1939498	14802	0
gpl004	150	Pulse	199	1951998	27302	0
gpl004	150	Pulse	199	1964498	39802	0
gpl004	151	Picture	60	1974765	0	2	7130	2	0	7000	other	0
gpl004	151	Pulse	199	1976998	2233	0
gpl004	152	Picture	40	1982061	0	1	2155	1	0	1990	other	0
gpl004	153	Picture	60	1984382	0	1	7129	1	0	7000	other	0
gpl004	153	Pulse	199	1989498	5116	0
gpl004	154	Picture	40	1991677	0	1	3813	1	0	3660	other	0
gpl004	155	Picture	60	1995656	0	1	7129	1	0	7000	other	0
gpl004	155	Pulse	199	2001998	6342	0
gpl004	156	Picture	40	2002951	0	1	2155	1	0	2130	other	0
gpl004	157	Picture	60	2005272	0	1	7129	1	0	7000	other	0
gpl004	158	Picture	40	2012567	0	1	2653	1	0	2490	other	0
gpl004	158	Pulse	199	2014498	1931	0
gpl004	159	Picture	60	2015385	0	1	7129	1	0	7000	other	0
gpl004	160	Picture	40	2022680	0	1	2155	1	0	2140	other	0
gpl004	161	Picture	60	2025001	0	1	7129	1	0	7000	other	0
gpl004	161	Pulse	199	2026998	1997	0
gpl004	162	Picture	40	2032296	0	1	1824	1	0	1780	other	0
gpl004	163	Picture	60	2034286	0	1	7129	1	0	7000	other	0
gpl004	163	Pulse	199	2039498	5213	0
gpl004	164	Picture	40	2041580	0	1	3482	1	0	3310	other	0
gpl004	165	Picture	60	2045228	0	1	7129	1	0	7000	other	0
gpl004	165	Pulse	199	2051999	6771	0
gpl004	166	Picture	40	2052523	0	1	4476	1	0	4350	other	0
gpl004	167	Picture	60	2057165	0	1	7129	1	0	7000	other	0
gpl004	168	Picture	40	2064460	0	1	2984	1	0	2860	other	0
gpl004	168	Pulse	199	2064498	38	0
gpl004	169	Picture	60	2067610	0	1	7129	1	0	7000	other	0
gpl004	170	Picture	40	2074905	0	1	2818	1	0	2690	other	0
gpl004	170	Pulse	199	2077009	2104	0
gpl004	171	Picture	50	2077889	0	1	30174	1	0	next	other	0
gpl004	171	Pulse	199	2089508	11619	0
gpl004	171	Pulse	199	2102008	24119	0
gpl004	172	Picture	80	2108064	0	1	7129	1	0	7000	other	0
gpl004	172	Pulse	199	2114508	6444	0
gpl004	173	Picture	40	2115359	0	1	2984	1	0	2860	other	0
gpl004	174	Picture	80	2118509	0	1	7129	1	0	7000	other	0
gpl004	175	Picture	40	2125804	0	1	2155	1	0	2140	other	0
gpl004	175	Pulse	199	2127008	1204	0
gpl004	176	Picture	80	2128125	0	1	7129	1	0	7000	other	0
gpl004	177	Picture	40	2135420	0	1	2653	1	0	2490	other	0
gpl004	178	Picture	80	2138238	0	1	7129	1	0	7000	other	0
gpl004	178	Pulse	199	2139508	1270	0
gpl004	179	Picture	40	2145533	0	1	2818	1	0	2690	other	0
gpl004	180	Picture	80	2148517	0	1	7129	1	0	7000	other	0
gpl004	180	Pulse	199	2152008	3491	0
gpl004	181	Picture	40	2155812	0	1	2155	1	0	1990	other	0
gpl004	182	Picture	80	2158133	0	1	7129	1	0	7000	other	0
gpl004	182	Pulse	199	2164509	6375	0
gpl004	183	Picture	40	2165428	0	1	2155	1	0	2130	other	0
gpl004	184	Picture	80	2167749	0	1	7129	1	0	7000	other	0
gpl004	185	Picture	40	2175044	0	1	4476	1	0	4350	other	0
gpl004	185	Pulse	199	2177009	1964	0
gpl004	186	Picture	80	2179686	0	1	7129	1	0	7000	other	0
gpl004	187	Picture	40	2186981	0	1	1824	1	0	1780	other	0
gpl004	188	Picture	80	2188971	0	1	7129	1	0	7000	other	0
gpl004	188	Pulse	199	2189509	538	0
gpl004	189	Picture	40	2196266	0	1	3482	1	0	3310	other	0
gpl004	190	Picture	85	2199913	0	1	7129	1	0	7000	hit	317
gpl004	190	Pulse	199	2202008	2095	0
gpl004	190	Response	25	2203669	3755	0
gpl004	191	Picture	40	2207208	0	1	3813	1	0	3660	other	0
gpl004	192	Picture	50	2211187	0	1	70131	1	0	next	other	0
gpl004	192	Pulse	199	2214508	3321	0
gpl004	192	Pulse	199	2227008	15821	0
gpl004	192	Pulse	199	2239508	28321	0
gpl004	192	Pulse	199	2252008	40821	0
gpl004	192	Pulse	199	2264509	53321	0
gpl004	192	Pulse	199	2277008	65821	0
gpl004	193	Picture	70	2281318	0	1	7129	1	0	7000	other	0
gpl004	194	Picture	40	2288613	0	1	2653	1	0	2490	other	0
gpl004	194	Pulse	199	2289509	896	0
gpl004	195	Picture	70	2291431	0	1	7129	1	0	7000	other	0
gpl004	196	Picture	40	2298726	0	1	2984	1	0	2860	other	0
gpl004	197	Picture	70	2301876	0	1	7129	1	0	7000	other	0
gpl004	197	Pulse	199	2302008	132	0
gpl004	198	Picture	40	2309171	0	1	2155	1	0	2140	other	0
gpl004	199	Picture	75	2311492	0	1	7129	1	0	7000	hit	336
gpl004	199	Pulse	199	2314508	3016	0
gpl004	199	Response	25	2317718	6226	0
gpl004	200	Picture	40	2318787	0	1	3813	1	0	3660	other	0
gpl004	201	Picture	70	2322766	0	1	7129	1	0	7000	other	0
gpl004	201	Pulse	199	2327008	4242	0
gpl004	202	Picture	40	2330061	0	1	3482	1	0	3310	other	0
gpl004	203	Picture	70	2333708	0	1	7129	1	0	7000	other	0
gpl004	203	Pulse	199	2339508	5799	0
gpl004	204	Picture	40	2341003	0	1	2155	1	0	2130	other	0
gpl004	205	Picture	75	2343325	0	1	7129	1	0	7000	hit	345
gpl004	205	Response	25	2346979	3654	0
gpl004	206	Picture	40	2350619	0	1	2155	1	0	1990	other	0
gpl004	206	Pulse	199	2352008	1388	0
gpl004	207	Picture	70	2352941	0	1	7129	1	0	7000	other	0
gpl004	208	Picture	40	2360235	0	1	2819	1	0	2690	other	0
gpl004	209	Picture	70	2363220	0	1	7129	1	0	7000	other	0
gpl004	209	Pulse	199	2364509	1289	0
gpl004	210	Picture	40	2370515	0	1	4476	1	0	4350	other	0
gpl004	211	Picture	70	2375157	0	1	7129	1	0	7000	other	0
gpl004	211	Pulse	199	2377008	1852	0
gpl004	212	Picture	40	2382452	0	1	1824	1	0	1780	other	0
gpl004	213	Picture	50	2384441	0	1	30174	1	0	next	other	0
gpl004	213	Pulse	199	2389509	5067	0
gpl004	213	Pulse	199	2402009	17568	0
gpl004	213	Pulse	199	2414509	30067	0
gpl004	214	Picture	90	2414616	0	1	7129	1	0	7000	other	0
gpl004	215	Picture	40	2421911	0	1	2653	1	0	2490	other	0
gpl004	216	Picture	90	2424729	0	1	7129	1	0	7000	other	0
gpl004	216	Pulse	199	2427009	2280	0
gpl004	217	Picture	40	2432024	0	1	1824	1	0	1780	other	0
gpl004	218	Picture	90	2434014	0	1	7129	1	0	7000	other	0
gpl004	218	Pulse	199	2439508	5494	0
gpl004	219	Picture	40	2441308	0	1	2155	1	0	2140	other	0
gpl004	220	Picture	90	2443630	0	1	7129	1	0	7000	other	0
gpl004	221	Picture	40	2450924	0	1	2156	1	0	1990	other	0
gpl004	221	Pulse	199	2452008	1084	0
gpl004	222	Picture	90	2453246	0	1	7129	1	0	7000	other	0
gpl004	223	Picture	40	2460541	0	1	4476	1	0	4350	other	0
gpl004	223	Pulse	199	2464508	3967	0
gpl004	224	Picture	90	2465183	0	1	7129	1	0	7000	other	0
gpl004	225	Picture	40	2472478	0	1	3813	1	0	3660	other	0
gpl004	226	Picture	90	2476457	0	1	7129	1	0	7000	other	0
gpl004	226	Pulse	199	2477009	552	0
gpl004	227	Picture	40	2483752	0	1	2155	1	0	2130	other	0
gpl004	228	Picture	90	2486073	0	1	7129	1	0	7000	other	0
gpl004	228	Pulse	199	2489509	3436	0
gpl004	229	Picture	40	2493368	0	1	3482	1	0	3310	other	0
gpl004	230	Picture	90	2497015	0	1	7129	1	0	7000	other	0
gpl004	230	Pulse	199	2502009	4994	0
gpl004	231	Picture	40	2504310	0	1	2984	1	0	2860	other	0
gpl004	232	Picture	90	2507460	0	1	7129	1	0	7000	other	0
gpl004	232	Pulse	199	2514509	7049	0
gpl004	233	Picture	40	2514755	0	1	2819	1	0	2690	other	0
gpl004	234	Picture	50	2517739	0	1	90192	1	0	next	other	0
gpl004	234	Pulse	199	2527009	9269	0
gpl004	234	Pulse	199	2539509	21769	0
gpl004	234	Pulse	199	2552008	34269	0
gpl004	234	Pulse	199	2564508	46769	0
gpl004	234	Pulse	199	2577008	59269	0
gpl004	234	Pulse	199	2589508	71769	0
gpl004	234	Pulse	199	2602008	84269	0
gpl004	235	Picture	60	2607931	0	1	7129	1	0	7000	other	0
gpl004	235	Pulse	199	2614508	6577	0
gpl004	236	Picture	40	2615226	0	1	2653	1	0	2490	other	0
gpl004	237	Picture	60	2618044	0	1	7129	1	0	7000	other	0
gpl004	238	Picture	40	2625339	0	1	2155	1	0	2140	other	0
gpl004	238	Pulse	199	2627008	1669	0
gpl004	239	Picture	60	2627660	0	1	7129	1	0	7000	other	0
gpl004	240	Picture	40	2634955	0	1	1824	1	0	1780	other	0
gpl004	241	Picture	60	2636945	0	1	7129	1	0	7000	other	0
gpl004	241	Pulse	199	2639509	2564	0
gpl004	242	Picture	40	2644240	0	1	2155	1	0	2130	other	0
gpl004	243	Picture	60	2646561	0	1	7129	1	0	7000	other	0
gpl004	243	Pulse	199	2652008	5448	0
gpl004	244	Picture	40	2653856	0	1	2155	1	0	1990	other	0
gpl004	245	Picture	60	2656177	0	1	7129	1	0	7000	other	0
gpl004	246	Picture	40	2663472	0	1	2819	1	0	2690	other	0
gpl004	246	Pulse	199	2664508	1036	0
gpl004	247	Picture	60	2666456	0	1	7129	1	0	7000	other	0
gpl004	248	Picture	40	2673751	0	1	4476	1	0	4350	other	0
gpl004	248	Pulse	199	2677008	3257	0
gpl004	249	Picture	65	2678393	0	1	7129	1	0	7000	hit	417
gpl004	249	Response	25	2681869	3476	0
gpl004	250	Picture	40	2685688	0	1	2984	1	0	2860	other	0
gpl004	251	Picture	60	2688838	0	1	7129	1	0	7000	other	0
gpl004	251	Pulse	199	2689508	670	0
gpl004	252	Picture	40	2696133	0	1	3482	1	0	3310	other	0
gpl004	253	Picture	60	2699780	0	1	7129	1	0	7000	other	0
gpl004	253	Pulse	199	2702008	2228	0
gpl004	254	Picture	40	2707075	0	1	3813	1	0	3660	other	0
gpl004	255	Picture	50	2711054	0	1	50070	1	0	next	other	0
gpl004	255	Pulse	199	2714509	3454	0
gpl004	255	Pulse	199	2727008	15954	0
gpl004	255	Pulse	199	2739508	28454	0
gpl004	255	Pulse	199	2752008	40954	0
gpl004	256	Picture	80	2761124	0	1	7129	1	0	7000	other	0
gpl004	256	Pulse	199	2764508	3384	0
gpl004	257	Picture	40	2768419	0	1	2155	1	0	1990	other	0
gpl004	258	Picture	80	2770740	0	1	7129	1	0	7000	other	0
gpl004	258	Pulse	199	2777008	6268	0
gpl004	259	Picture	40	2778035	0	1	3482	1	0	3310	other	0
gpl004	260	Picture	80	2781682	0	1	7129	1	0	7000	other	0
gpl004	261	Picture	40	2788977	0	1	3813	1	0	3660	other	0
gpl004	261	Pulse	199	2789508	530	0
gpl004	262	Picture	85	2792956	0	1	7129	1	0	7000	hit	440
gpl004	262	Response	25	2796688	3732	0
gpl004	263	Picture	40	2800251	0	1	2155	1	0	2130	other	0
gpl004	263	Pulse	199	2802008	1757	0
gpl004	264	Picture	80	2802572	0	1	7129	1	0	7000	other	0
gpl004	265	Picture	40	2809867	0	1	2155	1	0	2140	other	0
gpl004	266	Picture	80	2812188	0	1	7129	1	0	7000	other	0
gpl004	266	Pulse	199	2814508	2320	0
gpl004	267	Picture	40	2819483	0	1	2984	1	0	2860	other	0
gpl004	268	Picture	85	2822633	0	1	7129	1	0	7000	hit	449
gpl004	268	Response	25	2826508	3875	0
gpl004	268	Pulse	199	2827008	4375	0
gpl004	269	Picture	40	2829928	0	1	1824	1	0	1780	other	0
gpl004	270	Picture	80	2831918	0	1	7129	1	0	7000	other	0
gpl004	271	Picture	40	2839213	0	1	2653	1	0	2490	other	0
gpl004	271	Pulse	199	2839508	296	0
gpl004	272	Picture	80	2842031	0	1	7129	1	0	7000	other	0
gpl004	273	Picture	40	2849326	0	1	2818	1	0	2690	other	0
gpl004	273	Pulse	199	2852009	2682	0
gpl004	274	Picture	80	2852310	0	1	7129	1	0	7000	other	0
gpl004	275	Picture	40	2859605	0	1	4476	1	0	4350	other	0
gpl004	276	Picture	50	2864248	0	1	50070	1	0	next	other	0
gpl004	276	Pulse	199	2864508	261	0
gpl004	276	Pulse	199	2877009	12761	0
gpl004	276	Pulse	199	2889508	25260	0
gpl004	276	Pulse	199	2902008	37760	0
gpl004	277	Picture	70	2914317	0	1	7129	1	0	7000	other	0
gpl004	277	Pulse	199	2914509	192	0
gpl004	278	Picture	40	2921612	0	1	1824	1	0	1780	other	0
gpl004	279	Picture	70	2923602	0	1	7129	1	0	7000	other	0
gpl004	279	Pulse	199	2927009	3407	0
gpl004	280	Picture	40	2930897	0	1	2155	1	0	1990	other	0
gpl004	281	Picture	70	2933218	0	1	7129	1	0	7000	other	0
gpl004	281	Pulse	199	2939509	6291	0
gpl004	282	Picture	40	2940513	0	1	4476	1	0	4350	other	0
gpl004	283	Picture	70	2945155	0	1	7129	1	0	7000	other	0
gpl004	283	Pulse	199	2952009	6854	0
gpl004	284	Picture	40	2952450	0	1	3482	1	0	3310	other	0
gpl004	285	Picture	70	2956097	0	1	7129	1	0	7000	other	0
gpl004	286	Picture	40	2963392	0	1	2155	1	0	2140	other	0
gpl004	286	Pulse	199	2964509	1117	0
gpl004	287	Picture	70	2965557	0	322	7119	322	0	7000	other	0
gpl004	288	Picture	40	2972842	0	1	3813	1	0	3660	other	0
gpl004	289	Picture	70	2976821	0	1	7129	1	0	7000	other	0
gpl004	289	Pulse	199	2977009	188	0
gpl004	290	Picture	40	2984116	0	1	2653	1	0	2490	other	0
gpl004	291	Picture	70	2986935	0	1	7129	1	0	7000	other	0
gpl004	291	Pulse	199	2989509	2574	0
gpl004	292	Picture	40	2994230	0	1	2984	1	0	2860	other	0
gpl004	293	Picture	70	2997380	0	1	7129	1	0	7000	other	0
gpl004	293	Pulse	199	3002008	4629	0
gpl004	294	Picture	40	3004675	0	1	2819	1	0	2690	other	0
gpl004	295	Picture	70	3007659	0	1	7129	1	0	7000	other	0
gpl004	295	Pulse	199	3014508	6850	0
gpl004	296	Picture	40	3014954	0	1	2155	1	0	2130	other	0
gpl004	297	Picture	50	3017275	0	1	90192	1	0	next	other	0
gpl004	297	Pulse	199	3027009	9734	0
gpl004	297	Pulse	199	3039509	22234	0
gpl004	297	Pulse	199	3052008	34734	0
gpl004	297	Pulse	199	3064509	47234	0
gpl004	297	Pulse	199	3077009	59734	0
gpl004	297	Pulse	199	3089509	72234	0
gpl004	297	Pulse	199	3102008	84733	0
gpl004	298	Picture	90	3107467	0	1	7129	1	0	7000	other	0
gpl004	298	Pulse	199	3114508	7041	0
gpl004	299	Picture	40	3114761	0	1	3482	1	0	3310	other	0
gpl004	300	Picture	90	3118409	0	1	7129	1	0	7000	other	0
gpl004	301	Picture	40	3125704	0	1	2155	1	0	2140	other	0
gpl004	301	Pulse	199	3127008	1304	0
gpl004	302	Picture	90	3128025	0	1	7129	1	0	7000	other	0
gpl004	303	Picture	40	3135320	0	1	2984	1	0	2860	other	0
gpl004	304	Picture	90	3138470	0	1	7129	1	0	7000	other	0
gpl004	304	Pulse	199	3139509	1039	0
gpl004	305	Picture	40	3145765	0	1	4476	1	0	4350	other	0
gpl004	306	Picture	90	3150407	0	1	7129	1	0	7000	other	0
gpl004	306	Pulse	199	3152009	1602	0
gpl004	307	Picture	40	3157702	0	1	2155	1	0	2130	other	0
gpl004	308	Picture	90	3160023	0	1	7129	1	0	7000	other	0
gpl004	308	Pulse	199	3164509	4486	0
gpl004	309	Picture	40	3167318	0	1	3813	1	0	3660	other	0
gpl004	310	Picture	90	3171297	0	1	7129	1	0	7000	other	0
gpl004	310	Pulse	199	3177009	5712	0
gpl004	311	Picture	40	3178592	0	1	2155	1	0	1990	other	0
gpl004	312	Picture	90	3180913	0	1	7129	1	0	7000	other	0
gpl004	313	Picture	40	3188208	0	1	1824	1	0	1780	other	0
gpl004	313	Pulse	199	3189509	1301	0
gpl004	314	Picture	95	3190197	0	1	7129	1	0	7000	hit	526
gpl004	314	Response	25	3193499	3301	0
gpl004	315	Picture	40	3197492	0	1	2818	1	0	2690	other	0
gpl004	316	Picture	90	3200477	0	1	7129	1	0	7000	other	0
gpl004	316	Pulse	199	3202009	1532	0
gpl004	317	Picture	40	3207772	0	1	2652	1	0	2490	other	0
gpl004	318	Picture	50	3210590	0	1	30174	1	0	next	other	0
gpl004	318	Pulse	199	3214509	3919	0
gpl004	318	Pulse	199	3227008	16418	0
gpl004	318	Pulse	199	3239508	28918	0
gpl004	319	Picture	60	3240764	0	1	7129	1	0	7000	other	0
gpl004	320	Picture	40	3248059	0	1	2155	1	0	2140	other	0
gpl004	321	Picture	60	3250380	0	1	7129	1	0	7000	other	0
gpl004	321	Pulse	199	3252008	1628	0
gpl004	322	Picture	40	3257675	0	1	2984	1	0	2860	other	0
gpl004	323	Picture	60	3260826	0	1	7129	1	0	7000	other	0
gpl004	323	Pulse	199	3264509	3684	0
gpl004	324	Picture	40	3268120	0	2	2156	2	0	2130	other	0
gpl004	325	Picture	60	3270442	0	1	7129	1	0	7000	other	0
gpl004	325	Pulse	199	3277009	6567	0
gpl004	326	Picture	40	3277736	0	1	3482	1	0	3310	other	0
gpl004	327	Picture	60	3281384	0	1	7129	1	0	7000	other	0
gpl004	328	Picture	40	3288679	0	1	3813	1	0	3660	other	0
gpl004	328	Pulse	199	3289509	830	0
gpl004	329	Picture	60	3292658	0	1	7129	1	0	7000	other	0
gpl004	330	Picture	40	3299953	0	1	2155	1	0	1990	other	0
gpl004	330	Pulse	199	3302008	2056	0
gpl004	331	Picture	65	3302274	0	1	7129	1	0	7000	hit	553
gpl004	331	Response	25	3305899	3625	0
gpl004	332	Picture	40	3309569	0	1	2653	1	0	2490	other	0
gpl004	333	Picture	60	3312387	0	1	7129	1	0	7000	other	0
gpl004	333	Pulse	199	3314509	2122	0
gpl004	334	Picture	40	3319682	0	1	2818	1	0	2690	other	0
gpl004	335	Picture	60	3322666	0	1	7129	1	0	7000	other	0
gpl004	335	Pulse	199	3327009	4342	0
gpl004	336	Picture	40	3329961	0	1	1824	1	0	1780	other	0
gpl004	337	Picture	60	3331951	0	1	7129	1	0	7000	other	0
gpl004	338	Picture	40	3339246	0	1	4476	1	0	4350	other	0
gpl004	338	Pulse	199	3339508	263	0
gpl004	339	Picture	50	3343888	0	1	70131	1	0	next	other	0
gpl004	339	Pulse	199	3352008	8120	0
gpl004	339	Pulse	199	3364509	20621	0
gpl004	339	Pulse	199	3377008	33120	0
gpl004	339	Pulse	199	3389509	45621	0
gpl004	339	Pulse	199	3402008	58121	0
gpl004	340	Picture	80	3414019	0	1	7129	1	0	7000	other	0
gpl004	340	Pulse	199	3414509	490	0
gpl004	341	Picture	40	3421314	0	1	3813	1	0	3660	other	0
gpl004	342	Picture	80	3425293	0	1	7129	1	0	7000	other	0
gpl004	342	Pulse	199	3427009	1717	0
gpl004	343	Picture	40	3432587	0	1	2984	1	0	2860	other	0
gpl004	344	Picture	80	3435737	0	1	7129	1	0	7000	other	0
gpl004	344	Pulse	199	3439509	3771	0
gpl004	345	Picture	40	3443032	0	1	4476	1	0	4350	other	0
gpl004	346	Picture	80	3447675	0	1	7129	1	0	7000	other	0
gpl004	346	Pulse	199	3452008	4333	0
gpl004	347	Picture	40	3454970	0	1	2653	1	0	2490	other	0
gpl004	348	Picture	80	3457788	0	1	7129	1	0	7000	other	0
gpl004	348	Pulse	199	3464508	6720	0
gpl004	349	Picture	40	3465083	0	1	2155	1	0	2140	other	0
gpl004	350	Picture	80	3467404	0	1	7129	1	0	7000	other	0
gpl004	351	Picture	40	3474699	0	1	3482	1	0	3310	other	0
gpl004	351	Pulse	199	3477009	2310	0
gpl004	352	Picture	85	3478346	0	1	7129	1	0	7000	hit	589
gpl004	352	Response	25	3481958	3612	0
gpl004	353	Picture	40	3485641	0	1	1824	1	0	1780	other	0
gpl004	354	Picture	80	3487631	0	1	7129	1	0	7000	other	0
gpl004	354	Pulse	199	3489509	1878	0
gpl004	355	Picture	40	3494926	0	1	2155	1	0	2130	other	0
gpl004	356	Picture	80	3497247	0	1	7129	1	0	7000	other	0
gpl004	356	Pulse	199	3502009	4762	0
gpl004	357	Picture	40	3504542	0	1	2819	1	0	2690	other	0
gpl004	358	Picture	80	3507526	0	1	7129	1	0	7000	other	0
gpl004	358	Pulse	199	3514509	6982	0
gpl004	359	Picture	40	3514821	0	1	2155	1	0	1990	other	0
gpl004	360	Picture	50	3517142	0	1	90192	1	0	next	other	0
gpl004	360	Pulse	199	3527009	9867	0
gpl004	360	Pulse	199	3539509	22367	0
gpl004	360	Pulse	199	3552008	34866	0
gpl004	360	Pulse	199	3564508	47366	0
gpl004	360	Pulse	199	3577008	59866	0
gpl004	360	Pulse	199	3589509	72367	0
gpl004	360	Pulse	199	3602009	84866	0
gpl004	361	Picture	70	3607334	0	1	7129	1	0	7000	other	0
gpl004	361	Pulse	199	3614509	7175	0
gpl004	362	Picture	40	3614629	0	1	2818	1	0	2690	other	0
gpl004	363	Picture	70	3617613	0	1	7129	1	0	7000	other	0
gpl004	364	Picture	40	3624908	0	1	2155	1	0	1990	other	0
gpl004	364	Pulse	199	3627009	2101	0
gpl004	365	Picture	70	3627229	0	1	7129	1	0	7000	other	0
gpl004	366	Picture	40	3634524	0	1	3482	1	0	3310	other	0
gpl004	367	Picture	70	3638171	0	1	7129	1	0	7000	other	0
gpl004	367	Pulse	199	3639509	1337	0
gpl004	368	Picture	40	3645466	0	1	2155	1	0	2140	other	0
gpl004	369	Picture	75	3647787	0	1	7129	1	0	7000	hit	621
gpl004	369	Pulse	199	3652009	4221	0
gpl004	369	Response	25	3652438	4651	0
gpl004	370	Picture	40	3655082	0	1	2653	1	0	2490	other	0
gpl004	371	Picture	70	3657901	0	1	7129	1	0	7000	other	0
gpl004	371	Pulse	199	3664509	6608	0
gpl004	372	Picture	40	3665196	0	1	4476	1	0	4350	other	0
gpl004	373	Picture	75	3669838	0	1	7129	1	0	7000	hit	627
gpl004	373	Response	25	3674979	5141	0
gpl004	373	Pulse	199	3677008	7170	0
gpl004	374	Picture	40	3677133	0	1	2155	1	0	2130	other	0
gpl004	375	Picture	70	3679454	0	1	7129	1	0	7000	other	0
gpl004	376	Picture	40	3686749	0	1	3813	1	0	3660	other	0
gpl004	376	Pulse	199	3689508	2759	0
gpl004	377	Picture	70	3690728	0	1	7129	1	0	7000	other	0
gpl004	378	Picture	40	3698023	0	1	1824	1	0	1780	other	0
gpl004	379	Picture	70	3700012	0	1	7129	1	0	7000	other	0
gpl004	379	Pulse	199	3702009	1997	0
gpl004	380	Picture	40	3707307	0	1	2984	1	0	2860	other	0
gpl004	381	Picture	50	3710457	0	1	30174	1	0	next	other	0
gpl004	381	Pulse	199	3714509	4051	0
gpl004	381	Pulse	199	3727009	16551	0
gpl004	381	Pulse	199	3739508	29051	0
gpl004	382	Picture	90	3740632	0	1	7129	1	0	7000	other	0
gpl004	383	Picture	40	3747927	0	1	2819	1	0	2690	other	0
gpl004	384	Picture	90	3750911	0	1	7129	1	0	7000	other	0
gpl004	384	Pulse	199	3752019	1108	0
gpl004	385	Picture	40	3758206	0	1	1824	1	0	1780	other	0
gpl004	386	Picture	90	3760195	0	1	7129	1	0	7000	other	0
gpl004	386	Pulse	199	3764509	4313	0
gpl004	387	Picture	40	3767490	0	1	2155	1	0	2130	other	0
gpl004	388	Picture	90	3769811	0	1	7129	1	0	7000	other	0
gpl004	388	Pulse	199	3777009	7197	0
gpl004	389	Picture	40	3777106	0	1	3482	1	0	3310	other	0
gpl004	390	Picture	90	3780754	0	1	7129	1	0	7000	other	0
gpl004	391	Picture	40	3788049	0	1	2653	1	0	2490	other	0
gpl004	391	Pulse	199	3789519	1470	0
gpl004	392	Picture	90	3790867	0	1	7129	1	0	7000	other	0
gpl004	393	Picture	40	3798162	0	1	4476	1	0	4350	other	0
gpl004	393	Pulse	199	3802018	3856	0
gpl004	394	Picture	90	3802804	0	1	7129	1	0	7000	other	0
gpl004	395	Picture	40	3810099	0	1	3813	1	0	3660	other	0
gpl004	396	Picture	90	3814078	0	1	7129	1	0	7000	other	0
gpl004	396	Pulse	199	3814519	441	0
gpl004	397	Picture	40	3821373	0	1	2155	1	0	1990	other	0
gpl004	398	Picture	90	3823694	0	1	7129	1	0	7000	other	0
gpl004	398	Pulse	199	3827019	3325	0
gpl004	399	Picture	40	3830989	0	1	2984	1	0	2860	other	0
gpl004	400	Picture	90	3834139	0	1	7129	1	0	7000	other	0
gpl004	400	Pulse	199	3839519	5380	0
gpl004	401	Picture	40	3841434	0	1	2155	1	0	2140	other	0
gpl004	402	Picture	50	3843755	0	1	50070	1	0	next	other	0
gpl004	402	Pulse	199	3852019	8264	0
gpl004	402	Pulse	199	3864519	20764	0
gpl004	402	Pulse	199	3877019	33264	0
gpl004	402	Pulse	199	3889519	45763	0
gpl004	403	Picture	60	3893825	0	1	7129	1	0	7000	other	0
gpl004	404	Picture	40	3901120	0	1	2818	1	0	2690	other	0
gpl004	404	Pulse	199	3902018	899	0
gpl004	405	Picture	60	3904104	0	1	7129	1	0	7000	other	0
gpl004	406	Picture	40	3911399	0	1	2155	1	0	1990	other	0
gpl004	407	Picture	60	3913720	0	1	7129	1	0	7000	other	0
gpl004	407	Pulse	199	3914518	798	0
gpl004	408	Picture	40	3921015	0	1	2984	1	0	2860	other	0
gpl004	409	Picture	60	3924165	0	1	7129	1	0	7000	other	0
gpl004	409	Pulse	199	3927019	2854	0
gpl004	410	Picture	40	3931460	0	1	2653	1	0	2490	other	0
gpl004	411	Picture	60	3934278	0	1	7129	1	0	7000	other	0
gpl004	411	Pulse	199	3939519	5240	0
gpl004	412	Picture	40	3941573	0	1	2155	1	0	2140	other	0
gpl004	413	Picture	65	3943894	0	1	7129	1	0	7000	hit	690
gpl004	413	Response	25	3948689	4794	0
gpl004	414	Picture	40	3951189	0	1	3482	1	0	3310	other	0
gpl004	414	Pulse	199	3952019	829	0
gpl004	415	Picture	60	3954837	0	1	7129	1	0	7000	other	0
gpl004	416	Picture	40	3962132	0	1	1824	1	0	1780	other	0
gpl004	417	Picture	60	3964121	0	1	7129	1	0	7000	other	0
gpl004	417	Pulse	199	3964519	398	0
gpl004	418	Picture	40	3971416	0	1	2155	1	0	2130	other	0
gpl004	419	Picture	60	3973737	0	1	7129	1	0	7000	other	0
gpl004	419	Pulse	199	3977019	3281	0
gpl004	420	Picture	40	3981032	0	1	3813	1	0	3660	other	0
gpl004	421	Picture	60	3985011	0	1	7129	1	0	7000	other	0
gpl004	421	Pulse	199	3989519	4508	0
gpl004	422	Picture	40	3992306	0	1	4476	1	0	4350	other	0
gpl004	423	Picture	50	3996948	0	1	70131	1	0	next	other	0
gpl004	423	Pulse	199	4002018	5070	0
gpl004	423	Pulse	199	4014518	17570	0
gpl004	423	Pulse	199	4027018	30070	0
gpl004	423	Pulse	199	4039519	42570	0
gpl004	423	Pulse	199	4052018	55070	0
gpl004	423	Pulse	199	4064519	67570	0
gpl004	424	Picture	80	4067079	0	1	7129	1	0	7000	other	0
gpl004	425	Picture	40	4074374	0	1	3813	1	0	3660	other	0
gpl004	425	Pulse	199	4077019	2645	0
gpl004	426	Picture	80	4078353	0	1	7129	1	0	7000	other	0
gpl004	427	Picture	40	4085648	0	1	2155	1	0	2130	other	0
gpl004	428	Picture	85	4087969	0	1	7129	1	0	7000	hit	718
gpl004	428	Pulse	199	4089519	1550	0
gpl004	428	Response	25	4092628	4659	0
gpl004	429	Picture	40	4095264	0	1	1824	1	0	1780	other	0
gpl004	430	Picture	80	4097253	0	1	7129	1	0	7000	other	0
gpl004	430	Pulse	199	4102019	4765	0
gpl004	431	Picture	40	4104548	0	1	3482	1	0	3310	other	0
gpl004	432	Picture	80	4108196	0	1	7129	1	0	7000	other	0
gpl004	432	Pulse	199	4114518	6323	0
gpl004	433	Picture	40	4115491	0	1	2155	1	0	1990	other	0
gpl004	434	Picture	80	4117812	0	1	7129	1	0	7000	other	0
gpl004	435	Picture	40	4125107	0	1	2818	1	0	2690	other	0
gpl004	435	Pulse	199	4127019	1912	0
gpl004	436	Picture	80	4128091	0	1	7129	1	0	7000	other	0
gpl004	437	Picture	40	4135386	0	1	2984	1	0	2860	other	0
gpl004	438	Picture	80	4138536	0	1	7129	1	0	7000	other	0
gpl004	438	Pulse	199	4139519	983	0
gpl004	439	Picture	40	4145831	0	1	4476	1	0	4350	other	0
gpl004	440	Picture	85	4150473	0	1	7129	1	0	7000	hit	736
gpl004	440	Pulse	199	4152019	1545	0
gpl004	440	Response	25	4154718	4245	0
gpl004	441	Picture	40	4157768	0	1	2653	1	0	2490	other	0
gpl004	442	Picture	80	4160587	0	1	7129	1	0	7000	other	0
gpl004	442	Pulse	199	4164519	3933	0
gpl004	443	Picture	40	4167881	0	1	2155	1	0	2140	other	0
gpl004	444	Picture	50	4170203	0	1	70131	1	0	next	other	0
gpl004	444	Pulse	199	4177019	6816	0
gpl004	444	Pulse	199	4189518	19316	0
gpl004	444	Pulse	199	4202019	31816	0
gpl004	444	Pulse	199	4214519	44316	0
gpl004	444	Pulse	199	4227018	56816	0
gpl004	444	Pulse	199	4239519	69316	0
gpl004	445	Picture	70	4240333	0	1	7129	1	0	7000	other	0
gpl004	446	Picture	40	4247628	0	1	2653	1	0	2490	other	0
gpl004	447	Picture	70	4250447	0	1	7129	1	0	7000	other	0
gpl004	447	Pulse	199	4252019	1573	0
gpl004	448	Picture	40	4257741	0	1	1824	1	0	1780	other	0
gpl004	449	Picture	70	4259731	0	1	7129	1	0	7000	other	0
gpl004	449	Pulse	199	4264519	4788	0
gpl004	450	Picture	40	4267026	0	1	3813	1	0	3660	other	0
gpl004	451	Picture	70	4271005	0	1	7129	1	0	7000	other	0
gpl004	451	Pulse	199	4277019	6014	0
gpl004	452	Picture	40	4278300	0	1	4476	1	0	4350	other	0
gpl004	453	Picture	70	4282942	0	1	7129	1	0	7000	other	0
gpl004	453	Pulse	199	4289519	6577	0
gpl004	454	Picture	40	4290237	0	1	2155	1	0	2140	other	0
gpl004	455	Picture	70	4292558	0	1	7129	1	0	7000	other	0
gpl004	456	Picture	40	4299853	0	1	2984	1	0	2860	other	0
gpl004	456	Pulse	199	4302019	2166	0
gpl004	457	Picture	70	4303003	0	1	7129	1	0	7000	other	0
gpl004	458	Picture	40	4310298	0	1	2819	1	0	2690	other	0
gpl004	459	Picture	70	4313282	0	1	7129	1	0	7000	other	0
gpl004	459	Pulse	199	4314519	1237	0
gpl004	460	Picture	40	4320577	0	1	2155	1	0	1990	other	0
gpl004	461	Picture	70	4322898	0	1	7129	1	0	7000	other	0
gpl004	461	Pulse	199	4327019	4120	0
gpl004	462	Picture	40	4330193	0	1	2155	1	0	2130	other	0
gpl004	463	Picture	70	4332514	0	1	7129	1	0	7000	other	0
gpl004	463	Pulse	199	4339514	7000	4
gpl004	464	Picture	40	4339809	0	1	3482	1	0	3310	other	0
gpl004	465	Picture	50	4343457	0	1	50070	1	0	next	other	0
gpl004	465	Pulse	199	4352019	8562	0
gpl004	465	Pulse	199	4364518	21062	0
gpl004	465	Pulse	199	4377019	33562	0
gpl004	465	Pulse	199	4389519	46062	0
gpl004	466	Picture	90	4393526	0	1	7129	1	0	7000	other	0
gpl004	467	Picture	40	4400821	0	1	4476	1	0	4350	other	0
gpl004	467	Pulse	199	4402019	1198	0
gpl004	468	Picture	90	4405463	0	1	7129	1	0	7000	other	0
gpl004	469	Picture	40	4412758	0	1	2984	1	0	2860	other	0
gpl004	469	Pulse	199	4414519	1760	0
gpl004	470	Picture	90	4415908	0	1	7129	1	0	7000	other	0
gpl004	471	Picture	40	4423203	0	1	2155	1	0	1990	other	0
gpl004	472	Picture	90	4425524	0	1	7129	1	0	7000	other	0
gpl004	472	Pulse	199	4427019	1495	0
gpl004	473	Picture	40	4432819	0	1	1824	1	0	1780	other	0
gpl004	474	Picture	95	4434809	0	1	7129	1	0	7000	hit	794
gpl004	474	Pulse	199	4439519	4710	0
gpl004	474	Response	25	4440749	5940	0
gpl004	475	Picture	40	4442104	0	1	3813	1	0	3660	other	0
gpl004	476	Picture	90	4446083	0	1	7129	1	0	7000	other	0
gpl004	476	Pulse	199	4452019	5936	0
gpl004	477	Picture	40	4453378	0	1	2155	1	0	2140	other	0
gpl004	478	Picture	90	4455699	0	1	7129	1	0	7000	other	0
gpl004	479	Picture	40	4462994	0	1	2653	1	0	2490	other	0
gpl004	479	Pulse	199	4464519	1525	0
gpl004	480	Picture	90	4465812	0	1	7129	1	0	7000	other	0
gpl004	481	Picture	40	4473107	0	1	3482	1	0	3310	other	0
gpl004	482	Picture	90	4476755	0	1	7129	1	0	7000	other	0
gpl004	482	Pulse	199	4477019	264	0
gpl004	483	Picture	40	4484049	0	1	2155	1	0	2130	other	0
gpl004	484	Picture	90	4486371	0	1	7129	1	0	7000	other	0
gpl004	484	Pulse	199	4489519	3148	0
gpl004	485	Picture	40	4493666	0	1	2818	1	0	2690	other	0
gpl004	486	Picture	50	4496650	0	1	90192	1	0	next	other	0
gpl004	486	Pulse	199	4502019	5369	0
gpl004	486	Pulse	199	4514519	17869	0
gpl004	486	Pulse	199	4527019	30369	0
gpl004	486	Pulse	199	4539519	42869	0
gpl004	486	Pulse	199	4552019	55369	0
gpl004	486	Pulse	199	4564519	67869	0
gpl004	486	Pulse	199	4577019	80369	0
gpl004	487	Picture	60	4586841	0	1	7129	1	0	7000	other	0
gpl004	487	Pulse	199	4589519	2677	0
gpl004	488	Picture	40	4594136	0	1	2984	1	0	2860	other	0
gpl004	489	Picture	60	4597286	0	1	7129	1	0	7000	other	0
gpl004	489	Pulse	199	4602019	4733	0
gpl004	490	Picture	40	4604581	0	1	3813	1	0	3660	other	0
gpl004	491	Picture	60	4608560	0	1	7129	1	0	7000	other	0
gpl004	491	Pulse	199	4614519	5959	0
gpl004	492	Picture	40	4615855	0	1	2155	1	0	2140	other	0
gpl004	493	Picture	60	4618176	0	1	7129	1	0	7000	other	0
gpl004	494	Picture	40	4625471	0	1	3482	1	0	3310	other	0
gpl004	494	Pulse	199	4627019	1548	0
gpl004	495	Picture	65	4629119	0	1	7129	1	0	7000	hit	831
gpl004	495	Response	25	4634029	4910	0
gpl004	496	Picture	40	4636414	0	1	1824	1	0	1780	other	0
gpl004	497	Picture	60	4638403	0	1	7129	1	0	7000	other	0
gpl004	497	Pulse	199	4639519	1116	0
gpl004	498	Picture	40	4645698	0	1	2653	1	0	2490	other	0
gpl004	499	Picture	60	4648516	0	1	7129	1	0	7000	other	0
gpl004	499	Pulse	199	4652019	3503	0
gpl004	500	Picture	40	4655812	0	1	2155	1	0	2130	other	0
gpl004	501	Picture	60	4658132	0	1	7129	1	0	7000	other	0
gpl004	501	Pulse	199	4664519	6387	0
gpl004	502	Picture	40	4665428	0	1	4476	1	0	4350	other	0
gpl004	503	Picture	60	4670070	0	1	7129	1	0	7000	other	0
gpl004	503	Pulse	199	4677019	6949	0
gpl004	504	Picture	40	4677365	0	1	2819	1	0	2690	other	0
gpl004	505	Picture	60	4680349	0	1	7129	1	0	7000	other	0
gpl004	506	Picture	40	4687644	0	1	2155	1	0	1990	other	0
gpl004	506	Pulse	199	4689519	1875	0
gpl004	507	Picture	50	4689965	0	1	30174	1	0	next	other	0
gpl004	507	Pulse	199	4702019	12054	0
gpl004	507	Pulse	199	4714519	24555	0
gpl004	508	Picture	80	4720139	0	1	7129	1	0	7000	other	0
gpl004	508	Pulse	199	4727019	6880	0
gpl004	509	Picture	40	4727434	0	1	1824	1	0	1780	other	0
gpl004	510	Picture	80	4729424	0	1	7129	1	0	7000	other	0
gpl004	511	Picture	40	4736719	0	1	2155	1	0	2130	other	0
gpl004	512	Picture	80	4739040	0	1	7129	1	0	7000	other	0
gpl004	512	Pulse	199	4739519	479	0
gpl004	513	Picture	40	4746335	0	1	3813	1	0	3660	other	0
gpl004	514	Picture	80	4750314	0	1	7129	1	0	7000	other	0
gpl004	514	Pulse	199	4752019	1705	0
gpl004	515	Picture	40	4757609	0	1	3482	1	0	3310	other	0
gpl004	516	Picture	80	4761256	0	1	7129	1	0	7000	other	0
gpl004	516	Pulse	199	4764519	3263	0
gpl004	517	Picture	40	4768551	0	1	2155	1	0	1990	other	0
gpl004	518	Picture	80	4770872	0	1	7129	1	0	7000	other	0
gpl004	518	Pulse	199	4777019	6147	0
gpl004	519	Picture	40	4778167	0	1	2984	1	0	2860	other	0
gpl004	520	Picture	80	4781317	0	1	7129	1	0	7000	other	0
gpl004	521	Picture	40	4788612	0	1	4476	1	0	4350	other	0
gpl004	521	Pulse	199	4789519	907	0
gpl004	522	Picture	80	4793254	0	1	7129	1	0	7000	other	0
gpl004	523	Picture	40	4800549	0	1	2819	1	0	2690	other	0
gpl004	523	Pulse	199	4802019	1470	0
gpl004	524	Picture	80	4803533	0	1	7129	1	0	7000	other	0
gpl004	525	Picture	40	4810828	0	1	2155	1	0	2140	other	0
gpl004	526	Picture	80	4813150	0	1	7129	1	0	7000	other	0
gpl004	526	Pulse	199	4814520	1370	0
gpl004	527	Picture	40	4820444	0	1	2653	1	0	2490	other	0
gpl004	528	Picture	50	4823263	0	1	50070	1	0	next	other	0
gpl004	528	Pulse	199	4827019	3756	0
gpl004	528	Pulse	199	4839519	16256	0
gpl004	528	Pulse	199	4852019	28756	0
gpl004	528	Pulse	199	4864519	41256	0
gpl004	529	Picture	70	4873333	0	1	7129	1	0	7000	other	0
gpl004	529	Pulse	199	4877019	3687	0
gpl004	530	Picture	40	4880627	0	1	3482	1	0	3310	other	0
gpl004	531	Picture	70	4884275	0	1	7129	1	0	7000	other	0
gpl004	531	Pulse	199	4889519	5245	0
gpl004	532	Picture	40	4891570	0	1	2155	1	0	2130	other	0
gpl004	533	Picture	70	4893891	0	1	7129	1	0	7000	other	0
gpl004	534	Picture	40	4901186	0	1	2984	1	0	2860	other	0
gpl004	534	Pulse	199	4902019	833	0
gpl004	535	Picture	70	4904336	0	1	7129	1	0	7000	other	0
gpl004	536	Picture	40	4911631	0	1	2818	1	0	2690	other	0
gpl004	536	Pulse	199	4914519	2888	0
gpl004	537	Picture	70	4914615	0	1	7129	1	0	7000	other	0
gpl004	538	Picture	40	4921910	0	1	4476	1	0	4350	other	0
gpl004	539	Picture	70	4926552	0	1	7129	1	0	7000	other	0
gpl004	539	Pulse	199	4927019	467	0
gpl004	540	Picture	40	4933847	0	1	1824	1	0	1780	other	0
gpl004	541	Picture	75	4935837	0	1	7129	1	0	7000	hit	903
gpl004	541	Pulse	199	4939519	3683	0
gpl004	541	Response	25	4940819	4982	0
gpl004	542	Picture	40	4943132	0	1	2155	1	0	2140	other	0
gpl004	543	Picture	70	4945453	0	1	7129	1	0	7000	other	0
gpl004	543	Pulse	199	4952019	6567	0
gpl004	544	Picture	40	4952748	0	1	3813	1	0	3660	other	0
gpl004	545	Picture	70	4956727	0	1	7129	1	0	7000	other	0
gpl004	546	Picture	40	4964022	0	1	2155	1	0	1990	other	0
gpl004	546	Pulse	199	4964519	498	0
gpl004	547	Picture	70	4966343	0	1	7129	1	0	7000	other	0
gpl004	548	Picture	40	4973638	0	1	2653	1	0	2490	other	0
gpl004	549	Picture	50	4976456	0	1	70131	1	0	next	other	0
gpl004	549	Pulse	199	4977019	563	0
gpl004	549	Pulse	199	4989519	13063	0
gpl004	549	Pulse	199	5002019	25563	0
gpl004	549	Pulse	199	5014519	38063	0
gpl004	549	Pulse	199	5027019	50562	0
gpl004	549	Pulse	199	5039519	63063	0
gpl004	550	Picture	90	5046587	0	1	7129	1	0	7000	other	0
gpl004	550	Pulse	199	5052019	5433	0
gpl004	551	Picture	40	5053882	0	1	2653	1	0	2490	other	0
gpl004	552	Picture	90	5056700	0	1	7129	1	0	7000	other	0
gpl004	553	Picture	40	5063995	0	1	2155	1	0	2130	other	0
gpl004	553	Pulse	199	5064520	525	0
gpl004	554	Picture	90	5066316	0	1	7129	1	0	7000	other	0
gpl004	555	Picture	40	5073611	0	1	1824	1	0	1780	other	0
gpl004	556	Picture	90	5075601	0	1	7129	1	0	7000	other	0
gpl004	556	Pulse	199	5077019	1419	0
gpl004	557	Picture	40	5082895	0	1	2155	1	0	1990	other	0
gpl004	558	Picture	90	5085217	0	1	7129	1	0	7000	other	0
gpl004	558	Pulse	199	5089520	4303	0
gpl004	559	Picture	40	5092511	0	1	2155	1	0	2140	other	0
gpl004	560	Picture	90	5094833	0	1	7129	1	0	7000	other	0
gpl004	560	Pulse	199	5102019	7187	0
gpl004	561	Picture	40	5102127	0	1	3482	1	0	3310	other	0
gpl004	562	Picture	95	5105775	0	1	7129	1	0	7000	hit	938
gpl004	562	Response	25	5110499	4724	0
gpl004	563	Picture	40	5113070	0	1	2818	1	0	2690	other	0
gpl004	563	Pulse	199	5114519	1450	0
gpl004	564	Picture	90	5116054	0	1	7129	1	0	7000	other	0
gpl004	565	Picture	40	5123349	0	1	4476	1	0	4350	other	0
gpl004	565	Pulse	199	5127019	3670	0
gpl004	566	Picture	90	5127991	0	1	7129	1	0	7000	other	0
gpl004	567	Picture	40	5135286	0	1	3813	1	0	3660	other	0
gpl004	568	Picture	90	5139265	0	1	7129	1	0	7000	other	0
gpl004	568	Pulse	199	5139519	254	0
gpl004	569	Picture	40	5146560	0	1	2984	1	0	2860	other	0
gpl004	570	Picture	50	5149710	0	1	30174	1	0	next	other	0
gpl004	570	Pulse	199	5152019	2309	0
gpl004	570	Pulse	199	5164519	14809	0
gpl004	570	Pulse	199	5177019	27309	0
gpl004	571	Picture	60	5179885	0	1	7129	1	0	7000	other	0
gpl004	572	Picture	40	5187179	0	1	2819	1	0	2690	other	0
gpl004	572	Pulse	199	5189519	2340	0
gpl004	573	Picture	60	5190164	0	1	7129	1	0	7000	other	0
gpl004	574	Picture	40	5197459	0	1	2155	1	0	2140	other	0
gpl004	575	Picture	60	5199780	0	1	7129	1	0	7000	other	0
gpl004	575	Pulse	199	5202020	2240	0
gpl004	576	Picture	40	5207075	0	1	2155	1	0	2130	other	0
gpl004	577	Picture	60	5209396	0	1	7129	1	0	7000	other	0
gpl004	577	Pulse	199	5214520	5124	0
gpl004	578	Picture	40	5216691	0	1	3482	1	0	3310	other	0
gpl004	579	Picture	60	5220338	0	1	7129	1	0	7000	other	0
gpl004	579	Pulse	199	5227020	6681	0
gpl004	580	Picture	40	5227633	0	1	2653	1	0	2490	other	0
gpl004	581	Picture	60	5230452	0	1	7129	1	0	7000	other	0
gpl004	582	Picture	40	5237747	0	1	2155	1	0	1990	other	0
gpl004	582	Pulse	199	5239519	1773	0
gpl004	583	Picture	65	5240068	0	1	7129	1	0	7000	hit	971
gpl004	583	Response	25	5243870	3802	0
gpl004	584	Picture	40	5247363	0	1	3813	1	0	3660	other	0
gpl004	585	Picture	60	5251342	0	1	7129	1	0	7000	other	0
gpl004	585	Pulse	199	5252019	677	0
gpl004	586	Picture	40	5258636	0	1	4476	1	0	4350	other	0
gpl004	587	Picture	65	5263279	0	1	7129	1	0	7000	hit	978
gpl004	587	Pulse	199	5264520	1241	0
gpl004	587	Response	25	5267279	4000	0
gpl004	588	Picture	40	5270574	0	1	2984	1	0	2860	other	0
gpl004	589	Picture	60	5273724	0	1	7129	1	0	7000	other	0
gpl004	589	Pulse	199	5277020	3296	0
gpl004	590	Picture	40	5281019	0	1	1824	1	0	1780	other	0
gpl004	591	Picture	50	5283008	0	1	90192	1	0	next	other	0
gpl004	591	Pulse	199	5289520	6511	0
gpl004	591	Pulse	199	5302019	19011	0
gpl004	591	Pulse	199	5314519	31511	0
gpl004	591	Pulse	199	5327020	44012	0
gpl004	591	Pulse	199	5339519	56511	0
gpl004	591	Pulse	199	5352019	69011	0
gpl004	591	Pulse	199	5364519	81511	0
gpl004	592	Picture	80	5373200	0	1	7129	1	0	7000	other	0
gpl004	592	Pulse	199	5377020	3820	0
gpl004	593	Picture	40	5380495	0	1	1824	1	0	1780	other	0
gpl004	594	Picture	80	5382484	0	1	7129	1	0	7000	other	0
gpl004	594	Pulse	199	5389519	7035	0
gpl004	595	Picture	40	5389779	0	1	2653	1	0	2490	other	0
gpl004	596	Picture	80	5392598	0	1	7129	1	0	7000	other	0
gpl004	597	Picture	40	5399893	0	1	3813	1	0	3660	other	0
gpl004	597	Pulse	199	5402019	2127	0
gpl004	598	Picture	80	5403872	0	1	7129	1	0	7000	other	0
gpl004	599	Picture	40	5411166	0	1	2984	1	0	2860	other	0
gpl004	600	Picture	80	5414317	0	1	7129	1	0	7000	other	0
gpl004	600	Pulse	199	5414519	203	0
gpl004	601	Picture	40	5421611	0	1	2155	1	0	2130	other	0
gpl004	602	Picture	80	5423933	0	1	7129	1	0	7000	other	0
gpl004	602	Pulse	199	5427019	3087	0
gpl004	603	Picture	40	5431227	0	1	2155	1	0	1990	other	0
gpl004	604	Picture	80	5433549	0	1	7129	1	0	7000	other	0
gpl004	604	Pulse	199	5439519	5971	0
gpl004	605	Picture	40	5440844	0	1	4476	1	0	4350	other	0
gpl004	606	Picture	85	5445486	0	1	7129	1	0	7000	hit	1012
gpl004	606	Response	25	5449289	3804	0
gpl004	606	Pulse	199	5452019	6534	0
gpl004	607	Picture	40	5452781	0	1	3482	1	0	3310	other	0
gpl004	608	Picture	80	5456428	0	1	7129	1	0	7000	other	0
gpl004	609	Picture	40	5463723	0	1	2155	1	0	2140	other	0
gpl004	609	Pulse	199	5464519	796	0
gpl004	610	Picture	80	5466044	0	1	7129	1	0	7000	other	0
gpl004	611	Picture	40	5473339	0	1	2819	1	0	2690	other	0
gpl004	612	Picture	50	5476323	0	1	30174	1	0	next	other	0
gpl004	612	Pulse	199	5477019	696	0
gpl004	612	Pulse	199	5489519	13196	0
gpl004	612	Pulse	199	5502020	25696	0
gpl004	613	Picture	70	5506498	0	1	7129	1	0	7000	other	0
gpl004	614	Picture	40	5513793	0	1	4476	1	0	4350	other	0
gpl004	614	Pulse	199	5514519	727	0
gpl004	615	Picture	70	5518435	0	1	7129	1	0	7000	other	0
gpl004	616	Picture	40	5525730	0	1	2653	1	0	2490	other	0
gpl004	616	Pulse	199	5527030	1300	0
gpl004	617	Picture	70	5528548	0	1	7129	1	0	7000	other	0
gpl004	618	Picture	40	5535843	0	1	3482	1	0	3310	other	0
gpl004	619	Picture	70	5539491	0	1	7129	1	0	7000	other	0
gpl004	619	Pulse	199	5539530	39	0
gpl004	620	Picture	40	5546786	0	1	2155	1	0	1990	other	0
gpl004	621	Picture	70	5549107	0	1	7129	1	0	7000	other	0
gpl004	621	Pulse	199	5552030	2923	0
gpl004	622	Picture	40	5556402	0	1	2818	1	0	2690	other	0
gpl004	623	Picture	70	5559386	0	1	7129	1	0	7000	other	0
gpl004	623	Pulse	199	5564529	5144	0
gpl004	624	Picture	40	5566681	0	1	2155	1	0	2140	other	0
gpl004	625	Picture	75	5569002	0	1	7129	1	0	7000	hit	1042
gpl004	625	Response	25	5573370	4368	0
gpl004	626	Picture	40	5576297	0	1	3813	1	0	3660	other	0
gpl004	626	Pulse	199	5577029	732	0
gpl004	627	Picture	70	5580276	0	1	7129	1	0	7000	other	0
gpl004	628	Picture	40	5587571	0	1	2984	1	0	2860	other	0
gpl004	628	Pulse	199	5589529	1958	0
gpl004	629	Picture	70	5590721	0	1	7129	1	0	7000	other	0
gpl004	630	Picture	40	5598016	0	1	2155	1	0	2130	other	0
gpl004	631	Picture	70	5600337	0	1	7128	2	0	7000	other	0
gpl004	631	Pulse	199	5602029	1693	0
gpl004	632	Picture	40	5607632	0	1	1824	2	0	1780	other	0
gpl004	633	Picture	50	5609621	0	1	90192	1	0	next	other	0
gpl004	633	Pulse	199	5614530	4909	0
gpl004	633	Pulse	199	5627030	17408	0
gpl004	633	Pulse	199	5639530	29909	0
gpl004	633	Pulse	199	5652029	42408	0
gpl004	633	Pulse	199	5664530	54908	0
gpl004	633	Pulse	199	5677030	67408	0
gpl004	633	Pulse	199	5689529	79908	0
gpl004	634	Picture	90	5699813	0	1	7129	1	0	7000	other	0
gpl004	634	Pulse	199	5702029	2216	0
gpl004	635	Picture	40	5707108	0	1	3813	1	0	3660	other	0
gpl004	636	Picture	90	5711087	0	1	7129	1	0	7000	other	0
gpl004	636	Pulse	199	5714530	3443	0
gpl004	637	Picture	40	5718382	0	1	2155	1	0	1990	other	0
gpl004	638	Picture	95	5720703	0	1	7129	1	0	7000	hit	1068
gpl004	638	Response	25	5724480	3777	0
gpl004	638	Pulse	199	5727029	6326	0
gpl004	639	Picture	40	5727998	0	1	1824	1	0	1780	other	0
gpl004	640	Picture	90	5729987	0	1	7129	1	0	7000	other	0
gpl004	641	Picture	40	5737282	0	1	4476	1	0	4350	other	0
gpl004	641	Pulse	199	5739530	2248	0
gpl004	642	Picture	95	5741924	0	1	7129	1	0	7000	hit	1075
gpl004	642	Response	25	5746009	4084	0
gpl004	643	Picture	40	5749219	0	1	2155	1	0	2130	other	0
gpl004	644	Picture	90	5751540	0	1	7129	1	0	7000	other	0
gpl004	644	Pulse	199	5752030	489	0
gpl004	645	Picture	40	5758835	0	1	2653	1	0	2490	other	0
gpl004	646	Picture	90	5761654	0	1	7129	1	0	7000	other	0
gpl004	646	Pulse	199	5764530	2876	0
gpl004	647	Picture	40	5768949	0	1	2155	1	0	2140	other	0
gpl004	648	Picture	90	5771270	0	1	7129	1	0	7000	other	0
gpl004	648	Pulse	199	5777029	5759	0
gpl004	649	Picture	40	5778565	0	1	3482	1	0	3310	other	0
gpl004	650	Picture	90	5782212	0	1	7129	1	0	7000	other	0
gpl004	651	Picture	40	5789507	0	1	2818	1	0	2690	other	0
gpl004	651	Pulse	199	5789529	22	0
gpl004	652	Picture	90	5792491	0	1	7129	1	0	7000	other	0
gpl004	653	Picture	40	5799786	0	1	2984	1	0	2860	other	0
gpl004	653	Pulse	199	5802029	2243	0
gpl004	654	Picture	50	5802936	0	1	70131	1	0	next	other	0
gpl004	654	Pulse	199	5814529	11593	0
gpl004	654	Pulse	199	5827029	24093	0
gpl004	654	Pulse	199	5839529	36593	0
gpl004	654	Pulse	199	5852029	49093	0
gpl004	654	Pulse	199	5864530	61593	0
gpl004	655	Picture	60	5873067	0	1	7129	1	0	7000	other	0
gpl004	655	Pulse	199	5877030	3963	0
gpl004	656	Picture	40	5880362	0	1	3482	1	0	3310	other	0
gpl004	657	Picture	60	5884009	0	1	7129	1	0	7000	other	0
gpl004	657	Pulse	199	5889530	5521	0
gpl004	658	Picture	40	5891304	0	1	2984	1	0	2860	other	0
gpl004	659	Picture	60	5894454	0	1	7129	1	0	7000	other	0
gpl004	660	Picture	40	5901749	0	1	1824	1	0	1780	other	0
gpl004	660	Pulse	199	5902029	280	0
gpl004	661	Picture	60	5903739	0	1	7129	1	0	7000	other	0
gpl004	662	Picture	40	5911034	0	1	2818	1	0	2690	other	0
gpl004	663	Picture	60	5914018	0	1	7129	1	0	7000	other	0
gpl004	663	Pulse	199	5914529	511	0
gpl004	664	Picture	40	5921313	0	1	2155	1	0	2140	other	0
gpl004	665	Picture	60	5923634	0	1	7129	1	0	7000	other	0
gpl004	665	Pulse	199	5927029	3395	0
gpl004	666	Picture	40	5930929	0	1	2653	1	0	2490	other	0
gpl004	667	Picture	60	5933747	0	1	7129	1	0	7000	other	0
gpl004	667	Pulse	199	5939530	5782	0
gpl004	668	Picture	40	5941042	0	1	4476	1	0	4350	other	0
gpl004	669	Picture	60	5945685	0	1	7129	1	0	7000	other	0
gpl004	669	Pulse	199	5952029	6345	0
gpl004	670	Picture	40	5952979	0	1	2155	1	0	2130	other	0
gpl004	671	Picture	60	5955301	0	1	7129	1	0	7000	other	0
gpl004	672	Picture	40	5962595	0	1	3813	1	0	3660	other	0
gpl004	672	Pulse	199	5964530	1934	0
gpl004	673	Picture	60	5966574	0	1	7129	1	0	7000	other	0
gpl004	674	Picture	40	5973869	0	1	2155	1	0	1990	other	0
gpl004	675	Picture	50	5976190	0	1	50070	1	0	next	other	0
gpl004	675	Pulse	199	5977030	839	0
gpl004	675	Pulse	199	5989530	13339	0
gpl004	675	Pulse	199	6002030	25839	0
gpl004	675	Pulse	199	6014529	38339	0
gpl004	676	Picture	200	6026260	69	1	80078	1	0	80000	other	0
gpl004	676	Pulse	199	6027029	839	0
gpl004	676	Pulse	199	6039529	13338	0
gpl004	676	Pulse	199	6052030	25839	0
gpl004	676	Pulse	199	6064530	38339	0
gpl004	676	Pulse	199	6077030	50839	0
gpl004	676	Pulse	199	6089530	63339	0
gpl004	676	Pulse	199	6102030	75839	0
gpl004	677	Pulse	199	6114530	8025	0
gpl004	677	Pulse	199	6127029	20525	0
gpl004	677	Pulse	199	6139529	33025	0
gpl004	677	Pulse	199	6152030	45526	0
gpl004	677	Pulse	199	6164530	58026	0
gpl004	677	Pulse	199	6177030	70526	0
gpl004	677	Pulse	199	6189530	83026	0
gpl004	677	Pulse	199	6202030	95526	0
gpl004	677	Pulse	199	6214530	108025	0
gpl004	677	Pulse	199	6227030	120525	0
gpl004	677	Pulse	199	6239529	133025	0
