Scenario - 
Logfile written - 04/28/2021 16:02:55

Subject	Trial	Event Type	Code	Time	TTime	Uncertainty	Duration	Uncertainty	ReqTime	ReqDur	Stim Type	Pair Index

gpl008	1	Response	21	10111	9945	0
gpl008	2	Picture	start	10279	0	1	724352	1	0	next	other	0
gpl008	2	Response	20	27222	16943	0
gpl008	3	Response	20	496502	469280	0
gpl008	3	Pulse	199	734501	707279	0
gpl008	3	Picture	100	734631	707409	1	50070	1	0	50000	other	0
gpl008	3	Pulse	199	747001	719778	0
gpl008	3	Pulse	199	759501	732279	0
gpl008	3	Pulse	199	772001	744779	0
gpl008	3	Pulse	199	784501	757279	0
gpl008	4	Picture	70	784866	0	1	7129	1	0	7000	other	0
gpl008	5	Picture	40	792161	0	1	2155	1	0	2140	other	0
gpl008	6	Picture	70	794327	0	322	7119	322	0	7000	other	0
gpl008	6	Pulse	199	797001	2675	0
gpl008	7	Picture	40	801611	0	1	2984	1	0	2860	other	0
gpl008	8	Picture	70	804761	0	1	7129	1	0	7000	other	0
gpl008	8	Pulse	199	809502	4740	0
gpl008	9	Picture	40	812056	0	1	2818	1	0	2690	other	0
gpl008	10	Picture	70	815041	0	1	7129	1	0	7000	other	0
gpl008	10	Pulse	199	822001	6960	0
gpl008	11	Picture	40	822336	0	1	3813	1	0	3660	other	0
gpl008	12	Picture	70	826315	0	1	7129	1	0	7000	other	0
gpl008	13	Picture	40	833610	0	1	2155	1	0	2130	other	0
gpl008	13	Pulse	199	834501	892	0
gpl008	14	Picture	70	835931	0	1	7129	1	0	7000	other	0
gpl008	15	Picture	40	843226	0	1	2155	1	0	1990	other	0
gpl008	16	Picture	70	845547	0	1	7129	1	0	7000	other	0
gpl008	16	Pulse	199	847001	1454	0
gpl008	17	Picture	40	852842	0	1	1824	1	0	1780	other	0
gpl008	18	Picture	70	854831	0	1	7129	1	0	7000	other	0
gpl008	18	Pulse	199	859501	4669	0
gpl008	19	Picture	40	862126	0	1	3482	1	0	3310	other	0
gpl008	20	Picture	70	865773	0	1	7129	1	0	7000	other	0
gpl008	20	Pulse	199	872001	6228	0
gpl008	21	Picture	40	873068	0	1	4476	1	0	4350	other	0
gpl008	22	Picture	70	877711	0	1	7129	1	0	7000	other	0
gpl008	22	Pulse	199	884501	6791	0
gpl008	23	Picture	40	885006	0	1	2653	1	0	2490	other	0
gpl008	24	Picture	50	887824	0	1	30174	1	0	next	other	0
gpl008	24	Pulse	199	897001	9177	0
gpl008	24	Pulse	199	909501	21677	0
gpl008	25	Picture	80	917998	0	1	7129	1	0	7000	other	0
gpl008	25	Pulse	199	922002	4003	0
gpl008	26	Picture	40	925293	0	1	2155	1	0	2130	other	0
gpl008	27	Picture	80	927614	0	1	7129	1	0	7000	other	0
gpl008	27	Pulse	199	934501	6887	0
gpl008	28	Picture	40	934909	0	1	2653	1	0	2490	other	0
gpl008	29	Picture	80	937728	0	1	7129	1	0	7000	other	0
gpl008	30	Picture	40	945023	0	1	1824	1	0	1780	other	0
gpl008	30	Pulse	199	947001	1978	0
gpl008	31	Picture	80	947012	0	1	7129	1	0	7000	other	0
gpl008	32	Picture	40	954307	0	1	2819	1	0	2690	other	0
gpl008	33	Picture	85	957292	0	1	7129	1	0	7000	hit	55
gpl008	33	Pulse	199	959501	2209	0
gpl008	33	Response	26	962751	5460	0
gpl008	34	Picture	40	964586	0	1	2984	1	0	2860	other	0
gpl008	35	Picture	80	967737	0	1	7129	1	0	7000	other	0
gpl008	35	Pulse	199	972001	4264	0
gpl008	36	Picture	40	975031	0	1	4476	1	0	4350	other	0
gpl008	37	Picture	80	979674	0	1	7129	1	0	7000	other	0
gpl008	37	Pulse	199	984501	4828	0
gpl008	38	Picture	40	986969	0	1	2155	1	0	2140	other	0
gpl008	39	Picture	80	989134	0	322	7119	322	0	7000	other	0
gpl008	40	Picture	40	996419	0	1	2155	1	0	1990	other	0
gpl008	40	Pulse	199	997001	583	0
gpl008	41	Picture	80	998740	0	1	7129	1	0	7000	other	0
gpl008	42	Picture	40	1006035	0	1	3813	1	0	3660	other	0
gpl008	42	Pulse	199	1009501	3466	0
gpl008	43	Picture	80	1010014	0	1	7129	1	0	7000	other	0
gpl008	44	Picture	40	1017309	0	1	3482	1	0	3310	other	0
gpl008	45	Picture	50	1020956	0	1	50070	1	0	next	other	0
gpl008	45	Pulse	199	1022001	1045	0
gpl008	45	Pulse	199	1034511	13555	0
gpl008	45	Pulse	199	1047011	26055	0
gpl008	45	Pulse	199	1059511	38554	0
gpl008	46	Picture	90	1071026	0	1	7129	1	0	7000	other	0
gpl008	46	Pulse	199	1072011	985	0
gpl008	47	Picture	40	1078321	0	1	2818	1	0	2690	other	0
gpl008	48	Picture	90	1081305	0	1	7129	1	0	7000	other	0
gpl008	48	Pulse	199	1084511	3206	0
gpl008	49	Picture	40	1088600	0	1	2155	1	0	2130	other	0
gpl008	50	Picture	95	1090921	0	1	7129	1	0	7000	hit	83
gpl008	50	Response	26	1095231	4310	0
gpl008	50	Pulse	199	1097011	6090	0
gpl008	51	Picture	40	1098216	0	1	2155	1	0	1990	other	0
gpl008	52	Picture	90	1100537	0	1	7129	1	0	7000	other	0
gpl008	53	Picture	40	1107832	0	1	2984	1	0	2860	other	0
gpl008	53	Pulse	199	1109511	1679	0
gpl008	54	Picture	90	1110982	0	1	7129	1	0	7000	other	0
gpl008	55	Picture	40	1118277	0	1	2155	1	0	2140	other	0
gpl008	56	Picture	90	1120442	0	156	7119	157	0	7000	other	0
gpl008	56	Pulse	199	1122011	1569	0
gpl008	57	Picture	40	1127727	0	1	2653	1	0	2490	other	0
gpl008	58	Picture	90	1130546	0	1	7129	1	0	7000	other	0
gpl008	58	Pulse	199	1134511	3966	0
gpl008	59	Picture	40	1137841	0	1	3813	1	0	3660	other	0
gpl008	60	Picture	90	1141820	0	1	7129	1	0	7000	other	0
gpl008	60	Pulse	199	1147012	5192	0
gpl008	61	Picture	40	1149115	0	1	4476	1	0	4350	other	0
gpl008	62	Picture	90	1153757	0	1	7129	1	0	7000	other	0
gpl008	62	Pulse	199	1159511	5754	0
gpl008	63	Picture	40	1161052	0	1	1824	1	0	1780	other	0
gpl008	64	Picture	90	1163041	0	1	7129	1	0	7000	other	0
gpl008	65	Picture	40	1170336	0	1	3482	1	0	3310	other	0
gpl008	65	Pulse	199	1172011	1675	0
gpl008	66	Picture	50	1173984	0	1	70131	1	0	next	other	0
gpl008	66	Pulse	199	1184511	10527	0
gpl008	66	Pulse	199	1197011	23028	0
gpl008	66	Pulse	199	1209511	35528	0
gpl008	66	Pulse	199	1222011	48028	0
gpl008	66	Pulse	199	1234511	60528	0
gpl008	67	Picture	60	1244114	0	1	7129	1	0	7000	other	0
gpl008	67	Pulse	199	1247011	2897	0
gpl008	68	Picture	40	1251409	0	1	2984	1	0	2860	other	0
gpl008	69	Picture	60	1254559	0	1	7129	1	0	7000	other	0
gpl008	69	Pulse	199	1259512	4952	0
gpl008	70	Picture	40	1261854	0	1	3813	1	0	3660	other	0
gpl008	71	Picture	60	1265833	0	1	7129	1	0	7000	other	0
gpl008	71	Pulse	199	1272011	6178	0
gpl008	72	Picture	40	1273128	0	1	2819	1	0	2690	other	0
gpl008	73	Picture	65	1276112	0	1	7129	1	0	7000	hit	122
gpl008	73	Response	26	1279871	3759	0
gpl008	74	Picture	40	1283407	0	1	2155	1	0	2130	other	0
gpl008	74	Pulse	199	1284511	1104	0
gpl008	75	Picture	60	1285728	0	1	7129	1	0	7000	other	0
gpl008	76	Picture	40	1293023	0	1	3482	1	0	3310	other	0
gpl008	77	Picture	65	1296671	0	1	7129	1	0	7000	hit	129
gpl008	77	Pulse	199	1297011	340	0
gpl008	77	Response	26	1300641	3970	0
gpl008	78	Picture	40	1303966	0	1	2155	1	0	1990	other	0
gpl008	79	Picture	60	1306287	0	1	7129	1	0	7000	other	0
gpl008	79	Pulse	199	1309512	3225	0
gpl008	80	Picture	40	1313582	0	1	2155	1	0	2140	other	0
gpl008	81	Picture	60	1315747	0	322	7119	323	0	7000	other	0
gpl008	81	Pulse	199	1322011	6264	0
gpl008	82	Picture	40	1323032	0	1	1824	1	0	1780	other	0
gpl008	83	Picture	60	1325021	0	1	7129	1	0	7000	other	0
gpl008	84	Picture	40	1332316	0	1	2653	1	0	2490	other	0
gpl008	84	Pulse	199	1334511	2195	0
gpl008	85	Picture	60	1335135	0	1	7129	1	0	7000	other	0
gpl008	86	Picture	40	1342430	0	1	4476	1	0	4350	other	0
gpl008	86	Pulse	199	1347011	4581	0
gpl008	87	Picture	50	1347072	0	1	90192	1	0	next	other	0
gpl008	87	Pulse	199	1359511	12439	0
gpl008	87	Pulse	199	1372011	24939	0
gpl008	87	Pulse	199	1384511	37439	0
gpl008	87	Pulse	199	1397011	49939	0
gpl008	87	Pulse	199	1409511	62439	0
gpl008	87	Pulse	199	1422011	74939	0
gpl008	87	Pulse	199	1434511	87439	0
gpl008	88	Picture	70	1437264	0	1	7129	1	0	7000	other	0
gpl008	89	Picture	40	1444559	0	1	1824	1	0	1780	other	0
gpl008	90	Picture	70	1446548	0	1	7129	1	0	7000	other	0
gpl008	90	Pulse	199	1447012	464	0
gpl008	91	Picture	40	1453843	0	1	2155	1	0	2130	other	0
gpl008	92	Picture	70	1456164	0	1	7129	1	0	7000	other	0
gpl008	92	Pulse	199	1459512	3347	0
gpl008	93	Picture	40	1463459	0	1	2155	1	0	2140	other	0
gpl008	94	Picture	70	1465624	0	322	7119	322	0	7000	other	0
gpl008	94	Pulse	199	1472012	6387	0
gpl008	95	Picture	40	1472909	0	1	2155	1	0	1990	other	0
gpl008	96	Picture	70	1475230	0	1	7129	1	0	7000	other	0
gpl008	97	Picture	40	1482525	0	1	3813	1	0	3660	other	0
gpl008	97	Pulse	199	1484511	1986	0
gpl008	98	Picture	75	1486504	0	1	7129	1	0	7000	hit	166
gpl008	98	Response	26	1490902	4397	0
gpl008	99	Picture	40	1493799	0	1	2653	1	0	2490	other	0
gpl008	100	Picture	70	1496618	0	1	7129	1	0	7000	other	0
gpl008	100	Pulse	199	1497011	394	0
gpl008	101	Picture	40	1503913	0	1	2984	1	0	2860	other	0
gpl008	102	Picture	70	1507063	0	1	7129	1	0	7000	other	0
gpl008	102	Pulse	199	1509511	2449	0
gpl008	103	Picture	40	1514358	0	1	4476	1	0	4350	other	0
gpl008	104	Picture	70	1519000	0	1	7129	1	0	7000	other	0
gpl008	104	Pulse	199	1522012	3012	0
gpl008	105	Picture	40	1526295	0	1	2819	1	0	2690	other	0
gpl008	106	Picture	70	1529279	0	1	7129	1	0	7000	other	0
gpl008	106	Pulse	199	1534512	5233	0
gpl008	107	Picture	40	1536574	0	1	3482	1	0	3310	other	0
gpl008	108	Picture	50	1540221	0	1	90192	1	0	next	other	0
gpl008	108	Pulse	199	1547011	6790	0
gpl008	108	Pulse	199	1559511	19290	0
gpl008	108	Pulse	199	1572011	31790	0
gpl008	108	Pulse	199	1584511	44290	0
gpl008	108	Pulse	199	1597011	56790	0
gpl008	108	Pulse	199	1609511	69290	0
gpl008	108	Pulse	199	1622011	81789	0
gpl008	109	Picture	80	1630413	0	1	7129	1	0	7000	other	0
gpl008	109	Pulse	199	1634511	4098	0
gpl008	110	Picture	40	1637708	0	1	1824	1	0	1780	other	0
gpl008	111	Picture	80	1639698	0	1	7129	1	0	7000	other	0
gpl008	112	Picture	40	1646993	0	1	2653	1	0	2490	other	0
gpl008	112	Pulse	199	1647012	19	0
gpl008	113	Picture	80	1649811	0	1	7129	1	0	7000	other	0
gpl008	114	Picture	40	1657106	0	1	2819	1	0	2690	other	0
gpl008	114	Pulse	199	1659512	2406	0
gpl008	115	Picture	80	1660090	0	1	7129	1	0	7000	other	0
gpl008	116	Picture	40	1667385	0	1	2155	1	0	2140	other	0
gpl008	117	Picture	80	1669550	0	156	7119	157	0	7000	other	0
gpl008	117	Pulse	199	1672012	2461	0
gpl008	118	Picture	40	1676835	0	1	3482	1	0	3310	other	0
gpl008	119	Picture	80	1680483	0	1	7129	1	0	7000	other	0
gpl008	119	Pulse	199	1684512	4029	0
gpl008	120	Picture	40	1687777	0	1	2156	1	0	1990	other	0
gpl008	121	Picture	80	1690099	0	1	7129	1	0	7000	other	0
gpl008	121	Pulse	199	1697012	6913	0
gpl008	122	Picture	40	1697394	0	1	2155	1	0	2130	other	0
gpl008	123	Picture	80	1699715	0	1	7129	1	0	7000	other	0
gpl008	124	Picture	40	1707010	0	1	3813	1	0	3660	other	0
gpl008	124	Pulse	199	1709512	2502	0
gpl008	125	Picture	85	1710989	0	1	7129	1	0	7000	hit	212
gpl008	125	Response	26	1714802	3813	0
gpl008	126	Picture	40	1718284	0	1	2984	1	0	2860	other	0
gpl008	127	Picture	80	1721434	0	1	7129	1	0	7000	other	0
gpl008	127	Pulse	199	1722011	578	0
gpl008	128	Picture	40	1728729	0	1	4476	1	0	4350	other	0
gpl008	129	Picture	50	1733371	0	1	70131	1	0	next	other	0
gpl008	129	Pulse	199	1734511	1140	0
gpl008	129	Pulse	199	1747011	13640	0
gpl008	129	Pulse	199	1759511	26140	0
gpl008	129	Pulse	199	1772011	38641	0
gpl008	129	Pulse	199	1784511	51140	0
gpl008	129	Pulse	199	1797011	63641	0
gpl008	130	Picture	90	1803502	0	1	7129	1	0	7000	other	0
gpl008	130	Pulse	199	1809511	6010	0
gpl008	131	Picture	40	1810796	0	1	2653	1	0	2490	other	0
gpl008	132	Picture	90	1813615	0	1	7129	1	0	7000	other	0
gpl008	133	Picture	40	1820910	0	1	3813	1	0	3660	other	0
gpl008	133	Pulse	199	1822012	1102	0
gpl008	134	Picture	95	1824889	0	1	7129	1	0	7000	hit	231
gpl008	134	Response	26	1828772	3883	0
gpl008	135	Picture	40	1832184	0	1	2984	1	0	2860	other	0
gpl008	135	Pulse	199	1834511	2327	0
gpl008	136	Picture	90	1835334	0	1	7129	1	0	7000	other	0
gpl008	137	Picture	40	1842629	0	1	1824	1	0	1780	other	0
gpl008	138	Picture	90	1844618	0	1	7129	1	0	7000	other	0
gpl008	138	Pulse	199	1847011	2393	0
gpl008	139	Picture	40	1851913	0	1	2155	1	0	1990	other	0
gpl008	140	Picture	90	1854234	0	1	7129	1	0	7000	other	0
gpl008	140	Pulse	199	1859511	5277	0
gpl008	141	Picture	40	1861529	0	1	2818	1	0	2690	other	0
gpl008	142	Picture	90	1864514	0	1	7129	1	0	7000	other	0
gpl008	143	Picture	40	1871808	0	1	4476	1	0	4350	other	0
gpl008	143	Pulse	199	1872012	203	0
gpl008	144	Picture	90	1876451	0	1	7129	1	0	7000	other	0
gpl008	145	Picture	40	1883746	0	1	3482	1	0	3310	other	0
gpl008	145	Pulse	199	1884511	766	0
gpl008	146	Picture	95	1887393	0	1	7129	1	0	7000	hit	249
gpl008	146	Response	26	1891642	4249	0
gpl008	147	Picture	40	1894688	0	1	2155	1	0	2140	other	0
gpl008	148	Picture	90	1896853	0	322	7119	323	0	7000	other	0
gpl008	148	Pulse	199	1897012	158	0
gpl008	149	Picture	40	1904138	0	1	2155	1	0	2130	other	0
gpl008	150	Picture	50	1906459	0	1	50070	1	0	next	other	0
gpl008	150	Pulse	199	1909511	3052	0
gpl008	150	Pulse	199	1922012	15552	0
gpl008	150	Pulse	199	1934511	28052	0
gpl008	150	Pulse	199	1947011	40552	0
gpl008	151	Picture	60	1956529	0	1	7129	1	0	7000	other	0
gpl008	151	Pulse	199	1959511	2982	0
gpl008	152	Picture	40	1963824	0	1	2984	1	0	2860	other	0
gpl008	153	Picture	60	1966974	0	1	7129	1	0	7000	other	0
gpl008	153	Pulse	199	1972011	5037	0
gpl008	154	Picture	40	1974269	0	1	2155	1	0	2140	other	0
gpl008	155	Picture	60	1976434	0	322	7119	322	0	7000	other	0
gpl008	156	Picture	40	1983719	0	1	2155	1	0	1990	other	0
gpl008	156	Pulse	199	1984512	793	0
gpl008	157	Picture	60	1986040	0	1	7129	1	0	7000	other	0
gpl008	158	Picture	40	1993335	0	1	4476	1	0	4350	other	0
gpl008	158	Pulse	199	1997012	3677	0
gpl008	159	Picture	60	1997977	0	1	7129	1	0	7000	other	0
gpl008	160	Picture	40	2005272	0	1	3813	1	0	3660	other	0
gpl008	161	Picture	60	2009251	0	1	7129	1	0	7000	other	0
gpl008	161	Pulse	199	2009512	261	0
gpl008	162	Picture	40	2016546	0	1	1824	1	0	1780	other	0
gpl008	163	Picture	60	2018536	0	1	7129	1	0	7000	other	0
gpl008	163	Pulse	199	2022011	3476	0
gpl008	164	Picture	40	2025831	0	1	2155	1	0	2130	other	0
gpl008	165	Picture	60	2028152	0	1	7129	1	0	7000	other	0
gpl008	165	Pulse	199	2034512	6360	0
gpl008	166	Picture	40	2035447	0	1	2653	1	0	2490	other	0
gpl008	167	Picture	60	2038265	0	1	7129	1	0	7000	other	0
gpl008	168	Picture	40	2045560	0	1	2818	1	0	2690	other	0
gpl008	168	Pulse	199	2047012	1452	0
gpl008	169	Picture	60	2048544	0	1	7129	1	0	7000	other	0
gpl008	170	Picture	40	2055839	0	1	3482	1	0	3310	other	0
gpl008	171	Picture	50	2059487	0	1	30174	1	0	next	other	0
gpl008	171	Pulse	199	2059511	25	0
gpl008	171	Pulse	199	2072011	12524	0
gpl008	171	Pulse	199	2084511	25024	0
gpl008	172	Picture	70	2089661	0	1	7129	1	0	7000	other	0
gpl008	173	Picture	40	2096956	0	1	2155	1	0	1990	other	0
gpl008	173	Pulse	199	2097012	56	0
gpl008	174	Picture	70	2099277	0	1	7129	1	0	7000	other	0
gpl008	175	Picture	40	2106572	0	1	3813	1	0	3660	other	0
gpl008	175	Pulse	199	2109512	2940	0
gpl008	176	Picture	70	2110551	0	1	7129	1	0	7000	other	0
gpl008	177	Picture	40	2117846	0	1	3482	1	0	3310	other	0
gpl008	178	Picture	70	2121493	0	1	7129	1	0	7000	other	0
gpl008	178	Pulse	199	2122012	518	0
gpl008	179	Picture	40	2128788	0	1	2653	1	0	2490	other	0
gpl008	180	Picture	70	2131607	0	1	7129	1	0	7000	other	0
gpl008	180	Pulse	199	2134512	2905	0
gpl008	181	Picture	40	2138902	0	1	2155	1	0	2130	other	0
gpl008	182	Picture	70	2141223	0	1	7129	1	0	7000	other	0
gpl008	182	Pulse	199	2147012	5789	0
gpl008	183	Picture	40	2148518	0	1	2155	1	0	2140	other	0
gpl008	184	Picture	70	2150683	0	322	7119	323	0	7000	other	0
gpl008	185	Picture	40	2157968	0	1	2818	1	0	2690	other	0
gpl008	185	Pulse	199	2159512	1544	0
gpl008	186	Picture	70	2160952	0	1	7129	1	0	7000	other	0
gpl008	187	Picture	40	2168247	0	1	4476	1	0	4350	other	0
gpl008	187	Pulse	199	2172011	3764	0
gpl008	188	Picture	75	2172889	0	1	7129	1	0	7000	hit	315
gpl008	188	Response	26	2177962	5072	0
gpl008	189	Picture	40	2180184	0	1	2984	1	0	2860	other	0
gpl008	190	Picture	70	2183334	0	1	7129	1	0	7000	other	0
gpl008	190	Pulse	199	2184511	1177	0
gpl008	191	Picture	40	2190629	0	1	1824	1	0	1780	other	0
gpl008	192	Picture	50	2192619	0	1	70131	1	0	next	other	0
gpl008	192	Pulse	199	2197011	4392	0
gpl008	192	Pulse	199	2209511	16893	0
gpl008	192	Pulse	199	2222012	29393	0
gpl008	192	Pulse	199	2234512	41893	0
gpl008	192	Pulse	199	2247011	54392	0
gpl008	192	Pulse	199	2259512	66893	0
gpl008	193	Picture	80	2262750	0	1	7129	1	0	7000	other	0
gpl008	194	Picture	40	2270044	0	1	3482	1	0	3310	other	0
gpl008	194	Pulse	199	2272012	1967	0
gpl008	195	Picture	80	2273692	0	1	7129	1	0	7000	other	0
gpl008	196	Picture	40	2280987	0	1	2155	1	0	2140	other	0
gpl008	197	Picture	80	2283308	0	1	7129	1	0	7000	other	0
gpl008	197	Pulse	199	2284511	1203	0
gpl008	198	Picture	40	2290603	0	1	2155	1	0	1990	other	0
gpl008	199	Picture	85	2292924	0	1	7129	1	0	7000	hit	337
gpl008	199	Pulse	199	2297011	4087	0
gpl008	199	Response	26	2297721	4797	0
gpl008	200	Picture	40	2300219	0	1	2819	1	0	2690	other	0
gpl008	201	Picture	80	2303203	0	1	7129	1	0	7000	other	0
gpl008	201	Pulse	199	2309511	6308	0
gpl008	202	Picture	40	2310498	0	1	4476	1	0	4350	other	0
gpl008	203	Picture	80	2315140	0	1	7129	1	0	7000	other	0
gpl008	203	Pulse	199	2322011	6871	0
gpl008	204	Picture	40	2322435	0	1	1824	1	0	1780	other	0
gpl008	205	Picture	85	2324425	0	1	7129	1	0	7000	hit	346
gpl008	205	Response	26	2329002	4577	0
gpl008	206	Picture	40	2331720	0	1	2653	1	0	2490	other	0
gpl008	206	Pulse	199	2334512	2792	0
gpl008	207	Picture	80	2334538	0	1	7129	1	0	7000	other	0
gpl008	208	Picture	40	2341833	0	1	2155	1	0	2130	other	0
gpl008	209	Picture	80	2344154	0	1	7129	1	0	7000	other	0
gpl008	209	Pulse	199	2347012	2857	0
gpl008	210	Picture	40	2351449	0	1	3813	1	0	3660	other	0
gpl008	211	Picture	80	2355428	0	1	7129	1	0	7000	other	0
gpl008	211	Pulse	199	2359512	4084	0
gpl008	212	Picture	40	2362723	0	1	2984	1	0	2860	other	0
gpl008	213	Picture	50	2365873	0	1	30174	1	0	next	other	0
gpl008	213	Pulse	199	2372012	6138	0
gpl008	213	Pulse	199	2384511	18638	0
gpl008	214	Picture	90	2396048	0	1	7129	1	0	7000	other	0
gpl008	214	Pulse	199	2397011	964	0
gpl008	215	Picture	40	2403342	0	1	2984	1	0	2860	other	0
gpl008	216	Picture	90	2406493	0	1	7129	1	0	7000	other	0
gpl008	216	Pulse	199	2409511	3019	0
gpl008	217	Picture	40	2413787	0	1	2155	1	0	2140	other	0
gpl008	218	Picture	90	2415953	0	322	7119	322	0	7000	other	0
gpl008	218	Pulse	199	2422012	6059	0
gpl008	219	Picture	40	2423238	0	1	3813	1	0	3660	other	0
gpl008	220	Picture	90	2427217	0	1	7129	1	0	7000	other	0
gpl008	221	Picture	40	2434512	0	1	2155	1	0	1990	other	0
gpl008	221	Pulse	199	2434512	0	1
gpl008	222	Picture	90	2436833	0	1	7129	1	0	7000	other	0
gpl008	223	Picture	40	2444128	0	1	2155	1	0	2130	other	0
gpl008	224	Picture	90	2446449	0	1	7129	1	0	7000	other	0
gpl008	224	Pulse	199	2447012	563	0
gpl008	225	Picture	40	2453744	0	1	2653	1	0	2490	other	0
gpl008	226	Picture	90	2456562	0	1	7129	1	0	7000	other	0
gpl008	226	Pulse	199	2459512	2950	0
gpl008	227	Picture	40	2463857	0	1	3482	1	0	3310	other	0
gpl008	228	Picture	90	2467504	0	1	7129	1	0	7000	other	0
gpl008	228	Pulse	199	2472012	4507	0
gpl008	229	Picture	40	2474799	0	1	4476	1	0	4350	other	0
gpl008	230	Picture	90	2479442	0	1	7129	1	0	7000	other	0
gpl008	230	Pulse	199	2484512	5070	0
gpl008	231	Picture	40	2486737	0	1	2819	1	0	2690	other	0
gpl008	232	Picture	90	2489721	0	1	7129	1	0	7000	other	0
gpl008	232	Pulse	199	2497012	7291	0
gpl008	233	Picture	40	2497016	0	1	1824	1	0	1780	other	0
gpl008	234	Picture	50	2499005	0	1	90192	1	0	next	other	0
gpl008	234	Pulse	199	2509511	10506	0
gpl008	234	Pulse	199	2522011	23006	0
gpl008	234	Pulse	199	2534512	35507	0
gpl008	234	Pulse	199	2547012	48007	0
gpl008	234	Pulse	199	2559512	60506	0
gpl008	234	Pulse	199	2572012	73007	0
gpl008	234	Pulse	199	2584512	85506	0
gpl008	235	Picture	60	2589197	0	1	7129	1	0	7000	other	0
gpl008	236	Picture	40	2596492	0	1	2155	1	0	2130	other	0
gpl008	236	Pulse	199	2597012	520	0
gpl008	237	Picture	60	2598813	0	1	7129	1	0	7000	other	0
gpl008	238	Picture	40	2606108	0	1	4476	1	0	4350	other	0
gpl008	238	Pulse	199	2609512	3404	0
gpl008	239	Picture	60	2610750	0	1	7129	1	0	7000	other	0
gpl008	240	Picture	40	2618045	0	1	2818	1	0	2690	other	0
gpl008	241	Picture	60	2621029	0	1	7129	1	0	7000	other	0
gpl008	241	Pulse	199	2622011	982	0
gpl008	242	Picture	40	2628324	0	1	2984	1	0	2860	other	0
gpl008	243	Picture	60	2631474	0	1	7129	1	0	7000	other	0
gpl008	243	Pulse	199	2634511	3037	0
gpl008	244	Picture	40	2638769	0	1	2653	1	0	2490	other	0
gpl008	245	Picture	60	2641588	0	1	7129	1	0	7000	other	0
gpl008	245	Pulse	199	2647012	5424	0
gpl008	246	Picture	40	2648882	0	1	3813	1	0	3660	other	0
gpl008	247	Picture	65	2652861	0	1	7129	1	0	7000	hit	415
gpl008	247	Response	26	2659122	6260	0
gpl008	247	Pulse	199	2659512	6650	0
gpl008	248	Picture	40	2660157	0	1	3482	1	0	3310	other	0
gpl008	249	Picture	60	2663804	0	1	7129	1	0	7000	other	0
gpl008	250	Picture	40	2671099	0	1	2155	1	0	2140	other	0
gpl008	250	Pulse	199	2672012	913	0
gpl008	251	Picture	60	2673264	0	322	7119	322	0	7000	other	0
gpl008	252	Picture	40	2680549	0	1	2155	1	0	1990	other	0
gpl008	253	Picture	60	2682870	0	1	7129	1	0	7000	other	0
gpl008	253	Pulse	199	2684512	1642	0
gpl008	254	Picture	40	2690165	0	1	1824	1	0	1780	other	0
gpl008	255	Picture	50	2692155	0	1	50070	1	0	next	other	0
gpl008	255	Pulse	199	2697012	4857	0
gpl008	255	Pulse	199	2709512	17357	0
gpl008	255	Pulse	199	2722012	29857	0
gpl008	255	Pulse	199	2734511	42357	0
gpl008	256	Picture	70	2742224	0	1	7129	1	0	7000	other	0
gpl008	256	Pulse	199	2747011	4787	0
gpl008	257	Picture	40	2749519	0	1	3813	1	0	3660	other	0
gpl008	258	Picture	70	2753498	0	1	7129	1	0	7000	other	0
gpl008	258	Pulse	199	2759512	6014	0
gpl008	259	Picture	40	2760793	0	1	2155	1	0	1990	other	0
gpl008	260	Picture	70	2763114	0	1	7129	1	0	7000	other	0
gpl008	261	Picture	40	2770409	0	1	1824	1	0	1780	other	0
gpl008	261	Pulse	199	2772012	1603	0
gpl008	262	Picture	75	2772399	0	1	7129	1	0	7000	hit	441
gpl008	262	Response	26	2775391	2992	0
gpl008	263	Picture	40	2779694	0	1	2155	1	0	2130	other	0
gpl008	264	Picture	70	2782015	0	1	7129	1	0	7000	other	0
gpl008	264	Pulse	199	2784512	2497	0
gpl008	265	Picture	40	2789310	0	1	3482	1	0	3310	other	0
gpl008	266	Picture	70	2792957	0	1	7129	1	0	7000	other	0
gpl008	266	Pulse	199	2797012	4055	0
gpl008	267	Picture	40	2800252	0	1	4476	1	0	4350	other	0
gpl008	268	Picture	75	2804894	0	1	7129	1	0	7000	hit	450
gpl008	268	Response	26	2808342	3448	0
gpl008	268	Pulse	199	2809511	4617	0
gpl008	269	Picture	40	2812189	0	1	2653	1	0	2490	other	0
gpl008	270	Picture	70	2815008	0	1	7129	1	0	7000	other	0
gpl008	270	Pulse	199	2822008	7000	5
gpl008	271	Picture	40	2822303	0	1	2984	1	0	2860	other	0
gpl008	272	Picture	70	2825453	0	1	7129	1	0	7000	other	0
gpl008	273	Picture	40	2832748	0	1	2819	1	0	2690	other	0
gpl008	273	Pulse	199	2834512	1764	0
gpl008	274	Picture	70	2835732	0	1	7129	1	0	7000	other	0
gpl008	275	Picture	40	2843027	0	1	2155	1	0	2140	other	0
gpl008	276	Picture	50	2845348	0	1	50070	1	0	next	other	0
gpl008	276	Pulse	199	2847012	1664	0
gpl008	276	Pulse	199	2859511	14163	0
gpl008	276	Pulse	199	2872021	26673	0
gpl008	276	Pulse	199	2884522	39174	0
gpl008	277	Picture	80	2895418	0	1	7129	1	0	7000	other	0
gpl008	277	Pulse	199	2897022	1604	0
gpl008	278	Picture	40	2902712	0	1	1824	1	0	1780	other	0
gpl008	279	Picture	80	2904702	0	1	7129	1	0	7000	other	0
gpl008	279	Pulse	199	2909522	4820	0
gpl008	280	Picture	40	2911997	0	1	2155	1	0	2140	other	0
gpl008	281	Picture	80	2914162	0	322	7119	322	0	7000	other	0
gpl008	282	Picture	40	2921447	0	1	4476	1	0	4350	other	0
gpl008	282	Pulse	199	2922022	575	0
gpl008	283	Picture	80	2926089	0	1	7129	1	0	7000	other	0
gpl008	284	Picture	40	2933384	0	1	2155	1	0	1990	other	0
gpl008	284	Pulse	199	2934522	1138	0
gpl008	285	Picture	80	2935705	0	1	7129	1	0	7000	other	0
gpl008	286	Picture	40	2943000	0	1	2984	1	0	2860	other	0
gpl008	287	Picture	80	2946150	0	1	7129	1	0	7000	other	0
gpl008	287	Pulse	199	2947022	871	0
gpl008	288	Picture	40	2953445	0	1	2653	1	0	2490	other	0
gpl008	289	Picture	80	2956264	0	1	7129	1	0	7000	other	0
gpl008	289	Pulse	199	2959521	3258	0
gpl008	290	Picture	40	2963559	0	1	3482	1	0	3310	other	0
gpl008	291	Picture	80	2967206	0	1	7129	1	0	7000	other	0
gpl008	291	Pulse	199	2972021	4815	0
gpl008	292	Picture	40	2974501	0	1	3813	1	0	3660	other	0
gpl008	293	Picture	80	2978480	0	1	7129	1	0	7000	other	0
gpl008	293	Pulse	199	2984521	6041	0
gpl008	294	Picture	40	2985775	0	1	2155	1	0	2130	other	0
gpl008	295	Picture	80	2988096	0	1	7129	1	0	7000	other	0
gpl008	296	Picture	40	2995391	0	1	2819	1	0	2690	other	0
gpl008	296	Pulse	199	2997022	1631	0
gpl008	297	Picture	50	2998375	0	1	90192	1	0	next	other	0
gpl008	297	Pulse	199	3009522	11147	0
gpl008	297	Pulse	199	3022022	23646	0
gpl008	297	Pulse	199	3034522	36147	0
gpl008	297	Pulse	199	3047022	48646	0
gpl008	297	Pulse	199	3059522	61146	0
gpl008	297	Pulse	199	3072021	73646	0
gpl008	297	Pulse	199	3084521	86146	0
gpl008	298	Picture	90	3088567	0	1	7129	1	0	7000	other	0
gpl008	299	Picture	40	3095862	0	1	2653	1	0	2490	other	0
gpl008	299	Pulse	199	3097022	1160	0
gpl008	300	Picture	90	3098680	0	1	7129	1	0	7000	other	0
gpl008	301	Picture	40	3105975	0	1	2155	1	0	2130	other	0
gpl008	302	Picture	90	3108296	0	1	7129	1	0	7000	other	0
gpl008	302	Pulse	199	3109522	1225	0
gpl008	303	Picture	40	3115591	0	1	3482	1	0	3310	other	0
gpl008	304	Picture	90	3119239	0	1	7129	1	0	7000	other	0
gpl008	304	Pulse	199	3122022	2783	0
gpl008	305	Picture	40	3126534	0	1	2155	1	0	2140	other	0
gpl008	306	Picture	90	3128855	0	1	7129	1	0	7000	other	0
gpl008	306	Pulse	199	3134522	5667	0
gpl008	307	Picture	40	3136150	0	1	2155	1	0	1990	other	0
gpl008	308	Picture	90	3138471	0	1	7129	1	0	7000	other	0
gpl008	309	Picture	40	3145766	0	1	1824	1	0	1780	other	0
gpl008	309	Pulse	199	3147022	1256	0
gpl008	310	Picture	90	3147755	0	1	7129	1	0	7000	other	0
gpl008	311	Picture	40	3155050	0	1	2819	1	0	2690	other	0
gpl008	312	Picture	95	3158034	0	1	7129	1	0	7000	hit	524
gpl008	312	Pulse	199	3159522	1487	0
gpl008	312	Response	26	3161511	3477	0
gpl008	313	Picture	40	3165329	0	1	4476	1	0	4350	other	0
gpl008	314	Picture	90	3169972	0	1	7129	1	0	7000	other	0
gpl008	314	Pulse	199	3172021	2050	0
gpl008	315	Picture	40	3177266	0	1	2984	1	0	2860	other	0
gpl008	316	Picture	90	3180417	0	1	7129	1	0	7000	other	0
gpl008	316	Pulse	199	3184521	4104	0
gpl008	317	Picture	40	3187711	0	1	3813	1	0	3660	other	0
gpl008	318	Picture	50	3191690	0	1	30174	1	0	next	other	0
gpl008	318	Pulse	199	3197021	5331	0
gpl008	318	Pulse	199	3209521	17831	0
gpl008	319	Picture	60	3221865	0	1	7129	1	0	7000	other	0
gpl008	319	Pulse	199	3222022	157	0
gpl008	320	Picture	40	3229160	0	1	2819	1	0	2690	other	0
gpl008	321	Picture	60	3232144	0	1	7129	1	0	7000	other	0
gpl008	321	Pulse	199	3234522	2378	0
gpl008	322	Picture	40	3239439	0	1	2155	1	0	2130	other	0
gpl008	323	Picture	60	3241760	0	1	7129	1	0	7000	other	0
gpl008	323	Pulse	199	3247022	5262	0
gpl008	324	Picture	40	3249055	0	1	3813	1	0	3660	other	0
gpl008	325	Picture	65	3253034	0	1	7129	1	0	7000	hit	545
gpl008	325	Response	26	3256412	3377	0
gpl008	325	Pulse	199	3259522	6488	0
gpl008	326	Picture	40	3260329	0	1	2653	1	0	2490	other	0
gpl008	327	Picture	60	3263148	0	1	7129	1	0	7000	other	0
gpl008	328	Picture	40	3270442	0	1	2984	1	0	2860	other	0
gpl008	328	Pulse	199	3272022	1580	0
gpl008	329	Picture	60	3273592	0	1	7129	1	0	7000	other	0
gpl008	330	Picture	40	3280887	0	1	4477	1	0	4350	other	0
gpl008	330	Pulse	199	3284522	3634	0
gpl008	331	Picture	60	3285530	0	1	7129	1	0	7000	other	0
gpl008	332	Picture	40	3292824	0	1	1824	1	0	1780	other	0
gpl008	333	Picture	60	3294814	0	1	7129	1	0	7000	other	0
gpl008	333	Pulse	199	3297021	2207	0
gpl008	334	Picture	40	3302109	0	1	3482	1	0	3310	other	0
gpl008	335	Picture	60	3305756	0	1	7129	1	0	7000	other	0
gpl008	335	Pulse	199	3309522	3766	0
gpl008	336	Picture	40	3313051	0	1	2155	1	0	1990	other	0
gpl008	337	Picture	60	3315372	0	1	7129	1	0	7000	other	0
gpl008	337	Pulse	199	3322022	6649	0
gpl008	338	Picture	40	3322667	0	1	2155	1	0	2140	other	0
gpl008	339	Picture	50	3324833	0	156	70120	157	0	next	other	0
gpl008	339	Pulse	199	3334522	9689	0
gpl008	339	Pulse	199	3347022	22189	0
gpl008	339	Pulse	199	3359522	34689	0
gpl008	339	Pulse	199	3372022	47189	0
gpl008	339	Pulse	199	3384522	59689	0
gpl008	340	Picture	70	3394953	0	1	7129	1	0	7000	other	0
gpl008	340	Pulse	199	3397022	2068	0
gpl008	341	Picture	40	3402248	0	1	2819	1	0	2690	other	0
gpl008	342	Picture	70	3405233	0	1	7129	1	0	7000	other	0
gpl008	342	Pulse	199	3409521	4289	0
gpl008	343	Picture	40	3412527	0	1	2155	1	0	1990	other	0
gpl008	344	Picture	70	3414849	0	1	7129	1	0	7000	other	0
gpl008	344	Pulse	199	3422021	7173	0
gpl008	345	Picture	40	3422143	0	1	2155	1	0	2130	other	0
gpl008	346	Picture	70	3424465	0	1	7129	1	0	7000	other	0
gpl008	347	Picture	40	3431759	0	1	1824	1	0	1780	other	0
gpl008	348	Picture	70	3433749	0	1	7129	1	0	7000	other	0
gpl008	348	Pulse	199	3434522	773	0
gpl008	349	Picture	40	3441044	0	1	2653	1	0	2490	other	0
gpl008	350	Picture	70	3443862	0	1	7129	1	0	7000	other	0
gpl008	350	Pulse	199	3447022	3160	0
gpl008	351	Picture	40	3451157	0	1	2984	1	0	2860	other	0
gpl008	352	Picture	70	3454307	0	1	7129	1	0	7000	other	0
gpl008	352	Pulse	199	3459522	5214	0
gpl008	353	Picture	40	3461602	0	1	2155	1	0	2140	other	0
gpl008	354	Picture	70	3463768	0	156	7119	157	0	7000	other	0
gpl008	355	Picture	40	3471052	0	1	3813	1	0	3660	other	0
gpl008	355	Pulse	199	3472022	970	0
gpl008	356	Picture	70	3475032	0	1	7129	1	0	7000	other	0
gpl008	357	Picture	40	3482327	0	1	3482	1	0	3310	other	0
gpl008	357	Pulse	199	3484522	2195	0
gpl008	358	Picture	75	3485974	0	1	7129	1	0	7000	hit	598
gpl008	358	Response	26	3489742	3768	0
gpl008	359	Picture	40	3493269	0	1	4476	1	0	4350	other	0
gpl008	359	Pulse	199	3497022	3753	0
gpl008	360	Picture	50	3497911	0	1	90192	1	0	next	other	0
gpl008	360	Pulse	199	3509521	11610	0
gpl008	360	Pulse	199	3522021	24110	0
gpl008	360	Pulse	199	3534521	36610	0
gpl008	360	Pulse	199	3547021	49110	0
gpl008	360	Pulse	199	3559521	61610	0
gpl008	360	Pulse	199	3572022	74110	0
gpl008	360	Pulse	199	3584521	86610	0
gpl008	361	Picture	80	3588103	0	1	7129	1	0	7000	other	0
gpl008	362	Picture	40	3595398	0	1	2653	1	0	2490	other	0
gpl008	362	Pulse	199	3597022	1624	0
gpl008	363	Picture	80	3598216	0	1	7129	1	0	7000	other	0
gpl008	364	Picture	40	3605511	0	1	2984	1	0	2860	other	0
gpl008	365	Picture	80	3608661	0	1	7129	1	0	7000	other	0
gpl008	365	Pulse	199	3609522	861	0
gpl008	366	Picture	40	3615956	0	1	2819	1	0	2690	other	0
gpl008	367	Picture	80	3618940	0	1	7129	1	0	7000	other	0
gpl008	367	Pulse	199	3622021	3081	0
gpl008	368	Picture	40	3626235	0	1	1824	1	0	1780	other	0
gpl008	369	Picture	85	3628225	0	1	7129	1	0	7000	hit	621
gpl008	369	Response	26	3631401	3176	0
gpl008	369	Pulse	199	3634521	6296	0
gpl008	370	Picture	40	3635520	0	1	2155	1	0	1990	other	0
gpl008	371	Picture	80	3637841	0	1	7129	1	0	7000	other	0
gpl008	372	Picture	40	3645136	0	1	3482	1	0	3310	other	0
gpl008	372	Pulse	199	3647021	1886	0
gpl008	373	Picture	85	3648783	0	1	7129	1	0	7000	hit	628
gpl008	373	Response	26	3652331	3548	0
gpl008	374	Picture	40	3656078	0	1	2155	1	0	2130	other	0
gpl008	375	Picture	80	3658399	0	1	7129	1	0	7000	other	0
gpl008	375	Pulse	199	3659522	1123	0
gpl008	376	Picture	40	3665694	0	1	3813	1	0	3660	other	0
gpl008	377	Picture	80	3669673	0	1	7129	1	0	7000	other	0
gpl008	377	Pulse	199	3672022	2349	0
gpl008	378	Picture	40	3676968	0	1	2155	1	0	2140	other	0
gpl008	379	Picture	80	3679289	0	1	7129	1	0	7000	other	0
gpl008	379	Pulse	199	3684521	5232	0
gpl008	380	Picture	40	3686584	0	1	4476	1	0	4350	other	0
gpl008	381	Picture	50	3691226	0	1	30174	1	0	next	other	0
gpl008	381	Pulse	199	3697022	5795	0
gpl008	381	Pulse	199	3709521	18295	0
gpl008	382	Picture	90	3721401	0	1	7129	1	0	7000	other	0
gpl008	382	Pulse	199	3722022	621	0
gpl008	383	Picture	40	3728696	0	1	2155	1	0	1990	other	0
gpl008	384	Picture	90	3731017	0	1	7129	1	0	7000	other	0
gpl008	384	Pulse	199	3734521	3505	0
gpl008	385	Picture	40	3738312	0	1	4476	1	0	4350	other	0
gpl008	386	Picture	90	3742954	0	1	7129	1	0	7000	other	0
gpl008	386	Pulse	199	3747021	4067	0
gpl008	387	Picture	40	3750249	0	1	3813	1	0	3660	other	0
gpl008	388	Picture	90	3754228	0	1	7129	1	0	7000	other	0
gpl008	388	Pulse	199	3759521	5293	0
gpl008	389	Picture	40	3761523	0	1	2653	1	0	2490	other	0
gpl008	390	Picture	90	3764341	0	1	7129	1	0	7000	other	0
gpl008	391	Picture	40	3771636	0	1	3482	1	0	3310	other	0
gpl008	391	Pulse	199	3772022	386	0
gpl008	392	Picture	90	3775284	0	1	7129	1	0	7000	other	0
gpl008	393	Picture	40	3782579	0	1	1824	1	0	1780	other	0
gpl008	393	Pulse	199	3784522	1944	0
gpl008	394	Picture	90	3784568	0	1	7129	1	0	7000	other	0
gpl008	395	Picture	40	3791863	0	1	2984	1	0	2860	other	0
gpl008	396	Picture	90	3795013	0	1	7129	1	0	7000	other	0
gpl008	396	Pulse	199	3797022	2009	0
gpl008	397	Picture	40	3802308	0	1	2155	1	0	2130	other	0
gpl008	398	Picture	90	3804473	0	322	7119	322	0	7000	other	0
gpl008	398	Pulse	199	3809522	5049	0
gpl008	399	Picture	40	3811758	0	1	2155	1	0	2140	other	0
gpl008	400	Picture	90	3813923	0	322	7119	322	0	7000	other	0
gpl008	401	Picture	40	3821208	0	1	2818	1	0	2690	other	0
gpl008	401	Pulse	199	3822022	814	0
gpl008	402	Picture	50	3824193	0	1	50070	1	0	next	other	0
gpl008	402	Pulse	199	3834522	10329	0
gpl008	402	Pulse	199	3847022	22829	0
gpl008	402	Pulse	199	3859522	35329	0
gpl008	402	Pulse	199	3872022	47829	0
gpl008	403	Picture	60	3874262	0	1	7129	1	0	7000	other	0
gpl008	404	Picture	40	3881557	0	1	1824	1	0	1780	other	0
gpl008	405	Picture	60	3883547	0	1	7129	1	0	7000	other	0
gpl008	405	Pulse	199	3884522	976	0
gpl008	406	Picture	40	3890842	0	1	2819	1	0	2690	other	0
gpl008	407	Picture	60	3893826	0	1	7129	1	0	7000	other	0
gpl008	407	Pulse	199	3897022	3196	0
gpl008	408	Picture	40	3901121	0	1	2653	1	0	2490	other	0
gpl008	409	Picture	60	3903939	0	1	7129	1	0	7000	other	0
gpl008	409	Pulse	199	3909522	5583	0
gpl008	410	Picture	40	3911234	0	1	3813	1	0	3660	other	0
gpl008	411	Picture	60	3915213	0	1	7129	1	0	7000	other	0
gpl008	411	Pulse	199	3922022	6809	0
gpl008	412	Picture	40	3922508	0	1	2155	1	0	2130	other	0
gpl008	413	Picture	60	3924829	0	1	7129	1	0	7000	other	0
gpl008	414	Picture	40	3932124	0	1	3481	1	0	3310	other	0
gpl008	414	Pulse	199	3934522	2398	0
gpl008	415	Picture	60	3935772	0	1	7129	1	0	7000	other	0
gpl008	416	Picture	40	3943067	0	1	4476	1	0	4350	other	0
gpl008	416	Pulse	199	3947022	3956	0
gpl008	417	Picture	60	3947709	0	1	7129	1	0	7000	other	0
gpl008	418	Picture	40	3955004	0	1	2155	1	0	2140	other	0
gpl008	419	Picture	60	3957169	0	322	7119	322	0	7000	other	0
gpl008	419	Pulse	199	3959522	2353	0
gpl008	420	Picture	40	3964454	0	1	2155	1	0	1990	other	0
gpl008	421	Picture	65	3966775	0	1	7129	1	0	7000	hit	702
gpl008	421	Response	26	3971251	4476	0
gpl008	421	Pulse	199	3972021	5246	0
gpl008	422	Picture	40	3974070	0	1	2984	1	0	2860	other	0
gpl008	423	Picture	50	3977220	0	1	70131	1	0	next	other	0
gpl008	423	Pulse	199	3984522	7302	0
gpl008	423	Pulse	199	3997022	19802	0
gpl008	423	Pulse	199	4009522	32302	0
gpl008	423	Pulse	199	4022022	44802	0
gpl008	423	Pulse	199	4034522	57302	0
gpl008	423	Pulse	199	4047022	69802	0
gpl008	424	Picture	70	4047351	0	1	7129	1	0	7000	other	0
gpl008	425	Picture	40	4054646	0	1	2984	1	0	2860	other	0
gpl008	426	Picture	70	4057796	0	1	7129	1	0	7000	other	0
gpl008	426	Pulse	199	4059522	1727	0
gpl008	427	Picture	40	4065091	0	1	1824	1	0	1780	other	0
gpl008	428	Picture	75	4067080	0	1	7129	1	0	7000	hit	719
gpl008	428	Pulse	199	4072022	4942	0
gpl008	428	Response	26	4073932	6852	0
gpl008	429	Picture	40	4074375	0	1	3813	1	0	3660	other	0
gpl008	430	Picture	70	4078354	0	1	7129	1	0	7000	other	0
gpl008	430	Pulse	199	4084522	6168	0
gpl008	431	Picture	40	4085649	0	1	2155	1	0	2140	other	0
gpl008	432	Picture	70	4087814	0	322	7119	323	0	7000	other	0
gpl008	433	Picture	40	4095099	0	1	2653	1	0	2490	other	0
gpl008	433	Pulse	199	4097022	1922	0
gpl008	434	Picture	70	4097918	0	1	7129	1	0	7000	other	0
gpl008	435	Picture	40	4105213	0	1	2818	1	0	2690	other	0
gpl008	436	Picture	70	4108197	0	1	7129	1	0	7000	other	0
gpl008	436	Pulse	199	4109523	1326	0
gpl008	437	Picture	40	4115492	0	1	2155	1	0	2130	other	0
gpl008	438	Picture	70	4117813	0	1	7129	1	0	7000	other	0
gpl008	438	Pulse	199	4122022	4209	0
gpl008	439	Picture	40	4125108	0	1	3482	1	0	3310	other	0
gpl008	440	Picture	75	4128755	0	1	7129	1	0	7000	hit	736
gpl008	440	Response	26	4131622	2867	0
gpl008	440	Pulse	199	4134522	5767	0
gpl008	441	Picture	40	4136050	0	1	4476	1	0	4350	other	0
gpl008	442	Picture	70	4140692	0	1	7129	1	0	7000	other	0
gpl008	442	Pulse	199	4147022	6330	0
gpl008	443	Picture	40	4147987	0	1	2155	1	0	1990	other	0
gpl008	444	Picture	50	4150308	0	1	70130	2	0	next	other	0
gpl008	444	Pulse	199	4159522	9214	0
gpl008	444	Pulse	199	4172022	21713	0
gpl008	444	Pulse	199	4184522	34213	0
gpl008	444	Pulse	199	4197021	46713	0
gpl008	444	Pulse	199	4209522	59213	0
gpl008	445	Picture	80	4220439	0	1	7129	2	0	7000	other	0
gpl008	445	Pulse	199	4222022	1583	0
gpl008	446	Picture	40	4227734	0	1	3813	1	0	3660	other	0
gpl008	447	Picture	80	4231713	0	1	7129	1	0	7000	other	0
gpl008	447	Pulse	199	4234522	2809	0
gpl008	448	Picture	40	4239008	0	1	1824	1	0	1780	other	0
gpl008	449	Picture	80	4240998	0	1	7129	1	0	7000	other	0
gpl008	449	Pulse	199	4247022	6025	0
gpl008	450	Picture	40	4248292	0	1	2155	1	0	1990	other	0
gpl008	451	Picture	80	4250614	0	1	7129	1	0	7000	other	0
gpl008	452	Picture	40	4257908	0	1	2155	1	0	2130	other	0
gpl008	452	Pulse	199	4259522	1614	0
gpl008	453	Picture	80	4260230	0	1	7129	1	0	7000	other	0
gpl008	454	Picture	40	4267524	0	1	2984	1	0	2860	other	0
gpl008	455	Picture	80	4270674	0	1	7129	1	0	7000	other	0
gpl008	455	Pulse	199	4272022	1348	0
gpl008	456	Picture	40	4277969	0	1	2653	1	0	2490	other	0
gpl008	457	Picture	80	4280788	0	1	7129	1	0	7000	other	0
gpl008	457	Pulse	199	4284522	3734	0
gpl008	458	Picture	40	4288083	0	1	2155	1	0	2140	other	0
gpl008	459	Picture	80	4290248	0	322	7119	322	0	7000	other	0
gpl008	459	Pulse	199	4297022	6774	0
gpl008	460	Picture	40	4297533	0	1	2819	1	0	2690	other	0
gpl008	461	Picture	80	4300517	0	1	7129	1	0	7000	other	0
gpl008	462	Picture	40	4307812	0	1	4476	1	0	4350	other	0
gpl008	462	Pulse	199	4309522	1709	0
gpl008	463	Picture	80	4312455	0	1	7129	1	0	7000	other	0
gpl008	464	Picture	40	4319749	0	1	3482	1	0	3310	other	0
gpl008	464	Pulse	199	4322023	2273	0
gpl008	465	Picture	50	4323397	0	1	50070	1	0	next	other	0
gpl008	465	Pulse	199	4334522	11125	0
gpl008	465	Pulse	199	4347022	23625	0
gpl008	465	Pulse	199	4359522	36125	0
gpl008	465	Pulse	199	4372022	48625	0
gpl008	466	Picture	90	4373466	0	1	7129	1	0	7000	other	0
gpl008	467	Picture	40	4380761	0	1	2818	1	0	2690	other	0
gpl008	468	Picture	90	4383746	0	1	7129	1	0	7000	other	0
gpl008	468	Pulse	199	4384523	777	0
gpl008	469	Picture	40	4391041	0	1	2155	1	0	2140	other	0
gpl008	470	Picture	90	4393206	0	322	7119	322	0	7000	other	0
gpl008	470	Pulse	199	4397023	3817	0
gpl008	471	Picture	40	4400491	0	1	2984	1	0	2860	other	0
gpl008	472	Picture	90	4403641	0	1	7129	1	0	7000	other	0
gpl008	472	Pulse	199	4409522	5881	0
gpl008	473	Picture	40	4410936	0	1	4476	1	0	4350	other	0
gpl008	474	Picture	90	4415578	0	1	7129	1	0	7000	other	0
gpl008	474	Pulse	199	4422022	6444	0
gpl008	475	Picture	40	4422873	0	1	3813	1	0	3660	other	0
gpl008	476	Picture	90	4426852	0	1	7129	1	0	7000	other	0
gpl008	477	Picture	40	4434147	0	1	2155	1	0	2130	other	0
gpl008	477	Pulse	199	4434522	375	0
gpl008	478	Picture	95	4436468	0	1	7129	1	0	7000	hit	800
gpl008	478	Response	26	4439762	3294	0
gpl008	479	Picture	40	4443763	0	1	2653	1	0	2490	other	0
gpl008	480	Picture	90	4446581	0	1	7129	1	0	7000	other	0
gpl008	480	Pulse	199	4447023	441	0
gpl008	481	Picture	40	4453876	0	1	1824	1	0	1780	other	0
gpl008	482	Picture	90	4455866	0	1	7129	1	0	7000	other	0
gpl008	482	Pulse	199	4459522	3657	0
gpl008	483	Picture	40	4463161	0	1	3482	1	0	3310	other	0
gpl008	484	Picture	90	4466808	0	1	7129	1	0	7000	other	0
gpl008	484	Pulse	199	4472022	5214	0
gpl008	485	Picture	40	4474103	0	1	2155	1	0	1990	other	0
gpl008	486	Picture	50	4476424	0	1	90191	2	0	next	other	0
gpl008	486	Pulse	199	4484522	8098	0
gpl008	486	Pulse	199	4497022	20598	0
gpl008	486	Pulse	199	4509522	33098	0
gpl008	486	Pulse	199	4522022	45597	0
gpl008	486	Pulse	199	4534521	58097	0
gpl008	486	Pulse	199	4547022	70598	0
gpl008	486	Pulse	199	4559522	83098	0
gpl008	487	Picture	60	4566615	0	1	7130	2	0	7000	other	0
gpl008	487	Pulse	199	4572023	5407	0
gpl008	488	Picture	40	4573911	0	1	2818	1	0	2690	other	0
gpl008	489	Picture	60	4576895	0	1	7129	1	0	7000	other	0
gpl008	490	Picture	40	4584190	0	1	4476	1	0	4350	other	0
gpl008	490	Pulse	199	4584522	332	0
gpl008	491	Picture	60	4588832	0	1	7129	1	0	7000	other	0
gpl008	492	Picture	40	4596127	0	1	3813	1	0	3660	other	0
gpl008	492	Pulse	199	4597022	895	0
gpl008	493	Picture	60	4600106	0	1	7129	1	0	7000	other	0
gpl008	494	Picture	40	4607401	0	1	1824	1	0	1780	other	0
gpl008	495	Picture	60	4609391	0	1	7129	1	0	7000	other	0
gpl008	495	Pulse	199	4609522	132	0
gpl008	496	Picture	40	4616686	0	1	2155	1	0	1990	other	0
gpl008	497	Picture	60	4619007	0	1	7129	1	0	7000	other	0
gpl008	497	Pulse	199	4622032	3026	0
gpl008	498	Picture	40	4626302	0	1	2155	1	0	2140	other	0
gpl008	499	Picture	60	4628467	0	322	7119	322	0	7000	other	0
gpl008	499	Pulse	199	4634532	6065	0
gpl008	500	Picture	40	4635752	0	1	3482	1	0	3310	other	0
gpl008	501	Picture	60	4639399	0	1	7129	1	0	7000	other	0
gpl008	502	Picture	40	4646694	0	1	2155	1	0	2130	other	0
gpl008	502	Pulse	199	4647032	338	0
gpl008	503	Picture	65	4649015	0	1	7129	1	0	7000	hit	843
gpl008	503	Response	26	4652192	3177	0
gpl008	504	Picture	40	4656310	0	1	2984	1	0	2860	other	0
gpl008	505	Picture	60	4659460	0	1	7129	1	0	7000	other	0
gpl008	505	Pulse	199	4659532	72	0
gpl008	506	Picture	40	4666755	0	1	2653	1	0	2490	other	0
gpl008	507	Picture	50	4669574	0	1	30174	1	0	next	other	0
gpl008	507	Pulse	199	4672032	2459	0
gpl008	507	Pulse	199	4684522	14948	0
gpl008	507	Pulse	199	4697032	27459	0
gpl008	508	Picture	70	4699748	0	1	7129	1	0	7000	other	0
gpl008	509	Picture	40	4707043	0	1	2984	1	0	2860	other	0
gpl008	509	Pulse	199	4709532	2489	0
gpl008	510	Picture	70	4710193	0	1	7129	1	0	7000	other	0
gpl008	511	Picture	40	4717488	0	1	2653	1	0	2490	other	0
gpl008	512	Picture	70	4720306	0	1	7129	1	0	7000	other	0
gpl008	512	Pulse	199	4722033	1726	0
gpl008	513	Picture	40	4727601	0	1	4476	1	0	4350	other	0
gpl008	514	Picture	70	4732244	0	1	7129	1	0	7000	other	0
gpl008	514	Pulse	199	4734532	2289	0
gpl008	515	Picture	40	4739539	0	1	2155	1	0	2130	other	0
gpl008	516	Picture	70	4741860	0	1	7129	1	0	7000	other	0
gpl008	516	Pulse	199	4747032	5172	0
gpl008	517	Picture	40	4749155	0	1	3482	1	0	3310	other	0
gpl008	518	Picture	70	4752802	0	1	7129	1	0	7000	other	0
gpl008	518	Pulse	199	4759532	6730	0
gpl008	519	Picture	40	4760097	0	1	2818	1	0	2690	other	0
gpl008	520	Picture	70	4763081	0	1	7129	1	0	7000	other	0
gpl008	521	Picture	40	4770376	0	1	3813	1	0	3660	other	0
gpl008	521	Pulse	199	4772033	1657	0
gpl008	522	Picture	70	4774355	0	1	7129	1	0	7000	other	0
gpl008	523	Picture	40	4781650	0	1	2155	1	0	2140	other	0
gpl008	524	Picture	70	4783971	0	1	7129	1	0	7000	other	0
gpl008	524	Pulse	199	4784532	561	0
gpl008	525	Picture	40	4791266	0	1	2155	1	0	1990	other	0
gpl008	526	Picture	70	4793587	0	1	7129	1	0	7000	other	0
gpl008	526	Pulse	199	4797032	3445	0
gpl008	527	Picture	40	4800882	0	1	1824	1	0	1780	other	0
gpl008	528	Picture	50	4802872	0	1	50070	1	0	next	other	0
gpl008	528	Pulse	199	4809533	6661	0
gpl008	528	Pulse	199	4822032	19161	0
gpl008	528	Pulse	199	4834532	31661	0
gpl008	528	Pulse	199	4847032	44160	0
gpl008	529	Picture	80	4852941	0	1	7129	1	0	7000	other	0
gpl008	529	Pulse	199	4859532	6591	0
gpl008	530	Picture	40	4860236	0	1	3482	1	0	3310	other	0
gpl008	531	Picture	80	4863884	0	1	7129	1	0	7000	other	0
gpl008	532	Picture	40	4871179	0	1	3813	1	0	3660	other	0
gpl008	532	Pulse	199	4872032	853	0
gpl008	533	Picture	80	4875158	0	1	7129	1	0	7000	other	0
gpl008	534	Picture	40	4882453	0	1	2984	1	0	2860	other	0
gpl008	534	Pulse	199	4884533	2080	0
gpl008	535	Picture	80	4885603	0	1	7129	1	0	7000	other	0
gpl008	536	Picture	40	4892898	0	1	2653	1	0	2490	other	0
gpl008	537	Picture	80	4895716	0	1	7129	1	0	7000	other	0
gpl008	537	Pulse	199	4897032	1316	0
gpl008	538	Picture	40	4903011	0	1	2155	1	0	2140	other	0
gpl008	539	Picture	85	4905176	0	322	7119	322	0	7000	hit	900
gpl008	539	Response	26	4908693	3516	0
gpl008	539	Pulse	199	4909532	4356	0
gpl008	540	Picture	40	4912461	0	1	2155	1	0	1990	other	0
gpl008	541	Picture	80	4914782	0	1	7129	1	0	7000	other	0
gpl008	541	Pulse	199	4922032	7250	0
gpl008	542	Picture	40	4922077	0	1	2155	1	0	2130	other	0
gpl008	543	Picture	80	4924398	0	1	7129	1	0	7000	other	0
gpl008	544	Picture	40	4931693	0	1	1824	1	0	1780	other	0
gpl008	545	Picture	80	4933683	0	1	7129	1	0	7000	other	0
gpl008	545	Pulse	199	4934533	850	0
gpl008	546	Picture	40	4940978	0	1	4476	1	0	4350	other	0
gpl008	547	Picture	80	4945620	0	1	7129	1	0	7000	other	0
gpl008	547	Pulse	199	4947032	1413	0
gpl008	548	Picture	40	4952915	0	1	2818	1	0	2690	other	0
gpl008	549	Picture	50	4955899	0	1	70131	1	0	next	other	0
gpl008	549	Pulse	199	4959532	3633	0
gpl008	549	Pulse	199	4972032	16133	0
gpl008	549	Pulse	199	4984532	28633	0
gpl008	549	Pulse	199	4997032	41133	0
gpl008	549	Pulse	199	5009532	53633	0
gpl008	549	Pulse	199	5022032	66133	0
gpl008	550	Picture	90	5026030	0	1	7129	1	0	7000	other	0
gpl008	551	Picture	40	5033325	0	1	2653	1	0	2490	other	0
gpl008	551	Pulse	199	5034533	1208	0
gpl008	552	Picture	90	5036143	0	1	7129	1	0	7000	other	0
gpl008	553	Picture	40	5043438	0	1	2155	1	0	2140	other	0
gpl008	554	Picture	90	5045603	0	156	7119	157	0	7000	other	0
gpl008	554	Pulse	199	5047033	1429	0
gpl008	555	Picture	40	5052888	0	1	2155	1	0	1990	other	0
gpl008	556	Picture	90	5055209	0	1	7129	1	0	7000	other	0
gpl008	556	Pulse	199	5059533	4323	0
gpl008	557	Picture	40	5062504	0	1	4476	1	0	4350	other	0
gpl008	558	Picture	90	5067146	0	1	7129	1	0	7000	other	0
gpl008	558	Pulse	199	5072032	4886	0
gpl008	559	Picture	40	5074441	0	1	2818	1	0	2690	other	0
gpl008	560	Picture	90	5077426	0	1	7129	1	0	7000	other	0
gpl008	560	Pulse	199	5084532	7106	0
gpl008	561	Picture	40	5084720	0	1	3813	1	0	3660	other	0
gpl008	562	Picture	90	5088700	0	1	7129	1	0	7000	other	0
gpl008	563	Picture	40	5095995	0	1	3482	1	0	3310	other	0
gpl008	563	Pulse	199	5097032	1037	0
gpl008	564	Picture	95	5099642	0	1	7129	1	0	7000	hit	942
gpl008	564	Response	26	5103542	3900	0
gpl008	565	Picture	40	5106937	0	1	2984	1	0	2860	other	0
gpl008	565	Pulse	199	5109532	2595	0
gpl008	566	Picture	90	5110087	0	1	7129	1	0	7000	other	0
gpl008	567	Picture	40	5117382	0	1	1824	1	0	1780	other	0
gpl008	568	Picture	90	5119371	0	1	7129	1	0	7000	other	0
gpl008	568	Pulse	199	5122033	2661	0
gpl008	569	Picture	40	5126666	0	1	2155	1	0	2130	other	0
gpl008	570	Picture	50	5128987	0	1	30174	1	0	next	other	0
gpl008	570	Pulse	199	5134533	5545	0
gpl008	570	Pulse	199	5147033	18045	0
gpl008	571	Picture	60	5159162	0	1	7129	1	0	7000	other	0
gpl008	571	Pulse	199	5159533	371	0
gpl008	572	Picture	40	5166457	0	1	2653	1	0	2490	other	0
gpl008	573	Picture	60	5169275	0	1	7129	1	0	7000	other	0
gpl008	573	Pulse	199	5172033	2758	0
gpl008	574	Picture	40	5176570	0	1	2155	1	0	1990	other	0
gpl008	575	Picture	60	5178891	0	1	7129	1	0	7000	other	0
gpl008	575	Pulse	199	5184532	5641	0
gpl008	576	Picture	40	5186186	0	1	3482	1	0	3310	other	0
gpl008	577	Picture	60	5189834	0	1	7129	1	0	7000	other	0
gpl008	577	Pulse	199	5197032	7198	0
gpl008	578	Picture	40	5197129	0	1	2155	1	0	2130	other	0
gpl008	579	Picture	60	5199450	0	1	7129	1	0	7000	other	0
gpl008	580	Picture	40	5206745	0	1	4476	1	0	4350	other	0
gpl008	580	Pulse	199	5209532	2787	0
gpl008	581	Picture	60	5211387	0	1	7129	1	0	7000	other	0
gpl008	582	Picture	40	5218682	0	1	2155	1	0	2140	other	0
gpl008	583	Picture	65	5220847	0	156	7119	157	0	7000	hit	972
gpl008	583	Pulse	199	5222032	1185	0
gpl008	583	Response	26	5224582	3735	0
gpl008	584	Picture	40	5228132	0	1	2984	1	0	2860	other	0
gpl008	585	Picture	60	5231282	0	1	7129	1	0	7000	other	0
gpl008	585	Pulse	199	5234533	3251	0
gpl008	586	Picture	40	5238577	0	1	2819	1	0	2690	other	0
gpl008	587	Picture	65	5241561	0	1	7129	1	0	7000	hit	978
gpl008	587	Response	26	5244723	3162	0
gpl008	587	Pulse	199	5247033	5471	0
gpl008	588	Picture	40	5248856	0	1	3813	1	0	3660	other	0
gpl008	589	Picture	60	5252835	0	1	7129	1	0	7000	other	0
gpl008	589	Pulse	199	5259533	6698	0
gpl008	590	Picture	40	5260130	0	1	1824	1	0	1780	other	0
gpl008	591	Picture	50	5262120	0	1	90192	1	0	next	other	0
gpl008	591	Pulse	199	5272033	9913	0
gpl008	591	Pulse	199	5284533	22413	0
gpl008	591	Pulse	199	5297032	34913	0
gpl008	591	Pulse	199	5309532	47412	0
gpl008	591	Pulse	199	5322032	59912	0
gpl008	591	Pulse	199	5334532	72413	0
gpl008	591	Pulse	199	5347033	84913	0
gpl008	592	Picture	70	5352311	0	1	7129	1	0	7000	other	0
gpl008	592	Pulse	199	5359533	7221	0
gpl008	593	Picture	40	5359606	0	1	2155	1	0	2140	other	0
gpl008	594	Picture	70	5361772	0	322	7119	322	0	7000	other	0
gpl008	595	Picture	40	5369056	0	1	2155	1	0	2130	other	0
gpl008	596	Picture	70	5371377	0	1	7129	1	0	7000	other	0
gpl008	596	Pulse	199	5372033	655	0
gpl008	597	Picture	40	5378672	0	1	2653	1	0	2490	other	0
gpl008	598	Picture	70	5381491	0	1	7129	1	0	7000	other	0
gpl008	598	Pulse	199	5384532	3042	0
gpl008	599	Picture	40	5388786	0	1	2155	1	0	1990	other	0
gpl008	600	Picture	70	5391107	0	1	7129	1	0	7000	other	0
gpl008	600	Pulse	199	5397033	5926	0
gpl008	601	Picture	40	5398402	0	1	3813	1	0	3660	other	0
gpl008	602	Picture	70	5402381	0	1	7129	1	0	7000	other	0
gpl008	602	Pulse	199	5409532	7151	0
gpl008	603	Picture	40	5409676	0	1	2818	1	0	2690	other	0
gpl008	604	Picture	70	5412660	0	1	7129	1	0	7000	other	0
gpl008	605	Picture	40	5419955	0	1	1824	1	0	1780	other	0
gpl008	606	Picture	70	5421945	0	1	7129	1	0	7000	other	0
gpl008	606	Pulse	199	5422032	87	0
gpl008	607	Picture	40	5429239	0	1	4476	1	0	4350	other	0
gpl008	608	Picture	75	5433882	0	1	7129	1	0	7000	hit	1016
gpl008	608	Pulse	199	5434532	650	0
gpl008	608	Response	26	5437272	3391	0
gpl008	609	Picture	40	5441177	0	1	3482	1	0	3310	other	0
gpl008	610	Picture	70	5444824	0	1	7129	1	0	7000	other	0
gpl008	610	Pulse	199	5447032	2208	0
gpl008	611	Picture	40	5452119	0	1	2984	1	0	2860	other	0
gpl008	612	Picture	50	5455269	0	1	30174	1	0	next	other	0
gpl008	612	Pulse	199	5459532	4263	0
gpl008	612	Pulse	199	5472033	16764	0
gpl008	612	Pulse	199	5484532	29263	0
gpl008	613	Picture	80	5485443	0	1	7129	1	0	7000	other	0
gpl008	614	Picture	40	5492738	0	1	2155	1	0	1990	other	0
gpl008	615	Picture	80	5495059	0	1	7129	1	0	7000	other	0
gpl008	615	Pulse	199	5497033	1973	0
gpl008	616	Picture	40	5502354	0	1	4476	1	0	4350	other	0
gpl008	617	Picture	80	5506997	0	1	7129	1	0	7000	other	0
gpl008	617	Pulse	199	5509533	2536	0
gpl008	618	Picture	40	5514292	0	1	2155	1	0	2130	other	0
gpl008	619	Picture	80	5516613	0	1	7129	1	0	7000	other	0
gpl008	619	Pulse	199	5522033	5420	0
gpl008	620	Picture	40	5523907	0	1	2653	1	0	2490	other	0
gpl008	621	Picture	80	5526726	0	1	7129	1	0	7000	other	0
gpl008	622	Picture	40	5534021	0	1	2984	1	0	2860	other	0
gpl008	622	Pulse	199	5534532	511	0
gpl008	623	Picture	80	5537171	0	1	7129	1	0	7000	other	0
gpl008	624	Picture	40	5544466	0	1	3482	1	0	3310	other	0
gpl008	624	Pulse	199	5547032	2566	0
gpl008	625	Picture	80	5548113	0	1	7129	1	0	7000	other	0
gpl008	626	Picture	40	5555408	0	1	2155	1	0	2140	other	0
gpl008	627	Picture	85	5557574	0	322	7119	322	0	7000	hit	1046
gpl008	627	Pulse	199	5559533	1959	0
gpl008	627	Response	26	5561192	3618	0
gpl008	628	Picture	40	5564858	0	1	3813	1	0	3660	other	0
gpl008	629	Picture	80	5568838	0	1	7129	1	0	7000	other	0
gpl008	629	Pulse	199	5572033	3195	0
gpl008	630	Picture	40	5576133	0	1	2818	1	0	2690	other	0
gpl008	631	Picture	80	5579117	0	1	7129	1	0	7000	other	0
gpl008	631	Pulse	199	5584533	5416	0
gpl008	632	Picture	40	5586412	0	1	1824	1	0	1780	other	0
gpl008	633	Picture	50	5588401	0	1	90192	1	0	next	other	0
gpl008	633	Pulse	199	5597033	8632	0
gpl008	633	Pulse	199	5609533	21132	0
gpl008	633	Pulse	199	5622033	33632	0
gpl008	633	Pulse	199	5634532	46131	0
gpl008	633	Pulse	199	5647032	58631	0
gpl008	633	Pulse	199	5659532	71131	0
gpl008	633	Pulse	199	5672033	83632	0
gpl008	634	Picture	90	5678593	0	1	7129	1	0	7000	other	0
gpl008	634	Pulse	199	5684533	5940	0
gpl008	635	Picture	40	5685888	0	1	1824	1	0	1780	other	0
gpl008	636	Picture	90	5687877	0	1	7129	1	0	7000	other	0
gpl008	637	Picture	40	5695172	0	1	2653	1	0	2490	other	0
gpl008	637	Pulse	199	5697033	1861	0
gpl008	638	Picture	95	5697991	0	1	7129	2	0	7000	hit	1069
gpl008	638	Response	26	5701462	3471	0
gpl008	639	Picture	40	5705286	0	1	2984	1	0	2860	other	0
gpl008	640	Picture	90	5708436	0	1	7129	1	0	7000	other	0
gpl008	640	Pulse	199	5709533	1097	0
gpl008	641	Picture	40	5715731	0	1	4476	1	0	4350	other	0
gpl008	642	Picture	95	5720373	0	1	7129	1	0	7000	hit	1076
gpl008	642	Pulse	199	5722033	1660	0
gpl008	642	Response	26	5723863	3490	0
gpl008	643	Picture	40	5727668	0	1	3482	1	0	3310	other	0
gpl008	644	Picture	90	5731315	0	1	7129	1	0	7000	other	0
gpl008	644	Pulse	199	5734533	3218	0
gpl008	645	Picture	40	5738610	0	1	2155	1	0	1990	other	0
gpl008	646	Picture	90	5740931	0	1	7129	1	0	7000	other	0
gpl008	646	Pulse	199	5747032	6101	0
gpl008	647	Picture	40	5748226	0	1	2155	1	0	2140	other	0
gpl008	648	Picture	90	5750391	0	322	7119	322	0	7000	other	0
gpl008	649	Picture	40	5757676	0	1	3813	1	0	3660	other	0
gpl008	649	Pulse	199	5759533	1856	0
gpl008	650	Picture	90	5761655	0	1	7129	1	0	7000	other	0
gpl008	651	Picture	40	5768950	0	1	2818	1	0	2690	other	0
gpl008	652	Picture	90	5771935	0	1	7129	1	0	7000	other	0
gpl008	652	Pulse	199	5772032	98	0
gpl008	653	Picture	40	5779230	0	1	2155	1	0	2130	other	0
gpl008	654	Picture	50	5781551	0	1	70131	1	0	next	other	0
gpl008	654	Pulse	199	5784533	2982	0
gpl008	654	Pulse	199	5797033	15482	0
gpl008	654	Pulse	199	5809533	27982	0
gpl008	654	Pulse	199	5822033	40482	0
gpl008	654	Pulse	199	5834533	52982	0
gpl008	654	Pulse	199	5847033	65482	0
gpl008	655	Picture	60	5851681	0	1	7129	1	0	7000	other	0
gpl008	656	Picture	40	5858976	0	1	2155	1	0	1990	other	0
gpl008	656	Pulse	199	5859532	556	0
gpl008	657	Picture	60	5861297	0	1	7129	1	0	7000	other	0
gpl008	658	Picture	40	5868592	0	1	2155	1	0	2140	other	0
gpl008	659	Picture	60	5870913	0	1	7129	1	0	7000	other	0
gpl008	659	Pulse	199	5872032	1119	0
gpl008	660	Picture	40	5878208	0	1	3813	1	0	3660	other	0
gpl008	661	Picture	60	5882187	0	1	7129	1	0	7000	other	0
gpl008	661	Pulse	199	5884532	2345	0
gpl008	662	Picture	40	5889482	0	1	1824	1	0	1780	other	0
gpl008	663	Picture	60	5891472	0	1	7129	1	0	7000	other	0
gpl008	663	Pulse	199	5897032	5560	0
gpl008	664	Picture	40	5898767	0	1	2818	1	0	2690	other	0
gpl008	665	Picture	60	5901751	0	1	7129	1	0	7000	other	0
gpl008	666	Picture	40	5909046	0	1	2653	1	0	2490	other	0
gpl008	666	Pulse	199	5909533	487	0
gpl008	667	Picture	60	5911864	0	1	7129	1	0	7000	other	0
gpl008	668	Picture	40	5919159	0	1	2984	1	0	2860	other	0
gpl008	668	Pulse	199	5922019	2860	14
gpl008	669	Picture	60	5922309	0	1	7129	1	0	7000	other	0
gpl008	670	Picture	40	5929604	0	1	3482	1	0	3310	other	0
gpl008	671	Picture	60	5933252	0	1	7129	1	0	7000	other	0
gpl008	671	Pulse	199	5934533	1281	0
gpl008	672	Picture	40	5940547	0	1	4476	1	0	4350	other	0
gpl008	673	Picture	60	5945189	0	1	7129	1	0	7000	other	0
gpl008	673	Pulse	199	5947032	1843	0
gpl008	674	Picture	40	5952484	0	1	2155	1	0	2130	other	0
gpl008	675	Picture	50	5954805	0	1	50070	1	0	next	other	0
gpl008	675	Pulse	199	5959533	4728	0
gpl008	675	Pulse	199	5972032	17227	0
gpl008	675	Pulse	199	5984532	29727	0
gpl008	675	Pulse	199	5997032	42227	0
gpl008	676	Picture	200	6004874	0	1	260130	1	0	260000	other	0
gpl008	676	Pulse	199	6009533	4658	0
gpl008	676	Pulse	199	6022032	17158	0
gpl008	676	Pulse	199	6034533	29658	0
gpl008	676	Pulse	199	6047032	42158	0
gpl008	676	Pulse	199	6059533	54658	0
gpl008	676	Pulse	199	6072033	67158	0
gpl008	676	Pulse	199	6084532	79658	0
gpl008	676	Pulse	199	6097032	92158	0
gpl008	676	Pulse	199	6109533	104658	0
gpl008	676	Pulse	199	6122032	117158	0
gpl008	676	Pulse	199	6134533	129658	0
gpl008	676	Pulse	199	6147033	142158	0
gpl008	676	Pulse	199	6159533	154658	0
gpl008	676	Pulse	199	6172033	167158	0
gpl008	676	Pulse	199	6184533	179658	0
gpl008	676	Pulse	199	6197032	192158	0
gpl008	676	Pulse	199	6209532	204658	0
gpl008	676	Pulse	199	6222032	217158	0
