Scenario - 
Logfile written - 03/26/2021 15:55:56

Subject	Trial	Event Type	Code	Time	TTime	Uncertainty	Duration	Uncertainty	ReqTime	ReqDur	Stim Type	Pair Index

GPL001	1	Response	20	37481	37316	0
GPL001	2	Picture	start	37635	0	1	684728	1	0	next	other	0
GPL001	2	Response	20	60201	22566	0
GPL001	3	Pulse	199	722302	662101	0
GPL001	3	Picture	100	722363	662162	1	50070	1	0	50000	other	0
GPL001	3	Pulse	199	734802	674600	0
GPL001	3	Pulse	199	747302	687100	0
GPL001	3	Pulse	199	759802	699600	0
GPL001	3	Pulse	199	772302	712100	0
GPL001	4	Picture	60	772599	0	1	7129	1	0	7000	other	0
GPL001	5	Picture	40	779894	0	1	2819	1	0	2690	other	0
GPL001	6	Picture	60	782878	0	1	7129	1	0	7000	other	0
GPL001	6	Pulse	199	784801	1923	0
GPL001	7	Picture	40	790173	0	1	3813	1	0	3660	other	0
GPL001	8	Picture	60	794152	0	1	7129	1	0	7000	other	0
GPL001	8	Pulse	199	797302	3150	0
GPL001	9	Picture	40	801447	0	1	1824	1	0	1780	other	0
GPL001	10	Picture	60	803436	0	1	7129	1	0	7000	other	0
GPL001	10	Pulse	199	809802	6366	0
GPL001	11	Picture	40	810731	0	1	2984	1	0	2860	other	0
GPL001	12	Picture	60	813881	0	1	7129	1	0	7000	other	0
GPL001	13	Picture	40	821176	0	1	2155	1	0	2140	other	0
GPL001	13	Pulse	199	822302	1126	0
GPL001	14	Picture	60	823498	0	1	7129	1	0	7000	other	0
GPL001	15	Picture	40	830792	0	1	2155	1	0	2130	other	0
GPL001	16	Picture	60	833114	0	1	7129	1	0	7000	other	0
GPL001	16	Pulse	199	834802	1688	0
GPL001	17	Picture	40	840408	0	1	3482	1	0	3310	other	0
GPL001	18	Picture	60	844056	0	1	7129	1	0	7000	other	0
GPL001	18	Pulse	199	847302	3246	0
GPL001	19	Picture	40	851351	0	1	2155	1	0	1990	other	0
GPL001	20	Picture	60	853672	0	1	7129	1	0	7000	other	0
GPL001	20	Pulse	199	859802	6130	0
GPL001	21	Picture	40	860967	0	1	2653	1	0	2490	other	0
GPL001	22	Picture	60	863785	0	1	7129	1	0	7000	other	0
GPL001	23	Picture	40	871080	0	1	4476	1	0	4350	other	0
GPL001	23	Pulse	199	872302	1222	0
GPL001	24	Picture	50	875723	0	1	30174	1	0	next	other	0
GPL001	24	Pulse	199	884802	9080	0
GPL001	24	Pulse	199	897302	21579	0
GPL001	25	Picture	80	905897	0	1	7129	1	0	7000	other	0
GPL001	25	Pulse	199	909802	3905	0
GPL001	26	Picture	40	913192	0	1	4476	1	0	4350	other	0
GPL001	27	Picture	80	917834	0	1	7129	1	0	7000	other	0
GPL001	27	Pulse	199	922302	4468	0
GPL001	28	Picture	40	925129	0	1	3482	1	0	3310	other	0
GPL001	29	Picture	80	928777	0	1	7129	1	0	7000	other	0
GPL001	29	Pulse	199	934803	6026	0
GPL001	30	Picture	40	936071	0	1	2818	1	0	2690	other	0
GPL001	31	Picture	80	939056	0	1	7129	1	0	7000	other	0
GPL001	32	Picture	40	946351	0	1	2984	1	0	2860	other	0
GPL001	32	Pulse	199	947302	951	0
GPL001	33	Picture	80	949501	0	1	7129	1	0	7000	other	0
GPL001	34	Picture	40	956796	0	1	3813	1	0	3660	other	0
GPL001	34	Pulse	199	959803	3007	0
GPL001	35	Picture	85	960775	0	1	7129	1	0	7000	hit	57
GPL001	35	Response	25	964252	3478	0
GPL001	36	Picture	40	968070	0	1	2155	1	0	1990	other	0
GPL001	37	Picture	80	970391	0	1	7129	1	0	7000	other	0
GPL001	37	Pulse	199	972302	1911	0
GPL001	38	Picture	40	977686	0	1	1824	1	0	1780	other	0
GPL001	39	Picture	80	979675	0	1	7129	1	0	7000	other	0
GPL001	39	Pulse	199	984803	5127	0
GPL001	40	Picture	40	986970	0	1	2155	1	0	2140	other	0
GPL001	41	Picture	80	989291	0	1	7129	1	0	7000	other	0
GPL001	42	Picture	40	996586	0	1	2155	1	0	2130	other	0
GPL001	42	Pulse	199	997302	716	0
GPL001	43	Picture	80	998907	0	1	7129	1	0	7000	other	0
GPL001	44	Picture	40	1006202	0	1	2653	1	0	2490	other	0
GPL001	45	Picture	50	1009021	0	1	50070	1	0	next	other	0
GPL001	45	Pulse	199	1009802	781	0
GPL001	45	Pulse	199	1022302	13282	0
GPL001	45	Pulse	199	1034803	25782	0
GPL001	45	Pulse	199	1047302	38282	0
GPL001	46	Picture	70	1059090	0	1	7129	1	0	7000	other	0
GPL001	46	Pulse	199	1059803	712	0
GPL001	47	Picture	40	1066385	0	1	2984	1	0	2860	other	0
GPL001	48	Picture	70	1069535	0	1	7129	1	0	7000	other	0
GPL001	48	Pulse	199	1072303	2767	0
GPL001	49	Picture	40	1076830	0	1	3482	1	0	3310	other	0
GPL001	50	Picture	75	1080478	0	1	7129	1	0	7000	hit	82
GPL001	50	Response	25	1084643	4165	0
GPL001	50	Pulse	199	1084803	4325	0
GPL001	51	Picture	40	1087773	0	1	2155	1	0	2130	other	0
GPL001	52	Picture	70	1090094	0	1	7129	1	0	7000	other	0
GPL001	52	Pulse	199	1097303	7209	0
GPL001	53	Picture	40	1097389	0	1	1824	1	0	1780	other	0
GPL001	54	Picture	70	1099378	0	1	7129	1	0	7000	other	0
GPL001	55	Picture	40	1106673	0	1	2155	1	0	2140	other	0
GPL001	56	Picture	70	1108994	0	1	7129	1	0	7000	other	0
GPL001	56	Pulse	199	1109803	808	0
GPL001	57	Picture	40	1116289	0	1	4476	1	0	4350	other	0
GPL001	58	Picture	70	1120932	0	1	7129	1	0	7000	other	0
GPL001	58	Pulse	199	1122302	1371	0
GPL001	59	Picture	40	1128227	0	1	2818	1	0	2690	other	0
GPL001	60	Picture	70	1131211	0	1	7129	1	0	7000	other	0
GPL001	60	Pulse	199	1134803	3592	0
GPL001	61	Picture	40	1138506	0	1	2653	1	0	2490	other	0
GPL001	62	Picture	70	1141324	0	1	7129	1	0	7000	other	0
GPL001	62	Pulse	199	1147303	5979	0
GPL001	63	Picture	40	1148619	0	1	2155	1	0	1990	other	0
GPL001	64	Picture	70	1150940	0	1	7129	1	0	7000	other	0
GPL001	65	Picture	40	1158235	0	1	3813	1	0	3660	other	0
GPL001	65	Pulse	199	1159803	1568	0
GPL001	66	Picture	50	1162214	0	1	70131	1	0	next	other	0
GPL001	66	Pulse	199	1172303	10089	0
GPL001	66	Pulse	199	1184803	22589	0
GPL001	66	Pulse	199	1197303	35089	0
GPL001	66	Pulse	199	1209803	47589	0
GPL001	66	Pulse	199	1222303	60089	0
GPL001	67	Picture	90	1232345	0	1	7129	1	0	7000	other	0
GPL001	67	Pulse	199	1234803	2458	0
GPL001	68	Picture	40	1239640	0	1	2984	1	0	2860	other	0
GPL001	69	Picture	90	1242790	0	1	7129	1	0	7000	other	0
GPL001	69	Pulse	199	1247303	4513	0
GPL001	70	Picture	40	1250085	0	1	2155	1	0	1990	other	0
GPL001	71	Picture	90	1252406	0	1	7129	1	0	7000	other	0
GPL001	72	Picture	40	1259701	0	1	3813	1	0	3660	other	0
GPL001	72	Pulse	199	1259803	102	0
GPL001	73	Picture	95	1263680	0	1	7129	1	0	7000	hit	121
GPL001	73	Response	25	1267153	3473	0
GPL001	74	Picture	40	1270975	0	1	2818	1	0	2690	other	0
GPL001	74	Pulse	199	1272303	1328	0
GPL001	75	Picture	90	1273959	0	1	7129	1	0	7000	other	0
GPL001	76	Picture	40	1281254	0	1	3482	1	0	3310	other	0
GPL001	76	Pulse	199	1284803	3549	1
GPL001	77	Picture	95	1284902	0	1	7129	1	0	7000	hit	128
GPL001	77	Response	25	1289193	4291	0
GPL001	78	Picture	40	1292196	0	1	2653	1	0	2490	other	0
GPL001	79	Picture	90	1295015	0	1	7129	1	0	7000	other	0
GPL001	79	Pulse	199	1297303	2288	0
GPL001	80	Picture	40	1302310	0	1	1824	1	0	1780	other	0
GPL001	81	Picture	90	1304299	0	1	7129	1	0	7000	other	0
GPL001	81	Pulse	199	1309803	5504	0
GPL001	82	Picture	40	1311594	0	1	2155	1	0	2130	other	0
GPL001	83	Picture	90	1313915	0	1	7129	1	0	7000	other	0
GPL001	84	Picture	40	1321210	0	1	4476	1	0	4350	other	0
GPL001	84	Pulse	199	1322303	1093	0
GPL001	85	Picture	90	1325853	0	1	7129	1	0	7000	other	0
GPL001	86	Picture	40	1333148	0	1	2155	1	0	2140	other	0
GPL001	86	Pulse	199	1334803	1655	0
GPL001	87	Picture	50	1335469	0	1	90192	1	0	next	other	0
GPL001	87	Pulse	199	1347303	11834	0
GPL001	87	Pulse	199	1359803	24335	0
GPL001	87	Pulse	199	1372303	36835	0
GPL001	87	Pulse	199	1384803	49334	0
GPL001	87	Pulse	199	1397303	61834	0
GPL001	87	Pulse	199	1409803	74334	0
GPL001	87	Pulse	199	1422303	86835	0
GPL001	88	Picture	60	1425660	0	1	7129	1	0	7000	other	0
GPL001	89	Picture	40	1432955	0	1	2155	1	0	2130	other	0
GPL001	89	Pulse	199	1434803	1847	0
GPL001	90	Picture	60	1435277	0	1	7129	1	0	7000	other	0
GPL001	91	Picture	40	1442571	0	1	2653	1	0	2490	other	0
GPL001	92	Picture	60	1445390	0	1	7129	1	0	7000	other	0
GPL001	92	Pulse	199	1447303	1913	0
GPL001	93	Picture	40	1452685	0	1	2155	1	0	1990	other	0
GPL001	94	Picture	60	1455006	0	1	7129	1	0	7000	other	0
GPL001	94	Pulse	199	1459813	4807	0
GPL001	95	Picture	40	1462301	0	1	1824	1	0	1780	other	0
GPL001	96	Picture	65	1464290	0	1	7129	1	0	7000	hit	162
GPL001	96	Response	25	1467683	3393	0
GPL001	97	Picture	40	1471585	0	1	2984	1	0	2860	other	0
GPL001	97	Pulse	199	1472313	728	0
GPL001	98	Picture	60	1474735	0	1	7129	1	0	7000	other	0
GPL001	99	Picture	40	1482030	0	1	4476	1	0	4350	other	0
GPL001	99	Pulse	199	1484803	2773	0
GPL001	100	Picture	60	1486673	0	1	7129	1	0	7000	other	0
GPL001	101	Picture	40	1493968	0	1	3813	1	0	3660	other	0
GPL001	101	Pulse	199	1497303	3336	0
GPL001	102	Picture	60	1497947	0	1	7129	1	0	7000	other	0
GPL001	103	Picture	40	1505242	0	1	3482	1	0	3310	other	0
GPL001	104	Picture	60	1508889	0	1	7129	1	0	7000	other	0
GPL001	104	Pulse	199	1509814	925	0
GPL001	105	Picture	40	1516184	0	1	2818	1	0	2690	other	0
GPL001	106	Picture	60	1519168	0	1	7129	1	0	7000	other	0
GPL001	106	Pulse	199	1522313	3145	0
GPL001	107	Picture	40	1526463	0	1	2155	1	0	2140	other	0
GPL001	108	Picture	50	1528784	0	1	90192	1	0	next	other	0
GPL001	108	Pulse	199	1534814	6029	0
GPL001	108	Pulse	199	1547313	18529	0
GPL001	108	Pulse	199	1559813	31029	0
GPL001	108	Pulse	199	1572313	43529	0
GPL001	108	Pulse	199	1584813	56029	0
GPL001	108	Pulse	199	1597314	68529	0
GPL001	108	Pulse	199	1609814	81029	0
GPL001	109	Picture	80	1618976	0	1	7129	1	0	7000	other	0
GPL001	109	Pulse	199	1622314	3338	0
GPL001	110	Picture	40	1626271	0	1	1824	1	0	1780	other	0
GPL001	111	Picture	80	1628260	0	1	7129	1	0	7000	other	0
GPL001	111	Pulse	199	1634814	6554	0
GPL001	112	Picture	40	1635555	0	1	3482	1	0	3310	other	0
GPL001	113	Picture	80	1639203	0	1	7129	1	0	7000	other	0
GPL001	114	Picture	40	1646498	0	1	3813	1	0	3660	other	0
GPL001	114	Pulse	199	1647314	816	0
GPL001	115	Picture	85	1650477	0	1	7129	1	0	7000	hit	197
GPL001	115	Response	25	1653954	3477	0
GPL001	116	Picture	40	1657772	0	1	2984	1	0	2860	other	0
GPL001	116	Pulse	199	1659814	2042	0
GPL001	117	Picture	80	1660922	0	1	7129	1	0	7000	other	0
GPL001	118	Picture	40	1668217	0	1	2155	1	0	2130	other	0
GPL001	119	Picture	80	1670538	0	1	7129	1	0	7000	other	0
GPL001	119	Pulse	199	1672313	1776	0
GPL001	120	Picture	40	1677833	0	1	4476	1	0	4350	other	0
GPL001	121	Picture	80	1682475	0	1	7129	1	0	7000	other	0
GPL001	121	Pulse	199	1684813	2338	0
GPL001	122	Picture	40	1689770	0	1	2653	1	0	2490	other	0
GPL001	123	Picture	80	1692588	0	1	7129	1	0	7000	other	0
GPL001	123	Pulse	199	1697313	4725	0
GPL001	124	Picture	40	1699883	0	1	2155	1	0	1990	other	0
GPL001	125	Picture	80	1702205	0	1	7129	1	0	7000	other	0
GPL001	126	Picture	40	1709499	0	1	2155	1	0	2140	other	0
GPL001	126	Pulse	199	1709814	315	0
GPL001	127	Picture	80	1711821	0	1	7129	1	0	7000	other	0
GPL001	128	Picture	40	1719115	0	1	2819	1	0	2690	other	0
GPL001	129	Picture	50	1722100	0	1	70131	1	0	next	other	0
GPL001	129	Pulse	199	1722314	214	0
GPL001	129	Pulse	199	1734814	12714	0
GPL001	129	Pulse	199	1747314	25214	0
GPL001	129	Pulse	199	1759814	37714	0
GPL001	129	Pulse	199	1772314	50214	0
GPL001	129	Pulse	199	1784813	62714	0
GPL001	130	Picture	70	1792230	0	1	7129	1	0	7000	other	0
GPL001	130	Pulse	199	1797314	5083	0
GPL001	131	Picture	40	1799525	0	1	2155	1	0	1990	other	0
GPL001	132	Picture	70	1801847	0	1	7129	1	0	7000	other	0
GPL001	133	Picture	40	1809141	0	1	1824	1	0	1780	other	0
GPL001	133	Pulse	199	1809814	673	0
GPL001	134	Picture	75	1811131	0	1	7129	1	0	7000	hit	230
GPL001	134	Response	25	1814474	3343	0
GPL001	135	Picture	40	1818426	0	1	2155	1	0	2140	other	0
GPL001	136	Picture	70	1820747	0	1	7129	1	0	7000	other	0
GPL001	136	Pulse	199	1822314	1567	0
GPL001	137	Picture	40	1828042	0	1	2819	1	0	2690	other	0
GPL001	138	Picture	70	1831026	0	1	7129	1	0	7000	other	0
GPL001	138	Pulse	199	1834814	3788	0
GPL001	139	Picture	40	1838321	0	1	4476	1	0	4350	other	0
GPL001	140	Picture	70	1842963	0	1	7129	1	0	7000	other	0
GPL001	140	Pulse	199	1847314	4351	0
GPL001	141	Picture	40	1850258	0	1	2984	1	0	2860	other	0
GPL001	142	Picture	70	1853408	0	1	7129	1	0	7000	other	0
GPL001	142	Pulse	199	1859814	6406	0
GPL001	143	Picture	40	1860703	0	1	2653	1	0	2490	other	0
GPL001	144	Picture	70	1863522	0	1	7129	1	0	7000	other	0
GPL001	145	Picture	40	1870817	0	1	3482	1	0	3310	other	0
GPL001	145	Pulse	199	1872314	1498	0
GPL001	146	Picture	75	1874464	0	1	7129	1	0	7000	hit	248
GPL001	146	Response	25	1877894	3430	0
GPL001	147	Picture	40	1881759	0	1	2155	1	0	2130	other	0
GPL001	148	Picture	70	1884080	0	1	7129	1	0	7000	other	0
GPL001	148	Pulse	199	1884814	734	0
GPL001	149	Picture	40	1891375	0	1	3813	1	0	3660	other	0
GPL001	150	Picture	50	1895354	0	1	50070	1	0	next	other	0
GPL001	150	Pulse	199	1897314	1960	0
GPL001	150	Pulse	199	1909814	14460	0
GPL001	150	Pulse	199	1922314	26960	0
GPL001	150	Pulse	199	1934814	39460	0
GPL001	151	Picture	90	1945424	0	1	7129	1	0	7000	other	0
GPL001	151	Pulse	199	1947315	1891	0
GPL001	152	Picture	40	1952719	0	1	2818	1	0	2690	other	0
GPL001	153	Picture	90	1955703	0	1	7129	1	0	7000	other	0
GPL001	153	Pulse	199	1959815	4111	0
GPL001	154	Picture	40	1962998	0	1	2155	1	0	1990	other	0
GPL001	155	Picture	90	1965319	0	1	7129	1	0	7000	other	0
GPL001	155	Pulse	199	1972315	6995	0
GPL001	156	Picture	40	1972614	0	1	2653	1	0	2490	other	0
GPL001	157	Picture	90	1975433	0	1	7129	1	0	7000	other	0
GPL001	158	Picture	40	1982728	0	1	2984	1	0	2860	other	0
GPL001	158	Pulse	199	1984815	2087	0
GPL001	159	Picture	90	1985878	0	1	7129	1	0	7000	other	0
GPL001	160	Picture	40	1993173	0	1	1824	1	0	1780	other	0
GPL001	161	Picture	90	1995162	0	1	7129	1	0	7000	other	0
GPL001	161	Pulse	199	1997314	2152	0
GPL001	162	Picture	40	2002457	0	1	2155	1	0	2140	other	0
GPL001	163	Picture	90	2004778	0	1	7129	1	0	7000	other	0
GPL001	163	Pulse	199	2009814	5036	0
GPL001	164	Picture	40	2012073	0	1	3482	1	0	3310	other	0
GPL001	165	Picture	90	2015720	0	1	7129	1	0	7000	other	0
GPL001	165	Pulse	199	2022314	6593	0
GPL001	166	Picture	40	2023015	0	1	2155	1	0	2130	other	0
GPL001	167	Picture	90	2025336	0	1	7129	1	0	7000	other	0
GPL001	168	Picture	40	2032631	0	1	4476	1	0	4350	other	0
GPL001	168	Pulse	199	2034815	2183	0
GPL001	169	Picture	90	2037274	0	1	7129	1	0	7000	other	0
GPL001	170	Picture	40	2044569	0	1	3813	1	0	3660	other	0
GPL001	170	Pulse	199	2047314	2746	0
GPL001	171	Picture	50	2048548	0	1	30174	1	0	next	other	0
GPL001	171	Pulse	199	2059815	11267	0
GPL001	171	Pulse	199	2072315	23767	0
GPL001	172	Picture	60	2078722	0	1	7129	1	0	7000	other	0
GPL001	172	Pulse	199	2084815	6093	0
GPL001	173	Picture	40	2086017	0	1	3482	1	0	3310	other	0
GPL001	174	Picture	60	2089665	0	1	7129	1	0	7000	other	0
GPL001	175	Picture	40	2096959	0	1	2155	1	0	2140	other	0
GPL001	175	Pulse	199	2097315	355	0
GPL001	176	Picture	65	2099281	0	1	7129	1	0	7000	hit	297
GPL001	176	Response	25	2103304	4024	0
GPL001	177	Picture	40	2106575	0	1	2984	1	0	2860	other	0
GPL001	178	Picture	60	2109726	0	1	7129	1	0	7000	other	0
GPL001	178	Pulse	199	2109815	89	0
GPL001	179	Picture	40	2117021	0	1	2818	1	0	2690	other	0
GPL001	180	Picture	60	2120005	0	1	7129	1	0	7000	other	0
GPL001	180	Pulse	199	2122314	2310	0
GPL001	181	Picture	40	2127300	0	1	1824	1	0	1780	other	0
GPL001	182	Picture	60	2129289	0	1	7129	1	0	7000	other	0
GPL001	182	Pulse	199	2134814	5525	0
GPL001	183	Picture	40	2136584	0	1	2155	2	0	2130	other	0
GPL001	184	Picture	60	2138905	0	1	7129	1	0	7000	other	0
GPL001	185	Picture	40	2146200	0	1	3813	1	0	3660	other	0
GPL001	185	Pulse	199	2147315	1114	0
GPL001	186	Picture	60	2150179	0	1	7129	1	0	7000	other	0
GPL001	187	Picture	40	2157474	0	1	2155	1	0	1990	other	0
GPL001	188	Picture	60	2159795	0	1	7129	1	0	7000	other	0
GPL001	188	Pulse	199	2159815	19	0
GPL001	189	Picture	40	2167090	0	1	4476	1	0	4350	other	0
GPL001	190	Picture	60	2171732	0	1	7129	1	0	7000	other	0
GPL001	190	Pulse	199	2172315	582	0
GPL001	191	Picture	40	2179027	0	1	2653	1	0	2490	other	0
GPL001	192	Picture	50	2181846	0	1	70131	1	0	next	other	0
GPL001	192	Pulse	199	2184814	2969	0
GPL001	192	Pulse	199	2197315	15469	0
GPL001	192	Pulse	199	2209815	27969	0
GPL001	192	Pulse	199	2222315	40469	0
GPL001	192	Pulse	199	2234815	52969	0
GPL001	192	Pulse	199	2247314	65468	0
GPL001	193	Picture	80	2251977	0	1	7129	1	0	7000	other	0
GPL001	194	Picture	40	2259272	0	1	4476	1	0	4350	other	0
GPL001	194	Pulse	199	2259815	543	0
GPL001	195	Picture	80	2263914	0	1	7129	1	0	7000	other	0
GPL001	196	Picture	40	2271209	0	1	2156	1	0	2130	other	0
GPL001	196	Pulse	199	2272315	1106	0
GPL001	197	Picture	80	2273530	0	1	7129	1	0	7000	other	0
GPL001	198	Picture	40	2280825	0	1	2155	1	0	1990	other	0
GPL001	199	Picture	85	2283146	0	1	7129	1	0	7000	hit	336
GPL001	199	Pulse	199	2284815	1669	0
GPL001	199	Response	25	2286745	3599	0
GPL001	200	Picture	40	2290441	0	1	2653	1	0	2490	other	0
GPL001	201	Picture	80	2293259	0	1	7129	1	0	7000	other	0
GPL001	201	Pulse	199	2297315	4056	0
GPL001	202	Picture	40	2300554	0	1	2818	1	0	2690	other	0
GPL001	203	Picture	80	2303538	0	1	7129	1	0	7000	other	0
GPL001	203	Pulse	199	2309815	6276	0
GPL001	204	Picture	40	2310833	0	1	2984	1	0	2860	other	0
GPL001	205	Picture	85	2313984	0	1	7129	1	0	7000	hit	345
GPL001	205	Response	25	2317595	3611	0
GPL001	206	Picture	40	2321278	0	1	2155	1	0	2140	other	0
GPL001	206	Pulse	199	2322315	1037	0
GPL001	207	Picture	80	2323600	0	1	7129	1	0	7000	other	0
GPL001	208	Picture	40	2330894	0	1	3813	1	0	3660	other	0
GPL001	208	Pulse	199	2334815	3921	0
GPL001	209	Picture	80	2334874	0	1	7129	1	0	7000	other	0
GPL001	210	Picture	40	2342168	0	1	1824	1	0	1780	other	0
GPL001	211	Picture	80	2344158	0	1	7129	1	0	7000	other	0
GPL001	211	Pulse	199	2347315	3157	0
GPL001	212	Picture	40	2351453	0	1	3482	1	0	3310	other	0
GPL001	213	Picture	50	2355100	0	1	30174	1	0	next	other	0
GPL001	213	Pulse	199	2359815	4714	0
GPL001	213	Pulse	199	2372315	17215	0
GPL001	213	Pulse	199	2384815	29715	0
GPL001	214	Picture	70	2385275	0	1	7129	1	0	7000	other	0
GPL001	215	Picture	40	2392570	0	1	3482	1	0	3310	other	0
GPL001	216	Picture	70	2396217	0	1	7129	1	0	7000	other	0
GPL001	216	Pulse	199	2397316	1098	0
GPL001	217	Picture	40	2403512	0	1	2819	1	0	2690	other	0
GPL001	218	Picture	70	2406496	0	1	7129	1	0	7000	other	0
GPL001	218	Pulse	199	2409816	3319	0
GPL001	219	Picture	40	2413791	0	1	3813	1	0	3660	other	0
GPL001	220	Picture	70	2417770	0	1	7129	1	0	7000	other	0
GPL001	220	Pulse	199	2422316	4545	0
GPL001	221	Picture	40	2425065	0	1	2155	1	0	1990	other	0
GPL001	222	Picture	70	2427386	0	1	7129	1	0	7000	other	0
GPL001	223	Picture	40	2434681	0	1	2155	1	0	2140	other	0
GPL001	223	Pulse	199	2434815	134	0
GPL001	224	Picture	70	2437002	0	1	7129	1	0	7000	other	0
GPL001	225	Picture	40	2444297	0	1	2984	1	0	2860	other	0
GPL001	225	Pulse	199	2447315	3018	0
GPL001	226	Picture	70	2447447	0	1	7129	1	0	7000	other	0
GPL001	227	Picture	40	2454742	0	1	2156	1	0	2130	other	0
GPL001	228	Picture	70	2457064	0	1	7129	1	0	7000	other	0
GPL001	228	Pulse	199	2459815	2752	0
GPL001	229	Picture	40	2464358	0	1	2653	1	0	2490	other	0
GPL001	230	Picture	70	2467177	0	1	7129	1	0	7000	other	0
GPL001	230	Pulse	199	2472315	5138	0
GPL001	231	Picture	40	2474472	0	1	4476	1	0	4350	other	0
GPL001	232	Picture	70	2479114	0	1	7129	1	0	7000	other	0
GPL001	232	Pulse	199	2484815	5701	0
GPL001	233	Picture	40	2486409	0	1	1824	1	0	1780	other	0
GPL001	234	Picture	50	2488399	0	1	90192	1	0	next	other	0
GPL001	234	Pulse	199	2497316	8917	0
GPL001	234	Pulse	199	2509816	21417	0
GPL001	234	Pulse	199	2522316	33917	0
GPL001	234	Pulse	199	2534815	46417	0
GPL001	234	Pulse	199	2547316	58917	0
GPL001	234	Pulse	199	2559816	71417	0
GPL001	234	Pulse	199	2572315	83917	0
GPL001	235	Picture	90	2578590	0	1	7129	1	0	7000	other	0
GPL001	235	Pulse	199	2584816	6225	0
GPL001	236	Picture	40	2585885	0	1	1824	1	0	1780	other	0
GPL001	237	Picture	90	2587875	0	1	7129	1	0	7000	other	0
GPL001	238	Picture	40	2595170	0	1	2984	1	0	2860	other	0
GPL001	238	Pulse	199	2597316	2146	0
GPL001	239	Picture	95	2598320	0	1	7129	1	0	7000	hit	403
GPL001	239	Response	25	2602866	4546	0
GPL001	240	Picture	40	2605615	0	1	3482	1	0	3310	other	0
GPL001	241	Picture	90	2609262	0	1	7129	1	0	7000	other	0
GPL001	241	Pulse	199	2609816	554	0
GPL001	242	Picture	40	2616557	0	1	2155	1	0	1990	other	0
GPL001	243	Picture	90	2618878	0	1	7129	1	0	7000	other	0
GPL001	243	Pulse	199	2622316	3437	0
GPL001	244	Picture	40	2626173	0	1	2818	1	0	2690	other	0
GPL001	245	Picture	90	2629157	0	1	7129	1	0	7000	other	0
GPL001	245	Pulse	199	2634816	5659	0
GPL001	246	Picture	40	2636452	0	1	4477	1	0	4350	other	0
GPL001	247	Picture	90	2641095	0	1	7129	1	0	7000	other	0
GPL001	247	Pulse	199	2647316	6222	0
GPL001	248	Picture	40	2648390	0	1	2155	1	0	2140	other	0
GPL001	249	Picture	90	2650711	0	1	7129	1	0	7000	other	0
GPL001	250	Picture	40	2658006	0	1	2653	1	0	2490	other	0
GPL001	250	Pulse	199	2659816	1811	0
GPL001	251	Picture	90	2660824	0	1	7129	1	0	7000	other	0
GPL001	252	Picture	40	2668119	0	1	3813	1	0	3660	other	0
GPL001	253	Picture	90	2672098	0	1	7129	1	0	7000	other	0
GPL001	253	Pulse	199	2672315	217	0
GPL001	254	Picture	40	2679393	0	1	2155	1	0	2130	other	0
GPL001	255	Picture	50	2681714	0	1	50070	1	0	next	other	0
GPL001	255	Pulse	199	2684816	3101	0
GPL001	255	Pulse	199	2697315	15601	0
GPL001	255	Pulse	199	2709816	28102	0
GPL001	255	Pulse	199	2722316	40601	0
GPL001	256	Picture	60	2731784	0	1	7129	1	0	7000	other	0
GPL001	256	Pulse	199	2734816	3032	0
GPL001	257	Picture	40	2739079	0	1	2818	1	0	2690	other	0
GPL001	258	Picture	60	2742063	0	1	7129	1	0	7000	other	0
GPL001	258	Pulse	199	2747315	5252	0
GPL001	259	Picture	40	2749358	0	1	2155	1	0	2140	other	0
GPL001	260	Picture	60	2751679	0	1	7129	1	0	7000	other	0
GPL001	261	Picture	40	2758974	0	1	1824	1	0	1780	other	0
GPL001	261	Pulse	199	2759816	842	0
GPL001	262	Picture	65	2760963	0	1	7129	1	0	7000	hit	440
GPL001	262	Response	25	2764486	3522	0
GPL001	263	Picture	40	2768258	0	1	2984	1	0	2860	other	0
GPL001	264	Picture	60	2771409	0	1	7129	1	0	7000	other	0
GPL001	264	Pulse	199	2772315	907	0
GPL001	265	Picture	40	2778703	0	1	2653	1	0	2490	other	0
GPL001	266	Picture	60	2781522	0	1	7129	1	0	7000	other	0
GPL001	266	Pulse	199	2784816	3294	0
GPL001	267	Picture	40	2788817	0	1	4476	1	0	4350	other	0
GPL001	268	Picture	65	2793459	0	1	7129	1	0	7000	hit	449
GPL001	268	Response	25	2797046	3587	0
GPL001	268	Pulse	199	2797315	3856	0
GPL001	269	Picture	40	2800754	0	1	2155	1	0	2130	other	0
GPL001	270	Picture	60	2803075	0	1	7129	1	0	7000	other	0
GPL001	270	Pulse	199	2809816	6741	0
GPL001	271	Picture	40	2810370	0	1	3482	1	0	3310	other	0
GPL001	272	Picture	60	2814018	0	1	7129	1	0	7000	other	0
GPL001	273	Picture	40	2821312	0	1	2155	1	0	1990	other	0
GPL001	273	Pulse	199	2822316	1003	0
GPL001	274	Picture	60	2823633	0	1	7129	1	0	7000	other	0
GPL001	275	Picture	40	2830928	0	1	3813	1	0	3660	other	0
GPL001	275	Pulse	199	2834816	3888	0
GPL001	276	Picture	50	2834908	0	1	50070	1	0	next	other	0
GPL001	276	Pulse	199	2847316	12408	0
GPL001	276	Pulse	199	2859816	24909	0
GPL001	276	Pulse	199	2872316	37408	0
GPL001	276	Pulse	199	2884816	49909	0
GPL001	277	Picture	80	2884977	0	1	7129	1	0	7000	other	0
GPL001	278	Picture	40	2892272	0	1	4476	1	0	4350	other	0
GPL001	279	Picture	80	2896914	0	1	7129	1	0	7000	other	0
GPL001	279	Pulse	199	2897316	402	0
GPL001	280	Picture	40	2904209	0	1	2653	1	0	2490	other	0
GPL001	281	Picture	80	2907028	0	1	7129	1	0	7000	other	0
GPL001	281	Pulse	199	2909816	2788	0
GPL001	282	Picture	40	2914323	0	1	2155	1	0	2140	other	0
GPL001	283	Picture	80	2916644	0	1	7129	1	0	7000	other	0
GPL001	283	Pulse	199	2922316	5672	0
GPL001	284	Picture	40	2923939	0	1	3482	1	0	3310	other	0
GPL001	285	Picture	80	2927586	0	1	7129	1	0	7000	other	0
GPL001	285	Pulse	199	2934817	7230	0
GPL001	286	Picture	40	2934881	0	1	2155	1	0	1990	other	0
GPL001	287	Picture	80	2937202	0	1	7129	1	0	7000	other	0
GPL001	288	Picture	40	2944497	0	1	2984	1	0	2860	other	0
GPL001	288	Pulse	199	2947316	2819	0
GPL001	289	Picture	80	2947647	0	1	7129	1	0	7000	other	0
GPL001	290	Picture	40	2954942	0	1	2819	1	0	2690	other	0
GPL001	291	Picture	80	2957926	0	1	7129	1	0	7000	other	0
GPL001	291	Pulse	199	2959816	1890	0
GPL001	292	Picture	40	2965221	0	1	1824	1	0	1780	other	0
GPL001	293	Picture	80	2967211	0	1	7129	1	0	7000	other	0
GPL001	293	Pulse	199	2972316	5106	0
GPL001	294	Picture	40	2974506	0	1	3813	1	0	3660	other	0
GPL001	295	Picture	80	2978485	0	1	7129	1	0	7000	other	0
GPL001	295	Pulse	199	2984816	6331	0
GPL001	296	Picture	40	2985780	0	1	2155	1	0	2130	other	0
GPL001	297	Picture	50	2988101	0	1	90192	1	0	next	other	0
GPL001	297	Pulse	199	2997316	9215	0
GPL001	297	Pulse	199	3009816	21715	0
GPL001	297	Pulse	199	3022316	34215	0
GPL001	297	Pulse	199	3034816	46715	0
GPL001	297	Pulse	199	3047317	59216	0
GPL001	297	Pulse	199	3059816	71715	0
GPL001	297	Pulse	199	3072316	84215	0
GPL001	298	Picture	70	3078293	0	1	7129	1	0	7000	other	0
GPL001	298	Pulse	199	3084817	6524	0
GPL001	299	Picture	40	3085588	0	1	1824	1	0	1780	other	0
GPL001	300	Picture	70	3087577	0	1	7129	1	0	7000	other	0
GPL001	301	Picture	40	3094872	0	1	2818	1	0	2690	other	0
GPL001	301	Pulse	199	3097317	2445	0
GPL001	302	Picture	70	3097856	0	1	7129	1	0	7000	other	0
GPL001	303	Picture	40	3105151	0	1	2653	1	0	2490	other	0
GPL001	304	Picture	70	3107970	0	1	7129	1	0	7000	other	0
GPL001	304	Pulse	199	3109817	1847	0
GPL001	305	Picture	40	3115265	0	1	4476	1	0	4350	other	0
GPL001	306	Picture	75	3119907	0	1	7129	1	0	7000	hit	515
GPL001	306	Pulse	199	3122316	2409	0
GPL001	306	Response	25	3123156	3249	0
GPL001	307	Picture	40	3127202	0	1	2984	1	0	2860	other	0
GPL001	308	Picture	70	3130352	0	1	7129	1	0	7000	other	0
GPL001	308	Pulse	199	3134816	4464	0
GPL001	309	Picture	40	3137647	0	1	2155	1	0	1990	other	0
GPL001	310	Picture	70	3139968	0	1	7129	1	0	7000	other	0
GPL001	311	Picture	40	3147263	0	1	2155	1	0	2130	other	0
GPL001	311	Pulse	199	3147316	54	0
GPL001	312	Picture	70	3149584	0	1	7129	1	0	7000	other	0
GPL001	313	Picture	40	3156879	0	1	3482	1	0	3310	other	0
GPL001	313	Pulse	199	3159817	2938	0
GPL001	314	Picture	70	3160526	0	1	7129	1	0	7000	other	0
GPL001	315	Picture	40	3167821	0	1	3813	1	0	3660	other	0
GPL001	316	Picture	70	3171800	0	1	7129	1	0	7000	other	0
GPL001	316	Pulse	199	3172317	517	0
GPL001	317	Picture	40	3179095	0	1	2155	1	0	2140	other	0
GPL001	318	Picture	50	3181416	0	1	30174	1	0	next	other	0
GPL001	318	Pulse	199	3184816	3400	0
GPL001	318	Pulse	199	3197317	15900	0
GPL001	318	Pulse	199	3209816	28400	0
GPL001	319	Picture	90	3211591	0	1	7129	1	0	7000	other	0
GPL001	320	Picture	40	3218886	0	1	2155	1	0	2140	other	0
GPL001	321	Picture	90	3221207	0	1	7129	1	0	7000	other	0
GPL001	321	Pulse	199	3222317	1110	0
GPL001	322	Picture	40	3228502	0	1	2653	1	0	2490	other	0
GPL001	323	Picture	90	3231320	0	1	7129	1	0	7000	other	0
GPL001	323	Pulse	199	3234827	3507	0
GPL001	324	Picture	40	3238615	0	1	2155	1	0	1990	other	0
GPL001	325	Picture	90	3240936	0	1	7129	1	0	7000	other	0
GPL001	325	Pulse	199	3247327	6390	0
GPL001	326	Picture	40	3248231	0	1	1824	1	0	1780	other	0
GPL001	327	Picture	95	3250221	0	1	7129	1	0	7000	hit	547
GPL001	327	Response	25	3253967	3746	0
GPL001	328	Picture	40	3257516	0	1	2155	1	0	2130	other	0
GPL001	328	Pulse	199	3259827	2311	1
GPL001	329	Picture	90	3259837	0	1	7129	1	0	7000	other	0
GPL001	330	Picture	40	3267132	0	1	2818	1	0	2690	other	0
GPL001	331	Picture	90	3270116	0	1	7129	1	0	7000	other	0
GPL001	331	Pulse	199	3272327	2211	0
GPL001	332	Picture	40	3277411	0	1	4476	1	0	4350	other	0
GPL001	333	Picture	90	3282053	0	1	7129	1	0	7000	other	0
GPL001	333	Pulse	199	3284827	2774	0
GPL001	334	Picture	40	3289348	0	1	3482	1	0	3310	other	0
GPL001	335	Picture	90	3292996	0	1	7129	1	0	7000	other	0
GPL001	335	Pulse	199	3297327	4331	0
GPL001	336	Picture	40	3300291	0	1	2984	1	0	2860	other	0
GPL001	337	Picture	90	3303441	0	1	7129	1	0	7000	other	0
GPL001	337	Pulse	199	3309827	6386	0
GPL001	338	Picture	40	3310736	0	1	3813	1	0	3660	other	0
GPL001	339	Picture	50	3314715	0	1	70131	1	0	next	other	0
GPL001	339	Pulse	199	3322327	7612	0
GPL001	339	Pulse	199	3334827	20112	0
GPL001	339	Pulse	199	3347327	32612	0
GPL001	339	Pulse	199	3359827	45112	0
GPL001	339	Pulse	199	3372326	57612	0
GPL001	339	Pulse	199	3384827	70112	0
GPL001	340	Picture	60	3384845	0	1	7129	1	0	7000	other	0
GPL001	341	Picture	40	3392140	0	1	4476	1	0	4350	other	0
GPL001	342	Picture	60	3396783	0	1	7129	1	0	7000	other	0
GPL001	342	Pulse	199	3397327	545	0
GPL001	343	Picture	40	3404077	0	1	3813	1	0	3660	other	0
GPL001	344	Picture	60	3408057	0	1	7129	1	0	7000	other	0
GPL001	344	Pulse	199	3409827	1771	0
GPL001	345	Picture	40	3415351	0	1	2155	1	0	2130	other	0
GPL001	346	Picture	60	3417673	0	1	7129	1	0	7000	other	0
GPL001	346	Pulse	199	3422327	4654	0
GPL001	347	Picture	40	3424967	0	1	2155	1	0	1990	other	0
GPL001	348	Picture	60	3427289	0	1	7129	1	0	7000	other	0
GPL001	349	Picture	40	3434584	0	1	3482	1	0	3310	other	0
GPL001	349	Pulse	199	3434828	244	0
GPL001	350	Picture	60	3438231	0	1	7129	1	0	7000	other	0
GPL001	351	Picture	40	3445526	0	1	2984	1	0	2860	other	0
GPL001	351	Pulse	199	3447327	1801	0
GPL001	352	Picture	65	3448676	0	1	7129	1	0	7000	hit	589
GPL001	352	Response	25	3451647	2971	0
GPL001	353	Picture	40	3455971	0	1	2155	1	0	2140	other	0
GPL001	354	Picture	60	3458292	0	1	7129	1	0	7000	other	0
GPL001	354	Pulse	199	3459827	1535	0
GPL001	355	Picture	40	3465587	0	1	2818	1	0	2690	other	0
GPL001	356	Picture	60	3468571	0	1	7129	1	0	7000	other	0
GPL001	356	Pulse	199	3472327	3756	0
GPL001	357	Picture	40	3475866	0	1	1824	1	0	1780	other	0
GPL001	358	Picture	60	3477856	0	1	7129	1	0	7000	other	0
GPL001	358	Pulse	199	3484827	6971	0
GPL001	359	Picture	40	3485151	0	1	2653	1	0	2490	other	0
GPL001	360	Picture	50	3487969	0	1	90192	1	0	next	other	0
GPL001	360	Pulse	199	3497327	9358	0
GPL001	360	Pulse	199	3509828	21858	0
GPL001	360	Pulse	199	3522327	34358	0
GPL001	360	Pulse	199	3534828	46859	0
GPL001	360	Pulse	199	3547327	59358	0
GPL001	360	Pulse	199	3559828	71859	0
GPL001	360	Pulse	199	3572327	84358	0
GPL001	361	Picture	80	3578161	0	1	7129	1	0	7000	other	0
GPL001	361	Pulse	199	3584827	6666	0
GPL001	362	Picture	40	3585456	0	1	4476	1	0	4350	other	0
GPL001	363	Picture	80	3590098	0	1	7129	1	0	7000	other	0
GPL001	363	Pulse	199	3597327	7229	0
GPL001	364	Picture	40	3597393	0	1	2818	1	0	2690	other	0
GPL001	365	Picture	80	3600377	0	1	7129	1	0	7000	other	0
GPL001	366	Picture	40	3607672	0	1	2155	1	0	2130	other	0
GPL001	366	Pulse	199	3609828	2156	1
GPL001	367	Picture	80	3609993	0	1	7129	1	0	7000	other	0
GPL001	368	Picture	40	3617288	0	1	2155	1	0	2140	other	0
GPL001	369	Picture	85	3619609	0	1	7129	1	0	7000	hit	621
GPL001	369	Pulse	199	3622328	2718	0
GPL001	369	Response	25	3623098	3489	0
GPL001	370	Picture	40	3626904	0	1	1824	1	0	1780	other	0
GPL001	371	Picture	80	3628894	0	1	7129	1	0	7000	other	0
GPL001	371	Pulse	199	3634828	5934	0
GPL001	372	Picture	40	3636189	0	1	3813	1	0	3660	other	0
GPL001	373	Picture	85	3640168	0	1	7129	1	0	7000	hit	627
GPL001	373	Response	25	3643728	3560	0
GPL001	373	Pulse	199	3647328	7160	0
GPL001	374	Picture	40	3647463	0	1	2653	1	0	2490	other	0
GPL001	375	Picture	80	3650281	0	1	7129	1	0	7000	other	0
GPL001	376	Picture	40	3657576	0	1	2155	1	0	1990	other	0
GPL001	376	Pulse	199	3659828	2252	0
GPL001	377	Picture	80	3659897	0	1	7129	1	0	7000	other	0
GPL001	378	Picture	40	3667192	0	1	2984	1	0	2860	other	0
GPL001	379	Picture	80	3670342	0	1	7129	1	0	7000	other	0
GPL001	379	Pulse	199	3672328	1986	0
GPL001	380	Picture	40	3677637	0	1	3482	1	0	3310	other	0
GPL001	381	Picture	50	3681285	0	1	30174	1	0	next	other	0
GPL001	381	Pulse	199	3684828	3543	0
GPL001	381	Pulse	199	3697328	16043	0
GPL001	381	Pulse	199	3709828	28543	0
GPL001	382	Picture	70	3711459	0	1	7129	1	0	7000	other	0
GPL001	383	Picture	40	3718754	0	1	2155	1	0	1990	other	0
GPL001	384	Picture	70	3721075	0	1	7129	1	0	7000	other	0
GPL001	384	Pulse	199	3722328	1253	0
GPL001	385	Picture	40	3728370	0	1	1824	1	0	1780	other	0
GPL001	386	Picture	70	3730360	0	1	7129	1	0	7000	other	0
GPL001	386	Pulse	199	3734828	4469	0
GPL001	387	Picture	40	3737655	0	1	3813	1	0	3660	other	0
GPL001	388	Picture	70	3741634	0	1	7129	1	0	7000	other	0
GPL001	388	Pulse	199	3747328	5695	0
GPL001	389	Picture	40	3748929	0	1	2155	1	0	2140	other	0
GPL001	390	Picture	70	3751250	0	1	7129	1	0	7000	other	0
GPL001	391	Picture	40	3758545	0	1	2155	1	0	2130	other	0
GPL001	391	Pulse	199	3759828	1284	0
GPL001	392	Picture	70	3760866	0	1	7129	1	0	7000	other	0
GPL001	393	Picture	40	3768161	0	1	2818	1	0	2690	other	0
GPL001	394	Picture	70	3771145	0	1	7129	1	0	7000	other	0
GPL001	394	Pulse	199	3772328	1184	0
GPL001	395	Picture	40	3778440	0	1	2653	1	0	2490	other	0
GPL001	396	Picture	70	3781258	0	1	7129	1	0	7000	other	0
GPL001	396	Pulse	199	3784828	3570	0
GPL001	397	Picture	40	3788553	0	1	3482	1	0	3310	other	0
GPL001	398	Picture	70	3792201	0	1	7129	1	0	7000	other	0
GPL001	398	Pulse	199	3797328	5127	0
GPL001	399	Picture	40	3799496	0	1	2984	1	0	2860	other	0
GPL001	400	Picture	70	3802646	0	1	7129	1	0	7000	other	0
GPL001	400	Pulse	199	3809828	7182	0
GPL001	401	Picture	40	3809941	0	1	4476	1	0	4350	other	0
GPL001	402	Picture	50	3814583	0	1	50070	1	0	next	other	0
GPL001	402	Pulse	199	3822328	7745	0
GPL001	402	Pulse	199	3834828	20245	0
GPL001	402	Pulse	199	3847328	32745	0
GPL001	402	Pulse	199	3859828	45245	0
GPL001	403	Picture	90	3864653	0	1	7129	1	0	7000	other	0
GPL001	404	Picture	40	3871947	0	1	3813	1	0	3660	other	0
GPL001	404	Pulse	199	3872329	381	0
GPL001	405	Picture	90	3875926	0	1	7129	1	0	7000	other	0
GPL001	406	Picture	40	3883221	0	1	2653	1	0	2490	other	0
GPL001	406	Pulse	199	3884829	1607	0
GPL001	407	Picture	90	3886040	0	1	7129	1	0	7000	other	0
GPL001	408	Picture	40	3893335	0	1	2156	1	0	2130	other	0
GPL001	409	Picture	90	3895656	0	1	7129	1	0	7000	other	0
GPL001	409	Pulse	199	3897329	1673	0
GPL001	410	Picture	40	3902951	0	1	2984	1	0	2860	other	0
GPL001	411	Picture	90	3906101	0	1	7129	1	0	7000	other	0
GPL001	411	Pulse	199	3909828	3727	0
GPL001	412	Picture	40	3913396	0	1	1824	1	0	1780	other	0
GPL001	413	Picture	90	3915385	0	1	7129	1	0	7000	other	0
GPL001	413	Pulse	199	3922328	6943	0
GPL001	414	Picture	40	3922680	0	1	4476	1	0	4350	other	0
GPL001	415	Picture	90	3927323	0	1	7129	1	0	7000	other	0
GPL001	416	Picture	40	3934618	0	1	2155	1	0	1990	other	0
GPL001	416	Pulse	199	3934828	211	0
GPL001	417	Picture	90	3936939	0	1	7129	1	0	7000	other	0
GPL001	418	Picture	40	3944234	0	1	3482	1	0	3310	other	0
GPL001	418	Pulse	199	3947329	3095	0
GPL001	419	Picture	90	3947881	0	1	7129	1	0	7000	other	0
GPL001	420	Picture	40	3955176	0	1	2819	1	0	2690	other	0
GPL001	421	Picture	95	3958160	0	1	7129	1	0	7000	hit	702
GPL001	421	Pulse	199	3959828	1668	0
GPL001	421	Response	25	3962039	3879	0
GPL001	422	Picture	40	3965455	0	1	2155	1	0	2140	other	0
GPL001	423	Picture	50	3967776	0	1	70131	1	0	next	other	0
GPL001	423	Pulse	199	3972329	4552	0
GPL001	423	Pulse	199	3984828	17052	0
GPL001	423	Pulse	199	3997329	29552	0
GPL001	423	Pulse	199	4009828	42052	0
GPL001	423	Pulse	199	4022328	54552	0
GPL001	423	Pulse	199	4034828	67052	0
GPL001	424	Picture	60	4037907	0	1	7129	1	0	7000	other	0
GPL001	425	Picture	40	4045202	0	1	3813	1	0	3660	other	0
GPL001	425	Pulse	199	4047328	2126	0
GPL001	426	Picture	60	4049181	0	1	7129	1	0	7000	other	0
GPL001	427	Picture	40	4056476	0	1	1824	1	0	1780	other	0
GPL001	428	Picture	65	4058465	0	1	7129	1	0	7000	hit	718
GPL001	428	Pulse	199	4059828	1363	0
GPL001	428	Response	25	4062868	4403	0
GPL001	429	Picture	40	4065760	0	1	2156	2	0	2140	other	0
GPL001	430	Picture	60	4068081	0	1	7129	1	0	7000	other	0
GPL001	430	Pulse	199	4072329	4248	0
GPL001	431	Picture	40	4075376	0	1	2819	1	0	2690	other	0
GPL001	432	Picture	60	4078361	0	1	7129	1	0	7000	other	0
GPL001	432	Pulse	199	4084828	6468	0
GPL001	433	Picture	40	4085656	0	1	3482	1	0	3310	other	0
GPL001	434	Picture	60	4089303	0	1	7129	1	0	7000	other	0
GPL001	435	Picture	40	4096598	0	1	2155	1	0	2130	other	0
GPL001	435	Pulse	199	4097329	731	0
GPL001	436	Picture	60	4098919	0	1	7129	1	0	7000	other	0
GPL001	437	Picture	40	4106214	0	1	4476	1	0	4350	other	0
GPL001	437	Pulse	199	4109829	3615	0
GPL001	438	Picture	60	4110856	0	1	7129	1	0	7000	other	0
GPL001	439	Picture	40	4118151	0	1	2984	1	0	2860	other	0
GPL001	440	Picture	65	4121301	0	1	7129	1	0	7000	hit	736
GPL001	440	Pulse	199	4122329	1028	0
GPL001	440	Response	25	4124839	3538	0
GPL001	441	Picture	40	4128596	0	2	2155	2	0	1990	other	0
GPL001	442	Picture	60	4130917	0	1	7129	1	0	7000	other	0
GPL001	442	Pulse	199	4134828	3911	0
GPL001	443	Picture	40	4138212	0	1	2653	1	0	2490	other	0
GPL001	444	Picture	50	4141031	0	1	70131	1	0	next	other	0
GPL001	444	Pulse	199	4147329	6298	0
GPL001	444	Pulse	199	4159829	18798	0
GPL001	444	Pulse	199	4172329	31298	0
GPL001	444	Pulse	199	4184829	43798	0
GPL001	444	Pulse	199	4197329	56298	0
GPL001	444	Pulse	199	4209829	68798	0
GPL001	445	Picture	80	4211161	0	1	7129	1	0	7000	other	0
GPL001	446	Picture	40	4218456	0	1	2155	1	0	1990	other	0
GPL001	447	Picture	80	4220778	0	1	7129	1	0	7000	other	0
GPL001	447	Pulse	199	4222329	1552	0
GPL001	448	Picture	40	4228072	0	1	2818	1	0	2690	other	0
GPL001	449	Picture	80	4231057	0	1	7129	1	0	7000	other	0
GPL001	449	Pulse	199	4234830	3773	0
GPL001	450	Picture	40	4238352	0	1	1824	1	0	1780	other	0
GPL001	451	Picture	80	4240341	0	1	7129	1	0	7000	other	0
GPL001	451	Pulse	199	4247329	6987	0
GPL001	452	Picture	40	4247636	0	1	4476	1	0	4350	other	0
GPL001	453	Picture	80	4252278	0	1	7129	1	0	7000	other	0
GPL001	454	Picture	40	4259573	0	1	2984	1	0	2860	other	0
GPL001	454	Pulse	199	4259829	256	0
GPL001	455	Picture	80	4262723	0	1	7129	1	0	7000	other	0
GPL001	456	Picture	40	4270018	0	1	2155	1	0	2130	other	0
GPL001	456	Pulse	199	4272329	2311	1
GPL001	457	Picture	80	4272339	0	1	7129	1	0	7000	other	0
GPL001	458	Picture	40	4279634	0	1	3813	1	0	3660	other	0
GPL001	459	Picture	80	4283613	0	1	7129	1	0	7000	other	0
GPL001	459	Pulse	199	4284829	1216	0
GPL001	460	Picture	40	4290908	0	1	2653	1	0	2490	other	0
GPL001	461	Picture	80	4293727	0	1	7129	1	0	7000	other	0
GPL001	461	Pulse	199	4297329	3603	0
GPL001	462	Picture	40	4301022	0	1	2155	1	0	2140	other	0
GPL001	463	Picture	80	4303343	0	1	7129	1	0	7000	other	0
GPL001	463	Pulse	199	4309829	6486	0
GPL001	464	Picture	40	4310638	0	1	3482	1	0	3310	other	0
GPL001	465	Picture	50	4314285	0	1	50070	1	0	next	other	0
GPL001	465	Pulse	199	4322329	8044	0
GPL001	465	Pulse	199	4334829	20544	0
GPL001	465	Pulse	199	4347329	33044	0
GPL001	465	Pulse	199	4359829	45544	0
GPL001	466	Picture	70	4364355	0	1	7129	1	0	7000	other	0
GPL001	467	Picture	40	4371650	0	1	2155	1	0	2130	other	0
GPL001	467	Pulse	199	4372329	679	0
GPL001	468	Picture	70	4373971	0	1	7129	1	0	7000	other	0
GPL001	469	Picture	40	4381266	0	1	2984	1	0	2860	other	0
GPL001	470	Picture	70	4384416	0	1	7129	1	0	7000	other	0
GPL001	470	Pulse	199	4384830	414	0
GPL001	471	Picture	40	4391711	0	1	2653	1	0	2490	other	0
GPL001	472	Picture	70	4394529	0	1	7129	1	0	7000	other	0
GPL001	472	Pulse	199	4397329	2800	0
GPL001	473	Picture	40	4401824	0	1	4476	1	0	4350	other	0
GPL001	474	Picture	75	4406467	0	1	7129	1	0	7000	hit	794
GPL001	474	Pulse	199	4409830	3363	0
GPL001	474	Response	25	4410660	4193	0
GPL001	475	Picture	40	4413761	0	1	3482	1	0	3310	other	0
GPL001	476	Picture	70	4417409	0	1	7129	1	0	7000	other	0
GPL001	476	Pulse	199	4422329	4920	0
GPL001	477	Picture	40	4424704	0	1	1824	1	0	1780	other	0
GPL001	478	Picture	70	4426693	0	1	7129	1	0	7000	other	0
GPL001	479	Picture	40	4433988	0	1	2819	1	0	2690	other	0
GPL001	479	Pulse	199	4434829	841	0
GPL001	480	Picture	70	4436973	0	1	7129	1	0	7000	other	0
GPL001	481	Picture	40	4444267	0	1	2155	1	0	2140	other	0
GPL001	482	Picture	70	4446589	0	1	7129	1	0	7000	other	0
GPL001	482	Pulse	199	4447329	741	0
GPL001	483	Picture	40	4453884	0	1	3813	1	0	3660	other	0
GPL001	484	Picture	70	4457863	0	1	7129	1	0	7000	other	0
GPL001	484	Pulse	199	4459830	1967	0
GPL001	485	Picture	40	4465158	0	1	2155	1	0	1990	other	0
GPL001	486	Picture	50	4467479	0	1	90192	1	0	next	other	0
GPL001	486	Pulse	199	4472329	4850	0
GPL001	486	Pulse	199	4484829	17350	0
GPL001	486	Pulse	199	4497329	29850	0
GPL001	486	Pulse	199	4509830	42351	0
GPL001	486	Pulse	199	4522330	54851	0
GPL001	486	Pulse	199	4534830	67351	0
GPL001	486	Pulse	199	4547330	79851	0
GPL001	487	Picture	90	4557670	0	1	7129	1	0	7000	other	0
GPL001	487	Pulse	199	4559830	2160	0
GPL001	488	Picture	40	4564965	0	1	3813	1	0	3660	other	0
GPL001	489	Picture	90	4568944	0	1	7129	1	0	7000	other	0
GPL001	489	Pulse	199	4572329	3385	0
GPL001	490	Picture	40	4576239	0	1	2155	1	0	1990	other	0
GPL001	491	Picture	95	4578560	0	1	7129	1	0	7000	hit	825
GPL001	491	Response	25	4583150	4589	0
GPL001	491	Pulse	199	4584829	6269	0
GPL001	492	Picture	40	4585855	0	1	1824	1	0	1780	other	0
GPL001	493	Picture	90	4587845	0	1	7129	1	0	7000	other	0
GPL001	494	Picture	40	4595140	0	1	2818	1	0	2690	other	0
GPL001	494	Pulse	199	4597330	2190	0
GPL001	495	Picture	90	4598124	0	1	7129	1	0	7000	other	0
GPL001	496	Picture	40	4605419	0	1	3482	1	0	3310	other	0
GPL001	497	Picture	90	4609066	0	1	7129	1	0	7000	other	0
GPL001	497	Pulse	199	4609830	764	0
GPL001	498	Picture	40	4616361	0	1	2155	1	0	2140	other	0
GPL001	499	Picture	90	4618683	0	1	7129	1	0	7000	other	0
GPL001	499	Pulse	199	4622330	3647	0
GPL001	500	Picture	40	4625977	0	1	4476	1	0	4350	other	0
GPL001	501	Picture	90	4630620	0	1	7129	1	0	7000	other	0
GPL001	501	Pulse	199	4634830	4210	0
GPL001	502	Picture	40	4637915	0	1	2653	1	0	2490	other	0
GPL001	503	Picture	90	4640733	0	1	7129	1	0	7000	other	0
GPL001	503	Pulse	199	4647330	6597	0
GPL001	504	Picture	40	4648028	0	1	2984	1	0	2860	other	0
GPL001	505	Picture	90	4651178	0	1	7129	1	0	7000	other	0
GPL001	506	Picture	40	4658473	0	1	2155	1	0	2130	other	0
GPL001	506	Pulse	199	4659830	1357	0
GPL001	507	Picture	50	4660794	0	1	30175	1	0	next	other	0
GPL001	507	Pulse	199	4672331	11536	0
GPL001	507	Pulse	199	4684830	24036	0
GPL001	508	Picture	60	4690969	0	1	7129	1	0	7000	other	0
GPL001	508	Pulse	199	4697330	6361	0
GPL001	509	Picture	40	4698264	0	1	2155	1	0	1990	other	0
GPL001	510	Picture	60	4700585	0	1	7129	1	0	7000	other	0
GPL001	511	Picture	40	4707880	0	1	2653	1	0	2490	other	0
GPL001	511	Pulse	199	4709830	1951	0
GPL001	512	Picture	60	4710698	0	1	7129	1	0	7000	other	0
GPL001	513	Picture	40	4717993	0	1	3482	1	0	3310	other	0
GPL001	514	Picture	60	4721640	0	1	7129	1	0	7000	other	0
GPL001	514	Pulse	199	4722330	690	0
GPL001	515	Picture	40	4728935	0	1	2155	1	0	2130	other	0
GPL001	516	Picture	60	4731256	0	1	7129	1	0	7000	other	0
GPL001	516	Pulse	199	4734830	3574	0
GPL001	517	Picture	40	4738551	0	1	2819	1	0	2690	other	0
GPL001	518	Picture	60	4741536	0	1	7129	1	0	7000	other	0
GPL001	518	Pulse	199	4747330	5795	0
GPL001	519	Picture	40	4748831	0	1	2984	1	0	2860	other	0
GPL001	520	Picture	60	4751981	0	1	7129	1	0	7000	other	0
GPL001	521	Picture	40	4759276	0	1	1824	1	0	1780	other	0
GPL001	521	Pulse	199	4759830	554	0
GPL001	522	Picture	60	4761265	0	1	7129	1	0	7000	other	0
GPL001	523	Picture	40	4768560	0	1	2155	1	0	2140	other	0
GPL001	524	Picture	60	4770881	0	1	7129	1	0	7000	other	0
GPL001	524	Pulse	199	4772330	1449	0
GPL001	525	Picture	40	4778176	0	1	4476	1	0	4350	other	0
GPL001	526	Picture	60	4782818	0	1	7129	1	0	7000	other	0
GPL001	526	Pulse	199	4784830	2012	0
GPL001	527	Picture	40	4790113	0	1	3813	1	0	3660	other	0
GPL001	528	Picture	50	4794092	0	1	50070	1	0	next	other	0
GPL001	528	Pulse	199	4797330	3238	0
GPL001	528	Pulse	199	4809830	15738	0
GPL001	528	Pulse	199	4822330	28238	0
GPL001	528	Pulse	199	4834831	40738	0
GPL001	529	Picture	80	4844162	0	1	7129	1	0	7000	other	0
GPL001	529	Pulse	199	4847331	3169	0
GPL001	530	Picture	40	4851457	0	1	2984	1	0	2860	other	0
GPL001	531	Picture	80	4854607	0	1	7129	1	0	7000	other	0
GPL001	531	Pulse	199	4859831	5224	0
GPL001	532	Picture	40	4861902	0	1	2155	1	0	1990	other	0
GPL001	533	Picture	80	4864223	0	1	7129	1	0	7000	other	0
GPL001	534	Picture	40	4871518	0	1	2818	1	0	2690	other	0
GPL001	534	Pulse	199	4872331	813	0
GPL001	535	Picture	80	4874502	0	1	7129	1	0	7000	other	0
GPL001	536	Picture	40	4881797	0	1	2653	1	0	2490	other	0
GPL001	537	Picture	80	4884616	0	1	7129	1	0	7000	other	0
GPL001	537	Pulse	199	4884831	215	0
GPL001	538	Picture	40	4891911	0	1	2155	1	0	2140	other	0
GPL001	539	Picture	80	4894232	0	1	7129	1	0	7000	other	0
GPL001	539	Pulse	199	4897331	3099	0
GPL001	540	Picture	40	4901527	0	1	1824	1	0	1780	other	0
GPL001	541	Picture	85	4903516	0	1	7129	1	0	7000	hit	902
GPL001	541	Response	25	4907300	3784	0
GPL001	541	Pulse	199	4909830	6314	0
GPL001	542	Picture	40	4910811	0	1	3813	1	0	3660	other	0
GPL001	543	Picture	80	4914790	0	1	7129	1	0	7000	other	0
GPL001	544	Picture	40	4922085	0	1	2155	1	0	2130	other	0
GPL001	544	Pulse	199	4922330	245	0
GPL001	545	Picture	80	4924406	0	1	7129	1	0	7000	other	0
GPL001	546	Picture	40	4931701	0	1	3482	1	0	3310	other	0
GPL001	546	Pulse	199	4934830	3129	0
GPL001	547	Picture	80	4935349	0	1	7129	1	0	7000	other	0
GPL001	548	Picture	40	4942644	0	1	4476	1	0	4350	other	0
GPL001	549	Picture	50	4947286	0	1	70131	1	0	next	other	0
GPL001	549	Pulse	199	4947330	44	0
GPL001	549	Pulse	199	4959830	12544	0
GPL001	549	Pulse	199	4972330	25045	0
GPL001	549	Pulse	199	4984841	37555	0
GPL001	549	Pulse	199	4997341	50055	0
GPL001	549	Pulse	199	5009841	62555	0
GPL001	550	Picture	70	5017417	0	1	7129	1	0	7000	other	0
GPL001	550	Pulse	199	5022340	4924	0
GPL001	551	Picture	40	5024711	0	1	4476	1	0	4350	other	0
GPL001	552	Picture	70	5029354	0	1	7129	1	0	7000	other	0
GPL001	552	Pulse	199	5034840	5487	0
GPL001	553	Picture	40	5036649	0	1	1824	1	0	1780	other	0
GPL001	554	Picture	70	5038638	0	1	7129	1	0	7000	other	0
GPL001	555	Picture	40	5045933	0	1	2653	1	0	2490	other	0
GPL001	555	Pulse	199	5047340	1407	0
GPL001	556	Picture	70	5048752	0	1	7129	1	0	7000	other	0
GPL001	557	Picture	40	5056046	0	1	3813	1	0	3660	other	0
GPL001	557	Pulse	199	5059841	3794	0
GPL001	558	Picture	75	5060026	0	1	7129	1	0	7000	hit	933
GPL001	558	Response	25	5063590	3565	0
GPL001	559	Picture	40	5067321	0	1	2155	1	0	1990	other	0
GPL001	560	Picture	70	5069642	0	1	7129	1	0	7000	other	0
GPL001	560	Pulse	199	5072341	2699	0
GPL001	561	Picture	40	5076936	0	1	3482	1	0	3310	other	0
GPL001	562	Picture	70	5080584	0	1	7129	1	0	7000	other	0
GPL001	562	Pulse	199	5084841	4257	0
GPL001	563	Picture	40	5087879	0	1	2155	1	0	2130	other	0
GPL001	564	Picture	70	5090200	0	1	7129	1	0	7000	other	0
GPL001	564	Pulse	199	5097339	7139	2
GPL001	565	Picture	40	5097495	0	1	2155	1	0	2140	other	0
GPL001	566	Picture	70	5099816	0	1	7129	1	0	7000	other	0
GPL001	567	Picture	40	5107111	0	1	2984	1	0	2860	other	0
GPL001	567	Pulse	199	5109841	2730	0
GPL001	568	Picture	70	5110261	0	1	7129	1	0	7000	other	0
GPL001	569	Picture	40	5117556	0	1	2818	1	0	2690	other	0
GPL001	570	Picture	50	5120540	0	1	30174	1	0	next	other	0
GPL001	570	Pulse	199	5122341	1800	0
GPL001	570	Pulse	199	5134841	14300	0
GPL001	570	Pulse	199	5147341	26800	0
GPL001	571	Picture	90	5150715	0	1	7129	1	0	7000	other	0
GPL001	572	Picture	40	5158010	0	1	2155	1	0	1990	other	0
GPL001	572	Pulse	199	5159841	1831	0
GPL001	573	Picture	90	5160331	0	1	7129	1	0	7000	other	0
GPL001	574	Picture	40	5167626	0	1	2653	1	0	2490	other	0
GPL001	575	Picture	90	5170444	0	1	7129	1	0	7000	other	0
GPL001	575	Pulse	199	5172341	1897	0
GPL001	576	Picture	40	5177739	0	1	2984	1	0	2860	other	0
GPL001	577	Picture	90	5180889	0	1	7129	1	0	7000	other	0
GPL001	577	Pulse	199	5184841	3952	0
GPL001	578	Picture	40	5188184	0	1	3482	1	0	3310	other	0
GPL001	579	Picture	90	5191832	0	1	7129	1	0	7000	other	0
GPL001	579	Pulse	199	5197341	5510	0
GPL001	580	Picture	40	5199127	0	1	2155	1	0	2130	other	0
GPL001	581	Picture	90	5201448	0	1	7129	1	0	7000	other	0
GPL001	582	Picture	40	5208743	0	1	3813	1	0	3660	other	0
GPL001	582	Pulse	199	5209841	1099	0
GPL001	583	Picture	95	5212722	0	1	7129	1	0	7000	hit	971
GPL001	583	Response	25	5216091	3369	0
GPL001	584	Picture	40	5220017	0	1	4476	1	0	4350	other	0
GPL001	584	Pulse	199	5222341	2324	0
GPL001	585	Picture	90	5224659	0	1	7129	1	0	7000	other	0
GPL001	586	Picture	40	5231954	0	1	2155	1	0	2140	other	0
GPL001	587	Picture	95	5234275	0	1	7129	1	0	7000	hit	978
GPL001	587	Pulse	199	5234841	566	0
GPL001	587	Response	25	5237761	3487	0
GPL001	588	Picture	40	5241570	0	1	1824	1	0	1780	other	0
GPL001	589	Picture	90	5243559	0	1	7129	1	0	7000	other	0
GPL001	589	Pulse	199	5247341	3782	0
GPL001	590	Picture	40	5250854	0	1	2818	1	0	2690	other	0
GPL001	591	Picture	50	5253838	0	1	90192	1	0	next	other	0
GPL001	591	Pulse	199	5259841	6002	0
GPL001	591	Pulse	199	5272341	18503	0
GPL001	591	Pulse	199	5284841	31003	0
GPL001	591	Pulse	199	5297341	43503	0
GPL001	591	Pulse	199	5309842	56003	0
GPL001	591	Pulse	199	5322341	68503	0
GPL001	591	Pulse	199	5334841	81003	0
GPL001	592	Picture	60	5344030	0	1	7129	1	0	7000	other	0
GPL001	592	Pulse	199	5347341	3311	0
GPL001	593	Picture	40	5351325	0	1	3482	1	0	3310	other	0
GPL001	594	Picture	60	5354973	0	1	7129	1	0	7000	other	0
GPL001	594	Pulse	199	5359841	4869	0
GPL001	595	Picture	40	5362268	0	1	2155	1	0	2130	other	0
GPL001	596	Picture	65	5364589	0	1	7129	1	0	7000	hit	998
GPL001	596	Response	25	5367792	3203	0
GPL001	597	Picture	40	5371884	0	1	2155	1	0	2140	other	0
GPL001	597	Pulse	199	5372341	457	0
GPL001	598	Picture	60	5374205	0	1	7129	1	0	7000	other	0
GPL001	599	Picture	40	5381500	0	1	1824	1	0	1780	other	0
GPL001	600	Picture	60	5383489	0	1	7129	1	0	7000	other	0
GPL001	600	Pulse	199	5384841	1352	0
GPL001	601	Picture	40	5390784	0	1	2984	1	0	2860	other	0
GPL001	602	Picture	60	5393934	0	1	7129	1	0	7000	other	0
GPL001	602	Pulse	199	5397342	3408	0
GPL001	603	Picture	40	5401229	0	1	4476	1	0	4350	other	0
GPL001	604	Picture	60	5405871	0	1	7129	1	0	7000	other	0
GPL001	604	Pulse	199	5409841	3970	0
GPL001	605	Picture	40	5413166	0	1	2155	1	0	1990	other	0
GPL001	606	Picture	60	5415487	0	1	7129	1	0	7000	other	0
GPL001	606	Pulse	199	5422342	6854	0
GPL001	607	Picture	40	5422782	0	1	2653	1	0	2490	other	0
GPL001	608	Picture	60	5425601	0	1	7129	1	0	7000	other	0
GPL001	609	Picture	40	5432896	0	1	3813	1	0	3660	other	0
GPL001	609	Pulse	199	5434842	1946	0
GPL001	610	Picture	60	5436875	0	1	7129	1	0	7000	other	0
GPL001	611	Picture	40	5444170	0	1	2818	1	0	2690	other	0
GPL001	612	Picture	50	5447154	0	1	30174	1	0	next	other	0
GPL001	612	Pulse	199	5447342	188	0
GPL001	612	Pulse	199	5459842	12688	0
GPL001	612	Pulse	199	5472342	25188	0
GPL001	613	Picture	80	5477328	0	1	7129	1	0	7000	other	0
GPL001	614	Picture	40	5484623	0	1	4476	1	0	4350	other	0
GPL001	614	Pulse	199	5484842	218	0
GPL001	615	Picture	80	5489265	0	1	7129	1	0	7000	other	0
GPL001	616	Picture	40	5496561	0	1	2819	1	0	2690	other	0
GPL001	616	Pulse	199	5497342	782	0
GPL001	617	Picture	80	5499545	0	1	7129	1	0	7000	other	0
GPL001	618	Picture	40	5506840	0	1	2155	1	0	2140	other	0
GPL001	619	Picture	80	5509161	0	1	7129	1	0	7000	other	0
GPL001	619	Pulse	199	5509842	681	0
GPL001	620	Picture	40	5516456	0	1	3482	1	0	3310	other	0
GPL001	621	Picture	85	5520103	0	1	7129	1	0	7000	hit	1037
GPL001	621	Pulse	199	5522342	2239	0
GPL001	621	Response	25	5523942	3839	0
GPL001	622	Picture	40	5527398	0	1	2653	1	0	2490	other	0
GPL001	623	Picture	80	5530217	0	1	7129	1	0	7000	other	0
GPL001	623	Pulse	199	5534842	4625	0
GPL001	624	Picture	40	5537512	0	1	2984	1	0	2860	other	0
GPL001	625	Picture	80	5540662	0	1	7129	1	0	7000	other	0
GPL001	625	Pulse	199	5547342	6680	0
GPL001	626	Picture	40	5547957	0	1	1824	1	0	1780	other	0
GPL001	627	Picture	80	5549946	0	1	7129	1	0	7000	other	0
GPL001	628	Picture	40	5557241	0	1	2155	1	0	2130	other	0
GPL001	629	Picture	80	5559562	0	1	7129	1	0	7000	other	0
GPL001	629	Pulse	199	5559842	280	0
GPL001	630	Picture	40	5566857	0	1	3813	1	0	3660	other	0
GPL001	631	Picture	80	5570836	0	1	7129	1	0	7000	other	0
GPL001	631	Pulse	199	5572342	1506	0
GPL001	632	Picture	40	5578131	0	1	2155	1	0	1990	other	0
GPL001	633	Picture	50	5580452	0	1	90192	1	0	next	other	0
GPL001	633	Pulse	199	5584842	4390	0
GPL001	633	Pulse	199	5597342	16889	0
GPL001	633	Pulse	199	5609842	29389	0
GPL001	633	Pulse	199	5622342	41890	0
GPL001	633	Pulse	199	5634842	54390	0
GPL001	633	Pulse	199	5647342	66890	0
GPL001	633	Pulse	199	5659842	79390	0
GPL001	634	Picture	70	5670644	0	1	7129	1	0	7000	other	0
GPL001	634	Pulse	199	5672342	1698	0
GPL001	635	Picture	40	5677939	0	1	2984	1	0	2860	other	0
GPL001	636	Picture	70	5681089	0	1	7129	1	0	7000	other	0
GPL001	636	Pulse	199	5684842	3753	0
GPL001	637	Picture	40	5688384	0	1	1824	1	0	1780	other	0
GPL001	638	Picture	75	5690373	0	1	7129	1	0	7000	hit	1068
GPL001	638	Response	25	5694032	3658	0
GPL001	638	Pulse	199	5697342	6969	0
GPL001	639	Picture	40	5697668	0	1	2155	1	0	2140	other	0
GPL001	640	Picture	70	5699989	0	1	7129	1	0	7000	other	0
GPL001	641	Picture	40	5707284	0	1	2653	1	0	2490	other	0
GPL001	641	Pulse	199	5709842	2557	0
GPL001	642	Picture	75	5710103	0	1	7129	1	0	7000	hit	1075
GPL001	642	Response	25	5713982	3879	0
GPL001	643	Picture	40	5717398	0	1	2155	1	0	2130	other	0
GPL001	644	Picture	70	5719719	0	1	7129	1	0	7000	other	0
GPL001	644	Pulse	199	5722342	2623	0
GPL001	645	Picture	40	5727014	0	1	4476	1	0	4350	other	0
GPL001	646	Picture	70	5731656	0	1	7129	1	0	7000	other	0
GPL001	646	Pulse	199	5734842	3186	0
GPL001	647	Picture	40	5738951	0	1	2819	1	0	2690	other	0
GPL001	648	Picture	70	5741935	0	1	7129	1	0	7000	other	0
GPL001	648	Pulse	199	5747342	5407	0
GPL001	649	Picture	40	5749230	0	1	3482	1	0	3310	other	0
GPL001	650	Picture	70	5752878	0	1	7129	1	0	7000	other	0
GPL001	650	Pulse	199	5759842	6964	0
GPL001	651	Picture	40	5760173	0	1	3813	1	0	3660	other	0
GPL001	652	Picture	70	5764152	0	1	7129	1	0	7000	other	0
GPL001	653	Picture	40	5771447	0	1	2155	1	0	1990	other	0
GPL001	653	Pulse	199	5772342	896	0
GPL001	654	Picture	50	5773768	0	1	70131	1	0	next	other	0
GPL001	654	Pulse	199	5784842	11074	0
GPL001	654	Pulse	199	5797342	23574	0
GPL001	654	Pulse	199	5809842	36074	0
GPL001	654	Pulse	199	5822342	48574	0
GPL001	654	Pulse	199	5834842	61074	0
GPL001	655	Picture	90	5843899	0	1	7129	1	0	7000	other	0
GPL001	655	Pulse	199	5847342	3444	0
GPL001	656	Picture	40	5851193	0	1	4476	1	0	4350	other	0
GPL001	657	Picture	90	5855836	0	1	7129	1	0	7000	other	0
GPL001	657	Pulse	199	5859842	4007	0
GPL001	658	Picture	40	5863131	0	1	2653	1	0	2490	other	0
GPL001	659	Picture	90	5865948	0	1	7130	1	0	7000	other	0
GPL001	659	Pulse	199	5872342	6394	0
GPL001	660	Picture	40	5873244	0	1	2155	1	0	2130	other	0
GPL001	661	Picture	90	5875565	0	1	7129	1	0	7000	other	0
GPL001	662	Picture	40	5882860	0	1	3813	1	0	3660	other	0
GPL001	662	Pulse	199	5884842	1982	0
GPL001	663	Picture	90	5886839	0	1	7129	1	0	7000	other	0
GPL001	664	Picture	40	5894134	0	1	1824	1	0	1780	other	0
GPL001	665	Picture	90	5896124	0	1	7129	1	0	7000	other	0
GPL001	665	Pulse	199	5897342	1219	0
GPL001	666	Picture	40	5903418	0	1	2155	1	0	1990	other	0
GPL001	667	Picture	90	5905740	0	1	7129	1	0	7000	other	0
GPL001	667	Pulse	199	5909842	4103	0
GPL001	668	Picture	40	5913034	0	1	3482	1	0	3310	other	0
GPL001	669	Picture	90	5916682	0	1	7129	1	0	7000	other	0
GPL001	669	Pulse	199	5922342	5660	0
GPL001	670	Picture	40	5923977	0	1	2818	1	0	2690	other	0
GPL001	671	Picture	90	5926961	0	1	7129	1	0	7000	other	0
GPL001	672	Picture	40	5934256	0	1	2155	1	0	2140	other	0
GPL001	672	Pulse	199	5934842	586	0
GPL001	673	Picture	90	5936577	0	1	7129	1	0	7000	other	0
GPL001	674	Picture	40	5943872	0	1	2984	1	0	2860	other	0
GPL001	675	Picture	50	5947022	0	1	50070	1	0	next	other	0
GPL001	675	Pulse	199	5947342	320	0
GPL001	675	Pulse	199	5959843	12821	0
GPL001	675	Pulse	199	5972343	25321	0
GPL001	675	Pulse	199	5984843	37820	0
GPL001	676	Picture	200	5997092	70	1	80078	1	0	80000	other	0
GPL001	676	Pulse	199	5997343	320	0
GPL001	676	Pulse	199	6009843	12820	0
GPL001	676	Pulse	199	6022343	25320	0
GPL001	676	Pulse	199	6034842	37820	0
GPL001	676	Pulse	199	6047342	50320	0
GPL001	676	Pulse	199	6059843	62820	0
GPL001	676	Pulse	199	6072343	75320	0
GPL001	677	Pulse	199	6084843	7507	0
GPL001	677	Pulse	199	6097343	20007	0
GPL001	677	Pulse	199	6109843	32507	0
GPL001	677	Pulse	199	6122343	45007	0
GPL001	677	Pulse	199	6134843	57507	0
GPL001	677	Pulse	199	6147343	70006	0
GPL001	677	Pulse	199	6159842	82506	0
GPL001	677	Pulse	199	6172343	95007	0
GPL001	677	Pulse	199	6184843	107507	0
GPL001	677	Pulse	199	6197343	120007	0
GPL001	677	Pulse	199	6209843	132507	0
