Scenario - 
Logfile written - 05/14/2021 15:14:07

Subject	Trial	Event Type	Code	Time	TTime	Uncertainty	Duration	Uncertainty	ReqTime	ReqDur	Stim Type	Pair Index

gpl011	1	Response	20	48243	48077	0
gpl011	2	Picture	start	48411	0	1	726791	214	0	next	other	0
gpl011	2	Response	20	53863	5452	0
gpl011	3	Response	20	60423	6559	0
gpl011	3	Response	20	62343	8479	0
gpl011	3	Response	20	63943	10079	0
gpl011	3	Pulse	199	775202	721339	0
gpl011	3	Picture	100	775202	721339	214	50117	214	0	50000	other	0
gpl011	3	Pulse	199	787702	733838	0
gpl011	3	Pulse	199	800202	746338	0
gpl011	3	Pulse	199	812702	758839	0
gpl011	3	Pulse	199	825202	771339	1
gpl011	4	Picture	80	825485	0	1	7129	1	0	7000	other	0
gpl011	5	Picture	40	832780	0	1	2155	1	0	1990	other	0
gpl011	6	Picture	80	835101	0	1	7129	1	0	7000	other	0
gpl011	6	Pulse	199	837703	2601	0
gpl011	7	Picture	40	842396	0	1	2819	1	0	2690	other	0
gpl011	8	Picture	80	845381	0	1	7129	1	0	7000	other	0
gpl011	8	Pulse	199	850203	4822	0
gpl011	9	Picture	40	852675	0	1	2155	1	0	2140	other	0
gpl011	10	Picture	80	854996	0	1	7129	2	0	7000	other	0
gpl011	11	Picture	40	862291	0	1	4477	1	0	4350	other	0
gpl011	11	Pulse	199	862703	411	0
gpl011	12	Picture	80	866934	0	1	7129	1	0	7000	other	0
gpl011	13	Picture	40	874228	0	1	3482	1	0	3310	other	0
gpl011	13	Pulse	199	875203	974	0
gpl011	14	Picture	80	877876	0	1	7129	1	0	7000	other	0
gpl011	15	Picture	40	885171	0	1	3813	1	0	3660	other	0
gpl011	15	Pulse	199	887702	2531	0
gpl011	16	Picture	80	889150	0	1	7129	1	0	7000	other	0
gpl011	17	Picture	40	896445	0	1	2984	1	0	2860	other	0
gpl011	18	Picture	80	899595	0	1	7129	1	0	7000	other	0
gpl011	18	Pulse	199	900202	607	0
gpl011	19	Picture	40	906890	0	1	1824	1	0	1780	other	0
gpl011	20	Picture	80	908879	0	1	7129	1	0	7000	other	0
gpl011	20	Pulse	199	912702	3823	0
gpl011	21	Picture	40	916174	0	1	2653	1	0	2490	other	0
gpl011	22	Picture	80	918993	0	1	7129	1	0	7000	other	0
gpl011	22	Pulse	199	925203	6210	0
gpl011	23	Picture	40	926288	0	1	2155	1	0	2130	other	0
gpl011	24	Picture	50	928609	0	1	30174	1	0	next	other	0
gpl011	24	Pulse	199	937702	9094	0
gpl011	24	Pulse	199	950202	21594	0
gpl011	25	Picture	70	958783	0	1	7129	1	0	7000	other	0
gpl011	25	Pulse	199	962702	3919	0
gpl011	26	Picture	40	966078	0	1	2984	1	0	2860	other	0
gpl011	27	Picture	70	969228	0	1	7129	1	0	7000	other	0
gpl011	27	Pulse	199	975203	5974	0
gpl011	28	Picture	40	976523	0	1	2818	1	0	2690	other	0
gpl011	29	Picture	75	979507	0	1	7129	1	0	7000	hit	51
gpl011	29	Response	25	984152	4645	0
gpl011	30	Picture	40	986802	0	1	4476	1	0	4350	other	0
gpl011	30	Pulse	199	987702	900	0
gpl011	31	Picture	70	991445	0	1	7129	1	0	7000	other	0
gpl011	32	Picture	40	998739	0	1	2155	1	0	1990	other	0
gpl011	32	Pulse	199	1000202	1463	0
gpl011	33	Picture	70	1001061	0	1	7129	1	0	7000	other	0
gpl011	34	Picture	40	1008355	0	1	2653	1	0	2490	other	0
gpl011	35	Picture	70	1011174	0	1	7129	1	0	7000	other	0
gpl011	35	Pulse	199	1012702	1528	0
gpl011	36	Picture	40	1018469	0	1	3482	1	0	3310	other	0
gpl011	37	Picture	70	1022116	0	1	7129	1	0	7000	other	0
gpl011	37	Pulse	199	1025202	3086	0
gpl011	38	Picture	40	1029411	0	1	1824	1	0	1780	other	0
gpl011	39	Picture	70	1031401	0	1	7129	1	0	7000	other	0
gpl011	39	Pulse	199	1037702	6301	0
gpl011	40	Picture	40	1038696	0	1	3813	1	0	3660	other	0
gpl011	41	Picture	70	1042675	0	1	7129	1	0	7000	other	0
gpl011	42	Picture	40	1049970	0	1	2155	1	0	2140	other	0
gpl011	42	Pulse	199	1050203	233	0
gpl011	43	Picture	70	1052135	0	322	7119	322	0	7000	other	0
gpl011	44	Picture	40	1059420	0	1	2155	1	0	2130	other	0
gpl011	45	Picture	50	1061741	0	1	50070	1	0	next	other	0
gpl011	45	Pulse	199	1062702	961	0
gpl011	45	Pulse	199	1075202	13461	0
gpl011	45	Pulse	199	1087702	25961	0
gpl011	45	Pulse	199	1100203	38462	0
gpl011	46	Picture	60	1111811	0	1	7129	1	0	7000	other	0
gpl011	46	Pulse	199	1112702	892	0
gpl011	47	Picture	40	1119105	0	1	2155	1	0	2140	other	0
gpl011	48	Picture	60	1121427	0	1	7129	1	0	7000	other	0
gpl011	48	Pulse	199	1125202	3775	0
gpl011	49	Picture	40	1128721	0	1	3482	1	0	3310	other	0
gpl011	50	Picture	65	1132369	0	1	7129	1	0	7000	hit	85
gpl011	50	Response	25	1135603	3234	0
gpl011	50	Pulse	199	1137702	5333	0
gpl011	51	Picture	40	1139664	0	1	2653	1	0	2490	other	0
gpl011	52	Picture	60	1142482	0	1	7129	1	0	7000	other	0
gpl011	53	Picture	40	1149777	0	1	2155	1	0	2130	other	0
gpl011	53	Pulse	199	1150203	425	0
gpl011	54	Picture	60	1152098	0	1	7129	1	0	7000	other	0
gpl011	55	Picture	40	1159393	0	1	1824	1	0	1780	other	0
gpl011	56	Picture	60	1161383	0	1	7129	2	0	7000	other	0
gpl011	56	Pulse	199	1162703	1320	0
gpl011	57	Picture	40	1168678	0	1	2984	1	0	2860	other	0
gpl011	58	Picture	60	1171828	0	1	7129	1	0	7000	other	0
gpl011	58	Pulse	199	1175203	3375	0
gpl011	59	Picture	40	1179123	0	1	3813	1	0	3660	other	0
gpl011	60	Picture	60	1183102	0	1	7129	1	0	7000	other	0
gpl011	60	Pulse	199	1187703	4601	0
gpl011	61	Picture	40	1190397	0	1	2155	1	0	1990	other	0
gpl011	62	Picture	60	1192718	0	1	7129	1	0	7000	other	0
gpl011	63	Picture	40	1200013	0	1	2818	1	0	2690	other	0
gpl011	63	Pulse	199	1200203	190	0
gpl011	64	Picture	60	1202997	0	1	7129	1	0	7000	other	0
gpl011	65	Picture	40	1210292	0	1	4476	1	0	4350	other	0
gpl011	65	Pulse	199	1212703	2411	0
gpl011	66	Picture	50	1214934	0	1	70131	1	0	next	other	0
gpl011	66	Pulse	199	1225202	10268	0
gpl011	66	Pulse	199	1237702	22768	0
gpl011	66	Pulse	199	1250202	35268	0
gpl011	66	Pulse	199	1262703	47769	0
gpl011	66	Pulse	199	1275203	60268	0
gpl011	67	Picture	90	1285065	0	1	7129	1	0	7000	other	0
gpl011	67	Pulse	199	1287703	2638	0
gpl011	68	Picture	40	1292360	0	1	2155	1	0	2130	other	0
gpl011	69	Picture	90	1294681	0	1	7129	1	0	7000	other	0
gpl011	69	Pulse	199	1300202	5522	0
gpl011	70	Picture	40	1301976	0	1	2984	1	0	2860	other	0
gpl011	71	Picture	90	1305126	0	1	7129	1	0	7000	other	0
gpl011	72	Picture	40	1312421	0	1	2155	1	0	2140	other	0
gpl011	72	Pulse	199	1312702	282	0
gpl011	73	Picture	95	1314586	0	322	7119	322	0	7000	hit	124
gpl011	73	Response	25	1320483	5897	0
gpl011	74	Picture	40	1321871	0	1	2155	1	0	1990	other	0
gpl011	75	Picture	90	1324192	0	1	7129	1	0	7000	other	0
gpl011	75	Pulse	199	1325202	1010	0
gpl011	76	Picture	40	1331487	0	1	2819	1	0	2690	other	0
gpl011	77	Picture	95	1334471	0	1	7129	1	0	7000	hit	131
gpl011	77	Pulse	199	1337702	3231	0
gpl011	77	Response	25	1340852	6380	0
gpl011	78	Picture	40	1341766	0	1	3813	1	0	3660	other	0
gpl011	79	Picture	90	1345745	0	1	7129	1	0	7000	other	0
gpl011	79	Pulse	199	1350202	4457	0
gpl011	80	Picture	40	1353040	0	1	4476	1	0	4350	other	0
gpl011	81	Picture	90	1357682	0	1	7129	1	0	7000	other	0
gpl011	81	Pulse	199	1362702	5020	0
gpl011	82	Picture	40	1364977	0	1	2653	1	0	2490	other	0
gpl011	83	Picture	90	1367796	0	1	7129	1	0	7000	other	0
gpl011	84	Picture	40	1375090	0	1	3482	1	0	3310	other	0
gpl011	84	Pulse	199	1375202	112	0
gpl011	85	Picture	90	1378738	0	1	7129	1	0	7000	other	0
gpl011	86	Picture	40	1386033	0	1	1824	1	0	1780	other	0
gpl011	86	Pulse	199	1387703	1670	0
gpl011	87	Picture	50	1388022	0	1	90192	1	0	next	other	0
gpl011	87	Pulse	199	1400202	12180	0
gpl011	87	Pulse	199	1412702	24680	0
gpl011	87	Pulse	199	1425202	37180	0
gpl011	87	Pulse	199	1437702	49680	0
gpl011	87	Pulse	199	1450202	62179	0
gpl011	87	Pulse	199	1462702	74679	0
gpl011	87	Pulse	199	1475202	87180	0
gpl011	88	Picture	80	1478214	0	1	7129	1	0	7000	other	0
gpl011	89	Picture	40	1485509	0	1	2155	1	0	2130	other	0
gpl011	89	Pulse	199	1487702	2193	0
gpl011	90	Picture	80	1487830	0	1	7129	1	0	7000	other	0
gpl011	91	Picture	40	1495125	0	1	2155	1	0	1990	other	0
gpl011	92	Picture	80	1497446	0	1	7129	1	0	7000	other	0
gpl011	92	Pulse	199	1500202	2756	0
gpl011	93	Picture	40	1504741	0	1	3813	1	0	3660	other	0
gpl011	94	Picture	80	1508720	0	1	7129	1	0	7000	other	0
gpl011	94	Pulse	199	1512703	3983	0
gpl011	95	Picture	40	1516015	0	1	2984	1	0	2860	other	0
gpl011	96	Picture	80	1519165	0	1	7129	1	0	7000	other	0
gpl011	96	Pulse	199	1525202	6037	0
gpl011	97	Picture	40	1526460	0	1	3482	1	0	3310	other	0
gpl011	98	Picture	80	1530107	0	1	7129	1	0	7000	other	0
gpl011	99	Picture	40	1537402	0	1	2155	1	0	2140	other	0
gpl011	99	Pulse	199	1537702	300	0
gpl011	100	Picture	85	1539568	0	322	7119	322	0	7000	hit	171
gpl011	100	Response	25	1543932	4365	0
gpl011	101	Picture	40	1546853	0	1	2653	1	0	2490	other	0
gpl011	102	Picture	80	1549671	0	1	7129	1	0	7000	other	0
gpl011	102	Pulse	199	1550202	531	0
gpl011	103	Picture	40	1556966	0	1	1824	1	0	1780	other	0
gpl011	104	Picture	80	1558955	0	1	7129	1	0	7000	other	0
gpl011	104	Pulse	199	1562702	3746	0
gpl011	105	Picture	40	1566250	0	1	4477	1	0	4350	other	0
gpl011	106	Picture	80	1570893	0	1	7129	1	0	7000	other	0
gpl011	106	Pulse	199	1575202	4309	0
gpl011	107	Picture	40	1578187	0	1	2818	1	0	2690	other	0
gpl011	108	Picture	50	1581172	0	1	90191	2	0	next	other	0
gpl011	108	Pulse	199	1587702	6530	0
gpl011	108	Pulse	199	1600202	19030	0
gpl011	108	Pulse	199	1612703	31531	0
gpl011	108	Pulse	199	1625202	44030	0
gpl011	108	Pulse	199	1637702	56530	0
gpl011	108	Pulse	199	1650202	69030	0
gpl011	108	Pulse	199	1662702	81530	0
gpl011	109	Picture	70	1671363	0	1	7130	2	0	7000	other	0
gpl011	109	Pulse	199	1675202	3840	0
gpl011	110	Picture	40	1678658	0	1	2155	1	0	2140	other	0
gpl011	111	Picture	70	1680979	0	1	7129	1	0	7000	other	0
gpl011	111	Pulse	199	1687702	6723	0
gpl011	112	Picture	40	1688274	0	1	2984	1	0	2860	other	0
gpl011	113	Picture	70	1691424	0	1	7129	1	0	7000	other	0
gpl011	114	Picture	40	1698719	0	1	2155	1	0	2130	other	0
gpl011	114	Pulse	199	1700202	1483	0
gpl011	115	Picture	70	1701040	0	1	7129	1	0	7000	other	0
gpl011	116	Picture	40	1708335	0	1	1824	1	0	1780	other	0
gpl011	117	Picture	70	1710325	0	1	7129	1	0	7000	other	0
gpl011	117	Pulse	199	1712703	2378	0
gpl011	118	Picture	40	1717620	0	1	2155	1	0	1990	other	0
gpl011	119	Picture	70	1719941	0	1	7129	1	0	7000	other	0
gpl011	119	Pulse	199	1725203	5262	0
gpl011	120	Picture	40	1727236	0	1	2818	1	0	2690	other	0
gpl011	121	Picture	70	1730220	0	1	7129	1	0	7000	other	0
gpl011	122	Picture	40	1737515	0	1	3813	1	0	3660	other	0
gpl011	122	Pulse	199	1737703	188	0
gpl011	123	Picture	75	1741494	0	1	7129	1	0	7000	hit	211
gpl011	123	Response	25	1746152	4658	0
gpl011	124	Picture	40	1748789	0	1	3482	1	0	3310	other	0
gpl011	124	Pulse	199	1750203	1414	0
gpl011	125	Picture	70	1752436	0	1	7129	1	0	7000	other	0
gpl011	126	Picture	40	1759731	0	1	2653	1	0	2490	other	0
gpl011	127	Picture	70	1762550	0	1	7129	1	0	7000	other	0
gpl011	127	Pulse	199	1762703	153	0
gpl011	128	Picture	40	1769845	0	1	4476	1	0	4350	other	0
gpl011	129	Picture	50	1774487	0	1	70131	1	0	next	other	0
gpl011	129	Pulse	199	1775202	715	0
gpl011	129	Pulse	199	1787702	13215	0
gpl011	129	Pulse	199	1800202	25715	0
gpl011	129	Pulse	199	1812703	38216	0
gpl011	129	Pulse	199	1825203	50716	0
gpl011	129	Pulse	199	1837703	63216	0
gpl011	130	Picture	60	1844618	0	1	7129	1	0	7000	other	0
gpl011	130	Pulse	199	1850203	5585	0
gpl011	131	Picture	40	1851912	0	1	3482	1	0	3310	other	0
gpl011	132	Picture	60	1855560	0	1	7129	1	0	7000	other	0
gpl011	132	Pulse	199	1862699	7139	4
gpl011	133	Picture	40	1862855	0	1	2155	1	0	1990	other	0
gpl011	134	Picture	65	1865176	0	1	7129	1	0	7000	hit	233
gpl011	134	Response	25	1869943	4767	0
gpl011	135	Picture	40	1872471	0	1	1824	1	0	1780	other	0
gpl011	136	Picture	60	1874460	0	1	7129	1	0	7000	other	0
gpl011	136	Pulse	199	1875203	742	0
gpl011	137	Picture	40	1881755	0	1	2819	1	0	2690	other	0
gpl011	138	Picture	60	1884740	0	1	7129	1	0	7000	other	0
gpl011	138	Pulse	199	1887703	2963	0
gpl011	139	Picture	40	1892034	0	1	2653	1	0	2490	other	0
gpl011	140	Picture	60	1894853	0	1	7129	1	0	7000	other	0
gpl011	140	Pulse	199	1900202	5349	0
gpl011	141	Picture	40	1902148	0	1	3813	1	0	3660	other	0
gpl011	142	Picture	60	1906127	0	1	7129	1	0	7000	other	0
gpl011	142	Pulse	199	1912702	6575	0
gpl011	143	Picture	40	1913422	0	1	4476	1	0	4350	other	0
gpl011	144	Picture	60	1918064	0	1	7129	1	0	7000	other	0
gpl011	144	Pulse	199	1925202	7139	0
gpl011	145	Picture	40	1925359	0	1	2984	1	0	2860	other	0
gpl011	146	Picture	65	1928509	0	1	7129	1	0	7000	hit	251
gpl011	146	Response	25	1933713	5204	0
gpl011	147	Picture	40	1935804	0	1	2155	1	0	2130	other	0
gpl011	147	Pulse	199	1937703	1899	0
gpl011	148	Picture	60	1938125	0	1	7129	1	0	7000	other	0
gpl011	149	Picture	40	1945420	0	1	2155	1	0	2140	other	0
gpl011	150	Picture	50	1947585	0	322	50060	322	0	next	other	0
gpl011	150	Pulse	199	1950202	2617	0
gpl011	150	Pulse	199	1962702	15117	0
gpl011	150	Pulse	199	1975203	27617	0
gpl011	150	Pulse	199	1987702	40117	0
gpl011	151	Picture	90	1997645	0	1	7129	1	0	7000	other	0
gpl011	151	Pulse	199	2000202	2558	0
gpl011	152	Picture	40	2004940	0	1	1824	1	0	1780	other	0
gpl011	153	Picture	90	2006929	0	1	7129	1	0	7000	other	0
gpl011	153	Pulse	199	2012702	5773	0
gpl011	154	Picture	40	2014224	0	1	3482	1	0	3310	other	0
gpl011	155	Picture	90	2017872	0	1	7129	1	0	7000	other	0
gpl011	156	Picture	40	2025167	0	1	2984	1	0	2860	other	0
gpl011	156	Pulse	199	2025202	35	0
gpl011	157	Picture	90	2028317	0	1	7129	1	0	7000	other	0
gpl011	158	Picture	40	2035612	0	1	2155	1	0	2140	other	0
gpl011	158	Pulse	199	2037702	2091	0
gpl011	159	Picture	90	2037933	0	1	7129	1	0	7000	other	0
gpl011	160	Picture	40	2045228	0	1	4476	1	0	4350	other	0
gpl011	161	Picture	90	2049870	0	1	7129	1	0	7000	other	0
gpl011	161	Pulse	199	2050203	333	0
gpl011	162	Picture	40	2057165	0	1	2818	1	0	2690	other	0
gpl011	163	Picture	90	2060149	0	1	7129	1	0	7000	other	0
gpl011	163	Pulse	199	2062702	2553	0
gpl011	164	Picture	40	2067444	0	1	2653	1	0	2490	other	0
gpl011	165	Picture	90	2070262	0	1	7129	1	0	7000	other	0
gpl011	165	Pulse	199	2075203	4940	0
gpl011	166	Picture	40	2077557	0	1	2155	1	0	1990	other	0
gpl011	167	Picture	90	2079878	0	1	7129	1	0	7000	other	0
gpl011	168	Picture	40	2087173	0	1	2155	1	0	2130	other	0
gpl011	168	Pulse	199	2087702	529	0
gpl011	169	Picture	90	2089494	0	1	7129	1	0	7000	other	0
gpl011	170	Picture	40	2096789	0	1	3813	1	0	3660	other	0
gpl011	170	Pulse	199	2100202	3413	0
gpl011	171	Picture	50	2100768	0	1	30174	1	0	next	other	0
gpl011	171	Pulse	199	2112702	11934	0
gpl011	171	Pulse	199	2125202	24433	0
gpl011	172	Picture	80	2130943	0	1	7129	1	0	7000	other	0
gpl011	172	Pulse	199	2137702	6759	0
gpl011	173	Picture	40	2138238	0	1	3813	1	0	3660	other	0
gpl011	174	Picture	80	2142217	0	1	7129	1	0	7000	other	0
gpl011	175	Picture	40	2149512	0	1	2984	1	0	2860	other	0
gpl011	175	Pulse	199	2150203	691	0
gpl011	176	Picture	85	2152662	0	1	7129	1	0	7000	hit	300
gpl011	176	Response	25	2157023	4361	0
gpl011	177	Picture	40	2159957	0	1	4476	1	0	4350	other	0
gpl011	177	Pulse	199	2162703	2746	0
gpl011	178	Picture	80	2164599	0	1	7129	1	0	7000	other	0
gpl011	179	Picture	40	2171894	0	1	2653	1	0	2490	other	0
gpl011	180	Picture	80	2174712	0	1	7129	1	0	7000	other	0
gpl011	180	Pulse	199	2175202	490	0
gpl011	181	Picture	40	2182007	0	1	2818	1	0	2690	other	0
gpl011	182	Picture	80	2184991	0	1	7129	1	0	7000	other	0
gpl011	182	Pulse	199	2187703	2711	0
gpl011	183	Picture	40	2192286	0	1	2155	1	0	2130	other	0
gpl011	184	Picture	80	2194607	0	1	7129	1	0	7000	other	0
gpl011	184	Pulse	199	2200202	5595	0
gpl011	185	Picture	40	2201902	0	1	1824	1	0	1780	other	0
gpl011	186	Picture	80	2203892	0	1	7129	1	0	7000	other	0
gpl011	187	Picture	40	2211187	0	1	2155	1	0	1990	other	0
gpl011	187	Pulse	199	2212702	1516	0
gpl011	188	Picture	80	2213508	0	1	7129	1	0	7000	other	0
gpl011	189	Picture	40	2220803	0	1	3482	1	0	3310	other	0
gpl011	190	Picture	80	2224450	0	1	7129	1	0	7000	other	0
gpl011	190	Pulse	199	2225202	752	0
gpl011	191	Picture	40	2231745	0	1	2155	1	0	2140	other	0
gpl011	192	Picture	50	2233910	0	322	70121	322	0	next	other	0
gpl011	192	Pulse	199	2237702	3791	0
gpl011	192	Pulse	199	2250202	16291	0
gpl011	192	Pulse	199	2262703	28792	0
gpl011	192	Pulse	199	2275203	41292	0
gpl011	192	Pulse	199	2287702	53792	0
gpl011	192	Pulse	199	2300202	66292	0
gpl011	193	Picture	70	2304031	0	1	7129	1	0	7000	other	0
gpl011	194	Picture	40	2311326	0	1	2155	1	0	2140	other	0
gpl011	194	Pulse	199	2312703	1377	0
gpl011	195	Picture	70	2313491	0	322	7119	322	0	7000	other	0
gpl011	196	Picture	40	2320776	0	1	3813	1	0	3660	other	0
gpl011	197	Picture	70	2324755	0	1	7129	1	0	7000	other	0
gpl011	197	Pulse	199	2325203	447	0
gpl011	198	Picture	40	2332050	0	1	3482	1	0	3310	other	0
gpl011	199	Picture	75	2335698	0	1	7129	1	0	7000	hit	339
gpl011	199	Pulse	199	2337713	2015	0
gpl011	199	Response	25	2340793	5095	0
gpl011	200	Picture	40	2342993	0	1	1824	1	0	1780	other	0
gpl011	201	Picture	70	2344982	0	1	7129	1	0	7000	other	0
gpl011	201	Pulse	199	2350212	5230	0
gpl011	202	Picture	40	2352277	0	1	4476	1	0	4350	other	0
gpl011	203	Picture	70	2356919	0	1	7129	1	0	7000	other	0
gpl011	203	Pulse	199	2362712	5793	0
gpl011	204	Picture	40	2364214	0	1	2653	1	0	2490	other	0
gpl011	205	Picture	75	2367033	0	1	7129	1	0	7000	hit	348
gpl011	205	Response	25	2371753	4720	0
gpl011	206	Picture	40	2374327	0	1	2818	1	0	2690	other	0
gpl011	206	Pulse	199	2375212	885	0
gpl011	207	Picture	70	2377312	0	1	7129	1	0	7000	other	0
gpl011	208	Picture	40	2384607	0	1	2155	1	0	1990	other	0
gpl011	209	Picture	70	2386928	0	1	7129	1	0	7000	other	0
gpl011	209	Pulse	199	2387713	785	0
gpl011	210	Picture	40	2394223	0	1	2155	1	0	2130	other	0
gpl011	211	Picture	70	2396544	0	1	7129	1	0	7000	other	0
gpl011	211	Pulse	199	2400213	3669	0
gpl011	212	Picture	40	2403839	0	1	2984	1	0	2860	other	0
gpl011	213	Picture	50	2406989	0	1	30174	1	0	next	other	0
gpl011	213	Pulse	199	2412712	5724	0
gpl011	213	Pulse	199	2425213	18224	0
gpl011	214	Picture	60	2437163	0	1	7129	1	0	7000	other	0
gpl011	214	Pulse	199	2437713	549	0
gpl011	215	Picture	40	2444458	0	1	2653	1	0	2490	other	0
gpl011	216	Picture	60	2447277	0	1	7129	1	0	7000	other	0
gpl011	216	Pulse	199	2450212	2936	0
gpl011	217	Picture	40	2454572	0	1	2155	1	0	1990	other	0
gpl011	218	Picture	60	2456893	0	1	7129	1	0	7000	other	0
gpl011	218	Pulse	199	2462712	5819	0
gpl011	219	Picture	40	2464188	0	1	2155	1	0	2130	other	0
gpl011	220	Picture	60	2466509	0	1	7129	1	0	7000	other	0
gpl011	221	Picture	40	2473804	0	1	2155	1	0	2140	other	0
gpl011	221	Pulse	199	2475213	1409	0
gpl011	222	Picture	60	2476125	0	1	7129	1	0	7000	other	0
gpl011	223	Picture	40	2483420	0	1	2984	1	0	2860	other	0
gpl011	224	Picture	60	2486570	0	1	7129	1	0	7000	other	0
gpl011	224	Pulse	199	2487713	1143	0
gpl011	225	Picture	40	2493865	0	1	4476	1	0	4350	other	0
gpl011	226	Picture	60	2498507	0	1	7129	1	0	7000	other	0
gpl011	226	Pulse	199	2500213	1706	0
gpl011	227	Picture	40	2505802	0	1	3482	1	0	3310	other	0
gpl011	228	Picture	60	2509449	0	1	7129	1	0	7000	other	0
gpl011	228	Pulse	199	2512712	3263	0
gpl011	229	Picture	40	2516744	0	1	3813	1	0	3660	other	0
gpl011	230	Picture	60	2520723	0	1	7129	1	0	7000	other	0
gpl011	230	Pulse	199	2525213	4490	0
gpl011	231	Picture	40	2528018	0	1	1824	1	0	1780	other	0
gpl011	232	Picture	60	2530008	0	1	7129	1	0	7000	other	0
gpl011	233	Picture	40	2537302	0	1	2818	2	0	2690	other	0
gpl011	233	Pulse	199	2537713	410	0
gpl011	234	Picture	50	2540287	0	1	90192	1	0	next	other	0
gpl011	234	Pulse	199	2550213	9926	0
gpl011	234	Pulse	199	2562712	22425	0
gpl011	234	Pulse	199	2575212	34925	0
gpl011	234	Pulse	199	2587713	47426	0
gpl011	234	Pulse	199	2600212	59926	0
gpl011	234	Pulse	199	2612712	72426	0
gpl011	234	Pulse	199	2625212	84925	0
gpl011	235	Picture	90	2630478	0	1	7129	1	0	7000	other	0
gpl011	235	Pulse	199	2637712	7234	1
gpl011	236	Picture	40	2637773	0	1	3482	1	0	3310	other	0
gpl011	237	Picture	90	2641421	0	1	7129	1	0	7000	other	0
gpl011	238	Picture	40	2648716	0	1	1824	1	0	1780	other	0
gpl011	238	Pulse	199	2650213	1497	0
gpl011	239	Picture	90	2650705	0	1	7129	1	0	7000	other	0
gpl011	240	Picture	40	2658000	0	1	2984	1	0	2860	other	0
gpl011	241	Picture	90	2661150	0	1	7129	1	0	7000	other	0
gpl011	241	Pulse	199	2662713	1562	0
gpl011	242	Picture	40	2668445	0	1	2155	1	0	2140	other	0
gpl011	243	Picture	90	2670766	0	1	7129	1	0	7000	other	0
gpl011	243	Pulse	199	2675213	4446	0
gpl011	244	Picture	40	2678061	0	1	2155	1	0	1990	other	0
gpl011	245	Picture	90	2680382	0	1	7129	1	0	7000	other	0
gpl011	246	Picture	40	2687677	0	1	3813	1	0	3660	other	0
gpl011	246	Pulse	199	2687713	35	0
gpl011	247	Picture	90	2691656	0	1	7129	1	0	7000	other	0
gpl011	248	Picture	40	2698951	0	1	2818	1	0	2690	other	0
gpl011	248	Pulse	199	2700213	1262	0
gpl011	249	Picture	95	2701935	0	1	7129	1	0	7000	miss	0
gpl011	250	Picture	40	2709230	0	1	2653	1	0	2490	false_alarm	421
gpl011	250	Response	20	2709963	733	0
gpl011	251	Picture	90	2712049	0	1	7129	1	0	7000	other	0
gpl011	251	Pulse	199	2712713	664	0
gpl011	252	Picture	40	2719344	0	1	2155	1	0	2130	other	0
gpl011	253	Picture	90	2721665	0	1	7129	1	0	7000	other	0
gpl011	253	Pulse	199	2725213	3548	0
gpl011	254	Picture	40	2728960	0	1	4476	1	0	4350	other	0
gpl011	255	Picture	50	2733602	0	1	50070	1	0	next	other	0
gpl011	255	Pulse	199	2737712	4110	0
gpl011	255	Pulse	199	2750213	16611	0
gpl011	255	Pulse	199	2762712	29110	0
gpl011	255	Pulse	199	2775212	41611	0
gpl011	256	Picture	80	2783671	0	1	7129	1	0	7000	other	0
gpl011	256	Pulse	199	2787712	4041	0
gpl011	257	Picture	40	2790966	0	1	2984	1	0	2860	other	0
gpl011	258	Picture	80	2794116	0	1	7129	1	0	7000	other	0
gpl011	258	Pulse	199	2800212	6096	0
gpl011	259	Picture	40	2801411	0	1	3482	1	0	3310	other	0
gpl011	260	Picture	80	2805059	0	1	7129	1	0	7000	other	0
gpl011	261	Picture	40	2812354	0	1	3813	1	0	3660	other	0
gpl011	261	Pulse	199	2812712	358	0
gpl011	262	Picture	85	2816333	0	1	7129	1	0	7000	hit	443
gpl011	262	Response	25	2820513	4180	0
gpl011	263	Picture	40	2823628	0	1	2155	1	0	2140	other	0
gpl011	263	Pulse	199	2825213	1585	0
gpl011	264	Picture	80	2825949	0	1	7129	1	0	7000	other	0
gpl011	265	Picture	40	2833244	0	1	1824	1	0	1780	other	0
gpl011	266	Picture	80	2835233	0	1	7129	1	0	7000	other	0
gpl011	266	Pulse	199	2837713	2479	0
gpl011	267	Picture	40	2842528	0	1	2818	1	0	2690	other	0
gpl011	268	Picture	85	2845512	0	1	7129	1	0	7000	hit	452
gpl011	268	Response	25	2849533	4020	0
gpl011	268	Pulse	199	2850212	4700	0
gpl011	269	Picture	40	2852807	0	1	2155	1	0	2130	other	0
gpl011	270	Picture	80	2855128	0	1	7129	1	0	7000	other	0
gpl011	271	Picture	40	2862423	0	1	2155	1	0	1990	other	0
gpl011	271	Pulse	199	2862713	289	0
gpl011	272	Picture	80	2864744	0	1	7129	1	0	7000	other	0
gpl011	273	Picture	40	2872039	0	1	2653	1	0	2490	other	0
gpl011	274	Picture	80	2874858	0	1	7129	1	0	7000	other	0
gpl011	274	Pulse	199	2875213	355	0
gpl011	275	Picture	40	2882153	0	1	4476	1	0	4350	other	0
gpl011	276	Picture	50	2886795	0	1	50070	1	0	next	other	0
gpl011	276	Pulse	199	2887712	917	0
gpl011	276	Pulse	199	2900212	13417	0
gpl011	276	Pulse	199	2912712	25917	0
gpl011	276	Pulse	199	2925213	38418	0
gpl011	277	Picture	70	2936865	0	1	7129	1	0	7000	other	0
gpl011	277	Pulse	199	2937713	849	0
gpl011	278	Picture	40	2944160	0	1	4476	1	0	4350	other	0
gpl011	279	Picture	70	2948802	0	1	7129	1	0	7000	other	0
gpl011	279	Pulse	199	2950213	1411	0
gpl011	280	Picture	40	2956097	0	1	2155	1	0	1990	other	0
gpl011	281	Picture	70	2958418	0	1	7129	1	0	7000	other	0
gpl011	281	Pulse	199	2962713	4295	0
gpl011	282	Picture	40	2965713	0	1	1824	1	0	1780	other	0
gpl011	283	Picture	70	2967702	0	1	7129	1	0	7000	other	0
gpl011	284	Picture	40	2974997	0	1	2155	1	0	2130	other	0
gpl011	284	Pulse	199	2975213	216	0
gpl011	285	Picture	70	2977318	0	1	7129	1	0	7000	other	0
gpl011	286	Picture	40	2984613	0	1	2653	1	0	2490	other	0
gpl011	287	Picture	70	2987432	0	1	7129	1	0	7000	other	0
gpl011	287	Pulse	199	2987713	281	0
gpl011	288	Picture	40	2994726	0	1	3482	1	0	3310	other	0
gpl011	289	Picture	70	2998374	0	1	7129	1	0	7000	other	0
gpl011	289	Pulse	199	3000213	1839	0
gpl011	290	Picture	40	3005669	0	1	3813	1	0	3660	other	0
gpl011	291	Picture	70	3009648	0	1	7129	1	0	7000	other	0
gpl011	291	Pulse	199	3012712	3064	0
gpl011	292	Picture	40	3016943	0	1	2155	1	0	2140	other	0
gpl011	293	Picture	70	3019108	0	322	7119	323	0	7000	other	0
gpl011	293	Pulse	199	3025212	6104	0
gpl011	294	Picture	40	3026393	0	1	2819	1	0	2690	other	0
gpl011	295	Picture	70	3029377	0	1	7129	1	0	7000	other	0
gpl011	296	Picture	40	3036672	0	1	2984	1	0	2860	other	0
gpl011	296	Pulse	199	3037713	1041	0
gpl011	297	Picture	50	3039822	0	1	90192	1	0	next	other	0
gpl011	297	Pulse	199	3050213	10391	0
gpl011	297	Pulse	199	3062713	22891	0
gpl011	297	Pulse	199	3075213	35390	0
gpl011	297	Pulse	199	3087713	47891	0
gpl011	297	Pulse	199	3100212	60390	0
gpl011	297	Pulse	199	3112712	72890	0
gpl011	297	Pulse	199	3125212	85390	0
gpl011	298	Picture	60	3130014	0	1	7129	1	0	7000	other	0
gpl011	299	Picture	40	3137309	0	1	2818	1	0	2690	other	0
gpl011	299	Pulse	199	3137712	404	0
gpl011	300	Picture	60	3140293	0	1	7129	1	0	7000	other	0
gpl011	301	Picture	40	3147588	0	1	2155	1	0	2140	other	0
gpl011	302	Picture	60	3149753	0	322	7119	323	0	7000	other	0
gpl011	302	Pulse	199	3150213	459	0
gpl011	303	Picture	40	3157038	0	1	2155	1	0	1990	other	0
gpl011	304	Picture	65	3159359	0	1	7129	1	0	7000	hit	515
gpl011	304	Pulse	199	3162713	3353	0
gpl011	304	Response	25	3163182	3823	0
gpl011	305	Picture	40	3166654	0	1	1824	1	0	1780	other	0
gpl011	306	Picture	60	3168644	0	1	7129	1	0	7000	other	0
gpl011	306	Pulse	199	3175213	6569	0
gpl011	307	Picture	40	3175939	0	1	2155	1	0	2130	other	0
gpl011	308	Picture	60	3178260	0	1	7129	1	0	7000	other	0
gpl011	309	Picture	40	3185555	0	1	2984	1	0	2860	other	0
gpl011	309	Pulse	199	3187713	2158	0
gpl011	310	Picture	60	3188705	0	1	7129	1	0	7000	other	0
gpl011	311	Picture	40	3196000	0	1	4476	1	0	4350	other	0
gpl011	311	Pulse	199	3200213	4213	0
gpl011	312	Picture	60	3200642	0	1	7129	1	0	7000	other	0
gpl011	313	Picture	40	3207937	0	1	2653	1	0	2490	other	0
gpl011	314	Picture	60	3210755	0	1	7129	1	0	7000	other	0
gpl011	314	Pulse	199	3212713	1957	0
gpl011	315	Picture	40	3218050	0	1	3482	1	0	3310	other	0
gpl011	316	Picture	60	3221698	0	1	7129	1	0	7000	other	0
gpl011	316	Pulse	199	3225212	3515	0
gpl011	317	Picture	40	3228993	0	1	3813	1	0	3660	other	0
gpl011	318	Picture	50	3232972	0	1	30174	1	0	next	other	0
gpl011	318	Pulse	199	3237712	4741	0
gpl011	318	Pulse	199	3250212	17241	0
gpl011	318	Pulse	199	3262713	29741	0
gpl011	319	Picture	90	3263146	0	1	7129	1	0	7000	other	0
gpl011	320	Picture	40	3270441	0	1	3813	1	0	3660	other	0
gpl011	321	Picture	90	3274420	0	1	7129	1	0	7000	other	0
gpl011	321	Pulse	199	3275213	793	0
gpl011	322	Picture	40	3281715	0	1	4476	1	0	4350	other	0
gpl011	323	Picture	90	3286357	0	1	7129	1	0	7000	other	0
gpl011	323	Pulse	199	3287713	1355	0
gpl011	324	Picture	40	3293652	0	1	1824	1	0	1780	other	0
gpl011	325	Picture	90	3295642	0	1	7129	1	0	7000	other	0
gpl011	325	Pulse	199	3300212	4571	0
gpl011	326	Picture	40	3302936	0	1	2653	1	0	2490	other	0
gpl011	327	Picture	90	3305755	0	1	7129	1	0	7000	other	0
gpl011	327	Pulse	199	3312713	6958	0
gpl011	328	Picture	40	3313050	0	1	2155	1	0	2130	other	0
gpl011	329	Picture	90	3315371	0	1	7129	1	0	7000	other	0
gpl011	330	Picture	40	3322666	0	1	2155	1	0	1990	other	0
gpl011	331	Picture	90	3324987	0	1	7129	1	0	7000	other	0
gpl011	331	Pulse	199	3325212	225	0
gpl011	332	Picture	40	3332282	0	1	2818	1	0	2690	other	0
gpl011	333	Picture	90	3335266	0	1	7129	1	0	7000	other	0
gpl011	333	Pulse	199	3337713	2447	0
gpl011	334	Picture	40	3342561	0	1	2984	1	0	2860	other	0
gpl011	335	Picture	90	3345711	0	1	7129	1	0	7000	other	0
gpl011	335	Pulse	199	3350212	4501	0
gpl011	336	Picture	40	3353006	0	1	3482	1	0	3310	other	0
gpl011	337	Picture	95	3356654	0	1	7129	1	0	7000	hit	564
gpl011	337	Response	25	3361172	4518	0
gpl011	337	Pulse	199	3362712	6058	0
gpl011	338	Picture	40	3363948	0	1	2155	1	0	2140	other	0
gpl011	339	Picture	50	3366270	0	1	70131	1	0	next	other	0
gpl011	339	Pulse	199	3375213	8943	0
gpl011	339	Pulse	199	3387713	21443	0
gpl011	339	Pulse	199	3400212	33943	0
gpl011	339	Pulse	199	3412712	46443	0
gpl011	339	Pulse	199	3425213	58943	0
gpl011	340	Picture	80	3436400	0	1	7129	1	0	7000	other	0
gpl011	340	Pulse	199	3437713	1312	0
gpl011	341	Picture	40	3443695	0	1	2155	1	0	2130	other	0
gpl011	342	Picture	80	3446016	0	1	7129	1	0	7000	other	0
gpl011	342	Pulse	199	3450213	4197	0
gpl011	343	Picture	40	3453311	0	1	2155	1	0	2140	other	0
gpl011	344	Picture	80	3455476	0	322	7119	322	0	7000	other	0
gpl011	344	Pulse	199	3462712	7236	0
gpl011	345	Picture	40	3462761	0	1	2653	1	0	2490	other	0
gpl011	346	Picture	80	3465580	0	1	7129	1	0	7000	other	0
gpl011	347	Picture	40	3472875	0	1	4476	1	0	4350	other	0
gpl011	347	Pulse	199	3475212	2338	0
gpl011	348	Picture	80	3477517	0	1	7129	1	0	7000	other	0
gpl011	349	Picture	40	3484812	0	1	3813	1	0	3660	other	0
gpl011	349	Pulse	199	3487713	2901	0
gpl011	350	Picture	80	3488791	0	1	7129	1	0	7000	other	0
gpl011	351	Picture	40	3496086	0	1	2984	1	0	2860	other	0
gpl011	352	Picture	80	3499236	0	1	7129	1	0	7000	other	0
gpl011	352	Pulse	199	3500213	977	0
gpl011	353	Picture	40	3506531	0	1	3482	1	0	3310	other	0
gpl011	354	Picture	80	3510178	0	1	7129	1	0	7000	other	0
gpl011	354	Pulse	199	3512713	2535	0
gpl011	355	Picture	40	3517473	0	1	2819	1	0	2690	other	0
gpl011	356	Picture	85	3520457	0	1	7129	1	0	7000	hit	598
gpl011	356	Pulse	199	3525213	4755	0
gpl011	356	Response	25	3525223	4766	0
gpl011	357	Picture	40	3527752	0	1	1824	1	0	1780	other	0
gpl011	358	Picture	80	3529742	0	1	7129	2	0	7000	other	0
gpl011	359	Picture	40	3537037	0	1	2155	1	0	1990	other	0
gpl011	359	Pulse	199	3537713	676	0
gpl011	360	Picture	50	3539358	0	1	90192	1	0	next	other	0
gpl011	360	Pulse	199	3550213	10855	0
gpl011	360	Pulse	199	3562712	23354	0
gpl011	360	Pulse	199	3575212	35854	0
gpl011	360	Pulse	199	3587712	48354	0
gpl011	360	Pulse	199	3600212	60854	0
gpl011	360	Pulse	199	3612712	73354	0
gpl011	360	Pulse	199	3625212	85855	0
gpl011	361	Picture	70	3629550	0	1	7129	1	0	7000	other	0
gpl011	362	Picture	40	3636844	0	1	2155	1	0	2130	other	0
gpl011	362	Pulse	199	3637713	868	0
gpl011	363	Picture	70	3639166	0	1	7129	1	0	7000	other	0
gpl011	364	Picture	40	3646460	0	1	2653	1	0	2490	other	0
gpl011	365	Picture	70	3649279	0	1	7129	1	0	7000	other	0
gpl011	365	Pulse	199	3650213	934	0
gpl011	366	Picture	40	3656574	0	1	2155	1	0	1990	other	0
gpl011	367	Picture	70	3658895	0	1	7129	1	0	7000	other	0
gpl011	367	Pulse	199	3662713	3818	0
gpl011	368	Picture	40	3666190	0	1	2984	1	0	2860	other	0
gpl011	369	Picture	75	3669340	0	1	7129	1	0	7000	hit	623
gpl011	369	Response	25	3672992	3653	0
gpl011	369	Pulse	199	3675212	5872	0
gpl011	370	Picture	40	3676635	0	1	4476	1	0	4350	other	0
gpl011	371	Picture	70	3681277	0	1	7129	1	0	7000	other	0
gpl011	371	Pulse	199	3687712	6435	0
gpl011	372	Picture	40	3688572	0	1	2818	1	0	2690	other	0
gpl011	373	Picture	75	3691556	0	1	7129	1	0	7000	miss	0
gpl011	374	Picture	40	3698851	0	1	2155	1	0	2140	false_alarm	632
gpl011	374	Pulse	199	3700212	1361	0
gpl011	374	Response	20	3700812	1961	0
gpl011	375	Picture	70	3701172	0	1	7129	1	0	7000	other	0
gpl011	376	Picture	40	3708467	0	1	3813	1	0	3660	other	0
gpl011	377	Picture	70	3712446	0	1	7129	1	0	7000	other	0
gpl011	377	Pulse	199	3712713	267	0
gpl011	378	Picture	40	3719741	0	1	3482	1	0	3310	other	0
gpl011	379	Picture	70	3723389	0	1	7129	1	0	7000	other	0
gpl011	379	Pulse	199	3725213	1824	0
gpl011	380	Picture	40	3730684	0	1	1824	1	0	1780	other	0
gpl011	381	Picture	50	3732673	0	1	30174	1	0	next	other	0
gpl011	381	Pulse	199	3737712	5039	0
gpl011	381	Pulse	199	3750213	17540	0
gpl011	381	Pulse	199	3762712	30039	1
gpl011	382	Picture	60	3762847	0	1	7129	1	0	7000	other	0
gpl011	383	Picture	40	3770142	0	1	2155	1	0	1990	other	0
gpl011	384	Picture	60	3772463	0	1	7129	1	0	7000	other	0
gpl011	384	Pulse	199	3775213	2749	0
gpl011	385	Picture	40	3779758	0	1	1824	1	0	1780	other	0
gpl011	386	Picture	60	3781748	0	1	7129	1	0	7000	other	0
gpl011	386	Pulse	199	3787712	5964	0
gpl011	387	Picture	40	3789043	0	1	4476	1	0	4350	other	0
gpl011	388	Picture	60	3793685	0	1	7129	1	0	7000	other	0
gpl011	388	Pulse	199	3800212	6527	0
gpl011	389	Picture	40	3800980	0	1	2155	1	0	2130	other	0
gpl011	390	Picture	60	3803301	0	1	7129	1	0	7000	other	0
gpl011	391	Picture	40	3810596	0	1	2653	1	0	2490	other	0
gpl011	391	Pulse	199	3812712	2116	0
gpl011	392	Picture	60	3813414	0	1	7129	1	0	7000	other	0
gpl011	393	Picture	40	3820709	0	1	2819	1	0	2690	other	0
gpl011	394	Picture	60	3823694	0	1	7129	1	0	7000	other	0
gpl011	394	Pulse	199	3825212	1519	0
gpl011	395	Picture	40	3830989	0	1	3482	1	0	3310	other	0
gpl011	396	Picture	60	3834636	0	1	7129	1	0	7000	other	0
gpl011	396	Pulse	199	3837713	3077	0
gpl011	397	Picture	40	3841931	0	1	2984	1	0	2860	other	0
gpl011	398	Picture	60	3845081	0	1	7129	1	0	7000	other	0
gpl011	398	Pulse	199	3850213	5132	0
gpl011	399	Picture	40	3852376	0	1	3813	1	0	3660	other	0
gpl011	400	Picture	60	3856355	0	1	7129	1	0	7000	other	0
gpl011	400	Pulse	199	3862712	6357	0
gpl011	401	Picture	40	3863650	0	1	2155	1	0	2140	other	0
gpl011	402	Picture	50	3865971	0	1	50070	1	0	next	other	0
gpl011	402	Pulse	199	3875212	9242	0
gpl011	402	Pulse	199	3887712	21741	0
gpl011	402	Pulse	199	3900212	34241	0
gpl011	402	Pulse	199	3912712	46741	0
gpl011	403	Picture	90	3916041	0	1	7129	1	0	7000	other	0
gpl011	404	Picture	40	3923335	0	1	2984	1	0	2860	other	0
gpl011	404	Pulse	199	3925212	1877	0
gpl011	405	Picture	90	3926486	0	1	7129	1	0	7000	other	0
gpl011	406	Picture	40	3933780	0	1	4476	1	0	4350	other	0
gpl011	406	Pulse	199	3937712	3932	0
gpl011	407	Picture	90	3938423	0	1	7129	1	0	7000	other	0
gpl011	408	Picture	40	3945718	0	1	2155	1	0	2130	other	0
gpl011	409	Picture	90	3948039	0	1	7129	1	0	7000	other	0
gpl011	409	Pulse	199	3950212	2173	0
gpl011	410	Picture	40	3955334	0	1	2818	1	0	2690	other	0
gpl011	411	Picture	95	3958318	0	1	7129	1	0	7000	miss	0
gpl011	411	Pulse	199	3962713	4395	0
gpl011	412	Picture	40	3965613	0	1	1824	1	0	1780	other	0
gpl011	413	Picture	90	3967602	0	1	7129	1	0	7000	other	0
gpl011	414	Picture	40	3974897	0	1	3482	1	0	3310	other	0
gpl011	414	Pulse	199	3975213	315	0
gpl011	415	Picture	90	3978545	0	1	7129	1	0	7000	other	0
gpl011	416	Picture	40	3985840	0	1	2155	1	0	2140	other	0
gpl011	416	Pulse	199	3987713	1873	0
gpl011	417	Picture	90	3988161	0	1	7129	1	0	7000	other	0
gpl011	418	Picture	40	3995456	0	1	2653	1	0	2490	other	0
gpl011	419	Picture	90	3998274	0	1	7129	1	0	7000	other	0
gpl011	419	Pulse	199	4000212	1938	0
gpl011	420	Picture	40	4005569	0	1	3813	1	0	3660	other	0
gpl011	421	Picture	90	4009548	0	1	7129	1	0	7000	other	0
gpl011	421	Pulse	199	4012712	3164	0
gpl011	422	Picture	40	4016843	0	1	2155	1	0	1990	other	0
gpl011	423	Picture	50	4019164	0	1	70131	1	0	next	other	0
gpl011	423	Pulse	199	4025212	6048	0
gpl011	423	Pulse	199	4037712	18548	0
gpl011	423	Pulse	199	4050212	31048	0
gpl011	423	Pulse	199	4062713	43548	0
gpl011	423	Pulse	199	4075212	56048	0
gpl011	423	Pulse	199	4087713	68549	0
gpl011	424	Picture	80	4089295	0	1	7129	1	0	7000	other	0
gpl011	425	Picture	40	4096590	0	1	2155	1	0	2140	other	0
gpl011	426	Picture	80	4098911	0	1	7129	1	0	7000	other	0
gpl011	426	Pulse	199	4100213	1302	0
gpl011	427	Picture	40	4106206	0	1	2984	1	0	2860	other	0
gpl011	428	Picture	85	4109356	0	1	7129	1	0	7000	hit	720
gpl011	428	Pulse	199	4112713	3357	0
gpl011	428	Response	25	4113042	3687	0
gpl011	429	Picture	40	4116651	0	1	2653	1	0	2490	other	0
gpl011	430	Picture	80	4119469	0	1	7129	1	0	7000	other	0
gpl011	430	Pulse	199	4125212	5743	0
gpl011	431	Picture	40	4126764	0	1	3482	1	0	3310	other	0
gpl011	432	Picture	80	4130411	0	1	7129	1	0	7000	other	0
gpl011	433	Picture	40	4137706	0	1	2155	1	0	1990	other	0
gpl011	433	Pulse	199	4137712	6	0
gpl011	434	Picture	80	4140028	0	1	7129	1	0	7000	other	0
gpl011	435	Picture	40	4147322	0	1	2155	1	0	2130	other	0
gpl011	436	Picture	80	4149644	0	1	7129	1	0	7000	other	0
gpl011	436	Pulse	199	4150212	569	0
gpl011	437	Picture	40	4156938	0	1	3813	1	0	3660	other	0
gpl011	438	Picture	80	4160918	0	1	7129	1	0	7000	other	0
gpl011	438	Pulse	199	4162723	1805	0
gpl011	439	Picture	40	4168212	0	1	1824	1	0	1780	other	0
gpl011	440	Picture	85	4170202	0	1	7129	1	0	7000	hit	737
gpl011	440	Response	25	4173623	3421	0
gpl011	440	Pulse	199	4175212	5010	0
gpl011	441	Picture	40	4177497	0	1	4476	1	0	4350	other	0
gpl011	442	Picture	80	4182139	0	1	7129	1	0	7000	other	0
gpl011	442	Pulse	199	4187723	5584	0
gpl011	443	Picture	40	4189434	0	1	2819	1	0	2690	other	0
gpl011	444	Picture	50	4192418	0	1	70131	1	0	next	other	0
gpl011	444	Pulse	199	4200222	7804	0
gpl011	444	Pulse	199	4212723	20305	0
gpl011	444	Pulse	199	4225223	32804	0
gpl011	444	Pulse	199	4237722	45304	0
gpl011	444	Pulse	199	4250222	57804	0
gpl011	445	Picture	70	4262549	0	1	7129	1	0	7000	other	0
gpl011	445	Pulse	199	4262722	173	0
gpl011	446	Picture	40	4269844	0	1	1824	1	0	1780	other	0
gpl011	447	Picture	70	4271833	0	1	7129	1	0	7000	other	0
gpl011	447	Pulse	199	4275223	3389	0
gpl011	448	Picture	40	4279128	0	1	2653	1	0	2490	other	0
gpl011	449	Picture	70	4281947	0	1	7129	1	0	7000	other	0
gpl011	449	Pulse	199	4287723	5776	0
gpl011	450	Picture	40	4289242	0	1	2984	1	0	2860	other	0
gpl011	451	Picture	70	4292392	0	1	7129	1	0	7000	other	0
gpl011	452	Picture	40	4299687	0	1	2155	1	0	1990	other	0
gpl011	452	Pulse	199	4300223	536	0
gpl011	453	Picture	70	4302008	0	1	7129	1	0	7000	other	0
gpl011	454	Picture	40	4309303	0	1	2155	1	0	2140	other	0
gpl011	455	Picture	70	4311468	0	156	7119	157	0	7000	other	0
gpl011	455	Pulse	199	4312723	1255	0
gpl011	456	Picture	40	4318753	0	1	2819	1	0	2690	other	0
gpl011	457	Picture	70	4321737	0	1	7129	1	0	7000	other	0
gpl011	457	Pulse	199	4325223	3486	0
gpl011	458	Picture	40	4329032	0	1	3482	1	0	3310	other	0
gpl011	459	Picture	70	4332679	0	1	7129	1	0	7000	other	0
gpl011	459	Pulse	199	4337723	5043	0
gpl011	460	Picture	40	4339974	0	1	2155	1	0	2130	other	0
gpl011	461	Picture	70	4342295	0	1	7129	1	0	7000	other	0
gpl011	462	Picture	40	4349590	0	1	4476	1	0	4350	other	0
gpl011	462	Pulse	199	4350222	632	0
gpl011	463	Picture	70	4354233	0	1	7129	1	0	7000	other	0
gpl011	464	Picture	40	4361528	0	1	3813	1	0	3660	other	0
gpl011	464	Pulse	199	4362723	1195	0
gpl011	465	Picture	50	4365507	0	1	50070	1	0	next	other	0
gpl011	465	Pulse	199	4375222	9715	0
gpl011	465	Pulse	199	4387722	22216	0
gpl011	465	Pulse	199	4400222	34716	0
gpl011	465	Pulse	199	4412722	47216	0
gpl011	466	Picture	60	4415576	0	1	7129	1	0	7000	other	0
gpl011	467	Picture	40	4422871	0	1	2653	1	0	2490	other	0
gpl011	467	Pulse	199	4425223	2352	0
gpl011	468	Picture	60	4425690	0	1	7129	1	0	7000	other	0
gpl011	469	Picture	40	4432985	0	1	2818	1	0	2690	other	0
gpl011	470	Picture	60	4435969	0	1	7129	1	0	7000	other	0
gpl011	470	Pulse	199	4437723	1754	0
gpl011	471	Picture	40	4443264	0	1	2984	1	0	2860	other	0
gpl011	472	Picture	60	4446414	0	1	7129	1	0	7000	other	0
gpl011	472	Pulse	199	4450223	3809	0
gpl011	473	Picture	40	4453709	0	1	3482	1	0	3310	other	0
gpl011	474	Picture	60	4457356	0	1	7129	1	0	7000	other	0
gpl011	474	Pulse	199	4462722	5366	0
gpl011	475	Picture	40	4464651	0	1	2155	1	0	2130	other	0
gpl011	476	Picture	60	4466972	0	1	7129	1	0	7000	other	0
gpl011	477	Picture	40	4474267	0	1	1824	1	0	1780	other	0
gpl011	477	Pulse	199	4475222	955	0
gpl011	478	Picture	65	4476257	0	1	7129	1	0	7000	hit	801
gpl011	478	Response	25	4479333	3076	0
gpl011	479	Picture	40	4483551	0	1	2155	1	0	1990	other	0
gpl011	480	Picture	60	4485873	0	1	7129	1	0	7000	other	0
gpl011	480	Pulse	199	4487722	1849	0
gpl011	481	Picture	40	4493167	0	1	2155	1	0	2140	other	0
gpl011	482	Picture	60	4495489	0	1	7129	1	0	7000	other	0
gpl011	482	Pulse	199	4500223	4734	0
gpl011	483	Picture	40	4502783	0	1	3813	1	0	3660	other	0
gpl011	484	Picture	60	4506763	0	1	7129	1	0	7000	other	0
gpl011	484	Pulse	199	4512722	5960	0
gpl011	485	Picture	40	4514057	0	1	4476	1	0	4350	other	0
gpl011	486	Picture	50	4518700	0	1	90191	1	0	next	other	0
gpl011	486	Pulse	199	4525223	6523	0
gpl011	486	Pulse	199	4537722	19022	0
gpl011	486	Pulse	199	4550223	31523	0
gpl011	486	Pulse	199	4562722	44022	0
gpl011	486	Pulse	199	4575222	56522	0
gpl011	486	Pulse	199	4587722	69022	0
gpl011	486	Pulse	199	4600222	81523	0
gpl011	487	Picture	90	4608891	0	1	7129	1	0	7000	other	0
gpl011	487	Pulse	199	4612722	3831	0
gpl011	488	Picture	40	4616186	0	1	3813	1	0	3660	other	0
gpl011	489	Picture	90	4620165	0	1	7129	1	0	7000	other	0
gpl011	489	Pulse	199	4625223	5057	0
gpl011	490	Picture	40	4627460	0	1	2155	1	0	1990	other	0
gpl011	491	Picture	90	4629781	0	1	7129	1	0	7000	other	0
gpl011	492	Picture	40	4637076	0	1	2818	1	0	2690	other	0
gpl011	492	Pulse	199	4637723	646	0
gpl011	493	Picture	90	4640060	0	1	7129	1	0	7000	other	0
gpl011	494	Picture	40	4647355	0	1	3482	1	0	3310	other	0
gpl011	494	Pulse	199	4650223	2867	0
gpl011	495	Picture	90	4651003	0	1	7129	1	0	7000	other	0
gpl011	496	Picture	40	4658298	0	1	1824	1	0	1780	other	0
gpl011	497	Picture	90	4660287	0	1	7129	1	0	7000	other	0
gpl011	497	Pulse	199	4662723	2435	0
gpl011	498	Picture	40	4667582	0	1	2155	1	0	2130	other	0
gpl011	499	Picture	90	4669903	0	1	7129	1	0	7000	other	0
gpl011	499	Pulse	199	4675223	5319	0
gpl011	500	Picture	40	4677198	0	1	2984	1	0	2860	other	0
gpl011	501	Picture	90	4680348	0	1	7129	1	0	7000	other	0
gpl011	502	Picture	40	4687643	0	1	4476	1	0	4350	other	0
gpl011	502	Pulse	199	4687722	79	0
gpl011	503	Picture	95	4692285	0	1	7129	1	0	7000	miss	0
gpl011	504	Picture	40	4699580	0	1	2155	1	0	2140	other	0
gpl011	504	Pulse	199	4700222	642	0
gpl011	505	Picture	90	4701901	0	1	7129	1	0	7000	other	0
gpl011	505	Response	20	4704993	3091	0
gpl011	506	Picture	40	4709196	0	1	2653	1	0	2490	other	0
gpl011	507	Picture	50	4712015	0	1	30174	1	0	next	other	0
gpl011	507	Pulse	199	4712722	707	0
gpl011	507	Pulse	199	4725223	13208	0
gpl011	507	Pulse	199	4737723	25708	0
gpl011	508	Picture	80	4742189	0	1	7129	1	0	7000	other	0
gpl011	509	Picture	40	4749484	0	1	3482	1	0	3310	other	0
gpl011	509	Pulse	199	4750223	739	0
gpl011	510	Picture	80	4753132	0	1	7129	1	0	7000	other	0
gpl011	511	Picture	40	4760427	0	1	4476	1	0	4350	other	0
gpl011	511	Pulse	199	4762723	2296	0
gpl011	512	Picture	80	4765069	0	1	7129	1	0	7000	other	0
gpl011	513	Picture	40	4772364	0	1	1824	1	0	1780	other	0
gpl011	514	Picture	80	4774353	0	1	7129	1	0	7000	other	0
gpl011	514	Pulse	199	4775223	870	0
gpl011	515	Picture	40	4781648	0	1	2155	1	0	2130	other	0
gpl011	516	Picture	80	4783969	0	1	7129	1	0	7000	other	0
gpl011	516	Pulse	199	4787723	3754	0
gpl011	517	Picture	40	4791264	0	1	2819	1	0	2690	other	0
gpl011	518	Picture	80	4794248	0	1	7129	1	0	7000	other	0
gpl011	518	Pulse	199	4800222	5974	0
gpl011	519	Picture	40	4801543	0	1	2653	1	0	2490	other	0
gpl011	520	Picture	80	4804362	0	1	7129	1	0	7000	other	0
gpl011	521	Picture	40	4811657	0	1	3813	1	0	3660	other	0
gpl011	521	Pulse	199	4812722	1066	0
gpl011	522	Picture	80	4815636	0	1	7129	1	0	7000	other	0
gpl011	523	Picture	40	4822931	0	1	2155	1	0	2140	other	0
gpl011	524	Picture	80	4825096	0	322	7119	323	0	7000	other	0
gpl011	524	Pulse	199	4825096	0	127
gpl011	525	Picture	40	4832381	0	1	2155	1	0	1990	other	0
gpl011	526	Picture	80	4834702	0	1	7129	1	0	7000	other	0
gpl011	526	Pulse	199	4837723	3021	0
gpl011	527	Picture	40	4841997	0	1	2984	1	0	2860	other	0
gpl011	528	Picture	50	4845147	0	1	50070	1	0	next	other	0
gpl011	528	Pulse	199	4850223	5076	0
gpl011	528	Pulse	199	4862722	17575	0
gpl011	528	Pulse	199	4875222	30075	0
gpl011	528	Pulse	199	4887723	42576	0
gpl011	529	Picture	70	4895216	0	1	7129	1	0	7000	other	0
gpl011	529	Pulse	199	4900223	5006	0
gpl011	530	Picture	40	4902511	0	1	2155	1	0	2140	other	0
gpl011	531	Picture	70	4904833	0	1	7129	1	0	7000	other	0
gpl011	532	Picture	40	4912127	0	1	2818	1	0	2690	other	0
gpl011	532	Pulse	199	4912722	595	0
gpl011	533	Picture	70	4915112	0	1	7129	1	0	7000	other	0
gpl011	534	Picture	40	4922407	0	1	3482	1	0	3310	other	0
gpl011	534	Pulse	199	4925222	2816	0
gpl011	535	Picture	70	4926054	0	1	7129	1	0	7000	other	0
gpl011	536	Picture	40	4933349	0	1	1824	1	0	1780	other	0
gpl011	537	Picture	70	4935339	0	1	7129	1	0	7000	other	0
gpl011	537	Pulse	199	4937723	2384	0
gpl011	538	Picture	40	4942633	0	1	2984	1	0	2860	other	0
gpl011	539	Picture	70	4945784	0	1	7129	1	0	7000	other	0
gpl011	539	Pulse	199	4950223	4439	0
gpl011	540	Picture	40	4953078	0	1	4476	1	0	4350	other	0
gpl011	541	Picture	75	4957721	0	1	7129	1	0	7000	hit	904
gpl011	541	Response	25	4961163	3442	0
gpl011	541	Pulse	199	4962722	5002	0
gpl011	542	Picture	40	4965016	0	1	2155	1	0	2130	other	0
gpl011	543	Picture	70	4967337	0	1	7129	1	0	7000	other	0
gpl011	544	Picture	40	4974632	0	1	3813	1	0	3660	other	0
gpl011	544	Pulse	199	4975223	591	0
gpl011	545	Picture	70	4978611	0	1	7129	1	0	7000	other	0
gpl011	546	Picture	40	4985906	0	1	2155	1	0	1990	other	0
gpl011	546	Pulse	199	4987723	1817	0
gpl011	547	Picture	70	4988227	0	1	7129	1	0	7000	other	0
gpl011	548	Picture	40	4995522	0	1	2653	1	0	2490	other	0
gpl011	549	Picture	50	4998340	0	1	70131	1	0	next	other	0
gpl011	549	Pulse	199	5000223	1882	0
gpl011	549	Pulse	199	5012722	14382	0
gpl011	549	Pulse	199	5025222	26882	0
gpl011	549	Pulse	199	5037722	39382	0
gpl011	549	Pulse	199	5050222	51882	0
gpl011	549	Pulse	199	5062723	64383	0
gpl011	550	Picture	60	5068471	0	1	7129	1	0	7000	other	0
gpl011	550	Pulse	199	5075222	6752	0
gpl011	551	Picture	40	5075766	0	1	2155	1	0	1990	other	0
gpl011	552	Picture	60	5078087	0	1	7129	1	0	7000	other	0
gpl011	553	Picture	40	5085382	0	1	3813	1	0	3660	other	0
gpl011	553	Pulse	199	5087723	2341	0
gpl011	554	Picture	65	5089361	0	1	7129	1	0	7000	hit	929
gpl011	554	Response	25	5093242	3881	0
gpl011	555	Picture	40	5096656	0	1	2819	1	0	2690	other	0
gpl011	556	Picture	60	5099640	0	1	7129	1	0	7000	other	0
gpl011	556	Pulse	199	5100222	582	0
gpl011	557	Picture	40	5106935	0	1	4476	1	0	4350	other	0
gpl011	558	Picture	60	5111577	0	1	7129	1	0	7000	other	0
gpl011	558	Pulse	199	5112723	1146	0
gpl011	559	Picture	40	5118872	0	1	3482	1	0	3310	other	0
gpl011	560	Picture	60	5122519	0	1	7129	1	0	7000	other	0
gpl011	560	Pulse	199	5125222	2703	0
gpl011	561	Picture	40	5129814	0	1	2984	1	0	2860	other	0
gpl011	562	Picture	60	5132964	0	1	7129	1	0	7000	other	0
gpl011	562	Pulse	199	5137722	4758	0
gpl011	563	Picture	40	5140259	0	1	2155	1	0	2140	other	0
gpl011	564	Picture	60	5142425	0	322	7119	322	0	7000	other	0
gpl011	565	Picture	40	5149709	0	1	1824	1	0	1780	other	0
gpl011	565	Pulse	199	5150222	513	0
gpl011	566	Picture	60	5151699	0	1	7129	1	0	7000	other	0
gpl011	567	Picture	40	5158994	0	1	2653	1	0	2490	other	0
gpl011	568	Picture	60	5161812	0	1	7129	1	0	7000	other	0
gpl011	568	Pulse	199	5162723	910	0
gpl011	569	Picture	40	5169107	0	1	2155	1	0	2130	other	0
gpl011	570	Picture	50	5171428	0	1	30174	1	0	next	other	0
gpl011	570	Pulse	199	5175222	3794	0
gpl011	570	Pulse	199	5187722	16294	0
gpl011	570	Pulse	199	5200222	28794	0
gpl011	571	Picture	90	5201603	0	1	7129	1	0	7000	other	0
gpl011	572	Picture	40	5208898	0	1	2155	1	0	2140	other	0
gpl011	573	Picture	90	5211219	0	1	7129	1	0	7000	other	0
gpl011	573	Pulse	199	5212723	1504	0
gpl011	574	Picture	40	5218514	0	1	4476	1	0	4350	other	0
gpl011	575	Picture	90	5223156	0	1	7129	1	0	7000	other	0
gpl011	575	Pulse	199	5225223	2067	0
gpl011	576	Picture	40	5230451	0	1	2984	1	0	2860	other	0
gpl011	577	Picture	90	5233601	0	1	7129	1	0	7000	other	0
gpl011	577	Pulse	199	5237722	4122	0
gpl011	578	Picture	40	5240896	0	1	2819	1	0	2690	other	0
gpl011	579	Picture	90	5243880	0	1	7129	1	0	7000	other	0
gpl011	579	Pulse	199	5250222	6342	0
gpl011	580	Picture	40	5251175	0	1	2155	1	0	1990	other	0
gpl011	581	Picture	90	5253496	0	1	7129	1	0	7000	other	0
gpl011	582	Picture	40	5260791	0	1	1824	1	0	1780	other	0
gpl011	582	Pulse	199	5262722	1931	1
gpl011	583	Picture	95	5262781	0	1	7129	1	0	7000	hit	973
gpl011	583	Response	25	5266482	3701	0
gpl011	584	Picture	40	5270075	0	1	2653	1	0	2490	other	0
gpl011	585	Picture	90	5272894	0	1	7129	1	0	7000	other	0
gpl011	585	Pulse	199	5275223	2329	0
gpl011	586	Picture	40	5280189	0	1	2155	1	0	2130	other	0
gpl011	587	Picture	95	5282510	0	1	7129	1	0	7000	hit	979
gpl011	587	Response	25	5287332	4822	0
gpl011	587	Pulse	199	5287722	5212	0
gpl011	588	Picture	40	5289805	0	1	3482	1	0	3310	other	0
gpl011	589	Picture	90	5293452	0	1	7129	1	0	7000	other	0
gpl011	589	Pulse	199	5300223	6770	0
gpl011	590	Picture	40	5300747	0	1	3813	1	0	3660	other	0
gpl011	591	Picture	50	5304726	0	1	90192	1	0	next	other	0
gpl011	591	Pulse	199	5312723	7996	0
gpl011	591	Pulse	199	5325223	20496	0
gpl011	591	Pulse	199	5337722	32996	0
gpl011	591	Pulse	199	5350223	45496	0
gpl011	591	Pulse	199	5362722	57996	0
gpl011	591	Pulse	199	5375222	70496	0
gpl011	591	Pulse	199	5387722	82996	0
gpl011	592	Picture	80	5394918	0	1	7129	1	0	7000	other	0
gpl011	592	Pulse	199	5400223	5305	0
gpl011	593	Picture	40	5402213	0	1	2155	1	0	2140	other	0
gpl011	594	Picture	80	5404534	0	1	7129	1	0	7000	other	0
gpl011	595	Picture	40	5411829	0	1	1824	1	0	1780	other	0
gpl011	595	Pulse	199	5412723	894	0
gpl011	596	Picture	80	5413818	0	1	7129	1	0	7000	other	0
gpl011	597	Picture	40	5421113	0	1	2819	1	0	2690	other	0
gpl011	598	Picture	80	5424098	0	1	7129	1	0	7000	other	0
gpl011	598	Pulse	199	5425223	1125	0
gpl011	599	Picture	40	5431392	0	1	2155	1	0	2130	other	0
gpl011	600	Picture	80	5433714	0	1	7129	1	0	7000	other	0
gpl011	600	Pulse	199	5437723	4009	0
gpl011	601	Picture	40	5441009	0	1	3482	1	0	3310	other	0
gpl011	602	Picture	80	5444656	0	1	7129	1	0	7000	other	0
gpl011	602	Pulse	199	5450223	5567	0
gpl011	603	Picture	40	5451951	0	1	2155	1	0	1990	other	0
gpl011	604	Picture	80	5454272	0	1	7129	1	0	7000	other	0
gpl011	605	Picture	40	5461567	0	1	2984	1	0	2860	other	0
gpl011	605	Pulse	199	5462723	1156	0
gpl011	606	Picture	85	5464717	0	1	7129	1	0	7000	hit	1014
gpl011	606	Response	25	5471023	6306	0
gpl011	607	Picture	40	5472012	0	1	3813	1	0	3660	other	0
gpl011	607	Pulse	199	5475222	3210	0
gpl011	608	Picture	80	5475991	0	1	7129	1	0	7000	other	0
gpl011	609	Picture	40	5483286	0	1	2653	1	0	2490	other	0
gpl011	610	Picture	80	5486104	0	1	7129	1	0	7000	other	0
gpl011	610	Pulse	199	5487722	1618	0
gpl011	611	Picture	40	5493399	0	1	4476	1	0	4350	other	0
gpl011	612	Picture	50	5498041	0	1	30174	1	0	next	other	0
gpl011	612	Pulse	199	5500223	2181	0
gpl011	612	Pulse	199	5512722	14681	0
gpl011	612	Pulse	199	5525223	27181	0
gpl011	613	Picture	70	5528216	0	1	7129	1	0	7000	other	0
gpl011	614	Picture	40	5535511	0	1	2819	1	0	2690	other	0
gpl011	614	Pulse	199	5537723	2212	0
gpl011	615	Picture	70	5538495	0	1	7129	1	0	7000	other	0
gpl011	616	Picture	40	5545790	0	1	3813	1	0	3660	other	0
gpl011	617	Picture	75	5549769	0	1	7129	1	0	7000	hit	1033
gpl011	617	Pulse	199	5550223	454	0
gpl011	617	Response	25	5553922	4153	0
gpl011	618	Picture	40	5557064	0	1	2155	1	0	2140	other	0
gpl011	619	Picture	70	5559229	0	322	7119	322	0	7000	other	0
gpl011	619	Pulse	199	5562722	3493	0
gpl011	620	Picture	40	5566514	0	1	2155	1	0	2130	other	0
gpl011	621	Picture	70	5568835	0	1	7129	1	0	7000	other	0
gpl011	621	Pulse	199	5575223	6388	0
gpl011	622	Picture	40	5576130	0	1	2155	1	0	1990	other	0
gpl011	623	Picture	70	5578451	0	1	7129	1	0	7000	other	0
gpl011	624	Picture	40	5585746	0	1	3482	1	0	3310	other	0
gpl011	624	Pulse	199	5587722	1976	0
gpl011	625	Picture	70	5589394	0	1	7129	1	0	7000	other	0
gpl011	626	Picture	40	5596689	0	1	2653	1	0	2490	other	0
gpl011	627	Picture	70	5599507	0	1	7129	1	0	7000	other	0
gpl011	627	Pulse	199	5600222	715	0
gpl011	628	Picture	40	5606802	0	1	1824	1	0	1780	other	0
gpl011	629	Picture	70	5608791	0	1	7129	1	0	7000	other	0
gpl011	629	Pulse	199	5612722	3931	0
gpl011	630	Picture	40	5616086	0	1	4476	1	0	4350	other	0
gpl011	631	Picture	70	5620729	0	1	7129	1	0	7000	other	0
gpl011	631	Pulse	199	5625223	4494	0
gpl011	632	Picture	40	5628023	0	1	2984	1	0	2860	other	0
gpl011	633	Picture	50	5631174	0	1	90192	1	0	next	other	0
gpl011	633	Pulse	199	5637722	6549	0
gpl011	633	Pulse	199	5650223	19049	0
gpl011	633	Pulse	199	5662722	31549	0
gpl011	633	Pulse	199	5675222	44049	0
gpl011	633	Pulse	199	5687722	56548	0
gpl011	633	Pulse	199	5700222	69049	0
gpl011	633	Pulse	199	5712722	81548	0
gpl011	634	Picture	60	5721365	0	1	7129	1	0	7000	other	0
gpl011	634	Pulse	199	5725223	3858	0
gpl011	635	Picture	40	5728660	0	1	2155	1	0	1990	other	0
gpl011	636	Picture	60	5730981	0	1	7129	1	0	7000	other	0
gpl011	636	Pulse	199	5737723	6742	0
gpl011	637	Picture	40	5738276	0	1	2984	1	0	2860	other	0
gpl011	638	Picture	65	5741426	0	1	7129	1	0	7000	hit	1070
gpl011	638	Response	25	5746833	5407	0
gpl011	639	Picture	40	5748721	0	1	2155	1	0	2130	other	0
gpl011	639	Pulse	199	5750223	1502	0
gpl011	640	Picture	60	5751042	0	1	7129	1	0	7000	other	0
gpl011	641	Picture	40	5758337	0	1	1824	1	0	1780	other	0
gpl011	642	Picture	65	5760327	0	1	7129	1	0	7000	hit	1077
gpl011	642	Pulse	199	5762723	2396	0
gpl011	642	Response	25	5764323	3996	0
gpl011	643	Picture	40	5767622	0	1	3813	1	0	3660	other	0
gpl011	644	Picture	60	5771601	0	1	7129	1	0	7000	other	0
gpl011	644	Pulse	199	5775223	3622	0
gpl011	645	Picture	40	5778895	0	1	4476	1	0	4350	other	0
gpl011	646	Picture	60	5783538	0	1	7129	1	0	7000	other	0
gpl011	646	Pulse	199	5787723	4185	0
gpl011	647	Picture	40	5790833	0	1	2155	1	0	2140	other	0
gpl011	648	Picture	60	5793154	0	1	7129	1	0	7000	other	0
gpl011	648	Pulse	199	5800223	7069	0
gpl011	649	Picture	40	5800449	0	1	3482	1	0	3310	other	0
gpl011	650	Picture	60	5804096	0	1	7129	1	0	7000	other	0
gpl011	651	Picture	40	5811391	0	1	2653	1	0	2490	other	0
gpl011	651	Pulse	199	5812722	1331	0
gpl011	652	Picture	60	5814210	0	1	7129	1	0	7000	other	0
gpl011	653	Picture	40	5821504	0	1	2819	1	0	2690	other	0
gpl011	654	Picture	50	5824489	0	1	70131	1	0	next	other	0
gpl011	654	Pulse	199	5825223	734	0
gpl011	654	Pulse	199	5837723	13234	0
gpl011	654	Pulse	199	5850222	25734	0
gpl011	654	Pulse	199	5862723	38234	0
gpl011	654	Pulse	199	5875222	50734	0
gpl011	654	Pulse	199	5887723	63234	0
gpl011	655	Picture	90	5894619	0	1	7129	1	0	7000	other	0
gpl011	655	Pulse	199	5900223	5603	0
gpl011	656	Picture	40	5901914	0	1	4476	1	0	4350	other	0
gpl011	657	Picture	90	5906556	0	1	7129	1	0	7000	other	0
gpl011	657	Pulse	199	5912722	6166	0
gpl011	658	Picture	40	5913851	0	1	2984	1	0	2860	other	0
gpl011	659	Picture	90	5917001	0	1	7129	1	0	7000	other	0
gpl011	660	Picture	40	5924296	0	1	3813	1	0	3660	other	0
gpl011	660	Pulse	199	5925222	926	0
gpl011	661	Picture	90	5928275	0	1	7129	1	0	7000	other	0
gpl011	662	Picture	40	5935570	0	1	2653	1	0	2490	other	0
gpl011	662	Pulse	199	5937732	2162	0
gpl011	663	Picture	90	5938389	0	1	7129	1	0	7000	other	0
gpl011	664	Picture	40	5945684	0	1	3482	1	0	3310	other	0
gpl011	665	Picture	90	5949331	0	1	7129	1	0	7000	other	0
gpl011	665	Pulse	199	5950233	902	0
gpl011	666	Picture	40	5956626	0	1	1824	1	0	1780	other	0
gpl011	667	Picture	90	5958616	0	1	7129	1	0	7000	other	0
gpl011	667	Pulse	199	5962733	4117	0
gpl011	668	Picture	40	5965911	0	1	2155	1	0	1990	other	0
gpl011	669	Picture	90	5968232	0	1	7129	1	0	7000	other	0
gpl011	669	Pulse	199	5975223	6991	0
gpl011	670	Picture	40	5975526	0	1	2819	1	0	2690	other	0
gpl011	671	Picture	90	5978511	0	1	7129	1	0	7000	other	0
gpl011	672	Picture	40	5985806	0	1	2155	1	0	2140	other	0
gpl011	672	Pulse	199	5987733	1927	0
gpl011	673	Picture	90	5987971	0	322	7119	322	0	7000	other	0
gpl011	674	Picture	40	5995256	0	1	2155	1	0	2130	other	0
gpl011	675	Picture	50	5997577	0	1	50070	1	0	next	other	0
gpl011	675	Pulse	199	6000233	2656	0
gpl011	675	Pulse	199	6012733	15156	0
gpl011	675	Pulse	199	6025232	27655	0
gpl011	675	Pulse	199	6037732	40155	0
gpl011	676	Picture	200	6047647	0	1	260130	1	0	260000	other	0
gpl011	676	Pulse	199	6050233	2586	0
gpl011	676	Pulse	199	6062732	15086	0
gpl011	676	Pulse	199	6075233	27586	0
gpl011	676	Pulse	199	6087732	40086	0
gpl011	676	Pulse	199	6100233	52586	0
gpl011	676	Pulse	199	6112732	65086	0
gpl011	676	Pulse	199	6125233	77586	0
gpl011	676	Pulse	199	6137732	90086	0
gpl011	676	Pulse	199	6150232	102585	0
gpl011	676	Pulse	199	6162732	115085	0
gpl011	676	Pulse	199	6175232	127585	0
gpl011	676	Pulse	199	6187732	140086	0
gpl011	676	Pulse	199	6200233	152586	0
gpl011	676	Pulse	199	6212732	165086	0
gpl011	676	Pulse	199	6225232	177586	0
gpl011	676	Pulse	199	6237732	190086	0
gpl011	676	Pulse	199	6250232	202586	0
gpl011	676	Pulse	199	6262732	215085	0
