Scenario - FeedLearn_MRI_5x8_fullRand.sce
Logfile written - 01/24/2020 14:48:11

Subject	Trial	Event Type	Code	Time	TTime	Uncertainty	Duration	Uncertainty	ReqTime	ReqDur	Stim Type	Pair Index

xxxxxx	0	Pulse	199	0	0	NA
xxxxxx	0	Pulse	199	10000	10000	NA
xxxxxx	1	Pulse	199	20000	9166	NA
xxxxxx	1	Pulse	199	30000	19166	NA
xxxxxx	1	Pulse	199	40000	29166	NA
xxxxxx	1	Pulse	199	50000	39166	NA
xxxxxx	1	Pulse	199	60000	49166	NA
xxxxxx	1	Pulse	199	70000	59166	NA
xxxxxx	1	Pulse	199	80000	69166	NA
xxxxxx	1	Pulse	199	90000	79166	NA
xxxxxx	1	Pulse	199	100000	89166	NA
xxxxxx	1	Pulse	199	110000	99166	NA
xxxxxx	1	Pulse	199	120000	109166	NA
xxxxxx	1	Pulse	199	130000	119166	NA
xxxxxx	1	Pulse	199	140000	129166	NA
xxxxxx	1	Pulse	199	150000	139166	NA
xxxxxx	1	Pulse	199	160000	149166	NA
xxxxxx	1	Pulse	199	170000	159166	NA
xxxxxx	1	Response	16	171349	160516	0
xxxxxx	2	Pulse	199	180000	8580	NA
xxxxxx	2	Pulse	199	190000	18580	NA
xxxxxx	2	Pulse	199	200000	28580	NA
xxxxxx	2	Pulse	199	210000	38580	NA
xxxxxx	2	Pulse	199	220000	48580	NA
xxxxxx	3	Picture	fix	222164	0	1	40031	1	0	next	other	0
xxxxxx	3	Pulse	199	230000	7836	NA
xxxxxx	3	Pulse	199	240000	17836	NA
xxxxxx	3	Pulse	199	250000	27836	NA
xxxxxx	3	Pulse	199	260000	37836	NA
xxxxxx	5	Picture	stim	262196	0	1	21906	1	0	20000	miss	0
xxxxxx	5	Pulse	199	270000	7804	NA
xxxxxx	5	Quit		277524	15328	NA
